# Log started: 2022-12-13 00:00:00 +0100
[2022-12-13 00:00:00] <%+Party_animal_21> I love the toes
[2022-12-13 00:00:01] <%Kaienpeppers> basilSniffa basilSniffa basilSniffa basilSniffa
[2022-12-13 00:00:01] <WickedWaifuu> throw stick NO TAKE
[2022-12-13 00:00:01] <!%rosedoodle> U CAN HAVE THEM ALL
[2022-12-13 00:00:02] <%limedragon83> basilBeans basilBeans basilBeans basilBeans basilBeans
[2022-12-13 00:00:03] <%+Party_animal_21> basilBeans basilBeans
[2022-12-13 00:00:03] <%+MilkieMooth> basilLemonade basilLemonade
[2022-12-13 00:00:03] <!%rosedoodle> ABSOLUTELY INSANE
[2022-12-13 00:00:04] <@stinkerwoof> Thanks for picking up the scent, frozenatlas!
[2022-12-13 00:00:06] <bunnycakens> buffpupLeggie buffpupLeggie
[2022-12-13 00:00:06] <%+Party_animal_21> basilLemonade basilLemonade
[2022-12-13 00:00:07] <%+FrazzledFerret> so high :V
[2022-12-13 00:00:13] <fouadlikesfeet> PrideStrong PrideStrong PrideStrong PrideStrong PrideStrong PrideStrong PrideStrong PrideStrong PrideStrong PrideStrong PrideStrong PrideStrong PrideStrong PrideStrong
[2022-12-13 00:00:14] <%Siaindas> basilRave basilRave basilRave basilRave basilRave
[2022-12-13 00:00:14] <!%rosedoodle> basil i am a menace to twitch chats
[2022-12-13 00:00:14] <%+FrazzledFerret> higher >:D
[2022-12-13 00:00:15] [Points] Ikamamsume redeemed Cheem Screem (3 000)
[2022-12-13 00:00:15] <+icarus_firefly> prenSip
[2022-12-13 00:00:16] <!%rosedoodle> idk why im like this
[2022-12-13 00:00:19] <%+Party_animal_21> basilBasilHeart basilBasilHeart basilBasilHeart basilBasilHeart
[2022-12-13 00:00:20] <!%rosedoodle> i just love stirring the pot
[2022-12-13 00:00:21] <%Siaindas> basilJMan
[2022-12-13 00:00:23] <%+DeathscratchTV> STICK basilPolite
[2022-12-13 00:00:24] <%astroberry_> jesus christ is jason born
[2022-12-13 00:00:24] VIEWERS: 395
[2022-12-13 00:00:25] <!%rosedoodle> buffpupStare
[2022-12-13 00:00:26] <bunnycakens> I think you need to go bigger.
[2022-12-13 00:00:28] <@%Tidorito> tidoriSippy
[2022-12-13 00:00:31] <$alfiplum> can we get much higher!
[2022-12-13 00:00:31] <%+thefantomweeb> Rose is very good at coercing chat basilHappy
[2022-12-13 00:00:34] <%+Party_animal_21> BWASIL
[2022-12-13 00:00:36] <whimVT> mwah mwah mwah <3
[2022-12-13 00:00:39] <%CharlieTehDragon> you make us happy basilBasilHeart
[2022-12-13 00:00:39] <!%rosedoodle> oh i 100% can
[2022-12-13 00:00:42] <JKLibra> yooooo he bald
[2022-12-13 00:00:47] <%DrDarkheart> despite rose being one of the biggest bottoms in existence she's very good at directing chats
[2022-12-13 00:00:47] <+darkeyesdogma> yus
[2022-12-13 00:00:47] <bunnycakens> OH YES
[2022-12-13 00:00:48] <%Sozan> true KEKW
[2022-12-13 00:00:50] <!%rosedoodle> buffs chat is SO excitable its cute
[2022-12-13 00:00:53] <+darkeyesdogma> feral and sterile
[2022-12-13 00:00:55] <%+thefantomweeb> true buffpupCorpa
[2022-12-13 00:00:55] <patchworks12> LUL LUL LUL
[2022-12-13 00:00:56] <bunnycakens> buffpupHug buffpupHug buffpupHug
[2022-12-13 00:00:59] <%+Party_animal_21> THE HAIR LMMAAAOO
[2022-12-13 00:01:00] <whimVT> UNHINGED LOL
[2022-12-13 00:01:00] <&%P2isonline> shakem down
[2022-12-13 00:01:02] <%+sweket> buffpupFlower buffpupFlower buffpupFlower
[2022-12-13 00:01:07] <bunnycakens> We feral af.
[2022-12-13 00:01:07] <%+theRx_> kabhaaGigachat buffpupCorpa
[2022-12-13 00:01:07] <labgrowncatgirl> buffpupFlower buffpupFlower buffpupFlower buffpupFlower buffpupFlower
[2022-12-13 00:01:07] <!%rosedoodle> @DrDarkheart lissen the bedroom and the twitch chat are two VERY different places ok
[2022-12-13 00:01:08] <!%rosedoodle> :)
[2022-12-13 00:01:10] <%+Party_animal_21> Sounds about right tbh
[2022-12-13 00:01:10] <%Undetermined_Cos> AWWW
[2022-12-13 00:01:10] <+icarus_firefly> prenSTARE
[2022-12-13 00:01:11] <patchworks12> LUL LUL LUL LUL LUL
[2022-12-13 00:01:11] <%Sly_Nyx> buffpupCute
[2022-12-13 00:01:13] <+darkeyesdogma> buffpupNerd buffpupNerd
[2022-12-13 00:01:19] <bunnycakens> buffpupFlower buffpupFlower buffpupFlower
[2022-12-13 00:01:21] <%baezilla_k> basilSEE basilSEE basilSEE basilSEE basilSEE basilSEE basilSEE basilSEE basilSEE basilSEE basilSEE
[2022-12-13 00:01:23] <%+Party_animal_21> basilPolite basilPolite basilPolite
[2022-12-13 00:01:23] <%$frootyjester> basilPolite basilPolite basilPolite
[2022-12-13 00:01:25] <lilly_jinxy> Hiiii
[2022-12-13 00:01:26] <JKLibra> that looks bald to me
[2022-12-13 00:01:28] <zealiit> LUL LUL LUL LUL
[2022-12-13 00:01:30] <rocketgruntdru> basilPolite
[2022-12-13 00:01:30] <%been_there_dan_natt> We're panting because it's dangerous to use our noses around you Basil
[2022-12-13 00:01:32] <%BluePixieArt> basil im fully rendering all the braids i drew on that scribble basilSEE
[2022-12-13 00:01:33] <%+FrazzledFerret> !lurk so much love basil and chat!!!! Ill be in the shadows  basilDespair
[2022-12-13 00:01:34] <@stinkerwoof> @FrazzledFerret frazzledferret is now lurking!!!
[2022-12-13 00:01:35] <!%rosedoodle> koroneSmug
[2022-12-13 00:01:37] <this_is_digi> Me no stinky. Me wash ass... WITH BOTH HANDS
[2022-12-13 00:01:40] <!%rosedoodle> omg this emote
[2022-12-13 00:01:40] <%+Party_animal_21> basilPause
[2022-12-13 00:01:41] <!%rosedoodle> this lil smug korone
[2022-12-13 00:01:42] <!%rosedoodle> crying.
[2022-12-13 00:01:46] <%+MilkieMooth> basilPolite basilPolite basilPolite
[2022-12-13 00:01:46] <%astroberry_> lomg
[2022-12-13 00:01:46] <!%rosedoodle> i love that.
[2022-12-13 00:01:53] <!%rosedoodle> koroneSmug koroneSmug koroneSmug koroneSmug
[2022-12-13 00:01:54] <!%rosedoodle> this is so cute
[2022-12-13 00:01:55] <%+Party_animal_21> YEAH WE WASH OUR ASSES WITH BOTH HANDS
[2022-12-13 00:01:57] <$alfiplum> OML
[2022-12-13 00:01:58] <WickedWaifuu> LOL
[2022-12-13 00:01:58] <felineicious> BEAUTIFUL
[2022-12-13 00:01:59] <!%rosedoodle> LOOOOOOOOOOOOOOOOOOOOL HOLY SHIT
[2022-12-13 00:01:59] <%CharlieTehDragon> YES
[2022-12-13 00:02:01] <%Undetermined_Cos> PFFT
[2022-12-13 00:02:02] <bunnycakens> aicWHEEZE aicWHEEZE aicWHEEZE
[2022-12-13 00:02:02] <%+MilkieMooth> LMAOO
[2022-12-13 00:02:02] <whimVT> AHHHHHAHAHAHAHA
[2022-12-13 00:02:03] <%CrypticPhantom17> LONG
[2022-12-13 00:02:04] <FreeDzy5> Why does marge make the predator noises? momitoxZoomy zentreSuffer
[2022-12-13 00:02:05] <%limedragon83> LMAO
[2022-12-13 00:02:06] <%astroberry_> it looks like the biggest turd on basils head
[2022-12-13 00:02:07] <%baezilla_k> make it blue PLS
[2022-12-13 00:02:08] <%EmmieWowie> ....fat shit
[2022-12-13 00:02:09] <%CharlieTehDragon> ITS PERFECT, CHANGE NOTHING
[2022-12-13 00:02:09] <!%rosedoodle> u think it has my energy???
[2022-12-13 00:02:09] <Gracklegoof> PFFFFFT
[2022-12-13 00:02:11] <Loony_Frinkelboom> the INCHES loonyf2Periodt loonyf2Periodt loonyf2Periodt
[2022-12-13 00:02:13] <!%rosedoodle> thats an honor
[2022-12-13 00:02:13] <%+thefantomweeb> TALLER basilPain
[2022-12-13 00:02:14] <+icarus_firefly> But are both hands yours?
[2022-12-13 00:02:14] <%gnarlyizz> basilRave basilRave
[2022-12-13 00:02:14] <labgrowncatgirl> mmm
[2022-12-13 00:02:15] <%$frootyjester> this looks incredible
[2022-12-13 00:02:16] <zealiit> i like ya cut g
[2022-12-13 00:02:17] <!%rosedoodle> thank u
[2022-12-13 00:02:18] <%+Party_animal_21> PERIODT
[2022-12-13 00:02:18] <!%rosedoodle> sobs
[2022-12-13 00:02:19] <!%+AstrelVT> can we sign our names on the hair
[2022-12-13 00:02:21] <felineicious> looking like you're using too much nen to avenge your friend
[2022-12-13 00:02:21] <SaiyanShredder> Basil stuck his head in the lint pile in the dryer
[2022-12-13 00:02:24] VIEWERS: 401
[2022-12-13 00:02:24] <%astroberry_> worlds largest shit ontop of his head
[2022-12-13 00:02:26] <%been_there_dan_natt> This is so cursed my entire bloodline is suffering
[2022-12-13 00:02:28] <BayouBuckleBunny> New Jojo villain.
[2022-12-13 00:02:28] <%DrSakusei> Nice tree you have there Basil KEKW
[2022-12-13 00:02:32] <%$astraimp> this is our mona lisa
[2022-12-13 00:02:38] <!%rosedoodle> ROFLHSDUIDHIFSUH
[2022-12-13 00:02:39] <!%rosedoodle> KEKHeim
[2022-12-13 00:02:40] <%CharlieTehDragon> YES
[2022-12-13 00:02:41] <!%rosedoodle> KEKW
[2022-12-13 00:02:41] <!%rosedoodle> *
[2022-12-13 00:02:41] <WickedWaifuu> DO IT
[2022-12-13 00:02:42] <%Undetermined_Cos> YES
[2022-12-13 00:02:42] <!%+AstrelVT> YES
[2022-12-13 00:02:42] <%+Party_animal_21> PLEASE
[2022-12-13 00:02:42] <$alfiplum> yes
[2022-12-13 00:02:43] <bunnycakens> YES
[2022-12-13 00:02:44] <Gracklegoof> i wanna build a little nest there
[2022-12-13 00:02:45] <%Siaindas> OMG
[2022-12-13 00:02:45] <WickedWaifuu> PLEASE
[2022-12-13 00:02:45] <whimVT> AHAHA YES
[2022-12-13 00:02:45] <labgrowncatgirl> would love to see the rigging on this god yes
[2022-12-13 00:02:46] <whimVT> PLS
[2022-12-13 00:02:46] <felineicious> YES
[2022-12-13 00:02:47] <%Siaindas> PLEASE
[2022-12-13 00:02:48] <%+MilkieMooth> basilSEE  YES
[2022-12-13 00:02:48] <%CharlieTehDragon> basilWiggle
[2022-12-13 00:02:49] <$alfiplum> it flops
[2022-12-13 00:02:49] <%+thefantomweeb> YES basilPain DO IT
[2022-12-13 00:02:51] <%$astraimp> shlaps around
[2022-12-13 00:02:53] <%Sozan> That would be wild KEKW
[2022-12-13 00:02:54] <SaiyanShredder> you're going to need like 200 bones
[2022-12-13 00:02:55] <patchworks12> the shadow that it will create
[2022-12-13 00:02:55] <%+DeathscratchTV> BET
[2022-12-13 00:02:55] <%$frootyjester> OMG YES
[2022-12-13 00:02:56] <%astroberry_> put a boo in it
[2022-12-13 00:02:56] <+icarus_firefly> Can you pull things out of it?
[2022-12-13 00:02:56] <%+Party_animal_21> A BONE
[2022-12-13 00:02:56] <@kona_kei> U LOOK LIKE GON AND MARGE MERGED
[2022-12-13 00:02:59] <Gracklegoof> xD
[2022-12-13 00:03:04] <%CharlieTehDragon> literally
[2022-12-13 00:03:06] <%Undetermined_Cos> MARGEIL THE WOLF
[2022-12-13 00:03:06] <!%+AstrelVT> can you be yellow so you can be a simpson
[2022-12-13 00:03:08] <+icarus_firefly> That would be so fun, random object retrieval
[2022-12-13 00:03:13] <+iifuchan> could I ask you to say ara-ara?
[2022-12-13 00:03:15] <labgrowncatgirl> Barge
[2022-12-13 00:03:16] <%gnarlyizz> wha bout a lil boo poping outta hair?
[2022-12-13 00:03:22] <$alfiplum> you could swing the hair around
[2022-12-13 00:03:28] <rocketgruntdru> basilPolite_SQ
[2022-12-13 00:03:32] <whimVT> ;lakjsdfkj
[2022-12-13 00:03:33] <%+Party_animal_21> DO THE KERMIT THE FROG VOICE
[2022-12-13 00:03:36] <rocketgruntdru> basilPolite_SQ merg
[2022-12-13 00:03:37] <$NonaStreams> Basil what is … this????
[2022-12-13 00:03:38] <WickedWaifuu> murge
[2022-12-13 00:03:39] <Gracklegoof> xD
[2022-12-13 00:03:41] <%+Party_animal_21> I wanna hear Kermit
[2022-12-13 00:03:43] <Sol_iguess> Oh my what did I join in on
[2022-12-13 00:03:44] <%+Party_animal_21> basilPolite
[2022-12-13 00:03:46] <%been_there_dan_natt> Threw up in your mouth? Sounds like snack time to me
[2022-12-13 00:03:46] <@%Ikamamsume> basilGun_TK
[2022-12-13 00:03:48] <plush_bbites> HES WIDE
[2022-12-13 00:03:53] <%gnarlyizz> SoSTINKY  SoSTINKY
[2022-12-13 00:03:54] <%Siaindas> basilPause
[2022-12-13 00:03:57] <%$frootyjester> basilPolite_SQ
[2022-12-13 00:03:59] <!%+AstrelVT> basilPolite_SQ
[2022-12-13 00:04:04] <rocketgruntdru> widestinkerhappy
[2022-12-13 00:04:08] <@stinkerwoof> Thanks for picking up the scent, nexoniii!
[2022-12-13 00:04:10] <%CharlieTehDragon> basilPolite_SQ
[2022-12-13 00:04:10] <%+DeathscratchTV> BUT IS HE AS WIDE AS TAKA?!?!
[2022-12-13 00:04:11] <rocketgruntdru> basilPolite_SQ
[2022-12-13 00:04:23] <%CharlieTehDragon> basilPolite_SQ basilPolite_SQ
[2022-12-13 00:04:24] VIEWERS: 401
[2022-12-13 00:04:25] <+icarus_firefly> When you're your own mama bird prenShake
[2022-12-13 00:04:25] <plush_bbites> basilPolite_SQ
[2022-12-13 00:04:26] <%+Party_animal_21> basilSniffa
[2022-12-13 00:04:28] <!%rosedoodle> Taka deez nuts in ur mouth
[2022-12-13 00:04:28] <!%+AstrelVT> basilSniffa_TK
[2022-12-13 00:04:31] <!%rosedoodle> Kappa
[2022-12-13 00:04:32] <whimVT> basilSniffa basilSniffa
[2022-12-13 00:04:33] <%+Party_animal_21> LMAAOO
[2022-12-13 00:04:33] <!%+AstrelVT> basilSniffa_TK basilSniffa_TK basilSniffa_TK basilSniffa_TK basilSniffa_TK basilSniffa_TK basilSniffa_TK
[2022-12-13 00:04:39] <%Kaienpeppers> basilPolite_SQ
[2022-12-13 00:04:39] <%$frootyjester> basilPolite_SQ basilPolite_SQ basilPolite_SQ
[2022-12-13 00:04:40] <%+thefantomweeb> nobody is as wide as taka t101WIDE
[2022-12-13 00:04:43] <%Undetermined_Cos> I would like to be wide-
[2022-12-13 00:04:44] <%+Party_animal_21> now add some
[2022-12-13 00:04:47] <%+Party_animal_21> add
[2022-12-13 00:04:48] <%+Party_animal_21> put
[2022-12-13 00:04:50] <rocketgruntdru> basilPolite_SQ
[2022-12-13 00:04:51] <%+Party_animal_21> now put some
[2022-12-13 00:04:54] <%+Party_animal_21> add the
[2022-12-13 00:04:54] <this_is_digi> Basil has a WIDE LOAD sign on his back
[2022-12-13 00:05:04] <+icarus_firefly> We need the lore
[2022-12-13 00:05:06] <%astroberry_> l o m g
[2022-12-13 00:05:07] <%+Party_animal_21> do somr
[2022-12-13 00:05:07] <$alfiplum> she just built different
[2022-12-13 00:05:10] <whimVT> we'll never lose u in a crowd
[2022-12-13 00:05:10] <Gracklegoof> art is wonderful :>
[2022-12-13 00:05:10] <Loony_Frinkelboom> It's where she stores her power
[2022-12-13 00:05:10] <rocketgruntdru> conehead?
[2022-12-13 00:05:10] <BayouBuckleBunny> Yeah, perm, I think she had young episodes
[2022-12-13 00:05:14] <%EmmieWowie> toons be tonnin'
[2022-12-13 00:05:14] <TwixerClawford> imagine the forehead extending all the way up in the hair
[2022-12-13 00:05:15] <%$houndashi> Your face compliments her hair so well
[2022-12-13 00:05:18] <%CharlieTehDragon> basilJMan_SG
[2022-12-13 00:05:18] <!%+AstrelVT> bro marge hair down basilSEE basilWAO clover54Sip
[2022-12-13 00:05:18] <plush_bbites> to hide her bunny ears, duh
[2022-12-13 00:05:20] <%Siaindas> You can ask same question with the fem undead hair in WoW
[2022-12-13 00:05:25] <%$houndashi> Marge hair was made for you
[2022-12-13 00:05:26] <+PowerBagel> it was originally to hide rabbit ears
[2022-12-13 00:05:27] <WickedWaifuu> theres like 3 episodes and theyre all different explanations lmao
[2022-12-13 00:05:28] <rocketgruntdru> would it go horizontal when you anime run
[2022-12-13 00:05:32] <%astroberry_> it looks like the shit randy takes in south park lo
[2022-12-13 00:05:32] BITS: Misfit_Vandal (100)
[2022-12-13 00:05:32] <$Misfit_Vandal> Cheer100 i swear your Marge voice needs to be in a MeatCanyon animation of The Simpsons
[2022-12-13 00:05:33] <%astroberry_> lol
[2022-12-13 00:05:44] <+icarus_firefly> A masterpiece
[2022-12-13 00:05:44] <%$astraimp> basil if he was in dbz
[2022-12-13 00:05:53] <bunnycakens> Marge was once featured on Playboy. It's the only issue I've ever bought.
[2022-12-13 00:05:54] <wisteria_hysteria2> Apparently she was supposed to be a bunny in early development
[2022-12-13 00:05:57] <rocketgruntdru> LUL
[2022-12-13 00:05:59] <whimVT> ;laksdjfj
[2022-12-13 00:06:00] <this_is_digi> What is Meat Canyon?
[2022-12-13 00:06:05] <felineicious> deporiftjgreoxudy
[2022-12-13 00:06:05] <whimVT> basilSniffa
[2022-12-13 00:06:07] [Notification] kona_kei subscribed at Tier 1. They've subscribed for 12 months! [i shit  myself]
[2022-12-13 00:06:07] <@stinkerwoof> i has been a Stinker for 12 months!
[2022-12-13 00:06:09] <%astroberry_> bring her to me for FUCK
[2022-12-13 00:06:10] <%DrSakusei> basilSniffa_SQ When someone gets the pow block in mario Kart
[2022-12-13 00:06:11] <bunnycakens> Yup.
[2022-12-13 00:06:15] <@stinkerwoof> STINKERS LOVE CLIPS!!! Did stinky wolf make you giggle? Did he get ratioed by chat? CLIP IT!!! Your clip might get featured in a future edit!!!
[2022-12-13 00:06:24] VIEWERS: 388
[2022-12-13 00:06:24] <$Misfit_Vandal> @this_is_digi some of the creepiest animations you will see
[2022-12-13 00:06:27] <@stinkerwoof> Thanks for picking up the scent, astralgirl89!
[2022-12-13 00:06:28] <JKLibra> i am amazing true
[2022-12-13 00:06:42] <BayouBuckleBunny> ayliemSparkle Kona!
[2022-12-13 00:06:46] <this_is_digi> That was just a fart in the microphone
[2022-12-13 00:06:55] <@%kona_kei> Hi BB! I KNOW A WHOLE YEAR IS WILD
[2022-12-13 00:06:55] <%astroberry_> so many astro names LOLO i need to rebrand
[2022-12-13 00:06:57] <!%rosedoodle> god
[2022-12-13 00:06:58] <!%rosedoodle> that was
[2022-12-13 00:06:58] <!%rosedoodle> so
[2022-12-13 00:06:59] <!%rosedoodle> fucking
[2022-12-13 00:06:59] <!%rosedoodle> funny
[2022-12-13 00:07:03] <!%rosedoodle> i was CHOKING on my own breath
[2022-12-13 00:07:07] <rocketgruntdru> KEKW
[2022-12-13 00:07:12] <@stinkerwoof> Thanks for picking up the scent, desuruchan!
[2022-12-13 00:07:13] <$alfiplum> PLSSSSSS
[2022-12-13 00:07:14] <whimVT> AHHHHHHAHAHAHAHA
[2022-12-13 00:07:17] <TwixerClawford> YOU SOUND LIKE VOLDEMORT
[2022-12-13 00:07:18] <%+quincussy> SRTOOOSIFUYASDUI
[2022-12-13 00:07:23] <+icarus_firefly> prenStress prenStress prenStress prenStress
[2022-12-13 00:07:23] <WickedWaifuu> LMFAO
[2022-12-13 00:07:23] <%limedragon83> OMG
[2022-12-13 00:07:25] <%+theRx_> DAAAAAAAMN HOMIE
[2022-12-13 00:07:27] <Gracklegoof> BAHAHAHA
[2022-12-13 00:07:28] <%limedragon83> buffpupOMEGALUL buffpupOMEGALUL buffpupOMEGALUL buffpupOMEGALUL
[2022-12-13 00:07:28] <%Sozan> EW LOL
[2022-12-13 00:07:29] <%+Alpengoats> basilDespair basilDespair basilDespair
[2022-12-13 00:07:31] <this_is_digi> This should be in his voice actor reel
[2022-12-13 00:07:31] <$alfiplum> nihmunLaugh nihmunLaugh
[2022-12-13 00:07:32] <plush_bbites> DAAAAAYUUUUMM
[2022-12-13 00:07:33] <%+MilkieMooth> HAHAHAHA
[2022-12-13 00:07:33] <WickedWaifuu> prenSTARE prenSTARE prenSTARE prenSTARE prenSTARE
[2022-12-13 00:07:34] <%+theRx_> (Homey?)
[2022-12-13 00:07:35] <whimVT> THE BOY WHO LIVED
[2022-12-13 00:07:35] <@%kona_kei> STOP THIS
[2022-12-13 00:07:37] <@%kona_kei> STOp
[2022-12-13 00:07:37] <whimVT> COME TO DIE
[2022-12-13 00:07:37] <+Vertzi> HOW DO YOU DO THAT
[2022-12-13 00:07:38] <rocketgruntdru> KEKW
[2022-12-13 00:07:39] <whimVT> LMAO
[2022-12-13 00:07:42] <%+DeathscratchTV> basilCheems basilCheems basilCheems basilCheems
[2022-12-13 00:07:45] <rocketgruntdru> basilPolite_SQ
[2022-12-13 00:07:48] <whimVT> AHAHAAAAAAAA
[2022-12-13 00:07:48] <felineicious> D:
[2022-12-13 00:07:48] <TwixerClawford> Voldemort: I REQUIRE SEX
[2022-12-13 00:07:48] <%Sozan> KEKW
[2022-12-13 00:07:50] <%cirex1312> buffpupOMEGALUL buffpupOMEGALUL buffpupOMEGALUL buffpupOMEGALUL buffpupOMEGALUL buffpupOMEGALUL
[2022-12-13 00:07:51] <%astroberry_> harry potter and the chamber of farts
[2022-12-13 00:07:51] <plush_bbites> basilPolite_SQ basilPolite_SQ basilPolite_SQ basilPolite_SQ basilPolite_SQ basilPolite_SQ basilPolite_SQ
[2022-12-13 00:07:54] <+icarus_firefly> prenKEKW prenKEKW prenKEKW prenKEKW
[2022-12-13 00:07:58] <Gracklegoof> NotLikeThis LUL
[2022-12-13 00:08:04] <whimVT> ILY BASIL
[2022-12-13 00:08:04] <%+Alpengoats> Pure talent
[2022-12-13 00:08:05] <%cirex1312> I love that Marge hair ikeepitLOVERBOI buffpupOMEGALUL
[2022-12-13 00:08:06] <!%rosedoodle> 😌 i was trying
[2022-12-13 00:08:15] <!%rosedoodle> w h e e z e
[2022-12-13 00:08:15] <+icarus_firefly> When did you discover you were a Margemouth?
[2022-12-13 00:08:17] <%+DeathscratchTV> Harry pissboi and the order of cheems
[2022-12-13 00:08:19] <!%rosedoodle> IM SO SORRY LOL
[2022-12-13 00:08:24] Viewerstats (23:40-00:08): avg:376 min:312 max:401 [15/355+32+0+0−75+0+69+0+0+14+0+6+0−13+0]
[2022-12-13 00:08:24] VIEWERS: 388
[2022-12-13 00:08:24] <!%+AstrelVT> because of basil my mickey voice has gotten better, i got better at marge too
[2022-12-13 00:08:27] <@%kona_kei> Its my nap time BUT Please GET THIS HAIR RIGGED ILL SHIT
[2022-12-13 00:08:32] <!%rosedoodle> I WAS FUCKING IN SHAMBLES LAUGHING
[2022-12-13 00:08:34] <@stinkerwoof> whimvt is now a Tier 1 Stinker!!!
[2022-12-13 00:08:34] [Notification] whimVT subscribed at Tier 1.
[2022-12-13 00:08:35] <%CharlieTehDragon> basilLaugh basilLaugh basilLaugh basilLaugh basilLaugh
[2022-12-13 00:08:36] <@%kona_kei> HAVE FUN BASIL!!
[2022-12-13 00:08:38] <%CharlieTehDragon> WHY NOT??
[2022-12-13 00:08:39] <Khivea> Wtf did I join too…
[2022-12-13 00:08:39] <rainbowbugjar> what did i come back to
[2022-12-13 00:08:40] <!%+AstrelVT> and i got better at the deku voice cause i used it here
[2022-12-13 00:08:43] <TwixerClawford> I require sex, harry pOtter
[2022-12-13 00:08:44] <%+quincussy> basil could have been a voice actor
[2022-12-13 00:08:44] <%limedragon83> Ultimate marge hair
[2022-12-13 00:08:45] <%CelesteThisMess> The streamer life chose YOU
[2022-12-13 00:08:47] <+icarus_firefly> prenHype prenHype prenHype prenHype
[2022-12-13 00:08:48] <%$frootyjester> basilPolite basilPolite basilPolite basilPolite basilPolite
[2022-12-13 00:08:50] <Gracklegoof> thanks for streaming xD
[2022-12-13 00:08:51] <%+thefantomweeb> basilStick
[2022-12-13 00:08:52] <%astroberry_> the stink life chose you basil
[2022-12-13 00:08:53] <rocketgruntdru> basilPolite_SQ basilPolite_SQ
[2022-12-13 00:09:01] <%whimVT> stinky tiiiiiime!!!
[2022-12-13 00:09:03] <Khivea> Basil your still in just chatting
[2022-12-13 00:09:13] <this_is_digi> You're a streamer bc you bought a computer, got a microphone, and decided ppl would like hearing you talk... and well they did
[2022-12-13 00:09:17] <%Undetermined_Cos> !lurk
[2022-12-13 00:09:18] <@stinkerwoof> @Undetermined_Cos undetermined_cos is now lurking!!!
[2022-12-13 00:09:18] <%whimVT> basilStinkybasil <3
[2022-12-13 00:09:29] <%+thefantomweeb> it's bloody perfect basilPolite
[2022-12-13 00:09:31] <zealiit> the marge hair suits u well ngl
[2022-12-13 00:09:32] <%cirex1312> rubrBorf
[2022-12-13 00:09:33] <%starniva> This is looks so weird but I think it’s bc I’m used to seeing your long side bang thingys
[2022-12-13 00:09:37] <%whimVT> voms affectionately as marge
[2022-12-13 00:09:38] <%DrDarkheart> sooo basil apparently Marges hair was originally to hide the fact that she had huge rabbit ears in them @basilwoof
[2022-12-13 00:09:41] <%whimVT> bdbsbfbshfbdbs
[2022-12-13 00:09:43] <%+Alpengoats> Imagine barfing from impersonating marge
[2022-12-13 00:09:43] <!%+AstrelVT> Basil marges hair is like a dome top not a flat top
[2022-12-13 00:09:55] <%astroberry_> string of pearls ;)
[2022-12-13 00:10:01] <%+Party_animal_21> it's looking so pretty 💅🏻
[2022-12-13 00:10:01] <%whimVT> cuuuute yes!!!!!
[2022-12-13 00:10:01] <%cirex1312> MAYBE TENIS BALLS INSTEAD OF PEARLS? buffpupOMEGALUL
[2022-12-13 00:10:07] <%corina_vizi> basilHyperZoom basilHyperZoom Love the new hair
[2022-12-13 00:10:12] <rocketgruntdru> KEKW
[2022-12-13 00:10:12] <!%Hooty_Hoo_> LOL omg
[2022-12-13 00:10:12] <%+Party_animal_21> OOO TENNIS BALLS
[2022-12-13 00:10:13] <$alfiplum> we need the dress too
[2022-12-13 00:10:20] <%cirex1312> you need to be more yellow rubrHeh
[2022-12-13 00:10:20] <@stinkerwoof> Thanks for picking up the scent, m00negg!
[2022-12-13 00:10:21] <this_is_digi> Not Basil condoning the usage of FUR for clothing
[2022-12-13 00:10:23] <%whimVT> HDHAJFHSHZTBF
[2022-12-13 00:10:23] <WickedWaifuu> WAT
[2022-12-13 00:10:24] VIEWERS: 388
[2022-12-13 00:10:26] <Loony_Frinkelboom> The fact that this is turning out so well is terrifying
[2022-12-13 00:10:26] <WickedWaifuu> bhvdshjrs
[2022-12-13 00:10:26] <felineicious> HOW
[2022-12-13 00:10:26] <!%Hooty_Hoo_> i come back to fully marged up
[2022-12-13 00:10:28] <%+MilkieMooth> WHAT? LMAO
[2022-12-13 00:10:28] <%whimVT> UR NOT WROOOONG
[2022-12-13 00:10:28] <!%rosedoodle> u need a "yassified" hand for this
[2022-12-13 00:10:29] <%Sozan> ohhh noooo KEKW
[2022-12-13 00:10:31] <!%+AstrelVT> Yassification of basil
[2022-12-13 00:10:33] <Sol_iguess> Hi sisters
[2022-12-13 00:10:33] <@%Ikamamsume> he had a pearl necklace
[2022-12-13 00:10:35] <%DrDarkheart> who
[2022-12-13 00:10:39] <Lovemaykillyou> Can someone cosplay this curse Basil?
[2022-12-13 00:10:39] <%+thefantomweeb> buffpupHmm I can see it
[2022-12-13 00:10:42] <%CharlieTehDragon> HAHAHA I HATE THAT I CAN SEE IT
[2022-12-13 00:10:42] <+icarus_firefly> All Marged up on a Monday
[2022-12-13 00:10:43] <%+Alpengoats> Hi sisters basilWave
[2022-12-13 00:10:45] <%astroberry_> FINAL FORM
[2022-12-13 00:10:45] <%Kaienpeppers> If you add the lip maybe it would feel more like him
[2022-12-13 00:10:46] <Loony_Frinkelboom> HI SHTINKERS
[2022-12-13 00:10:46] <%whimVT> marged n charged
[2022-12-13 00:10:46] <felineicious> hehe
[2022-12-13 00:10:48] <%cirex1312> Margefication bbunsSis bbunsSis bbunsSis bbunsSis
[2022-12-13 00:10:50] <%starniva> Hi (and I can’t stress this enough) sisters
[2022-12-13 00:11:03] <!%+AstrelVT> Basil Marges hair isnt a flat top btw
[2022-12-13 00:11:04] <%+Party_animal_21> IM HOOTIN AND HOLLERIN BRO I STG
[2022-12-13 00:11:14] <+icarus_firefly> Wacky waving arm inflatable tube man????
[2022-12-13 00:11:17] <%ZerephTheFirst> The Marge pipeline
[2022-12-13 00:11:22] <+Niikkio> Hi!!
[2022-12-13 00:11:23] <WickedWaifuu> wacky inflatable waving arm tube man
[2022-12-13 00:11:46] <this_is_digi> Controversial opinion: Homer is hung
[2022-12-13 00:11:46] <%+Party_animal_21> I paused the stream and now it won't unpause 💀
[2022-12-13 00:11:48] <+icarus_firefly> Ahhh that's right, @WickedWaifuu
[2022-12-13 00:11:51] <this_is_digi> Not in a good way tho
[2022-12-13 00:11:53] <!%+AstrelVT> :0
[2022-12-13 00:11:56] <!%+AstrelVT> :)
[2022-12-13 00:12:01] <!%+AstrelVT> i believe it
[2022-12-13 00:12:04] <%DrDarkheart> apparently I've given you 50k in bits like 90% of that is me saying yo momma
[2022-12-13 00:12:04] <%+Alpengoats> The Doug dimadome unending hair
[2022-12-13 00:12:04] <zdravka_z> prenShake prenShake prenShake What am I witnessing
[2022-12-13 00:12:04] <%+quincussy> it's controversial now
[2022-12-13 00:12:06] <%+theRx_> Wait there's mini wacky inflatable waving arm tube men?
[2022-12-13 00:12:06] <!%+AstrelVT> homer packin heat
[2022-12-13 00:12:13] <%+thefantomweeb> he packing for sure
[2022-12-13 00:12:15] <%$frootyjester> yes but he doesnt know how to use it
[2022-12-13 00:12:17] <+PowerBagel> never heard about it one way or the other
[2022-12-13 00:12:18] <+icarus_firefly> It is canon that he is hanging "low and lazy"
[2022-12-13 00:12:22] <!%Hooty_Hoo_> imagine the physics on the marge hair just being like a tail LOL
[2022-12-13 00:12:24] VIEWERS: 373
[2022-12-13 00:12:24] <!%+AstrelVT> @frootyjester cap he has marge
[2022-12-13 00:12:27] <%cirex1312> buffpupOMEGALUL
[2022-12-13 00:12:37] <this_is_digi> I mean why else would Marge put up with Homer for so long? He must be like a monster down there
[2022-12-13 00:12:38] <%limedragon83> Just draw a hand poking out from the hair buffpupOMEGALUL
[2022-12-13 00:12:44] <%$frootyjester> wait u need to draw homer's hair n beard on u now
[2022-12-13 00:12:48] <TwixerClawford> the fact that you can do marge but not homer is really funny to me
[2022-12-13 00:12:49] <!%+AstrelVT> I can ONLY say mAARGEE in the homer voice
[2022-12-13 00:12:56] <WickedWaifuu> @frootyjester YES
[2022-12-13 00:12:56] <%DrDarkheart> i bet homer has a fat one
[2022-12-13 00:12:57] <!%+AstrelVT> but i can do marge
[2022-12-13 00:13:00] [Notification] Ikamamsume gifted a Tier 1 sub to angryinch! They have given 256 Gift Subs in the channel!
[2022-12-13 00:13:04] <zdravka_z> Hair to reach the heavens!
[2022-12-13 00:13:14] <this_is_digi> Peter Griffin is not hung tho. It is confirmed Peter is a micro lmao
[2022-12-13 00:13:16] <%DrSakusei> There's a reason they have 3 kids
[2022-12-13 00:13:21] <%+thefantomweeb> buffpupOMEGALUL
[2022-12-13 00:13:28] <%+quincussy> LMAODAOAA
[2022-12-13 00:13:44] <felineicious> I hate that I know about what you said about Peter.
[2022-12-13 00:13:45] <biterian> with the stick stuck on the top of the hair XD
[2022-12-13 00:13:46] <+PowerBagel> the great Margening
[2022-12-13 00:13:48] <%+theRx_> Doesn't Flanders canonically have The Schmeat?
[2022-12-13 00:13:52] <%astroberry_> the pissening
[2022-12-13 00:13:53] <%starniva> You should put your long side bangs on it
[2022-12-13 00:13:55] <%+Alpengoats> Wisten hewe
[2022-12-13 00:14:10] <!%rosedoodle> hehehe
[2022-12-13 00:14:14] <HexWild> boothe5SEE
[2022-12-13 00:14:16] <%+WingedNinetails> basilPause um thanks to who gifted me a sub what did i come back to
[2022-12-13 00:14:24] VIEWERS: 373
[2022-12-13 00:14:24] <%+thefantomweeb> looks so good too
[2022-12-13 00:14:24] <%CrypticPhantom17> so cute
[2022-12-13 00:14:27] <@%Tidorito> tidoriSee
[2022-12-13 00:14:29] <!%+AstrelVT> oH HUBBA
[2022-12-13 00:14:31] <NinDrawz> THE MARGE HAIR
[2022-12-13 00:14:32] <!%rosedoodle> RosilDoof is our fusion name ok
[2022-12-13 00:14:32] <%JadedFoxes> THE HIGH PONYTAIL...
[2022-12-13 00:14:34] <@%Tidorito> i sent you one basil
[2022-12-13 00:14:40] <this_is_digi> No Basil Mohawk? Missed opportunity
[2022-12-13 00:14:50] <%JadedFoxes> WOOOF WOOF WOOF BAR KABRK SNARL GROWL WOOF WOOF HIGH PONYTAIL
[2022-12-13 00:14:55] <%JadedFoxes> basilSniffa basilSniffa basilSniffa
[2022-12-13 00:14:55] <Lovemaykillyou> Are your layers named?
[2022-12-13 00:15:01] <%limedragon83> basilPause
[2022-12-13 00:15:05] <!%+AstrelVT> I wanna see you with my hair style
[2022-12-13 00:15:10] <%EmmieWowie> OOOOHHH
[2022-12-13 00:15:13] <!%+AstrelVT> CUTE
[2022-12-13 00:15:13] <!%rosedoodle> OMG CUTE..................
[2022-12-13 00:15:14] <%EmmieWowie> CUUUUTEEE
[2022-12-13 00:15:15] <%$frootyjester> basilBasilHeart basilBasilHeart basilBasilHeart
[2022-12-13 00:15:16] <!%rosedoodle> WAIT I LOVE THAT HOLY FUCK
[2022-12-13 00:15:17] <zdravka_z> prenLove prenLove prenLove prenLove
[2022-12-13 00:15:20] <%+thefantomweeb> buffpupPOG
[2022-12-13 00:15:20] <%limedragon83> CUTE
[2022-12-13 00:15:20] <$alfiplum> WOWEE
[2022-12-13 00:15:21] <!%Hooty_Hoo_> awwww
[2022-12-13 00:15:21] <felineicious> Love that!
[2022-12-13 00:15:22] <%CharlieTehDragon> LUL
[2022-12-13 00:15:22] <%+Party_animal_21> did you do a mohawk?
[2022-12-13 00:15:24] <%CelesteThisMess> SoSTINKY boothe5SEE
[2022-12-13 00:15:26] <%+MilkieMooth> Awwww! basilBasilHeart basilBasilHeart basilBasilHeart basilBasilHeart
[2022-12-13 00:15:29] <%CharlieTehDragon> basilBasilHeart
[2022-12-13 00:15:33] <this_is_digi> Basil you do have a smol head tho...
[2022-12-13 00:15:34] <@%Tidorito> oops
[2022-12-13 00:15:34] <!%rosedoodle> WHEEZE
[2022-12-13 00:15:35] <@%Tidorito> LKSJDKSAJD
[2022-12-13 00:15:39] <%DrSakusei> WE STAND TIDOS ART!!!
[2022-12-13 00:15:40] <rocketgruntdru> is so cute
[2022-12-13 00:15:51] <%JadedFoxes> TIDO LEAKS BASIL ARC 3???!?!!?!?!!
[2022-12-13 00:15:53] <%cirex1312> basilBasilHeart basilBasilHeart basilBasilHeart basilBasilHeart
[2022-12-13 00:16:01] <!%+AstrelVT> Tido is awesome
[2022-12-13 00:16:02] <zealiit> tido is amazing !!
[2022-12-13 00:16:05] <!%+AstrelVT> i love tido art
[2022-12-13 00:16:07] <@%Ikamamsume> !so @CookieHana
[2022-12-13 00:16:07] <@%Tidorito> fleshyyBlush
[2022-12-13 00:16:07] [Raid] 180 raiders from CookieHana have joined!
[2022-12-13 00:16:08] <HexWild> COOKIE RAID cookie105Dance HAND OVER YOUR COOKIES cookie105Dance
[2022-12-13 00:16:09] <@stinkerwoof> @Ikamamsume GO FOLLOW cookiehana THEY ARE EPIC! They were playing Art https://www.twitch.tv/cookiehana
[2022-12-13 00:16:09] <@%Ikamamsume> COOKIE RAID 🍪 HAND OVER YOUR COOKIES 🍪
[2022-12-13 00:16:10] <Dojumz> COOKIE RAID cookie105Gun HAND OVER YOUR COOKIES cookie105Gun
[2022-12-13 00:16:11] <+Cattu> COOKIE RAID  cookie105Gun   HAND OVER YOUR COOKIES  cookie105Gun
[2022-12-13 00:16:12] <%whimVT> it's v jrpg hero vibes and I LOOOOVE
[2022-12-13 00:16:13] <!%+AstrelVT> HANA
[2022-12-13 00:16:15] <%+thefantomweeb> ITS SO GOOD basilPain
[2022-12-13 00:16:17] <ryebot_> COOKIE RAID 🍪 HAND OVER YOUR COOKIES 🍪
[2022-12-13 00:16:17] <@stinkerwoof> Thanks for picking up the scent, kikuboos!
[2022-12-13 00:16:19] <%whimVT> oh!!! welcome raiders!!!
[2022-12-13 00:16:21] <Blitzgregor> boonGun
[2022-12-13 00:16:22] <!%CookieHana> buffpupBigoleyes buffpupBigoleyes buffpupBigoleyes
[2022-12-13 00:16:23] <Firefly112> COOKIE RAID 🍪 HAND OVER YOUR COOKIES 🍪
[2022-12-13 00:16:24] VIEWERS: 369
[2022-12-13 00:16:27] <JKLibra> yoo that's really gud
[2022-12-13 00:16:28] <NiloxofAsgard> COOKIE RAID cookie105Gun HAND OVER YOUR COOKIES cookie105Gun
[2022-12-13 00:16:31] <!%BunChata> Tido's art makes me so happy it is lovely and good and perfect and if I could eat it right now I would -- HI HANA
[2022-12-13 00:16:34] <%limedragon83> basilStick
[2022-12-13 00:16:34] <ChinobiAR> COOKIE RAID 🍪 HAND OVER YOUR COOKIES 🍪
[2022-12-13 00:16:38] <@%Ikamamsume> you can tell Tido drew it because it's awesome
[2022-12-13 00:16:40] <%+Party_animal_21> basilStick basilStick basilStick basilStick
[2022-12-13 00:16:41] <!%CookieHana> HIII BASILLLL
[2022-12-13 00:16:44] <%helen444444> hi cookie105Dance
[2022-12-13 00:16:44] <!%CookieHana> D:
[2022-12-13 00:16:44] <HexWild> cookie105Gun
[2022-12-13 00:16:47] <Nexark> Ooo this is so cute
[2022-12-13 00:16:47] <%$frootyjester> basilStick basilStick basilStick
[2022-12-13 00:16:52] <%+thefantomweeb> basilPain My stick basilStick
[2022-12-13 00:16:54] <gyellipses> THIS HAIR IS CUTE
[2022-12-13 00:16:54] <@%Ikamamsume> yeah tido is better than you
[2022-12-13 00:16:54] <%whimVT> basilStick basilStick basilStick basilStick
[2022-12-13 00:16:55] <gyellipses> AAA
[2022-12-13 00:16:57] <!%rosedoodle> rofl
[2022-12-13 00:17:03] <@stinkerwoof> Thanks for picking up the scent, nexark!
[2022-12-13 00:17:06] <Lovemaykillyou> we can share stick
[2022-12-13 00:17:09] <!%BunChata> basilDespair
[2022-12-13 00:17:10] <!%CookieHana> id like a stick pls
[2022-12-13 00:17:12] <zdravka_z> Ok but Basil with a mullet? How good.
[2022-12-13 00:17:18] <%corina_vizi> pinches cheeks so cute basilBasilHeart basilBasilHeart basilBasilHeart
[2022-12-13 00:17:19] <%+Alpengoats> basilDespair basilDespair basilDespair basilDespair basilDespair basilDespair basilDespair
[2022-12-13 00:17:22] <%+Party_animal_21> Only a stick for a cookie
[2022-12-13 00:17:26] <plush_bbites> WOAH that hair is so cute
[2022-12-13 00:17:28] <!%CookieHana> buffpupHypeE buffpupHypeE buffpupHypeE
[2022-12-13 00:17:30] <%baezilla_k> basilDespair basilDespair basilDespair basilDespair basilDespair basilDespair basilDespair basilDespair basilDespair basilDespair basilDespair basilDespair basilDespair basilDespair basilDespair basilDespair basilDespair basilDespair
[2022-12-13 00:17:37] <!%CookieHana> buffpupLooker OOP up my ass it goes
[2022-12-13 00:17:42] <this_is_digi> Can I get a fish stick?
[2022-12-13 00:17:42] <@stinkerwoof> Thanks for picking up the scent, dankystuff!
[2022-12-13 00:17:44] [Raid] 230 raiders from SeiraWynn have joined!
[2022-12-13 00:17:45] <+gustavobuN> seiraCelebrate  SEI'S BOTTOM RAID  seiraCelebrate  SEI'S BOTTOM RAID  seiraCelebrate  SEI'S BOTTOM RAID  seiraCelebrate  SEI'S BOTTOM RAID
[2022-12-13 00:17:46] <+Saffisfather> seiraCelebrate SEI'S BOTTOM RAID seiraCelebrate SEI'S BOTTOM RAID seiraCelebrate SEI'S BOTTOM RAID seiraCelebrate SEI'S BOTTOM RAID
[2022-12-13 00:17:48] <secretyam3> seiraCelebrate SEI'S BOTTOM RAID  seiraCelebrate   SEI'S BOTTOM RAID  seiraCelebrate   SEI'S BOTTOM RAID  seiraCelebrate   SEI'S BOTTOM RAID
[2022-12-13 00:17:49] <+Quickie_q> seiraCelebrate  SEI'S BOTTOM RAID  seiraCelebrate  SEI'S BOTTOM RAID  seiraCelebrate  SEI'S BOTTOM RAID  seiraCelebrate  SEI'S BOTTOM RAID
[2022-12-13 00:17:49] <Gambit_Gamble> seiraCelebrate SEI'S BOTTOM RAID seiraCelebrate SEI'S BOTTOM RAID seiraCelebrate SEI'S BOTTOM RAID seiraCelebrate SEI'S BOTTOM RAID
[2022-12-13 00:17:50] <@%Ikamamsume> !so @SeiraWynn
[2022-12-13 00:17:52] <%JadedFoxes> basilPolite basilPolite basilPolite basilPolite basilPolite basilPolite basilPolite basilPolite basilPolite basilPolite basilPolite basilPolite
[2022-12-13 00:17:52] <@stinkerwoof> @Ikamamsume GO FOLLOW seirawynn THEY ARE EPIC! They were playing ASMR https://www.twitch.tv/seirawynn
[2022-12-13 00:17:53] <%DrSakusei> YOU LIVE IN THE WOODS WHAT YOU MEAN
[2022-12-13 00:17:53] <+PianoRiff88> seiraCelebrate SEI'S BOTTOM RAID  seiraCelebrate  SEI'S BOTTOM RAID  seiraCelebrate  SEI'S BOTTOM RAID  seiraCelebrate  SEI'S BOTTOM RAID
[2022-12-13 00:17:53] <%+theRx_> here use this stick buffpupFlower
[2022-12-13 00:17:56] <@stinkerwoof> Thanks for picking up the scent, mangosolisch!
[2022-12-13 00:17:57] <%SeiraWynn> seiraCelebrate SEI'S BOTTOM RAID  seiraCelebrate   SEI'S BOTTOM RAID  seiraCelebrate   SEI'S BOTTOM RAID  seiraCelebrate   SEI'S BOTTOM RAID
[2022-12-13 00:17:58] <Keldreith> seiraCelebrate   SEI'S BOTTOM RAID  seiraCelebrate   SEI'S BOTTOM RAID  seiraCelebrate   SEI'S BOTTOM RAID  seiraCelebrate   SEI'S BOTTOM RAID
[2022-12-13 00:17:58] <felineicious> pog
[2022-12-13 00:17:58] <%SeiraWynn> HAHA
[2022-12-13 00:18:01] <!%+AstrelVT> astrel11AHH
[2022-12-13 00:18:02] <!%CookieHana> MOARRRRR
[2022-12-13 00:18:03] <Thighdrate> seiraCelebrate SEI'S BOTTOM RAID seiraCelebrate SEI'S BOTTOM RAID seiraCelebrate SEI'S BOTTOM RAID seiraCelebrate SEI'S BOTTOM RAID
[2022-12-13 00:18:03] <@stinkerwoof> Thanks for picking up the scent, mogumanda!
[2022-12-13 00:18:03] <plush_bbites> MOOORREEE
[2022-12-13 00:18:03] <felineicious> noiceeeeeee
[2022-12-13 00:18:04] <@stinkerwoof> Thanks for picking up the scent, keldreith!
[2022-12-13 00:18:05] <%whimVT> WOAW!!!!
[2022-12-13 00:18:07] <WickedWaifuu> all the peopleeeeee
[2022-12-13 00:18:08] <%Kaienpeppers> wooo raid!
[2022-12-13 00:18:08] <Keldreith> seiraCelebrate   SEI'S BOTTOM RAID  seiraCelebrate   SEI'S BOTTOM RAID  seiraCelebrate   SEI'S BOTTOM RAID  seiraCelebrate   SEI'S BOTTOM RAID <3
[2022-12-13 00:18:09] <JunkmonkeyZr0> seiraCelebrate SEI'S BOTTOM RAID seiraCelebrate SEI'S BOTTOM RAID seiraCelebrate SEI'S BOTTOM RAID seiraCelebrate SEI'S BOTTOM RAID
[2022-12-13 00:18:09] <%whimVT> MOOOOOOOORE!!!!!
[2022-12-13 00:18:10] <%+MilkieMooth> WOOOA!
[2022-12-13 00:18:11] <+PianoRiff88> sarah sadge
[2022-12-13 00:18:12] <@%Ikamamsume> @SeiraWynn is raiding their bottom?
[2022-12-13 00:18:17] <!%CookieHana> NO U
[2022-12-13 00:18:17] <%SeiraWynn> I see Basil stream, I gotta raid
[2022-12-13 00:18:19] <@stinkerwoof> Thanks for picking up the scent, gustavobun!
[2022-12-13 00:18:20] <ihvfninv> hi everyone
[2022-12-13 00:18:20] <%whimVT> basilStick basilStick basilStick basilStick basilStick basilStick basilStick basilStick
[2022-12-13 00:18:23] <%SeiraWynn> @Ikamamsume ohno
[2022-12-13 00:18:24] VIEWERS: 369
[2022-12-13 00:18:31] <%+thefantomweeb> basilRave Party time basilRave
[2022-12-13 00:18:32] <zealiit> why not trying a karen hairstyle ?
[2022-12-13 00:18:33] <Nexark> MARGE
[2022-12-13 00:18:35] <%cirex1312> basilWiggle basilWiggle basilWiggle basilWiggle
[2022-12-13 00:18:36] <@stinkerwoof> Thanks for picking up the scent, cherrysoff!
[2022-12-13 00:18:36] <+Saffisfather> nihmunLaugh
[2022-12-13 00:18:36] <+StonedSmurf1> COOKIE RAID 🍪 HAND OVER YOUR COOKIES 🍪
[2022-12-13 00:18:37] <doriboke> KEKW
[2022-12-13 00:18:38] <%+theRx_> Entirely legit
[2022-12-13 00:18:40] <!%CookieHana> LMFAOOO
[2022-12-13 00:18:42] <+PianoRiff88> extremely goofy ahhXD
[2022-12-13 00:18:42] <%whimVT> A;LSDKJF
[2022-12-13 00:18:43] <HexWild> hexwilSuffer
[2022-12-13 00:18:43] <@stinkerwoof> Thanks for picking up the scent, secretyam3!
[2022-12-13 00:18:46] <@stinkerwoof> Thanks for picking up the scent, flosgaudium!
[2022-12-13 00:18:50] <felineicious> YuGiOh hair
[2022-12-13 00:18:50] <%cirex1312> I better see the Marge ark basilLaugh
[2022-12-13 00:18:51] <+gustavobuN> larrybearKekw
[2022-12-13 00:18:53] <%SeiraWynn> No wait
[2022-12-13 00:18:54] <%SeiraWynn> only stick
[2022-12-13 00:18:56] <Nexark> What about mega braids?
[2022-12-13 00:19:05] <!%CookieHana> buffpupLooker
[2022-12-13 00:19:16] <+StonedSmurf1> hi sis
[2022-12-13 00:19:24] <this_is_digi> Basil is bottom confirmed
[2022-12-13 00:19:24] <%DrDarkheart> what is your triggers
[2022-12-13 00:19:25] <wisteria_hysteria2> I want a tree laynaTui
[2022-12-13 00:19:31] <bunnycakens> Hatsune Miku hair.
[2022-12-13 00:19:33] <@stinkerwoof> Thanks for picking up the scent, memories_mirai!
[2022-12-13 00:19:40] <@stinkerwoof> Thanks for picking up the scent, saffisfather!
[2022-12-13 00:19:46] <%+thefantomweeb> basilPain Bearded Marge
[2022-12-13 00:19:56] <%SeiraWynn> Do you also end up with Layer 138
[2022-12-13 00:20:08] [Raid] 1 raiders from SeionTheKitsune21 have joined!
[2022-12-13 00:20:11] <this_is_digi> Sure. "Mouth sounds"
[2022-12-13 00:20:12] <%DrSakusei> I always love Makeup asmr videos the most itsdoopPeek
[2022-12-13 00:20:22] <@%Ikamamsume> !so @SeionTheKitsune21
[2022-12-13 00:20:23] <@stinkerwoof> @Ikamamsume GO FOLLOW seionthekitsune21 THEY ARE EPIC! They were playing Piofiore: Fated Memories https://www.twitch.tv/seionthekitsune21
[2022-12-13 00:20:29] VIEWERS: 564
[2022-12-13 00:20:41] <%whimVT> basilSniffa basilSniffa basilSniffa
[2022-12-13 00:20:43] <!%CookieHana> I LOV UU
[2022-12-13 00:20:44] <+SeionTheKitsune21> its an otome game on the nintendo switch :D
[2022-12-13 00:20:45] <%DrDarkheart> i have to like the person for the whispers
[2022-12-13 00:20:52] <%+quincussy> vibin
[2022-12-13 00:20:59] <%SeiraWynn> Vibe time lets goo
[2022-12-13 00:21:04] <+WrathOfKarma> IS THAT BASIL SIMPSON? KEKW
[2022-12-13 00:21:09] <@stinkerwoof> Thanks for picking up the scent, chiharuwolf!
[2022-12-13 00:21:14] <%whimVT> uuuuuu ily basilllll
[2022-12-13 00:21:29] <%starniva> Basil will you put the bald U on Twitter/discord for that draw your hair challenge?
[2022-12-13 00:21:35] <!%Fleshy> PUSSY
[2022-12-13 00:21:44] <flosgaudium> LMAO
[2022-12-13 00:21:44] <secretyam3> Love your model Basil - I've never seen one in that style before!
[2022-12-13 00:21:44] <+SeionTheKitsune21> yeah i need to make dinner for me and kiddo xD
[2022-12-13 00:21:45] <%Kaienpeppers> OW
[2022-12-13 00:21:45] <!%CookieHana> stripF ooF
[2022-12-13 00:21:46] <%SeiraWynn> What if we don't leave LMAO
[2022-12-13 00:21:47] <doriboke> KEKW
[2022-12-13 00:21:48] <%CharlieTehDragon> basilWAO
[2022-12-13 00:21:54] <@stinkerwoof> Thanks for picking up the scent, eptdyvpsdy!
[2022-12-13 00:22:07] <!%CookieHana> imma BEAT THEM UP
[2022-12-13 00:22:08] <flosgaudium> Hello! I just found your channel through the browse page, saw that your model was really cool and decided to stay! It's amazing!
[2022-12-13 00:22:08] <%whimVT> I SAW THAT
[2022-12-13 00:22:09] <!%+AstrelVT> we just gonna talk to that person
[2022-12-13 00:22:10] <!%CookieHana> WHERE ARE THEY
[2022-12-13 00:22:10] <%whimVT> I WAS SO ANGYYYY
[2022-12-13 00:22:12] <!%+AstrelVT> just talking
[2022-12-13 00:22:13] <%DrDarkheart> Your model makes me cream
[2022-12-13 00:22:15] <concernedweeb> wow, that's rude wtf-
[2022-12-13 00:22:16] <doriboke> I LOVE YOUR ART SoCute
[2022-12-13 00:22:18] <felineicious> what did they even mean?! It's an awesome looking model!
[2022-12-13 00:22:21] <HexWild> A frame? like a still frame of a Cheems exploding out of your eye?
[2022-12-13 00:22:21] <kikuboos> your model is memorable because its unique
[2022-12-13 00:22:24] <Gracklegoof> 8l ???? your model and style look amazing
[2022-12-13 00:22:25] <%whimVT> your model is 100000% one of my absolute favorites
[2022-12-13 00:22:26] <@stinkerwoof> Thanks for picking up the scent, reistarcosplay!
[2022-12-13 00:22:26] <%+Party_animal_21> basilPause basilDespair
[2022-12-13 00:22:28] <!%+AstrelVT> basils style is stier
[2022-12-13 00:22:28] <concernedweeb> If it doesn't bother you than more power too ya
[2022-12-13 00:22:29] VIEWERS: 410
[2022-12-13 00:22:37] <felineicious> it makes no sense; did they even have eyes
[2022-12-13 00:22:41] <%CharlieTehDragon> Youre model is amazing, i hope to make something as cool one day
[2022-12-13 00:22:46] <+FranCelineVT> i like ur look, u could plop urself right in a cartoon
[2022-12-13 00:23:16] <%cirex1312> Yeeeee
[2022-12-13 00:23:19] <!%Fleshy> it was just an excuse to see your nipples  OHTHEMISERY
[2022-12-13 00:23:19] <MajorasMouse> Cell shading is good D:<
[2022-12-13 00:23:20] <%cirex1312> ikeepitRAREBOI rubrWigl rubrWigl rubrWigl rubrWigl
[2022-12-13 00:23:28] <%+Party_animal_21> models with no nipples 😩👌
[2022-12-13 00:23:30] <%whimVT> it's lovely!! and your art is lovely!!!!! and uuuu!!!!
[2022-12-13 00:23:30] <Chiharuwolf> Awww so cute
[2022-12-13 00:23:33] <!%+AstrelVT> i really love the cell shadin look
[2022-12-13 00:23:34] <!%rosedoodle> nipples?
[2022-12-13 00:23:35] <%cirex1312> your model is great ikeepitLOVERBOI basilBasilHeart
[2022-12-13 00:23:37] <!%Fleshy> LOL
[2022-12-13 00:23:37] <%whimVT> basilStick basilStick basilStick basilBasilHeart basilBasilHeart basilBasilHeart
[2022-12-13 00:23:40] <zdravka_z> Well I mean there are HEAPS of art styles out there, so why dont we use them to their fill potential?
[2022-12-13 00:23:40] <G3ckked> you and Belbeeps have my fav models i think
[2022-12-13 00:23:43] <!%rosedoodle> BasilMilk when
[2022-12-13 00:23:45] <%cirex1312> fishySMUG fishySMUG fishySMUG fishySMUG fishySMUG
[2022-12-13 00:23:46] <@%Ikamamsume> I honestly do not really like most holo-live models
[2022-12-13 00:23:47] <ReiStarCosplay> I love your model style!
[2022-12-13 00:23:48] [Points] baezilla_k redeemed Cheem Screem (3 000)
[2022-12-13 00:23:49] <+FranCelineVT> model cheap, couldn't pay for nipple
[2022-12-13 00:23:49] <%DrDarkheart> give us the nipples
[2022-12-13 00:23:50] <%+Party_animal_21> But for real, I love your model though basilBasilHeart
[2022-12-13 00:23:50] <%SeiraWynn> Boo stole the nipples
[2022-12-13 00:23:54] <%Sozan> shiaPause
[2022-12-13 00:23:55] <%whimVT> where's the Bilk
[2022-12-13 00:24:00] <!%Fleshy> heck that person, ur model is bootiful and amazing and great  DOGGING
[2022-12-13 00:24:00] <patchworks12> You  look  adorable <3
[2022-12-13 00:24:01] <%$astraimp> no nipples for you degens basilPolite
[2022-12-13 00:24:07] <&%P2isonline> No nipples? What a whore
[2022-12-13 00:24:09] <%+Party_animal_21> LMAAOAOO BASIL
[2022-12-13 00:24:12] <!%rosedoodle> basil MILK! basil MILK! basil milk!!!!!!!
[2022-12-13 00:24:14] <!%+AstrelVT> @P2isonline thats what im saying
[2022-12-13 00:24:20] <!%rosedoodle> @P2isonline hi :)
[2022-12-13 00:24:22] <!%Hooty_Hoo_> LOL
[2022-12-13 00:24:22] <leandrawwz> nipples of justice
[2022-12-13 00:24:29] VIEWERS: 410
[2022-12-13 00:24:32] <%DrDarkheart> GIVEVUS YOUR BREAST MILK basilGun
[2022-12-13 00:24:33] <%Sozan> Honestly it's a conversation starter. "Hey bro what happened to your nips?"
[2022-12-13 00:24:33] <zealiit> rlly like how ur art is simple but so pretty
[2022-12-13 00:24:34] <Gracklegoof> pffft
[2022-12-13 00:24:35] <!%rosedoodle> IM THIRSTY MOMMY
[2022-12-13 00:24:35] <President_Rat_> Rat
[2022-12-13 00:24:36] <%+Party_animal_21> IT JUST GIVES YOU AN EXTRA PAIR OF EYES
[2022-12-13 00:24:36] <HexWild> Also, Cannocically, Boo the rat ripped your nipples off and ate them in her sandwich
[2022-12-13 00:24:37] <concernedweeb> It's nice to see a simple model after the tens of living renaissance paintings...of course that's no insults to the moving paintings
[2022-12-13 00:24:37] <!%rosedoodle> PWEASE
[2022-12-13 00:24:37] <!%+AstrelVT> BASIL MILK
[2022-12-13 00:24:37] <%whimVT> BILK WHEN!!!!
[2022-12-13 00:24:40] <zdravka_z> Basils nipples are so big we just cant see them XD
[2022-12-13 00:24:42] <%+theRx_> BUT CONSIDER: MILK
[2022-12-13 00:24:42] <!%+AstrelVT> MM MM MM
[2022-12-13 00:24:44] <%NBeeMC> BASIL MILK?!?! basilWAO
[2022-12-13 00:24:45] <%+thefantomweeb> basilPause 🥛
[2022-12-13 00:24:46] <%baezilla_k> BILK
[2022-12-13 00:24:46] <%NBeeMC> BILK?!?
[2022-12-13 00:24:48] <!%rosedoodle> I NEED BASIL MILF MILK
[2022-12-13 00:24:50] <!%rosedoodle> PWEASEEEE
[2022-12-13 00:24:51] <this_is_digi> Basil cut his hair with a sharp rock
[2022-12-13 00:24:52] <%+theRx_> BILK
[2022-12-13 00:24:52] <%Siaindas> BILK?
[2022-12-13 00:24:53] <!%Hooty_Hoo_> I love fleshy's model
[2022-12-13 00:24:53] <%+Party_animal_21> BILK
[2022-12-13 00:24:57] <!%+AstrelVT> BILK
[2022-12-13 00:24:58] <%whimVT> BILK!!!!!!!!
[2022-12-13 00:24:59] <!%+AstrelVT> BILK
[2022-12-13 00:25:00] <%baezilla_k> Dogis
[2022-12-13 00:25:00] <!%Fleshy> MommysTiddies WE ARE TALKING ABOUT U, I WILL EAT U
[2022-12-13 00:25:02] <!%+AstrelVT> BILK
[2022-12-13 00:25:04] <%baezilla_k> BILK
[2022-12-13 00:25:05] <JunkmonkeyZr0> oh gods..
[2022-12-13 00:25:08] <&%P2isonline> @rosedoodle p2isonSealPet
[2022-12-13 00:25:09] <!%rosedoodle> wow
[2022-12-13 00:25:11] <%DrDarkheart> ROSE NEEDS YOUR MILK TO LIVE
[2022-12-13 00:25:14] <!%Hooty_Hoo_> @Fleshy basilSniffa
[2022-12-13 00:25:14] <!%rosedoodle> he wont even give us shit..... damn
[2022-12-13 00:25:15] <Avittion> next to no nipples or nose. like most main characters in Ivalice
[2022-12-13 00:25:16] <%whimVT> gib us the BILK!!!!
[2022-12-13 00:25:28] <patchworks12> Your adorable!
[2022-12-13 00:25:35] <%+MilkieMooth> BILK PLEASE!
[2022-12-13 00:25:39] <%CharlieTehDragon> basilWiggle
[2022-12-13 00:25:40] <%$astraimp> basilLemonade_BW sippin on that basil milk
[2022-12-13 00:25:43] <%+thefantomweeb> BASED
[2022-12-13 00:25:43] <this_is_digi> You need a bra to support them yiddies you got
[2022-12-13 00:25:47] <%LightProject> basilSniffa
[2022-12-13 00:25:50] <!%Hooty_Hoo_> I really love all my friends models they are so good
[2022-12-13 00:25:51] <%CelesteThisMess> Hell yea Bravely Default!
[2022-12-13 00:25:52] <$alfiplum> bravely default based
[2022-12-13 00:25:53] <%+Party_animal_21> @avittion  WHAT ARE YOU DOING HERE
[2022-12-13 00:25:53] <!%rosedoodle> im so thirsty mommy buffpupCry
[2022-12-13 00:25:54] <%baezilla_k> bilk time
[2022-12-13 00:25:54] <Lovemaykillyou> @zdravka_z or maybe they are the tiniest liddlest widdlest nipples ever.
[2022-12-13 00:25:55] <!%CookieHana> LUL
[2022-12-13 00:25:56] <%+theRx_> D:
[2022-12-13 00:25:57] <%FenrirSlip> LUL
[2022-12-13 00:26:00] <%whimVT> NOOOO!!!!
[2022-12-13 00:26:01] <%SeiraWynn> yuniiSob yuniiSob yuniiSob yuniiSob
[2022-12-13 00:26:02] <%$frootyjester> basilPain
[2022-12-13 00:26:03] <+nullpretzel> @MilkieMooth Bilk Clinton
[2022-12-13 00:26:03] <%CharlieTehDragon> b-but!
[2022-12-13 00:26:03] <bunnycakens> buffpupCry buffpupCry
[2022-12-13 00:26:05] <Chiharuwolf> Nooooo!
[2022-12-13 00:26:07] <%$astraimp> basilLemonade_BW here rose
[2022-12-13 00:26:08] <Gracklegoof> NOOOOO
[2022-12-13 00:26:10] <HexWild> D:
[2022-12-13 00:26:11] <%cirex1312> basilBasilCry basilBasilCry basilBasilCry basilBasilCry basilBasilCry basilBasilCry basilBasilCry basilBasilCry
[2022-12-13 00:26:11] <%+theRx_> but do we get bilk instead of stick
[2022-12-13 00:26:11] <!%rosedoodle> foul things to me basilBasilCry
[2022-12-13 00:26:12] <%whimVT> basilDespair basilDespair basilDespair
[2022-12-13 00:26:12] <%DrDarkheart> BILK ME DADDY
[2022-12-13 00:26:13] <%+MilkieMooth> NOOO basilPain basilPain
[2022-12-13 00:26:15] <%$NanaruSuzuka> basilBasilCry basilBasilCry basilBasilCry basilBasilCry basilBasilCry
[2022-12-13 00:26:15] <doriboke> Smadge
[2022-12-13 00:26:15] <%CharlieTehDragon> buffpupCry buffpupCry buffpupCry
[2022-12-13 00:26:16] <Gracklegoof> D'':
[2022-12-13 00:26:17] <zdravka_z> @Lovemaykillyou prenY prenY prenY Now thats big brain
[2022-12-13 00:26:18] <%+Party_animal_21> BILK basilDespair
[2022-12-13 00:26:19] <JunkmonkeyZr0> Stick!!
[2022-12-13 00:26:20] <Lovemaykillyou> FallCry FallCry FallCry
[2022-12-13 00:26:25] <lawlielawlaw> did sopmebody say ff tactics
[2022-12-13 00:26:26] <patchworks12> hihihihihi
[2022-12-13 00:26:26] <%+Party_animal_21> LMAAOOO
[2022-12-13 00:26:28] <%baezilla_k> basilBasilCry basilBasilCry basilBasilCry basilBasilCry basilBasilCry
[2022-12-13 00:26:29] <$snepaii_> basilPolite basilPolite
[2022-12-13 00:26:29] <@stinkerwoof> Thanks for picking up the scent, impartialcredit!
[2022-12-13 00:26:30] <!%rosedoodle> BasilMilf Milk ™️ when?
[2022-12-13 00:26:31] <!%rosedoodle> BasilMilf Milk ™️ when?
[2022-12-13 00:26:31] <%cirex1312> BASIL GIGA CHAD DOGO rubrChad basilBasilHeart basilLaugh
[2022-12-13 00:26:31] <!%rosedoodle> BasilMilf Milk ™️ when?
[2022-12-13 00:26:32] <!%rosedoodle> BasilMilf Milk ™️ when?
[2022-12-13 00:26:32] <%$astraimp> basilLemonade_BW basilLemonade_BW basilLemonade_BW basilLemonade_BW basilLemonade_BW basilLemonade_BW
[2022-12-13 00:26:32] <@stinkerwoof> president_rat_ is now a Tier 1 Stinker!!!
[2022-12-13 00:26:33] [Notification] President_Rat_ subscribed at Tier 1.
[2022-12-13 00:26:33] VIEWERS: 410
[2022-12-13 00:26:33] <%+Party_animal_21> basilBasilCry basilBasilCry basilBasilCry basilBasilCry
[2022-12-13 00:26:35] <%Siaindas> basilBasilCry basilBasilCry basilBasilCry basilBasilCry
[2022-12-13 00:26:36] <this_is_digi> Basil you literally said you pissed in a makeup up bag how are we Foul lol
[2022-12-13 00:26:37] <!%rosedoodle> PRESIDENT RAT????
[2022-12-13 00:26:38] <!%rosedoodle> AYOOO
[2022-12-13 00:26:41] <!%rosedoodle> no i dont want THAT milk
[2022-12-13 00:26:42] <%DrDarkheart> BasilMilf Milk ™️ when?
[2022-12-13 00:26:44] <!%rosedoodle> i want MILK MILK
[2022-12-13 00:26:44] <Avittion> @Party_animal_21 I am everywhere. but also its a basil stream. why wouldn't I be here?
[2022-12-13 00:26:45] <!%rosedoodle> SMH
[2022-12-13 00:26:49] <zdravka_z> GONE
[2022-12-13 00:26:50] <%whimVT> UOH-----
[2022-12-13 00:26:51] <Chiharuwolf> Lmao
[2022-12-13 00:26:51] <%Sozan> LOL
[2022-12-13 00:26:51] <%whimVT> F
[2022-12-13 00:26:52] <%CharlieTehDragon> basilLaugh basilLaugh basilLaugh basilLaugh basilLaugh
[2022-12-13 00:26:52] <!%Hooty_Hoo_> NOOOO
[2022-12-13 00:26:53] <+FranCelineVT> HE'S A STICK
[2022-12-13 00:26:55] <patchworks12> Sus
[2022-12-13 00:26:57] <%+MilkieMooth> OPP-
[2022-12-13 00:26:57] <%baezilla_k> THE STICKS FREE LETS GET IT
[2022-12-13 00:26:57] <JunkmonkeyZr0> President Rat!  O7
[2022-12-13 00:26:58] <+Rorlus> The stick has taken over!!!
[2022-12-13 00:26:58] <doriboke> ppPoof
[2022-12-13 00:26:58] <EptdyVpsdy> At least we won't be distracted by the lack of nipples anymore
[2022-12-13 00:27:01] <Lovemaykillyou> Basil is gone, we can TAKE THE STICKS.
[2022-12-13 00:27:03] <%$frootyjester> basilDespair uh oh
[2022-12-13 00:27:03] <%SeiraWynn> Basil redebut, the stick
[2022-12-13 00:27:06] <%+theRx_> This Rat an Hold So Much Bilk
[2022-12-13 00:27:06] <%cirex1312> basilDespair basilGun
[2022-12-13 00:27:07] <%whimVT> I love ur new look basil
[2022-12-13 00:27:07] <%$astraimp> he is the stick
[2022-12-13 00:27:12] <%cirex1312> basilPain
[2022-12-13 00:27:13] <$alfiplum> basil is now stick
[2022-12-13 00:27:13] <%CharlieTehDragon> basilBasilCry basilBasilCry basilBasilCry basilBasilCry basilBasilCry
[2022-12-13 00:27:13] <bunnycakens> BasilStick
[2022-12-13 00:27:14] <%President_Rat_> punchRat punchRat2
[2022-12-13 00:27:15] <%whimVT> AH---
[2022-12-13 00:27:16] <%+Party_animal_21> @avittion you know what...that adds up. you watch chaotic people 😂 ITS GOOD TO SEE YOU AVI
[2022-12-13 00:27:20] <$Witch_Steria> Woah a stick vtuber how awesome
[2022-12-13 00:27:23] <%$astraimp> basilPolite
[2022-12-13 00:27:23] <%cirex1312> he transformed into stick! basilStick
[2022-12-13 00:27:23] <HexWild> MY IMMERSION REEE
[2022-12-13 00:27:25] <!%rosedoodle> first we get no milk, now we dont get sticked? aeroMadge
[2022-12-13 00:27:27] <%Kaienpeppers> basilSEE
[2022-12-13 00:27:27] <%whimVT> t posing in the woods
[2022-12-13 00:27:27] <%$frootyjester> basilPolite_SQ
[2022-12-13 00:27:29] <%+theRx_> oo
[2022-12-13 00:27:29] <%+thefantomweeb> buffpupStare
[2022-12-13 00:27:33] <Gracklegoof> the power
[2022-12-13 00:27:36] <this_is_digi> Basil is head empty. No thoughts
[2022-12-13 00:27:36] <@stinkerwoof> Thanks for picking up the scent, don_atelllo!
[2022-12-13 00:27:39] <$alfiplum> ooop what kind of curry ?
[2022-12-13 00:27:42] <%cirex1312> He's in a genjutsu
[2022-12-13 00:27:42] <%+Party_animal_21> Stick posing
[2022-12-13 00:27:46] <%cirex1312> basilLaugh
[2022-12-13 00:27:46] <%sunnimeadow> yummm curry
[2022-12-13 00:27:47] <%whimVT> basilRave
[2022-12-13 00:27:48] <%$DuWuALiTy_> Sup cuties
[2022-12-13 00:27:56] <%+MilkieMooth> oooo curry!
[2022-12-13 00:27:56] <%+quincussy> uhh
[2022-12-13 00:27:56] [Points] Ikamamsume redeemed Cheem Screem (3 000)
[2022-12-13 00:27:59] <zealiit> y did u put on a coat
[2022-12-13 00:27:59] <patchworks12> I miss ramen
[2022-12-13 00:28:02] <zealiit> free the tits
[2022-12-13 00:28:04] <%+Party_animal_21> don't forget the Bilk
[2022-12-13 00:28:14] <%whimVT> gonna draw bc you inspired me...!!!
[2022-12-13 00:28:15] <%+quincussy> commission work
[2022-12-13 00:28:16] <JunkmonkeyZr0> I'm going to work in about an hour
[2022-12-13 00:28:17] <felineicious> currently drawing
[2022-12-13 00:28:19] <%$DuWuALiTy_> fall guys~~~
[2022-12-13 00:28:20] <@stinkerwoof> Thanks for picking up the scent, destinythedragon!
[2022-12-13 00:28:20] <%+quincussy> probably some tcg
[2022-12-13 00:28:20] <concernedweeb> Eat, draw ocs
[2022-12-13 00:28:20] <%astroberry_> im gonna design my vtuber! o:
[2022-12-13 00:28:20] <this_is_digi> I'm gonna get a stick... not a wooden one tho
[2022-12-13 00:28:22] <!%+AstrelVT> idk probably gonna play games
[2022-12-13 00:28:22] <%+MilkieMooth> Drawing!
[2022-12-13 00:28:22] <$alfiplum> I'm in bed about to sleep 😴
[2022-12-13 00:28:24] <!%Hooty_Hoo_> im going to die slowly basilPolite
[2022-12-13 00:28:25] <%+Party_animal_21> I'm gonna make some hot tea for dinner
[2022-12-13 00:28:25] <!%CookieHana> im goin to get DINNER cookie105Leave
[2022-12-13 00:28:29] <Gracklegoof> calligraphy homework xD
[2022-12-13 00:28:31] <G3ckked> working on pokemon team portraits hehehe
[2022-12-13 00:28:33] <%limedragon83> Get food basilPause
[2022-12-13 00:28:34] VIEWERS: 449
[2022-12-13 00:28:38] <$snepaii_> Plan on drawing if i dont pass the fuck out XD
[2022-12-13 00:28:38] <MeraniiSan> Sleeping LUL
[2022-12-13 00:28:39] <this_is_digi> I have a question tho.... where are your nipples Basil....
[2022-12-13 00:28:43] <%+theRx_> Got half an hour till I can leave work, then probably into the dimly lit mines of Dwarf Fortress zentreSuffer
[2022-12-13 00:28:43] <Lovemaykillyou> Can we get picture of your curry?
[2022-12-13 00:28:44] <this_is_digi> Where did they go?
[2022-12-13 00:28:45] <HexWild> CULVERS? hexwilPause
[2022-12-13 00:28:45] <%$houndashi> Finishing up a drawing of YOU in one of the new hairstyles Basil basilBasilHeart basilBasilHeart basilBasilHeart basilBasilHeart
[2022-12-13 00:28:46] <zealiit> should i draw
[2022-12-13 00:28:48] <!%+AstrelVT> YOU GOT CULVERS??
[2022-12-13 00:28:49] <zdravka_z> Grunions are amazing
[2022-12-13 00:28:49] <%SeiraWynn> basilHyperZoom basilHyperZoom
[2022-12-13 00:28:54] <doriboke> Weird
[2022-12-13 00:28:54] <@%+BooTheRat> @this_is_digi they're in my mouth
[2022-12-13 00:28:55] <!%+AstrelVT> culvers goes harf
[2022-12-13 00:28:57] <!%+AstrelVT> hard
[2022-12-13 00:29:01] <!%+AstrelVT> HI BOOO
[2022-12-13 00:29:03] <%+Party_animal_21> Make dinner. watch YouTube or a show. then sleep and go to work maybe. unless I feel like shit and can't go still
[2022-12-13 00:29:04] <%whimVT> heheh HI BOOOOOO
[2022-12-13 00:29:06] <%cirex1312> buffpupSnacc I'm eating a burger buffpupComfy
[2022-12-13 00:29:10] <Avittion> games, cooking, moderating, the more games or if not anime.
[2022-12-13 00:29:11] <@%+BooTheRat> HI ASTRELLLL
[2022-12-13 00:29:14] <%SeiraWynn> Boo is here tooooo!!
[2022-12-13 00:29:16] <!%+AstrelVT> OH BOO I GOT A QUESTION FOR YOU
[2022-12-13 00:29:16] <%cirex1312> yes please I love food buffpupSnacc
[2022-12-13 00:29:22] <@%+BooTheRat> wideBasil  wideBasil  wideBasil  wideBasil  wideBasil
[2022-12-13 00:29:24] <goldballistics> yo whats up i have seen you in a long time
[2022-12-13 00:29:26] <%cirex1312> buffpup4K buffpupBigoleyes
[2022-12-13 00:29:26] <@%+BooTheRat> U GUYS ARE AWESOME
[2022-12-13 00:29:29] <this_is_digi> @bootherat .... I'm not bad about this response
[2022-12-13 00:29:30] <%DrDarkheart> i mean you're also both really hot
[2022-12-13 00:29:32] <@stinkerwoof> Thanks for picking up the scent, henriehour!
[2022-12-13 00:29:34] <$snepaii_> I've been meaning to make fanart of you guys ;^;
[2022-12-13 00:29:36] <felineicious> they're super charming
[2022-12-13 00:29:38] <@%+BooTheRat> @this_is_digi HAHAHAA
[2022-12-13 00:29:43] <%+MilkieMooth> all deserved!!
[2022-12-13 00:29:45] <%cirex1312> you have great characters ikeepitLOVERBOI basilBasilHeart
[2022-12-13 00:29:51] <felineicious> ooooooooooooh
[2022-12-13 00:29:53] <@%+BooTheRat> @DrDarkheart boothe5Plead boothe5Plead boothe5Plead
[2022-12-13 00:30:01] <this_is_digi> @bootherat WAIT does that mean I'm canonically his child??
[2022-12-13 00:30:02] <%whimVT> fr- my friend showed you two to me and I've been in loooove with your models and vibes since!!
[2022-12-13 00:30:06] <!%+AstrelVT> @BooTheRat could you check your discord dms for me rq?
[2022-12-13 00:30:07] <@%+BooTheRat> Dogis  Dogis  Dogis  Dogis  Dogis  Dogis  Dogis  Dogis
[2022-12-13 00:30:08] <HexWild> Buff's Bulge is NOT small! Smadge
[2022-12-13 00:30:17] <goldballistics> hello there
[2022-12-13 00:30:19] <%cirex1312> buffpupOMEGALUL buffpupOMEGALUL buffpupOMEGALUL buffpupOMEGALUL
[2022-12-13 00:30:25] <%SeiraWynn> BOO MODEL BOO MODEL
[2022-12-13 00:30:30] <%whimVT> mwah mwah!!! basilBasilHeart basilStick basilStick
[2022-12-13 00:30:31] <$alfiplum> WAITING FOR BOOS DEBUT
[2022-12-13 00:30:33] <%limedragon83> basilPause
[2022-12-13 00:30:34] VIEWERS: 382
[2022-12-13 00:30:35] <%astroberry_> omg i cant wait for boo model ;-;
[2022-12-13 00:30:36] <%whimVT> big ol boo biddies
[2022-12-13 00:30:37] <+FranCelineVT> going all out
[2022-12-13 00:30:37] <bunnycakens> I'M SO EXCITED
[2022-12-13 00:30:39] <!%+AstrelVT> BOO MODEL
[2022-12-13 00:30:39] <@%+BooTheRat> the great cryptid BOO MODEL
[2022-12-13 00:30:40] <%+thefantomweeb> As one does buffpupPrayge
[2022-12-13 00:30:42] <@%$kalypsoooo_> I can and will cry real tears when boo moves
[2022-12-13 00:30:44] <bunnycakens> BOO IS KY FAVORITE
[2022-12-13 00:30:46] <@%+BooTheRat> DEBOOOOOO
[2022-12-13 00:30:48] <Gracklegoof> the ad for your debut was amazing btw! it's what drew me here
[2022-12-13 00:30:53] <%whimVT> DEBOO HEHEHHH
[2022-12-13 00:30:53] <%+theRx_> The BooBut
[2022-12-13 00:30:55] <%whimVT> that's so cute
[2022-12-13 00:30:59] <concernedweeb> Idk if I said this, but I really do enjoy the simpler looking models in the sea of living renaissance paintings...but all those models are great-
[2022-12-13 00:31:01] <@%+BooTheRat> im gonna be giggling like a lil girl when i can move!
[2022-12-13 00:31:01] <@stinkerwoof> Thanks for picking up the scent, sailoreeee!
[2022-12-13 00:31:04] <%whimVT> I'M SO HYYYYYPE
[2022-12-13 00:31:04] <@%Ikamamsume> !so @BooTheRat
[2022-12-13 00:31:06] <@stinkerwoof> @Ikamamsume GO FOLLOW bootherat THEY ARE EPIC! They were playing Pokémon Scarlet/Violet https://www.twitch.tv/bootherat
[2022-12-13 00:31:06] <%President_Rat_> punchRat punchRat2
[2022-12-13 00:31:07] <!%+AstrelVT> WE GONNA GET A REASON OF WHY BOO CAME TO THE FOREST
[2022-12-13 00:31:09] <@%+BooTheRat> awwww thanks basil I LOVE U
[2022-12-13 00:31:10] <%Kaienpeppers> :} sounds amazin
[2022-12-13 00:31:11] <!%Hooty_Hoo_> boo is a war criminal basilPolite
[2022-12-13 00:31:15] <this_is_digi> Boos a city rat and Basil is just a country dog
[2022-12-13 00:31:15] <@stinkerwoof> JOIN THE DISCORD: https://discord.gg/stinky-hollow
[2022-12-13 00:31:17] <@%Ikamamsume> !whodat bootherat
[2022-12-13 00:31:18] <@%+BooTheRat> @President_Rat_ THESE EMOTES
[2022-12-13 00:31:25] <@%Ikamamsume> !lore
[2022-12-13 00:31:25] <@stinkerwoof> @Ikamamsume check out Basil's lore video on youtube https://www.youtube.com/watch?v=vzDx4QLqhhM
[2022-12-13 00:31:29] <@%Ikamamsume> !7tv
[2022-12-13 00:31:29] <@stinkerwoof> @Ikamamsume Can you see this? basilBlend if not, be sure to download the 7TV plugin! 7tv.app
[2022-12-13 00:31:33] <@%+BooTheRat> @Hooty_Hoo_ basilPolite destroyer of worlds
[2022-12-13 00:31:34] <%whimVT> OOOOOOO
[2022-12-13 00:31:36] <HexWild> Boo's my favorite fictional lore video character boothe5Plead
[2022-12-13 00:31:37] <%Kaienpeppers> OOOo will we get a map???
[2022-12-13 00:31:37] <%whimVT> YO!!!!
[2022-12-13 00:31:38] <@%Ikamamsume> SOOSHY  SOOSHY  SOOSHY  SOOSHY
[2022-12-13 00:31:40] <%+MilkieMooth> OOOOOOO!
[2022-12-13 00:31:43] <%$frootyjester> basilPog ooo that sounds sick
[2022-12-13 00:31:43] <%astroberry_> WHAT THATS COOL AS SHIT
[2022-12-13 00:31:47] <@%+BooTheRat> @HexWild LMFAO
[2022-12-13 00:31:49] <@%$kalypsoooo_> !socials
[2022-12-13 00:31:50] <@stinkerwoof> @kalypsoooo_ __________________________________________________TWITTER: https://twitter.com/BasilWoof_ DISCORD: https://discord.gg/UWQBYSCTR6  TIKTOK: https://www.tiktok.com/@basil_woof YOUTUBE:https://youtube.com/@basilwoof7256 ___________________________________________________
[2022-12-13 00:31:51] <!%+AstrelVT> boo killer
[2022-12-13 00:31:52] <@%$kalypsoooo_> JOIN DISCORD
[2022-12-13 00:31:57] <zealiit> WE GOTTA FISHHH
[2022-12-13 00:32:01] <!%+AstrelVT> can we go to mcdonalds
[2022-12-13 00:32:04] <m00negg> dude im here for it
[2022-12-13 00:32:05] <doriboke> i watched it earlier today and its so good dogJAM
[2022-12-13 00:32:10] <@%+BooTheRat> we will have a mcdonalds fish
[2022-12-13 00:32:18] <!%+AstrelVT> WOOOOOOOOOO
[2022-12-13 00:32:22] <%astroberry_> LOLolLOLO
[2022-12-13 00:32:22] <@%+BooTheRat> we have different fish flavored after various fast food places.
[2022-12-13 00:32:23] <!%Hooty_Hoo_> a Mc Fish
[2022-12-13 00:32:26] <!%+AstrelVT> BIGMAC FISH
[2022-12-13 00:32:26] <@%$kalypsoooo_> Boo boothe5Plead you promise?
[2022-12-13 00:32:29] <@%+BooTheRat> the baja blast fish is my favorite
[2022-12-13 00:32:30] <%whimVT> other guys will feed u lies but basil will take u to mickey d's!!!!!!!!
[2022-12-13 00:32:31] <%Kaienpeppers> Just a red fish
[2022-12-13 00:32:34] VIEWERS: 382
[2022-12-13 00:32:35] <HexWild> EW gross.. can we get a Culvers Fish? hexwilPause
[2022-12-13 00:32:38] <%whimVT> hahahaha
[2022-12-13 00:32:39] <@%+BooTheRat> @kalypsoooo_ of course. would i ever lie to u.
[2022-12-13 00:32:40] <rocketgruntdru> in Canada we have the mclobster
[2022-12-13 00:32:45] <%astroberry_> u can buy filet o fishes and then throw them in the fishing lake thats coming LOL
[2022-12-13 00:32:46] <!%+AstrelVT> @BooTheRat slurp fish from fortnite
[2022-12-13 00:32:49] <%baezilla_k> i want them to bring back the snackwraps so bad
[2022-12-13 00:32:49] <%astroberry_> so we cna fish them out
[2022-12-13 00:32:50] <@%+BooTheRat> TRU
[2022-12-13 00:32:58] <MoreMagical> Can we have a goldfish?
[2022-12-13 00:33:00] <+nullpretzel> McFistme
[2022-12-13 00:33:01] <%baezilla_k> ik it will never happen tho, god im hungry
[2022-12-13 00:33:02] <concernedweeb> They artificially color it red with fries in the shape of an M
[2022-12-13 00:33:03] <rocketgruntdru> oh pog!!!
[2022-12-13 00:33:05] <m00negg> lol just have a both in the background
[2022-12-13 00:33:06] <!%+AstrelVT> yo boo got a question for you
[2022-12-13 00:33:10] <@%+BooTheRat> im so excited to design a fish
[2022-12-13 00:33:11] <zealiit> in france we just have the filet o fish ;;
[2022-12-13 00:33:13] <%BluePixieArt> i did my hand hurtie again and rendered the braids
[2022-12-13 00:33:16] <%cirex1312> mc lobster is a thing? buffpupDisappear
[2022-12-13 00:33:23] <%BluePixieArt> i did crunchy basil outlines
[2022-12-13 00:33:25] <%astroberry_> GOLD STICK
[2022-12-13 00:33:25] <!Zambiie> YOOO
[2022-12-13 00:33:29] <felineicious> :0
[2022-12-13 00:33:30] <!%Hooty_Hoo_> basilStick YOOO
[2022-12-13 00:33:30] <%Kaienpeppers> So we will have enconomy??? : O
[2022-12-13 00:33:33] <%CharlieTehDragon> basilStinkybasil
[2022-12-13 00:33:36] <%cirex1312> I imagine Japan's mc donalds is S tier
[2022-12-13 00:33:40] <Gracklegoof> 8^D
[2022-12-13 00:33:53] <wisteria_hysteria2> The triple star platinum stick
[2022-12-13 00:33:55] <!%+AstrelVT> OH BASIL you gotta send the bald basil picture into the discord so we can all draw hairstyles on you
[2022-12-13 00:33:56] <blackfrostflakes> Hello Basil 🖤
[2022-12-13 00:34:04] <%BluePixieArt> i didnt shade it but yea crunchy braids in the dms for later <3
[2022-12-13 00:34:09] <!%Hooty_Hoo_> yo someone gave me 100000 doubloons the other day im fuckn loaded
[2022-12-13 00:34:10] <%astroberry_> YES
[2022-12-13 00:34:11] <felineicious> YES
[2022-12-13 00:34:11] <!%+AstrelVT> YES
[2022-12-13 00:34:13] <%$astraimp> YEAH
[2022-12-13 00:34:13] <%+MilkieMooth> YES!
[2022-12-13 00:34:13] <@%$kalypsoooo_> YEAH LET US DESIGN YOU HAIR
[2022-12-13 00:34:14] <%starniva> YES
[2022-12-13 00:34:14] <%CharlieTehDragon> oo that sounds fun!
[2022-12-13 00:34:16] <!Zambiie> SpeedL  ratArrive  SpeedR
[2022-12-13 00:34:20] <%$astraimp> BALD
[2022-12-13 00:34:22] <%whimVT> PLSSSS
[2022-12-13 00:34:23] <!Zambiie> how are ya!
[2022-12-13 00:34:25] <Gracklegoof> YES
[2022-12-13 00:34:27] <JKLibra> luks gud tho
[2022-12-13 00:34:32] <!%Hooty_Hoo_> zambi!
[2022-12-13 00:34:34] VIEWERS: 476
[2022-12-13 00:34:36] <!Zambiie> 0:
[2022-12-13 00:34:36] <Gracklegoof> is the discord subs only? :0
[2022-12-13 00:34:40] <HexWild> Didn't you draw a Zambiie rat? last month?.. or did you just draw Boo? hexwilHmm
[2022-12-13 00:34:40] <!Zambiie> @Hooty_Hoo_ HEEEY
[2022-12-13 00:34:42] <@%$kalypsoooo_> !discord
[2022-12-13 00:34:42] <@stinkerwoof> @kalypsoooo_ JOIN THE DISCORD: https://discord.gg/stinky-hollow
[2022-12-13 00:34:42] <@%+BooTheRat> @Zambiie  boosussy  boosussy  boosussy  boosussy  boosussy ZAMBIE
[2022-12-13 00:34:44] <%BluePixieArt> FAEWGERG TWITCH PLS APPROVE MY EMOTES SO I CAN SPAM STUPID SHITPOSTS PLEASE
[2022-12-13 00:34:47] <@%$kalypsoooo_> JOIN US IN DISCORD
[2022-12-13 00:34:52] <%$Im_Shroomer> Hello Mr.Wolf, I hope you are feeling better
[2022-12-13 00:34:53] <concernedweeb> Joined
[2022-12-13 00:34:55] <%BluePixieArt> i put the california gurls meme in my emotes i NEED IT
[2022-12-13 00:35:00] <!Zambiie> @HexWild oh that was a bun!
[2022-12-13 00:35:00] <JKLibra> hmmm
[2022-12-13 00:35:04] <JKLibra> !discord
[2022-12-13 00:35:04] <@stinkerwoof> @JKLibra JOIN THE DISCORD: https://discord.gg/stinky-hollow
[2022-12-13 00:35:04] <yokai00987> !discord
[2022-12-13 00:35:11] <&%P2isonline> @BluePixieArt It takes a while, even for me
[2022-12-13 00:35:15] <concernedweeb> Sweet, the creative share channel is my hut
[2022-12-13 00:35:19] <@%$kalypsoooo_> !socials
[2022-12-13 00:35:19] <@stinkerwoof> @kalypsoooo_ __________________________________________________TWITTER: https://twitter.com/BasilWoof_ DISCORD: https://discord.gg/UWQBYSCTR6  TIKTOK: https://www.tiktok.com/@basil_woof YOUTUBE:https://youtube.com/@basilwoof7256 ___________________________________________________
[2022-12-13 00:35:27] <HexWild> @HexWild Ohhh yeah! that's riiiight cookie105Hmm
[2022-12-13 00:35:34] <%cirex1312> giwiLove basilBasilHeart ikeepitLOVERBOI
[2022-12-13 00:35:37] <@%+BooTheRat> bork  bork  bork
[2022-12-13 00:35:43] <%whimVT> <3 <3 <3
[2022-12-13 00:35:48] <@%+BooTheRat> hes borking!
[2022-12-13 00:35:50] <%+theRx_> bork
[2022-12-13 00:35:51] <!%Hooty_Hoo_> bork
[2022-12-13 00:35:55] <@%$kalypsoooo_> bork
[2022-12-13 00:35:59] <!Zambiie> wideBasil WHAT
[2022-12-13 00:36:05] <!%+AstrelVT> i wanna talk more in the discord but it do be hard for me to just join in mid convo
[2022-12-13 00:36:09] <%astroberry_> bork
[2022-12-13 00:36:22] <JKLibra> bork
[2022-12-13 00:36:23] <!%BunChata> wideBasil
[2022-12-13 00:36:30] <%BluePixieArt> you get instant uploads after streaming for certain amounts but since i got affiliate like YESTERDAY i havent streamed since getting it
[2022-12-13 00:36:33] <JKLibra> brasilwoof
[2022-12-13 00:36:33] <!Zambiie> LMAOO
[2022-12-13 00:36:35] VIEWERS: 476
[2022-12-13 00:36:50] <!%+AstrelVT> astrel11Smug
[2022-12-13 00:36:58] <+PowerBagel> no lie, most of the time everyone is cool with you just cutting in with a friendly or chill greeting (this applies most places)
[2022-12-13 00:36:59] <!%Hooty_Hoo_> SNIFFA
[2022-12-13 00:37:06] <%$Im_Shroomer> If there is a dog at a party thats where you will find me
[2022-12-13 00:37:06] <felineicious> WIOW
[2022-12-13 00:37:08] <!%+AstrelVT> Basil is irl dog
[2022-12-13 00:37:09] <JunkmonkeyZr0> wow
[2022-12-13 00:37:10] <zdravka_z> prenLUL prenLUL prenLUL prenLUL
[2022-12-13 00:37:12] <JunkmonkeyZr0> LUL
[2022-12-13 00:37:14] <@%+BooTheRat> i cant wait to quit my job and partner push basilPolite
[2022-12-13 00:37:15] <!%BunChata> i like when Basil re-enters our chats just to say I'LL KILL THEM and disappears again it's great!
[2022-12-13 00:37:20] <%whimVT> basilSniffa
[2022-12-13 00:37:21] <%+thefantomweeb> I will forever pet the party dog basilWiggle
[2022-12-13 00:37:30] <!Zambiie> @BooTheRat BOO PARTNER REEEAAL
[2022-12-13 00:37:30] <%astroberry_> holy shet
[2022-12-13 00:37:35] <@%+BooTheRat> SUMMER will be my partner push
[2022-12-13 00:37:35] <%astroberry_> lets get boo partner
[2022-12-13 00:37:41] <@%+BooTheRat> @Zambiie BLEASEEEEE
[2022-12-13 00:37:43] <@%+BooTheRat> I CRY
[2022-12-13 00:37:43] <!%+AstrelVT> i honestly think she could hit partner in a month or two
[2022-12-13 00:37:44] <&%P2isonline> Yeah then they like Boo better
[2022-12-13 00:37:46] <!%Hooty_Hoo_> heck yea boo
[2022-12-13 00:37:48] <%BluePixieArt> @BooTheRat if you can stream over midnight you could probably do it easily
[2022-12-13 00:37:48] <brettsticc> boothe5Rave boothe5Rave boothe5Rave boothe5Rave boothe5Rave
[2022-12-13 00:37:49] <@%+BooTheRat> LMAO
[2022-12-13 00:37:51] <@%+BooTheRat> MAYBE
[2022-12-13 00:37:51] <@%$kalypsoooo_> You know we love boo boothe5Plead
[2022-12-13 00:37:54] <@%+BooTheRat> HAHAHA
[2022-12-13 00:37:55] <WhiteBearLPW> #BooForPartner
[2022-12-13 00:37:56] <!%BunChata> fuck them kids!
[2022-12-13 00:38:01] <JKLibra> the boo piece is rea-
[2022-12-13 00:38:05] <Avittion> i found basil thru boo actually. and boo thru kona.
[2022-12-13 00:38:08] <%Kaienpeppers> lol
[2022-12-13 00:38:10] <@%+BooTheRat> U GUYS GOTTA LIVE THE DOG
[2022-12-13 00:38:18] <@%+BooTheRat> @Avittion CHEEEEESED LOVE KONER
[2022-12-13 00:38:19] <+nullpretzel> #FREEDARRAT BOGGLERS
[2022-12-13 00:38:29] <@%+BooTheRat> LOVE*
[2022-12-13 00:38:34] <&%P2isonline> make me
[2022-12-13 00:38:34] <!%+AstrelVT> i found these stinkers through ron and its been the best year in terms of my online time
[2022-12-13 00:38:35] <@%Ikamamsume> !so @kona_kei
[2022-12-13 00:38:36] Viewerstats (00:10-00:38): avg:412 min:362 max:564 [15/388−15+0−4+0+195−154+0+0+39−67+0+94+0−114]
[2022-12-13 00:38:36] VIEWERS: 362
[2022-12-13 00:38:37] <@stinkerwoof> @Ikamamsume GO FOLLOW kona_kei THEY ARE EPIC! They were playing God of War Ragnarök https://www.twitch.tv/kona_kei
[2022-12-13 00:38:41] <zealiit> just posted my art on the serv !
[2022-12-13 00:38:53] <!%BunChata> i do love Basil! but he keeps locking me out of his house :/
[2022-12-13 00:39:07] <SpiderMonkeyFire> I found out about the both of you through Honey Goblin
[2022-12-13 00:39:08] <&%P2isonline> @BunChata rude wtf
[2022-12-13 00:39:15] <$alfiplum> been a fun time to hang out in nihmunSnuggle nihmunSnuggle
[2022-12-13 00:39:24] <@%$kalypsoooo_> @bunchata I’ll kick him in the shin for you
[2022-12-13 00:39:26] <!Zambiie> omg choo choo charles
[2022-12-13 00:39:27] <%cirex1312> MineCwaft! OwO
[2022-12-13 00:39:29] <@%+BooTheRat> OR?
[2022-12-13 00:39:30] <%cirex1312> rubrHype
[2022-12-13 00:39:35] <%$astraimp> Wait it dropped finally??
[2022-12-13 00:39:36] <%CharlieTehDragon> basilBasilHeart
[2022-12-13 00:39:38] <%Sly_Nyx> Choo Choo Charles is way higher quality than I expected
[2022-12-13 00:39:38] <%+MilkieMooth> choo choo owo
[2022-12-13 00:39:41] <%starniva> basilBasilHeart
[2022-12-13 00:39:45] <@%+BooTheRat> U DESERVE IT SMELLY
[2022-12-13 00:39:46] <%Kaienpeppers> rubrWigl rubrWigl rubrWigl rubrWigl
[2022-12-13 00:39:52] <%cirex1312> I love the company you give us giwiLove basilBasilHeart
[2022-12-13 00:39:52] <@stinkerwoof> Thanks for picking up the scent, italicmetalic!
[2022-12-13 00:39:54] <bunnycakens> I love supporting you guys!
[2022-12-13 00:39:56] <!%BunChata> White
[2022-12-13 00:39:56] <!%Hooty_Hoo_> oh no
[2022-12-13 00:39:58] <@%Ikamamsume> yeah I noticed
[2022-12-13 00:40:01] <%cirex1312> it's always so much fun
[2022-12-13 00:40:07] <@%$kalypsoooo_> Probably bc you ENDED STREAM
[2022-12-13 00:40:12] <JunkmonkeyZr0> I think it broke when everything else broke
[2022-12-13 00:40:13] <@%Ikamamsume> but I didn't want to call you out on stream and make you feel self-conscious
[2022-12-13 00:40:18] [Notification] henriehour subscribed with Prime.
[2022-12-13 00:40:18] <@stinkerwoof> henriehour is now a Tier 1 Stinker!!!
[2022-12-13 00:40:22] <%CharlieTehDragon> Always happy when i can show awesome people support basilBasilHeart
[2022-12-13 00:40:22] <%$astraimp> White u_u
[2022-12-13 00:40:27] <%LightProject> PrideHeartL PrideHeartR
[2022-12-13 00:40:28] <doriboke> RatRun
[2022-12-13 00:40:28] <!%+AstrelVT> RatRUN
[2022-12-13 00:40:31] <!%+AstrelVT> RatRun
[2022-12-13 00:40:37] <zealiit> hellooo
[2022-12-13 00:40:37] <@%+BooTheRat> RatRun  boosussy  RatRun  boosussy  RatRun  boosussy  RatRun  boosussy
[2022-12-13 00:40:38] <%cirex1312> basilBasilHeart basilBasilHeart basilBasilHeart basilBasilHeart basilBasilHeart basilBasilHeart basilBasilHeart basilBasilHeart basilBasilHeart basilBasilHeart basilBasilHeart
[2022-12-13 00:40:38] <%starniva> basilStick basilStick
[2022-12-13 00:40:38] VIEWERS: 362
[2022-12-13 00:40:39] <@stinkerwoof> Thanks for picking up the scent, blackfrostflakes!
[2022-12-13 00:40:39] <%astroberry_> basilStick basilStick basilStick basilStick
[2022-12-13 00:40:40] <$snepaii_> basilBasilHeart basilStick
[2022-12-13 00:40:42] <@%$kalypsoooo_> WELCOME THEM WITH STICK
[2022-12-13 00:40:47] <%Kaienpeppers> RatRun  RatRun  RatRun
[2022-12-13 00:40:47] <!%BunChata> RatRun
[2022-12-13 00:40:47] <@%$kalypsoooo_> basilStick basilStick
[2022-12-13 00:40:47] <%LightProject> SpeedL  RatRun  SpeedR
[2022-12-13 00:40:50] <%+thefantomweeb> basilStick basilStick
[2022-12-13 00:40:51] <%$astraimp> boosussy
[2022-12-13 00:40:51] <!Zambiie> RatRun  RatRun  RatRun  RatRun
[2022-12-13 00:40:52] <!%Hooty_Hoo_> basilGasp new stimpker
[2022-12-13 00:40:52] <%+MilkieMooth> basilBasilHeart basilBasilHeart basilBasilHeart basilBasilHeart
[2022-12-13 00:40:55] <%+sweket> only 2 hours
[2022-12-13 00:40:57] <%astroberry_> basilSniffa basilSniffa basilSniffa basilSniffa basilSniffa
[2022-12-13 00:40:59] <%+boiiamisad> basilBasilHeart
[2022-12-13 00:41:06] <+ichibanb> mangobirbDance mangobirbDance mangobirbDance mangobirbDance mangobirbDance mangobirbDance mangobirbDance mangobirbDance mangobirbDance
[2022-12-13 00:41:07] <@%+BooTheRat> YAH
[2022-12-13 00:41:09] <!%+AstrelVT> Basil im gonna make another spray paint piece for boo
[2022-12-13 00:41:10] <this_is_digi> Basil being a flop at stream confirmed lol
[2022-12-13 00:41:13] <!%+AstrelVT> so there will be two
[2022-12-13 00:41:18] <@%+BooTheRat> boosussy  RatRun  boosussy  RatRun  boosussy  RatRun
[2022-12-13 00:41:24] <%LightProject> boowaifucup
[2022-12-13 00:41:27] <%+quincussy> oh joy
[2022-12-13 00:41:36] <%$frootyjester> the spirit of marge broke ur ribs
[2022-12-13 00:41:38] <+ichibanb> mangobirbBrows
[2022-12-13 00:41:39] <&%P2isonline> If you die, I'll give Boo your partner badge
[2022-12-13 00:41:40] <!%BunChata> i hate having channel points it pisses me off
[2022-12-13 00:41:41] <plush_bbites> SHID????
[2022-12-13 00:41:47] <%cirex1312> basilWAO MOAR!
[2022-12-13 00:41:47] <%+thefantomweeb> basilPause I like meeting new ppl basilStick
[2022-12-13 00:41:48] <%BluePixieArt> i finished fluffy haired basil basilWiggle so i posted it LUL
[2022-12-13 00:41:50] <%$astraimp> basilLemonade_BW basilBeans basilPolite basilBeans_HF basilLemonade_BW
[2022-12-13 00:41:52] <@%$kalypsoooo_> WHO WE RAIDIN. basilPolite
[2022-12-13 00:42:00] [Points] BunChata redeemed Cheem Screem (3 000)
[2022-12-13 00:42:01] <%cirex1312> I NEED MOAR I MUST SEE MUPPET POTION ikeepitRAREBOI
[2022-12-13 00:42:07] <@%Ikamamsume> verach3Nothing verach3Nothing verach3Nothing verach3Nothing verach3Nothing verach3Nothing verach3Nothing verach3Nothing verach3Nothing verach3Nothing verach3Nothing verach3Nothing verach3Nothing
[2022-12-13 00:42:07] <%astroberry_> basilLemonade basilLemonade basilLemonade basilLemonade
[2022-12-13 00:42:07] <!%BunChata> i wanna kill basilplier he's my enemy
[2022-12-13 00:42:07] <%+henriehour> I remember seeing you when you were a png a while back!! your art style is wonderful and ur energy is unmatched. you deserve all the support and more!
[2022-12-13 00:42:09] <%cirex1312> basilLaugh basilLaugh basilLaugh basilLaugh
[2022-12-13 00:42:10] <%whimVT> love 2 shid and screm
[2022-12-13 00:42:14] <!%+AstrelVT> fisk is streaming basilLaugh basilSEE basilSEE basilSEE
[2022-12-13 00:42:15] <%whimVT> basilLemonade basilLemonade basilLemonade
[2022-12-13 00:42:15] <@%$kalypsoooo_> JOWOL? basilSEE
[2022-12-13 00:42:17] <@%+BooTheRat> TECHY BACk
[2022-12-13 00:42:18] <@%$kalypsoooo_> OH
[2022-12-13 00:42:19] <%CharlieTehDragon> YES
[2022-12-13 00:42:21] <@%$kalypsoooo_> TECHY LETS GOOOOO
[2022-12-13 00:42:22] <!%Hooty_Hoo_> YES
[2022-12-13 00:42:23] <Gracklegoof> enjoy food!
[2022-12-13 00:42:25] <@%$kalypsoooo_> rikkuRaveblin rikkuRaveblin rikkuRaveblin
[2022-12-13 00:42:28] <zdravka_z> SNAKIESSS <3
[2022-12-13 00:42:28] <@%+BooTheRat> AWWWWW
[2022-12-13 00:42:31] <%$astraimp> basilLemonade basilBeans basilPolite basilBeans_HF basilLemonade
[2022-12-13 00:42:32] <%MariaNekoNyan> basilRave basilRave
[2022-12-13 00:42:33] <@stinkerwoof> Thanks for picking up the scent, enviousscythe!
[2022-12-13 00:42:34] <%Kaienpeppers> Awwwww
[2022-12-13 00:42:34] <!%+AstrelVT> HELL YEAH
[2022-12-13 00:42:35] <%LightProject> LETSGO
[2022-12-13 00:42:35] <bunnycakens> buffpupHypeE buffpupHypeE buffpupHypeE buffpupHypeE buffpupHypeE
[2022-12-13 00:42:36] <leandrawwz> oh i love that brand
[2022-12-13 00:42:36] <%+thefantomweeb> basilWAO basilWAO basilWAO
[2022-12-13 00:42:36] <%cirex1312> Aww poor egg boi basilBasilCry
[2022-12-13 00:42:37] <@%+BooTheRat> TREATS FOR A GOOD BOY
[2022-12-13 00:42:38] <this_is_digi> I still must know why does Basil have no nipps? Where'd they go?
[2022-12-13 00:42:39] VIEWERS: 447
[2022-12-13 00:42:41] <%MariaNekoNyan> hii ! :3
[2022-12-13 00:42:41] <@stinkerwoof> Thanks for picking up the scent, hairyhairyballs!
[2022-12-13 00:42:41] <%+MilkieMooth> basilRave basilRave basilRave basilRave
[2022-12-13 00:42:41] <@%$kalypsoooo_> boothe5Rave boothe5Rave boothe5Rave
[2022-12-13 00:42:42] <zdravka_z> ITS SUCH A GOOD CHOICE
[2022-12-13 00:42:42] <%cirex1312> basilRave basilRave basilRave basilRave basilRave basilRave basilRave basilRave basilRave
[2022-12-13 00:42:44] <%$astraimp> basilBeans_HF basilBeans  clappers
[2022-12-13 00:42:54] <zdravka_z> I did sweet!
[2022-12-13 00:42:54] <%Sozan> basilRave
[2022-12-13 00:42:56] <TaraLiaster> it was " zdravka "
[2022-12-13 00:42:56] <@%$kalypsoooo_> Welcome, @hairyhairyballs
[2022-12-13 00:43:01] <@%$kalypsoooo_> Lol
[2022-12-13 00:43:02] <@%+BooTheRat> it was zdravka!
[2022-12-13 00:43:08] <!%CookieHana> Hey basil
[2022-12-13 00:43:14] <%$astraimp> ASFDASD
[2022-12-13 00:43:16] <!%CookieHana> YO MAMA
[2022-12-13 00:43:17] <@%$kalypsoooo_> Hana boothe5Plead
[2022-12-13 00:43:17] <zdravka_z> Being a fellow Aussie, its amazing <3
[2022-12-13 00:43:19] <!%+AstrelVT> cant wait to draw hair on basil
[2022-12-13 00:43:22] <@%+BooTheRat> shiaGib
[2022-12-13 00:43:23] <%$astraimp> GOT EM
[2022-12-13 00:43:23] <%+thefantomweeb> buffpupOMEGALUL
[2022-12-13 00:43:24] <%cirex1312> fairyl1Jam fairyl1Jam fairyl1Jam fairyl1Jam fairyl1Jam fairyl1Jam fairyl1Jam fairyl1Jam fairyl1Jam
[2022-12-13 00:43:25] <@%Ikamamsume> hana already got the stick
[2022-12-13 00:43:29] <!%+AstrelVT> YO MAMA
[2022-12-13 00:43:33] <RedDragonMA> Hiya Basil!! This is my first stream to see you
[2022-12-13 00:43:33] <!%CookieHana> HEHEEHEEEEHEEEHEEE
[2022-12-13 00:43:34] <@stinkerwoof> Thanks for picking up the scent, tsaroh!
[2022-12-13 00:43:37] <%cirex1312> basilWAO basilWAO basilWAO basilWAO basilWAO basilWAO basilWAO
[2022-12-13 00:43:38] <&%P2isonline> Who gonna stop her?
[2022-12-13 00:43:39] <@%$kalypsoooo_> everyone yo mama Basil
[2022-12-13 00:43:43] BAN: AstrelVT (600s)
[2022-12-13 00:43:47] <%cirex1312> buffpupCry buffpupOHNO buffpupOHNO buffpupOHNO buffpupOHNO buffpupOHNO buffpupOHNO
[2022-12-13 00:43:49] <!%CookieHana> LMAOO
[2022-12-13 00:43:52] <!%Hooty_Hoo_> omg
[2022-12-13 00:43:53] <%$frootyjester> angY give us stick
[2022-12-13 00:43:53] <%SoundAlerts> astraimp played Yo Mama for 1500 Bits!
[2022-12-13 00:43:53] <!%+AstrelVT> :)
[2022-12-13 00:43:55] <!%CookieHana> yipppie!!1
[2022-12-13 00:43:58] <!%CookieHana> LMAOASDOasd
[2022-12-13 00:43:59] <%astraimp> <3
[2022-12-13 00:44:00] <felineicious> lmao
[2022-12-13 00:44:01] <JunkmonkeyZr0> LUL
[2022-12-13 00:44:04] <$snepaii_> oh shit
[2022-12-13 00:44:04] <%CharlieTehDragon> basilLaugh
[2022-12-13 00:44:04] <this_is_digi> AYYYYYYY
[2022-12-13 00:44:06] <doriboke> WideDoge
[2022-12-13 00:44:06] <@%$kalypsoooo_> basilDespair
[2022-12-13 00:44:10] <WhiteBearLPW> no no basil don't stary to cri ;n;
[2022-12-13 00:44:12] <@%+BooTheRat> basilFU  basilFU  basilFU  basilFU  basilFU
[2022-12-13 00:44:12] <zdravka_z> prenSip prenSip prenSip prenSip
[2022-12-13 00:44:13] <+ichibanb> bigduc2NANAPOG
[2022-12-13 00:44:15] <this_is_digi> Chat - 1 Basil - 0
[2022-12-13 00:44:16] <%+theRx_> Hmmm
[2022-12-13 00:44:17] <%astraimp> basilLemonade basilBeans basilPolite basilBeans_HF basilLemonade
[2022-12-13 00:44:17] <%whimVT> basilLemonade basilLemonade basilLemonade basilLemonade basilLemonade
[2022-12-13 00:44:18] <%cirex1312> bbunsMama bbunsBag MIA bbunsSis buffpupDisappear
[2022-12-13 00:44:20] <%$frootyjester> Clueless
[2022-12-13 00:44:22] <@%$kalypsoooo_> basilFU basilFU
[2022-12-13 00:44:23] <%astraimp> ehehehe
[2022-12-13 00:44:27] <%astraimp> basilFU
[2022-12-13 00:44:30] <zdravka_z> ttalgiCry ttalgiCry ttalgiCry ttalgiCry
[2022-12-13 00:44:36] <%cirex1312> ikeepitKOMRADEBOI ikeepitKOMRADEBOI ikeepitKOMRADEBOI ikeepitKOMRADEBOI ikeepitKOMRADEBOI ikeepitKOMRADEBOI ikeepitKOMRADEBOI ikeepitKOMRADEBOI ikeepitKOMRADEBOI
[2022-12-13 00:44:38] <!%+AstrelVT> WE love you basil
[2022-12-13 00:44:39] VIEWERS: 447
[2022-12-13 00:44:40] <%$starniva> basilScrungy basilScrungy
[2022-12-13 00:44:41] <%$frootyjester> wideBasil
[2022-12-13 00:44:43] <@%Ikamamsume> basilFU  YOURMOM
[2022-12-13 00:44:44] <!%+AstrelVT> thank you astra
[2022-12-13 00:44:44] <%BluePixieArt> OH BASIL DONT FORGET PNG LATER boothe5Smug
[2022-12-13 00:44:45] <@stinkerwoof> Thanks for picking up the scent, oscar123zzz!
[2022-12-13 00:44:48] <%astraimp> >:3c
[2022-12-13 00:44:54] <%Kaienpeppers> basilPolite_SQ basilPolite_SQ basilPolite_SQ basilPolite_SQ basilPolite_SQ
[2022-12-13 00:44:56] <@%$kalypsoooo_> !socials
[2022-12-13 00:44:56] <%BluePixieArt> basilWiggle
[2022-12-13 00:44:57] <%astraimp> i try i try
[2022-12-13 00:44:57] <@stinkerwoof> @kalypsoooo_ __________________________________________________TWITTER: https://twitter.com/BasilWoof_ DISCORD: https://discord.gg/UWQBYSCTR6  TIKTOK: https://www.tiktok.com/@basil_woof YOUTUBE:https://youtube.com/@basilwoof7256 ___________________________________________________
[2022-12-13 00:44:58] <@%$kalypsoooo_> GET IN
[2022-12-13 00:44:59] <!%CookieHana> ILU BASIL TAKE CARE :3
[2022-12-13 00:45:01] <%BluePixieArt> basilStick
[2022-12-13 00:45:05] <~%BasilWoof> basilStick HAVE STICK
[2022-12-13 00:45:06] <felineicious> I joined but can't message. :'3
[2022-12-13 00:45:07] <!%+AstrelVT> GIVE STICK basilStick
[2022-12-13 00:45:10] <+ichibanb> bigduc2BLICKY
[2022-12-13 00:45:11] <%astroberry_> basilStick
[2022-12-13 00:45:13] <%+theRx_> basilStick HAVE STICK
[2022-12-13 00:45:14] <@%Ikamamsume> basilStick HAV STICK
[2022-12-13 00:45:15] <!%Hooty_Hoo_> basilStick HAVE STICK
[2022-12-13 00:45:15] <%CharlieTehDragon> basilStick HAVE STICK
[2022-12-13 00:45:15] <%Kaienpeppers> basilStick  HAVE STICK
[2022-12-13 00:45:16] <!%+AstrelVT> basilStick HAVE STICKbasilStick HAVE STICKbasilStick HAVE STICKbasilStick HAVE STICK
[2022-12-13 00:45:16] <this_is_digi> I have no stick. I'm newbie
[2022-12-13 00:45:18] <bunnycakens> buffpupFlower buffpupFlower
[2022-12-13 00:45:21] <@%$kalypsoooo_> basilStick HAVE STICK
[2022-12-13 00:45:22] <%+thefantomweeb> basilStick HAVE STICK
[2022-12-13 00:45:23] <%+theRx_> basilStick HAVE STICK buffpupFlower
[2022-12-13 00:45:25] <$alfiplum> enjoy your meal basil 😋
[2022-12-13 00:45:27] <@%+BooTheRat> basilStick HAVE STICK
[2022-12-13 00:45:28] <BloodytTears> hi recommended person
[2022-12-13 00:45:28] <!%+AstrelVT> basilStick   HAVE STICK basilStick   HAVE STICK basilStick   HAVE STICK basilStick   HAVE STICK basilStick   HAVE STICK basilStick   HAVE STICK
[2022-12-13 00:45:30] <%+MilkieMooth> basilStick  HAVE STICK
[2022-12-13 00:45:31] <bunnycakens> buffpupFlower HAVE STICK
[2022-12-13 00:45:32] <%astroberry_> basilStick   HAVE STICK
[2022-12-13 00:45:34] <%cirex1312> ikeepitKOMRADEBOI ikeepitKOMRADEBOI ikeepitKOMRADEBOI ikeepitKOMRADEBOI ikeepitKOMRADEBOI ikeepitKOMRADEBOI ikeepitKOMRADEBOI
[2022-12-13 00:45:35] <european_girlffs> sil1OwO HAVE STICK sil1OwO
[2022-12-13 00:45:35] <felineicious> ouch
[2022-12-13 00:45:38] <%sunnimeadow> basilStick  HAVE STICK
[2022-12-13 00:45:42] <!%+AstrelVT> oh damn we are bringing the best wish
[2022-12-13 00:45:44] <%BluePixieArt> @felineicious did you react to the rules?
[2022-12-13 00:45:49] <tsaroh> basilStick HAVE STICK
[2022-12-13 00:45:51] <!Zambiie> OOO
[2022-12-13 00:45:55] <felineicious> @BluePixieArt I did
[2022-12-13 00:46:00] <!%CookieHana> @Zambiie MUAH
[2022-12-13 00:46:00] <BloodytTears> huruthEDANCE
[2022-12-13 00:46:03] <discombobulated_ac_unit> Aww man, I just got here
[2022-12-13 00:46:04] <@%Ikamamsume> !discord
[2022-12-13 00:46:04] <@stinkerwoof> @Ikamamsume JOIN THE DISCORD: https://discord.gg/stinky-hollow
[2022-12-13 00:46:06] <$snepaii_> basilBasilHeart basilBasilHeart basilBasilHeart
[2022-12-13 00:46:06] <zdravka_z> prenBop prenBop prenBop prenBop prenBop prenBop
[2022-12-13 00:46:09] <@stinkerwoof> Thanks for picking up the scent, bloodyttears!
[2022-12-13 00:46:11] <felineicious> NVM now I did
[2022-12-13 00:46:12] <%cirex1312> basilWiggle basilBasilHeart basilWiggle basilBasilHeart basilWiggle basilBasilHeart basilWiggle basilBasilHeart basilWiggle basilBasilHeart basilWiggle basilBasilHeart basilWiggle basilBasilHeart basilWiggle basilBasilHeart basilWiggle basilBasilHeart basilWiggle
[2022-12-13 00:46:13] <felineicious> HAHA
[2022-12-13 00:46:16] <%BluePixieArt> @felineicious you dont have the role so thats weird
[2022-12-13 00:46:18] <!%+AstrelVT> BAI BAI BASIL
[2022-12-13 00:46:22] <%SoftOak> I`M BACKKK
[2022-12-13 00:46:24] <%CrypticPhantom17> have a good but
[2022-12-13 00:46:26] <bunwyy> WHATTTT I JUST JOINED
[2022-12-13 00:46:26] <@stinkerwoof> Thanks for picking up the scent, junkmonkeyzr0!
[2022-12-13 00:46:26] <felineicious> ehe
[2022-12-13 00:46:30] <@%$kalypsoooo_> !discord
[2022-12-13 00:46:30] <@stinkerwoof> @kalypsoooo_ JOIN THE DISCORD: https://discord.gg/stinky-hollow
[2022-12-13 00:46:31] <@%+BooTheRat> takerat
[2022-12-13 00:46:32] <!%+AstrelVT> CHRISTMAS RON SONG
[2022-12-13 00:46:32] <@%$kalypsoooo_> !socials
[2022-12-13 00:46:32] <@stinkerwoof> @kalypsoooo_ __________________________________________________TWITTER: https://twitter.com/BasilWoof_ DISCORD: https://discord.gg/UWQBYSCTR6  TIKTOK: https://www.tiktok.com/@basil_woof YOUTUBE:https://youtube.com/@basilwoof7256 ___________________________________________________
[2022-12-13 00:46:32] <!%CookieHana> stripDance stripDance stripDance LOVE U CYAAAAAAA
[2022-12-13 00:46:33] <%cirex1312> Have a good day, Basil! basilBasilHeart basilWiggle
[2022-12-13 00:46:34] <discombobulated_ac_unit> arielleSpin arielleSpin arielleSpin arielleSpin
[2022-12-13 00:46:34] <!%+AstrelVT> LETS GOOOOOOOOOO
[2022-12-13 00:46:34] <%SoftOak> omg the stream is finishing
[2022-12-13 00:46:34] <$alfiplum> have a good night
[2022-12-13 00:46:34] <felineicious> bye byeeee
[2022-12-13 00:46:35] <doriboke> takerat
[2022-12-13 00:46:35] <@%$kalypsoooo_> BAI BAI BASIL
[2022-12-13 00:46:36] <%SoftOak> omg
[2022-12-13 00:46:36] <!%+AstrelVT> SEE YA
[2022-12-13 00:46:37] <zealiit> byeeee !!!!
[2022-12-13 00:46:37] <%$frootyjester> basilRave basilRave basilRave basilRave
[2022-12-13 00:46:38] <%CrypticPhantom17> have a good night!!!
[2022-12-13 00:46:39] <$snepaii_> basilPolite
[2022-12-13 00:46:39] VIEWERS: 447
[2022-12-13 00:46:40] <@%$kalypsoooo_> basilRave basilRave basilRave basilRave
[2022-12-13 00:46:40] <%astraimp> BYEEE
[2022-12-13 00:46:41] <%CrypticPhantom17> basilRave basilRave basilRave
[2022-12-13 00:46:41] <plush_bbites> giwiW giwiW giwiW giwiW giwiW giwiW
[2022-12-13 00:46:45] <%Sozan> basilRave basilRave basilRave basilRave basilRave
[2022-12-13 00:46:45] <%CharlieTehDragon> basilRave basilRave basilRave basilRave basilRave
[2022-12-13 00:46:45] <!%Hooty_Hoo_> basilRave basilRave basilRave basilRave basilRave
[2022-12-13 00:46:46] <%+MilkieMooth> basilRave basilRave basilRave basilRave basilRave basilRave
[2022-12-13 00:46:49] <plush_bbites> giwiLove giwiLove giwiLove giwiLove giwiLove giwiLove giwiLove giwiLove
[2022-12-13 00:46:51] <%$starniva> basilRave basilRave basilRave basilRave
[2022-12-13 00:46:52] <%sunnimeadow> basilRave basilRave basilRave basilRave basilRave
[2022-12-13 00:46:52] <%$CottageCryptic> basilRave basilRave basilRave basilRave basilRave basilRave basilRave
[2022-12-13 00:46:52] <%+theRx_> basilRave basilRave basilRave basilRave
[2022-12-13 00:46:53] <!%+AstrelVT> OH ITS NOT THE CHRISTMAS ONE
[2022-12-13 00:46:54] <!%+AstrelVT> RIP
[2022-12-13 00:46:54] <plush_bbites> giwiWigl giwiW giwiWigl giwiW giwiWigl giwiW giwiWigl giwiW giwiWigl giwiW giwiWigl giwiW giwiWigl giwiW giwiWigl giwiW giwiWigl giwiW giwiWigl giwiW giwiWigl giwiW giwiW giwiWigl giwiW giwiWigl giwiWigl
[2022-12-13 00:46:56] <WhiteBearLPW> BAI BAI HIMBO WOOF :3
[2022-12-13 00:46:57] <~%BasilWoof> LOVE YOU GUYSSSSSSSSS
[2022-12-13 00:46:57] <concernedweeb> basilRave  basilRave   basilRave   basilRave 1-Month SubscriberPrime GamingMilkieMooth:  basilRave   basilRave   basilRave   basilRave   basilRave   basilRave
[2022-12-13 00:46:58] <@%$kalypsoooo_> basilRave basilRave basilRave basilRave basilRave basilRave
[2022-12-13 00:46:59] <%whimVT> BYEEEEE BASILLL
[2022-12-13 00:47:00] <%vlad_myosotis> basilRave basilRave basilRave basilRave basilRave
[2022-12-13 00:47:01] <@%$kalypsoooo_> basilStick HAVE STICK
[2022-12-13 00:47:01] <JKLibra> bai
[2022-12-13 00:47:02] <bunnycakens> zappshDance zappshDance zappshDance zappshDance zappshDance
[2022-12-13 00:47:03] <%cirex1312> rubrWigl rubrWigl rubrWigl rubrWigl rubrWigl ikeepitKOMRADEBOI ikeepitKOMRADEBOI ikeepitKOMRADEBOI ikeepitKOMRADEBOI ikeepitKOMRADEBOI ikeepitKOMRADEBOI basilWAO basilWAO basilWAO basilWAO basilWAO basilWAO
[2022-12-13 00:47:04] <@%+BooTheRat> SpeedL  takerat  SpeedR
[2022-12-13 00:47:05] <!%+AstrelVT> BAI BAI BASIl
[2022-12-13 00:47:06] <$snepaii_> bai basil!
[2022-12-13 00:47:07] <%cirex1312> ikeepitRAREBOI ikeepitRAREBOI ikeepitRAREBOI ikeepitRAREBOI ikeepitRAREBOI ikeepitRAREBOI
[2022-12-13 00:47:07] <%astraimp> Yo mama U-U
[2022-12-13 00:47:07] <!%+AstrelVT> basilStick   HAVE STICK
[2022-12-13 00:47:07] <~%BasilWoof> TODAY WAS REALLY NICE
[2022-12-13 00:47:08] <%Sozan> basilRave basilRave basilRave basilRave
[2022-12-13 00:47:08] <concernedweeb> BYEEEEEE
[2022-12-13 00:47:09] <@%$kalypsoooo_> rikkuRaveblin rikkuRaveblin rikkuRaveblin rikkuRaveblin rikkuRaveblin rikkuRaveblin
[2022-12-13 00:47:11] <~%BasilWoof> basilPain
[2022-12-13 00:47:11] <%cirex1312> basilRave basilRave basilRave basilRave basilRave basilRave basilRave
[2022-12-13 00:47:16] <~%BasilWoof> GIVE TECHY STICK
[2022-12-13 00:47:19] <%whimVT> basilRave basilRave basilRave basilRave basilRave
[2022-12-13 00:47:22] <@%$kalypsoooo_> basilStick HAVE STICK
[2022-12-13 00:47:27] <%astraimp> basilRave basilRave basilRave basilRave basilRave basilRave
[2022-12-13 00:47:31] <%whimVT> stick time for techyyyy
[2022-12-13 00:47:32] <doriboke> peepoKiss
[2022-12-13 00:47:37] <%astroberry_> basilStick   HAVE STICK
[2022-12-13 00:47:38] <~%BasilWoof> BYE GUYS
[2022-12-13 00:47:40] <%Kaienpeppers> basilStick  HAVE STICK
[2022-12-13 00:47:40] <%whimVT> basilRave basilRave basilStick basilStick basilStick basilStick
[2022-12-13 00:47:40] <@%$kalypsoooo_> basilPolite
[2022-12-13 00:47:43] <!%+AstrelVT> BYEEE
[2022-12-13 00:47:43] <%astraimp> basilBeans_HF basilBeans basilBeans_HF basilBeans
[2022-12-13 00:47:44] <%+theRx_> @BasilWoof froggylochPat
[2022-12-13 00:47:44] <@%+BooTheRat> @BasilWoof   SpeedL  takerat  SpeedR
[2022-12-13 00:47:47] <@%$kalypsoooo_> basilRave basilRave basilRave
[2022-12-13 00:48:39] VIEWERS: 447
[2022-12-13 00:48:59] <@stinkerwoof> Thanks for picking up the scent, tagged_4_ban_evasion!
[2022-12-13 00:49:06] <@stinkerwoof> Thanks for picking up the scent, tcosslet!
[2022-12-13 00:49:19] ~Stream offline~
[2022-12-13 00:49:47] <@stinkerwoof> Thanks for picking up the scent, thundergodzs!
[2022-12-13 00:53:10] [Info] This room is now in emote-only mode.
[2022-12-13 00:53:10] [Info] This room is now in subscribers-only mode.
[2022-12-13 01:08:39] Viewerstats (00:40-00:46): avg:425 min:362 max:447 [4/362+85+0+0_]
[2022-12-13 01:28:39] <@stinkerwoof> Thanks for picking up the scent, jeanmaillard!
[2022-12-13 01:41:01] <@stinkerwoof> Thanks for picking up the scent, blakitof!
[2022-12-13 03:05:46] <@stinkerwoof> Thanks for picking up the scent, mega_floofles!
[2022-12-13 03:24:48] <@stinkerwoof> Thanks for picking up the scent, blusshie!
[2022-12-13 03:29:28] <@stinkerwoof> Thanks for picking up the scent, shimizu_winter!
[2022-12-13 03:41:56] <@stinkerwoof> Thanks for picking up the scent, nomadicdoe!
[2022-12-13 15:00:34] <@stinkerwoof> Thanks for picking up the scent, hypofroge!
[2022-12-13 15:21:01] <@stinkerwoof> Thanks for picking up the scent, cosmikiggi!
[2022-12-13 16:21:25] <@stinkerwoof> Thanks for picking up the scent, sugarbearcreations!
[2022-12-13 18:06:59] <@stinkerwoof> Thanks for picking up the scent, hushiro_akihiro!
[2022-12-13 20:09:45] <@stinkerwoof> Thanks for picking up the scent, jay_sia!
[2022-12-13 20:31:58] <@stinkerwoof> Thanks for picking up the scent, y2k_t0ki!
[2022-12-13 21:40:47] <@stinkerwoof> Thanks for picking up the scent, nac0n!
[2022-12-13 22:03:24] <@stinkerwoof> Thanks for picking up the scent, filianwatcher!
[2022-12-13 22:38:12] <@stinkerwoof> Thanks for picking up the scent, c4tboymeow!
[2022-12-13 23:46:04] <@stinkerwoof> Thanks for picking up the scent, olddarkwraith!
[2022-12-13 23:57:44] <@stinkerwoof> Thanks for picking up the scent, falcon4562!
