# Log started: 2022-12-10 00:29:56 +0100
[2022-12-10 00:29:56] ~Stream offline~
[2022-12-10 00:29:56] Joining #ariasaki..
[2022-12-10 00:29:56] You have joined #ariasaki
[2022-12-10 05:12:52] <@%fabriisio> peepoArrive
[2022-12-10 05:12:55] <@%fabriisio> !gamble 250
[2022-12-10 05:12:55] <@%^StreamElements>* fabriisio won 250 Nuoc Coins in roulette and now has 1250 Nuoc Coins! FeelsGoodMan
[2022-12-10 05:13:02] <@%fabriisio> peepoSwing
[2022-12-10 05:36:42] <Whimstaff> monkaGIGAftPokimane
[2022-12-10 09:32:53] <@%fabriisio> CHOOOO
[2022-12-10 09:37:47] <TriCat> !gamble all CHOOOO
[2022-12-10 09:37:48] <@%^StreamElements>* PogChamp TriCat went all in and won 1380 Nuoc Coins PogChamp they now have 2760 Nuoc Coins FeelsGoodMan
[2022-12-10 09:37:49] <TriCat> ariaD
[2022-12-10 09:37:56] <@%fabriisio> pogg
[2022-12-10 09:37:58] <@%fabriisio> ariaD
[2022-12-10 10:01:04] <%AHungrySharkk> !points
[2022-12-10 10:01:04] <@%^StreamElements> @AHungrySharkk, AHungrySharkk has 49865 Nuoc Coins and is rank 448/613730 on the leaderboard.
[2022-12-10 10:04:36] <wintermelonb0ba> !gamble all
[2022-12-10 10:04:36] <@%^StreamElements>* PogChamp wintermelonb0ba went all in and won 280 Nuoc Coins PogChamp they now have 560 Nuoc Coins FeelsGoodMan
[2022-12-10 10:04:39] <wintermelonb0ba> pogg
[2022-12-10 10:40:23] <@%fabriisio> pogg
[2022-12-10 10:40:31] <@%fabriisio> !gamble 250
[2022-12-10 10:40:32] <@%^StreamElements>* fabriisio won 250 Nuoc Coins in roulette and now has 1500 Nuoc Coins! FeelsGoodMan
[2022-12-10 10:43:39] <wintermelonb0ba> pogg 󠀀
[2022-12-10 10:43:45] <wintermelonb0ba> !gamble all
[2022-12-10 10:43:45] <@%^StreamElements>* PogChamp wintermelonb0ba went all in and won 560 Nuoc Coins PogChamp they now have 1120 Nuoc Coins FeelsGoodMan
[2022-12-10 10:43:45] <wintermelonb0ba> pogg
[2022-12-10 10:43:49] <@%fabriisio> pogg
[2022-12-10 12:18:20] <@%fabriisio> !gamble 250
[2022-12-10 12:18:20] <@%^StreamElements>* fabriisio won 250 Nuoc Coins in roulette and now has 1750 Nuoc Coins! FeelsGoodMan
[2022-12-10 13:28:53] <@%fabriisio> fishh
[2022-12-10 13:29:10] <@%fabriisio> Awkward
[2022-12-10 14:00:49] <@%fabriisio> !gamble 500
[2022-12-10 14:00:49] <@%^StreamElements>* fabriisio won 500 Nuoc Coins in roulette and now has 2250 Nuoc Coins! FeelsGoodMan
[2022-12-10 14:00:52] <@%fabriisio> pogg
[2022-12-10 14:10:17] <wintermelonb0ba> !gamble all
[2022-12-10 14:10:17] <@%^StreamElements>* wintermelonb0ba went all in and lost every single one of their 1120 Nuoc Coins LUL
[2022-12-10 14:10:20] <wintermelonb0ba> sadCat
[2022-12-10 14:24:35] <@%fabriisio> peepoPats
[2022-12-10 16:07:08] <@%fabriisio> !gamble 250 peepoRoo
[2022-12-10 16:07:08] <@%^StreamElements>* fabriisio lost 250 Nuoc Coins in roulette and now has 2000 Nuoc Coins! FeelsBadMan
[2022-12-10 16:35:22] <%NickyTheFist> catRave
[2022-12-10 16:35:27] <%NickyTheFist> nice
[2022-12-10 16:37:38] <@%fabriisio> dogeSmile
[2022-12-10 16:44:37] <yuukiii09> ariaD
# Log started: 2022-12-10 18:53:51 +0100
[2022-12-10 18:53:51] ~Stream offline~
[2022-12-10 18:53:51] Joining #ariasaki..
[2022-12-10 18:53:51] You have joined #ariasaki
[2022-12-10 19:14:33] <@%fabriisio> !gamble 500
[2022-12-10 19:14:34] <@%^StreamElements>* fabriisio lost 500 Nuoc Coins in roulette and now has 1500 Nuoc Coins! FeelsBadMan
[2022-12-10 19:14:38] <@%fabriisio> SadgeSwing
[2022-12-10 19:42:03] <@%fabriisio> squosh
[2022-12-10 21:33:44] <+5Milk> !followage
[2022-12-10 21:33:44] <@%^StreamElements> @5Milk, 5milk has been following ariasaki for  3 years 2 months 10 days 16 hours
[2022-12-10 22:41:47] <@%fabriisio> !gamble 250
[2022-12-10 22:41:47] <@%^StreamElements>* fabriisio lost 250 Nuoc Coins in roulette and now has 1250 Nuoc Coins! FeelsBadMan
[2022-12-10 22:42:09] <@%fabriisio> Weirdge
[2022-12-10 22:47:42] <TriCat> !gamble all
[2022-12-10 22:47:42] <@%^StreamElements>* PogChamp TriCat went all in and won 2760 Nuoc Coins PogChamp they now have 5520 Nuoc Coins FeelsGoodMan
[2022-12-10 22:47:44] <TriCat> ariaD
[2022-12-10 22:48:27] <@%fabriisio> pogg
[2022-12-10 22:48:30] <@%fabriisio> ariaD
[2022-12-10 23:11:38] <%NickyTheFist> !gamble 3500
[2022-12-10 23:11:39] <@%^StreamElements>* NickyTheFist lost 3500 Nuoc Coins in roulette and now has 108361 Nuoc Coins! FeelsBadMan
[2022-12-10 23:15:37] <%NickyTheFist> !gamble 7500
[2022-12-10 23:15:37] <@%^StreamElements>* NickyTheFist lost 7500 Nuoc Coins in roulette and now has 100861 Nuoc Coins! FeelsBadMan
[2022-12-10 23:17:10] <%NickyTheFist> !gamble 15500
[2022-12-10 23:17:10] <@%^StreamElements>* NickyTheFist lost 15500 Nuoc Coins in roulette and now has 85361 Nuoc Coins! FeelsBadMan
[2022-12-10 23:17:16] <%NickyTheFist> wth
[2022-12-10 23:17:54] <%NickyTheFist> last one!
[2022-12-10 23:17:59] <%NickyTheFist> !gamble 35000
[2022-12-10 23:18:00] <@%^StreamElements>* NickyTheFist won 35000 Nuoc Coins in roulette and now has 120361 Nuoc Coins! FeelsGoodMan
[2022-12-10 23:18:06] <%NickyTheFist> HAH
[2022-12-10 23:47:52] <The_SkyEXE> gamba?
[2022-12-10 23:47:56] <The_SkyEXE> !points
[2022-12-10 23:47:57] <@%^StreamElements> @The_SkyEXE, The_SkyEXE has 130329 Nuoc Coins and is rank 56/613730 on the leaderboard.
