# Log started: 2022-12-30 00:45:33 +0100
[2022-12-30 00:45:33] <Sohayb_> !S
[2022-12-30 00:45:51] <Sohayb_> !social
[2022-12-30 00:45:51] <@%^Nightbot> try !socials Sohayb_
[2022-12-30 00:46:02] <Sohayb_> !socials
[2022-12-30 00:46:02] <@%^Nightbot> twitter -> https://twitter.com/katarinafps tiktok -> https://www.tiktok.com/@katarinafps_
[2022-12-30 00:47:35] <godarcntosxd> !sens
[2022-12-30 00:47:35] <@%^Nightbot> godarcntosxd In-Game .35 | Scoped .8 | 800dpi
[2022-12-30 00:48:06] <godarcntosxd> !res
[2022-12-30 00:48:06] <@%^Nightbot> 1440 x 1080 (custom res, not true stretch)
[2022-12-30 00:48:31] <godarcntosxd> !crosshair
[2022-12-30 00:48:31] <@%^Nightbot> 0;s;1;P;c;5;h;0;f;0;0l;4;0v;3;0g;1;0o;2;0a;1;0f;0;1b;0;S;o;0.45
[2022-12-30 00:48:31] <@TrackerGGBot> https://tracker.gg/valorant/profile/riot/V1%20Katarina%23VXVAL/crosshairs
[2022-12-30 00:51:11] <nathanthai_> !sens
[2022-12-30 00:51:11] <@%^Nightbot> nathanthai_ In-Game .35 | Scoped .8 | 800dpi
[2022-12-30 01:31:55] <+sashafpss> s
[2022-12-30 01:31:57] <+sashafpss> !sens
[2022-12-30 01:31:57] <@%^Nightbot> sashafpss In-Game .35 | Scoped .8 | 800dpi
[2022-12-30 01:58:20] <raros_> !commands
[2022-12-30 01:58:20] <@%^Nightbot> @raros_ -> The bot commands for this channel are available at https://nightbot.tv/t/katarinafps/commands
[2022-12-30 02:25:56] <EgirlRarityy> why aren’t u life anymore:(
[2022-12-30 02:26:03] <EgirlRarityy> !socials
[2022-12-30 02:26:03] <@%^Nightbot> twitter -> https://twitter.com/katarinafps tiktok -> https://www.tiktok.com/@katarinafps_
[2022-12-30 02:47:17] <spookyzeetv> !sens
[2022-12-30 02:47:17] <@%^Nightbot> spookyzeetv In-Game .35 | Scoped .8 | 800dpi
[2022-12-30 02:50:01] <spookyzeetv> !crosshair
[2022-12-30 02:50:01] <@%^Nightbot> 0;s;1;P;c;5;h;0;f;0;0l;4;0v;3;0g;1;0o;2;0a;1;0f;0;1b;0;S;o;0.45
[2022-12-30 02:50:01] <@TrackerGGBot> https://tracker.gg/valorant/profile/riot/V1%20Katarina%23VXVAL/crosshairs
[2022-12-30 03:22:21] <+SunkistOJtv> !crosshair
[2022-12-30 03:22:21] <@%^Nightbot> 0;s;1;P;c;5;h;0;f;0;0l;4;0v;3;0g;1;0o;2;0a;1;0f;0;1b;0;S;o;0.45
[2022-12-30 03:22:22] <@TrackerGGBot> https://tracker.gg/valorant/profile/riot/V1%20Katarina%23VXVAL/crosshairs
[2022-12-30 03:23:54] <+SunkistOJtv> !res
[2022-12-30 03:23:54] <@%^Nightbot> 1440 x 1080 (custom res, not true stretch)
[2022-12-30 03:41:28] <gearsvm> !sens
[2022-12-30 03:41:28] <@%^Nightbot> gearsvm In-Game .35 | Scoped .8 | 800dpi
[2022-12-30 03:41:30] <gearsvm> !res
[2022-12-30 03:41:30] <@%^Nightbot> 1440 x 1080 (custom res, not true stretch)
[2022-12-30 03:41:46] <gearsvm> !crosshair
[2022-12-30 03:41:46] <@%^Nightbot> 0;s;1;P;c;5;h;0;f;0;0l;4;0v;3;0g;1;0o;2;0a;1;0f;0;1b;0;S;o;0.45
[2022-12-30 03:41:46] <@TrackerGGBot> https://tracker.gg/valorant/profile/riot/V1%20Katarina%23VXVAL/crosshairs
[2022-12-30 04:22:40] <thesummeridied> !res
[2022-12-30 04:22:40] <@%^Nightbot> 1440 x 1080 (custom res, not true stretch)
[2022-12-30 04:25:33] <jazt__> !sens
[2022-12-30 04:25:34] <@%^Nightbot> jazt__ In-Game .35 | Scoped .8 | 800dpi
[2022-12-30 05:25:04] <SeanyWasTaken> !commands
[2022-12-30 05:25:04] <@%^Nightbot> @SeanyWasTaken -> The bot commands for this channel are available at https://nightbot.tv/t/katarinafps/commands
[2022-12-30 07:03:42] <+chopperss> !commands
[2022-12-30 07:03:42] <@%^Nightbot> @chopperss -> The bot commands for this channel are available at https://nightbot.tv/t/katarinafps/commands
[2022-12-30 07:16:21] <Zinixer> !crosshair
[2022-12-30 07:16:21] <@%^Nightbot> 0;s;1;P;c;5;h;0;f;0;0l;4;0v;3;0g;1;0o;2;0a;1;0f;0;1b;0;S;o;0.45
[2022-12-30 07:16:21] <@TrackerGGBot> https://tracker.gg/valorant/profile/riot/V1%20Katarina%23VXVAL/crosshairs
[2022-12-30 07:44:07] <tuffyfps> !res
[2022-12-30 07:44:07] <@%^Nightbot> 1440 x 1080 (custom res, not true stretch)
[2022-12-30 07:44:11] <tuffyfps> !sens
[2022-12-30 07:44:11] <@%^Nightbot> tuffyfps In-Game .35 | Scoped .8 | 800dpi
[2022-12-30 07:44:39] <tuffyfps> !crosshair
[2022-12-30 07:44:39] <@%^Nightbot> 0;s;1;P;c;5;h;0;f;0;0l;4;0v;3;0g;1;0o;2;0a;1;0f;0;1b;0;S;o;0.45
[2022-12-30 07:44:39] <@TrackerGGBot> https://tracker.gg/valorant/profile/riot/V1%20Katarina%23VXVAL/crosshairs
[2022-12-30 09:12:46] <+Shvd0wR6> !sens
[2022-12-30 09:12:46] <@%^Nightbot> Shvd0wR6 In-Game .35 | Scoped .8 | 800dpi
[2022-12-30 09:13:57] <riskehhhh> !res
[2022-12-30 09:13:57] <@%^Nightbot> 1440 x 1080 (custom res, not true stretch)
[2022-12-30 09:33:11] <mdr__7> !sens
[2022-12-30 09:33:11] <@%^Nightbot> mdr__7 In-Game .35 | Scoped .8 | 800dpi
[2022-12-30 09:55:26] <+chan_val> !sens
[2022-12-30 09:55:26] <@%^Nightbot> chan_val In-Game .35 | Scoped .8 | 800dpi
[2022-12-30 10:06:48] <Neppyda> !crosshair
[2022-12-30 10:06:48] <@%^Nightbot> 0;s;1;P;c;5;h;0;f;0;0l;4;0v;3;0g;1;0o;2;0a;1;0f;0;1b;0;S;o;0.45
[2022-12-30 10:06:48] <@TrackerGGBot> https://tracker.gg/valorant/profile/riot/V1%20Katarina%23VXVAL/crosshairs
[2022-12-30 11:44:17] <corpzlul> !sens
[2022-12-30 11:44:18] <@%^Nightbot> corpzlul In-Game .35 | Scoped .8 | 800dpi
[2022-12-30 12:10:28] <BaQ3r> !crosshair
[2022-12-30 12:10:28] <@%^Nightbot> 0;s;1;P;c;5;h;0;f;0;0l;4;0v;3;0g;1;0o;2;0a;1;0f;0;1b;0;S;o;0.45
[2022-12-30 12:10:28] <@TrackerGGBot> https://tracker.gg/valorant/profile/riot/V1%20Katarina%23VXVAL/crosshairs
[2022-12-30 12:42:07] <jhkzstr> !sens
[2022-12-30 12:42:08] <@%^Nightbot> jhkzstr In-Game .35 | Scoped .8 | 800dpi
[2022-12-30 14:27:55] <davidonrl> !settings
[2022-12-30 14:27:55] <@%^Nightbot> https://imgur.com/a/ws3r97P
[2022-12-30 14:28:39] <davidonrl> !sens
[2022-12-30 14:28:39] <@%^Nightbot> davidonrl In-Game .35 | Scoped .8 | 800dpi
[2022-12-30 14:30:44] <davidonrl> !resolution
[2022-12-30 14:30:44] <@%^Nightbot> 1440 x 1080
[2022-12-30 14:31:16] <davidonrl> !crosshair
[2022-12-30 14:31:16] <@%^Nightbot> 0;s;1;P;c;5;h;0;f;0;0l;4;0v;3;0g;1;0o;2;0a;1;0f;0;1b;0;S;o;0.45
[2022-12-30 14:31:16] <@TrackerGGBot> https://tracker.gg/valorant/profile/riot/V1%20Katarina%23VXVAL/crosshairs
[2022-12-30 14:45:11] <hadesluvv> !sens
[2022-12-30 14:45:12] <@%^Nightbot> hadesluvv In-Game .35 | Scoped .8 | 800dpi
[2022-12-30 15:05:30] <wa7d_mo_akthr> !crosshair
[2022-12-30 15:05:30] <@%^Nightbot> 0;s;1;P;c;5;h;0;f;0;0l;4;0v;3;0g;1;0o;2;0a;1;0f;0;1b;0;S;o;0.45
[2022-12-30 15:05:30] <@TrackerGGBot> https://tracker.gg/valorant/profile/riot/V1%20Katarina%23VXVAL/crosshairs
[2022-12-30 15:06:36] <wa7d_mo_akthr> !res
[2022-12-30 15:06:36] <@%^Nightbot> 1440 x 1080 (custom res, not true stretch)
[2022-12-30 15:06:38] <wa7d_mo_akthr> !sens
[2022-12-30 15:06:38] <@%^Nightbot> wa7d_mo_akthr In-Game .35 | Scoped .8 | 800dpi
[2022-12-30 15:06:57] <wa7d_mo_akthr> !settings
[2022-12-30 15:06:57] <@%^Nightbot> https://imgur.com/a/ws3r97P
[2022-12-30 15:07:37] <wa7d_mo_akthr> !commands
[2022-12-30 15:07:37] <@%^Nightbot> @wa7d_mo_akthr -> The bot commands for this channel are available at https://nightbot.tv/t/katarinafps/commands
[2022-12-30 15:11:52] <ALIYNGN> !sens
[2022-12-30 15:11:52] <@%^Nightbot> ALIYNGN In-Game .35 | Scoped .8 | 800dpi
[2022-12-30 15:12:01] <ALIYNGN> !res
[2022-12-30 15:12:01] <@%^Nightbot> 1440 x 1080 (custom res, not true stretch)
[2022-12-30 15:17:00] <agate_____> !sens
[2022-12-30 15:17:00] <@%^Nightbot> agate_____ In-Game .35 | Scoped .8 | 800dpi
[2022-12-30 15:17:03] <agate_____> !res
[2022-12-30 15:17:03] <@%^Nightbot> 1440 x 1080 (custom res, not true stretch)
[2022-12-30 15:17:05] <agate_____> !settings
[2022-12-30 15:17:05] <@%^Nightbot> https://imgur.com/a/ws3r97P
[2022-12-30 15:37:06] <agate_____> !crosshair
[2022-12-30 15:37:06] <@%^Nightbot> 0;s;1;P;c;5;h;0;f;0;0l;4;0v;3;0g;1;0o;2;0a;1;0f;0;1b;0;S;o;0.45
[2022-12-30 15:37:06] <@TrackerGGBot> https://tracker.gg/valorant/profile/riot/V1%20Katarina%23VXVAL/crosshairs
[2022-12-30 15:37:06] <Rukitaki_> !res
[2022-12-30 15:37:06] <@%^Nightbot> 1440 x 1080 (custom res, not true stretch)
[2022-12-30 15:39:01] <rhantzzz> !sens
[2022-12-30 15:39:01] <@%^Nightbot> rhantzzz In-Game .35 | Scoped .8 | 800dpi
[2022-12-30 15:39:35] <Enttis> !sens
[2022-12-30 15:39:35] <@%^Nightbot> Enttis In-Game .35 | Scoped .8 | 800dpi
[2022-12-30 15:40:08] <@%^Nightbot> I run ads every 45 minutes or so while I'm in queue between games! It's a way for you to support my stream & and you can avoid it if you subscribe to the channel or sub with prime gaming for FREE. Thank you for all the support o7
[2022-12-30 15:55:03] <Jan157157> !sens
[2022-12-30 15:55:03] <@%^Nightbot> Jan157157 In-Game .35 | Scoped .8 | 800dpi
[2022-12-30 15:55:22] <Jan157157> !res
[2022-12-30 15:55:22] <@%^Nightbot> 1440 x 1080 (custom res, not true stretch)
[2022-12-30 16:19:41] <otainz> !sens
[2022-12-30 16:19:41] <@%^Nightbot> otainz In-Game .35 | Scoped .8 | 800dpi
[2022-12-30 17:24:39] <mammyvlr> !res
[2022-12-30 17:24:40] <@%^Nightbot> 1440 x 1080 (custom res, not true stretch)
[2022-12-30 17:24:50] <mammyvlr> !crosshair
[2022-12-30 17:24:50] <@%^Nightbot> 0;s;1;P;c;5;h;0;f;0;0l;4;0v;3;0g;1;0o;2;0a;1;0f;0;1b;0;S;o;0.45
[2022-12-30 17:24:50] <@TrackerGGBot> https://tracker.gg/valorant/profile/riot/V1%20Katarina%23VXVAL/crosshairs
[2022-12-30 17:25:26] <mammyvlr> !sens
[2022-12-30 17:25:27] <@%^Nightbot> mammyvlr In-Game .35 | Scoped .8 | 800dpi
[2022-12-30 17:42:23] <cangule> !settings
[2022-12-30 17:42:23] <@%^Nightbot> https://imgur.com/a/ws3r97P
[2022-12-30 17:42:43] <cangule> !sens
[2022-12-30 17:42:43] <@%^Nightbot> cangule In-Game .35 | Scoped .8 | 800dpi
[2022-12-30 17:58:13] <cangule> !sens
[2022-12-30 17:58:13] <@%^Nightbot> cangule In-Game .35 | Scoped .8 | 800dpi
[2022-12-30 18:21:09] <bordlul> !res
[2022-12-30 18:21:09] <@%^Nightbot> 1440 x 1080 (custom res, not true stretch)
[2022-12-30 18:32:09] <bordlul> !crosshair
[2022-12-30 18:32:10] <@%^Nightbot> 0;s;1;P;c;5;h;0;f;0;0l;4;0v;3;0g;1;0o;2;0a;1;0f;0;1b;0;S;o;0.45
[2022-12-30 18:32:10] <@TrackerGGBot> https://tracker.gg/valorant/profile/riot/V1%20Katarina%23VXVAL/crosshairs
[2022-12-30 18:50:05] <kylxd> !sens
[2022-12-30 18:50:05] <@%^Nightbot> kylxd In-Game .35 | Scoped .8 | 800dpi
[2022-12-30 19:21:06] <icylink> !sena
[2022-12-30 19:21:10] <icylink> !sens
[2022-12-30 19:21:10] <@%^Nightbot> icylink In-Game .35 | Scoped .8 | 800dpi
[2022-12-30 19:28:27] <cs_marlo> !sens
[2022-12-30 19:28:28] <@%^Nightbot> cs_marlo In-Game .35 | Scoped .8 | 800dpi
[2022-12-30 19:57:45] <Vassuey> !sens
[2022-12-30 19:57:45] <@%^Nightbot> Vassuey In-Game .35 | Scoped .8 | 800dpi
[2022-12-30 19:57:59] <Vassuey> !res
[2022-12-30 19:57:59] <@%^Nightbot> 1440 x 1080 (custom res, not true stretch)
[2022-12-30 19:58:53] <Vassuey> !crosshair
[2022-12-30 19:58:53] <@%^Nightbot> 0;s;1;P;c;5;h;0;f;0;0l;4;0v;3;0g;1;0o;2;0a;1;0f;0;1b;0;S;o;0.45
[2022-12-30 19:58:53] <@TrackerGGBot> https://tracker.gg/valorant/profile/riot/V1%20Katarina%23VXVAL/crosshairs
[2022-12-30 20:12:25] <+天ぷらーめん (tennpurasushi)> !sens
[2022-12-30 20:12:25] <@%^Nightbot> 天ぷらーめん In-Game .35 | Scoped .8 | 800dpi
[2022-12-30 20:16:29] <aanguinhoosu> !help
[2022-12-30 20:16:33] <aanguinhoosu> !res
[2022-12-30 20:16:33] <@%^Nightbot> 1440 x 1080 (custom res, not true stretch)
[2022-12-30 20:18:44] <aanguinhoosu> !crosshair
[2022-12-30 20:18:44] <@%^Nightbot> 0;s;1;P;c;5;h;0;f;0;0l;4;0v;3;0g;1;0o;2;0a;1;0f;0;1b;0;S;o;0.45
[2022-12-30 20:18:44] <@TrackerGGBot> https://tracker.gg/valorant/profile/riot/V1%20Katarina%23VXVAL/crosshairs
[2022-12-30 20:20:10] <@%^Nightbot> I run ads every 45 minutes or so while I'm in queue between games! It's a way for you to support my stream & and you can avoid it if you subscribe to the channel or sub with prime gaming for FREE. Thank you for all the support o7
[2022-12-30 20:41:25] <+wavemolly> !crosshair
[2022-12-30 20:41:25] <@%^Nightbot> 0;s;1;P;c;5;h;0;f;0;0l;4;0v;3;0g;1;0o;2;0a;1;0f;0;1b;0;S;o;0.45
[2022-12-30 20:41:25] <@TrackerGGBot> https://tracker.gg/valorant/profile/riot/V1%20Katarina%23VXVAL/crosshairs
[2022-12-30 20:43:32] <sgharo_> !sens
[2022-12-30 20:43:33] <@%^Nightbot> sgharo_ In-Game .35 | Scoped .8 | 800dpi
[2022-12-30 20:44:20] <sgharo_> !res
[2022-12-30 20:44:20] <@%^Nightbot> 1440 x 1080 (custom res, not true stretch)
[2022-12-30 20:48:11] <mammyvlr> !cross
[2022-12-30 20:48:11] <@%^Nightbot> try !crosshair
[2022-12-30 20:48:17] <mammyvlr> !crosshair
[2022-12-30 20:48:17] <@%^Nightbot> 0;s;1;P;c;5;h;0;f;0;0l;4;0v;3;0g;1;0o;2;0a;1;0f;0;1b;0;S;o;0.45
[2022-12-30 20:48:17] <@TrackerGGBot> https://tracker.gg/valorant/profile/riot/V1%20Katarina%23VXVAL/crosshairs
[2022-12-30 20:54:29] <mammyvlr> !crosshair
[2022-12-30 20:54:29] <@%^Nightbot> 0;s;1;P;c;5;h;0;f;0;0l;4;0v;3;0g;1;0o;2;0a;1;0f;0;1b;0;S;o;0.45
[2022-12-30 20:54:29] <@TrackerGGBot> https://tracker.gg/valorant/profile/riot/V1%20Katarina%23VXVAL/crosshairs
[2022-12-30 21:11:06] <wayyneee_> !settings
[2022-12-30 21:11:06] <@%^Nightbot> https://imgur.com/a/ws3r97P
[2022-12-30 21:12:02] <ilyiuka> !sens
[2022-12-30 21:12:02] <@%^Nightbot> ilyiuka In-Game .35 | Scoped .8 | 800dpi
[2022-12-30 21:49:53] <fpsjackso> !sens
[2022-12-30 21:49:53] <@%^Nightbot> fpsjackso In-Game .35 | Scoped .8 | 800dpi
[2022-12-30 22:08:21] <wayyneee_> !crosshair
[2022-12-30 22:08:21] <@%^Nightbot> 0;s;1;P;c;5;h;0;f;0;0l;4;0v;3;0g;1;0o;2;0a;1;0f;0;1b;0;S;o;0.45
[2022-12-30 22:08:21] <@TrackerGGBot> https://tracker.gg/valorant/profile/riot/V1%20Katarina%23VXVAL/crosshairs
[2022-12-30 22:10:38] <+yiotic_> !res
[2022-12-30 22:10:39] <@^Nightbot> 1440 x 1080 (custom res, not true stretch)
[2022-12-30 22:10:50] <+yiotic_> !crosshair
[2022-12-30 22:10:50] <@%^Nightbot> 0;s;1;P;c;5;h;0;f;0;0l;4;0v;3;0g;1;0o;2;0a;1;0f;0;1b;0;S;o;0.45
[2022-12-30 22:10:50] <@TrackerGGBot> https://tracker.gg/valorant/profile/riot/V1%20Katarina%23VXVAL/crosshairs
[2022-12-30 22:12:37] <+yiotic_> !crosshair
[2022-12-30 22:12:37] <@%^Nightbot> 0;s;1;P;c;5;h;0;f;0;0l;4;0v;3;0g;1;0o;2;0a;1;0f;0;1b;0;S;o;0.45
[2022-12-30 22:12:37] <@TrackerGGBot> https://tracker.gg/valorant/profile/riot/V1%20Katarina%23VXVAL/crosshairs
[2022-12-30 22:13:14] <+yiotic_> !crosshair
[2022-12-30 22:13:14] <@%^Nightbot> 0;s;1;P;c;5;h;0;f;0;0l;4;0v;3;0g;1;0o;2;0a;1;0f;0;1b;0;S;o;0.45
[2022-12-30 22:13:14] <@TrackerGGBot> https://tracker.gg/valorant/profile/riot/V1%20Katarina%23VXVAL/crosshairs
[2022-12-30 22:45:58] <javva> !monitor
[2022-12-30 22:45:59] <@%^Nightbot> Alienware - AW2521HFL 25" IPS LED FHD 240hz
[2022-12-30 22:46:50] <wayyneee_> !sens
[2022-12-30 22:46:50] <@%^Nightbot> wayyneee_ In-Game .35 | Scoped .8 | 800dpi
[2022-12-30 23:32:15] <sk1x00> !sens
[2022-12-30 23:32:15] <@%^Nightbot> sk1x00 In-Game .35 | Scoped .8 | 800dpi
[2022-12-30 23:32:23] <sk1x00> !res
[2022-12-30 23:32:23] <@%^Nightbot> 1440 x 1080 (custom res, not true stretch)
[2022-12-30 23:32:26] <sk1x00> !crosshair
[2022-12-30 23:32:26] <@%^Nightbot> 0;s;1;P;c;5;h;0;f;0;0l;4;0v;3;0g;1;0o;2;0a;1;0f;0;1b;0;S;o;0.45
[2022-12-30 23:32:26] <@TrackerGGBot> https://tracker.gg/valorant/profile/riot/V1%20Katarina%23VXVAL/crosshairs
[2022-12-30 23:40:38] <+roadwarrior130> !sens
[2022-12-30 23:40:38] <@%^Nightbot> roadwarrior130 In-Game .35 | Scoped .8 | 800dpi
[2022-12-30 23:40:46] <+roadwarrior130> !crosshair
[2022-12-30 23:40:46] <@%^Nightbot> 0;s;1;P;c;5;h;0;f;0;0l;4;0v;3;0g;1;0o;2;0a;1;0f;0;1b;0;S;o;0.45
[2022-12-30 23:40:46] <@TrackerGGBot> https://tracker.gg/valorant/profile/riot/V1%20Katarina%23VXVAL/crosshairs
