# Log started: 2022-12-30 00:00:04 +0100
[2022-12-30 00:00:04] VIEWERS: 0
[2022-12-30 00:00:04] ~WE GO CHALLENGER FOR REAL THIS TIME !Comps !thoughts !shorts (Teamfight Tactics)~
[2022-12-30 00:00:21] <@^StreamElements> saintvicious is now live! Streaming Teamfight Tactics: WE GO CHALLENGER FOR REAL THIS TIME !Comps !thoughts !shorts
[2022-12-30 00:00:23] <@TeamLiquid> The Team Liquid Mobile App is available NOW  liquidplus.adv.gg/a/FGbDLp
[2022-12-30 00:02:04] <Spamless> bonus stream?
[2022-12-30 00:02:04] VIEWERS: 28
[2022-12-30 00:02:42] <%+jaws98765> welcome back, how was the gym?
[2022-12-30 00:02:48] <%Nikademous> dang back at it
[2022-12-30 00:02:56] <%+jaws98765> it's push day for me
[2022-12-30 00:03:05] <%Nikademous> how wAS THE GYM
[2022-12-30 00:03:25] <%JRamZ_> stronk
[2022-12-30 00:04:04] VIEWERS: 28
[2022-12-30 00:04:14] <%Louisthexv> Happy Holiday Saint
[2022-12-30 00:04:23] <%wafflesrrdank> yooooo what up everyone perfect timing
[2022-12-30 00:04:32] <headroom1> lets gooooo
[2022-12-30 00:04:45] <%Lochets87> Sell gp :D
[2022-12-30 00:04:45] <headroom1> welcome to no bow stream KEKW
[2022-12-30 00:04:53] <%Louisthexv> lose is win
[2022-12-30 00:05:23] <@%RanelPriest> yoshiJAM
[2022-12-30 00:05:54] <%Louisthexv> this way you get prio pick
[2022-12-30 00:06:04] VIEWERS: 52
[2022-12-30 00:07:18] <codapog> I just died to a urgot 3
[2022-12-30 00:07:25] <codapog> fyi it ults the entire board
[2022-12-30 00:08:04] VIEWERS: 52
[2022-12-30 00:08:08] <@^StreamElements> Vtuber Model by https://gonzossm.com/
[2022-12-30 00:08:40] <%wafflesrrdank> weekend hype smiteShades
[2022-12-30 00:08:43] <+unicornmuffins> We going to see a Heist 7 out of you today?
[2022-12-30 00:09:06] <headroom1> maybe next year
[2022-12-30 00:09:26] <%Lochets87> How is build different this patch?
[2022-12-30 00:10:04] VIEWERS: 56
[2022-12-30 00:11:04] <%+Th3_Captain> And we are back- kick some a$$
[2022-12-30 00:11:19] <headroom1> hell yeah
[2022-12-30 00:11:27] <%+jaws98765> @Lochets87 https://tactics.tools/augments
[2022-12-30 00:11:50] <%DM_MonkeyMan> Kimchi goes where she wants
[2022-12-30 00:12:04] VIEWERS: 56
[2022-12-30 00:12:09] <%wafflesrrdank> smiteWave
[2022-12-30 00:14:02] <+BennyBerserker> !comps
[2022-12-30 00:14:02] <@^StreamElements> Set 8 Comps https://imgur.com/a/qzWaM3E
[2022-12-30 00:14:04] VIEWERS: 144
[2022-12-30 00:14:55] <headroom1> shieeeet
[2022-12-30 00:14:59] <%wafflesrrdank> Last whisper game
[2022-12-30 00:16:04] VIEWERS: 144
[2022-12-30 00:18:06] VIEWERS: 144
[2022-12-30 00:18:58] <%wafflesrrdank> catjam
[2022-12-30 00:19:35] <%+kamikazi_34> could be worse, it could be the 6 tears from yesterday
[2022-12-30 00:20:07] VIEWERS: 183
[2022-12-30 00:20:13] <headroom1> you have remover no worrys
[2022-12-30 00:20:15] <headroom1> pog'
[2022-12-30 00:20:45] <%wafflesrrdank> 5head
[2022-12-30 00:22:10] VIEWERS: 183
[2022-12-30 00:24:10] Viewerstats (00:00-00:24): avg:96 min:0 max:183 [13/_0+28+0+24+0+4+0+88+0+0+39+0+0]
[2022-12-30 00:24:10] VIEWERS: 183
[2022-12-30 00:25:37] <headroom1> dude hoj is better than lw shit
[2022-12-30 00:26:10] VIEWERS: 211
[2022-12-30 00:28:12] VIEWERS: 224
[2022-12-30 00:28:21] <y_e_e_t_0> !comps
[2022-12-30 00:28:21] <@^StreamElements> Set 8 Comps https://imgur.com/a/qzWaM3E
[2022-12-30 00:30:12] VIEWERS: 224
[2022-12-30 00:30:21] <headroom1> more healing the back line pog
[2022-12-30 00:32:13] VIEWERS: 224
[2022-12-30 00:32:40] <headroom1> dude this redeption is 5head
[2022-12-30 00:32:44] <headroom1> saved your ass
[2022-12-30 00:33:16] <+Chibears3454> sivir and senna do so much damage even without items
[2022-12-30 00:34:14] VIEWERS: 280
[2022-12-30 00:35:43] <colourblind35> The Matrix has attacked Don't tell me the timing isn't suspicious! He will reign supreme Strike 1 cancellation - they failed Strike 2 arrest on false charges Strike 3 mysterious death
[2022-12-30 00:36:04] <colourblind35> tldr just hit
[2022-12-30 00:36:15] VIEWERS: 298
[2022-12-30 00:37:25] <%+kamikazi_34> i enjoyed that greats tweet had her admit that she had a tiny penis
[2022-12-30 00:37:28] <%+kamikazi_34> that was great
[2022-12-30 00:38:15] VIEWERS: 295
[2022-12-30 00:38:31] <%+kamikazi_34> "yes, please do enlighten me. email me at smalldickenergy@getalife.com"
[2022-12-30 00:39:31] <%DM_MonkeyMan> D:
[2022-12-30 00:39:32] <pizzacrost> Clients
[2022-12-30 00:39:38] <Thomovich> where are you celebrating new years?
[2022-12-30 00:40:06] <%DM_MonkeyMan> I am not a fan of spat start
[2022-12-30 00:40:15] VIEWERS: 295
[2022-12-30 00:40:18] <%DM_MonkeyMan> YEP
[2022-12-30 00:40:48] <%DM_MonkeyMan> It's duelist, maybe mascot or admin
[2022-12-30 00:40:53] <%DM_MonkeyMan> Everytime
[2022-12-30 00:41:09] <%DM_MonkeyMan> Or you hold and pray for crown
[2022-12-30 00:42:15] VIEWERS: 295
[2022-12-30 00:43:26] <headroom1> hit niyla first
[2022-12-30 00:44:15] VIEWERS: 250
[2022-12-30 00:46:15] VIEWERS: 250
[2022-12-30 00:47:23] <@TeamLiquid> The Team Liquid Mobile App is available NOW  liquidplus.adv.gg/a/FGbDLp
[2022-12-30 00:48:15] VIEWERS: 250
[2022-12-30 00:48:49] <euclid908> we just push levels here right?
[2022-12-30 00:49:24] <headroom1> greed it agree
[2022-12-30 00:49:58] <headroom1> you can put sej and ramuss in for more cc
[2022-12-30 00:50:03] <headroom1> so its pog
[2022-12-30 00:50:15] VIEWERS: 291
[2022-12-30 00:51:11] <headroom1> nice
[2022-12-30 00:51:27] <%ronchohonchoncho> surely he'll collect
[2022-12-30 00:51:47] <%ronchohonchoncho> he's rich
[2022-12-30 00:51:59] <headroom1> fast 9 baby lets gooo
[2022-12-30 00:52:15] VIEWERS: 305
[2022-12-30 00:53:09] <%Zedaine112> how'd the stream go earlier saint?
[2022-12-30 00:53:27] <%Zedaine112> couldn't tune in, sadly I was at work
[2022-12-30 00:54:15] Viewerstats (00:26-00:54): avg:266 min:211 max:305 [15/211+13+0+0+56+18−3+0+0−45+0+0+41+14+0]
[2022-12-30 00:54:15] VIEWERS: 305
[2022-12-30 00:56:12] <%ronchohonchoncho> collector gave 40g Kreygasm
[2022-12-30 00:56:15] VIEWERS: 322
[2022-12-30 00:56:27] <%+kamikazi_34> she was super tilted yesterday at wukong energize
[2022-12-30 00:56:56] <%+Phinni> i like this set a lot more than the last one
[2022-12-30 00:56:57] <%LlgerZer0> yeah great patch all in all
[2022-12-30 00:57:51] <headroom1> will be very flex set after the patch i love it
[2022-12-30 00:58:15] VIEWERS: 326
[2022-12-30 00:58:59] <headroom1> Ramuss on 8?
[2022-12-30 00:59:10] <headroom1> or more hackers
[2022-12-30 00:59:26] <headroom1> idk just wondering
[2022-12-30 00:59:48] <headroom1> if you not hit yasuo i mean
[2022-12-30 00:59:55] <headroom1> o nvm
[2022-12-30 01:00:15] VIEWERS: 326
[2022-12-30 01:01:12] <!Caligula1> 4-3 Deadge FeelsDankMan
[2022-12-30 01:01:24] <KillDistortion> WANGED
[2022-12-30 01:01:50] <%ronchohonchoncho> healthy enough to be patient
[2022-12-30 01:02:15] VIEWERS: 385
[2022-12-30 01:03:49] <%ronchohonchoncho> xdd
[2022-12-30 01:04:15] VIEWERS: 385
[2022-12-30 01:06:15] VIEWERS: 385
[2022-12-30 01:06:16] <headroom1> deff 9 angle
[2022-12-30 01:07:01] <ItssJaah> @saintvicious how do u do the thing where ur still holding ur zed and watchhing other board ?
[2022-12-30 01:08:15] VIEWERS: 385
[2022-12-30 01:09:04] <+jamchiney> @saintvicious do you miss the clg days?
[2022-12-30 01:09:46] <Parreformance> !comps
[2022-12-30 01:09:46] <@^StreamElements> Set 8 Comps https://imgur.com/a/qzWaM3E
[2022-12-30 01:10:15] VIEWERS: 398
[2022-12-30 01:11:22] <%+JuveLind> lost to bot
[2022-12-30 01:11:37] <%ronchohonchoncho> PJSalt
[2022-12-30 01:11:40] <%ronchohonchoncho> Kappa
[2022-12-30 01:12:15] VIEWERS: 398
[2022-12-30 01:12:22] <%+JuveLind> collector kinda meh too
[2022-12-30 01:13:16] <%ronchohonchoncho> he refuses to make ice cream cone LUL
[2022-12-30 01:14:15] VIEWERS: 398
[2022-12-30 01:16:15] VIEWERS: 450
[2022-12-30 01:16:41] <!%DeBruce> Soju been dropping LP like its a 2$ night at a strip club
[2022-12-30 01:16:55] <!%DeBruce> smiteRoll smiteRoll
[2022-12-30 01:17:34] <!%DeBruce> said he had 10 more hrs left
[2022-12-30 01:17:39] <!%DeBruce> its an ez climp
[2022-12-30 01:17:42] <KyleTheDefiles> smiteHensmile
[2022-12-30 01:17:55] <!%DeBruce> and we would be here for it
[2022-12-30 01:18:02] <!%DeBruce> smiteHype smiteHype smiteHype
[2022-12-30 01:18:15] VIEWERS: 450
[2022-12-30 01:18:25] <lord_folkens> !comps
[2022-12-30 01:18:25] <@^StreamElements> Set 8 Comps https://imgur.com/a/qzWaM3E
[2022-12-30 01:19:06] <greekrh> how much lp is challenger? is it for real for real this time?
[2022-12-30 01:19:16] <!%DeBruce> these q times make me think its time for some Jump King
[2022-12-30 01:19:17] <!%DeBruce> LUL
[2022-12-30 01:19:37] <!%DeBruce> or you like Slay the Spire
[2022-12-30 01:20:02] <!%DeBruce> 1k
[2022-12-30 01:20:15] VIEWERS: 450
[2022-12-30 01:20:19] <%+jaws98765> 995 EZ Clap
[2022-12-30 01:20:38] <%Zedaine112> setsuko has 1700? wtf
[2022-12-30 01:20:50] <%Zedaine112> he's like 300+ up on the next guy.
[2022-12-30 01:21:03] <%+juskasin> Isn't that part of the game???
[2022-12-30 01:21:06] <KyleTheDefiles> monkaHmm
[2022-12-30 01:21:31] <%DM_MonkeyMan> This is 3rd set
[2022-12-30 01:21:32] <headroom1> 3i think
[2022-12-30 01:21:54] <greekrh> lol that shop
[2022-12-30 01:22:02] <!%DeBruce> looks like a forced with no tear start
[2022-12-30 01:22:15] VIEWERS: 431
[2022-12-30 01:22:29] <headroom1> i hate forced games
[2022-12-30 01:22:49] <!%DeBruce> Lux 3 and Taliya 2 is a good win out
[2022-12-30 01:23:05] <!%DeBruce> with Echo?
[2022-12-30 01:23:12] <!%DeBruce> thats nice
[2022-12-30 01:23:27] <%DM_MonkeyMan> Didn't think wise spending would be that low
[2022-12-30 01:23:38] <!%DeBruce> re roll
[2022-12-30 01:23:49] <%DM_MonkeyMan> Kai'sa/Threat/Zoe/Duelist
[2022-12-30 01:23:51] <Saahf> threats maybe idk
[2022-12-30 01:24:00] <!%DeBruce> yep
[2022-12-30 01:24:08] <!%DeBruce> forget F only the D LUL
[2022-12-30 01:24:09] <Saahf> PogO
[2022-12-30 01:24:10] <%+juskasin> Go next angle lol
[2022-12-30 01:24:14] <%DM_MonkeyMan> Susge
[2022-12-30 01:24:14] <%+juskasin> reset
[2022-12-30 01:24:15] Viewerstats (00:56-01:24): avg:394 min:322 max:450 [15/322+4+0+59+0+0+0+13+0+0+52+0+0−19+0]
[2022-12-30 01:24:15] VIEWERS: 431
[2022-12-30 01:24:17] <hypercro> icant
[2022-12-30 01:24:25] <%+o_ze1> we press D
[2022-12-30 01:24:28] <%+juskasin> 3 dravens we draven rr?
[2022-12-30 01:24:29] <!%DeBruce> no wait
[2022-12-30 01:24:32] <MissingMatter> Surely there's an Undo button?
[2022-12-30 01:24:34] <!%DeBruce> we needed to lose to get tear
[2022-12-30 01:24:38] <!%DeBruce> yeah that it
[2022-12-30 01:25:12] <!%DeBruce> we can Jax it
[2022-12-30 01:25:16] <%+juskasin> We int for bows
[2022-12-30 01:25:26] <!%DeBruce> w/e reroll you want to do this is the aug
[2022-12-30 01:26:15] VIEWERS: 431
[2022-12-30 01:26:18] <!%DeBruce> this looks better
[2022-12-30 01:26:28] <@%RanelPriest> where did you place last game for prediction?
[2022-12-30 01:26:52] <!%DeBruce> 4
[2022-12-30 01:27:24] <!%DeBruce> ez
[2022-12-30 01:27:46] <!%DeBruce> just have to remember D to level LUL
[2022-12-30 01:27:52] <@%RanelPriest> wanted to make sure tracker.gg wasn't trolling LUL
[2022-12-30 01:28:08] <@^StreamElements> Vtuber Model by https://gonzossm.com/
[2022-12-30 01:28:15] VIEWERS: 356
[2022-12-30 01:30:15] VIEWERS: 356
[2022-12-30 01:31:24] <%+juskasin> WAIT YOU CANT DO THAT!!!! THAT'S MANIPULATING AUGMENTS!!!
[2022-12-30 01:31:31] <Kanbrax> can brawler emblem be created with Spatula?
[2022-12-30 01:31:48] <!%DeBruce> kept loss
[2022-12-30 01:32:07] <!%DeBruce> @Kanbrax no
[2022-12-30 01:32:15] VIEWERS: 371
[2022-12-30 01:32:37] <%+juskasin> skipped ariven
[2022-12-30 01:32:58] <+zak_vvv> Didn’t matter phew
[2022-12-30 01:33:45] <headroom1> all calculated
[2022-12-30 01:34:11] <@%RanelPriest> LUL
[2022-12-30 01:34:15] VIEWERS: 371
[2022-12-30 01:34:24] <@TeamLiquid> The Team Liquid Mobile App is available NOW  liquidplus.adv.gg/a/FGbDLp
[2022-12-30 01:35:05] <!%DeBruce> thats reroll value smiteHensmile
[2022-12-30 01:35:11] <%+kamikazi_34> there are 3 tears though
[2022-12-30 01:35:21] <headroom1> maaaaan
[2022-12-30 01:35:27] <%rexerater> thats the face of a saint that has been getting mortdogged all day
[2022-12-30 01:35:31] <%DM_MonkeyMan> Surely
[2022-12-30 01:35:40] <%DM_MonkeyMan> Surely that didn't happen earlier today smiteS
[2022-12-30 01:36:15] VIEWERS: 377
[2022-12-30 01:36:55] <beckneardcutie> 5Head
[2022-12-30 01:37:10] <+tangell0s> just roll for the bow Kappa
[2022-12-30 01:37:20] <MissingMatter> Keeping our streak all game long.
[2022-12-30 01:38:01] <+tangell0s> tactically breaking lose streak right before pve
[2022-12-30 01:38:17] VIEWERS: 377
[2022-12-30 01:38:27] <Saahf> bow Prayge or atleast a rod
[2022-12-30 01:39:02] <headroom1> ok no bow stream confirmed
[2022-12-30 01:40:20] VIEWERS: 385
[2022-12-30 01:40:32] <!%DeBruce> EX
[2022-12-30 01:40:36] <!%DeBruce> EZ*
[2022-12-30 01:40:37] <Saahf> PogO
[2022-12-30 01:40:42] <+tangell0s> blitz?
[2022-12-30 01:40:44] <!%DeBruce> Seg maybe
[2022-12-30 01:40:48] <+tangell0s> hit for riven and soraka
[2022-12-30 01:41:55] <!%DeBruce> we just need a 4th? LUL
[2022-12-30 01:42:01] <%DM_MonkeyMan> Surely we'll get a bow on carousel though COPIUM
[2022-12-30 01:42:20] VIEWERS: 385
[2022-12-30 01:42:25] <%+Dreanorzawr> good sej
[2022-12-30 01:43:04] <%DM_MonkeyMan> Sure did
[2022-12-30 01:43:11] <!%DeBruce> we win these
[2022-12-30 01:43:12] <%DM_MonkeyMan> that ratJAM
[2022-12-30 01:43:23] <!%DeBruce> thats all we askin Mort, 4th
[2022-12-30 01:43:27] <headroom1> we did it
[2022-12-30 01:44:20] VIEWERS: 401
[2022-12-30 01:45:01] <!%DeBruce> not 8th
[2022-12-30 01:45:03] <!%DeBruce> >_<
[2022-12-30 01:45:09] <!%DeBruce> copium
[2022-12-30 01:45:21] <+Vahelios> we had the option to get a rod instead of the tear early on, would that have been better than rfc?
[2022-12-30 01:45:53] <%rexerater> the ol mortdog
[2022-12-30 01:45:54] <%DM_MonkeyMan> Sadge
[2022-12-30 01:45:59] <%rexerater> strikes again
[2022-12-30 01:45:59] <%+Dreanorzawr> so what are the best in slot for jax
[2022-12-30 01:46:04] <%+Dreanorzawr> RFC BT rageblade?
[2022-12-30 01:46:08] <astrolegumes> top 7 with jax 3 what the frick
[2022-12-30 01:46:11] <%Lochets87> Did they nerf jax or did we just lowroll?
[2022-12-30 01:46:20] VIEWERS: 401
[2022-12-30 01:46:52] <!%DeBruce> several reasons
[2022-12-30 01:47:05] <!%DeBruce> needed Dice early for Threats instead
[2022-12-30 01:47:06] <!%DeBruce> lol
[2022-12-30 01:47:06] <+tangell0s> the only time i've done well w/ wise spending is when i've also had golden ticket
[2022-12-30 01:47:28] <+Preminenc3> what site is that?
[2022-12-30 01:48:00] <+tangell0s> it's tactics.tools
[2022-12-30 01:48:02] <!%DeBruce> tactics.tools
[2022-12-30 01:48:08] <@^StreamElements> Vtuber Model by https://gonzossm.com/
[2022-12-30 01:48:20] VIEWERS: 401
[2022-12-30 01:50:20] VIEWERS: 392
[2022-12-30 01:51:34] <%+Phinni> can i have playlist please?
[2022-12-30 01:51:49] <~%saintvicious> https://www.youtube.com/watch?v=lZD3gG8QQ1I&t=21s
[2022-12-30 01:52:17] <%+Phinni> thanks!
[2022-12-30 01:52:20] VIEWERS: 392
[2022-12-30 01:52:35] <%Lochets87> Bow start Pog
[2022-12-30 01:53:12] <!%DeBruce> Urf bag lets go
[2022-12-30 01:54:20] Viewerstats (01:26-01:54): avg:385 min:356 max:431 [15/431−75+0+15+0+6+0+8+0+16+0+0−9+0+0]
[2022-12-30 01:54:20] VIEWERS: 392
[2022-12-30 01:54:28] <!%DeBruce> ummm
[2022-12-30 01:54:35] <!%DeBruce> doomed?
[2022-12-30 01:54:44] <+roybr01> !comps
[2022-12-30 01:54:44] <@^StreamElements> Set 8 Comps https://imgur.com/a/qzWaM3E
[2022-12-30 01:55:06] <+tangell0s> down an augment AND a reroll
[2022-12-30 01:55:29] <headroom1> duelist spat on fokin circle its calculated
[2022-12-30 01:55:35] <%+jaws98765> player gapped
[2022-12-30 01:55:42] <+tangell0s> well fertilizer makes farming better
[2022-12-30 01:55:48] <!%DeBruce> supers and duelist?
[2022-12-30 01:56:09] <%+juskasin> We go jax?
[2022-12-30 01:56:14] <%+jaws98765> quick bot 4 and gtfo LUL
[2022-12-30 01:56:18] <%k1011> Simera
[2022-12-30 01:56:20] VIEWERS: 388
[2022-12-30 01:56:36] <%+juskasin> We will get the 2 recurves so maybe jax?
[2022-12-30 01:56:55] <headroom1> if you win this game you are a god
[2022-12-30 01:57:42] [Notification] tyrok3 subscribed with Prime.
[2022-12-30 01:58:20] VIEWERS: 388
[2022-12-30 01:58:50] <!%DeBruce> if you get a spat for him? lol
[2022-12-30 02:00:12] <14Lethal> zed3 i believe
[2022-12-30 02:00:12] <Saturn_Seven> time to bring out the duelist renek KEKW
[2022-12-30 02:00:20] VIEWERS: 393
[2022-12-30 02:00:37] <!%DeBruce> took his win streak
[2022-12-30 02:00:43] <!%DeBruce> right before
[2022-12-30 02:00:45] <!%DeBruce> lol
[2022-12-30 02:01:14] <headroom1> its coming boys
[2022-12-30 02:02:20] VIEWERS: 393
[2022-12-30 02:02:38] <headroom1> idk man i`m so confused today wtf is hapening
[2022-12-30 02:03:16] <+DaGranny> !comps
[2022-12-30 02:03:16] <@^StreamElements> Set 8 Comps https://imgur.com/a/qzWaM3E
[2022-12-30 02:04:22] VIEWERS: 397
[2022-12-30 02:04:31] <!%DeBruce> Golden Renny
[2022-12-30 02:04:33] <+GoldenGolemGG> we'll think faster next time
[2022-12-30 02:04:35] <!%DeBruce> lets go
[2022-12-30 02:05:03] <!%DeBruce> he is dying faster then us
[2022-12-30 02:05:11] <!%DeBruce> we get our champs
[2022-12-30 02:05:46] <!%DeBruce> that look
[2022-12-30 02:05:47] <!%DeBruce> XD
[2022-12-30 02:06:16] <!%DeBruce> pew pew
[2022-12-30 02:06:24] VIEWERS: 397
[2022-12-30 02:06:59] <!%DeBruce> AND be losing to us
[2022-12-30 02:07:13] <headroom1> fokin manipulating people man
[2022-12-30 02:07:26] <!%DeBruce> he is poor
[2022-12-30 02:08:08] <@^StreamElements> Vtuber Model by https://gonzossm.com/
[2022-12-30 02:08:26] VIEWERS: 397
[2022-12-30 02:08:37] <!%DeBruce> need Bow and idk
[2022-12-30 02:08:39] <!%DeBruce> lol
[2022-12-30 02:10:26] VIEWERS: 416
[2022-12-30 02:10:48] <!%DeBruce> lol
[2022-12-30 02:10:49] <+GoldenGolemGG> gives nice gold aesthetic
[2022-12-30 02:11:38] <!%DeBruce> sh has atk speed though
[2022-12-30 02:11:39] <!%DeBruce> lol
[2022-12-30 02:12:00] <!%DeBruce> maybe gets us 4th
[2022-12-30 02:12:00] <headroom1> does ff
[2022-12-30 02:12:13] <barnabycubbins> it gives some stats :D
[2022-12-30 02:12:26] VIEWERS: 416
[2022-12-30 02:13:50] <+GoldenGolemGG> maybe you'll die slightly slower doe
[2022-12-30 02:14:00] <%Lochets87> Whats that renk augment?
[2022-12-30 02:14:19] <!%DeBruce> atk speed
[2022-12-30 02:14:21] <!%DeBruce> shite
[2022-12-30 02:14:26] VIEWERS: 421
[2022-12-30 02:16:26] VIEWERS: 421
[2022-12-30 02:16:45] <%Zedaine112> why does it look like you have zero items lol
[2022-12-30 02:17:20] <%Zedaine112> okay, it just looked so odd to me. guess i didn't realize it
[2022-12-30 02:18:02] <!%DeBruce> WTF LUL
[2022-12-30 02:18:26] VIEWERS: 421
[2022-12-30 02:19:06] <!%DeBruce> just need to die less
[2022-12-30 02:19:07] <!%DeBruce> lol
[2022-12-30 02:20:07] <!%DeBruce> 2x in a row
[2022-12-30 02:20:15] <!%DeBruce> hate to see it
[2022-12-30 02:20:20] <headroom1> we got Mortdoged all day dude
[2022-12-30 02:20:22] <headroom1> wtf
[2022-12-30 02:20:26] VIEWERS: 438
[2022-12-30 02:20:57] <%Lopylobster> mortdog emote when?
[2022-12-30 02:21:23] <@TeamLiquid> The Team Liquid Mobile App is available NOW  liquidplus.adv.gg/a/FGbDLp
[2022-12-30 02:21:41] <@%+Sammyraii> too smiteOld for think fast
[2022-12-30 02:22:26] VIEWERS: 438
[2022-12-30 02:24:27] Viewerstats (01:56-02:24): avg:410 min:388 max:438 [15/388+0+5+0+4+0+0+19+0+5+0+0+17+0−7]
[2022-12-30 02:24:27] VIEWERS: 431
[2022-12-30 02:26:31] VIEWERS: 431
[2022-12-30 02:27:45] <headroom1> i put a spell on you kinda thing
[2022-12-30 02:27:48] <headroom1> KEKW
[2022-12-30 02:28:31] VIEWERS: 431
[2022-12-30 02:30:31] VIEWERS: 431
[2022-12-30 02:32:29] <%casiebot> it's cause you haven't gotten any bows today, now you only get bows
[2022-12-30 02:32:31] VIEWERS: 403
[2022-12-30 02:34:31] VIEWERS: 403
[2022-12-30 02:34:34] <headroom1> duelist pride lets gooo
[2022-12-30 02:35:34] <headroom1> duelist won a worlds so pog af
[2022-12-30 02:35:58] <+whisperwhipper> is duelist samira any good?
[2022-12-30 02:36:31] VIEWERS: 393
[2022-12-30 02:36:34] [Notification] JuveLind subscribed with Prime. They've subscribed for 2 months!
[2022-12-30 02:38:03] <Kilbokam> !comps
[2022-12-30 02:38:03] <@^StreamElements> Set 8 Comps https://imgur.com/a/qzWaM3E
[2022-12-30 02:38:31] VIEWERS: 393
[2022-12-30 02:39:07] <%+JuveLind> can pivot Samira no?
[2022-12-30 02:39:40] <%+JuveLind> duelist Samira pepe
[2022-12-30 02:40:02] <edmondQc> Its clearly a duelist lux game
[2022-12-30 02:40:11] <+tangell0s> Duelist Nunu please saint
[2022-12-30 02:40:11] <%+J4Justin2> duelist Fiddlestick Pepega
[2022-12-30 02:40:19] <%+Codename_Duchess> ive been having better luck with the 3 hacker zed comp rather than stacking deulists. but thats almost certainly because im bad LUL
[2022-12-30 02:40:31] VIEWERS: 393
[2022-12-30 02:42:01] <+gangblu3> is this a kaisa duelist game?
[2022-12-30 02:42:19] <+BagOfSmiles> imissvLOVE
[2022-12-30 02:42:31] VIEWERS: 437
[2022-12-30 02:42:51] <%TheZim> just pivot into jax from here Chatting
[2022-12-30 02:42:54] <%+jaws98765> ngl I was 80% expecting someone to say kaisa in your shop LUL
[2022-12-30 02:43:20] <%+Codename_Duchess> those items Pog
[2022-12-30 02:44:31] VIEWERS: 437
[2022-12-30 02:45:36] <+gangblu3> kaisa
[2022-12-30 02:46:09] <%+Magister187> gangblue is down hard for Kaisa
[2022-12-30 02:46:35] VIEWERS: 448
[2022-12-30 02:47:00] <%+JuveLind> banger
[2022-12-30 02:48:08] <@^StreamElements> Vtuber Model by https://gonzossm.com/
[2022-12-30 02:48:27] [Notification] Zhieux subscribed with Prime. They've subscribed for 7 months! [Twitch recap: 250 hours watching saint.. 2messages sent.]
[2022-12-30 02:48:36] VIEWERS: 448
[2022-12-30 02:48:52] <MattScoot2> !gamble all
[2022-12-30 02:48:52] <@^StreamElements>* PogChamp MattScoot2 went all in and won 380 Saints PogChamp they now have 760 Saints FeelsGoodMan
[2022-12-30 02:49:18] <%DM_MonkeyMan> I had 1700 hours of saint watched this year YEP
[2022-12-30 02:49:31] <%DM_MonkeyMan> I am saint degen
[2022-12-30 02:49:55] <@%RanelPriest> 725 hours watched 884 messages sent LUL jesus
[2022-12-30 02:50:08] <Portable_Head> pandora's bench xdd
[2022-12-30 02:50:11] <@%RanelPriest> Told you I am here a lot
[2022-12-30 02:50:17] <Saahf> how much ad is radiant db?
[2022-12-30 02:50:25] <%+KnyazSmerti> pandoras bench works one time then it just becomes bait forever
[2022-12-30 02:50:27] <+whisperwhipper> zed is a myth, just like bigfoot, the one you have in play is just a dude in a costume
[2022-12-30 02:50:37] VIEWERS: 453
[2022-12-30 02:50:41] <Saahf> damn thats alot
[2022-12-30 02:50:52] <%+da_tejb> just ordered taco bell.... I instantly regretted it
[2022-12-30 02:51:44] <Dnial31> 432h 32 messages sent....and i was in top 9% of chatters, holy lurkers batman
[2022-12-30 02:52:05] <%Zedaine112> ngl, this seems like a close lobby
[2022-12-30 02:52:41] VIEWERS: 453
[2022-12-30 02:53:32] <@%RanelPriest> it says I watched 8.8k hours yet there are only 8760 hours in a year LUL
[2022-12-30 02:54:41] Viewerstats (02:26-02:54): avg:427 min:393 max:462 [15/431+0+0−28+0−10+0+0+44+0+11+0+5+0+9]
[2022-12-30 02:54:41] VIEWERS: 462
[2022-12-30 02:55:11] [Notification] senshi330 subscribed at Tier 1. They've subscribed for 14 months!
[2022-12-30 02:56:41] VIEWERS: 462
[2022-12-30 02:56:48] <+whisperwhipper> supers gonna super
[2022-12-30 02:58:41] VIEWERS: 462
[2022-12-30 02:59:54] <MattScoot2> feeling a first here
[2022-12-30 03:00:41] VIEWERS: 462
[2022-12-30 03:01:11] <testificatetft> gg saint, think that was the first lobby ive outplaced you in in like 2 or 3 sets LuL
[2022-12-30 03:01:46] <%DM_MonkeyMan> Fancy
[2022-12-30 03:01:47] <%Korutix> Bro! She appreciates you!
[2022-12-30 03:01:47] <%+kamikazi_34> i mean it is christmas time
[2022-12-30 03:01:49] <barnabycubbins> getting oiled IRL
[2022-12-30 03:01:51] <Mbubs> She's the one PogChamp
[2022-12-30 03:01:52] <headroom1> thats a sign dude
[2022-12-30 03:01:52] <Sendsong> thats above and beyond
[2022-12-30 03:01:55] <%okaynuckles> smooooogeee
[2022-12-30 03:02:00] <%okaynuckles> adorable
[2022-12-30 03:02:01] <%DM_MonkeyMan> Maybe someone gave it to her and she didn't want so she like well fuck it, here ya go
[2022-12-30 03:02:04] <%k1011> She likes you
[2022-12-30 03:02:06] <testificatetft> GIGACHAD left a strong first impression or she a lil crazy
[2022-12-30 03:02:10] <%+Codename_Duchess> @DM_MonkeyMan this was my thought as well
[2022-12-30 03:02:12] <barnabycubbins> a keeper does that, saint
[2022-12-30 03:02:13] <%+evilcise1234> Saint been laying that super Mario pipe jeez
[2022-12-30 03:02:15] <%+Codename_Duchess> classic regift
[2022-12-30 03:02:16] <%okaynuckles> why the heck naut!
[2022-12-30 03:02:17] <+Rhuid> she's just smarter than you is all ;)
[2022-12-30 03:02:19] <%+Lyrikz> confirmed Saint has that good good 😉
[2022-12-30 03:02:28] <%+jaws98765> Maybe she just really likes xmas
[2022-12-30 03:02:31] <%Lochets87> She'll probably ask where her gift are at your 3rd date
[2022-12-30 03:02:39] <%+jaws98765> I know people who give gifts to randoms just because they like xmas
[2022-12-30 03:02:41] VIEWERS: 462
[2022-12-30 03:02:42] <barnabycubbins> tea hits different in your thirties
[2022-12-30 03:02:49] <%Eldiloft> Clearly got a reaction out of you so maybe 5Head ?
[2022-12-30 03:03:04] <%+jaws98765> ^ this might be a thing too
[2022-12-30 03:03:10] <%+da_tejb> cool though
[2022-12-30 03:03:12] <MattScoot2> question from gold: if you give rammus a gunblade with the spiked armor augment does he heal off that
[2022-12-30 03:04:13] <%+jaws98765> you got the malph LUL
[2022-12-30 03:04:40] <%Lochets87> Souleater with dualists is so good
[2022-12-30 03:04:41] VIEWERS: 417
[2022-12-30 03:05:02] <MattScoot2> aforementioned gold player, id have slammed the econ trait draven
[2022-12-30 03:05:02] <@%RanelPriest> 20 ezreal augment players care for blitz hooks all game LUL
[2022-12-30 03:05:36] <Planet_Punk> yo saint found so many good music listening to your stream. You ever heard of boston168? Their set at bolier room is fire. Listen to that, Greetings from germany
[2022-12-30 03:06:41] VIEWERS: 417
[2022-12-30 03:06:55] <headroom1> boiler room pog
[2022-12-30 03:07:34] <%+jaws98765> RIP streak
[2022-12-30 03:07:49] <sir_shaked> !comps
[2022-12-30 03:07:49] <@^StreamElements> Set 8 Comps https://imgur.com/a/qzWaM3E
[2022-12-30 03:08:08] <@^StreamElements> Vtuber Model by https://gonzossm.com/
[2022-12-30 03:08:23] <@TeamLiquid> The Team Liquid Mobile App is available NOW  liquidplus.adv.gg/a/FGbDLp
[2022-12-30 03:08:41] VIEWERS: 435
[2022-12-30 03:09:06] <@%RanelPriest> AlienDance
[2022-12-30 03:10:41] VIEWERS: 440
[2022-12-30 03:11:12] <Planet_Punk> yeah plyaing tft it's probably a bit much, on raves it pumps
[2022-12-30 03:12:22] <@%+galactic_pie> damn i left and went snow shoeing for like 4 hours and ur still online Pog
[2022-12-30 03:12:24] <headroom1> i dont mind i will deff listen all of it'
[2022-12-30 03:12:41] VIEWERS: 448
[2022-12-30 03:13:30] <%+evilkatos> Just hit 4Head
[2022-12-30 03:14:41] VIEWERS: 448
[2022-12-30 03:16:41] VIEWERS: 448
[2022-12-30 03:17:06] <%+evilkatos> Emily can't find her camilles FeelsBadMan she just keeps finding these worthless Yuumi's
[2022-12-30 03:17:51] <%+da_tejb> catJAM
[2022-12-30 03:18:19] <%+jaws98765> we love the d key
[2022-12-30 03:18:24] <headroom1> its think fast time
[2022-12-30 03:18:42] VIEWERS: 471
[2022-12-30 03:19:22] <Saahf> zoomies nunu sounds kinda nice tho
[2022-12-30 03:19:27] <%Zedaine112> i swaer to god i have never seen you NOT hit GP 3 unless youre selling to try to hit something else
[2022-12-30 03:20:45] VIEWERS: 471
[2022-12-30 03:20:56] <+steelcaptin> !Comps
[2022-12-30 03:20:56] <@^StreamElements> Set 8 Comps https://imgur.com/a/qzWaM3E
[2022-12-30 03:21:21] <%+da_tejb> Prayge
[2022-12-30 03:22:18] <+tangell0s> 2 galio, 1 malph, 2 yuumi
[2022-12-30 03:22:46] VIEWERS: 480
[2022-12-30 03:23:13] <%+Codename_Duchess> pain
[2022-12-30 03:24:22] <%+da_tejb> Deadge
[2022-12-30 03:24:51] Viewerstats (02:56-03:24): avg:453 min:417 max:480 [15/462+0+0+0−45+0+18+5+8+0+0+23+0+9+0]
[2022-12-30 03:24:51] VIEWERS: 480
[2022-12-30 03:25:17] <Planet_Punk> okay another chance "dwig live at waking life 2018" if you wanna listen to that, a bit more chill, otherwise gl im out
[2022-12-30 03:26:25] <%+Codename_Duchess> nasty malph items
[2022-12-30 03:26:29] <%Zedaine112> live dammit, LIVE
[2022-12-30 03:26:51] VIEWERS: 502
[2022-12-30 03:27:20] <ProjectileInvaIid> Deadge Deadge Deadge Deadge
[2022-12-30 03:27:23] <%+da_tejb> wow, that was kinda fkd up
[2022-12-30 03:27:40] <%+jaws98765> zoomies vs predatory diff
[2022-12-30 03:27:42] <FooBarBazQuux> A little tragic
[2022-12-30 03:27:42] <@%RanelPriest> Madge
[2022-12-30 03:28:08] <@^StreamElements> Vtuber Model by https://gonzossm.com/
[2022-12-30 03:28:30] <FooBarBazQuux> Learning loss
[2022-12-30 03:28:51] VIEWERS: 502
[2022-12-30 03:29:05] <FooBarBazQuux> I am not a fan of 4-cost hero augments at 3-2
[2022-12-30 03:29:26] <%+jaws98765> earl grey/gray
[2022-12-30 03:29:33] <%+jaws98765> idr how they spell it
[2022-12-30 03:29:36] <%Korutix> jasmine or the black tea
[2022-12-30 03:29:55] <Planet_Punk> some fruit fore sure, your flat will smell great kappa
[2022-12-30 03:30:10] <%+divineravnos> get an electric kettle, they're WAY better than stovetop ones
[2022-12-30 03:30:53] VIEWERS: 502
[2022-12-30 03:31:33] <astrolegumes> NotLikeThis
[2022-12-30 03:31:40] <%+jaws98765> it was to be expected
[2022-12-30 03:31:46] <%+jaws98765> tea takes a couple minutes
[2022-12-30 03:32:21] <+SkrivenSystem> music is broken
[2022-12-30 03:32:56] VIEWERS: 502
[2022-12-30 03:33:04] <Planet_Punk> saint drinking earl gray.. im in my 30s... we grandpas soon
[2022-12-30 03:33:20] <astrolegumes> tea is only for when you're sick
[2022-12-30 03:33:27] <%Korutix> tea calms the nervers
[2022-12-30 03:33:30] <%+Magister187> @astrolegumes fuck off with that
[2022-12-30 03:33:31] <astrolegumes> don't let anybody tell you otherwise
[2022-12-30 03:34:03] <astrolegumes> i must have angered a brit
[2022-12-30 03:34:22] <%+Magister187> nope, just a tea enjoyer lol
[2022-12-30 03:34:23] <headroom1> honey and tea
[2022-12-30 03:34:25] <headroom1> pog
[2022-12-30 03:34:31] <thelittledoc01> bite the end
[2022-12-30 03:34:39] <%Korutix> cut the tip
[2022-12-30 03:34:41] <%DM_MonkeyMan> Scissors
[2022-12-30 03:34:41] <FooBarBazQuux> You bite it
[2022-12-30 03:34:47] <%+Magister187> it's a pixie stick
[2022-12-30 03:34:50] <Litmoose> how did you make the tea
[2022-12-30 03:34:56] VIEWERS: 502
[2022-12-30 03:35:35] <+SkrivenSystem> @Litmoose with water
[2022-12-30 03:35:47] <%+jaws98765> LUL
[2022-12-30 03:35:48] <+Knotlock> mmm boiled leaf juice
[2022-12-30 03:35:49] <Litmoose> as a brit that is illegal
[2022-12-30 03:35:54] <headroom1> she is smart dude that is lets say 40 tea bags there 40 reminder of her
[2022-12-30 03:36:01] <headroom1> isnt that pog or what
[2022-12-30 03:36:36] <astrolegumes> wat
[2022-12-30 03:36:56] VIEWERS: 457
[2022-12-30 03:37:26] <+SkrivenSystem> has saintvicious ever played an instrument professionally ?
[2022-12-30 03:37:28] <Litmoose> smiteDogs :p
[2022-12-30 03:37:29] <+SkrivenSystem> or studied?
[2022-12-30 03:38:56] <Eyes_of_Osiris> !comps
[2022-12-30 03:38:56] <@^StreamElements> Set 8 Comps https://imgur.com/a/qzWaM3E
[2022-12-30 03:39:00] VIEWERS: 457
[2022-12-30 03:41:01] VIEWERS: 467
[2022-12-30 03:43:01] VIEWERS: 488
[2022-12-30 03:44:35] <astrolegumes> that guy is gunning it a lil hard, no?
[2022-12-30 03:44:40] <headroom1> agree
[2022-12-30 03:44:41] <+Knotlock> its the honey from your honey
[2022-12-30 03:44:42] <Portable_Head> !innit
[2022-12-30 03:45:01] VIEWERS: 488
[2022-12-30 03:46:46] <%+jaws98765> wow
[2022-12-30 03:46:50] <+whisperwhipper> a battle for the ages
[2022-12-30 03:46:55] <headroom1> tea diff for sure
[2022-12-30 03:46:57] <%+jaws98765> those raka ult crits saved the day
[2022-12-30 03:47:02] VIEWERS: 488
[2022-12-30 03:47:32] <+Bull3472> Why not the admin unit?
[2022-12-30 03:48:08] <@^StreamElements> Vtuber Model by https://gonzossm.com/
[2022-12-30 03:48:29] <headroom1> fokin manipulative people dude
[2022-12-30 03:49:04] VIEWERS: 494
[2022-12-30 03:51:06] VIEWERS: 494
[2022-12-30 03:51:35] <%+jaws98765> it seems like a ton of people play the game like this there are multiple every game LUL
[2022-12-30 03:51:43] <%+jaws98765> gold is just fake
[2022-12-30 03:52:38] <astrolegumes> ambulance pov
[2022-12-30 03:53:06] VIEWERS: 499
[2022-12-30 03:55:00] <hanjaeck> streamer client  Aware
[2022-12-30 03:55:07] Viewerstats (03:26-03:55): avg:489 min:457 max:502 [15/502+0+0+0+0−45+0+10+21+0+0+6+0+5+0]
[2022-12-30 03:55:07] VIEWERS: 499
[2022-12-30 03:55:24] <@TeamLiquid> The Team Liquid Mobile App is available NOW  liquidplus.adv.gg/a/FGbDLp
[2022-12-30 03:56:42] <realRedhare> what's the janna?
[2022-12-30 03:57:10] VIEWERS: 509
[2022-12-30 03:58:24] <hanjaeck> time to get a blue buff, rebuild raka and give the shojin to syndra  EZ Kappa
[2022-12-30 03:59:12] VIEWERS: 509
[2022-12-30 04:00:37] <%+rolfkip> Kreygasm
[2022-12-30 04:01:04] <%+rolfkip> Say go 9 highroll one more time I’m almost there Kreygasm
[2022-12-30 04:01:12] VIEWERS: 509
[2022-12-30 04:03:12] VIEWERS: 519
[2022-12-30 04:04:06] [Notification] Trollixxx subscribed with Prime.
[2022-12-30 04:04:34] <realRedhare> proccing their hearts out
[2022-12-30 04:05:12] VIEWERS: 548
[2022-12-30 04:06:06] <%+jaws98765> no
[2022-12-30 04:06:17] <%+Codename_Duchess> IE and 4 heart lol
[2022-12-30 04:06:27] <%+rolfkip> Blue battery pretty nice tho
[2022-12-30 04:07:13] VIEWERS: 548
[2022-12-30 04:07:41] <headroom1> nunu2
[2022-12-30 04:07:53] <headroom1> or leona
[2022-12-30 04:08:08] <@^StreamElements> Vtuber Model by https://gonzossm.com/
[2022-12-30 04:09:15] VIEWERS: 592
[2022-12-30 04:09:46] <%wafflesrrdank> lowkey this weekend should be chill af
[2022-12-30 04:10:53] <bruce_tp> Why not janna instead of sona
[2022-12-30 04:11:17] VIEWERS: 592
[2022-12-30 04:11:17] <%wafflesrrdank> I'm going to buy me a bottle of Canadian Whiskey 🤪 too start Friday night
[2022-12-30 04:11:53] <astrolegumes> that camille was juiced tho
[2022-12-30 04:11:53] <ResT1070> !comps
[2022-12-30 04:11:54] <@^StreamElements> Set 8 Comps https://imgur.com/a/qzWaM3E
[2022-12-30 04:13:15] <alomance> !comps
[2022-12-30 04:13:15] <@^StreamElements> Set 8 Comps https://imgur.com/a/qzWaM3E
[2022-12-30 04:13:19] VIEWERS: 592
[2022-12-30 04:13:46] <astrolegumes> alright, it's late i gotta sleep. catch you next time Bedge
[2022-12-30 04:15:00] <headroom1> i`m old for sure
[2022-12-30 04:15:07] <@%+galactic_pie> wasnt it not that long ago that your stream hours were like 2 am to 10 am or some shit
[2022-12-30 04:15:21] VIEWERS: 592
[2022-12-30 04:15:53] <AvengeDlolx> !comps
[2022-12-30 04:15:53] <@^StreamElements> Set 8 Comps https://imgur.com/a/qzWaM3E
[2022-12-30 04:17:00] <flitz309> sona sena, same diff
[2022-12-30 04:17:03] <%+mintyhippo67> this sounds like a synth backing for some cultists trying to summon some dumb looking 80s movie monster
[2022-12-30 04:17:22] VIEWERS: 542
[2022-12-30 04:17:43] <realRedhare> heart heart seems meh since you want heart units to cast
[2022-12-30 04:19:00] <+Bananenheld2> what does heart do?
[2022-12-30 04:19:24] VIEWERS: 489
[2022-12-30 04:19:27] <%+Lampworx> Happy new years cousin!
[2022-12-30 04:19:53] <+popozow> this kinda bangs
[2022-12-30 04:19:59] <+popozow> saint what is this
[2022-12-30 04:20:07] <flitz309> heart is the worst captain planet element
[2022-12-30 04:20:11] <~%saintvicious> https://www.youtube.com/watch?v=L4JOhR54w-c
[2022-12-30 04:20:24] <+popozow> already used my twitch prime but next time boss
[2022-12-30 04:20:45] [Notification] trickeu subscribed with Prime.
[2022-12-30 04:21:27] VIEWERS: 489
[2022-12-30 04:21:52] [Usernotice] Lampworx is gifting 1 Tier 1 Subs to saintvicious's community! They've gifted a total of 1 in the channel!
[2022-12-30 04:21:53] [Notification] Lampworx gifted a Tier 1 sub to FooBarBazQuux! FooBarBazQuux has subscribed for 10 months!
[2022-12-30 04:22:35] <%Lampworx> @FooBarBazQuux My guy!
[2022-12-30 04:23:28] VIEWERS: 484
[2022-12-30 04:23:56] <kuuso_ka> widepeepoHappy W music once again
[2022-12-30 04:24:07] <+whisperwhipper> 3 cache = chad
[2022-12-30 04:25:19] <+KnavTFT> !comps\
[2022-12-30 04:25:32] Viewerstats (03:57-04:25): avg:533 min:484 max:592 [15/509+0+0+10+29+0+44+0+0+0−50−53+0−5+0]
[2022-12-30 04:25:32] VIEWERS: 484
[2022-12-30 04:26:12] <%+J4Justin2> it's p decent
[2022-12-30 04:26:16] <%theTraplawd> its a great out
[2022-12-30 04:26:29] <kuuso_ka> just hit smiteHensmile
[2022-12-30 04:27:08] <%+J4Justin2> what a coincidence KEK
[2022-12-30 04:27:32] VIEWERS: 499
[2022-12-30 04:28:08] <@^StreamElements> Vtuber Model by https://gonzossm.com/
[2022-12-30 04:28:59] <ittybittycrumbs> yeah grief the other ap players
[2022-12-30 04:29:32] VIEWERS: 499
[2022-12-30 04:29:38] <+whisperwhipper> damn right!
[2022-12-30 04:30:21] <hanjaeck> 2x sona, 2x soraka, 1x yuumi, ... can't wait for the jax guy getting items KEKW
[2022-12-30 04:31:36] VIEWERS: 499
[2022-12-30 04:31:43] <%NEZEN27> yo wheres that cheese  ratJAM
[2022-12-30 04:33:37] VIEWERS: 499
[2022-12-30 04:34:09] <%+sirface> S'alright
[2022-12-30 04:34:10] <%Bananular> oof
[2022-12-30 04:34:24] <%NEZEN27> all bout that shiv damage
[2022-12-30 04:34:26] <%+sirface> better than it was
[2022-12-30 04:35:37] VIEWERS: 499
[2022-12-30 04:35:40] <hanjaeck> lvl 8 for raka ekko and pray YEP
[2022-12-30 04:37:07] <+whisperwhipper> it feels good to grief
[2022-12-30 04:37:37] VIEWERS: 492
[2022-12-30 04:37:51] <%Zedaine112> that must be why you play samira and zed lol
[2022-12-30 04:37:56] <%Zedaine112> since this is so contested
[2022-12-30 04:39:03] <+xAlaskanxBearx> It's doomed
[2022-12-30 04:39:37] VIEWERS: 492
[2022-12-30 04:39:43] <hanjaeck> heart 6 and prankster Sadge
[2022-12-30 04:41:37] VIEWERS: 501
[2022-12-30 04:42:10] <hanjaeck> sona 3 with 3 items looking a bit stronger Kappa
[2022-12-30 04:42:11] <%+J4Justin2> balanced
[2022-12-30 04:42:23] <@TeamLiquid> The Team Liquid Mobile App is available NOW  liquidplus.adv.gg/a/FGbDLp
[2022-12-30 04:42:32] <%+J4Justin2> blue battery for the extra ass kicking
[2022-12-30 04:43:37] VIEWERS: 501
[2022-12-30 04:45:41] VIEWERS: 501
[2022-12-30 04:46:57] <hanjaeck> archangels ramping i guess
[2022-12-30 04:47:42] VIEWERS: 501
[2022-12-30 04:48:26] <+naot4r> Pog easy 4th
[2022-12-30 04:48:28] <hanjaeck> EZ
[2022-12-30 04:48:29] <+Evorix> gg
[2022-12-30 04:48:31] <%+ATwistedFate> He had underground all game long
[2022-12-30 04:49:42] VIEWERS: 512
[2022-12-30 04:49:44] <JASONyuh> !playlist
[2022-12-30 04:49:45] <@^StreamElements> https://open.spotify.com/playlist/5hCA6k1o60LF93M01faiYf?si=bc1384b9c37647f2 november bangers
[2022-12-30 04:51:42] VIEWERS: 512
[2022-12-30 04:53:44] VIEWERS: 467
[2022-12-30 04:54:37] <+popozow> LOL
[2022-12-30 04:54:41] <%buzzkillergames> KEKW
[2022-12-30 04:55:35] <%+Phinni> its pretty great
[2022-12-30 04:55:44] Viewerstats (04:27-04:55): avg:496 min:467 max:512 [15/499+0+0+0+0−7+0+9+0+0+0+11+0−45+0]
[2022-12-30 04:55:44] VIEWERS: 467
[2022-12-30 04:55:51] <+Maverik256> what does getting it on mean mr steamer
[2022-12-30 04:56:04] <BonesGamingLive> It reminds me of hanging out in the hookah bars
[2022-12-30 04:56:12] <%+Phinni> theres a lot of really good afro pop actually
[2022-12-30 04:56:13] <+popozow> wait what is coversloths fkin little legend
[2022-12-30 04:56:15] <+popozow> that thing is so cute
[2022-12-30 04:57:44] VIEWERS: 467
[2022-12-30 04:58:39] <TkMill> sona is a great carry
[2022-12-30 04:59:18] <+ukdan_> !comps
[2022-12-30 04:59:18] <@^StreamElements> Set 8 Comps https://imgur.com/a/qzWaM3E
[2022-12-30 04:59:45] VIEWERS: 467
[2022-12-30 05:01:47] VIEWERS: 474
[2022-12-30 05:01:57] <hanjaeck> just play 4 sonas and sell the rest of the board Kappa
[2022-12-30 05:03:47] VIEWERS: 474
[2022-12-30 05:03:50] <hanjaeck> last augment double trouble for sona feeding mana to herself Kappa
[2022-12-30 05:05:50] VIEWERS: 474
[2022-12-30 05:07:50] VIEWERS: 483
[2022-12-30 05:09:51] VIEWERS: 483
[2022-12-30 05:10:18] <%+Hankovich12> smiteS
[2022-12-30 05:10:36] <%ayyylmaoshin> smiteS
[2022-12-30 05:11:13] <lohmass> why not 2star the lux?
[2022-12-30 05:11:52] VIEWERS: 468
[2022-12-30 05:13:52] VIEWERS: 468
[2022-12-30 05:15:21] <!%DeBruce> don't want to hold Zac's for Syndra?
[2022-12-30 05:15:52] VIEWERS: 468
[2022-12-30 05:16:33] <!%DeBruce> was asking before the rolls, passed a few Zac's
[2022-12-30 05:17:52] VIEWERS: 468
[2022-12-30 05:19:42] <alomance> Who's the best ADC right now in tft?
[2022-12-30 05:19:53] VIEWERS: 468
[2022-12-30 05:20:44] <+Maverik256> does that include all players or just simlar rank
[2022-12-30 05:21:53] VIEWERS: 468
[2022-12-30 05:22:02] <%+iasportsman> What up Saint glad your still on!
[2022-12-30 05:22:16] <%+iasportsman> how have the games been going?
[2022-12-30 05:23:03] <compykat> !comps
[2022-12-30 05:23:03] <@^StreamElements> Set 8 Comps https://imgur.com/a/qzWaM3E
[2022-12-30 05:23:54] VIEWERS: 468
[2022-12-30 05:25:55] Viewerstats (04:57-05:25): avg:468 min:434 max:483 [15/467+0+7+0+0+9+0−15+0+0+0+0+0+0−34]
[2022-12-30 05:25:55] VIEWERS: 434
[2022-12-30 05:27:15] <alomance> I keep losing with your comps, are they up to date or do I just suck?
[2022-12-30 05:27:34] <%+Hankovich12> KEKW
[2022-12-30 05:27:46] <alomance> quite true
[2022-12-30 05:27:57] VIEWERS: 434
[2022-12-30 05:28:39] [Notification] abfuhmittel subscribed with Prime.
[2022-12-30 05:28:54] <!%DeBruce> play kaisa and prep Jax LUL
[2022-12-30 05:29:24] <@TeamLiquid> The Team Liquid Mobile App is available NOW  liquidplus.adv.gg/a/FGbDLp
[2022-12-30 05:29:25] <BonesGamingLive> There is contested and then there is CONTESTED
[2022-12-30 05:29:57] VIEWERS: 455
[2022-12-30 05:31:57] VIEWERS: 455
[2022-12-30 05:32:01] <%wafflesrrdank> smiteFiesta
[2022-12-30 05:33:01] <%+Pelaberus> !comps
[2022-12-30 05:33:02] <@^StreamElements> Set 8 Comps https://imgur.com/a/qzWaM3E
[2022-12-30 05:33:04] <%wafflesrrdank> I believe!!
[2022-12-30 05:33:27] <%wafflesrrdank> ezzzzz
[2022-12-30 05:33:35] <EvaineGG> KEKW
[2022-12-30 05:33:37] <%wafflesrrdank> don't loose hope saint
[2022-12-30 05:33:57] VIEWERS: 455
[2022-12-30 05:35:16] <%+evilkatos> Shoving your thumb up your bhole while rubbing your nipples stream when? Kappa
[2022-12-30 05:35:57] VIEWERS: 464
[2022-12-30 05:36:45] <%wafflesrrdank> I believe 🙏 🙌
[2022-12-30 05:37:04] <%+ATwistedFate> Does prep stack from unit copies
[2022-12-30 05:37:50] <%wafflesrrdank> 4 gold and bf
[2022-12-30 05:37:57] VIEWERS: 464
[2022-12-30 05:38:42] <+SkrivenSystem> this game is too complex for me
[2022-12-30 05:38:55] <%+pureTFT> its working too lol
[2022-12-30 05:39:05] <%+jaws98765> is he trying carry raka with brawler admin?
[2022-12-30 05:40:00] VIEWERS: 475
[2022-12-30 05:40:08] <%wafflesrrdank> mfmamaSaikiii mfmamaSaikiii mfmamaSaikiii
[2022-12-30 05:41:08] <%wafflesrrdank> see! don't loose hope CoolCat
[2022-12-30 05:41:13] <%wafflesrrdank> smiteShades
[2022-12-30 05:42:00] VIEWERS: 475
[2022-12-30 05:42:35] <+Archibolt> swap vi
[2022-12-30 05:43:01] <%BodoBagger01> n blitz?
[2022-12-30 05:43:45] <shockbrekt> prep and just hitting are funny
[2022-12-30 05:44:00] VIEWERS: 500
[2022-12-30 05:44:11] <EvaineGG> monkaW
[2022-12-30 05:45:17] <%wafflesrrdank> smiteRoll
[2022-12-30 05:45:34] <@%fatguy925> ????
[2022-12-30 05:46:01] VIEWERS: 500
[2022-12-30 05:46:13] <%wafflesrrdank> @fatguy925 hey!!!! smiteHi
[2022-12-30 05:46:24] <@%fatguy925> smiteWave @wafflesrrdank
[2022-12-30 05:47:29] <%wafflesrrdank> I believe
[2022-12-30 05:48:01] VIEWERS: 500
[2022-12-30 05:48:09] <@^StreamElements> Vtuber Model by https://gonzossm.com/
[2022-12-30 05:48:23] <!%DeBruce> ie?
[2022-12-30 05:48:26] <+rdc30> IE?
[2022-12-30 05:48:29] <Sir_Onilot> crit raka
[2022-12-30 05:48:35] <@%fatguy925> LUL
[2022-12-30 05:48:39] <%+Pelaberus> IE JG for sure
[2022-12-30 05:48:50] <neL23> ie jg
[2022-12-30 05:49:19] <%wafflesrrdank> I believe!!!
[2022-12-30 05:50:02] VIEWERS: 511
[2022-12-30 05:52:03] VIEWERS: 511
[2022-12-30 05:52:44] <+r00bTFT> !comps
[2022-12-30 05:52:45] <@^StreamElements> Set 8 Comps https://imgur.com/a/qzWaM3E
[2022-12-30 05:52:55] <%wafflesrrdank> good try Saint
[2022-12-30 05:54:03] VIEWERS: 511
[2022-12-30 05:54:10] <%wafflesrrdank> findthHard
[2022-12-30 05:54:50] <%wafflesrrdank> djyayySpidy
[2022-12-30 05:54:57] <%wafflesrrdank> djyayyHb
[2022-12-30 05:55:51] <%wafflesrrdank> NewRecord
[2022-12-30 05:55:58] <%wafflesrrdank> lol true
[2022-12-30 05:55:59] <%+Phinni> music is really good today
[2022-12-30 05:56:06] Viewerstats (05:27-05:56): avg:481 min:434 max:511 [15/434+21+0+0+9+0+11+0+25+0+0+11+0+0+0]
[2022-12-30 05:56:06] VIEWERS: 511
[2022-12-30 05:56:25] <Sir_Onilot> really cool and chill music
[2022-12-30 05:56:26] <%wafflesrrdank> Saint are you going to watch ZHU?
[2022-12-30 05:56:31] <%wafflesrrdank> tomorrow
[2022-12-30 05:56:46] <%wafflesrrdank> bruhh he's so good
[2022-12-30 05:57:38] <HomicidalKumquat> Literally who
[2022-12-30 05:57:39] <%+jaws98765> not allowed to have fun
[2022-12-30 05:58:08] VIEWERS: 479
[2022-12-30 05:58:53] <scotera> collector? I remember just a few days ago you just hating it the whole time
[2022-12-30 05:59:23] <+alectft> stop youre farming him
[2022-12-30 05:59:27] <%wafflesrrdank> LOL
[2022-12-30 05:59:27] <ivanoff_m> MOAR MONEY
[2022-12-30 05:59:29] <+alectft> hes already dead ;-;
[2022-12-30 05:59:48] <xporkbuns> straight up serotonin
[2022-12-30 05:59:57] <%n888rwaperextreme> 4 gold level one HUH
[2022-12-30 06:00:05] <%n888rwaperextreme> 2-1*
[2022-12-30 06:00:08] VIEWERS: 479
[2022-12-30 06:01:17] <%wafflesrrdank> we strong strong
[2022-12-30 06:01:31] <+alectft> paypal received
[2022-12-30 06:02:04] <+alectft> this shit is a prismatic augment value
[2022-12-30 06:02:08] VIEWERS: 474
[2022-12-30 06:03:45] <+DipTwyce> wood kaisa
[2022-12-30 06:04:08] VIEWERS: 474
[2022-12-30 06:06:08] VIEWERS: 474
[2022-12-30 06:07:11] <ivanoff_m> I love that ezreal augment
[2022-12-30 06:07:17] <+alectft> that augment is insane
[2022-12-30 06:07:56] <derryn> velkoz 2 sitting on bench seems kinda weird
[2022-12-30 06:08:08] VIEWERS: 466
[2022-12-30 06:10:08] VIEWERS: 466
[2022-12-30 06:10:39] <%+Pelaberus> So what is this comp? Recon threats?
[2022-12-30 06:12:08] VIEWERS: 472
[2022-12-30 06:13:32] <finstofurs> anxiety music wtf
[2022-12-30 06:13:51] <finstofurs> that last song blew asshoe hahaha
[2022-12-30 06:14:08] VIEWERS: 472
[2022-12-30 06:14:30] <finstofurs> nvm all this music sucks
[2022-12-30 06:14:34] <finstofurs> im leaving haha
[2022-12-30 06:14:46] <+josher93> bye
[2022-12-30 06:14:55] BAN: finstofurs
[2022-12-30 06:15:10] <+DipTwyce> yeah pce to that dude
[2022-12-30 06:15:12] <derryn> is lucky glove 1 glove now? wtf
[2022-12-30 06:15:20] <Gelnarx> <message deleted>
[2022-12-30 06:15:53] <volle7> is yummi carry fake?
[2022-12-30 06:16:08] VIEWERS: 472
[2022-12-30 06:16:16] <+SkrivenSystem> @volle7 in lol yummi bots carry games
[2022-12-30 06:16:23] <@TeamLiquid> The Team Liquid Mobile App is available NOW  liquidplus.adv.gg/a/FGbDLp
[2022-12-30 06:18:08] VIEWERS: 480
[2022-12-30 06:18:10] <!%DeBruce> was either gold or cho
[2022-12-30 06:19:08] <%Bananular> mascot board i think?
[2022-12-30 06:19:53] <derryn> hes holding velkoz and rammus
[2022-12-30 06:20:08] VIEWERS: 480
[2022-12-30 06:20:17] <+alectft> ramblin
[2022-12-30 06:20:18] <+alectft> more like
[2022-12-30 06:20:20] <%+kamikazi_34> rat gamin
[2022-12-30 06:20:24] <+alectft> ratlinn
[2022-12-30 06:22:08] VIEWERS: 480
[2022-12-30 06:22:36] <Flrian> double warmogs riven tg
[2022-12-30 06:22:37] <%Bananular> kaisa paid actor
[2022-12-30 06:23:05] <%NEZEN27> good hits
[2022-12-30 06:23:34] <Flrian> I feel like recon is a negative trait
[2022-12-30 06:23:38] <%NEZEN27> smiteGot smiteLaugh
[2022-12-30 06:23:42] <!%DeBruce> remind me of jump trist lol
[2022-12-30 06:23:42] <%+abfuhmittel> 3 star kaisa 721 damage
[2022-12-30 06:23:58] <xporkbuns> typical euw guide
[2022-12-30 06:24:13] VIEWERS: 485
[2022-12-30 06:24:14] <%+kamikazi_34> hey look mana gen
[2022-12-30 06:24:44] <ivanoff_m> reddit lied?
[2022-12-30 06:24:45] <%NEZEN27> big oof
[2022-12-30 06:24:49] <%Bananular> oh boy a yummi 3
[2022-12-30 06:24:52] <anxiousmess> yummi :)
[2022-12-30 06:24:55] <%aramchum> smite8
[2022-12-30 06:25:02] <%+Pelaberus> I can’t believe Reddit lied to us
[2022-12-30 06:25:04] <stopthecatbox> recon feels like absolute ass every time
[2022-12-30 06:25:29] <%+Slush300DC> just trying to make emily feel better by also dropping
[2022-12-30 06:26:13] Viewerstats (05:58-06:26): avg:475 min:466 max:485 [15/479+0−5+0+0−8+0+6+0+0+8+0+0+5+0]
[2022-12-30 06:26:13] VIEWERS: 485
[2022-12-30 06:26:40] <$punchamoose> !thoughts
[2022-12-30 06:26:40] <@^StreamElements> Write in to papa saint and he will help you with live advice! https://docs.google.com/forms/d/1jRPhKVLznm0cm9fmeOvLCy8aqG0jYLX9LmsYJ7YYMn0/edit
[2022-12-30 06:26:47] <$punchamoose> !comps
[2022-12-30 06:26:47] <@^StreamElements> Set 8 Comps https://imgur.com/a/qzWaM3E
[2022-12-30 06:27:04] <%+ATwistedFate> He 3 stars vayne often
[2022-12-30 06:27:42] <+jaws98765> "vayne doesn't matter" proceeds to 3 star it over and over LUL
[2022-12-30 06:27:48] <+jaws98765> nice guide
[2022-12-30 06:28:00] <xporkbuns> the ol bait n switch
[2022-12-30 06:28:09] <@^StreamElements> Vtuber Model by https://gonzossm.com/
[2022-12-30 06:28:13] VIEWERS: 485
[2022-12-30 06:28:19] <+AdmiralReggie> Jebaited
[2022-12-30 06:30:13] VIEWERS: 485
[2022-12-30 06:32:13] VIEWERS: 457
[2022-12-30 06:34:13] VIEWERS: 437
[2022-12-30 06:36:15] VIEWERS: 435
[2022-12-30 06:38:15] VIEWERS: 435
[2022-12-30 06:39:46] <%+rolfkip> asol items?
[2022-12-30 06:40:18] VIEWERS: 445
[2022-12-30 06:41:49] <therealmubs> curse of mort
[2022-12-30 06:41:59] <%+rolfkip> lol
[2022-12-30 06:42:19] VIEWERS: 445
[2022-12-30 06:42:30] <%+rolfkip> and asol its time
[2022-12-30 06:43:14] <stopthecatbox> is that one also from reddit?
[2022-12-30 06:43:34] <%+rolfkip> been playing a lot of random asols lately
[2022-12-30 06:43:36] <stopthecatbox> i believe
[2022-12-30 06:44:06] <%jebem> Reforge the recon emblem just trust
[2022-12-30 06:44:11] <%jebem> It’s aegis
[2022-12-30 06:44:17] <%jebem> I datamined the seed
[2022-12-30 06:44:19] VIEWERS: 445
[2022-12-30 06:44:44] <%+rolfkip> belveth and asol invisible to most players smiteLaugh
[2022-12-30 06:46:20] VIEWERS: 453
[2022-12-30 06:47:27] <alomance> wait you did it again after saying you would never do it again lol
[2022-12-30 06:47:51] <Flrian> reddit didn't lie for once?
[2022-12-30 06:47:52] <alomance> I see
[2022-12-30 06:48:09] <@^StreamElements> Vtuber Model by https://gonzossm.com/
[2022-12-30 06:48:14] <%+rolfkip> gs asol slaps brawlers
[2022-12-30 06:48:23] VIEWERS: 453
[2022-12-30 06:50:28] VIEWERS: 469
[2022-12-30 06:50:41] <alomance> wait was belveth always ranged?
[2022-12-30 06:50:48] <therealmubs> recon adds range
[2022-12-30 06:50:52] <+Hallgaar> recon spat +2 range
[2022-12-30 06:50:55] <alomance> nice
[2022-12-30 06:50:55] <%+rolfkip> yeah belveth is like rfc range usually but recon adds +2
[2022-12-30 06:51:01] <%Zedaine112> new blender comp? Kappa
[2022-12-30 06:51:27] <alomance> I like how he's just waving his hands lol, there's no projectile
[2022-12-30 06:51:53] <+Hallgaar> rooH
[2022-12-30 06:52:29] VIEWERS: 469
[2022-12-30 06:54:10] <+Hallgaar> @alomance i like to think bel'veth dances at people
[2022-12-30 06:54:15] <%+rolfkip> when the skips come back to bite you PepeHands
[2022-12-30 06:54:27] <NausicaaSC> likley would be better with better front line items
[2022-12-30 06:54:30] VIEWERS: 486
[2022-12-30 06:54:49] <MattScoot2> !gamble all
[2022-12-30 06:54:49] <@^StreamElements>* PogChamp MattScoot2 went all in and won 1010 Saints PogChamp they now have 2020 Saints FeelsGoodMan
[2022-12-30 06:54:54] <%+roryferreira> have you tried recon rammus yet
[2022-12-30 06:54:55] <whiteseal45> Most important lesson: don't miss belveth Noted
[2022-12-30 06:54:56] <%+kamikazi_34> it would recon dash then spell dash
[2022-12-30 06:55:00] <MattScoot2> 2020 what a shitty year
[2022-12-30 06:55:01] <%+roryferreira> maybe not good buit absolutely hilarious
[2022-12-30 06:56:13] <%+roryferreira> DQA is a big fan of recon rammus i swear lmao
[2022-12-30 06:56:32] Viewerstats (06:28-06:56): avg:459 min:435 max:486 [15/485+0−28−20−2+0+10+0+0+8+0+16+0+17+0]
[2022-12-30 06:56:32] VIEWERS: 486
[2022-12-30 06:56:44] <+imduecraws> jax always squadOmega
[2022-12-30 06:56:49] <%+roryferreira> chinese players love the recon build idk what they do different
[2022-12-30 06:57:33] <ackolyte_aoe> !comps
[2022-12-30 06:57:33] <@^StreamElements> Set 8 Comps https://imgur.com/a/qzWaM3E
[2022-12-30 06:57:34] <alomance> just played a standard 4 sureshot comp, was legit
[2022-12-30 06:58:19] <seriouso1> I never win with ad @alomance
[2022-12-30 06:58:33] VIEWERS: 486
[2022-12-30 06:58:46] <alomance> did a Senna carry cause I got the Senna Augment with Attack speed
[2022-12-30 07:00:33] VIEWERS: 455
[2022-12-30 07:00:41] <+jaws98765> 1st or 8th type of comp LUL
[2022-12-30 07:00:45] <+jaws98765> my favorite
[2022-12-30 07:02:26] <whiteseal45> do you just play like hyperroll with hustler?
[2022-12-30 07:02:33] VIEWERS: 444
[2022-12-30 07:03:23] <@TeamLiquid> The Team Liquid Mobile App is available NOW  liquidplus.adv.gg/a/FGbDLp
[2022-12-30 07:03:44] <Platel> Always the chance for a YOC
[2022-12-30 07:04:33] VIEWERS: 444
[2022-12-30 07:06:02] <%+roryferreira> that guy is prob going first
[2022-12-30 07:06:33] VIEWERS: 453
[2022-12-30 07:07:13] <Platel> Thats kind of impressive
[2022-12-30 07:07:14] <+Iyeri> grim
[2022-12-30 07:08:09] <@^StreamElements> Vtuber Model by https://gonzossm.com/
[2022-12-30 07:08:10] <aoonie> nope
[2022-12-30 07:08:33] VIEWERS: 453
[2022-12-30 07:09:27] <aoonie> Pog warmogs
[2022-12-30 07:10:26] <aoonie> PepeHands
[2022-12-30 07:10:33] VIEWERS: 453
[2022-12-30 07:11:02] <%+roryferreira> ff angle
[2022-12-30 07:11:43] <aoonie> PepeHands feelsrerollman
[2022-12-30 07:12:06] <+AdmiralReggie> I believe HandsUp
[2022-12-30 07:12:08] <+Iyeri> matbe
[2022-12-30 07:12:28] <%wafflesrrdank> just got a bottle of Whiskey smiteHype
[2022-12-30 07:12:30] <%+mintyhippo67> this new order song is a banger
[2022-12-30 07:12:33] VIEWERS: 462
[2022-12-30 07:12:37] <aoonie> :tf: yuumi is doing a little statistica trolling
[2022-12-30 07:12:46] <aoonie> *statistical
[2022-12-30 07:13:40] <%wafflesrrdank> !slot
[2022-12-30 07:13:40] <@^StreamElements> @wafflesrrdank you got Kappa | Kappa | PogChamp and lost your 100 Saints LUL
[2022-12-30 07:13:46] <aoonie> KEKW
[2022-12-30 07:14:33] VIEWERS: 462
[2022-12-30 07:15:02] <Platel> Deadge with wolves
[2022-12-30 07:15:15] <+Iyeri> ive seen weirder games
[2022-12-30 07:15:18] <%+Hankovich12> Deadge
[2022-12-30 07:15:18] <%wafflesrrdank> !slot
[2022-12-30 07:15:18] <@^StreamElements> @wafflesrrdank you got 4Head | PogChamp | Kappa and lost your 100 Saints LUL
[2022-12-30 07:15:28] <aoonie> Deadge
[2022-12-30 07:16:12] <+Iyeri> \o/
[2022-12-30 07:16:14] <aoonie> Pog a win
[2022-12-30 07:16:33] VIEWERS: 462
[2022-12-30 07:17:11] <%wafflesrrdank> !slot
[2022-12-30 07:17:12] <@^StreamElements> @wafflesrrdank you got BibleThump | Kappa | OpieOP and lost your 100 Saints LUL
[2022-12-30 07:17:22] <+AdmiralReggie> !slot
[2022-12-30 07:17:22] <@^StreamElements> @AdmiralReggie you got Kappa | BibleThump | PogChamp and lost your 100 Saints LUL
[2022-12-30 07:17:32] <%wafflesrrdank> bro hambling is rigged fr
[2022-12-30 07:17:36] <%wafflesrrdank> gambling
[2022-12-30 07:17:53] <+AdmiralReggie> just like real life EZ
[2022-12-30 07:18:04] <%wafflesrrdank> @AdmiralReggie fr
[2022-12-30 07:18:15] <%wafflesrrdank> !slot
[2022-12-30 07:18:15] <@^StreamElements> @wafflesrrdank you got Kappa | 4Head | Kappa and lost your 100 Saints LUL
[2022-12-30 07:18:24] <+Iyeri> oof
[2022-12-30 07:18:30] <aoonie> finally
[2022-12-30 07:18:33] VIEWERS: 462
[2022-12-30 07:18:40] <+rancerun> !comps
[2022-12-30 07:18:40] <@^StreamElements> Set 8 Comps https://imgur.com/a/qzWaM3E
[2022-12-30 07:19:10] <%+Magister187> yeah, looking like a Deadge angle
[2022-12-30 07:19:26] <%+Hankovich12> Deadge smite8
[2022-12-30 07:19:34] <+AdmiralReggie> monkaS
[2022-12-30 07:19:54] <%+Magister187> COPIUM
[2022-12-30 07:20:08] <%+Magister187> yeah, feels like 2.5 items :(
[2022-12-30 07:20:17] <%+Magister187> nope
[2022-12-30 07:20:33] VIEWERS: 452
[2022-12-30 07:20:50] <aoonie> Deadge
[2022-12-30 07:20:56] <%+Magister187> 3 BF Yuumi YEP
[2022-12-30 07:20:59] <%+Hankovich12> Deadge
[2022-12-30 07:21:03] <%+Magister187> thanks Mortdog!
[2022-12-30 07:21:10] <aoonie> Deadge goodbye cruel world
[2022-12-30 07:21:15] <%+ithod> YEP
[2022-12-30 07:21:24] <%wafflesrrdank> all good Saint you a G son
[2022-12-30 07:21:34] <%wafflesrrdank> smiteShades
[2022-12-30 07:22:03] <%wafflesrrdank> win or loose i will be here
[2022-12-30 07:22:30] <aoonie> too AlienDance
[2022-12-30 07:22:33] VIEWERS: 452
[2022-12-30 07:23:06] <aoonie> yes
[2022-12-30 07:23:32] <%jebem> You got lasercorps crest with 1/3 laser in and had to take recon
[2022-12-30 07:23:41] <%jebem> Idk how that shit happens
[2022-12-30 07:24:38] VIEWERS: 452
[2022-12-30 07:24:45] <aoonie> Pog infinite stream
[2022-12-30 07:24:47] <%+Slack3rDav3> last game for me too
[2022-12-30 07:24:59] <%jebem> It’s fine you learned infinite
[2022-12-30 07:25:15] <%jebem> The recon belveth out it clicked
[2022-12-30 07:25:43] <%jebem> It was actually good I wonder what items are good
[2022-12-30 07:26:38] Viewerstats (06:58-07:26): avg:454 min:427 max:486 [15/486−31−11+0+9+0+0+9+0+0+0−10+0+0−25]
[2022-12-30 07:26:38] VIEWERS: 427
[2022-12-30 07:27:24] <aoonie> :) me
[2022-12-30 07:27:44] <%DM_MonkeyMan> Gonna end right on time with the midnight
[2022-12-30 07:28:05] <aoonie> Bedge
[2022-12-30 07:28:09] <@^StreamElements> Vtuber Model by https://gonzossm.com/
[2022-12-30 07:28:43] VIEWERS: 427
[2022-12-30 07:29:52] <aoonie> Clueless right...
[2022-12-30 07:29:54] <%wafflesrrdank> believe!!
[2022-12-30 07:30:17] <aoonie> Aware surely the universe will reward me this time... right...
[2022-12-30 07:30:43] VIEWERS: 427
[2022-12-30 07:31:27] <@Nyjacky> Malp > Nasus
[2022-12-30 07:32:27] <aoonie> Prayge issa 1st
[2022-12-30 07:32:43] VIEWERS: 432
[2022-12-30 07:33:18] <%wafflesrrdank> true
[2022-12-30 07:33:41] <%jebem> I datamined the seed your admin is 12 ap every 5
[2022-12-30 07:33:54] <+jaws98765> kaisa is cuter for sure
[2022-12-30 07:34:33] <+AdmiralReggie> thrill EZ
[2022-12-30 07:34:46] VIEWERS: 432
[2022-12-30 07:35:34] <aoonie> KEKW
[2022-12-30 07:35:34] <%DM_MonkeyMan> smiteHmm
[2022-12-30 07:36:46] VIEWERS: 440
[2022-12-30 07:36:52] <%+ithod> thats a nice augment YEP
[2022-12-30 07:36:57] <aoonie> peepoClap we're gonna be chonky
[2022-12-30 07:37:44] <Dnial31> i mean boxing lessons 200 lol
[2022-12-30 07:38:00] <+jaws98765> that health gets buffed by brawler though doesn't it because it counts as base hp
[2022-12-30 07:38:47] VIEWERS: 440
[2022-12-30 07:38:57] <+jaws98765> qss?
[2022-12-30 07:38:58] <+jaws98765> oh nvm
[2022-12-30 07:39:36] <Theycallmenemo> knifes
[2022-12-30 07:40:05] <aoonie> CoolCat
[2022-12-30 07:40:47] VIEWERS: 440
[2022-12-30 07:40:50] <+webdager> renek, sej, lee
[2022-12-30 07:42:25] <%wafflesrrdank> this song is sickkk
[2022-12-30 07:42:48] VIEWERS: 440
[2022-12-30 07:43:47] <%wafflesrrdank> djlinnGOODVIBES djlinnGOODVIBES djlinnGOODVIBES mfmamaGhidzillaaa
[2022-12-30 07:44:00] <%wafflesrrdank> roll down worth
[2022-12-30 07:44:05] <+jaws98765> best roll down
[2022-12-30 07:44:22] <%wafflesrrdank> uncontested maybe
[2022-12-30 07:44:27] <aoonie> forsenCD i know why...
[2022-12-30 07:44:44] <aoonie> EZ DODGE
[2022-12-30 07:44:48] <%wafflesrrdank> that jump was pog
[2022-12-30 07:44:48] <%+mintyhippo67> what song this be
[2022-12-30 07:44:49] VIEWERS: 446
[2022-12-30 07:45:22] <~%saintvicious> https://www.youtube.com/watch?v=Gzq4BddMxi0
[2022-12-30 07:45:37] <%+mintyhippo67> thanks
[2022-12-30 07:45:44] <%wafflesrrdank> i have a lil cold and this whiskey is helping me so much!
[2022-12-30 07:45:53] <%wafflesrrdank> ive stopped sneezing
[2022-12-30 07:46:49] VIEWERS: 446
[2022-12-30 07:47:01] <aoonie> Pog sej
[2022-12-30 07:47:08] <%wafflesrrdank> sej is good
[2022-12-30 07:47:27] <%wafflesrrdank> djlinnSHROOMY djlinnSHROOMY djlinnSHROOMY djlinnSHROOMY
[2022-12-30 07:48:09] <@^StreamElements> Vtuber Model by https://gonzossm.com/
[2022-12-30 07:48:30] <%NEZEN27> damn
[2022-12-30 07:48:31] <+jaws98765> just hit
[2022-12-30 07:48:33] <aoonie> nice
[2022-12-30 07:48:43] <%wafflesrrdank> very true saint
[2022-12-30 07:48:48] <%Bananular> RFC on carousel
[2022-12-30 07:48:49] VIEWERS: 480
[2022-12-30 07:48:49] <aoonie> EZ Clap
[2022-12-30 07:48:57] <+jaws98765> got trolled by recon, get free jax 3
[2022-12-30 07:48:58] <+jaws98765> noted
[2022-12-30 07:49:15] <%wafflesrrdank> LOL
[2022-12-30 07:49:19] <%wafflesrrdank> xD
[2022-12-30 07:49:29] <%wafflesrrdank> preach it saint!
[2022-12-30 07:49:29] <aoonie> monkaS
[2022-12-30 07:49:55] <+hereticeuw> Is it ever qss?
[2022-12-30 07:50:23] <@TeamLiquid> The Team Liquid Mobile App is available NOW  liquidplus.adv.gg/a/FGbDLp
[2022-12-30 07:50:49] VIEWERS: 480
[2022-12-30 07:51:18] <aoonie> Bedge
[2022-12-30 07:51:21] <aoonie> Bedge jax gaming
[2022-12-30 07:51:30] <+jaws98765> being gifted jax 3 seems very comfy for sure
[2022-12-30 07:52:22] <%wafflesrrdank> !slot
[2022-12-30 07:52:23] <@^StreamElements> @wafflesrrdank you got BibleThump | PogChamp | PogChamp and lost your 100 Saints LUL
[2022-12-30 07:52:30] <aoonie> !slot
[2022-12-30 07:52:31] <@^StreamElements> @aoonie you got OpieOP | PogChamp | PogChamp and lost your 100 Saints LUL
[2022-12-30 07:52:47] <%+mintyhippo67> @jaws98765 just accept that he can press d better than you can
[2022-12-30 07:52:49] VIEWERS: 470
[2022-12-30 07:53:09] <%NEZEN27> nobows
[2022-12-30 07:54:12] <%wafflesrrdank> !slot
[2022-12-30 07:54:13] <@^StreamElements> @wafflesrrdank you got Kappa | Kappa | 4Head and lost your 100 Saints LUL
[2022-12-30 07:54:23] <kuuso_ka> !gamble 1
[2022-12-30 07:54:23] <@^StreamElements>* kuuso_ka won 1 Saints in roulette and now has 1740 Saints! FeelsGoodMan
[2022-12-30 07:54:29] <kuuso_ka> Saved
[2022-12-30 07:54:36] <Theycallmenemo> sett leona mech jax?
[2022-12-30 07:54:52] VIEWERS: 470
[2022-12-30 07:56:54] Viewerstats (07:28-07:56): avg:449 min:427 max:480 [15/427+0+5+0+8+0+0+0+6+0+34+0−10+0+0]
[2022-12-30 07:56:54] VIEWERS: 470
[2022-12-30 07:56:59] <%wafflesrrdank> !slot
[2022-12-30 07:56:59] <@^StreamElements> @wafflesrrdank you got PogChamp | PogChamp | PogChamp and won 2000 Saints PogChamp //
[2022-12-30 07:57:03] <%wafflesrrdank> guys!!!!!
[2022-12-30 07:57:05] <%wafflesrrdank> i hit!!!
[2022-12-30 07:57:07] <%wafflesrrdank> look!!
[2022-12-30 07:57:11] <%wafflesrrdank> i hit !!\
[2022-12-30 07:57:19] <%jebem> It was a fucking hacker angle and bring back Leblanc
[2022-12-30 07:57:29] <%wafflesrrdank> drinks on my!!
[2022-12-30 07:57:32] <%wafflesrrdank> me!
[2022-12-30 07:57:35] <%jebem> Jax Backline gigachad
[2022-12-30 07:57:49] <@%+galactic_pie> !gamble all
[2022-12-30 07:57:49] <@^StreamElements>* PogChamp galactic_pie went all in and won 3090 Saints PogChamp they now have 6180 Saints FeelsGoodMan
[2022-12-30 07:58:14] <%wafflesrrdank> @StreamElements i think slots is harder
[2022-12-30 07:58:36] <%Bananular> does the vi and lw sunder stack it will be nice v the rammus guy
[2022-12-30 07:58:37] <RaginNub> !gamble all
[2022-12-30 07:58:37] <@^StreamElements>* PogChamp RaginNub went all in and won 4490 Saints PogChamp they now have 8980 Saints FeelsGoodMan
[2022-12-30 07:58:47] <%wafflesrrdank> @StreamElements sewe!!
[2022-12-30 07:58:49] <%wafflesrrdank> see
[2022-12-30 07:58:54] VIEWERS: 484
[2022-12-30 07:59:03] <%wafflesrrdank> try slots man
[2022-12-30 07:59:06] <%wafflesrrdank> way harder
[2022-12-30 07:59:25] <+jaws98765> !slot
[2022-12-30 07:59:25] <@^StreamElements> @jaws98765 you got OpieOP | PogChamp | PogChamp and lost your 100 Saints LUL
[2022-12-30 07:59:35] <%Bananular> !gamble all
[2022-12-30 07:59:36] <@^StreamElements>* Bananular  went all in and lost every single one of their 1590 Saints LUL
[2022-12-30 07:59:37] <@%+galactic_pie> !slot
[2022-12-30 07:59:38] <@^StreamElements> @galactic_pie you got 4Head | PogChamp | BibleThump and lost your 100 Saints LUL
[2022-12-30 07:59:40] <+webdager> Worth putting urgot up for knifes, even tho it's silver?
[2022-12-30 07:59:59] <aoonie> !gamble all
[2022-12-30 08:00:00] <@^StreamElements>* aoonie went all in and lost every single one of their 3580 Saints LUL
[2022-12-30 08:00:12] <%wafflesrrdank> !slot
[2022-12-30 08:00:12] <@^StreamElements> @wafflesrrdank you got PogChamp | BibleThump | 4Head and lost your 100 Saints LUL
[2022-12-30 08:00:54] VIEWERS: 484
[2022-12-30 08:01:40] <aoonie> CoolCat i go where i please
[2022-12-30 08:02:06] <%wafflesrrdank> kimchi loves you
[2022-12-30 08:02:43] <%wafflesrrdank> this song is a trip
[2022-12-30 08:02:54] VIEWERS: 473
[2022-12-30 08:03:01] <+jaws98765> this positioning is top tier LUL
[2022-12-30 08:03:14] <+jaws98765> shrouded edges and urgot center
[2022-12-30 08:04:19] <RaginNub> 2 sej 2s 2 shrouds and then an urgot just ot make sure they are cced
[2022-12-30 08:04:40] <%wafflesrrdank> GG!
[2022-12-30 08:04:43] <aoonie> EZ Clap
[2022-12-30 08:04:45] <%NEZEN27> gg
[2022-12-30 08:04:46] <%wafflesrrdank> ezzzzzzz
[2022-12-30 08:04:46] <+zak_vvv> yep gotta play again
[2022-12-30 08:04:48] <%wafflesrrdank> get sum
[2022-12-30 08:04:54] VIEWERS: 473
[2022-12-30 08:05:00] <+NvrLucky43> !gamble all
[2022-12-30 08:05:01] <@^StreamElements>* NvrLucky43 went all in and lost every single one of their 130 Saints LUL
[2022-12-30 08:05:29] <%+sil3ntshowman> league of legends crashed. Cool Client
[2022-12-30 08:05:34] <+zak_vvv> Nope safe its back
[2022-12-30 08:05:41] <%wafflesrrdank> gg Saint!
[2022-12-30 08:05:48] <%wafflesrrdank> stream sum of the rave
[2022-12-30 08:05:58] <%wafflesrrdank> on your phone
[2022-12-30 08:05:58] <%DM_MonkeyMan> smiteWut
[2022-12-30 08:06:02] <%wafflesrrdank> for the boys
[2022-12-30 08:06:16] <%wafflesrrdank> lol
[2022-12-30 08:06:30] <%wafflesrrdank> sorry im just jelly that you are going to a sick line up!
[2022-12-30 08:06:54] VIEWERS: 473
[2022-12-30 08:07:58] <%wafflesrrdank> you know its on!
[2022-12-30 08:08:07] <@%+galactic_pie> brutal lmao
[2022-12-30 08:08:09] <@^StreamElements> Vtuber Model by https://gonzossm.com/
[2022-12-30 08:08:27] <simplix55> jelly? ;)
[2022-12-30 08:08:28] <%julesSuperHD> Did we ever set up Cris and the Lost Ark girl from Jade's dating show??
[2022-12-30 08:08:38] <%wafflesrrdank> @julesSuperHD true
[2022-12-30 08:08:52] <simplix55> you guys should double date game
[2022-12-30 08:08:54] VIEWERS: 473
[2022-12-30 08:09:17] <simplix55> not a show, just gaming
[2022-12-30 08:09:21] <simplix55> like the boomer you are
[2022-12-30 08:09:29] <%julesSuperHD> hell yeah
[2022-12-30 08:09:59] <EvaineGG> POGGERS
[2022-12-30 08:10:25] <%DM_MonkeyMan> Surely
[2022-12-30 08:10:37] <@%Cris> bbjDink bbjDink
[2022-12-30 08:10:46] <@%Cris> bbjRave
[2022-12-30 08:10:54] VIEWERS: 473
[2022-12-30 08:11:06] <aoonie> wow
[2022-12-30 08:11:17] <@%Cris> super cute
[2022-12-30 08:11:29] <aoonie> GIGACHAD aram enjoyers
[2022-12-30 08:11:34] <@%Cris> GIGACHAD
[2022-12-30 08:12:54] VIEWERS: 417
[2022-12-30 08:13:17] [Notification] hth229 subscribed at Tier 1. They've subscribed for 30 months! [howdy saint]
[2022-12-30 08:14:32] <vinicao5000> I think its annoying when sivirs pizza just fizzles and dont do any dmg
[2022-12-30 08:14:54] VIEWERS: 428
[2022-12-30 08:15:14] <aoonie> EZ Clap
[2022-12-30 08:15:34] <%julesSuperHD> @vinicao5000 yeah I hate it when my pizza fizzles
[2022-12-30 08:15:35] <aoonie> EZ Clap let 'em know
[2022-12-30 08:16:54] VIEWERS: 428
[2022-12-30 08:18:54] VIEWERS: 428
[2022-12-30 08:19:35] <+girlsd0itbetter> EZ is an excellent duelist
[2022-12-30 08:19:41] <%+juskasin> !gamble all
[2022-12-30 08:19:41] <@^StreamElements>* PogChamp juskasin went all in and won 1260 Saints PogChamp they now have 2520 Saints FeelsGoodMan
[2022-12-30 08:20:34] <%+Slush300DC> if he doesn't win the game hes trolling
[2022-12-30 08:20:54] VIEWERS: 433
[2022-12-30 08:21:41] <+Adible> bel veth is cracked lol
[2022-12-30 08:22:54] VIEWERS: 433
[2022-12-30 08:24:54] VIEWERS: 438
[2022-12-30 08:25:31] <%+roryferreira> blue batteried
[2022-12-30 08:25:47] <Dustinstv> !song
[2022-12-30 08:25:47] <@^StreamElements> The current song is Shania Twain - That Don't Impress Me Much
[2022-12-30 08:25:48] <@^StreamElements> @Dustinstv failed to get the current song.
[2022-12-30 08:26:54] Viewerstats (07:58-08:26): avg:451 min:417 max:484 [15/484+0−11+0+0+0+0−56+11+0+0+5+0+5+0]
[2022-12-30 08:26:54] VIEWERS: 438
[2022-12-30 08:27:09] <%+IrishProphet> bel vath tweakin
[2022-12-30 08:28:54] VIEWERS: 433
[2022-12-30 08:29:25] <+Themuffwhistler> kayle swap wins that
[2022-12-30 08:30:54] VIEWERS: 433
[2022-12-30 08:31:14] <%julesSuperHD> yeah was gonna say. doesn't she fall off. better to have other synergies
[2022-12-30 08:31:57] <Jaydbhai> I say late game duelist aphelios
[2022-12-30 08:32:08] <@%$LinkListen> smiteHype
[2022-12-30 08:32:08] <PriapusXII> Joel ?
[2022-12-30 08:32:16] <%+Slack3rDav3> blue buff belvath seems op
[2022-12-30 08:32:40] <@%fatguy925> Joel
[2022-12-30 08:32:54] VIEWERS: 433
[2022-12-30 08:34:08] <%Bananular> two alistars
[2022-12-30 08:34:24] <%julesSuperHD> vayne in the hyperbolic time chamber
[2022-12-30 08:34:33] <@%$LinkListen> lol
[2022-12-30 08:34:54] VIEWERS: 445
[2022-12-30 08:35:33] <%julesSuperHD> we saw samira and there are so many out lol
[2022-12-30 08:35:48] <@%fatguy925> u forgot to complain about not hitting zed before the role down
[2022-12-30 08:36:15] <simplix55> Nice to end the stream on an 8'th
[2022-12-30 08:36:24] <%+roryferreira> this lobby is so highroll
[2022-12-30 08:36:54] VIEWERS: 452
[2022-12-30 08:37:23] <@TeamLiquid> The Team Liquid Mobile App is available NOW  liquidplus.adv.gg/a/FGbDLp
[2022-12-30 08:38:27] <PriapusXII> Bebe Sadge
[2022-12-30 08:38:38] <%+roryferreira> what in the world is this lobby LOL
[2022-12-30 08:38:54] VIEWERS: 452
[2022-12-30 08:39:44] <+girlsd0itbetter> sholulda rerolled the augment for zed
[2022-12-30 08:39:49] <@%fatguy925> smiteWave smiteWave smitePogs smitePogs
[2022-12-30 08:39:53] <+IanStoneBro> I feel like zed always kills half the board then just gets targeted for being in the backline. Counterproductive
[2022-12-30 08:40:54] VIEWERS: 452
[2022-12-30 08:41:29] ~Stream offline~
[2022-12-30 08:41:42] <@%$LinkListen> smiteWave
[2022-12-30 08:56:54] Viewerstats (08:28-08:38): avg:441 min:433 max:452 [6/433+0+0+12+7+0_]
[2022-12-30 13:21:58] <+zHyphy> !comps
[2022-12-30 13:21:58] <@^StreamElements> Set 8 Comps https://imgur.com/a/qzWaM3E
[2022-12-30 13:39:44] <mefiu____> !comps
[2022-12-30 13:39:44] <@^StreamElements> Set 8 Comps https://imgur.com/a/qzWaM3E
[2022-12-30 17:40:38] <+SgtRe1d> !comps
[2022-12-30 17:40:38] <@^StreamElements> Set 8 Comps https://imgur.com/a/qzWaM3E
[2022-12-30 17:47:28] <shatters4> !comps
[2022-12-30 17:47:28] <@^StreamElements> Set 8 Comps https://imgur.com/a/qzWaM3E
[2022-12-30 18:56:48] <%TweekieTV> !comps
[2022-12-30 18:56:48] <@^StreamElements> Set 8 Comps https://imgur.com/a/qzWaM3E
[2022-12-30 20:20:14] <+Oplichter1> !comps
[2022-12-30 20:20:14] <@^StreamElements> Set 8 Comps https://imgur.com/a/qzWaM3E
[2022-12-30 22:01:49] <ganked> !comps
[2022-12-30 22:01:49] <@^StreamElements> Set 8 Comps https://imgur.com/a/qzWaM3E
[2022-12-30 22:43:51] <%+divineravnos> !comps
[2022-12-30 22:43:51] <@^StreamElements> Set 8 Comps https://imgur.com/a/qzWaM3E
