# Log started: 2022-12-07 00:00:02 +0100
[2022-12-07 00:00:02] <+RhylerH> Iahfy im just a lurker but if you're hungry but still trying to work have you ever heard of TreatStream?
[2022-12-07 00:00:05] <%+xROCKS7AR> the wat iahfySynthbuffer
[2022-12-07 00:00:12] <%+maximum_meatball> Bizzle in the hizzle yo
[2022-12-07 00:00:13] <%marikraften> that reminds me, my dumb ass hasn't eaten all day, I should go find something
[2022-12-07 00:00:17] <@%+Door1531> @amu_muri $20 PoroSad
[2022-12-07 00:00:24] <@%^Nightbot> ✨ Get 10% off your next GamerSupps order with my referral link https://gamersupps.gg/degen69 or use discount code degen69 at checkout. ✨
[2022-12-07 00:00:25] <aroper6473> if you ever order food you should try this place called sushi burrito that stuff is bomb.
[2022-12-07 00:00:27] <%$corpse_puppeteer> bizzle fo rizzle
[2022-12-07 00:00:36] <%tobi_is_a_good_bunny> PopSynth
[2022-12-07 00:01:02] <%amu_muri> iahfySynthNervous  thanks @door1531
[2022-12-07 00:01:10] VIEWERS: 552
[2022-12-07 00:01:16] <@%^Nightbot> 💥 To access more emotes for chat, download the BTTV and 7TV extensions for your browser! ➡ https://betterttv.com ➡ https://7tv.app
[2022-12-07 00:01:18] <@%$midnightidiot> iahfySynthSleep
[2022-12-07 00:01:32] <+AoVivao> !discord
[2022-12-07 00:01:32] <@%^Nightbot> if you're subscribed to my channel,you can link your twitch sub to join our exclusive community discord! 💜 how to: https://support.discordapp.com/hc/en-us/articles/212112068-Twitch-Integration-FAQ 💜 Get last month's art rewards set in my art channel once you Enroll into the server!
[2022-12-07 00:01:33] <@%+Door1531> @amu_muri That's the passthrough cost. I didn't set it up right at first and someone from Canada ordered some and shipping cost me $18. Shit's crazy. Hopefully it'll go down soon and I can adjust the rate.
[2022-12-07 00:02:16] <@%^Nightbot> follow me on these sites: ✨ https://twitter.com/iah_fy ✨ https://www.instagram.com/iahfy/ ✨ https://www.artstation.com/iahfy
[2022-12-07 00:02:33] <%amu_muri> alright thanks for the info iahfySynthDerp I will have to wait for my scholarship to be paid before ordering tho
[2022-12-07 00:02:55] <~%+IAHFY> feelin' iahfySoggy
[2022-12-07 00:03:06] <%+xROCKS7AR> iahfySoggy iahfyFrogjam iahfySoggy iahfyFrogjam iahfySoggy iahfyFrogjam
[2022-12-07 00:03:10] VIEWERS: 552
[2022-12-07 00:03:30] <%tobi_is_a_good_bunny> iahfySoggy iahfySynthboogie
[2022-12-07 00:03:36] <~%+IAHFY> bathroom break chat
[2022-12-07 00:03:55] <%$wasp_y> send pics for scientific research
[2022-12-07 00:04:04] <%+xROCKS7AR> buffpupHUH
[2022-12-07 00:04:10] <%tobi_is_a_good_bunny> @wasp_y frogBonk
[2022-12-07 00:04:18] <%$wasp_y> ya imma need a bonk thank u
[2022-12-07 00:04:27] <%$wasp_y> i feel better
[2022-12-07 00:04:27] <%Mogdash> frogBonk
[2022-12-07 00:04:30] <%dman9083> lazyynYams 🚽
[2022-12-07 00:04:46] <%$wasp_y> in my defense ive today was a soggy day
[2022-12-07 00:04:46] <%CasualLeon> @wasp_y lewd the art not the artist modCheck
[2022-12-07 00:05:10] VIEWERS: 545
[2022-12-07 00:05:56] <%+maximum_meatball> iahfyFrogjam
[2022-12-07 00:06:02] <%+xROCKS7AR> iahfyFrogjam
[2022-12-07 00:06:12] <%+Stereokel> Vibe  Vibe  Vibe  Vibe  Vibe
[2022-12-07 00:06:15] <%tobi_is_a_good_bunny> iahfyFrogjam
[2022-12-07 00:06:25] <%$wasp_y> chat what did yall eat today idk wot to get
[2022-12-07 00:06:50] <%+xROCKS7AR> @wasp_y spaghetti iahfySynthyay
[2022-12-07 00:06:56] <%$Narwhalosaurus> All I’ve had today is choccy milk. Cuz I’m an adult
[2022-12-07 00:06:58] <%+Stereokel> had chili for dinner  Gladge
[2022-12-07 00:07:10] Viewerstats (23:35-00:07): avg:521 min:426 max:552 [17/526+0+0−30+0−70+0+117+0+0−8+0+17+0+0−7+0]
[2022-12-07 00:07:10] VIEWERS: 545
[2022-12-07 00:07:15] <%+maximum_meatball> @wasp_y I eat throughout the day
[2022-12-07 00:07:19] <%tobi_is_a_good_bunny> Pizza PizzaTime PopSynth
[2022-12-07 00:07:37] [Notification] gladiator0607 subscribed at Tier 1. They've subscribed for 17 months, currently on a 17 month streak! [I seem to have dropped my pen, let me just grab it iahfySoggy iahfySoggy]
[2022-12-07 00:08:00] <%$wasp_y> hmm, imma have choccy milky and spaghetti LuL
[2022-12-07 00:08:07] <%tobi_is_a_good_bunny> Welcome back GremlinSynthYay
[2022-12-07 00:08:40] <Loilei_> that poor shirt
[2022-12-07 00:08:50] <%tobi_is_a_good_bunny> AUGH
[2022-12-07 00:08:52] <aroper6473> I know right KEKW
[2022-12-07 00:09:08] <%+xROCKS7AR> iahfySynthSleep that kind of day
[2022-12-07 00:09:10] VIEWERS: 506
[2022-12-07 00:09:10] <%tobi_is_a_good_bunny> iahfySynthSleep mimimimimimi
[2022-12-07 00:09:17] <%+maximum_meatball> iahfySynthSleep zzzz
[2022-12-07 00:09:26] <$thegreatwyrdling> Mommy?
[2022-12-07 00:09:30] <+MrKopasz> hello there HeyGuys
[2022-12-07 00:09:37] <%CasualLeon> definitely a honker
[2022-12-07 00:09:43] <@%jaangls> the weirdest ugliest snores uve ever heard
[2022-12-07 00:09:43] <%+maximum_meatball> mimimi for sure
[2022-12-07 00:09:44] <%$Narwhalosaurus> Mimimi for sure
[2022-12-07 00:09:44] <%tobi_is_a_good_bunny> definitely mimimimi kurumiiNODDERS
[2022-12-07 00:09:45] <@^StreamElements> Go to https://strms.net/everyplate_iahfy_bot and use code POGIAHFY149 for just $1.49 per meal in 1st box and 20% off the next 2 boxes
[2022-12-07 00:09:50] <%getchag00d> iahfyWoof
[2022-12-07 00:09:52] <%$wasp_y> snore enjoyer
[2022-12-07 00:09:56] <%tobi_is_a_good_bunny> @MrKopasz iahfyShibapaw
[2022-12-07 00:10:11] <%+maximum_meatball> Taiko is a snorer
[2022-12-07 00:10:36] <+MrKopasz> @tobi_is_a_good_bunny hi ^^
[2022-12-07 00:10:57] <%tobi_is_a_good_bunny> I imagine Taiko tends to flop all over the bed and cause destruction in her sleep iahfySynthKek
[2022-12-07 00:11:10] VIEWERS: 506
[2022-12-07 00:11:42] <%+maximum_meatball> Taiko definitely sleeps in weird positions  iahfySynthKek
[2022-12-07 00:11:50] <%SoundAlerts> Mogdash played Pornhub for 200 Bits!
[2022-12-07 00:11:51] <%Mogdash> Speaker check Kappa
[2022-12-07 00:12:15] <Kurosa__> I would never return a single library book if it meant this synth would punish me
[2022-12-07 00:12:18] <%+xROCKS7AR> iahfyNervousShake
[2022-12-07 00:12:34] <!%Jorghnassen> remember when YouTube Premium was called YouTube Red? good times
[2022-12-07 00:12:42] [Points] Talthar redeemed Heart Eyes 💗 (200)
[2022-12-07 00:12:55] <%CasualLeon> front room of my house on my surround sound with the speakers open iahfySynthKek
[2022-12-07 00:12:58] <lloyddboy> hello everyhorny
[2022-12-07 00:13:02] <%CasualLeon> not really tho.
[2022-12-07 00:13:10] VIEWERS: 530
[2022-12-07 00:13:15] <%Supermonkeyapples3018> Synth = red so red = lewd yes
[2022-12-07 00:13:23] <%Mogdash> jeffth6Wave
[2022-12-07 00:13:38] <+Nozbarth> iahfyHi
[2022-12-07 00:14:08] <%tobi_is_a_good_bunny> @lloyddboy @Nozbarth iahfyShibapaw
[2022-12-07 00:14:26] <%Da5tupid1> bottom left iahfySynthEyes
[2022-12-07 00:14:30] [Points] TurnBasedDave redeemed Posture Check (100)
[2022-12-07 00:14:30] <@%nightworldlove> This song is so good iahfyJustright
[2022-12-07 00:14:38] <%+xROCKS7AR> SynthSadCatDance
[2022-12-07 00:14:40] [Points] Stereokel redeemed Pet Synth  (200)
[2022-12-07 00:14:44] <%tobi_is_a_good_bunny> SynthSadCatDance
[2022-12-07 00:14:53] <@%$midnightidiot> what kinda legwear? pantyhose thighhighs or kneesocks
[2022-12-07 00:14:57] <%Da5tupid1> SynthSadCatDance
[2022-12-07 00:15:10] VIEWERS: 530
[2022-12-07 00:15:10] <%tobi_is_a_good_bunny> bare legs iahfyNervousShake @midnightidiot
[2022-12-07 00:15:18] <%+seraphmichael1> stocking and garters maybe?
[2022-12-07 00:15:29] <%+Stereokel> Pantyhose  BOOBEST
[2022-12-07 00:15:45] <%+Stereokel> PepeDerp  PepeDerp  PepeDerp
[2022-12-07 00:16:07] <%CasualLeon> SynthSadCatDance SynthSadCatDance SynthSadCatDance SynthSadCatDance
[2022-12-07 00:16:31] <%Da5tupid1> SynthSadCatDance SynthSadCatDance SynthSadCatDance SynthSadCatDance
[2022-12-07 00:16:32] <@%$midnightidiot> galact11ADD galact11ADD galact11ADD
[2022-12-07 00:16:32] <%RyoZaya> lace?
[2022-12-07 00:16:35] <%Supermonkeyapples3018> squishing requested
[2022-12-07 00:16:44] <+Otaku_Cowboy> !who
[2022-12-07 00:16:44] <@%^Nightbot> Hey! 👋 I’m Iahfy, a full time artist and part time streamer.✨ I’ve been doing art since 2008, and I love drawing girls. The demon you’re looking at is my OC Synth! 😈 She’s a mess, but I hope you’ll come to love her as much as I do. Feel free to hang out and just vibe or chat!✨
[2022-12-07 00:16:49] <%CasualLeon> not even done and i already love the pantyhose
[2022-12-07 00:16:51] <%+maximum_meatball> My word iahfyNervousShake
[2022-12-07 00:17:10] VIEWERS: 522
[2022-12-07 00:17:12] <%+Talthar> iahfyBark iahfyBark iahfyWoof iahfyRuff iahfy10 iahfySynthDerp
[2022-12-07 00:17:13] <+Otaku_Cowboy> Gawd damn. I'm hot for teacher. :P
[2022-12-07 00:17:18] <Yorandomexplode> good time to wake back up from the eepies
[2022-12-07 00:17:22] <%+QueerAndPleasantBanger> off tight pantyhose like that... iahfySynthFlushed iahfySynthFlushed iahfyWoof iahfyGay
[2022-12-07 00:17:22] <the_broken_stylus> Is this the typical process? Line, Tone, Color???
[2022-12-07 00:17:25] <%CasualLeon> belly curve still slayin' it so hard iahfyWoof iahfyWoof
[2022-12-07 00:17:30] <%TheAdamGee> What's your favorite stocking denier?
[2022-12-07 00:17:31] <!%$janonymous> iahfyNervousShake
[2022-12-07 00:17:52] <%echo_draw> hello degen queen
[2022-12-07 00:17:59] <%echo_draw> iahfySynthboogie iahfySynthboogie iahfySynthboogie iahfySynthboogie iahfySynthboogie
[2022-12-07 00:18:00] <%+Stereokel> why my pp hard BOOBAFAINT
[2022-12-07 00:18:02] <@%$midnightidiot> almost drawing over vi
[2022-12-07 00:18:22] <%gilver1> those must be some Vibranium level leggings
[2022-12-07 00:18:31] <hongbizixunlu> <3
[2022-12-07 00:18:37] <%echo_draw> buisness synth! iahfySynthFlushed iahfySynthFlushed iahfySynthFlushed iahfySynthFlushed
[2022-12-07 00:18:39] [Points] tommyv011 redeemed Tell Iahfy Something! (TTS) (400) [That mini skirt cannot contain her thighs.]
[2022-12-07 00:18:49] <%+qstar124> Do you make your own brushes
[2022-12-07 00:18:56] <%gilver1> THE TUM
[2022-12-07 00:18:57] <%echo_draw> neither can the leggings
[2022-12-07 00:19:05] <%$corpse_puppeteer> Getting lost in those leggings iahfyNervousShake iahfySynthEyes
[2022-12-07 00:19:07] <%Twice_Baked_Tato> @tommyv011 Holdin on like peter parker in the train scene
[2022-12-07 00:19:10] VIEWERS: 522
[2022-12-07 00:19:16] <%tobi_is_a_good_bunny> the thighs are breaking lose iahfySynthFlushed
[2022-12-07 00:19:17] <tommyv011> @tommyv011 yep
[2022-12-07 00:19:18] <thegeokiller15> where's her humongous pp
[2022-12-07 00:19:30] <%+maximum_meatball> @tobi_is_a_good_bunny iahfyNervousShake fug
[2022-12-07 00:19:33] <%echo_draw> could she even button up if she wanted to?
[2022-12-07 00:19:48] <%+Stereokel> @thegeokiller15  AYOOO
[2022-12-07 00:20:02] <%+seraphmichael1> idk what position i wanna be in with office lady synth, do i go under her desk? or does she go under mine?
[2022-12-07 00:20:04] <aroper6473> do to workplace dress code you’d think it would make sense for her to be wearing something like leggings or some kind of crotch high stockings right?
[2022-12-07 00:20:04] <@%$midnightidiot> ask owler
[2022-12-07 00:20:09] <%gilver1> maybe Owler
[2022-12-07 00:20:10] <%+maximum_meatball> A texas tuck
[2022-12-07 00:20:16] <%+xROCKS7AR> iahfyNervousShake oh boy
[2022-12-07 00:20:17] <%Da5tupid1> LUL
[2022-12-07 00:20:19] <%CasualLeon> Thinking Owler alt Thinking2
[2022-12-07 00:20:20] <%$corpse_puppeteer> do it as a variant later for rewardds iahfySynththirst iahfySynththirst iahfySynththirst
[2022-12-07 00:20:22] <thegeokiller15> @stereokel you hear me
[2022-12-07 00:20:23] <%Meatypanda> @thegeokiller15 you have to pay extra for that
[2022-12-07 00:20:25] <%CalaArt> WOT
[2022-12-07 00:20:32] <%+maximum_meatball> Yeah when you tuck it upwards
[2022-12-07 00:20:55] <@%$midnightidiot> calaarHapi WOT
[2022-12-07 00:20:59] <%Supermonkeyapples3018> You can also tuck backwards
[2022-12-07 00:21:10] <%CalaArt> calaarHapi
[2022-12-07 00:21:10] VIEWERS: 522
[2022-12-07 00:21:11] [Points] kerrang_197 redeemed Pet Synth  (200)
[2022-12-07 00:21:16] <%+Stereokel> what about inwards
[2022-12-07 00:21:22] <%echo_draw> did you learn though, learning usually means you'll remember the information on a later date. will the texas tuck follow you to your grave?
[2022-12-07 00:21:25] <Loilei_> Educational atmosphere
[2022-12-07 00:21:25] <%CasualLeon> I thought Synth just shape shifted it
[2022-12-07 00:21:27] <%tobi_is_a_good_bunny> now this is school GremlinSynthYay
[2022-12-07 00:21:33] [Points] Otaku_Cowboy redeemed Tell Iahfy Something! (TTS) (400) [That button must have kryptonian blood in him to keep that massive bust restrained. Great Googily Moogily.]
[2022-12-07 00:21:35] <%+toastghost18> that's called a vaginoplasy, stereo
[2022-12-07 00:21:50] <@%$midnightidiot> iahfy tuck tips
[2022-12-07 00:21:57] <%echo_draw> iahfySynthdance iahfySynthdance iahfySynthdance iahfySynthdance
[2022-12-07 00:22:00] <scovoronski> scovorDinkDonk scovor7 scovorHeart scovorComfy
[2022-12-07 00:22:08] <%CasualLeon> wouldn't the shirt need to be made of vibranium /pedantic
[2022-12-07 00:22:09] <+Otaku_Cowboy> lmao
[2022-12-07 00:22:16] <%+Talthar> Wouldnt it absorb jiggle then?!
[2022-12-07 00:22:21] <%+Talthar> We cannot have this
[2022-12-07 00:22:27] <%echo_draw> vibranium absorbs all vibrations, theoretically indestructible, nice choice
[2022-12-07 00:22:39] <%+Stereokel> @toastghost18 meant it more like hiddin that humongous pp in the coochie
[2022-12-07 00:22:42] <aroper6473> The thread would need to be made of some supper material the button doesn’t matter too much
[2022-12-07 00:22:43] [Notification] Mogdash gifted a Tier 1 sub to texastuck! They have given 317 Gift Subs in the channel!
[2022-12-07 00:22:45] <~%+IAHFY> ⭐ Hey Subs! Make sure to join our !discord
[2022-12-07 00:22:48] <%tobi_is_a_good_bunny> no jiggle then? iahfySynthSob @echo_draw
[2022-12-07 00:22:49] <@%$midnightidiot> viBRAnium
[2022-12-07 00:23:01] <%Mogdash> LUL
[2022-12-07 00:23:03] <%+xROCKS7AR> iahfySynthKek
[2022-12-07 00:23:05] <@%$midnightidiot> galact11ADD
[2022-12-07 00:23:07] <aroper6473> KEKW
[2022-12-07 00:23:11] VIEWERS: 531
[2022-12-07 00:23:12] <%+maximum_meatball> calvin24LUL
[2022-12-07 00:23:14] <%Da5tupid1> iahfySynthKek
[2022-12-07 00:23:14] <+Otaku_Cowboy> Pow right in the kisser lmao
[2022-12-07 00:23:16] <%echo_draw> all jiggle energy gets converted into the button
[2022-12-07 00:23:16] [Points] truejimbob redeemed Bonk! (200)
[2022-12-07 00:23:28] <%tobi_is_a_good_bunny> iahfyBamboozle
[2022-12-07 00:23:40] <!%$janonymous> this synth ... iahfyKirb
[2022-12-07 00:23:40] <%+qstar124> That pen must be made of virbranium
[2022-12-07 00:23:51] <%echo_draw> i know what i have to do but i dont know if i have the strength to do it iahfySynthSob
[2022-12-07 00:24:16] <aroper6473> @qstar124 you making a pun or is there something I don’t know?
[2022-12-07 00:24:32] [Notification] Mogdash gifted a Tier 1 sub to JennaTails! They have given 318 Gift Subs in the channel!
[2022-12-07 00:24:34] <~%+IAHFY> ⭐ Hey Subs! Make sure to join our !discord
[2022-12-07 00:24:37] <@%$midnightidiot> if the bra can absorb n release energy like the bp suit then shed have a bonafied titty cannon
[2022-12-07 00:24:45] <@^StreamElements> Go to https://strms.net/everyplate_iahfy_bot and use code POGIAHFY149 for just $1.49 per meal in 1st box and 20% off the next 2 boxes
[2022-12-07 00:24:46] <%echo_draw> is this secretary synth, teacher synth, or what?
[2022-12-07 00:24:52] <%tobi_is_a_good_bunny> iahfySynthKek
[2022-12-07 00:24:54] <%Meatypanda> we need to invent a way to harness electricity from booba jiggle, the world would be a happier place
[2022-12-07 00:24:56] <lloyddboy> MogSUS
[2022-12-07 00:24:59] <%echo_draw> sussy mog
[2022-12-07 00:25:07] <%+maximum_meatball> Thonk suss
[2022-12-07 00:25:09] <@%^Nightbot> ✨ Get 10% off your next GamerSupps order with my referral link https://gamersupps.gg/degen69 or use discount code degen69 at checkout. ✨
[2022-12-07 00:25:10] <%tobi_is_a_good_bunny> i love these names iahfyBamboozle
[2022-12-07 00:25:14] <%CasualLeon> wait I don't get it, someone explain jennatails to me?
[2022-12-07 00:25:14] VIEWERS: 531
[2022-12-07 00:25:20] <%CasualLeon> oh nevermind
[2022-12-07 00:25:21] <%tobi_is_a_good_bunny> Sussy
[2022-12-07 00:25:26] <%echo_draw> sussy everyday iahfySynththirst iahfySynththirst iahfySynththirst
[2022-12-07 00:25:29] <CoffehCat> I had to re-read that to catch it ><
[2022-12-07 00:25:29] [Points] Mogdash redeemed Tell Iahfy Something! (TTS) (400) [what do you mean? that's a completely legit username and they clearly love Tails from Sonic]
[2022-12-07 00:25:30] <%+xROCKS7AR> Susge
[2022-12-07 00:25:38] <aroper6473> Sussy
[2022-12-07 00:25:43] <%+maximum_meatball> @CasualLeon I had to say it outloud to get it too lol
[2022-12-07 00:25:53] <%Da5tupid1> iahfySynthKek
[2022-12-07 00:25:55] <%+seraphmichael1> ive decided, i definitely want tobe under synth's desk with my head in her thighs
[2022-12-07 00:26:09] <%+Rosethetik> Hi! iahfySynthdance
[2022-12-07 00:26:18] <%echo_draw> can synth give me detention? iahfySynthSmug
[2022-12-07 00:26:20] <%madmilk___> oh no the STOCKINGS
[2022-12-07 00:26:25] <%madmilk___> iahfySynthbuffer iahfySynthbuffer iahfySynthbuffer iahfySynthbuffer iahfySynthbuffer iahfySynthbuffer iahfySynthbuffer
[2022-12-07 00:26:48] <%echo_draw> whats going on on the bottom left iahfySynthFlushed iahfySynthFlushed iahfySynthFlushed iahfySynthFlushed
[2022-12-07 00:27:00] <%madmilk___> jello, bottom left
[2022-12-07 00:27:01] <%cats_are_cute> @echo_draw cardio widepeepoHappy
[2022-12-07 00:27:09] <%Qthulhu> Wait those are tights, we've been bamboozled
[2022-12-07 00:27:10] <%echo_draw> synth streakin iahfySynthEyes
[2022-12-07 00:27:14] <%tobi_is_a_good_bunny> Just Synth eating a really good burger @echo_draw
[2022-12-07 00:27:15] VIEWERS: 546
[2022-12-07 00:27:17] <diggley> Ma’am where is that pen going
[2022-12-07 00:27:39] <3lseworld> nkoWhoa hi iahfy n chat, that's a nice pen there
[2022-12-07 00:27:51] <%+seraphmichael1> @diggley to the promised land
[2022-12-07 00:27:54] <%tobi_is_a_good_bunny> @3lseworld iahfyShibapaw indeed iahfySynthEyes
[2022-12-07 00:27:57] <%echo_draw> pen is going where no man has gone before
[2022-12-07 00:27:59] <CoffehCat> @3lseworld Hi
[2022-12-07 00:28:04] <%+qstar124> The shirt is trying so hard not to breathe
[2022-12-07 00:28:05] <%Mogdash> @diggley to Pen Island
[2022-12-07 00:28:06] <%+maximum_meatball> @3lseworld iahfyShibapaw
[2022-12-07 00:28:14] <3lseworld> happythoThink what else could it be
[2022-12-07 00:28:25] <%tobi_is_a_good_bunny> @Mogdash iahfySynthKek I get it!
[2022-12-07 00:28:29] <%+toastghost18> get stickbugged?
[2022-12-07 00:28:31] <3lseworld> dang got stick bugged
[2022-12-07 00:28:33] [Points] echo_draw redeemed Tell Iahfy Something! (TTS) (400) [woof check iahfyWoof iahfyWoof iahfyWoof]
[2022-12-07 00:28:33] <@%$midnightidiot> get stickbugged
[2022-12-07 00:28:47] <%+xROCKS7AR> iahfyWoof iahfyWoof iahfyWoof
[2022-12-07 00:28:48] <%CasualLeon> iahfyWoof iahfyWoof iahfyWoof iahfyWoof
[2022-12-07 00:28:51] <%+maximum_meatball> iahfyWoof iahfyWoof iahfyWoof iahfyWoof iahfyWoof iahfyWoof
[2022-12-07 00:28:51] <%+seraphmichael1> iahfyWoof iahfyWoof iahfyWoof iahfyWoof iahfyWoof iahfyWoof iahfyWoof iahfyWoof iahfyWoof iahfyWoof iahfyWoof iahfyWoof
[2022-12-07 00:28:52] <the_broken_stylus> It could be Valentines Thermometer
[2022-12-07 00:28:53] <%tobi_is_a_good_bunny> iahfyWoof iahfyWoof iahfyWoof
[2022-12-07 00:28:53] <%amu_muri> iahfyWoof iahfyWoof iahfyWoof iahfyWoof iahfyWoof iahfyWoof iahfyWoof
[2022-12-07 00:28:55] <%Mogdash> iahfyWoof iahfyWoof iahfyWoof iahfyWoof
[2022-12-07 00:28:56] <%getchag00d> iahfyWoof iahfyWoof iahfyWoof iahfyWoof iahfyWoof iahfyWoof iahfyWoof
[2022-12-07 00:29:03] <%+toastghost18> iahfyWoof iahfyWoof iahfyWoof iahfyWoof iahfyRuff iahfyRuff iahfyWoof iahfyBark iahfyBark iahfyWoof
[2022-12-07 00:29:06] <!%2th_> iahfyBark iahfyBark iahfyBark iahfyBark iahfyBark iahfyBark
[2022-12-07 00:29:09] <%SoundAlerts> Mogdash played Bao Bark Bark for 300 Bits!
[2022-12-07 00:29:11] <%cats_are_cute> iahfyWoof iahfyWoof iahfyWoof iahfyWoof iahfyWoof
[2022-12-07 00:29:15] VIEWERS: 546
[2022-12-07 00:29:22] <%+Stereokel> iahfyWoof iahfyWoof iahfyWoof iahfyWoof iahfyWoof
[2022-12-07 00:29:22] <+Otaku_Cowboy> LMAO
[2022-12-07 00:29:25] <aroper6473> KEKW fuckin bao
[2022-12-07 00:29:28] <%$corpse_puppeteer> iahfyWoof iahfyWoof iahfyWoof
[2022-12-07 00:29:35] <artsub_69> have you thought about drawing yaoi
[2022-12-07 00:29:52] <3lseworld> YEP gay
[2022-12-07 00:29:53] <%Da5tupid1> iahfySynthKek
[2022-12-07 00:29:55] <%+xROCKS7AR> Gayge Clap
[2022-12-07 00:29:56] <%echo_draw> yaoi comes after the doujin iahfySynthSmug
[2022-12-07 00:29:58] <3lseworld> happythoTap
[2022-12-07 00:30:04] <@%nightworldlove> Same
[2022-12-07 00:30:05] <%+seraphmichael1> the Y stands for yrui here
[2022-12-07 00:30:08] <%tobi_is_a_good_bunny> iahfyGay goals NODDERS
[2022-12-07 00:30:08] <cythis_91> What about drawing Persona 5 gals?
[2022-12-07 00:30:13] <%cats_are_cute> Gayge 👍 iahfyGay
[2022-12-07 00:30:13] <%gilver1> Synth with glasses just hits different
[2022-12-07 00:30:17] <%+seraphmichael1> yuri goddamnit
[2022-12-07 00:30:18] <%Mogdash> but Yaoi is hella gay tho
[2022-12-07 00:30:23] <%+maximum_meatball> Guys are pretty pog
[2022-12-07 00:30:25] <%Da5tupid1> "and gay"  KEKW
[2022-12-07 00:30:28] <%echo_draw> yuri all the way here
[2022-12-07 00:30:28] <thegeokiller15> need to pick up korra and asami in my truck or   camaro
[2022-12-07 00:30:33] <%gilver1> Women are art I don't blame you
[2022-12-07 00:30:34] <%+xROCKS7AR> gay queen buffpupHypeE
[2022-12-07 00:30:35] <%+maximum_meatball> Especially with long hair iahfySynththirst
[2022-12-07 00:30:37] <the_broken_stylus> Draw a femboy?
[2022-12-07 00:30:44] <3lseworld> we like all the gays here
[2022-12-07 00:30:50] <%amu_muri> thats the real reason
[2022-12-07 00:31:03] [Points] corpse_puppeteer redeemed Tell Iahfy Something! (TTS) (400) [Ha! Gayeeeeeee! iahfySynthBoi]
[2022-12-07 00:31:12] <%echo_draw> we can all appreciate a smexy confident lady
[2022-12-07 00:31:15] VIEWERS: 560
[2022-12-07 00:31:17] <%Mogdash> you can compromise and draw the big yaoi hands tho
[2022-12-07 00:31:21] <@%$midnightidiot> Gayge
[2022-12-07 00:31:21] <%+toastghost18> "gay e"
[2022-12-07 00:31:21] <%echo_draw> iahfySynthdance iahfySynthdance iahfySynthdance iahfySynthdance iahfySynthdance
[2022-12-07 00:31:38] <Soulista_> we dont't preferiencies
[2022-12-07 00:31:39] <%+maximum_meatball> So gayge iahfySynthSmug
[2022-12-07 00:31:39] <%+toastghost18> just... ~women~
[2022-12-07 00:31:42] <%gilver1> is the Synth in the corner top less? left side of the screen?
[2022-12-07 00:32:00] <%+qstar124> hahaha
[2022-12-07 00:32:03] <3lseworld> no nip nops :(
[2022-12-07 00:32:03] <%madmilk___> the great nipple incident
[2022-12-07 00:32:06] <aroper6473> What.
[2022-12-07 00:32:06] <%+xROCKS7AR> the nipples NOOO
[2022-12-07 00:32:11] <%tobi_is_a_good_bunny> iahfySynthSob the nippies gone
[2022-12-07 00:32:15] <%+Talthar> "Ma'am, we need you to button up" the entire company rages.
[2022-12-07 00:32:17] <%+qstar124> runaway nips
[2022-12-07 00:32:18] <%RyoZaya> everytime i notice the pen again, it sends me to the stratosphere lmao
[2022-12-07 00:32:19] <%Mogdash> are her nipples like Contact Lenses?
[2022-12-07 00:32:26] <%LazySamurai> iahfySynthEyes
[2022-12-07 00:32:27] <%gilver1> LMFAO
[2022-12-07 00:32:31] <3lseworld> twitch free the nip happythoRee
[2022-12-07 00:32:34] <%cats_are_cute> NOOO you'll pay for this, twitch
[2022-12-07 00:32:36] <%+maximum_meatball> rimjimAhh damn you Twitch
[2022-12-07 00:32:37] <MarchofTyranny> when your nips slip and you lose them FeelsBadMan
[2022-12-07 00:32:37] <%gilver1> prescription nipples XD
[2022-12-07 00:32:44] <%tobi_is_a_good_bunny> We gotta breach Twitch HQ and free the nops rooMadSlam
[2022-12-07 00:32:51] <artsub_69> they were in her hair the whole time
[2022-12-07 00:32:51] <%+Stereokel> @3lseworld  monkaTOS
[2022-12-07 00:32:55] [Points] toastghost18 redeemed Tell Iahfy Something! (TTS) (400) [I mean, she's a shapeshifter.  She could've easily just deactivated the nip nops. It's also the best way out of having to draw consistent proportions :P]
[2022-12-07 00:33:05] <%gilver1> that tracks
[2022-12-07 00:33:18] VIEWERS: 560
[2022-12-07 00:33:34] <3lseworld> happythoSilly a silly prank
[2022-12-07 00:33:42] <Narratorway> areoloutta here!!
[2022-12-07 00:33:46] <%+Stereokel> iahfySynthKek
[2022-12-07 00:34:05] [Points] nightworldlove redeemed Tell Iahfy Something! (TTS) (400) [Alright, time for me to sleeps! Have a great rest of your day/night, everyone, and enjoy the rest of the stream! iahfySynthlove iahfySynthSleep]
[2022-12-07 00:34:06] <%tobi_is_a_good_bunny> iahfySynthKek
[2022-12-07 00:34:21] <%Twice_Baked_Tato> iahfySynthSleep
[2022-12-07 00:34:21] <%cats_are_cute> peepoHey sleep well night
[2022-12-07 00:34:21] <%+toastghost18> !tuck @nightworldlove
[2022-12-07 00:34:22] <@%^Nightbot> *tucks nightworldlove into bed* Take care and have nice degen dreams!  iahfySynthSleep 💤🌙
[2022-12-07 00:34:22] <%+maximum_meatball> !tuck @nightworldlove
[2022-12-07 00:34:24] <%Mogdash> !tucl @nightworldlove
[2022-12-07 00:34:26] <3lseworld> @nightworldlove nkoSleep nighty
[2022-12-07 00:34:30] <%tobi_is_a_good_bunny> !tuck @nightworldlove kurumiiHeadpat goodnite
[2022-12-07 00:34:30] <@%^Nightbot> *tucks nightworldlove into bed* Take care and have nice degen dreams!  iahfySynthSleep 💤🌙
[2022-12-07 00:34:30] <%amu_muri> goodnight iahfySynthSleep iahfySynthSleep iahfySynthSleep
[2022-12-07 00:34:30] <%+xROCKS7AR> @nightworldlove gn iahfySynthSleep
[2022-12-07 00:34:30] <%Mogdash> f u g
[2022-12-07 00:34:41] <%+maximum_meatball> @nightworldlove goodnight iahfySynthSleep
[2022-12-07 00:34:42] <%+qstar124> @nightworldlove gn
[2022-12-07 00:34:45] <%+toastghost18> gotta refill my wawa
[2022-12-07 00:34:45] <@%nightworldlove> Thanks everyone! iahfySynthlove
[2022-12-07 00:35:16] [Points] Goblinobz redeemed Black Scelera 🖤 (300)
[2022-12-07 00:35:19] VIEWERS: 530
[2022-12-07 00:35:22] <%$corpse_puppeteer> eepy strim claimed the mod iahfyNervousShake iahfySynthSleep
[2022-12-07 00:35:37] [Points] Stereokel redeemed Hydrate (200)
[2022-12-07 00:35:53] <%tobi_is_a_good_bunny> ....... iahfySynthbuffer I want pudding
[2022-12-07 00:36:04] <3lseworld> eepy drawing
[2022-12-07 00:36:05] <%madmilk___> iahfySynthSleep iahfySynthSleep iahfySynthSleep iahfySynthSleep
[2022-12-07 00:36:06] <%Da5tupid1> iahfySynthSleep
[2022-12-07 00:36:08] <triple_nube1> You only watch these streams to fail NNN
[2022-12-07 00:36:08] <@%^Nightbot> follow me on these sites: ✨ https://twitter.com/iah_fy ✨ https://www.instagram.com/iahfy/ ✨ https://www.artstation.com/iahfy
[2022-12-07 00:36:09] <%gilver1> I was up till 3 am
[2022-12-07 00:36:10] <%+maximum_meatball> hard worker NODDERS
[2022-12-07 00:36:12] <%tobi_is_a_good_bunny> iahfySynthSleep
[2022-12-07 00:36:13] <!%$janonymous> iahfySynthSleep
[2022-12-07 00:36:14] <@%$midnightidiot> up too late bingus
[2022-12-07 00:36:18] <%amu_muri> @tobi_is_a_good_bunny  same!!! been dreaming about puding all day iahfySynthSob
[2022-12-07 00:36:23] <3lseworld> happythoTuck go bedge
[2022-12-07 00:36:26] <triple_nube1> but excel at DDD
[2022-12-07 00:36:28] <%tobi_is_a_good_bunny> get plenty of rest Iahfy kurumiiHeadpat
[2022-12-07 00:36:38] <%gilver1> btw the rewards were awesome iAHFY thank you for the great work
[2022-12-07 00:36:45] <%SoundAlerts> Mogdash played Chuck E. Cheese - Poggers for 100 Bits!
[2022-12-07 00:37:00] <%+toastghost18> gonna get going - g'night everyone!!
[2022-12-07 00:37:11] <%getchag00d> iahfyJustright
[2022-12-07 00:37:13] <3lseworld> gnight toast
[2022-12-07 00:37:16] <%+maximum_meatball> @toastghost18 nighty night
[2022-12-07 00:37:20] <%tobi_is_a_good_bunny> rooPog tis the season for the nip nops
[2022-12-07 00:37:20] <%+toastghost18> thanks for having me :)
[2022-12-07 00:37:20] Viewerstats (00:09-00:37): avg:531 min:506 max:560 [15/506+0+24+0−8+0+0+9+0+15+0+14+0−30+0]
[2022-12-07 00:37:20] VIEWERS: 530
[2022-12-07 00:37:24] <%gilver1> Very cute and
[2022-12-07 00:37:24] <%amu_muri> goodnight iahfySynthlove iahfySynthSleep
[2022-12-07 00:37:27] <%+qstar124> Nips galore
[2022-12-07 00:37:29] <%+Stereokel> @toastghost18 gn8
[2022-12-07 00:37:31] <lloyddboy> nipple season
[2022-12-07 00:37:32] <%+xROCKS7AR> @toastghost18 gn iahfySynthSleep iahfySynthlove
[2022-12-07 00:37:34] <%tobi_is_a_good_bunny> @toastghost18 goodnite kurumiiHeadpat
[2022-12-07 00:37:37] <%gilver1> SO MANY FEELINGS
[2022-12-07 00:37:41] [Points] corpse_puppeteer redeemed Tell Iahfy Something! (TTS) (400) [Oh, I just noticed the pen in the booba. One could also say the pen-is in the booba...wait a moment. iahfyNervousShake iahfySynthKek]
[2022-12-07 00:37:42] <%$Narwhalosaurus> This probably isn’t something for stream, but with the shirt that tight would we see any piercing outline?
[2022-12-07 00:38:00] <%tobi_is_a_good_bunny> iahfySynthKek
[2022-12-07 00:38:08] <%+Talthar> iahfySynthKek iahfySynthBoi
[2022-12-07 00:38:08] <%+maximum_meatball> +2
[2022-12-07 00:38:16] <@%$midnightidiot> technially paizuri
[2022-12-07 00:38:17] <%morgoth000> @Narwhalosaurus true
[2022-12-07 00:38:25] <SuperDuperR37> the glasses are too powerful
[2022-12-07 00:38:34] <3lseworld> happythoWoah every piece is a story
[2022-12-07 00:38:39] <%CasualLeon> penzuri
[2022-12-07 00:38:44] <%$corpse_puppeteer> cultured big brain moment iahfyJustright iahfySynthDerp
[2022-12-07 00:38:44] <%+GnomeOfMalice> paizuri? You have my attention
[2022-12-07 00:38:47] <%madmilk___> sneaked the boobjob right past us
[2022-12-07 00:38:50] <%gilver1> Mine as well
[2022-12-07 00:38:50] <%tobi_is_a_good_bunny> Penzuri iahfySynthKek @CasualLeon
[2022-12-07 00:38:50] <@%$midnightidiot> !uptime
[2022-12-07 00:38:51] <@%^Nightbot> This stream had been live for: 4 hours, 1 minute, 17 seconds ✧
[2022-12-07 00:38:56] <+Eadsbe> i'm a sucker for an office girl
[2022-12-07 00:38:56] <%gilver1> yup
[2022-12-07 00:39:00] <%madmilk___> "god this drawing is so filthy, I need a shower"
[2022-12-07 00:39:03] <3lseworld> happythoSleepy warm shower into sleep combo
[2022-12-07 00:39:05] <SuperDuperR37> yeah, hate that feeling
[2022-12-07 00:39:10] <%gilver1> A shower will help trust me
[2022-12-07 00:39:14] <%CasualLeon> i was gunky yesterday and shower did help
[2022-12-07 00:39:19] <%+qstar124> Great style great stream I hope everyone has enjoyed it
[2022-12-07 00:39:20] VIEWERS: 523
[2022-12-07 00:39:27] <Soulista_> the shower will do everything
[2022-12-07 00:39:28] <%+maximum_meatball> I too enjoy being clean
[2022-12-07 00:39:28] <%tobi_is_a_good_bunny> when sog turn to gunk iahfySynthDerp
[2022-12-07 00:39:31] <%$corpse_puppeteer> @madmilk___ iahfyBigmood
[2022-12-07 00:39:44] <3lseworld> self care tuesday innit
[2022-12-07 00:39:45] <@^StreamElements> Go to https://strms.net/everyplate_iahfy_bot and use code POGIAHFY149 for just $1.49 per meal in 1st box and 20% off the next 2 boxes
[2022-12-07 00:39:45] <@%$midnightidiot> PopSynth
[2022-12-07 00:39:46] <%SoundAlerts> Mogdash played Yeahhhh Baby 😎 for 500 Bits!
[2022-12-07 00:39:53] <%Mogdash> HELL YEAH SELF-CARE
[2022-12-07 00:39:59] [Points] gilver1 redeemed Love!  (200)
[2022-12-07 00:40:05] [Points] gilver1 redeemed Black Top On/Off (400)
[2022-12-07 00:40:07] <%+maximum_meatball> WO-O-O-O-O
[2022-12-07 00:40:09] <%tobi_is_a_good_bunny> iahfyBamboozle Wooooooooo!!!!
[2022-12-07 00:40:12] [Points] amu_muri redeemed Blush (200)
[2022-12-07 00:40:24] <%+seraphmichael1> i think i asked about it last art stream
[2022-12-07 00:40:25] <3lseworld> corpa synth
[2022-12-07 00:40:25] <%tobi_is_a_good_bunny> and you delivered with Milf Synth
[2022-12-07 00:40:32] [Points] tommyv011 redeemed Tell Iahfy Something! (TTS) (400) [IAHFY: all according to my plan.]
[2022-12-07 00:40:37] <%gilver1> Humanity NEEDS Milf synth
[2022-12-07 00:40:48] <@%$midnightidiot> keikaku means plan
[2022-12-07 00:40:49] <%Mogdash> mjbYARE mjbYARE
[2022-12-07 00:41:01] [Points] LazySamurai redeemed Head Frog 🐸 (300)
[2022-12-07 00:41:05] <%tobi_is_a_good_bunny> All according to Bigcake
[2022-12-07 00:41:20] VIEWERS: 523
[2022-12-07 00:41:39] [Points] HeroOfZ0 redeemed Tell Iahfy Something! (TTS) (400) [Mm'kay??]
[2022-12-07 00:42:00] <%Mogdash> mmkaykaku
[2022-12-07 00:42:16] <@%$midnightidiot> k cock oo
[2022-12-07 00:42:23] <%tobi_is_a_good_bunny> iahfySynthKek
[2022-12-07 00:42:24] <%Mogdash> jeffth6Bap
[2022-12-07 00:42:40] <3lseworld> very shine
[2022-12-07 00:42:52] <%tobi_is_a_good_bunny> it needs to blind my eyes iahfyNervousShake
[2022-12-07 00:42:53] <%gilver1> it's bootiful
[2022-12-07 00:43:03] <%+maximum_meatball> pleanty shiny partydemonShocked
[2022-12-07 00:43:12] <%gilver1> I feel blessed
[2022-12-07 00:43:16] <3lseworld> happythoSweat oh man these thighs are much
[2022-12-07 00:43:18] <SuperDuperR37> melon crushers
[2022-12-07 00:43:20] VIEWERS: 548
[2022-12-07 00:43:24] <%+qstar124> healthy legs
[2022-12-07 00:43:24] <%+seraphmichael1> end the night more like end our life
[2022-12-07 00:43:27] <%+maximum_meatball> thicc healthy thighs iahfyNervousShake
[2022-12-07 00:43:27] <%tobi_is_a_good_bunny> kurumiiPrayge arigato thighs
[2022-12-07 00:43:27] <%amu_muri> with thighs like that how many jeans a year does synths go a through a year?? iahfySynththirst iahfySynththirst
[2022-12-07 00:43:43] <%marikraften> the only proper way
[2022-12-07 00:43:46] <%$corpse_puppeteer> quite the nice way to wrap up strim iahfyJustright iahfySynththirst iahfyJustright iahfySynththirst
[2022-12-07 00:43:54] <%+qstar124> iahfySynthSob iahfySynthSob
[2022-12-07 00:43:59] [Points] Stereokel redeemed Tell Iahfy Something! (TTS) (400) [i would die happy if those thighs are wrapped around my head iahfySynthSmug]
[2022-12-07 00:43:59] <%gilver1> thanks for streaming iAHFY
[2022-12-07 00:44:06] <Goblinobz> thiccc thighs save lives
[2022-12-07 00:44:17] <!%$dotLAN> iahfySynththirst
[2022-12-07 00:44:22] <%tobi_is_a_good_bunny> iahfyBigmood Same!
[2022-12-07 00:44:27] <@%$midnightidiot> peepoLeaveInThighs
[2022-12-07 00:44:32] [Points] gilver1 redeemed Love!  (200)
[2022-12-07 00:44:37] <%+xROCKS7AR> peepoLeaveInThighs
[2022-12-07 00:44:39] <%$corpse_puppeteer> Amazing Office Mommy Synth iahfyJustright iahfyMommySorry
[2022-12-07 00:44:49] <@%$midnightidiot> iahfySynthbuffer iahfySynthbuffer iahfySynthbuffer
[2022-12-07 00:44:51] [Points] Justinthulu redeemed Streeeeeeeeeetch (100)
[2022-12-07 00:44:52] <%+maximum_meatball> iahfySynthlove rest up
[2022-12-07 00:44:52] [Usernotice] buggex is gifting 1 Tier 1 Subs to IAHFY's community! They've gifted a total of 605 in the channel!
[2022-12-07 00:44:53] [Notification] buggex gifted a Tier 1 sub to dylankiller83!
[2022-12-07 00:44:54] <~%+IAHFY> ⭐ Hey Subs! Make sure to join our !discord
[2022-12-07 00:44:54] [Points] tobi_is_a_good_bunny redeemed Pet Synth  (200)
[2022-12-07 00:44:54] <%cats_are_cute> widepeepoHappy
[2022-12-07 00:44:55] <%CasualLeon> cute iahfySynththirst iahfySynthdance iahfySynthsneeze
[2022-12-07 00:44:55] <%echo_draw> hey iahfy want to hear a riddle?
[2022-12-07 00:44:56] <%Mogdash> brain brrr too much
[2022-12-07 00:44:58] <%+xROCKS7AR> iahfySynthDerp strimmer brain
[2022-12-07 00:44:58] <%gilver1> no worries you did awesome
[2022-12-07 00:45:04] <%SoundAlerts> corpse_puppeteer played CLAP 👏 for 0 Bits!
[2022-12-07 00:45:07] [Points] tommyv011 redeemed Tell Iahfy Something! (TTS) (400) [Synth has big thighs but Taiko has muscle thighs.]
[2022-12-07 00:45:08] <%cats_are_cute> widepeepoHappy thank you for comfy stream
[2022-12-07 00:45:09] <%Mogdash> Clap
[2022-12-07 00:45:09] <%amu_muri> go to sleep iahfySynthSleep iahfySynthSleep iahfySynthSleep
[2022-12-07 00:45:14] <%+qstar124> Hope every is well SeemsGood
[2022-12-07 00:45:16] <!%$dotLAN> iahfySynthyay iahfySynthlove
[2022-12-07 00:45:18] <%$corpse_puppeteer> iahfySynthSleep iahfySynthSleep iahfySynthSleep
[2022-12-07 00:45:18] <%LazySamurai> thank for stream Iafhy
[2022-12-07 00:45:20] <%+xROCKS7AR> thanks for the stream iahfySynthlove
[2022-12-07 00:45:20] VIEWERS: 548
[2022-12-07 00:45:20] <%+Stereokel> iahfySynthSleep
[2022-12-07 00:45:20] <%Da5tupid1> take care iahfySynthSleep
[2022-12-07 00:45:23] <Goblinobz> stupid HONDA ad took away my mommy thighs!!!!
[2022-12-07 00:45:26] <@%$midnightidiot> too morroh for syure
[2022-12-07 00:45:27] <%+maximum_meatball> iahfyShibapaw later Chat
[2022-12-07 00:45:31] <CoffehCat> Thanks for the stream!
[2022-12-07 00:45:37] <CoffehCat> <3
[2022-12-07 00:45:38] <@%$midnightidiot> any raid redeems chat?
[2022-12-07 00:45:42] <%tobi_is_a_good_bunny> iahfySynthSleep Take care everyone iahfySynthlove (Also Taiko Trunks)
[2022-12-07 00:45:43] <%Mogdash> taiko thighs save lives
[2022-12-07 00:45:52] <%$corpse_puppeteer> return of taiko iahfyNervousShake iahfySynththirst iahfySynthsneeze
[2022-12-07 00:45:52] <%echo_draw> bu-bye iahfy
[2022-12-07 00:45:53] <%marikraften> @Mogdash more likely to end them
[2022-12-07 00:45:59] <Loilei_> full of sleepn't
[2022-12-07 00:46:04] <%Mogdash> iahfyKirb
[2022-12-07 00:46:05] <@%+Door1531> no
[2022-12-07 00:46:10] <+Otaku_Cowboy> !discord
[2022-12-07 00:46:10] <@%^Nightbot> if you're subscribed to my channel,you can link your twitch sub to join our exclusive community discord! 💜 how to: https://support.discordapp.com/hc/en-us/articles/212112068-Twitch-Integration-FAQ 💜 Get last month's art rewards set in my art channel once you Enroll into the server!
[2022-12-07 00:46:14] [Points] suumcuiquesic redeemed Tell Iahfy Something! (TTS) (400) [Dem thighs... *chef's kiss* delicious. :peach:]
[2022-12-07 00:46:17] <tommyv011> Bye bye
[2022-12-07 00:46:20] <%Spr3d> iahfySynthlove iahfySynthlove iahfySynthlove iahfySynthlove iahfySynthlove
[2022-12-07 00:46:21] <%cats_are_cute> peepoSitHey bye bye
[2022-12-07 00:46:21] <%tobi_is_a_good_bunny> iahfySynthlove Take care everyone! Byeeeeee
[2022-12-07 00:46:22] <Soulista_> thank you, see you tomorrow
[2022-12-07 00:46:27] <3lseworld> thanks for strim happythoLove happythoLove happythoLove happythoLove
[2022-12-07 00:46:27] <@%$midnightidiot> sometimes you dont think it be like that but it do
[2022-12-07 00:46:35] <Soulista_> night degen dreams to everyone
[2022-12-07 00:46:38] <@%$midnightidiot> 23 hours
[2022-12-07 00:46:39] <%marikraften> see y'all around
[2022-12-07 00:46:42] <%Mogdash> jeffth6Wave
[2022-12-07 00:46:42] <%LazySamurai> byeee
[2022-12-07 00:46:43] <!%$janonymous> iahfySynthlove
[2022-12-07 00:46:45] <%suumcuiquesic> iahfySynthlove iahfySynthlove iahfySynthlove iahfySynthlove iahfySynthlove
[2022-12-07 00:46:47] <CoffehCat> Bye everyone!
[2022-12-07 00:46:48] <%+Stereokel> nighty all
[2022-12-07 00:46:49] <Goblinobz> bye bye
[2022-12-07 00:46:51] <%buggex> iahfySynthyay iahfySynthlove iahfySynthyay iahfySynthlove iahfySynthyay
[2022-12-07 00:46:51] <%SirGillyham> nooooooooooooo i missed the stream just got back from work iahfySynthSob iahfySynthSob iahfySynthSob iahfySynthSob
[2022-12-07 00:46:51] <3lseworld> happythoSleepy have a good one yall
[2022-12-07 00:46:53] <%LazySamurai> iahfySynthlove iahfySynthlove iahfySynthlove iahfySynthlove
[2022-12-07 00:46:56] <%CasualLeon> iahfySynthboogie iahfySynthlove iahfySynthboogie iahfySynthlove iahfySynthboogie
[2022-12-07 00:46:56] <%gilver1> bye everybody's
[2022-12-07 00:47:01] <%gilver1> iahfySynthdance iahfySynthboogie iahfySynthdance iahfySynthboogie iahfySynthdance iahfySynthboogie iahfySynthdance iahfySynthboogie iahfySynthdance iahfySynthboogie iahfySynthdance
[2022-12-07 00:47:12] <%Mogdash> iahfyFrogjam iahfySynthdance iahfySynthboogie iahfyFrogjam iahfySynthdance iahfySynthboogie
[2022-12-07 00:47:21] VIEWERS: 563
[2022-12-07 00:47:31] <@%$midnightidiot> iahfyWoof WOOFHY RAID iahfyWoof WOOFHY RAID iahfyWoof WOOFHY RAID iahfyWoof WOOFHY RAID iahfyWoof WOOFHY RAID iahfyWoof WOOFHY RAID iahfyWoof WOOFHY RAID iahfyWoof WOOFHY RAID iahfyWoof WOOFHY RAID iahfyWoof WOOFHY RAID
[2022-12-07 00:47:31] <!%$dotLAN> iahfyFrogjam iahfyFrogjam iahfyFrogjam
[2022-12-07 00:47:33] <%CasualLeon> iahfySynthboogie iahfySynthlove iahfySynthboogie iahfySynthlove iahfySynthboogie
[2022-12-07 00:47:40] <%Mogdash> iahfyWoof WOOFHY RAID  iahfyWoof   WOOFHY RAID  iahfyWoof   WOOFHY RAID  iahfyWoof   WOOFHY RAID  iahfyWoof   WOOFHY RAID  iahfyWoof   WOOFHY RAID  iahfyWoof   WOOFHY RAID  iahfyWoof   WOOFHY RAID  iahfyWoof   WOOFHY RAID  iahfyWoof   WOOFHY RAID
[2022-12-07 00:47:46] <%$MattRX> Later
[2022-12-07 00:47:50] <!%2th_> Bye iahfy!
[2022-12-07 00:47:54] <%+maximum_meatball> iahfyWoof WOOFHY RAID  iahfyWoof   WOOFHY RAID  iahfyWoof   WOOFHY RAID  iahfyWoof   WOOFHY RAID  iahfyWoof   WOOFHY RAID  iahfyWoof   WOOFHY RAID  iahfyWoof   WOOFHY RAID  iahfyWoof   WOOFHY RAID  iahfyWoof   WOOFHY RAID  iahfyWoof   WOOFHY RAID
[2022-12-07 00:48:00] <%$corpse_puppeteer> iahfyWoof  WOOFHY RAID  iahfyWoof  WOOFHY RAID  iahfyWoof  WOOFHY RAID  iahfyWoof  WOOFHY RAID  iahfyWoof  WOOFHY RAID  iahfyWoof  WOOFHY RAID  iahfyWoof  WOOFHY RAID  iahfyWoof  WOOFHY RAID  iahfyWoof  WOOFHY RAID  iahfyWoof  WOOFHY RAID
[2022-12-07 00:48:07] <@%^Nightbot> 💥 To access more emotes for chat, download the BTTV and 7TV extensions for your browser! ➡ https://betterttv.com ➡ https://7tv.app
[2022-12-07 00:48:15] <~%+IAHFY> bye everyone see you next time
[2022-12-07 00:48:22] <~%+IAHFY> Tell Astro i eepy
[2022-12-07 00:48:33] <~%+IAHFY> iahfySynthSleep
[2022-12-07 00:49:21] VIEWERS: 563
[2022-12-07 00:49:55] ~Stream offline~
[2022-12-07 00:50:11] <@%^Nightbot> ✨ Get 10% off your next GamerSupps order with my referral link https://gamersupps.gg/degen69 or use discount code degen69 at checkout. ✨
[2022-12-07 00:50:44] <%+qstar124> !discord
[2022-12-07 00:50:44] <@%^Nightbot> if you're subscribed to my channel,you can link your twitch sub to join our exclusive community discord! 💜 how to: https://support.discordapp.com/hc/en-us/articles/212112068-Twitch-Integration-FAQ 💜 Get last month's art rewards set in my art channel once you Enroll into the server!
[2022-12-07 01:07:30] Viewerstats (00:39-00:47): avg:541 min:523 max:563 [5/523+0+25+0+15_]
[2022-12-07 04:46:11] <+Kodyparbs> TGSway
[2022-12-07 22:59:13] <%TheAdamGee> PauseChamp
