# Log started: 2022-12-26 00:21:49 +0100
[2022-12-26 00:21:49] <@%^StreamElements> Thank you for following startravelerr :)
[2022-12-26 00:42:39] <@%^StreamElements> Thank you for following emiya_ashiro :)
[2022-12-26 01:32:59] <@%^StreamElements> Thank you for following MattClever12 :)
[2022-12-26 01:40:59] <@%^StreamElements> Thank you for following TobiFPS :)
[2022-12-26 03:04:18] <@%^StreamElements> Thank you for following akalivrc :)
[2022-12-26 03:40:47] <@%^StreamElements> Thank you for following lalau_do_mal :)
[2022-12-26 04:32:41] <@%^StreamElements> Thank you for following lenka_sf_24 :)
[2022-12-26 05:35:23] <@%^StreamElements> Thank you for following apemooose :)
[2022-12-26 06:03:20] <@%^StreamElements> Thank you for following BrilliantDamage :)
[2022-12-26 06:14:04] <@%^StreamElements> Thank you for following madraccoon2381 :)
[2022-12-26 07:30:02] <@%^StreamElements> Thank you for following vtly27 :)
[2022-12-26 07:56:18] <@%^StreamElements> Thank you for following betawidow :)
[2022-12-26 09:12:23] <@%^StreamElements> Thank you for following vaderson1977 :)
[2022-12-26 10:19:45] <@%^StreamElements> Thank you for following AetheriusUni :)
[2022-12-26 10:45:28] <@%^StreamElements> Thank you for following akawolzie :)
[2022-12-26 11:55:52] <@%^StreamElements> Thank you for following D14ON :)
[2022-12-26 12:10:00] <@%^StreamElements> Thank you for following Thekatangch :)
[2022-12-26 13:31:27] <@%^StreamElements> Thank you for following glub_glubplays :)
[2022-12-26 15:14:06] <@%^StreamElements> Thank you for following nezuko19088 :)
[2022-12-26 15:45:15] <@%^StreamElements> Thank you for following FlamesOfValbury :)
[2022-12-26 17:24:40] <@%^StreamElements> Thank you for following Gondirin :)
[2022-12-26 19:56:00] <@%^StreamElements> Thank you for following xSYRUSx :)
[2022-12-26 20:33:34] <@%^StreamElements> Thank you for following smopecakes :)
[2022-12-26 22:04:40] <@%^StreamElements> Thank you for following dotHaku :)
[2022-12-26 22:19:42] <@%^StreamElements> Thank you for following 0xinferno :)
[2022-12-26 23:25:01] <@%^StreamElements> Thank you for following roman_noodles3 :)
