# Log started: 2022-12-21 15:39:47 +0100
[2022-12-21 15:39:47] ~[DROPS✔️] CHILLING !GAMERSUPPS !DISCORD (Albion Online)~
[2022-12-21 15:39:47] Joining #beast1k..
[2022-12-21 15:39:48] You have joined #beast1k
[2022-12-21 15:39:48] VIEWERS: 3 757
[2022-12-21 15:40:33] <@^StreamElements> Get you sick waifu merch/cups and tasty energy drinks https://gamersupps.gg/Beast1k and support beast <3
[2022-12-21 15:41:34] VIEWERS: 4 113
[2022-12-21 15:41:40] <xamtan> you have no clue how many times ive had tunnel vision in the gym with this song
[2022-12-21 15:42:49] <@^StreamElements> appreciate the follow DabMasster
[2022-12-21 15:42:59] <+DabMasster> name of the song?
[2022-12-21 15:43:02] <+DabMasster> hi
[2022-12-21 15:43:10] <~%Beast1k> https://www.youtube.com/watch?v=_RxNTaVlT-E
[2022-12-21 15:43:18] <+DabMasster> thnx
[2022-12-21 15:43:34] VIEWERS: 4 113
[2022-12-21 15:43:47] <@%solisolli> I did sleep. just having bad sleep since I'm sick
[2022-12-21 15:44:57] [Points] addictedtocake redeemed RAGE CAM (3 000)
[2022-12-21 15:45:04] <@^StreamElements> appreciate the follow frvvnciscx
[2022-12-21 15:45:34] VIEWERS: 3 769
[2022-12-21 15:45:53] [Points] funnyrock2005 redeemed FLEX (20 000) [happy new year]
[2022-12-21 15:46:28] <@^StreamElements> appreciate the follow neunmalelf
[2022-12-21 15:46:57] <GladiolyzPie> F
[2022-12-21 15:47:02] <+DabMasster> wut
[2022-12-21 15:47:12] <+DabMasster> what happened
[2022-12-21 15:47:14] <+DabMasster> hellooo
[2022-12-21 15:47:19] <choposama> f
[2022-12-21 15:47:30] <~%Beast1k> f
[2022-12-21 15:47:31] <kevin_recuva> hijoo de re mil puuut
[2022-12-21 15:47:35] VIEWERS: 3 769
[2022-12-21 15:47:43] BAN: kevin_recuva (600s)
[2022-12-21 15:48:12] ~Stream offline~
[2022-12-21 16:11:43] Viewerstats (15:41-15:45): avg:3 998 min:3 769 max:4 113 [3/4 113+0−344_]
[2022-12-21 16:45:44] [Usernotice] The raid has been canceled.
[2022-12-21 16:52:33] <+maccari_> !drop
[2022-12-21 21:26:35] <@^StreamElements> appreciate the follow romeo9845
