# Log started: 2022-12-29 00:00:24 +0100
[2022-12-29 00:00:24] <@^Nightbot> Lok’tar! No more lag in Orgrimmar with Kingston FURY --> https://link.method.gg/fragnance-kingston-fury-renegadenvme
[2022-12-29 00:00:48] VIEWERS: 798
[2022-12-29 00:01:18] <@^Nightbot> Certified by Discord & Teamspeak, the HyperX QuadCast S has a built-in Pop Filter and features an anti-vibration shock mount. Communicate effectively with your Guild & Raid Groups using a Microphone trusted by Thousands --> https://link.method.gg/fragnance-hyperx-qcs
[2022-12-29 00:02:16] <@^Nightbot> BRAND NEW Method merchandise! Check out the collection --> https://link.method.gg/fragnance-shop
[2022-12-29 00:02:48] VIEWERS: 798
[2022-12-29 00:03:10] <@^Nightbot> Method class and boss guides are now available for patch 9.2.5, including recommended talents, covenants, tier sets and more --> https://link.method.gg/fragnance-guides
[2022-12-29 00:03:26] <%jimmwayne> jmy on wl is strong
[2022-12-29 00:03:27] <@^Moobot> Use your twitchprime to get the subperks for free SeemsGood
[2022-12-29 00:04:12] <%jordanking95> hey jimy will u compete in the MDI ?
[2022-12-29 00:04:37] [Notification] Danzowzlol subscribed with Prime.
[2022-12-29 00:04:37] <@^Moobot> THANK YOU FOR SUBBING, Danzowzlol! AND WELCOME TO THE HOOD HOMEE ;j NaM PogChamp fraggyHYPERS fraggyLOVE SourPls NaM PogChamp fraggyLOVE fraggyHYPERS SourPls PepePls ;j
[2022-12-29 00:04:48] VIEWERS: 766
[2022-12-29 00:06:48] VIEWERS: 766
[2022-12-29 00:07:00] <%iMarius> We defeating gingi??
[2022-12-29 00:07:14] <%erabohmer> missed kill while driving
[2022-12-29 00:07:14] <%iMarius> Mike going down?
[2022-12-29 00:07:14] <%erabohmer> gz ser
[2022-12-29 00:07:19] <@%Ashlinex> you really dont want to spend time with your lovely mod in a quick 19 sbg
[2022-12-29 00:07:30] <flawlesslykun> y it's decent enought
[2022-12-29 00:07:34] <flawlesslykun> watched it 2 days ago
[2022-12-29 00:07:45] <!%Guukkii> j
[2022-12-29 00:07:45] <!%Guukkii> m
[2022-12-29 00:07:46] <!%Guukkii> y
[2022-12-29 00:07:51] <%+ace50> gn jmy
[2022-12-29 00:07:58] <!%Guukkii> var e din felblade?
[2022-12-29 00:07:59] <!%Guukkii> hmm'
[2022-12-29 00:08:04] <@%Ashlinex> man dont get paid for doing mod stuff not even in keys nowadays
[2022-12-29 00:08:09] <@%Ashlinex> never lucky
[2022-12-29 00:08:18] <!%Guukkii> huh
[2022-12-29 00:08:32] <@%Ashlinex> bro I am hardstuck now
[2022-12-29 00:08:48] <@%Ashlinex> need a guild or something smh
[2022-12-29 00:08:48] VIEWERS: 766
[2022-12-29 00:08:50] <!%Guukkii> monkaHmm
[2022-12-29 00:09:03] <!%Gemsplitter> monkaHmm nice chat blocker
[2022-12-29 00:09:03] <@%Ashlinex> have a good night
[2022-12-29 00:09:10] <~%Fragnance> u2 bbygurl
[2022-12-29 00:09:10] <%+Vanishiny> gn jmy :)
[2022-12-29 00:09:13] <xkillergod> gm jimmy ty for streaming
[2022-12-29 00:09:13] <%AJbgodx> anywayers
[2022-12-29 00:09:15] <!%Gemsplitter> gn
[2022-12-29 00:09:19] <%+ace50> @Gemsplitter giant duck xd
[2022-12-29 00:09:49] <!%Gemsplitter> YEP
[2022-12-29 00:10:48] VIEWERS: 766
[2022-12-29 00:11:23] ~Stream offline~
[2022-12-29 00:14:48] Viewerstats (23:46-00:08): avg:813 min:766 max:891 [12/863+28+0−63+0−46+0+16+0−32+0+0_]
[2022-12-29 00:22:06] <%+devilbride> gn8 <3
[2022-12-29 02:37:15] [Notification] rapidashee subscribed with Prime.
[2022-12-29 02:37:16] <@^Moobot> THANK YOU FOR SUBBING, rapidashee! AND WELCOME TO THE HOOD HOMEE ;j NaM PogChamp fraggyHYPERS fraggyLOVE SourPls NaM PogChamp fraggyLOVE fraggyHYPERS SourPls PepePls ;j
[2022-12-29 03:45:47] <%+idlhejmeddig> !armory
[2022-12-29 03:45:47] <@^Nightbot> https://worldofwarcraft.com/en-gb/character/eu/twisting-nether/Jimbones
[2022-12-29 05:33:33] <krystehltv> d
[2022-12-29 05:33:58] [Notification] krystehltv subscribed at Tier 1.
[2022-12-29 05:33:58] <@^Moobot> THANK YOU FOR SUBBING, krystehltv! AND WELCOME TO THE HOOD HOMEE ;j NaM PogChamp fraggyHYPERS fraggyLOVE SourPls NaM PogChamp fraggyLOVE fraggyHYPERS SourPls PepePls ;j
[2022-12-29 05:34:16] <%krystehltv> !ui
[2022-12-29 05:34:16] <@^Nightbot> Sub perks. Type !discord for more information
[2022-12-29 05:34:20] <%krystehltv> !discord
[2022-12-29 05:34:21] <@^Moobot> @krystehltv @krystehltv Join the community :)) . https://discord.gg/fragnance , For subs, Discord > User Settings > Connections > Connect Twitch and join "The Hood". Server syncs with new twitch accounts within an hour. Be sure to read #Welcome
[2022-12-29 05:35:08] <@^Nightbot> Certified by Discord & Teamspeak, the HyperX QuadCast S has a built-in Pop Filter and features an anti-vibration shock mount. Communicate effectively with your Guild & Raid Groups using a Microphone trusted by Thousands --> https://link.method.gg/fragnance-hyperx-qcs
[2022-12-29 06:20:01] <+xFoohy> !armory
[2022-12-29 06:20:01] <@^Nightbot> https://worldofwarcraft.com/en-gb/character/eu/twisting-nether/Jimbones
[2022-12-29 08:11:00] <TwentySixO> !armory
[2022-12-29 08:11:00] <@^Nightbot> https://worldofwarcraft.com/en-gb/character/eu/twisting-nether/Jimbones
[2022-12-29 11:22:03] [Notification] DoragonLuna subscribed at Tier 1.
[2022-12-29 11:22:03] <@^Moobot> THANK YOU FOR SUBBING, DoragonLuna! AND WELCOME TO THE HOOD HOMEE ;j NaM PogChamp fraggyHYPERS fraggyLOVE SourPls NaM PogChamp fraggyLOVE fraggyHYPERS SourPls PepePls ;j
[2022-12-29 13:07:44] [Notification] lulwerun subscribed at Tier 1.
[2022-12-29 13:07:45] <@^Moobot> THANK YOU FOR SUBBING, lulwerun! AND WELCOME TO THE HOOD HOMEE ;j NaM PogChamp fraggyHYPERS fraggyLOVE SourPls NaM PogChamp fraggyLOVE fraggyHYPERS SourPls PepePls ;j
[2022-12-29 13:08:08] <%lulwerun> !discord
[2022-12-29 13:08:08] <@^Moobot> @lulwerun @lulwerun Join the community :)) . https://discord.gg/fragnance , For subs, Discord > User Settings > Connections > Connect Twitch and join "The Hood". Server syncs with new twitch accounts within an hour. Be sure to read #Welcome
[2022-12-29 13:28:05] <geraltSs> !nameplates
[2022-12-29 16:01:05] <%+kallehlol> !talents
[2022-12-29 16:01:05] <@^Nightbot> https://media.discordapp.net/attachments/626873652394328084/1041147070100291674/image.png?width=932&height=467 , shorturl.at/efgxZ cleave dot build
[2022-12-29 16:08:30] <%+wTFologie> !spec
[2022-12-29 17:29:19] <%+wTFologie> !talents
[2022-12-29 17:29:19] <@^Nightbot> https://media.discordapp.net/attachments/626873652394328084/1041147070100291674/image.png?width=932&height=467 , shorturl.at/efgxZ cleave dot build
[2022-12-29 17:46:37] <%+Kerdaz> !discord
[2022-12-29 17:46:37] <@^Moobot> @Kerdaz @Kerdaz Join the community :)) . https://discord.gg/fragnance , For subs, Discord > User Settings > Connections > Connect Twitch and join "The Hood". Server syncs with new twitch accounts within an hour. Be sure to read #Welcome
[2022-12-29 17:50:11] <@^Nightbot> Lok’tar! No more lag in Orgrimmar with Kingston FURY --> https://link.method.gg/fragnance-kingston-fury-renegadenvme
[2022-12-29 20:20:31] [Notification] Nekator subscribed at Tier 1.
[2022-12-29 20:20:32] <@^Moobot> THANK YOU FOR SUBBING, Nekator! AND WELCOME TO THE HOOD HOMEE ;j NaM PogChamp fraggyHYPERS fraggyLOVE SourPls NaM PogChamp fraggyLOVE fraggyHYPERS SourPls PepePls ;j
[2022-12-29 21:20:19] [Notification] rizzywalker subscribed with Prime.
[2022-12-29 21:20:20] <@^Moobot> THANK YOU FOR SUBBING, rizzywalker! AND WELCOME TO THE HOOD HOMEE ;j NaM PogChamp fraggyHYPERS fraggyLOVE SourPls NaM PogChamp fraggyLOVE fraggyHYPERS SourPls PepePls ;j
[2022-12-29 21:47:03] <Cyanerd> !builds
[2022-12-29 21:47:07] <Cyanerd> !talents
[2022-12-29 21:47:07] <@^Nightbot> https://media.discordapp.net/attachments/626873652394328084/1041147070100291674/image.png?width=932&height=467 , shorturl.at/efgxZ cleave dot build
[2022-12-29 21:50:10] <@^Nightbot> Lok’tar! No more lag in Orgrimmar with Kingston FURY --> https://link.method.gg/fragnance-kingston-fury-renegadenvme
[2022-12-29 22:16:46] <ONETAPPEDXDD> !talents
[2022-12-29 22:16:46] <@^Nightbot> https://media.discordapp.net/attachments/626873652394328084/1041147070100291674/image.png?width=932&height=467 , shorturl.at/efgxZ cleave dot build
[2022-12-29 22:59:18] [Notification] blesssed472 subscribed at Tier 1.
[2022-12-29 22:59:18] <@^Moobot> THANK YOU FOR SUBBING, blesssed472! AND WELCOME TO THE HOOD HOMEE ;j NaM PogChamp fraggyHYPERS fraggyLOVE SourPls NaM PogChamp fraggyLOVE fraggyHYPERS SourPls PepePls ;j
