# Log started: 2022-12-15 16:58:37 +0100
[2022-12-15 16:58:37] ~Stream offline~
[2022-12-15 16:58:37] Joining #auteru..
[2022-12-15 16:58:37] You have joined #auteru
[2022-12-15 17:06:11] <@%^StreamElements> Auteru is now live! Streaming World of Warcraft: ⭐STREAMATHON DAY 10 ! M+ KEYS ALL DAY⭐!MC !discord !socials !adv !throne
[2022-12-15 17:06:17] VIEWERS: 0
[2022-12-15 17:06:17] ~⭐STREAMATHON DAY 10 ! M+ KEYS ALL DAY⭐!MC !discord !socials !adv !throne (World of Warcraft)~
[2022-12-15 17:06:33] <%$Layzay73> TeruDS
[2022-12-15 17:06:38] <%1_maikeru> nagU Live
[2022-12-15 17:07:15] <%+Latif_89> auteruWave auteruWave auteruMarch auteruTeal auteruMarch auteruTeal
[2022-12-15 17:08:22] VIEWERS: 11
[2022-12-15 17:08:22] ~⭐STREAMATHON DAY 11 ! M+ KEYS ALL DAY⭐!MC !discord !socials !adv !throne (World of Warcraft)~
[2022-12-15 17:08:26] <%Ercburger> auteruMarch auteruTeal
[2022-12-15 17:10:18] <~%Auteru> I GO ZOOM ZOOM MAKECOFFEE
[2022-12-15 17:10:22] VIEWERS: 11
[2022-12-15 17:10:29] <@%^StreamElements> Remember to save and stay hydrated @Auteru ^_^
[2022-12-15 17:11:29] <%RelaxinKarma> teruuuuuuu auteruChirplingSit
[2022-12-15 17:12:22] VIEWERS: 23
[2022-12-15 17:14:22] <%$ForzeVT> HELLO TERU
[2022-12-15 17:14:22] VIEWERS: 45
[2022-12-15 17:16:24] VIEWERS: 45
[2022-12-15 17:16:28] <@%^StreamElements> If you like this comfy stream please don't forget to hit that Follow button! ♥ auteruComfy
[2022-12-15 17:17:13] <%1_maikeru> nagCheck Streamer
[2022-12-15 17:17:58] <%$Layzay73> @1_maikeru artyblueShrug maybe coffee machine broke again
[2022-12-15 17:18:27] VIEWERS: 65
[2022-12-15 17:18:31] <%$ForzeVT> HELLO HECCER
[2022-12-15 17:18:45] <%1_maikeru> peepoHey Teru
[2022-12-15 17:18:48] <%$Layzay73> @Auteru LIES geegaRiot
[2022-12-15 17:19:27] <%1_maikeru> W meiyaWispOMEGALUL W
[2022-12-15 17:19:36] <%ZerephTheFirst> Zerhabaaa Teruuuu
[2022-12-15 17:20:24] <%1_maikeru> nagHmm Ren set a raid for today, didn't he Teru?
[2022-12-15 17:20:27] VIEWERS: 65
[2022-12-15 17:20:35] [Usernotice] ForzeVT is gifting 2 Tier 1 Subs to Auteru's community! They've gifted a total of 14 in the channel!
[2022-12-15 17:20:36] [Notification] ForzeVT gifted a Tier 1 sub to Rugludallur! Rugludallur has subscribed for 3 months!
[2022-12-15 17:20:36] [Notification] ForzeVT gifted a Tier 1 sub to YukiZenVT! YukiZenVT has subscribed for 3 months!
[2022-12-15 17:20:39] <%ForzeVT> Nice number hehehehe
[2022-12-15 17:20:54] <%1_maikeru> meiyaMonka 666
[2022-12-15 17:20:59] <%Rugludallur> thanks for the gift sub auteruLove auteruLove auteruLove
[2022-12-15 17:21:02] <%ForzeVT> WAIT
[2022-12-15 17:21:05] <%ForzeVT> WHAT LANGUAGE
[2022-12-15 17:21:14] <%DolanDoggo> ALOO MS TERU rennieBLANKIES auteruDance
[2022-12-15 17:21:19] <%richabus2> Hello Auteru!
[2022-12-15 17:21:30] <%ForzeVT> Oh, just do it HAHA
[2022-12-15 17:21:30] <%Rugludallur> auteruMarch auteruTeal auteruMarch auteruTeal auteruMarch auteruTeal
[2022-12-15 17:21:39] <%ForzeVT> Just go, Arigato
[2022-12-15 17:21:40] <%DolanDoggo> just doing one more mythic+ before I slep kek
[2022-12-15 17:22:27] VIEWERS: 80
[2022-12-15 17:22:33] <%ForzeVT> KEKW THANK
[2022-12-15 17:22:44] <%ForzeVT> YES NICE NUMBER
[2022-12-15 17:22:46] <shinotenshi74> hello auteru how has ur day been
[2022-12-15 17:23:15] <%ForzeVT> How's the WOW experience so far?
[2022-12-15 17:23:25] <%richabus2> okay
[2022-12-15 17:23:34] <%ForzeVT> I'm dying, end term grading now...
[2022-12-15 17:23:55] <%1_maikeru> I've got more gear from world quests than M+
[2022-12-15 17:24:00] <%richabus2> auteruMarch auteruTeal
[2022-12-15 17:24:20] <%+stuntman_five> Hello everyone, hope you all are having a nice day today!
[2022-12-15 17:24:27] VIEWERS: 80
[2022-12-15 17:24:27] <%ForzeVT> Oh that tweet
[2022-12-15 17:24:52] <%1_maikeru> NODDERS
[2022-12-15 17:25:07] <%ForzeVT> You mean like "My christmas date got rejected?" kind of thing?
[2022-12-15 17:25:28] <@%^StreamElements> Remember to save and stay hydrated @Auteru ^_^
[2022-12-15 17:25:35] <%+stuntman_five> No idea what is going on, but hello birb heccer
[2022-12-15 17:25:50] <%ForzeVT> Sadge NotLikeThis
[2022-12-15 17:25:57] <%+stuntman_five> 👍
[2022-12-15 17:26:02] <%richabus2> Like I dropped out of Music Theory last week but I'm still studying my major Sociology
[2022-12-15 17:26:14] <@%+Xp3fr> @Auteru
[2022-12-15 17:26:27] VIEWERS: 96
[2022-12-15 17:26:40] <@%RenAdra> VIBE OR DIE
[2022-12-15 17:26:45] <@%LittleGibble> @auteru my toy of my childhood got burned today auteruCry
[2022-12-15 17:26:50] <%ForzeVT> LMAO
[2022-12-15 17:26:52] <@%+Xp3fr> AuTeRu
[2022-12-15 17:27:06] <@%+Xp3fr> atamDabu
[2022-12-15 17:27:14] <@%RenAdra> my gibble got burnt today
[2022-12-15 17:27:14] <@%RenAdra> :c
[2022-12-15 17:27:16] <%ReldethTheSummoner> Hey Teru natsukoWave
[2022-12-15 17:27:16] <%richabus2> haha thanks Teru
[2022-12-15 17:27:17] <%CozmoxJC> BirdgeArrive
[2022-12-15 17:27:17] <@%+Xp3fr> /ban auteru
[2022-12-15 17:27:27] <%CozmoxJC> BirdgeLeave
[2022-12-15 17:27:35] <%ForzeVT> It's fun to read about!
[2022-12-15 17:27:55] <%ReldethTheSummoner> no what tool nagHmm
[2022-12-15 17:28:09] <@%LittleGibble> i clicked on it.... but i was asleep so idk what i saw auteruDerp
[2022-12-15 17:28:12] <%ReldethTheSummoner> peepoGiggles
[2022-12-15 17:28:17] <%richabus2> I'm actually doing the study of society,not exclusively psychology,but there's a bit of that in there
[2022-12-15 17:28:27] VIEWERS: 96
[2022-12-15 17:28:29] <~%Auteru> https://autoclip.fugi.tech
[2022-12-15 17:28:38] <%khajimahal> Hmm
[2022-12-15 17:28:46] <%ForzeVT> holy this is so useful
[2022-12-15 17:29:00] <@%+Xp3fr> wait wait what is that ?
[2022-12-15 17:29:12] <redddrobin> BirdgeArrive
[2022-12-15 17:29:12] <%ForzeVT> Thanks teru, marry christmas ;w;
[2022-12-15 17:29:13] <%richabus2> auteruDance
[2022-12-15 17:29:18] <@%+Xp3fr> !so @redddrobin
[2022-12-15 17:29:19] <@%^StreamElements> Check out @redddrobin, they last played Just Chatting at https://twitch.tv/redddrobin
[2022-12-15 17:29:26] <@%+Xp3fr> teru
[2022-12-15 17:29:31] <@%RenAdra> high voice? so the whole thing is highligthed?
[2022-12-15 17:29:37] <%CozmoxJC> auteruWheeze
[2022-12-15 17:29:38] <%ForzeVT> OK I BAN MYSELF
[2022-12-15 17:29:44] <@%+Xp3fr> DID YOU KNOW ADEITING SOFTWARE HAVE SOUND STUFF ALREADY
[2022-12-15 17:29:45] <!%godhydren> flashbacks to last year
[2022-12-15 17:29:56] <@%+Xp3fr> editing*
[2022-12-15 17:29:57] <%richabus2> Happy holidays?
[2022-12-15 17:29:58] <%homiesinthecar> honestly I love your beautiful voice and your so cute that you make my day spider50Love spider50Love spider50Love spider50Love spider50Love
[2022-12-15 17:30:11] <%ForzeVT> "They detect the streamer's high voice as high moments" That's teru every few seconds
[2022-12-15 17:30:11] <@%RenAdra> i dont know xD
[2022-12-15 17:30:13] <@%RenAdra> i havent asked em bae
[2022-12-15 17:30:25] <@%RenAdra> YOU ARE THE ONE WANTING TO DO MYTHICS BAE
[2022-12-15 17:30:27] <!%godhydren> im rdy when you guys are
[2022-12-15 17:30:27] Viewerstats (17:06-17:30): avg:57 min:0 max:125 [13/_0+11+0+12+22+0+20+0+15+0+16+0+29]
[2022-12-15 17:30:27] VIEWERS: 125
[2022-12-15 17:30:28] <@%RenAdra> WHY ARE U NOT ASKING LMAO
[2022-12-15 17:30:35] <%ForzeVT> KEKW
[2022-12-15 17:30:37] <%ReldethTheSummoner> @Xp3fr lanfearThink
[2022-12-15 17:30:40] <@%+Xp3fr> let me open it , take screen and show you
[2022-12-15 17:30:43] <@%RenAdra> i mean ofc we do
[2022-12-15 17:30:53] <!%godhydren> we dont need mythics tbh we  got okey gear for raids
[2022-12-15 17:30:58] <!%godhydren> its just fun
[2022-12-15 17:30:58] <@%^StreamElements> The Chirp Tree House is partnered by Advanced .gg!! https://advanced.gg/?ref=Auteru USE CODE: CHIRP / For 10% Discount! https://advanced.gg/collections/starter-kits/products/auteru-starter-kit
[2022-12-15 17:31:12] <%homiesinthecar> how is my cute pog champ doing auteruLove auteruLove auteruLove
[2022-12-15 17:31:19] <@%+Xp3fr> wait 1min i take screen
[2022-12-15 17:31:40] <%jimbiann> peepoHey hjello everybody
[2022-12-15 17:31:46] <@%+Xp3fr> you are confusing me
[2022-12-15 17:31:50] <@%+Xp3fr> 🍃
[2022-12-15 17:31:56] <@%+Xp3fr> majike1Leave
[2022-12-15 17:32:22] <%ForzeVT> YOU WERE THE ONE THAT MSG ME WTF
[2022-12-15 17:32:26] <@%LittleGibble> can you block and ban me?
[2022-12-15 17:32:27] VIEWERS: 125
[2022-12-15 17:32:35] <%ForzeVT> Its ok I ban myself
[2022-12-15 17:32:39] <@%LittleGibble> yes please
[2022-12-15 17:32:42] <@%LittleGibble> i can be free
[2022-12-15 17:33:12] <@%LittleGibble> BirdgeLeave
[2022-12-15 17:33:49] <%ReldethTheSummoner> the golf ones wernt to bad, the Kana one thouigh auteruNotLikeThis
[2022-12-15 17:33:56] <%homiesinthecar> do you need a hug and I sent you a big hug auteruComfy auteruComfy auteruComfy
[2022-12-15 17:33:57] <%justagummi> auteruZoom auteruWheeze auteruPat
[2022-12-15 17:34:20] <%justagummi> Hi Teru auteruPat auteruHug
[2022-12-15 17:34:26] <@%RenAdra> WAT
[2022-12-15 17:34:27] VIEWERS: 139
[2022-12-15 17:34:39] <%justagummi> I'm ok ty for asking how u?
[2022-12-15 17:34:49] <@%RenAdra> sure i can hop on till others come :3
[2022-12-15 17:34:56] <AkaiTsukii_> heeloo
[2022-12-15 17:35:22] <@%+Xp3fr> I LOST nagGasm I LOST nagGasm I LOST nagGasm I LOST nagGasm I LOST nagGasm I LOST nagGasm I LOST nagGasm I LOST nagGasm I LOST nagGasm
[2022-12-15 17:35:28] <%ForzeVT> Have fun with your raids!
[2022-12-15 17:35:34] <AkaiTsukii_> I didnt teach nobody
[2022-12-15 17:35:42] <%ForzeVT> !lurk
[2022-12-15 17:35:42] <@%^StreamElements>* ForzeVT OwO whats this ? Senpai Auteru  notices your lurk!
[2022-12-15 17:35:44] <AkaiTsukii_> >:(
[2022-12-15 17:35:48] <%RelaxinKarma> ellu teruuu
[2022-12-15 17:36:00] <AkaiTsukii_> Teru tells lies
[2022-12-15 17:36:27] VIEWERS: 139
[2022-12-15 17:36:30] <%justagummi> pretty trees
[2022-12-15 17:36:31] <%jimbiann> 371
[2022-12-15 17:36:51] <@%+Xp3fr> i am looking at that fugi thing , there is nothing related to sound annThink i wanna learn , i wanna know , i will need lessons maybe i am missing something
[2022-12-15 17:36:59] <%justagummi> I wonder what this game would look like in unreal engine 5
[2022-12-15 17:38:06] <%justagummi> it's cool you can fly and get a dragon
[2022-12-15 17:38:27] VIEWERS: 139
[2022-12-15 17:38:46] <%SlowNomNom> auteruSlipper
[2022-12-15 17:39:34] <%ReldethTheSummoner> you tell her Rene lanfearGiggle
[2022-12-15 17:39:42] <!%godhydren> bro tip you can click on the option then it shows all option instead of clicking left and right
[2022-12-15 17:39:43] <%richabus2> Rene!
[2022-12-15 17:40:27] VIEWERS: 139
[2022-12-15 17:40:28] <@%^StreamElements> Remember to save and stay hydrated @Auteru ^_^
[2022-12-15 17:42:19] <%ReldethTheSummoner> Carried by Rene GIGACHAD
[2022-12-15 17:42:27] VIEWERS: 142
[2022-12-15 17:43:28] <!%godhydren> its bugged me and my friends kiled it 2 times before it counted
[2022-12-15 17:43:36] <%creasedfive2> Hi auteru! hope you're having a good day today! auteruLove
[2022-12-15 17:44:27] VIEWERS: 142
[2022-12-15 17:46:27] VIEWERS: 144
[2022-12-15 17:46:29] <@%^StreamElements> If you like this comfy stream please don't forget to hit that Follow button! ♥ auteruComfy
[2022-12-15 17:47:57] <%SnekyEXE> what is the fastest way to level? the main story of just going out and questing?
[2022-12-15 17:48:26] <%SnekyEXE> dare I don't like the main story
[2022-12-15 17:48:27] VIEWERS: 144
[2022-12-15 17:48:39] <%SnekyEXE> I have been sick for 5 days
[2022-12-15 17:48:58] <%SnekyEXE> my parents are still sick too
[2022-12-15 17:49:49] <%SnekyEXE> thanks but my parents (who got me sick) have been sick for a week
[2022-12-15 17:49:56] <%SnekyEXE> also get that guy
[2022-12-15 17:50:27] VIEWERS: 144
[2022-12-15 17:51:57] <Vex1702> Oh nyo. Teru reached the infamous WoW addiction phase NotLikeThis
[2022-12-15 17:52:27] VIEWERS: 144
[2022-12-15 17:53:21] <Vex1702> Oh Teru picked the demon hunter class?
[2022-12-15 17:54:12] <Vex1702> Ah an iliadin roleplayer i see
[2022-12-15 17:54:14] <Vex1702> Kappa
[2022-12-15 17:54:27] VIEWERS: 144
[2022-12-15 17:55:29] <@%^StreamElements> Remember to save and stay hydrated @Auteru ^_^
[2022-12-15 17:56:27] VIEWERS: 147
[2022-12-15 17:57:32] <%justagummi> wut
[2022-12-15 17:57:34] <%$kukzie> nagWeird
[2022-12-15 17:57:35] <%jimbiann> auteruSip hm
[2022-12-15 17:57:36] <Port503> Hey Teru and Chat
[2022-12-15 17:57:43] <AkaiTsukii_> Waffle stomping?
[2022-12-15 17:58:00] <AkaiTsukii_> 🤮
[2022-12-15 17:58:08] <%SnekyEXE> ... is that like that twitter picture where you GRAB the turd and toss it in the toliet?
[2022-12-15 17:58:09] <%justagummi> disgusting
[2022-12-15 17:58:15] <%$kukzie> Whenever I come into chat you are always talking either about poop or feet nagO
[2022-12-15 17:58:26] <%SnekyEXE> -n-
[2022-12-15 17:58:27] VIEWERS: 147
[2022-12-15 17:58:41] <%creasedfive2> Americans started it, then it came here... JUST USE THE TOILET AFTER YOU SHOWER IS WHAT is SAY! auteruREEE auteruREEE auteruREEE auteruREEE
[2022-12-15 17:59:06] <AkaiTsukii_> No you use the toilet before you shower
[2022-12-15 17:59:10] <%SnekyEXE> no the HECK we did NOT
[2022-12-15 17:59:15] <%justagummi> that is so gross
[2022-12-15 17:59:23] <%SnekyEXE> toilet while waiting for the water to warm up
[2022-12-15 17:59:42] <%creasedfive2> @SnekyEXE If it wasn't the americans then I blame the french!!!
[2022-12-15 17:59:51] <AkaiTsukii_> You have to wait for your water to warm up in your shower?
[2022-12-15 17:59:58] <@%^StreamElements> The Chirp Tree House is partnered by Advanced .gg!! https://advanced.gg/?ref=Auteru USE CODE: CHIRP / For 10% Discount! https://advanced.gg/collections/starter-kits/products/auteru-starter-kit
[2022-12-15 18:00:00] <@%+Xp3fr> ?
[2022-12-15 18:00:03] <%SnekyEXE> in the winter yes
[2022-12-15 18:00:13] <%justagummi> I think it's just individual people doing this
[2022-12-15 18:00:16] <%SnekyEXE> it takes like... 30ish seconds
[2022-12-15 18:00:27] Viewerstats (17:32-18:00): avg:141 min:125 max:147 [15/125+14+0+0+0+3+0+2+0+0+0+0+3+0+0]
[2022-12-15 18:00:27] VIEWERS: 147
[2022-12-15 18:00:43] <@%+Xp3fr> auteru ask me boss
[2022-12-15 18:01:19] <@%+Xp3fr> no
[2022-12-15 18:01:22] <@%+Xp3fr> who said that
[2022-12-15 18:01:33] <@%+Xp3fr> WHO THE HECK SAID THAT
[2022-12-15 18:01:38] <@%+Xp3fr> IS IT MLAVIS AGAIN ?
[2022-12-15 18:01:45] <%justagummi> i feel like Xps about to go on the warpath
[2022-12-15 18:02:27] VIEWERS: 147
[2022-12-15 18:02:36] <%$kukzie> Considering it includes waffles I suspect the belgians nagHmm
[2022-12-15 18:03:28] <%$kukzie> Which basically are discount French people - no offense Xp shanak1Salute
[2022-12-15 18:03:35] <AkaiTsukii_> The first result on google say Belgians
[2022-12-15 18:04:00] <%$kukzie> KEKW
[2022-12-15 18:04:06] <@%+Xp3fr> no no no
[2022-12-15 18:04:12] <@%+Xp3fr> no one do this
[2022-12-15 18:04:15] <@%+Xp3fr> THEY DON T
[2022-12-15 18:04:24] <@%+Xp3fr> I LIVE AT 5MIN FROM THE BORDER
[2022-12-15 18:04:27] VIEWERS: 152
[2022-12-15 18:04:30] <AkaiTsukii_> The wafflestomp derives its name from the Belgians, who were the first to practice 'the stomp' in the mid-18th century, and involves the pressing of one's excrement down the drain of one's shower, or la douche as the French affectionately call it
[2022-12-15 18:04:49] <@%+Xp3fr> ppl who introduced that in your mind are trollers
[2022-12-15 18:04:54] <%justagummi> it's just individual people all over the world doing gross stuff teru
[2022-12-15 18:05:04] <@%+Xp3fr> @AkaiTsukii_ fake 100%
[2022-12-15 18:05:22] DELETED: AkaiTsukii_ (The wafflestomp derives its name from the Belgians, who were the first to practice 'the stomp' in the mid-18th century, and involves the pressing of one's excrement down the drain of one's shower, or la douche as the French affectionately call it)
[2022-12-15 18:05:30] <!%mfnoah> wait she has interrupts?
[2022-12-15 18:05:34] <@%+Xp3fr> i can t let this kind of stuff be in chat
[2022-12-15 18:05:59] <%justagummi> hi Noah auteruPat
[2022-12-15 18:06:12] <@%+Xp3fr> it is 100% disgusting and finding origines is stupid
[2022-12-15 18:06:14] <@%+Xp3fr> IT IS NOT
[2022-12-15 18:06:16] <@%+Xp3fr> TERU WTF
[2022-12-15 18:06:23] <@%+Xp3fr> !so @mfnoah
[2022-12-15 18:06:24] <@%^StreamElements> Check out @mfnoah, they last played The Dark Pictures Anthology: The Devil in Me at https://twitch.tv/mfnoah
[2022-12-15 18:06:27] VIEWERS: 154
[2022-12-15 18:06:28] <!%mfnoah> sup yall
[2022-12-15 18:07:12] <%justagummi> I'm almost always tired aswell
[2022-12-15 18:07:33] <%justagummi> go to bed Rene ryuzak27Pat
[2022-12-15 18:07:39] <@%+Xp3fr> teru , pls , listen to my voice , it is not a french thing , it is not a belgian thing , it is a stupid people idea ! i can tell you , i live at 5min from belgium and it is not their idea it is a no one idea
[2022-12-15 18:07:42] <%$kukzie> Well you are a size of a 12 year old boy... in multiple ways KEKW
[2022-12-15 18:08:05] <%justagummi> facts Xp
[2022-12-15 18:08:10] <@%+Xp3fr> no
[2022-12-15 18:08:11] <@%+Xp3fr> NO
[2022-12-15 18:08:12] <@%+Xp3fr> NO
[2022-12-15 18:08:13] <@%+Xp3fr> NO
[2022-12-15 18:08:17] <%justagummi> the internet lies Teru
[2022-12-15 18:08:21] <AkaiTsukii_> If google says it, it must be true
[2022-12-15 18:08:23] <%$kukzie> Google spitting straight facts nagYep
[2022-12-15 18:08:25] <%jimbiann> auteru5head everything internet says is true
[2022-12-15 18:08:27] VIEWERS: 154
[2022-12-15 18:08:43] <@%+Xp3fr> i can also create a wiki saying trash ! will you gonna trust it ? because i took it from internet ?
[2022-12-15 18:08:55] <%justagummi> auteruWheeze auteruWheeze auteruWheeze
[2022-12-15 18:09:06] <AkaiTsukii_> You Really Think Someone Would Do That? Just Go On the Internet and Tell Lies
[2022-12-15 18:09:06] <@%+Xp3fr> Leave
[2022-12-15 18:09:10] <%justagummi> so the earth is flat then?
[2022-12-15 18:09:29] <%justagummi> someone on the internet did
[2022-12-15 18:09:39] <AkaiTsukii_> But did google say it?
[2022-12-15 18:09:42] <%$kukzie> @Xp3fr if enough people believe it, it becomes a fact KEKW
[2022-12-15 18:09:45] <%justagummi> auteruWheeze auteruWheeze
[2022-12-15 18:10:11] <%justagummi> jorjaLaugh auteruPat
[2022-12-15 18:10:27] VIEWERS: 154
[2022-12-15 18:10:29] <@%^StreamElements> Remember to save and stay hydrated @Auteru ^_^
[2022-12-15 18:10:35] <%justagummi> lmao!
[2022-12-15 18:11:40] <+repeat2400> You getting your birb butt kicked?
[2022-12-15 18:12:07] <%justagummi> if the earth is flat I like to believe it's held up on the backs of four elephants riding on the back of a giant turtle walking slowly through space
[2022-12-15 18:12:09] <%DolanDoggo> aight imma go out. Have to be early for work later kek. Goonaii ms teru! Goonai chat
[2022-12-15 18:12:13] <%DolanDoggo> Happy pooping everyone!
[2022-12-15 18:12:27] <%justagummi> gn Dolan auteruPat
[2022-12-15 18:12:27] VIEWERS: 154
[2022-12-15 18:12:45] <+repeat2400> No what?
[2022-12-15 18:13:05] <%creasedfive2> rikkuZoomblin rikkuZoomblin rikkuZoomblin rikkuZoomblin rikkuZoomblin rikkuZoomblin What the heck did I come back too?!
[2022-12-15 18:13:13] <%justagummi> auteruWheeze
[2022-12-15 18:14:28] VIEWERS: 158
[2022-12-15 18:15:04] <%justagummi> auteruComfy
[2022-12-15 18:16:28] VIEWERS: 158
[2022-12-15 18:16:28] <@%^StreamElements> If you like this comfy stream please don't forget to hit that Follow button! ♥ auteruComfy
[2022-12-15 18:17:24] <%creasedfive2> auteruComfy Being wrapped up in blankets is nice.
[2022-12-15 18:18:28] VIEWERS: 158
[2022-12-15 18:18:58] [Notification] Czareg subscribed at Tier 1. They've subscribed for 23 months! [7777,7777,777,7777,7777,7777 hi]
[2022-12-15 18:19:04] <%creasedfive2> Yea he needs to sleep, or he gonna be grumpy! auteruREEE auteruREEE
[2022-12-15 18:19:42] <%$Czareg> auteruPat yep
[2022-12-15 18:19:43] <%Rugludallur> auteruYeah auteruYeah auteruYeah
[2022-12-15 18:19:59] <%Rugludallur> @Auteru hydrak11Mayo hydrak11Mayo hydrak11Mayo
[2022-12-15 18:20:16] <%$Czareg> today train  tractions were broken so i was late 2hours fro work . auteruEyebrow
[2022-12-15 18:20:28] VIEWERS: 158
[2022-12-15 18:20:28] ~⭐STREAMATHON DAY 11 ! CHILDHOOD GAME⭐!MC !discord !socials !adv !throne (Crisis Core: Final Fantasy VII - Reunion)~
[2022-12-15 18:21:00] <%$ChrOwOma> what up heccs
[2022-12-15 18:21:22] <%$ChrOwOma> hecc u auteruREEE
[2022-12-15 18:22:22] <%creasedfive2> sidequest time!!! yea you should be level 30 I think.
[2022-12-15 18:22:28] VIEWERS: 158
[2022-12-15 18:22:31] <@%+Xp3fr> i mean , as a streamer , farming is not always the best option for gameplay
[2022-12-15 18:23:12] <@%+Xp3fr> but luckily this game have sidequests that can keep interest
[2022-12-15 18:23:25] <%$ChrOwOma> farming and "accidental" deaths, the two best content farms auteruWheeze
[2022-12-15 18:24:28] VIEWERS: 160
[2022-12-15 18:25:25] <%$ChrOwOma> lizard is my bestie D:<
[2022-12-15 18:25:28] <@%^StreamElements> Remember to save and stay hydrated @Auteru ^_^
[2022-12-15 18:25:32] <@%+Xp3fr> i think i got bite by a bug , i have huge painfull spot on my wirst ( or wrist or the part before the hand auteruWheeze ) and i can see 2 little points inside of it ! and it is HOOOOT ! at 1pm it wasn't here , at 2pm it was painfull
[2022-12-15 18:26:28] VIEWERS: 160
[2022-12-15 18:26:29] <@%+Xp3fr> IT IS -7 CELCIUS DURING THE DAY HERE !!! and you want me to put ice ? i am just gonne a walk auteruWheeze
[2022-12-15 18:26:43] <@%+Xp3fr> gonna*
[2022-12-15 18:26:48] <@%+Xp3fr> get a *
[2022-12-15 18:27:57] <%$ChrOwOma> I want a bird in my hand
[2022-12-15 18:28:28] VIEWERS: 158
[2022-12-15 18:28:58] <@%^StreamElements> The Chirp Tree House is partnered by Advanced .gg!! https://advanced.gg/?ref=Auteru USE CODE: CHIRP / For 10% Discount! https://advanced.gg/collections/starter-kits/products/auteru-starter-kit
[2022-12-15 18:29:37] <%bobinsson> hi heccers auteruLove
[2022-12-15 18:30:28] Viewerstats (18:02-18:30): avg:156 min:147 max:160 [15/147+5+2+0+0+0+4+0+0+0+0+2+0−2+0]
[2022-12-15 18:30:28] VIEWERS: 158
[2022-12-15 18:30:39] <%creasedfive2> I think they're trying to get to him through you, also pet da birb! auteruPat
[2022-12-15 18:31:33] <@%+Xp3fr> yo bobinson
[2022-12-15 18:32:03] <%bobinsson> AuteruVibing yo xp
[2022-12-15 18:32:28] VIEWERS: 158
[2022-12-15 18:32:41] <%bobinsson> i missed most of this game, is it going good?
[2022-12-15 18:33:13] <%bobinsson> cloud? PogChamp i wonder if it'll rain auteruSmug
[2022-12-15 18:33:15] <%Voromnis> im interested in finally having context for Gongaga
[2022-12-15 18:34:23] <+repeat2400> Now we watch as a couploe animals kick the birbs butt
[2022-12-15 18:34:28] VIEWERS: 163
[2022-12-15 18:34:28] ~⭐STREAMATHON DAY 11 ! ME? GONGAGA!⭐!MC !discord !socials !adv !throne (Crisis Core: Final Fantasy VII - Reunion)~
[2022-12-15 18:34:42] <%bobinsson> auteruWheeze auteruWheeze auteruWheeze auteruWheeze auteruWheeze
[2022-12-15 18:34:43] <PacmanGodOfAll> LUL
[2022-12-15 18:35:20] <%creasedfive2> like I said, you ment to be level 30, I think you're only level 14...
[2022-12-15 18:35:20] <+repeat2400> Chicken vs birb: Chicken wins!
[2022-12-15 18:36:09] <%creasedfive2> oh yiu're level 13... wait 13! the unlucky number! tht's why!
[2022-12-15 18:36:28] VIEWERS: 163
[2022-12-15 18:36:42] <%Voromnis> auteruZoom
[2022-12-15 18:36:43] <%creasedfive2> wait is it cloud!?
[2022-12-15 18:36:49] <%bobinsson> GONGAGA KEKW
[2022-12-15 18:37:16] <%bobinsson> PogChamp
[2022-12-15 18:37:16] <%creasedfive2> IT IS CLOUD!!!
[2022-12-15 18:37:41] <%bobinsson> yes he's very hot, we get it teru
[2022-12-15 18:37:53] <+repeat2400> Chickens!
[2022-12-15 18:38:05] <@%+Xp3fr> /ban cloud
[2022-12-15 18:38:10] <@%+Xp3fr> /ban strife
[2022-12-15 18:38:24] <%bobinsson> LuL
[2022-12-15 18:38:28] VIEWERS: 165
[2022-12-15 18:38:42] <@%+Xp3fr> /ban zac
[2022-12-15 18:38:52] <@%+Xp3fr> am gonna ban them all auteruWheeze
[2022-12-15 18:40:28] VIEWERS: 165
[2022-12-15 18:40:28] <@%^StreamElements> Remember to save and stay hydrated @Auteru ^_^
[2022-12-15 18:41:37] <PacmanGodOfAll> wow young cloud
[2022-12-15 18:41:58] <@%+Xp3fr> did you slept well last night teru ? forgot to ask , with that endurance month i am gonna check on you more than usual
[2022-12-15 18:42:11] <@%^StreamElements> Welcome to the Chirp Tree tradoc_ auteruTeal
[2022-12-15 18:42:23] <@%+Xp3fr> you may be the nurse , i am the care giver atamNod
[2022-12-15 18:42:28] VIEWERS: 165
[2022-12-15 18:42:47] <%$Layzay73> @Xp3fr POGGIES FREE BANS ?
[2022-12-15 18:43:00] <%1_maikeru> Whos that chick with the blond hair Kappa
[2022-12-15 18:43:09] <@%+Xp3fr> gonna feed that list @Layzay73 laynaHehheh
[2022-12-15 18:44:28] VIEWERS: 171
[2022-12-15 18:44:37] <%1_maikeru> Oh it's cloud. Wish it was Squall. Now thats an main character
[2022-12-15 18:45:37] <@%Meyvol> auteruWave
[2022-12-15 18:46:00] <w_chan3678> shizuWave shizuWave shizuWave
[2022-12-15 18:46:03] <%bobinsson> hi meyvol AuteruVibing
[2022-12-15 18:46:10] <%1_maikeru> I never played FF8, I just know people who like cloud dont really like Squall
[2022-12-15 18:46:28] VIEWERS: 171
[2022-12-15 18:46:29] <@%^StreamElements> If you like this comfy stream please don't forget to hit that Follow button! ♥ auteruComfy
[2022-12-15 18:46:45] <%bobinsson> squall sword is awesome, that's all i care
[2022-12-15 18:46:46] <%ReldethTheSummoner> lunartyLurk
[2022-12-15 18:46:57] <%1_maikeru> @ReldethTheSummoner  peepoHey
[2022-12-15 18:47:18] <%ReldethTheSummoner> @ReldethTheSummoner shush im hiding lunartyLurk
[2022-12-15 18:47:36] <%bobinsson> @ReldethTheSummoner peepoHey
[2022-12-15 18:48:10] BITS: 1_maikeru (100)
[2022-12-15 18:48:10] <%1_maikeru> Cheer100  peepoHey @ReldethTheSummoner why are you trying to hide
[2022-12-15 18:48:10] <@%^StreamElements> 1_maikeru just cheered 100 bits PogChamp
[2022-12-15 18:48:23] <%ReldethTheSummoner> MIKERU lanfearRee
[2022-12-15 18:48:25] <%1_maikeru> KEKW
[2022-12-15 18:48:28] VIEWERS: 169
[2022-12-15 18:48:35] <%bobinsson> KEKW
[2022-12-15 18:49:25] <%PvrplxAce79> i'm hiding under your bed too
[2022-12-15 18:49:35] <%PvrplxAce79> very dusty under here you hacks
[2022-12-15 18:49:52] <%ReldethTheSummoner> See it was working till you said something Maikeru lanfearGlare
[2022-12-15 18:50:00] <%creasedfive2> so are they taking stuff for you to use while you fight?
[2022-12-15 18:50:27] <%creasedfive2> ohhhh.
[2022-12-15 18:50:28] VIEWERS: 169
[2022-12-15 18:50:29] <%1_maikeru> nagCheck chest
[2022-12-15 18:51:28] <%bobinsson> well we know teru doesn't have any chest
[2022-12-15 18:51:43] <%1_maikeru> @ReldethTheSummoner Don't worry, she seems to be occupied with the game.
[2022-12-15 18:51:49] <%1_maikeru> S ICANT BAD
[2022-12-15 18:51:51] <%PvrplxAce79> that explains why you are such a bad driver
[2022-12-15 18:51:53] <%bobinsson> ICANT
[2022-12-15 18:52:22] <%$Czareg> auteruPotate
[2022-12-15 18:52:28] VIEWERS: 169
[2022-12-15 18:52:38] <%PvrplxAce79> auteruPotate
[2022-12-15 18:52:46] <%bobinsson> auteruPog
[2022-12-15 18:52:48] <%creasedfive2> is this main quest or side quest?
[2022-12-15 18:54:28] VIEWERS: 175
[2022-12-15 18:54:32] <%creasedfive2> You should be level 30 by this point! 20 minimum! auteruREEE Are you trying to speed run this!?
[2022-12-15 18:55:02] <%bobinsson> 🤦
[2022-12-15 18:55:28] <@%^StreamElements> Remember to save and stay hydrated @Auteru ^_^
[2022-12-15 18:55:52] <%1_maikeru> ICANT
[2022-12-15 18:56:03] <%bobinsson> rip in pieces
[2022-12-15 18:56:28] VIEWERS: 175
[2022-12-15 18:56:55] <%1_maikeru> True
[2022-12-15 18:56:59] <%bobinsson> yes you are NODDERS
[2022-12-15 18:57:32] <%1_maikeru> COPIUMTRUCK
[2022-12-15 18:57:38] <%bobinsson> sure sure auteruWheeze
[2022-12-15 18:57:45] <%bobinsson> bye teru see you tomorrow LuL
[2022-12-15 18:57:48] <%$bakacirnobaka> teru ragequitting?
[2022-12-15 18:57:50] <%creasedfive2> chocolate make the pain go away.
[2022-12-15 18:57:58] <@%^StreamElements> The Chirp Tree House is partnered by Advanced .gg!! https://advanced.gg/?ref=Auteru USE CODE: CHIRP / For 10% Discount! https://advanced.gg/collections/starter-kits/products/auteru-starter-kit
[2022-12-15 18:58:12] <%bobinsson> ICANT
[2022-12-15 18:58:12] <%justagummi> chocolate jorjaBongoJorja
[2022-12-15 18:58:28] VIEWERS: 173
[2022-12-15 18:58:38] <%bobinsson> teal is rocking CockatielDance
[2022-12-15 18:58:57] <%justagummi> auteruTeal auteruDance
[2022-12-15 19:00:30] Viewerstats (18:32-19:00): avg:168 min:158 max:175 [15/158+5+0+2+0+0+6+0−2+0+0+6+0−2+0]
[2022-12-15 19:00:30] VIEWERS: 173
[2022-12-15 19:02:03] <%1_maikeru> TEAL GIGACHAD
[2022-12-15 19:02:11] <%bobinsson> auteruWheeze auteruWheeze auteruWheeze auteruWheeze auteruWheeze auteruWheeze
[2022-12-15 19:02:16] <%bobinsson> TEAL GIGACHAD
[2022-12-15 19:02:31] VIEWERS: 173
[2022-12-15 19:03:04] <%$bakacirnobaka> choco sandwish?
[2022-12-15 19:03:15] <%bobinsson> where else would he dip his tail?
[2022-12-15 19:03:59] <%1_maikeru> So when is Teru back
[2022-12-15 19:04:32] VIEWERS: 173
[2022-12-15 19:05:04] <%justagummi> auteruWheeze auteruWheeze
[2022-12-15 19:05:08] <%bobinsson> auteruWheeze
[2022-12-15 19:05:44] <%justagummi> jorjaLaugh
[2022-12-15 19:06:33] VIEWERS: 175
[2022-12-15 19:08:33] VIEWERS: 175
[2022-12-15 19:10:28] <@%^StreamElements> Remember to save and stay hydrated @Auteru ^_^
[2022-12-15 19:10:33] VIEWERS: 177
[2022-12-15 19:11:04] <%bobinsson> choccy sandwich?
[2022-12-15 19:11:06] <@%Meyvol> My what?
[2022-12-15 19:11:33] <%bobinsson> that nutella on bread?
[2022-12-15 19:11:39] <%justagummi> chocolate sandwich sounds yummy
[2022-12-15 19:12:01] <@%Meyvol> Assuming you mean just chocolate and bread, the closest I've come is a chocolate croissant
[2022-12-15 19:12:09] <%creasedfive2> I just have butter with my nutella sanwiches.
[2022-12-15 19:12:14] <%bobinsson> oh hell yeah i love nutella, i don't have it that often tho
[2022-12-15 19:12:33] VIEWERS: 177
[2022-12-15 19:12:45] <@%Meyvol> The pain au chocolat thing
[2022-12-15 19:13:15] <%justagummi> but your eating chocolate?
[2022-12-15 19:14:27] <!%godhydren> so bread with nutella?
[2022-12-15 19:14:35] VIEWERS: 179
[2022-12-15 19:15:11] <%justagummi> so you just like chocolate on bread or is it a certain chocolate you like?
[2022-12-15 19:15:33] <@%Meyvol> I'm nit a fan of Hazlenut, so it's not for me.
[2022-12-15 19:16:13] <%ReldethTheSummoner> Almond is better NODDERS
[2022-12-15 19:16:28] <@%^StreamElements> If you like this comfy stream please don't forget to hit that Follow button! ♥ auteruComfy
[2022-12-15 19:16:36] VIEWERS: 179
[2022-12-15 19:16:54] <%ReldethTheSummoner> but the best nut, is the coconut NODDERS
[2022-12-15 19:17:49] <@%Meyvol> Make sure to put the lime in, Reldeth
[2022-12-15 19:18:37] VIEWERS: 179
[2022-12-15 19:19:14] <%$bakacirnobaka> skill issue :o
[2022-12-15 19:19:15] <@%+Xp3fr> faster than previous boss
[2022-12-15 19:19:19] <@%Meyvol> auteruSweat
[2022-12-15 19:19:19] <%creasedfive2> You should be around level 30 I think.
[2022-12-15 19:19:39] <%creasedfive2> if you were doing the sidequests as you got them.
[2022-12-15 19:20:16] <@%+Xp3fr> skill issue then
[2022-12-15 19:20:29] <%creasedfive2> Yes but how many attempts did it take them?
[2022-12-15 19:20:37] VIEWERS: 179
[2022-12-15 19:21:39] <%creasedfive2> If you think thirty is too much then I'd day go for 20, you're level 14 right?
[2022-12-15 19:22:38] VIEWERS: 177
[2022-12-15 19:24:38] VIEWERS: 177
[2022-12-15 19:25:29] <@%^StreamElements> Remember to save and stay hydrated @Auteru ^_^
[2022-12-15 19:26:38] VIEWERS: 181
[2022-12-15 19:28:38] VIEWERS: 181
[2022-12-15 19:30:38] Viewerstats (19:02-19:30): avg:177 min:173 max:181 [15/173+0+2+0+2+0+2+0+0+0−2+0+4+0+0]
[2022-12-15 19:30:38] VIEWERS: 181
[2022-12-15 19:31:32] <%creasedfive2> Chonky chocobo!!!
[2022-12-15 19:32:38] VIEWERS: 177
[2022-12-15 19:32:40] <%creasedfive2> The extra chomky chocobo! Extra thick and feather fluff!  auteruLetsgo auteruLetsgo auteruLetsgo
[2022-12-15 19:33:23] <%bobinsson> he chonky?
[2022-12-15 19:34:38] VIEWERS: 177
[2022-12-15 19:35:05] <%JanM7ammad> "conflict resolved"  LUL
[2022-12-15 19:35:31] <%JanM7ammad> of course resolved, they dead
[2022-12-15 19:35:49] [Notification] TsunderKat subscribed at Tier 1. They've subscribed for 31 months, currently on a 31 month streak! [SOLDIER doesnt mean monster!!!]
[2022-12-15 19:35:55] <%JanM7ammad> this reminds me of that song from portal
[2022-12-15 19:36:02] <%+TsunderKat> hiya
[2022-12-15 19:36:15] <%+TsunderKat> lol
[2022-12-15 19:36:23] <%+TsunderKat> sucha fangirl response
[2022-12-15 19:36:27] <%bobinsson> what Cringe
[2022-12-15 19:36:38] VIEWERS: 179
[2022-12-15 19:36:46] <%+TsunderKat> im good finals are over winter break time
[2022-12-15 19:36:56] <%JanM7ammad> oh now it says mission failed... instead of conflect resolved xD
[2022-12-15 19:36:57] <%justagummi> I have honey and peanut butter sandwiches auteruComfy
[2022-12-15 19:36:59] <%1_maikeru> KEKW
[2022-12-15 19:36:59] <%+TsunderKat> omg dead
[2022-12-15 19:37:07] <%+TsunderKat> try dodge forhead
[2022-12-15 19:37:12] <%creasedfive2> I think you need to heal auteruWheeze
[2022-12-15 19:37:19] <%Scorpi_Onion> Yo Teru! kanagoLove auteruLove
[2022-12-15 19:37:53] <%Scorpi_Onion> How are you today?
[2022-12-15 19:38:30] <%bobinsson> auteruChirplingSit not like ours tho
[2022-12-15 19:38:31] <%Scorpi_Onion> I'm doing good, thanks for asking kanagoLove How are you auteruLove
[2022-12-15 19:38:38] VIEWERS: 179
[2022-12-15 19:39:06] <%+TsunderKat> Cisnei rinminLuv rinminLuv rinminLuv
[2022-12-15 19:39:20] <%creasedfive2> Smol birb thighs auteruZoom extra cute!!! auteruLove
[2022-12-15 19:39:38] <%Scorpi_Onion> I've never played Crisis Core FF VII now that think about it, is it fun?
[2022-12-15 19:39:54] <%justagummi> auteruTeal
[2022-12-15 19:40:14] <%Scorpi_Onion> sniff the birb kanagoWoo
[2022-12-15 19:40:23] <%+TsunderKat> noooooooo
[2022-12-15 19:40:25] <%+TsunderKat> why skip
[2022-12-15 19:40:28] <@%^StreamElements> Remember to save and stay hydrated @Auteru ^_^
[2022-12-15 19:40:38] <%bobinsson> SNIFFA
[2022-12-15 19:40:38] VIEWERS: 174
[2022-12-15 19:40:41] <%Scorpi_Onion> Is it PS exclusive?
[2022-12-15 19:40:52] <%+TsunderKat> @Scorpi_Onion on steam
[2022-12-15 19:41:15] <%Scorpi_Onion> @Scorpi_Onion Oh cool kanagoWoo It goes to my wishlist then
[2022-12-15 19:41:17] <%+TsunderKat> the OG version is psp only though
[2022-12-15 19:41:23] <%Scorpi_Onion> renndogNodders
[2022-12-15 19:41:54] <%bobinsson> cute teal auteruTeal
[2022-12-15 19:42:21] <%Stereo1988> auteruZoom Gongaga!! auteruZoom
[2022-12-15 19:42:38] VIEWERS: 174
[2022-12-15 19:42:41] <%Scorpi_Onion> Cool cool! I'm definitely gonna put this in my wishlist
[2022-12-15 19:42:46] <%bobinsson> GONGAGA KEKW
[2022-12-15 19:42:50] <%+TsunderKat> oh really skip ifrit but let dumb bird play
[2022-12-15 19:43:01] <%+TsunderKat> tsunde26Angy tsunde26Angy tsunde26Angy
[2022-12-15 19:43:29] <%Stereo1988> Had to start over cause i messed up getting lucky pot lol
[2022-12-15 19:44:38] VIEWERS: 174
[2022-12-15 19:45:11] <%+TsunderKat> steam version?
[2022-12-15 19:45:23] <%+TsunderKat> no i fell invigorated after ashower
[2022-12-15 19:45:30] <%bobinsson> not rly, but i do feel sleepy after lunch
[2022-12-15 19:45:33] <%creasedfive2> Yea that happens, the the loss of warmth that makes you feel sleepy.
[2022-12-15 19:45:35] <@%+Xp3fr> some does
[2022-12-15 19:45:43] <@%+Xp3fr> because you take them hot
[2022-12-15 19:45:54] <@%+Xp3fr> feeling hot help sleeping
[2022-12-15 19:45:56] <%creasedfive2> birb dance!!!
[2022-12-15 19:45:58] <%bobinsson> auteruTeal
[2022-12-15 19:46:13] <%+TsunderKat> ever take an ice shower
[2022-12-15 19:46:19] <%bobinsson> i like mine scalding
[2022-12-15 19:46:28] <%Scorpi_Onion> @Xp3fr Hello Xp kanagoLove kanagoSalute
[2022-12-15 19:46:28] <@%^StreamElements> If you like this comfy stream please don't forget to hit that Follow button! ♥ auteruComfy
[2022-12-15 19:46:31] <%+TsunderKat> it feel so good after
[2022-12-15 19:46:38] VIEWERS: 174
[2022-12-15 19:46:43] <@%+Xp3fr> hello again scorpi
[2022-12-15 19:46:55] <%justagummi> same Kat hot showers are great
[2022-12-15 19:46:58] <@%+Xp3fr> ( sorry i am playing a bit lurking on streams )
[2022-12-15 19:47:08] <%bobinsson> if i want a cold shower i first take a hot one and then make it room temperature cuz it'll feel cold without being cold
[2022-12-15 19:47:15] <%Scorpi_Onion> @Xp3fr wishyvWAVE
[2022-12-15 19:48:13] <%+TsunderKat> which ver is this
[2022-12-15 19:48:13] <!%mfnoah> conflict resolved
[2022-12-15 19:48:38] VIEWERS: 180
[2022-12-15 19:48:50] <%+TsunderKat> whoes the blonde nerd
[2022-12-15 19:49:06] <%bobinsson> ha ha nerd
[2022-12-15 19:49:07] <%1_maikeru> KEKW
[2022-12-15 19:49:13] <%+TsunderKat> more like head in the clouds
[2022-12-15 19:49:16] <@%+Xp3fr> BLOND NERD
[2022-12-15 19:49:17] <%Voromnis> he do be a nerdy boi
[2022-12-15 19:49:22] <!%mfnoah> wow look its tidus
[2022-12-15 19:49:27] <%creasedfive2> small twink cloud is cute. auteruLove
[2022-12-15 19:49:32] <%justagummi> @tsunderkat ah apologies Kat didn't see you say ice shower thought you were talking bout hot showers I don't like cold showers as it makes me feel like I'm drowning
[2022-12-15 19:49:37] <!%mfnoah> LOL
[2022-12-15 19:49:48] <%+TsunderKat> @justagummi lol no worries
[2022-12-15 19:49:52] <%creasedfive2> @mfnoah auteruWheeze auteruWheeze auteruWheeze auteruWheeze auteruWheeze
[2022-12-15 19:50:17] <%+TsunderKat> woah
[2022-12-15 19:50:21] <%bobinsson> careful teru, it's a hot enemy, he must be powerful
[2022-12-15 19:50:22] <%+TsunderKat> thats alot of damage
[2022-12-15 19:50:38] VIEWERS: 180
[2022-12-15 19:50:43] <%justagummi> looks like you might need to level up more teru
[2022-12-15 19:51:01] <%justagummi> bob's logic checks out
[2022-12-15 19:51:11] <%creasedfive2> He has so much edge, LET'S BREAK IS BLADE!!! auteruKnife
[2022-12-15 19:52:13] <%creasedfive2> out of oneshot terratory.
[2022-12-15 19:52:18] <%justagummi> winning with the power of money just like batman
[2022-12-15 19:52:38] VIEWERS: 180
[2022-12-15 19:52:47] <%justagummi> kay
[2022-12-15 19:52:51] <%bobinsson> there goes the chocolate sandwich
[2022-12-15 19:53:33] <%Stereo1988> No Gongaga, Gonshiddin! auteruGrip
[2022-12-15 19:54:41] VIEWERS: 178
[2022-12-15 19:54:55] <@%Meyvol> auteruTeal
[2022-12-15 19:55:17] <%creasedfive2> very loud birb!!!
[2022-12-15 19:55:20] <%Stereo1988> froggylochKiwiScream
[2022-12-15 19:55:29] <@%^StreamElements> Remember to save and stay hydrated @Auteru ^_^
[2022-12-15 19:55:41] <%Stereo1988> froggylochKiwiScream froggylochKiwiScream froggylochKiwiScream
[2022-12-15 19:55:58] <@%^StreamElements> The Chirp Tree House is partnered by Advanced .gg!! https://advanced.gg/?ref=Auteru USE CODE: CHIRP / For 10% Discount! https://advanced.gg/collections/starter-kits/products/auteru-starter-kit
[2022-12-15 19:56:01] <%creasedfive2> birb sounds like a squeaky toy auteruLove
[2022-12-15 19:56:43] VIEWERS: 178
[2022-12-15 19:57:12] <%+stuntman_five> Birb sounds distressed?
[2022-12-15 19:57:38] <%+stuntman_five> WB
[2022-12-15 19:57:48] <%Stereo1988> froggylochKiwiScream froggylochLove
[2022-12-15 19:57:50] <%bobinsson> wb AuteruVibing
[2022-12-15 19:57:57] <%bobinsson> spoiled cute brat
[2022-12-15 19:58:43] VIEWERS: 176
[2022-12-15 19:59:10] <%justagummi> awww
[2022-12-15 19:59:49] <%bobinsson> damn cloud is so useless
[2022-12-15 20:00:12] <@%+Xp3fr> @bobinsson as it should , there is no way a character teru like is usefull or cool;
[2022-12-15 20:00:17] <@%+Xp3fr> should be*
[2022-12-15 20:00:20] <%bobinsson> truing xp
[2022-12-15 20:00:23] <%richabus2> auteruDance
[2022-12-15 20:00:44] Viewerstats (19:32-20:00): avg:177 min:174 max:180 [15/177+0+2+0−5+0+0+0+6+0+0−2+0−2+0]
[2022-12-15 20:00:44] VIEWERS: 176
[2022-12-15 20:01:39] <@%+Xp3fr> auteruWheeze
[2022-12-15 20:01:52] <%creasedfive2> Teal be up to domething devious
[2022-12-15 20:02:49] VIEWERS: 181
[2022-12-15 20:04:16] <cr1t1cull> i want a cute pet bird like Teal but i already got a cat.
[2022-12-15 20:04:44] <cr1t1cull> aww
[2022-12-15 20:04:49] VIEWERS: 181
[2022-12-15 20:04:50] <%justagummi> !teal
[2022-12-15 20:04:50] <@%^StreamElements> teal stole the show 1130 times auteruTeal SingsNote auteruTeal SingsNote  auteruTeal
[2022-12-15 20:05:01] <%bobinsson> auteruTeal
[2022-12-15 20:06:49] VIEWERS: 181
[2022-12-15 20:07:11] <cr1t1cull> bosses heal in this game...?
[2022-12-15 20:07:31] <cr1t1cull> Even Dark Souls doesn't do that...
[2022-12-15 20:08:49] VIEWERS: 181
[2022-12-15 20:09:18] <%Mattermann> auteruComfy
[2022-12-15 20:09:43] <%creasedfive2> you can, it's just the difficulty spike.
[2022-12-15 20:10:15] <%bobinsson> the lore peepoSad
[2022-12-15 20:10:29] <@%^StreamElements> Remember to save and stay hydrated @Auteru ^_^
[2022-12-15 20:10:49] VIEWERS: 175
[2022-12-15 20:12:00] <%creasedfive2> auteru about to smoke him! big differace and it's only stats.
[2022-12-15 20:12:49] VIEWERS: 175
[2022-12-15 20:12:50] <%torkanthehunter> Evening Teru ! Hope you are doing well and that all the present are on there way auteruDance
[2022-12-15 20:13:21] <%torkanthehunter> good to hear !
[2022-12-15 20:13:24] <%bobinsson> she's even stuck in pogging face LuL
[2022-12-15 20:13:26] <%torkanthehunter> auteruBless
[2022-12-15 20:14:49] VIEWERS: 180
[2022-12-15 20:14:52] <%Voromnis> no idea
[2022-12-15 20:14:57] <%torkanthehunter> no clue
[2022-12-15 20:14:59] <%Stereo1988> Is it Gatz again??
[2022-12-15 20:15:10] <%Voromnis> I have never played any FF games except for crystal chronicles
[2022-12-15 20:15:31] <SoundAlerts> jay_nyiks played Fail for 100 Bits!
[2022-12-15 20:15:31] <%bobinsson> one less hot man in this world peepoSad
[2022-12-15 20:15:38] <%bobinsson> auteruWheeze auteruWheeze auteruWheeze auteruWheeze auteruWheeze auteruWheeze auteruWheeze auteruWheeze auteruWheeze
[2022-12-15 20:15:41] <%Voromnis> PERFECT
[2022-12-15 20:15:46] <%bobinsson> Clap
[2022-12-15 20:15:56] <%creasedfive2> auteruWheeze auteruWheeze auteruWheeze auteruWheeze auteruWheeze auteruWheeze That timing was pure gold!!!
[2022-12-15 20:16:08] <%Stereo1988> The singer, right?
[2022-12-15 20:16:28] <%Voromnis> wait
[2022-12-15 20:16:28] <@%^StreamElements> If you like this comfy stream please don't forget to hit that Follow button! ♥ auteruComfy
[2022-12-15 20:16:29] <%Stereo1988> Gackt?
[2022-12-15 20:16:32] <%Voromnis> ITS GACKT?
[2022-12-15 20:16:49] VIEWERS: 180
[2022-12-15 20:17:03] <%Voromnis> I swear he is everywhere
[2022-12-15 20:17:07] <%Voromnis> holy sheesh
[2022-12-15 20:17:11] <%bobinsson> DAYUM
[2022-12-15 20:17:12] <%Stereo1988> They couldn’t remake this or dirge of cerberus because of his likeness
[2022-12-15 20:18:02] <%bobinsson> no idea :)
[2022-12-15 20:18:14] <%Stereo1988> I do
[2022-12-15 20:18:49] VIEWERS: 177
[2022-12-15 20:19:39] <@%Meyvol> GACKT is basically a video game character himself.
[2022-12-15 20:19:46] <%bobinsson> pretty cool
[2022-12-15 20:20:39] <!%jay_nyiks> clipped and posted! auteruWave
[2022-12-15 20:20:49] VIEWERS: 177
[2022-12-15 20:22:49] VIEWERS: 177
[2022-12-15 20:24:46] <%creasedfive2> oh look it's "a griffon" auteruWheeze
[2022-12-15 20:24:50] VIEWERS: 177
[2022-12-15 20:24:53] <%dragonspartan90> don't fight the griffin, it's your kin!
[2022-12-15 20:24:59] <@%^StreamElements> The Chirp Tree House is partnered by Advanced .gg!! https://advanced.gg/?ref=Auteru USE CODE: CHIRP / For 10% Discount! https://advanced.gg/collections/starter-kits/products/auteru-starter-kit
[2022-12-15 20:25:24] <%richabus2> auteruAwoo_HF
[2022-12-15 20:25:29] <@%^StreamElements> Remember to save and stay hydrated @Auteru ^_^
[2022-12-15 20:26:54] VIEWERS: 177
[2022-12-15 20:27:48] <%creasedfive2> did auteru go back to hard difficulty?
[2022-12-15 20:28:54] VIEWERS: 177
[2022-12-15 20:30:54] Viewerstats (20:02-20:30): avg:178 min:175 max:181 [15/181+0+0+0−6+0+5+0−3+0+0+0+0+0+4]
[2022-12-15 20:30:54] VIEWERS: 181
[2022-12-15 20:31:35] <%bobinsson> KEKW
[2022-12-15 20:31:51] [Points] richabus2 redeemed Shout Awoooo (5 000)
[2022-12-15 20:32:19] <%bobinsson> "yes Zack, i'm so H O T"
[2022-12-15 20:32:34] <%richabus2> auteruNotLikeThis
[2022-12-15 20:32:54] VIEWERS: 181
[2022-12-15 20:33:05] <%creasedfive2> oh no!!!!
[2022-12-15 20:33:19] <%Voromnis> why did he turn himself into a monster?
[2022-12-15 20:33:41] <%bobinsson> cuz it was the funniest shit he ever seen
[2022-12-15 20:34:58] VIEWERS: 184
[2022-12-15 20:35:37] <%aakke_naksuli> hii OhMyDog BegWan auteruWave auteruPat
[2022-12-15 20:36:22] <%aakke_naksuli> im ok auteruComfy  how about you auteruSip
[2022-12-15 20:36:58] VIEWERS: 184
[2022-12-15 20:37:25] <%aakke_naksuli> auteruBonk auteruBonk auteruBonk
[2022-12-15 20:38:59] VIEWERS: 180
[2022-12-15 20:39:32] <%creasedfive2> I think magic would be good tp use to break those, they deal alot of damage afterall.
[2022-12-15 20:39:40] <%aakke_naksuli> auteruFlex
[2022-12-15 20:40:29] <@%^StreamElements> Remember to save and stay hydrated @Auteru ^_^
[2022-12-15 20:40:59] VIEWERS: 182
[2022-12-15 20:42:07] <%creasedfive2> I like how when you hit him they block with their sheild, nice attention to detail.
[2022-12-15 20:42:59] VIEWERS: 182
[2022-12-15 20:43:09] <%creasedfive2> well you ded...
[2022-12-15 20:44:59] VIEWERS: 182
[2022-12-15 20:44:59] <%bobinsson> damn, defeated by the booty
[2022-12-15 20:46:28] <@%^StreamElements> If you like this comfy stream please don't forget to hit that Follow button! ♥ auteruComfy
[2022-12-15 20:46:59] VIEWERS: 182
[2022-12-15 20:47:49] <angelsdarkheart> PowerUpL auteruSad PowerUpR
[2022-12-15 20:48:59] VIEWERS: 182
[2022-12-15 20:50:57] <%bobinsson> didn't know you were playing frost mage teru KEKW
[2022-12-15 20:50:59] VIEWERS: 187
[2022-12-15 20:51:25] <%bobinsson> auteruDance
[2022-12-15 20:51:57] <%bobinsson> PogChamp sworb
[2022-12-15 20:52:28] <%BloodAsp20XX> ded
[2022-12-15 20:52:29] <%SRZboii> Stare
[2022-12-15 20:52:34] <%creasedfive2> auteruCry auteruCry auteruCry auteruCry auteruCry auteruCry
[2022-12-15 20:52:39] <%bobinsson> peepoSad
[2022-12-15 20:52:57] <%creasedfive2> At least he looks like he's at peace...
[2022-12-15 20:52:59] VIEWERS: 187
[2022-12-15 20:53:58] <@%^StreamElements> The Chirp Tree House is partnered by Advanced .gg!! https://advanced.gg/?ref=Auteru USE CODE: CHIRP / For 10% Discount! https://advanced.gg/collections/starter-kits/products/auteru-starter-kit
[2022-12-15 20:54:02] <%creasedfive2> Sometimes you just need a hug. auteruCry
[2022-12-15 20:54:32] <%bobinsson> he dropped nice loot at least
[2022-12-15 20:54:57] <%SRZboii> SIR YES SIR
[2022-12-15 20:54:59] VIEWERS: 185
[2022-12-15 20:55:29] <@%^StreamElements> Remember to save and stay hydrated @Auteru ^_^
[2022-12-15 20:56:03] <@%+Xp3fr> yo @SRZboii
[2022-12-15 20:56:59] VIEWERS: 185
[2022-12-15 20:57:22] <%bobinsson> their vacation overlaped afterall
[2022-12-15 20:57:42] <%BloodAsp20XX> look at them washboard abs
[2022-12-15 20:57:44] <%creasedfive2> So we at the half way mark now? or not ust yet?
[2022-12-15 20:58:18] <%SRZboii> @Xp3fr heyo
[2022-12-15 20:58:30] <%bobinsson> KEKW
[2022-12-15 20:58:59] VIEWERS: 185
[2022-12-15 20:59:12] <%bobinsson> wtf? KEKW
[2022-12-15 20:59:44] <angelsdarkheart> impro weapon?
[2022-12-15 20:59:59] <%dragonspartan90> we'll just stand there menacingly.
[2022-12-15 21:00:55] <%bobinsson> junon deez nutz
[2022-12-15 21:00:59] Viewerstats (20:32-21:00): avg:183 min:180 max:187 [15/181+3+0−4+2+0+0+0+0+5+0−2+0+0+2]
[2022-12-15 21:00:59] VIEWERS: 187
[2022-12-15 21:01:30] <%bobinsson> oh so now you have new attacks
[2022-12-15 21:01:53] <%creasedfive2> OH YEA!!! we getting DMC in here!!!
[2022-12-15 21:03:01] VIEWERS: 187
[2022-12-15 21:03:25] <%bobinsson> teru appreciating her hobbit representation in games
[2022-12-15 21:03:46] <%creasedfive2> Not all of the mare 7ft and shreadded, others are smol... like auteru auteruWheeze
[2022-12-15 21:04:28] <%bobinsson> i thought you just had to go to kids section to get clothes?
[2022-12-15 21:05:02] VIEWERS: 189
[2022-12-15 21:05:33] <angelsdarkheart> fold up
[2022-12-15 21:05:55] <@%Meyvol> What do you mean petite? Isn't Teru a 9ft tall mountain of pure muscle? auteruFlex
[2022-12-15 21:06:10] [Points] dragonspartan90 redeemed Wings Up (10 000)
[2022-12-15 21:06:47] <angelsdarkheart> yeah i do that for many people weekly so that their pants are right lenght
[2022-12-15 21:07:04] VIEWERS: 189
[2022-12-15 21:08:32] <%bobinsson> i'm not short not tall, but i still get the biggest clothes cuz i don't like them tight
[2022-12-15 21:09:04] VIEWERS: 189
[2022-12-15 21:09:32] <%bobinsson> my mom hates it, cuz i don't fold up the pants and they get dirty at the leg end teeehee
[2022-12-15 21:10:29] <@%^StreamElements> Remember to save and stay hydrated @Auteru ^_^
[2022-12-15 21:10:45] <%SRZboii> mythic?
[2022-12-15 21:10:46] <%SRZboii> holy
[2022-12-15 21:10:48] <%SRZboii> better than nagzz
[2022-12-15 21:11:00] <%bobinsson> KEKW
[2022-12-15 21:11:04] VIEWERS: 189
[2022-12-15 21:11:18] <%bobinsson> teru's getting carried tho? KEKW
[2022-12-15 21:11:21] <%SRZboii> heroic
[2022-12-15 21:11:38] <@%Meyvol> He does Heroic raids.
[2022-12-15 21:11:54] <@%Meyvol> But everyone does Mythic+
[2022-12-15 21:12:18] <%SRZboii> point still stands nagYep
[2022-12-15 21:13:04] VIEWERS: 189
[2022-12-15 21:14:38] <%bobinsson> teru went owo
[2022-12-15 21:15:04] VIEWERS: 196
[2022-12-15 21:15:54] <%bobinsson> giving a little brain knocking
[2022-12-15 21:16:29] <@%^StreamElements> If you like this comfy stream please don't forget to hit that Follow button! ♥ auteruComfy
[2022-12-15 21:16:38] <%bobinsson> BirbRave
[2022-12-15 21:16:58] <@%RenAdra> renadr1REEEE
[2022-12-15 21:17:04] VIEWERS: 196
[2022-12-15 21:17:47] <%bobinsson> hi rene kuwanaHi
[2022-12-15 21:18:18] <@%RenAdra> I think so, let me see
[2022-12-15 21:18:35] <@%RenAdra> we probs dont :3
[2022-12-15 21:19:02] <@%+Snipe_specialist> auteruWave
[2022-12-15 21:19:08] VIEWERS: 193
[2022-12-15 21:20:25] <@%RenAdra> are u ready or u wanna play a little more?
[2022-12-15 21:20:47] <@%RenAdra> okay we do one?
[2022-12-15 21:21:08] VIEWERS: 193
[2022-12-15 21:21:13] <@%RenAdra> we are all ready
[2022-12-15 21:21:17] <@%RenAdra> im asking how long u think u need xD
[2022-12-15 21:21:22] <@%RenAdra> or if we should do one
[2022-12-15 21:22:15] <@%RenAdra> sterv or frank
[2022-12-15 21:22:58] <@%^StreamElements> The Chirp Tree House is partnered by Advanced .gg!! https://advanced.gg/?ref=Auteru USE CODE: CHIRP / For 10% Discount! https://advanced.gg/collections/starter-kits/products/auteru-starter-kit
[2022-12-15 21:23:09] VIEWERS: 196
[2022-12-15 21:25:01] <%ReldethTheSummoner> well maybe if somebody put it on normal, they wouldnbt be so annoying peepoGiggles
[2022-12-15 21:25:09] VIEWERS: 196
[2022-12-15 21:25:21] <%ReldethTheSummoner> was Herd too hard KEKW
[2022-12-15 21:25:29] <@%^StreamElements> Remember to save and stay hydrated @Auteru ^_^
[2022-12-15 21:25:51] <@%RenAdra> TERUUUU
[2022-12-15 21:25:58] <!%EKSUPROSION> TERU
[2022-12-15 21:26:00] <!%EKSUPROSION> ITS TIME
[2022-12-15 21:26:03] <@%RenAdra> we are ready for u
[2022-12-15 21:26:18] <!%EKSUPROSION> I CANT WATCH ITS SPOILERS
[2022-12-15 21:26:19] <!%EKSUPROSION> AAAA
[2022-12-15 21:27:09] VIEWERS: 194
[2022-12-15 21:29:09] <%$Netherdawn> birdge
[2022-12-15 21:29:10] VIEWERS: 194
[2022-12-15 21:29:10] ~⭐STREAMATHON DAY 11 ! M+ GRIND⭐!MC !discord !socials !adv !throne (World of Warcraft)~
[2022-12-15 21:30:04] <%CozmoxJC> KEKW
[2022-12-15 21:30:13] <%$Netherdawn> A reasonable and measured response
[2022-12-15 21:30:25] <@%+Snipe_specialist> teru stop spoiling
[2022-12-15 21:30:36] <%$Netherdawn> can one die if you were never really alive in the first place?
[2022-12-15 21:31:14] Viewerstats (21:03-21:31): avg:192 min:187 max:196 [15/187+2+0+0+0+0+7+0−3+0+3+0−2+0+0]
[2022-12-15 21:31:14] VIEWERS: 194
[2022-12-15 21:32:14] <%$Netherdawn> lmao
[2022-12-15 21:32:24] <%ReldethTheSummoner> pepePoint
[2022-12-15 21:32:40] <%$Netherdawn> People who dont like turn based dont wait their turn in public toilets
[2022-12-15 21:33:04] <%$Netherdawn> So they just go when someone else is going at the same time
[2022-12-15 21:33:14] VIEWERS: 192
[2022-12-15 21:34:13] <%$Netherdawn> Birds have excellent hearing
[2022-12-15 21:35:14] VIEWERS: 191
[2022-12-15 21:35:58] <%$Netherdawn> The water is spicy
[2022-12-15 21:36:32] <%FilSaFer> Hecco
[2022-12-15 21:37:14] VIEWERS: 188
[2022-12-15 21:38:48] <%$Netherdawn> Have you guys tried the raid yet?
[2022-12-15 21:39:15] VIEWERS: 188
[2022-12-15 21:39:33] <%$Netherdawn> sweet
[2022-12-15 21:39:48] <%$Netherdawn> Looking forward to The planeteers minus mati
[2022-12-15 21:39:53] <%$Netherdawn> and Avatar the last airbender
[2022-12-15 21:40:01] <%$Netherdawn> auteruWheeze
[2022-12-15 21:40:29] <@%^StreamElements> Remember to save and stay hydrated @Auteru ^_^
[2022-12-15 21:40:36] [Points] Netherdawn redeemed Glasses (10 000)
[2022-12-15 21:41:17] VIEWERS: 191
[2022-12-15 21:43:20] VIEWERS: 191
[2022-12-15 21:43:24] <%$Netherdawn> Oh idk iv you've seen
[2022-12-15 21:43:48] <%$Netherdawn> The final boss in the Algethar Academy, Doragosa who does her vacuum
[2022-12-15 21:43:59] <%$Netherdawn> Quaking was lining up with that and was insta killing players
[2022-12-15 21:44:10] <%$Netherdawn> and there is way to play around that
[2022-12-15 21:44:21] <%$Netherdawn> no way*
[2022-12-15 21:44:53] <%$Netherdawn> You current grp composition isnt too bad for quaking
[2022-12-15 21:44:59] <%$Netherdawn> my guild has a lot of melee auteruWheeze
[2022-12-15 21:45:24] VIEWERS: 191
[2022-12-15 21:46:29] <@%^StreamElements> If you like this comfy stream please don't forget to hit that Follow button! ♥ auteruComfy
[2022-12-15 21:47:00] <%germendetrigo> Hello Teru and company auteruLove
[2022-12-15 21:47:25] VIEWERS: 193
[2022-12-15 21:49:25] VIEWERS: 168
[2022-12-15 21:50:25] <%justagummi> auteruComfy
[2022-12-15 21:50:49] <%PvrplxAce79> auteruComfy
[2022-12-15 21:51:00] <%justagummi> @pvrplxace79 auteruPat auteruPat
[2022-12-15 21:51:21] <%PvrplxAce79> @justagummi same braincell auteruWheeze auteruPat
[2022-12-15 21:51:23] <%justagummi> oh cool asian type dragon
[2022-12-15 21:51:25] VIEWERS: 168
[2022-12-15 21:51:53] <%justagummi> @pvrplxace79 lol
[2022-12-15 21:51:59] <@%^StreamElements> The Chirp Tree House is partnered by Advanced .gg!! https://advanced.gg/?ref=Auteru USE CODE: CHIRP / For 10% Discount! https://advanced.gg/collections/starter-kits/products/auteru-starter-kit
[2022-12-15 21:52:50] <%justagummi> wiggle wiggle auteruTeal
[2022-12-15 21:53:25] VIEWERS: 168
[2022-12-15 21:55:18] <%germendetrigo> PETTHETERU
[2022-12-15 21:55:25] VIEWERS: 172
[2022-12-15 21:55:29] <@%^StreamElements> Remember to save and stay hydrated @Auteru ^_^
[2022-12-15 21:55:35] <%justagummi> that's a big big
[2022-12-15 21:55:42] <%justagummi> bug*
[2022-12-15 21:55:55] <%justagummi> stupid autocorrect
[2022-12-15 21:56:03] <%justagummi> hi germen auteruPat
[2022-12-15 21:56:15] <%germendetrigo> @justagummi auteruLove
[2022-12-15 21:56:36] <%justagummi> ftwennPride
[2022-12-15 21:57:25] VIEWERS: 172
[2022-12-15 21:57:45] <%justagummi> auteruHype
[2022-12-15 21:59:19] <!%godhydren> yoyo i have returned
[2022-12-15 21:59:25] VIEWERS: 194
[2022-12-15 21:59:54] <!%godhydren> if somebody leaves at one point i can always join now :)
[2022-12-15 22:00:17] <%justagummi> how many people can you have in a squad?
[2022-12-15 22:01:25] Viewerstats (21:33-22:01): avg:184 min:168 max:194 [15/192−1−3+0+3+0+0+2−25+0+0+4+0+22+0]
[2022-12-15 22:01:25] VIEWERS: 194
[2022-12-15 22:02:15] <%justagummi> oh pretty
[2022-12-15 22:03:27] VIEWERS: 191
[2022-12-15 22:03:46] <%justagummi> good luck Teru gonna get rest take care everyone jorjaHi
[2022-12-15 22:03:49] <OzStylez> kanagoLurk
[2022-12-15 22:04:22] <%PvrplxAce79> @justagummi take care gummi auteruPat
[2022-12-15 22:05:28] VIEWERS: 191
[2022-12-15 22:06:47] <OzStylez> Hey, checking in kanagoLove
[2022-12-15 22:06:53] <@%Skeeer> is she finally doing DPS chat?
[2022-12-15 22:07:30] VIEWERS: 195
[2022-12-15 22:07:55] <!%godhydren> she is
[2022-12-15 22:07:57] <!%godhydren> but low :D
[2022-12-15 22:08:05] <!%godhydren> idk tbh properly doing good
[2022-12-15 22:09:30] VIEWERS: 195
[2022-12-15 22:10:05] <@%+Xp3fr> can't fly
[2022-12-15 22:10:11] <@%Skeeer> did you leap
[2022-12-15 22:10:12] <@%Skeeer> hahaahah
[2022-12-15 22:10:17] <@%Skeeer> if you leap you can LEAP through
[2022-12-15 22:10:29] <@%^StreamElements> Remember to save and stay hydrated @Auteru ^_^
[2022-12-15 22:10:38] <@%Skeeer> im saying its a bug
[2022-12-15 22:11:30] VIEWERS: 198
[2022-12-15 22:11:58] <@%Skeeer> yeah im just on herb gathering
[2022-12-15 22:13:30] VIEWERS: 198
[2022-12-15 22:15:30] VIEWERS: 195
[2022-12-15 22:17:01] <@%Skeeer> what are you guys getting? a dot?
[2022-12-15 22:17:30] VIEWERS: 195
[2022-12-15 22:17:47] <@%Skeeer> the only way to prevent that poison is murdering ads
[2022-12-15 22:17:59] <!%godhydren> yeah they have aoe problem s it seeems
[2022-12-15 22:19:30] VIEWERS: 195
[2022-12-15 22:20:59] <@%^StreamElements> The Chirp Tree House is partnered by Advanced .gg!! https://advanced.gg/?ref=Auteru USE CODE: CHIRP / For 10% Discount! https://advanced.gg/collections/starter-kits/products/auteru-starter-kit
[2022-12-15 22:21:00] <!%godhydren> btw when you use metamorphis you use your eyebeam before you do it cause it resets when you go in metamorphis form just wanted to say in cause you ddnt know :)
[2022-12-15 22:21:31] VIEWERS: 200
[2022-12-15 22:23:32] VIEWERS: 198
[2022-12-15 22:25:11] <!%godhydren> np dont know if you knew :) just a tip
[2022-12-15 22:25:32] VIEWERS: 198
[2022-12-15 22:27:33] VIEWERS: 198
[2022-12-15 22:29:33] VIEWERS: 193
[2022-12-15 22:30:50] <!%godhydren> :)
[2022-12-15 22:31:34] Viewerstats (22:03-22:31): avg:195 min:191 max:200 [15/191+0+4+0+3+0−3+0+0+5−2+0+0−5+0]
[2022-12-15 22:31:34] VIEWERS: 193
[2022-12-15 22:33:35] VIEWERS: 193
[2022-12-15 22:35:35] VIEWERS: 206
[2022-12-15 22:36:27] <%TerunagaTV> hello clicker
[2022-12-15 22:37:35] VIEWERS: 206
[2022-12-15 22:37:51] <%$Netherdawn> Ah I see you're on the tree
[2022-12-15 22:38:08] <%$Netherdawn> Did a +9 academy earlier
[2022-12-15 22:38:19] <%$Netherdawn> Fortified + raging
[2022-12-15 22:38:29] <%$Netherdawn> those lashers and the big one man
[2022-12-15 22:38:34] <%$Netherdawn> like damn
[2022-12-15 22:39:10] <%jimbiann> auteruSip didnt know the affixes affect boss summoned adds
[2022-12-15 22:39:35] VIEWERS: 197
[2022-12-15 22:40:29] <@%^StreamElements> Remember to save and stay hydrated @Auteru ^_^
[2022-12-15 22:41:36] VIEWERS: 197
[2022-12-15 22:41:38] <%jimbiann> BillyApprove blow your load
[2022-12-15 22:43:37] VIEWERS: 197
[2022-12-15 22:45:37] VIEWERS: 199
[2022-12-15 22:47:02] <@%+Xp3fr> JIM annGun
[2022-12-15 22:47:25] <@%Meyvol> meiyaGun
[2022-12-15 22:47:27] <%jimbiann> rens words not mine auteruSip
[2022-12-15 22:47:37] VIEWERS: 199
[2022-12-15 22:47:58] <%bobinsson> rikkuGun
[2022-12-15 22:48:19] <%jimbiann> so many guns
[2022-12-15 22:48:38] <%jimbiann> shizuGun
[2022-12-15 22:49:38] VIEWERS: 201
[2022-12-15 22:49:59] <@%^StreamElements> The Chirp Tree House is partnered by Advanced .gg!! https://advanced.gg/?ref=Auteru USE CODE: CHIRP / For 10% Discount! https://advanced.gg/collections/starter-kits/products/auteru-starter-kit
[2022-12-15 22:51:40] VIEWERS: 201
[2022-12-15 22:53:40] VIEWERS: 201
[2022-12-15 22:55:44] VIEWERS: 201
[2022-12-15 22:57:44] VIEWERS: 197
[2022-12-15 22:58:06] <%Plsk1n> POGGIES
[2022-12-15 22:58:38] <@%+Xp3fr> is noah the leader ?
[2022-12-15 22:59:44] VIEWERS: 197
[2022-12-15 22:59:56] <@%+Xp3fr> idk , he was talking like a shot caller , none of you in vc was talking that way in a strategic way
[2022-12-15 23:00:05] <@%+Xp3fr> if those raids are hard , you should have one
[2022-12-15 23:00:10] <@%+Xp3fr> no ?
[2022-12-15 23:00:20] <@%Skeeer> oh 63 deaths
[2022-12-15 23:00:22] <@%Skeeer> merciful LORD
[2022-12-15 23:00:34] <@%Skeeer> *holds crucifix*
[2022-12-15 23:00:45] <%$pikefrost1> auteruDance auteruDance auteruDance
[2022-12-15 23:00:50] <%Alno_> auteruWave
[2022-12-15 23:01:02] <@%+Xp3fr> holla
[2022-12-15 23:01:04] <%$pikefrost1> mega furry Noah you forgot the mf
[2022-12-15 23:01:10] <@%+Xp3fr> do you know the starts and stuff ?
[2022-12-15 23:01:27] <%$pikefrost1> pumpkaaLove
[2022-12-15 23:01:45] Viewerstats (22:33-23:01): avg:199 min:193 max:206 [15/193+13+0−9+0+0+2+0+2+0+0+0−4+0−3]
[2022-12-15 23:01:45] VIEWERS: 194
[2022-12-15 23:02:02] <%$pikefrost1> this a dungeon???
[2022-12-15 23:02:58] <%$pikefrost1> your a hairy wizard HypeLUL
[2022-12-15 23:03:09] <@%+Xp3fr> the more i watch you playing W OMEGALUL W the more i want to rewatch log horizon
[2022-12-15 23:03:45] VIEWERS: 194
[2022-12-15 23:04:08] <%$pikefrost1> owo damage
[2022-12-15 23:04:53] <%$pikefrost1> lmao Renee pumpkaaLove
[2022-12-15 23:05:45] VIEWERS: 196
[2022-12-15 23:05:47] <%Alno_> "i was doing good until i wasn't!"
[2022-12-15 23:05:55] <%Alno_> LUL
[2022-12-15 23:06:21] <%$pikefrost1> oh gessh
[2022-12-15 23:06:31] <%$pikefrost1> who is tank?
[2022-12-15 23:07:12] [Points] pikefrost1 redeemed Shout Awoooo (5 000)
[2022-12-15 23:07:27] <%$pikefrost1> pumpkaaLove
[2022-12-15 23:07:34] <%$pikefrost1> perfect timing
[2022-12-15 23:07:46] VIEWERS: 196
[2022-12-15 23:08:37] <%NaguNak> wassup teru
[2022-12-15 23:09:40] <@%+Xp3fr> nagU
[2022-12-15 23:09:46] VIEWERS: 200
[2022-12-15 23:10:29] <@%^StreamElements> Remember to save and stay hydrated @Auteru ^_^
[2022-12-15 23:10:47] <@%Skeeer> bby :(
[2022-12-15 23:10:59] <%NaguNak> oh damn
[2022-12-15 23:11:25] <%NaguNak> auteruWheeze
[2022-12-15 23:11:46] VIEWERS: 200
[2022-12-15 23:12:02] <%NaguNak> leter
[2022-12-15 23:13:31] <Vex1702> Always blame Teru
[2022-12-15 23:13:33] <Vex1702> NODDERS
[2022-12-15 23:13:42] <Vex1702> o ye
[2022-12-15 23:13:43] <Vex1702> Teru
[2022-12-15 23:13:47] VIEWERS: 200
[2022-12-15 23:13:50] <Vex1702> did you get crisis core?
[2022-12-15 23:15:03] <%$Layzay73> "Don't drink energy drink"" - Teru
[2022-12-15 23:15:08] <%$Layzay73> meanwhile
[2022-12-15 23:15:11] <%$Layzay73> !adv
[2022-12-15 23:15:11] <@%^StreamElements> The Chirp Tree House is partnered by Advanced .gg!! https://advanced.gg/?ref=Auteru USE CODE: CHIRP/ For 10% Discount! https://advanced.gg/collections/starter-kits/products/auteru-starter-kit
[2022-12-15 23:15:47] VIEWERS: 200
[2022-12-15 23:16:29] <@%^StreamElements> If you like this comfy stream please don't forget to hit that Follow button! ♥ auteruComfy
[2022-12-15 23:17:47] VIEWERS: 208
[2022-12-15 23:18:19] [Raid] 8 raiders from amanenana have joined!
[2022-12-15 23:18:19] <@%^StreamElements> amanenana just raided the channel with 8 viewers PogChamp
[2022-12-15 23:18:33] <@%+Xp3fr> !so @amanenana
[2022-12-15 23:18:34] <@%^StreamElements> Check out @amanenana, they last played Just Chatting at https://twitch.tv/amanenana
[2022-12-15 23:18:41] <ashi0_> Змійковий рееееейд!
[2022-12-15 23:18:42] <@%Skeeer> !so amanenana
[2022-12-15 23:18:43] <@%^StreamElements> Check out amanenana, they last played Just Chatting at https://twitch.tv/amanenana
[2022-12-15 23:18:45] <Moto_VT> spacedudeHello
[2022-12-15 23:18:56] <mikored_> RAID
[2022-12-15 23:18:56] <amanenana> hello <3
[2022-12-15 23:18:59] <@%^StreamElements> The Chirp Tree House is partnered by Advanced .gg!! https://advanced.gg/?ref=Auteru USE CODE: CHIRP / For 10% Discount! https://advanced.gg/collections/starter-kits/products/auteru-starter-kit
[2022-12-15 23:19:01] <%bobinsson> welcome raiders auteruLove
[2022-12-15 23:19:09] <Moto_VT> spacedudeAjamp spacedudeAjamp spacedudeAjamp
[2022-12-15 23:19:17] <@%^StreamElements> Welcome to the Chirp Tree Moto_VT auteruTeal
[2022-12-15 23:19:26] <Moto_VT> So much WoW
[2022-12-15 23:19:32] <Moto_VT> How is it going
[2022-12-15 23:19:37] <Moto_VT> I dont understand anything
[2022-12-15 23:19:44] <@%+Xp3fr> @ashi0_ english only pls
[2022-12-15 23:19:45] <@%^StreamElements> Welcome to the Chirp Tree luma_rum auteruTeal
[2022-12-15 23:19:49] VIEWERS: 208
[2022-12-15 23:19:59] <Moto_VT> Im a league player so I probably will never understand Kappa
[2022-12-15 23:20:01] <amanenana> We have a lot of fun! And I wanna to introduce to my viewers
[2022-12-15 23:20:22] <amanenana> Are you wining, Auteru?
[2022-12-15 23:20:30] <@%+Xp3fr> !so @amanenana
[2022-12-15 23:20:31] <@%^StreamElements> Welcome to the Chirp Tree sviat_the_dwarf auteruTeal
[2022-12-15 23:20:31] <@%^StreamElements> Check out @amanenana, they last played Just Chatting at https://twitch.tv/amanenana
[2022-12-15 23:20:47] <Moto_VT> Is it for a mount?
[2022-12-15 23:20:50] <ashi0_> @Xp3fr sweeto21YEP sweeto21YEP
[2022-12-15 23:21:09] <sviat_the_dwarf> fillyWaves
[2022-12-15 23:21:11] <@%Skeeer> teru are you muted maybe
[2022-12-15 23:21:12] <@%Skeeer> ahahahaha
[2022-12-15 23:21:31] <Vex1702> Stare
[2022-12-15 23:21:32] <%bobinsson> LuL
[2022-12-15 23:21:41] <Vex1702> we will never call you cute Stare
[2022-12-15 23:21:50] VIEWERS: 208
[2022-12-15 23:21:54] <@%+Xp3fr> she is , she welcomed raiders and 100% forgot to unmute
[2022-12-15 23:22:00] <@%+Xp3fr> AuTeRu unmute
[2022-12-15 23:22:40] <Vex1702> O yea
[2022-12-15 23:22:43] <Vex1702> Skeer
[2022-12-15 23:22:48] <Vex1702> did you see the new Hunt event?
[2022-12-15 23:23:50] VIEWERS: 200
[2022-12-15 23:25:29] <@%^StreamElements> Remember to save and stay hydrated @Auteru ^_^
[2022-12-15 23:25:51] VIEWERS: 200
[2022-12-15 23:27:52] VIEWERS: 200
[2022-12-15 23:29:53] VIEWERS: 197
[2022-12-15 23:31:55] Viewerstats (23:03-23:31): avg:200 min:194 max:208 [15/194+2+0+4+0+0+0+8+0+0−8+0+0−3+0]
[2022-12-15 23:31:55] VIEWERS: 197
[2022-12-15 23:33:12] <%Plsk1n> Christmas(TM) brought to you by Coca Cola
[2022-12-15 23:33:28] <@%+Xp3fr> teru , what about you just enjoy the familly thing? do not take it as celebration , just huge and nice familly meeting
[2022-12-15 23:33:55] VIEWERS: 201
[2022-12-15 23:35:55] VIEWERS: 201
[2022-12-15 23:37:07] [Raid] 7 raiders from Yami7ways have joined!
[2022-12-15 23:37:08] <@%^StreamElements> Yami7ways just raided the channel with 7 viewers PogChamp
[2022-12-15 23:37:09] <%ReldethTheSummoner> Pyramid raid yami7wRaid Pyramid raid yami7wRaid Pyramid raid yami7wRaid Pyramid raid yami7wRaid Pyramid raid yami7wRaid
[2022-12-15 23:37:14] <%Y7isLife> yami7wDerp lami raid yami7wDerp lami raid yami7wDerp lami raid yami7wDerp lami raid yami7wDerp lami raid yami7wDerp lami raid yami7wDerp lami raid yami7wDerp lami raid yami7wDerp lami raid yami7wDerp lami raid yami7wDerp lami raid yami7wDerp lami raid yami7wDerp lami raid yami7wDerp lami raid yami7wDerp lami raid yami7wDerp lami raid yami7wDerp lami raid yami7wDerp
[2022-12-15 23:37:19] <@%+Xp3fr> !so @Yami7ways
[2022-12-15 23:37:20] <@%^StreamElements> Check out @Yami7ways, they last played Just Chatting at https://twitch.tv/yami7ways
[2022-12-15 23:37:25] <@%+Xp3fr> hey yami and raiders
[2022-12-15 23:37:35] <%$Yami7ways> yami7wLove it was fantastic
[2022-12-15 23:37:40] <%Plsk1n> More holidays to celebrate Rene cooking for you Teru
[2022-12-15 23:37:55] VIEWERS: 201
[2022-12-15 23:37:57] <%ReldethTheSummoner> hes been braking more chairs peepoGiggles
[2022-12-15 23:37:58] <%$Yami7ways> showing some new pogs the cringe stuff i do
[2022-12-15 23:38:09] <%$Yami7ways> yami7wDerp
[2022-12-15 23:38:31] <%Y7isLife> hi i'm new y7isliDerp yami tenga
[2022-12-15 23:38:39] <%ReldethTheSummoner> KEKW
[2022-12-15 23:38:45] <%$Yami7ways> oh that reminds me Teru
[2022-12-15 23:39:00] <%$Yami7ways> nagWeird did you check dm's
[2022-12-15 23:39:35] <%ReldethTheSummoner> nagFeelsbad
[2022-12-15 23:39:36] <@%+Xp3fr> how ?
[2022-12-15 23:39:48] <@%+Xp3fr> why are you not just looking at them once a day ?
[2022-12-15 23:39:56] VIEWERS: 209
[2022-12-15 23:40:11] <%ReldethTheSummoner> only 10 KEKW
[2022-12-15 23:40:15] <@%+Xp3fr> just before sleep or when you wake up
[2022-12-15 23:40:29] <@%^StreamElements> Remember to save and stay hydrated @Auteru ^_^
[2022-12-15 23:40:31] <%$Yami7ways> yami7wDerp Dats entirely fine I just left something for you that I wanted you to see KEKW
[2022-12-15 23:40:41] <@%+Xp3fr> where shower ?
[2022-12-15 23:40:44] <@%+Xp3fr> auteruSweat
[2022-12-15 23:40:56] <@%+Xp3fr> EWWWWWWWW
[2022-12-15 23:40:58] <@%Meyvol> She doesn't shower, she takes a bird bath.
[2022-12-15 23:41:02] <@%+Xp3fr> yocciStinky
[2022-12-15 23:41:04] <%$Yami7ways> yami7wRee BRUH
[2022-12-15 23:41:11] <%ReldethTheSummoner> shes like giri lanfearGiggle
[2022-12-15 23:41:11] <%Plsk1n> dip the hecker in holy water
[2022-12-15 23:41:14] <%Plsk1n> stinky
[2022-12-15 23:41:56] VIEWERS: 209
[2022-12-15 23:42:19] <%ReldethTheSummoner> Aww nagFeelsbad
[2022-12-15 23:42:45] <@%Skeeer> YOU
[2022-12-15 23:42:47] <@%Skeeer> ESCAPED?!
[2022-12-15 23:42:47] <%$Yami7ways> KEWK
[2022-12-15 23:42:50] <@%Skeeer> wowwwww
[2022-12-15 23:42:56] <@%+Xp3fr> me hungry , brb cooking something not healthy
[2022-12-15 23:43:06] <%ReldethTheSummoner> well im gonna head to bed, have fun taru ywuriaWave
[2022-12-15 23:43:14] <@%+Xp3fr> gn reldeth
[2022-12-15 23:43:28] <@%Skeeer> im free#
[2022-12-15 23:43:30] <@%Skeeer> whats up
[2022-12-15 23:43:35] <@%Meyvol> Bye Reldeth auteruLove
[2022-12-15 23:43:52] <@%+Xp3fr> BAGUETTE ARE HEALTHY
[2022-12-15 23:43:54] <%$Yami7ways> so how does one even play W OMEGALUL W
[2022-12-15 23:43:56] VIEWERS: 198
[2022-12-15 23:44:18] <@%Skeeer> teru, did you want me or nah?
[2022-12-15 23:44:32] <@%Skeeer> "skeeer did you finish your mythics" *proceeds to fly around in a dragon*
[2022-12-15 23:45:04] <@%Skeeer> ill be free after mavis goes xx
[2022-12-15 23:45:56] VIEWERS: 198
[2022-12-15 23:46:11] <%$Yami7ways> yami7wLove Anyways I'll be lurking, and when you get to that dm, all i have to say is Thank you yami7wLove
[2022-12-15 23:46:29] <@%^StreamElements> If you like this comfy stream please don't forget to hit that Follow button! ♥ auteruComfy
[2022-12-15 23:46:59] <%$Yami7ways> No i comepletely understand
[2022-12-15 23:47:56] VIEWERS: 201
[2022-12-15 23:47:59] <@%^StreamElements> The Chirp Tree House is partnered by Advanced .gg!! https://advanced.gg/?ref=Auteru USE CODE: CHIRP / For 10% Discount! https://advanced.gg/collections/starter-kits/products/auteru-starter-kit
[2022-12-15 23:48:23] <%$Yami7ways> take your time, and rest a bit. mental health is important so Just make sure your doing ok no matter what it takes yami7wLove and be safe
[2022-12-15 23:49:14] <%$Yami7ways> ye yami7wLove I get you
[2022-12-15 23:49:56] VIEWERS: 201
[2022-12-15 23:51:56] VIEWERS: 198
[2022-12-15 23:53:57] VIEWERS: 198
[2022-12-15 23:55:59] VIEWERS: 201
[2022-12-15 23:57:59] VIEWERS: 201
