# Log started: 2022-12-06 14:12:51 +0100
[2022-12-06 14:12:51] Can't join '#kyokeru' (already joined)
[2022-12-06 18:18:12] <$Suitwo> nagDs
[2022-12-06 23:29:31] <@%$Cinnamonclown54> nagDs
[2022-12-06 23:30:55] <CoffeeOnMe> monkaS
[2022-12-06 23:31:04] <@^Nightbot> NEW YT VIDEO IS RELEASED AT 5PM PST https://youtu.be/QjpyiB7QSYs
[2022-12-06 23:31:25] <@%$Cinnamonclown54> nagCool
[2022-12-06 23:32:05] <CoffeeOnMe> cleaning the chat Modge
[2022-12-06 23:35:04] <@^Nightbot> NEW YT VIDEO IS RELEASED AT 5PM PST https://youtu.be/QjpyiB7QSYs
[2022-12-06 23:36:04] <@^Nightbot> https://instagram.com/meowmoonified
[2022-12-06 23:46:48] <^StreamElements> meowmoonified is now live! Streaming Just Chatting: AYO AYO AYO
[2022-12-06 23:47:05] VIEWERS: 7
[2022-12-06 23:47:05] ~AYO AYO AYO (Just Chatting)~
[2022-12-06 23:47:20] <anon_1537> And chat adores your butt 😂
[2022-12-06 23:47:29] <@%$Cinnamonclown54> nagU first
[2022-12-06 23:47:37] <@%$Cinnamonclown54> nagU banning anyone who says otherwise
[2022-12-06 23:47:39] <Tehcooky> No
[2022-12-06 23:47:42] <YaeShogunArts> BOOBA
[2022-12-06 23:47:44] <CoffeeOnMe> no
[2022-12-06 23:47:45] <BigBananaGaming> @cinnamonclown54 otherwise
[2022-12-06 23:47:47] <Dinosaurswithjetpacks> No
[2022-12-06 23:47:49] <@%$Cinnamonclown54> BANNED
[2022-12-06 23:47:49] <Tehcooky> Woops
[2022-12-06 23:47:51] <@%$DMX151x> lol cinn your not
[2022-12-06 23:47:51] <astolfo_90> what happened and hi everyone
[2022-12-06 23:47:57] <@%$Cinnamonclown54> NOOO DMX
[2022-12-06 23:47:58] <jd77_the_master> sup
[2022-12-06 23:48:00] <YaeShogunArts> pepeD @dinosaurswithjetpacks
[2022-12-06 23:48:02] <CoffeeOnMe> nagHandsup ban me cin
[2022-12-06 23:48:15] <skeeterkilla> a late night stream nice
[2022-12-06 23:48:15] <@%$DMX151x> nagSorry am i gana get banned now
[2022-12-06 23:48:17] <Tehcooky> I mean streamer is first always
[2022-12-06 23:48:20] <greyyeti101> Your butt loves us? Are we chairs now? trickyyLol
[2022-12-06 23:48:23] <!Ava_Lamp> avalampPadoru avalampPadoru avalampPadoru
[2022-12-06 23:48:28] <@%$DMX151x> ava!!!
[2022-12-06 23:48:36] <BigBananaGaming> I'll be lurking. Gotta shower before jumping on my own stream.
[2022-12-06 23:48:50] <onepyrobender> hi everyone angels80Wiggly cheeky129WIGGLY cirill9Wiggly saekokWiggly cheeky129BONGO
[2022-12-06 23:48:55] DELETED: BigBananaGaming (I'll be lurking. Gotta shower before jumping on my own stream.)
[2022-12-06 23:48:58] <!Ava_Lamp> @DMX151x avalampHi  Hi DMX
[2022-12-06 23:48:58] <TalesofReverie> auroraphPeek
[2022-12-06 23:49:04] <%TheTrueStein> AVA nagU
[2022-12-06 23:49:06] Viewerstats (23:47-23:49): avg:7 min:7 max:7 [2/_7+0]
[2022-12-06 23:49:06] VIEWERS: 7
[2022-12-06 23:49:07] <CoffeeOnMe> peepoHey ava
[2022-12-06 23:49:13] <astolfo_90> how is everyone today and hi cinnamon
[2022-12-06 23:49:16] <%dragon_2487> @Cinnamonclown54 nagO
[2022-12-06 23:49:16] <@%$DMX151x> @DMX151x velcri1Wave
[2022-12-06 23:49:18] <onepyrobender> hi ava
[2022-12-06 23:49:29] <BigBananaGaming> I'm peeling pretty good today
[2022-12-06 23:49:36] <KitsuneKoibito> What's up?  How's the lovelies doing
[2022-12-06 23:49:47] <jd77_the_master> just chilling
[2022-12-06 23:49:50] <@%+Morcant23> Hi Mooni
[2022-12-06 23:49:58] <onepyrobender> hi @kitsunekoibito angels80Wave
[2022-12-06 23:50:04] <%+Mod_MotorHead> moonifiedPinkmeowhop moonifiedPinkmeowhop moonifiedPinkmeowhop
[2022-12-06 23:50:05] <@^Nightbot> NEW YT VIDEO IS RELEASED AT 5PM PST https://youtu.be/QjpyiB7QSYs
[2022-12-06 23:50:24] <onepyrobender> well brb 9 ads
[2022-12-06 23:50:32] <greyyeti101> Could be better, feeling kinda rough mentally. It’ll get better though. How about y’all?
[2022-12-06 23:50:33] <somewguey23> mifuDinkDonk mifuDinkDonk mifuDinkDonk
[2022-12-06 23:50:41] <$ltblackcoffee> new yt video noice
[2022-12-06 23:51:06] <@%$DMX151x> moonifiedPinkmeowhop moonifiedPinkmeowhop moonifiedPinkmeowhop moonifiedPinkmeowhop moonifiedPinkmeowhop moonifiedPinkmeowhop moonifiedPinkmeowhop
[2022-12-06 23:51:06] <austinlane123456789> buffpupDance buffpupDance buffpupDance buffpupDance
[2022-12-06 23:51:06] VIEWERS: 7
[2022-12-06 23:51:19] <jd77_the_master> we big vibing
[2022-12-06 23:51:21] <+denselmentaire> MissMoonie
[2022-12-06 23:51:24] <%TheTrueStein> moonifiedButtonmash moonifiedButtonmash moonifiedButtonmash moonifiedButtonmash
[2022-12-06 23:51:25] <astolfo_90> vibe for life
[2022-12-06 23:51:29] <+denselmentaire> shyyRave shyyRave shyyRave
[2022-12-06 23:51:29] <~%meowmoonified> DOES THIS HAVE THE SAME TITLE AS THE LAST ONE
[2022-12-06 23:51:33] <~%meowmoonified> I CHANGED IT WTF
[2022-12-06 23:51:36] <~%meowmoonified> nagSorry
[2022-12-06 23:51:43] <astolfo_90> it's ok mooni
[2022-12-06 23:51:45] <$ltblackcoffee> ya ads are a monster lately
[2022-12-06 23:51:46] <TalesofReverie> Twitch must like this title then XD
[2022-12-06 23:51:49] <@%Strykur> moonifiedPunch
[2022-12-06 23:51:49] <@%$DMX151x> i still see ayo ayo ayo
[2022-12-06 23:51:53] <~%meowmoonified> WE ARE DOING HANGOUT WITH CHAT THEN GOLF WITH FRIENDS
[2022-12-06 23:51:56] <greyyeti101> You’re good
[2022-12-06 23:51:57] <~%meowmoonified> koefFoofy
[2022-12-06 23:52:03] <@^Nightbot> Join my subreddit, i review the memes on stream at the end of the month! https://www.reddit.com/r/meowmoonified/
[2022-12-06 23:52:07] <@%$DMX151x> hey strykur!
[2022-12-06 23:52:07] <@%Strykur> catKISS
[2022-12-06 23:52:08] <@%+Morcant23> oof lol Mooni
[2022-12-06 23:52:11] <$ltblackcoffee> golf with friends nice
[2022-12-06 23:52:15] <+Akds> moggiiWaddle moggiiWaddle moggiiWaddle moggiiWaddle moggiiWaddle
[2022-12-06 23:52:16] <zhero55555> nice golf
[2022-12-06 23:52:19] <onepyrobender> it's OK mooni saekokThumbsUp
[2022-12-06 23:52:26] <~%meowmoonified> Ohhh
[2022-12-06 23:52:31] <~%meowmoonified> It’s cause I said butt in the title
[2022-12-06 23:52:35] <~%meowmoonified> nagGasm
[2022-12-06 23:52:40] <@%$DMX151x> KEKW
[2022-12-06 23:52:45] <@%Strykur> yo nice butt
[2022-12-06 23:52:46] <@%Strykur> strykuNODDERS
[2022-12-06 23:52:49] <$Draggerwolv> Damn it! She's starting right when I'm going to a concert😭
[2022-12-06 23:52:55] <$ltblackcoffee> lol booty butt cheeks
[2022-12-06 23:53:01] <astolfo_90> gotta go be on next stream love u all moonifiedHYPE
[2022-12-06 23:53:03] <@^Nightbot> come by my youtube streams! I do one a week at 10:15 am PST! 12/10 https://youtu.be/7a4GFHXgfek
[2022-12-06 23:53:04] <@%Strykur> I'M READY TO SMACK BALLS
[2022-12-06 23:53:10] VIEWERS: 10
[2022-12-06 23:53:12] <@%$DMX151x> nagDs nagDs nagDs
[2022-12-06 23:53:15] <@%$Cinnamonclown54> AYO?
[2022-12-06 23:53:18] <@%Strykur> moonifiedButtonmash
[2022-12-06 23:53:18] <$Draggerwolv> It's all good have a stream Mooni!!!
[2022-12-06 23:53:30] [Notification] Hungry4Hippo subscribed at Tier 1. They've subscribed for 3 months! [Three months with this pink cat menace, let's go!]
[2022-12-06 23:53:32] <%olt4r> Ayo...! moonifiedAbsolutepower moonifiedPinkmeowhop
[2022-12-06 23:53:43] <jakobie122208> buffpupDance buffpupDance buffpupDance buffpupDance buffpupDance buffpupDance buffpupDance buffpupDance buffpupDance buffpupDance buffpupDance buffpupDance buffpupDance buffpupDance buffpupDance buffpupDance buffpupDance buffpupDance buffpupDance buffpupDance buffpupDance buffpupDance buffpupDance buffpupDance buffpupDance buffpupDance
[2022-12-06 23:53:49] <happymuramasa> monadoYesHoney
[2022-12-06 23:53:59] <%+namons> What is up my fellow chatters
[2022-12-06 23:54:03] <@^Nightbot> https://instagram.com/meowmoonified
[2022-12-06 23:54:07] <onepyrobender> angels80Wiggly cheeky129WIGGLY saekokWiggly angels80Wiggly cheeky129WIGGLY saekokWiggly angels80Wiggly cheeky129WIGGLY saekokWiggly angels80Wiggly cheeky129WIGGLY saekokWiggly
[2022-12-06 23:54:17] <jakobie122208> nihmunSip
[2022-12-06 23:54:31] <greyyeti101> That’s fine, I can think of worse people to be stuck with. trickyyLove
[2022-12-06 23:54:50] <@%$DMX151x> fillySpin fillySpin fillySpin
[2022-12-06 23:54:54] <%olt4r> moonifiedHYPE moonifiedHYPE moonifiedHYPE
[2022-12-06 23:55:03] <@^Nightbot> NEW YT VIDEO IS RELEASED AT 5PM PST https://youtu.be/QjpyiB7QSYs
[2022-12-06 23:55:10] VIEWERS: 85
[2022-12-06 23:55:16] <$ltblackcoffee> maykitDrinky maykitDrinky maykitDrinky maykitDrinky maykitDrinky maykitDrinky maykitDrinky maykitDrinky
[2022-12-06 23:55:27] <$bigben151> Hey mooni and chat.
[2022-12-06 23:55:28] <jakobie122208> ironmouseCHANCLA ironmouseHANDSUP ironmouseSTALLING ironmouseSHRUG ironmouseBUBITUMMY buffpupScoots buffpupNotes buffpupHypeE buffpupPls buffpupYUCK buffpupAwooga buffpupOMEGALUL buffpupDoubt buffpupNerd buffpupChonk buffpupGiggle buffpupHoodie buffpupHeart buffpupDone buffpupHand buffpupBigoleyes buffpupPoopie buffpupWUT buffpupBlush buffpupComfy buffpupGun buffpupHug buffpupLeggie
[2022-12-06 23:55:38] <@%$DMX151x> kurumiiJammies kurumiiJammies kurumiiJammies kurumiiJammies
[2022-12-06 23:55:47] <%olt4r> syadouWiggly syadouWiggly syadouWiggly syadouWiggly
[2022-12-06 23:55:55] <onepyrobender> angels80Wiggly cheeky129WIGGLY cirill9Wiggly saekokWiggly angels80Wiggly cheeky129WIGGLY cirill9Wiggly saekokWiggly
[2022-12-06 23:55:55] <jakobie122208> ironmouseSHRUG ironmouseCHANCLA
[2022-12-06 23:56:01] <%BloupBloup_> hi mooni ! moonifiedPopcatmooni
[2022-12-06 23:56:03] <@^Nightbot> If you find something funny or cute, clip it! Clipping is very encouraged <3 It helps out mooni so much!
[2022-12-06 23:56:26] <%Vampykins> !lurk
[2022-12-06 23:56:27] <@^Nightbot> Vampykins IS PLAYING WITH YARN, CAN I JOIN??? (please make sure to leave the stream at least slightly unmuted so your lurk counts as a view!)
[2022-12-06 23:56:27] <%Hungry4Hippo> Hello Mooni!
[2022-12-06 23:56:32] <!Ava_Lamp> moonifiedUwahuwah moonifiedUwahuwah moonifiedUwahuwah
[2022-12-06 23:56:36] <johnnyvenom18> Hello, Moon!
[2022-12-06 23:56:39] <anon_1537> AYO chat does it for the butt !bonk
[2022-12-06 23:56:49] <%$Ser_Lagsalot> Yo
[2022-12-06 23:56:50] <PIMPSUP> yfuPETTHEYFU yfuPETTHEYFU yfuPETTHEYFU
[2022-12-06 23:57:01] <%+namons> moonifiedUwahuwah moonifiedUwahuwah moonifiedUwahuwah
[2022-12-06 23:57:02] <@%$DMX151x> lordae3Headbang lordae3Headbang lordae3Headbang lordae3Headbang
[2022-12-06 23:57:05] <+luckymo777> Hi
[2022-12-06 23:57:06] <@%$Cinnamonclown54> nagPause
[2022-12-06 23:57:10] VIEWERS: 85
[2022-12-06 23:57:10] ~smackING BAWLS WITH FRIENDS (Just Chatting)~
[2022-12-06 23:57:19] <somewguey23> CINNAMON
[2022-12-06 23:57:27] <happymuramasa> DIESOFCINNAMON
[2022-12-06 23:57:28] <Sand__snake> Hey Mooni o7
[2022-12-06 23:57:29] <%olt4r> auteruDance auteruDance auteruDance
[2022-12-06 23:57:36] <%+namons> moonifiedBIRFDAYGORL Happy Birfday?
[2022-12-06 23:57:38] <$ltblackcoffee> nyyHeart nyyWomen nyyNuts nyyMe shibuy4Rimuru shibuy4Rimuru shibuy4Rimuru shibuy4Rimuru
[2022-12-06 23:57:42] <oldgreggkingofmemes> FINALLY able to catch a stream live yay gamagaComfff
[2022-12-06 23:58:00] <PIMPSUP> No more head pats I’m turning my back on this stream
[2022-12-06 23:58:01] <%+Kurorei53> i heard your butt adores me...can I have it?
[2022-12-06 23:58:10] <RairaiRaikiri> Mooni Pog
[2022-12-06 23:58:10] [Notification] UncleShal subscribed at Tier 1. They've subscribed for 2 months, currently on a 2 month streak! [2 Month of being part of the Crazy Chaotic Mooni gang. MOONI. Glad I found you from LordNuxanor now let's all get Naked4Nux]
[2022-12-06 23:58:21] <jakobie122208> my birthday is in 16days! buffpupOMEGALUL
[2022-12-06 23:58:23] <%$MLGGrievous> BAWLS BAWLS BAWLS BAWLS BAWLS
[2022-12-06 23:58:26] <%dragon_2487> peepoHey
[2022-12-06 23:58:27] <RairaiRaikiri> Ayo Mooni rairai7Eyes neomizuLUV
[2022-12-06 23:58:30] <%guruthos> Hi Mooni
[2022-12-06 23:58:32] <%dragon_2487> nagLove nagLove nagLove
[2022-12-06 23:58:34] <zhero55555> same @oldgreggkingofmemes
[2022-12-06 23:58:36] <%epicwalruses1212> Hello!!
[2022-12-06 23:58:36] <!Ava_Lamp> nagDs nagDs nagDs
[2022-12-06 23:58:36] <RairaiRaikiri> Take your time cat shobssPets
[2022-12-06 23:58:38] <somewguey23> BAWLS and BUTT mifuSheesh
[2022-12-06 23:58:38] <PIMPSUP> nicoBooty
[2022-12-06 23:58:39] <%+B1G_Tony56> hello
[2022-12-06 23:58:40] <oldgreggkingofmemes> Hi hi gamagaPeep
[2022-12-06 23:58:51] <%+pinkyjoyful> HypeWho
[2022-12-06 23:58:52] <+Paladin_of_Tyche> cottontailParty
[2022-12-06 23:58:53] <johnnyvenom18> Take your time
[2022-12-06 23:58:55] <onepyrobender> hi mooni kohiatSIP
[2022-12-06 23:58:58] <zhero55555> hello
[2022-12-06 23:59:02] <%+pinkyjoyful> ramaeaSmack
[2022-12-06 23:59:10] VIEWERS: 125
[2022-12-06 23:59:13] <@%FluffyxCow1> No nagO
[2022-12-06 23:59:16] <RairaiRaikiri> D:
[2022-12-06 23:59:16] <@%$DMX151x> D:
[2022-12-06 23:59:18] <happymuramasa> 🏃 no
[2022-12-06 23:59:19] <+luckymo777> No
[2022-12-06 23:59:22] <@%Strykur> only thicc part of me so sure
[2022-12-06 23:59:22] <+Paladin_of_Tyche> uuuhm please no i need those for sitting
[2022-12-06 23:59:23] <%+namons> need them for putters?
[2022-12-06 23:59:24] <thicctuberclips> glazegWheeze glazegWheeze glazegWheeze glazegWheeze glazegWheeze
[2022-12-06 23:59:24] <%Hungry4Hippo> D:
[2022-12-06 23:59:25] <@%Strykur> strykuSmugC
[2022-12-06 23:59:25] <%MitsukoVX> but i cant drive without legs
[2022-12-06 23:59:25] <RairaiRaikiri> But I need them to walk D:
[2022-12-06 23:59:27] <!Ava_Lamp> to lay on my lap?
[2022-12-06 23:59:30] <$ltblackcoffee> lol how many legs
[2022-12-06 23:59:31] <somewguey23> mifuShocked mifuShocked mifuShocked mifuNotLikeThiiiiiiiiiis not my thicc thighs
[2022-12-06 23:59:33] <anon_1537> Ok. This is fine. Absolutely fine.
[2022-12-06 23:59:34] <@%Konotomo> Hi Ava!!!!! :D
[2022-12-06 23:59:38] <@%Strykur> pillow here for ya
[2022-12-06 23:59:40] <@%$Cinnamonclown54> nagWeird no
[2022-12-06 23:59:40] <LifeWillChange_> moonifiedMoonplz moonifiedMoonplz moonifiedMoonplz moonifiedMoonplz moonifiedMoonplz moonifiedHYPE moonifiedHYPE moonifiedHYPE moonifiedHYPE moonifiedHYPE
[2022-12-06 23:59:42] <@%$Cinnamonclown54> nagO mine
[2022-12-06 23:59:42] <RairaiRaikiri> I need my legs mooni rairai7Wuh
[2022-12-06 23:59:47] <zhero55555> oh no
[2022-12-06 23:59:49] <PIMPSUP> How am going to leave now ?
[2022-12-06 23:59:51] <Sand__snake> NOOOO
[2022-12-06 23:59:51] <Heisei512> how dare you ping me when I'm going to bed?
[2022-12-06 23:59:54] <@%Konotomo> NO ONE NEEDS LEGS
[2022-12-06 23:59:56] <Leon27607> moonifiedUwahuwah
[2022-12-06 23:59:57] <%$yeOliveiraHS> moonifiedAbsolutepower moonifiedAbsolutepower moonifiedAbsolutepower moonifiedButtonmash moonifiedButtonmash
[2022-12-06 23:59:58] <@%Konotomo> ONLY NEED MOONI
