# Log started: 2022-12-18 22:37:12 +0100
[2022-12-18 22:37:12] ~Testing out keyboard with come excessive typing // !youtube !discord (DJMax Respect V)~
[2022-12-18 22:37:12] Joining #atk..
[2022-12-18 22:37:12] VIEWERS: 572
[2022-12-18 22:37:12] You have joined #atk
[2022-12-18 22:37:20] <%capy88> PepegaChat
[2022-12-18 22:37:33] <%Xsquire> he's picking anime over us, guys pepeW it's okay.. i would do pepeW
[2022-12-18 22:37:34] <jefffish> hmmMeeting
[2022-12-18 22:37:39] <%Xsquire> do that too*
[2022-12-18 22:38:04] [Notification] iluld subscribed at Tier 1. They've subscribed for 2 months, currently on a 1 month streak! [nice :)]
[2022-12-18 22:38:07] <%Xsquire> peepoBye
[2022-12-18 22:38:11] <%yoohyeonisn> peepoBye
[2022-12-18 22:38:21] <%NotInDebt> peepoBye
[2022-12-18 22:38:28] <mohamm11> peepoBye
[2022-12-18 22:38:33] <%+iluld> atkDink atkDink atkDink
[2022-12-18 22:38:38] <LindForce_> peepoBye
[2022-12-18 22:38:44] <mohamm11> those dink emotes are adorable
[2022-12-18 22:38:49] <%+iluld> atkDed
[2022-12-18 22:38:58] <%Xsquire> take care peepoBye
[2022-12-18 22:39:02] VIEWERS: 572
[2022-12-18 22:39:03] <%+deadlypants112> stoopzzDINKDONK
[2022-12-18 22:39:06] <%lostsoulz1010> peepoBye
[2022-12-18 22:41:03] VIEWERS: 572
[2022-12-18 22:41:28] ~Stream offline~
[2022-12-18 23:07:15] Viewerstats (22:39-22:39): avg:572 min:572 max:572 [1/572_]
