# Log started: 2022-12-28 00:18:13 +0100
[2022-12-28 00:18:13] <%+Sneccy> !seisocheck
[2022-12-28 00:18:13] <@%^Nightbot> Sneccy is 69% Seiso,  Welcome to the Seiso Cops! rikkuCop
[2022-12-28 00:18:17] <%+Sneccy> rikkuEZ
[2022-12-28 00:19:10] <%gicu_1> Clap
[2022-12-28 00:19:22] <%$Kaerick> nice rikkuEZ Clap
[2022-12-28 00:31:19] <@%$proot_proot> rikkuGasp
[2022-12-28 00:33:42] <paulshadowsx> terrorBlinception noway
[2022-12-28 01:22:17] <%chatblin76> !seisocheck 󠀀
[2022-12-28 01:22:17] <@%^Nightbot> chatblin76 is 60% Seiso,  Welcome to the Seiso Cops! rikkuCop
[2022-12-28 02:13:17] <%ElPsyKongroo> !seisocheck
[2022-12-28 02:13:18] <@%^Nightbot> ElPsyKongroo is 50% Seiso,  Choose your Allegiance! rikkuZoomy
[2022-12-28 02:13:38] <%ElPsyKongroo> rikkuSusge
[2022-12-28 02:54:30] <@%$proot_proot> rikkuGasp
[2022-12-28 08:17:36] <ChainaVT> D:
[2022-12-28 08:17:41] <ChainaVT> a
[2022-12-28 08:17:44] <ChainaVT> D:
[2022-12-28 08:52:23] <%Lurkaar> Blinerina
[2022-12-28 08:54:51] <%+Sneccy> Blinerina
[2022-12-28 08:57:34] <%krokofucholf> Blinerina
[2022-12-28 09:18:07] <00a_twitch> Blinerina
[2022-12-28 10:18:24] [Notification] poptartdeath12 subscribed at Tier 1.
[2022-12-28 10:25:45] <speedking1994> Blinerina
[2022-12-28 11:38:03] <paulshadowsx> Blinerina
[2022-12-28 14:18:41] <%Samsah> Blinerina
[2022-12-28 14:35:11] <%$Kaerick> Blinerina
[2022-12-28 14:37:12] <%xsyrionx> Blinerina
[2022-12-28 16:15:21] <%LunarOctopus0> Blinerina
[2022-12-28 17:44:25] <%romasanz> Blinerina
[2022-12-28 18:02:37] <%kronckers> Blinerina
[2022-12-28 18:09:22] <%$Lesheran> !seisocheck
[2022-12-28 18:09:22] <@%^Nightbot> Lesheran is 76% Seiso,  Welcome to the Seiso Cops! rikkuCop
[2022-12-28 18:09:30] <%$Lesheran> !8ball you lying?
[2022-12-28 18:09:31] <@%^Nightbot> 🎱 Outlook not so good...
[2022-12-28 18:09:36] <%$Lesheran> screamBlin
[2022-12-28 18:10:45] <%NekodaFTW> rikkuSusge 󠀀
[2022-12-28 18:18:07] <@%$d3minded> rikkuSusge
[2022-12-28 18:18:11] <@%$d3minded> quick, call neko cute
[2022-12-28 18:18:13] <@%$d3minded> peepoRun
[2022-12-28 18:43:57] <@%$proot_proot> comfyBlin
[2022-12-28 18:48:35] <%romasanz> comfyBlin
[2022-12-28 18:53:04] <%geolounge> rikkuSusge
[2022-12-28 18:53:15] <%Bootfighter> !8ball will the subhaton end on the day dya returns? PauseBlin
[2022-12-28 18:53:15] <@%^Nightbot> 🎱 Concentrate and ask again...
[2022-12-28 18:53:20] <%Bootfighter> madslamBlin
[2022-12-28 18:53:54] <%gicu_1> Susge
[2022-12-28 18:53:57] <%geolounge> !8ball is salty a trustworthy blin?
[2022-12-28 18:53:57] <%gicu_1> !seisocheck
[2022-12-28 18:53:57] <@%^Nightbot> gicu_1 is 47% Seiso,  Welcome to the Horni Revolution! yuniiHorni
[2022-12-28 18:54:05] <%gicu_1> D:
[2022-12-28 18:54:11] <%geolounge> rikkuGasp
[2022-12-28 18:54:15] <%Rayna_Lyr> KEKBLIN
[2022-12-28 18:54:29] <%Bootfighter> rikkuSusge close
[2022-12-28 18:54:54] <ChainaVT> rikkuLeash1 rikkuLeash2 rikkuLeash3
[2022-12-28 18:57:40] <%NekodaFTW> !seisocheck
[2022-12-28 18:57:56] <%NekodaFTW> dang it, slightly too early rikkuDead
[2022-12-28 19:02:05] <%Rayna_Lyr> !seisocheck
[2022-12-28 19:02:06] <@%^Nightbot> Rayna_Lyr is 43% Seiso,  Welcome to the Horni Revolution! yuniiHorni
[2022-12-28 19:02:14] <%Rayna_Lyr> yuniiNotLikeThis
[2022-12-28 19:03:10] <@%^Nightbot> rikkuEZ Rikku Corp. is loading... Dya Rikku's other socials. She posts most of her Art on Twitter! - twitter.com/dyarikku - youtube.com/channel/UCdGvQEGxpmp4GmOrzDkIJUw - dyarikku.com - tiktok.com/@dyarikku
[2022-12-28 19:17:06] <%NekodaFTW> !seisocheck
[2022-12-28 19:17:06] <@%^Nightbot> NekodaFTW is 60% Seiso,  Welcome to the Seiso Cops! rikkuCop
[2022-12-28 20:09:13] <@%$d3minded> !8ball Is Salty sus?
[2022-12-28 20:09:15] <@%^Nightbot> 🎱 You may rely on it.
[2022-12-28 20:09:17] <@%$d3minded> rikkuSusge
[2022-12-28 20:10:06] <%Lurkaar> rikkuSusge
[2022-12-28 20:10:21] <%Lurkaar> !8ball is demi horni?
[2022-12-28 20:10:22] <@%^Nightbot> 🎱 Outlook not so good...
[2022-12-28 20:10:30] <%Lurkaar> rikkuSusge sounds like 8ball is a liar
[2022-12-28 20:10:40] <@%$d3minded> d3mindNODDERS very seiso
[2022-12-28 20:10:43] <%gicu_1> X
[2022-12-28 20:10:46] <%Lurkaar> X
[2022-12-28 20:10:55] <@%$d3minded> !8ball am i seiso?
[2022-12-28 20:10:55] <@%^Nightbot> 🎱 Don't count on it.
[2022-12-28 20:10:59] <%gicu_1> NODDERS
[2022-12-28 20:11:01] <%Lurkaar> rikkuLOL betrayal
[2022-12-28 20:11:01] <@%$d3minded> !seisocheck
[2022-12-28 20:11:01] <@%^Nightbot> d3minded is 62% Seiso,  Welcome to the Seiso Cops! rikkuCop
[2022-12-28 20:11:05] <@%$d3minded> NODDERS
[2022-12-28 20:11:10] <%Lurkaar> awfully close to 69, huh rikkuSusge
[2022-12-28 20:11:11] <%gicu_1> !8ball was that a lie?
[2022-12-28 20:11:23] <%gicu_1> !8ball was that a lie? madBlin
[2022-12-28 20:11:23] <%Lurkaar> 🎱 you can count on it
[2022-12-28 20:11:25] <%gicu_1> peepoFingerLeave
[2022-12-28 20:11:38] <%gicu_1> PETTHEBOT Lurkaar
[2022-12-28 20:11:45] <%Lurkaar> sumikoPat
[2022-12-28 20:12:28] <@%$d3minded> HypeShock
[2022-12-28 20:12:39] <@%$d3minded> d3mindYandere look at me, its the eyes of innocence
[2022-12-28 20:13:03] <%Lurkaar> sure is asleepyHehe
[2022-12-28 20:31:59] <%xsyrionx> !seisocheck
[2022-12-28 20:32:00] <@%^Nightbot> xsyrionx is 29% Seiso,  Welcome to the Horni Revolution! yuniiHorni
[2022-12-28 20:32:20] <%xsyrionx> yuniiDab
[2022-12-28 20:44:31] <%Bootfighter> copBlin
[2022-12-28 20:44:46] <%Bootfighter> watch me fail this one
[2022-12-28 20:44:49] <%Bootfighter> !seisocheck PauseBlin
[2022-12-28 20:44:49] <@%^Nightbot> Bootfighter is 32% Seiso,  Welcome to the Horni Revolution! yuniiHorni
[2022-12-28 20:45:06] <%Bootfighter> rikkuDead
[2022-12-28 20:50:21] <%gicu_1> !seisocheck
[2022-12-28 20:50:21] <@%^Nightbot> gicu_1 is 51% Seiso,  Welcome to the Seiso Cops! rikkuCop
[2022-12-28 20:50:24] <%gicu_1> EZ `
[2022-12-28 20:56:47] <%CptTinko> @Nightbot itschi47Point
[2022-12-28 20:56:57] <%+Sneccy> !seisocheck
[2022-12-28 20:56:58] <@%^Nightbot> Sneccy is 50% Seiso,  Choose your Allegiance! rikkuZoomy
[2022-12-28 20:57:04] <%+Sneccy> rikkuSusge
[2022-12-28 20:57:12] <%CptTinko> itschi47Shock
[2022-12-28 21:12:28] <%ElPsyKongroo> rikkuSusge Sneccy
[2022-12-28 21:12:37] <@%$proot_proot> rikkuSusge
[2022-12-28 21:26:33] <%$Kaerick> blinCheck
[2022-12-28 21:26:41] <%$Kaerick> !seisocheck
[2022-12-28 21:26:41] <@%^Nightbot> Kaerick is 77% Seiso,  Welcome to the Seiso Cops! rikkuCop
[2022-12-28 21:27:06] <%$Kaerick> rikkuSit getting stronger every day
[2022-12-28 21:30:15] <@%^Nightbot> rikkuEZ Rikku Corp. is loading... Dya Rikku's other socials. She posts most of her Art on Twitter! - twitter.com/dyarikku - youtube.com/channel/UCdGvQEGxpmp4GmOrzDkIJUw - dyarikku.com - tiktok.com/@dyarikku
[2022-12-28 23:56:07] <%LunarOctopus0> !seisocheck PauseBlin
[2022-12-28 23:56:08] <@%^Nightbot> LunarOctopus0 is 15% Seiso,  Welcome to the Horni Revolution! yuniiHorni
[2022-12-28 23:56:16] <%LunarOctopus0> notedBlin seems legit
[2022-12-28 23:56:57] <%gicu_1> D:
[2022-12-28 23:57:16] <speedking1994> yuniiHorni
