# Log started: 2022-12-11 00:00:32 +0100
[2022-12-11 00:00:32] <%toyofrog> poupou :3
[2022-12-11 00:00:45] <%Poupou_Wholesome_meow> toyo AYAYALove
[2022-12-11 00:00:56] <%toyofrog> :d
[2022-12-11 00:04:13] <%thebombdevil> ManyPats pou toyo
[2022-12-11 00:04:22] <%toyofrog> bomb :3
[2022-12-11 00:04:37] <%Poupou_Wholesome_meow> thebombdevil, SoCute
[2022-12-11 00:05:32] <KITTENMEOWXDDCUMRAWR> sooo
[2022-12-11 00:05:37] <KITTENMEOWXDDCUMRAWR> i played a game league
[2022-12-11 00:05:42] <KITTENMEOWXDDCUMRAWR> actually won
[2022-12-11 00:06:22] <%Poupou_Wholesome_meow> BearHug ina
[2022-12-11 00:06:49] <KITTENMEOWXDDCUMRAWR> pou Kissahomie
[2022-12-11 00:07:01] <%kulokif> LETSGO INA
[2022-12-11 00:07:08] <%kulokif> who did you play as tink
[2022-12-11 00:07:11] <KITTENMEOWXDDCUMRAWR> https://inameow.s-ul.eu/oaQqWsJ3 my stats
[2022-12-11 00:07:11] DELETED: KITTENMEOWXDDCUMRAWR (https://inameow.s-ul.eu/oaQqWsJ3 my stats)
[2022-12-11 00:07:11] <@^Nightbot> @KITTENMEOWXDDCUMRAWR -> You have to let it go. [stop posting links] [warning]
[2022-12-11 00:07:13] <KITTENMEOWXDDCUMRAWR> ppL
[2022-12-11 00:07:14] <KITTENMEOWXDDCUMRAWR> oh
[2022-12-11 00:07:15] <%Poupou_Wholesome_meow> peepoBlanket
[2022-12-11 00:07:16] <%toyofrog> ina peepoClap
[2022-12-11 00:07:17] <KITTENMEOWXDDCUMRAWR> im free
[2022-12-11 00:07:22] <%kulokif> free LULW
[2022-12-11 00:07:30] <%kulokif> monkaE no snipers here Tssk
[2022-12-11 00:07:30] <%toyofrog> poggcrazy freedom
[2022-12-11 00:07:58] [Notification] Poupou_Wholesome_meow gifted 3 months of Tier 1 to KITTENMEOWXDDCUMRAWR. They've gifted 68 months in the channel! KITTENMEOWXDDCUMRAWR has subscribed for 15 months!
[2022-12-11 00:07:58] <@%^StreamElements> enviLove @KITTENMEOWXDDCUMRAWR Congratulations on being a Sandbagger for 15 months! Welcome back! enviComfy
[2022-12-11 00:08:03] <%toyofrog> widepeekoHappy
[2022-12-11 00:08:05] <%KITTENMEOWXDDCUMRAWR> pou
[2022-12-11 00:08:07] <%KITTENMEOWXDDCUMRAWR> u
[2022-12-11 00:08:12] <%Poupou_Wholesome_meow> KeqingVeryPog
[2022-12-11 00:08:14] <%toyofrog> monkaS
[2022-12-11 00:08:14] <%KITTENMEOWXDDCUMRAWR> WAIT
[2022-12-11 00:08:17] <%KITTENMEOWXDDCUMRAWR> 3 MONTHS
[2022-12-11 00:08:33] <%KITTENMEOWXDDCUMRAWR> pou u know i dont watch envi
[2022-12-11 00:08:50] <%kulokif> OMEGAAAAAAAAAAAAAAAAAAAAA
[2022-12-11 00:08:51] <%kulokif> FKING
[2022-12-11 00:08:54] <%kulokif> LUUUUUUUUUUUUUUUUUUUUUUUUUUUUUUUUUUUUUUUUUUUUL
[2022-12-11 00:09:02] <%Poupou_Wholesome_meow> YESIDOTHINKSO you can give flowers to offline chat
[2022-12-11 00:09:06] <%toyofrog> WAYTOODANK chatting
[2022-12-11 00:09:12] <%kulokif> welp
[2022-12-11 00:09:15] <%kulokif> ina time to post the link
[2022-12-11 00:09:19] <%kulokif> ppL
[2022-12-11 00:09:26] <%KITTENMEOWXDDCUMRAWR> https://inameow.s-ul.eu/oaQqWsJ3
[2022-12-11 00:10:07] <%KITTENMEOWXDDCUMRAWR> welp
[2022-12-11 00:10:09] <%KITTENMEOWXDDCUMRAWR> time to paypal pou
[2022-12-11 00:10:23] <%kulokif> Wokege
[2022-12-11 00:10:24] <%Poupou_Wholesome_meow> YESIDOTHINKSO time to block all transactions
[2022-12-11 00:10:25] <%kulokif> ina a lux main
[2022-12-11 00:10:27] <%kulokif> Wokege
[2022-12-11 00:10:36] <%KITTENMEOWXDDCUMRAWR> im not
[2022-12-11 00:10:46] <%kulokif> Tuckge oh...
[2022-12-11 00:11:19] <%KITTENMEOWXDDCUMRAWR> idk if i played well
[2022-12-11 00:11:26] <%kashima02> lurkk
[2022-12-11 00:12:46] <%LingeringWill> emoesmA
[2022-12-11 00:13:30] <%kulokif> kashima happ
[2022-12-11 00:19:44] <%toyofrog> kashima HUGGERS
[2022-12-11 00:20:42] <%kulokif> tink maybe 2 more weeks and my yoimiyaJAM is triple crown
[2022-12-11 00:21:35] <%toyofrog> pogg
[2022-12-11 00:21:43] <%moonlam_> PepePls just the two of us EDM
[2022-12-11 00:21:59] <%moonlam_> PepePls we can make if we try EDM
[2022-12-11 00:22:04] <%moonlam_> PepePls just the two of us EDM
[2022-12-11 00:22:06] <%kulokif> man i wish they added a prototype amber but for other weapons
[2022-12-11 00:22:08] <%kulokif> dejj
[2022-12-11 00:22:22] <%moonlam_> PepePls building castles in the sky EDM
[2022-12-11 00:22:27] <%moonlam_> PepePls just the two of us EDM
[2022-12-11 00:22:35] <%moonlam_> PepePls you and I EDM
[2022-12-11 00:24:08] <%LingeringWill> enviWobble
[2022-12-11 00:26:20] <%toyofrog> enviWobble
[2022-12-11 00:28:40] <$chocochriz> gm
[2022-12-11 00:28:49] <%KITTENMEOWXDDCUMRAWR> yo
[2022-12-11 00:28:56] <%Poupou_Wholesome_meow> SoCute Ai chan Λ
[2022-12-11 00:29:05] <%Poupou_Wholesome_meow> morning choco peepoSitHey
[2022-12-11 00:29:16] <%Poupou_Wholesome_meow> Will oyaHug
[2022-12-11 00:29:19] <$chocochriz> alo pou
[2022-12-11 00:29:23] <%LingeringWill> Choco enviHug
[2022-12-11 00:29:26] <%Poupou_Wholesome_meow> WeirdCat moon
[2022-12-11 00:29:31] <$chocochriz> alo alo AYAYALove
[2022-12-11 00:29:39] <%LingeringWill> Poupou fishywHug
[2022-12-11 00:30:23] <%toyofrog> choco :3
[2022-12-11 00:30:44] <$chocochriz> alo toyo
[2022-12-11 00:30:48] <%moonlam_> alo pou my bff my brother from another mother frenn
[2022-12-11 00:31:14] <%Poupou_Wholesome_meow> KEKWait moon not making fun of me for being Keqingless
[2022-12-11 00:32:41] <%moonlam_> NOPERS im moon_wholesome now :3
[2022-12-11 00:33:16] <%Poupou_Wholesome_meow> :3
[2022-12-11 00:33:47] <%kulokif> poupou you dont have Keqing ? Smoge
[2022-12-11 00:35:19] <%toyofrog> wholesome
[2022-12-11 00:35:22] <%toyofrog> widepeepoHappy
[2022-12-11 00:35:31] <%kulokif> widepeepoHappy Clap
[2022-12-11 00:36:00] <%moonlam_> widepeepoSit
[2022-12-11 00:38:27] <%Poupou_Wholesome_meow> FeelsBadMan yeah kulo no Keqing yet
[2022-12-11 00:38:53] <%Poupou_Wholesome_meow> hoyo gave me a Keqing acrylic stand but still no Keqing in-game
[2022-12-11 00:38:54] <%kulokif> okay
[2022-12-11 00:38:55] <%Poupou_Wholesome_meow> Smoge
[2022-12-11 00:39:04] <%kulokif> is saying you will get her on the next banner bad
[2022-12-11 00:39:06] <%kulokif> KEKW
[2022-12-11 00:39:19] <%Poupou_Wholesome_meow> I have guaranteed
[2022-12-11 00:39:27] <%Poupou_Wholesome_meow> so not even possible OMEGADANCE
[2022-12-11 00:39:27] <%kulokif> peepoPat you will get her on the next 50/50 loss
[2022-12-11 00:39:36] <%Poupou_Wholesome_meow> Hopium thank you
[2022-12-11 00:40:06] <%KITTENMEOWXDDCUMRAWR> keqing banner soon
[2022-12-11 00:40:46] <%Poupou_Wholesome_meow> enviWow rerun
[2022-12-11 00:45:11] <%$Jaxv3r> +peepoar
[2022-12-11 00:45:16] <%$Jaxv3r> peepoArrive
[2022-12-11 00:46:24] <%toyofrog> jax peepoHey
[2022-12-11 00:46:26] <%kulokif> jax Wokege
[2022-12-11 00:46:40] <%kulokif> how you doing cutie ManyPats
[2022-12-11 00:46:43] <%$Jaxv3r> good
[2022-12-11 00:46:45] <%$Jaxv3r> catYep
[2022-12-11 00:46:51] <@%CosmicSkittle> Jigglin
[2022-12-11 00:46:55] <%$Jaxv3r> BTW who should I beat next on Genshin TCG?
[2022-12-11 00:47:10] <%Poupou_Wholesome_meow> oyaHug jax, cosmix
[2022-12-11 00:47:11] <%$Jaxv3r> beat Ayaka and Yoyomiya
[2022-12-11 00:47:12] <%kulokif> cosmic Jigglin
[2022-12-11 00:47:16] <@%CosmicSkittle> pou enviHug
[2022-12-11 00:47:16] <%Poupou_Wholesome_meow> a
[2022-12-11 00:47:20] <%Poupou_Wholesome_meow> enviHug
[2022-12-11 00:47:23] <%kulokif> jax you going for meta pepeW »
[2022-12-11 00:47:25] <%kulokif> ?
[2022-12-11 00:47:31] <%$Jaxv3r> NOPERS
[2022-12-11 00:47:31] <@%CosmicSkittle> kulo Jigglin
[2022-12-11 00:47:38] <%$Jaxv3r> I'm going for stalling start :tf:
[2022-12-11 00:47:42] <%toyofrog> Jigglin
[2022-12-11 00:47:43] <%$Jaxv3r> strat*
[2022-12-11 00:47:44] <%toyofrog> eeeeee
[2022-12-11 00:47:50] <%toyofrog> aaaa wwwweeeaa
[2022-12-11 00:47:54] <%kulokif> enviNoted so barb, jean ?
[2022-12-11 00:48:07] <%$Jaxv3r> I haven't gotten control on how to use control decks in this game yet
[2022-12-11 00:48:27] <%$Jaxv3r> Man I'm searching on how to make aggro decks Hmm
[2022-12-11 00:48:40] <%$Jaxv3r> maybe Cyno is an aggro character
[2022-12-11 00:49:01] <%shoe_meow> @kulokif AYO https://i.imgur.com/ooYxQF8.png
[2022-12-11 00:49:19] <%$Jaxv3r> shoe Hmmkay
[2022-12-11 00:49:24] <%shoe_meow> finally an ultimate skin shard that isnt fucking udyr KEKL
[2022-12-11 00:49:34] <%shoe_meow> i got 4 spirit guard udyr shards
[2022-12-11 00:49:38] <hawichii> im waiting for lvl 7 so i can use cyno in my ganyu sc
[2022-12-11 00:49:55] <%kulokif> WTFF Shoe
[2022-12-11 00:50:02] <%kulokif> i mean i got spirit guard udyr was on a box KEKL
[2022-12-11 00:50:08] <hawichii> fish e > ganyu q > aggro cyno 🤔
[2022-12-11 00:50:18] <%shoe_meow> i open shit tons of orbs kulo
[2022-12-11 00:50:23] <%$Jaxv3r> how do you level up quick?
[2022-12-11 00:50:27] <%$Jaxv3r> or there's a limit rn
[2022-12-11 00:50:31] <hawichii> limit
[2022-12-11 00:50:33] <%$Jaxv3r> since you can't fight NPCS
[2022-12-11 00:50:33] <hawichii> on 4
[2022-12-11 00:50:34] <%$Jaxv3r> I see
[2022-12-11 00:50:35] <%kulokif> max rn is level 4 1230xp
[2022-12-11 00:50:43] <%shoe_meow> i have 304 skins, like 95% of them are from orbs/chests
[2022-12-11 00:50:48] <%kulokif> same
[2022-12-11 00:50:53] <%kulokif> catYep
[2022-12-11 00:51:01] <%shoe_meow> i want lux ultimate skin majj
[2022-12-11 00:51:11] <%$Jaxv3r> Man I can't believe I was fighting Diona with a basic deck, after fighting 2 NPC games KEKW
[2022-12-11 00:51:16] <%shoe_meow> i refuse to buy skins for their full price tho cuz GACHA
[2022-12-11 00:51:26] <%kulokif> @shoe_meow peepoGiggles
[2022-12-11 00:51:38] <hawichii> pretty sure you can beat every char with starter deck
[2022-12-11 00:51:38] <%$Jaxv3r> dendro might not be that great
[2022-12-11 00:51:41] <hawichii> just get lucky
[2022-12-11 00:51:45] <%$Jaxv3r> takes a while to get the dendro cores
[2022-12-11 00:51:47] <%kulokif> jax Clueless surely dendro sucks
[2022-12-11 00:51:54] <%$Jaxv3r> oh wait summon exist KEKW
[2022-12-11 00:51:57] <hawichii> collei is really good
[2022-12-11 00:52:02] <%$Jaxv3r> really
[2022-12-11 00:52:05] <hawichii> but dendro chicken is really bad
[2022-12-11 00:52:15] <hawichii> yeah her talent card
[2022-12-11 00:52:39] <%$Jaxv3r> I haven't tried talent cards yet
[2022-12-11 00:52:56] <%$Jaxv3r> so wait talent cards is essentially ult without energy Hmm
[2022-12-11 00:53:02] <hawichii> no
[2022-12-11 00:53:07] <hawichii> its just skill + more
[2022-12-11 00:53:12] <%$Jaxv3r> I see
[2022-12-11 00:53:17] <hawichii> its does different stuff for each char
[2022-12-11 00:53:33] <%$Jaxv3r> I  see
[2022-12-11 00:53:41] <%$Jaxv3r> I thought it was just ult without energy
[2022-12-11 00:53:49] <%$Jaxv3r> Sucrose Hmm
[2022-12-11 00:53:58] <hawichii> like collei talent plays her e
[2022-12-11 00:54:03] <%$Jaxv3r> lets take like a month until the meta sets in
[2022-12-11 00:54:07] <hawichii> but bennet talent plays q
[2022-12-11 00:54:11] <hawichii> nah
[2022-12-11 00:54:12] <%$Jaxv3r> it takes a while for card games since you need to get brand new cards
[2022-12-11 00:54:19] <hawichii> https://cdn.discordapp.com/attachments/1049254049356197908/1051262464995627038/NA.png https://cdn.discordapp.com/attachments/1049254049356197908/1051262436231086110/EU.png https://cdn.discordapp.com/attachments/1049254049356197908/1051262412919148657/Asia.png
[2022-12-11 00:54:19] DELETED: hawichii (https://cdn.discordapp.com/attachments/1049254049356197908/1051262464995627038/NA.png https://cdn.discordapp.com/attachments/1049254049356197908/1051262436231086110/EU.png https://cdn.discordapp.com/attachments/1049254049356197908/1051262412919148657/Asia.png)
[2022-12-11 00:54:19] <@^Nightbot> @hawichii -> So, who wants to dance?! [stop posting links] [warning]
[2022-12-11 00:54:23] <%kulokif> WAYTOODANK
[2022-12-11 00:54:24] <%$Jaxv3r> WTF WAYTOODANK
[2022-12-11 00:54:28] <%kulokif> WAYTOODANK CLap
[2022-12-11 00:54:31] <hawichii> here is like cards ppl play in todays tourney
[2022-12-11 00:54:31] <%kulokif> WAYTOODANK Clap
[2022-12-11 00:54:31] <@%^StreamElements> 3x WAYTOODANK combo SeemsGood
[2022-12-11 00:54:42] <%$Jaxv3r> bruh Oceanid
[2022-12-11 00:54:43] <%toyofrog> :3
[2022-12-11 00:54:46] <hawichii> ayamiya most popular
[2022-12-11 00:54:56] <%$Jaxv3r> yeah fuck meta
[2022-12-11 00:55:02] <%$Jaxv3r> I'm gonna make my own meta
[2022-12-11 00:55:58] <hawichii> hope they add a card that remove buff from your opponent
[2022-12-11 00:55:59] <%shoe_meow> https://clips.twitch.tv/LightVenomousAubergineCclamChamp-lmK-gVeypaSoOVBD
[2022-12-11 00:56:07] <hawichii> thats like send off for ganyu xd
[2022-12-11 00:56:18] <%$Jaxv3r> wait there was a tourney
[2022-12-11 00:56:26] <hawichii> in the tcg server yea
[2022-12-11 00:56:32] <%$Jaxv3r> what a server
[2022-12-11 00:56:33] <%$Jaxv3r> join me
[2022-12-11 00:56:37] <%$Jaxv3r> give me link
[2022-12-11 00:56:44] <hawichii> invokation
[2022-12-11 00:57:29] <%kulokif> ina are you a KKomi user tink
[2022-12-11 00:57:35] <%KITTENMEOWXDDCUMRAWR> yes
[2022-12-11 00:57:45] <%kulokif> i put 1 crown on her yesterday BASED
[2022-12-11 00:57:56] <%kulokif> need to farm more for the other 2 Hmmge
[2022-12-11 01:12:14] <%KITTENMEOWXDDCUMRAWR> anyways gn
[2022-12-11 01:12:17] <%KITTENMEOWXDDCUMRAWR> peepoSleep
[2022-12-11 01:12:25] <@%CosmicSkittle> gn ina peepoBye
[2022-12-11 01:12:44] <%$Jaxv3r> gn
[2022-12-11 01:13:14] <%toyofrog> gn tuckacutie ManyPats
[2022-12-11 01:13:57] <$chocochriz> man
[2022-12-11 01:14:04] <%kulokif> gn ina tuckacutie
[2022-12-11 01:14:06] <$chocochriz> I wanna see envi play choo choo charles
[2022-12-11 01:14:13] <%kulokif> PepeLa
[2022-12-11 01:14:21] <%kulokif> havent seen it yet
[2022-12-11 01:14:22] <$chocochriz> its now out, and its so fun to play
[2022-12-11 01:14:31] <@%CosmicSkittle> i was excited for that game but looks more like a shooter than a horror FeelsBadMan
[2022-12-11 01:14:40] <%kulokif> KEKWait really ?
[2022-12-11 01:14:47] <%kulokif> FeelsBadMan no scream counter  then ?
[2022-12-11 01:15:05] <$chocochriz> PepeLa I remember when I linked him a video of the trailer of the game like a year ago
[2022-12-11 01:15:25] <$chocochriz> cosmicskittle its not only the train who is only you need to avoid
[2022-12-11 01:15:31] <$chocochriz> there's alot got added
[2022-12-11 01:15:57] <@%CosmicSkittle> yeah i was watching xqcCheer play it
[2022-12-11 01:16:30] <$chocochriz> oh x played it?
[2022-12-11 01:16:38] <$chocochriz> zamn I might watch vod
[2022-12-11 01:16:55] <$chocochriz> waiting for forsen to play
[2022-12-11 01:17:20] <$chocochriz> oh wait nvm he played it
[2022-12-11 01:17:35] <$chocochriz> bro I got busy doing genshin account comissions
[2022-12-11 01:22:24] <%kulokif> cosmic are you a fan of horror games tink
[2022-12-11 01:27:04] <%shoe_meow> @kulokif no im nt
[2022-12-11 01:27:07] <%shoe_meow> nt
[2022-12-11 01:27:09] <%shoe_meow> nt 󠀀
[2022-12-11 01:27:10] <%shoe_meow> nt
[2022-12-11 01:27:20] <%$Jaxv3r> tf is NT mean?
[2022-12-11 01:27:22] <%kulokif> ???????????
[2022-12-11 01:27:24] <%shoe_meow> nice try
[2022-12-11 01:27:32] <%kulokif> why you pinging me nt
[2022-12-11 01:27:33] <%kulokif> KEKW ?
[2022-12-11 01:27:45] <%$Jaxv3r> thx
[2022-12-11 01:28:07] <%shoe_meow> nt
[2022-12-11 01:28:54] <%kulokif> shoe https://prnt.sc/IyRyzWmQ6glB
[2022-12-11 01:28:59] <%kulokif> smile :)
[2022-12-11 01:29:07] <%LingeringWill> Hi Jax
[2022-12-11 01:29:39] <%shoe_meow> i will smile when my balls hit yo jaw
[2022-12-11 01:29:44] <%kulokif> KannaPolice !!!
[2022-12-11 01:29:51] <%$Jaxv3r> @kulokif, haHAA
[2022-12-11 01:29:53] <%$Jaxv3r> ICANT
[2022-12-11 01:29:54] <%$Jaxv3r> GOODONE
[2022-12-11 01:30:04] <%kulokif> jax peepoLove
[2022-12-11 01:30:13] <%kulokif> peepoSled lingering
[2022-12-11 01:30:33] <%LingeringWill> kulokif enviT
[2022-12-11 01:30:38] <%$Jaxv3r> ello will
[2022-12-11 01:39:46] <KLOn_pancAKES> -2HoursKEKL
[2022-12-11 01:39:54] <%kulokif> Wokege
[2022-12-11 01:39:58] <%kulokif> -2HoursKEKL ???
[2022-12-11 01:40:06] <%kulokif> ppPoof
[2022-12-11 01:40:33] <KLOn_pancAKES> PepeLaugh
[2022-12-11 01:40:36] <%toyofrog> me ow
[2022-12-11 01:40:39] <%toyofrog> ow me
[2022-12-11 01:40:44] <$chocochriz> i was curious, why did he named the balladeer -2HoursKEKL
[2022-12-11 01:40:45] <%kulokif> meow '
[2022-12-11 01:41:08] <KLOn_pancAKES> @chocochriz I'm just watching the VOD, I didn't know too, and the reason is hilarious
[2022-12-11 01:41:20] <%toyofrog> i think it was bc it took him about 2 hours to think of a name OMEGAYAYA
[2022-12-11 01:41:28] <$chocochriz> wtf
[2022-12-11 01:41:33] <%kulokif> bro
[2022-12-11 01:41:37] <%kulokif> blue, his editor
[2022-12-11 01:41:41] <%kulokif> uploaded on clips channel
[2022-12-11 01:41:45] <%kulokif> a 1:30 hour vid
[2022-12-11 01:41:48] <$chocochriz> aint no fucking way he took 2 hours to think for a name
[2022-12-11 01:41:50] <%kulokif> of the name choosing
[2022-12-11 01:41:51] <KLOn_pancAKES> he's right, he was picking it for 2hours, did it as a joke and couldn't fix it
[2022-12-11 01:41:52] <$chocochriz> AINTNOWAY NAHHH
[2022-12-11 01:41:55] <%toyofrog> im watching it rn OMEGAYAYA
[2022-12-11 01:42:05] <$chocochriz> AINTNOWAY NAHHH LIL BRO WTF
[2022-12-11 01:42:11] <%kulokif> https://www.youtube.com/watch?v=2Tr_WhCETAk&ab_channel=EnviosityClips
[2022-12-11 01:42:13] <%kulokif> @chocochriz
[2022-12-11 01:42:20] <KLOn_pancAKES> ACCOUNTED RUINED AINTNOWAY
[2022-12-11 01:42:25] <%toyofrog> ICANT this dood
[2022-12-11 01:42:27] <%kulokif> enjoy PepeLaugh
[2022-12-11 01:42:51] <%$Jaxv3r> you can still change it right?
[2022-12-11 01:42:55] <%kulokif> 1 more time
[2022-12-11 01:42:59] <%kulokif> but aparrentely the item is bugged so
[2022-12-11 01:43:01] <%kulokif> Wakaru
[2022-12-11 01:43:06] <%$Jaxv3r> oh
[2022-12-11 01:43:08] <KLOn_pancAKES> OMEGADANCE
[2022-12-11 01:43:09] <%$Jaxv3r> KEKL
[2022-12-11 01:43:17] <$chocochriz> OMEGALUL I FUCKING CANT AINTNOWAY
[2022-12-11 01:43:23] <%toyofrog> thank god im happy with my name Saved
[2022-12-11 01:43:25] <$chocochriz> AINTNOWAY NAHHHHHHHHHH
[2022-12-11 01:43:31] <KLOn_pancAKES> fuck around and find out moment
[2022-12-11 01:43:39] <%$Jaxv3r> same toyo
[2022-12-11 01:43:47] <%kulokif> i chose WANDERER BASED
[2022-12-11 01:43:53] <KLOn_pancAKES> you could?
[2022-12-11 01:43:58] <%$Jaxv3r> I call him tree in my native language
[2022-12-11 01:44:03] <%kulokif> after all thats what they will be using in the voice lines so Wakaru
[2022-12-11 01:44:04] <%$Jaxv3r> and also it means other thing catYep
[2022-12-11 01:44:12] <KLOn_pancAKES> I called him Shin'Ichirou
[2022-12-11 01:44:13] <%toyofrog> OhISee
[2022-12-11 01:44:16] <$chocochriz> OMEGALUL
[2022-12-11 01:44:33] <%toyofrog> I named him Kishi bc it used to be an old alias i went by
[2022-12-11 01:44:39] <KLOn_pancAKES> shin-heart ichi-one rou-man's
[2022-12-11 01:44:44] <%toyofrog> i think it suits him NODDIES
[2022-12-11 01:44:47] <$chocochriz> if I ever get scara
[2022-12-11 01:44:48] <%$Jaxv3r> some people name him Sasuke
[2022-12-11 01:44:52] <$chocochriz> idk
[2022-12-11 01:44:53] <KLOn_pancAKES> lmao
[2022-12-11 01:45:01] <%toyofrog> Suske interesting
[2022-12-11 01:45:02] <$chocochriz> maybe imma just name him Fandango or somethin
[2022-12-11 01:45:19] <%kulokif> Suske ???
[2022-12-11 01:45:23] <%kulokif> Naruge modCheck
[2022-12-11 01:45:33] <KLOn_pancAKES> who's gonna name him Naruto though
[2022-12-11 01:45:39] <$chocochriz> or like Horosha
[2022-12-11 01:45:51] <$chocochriz> Horosha in english is Wanderer iirc
[2022-12-11 01:45:55] <KLOn_pancAKES> or change Traveler's name to Naruto and you have entire manga
[2022-12-11 01:46:23] <%$Jaxv3r> I'm a Lumine regretter TrollDespair
[2022-12-11 01:46:30] <KLOn_pancAKES> OOF
[2022-12-11 01:46:30] <%$Jaxv3r> I wish I can change my MC
[2022-12-11 01:46:32] <KLOn_pancAKES> name her Sakura
[2022-12-11 01:46:39] <%$Jaxv3r> Scaramouche is fine if I hated it
[2022-12-11 01:46:42] <$chocochriz> uhhhh
[2022-12-11 01:46:43] <KLOn_pancAKES> OMEGADANCE
[2022-12-11 01:46:43] <%$Jaxv3r> but MC
[2022-12-11 01:46:46] <%$Jaxv3r> dejj
[2022-12-11 01:46:52] <$chocochriz> what are the words you can think if you hear Worm
[2022-12-11 01:46:59] <KLOn_pancAKES> I tried to name him Scaramouche, game didnt let me
[2022-12-11 01:47:00] <%$Jaxv3r> just please give us free character switch mihoyo Prayge
[2022-12-11 01:47:01] <%toyofrog> u dare gaze upon me?! Worm
[2022-12-11 01:47:12] <KLOn_pancAKES> bow before me WORMS
[2022-12-11 01:48:04] <$chocochriz> name him mushi
[2022-12-11 01:48:12] <KLOn_pancAKES> moshi-moshi
[2022-12-11 01:48:17] <$chocochriz> Imo mushi means Worm in Japanese
[2022-12-11 01:48:20] <KLOn_pancAKES> Scaramushi
[2022-12-11 01:48:21] <%kulokif> ALOO Klon
[2022-12-11 01:48:33] <$chocochriz> scaramushi Worm
[2022-12-11 01:48:39] <%toyofrog> i was really close to naming him mochi
[2022-12-11 01:48:46] <KLOn_pancAKES> Scaramochi
[2022-12-11 01:48:56] <%toyofrog> ye
[2022-12-11 01:48:59] <$chocochriz> Scaramuchi
[2022-12-11 01:49:09] <KLOn_pancAKES> Scaramoose
[2022-12-11 01:49:56] <$chocochriz> wait
[2022-12-11 01:50:02] <$chocochriz> can you name him  just Scara?
[2022-12-11 01:50:05] <KLOn_pancAKES> Scara AINTNOWAY -2HoursKEKL
[2022-12-11 01:50:07] <%toyofrog> Wakaru
[2022-12-11 01:50:20] <KLOn_pancAKES> use the thungy to change his name
[2022-12-11 01:50:23] <KLOn_pancAKES> thingy*
[2022-12-11 01:50:56] <%$Jaxv3r> Zhongli's JP VA pull for Scara
[2022-12-11 01:50:59] <%toyofrog> -1 item FeelsBadMan
[2022-12-11 01:51:01] <KLOn_pancAKES> pepePoint -2HoursKEKL
[2022-12-11 01:51:14] <hawichii> https://i.nuuls.com/uXbsP.png
[2022-12-11 01:51:14] DELETED: hawichii (https://i.nuuls.com/uXbsP.png)
[2022-12-11 01:51:14] <@^Nightbot> @hawichii -> AAhhh... much better! [stop posting links] [warning]
[2022-12-11 01:51:17] <%toyofrog> zhongli jp va BASED
[2022-12-11 01:51:22] <$chocochriz> like I know Scaramouchw and Balladeer doesnt work
[2022-12-11 01:51:29] <%toyofrog> very interesting lumine
[2022-12-11 01:51:32] <%$Jaxv3r> he plays the game regularly
[2022-12-11 01:51:33] <hawichii> just put special chars
[2022-12-11 01:51:33] <%$Jaxv3r> like Venti
[2022-12-11 01:51:35] <$chocochriz> but what if you put 'The' in the beginning
[2022-12-11 01:51:37] <%$Jaxv3r> both of them are whales
[2022-12-11 01:51:41] <hawichii> no space
[2022-12-11 01:51:42] <KLOn_pancAKES> The Scaramouche?
[2022-12-11 01:51:44] <%$Jaxv3r> C6 5 stars OMEGALUL
[2022-12-11 01:51:53] <$chocochriz> The Balladeer
[2022-12-11 01:51:53] <$chocochriz> for ex
[2022-12-11 01:51:53] <%$Jaxv3r> Venti VA plays on the iPad
[2022-12-11 01:52:11] <%toyofrog> GIGACHAD mobile gamer
[2022-12-11 01:52:14] <KLOn_pancAKES> Balladeer sounds boring not as cool as Scaramouche
[2022-12-11 01:52:32] <%$Jaxv3r> should have call him Balddeeznuts
[2022-12-11 01:52:43] <$chocochriz> his attacks are wind blades right? scaras?
[2022-12-11 01:52:53] <KLOn_pancAKES> Baaldeeznuts
[2022-12-11 01:53:04] <%toyofrog> wind blades catYep
[2022-12-11 01:53:26] <KLOn_pancAKES> his Q icon is traveler's windlbade
[2022-12-11 01:53:29] <$chocochriz> was thinking of Kazeha but nah lil bro
[2022-12-11 01:53:45] <$chocochriz> Kaze (Wind Blade) Ha (Blade)
[2022-12-11 01:53:47] <$chocochriz> Wind*
[2022-12-11 01:53:51] <KLOn_pancAKES> sounds too much like Kazuha
[2022-12-11 01:53:56] <$chocochriz> ye
[2022-12-11 01:54:05] <%kulokif> PagMan KAZOOOOOOOOOO
[2022-12-11 01:54:10] <$chocochriz> what about those circle on his burst skill
[2022-12-11 01:54:17] <%$Jaxv3r> Ha can be also be wave tho
[2022-12-11 01:54:22] <%$Jaxv3r> Japanese use Kanji
[2022-12-11 01:54:26] <KLOn_pancAKES> I was actually avoiding any names with K, I was searching that starts with S
[2022-12-11 01:54:32] <$chocochriz> is it some kind of vortex pressure wind?
[2022-12-11 01:54:36] <$chocochriz> on his burst?
[2022-12-11 01:54:49] <%kulokif> ye
[2022-12-11 01:54:53] <%kulokif> he compresses the atmosphere
[2022-12-11 01:54:55] <%toyofrog> vortex catYep
[2022-12-11 01:55:03] <KLOn_pancAKES> vortex?
[2022-12-11 01:55:04] <%$Jaxv3r> man kanji is weird if just turn it onto regular alphabet
[2022-12-11 01:56:09] <KLOn_pancAKES> Shinzō is a nice name for Scara
[2022-12-11 01:57:10] <hawichii> shinzo abe
[2022-12-11 01:57:22] <$chocochriz> shinzo abe looks fine
[2022-12-11 01:57:39] <KLOn_pancAKES> unfortunately a guy pops up in google than its meaning
[2022-12-11 01:57:46] <%tinkerer011> name him sacaramussy catYep
[2022-12-11 01:57:56] <KLOn_pancAKES> Scarap-
[2022-12-11 01:58:13] <%tinkerer011> Susge
[2022-12-11 01:58:22] <KLOn_pancAKES> Suskayge
[2022-12-11 01:58:47] <$chocochriz> Kunikuzushi gud as well
[2022-12-11 01:58:57] <%tinkerer011> nah he wont allow iirc
[2022-12-11 01:59:04] <KLOn_pancAKES> I could have try all options
[2022-12-11 01:59:07] <$chocochriz> oh rlly?
[2022-12-11 01:59:15] <%kulokif> YEP
[2022-12-11 01:59:15] <hawichii> you can
[2022-12-11 01:59:18] <%kulokif> try putting your own name choco
[2022-12-11 01:59:18] <hawichii> just put
[2022-12-11 01:59:20] <%kulokif> see what he says
[2022-12-11 01:59:20] <hawichii> diff char
[2022-12-11 01:59:43] <UltraGaming_1001> !commands
[2022-12-11 01:59:43] <@%^StreamElements> UltraGaming_1001 The list of commands available can be found here: https://streamelements.com/enviosity/commands
[2022-12-11 02:00:08] <KLOn_pancAKES> I will later try out the name Scara, with that new item
[2022-12-11 02:00:15] <%tinkerer011> name him -2HoursKEKL catYep
[2022-12-11 02:00:19] <%kulokif> !hug
[2022-12-11 02:00:19] <@%^StreamElements>* kulokif gives 11pumpkin a hug! <3 There have been 10021 hugs in chat enviHug
[2022-12-11 02:00:20] <%kulokif> !mimic
[2022-12-11 02:00:21] <@%^StreamElements> leonaloma is a mimic! D: Be careful!
[2022-12-11 02:00:31] <KLOn_pancAKES> PepeLa 👉 -2HoursKEKL
[2022-12-11 02:00:49] <UltraGaming_1001> Wait why are people here? KEKW
[2022-12-11 02:00:57] <hawichii> chocochriz https://unicode-table.com/en/200B/
[2022-12-11 02:00:57] <@^Nightbot> @hawichii -> I do what I must. [stop posting links]
[2022-12-11 02:00:57] BAN: hawichii (600s)
[2022-12-11 02:01:36] <$chocochriz> Hakaisha is gud as well
[2022-12-11 02:01:41] <UltraGaming_1001> !3characters
[2022-12-11 02:01:41] <@%^StreamElements> Why Enviosity uses 3 characters: https://clips.twitch.tv/VibrantSuspiciousWallabyStrawBeary
[2022-12-11 02:01:47] <KLOn_pancAKES> I was watching the VOD why he picked -2HoursKEKL and wanted to post it in chat
[2022-12-11 02:01:50] <Klaizle> oops
[2022-12-11 02:01:56] <$chocochriz> Destroyer in japanese in noun sense
[2022-12-11 02:01:58] <Klaizle> choco put that char in between
[2022-12-11 02:02:03] <Klaizle> and it will bypass block
[2022-12-11 02:02:18] <$chocochriz> tink I se
[2022-12-11 02:02:26] <$chocochriz> might bookmark this
[2022-12-11 02:02:28] <KLOn_pancAKES> is that a letter? a space? or what
[2022-12-11 02:02:41] <Klaizle> Zero Width Space
[2022-12-11 02:03:05] <%tinkerer011> name him the glorious -2HoursKEKL
[2022-12-11 02:03:12] <KLOn_pancAKES> OMEGADANCE
[2022-12-11 02:03:13] <$chocochriz> zero width space, its for bypassing stuff
[2022-12-11 02:03:24] <UltraGaming_1001> !reddit
[2022-12-11 02:03:25] <@%^StreamElements> Enviosity's Reddit: https://www.reddit.com/r/Enviosity/
[2022-12-11 02:03:33] <KLOn_pancAKES> will it show as a blank SPACE or as nothing?
[2022-12-11 02:03:34] <%tinkerer011> AINTNOWAY this my streamer dawg
[2022-12-11 02:03:47] <Klaizle> it will look like normal
[2022-12-11 02:03:53] <$chocochriz> ye
[2022-12-11 02:04:08] <KLOn_pancAKES> TEST
[2022-12-11 02:04:16] <KLOn_pancAKES> Thinkge
[2022-12-11 02:04:19] <Klaizle> twitch doesnt take it
[2022-12-11 02:05:05] <Klaizle> it used to
[2022-12-11 02:06:00] <UltraGaming_1001> ;
[2022-12-11 02:06:06] <UltraGaming_1001> !eu
[2022-12-11 02:06:06] <@%^StreamElements> Enviosity changed servers to EU: https://youtu.be/dvjYz3gj6aU
[2022-12-11 02:08:12] <%tinkerer011> you cant name him 'Traveler'  either
[2022-12-11 02:08:28] <hawichii> avare
[2022-12-11 02:09:07] <KLOn_pancAKES> how about Scara
[2022-12-11 02:10:12] <%tinkerer011> i think you can
[2022-12-11 02:10:52] <KLOn_pancAKES> I could have picked so AINTNOWAY why I ididn't check
[2022-12-11 02:11:35] <%kulokif> peepoSleep
[2022-12-11 02:11:42] <%tinkerer011> -2HoursKEKL supremacy EZ
[2022-12-11 02:12:09] <KLOn_pancAKES> I hope Envi knows he can use the item
[2022-12-11 02:21:21] <%$Jaxv3r> its bugged rn
[2022-12-11 02:21:22] <%$Jaxv3r> klon
[2022-12-11 02:21:55] <%tinkerer011> bugged?
[2022-12-11 02:21:58] <%tinkerer011> like it wont work?
[2022-12-11 02:22:05] <%$Jaxv3r> that's what I heard
[2022-12-11 02:22:06] <%$Jaxv3r> catYep
[2022-12-11 02:24:52] <%tinkerer011> Hmmge
[2022-12-11 02:25:02] <%tinkerer011> is that why envi didnt rename him?
[2022-12-11 02:29:36] <%toyofrog> Wakaru
[2022-12-11 02:31:49] <%kikooo3o> meow
[2022-12-11 02:32:11] <%toyofrog> meow
[2022-12-11 02:33:00] <hawichii> https://cdn.discordapp.com/attachments/350719486959157258/1049829744423751731/gx0ffarqkp3a1.jpg
[2022-12-11 02:33:00] DELETED: hawichii (https://cdn.discordapp.com/attachments/350719486959157258/1049829744423751731/gx0ffarqkp3a1.jpg)
[2022-12-11 02:33:00] <@^Nightbot> @hawichii -> What were you thinking? [stop posting links] [warning]
[2022-12-11 02:35:58] <%$Jaxv3r> man its so hard to see Jerma outside of the TF2 community
[2022-12-11 02:36:09] <hawichii> wym
[2022-12-11 02:40:40] <%$Jaxv3r> he was once connected to the TF2 community back then
[2022-12-11 02:40:43] <%$Jaxv3r> I was there TrollDespair
[2022-12-11 02:44:13] <%kashima02> lurkk
[2022-12-11 02:57:33] <%szo82> POCHITAAA
[2022-12-11 03:16:24] <%tinkerer011> new mommy Blush
[2022-12-11 03:50:33] <$chocochriz> chat i need to not sleep, gimme an idea something to do to not sleep
[2022-12-11 03:56:27] <%toyofrog> do a puzzle Thinkge
[2022-12-11 03:58:24] <Zaps_S> FeelsOkayMan go sleep
[2022-12-11 03:59:39] <$chocochriz> no
[2022-12-11 03:59:45] <$chocochriz> i hab band practice
[2022-12-11 03:59:50] <$chocochriz> cant sleep
[2022-12-11 03:59:59] <%LingeringWill> enviSWIM
[2022-12-11 04:00:40] <%toyofrog> Hmm
[2022-12-11 04:00:47] <%toyofrog> hi zaps :3
[2022-12-11 04:04:39] <%tinkerer011> go watch all one piece episode Okayge
[2022-12-11 04:06:14] <Lazey_y> lurkk
[2022-12-11 04:06:18] <Lazey_y> !hug
[2022-12-11 04:06:18] <@%^StreamElements>* Lazey_y gives tobuchas a hug! <3 There have been 10022 hugs in chat enviHug
[2022-12-11 04:06:20] <Lazey_y> !mimic
[2022-12-11 04:06:20] <@%^StreamElements> blebbelb is a mimic! D: Be careful!
[2022-12-11 04:06:26] <%toyofrog> lazey :3
[2022-12-11 04:06:38] <Lazey_y> toyo :3
[2022-12-11 04:07:14] <Zaps_S> hi toyo peepoSled
[2022-12-11 04:08:08] <%LingeringWill> Lazey, Zaps enviT
[2022-12-11 04:08:18] <Zaps_S> will PagBounce
[2022-12-11 04:08:36] <Lazey_y> allo Zaps PagBounce
[2022-12-11 04:08:42] <Zaps_S> lazey PagBoucne
[2022-12-11 04:08:45] <Zaps_S> PagBounce
[2022-12-11 04:19:51] <shush_ninja> WideMeow
[2022-12-11 04:23:02] <%LingeringWill> Hello shush
[2022-12-11 04:23:16] <shush_ninja> ALOO will :3
[2022-12-11 04:38:53] <%toyofrog> :3 shushy shush
[2022-12-11 04:42:42] <%toyofrog> my nahida friendship 10 woooo dookdookdance
[2022-12-11 04:54:00] <%kashima02> LIFE
[2022-12-11 04:54:33] <%Fafnnirr> @DIANO stop
[2022-12-11 04:54:36] <DIANO> @fafnnirr, FeelsOkayMan I won't break your next pyramid
[2022-12-11 04:54:43] <%Fafnnirr> forsenLaughingAtYou
[2022-12-11 04:54:44] <%Fafnnirr> forsenLaughingAtYou forsenLaughingAtYou
[2022-12-11 04:54:45] <%Fafnnirr> forsenLaughingAtYou forsenLaughingAtYou forsenLaughingAtYou
[2022-12-11 04:54:47] <%Fafnnirr> forsenLaughingAtYou forsenLaughingAtYou
[2022-12-11 04:54:48] <%Fafnnirr> forsenLaughingAtYou
[2022-12-11 04:54:58] <%toyofrog> peepoClap
[2022-12-11 05:10:12] <shush_ninja> toyo :3
[2022-12-11 05:10:22] <%toyofrog> :3
[2022-12-11 05:12:27] <Cecilsky> I lost my wanderer 50/50 to diluc after scavenging all the world for the last wish peepoSad
[2022-12-11 05:13:51] <shush_ninja> PoroSad
[2022-12-11 05:15:12] <nucici> hey chat, i'm really curious how much primos do you need to c6 a 5 star?
[2022-12-11 05:15:57] <Zaps_S> idk like around 200k if guranteed
[2022-12-11 05:16:06] <nucici> wait.. 100k is not enough??
[2022-12-11 05:16:08] <Zaps_S> i mean
[2022-12-11 05:16:13] <Zaps_S> thats when u go full pity
[2022-12-11 05:16:18] <Zaps_S> lost 5050 7 times
[2022-12-11 05:16:23] <nucici> holy shit
[2022-12-11 05:17:43] <%LingeringWill> 172,800 primos if you hit hard pity every time
[2022-12-11 05:18:57] <Zaps_S> will u need 7
[2022-12-11 05:19:06] <Zaps_S> 1 char then 6 cons
[2022-12-11 05:19:08] <Zaps_S> tink
[2022-12-11 05:19:22] <Zaps_S> or uunless they already have the char
[2022-12-11 05:19:32] <Zaps_S> TrollDespair then thats how much it cost to c6
[2022-12-11 05:21:13] <hawichii> eyah
[2022-12-11 05:21:16] <hawichii> now r5
[2022-12-11 05:28:54] <$chocochriz> ppPoof band practice time
[2022-12-11 05:29:44] <hawichii> hf
[2022-12-11 05:29:50] <hawichii> kessoku bando
[2022-12-11 05:47:16] <Cecilsky> how many dendroculous should be left over this patch
[2022-12-11 05:47:21] <Cecilsky> if u find all
[2022-12-11 06:04:26] <%kashima02> goodnight chat peepoBye
[2022-12-11 06:04:28] <%kashima02> elisSleep
[2022-12-11 06:05:33] <%thebombdevil> gn kashima enviHug
[2022-12-11 06:05:45] <%+aeolife> Goodnight enviBedge
[2022-12-11 06:23:31] [Notification] notyouthu subscribed with Prime. They've subscribed for 6 months!
[2022-12-11 06:23:31] <@%^StreamElements> enviLove @notyouthu Congratulations on being a Sandbagger for 6 months! Welcome back! enviComfy
[2022-12-11 06:26:34] <%$Jaxv3r> PogU
[2022-12-11 06:26:39] <%$Jaxv3r> Yo envi
[2022-12-11 06:26:40] <%$Jaxv3r> thank him
[2022-12-11 06:26:42] <%$Jaxv3r> WeirdChamp
[2022-12-11 06:38:20] <%$Jaxv3r> You've changed
[2022-12-11 06:38:26] <%$Jaxv3r> FeelsWeirdMan
[2022-12-11 06:50:21] <%tinkerer011> imagine envi plays mortuary assistant Clueless
[2022-12-11 07:07:43] <%shoe_meow> https://clips.twitch.tv/LitigiousBumblingGerbilSSSsss-Hx7Ey55kSUORIh0c
[2022-12-11 07:12:41] <@%CosmicSkittle> 🥱
[2022-12-11 07:18:34] <Zaps_S> dejj
[2022-12-11 07:18:41] <Zaps_S> ello cosmic PagBounce
[2022-12-11 07:20:26] <@%CosmicSkittle> zaps enviHug
[2022-12-11 07:30:15] <shush_ninja> meow
[2022-12-11 07:30:47] <shush_ninja> !hug
[2022-12-11 07:30:47] <@%^StreamElements>* shush_ninja gives saoyomi a hug! <3 There have been 10023 hugs in chat enviHug
[2022-12-11 07:30:51] <shush_ninja> !mimic
[2022-12-11 07:30:51] <@%^StreamElements> nekodemon76 is a mimic! D: Be careful!
[2022-12-11 07:30:54] <shush_ninja> !meow
[2022-12-11 07:30:55] <DIANO> @shush_ninja, meow
[2022-12-11 07:30:55] <Lazey_y> :3
[2022-12-11 07:31:00] <shush_ninja> :3
[2022-12-11 07:31:04] <shush_ninja> :d
[2022-12-11 07:31:11] <Lazey_y> :d
[2022-12-11 07:36:42] <Lazey_y> https://i.imgur.com/qiJ45Dc.png 1 more rank
[2022-12-11 07:36:42] DELETED: Lazey_y (https://i.imgur.com/qiJ45Dc.png 1 more rank)
[2022-12-11 07:36:42] <@^Nightbot> @Lazey_y -> You have my attention. [stop posting links] [warning]
[2022-12-11 08:13:44] <%szo82> wtf
[2022-12-11 08:13:48] <%szo82> whats this
[2022-12-11 08:13:55] <%szo82> Edward the Man-Eating Train
[2022-12-11 08:53:25] <%tinkerer011> @Enviosity play choo choo charles  pls Prayge
[2022-12-11 09:06:29] <565_delta_565> apogus zaps
[2022-12-11 09:06:44] <Zaps_S> hi
[2022-12-11 09:27:25] <%tinkerer011> apogus -2HoursKEKL
[2022-12-11 10:15:20] <shush_ninja> !hug
[2022-12-11 10:15:20] <@%^StreamElements>* shush_ninja gives 0bruhun a hug! <3 There have been 10024 hugs in chat enviHug
[2022-12-11 10:15:20] <shush_ninja> !mimic
[2022-12-11 10:15:20] <@%^StreamElements> chengscigeek is a mimic! D: Be careful!
[2022-12-11 10:15:20] <shush_ninja> !meow
[2022-12-11 10:15:20] <DIANO> @shush_ninja, meow
[2022-12-11 10:49:32] <%Kite_0x0> finally back from chistmas part
[2022-12-11 10:49:35] <%Kite_0x0> apogus
[2022-12-11 10:49:44] <%Kite_0x0> party*
[2022-12-11 11:16:25] <angElaaaa_01> !hug
[2022-12-11 11:16:25] <@%^StreamElements>* angElaaaa_01 gives 0bruhun a hug! <3 There have been 10025 hugs in chat enviHug
[2022-12-11 11:16:28] <angElaaaa_01> !mimic
[2022-12-11 11:16:28] <@%^StreamElements> zaps_s is a mimic! D: Be careful!
[2022-12-11 11:16:35] <angElaaaa_01> sus
[2022-12-11 11:17:15] <shush_ninja> WideMeow
[2022-12-11 11:17:36] <angElaaaa_01> shush ManyPats
[2022-12-11 11:17:51] <shush_ninja> angela :3
[2022-12-11 11:22:09] <0_Kuro_> RAGEY
[2022-12-11 11:24:22] <angElaaaa_01> kuro PagBounce
[2022-12-11 11:24:32] <0_Kuro_> angela meow
[2022-12-11 11:28:44] <Zaps_S> sussy
[2022-12-11 11:28:46] <Zaps_S> apogus
[2022-12-11 11:29:15] <shush_ninja> apogus
[2022-12-11 11:31:15] <shush_ninja> !hug
[2022-12-11 11:31:16] <@%^StreamElements>* shush_ninja gives lanarayyyy a hug! <3 There have been 10026 hugs in chat enviHug
[2022-12-11 11:31:17] <shush_ninja> !mimic
[2022-12-11 11:31:17] <@%^StreamElements> str8up_lethal is a mimic! D: Be careful!
[2022-12-11 11:31:19] <shush_ninja> meow
[2022-12-11 11:59:08] <hawichii> missed lethal
[2022-12-11 12:04:50] <%dalypupu> !hug
[2022-12-11 12:04:51] <@%^StreamElements>* dalypupu gives kazuyahallo a hug! <3 There have been 10027 hugs in chat enviHug
[2022-12-11 12:05:00] <%dalypupu> enviHug
[2022-12-11 12:08:00] <%$hi_im_polgi> catKISS chat
[2022-12-11 12:10:02] <shush_ninja> polgi :3
[2022-12-11 12:10:12] <%$hi_im_polgi> shush :3
[2022-12-11 12:30:47] <%HaveBallsButNoBaal> Yo chat CatPeek
[2022-12-11 12:31:46] <%$hi_im_polgi> HaveBallsButNoBaal, yo HUGGERS
[2022-12-11 12:32:27] <%HaveBallsButNoBaal> Polgi hello peepoSitHey oyaHug
[2022-12-11 12:47:24] <%Poupou_Wholesome_meow> TeriDerp hello chat
[2022-12-11 12:48:42] <%$hi_im_polgi> Pou catKISS
[2022-12-11 12:48:55] <%Poupou_Wholesome_meow> polgi kannaHug
[2022-12-11 12:51:18] <%Poupou_Wholesome_meow> !hug
[2022-12-11 12:51:18] <@%^StreamElements>* Poupou_Wholesome_meow gives sukari15 a hug! <3 There have been 10028 hugs in chat enviHug
[2022-12-11 12:57:54] <%thebombdevil> Dancy
[2022-12-11 13:04:57] <shush_ninja> WideMeow
[2022-12-11 13:05:00] <shush_ninja> !hug
[2022-12-11 13:05:00] <@%^StreamElements>* shush_ninja gives discord_for_streamers__ a hug! <3 There have been 10029 hugs in chat enviHug
[2022-12-11 13:05:03] <shush_ninja> !mimic
[2022-12-11 13:05:03] <@%^StreamElements> kitsunehimechan is a mimic! D: Be careful!
[2022-12-11 13:22:35] <%HaveBallsButNoBaal> !mimic
[2022-12-11 13:22:39] <@%^StreamElements> taemisugi is a mimic! D: Be careful!
[2022-12-11 13:22:44] <%HaveBallsButNoBaal> !hug
[2022-12-11 13:22:44] <@%^StreamElements>* HaveBallsButNoBaal gives chocochriz a hug! <3 There have been 10030 hugs in chat enviHug
[2022-12-11 13:39:39] <$Lolkang99> !hug
[2022-12-11 13:39:39] <@%^StreamElements>* Lolkang99 gives fanciestpants a hug! <3 There have been 10031 hugs in chat enviHug
[2022-12-11 13:46:55] <%RandomNlcknamee> @Lolkang99, ManyPats
[2022-12-11 13:48:46] <%Fafnnirr> :3
[2022-12-11 13:49:45] <$Lolkang99> @RandomNlcknamee peepoHey
[2022-12-11 13:49:58] <%RandomNlcknamee> @Fafnnirr, ManyPats
[2022-12-11 13:50:11] <%Fafnnirr> @RandomNlcknamee :3
[2022-12-11 14:04:43] <dayan_meow> meow
[2022-12-11 14:05:41] <%toyofrog> gm chat
[2022-12-11 14:05:49] <%toyofrog> did you know that
[2022-12-11 14:06:11] <dayan_meow> toyoooooooooooooooo catKISS
[2022-12-11 14:06:20] <%toyofrog> dayan catKISS
[2022-12-11 14:07:39] <%RandomNlcknamee> @dayan_meow, @toyofrog ManyPats HUGGERS
[2022-12-11 14:08:09] <dayan_meow> RandomNlcknamee, oyaHug
[2022-12-11 14:08:25] <%toyofrog> RandomNlcknamee, :3
[2022-12-11 14:08:29] <%toyofrog> eeeaeaaaeaeaeae
[2022-12-11 14:08:34] <%toyofrog> :3 stare
[2022-12-11 14:08:43] <%notnoctuua> toyoooooooooooooooooooooooooooooooooooooooooooo uwaaaaaaaaaaa menheraILoveYou apriPet
[2022-12-11 14:08:55] <%toyofrog> eve MenheraKiss :3 uwu owo
[2022-12-11 14:09:01] <%RandomNlcknamee> @notnoctuua, eeeeeeeeeeeeeeeeeeeeeeeeeeeee :3 HUGGERS
[2022-12-11 14:09:01] <%notnoctuua> owoUwu ?
[2022-12-11 14:09:07] <%toyofrog> OwO
[2022-12-11 14:09:12] <%notnoctuua> RandomNlcknamee, eeeeeeeeeeeeeeeeeeeeeee menheraILoveYou
[2022-12-11 14:09:18] <dayan_meow> meow
[2022-12-11 14:09:21] <%toyofrog> meow
[2022-12-11 14:11:00] <shush_ninja> :3
[2022-12-11 14:11:03] <565_delta_565> AINTNOWAY
[2022-12-11 14:11:07] <%Fafnnirr> ayaka+yoimiya deck Kreygasm
[2022-12-11 14:11:26] <565_delta_565> AINTNOWAY dayan u free too
[2022-12-11 14:11:38] <%kulokif> dayan toyo eve ddelta randomnickname WideMeow
[2022-12-11 14:11:39] <%kulokif> lurkk
[2022-12-11 14:11:39] <565_delta_565> AINTNOWAY free chat les fucking go
[2022-12-11 14:11:44] <%notnoctuua> kulo meow
[2022-12-11 14:11:49] <565_delta_565> RAGEY why double d
[2022-12-11 14:11:49] <%toyofrog> kulo meow
[2022-12-11 14:11:57] <%toyofrog> delta :3
[2022-12-11 14:12:00] <565_delta_565> RAGEY the one time im testing my pings
[2022-12-11 14:12:01] <shush_ninja> should be double L
[2022-12-11 14:12:07] <%toyofrog> :3 shush
[2022-12-11 14:12:08] <shush_ninja> deLta forsenLaughingAtYou
[2022-12-11 14:12:13] <565_delta_565> PagBounce its pinging
[2022-12-11 14:12:16] <shush_ninja> toyo :3
[2022-12-11 14:12:16] <565_delta_565> PagBounce its working
[2022-12-11 14:12:25] <565_delta_565> PagBounce COCKINSPECTION
[2022-12-11 14:12:55] <%toyofrog> yepcok
[2022-12-11 14:12:55] <%notnoctuua> shushy menheraILoveYou
[2022-12-11 14:13:08] <%notnoctuua> cok peepoArrive
[2022-12-11 14:13:09] <shush_ninja> eve MenheraKiss
[2022-12-11 14:13:19] <shush_ninja> ppPoof
[2022-12-11 14:13:25] <565_delta_565> SMH furreve is here
[2022-12-11 14:13:28] <565_delta_565> ppPoof
[2022-12-11 14:13:34] <%toyofrog> uwu
[2022-12-11 14:13:43] <%notnoctuua> owoUwu ?
[2022-12-11 14:13:56] <%toyofrog> OwO UwU TwT
[2022-12-11 14:14:16] <%RandomNlcknamee> @shush_ninja, @565_delta_565 @kulokif yoo ManyPats peepoSled
[2022-12-11 14:14:26] <565_delta_565> 0_o
[2022-12-11 14:14:30] <565_delta_565> o_o
[2022-12-11 14:14:45] <565_delta_565> fishywOwo
[2022-12-11 14:14:51] <565_delta_565> fishywUwu SoCute
[2022-12-11 14:14:58] <%toyofrog> fishywUwu
[2022-12-11 14:15:01] <%toyofrog> FeelsBadMan
[2022-12-11 14:15:03] <565_delta_565> FeelsBadMan
[2022-12-11 14:15:12] <565_delta_565> FeelsBadMan u can enviUwu
[2022-12-11 14:15:15] <565_delta_565> FeelsBadMan nvm
[2022-12-11 14:15:22] <%toyofrog> FeelsWeakMan
[2022-12-11 14:15:22] <@%^StreamElements> 4x FeelsBadMan combo SeemsGood
[2022-12-11 14:17:39] <%toyofrog> !mimic
[2022-12-11 14:17:39] <@%^StreamElements> grxssasfxck is a mimic! D: Be careful!
[2022-12-11 14:17:46] <%toyofrog> peepoAngy
[2022-12-11 14:17:53] <GrxssAsFxck> elisSit
[2022-12-11 14:21:36] <%kashima02> goodmorning cuties elisWave
[2022-12-11 14:23:04] <%thebombdevil> veiWave kashima
[2022-12-11 14:23:10] <%notnoctuua> kashima MenheraKiss
[2022-12-11 14:23:16] <%notnoctuua> thebombdevil, apriPet
[2022-12-11 14:23:20] <%toyofrog> gm kashima HUGGERS
[2022-12-11 14:23:23] <%toyofrog> bomb :3
[2022-12-11 14:23:41] <%thebombdevil> ManyPats toyo
[2022-12-11 14:23:44] <%thebombdevil> :d
[2022-12-11 14:23:49] <%toyofrog> :d
[2022-12-11 14:24:01] <%kashima02> eve bombdevil toyo oyaHug
[2022-12-11 14:25:15] <%RandomNlcknamee> @kashima02, @thebombdevil yoo ManyPats HUGGERS
[2022-12-11 14:25:24] <%kashima02> @RandomNlcknamee oyaHug
[2022-12-11 14:26:29] <%thebombdevil> annytfHug randomnlcknamee
[2022-12-11 14:28:40] <%toyofrog> chat what if
[2022-12-11 14:28:59] <%kashima02> yes toyo
[2022-12-11 14:29:08] <%toyofrog> pogg
[2022-12-11 14:32:38] <%BackgroundNoise_> enviStare
[2022-12-11 14:32:48] <%toyofrog> BackgroundNoise_, :3
[2022-12-11 14:32:59] <%kulokif> @toyofrog Danki what if what
[2022-12-11 14:32:59] <%kulokif> lurkk
[2022-12-11 14:33:03] <%toyofrog> what if
[2022-12-11 14:33:12] <%notnoctuua> what if you put
[2022-12-11 14:33:17] <%toyofrog> indeed
[2022-12-11 14:33:21] <%notnoctuua> BASED
[2022-12-11 14:33:22] <%BackgroundNoise_> @toyofrog enviHi enviStare
[2022-12-11 14:33:23] <%kulokif> Danki ??
[2022-12-11 14:33:40] <%toyofrog> correct
[2022-12-11 14:36:08] <%redfox71000> enviStare Hello offline chatters enviStare peepoSitStarege enviHEH
[2022-12-11 14:36:14] <FeelsLazyMan> TRUE LULW
[2022-12-11 14:37:17] <%toyofrog> hi redfox, lazy :3
[2022-12-11 14:37:54] <%kashima02> redfox lazy elisWave
[2022-12-11 14:38:13] <%kashima02> BackgroundNoise_ oyaHug
[2022-12-11 14:38:50] <%redfox71000> How is everyone doing? peepoSitStarege
[2022-12-11 14:39:23] <%HaveBallsButNoBaal> :3
[2022-12-11 14:39:23] <%toyofrog> im good NODDIES hru redfox
[2022-12-11 14:39:29] <%toyofrog> haveballs guy :3
[2022-12-11 14:39:56] <%redfox71000> I'm ok, it's so cold outside tho monkaEyes
[2022-12-11 14:40:06] <%HaveBallsButNoBaal> Toyo allo :3 ManyPats
[2022-12-11 14:40:32] <%HaveBallsButNoBaal> redfox71000 well finals tomorrow PepeLa
[2022-12-11 14:40:44] <%HaveBallsButNoBaal> redfox71000 and allo :3 peepoSitHey
[2022-12-11 14:41:26] <%redfox71000> @HaveBallsButNoBaal you have finals? How are you feeling about it?
[2022-12-11 14:41:57] <%toyofrog> Prayge good luck on ur finals
[2022-12-11 14:42:46] <%HaveBallsButNoBaal> redfox71000 right know doing some short review with our prof Nerdge
[2022-12-11 14:43:14] <%HaveBallsButNoBaal> Toyo thank you :3
[2022-12-11 14:43:20] <%kashima02> elisPray gl balls
[2022-12-11 14:43:20] <%toyofrog> :3
[2022-12-11 14:43:38] <%HaveBallsButNoBaal> kashima02 hello :3 ManyPats
[2022-12-11 14:44:01] <%HaveBallsButNoBaal> But after our its party party AAAA Jammies
[2022-12-11 14:44:08] <%HaveBallsButNoBaal> Finals*
[2022-12-11 14:44:15] <%toyofrog> Jammies partaaay
[2022-12-11 14:44:33] <%redfox71000> @HaveBallsButNoBaal Ah i see, just don't overwork yourself  GoToBed . Good luck for the finals!
[2022-12-11 14:45:36] <%HaveBallsButNoBaal> redfox71000 thank you ManyPats
[2022-12-11 14:49:50] <%kashima02> HaveBallsButNoBaal oyaHug
[2022-12-11 14:49:51] <%kashima02> lurkk
[2022-12-11 14:50:38] <%$hi_im_polgi> toyo :3 ManyPats
[2022-12-11 14:50:52] <%toyofrog> polgi :3 i see you
[2022-12-11 14:50:55] <%toyofrog> :d
[2022-12-11 14:50:59] <%kashima02> polgi oyaHug
[2022-12-11 14:51:09] <%$hi_im_polgi> kashima oyaHug :3
[2022-12-11 14:51:43] <%notnoctuua> uwaaaaaaaa polgiiiiiiiiiiiiiiiiiiiiiiiiii menheraILoveYou HUGGERS apriPet
[2022-12-11 14:53:47] <%diamante_days> peepoArrive ellloooo ManyPats
[2022-12-11 14:54:27] <%kashima02> diamante oyaHug
[2022-12-11 14:54:30] <%kashima02> lurkk
[2022-12-11 14:54:37] <%RandomNlcknamee> @HaveBallsButNoBaal, @diamante_days @hi_im_polgi yooo peepoPat HUGGERS
[2022-12-11 14:55:00] <%toyofrog> diamante :3
[2022-12-11 14:55:00] <%$hi_im_polgi> RandomNlcknamee, :3 yoo ManyPats
[2022-12-11 14:56:20] <%diamante_days> @kashima02 @RandomNlcknamee @toyofrog yooooo how are you all doing
[2022-12-11 14:56:21] <%Kite_0x0> a
[2022-12-11 14:56:30] <%diamante_days> enviSip enviSip
[2022-12-11 14:56:35] <%Kite_0x0> they patched HoH's burst animation in ER
[2022-12-11 14:56:38] <%Kite_0x0> pogg
[2022-12-11 14:56:43] <%RandomNlcknamee> @diamante_days, just peepoComfy
[2022-12-11 14:56:49] <%RandomNlcknamee> @Kite_0x0, ManyPats HUGGERS
[2022-12-11 14:56:50] <%kashima02> kite oyaHug
[2022-12-11 14:56:57] <%diamante_days> enviComfy enviPat
[2022-12-11 14:56:57] <%tinkerer011> go live Okayge
[2022-12-11 14:57:01] <%toyofrog> im doing good, diamante NODDIES hru
[2022-12-11 14:57:03] <%Kite_0x0> @RandomNlcknamee, @kashima02 HUGGERS
[2022-12-11 14:57:04] <%kashima02> hoh in elden ring? PagMan
[2022-12-11 14:57:10] <%Kite_0x0> elo toyo HUGGERS
[2022-12-11 14:57:14] <%Kite_0x0> PotFriend
[2022-12-11 14:57:15] <%diamante_days> its sunny today
[2022-12-11 14:57:16] <%toyofrog> kite HUGGERS
[2022-12-11 14:57:20] <%Kite_0x0> well
[2022-12-11 14:57:27] <%toyofrog> sunny pogg
[2022-12-11 14:57:27] <%Kite_0x0> its SUNday
[2022-12-11 14:57:27] <%diamante_days> should i make ramen for lunch enviHEH enviComfy
[2022-12-11 14:57:31] <%toyofrog> GOODONE
[2022-12-11 14:57:41] <%diamante_days> GOODONE
[2022-12-11 14:57:44] <%toyofrog> ramen Tasty
[2022-12-11 14:57:48] <%Kite_0x0> Tasty
[2022-12-11 14:57:58] <%RandomNlcknamee> ramen Tastyge
[2022-12-11 14:58:00] <%kashima02> Tasty
[2022-12-11 14:58:06] <%kashima02> Tastyge
[2022-12-11 14:58:08] <%diamante_days> peeoFat okay i guess
[2022-12-11 14:58:11] <%tjnawik> Where is envi from?
[2022-12-11 14:58:15] <%tjnawik> I forgot
[2022-12-11 14:58:16] <%kashima02> KKona
[2022-12-11 14:58:24] <%RandomNlcknamee> great country of Murica brother KKonaW
[2022-12-11 14:58:32] <%diamante_days> KKona
[2022-12-11 14:58:37] <%toyofrog> KKona
[2022-12-11 14:58:42] <%toyofrog> yeehaw
[2022-12-11 14:58:42] <%tjnawik> Yeah, I forgot a state
[2022-12-11 14:58:47] <hawichii> east coast
[2022-12-11 14:58:53] <hawichii> doesnt matter
[2022-12-11 14:59:01] <%RandomNlcknamee> great state of Georgia brother KKonaW
[2022-12-11 14:59:06] <%tinkerer011> he's beating elden ring today PogU
[2022-12-11 14:59:10] <%toyofrog> pogg
[2022-12-11 14:59:11] <%RandomNlcknamee> Clueless
[2022-12-11 14:59:15] <%diamante_days> pogg ER lessgoo
[2022-12-11 14:59:17] <hawichii> why does
[2022-12-11 14:59:39] <%toyofrog> true
[2022-12-11 14:59:41] <$eCHojAM69> any RareMonkey gamer
[2022-12-11 14:59:41] <hawichii> sitting in a cold dark room and blasting music on headphone while in q sweater eo good
[2022-12-11 14:59:46] <$eCHojAM69> can carry me in dread
[2022-12-11 14:59:50] <hawichii> no
[2022-12-11 14:59:55] <%toyofrog> hi echo :3
[2022-12-11 14:59:55] <$eCHojAM69> awaree ok
[2022-12-11 15:00:00] <%diamante_days> okay i peepoLeave i will make lunch
[2022-12-11 15:00:02] <%kashima02> echo oyaHug
[2022-12-11 15:00:04] <%diamante_days> extras for anyone in chat?
[2022-12-11 15:00:12] <hawichii> use beast handler paragon
[2022-12-11 15:00:15] <%toyofrog> Tasty eee
[2022-12-11 15:00:18] <$eCHojAM69> GOODONE
[2022-12-11 15:00:25] <%moonlam_> diamante_days yes please peepoFAT
[2022-12-11 15:00:31] <%kashima02> moonlam oyaHug
[2022-12-11 15:00:36] <%toyofrog> hi moon :3
[2022-12-11 15:00:44] <%diamante_days> enviOk enviOk enviNotes enviNotes
[2022-12-11 15:00:51] <%moonlam_> Kashima SoCute
[2022-12-11 15:00:54] <%moonlam_> toyo :3
[2022-12-11 15:01:21] <%RandomNlcknamee> @moonlam_, :3
[2022-12-11 15:01:38] <hawichii> why doesnt sand fish exists
[2022-12-11 15:01:59] <hawichii> swim in sand like water
[2022-12-11 15:02:02] <%tinkerer011> @Enviosity go live and beat elden ring DinkDonk
[2022-12-11 15:02:33] <%moonlam_> RandomNlcknamee :3
[2022-12-11 15:02:55] <%moonlam_> RandomNlcknamee  :3
[2022-12-11 15:02:56] <hawichii> why do
[2022-12-11 15:03:01] <%HaveBallsButNoBaal> randomnlcknamee moonlam_ hawichii tinkerer011 allo :3 ManyPats
[2022-12-11 15:03:05] <%notnoctuua> moon uwaaa HUGGERS
[2022-12-11 15:03:07] <%notnoctuua> balls MenheraKiss
[2022-12-11 15:03:16] <%moonlam_> eve menheraILoveYou
[2022-12-11 15:03:22] <%moonlam_> Baal ManyPats
[2022-12-11 15:03:30] <%HaveBallsButNoBaal> notnoctuua ello :3 HUGGERS
[2022-12-11 15:04:53] <$eCHojAM69> i need coop dread dejj
[2022-12-11 15:05:02] <$eCHojAM69> i fell off in the new farming meta
[2022-12-11 15:05:17] <%tjnawik> Guys, does anyone stuck at lvl 4 in TCG? I've beat everyone who was available, now I have 1230/1300 xp
[2022-12-11 15:05:29] <%RandomNlcknamee> that's the week cap
[2022-12-11 15:05:42] <%redfox71000> yeah we have to wait until next week
[2022-12-11 15:06:29] <%tjnawik> It's not good, because I want to progress as fast as I can :(  So this timegate is bad for me
[2022-12-11 15:06:53] <%RandomNlcknamee> first time playing Genshin? LULW
[2022-12-11 15:06:57] <hawichii> play coop
[2022-12-11 15:07:43] <%Adbulayan123> ELO ELO chat enviOk
[2022-12-11 15:07:52] <%toyofrog> hihi adbulayan :3
[2022-12-11 15:07:56] <$eCHojAM69> Clueless quick match
[2022-12-11 15:07:57] <%RandomNlcknamee> @Adbulayan123, :3
[2022-12-11 15:08:00] <%tjnawik> @RandomNlcknamee no, ar59, just i like heartstone, and something similar in genshin now, well i am an addict now
[2022-12-11 15:08:00] <%Adbulayan123> :3 meow
[2022-12-11 15:08:41] <%toyofrog> Aware tcg addiction
[2022-12-11 15:08:49] <%tjnawik> Aware
[2022-12-11 15:09:05] <%RandomNlcknamee> @tjnawik, that was sarcasm... everything in genshin is time gated, no surprise TCG would be too
[2022-12-11 15:09:30] <%tjnawik> enviDed
[2022-12-11 15:10:34] <%toyofrog> !hug HUGGERS
[2022-12-11 15:10:35] <@%^StreamElements>* toyofrog gives krmisato a hug! <3 There have been 10032 hugs in chat enviHug
[2022-12-11 15:11:20] <%scara_is_my_sonfr> toyo oyaHug good day there peepoSled
[2022-12-11 15:12:36] <%RandomNlcknamee> @scara_is_my_sonfr, scara :3 HUGGERS
[2022-12-11 15:13:03] <%toyofrog> scara :3 same for u ManyPats
[2022-12-11 15:13:09] <%scara_is_my_sonfr> RandomNIcknamee ALOO HUGGERS hope you had a nice time enviSit enviComfy
[2022-12-11 15:13:21] <%HaveBallsButNoBaal> scara_is_my_sonfr allo :3 congrats on your c3 wanderer enviBirthday what did you name your wanderer? Hmm
[2022-12-11 15:14:02] <%RandomNlcknamee> -2HoursKEKL
[2022-12-11 15:14:25] <%HaveBallsButNoBaal> -2HoursKEKL
[2022-12-11 15:14:28] <%scara_is_my_sonfr> HaveBallsButNoBaal guraWave good day there frenn, thank you enviLuv Well- I haven´t even done K Man´s quest and don´t plan on doing it anytime soon so... PepeLa Wanderer Ig
[2022-12-11 15:14:46] <%scara_is_my_sonfr> -2HoursKEKL is always an option enviCL
[2022-12-11 15:14:56] <%HaveBallsButNoBaal> Oh no PepeLa
[2022-12-11 15:15:09] <%toyofrog> ICANT
[2022-12-11 15:16:28] <%HaveBallsButNoBaal> I name mine kiyomeru
[2022-12-11 15:16:36] <%rainysama_> CatPeek allo chat :3
[2022-12-11 15:16:44] <%toyofrog> hi rainy :3
[2022-12-11 15:16:44] <%scara_is_my_sonfr> Hmm what does that mean
[2022-12-11 15:16:56] <%rainysama_> toyo :3 ManyPats
[2022-12-11 15:17:04] <%scara_is_my_sonfr> rainysama_ ALOO rainy good day there frenn ManyPats enviFlower enviSit
[2022-12-11 15:17:23] <%rainysama_> scara ALOO ManyPats enviFlower
[2022-12-11 15:17:43] <%HaveBallsButNoBaal> scara_is_my_sonfr many meaning. Cleanse, purify, refine
[2022-12-11 15:17:46] <%RandomNlcknamee> @rainysama_, rainy :3 HUGGERS
[2022-12-11 15:18:00] <%HaveBallsButNoBaal> rainysama_ allo :3 ManyPats
[2022-12-11 15:18:16] <%rainysama_> RandomNlcknamee, HaveBallsButNoBaal allo random and balls :3 ManyPats
[2022-12-11 15:18:20] <%scara_is_my_sonfr> HaveBallsButNoBaal Oh I see; the meaning fits very well tbh NODDERS
[2022-12-11 15:19:18] <%HaveBallsButNoBaal> It took me 30 mins to settle on that name. Im mean compare to -2HoursKEKL PepeLa
[2022-12-11 15:20:20] <%scara_is_my_sonfr> HaveBallsButNoBaal What´s wrong with -2HoursKEKL it perfectly expresses Envi´s Widega ness and it reveals how long it took to get to the name enviBounce
[2022-12-11 15:20:48] <%RandomNlcknamee> I named him Ei'sMistake
[2022-12-11 15:20:55] <%rainysama_> -2HoursKEKL OMEGADANCE
[2022-12-11 15:20:59] <%toyofrog> OMEGAYAYA
[2022-12-11 15:21:00] <%moonlam_> WideMeow
[2022-12-11 15:21:04] <%toyofrog> meow
[2022-12-11 15:21:11] <%rainysama_> moonlam_, meow ManyPats
[2022-12-11 15:21:11] <%scara_is_my_sonfr> RandomNIcknamee D: Wha-
[2022-12-11 15:21:12] <%crvmble_> tyrissDead
[2022-12-11 15:21:26] <%scara_is_my_sonfr> moonlam_ ALOO ManyPats good day there enviAngel enviHug
[2022-12-11 15:21:35] <%RandomNlcknamee> @scara_is_my_sonfr, enviHEH
[2022-12-11 15:21:42] <%RandomNlcknamee> @crvmble_, ManyPats
[2022-12-11 15:21:46] <%scara_is_my_sonfr> crvmble_ guraWave hope you´ve been great enviLove enviSmug
[2022-12-11 15:21:51] <%rainysama_> crvmble_, ALOO ManyPats
[2022-12-11 15:21:51] <%Adbulayan123> co op game today PauseChamp
[2022-12-11 15:21:51] <%toyofrog> crvmble :3
[2022-12-11 15:21:57] <%HaveBallsButNoBaal> scara_is_my_sonfr Clueless surely hoyoverse will give other chance to name the wanderer without using an item
[2022-12-11 15:21:58] <%crvmble_> @RandomNlcknamee, @scara_is_my_sonfr @toyofrog peepoHey
[2022-12-11 15:22:16] <%HaveBallsButNoBaal> crvmble_ allo :3
[2022-12-11 15:22:28] <%scara_is_my_sonfr> RandomNIcknamee Tssk no one should be treated as a mistake; I hope you don´t think like that about people irl; I mean Scara is just a pixel in the end, but yk what I mean
[2022-12-11 15:22:58] <%crvmble_> I got both c6 faruzan and c6 gorou. cant wait to max out scara and noelle POGCRAZY
[2022-12-11 15:23:00] <%crvmble_> @HaveBallsButNoBaal, peepoHey
[2022-12-11 15:23:04] <%toyofrog> POGCRAZY
[2022-12-11 15:23:06] <%HaveBallsButNoBaal> poggcrazy
[2022-12-11 15:23:09] <%rainysama_> POGCRAZY
[2022-12-11 15:23:32] <%scara_is_my_sonfr> HaveBallsButNoBaal SURELY Envi will use the rename item considering he never actually used the billet option boy PepeLa
[2022-12-11 15:24:14] <%scara_is_my_sonfr> crvmble_ POGCRAZY Congratulations enviWow
[2022-12-11 15:24:21] <%+tifit> good morning!
[2022-12-11 15:24:25] <%+tifit> enviHi enviHi enviHi
[2022-12-11 15:24:38] <%rainysama_> tifit, gm enviHi ManyPats
[2022-12-11 15:24:40] <%toyofrog> gm tifit :3
[2022-12-11 15:24:49] <%HaveBallsButNoBaal> scara_is_my_sonfr Clueless when envi use the item to rename the wanderer that's he will quit genshin
[2022-12-11 15:24:49] <%scara_is_my_sonfr> tifit good morning ALOO hope you´ve had a nice rest ManyPats enviFlower enviSmug
[2022-12-11 15:24:52] <%+tifit> @toyofrog enviPat enviPat
[2022-12-11 15:25:00] <%crvmble_> wanna try get weapon next. im fine with either redhorn or the bell KEKL
[2022-12-11 15:25:00] <%+tifit> @rainysama_ enviHi enviPat enviPat enviPat
[2022-12-11 15:25:14] <hawichii> crvmble_ spine
[2022-12-11 15:25:22] <%HaveBallsButNoBaal> tifit allo guraWave ManyPats
[2022-12-11 15:25:25] <%scara_is_my_sonfr> HaveBallsButNoBaal Quitting Genshin? After 804 days without skipping a day? awaree he´s too addicted for that one
[2022-12-11 15:25:25] <%mikeeeee9> -2Hours KEKL
[2022-12-11 15:26:07] <%kashima02> lurkk
[2022-12-11 15:26:10] <%rainysama_> -2HoursKEKL
[2022-12-11 15:26:12] <%kashima02> rainysama oyaHug
[2022-12-11 15:26:13] <%kashima02> scara oyaHug
[2022-12-11 15:26:16] <%$nidhi_meyo> enviHi enviFlower
[2022-12-11 15:26:20] <%rainysama_> kashima oyaHug
[2022-12-11 15:26:21] <%kashima02> @nidhi_meyo oyaHug
[2022-12-11 15:26:24] <%+tifit> @scara_is_my_sonfr thx enviLuv enviLuv  i help someone find  faruzan mats in their world and they let me take the mushrooms for for Ren :)
[2022-12-11 15:26:27] <%rainysama_> nidhi_meyo, ALOO ManyPats enviFlower
[2022-12-11 15:26:28] <%scara_is_my_sonfr> kashima02 ALOO kashima hope you´ve had a great day enviHug enviComfy
[2022-12-11 15:26:29] <%kulokif> KEKWait still not live
[2022-12-11 15:26:32] <%kulokif> scara oyaHug
[2022-12-11 15:26:33] <%kulokif> ALOO rainy
[2022-12-11 15:26:33] <%HaveBallsButNoBaal> nidhi_meyo allo peepoSitHey
[2022-12-11 15:26:35] <%+tifit> @HaveBallsButNoBaal enviHi enviHi enviFlower enviPat enviPat
[2022-12-11 15:26:40] <%kulokif> HBBNB peepoSit
[2022-12-11 15:26:40] <%rainysama_> kulokif ALOO ManyPats
[2022-12-11 15:26:42] <%kashima02> elisWave cuties
[2022-12-11 15:26:56] <%RandomNlcknamee> @tifit, @nidhi_meyo guraWave :3
[2022-12-11 15:27:01] <%notpeachyyy> AAAA
[2022-12-11 15:27:06] <%+tifit> @RandomNlcknamee enviHi enviHi enviPat enviPat enviPat
[2022-12-11 15:27:11] <%Adbulayan123> MadgeLate
[2022-12-11 15:27:11] <%rainysama_> peachy AAAA SoCute ManyPats
[2022-12-11 15:27:22] <%scara_is_my_sonfr> tifit KEKWait pogg enviWow tbh, before 3.3 even came out aI already had way over 300 mushrooms as well so I let others take my stuff rn as well NODDERS
[2022-12-11 15:27:26] <%$nidhi_meyo> @kashima02 @rainysama_ @HaveBallsButNoBaal @RandomNlcknamee peepoHug Kissaweeb
[2022-12-11 15:27:29] <%notpeachyyy> rainy AAAA peepoBlush
[2022-12-11 15:27:39] <%kulokif> peachy cutieeeeeeeeeeeeeeee peepoBlushShake
[2022-12-11 15:27:41] <%Adbulayan123> when does the dst end? i miss the early envi sajj
[2022-12-11 15:27:44] <%scara_is_my_sonfr> nidhi_meyo ALOO frenn hope you´ve had a great day enviSmug enviSit
[2022-12-11 15:27:54] <%notpeachyyy> kulokif POGCRAZY kulo cutie peepoBlushShake
[2022-12-11 15:28:05] <%kulokif> @notpeachyyy Kissahomie mwah peepoShy
[2022-12-11 15:28:09] <%notpeachyyy> nidhi_meyo scara_is_my_sonfr ALOO frenn SoCute
[2022-12-11 15:28:13] <%scara_is_my_sonfr> notpeachyyy guraWave peachy oyaHug hope you´re having a good day enviComfy
[2022-12-11 15:28:13] <%$nidhi_meyo> @notpeachyyy @scara_is_my_sonfr frenn peepoLove
[2022-12-11 15:28:21] <%+tifit> @scara_is_my_sonfr i did have some but i use some to make recipes XD
[2022-12-11 15:28:22] <%HaveBallsButNoBaal> scara_is_my_sonfr with envi being a hoarder we will stick for a long time on -2HoursKEKL unless some kind of miracle and envi said F all Clueless
[2022-12-11 15:28:33] <%notpeachyyy> scara_is_my_sonfr guraWave I am, hope you're having a great day as well peepoBlush
[2022-12-11 15:28:43] <%toyofrog> peachy :3
[2022-12-11 15:28:44] <%HaveBallsButNoBaal> adbulayan123 allo peepoSitHey
[2022-12-11 15:28:45] <%notpeachyyy> HaveBallsButNoBaal ALOO balls peepoBlush
[2022-12-11 15:28:53] <%scara_is_my_sonfr> tifit What recipes use Rukkashava mushrooms KEKWait
[2022-12-11 15:29:01] <%RandomNlcknamee> @notpeachyyy, yoo :3 HUGGERS
[2022-12-11 15:29:04] <%HaveBallsButNoBaal> notpeachyyy hello :3 ManyPats
[2022-12-11 15:29:18] <%notpeachyyy> RandomNlcknamee :3 SoCute HUGGERS
[2022-12-11 15:29:21] <%scara_is_my_sonfr> notpeachyy pogg glad to hear enviAngel I am having a great day, enjoying the snow that fell SoSnowy peepoSled
[2022-12-11 15:29:21] <%kashima02> @notpeachyyy oyaHug
[2022-12-11 15:29:32] <%kashima02> @Adbulayan123 oyaHug
[2022-12-11 15:29:41] <%notpeachyyy> kashima02 oyaHug
[2022-12-11 15:29:44] <%$nidhi_meyo> peepoSitSlide
[2022-12-11 15:29:45] <%$hi_im_polgi> notpeachyyy, scara_is_my_sonfr catKISS :3
[2022-12-11 15:29:56] <%notpeachyyy> polgi catKISS peepoBlush
[2022-12-11 15:29:59] <%kashima02> lurkk
[2022-12-11 15:30:17] <%scara_is_my_sonfr> HaveBallsButNoBaal Hmm actually.... Considering how much he regretted seeing -2HoursKEKL during the quest, perhaps Scara being in another quest is all it´ll take
[2022-12-11 15:30:25] <%notpeachyyy> scara_is_my_sonfr pogg SnowTime
[2022-12-11 15:30:28] <%rainysama_> hi_im_polgi, polgi catKISS ManyPats
[2022-12-11 15:30:28] <%Adbulayan123> @HaveBallsButNoBaal @kashima02 :3
[2022-12-11 15:30:39] <%scara_is_my_sonfr> hi_im_polgi oyaHug polgi enviLuv hope you´re having a great day frenn enviSmug
[2022-12-11 15:30:41] <%notnoctuua> peepoSitSlide
[2022-12-11 15:30:42] <%$hi_im_polgi> rainysama_, peepoSitHey catKISS
[2022-12-11 15:30:57] <%rainysama_> peepoSitSlide
[2022-12-11 15:31:00] <%$nidhi_meyo> eve Huggers
[2022-12-11 15:31:08] <%notnoctuua> nidhi_meyo, MenheraKiss HUGGERS
[2022-12-11 15:31:12] <%rainysama_> notnoctuua, eveeeeee menheraILoveYou
[2022-12-11 15:31:21] <%notnoctuua> rainyyyyyyy menheraILoveYou apriPet
[2022-12-11 15:31:32] <%scara_is_my_sonfr> notnoctuua ALOO eve MenheraILoveYou ManyPats hope you´ve been great enviFlower enviLove
[2022-12-11 15:31:33] <%tinkerer011> -2HoursKEKL
[2022-12-11 15:31:49] <%notnoctuua> scara_is_my_sonfr, MenheraKiss you tooooooooooo
[2022-12-11 15:32:02] <%scara_is_my_sonfr> -2HoursKEKL is honestly the best fitting name for Envi´s Scara in particular NODDERS
[2022-12-11 15:32:11] <%notpeachyyy> ALOO eve cutie peepoBlush menheraILoveYou eeeeeeeee
[2022-12-11 15:32:20] <%notnoctuua> peachyyyy uwaaaaa menheraILoveYou
[2022-12-11 15:32:55] <%+tifit> @scara_is_my_sonfr dendroculus resounce stone, mushroom hodgepodge,  tandoori roast chicken, potato boat
[2022-12-11 15:33:25] <%notpeachyyy> tifit SoCute BearHug
[2022-12-11 15:33:31] <%scara_is_my_sonfr> tifit enviDanki so many KEKWait At least I don´t have to worry about the resonance stones I never actually used those
[2022-12-11 15:33:36] <%+tifit> @notpeachyyy enviAyaya enviAyaya enviHug enviHug enviHug
[2022-12-11 15:33:44] <%tinkerer011> -2HoursKEKL better name than Wanderer YEP
[2022-12-11 15:34:12] <ningguangleftcheek> AINTNOWAY this dude late and i thought I was AINTNOWAY
[2022-12-11 15:34:33] <%notnoctuua> ningguangleftcheek, menheraILoveYou
[2022-12-11 15:34:40] <%+tifit> @scara_is_my_sonfr to me i think it worst with  nilou flowers XD
[2022-12-11 15:34:43] <%scara_is_my_sonfr> ningguangleftcheek ALOO cutie hope you´re doing great enviLuv enviFlower
[2022-12-11 15:34:46] <%rainysama_> ningguangleftcheek, ning ALOO ManyPats
[2022-12-11 15:34:53] <%toyofrog> ningguang :3
[2022-12-11 15:35:00] <%notpeachyyy> ningguangleftcheek ALOO ning peepoBlush
[2022-12-11 15:35:07] <%notpeachyyy> toyo peepoBlushShake
[2022-12-11 15:35:13] <%toyofrog> peachy Kissahomie
[2022-12-11 15:35:30] <%scara_is_my_sonfr> tifit Hmm tbh, besides Scarabs, I have every inazuman local specialty at least 150 times so Hmm
[2022-12-11 15:35:34] <%RandomNlcknamee> @ningguangleftcheek, :3 ManyPats
[2022-12-11 15:35:35] <%$XeiumX7> @scara_is_my_sonfr AINTNOWAY
[2022-12-11 15:35:57] <ningguangleftcheek> I see CutieDetected here scara_is_my_sonfr notnoctuua notpeachyyy rainysama_ kashima02 steelmark1 mistsus toyofrog randomnlcknamee haveballsbutnobaal kulokif all of my PETTHECUTIE HUGGERS Kissaweeb
[2022-12-11 15:36:08] <%toyofrog> AYAYA
[2022-12-11 15:36:23] <%+tifit> @scara_is_my_sonfr ya i need too collect more more often XD
[2022-12-11 15:36:25] <%HaveBallsButNoBaal> scara_is_my_sonfr did envi the story quest for scara? Hmm
[2022-12-11 15:36:29] <%scara_is_my_sonfr> XeiumX7 NODDERS all the inazuman rainforest ones (the mushrooms, both lotuses, Padisarah) are over a count of 250
[2022-12-11 15:36:35] <%$XeiumX7> @HaveBallsButNoBaal YEP
[2022-12-11 15:36:35] <%kashima02> @ningguangleftcheek, oyaHug
[2022-12-11 15:36:36] <%kashima02> lurkk
[2022-12-11 15:36:37] <%HaveBallsButNoBaal> *Do
[2022-12-11 15:36:37] <%scara_is_my_sonfr> HaveBallsButNoBaal YEP
[2022-12-11 15:36:47] <%kashima02> @XeiumX7, oyaHug
[2022-12-11 15:36:50] <%$XeiumX7> @scara_is_my_sonfr AINTNOWAY how on the earth
[2022-12-11 15:36:51] <%HaveBallsButNoBaal> ningguangleftcheek xeiumx7 allo peepoSitHey ManyPats
[2022-12-11 15:36:55] <ningguangleftcheek> scara_is_my_sonfr i think you're misspelling sumeru AINTNOWAY
[2022-12-11 15:37:05] <%scara_is_my_sonfr> XeiumX7 ALOO there btw, hope you´ve been great enviSit
[2022-12-11 15:37:38] <%rainysama_> AINTNOWAY inazuma have mushrooms
[2022-12-11 15:37:46] <%$XeiumX7> @kashima02 enviSit peepoCute oyaHug
[2022-12-11 15:37:48] <ningguangleftcheek> AINTNOWAY Inazuma has lotuses
[2022-12-11 15:37:48] <%scara_is_my_sonfr> ningguangleftcheek KEKWait AINTNOWAY I said inazuman In my head I counted Scara as inazuman so I said inazuman instinctively ICANT
[2022-12-11 15:37:48] <ningguangleftcheek> AINTNOWAY Inazuma has rainforest
[2022-12-11 15:37:49] <%rainysama_> AINTNOWAY
[2022-12-11 15:37:53] <%$XeiumX7> @scara_is_my_sonfr ALOO same to you peepoBlushShake
[2022-12-11 15:38:07] <ningguangleftcheek> Wait maybe scara_is_my_sonfr is dreaming Suske
[2022-12-11 15:38:12] <%HaveBallsButNoBaal> scara_is_my_sonfr at this point envi should really just stick with regret or nameless on scara
[2022-12-11 15:38:13] <%$XeiumX7> @scara_is_my_sonfr He's both PepeLa
[2022-12-11 15:38:13] <ningguangleftcheek> Inazuma rainforest Suske
[2022-12-11 15:38:44] <%scara_is_my_sonfr> ningguangleftcheek Maybe I am KEKWait so y´all in the real world Ig Bedge
[2022-12-11 15:38:55] <%$nidhi_meyo> apogus wtff is this monkaChrist
[2022-12-11 15:39:09] <ningguangleftcheek> I finished Nahida story quest last night so In expert in dreams now Nerdge
[2022-12-11 15:39:10] <%+tifit> i still cant believe envi chose -2hoursKEKL over Fufujin XD
[2022-12-11 15:39:17] <%$XeiumX7> @nidhi_meyo that's nightmare fuel
[2022-12-11 15:39:20] <ningguangleftcheek> Who here is owner of this dream
[2022-12-11 15:39:28] <%scara_is_my_sonfr> XeiumX7 Yeah Ik but still AINTNOWAY I said inazuman specialties; I have 1k-2k of the inazuman local specialties
[2022-12-11 15:39:30] <ningguangleftcheek> Who's stealing Jana energy
[2022-12-11 15:39:32] <%rainysama_> apogus WTFF is this
[2022-12-11 15:39:48] <%$nidhi_meyo> @nidhi_meyo monkaE
[2022-12-11 15:39:50] <%Fafnnirr> its an amogus pogging
[2022-12-11 15:39:56] <%Fafnnirr> apogus
[2022-12-11 15:40:01] <%$XeiumX7> @scara_is_my_sonfr yea I knew what you meant you HOARDER OMEGALULiguess , those mushrooms must be Tastyge tho
[2022-12-11 15:40:05] <%Kite_0x0> apogus pog
[2022-12-11 15:40:06] <%Fafnnirr> apogus POOOOOG
[2022-12-11 15:40:12] <%rainysama_> Fafnnirr, Kite_0x0 allo ManyPats
[2022-12-11 15:40:13] <%scara_is_my_sonfr> ningguangleftcheek KEKWait Who´s the dream owner enviDanki Have we been in a samsara all long then and didn´t notice
[2022-12-11 15:40:21] <%Fafnnirr> guraWave rainy
[2022-12-11 15:40:22] <%Kite_0x0> elo rainy HUGGERS
[2022-12-11 15:40:23] <%$nidhi_meyo> monkaE emote
[2022-12-11 15:40:30] <%rainysama_> KEKWait we're in a samsara again
[2022-12-11 15:40:35] <%scara_is_my_sonfr> Fafnirr ALOO enviSit hope you had a great time WideHomies enviBounce
[2022-12-11 15:40:35] <%tinkerer011> wake up Madgfe
[2022-12-11 15:40:43] <%HaveBallsButNoBaal> fafnnirr kite_0x0 hello :3 ManyPats
[2022-12-11 15:40:53] <%Fafnnirr> balls guy guraWave
[2022-12-11 15:40:54] <%Kite_0x0> elo balls ManyPats
[2022-12-11 15:41:10] <%HaveBallsButNoBaal> Envi FeelsLateMan
[2022-12-11 15:41:26] <%Kite_0x0> AAAA
[2022-12-11 15:41:29] <%toyofrog> me
[2022-12-11 15:41:31] <%notpeachyyy> Fafnnirr Kite_0x0 ALOO peepoBlush
[2022-12-11 15:41:31] <%toyofrog> ow
[2022-12-11 15:41:37] <ningguangleftcheek> scara_is_my_sonfr KEKWait  envi is dream owner like that guy in story quest and we come to watch his stream like other people from story quest, we're creating our own paradise KEKWait
[2022-12-11 15:41:40] <%scara_is_my_sonfr> XeiumX7 Hmm those mushrooms must also be quite addicting and have some side effects; Maybe I´ve long been on drugs bc of me collecting that many COPIUM KEKWait
[2022-12-11 15:41:54] <%Kite_0x0> Madge
[2022-12-11 15:41:55] <ningguangleftcheek> It all makes sense now KEKWait
[2022-12-11 15:41:55] <%$nidhi_meyo> Kinda FeelslateMan
[2022-12-11 15:41:55] <%Fafnnirr> peachy guraWave
[2022-12-11 15:42:10] <%Kite_0x0> @notpeachyyy, ALOO peachy HUGGERS
[2022-12-11 15:42:10] <%toyofrog> fafnnirr :3
[2022-12-11 15:42:10] <%scara_is_my_sonfr> ningguangleftcheek 5Head it all comes together
[2022-12-11 15:42:13] <%$nidhi_meyo> FeelsLateMan
[2022-12-11 15:42:15] <%Fafnnirr> toyo guraWave
[2022-12-11 15:42:17] <ningguangleftcheek> Oh yeah it all makes sense now 5Head
[2022-12-11 15:42:18] <%rainysama_> MadgeLate enviLate
[2022-12-11 15:42:25] <laocheng97> ManyPats
[2022-12-11 15:42:38] <%$XeiumX7> @scara_is_my_sonfr KEKWait you've been in the samsara the whole time. Wake up ! AAAA
[2022-12-11 15:42:52] <%scara_is_my_sonfr> laocheng97 ManyPats good day there enviLuv
[2022-12-11 15:43:31] <%scara_is_my_sonfr> XeiumX7 AINTNOWAY I´m already sleeping around 9-10 hours a day KEKWait I´d die without moving for that long
[2022-12-11 15:44:05] <%HaveBallsButNoBaal> Wake me up EDM
[2022-12-11 15:44:22] <%$XeiumX7> @scara_is_my_sonfr Who said you werent moving? PepeLa ElNoSabe monkaE
[2022-12-11 15:44:37] <%scara_is_my_sonfr> XeiumX7 monkaE what
[2022-12-11 15:44:38] <%rainysama_> monkaE
[2022-12-11 15:45:14] <%$XeiumX7> No but actually imagine how convient it would be if we could send materials to others
[2022-12-11 15:45:18] <ningguangleftcheek> monkaE
[2022-12-11 15:45:36] <%scara_is_my_sonfr> XeiumX7 I´d farm for like 10 people alone KEKL
[2022-12-11 15:45:43] <thomascheng0218> !mimic
[2022-12-11 15:45:44] <@%^StreamElements> terminusest_ is a mimic! D: Be careful!
[2022-12-11 15:45:46] <%$XeiumX7> KEKL True
[2022-12-11 15:45:54] <%rainysama_> !hug
[2022-12-11 15:45:55] <@%^StreamElements>* rainysama_ gives endzo_101 a hug! <3 There have been 10033 hugs in chat enviHug
[2022-12-11 15:46:02] <ningguangleftcheek> HoYoVerse made me go to 10 pity on a 4* for it to the bell, not even Gorou TrollDespair
[2022-12-11 15:46:06] <%$XeiumX7> Hoarding would have such a large benefit
[2022-12-11 15:46:13] <ningguangleftcheek> 62 pity going strong for scara
[2022-12-11 15:46:15] <ningguangleftcheek> I have hope
[2022-12-11 15:46:26] <%$XeiumX7> @ningguangleftcheek Yea thats the worst thing you can get Smoge
[2022-12-11 15:46:32] <%scara_is_my_sonfr> ningguangleftcheek FeelsBadMan hope you´ll get lucky from now on enviFlower enviAngel  Prayge
[2022-12-11 15:46:36] <%$XeiumX7> @ningguangleftcheek Prayge for the luck tho
[2022-12-11 15:46:48] <ningguangleftcheek> Prayge he needs to be mine
[2022-12-11 15:47:08] <%scara_is_my_sonfr> Prayge manifesting Envi´s luck on my account for you
[2022-12-11 15:47:14] <%rainysama_> Prayge
[2022-12-11 15:47:21] <%$XeiumX7> Manifesting Dev mode for you Prayge
[2022-12-11 15:48:05] <ningguangleftcheek> Prayge good things can happen to me too Prayge
[2022-12-11 15:48:21] <%+tifit> am like 60 something in on pity because faruzan because didnt get her until after  wanderer(Ren) XD
[2022-12-11 15:48:22] <@%^StreamElements> 6x Prayge combo SeemsGood
[2022-12-11 15:48:36] <%scara_is_my_sonfr> ningguangleftcheek YEP NODDERS just don´t give up we go again enviBeliever enviPrime
