# Log started: 2022-12-27 01:53:26 +0100
[2022-12-27 01:53:26] <@^StreamElements> Thank you for following Enormous_Eef :)
[2022-12-27 04:00:53] <!%Jack_Carsons_Rail_Videos> sakuTap
[2022-12-27 04:51:06] [Points] sparkboi21 redeemed FIRST!! (1)
[2022-12-27 04:51:09] <@%+KanmuriDaYo> sakuHiYo
[2022-12-27 04:51:17] <!%Jack_Carsons_Rail_Videos> sakuHiYo sakuTap
[2022-12-27 04:51:22] <!%sparkboi21> sakuHiYo
[2022-12-27 04:51:24] <@%+KanmuriDaYo> sakuTap
[2022-12-27 04:51:26] <!%sparkboi21> sakuTap
[2022-12-27 04:51:39] VIEWERS: 5
[2022-12-27 04:51:39] ~[Puppy Cam] Deep Sea Boss Killing (و •̀ ᴗ•́ )و | !hellofresh !coffee (Core Keeper)~
[2022-12-27 04:51:50] <!%Jack_Carsons_Rail_Videos> sakuTap sakuTap
[2022-12-27 04:52:12] <!%Jack_Carsons_Rail_Videos> @sparkboi21 @KanmuriDaYo sakuHiYo
[2022-12-27 04:52:26] <!%Jack_Carsons_Rail_Videos> sakuJams sakuJams
[2022-12-27 04:52:28] <%saku_is_my_waifu> sakuHiYo sakuSip sakuPop sakuC
[2022-12-27 04:52:36] <%saku_is_my_waifu> hi lil Saku kitty
[2022-12-27 04:52:44] <%saku_is_my_waifu> sakuJams sakuJams sakuJams sakuJams
[2022-12-27 04:53:17] <@%TheInfamousBug> sakuJams
[2022-12-27 04:53:39] VIEWERS: 5
[2022-12-27 04:53:47] <%+murixbob> sakuHiYo
[2022-12-27 04:53:57] <~%SakuraTsubasa> hey friends sakuLove
[2022-12-27 04:53:58] <~%SakuraTsubasa> sakuLove
[2022-12-27 04:54:06] <@%TheInfamousBug> sakuHiYo Saku~
[2022-12-27 04:54:11] <!%Jack_Carsons_Rail_Videos> Saku sakuTap
[2022-12-27 04:54:13] <+X1011> sakuLove
[2022-12-27 04:54:14] <~%SakuraTsubasa> sakuLove
[2022-12-27 04:54:20] <%Alastair0579> sakuTap sakuTap sakuTap sakuTap sakuTap sakuTap
[2022-12-27 04:54:29] <!%Jack_Carsons_Rail_Videos> @X1011 @TheInfamousBug @murixbob sakuHiYo sakuTap @Alastair0579
[2022-12-27 04:54:29] <lordpaul028> bord .com
[2022-12-27 04:54:39] DELETED: lordpaul028 (bord .com)
[2022-12-27 04:54:47] <~%SakuraTsubasa> no links in chat \o/
[2022-12-27 04:54:48] <@%+k3vlar12> hey look its my favorite hecker sakura tsubasa
[2022-12-27 04:54:48] <lordpaul028> what we playing
[2022-12-27 04:54:53] <~%SakuraTsubasa> Core Kepper
[2022-12-27 04:54:57] <~%SakuraTsubasa> **Keeper
[2022-12-27 04:54:59] <!%Jack_Carsons_Rail_Videos> @k3vlar12 sakuHiYo
[2022-12-27 04:55:13] <lordpaul028> on switch or Xbox
[2022-12-27 04:55:14] <!%sparkboi21> has anyone mentioned the timer last stream about it not counting down?
[2022-12-27 04:55:19] <~%SakuraTsubasa> PC
[2022-12-27 04:55:20] <@%+k3vlar12> but links... sakuLink sakuHiYo sakuThink sakuTilt
[2022-12-27 04:55:27] <lordpaul028> ok ty
[2022-12-27 04:55:39] VIEWERS: 19
[2022-12-27 04:56:04] <@%+TheFogz> sakuPop
[2022-12-27 04:56:06] <@%$EsponMyst> sakuLurk
[2022-12-27 04:56:13] <!%Jack_Carsons_Rail_Videos> @TheFogz EsponMyst sakuHiYo
[2022-12-27 04:56:17] <~%SakuraTsubasa> Yeah I knew it wasn't counting down but I was doing a cooking stream and couldn't control the timer from my laptop
[2022-12-27 04:56:53] <@%TidusZecht> tiduszMLEM sakuHiYo hai saku sakuLove tiduszLOVE
[2022-12-27 04:56:53] <~%SakuraTsubasa> sakuLove
[2022-12-27 04:56:55] <@%+k3vlar12> hey there's a rule... timers only go up here :P
[2022-12-27 04:57:03] <@%TidusZecht> tiduszMLEM sakuHiYo hai chewwy bwossowmz sakuLove tiduszLOVE
[2022-12-27 04:57:03] <~%SakuraTsubasa> sakuLove
[2022-12-27 04:57:13] <%saku_is_my_waifu> was watching what I missed of cooking stream. Saku said she likes garlic? but... vampire?!? I'm so confused. sakuLUL
[2022-12-27 04:57:35] <@%+TheFogz> but only smushed garlic
[2022-12-27 04:57:39] VIEWERS: 33
[2022-12-27 04:57:51] <!%Jack_Carsons_Rail_Videos> @TidusZecht sakuHiYo
[2022-12-27 04:57:52] <@%+k3vlar12> that's a myth... they use it to find all the gullible peopl
[2022-12-27 04:58:39] <%saku_is_my_waifu> oh, so it was really onions they did not like? that would make better sense
[2022-12-27 04:58:53] <!%Jack_Carsons_Rail_Videos> sakuTap
[2022-12-27 04:59:38] <%Alastair0579> saku just has the citrus weakness instead of garlic
[2022-12-27 04:59:39] VIEWERS: 33
[2022-12-27 04:59:40] <@%+TheFogz> Saku can neither conform nor deny it
[2022-12-27 04:59:47] <+X1011> What is time? A miserable pile of seconds OpieOP
[2022-12-27 05:00:12] <@%$EsponMyst> Saku takes 2x damage from Citrus attacks
[2022-12-27 05:00:14] <!%Jack_Carsons_Rail_Videos> 😋
[2022-12-27 05:00:27] <@%+k3vlar12> i told you i didn't have xmas dinner
[2022-12-27 05:00:34] <!%Saritez> My Christmas food is in the Yums
[2022-12-27 05:00:40] <@%+TheFogz> I was gonna take a photo of mine for Saku. It was a big messy pile of goodness 😋
[2022-12-27 05:00:45] [Notification] cosplay_jay subscribed at Tier 3. They've subscribed for 2 months, currently on a 2 month streak!
[2022-12-27 05:00:46] <@^StreamElements> cosplay_jay just subscribed for 2 months in a row PogChamp
[2022-12-27 05:00:50] <!%Jack_Carsons_Rail_Videos> sakuHype
[2022-12-27 05:00:58] <!%Saritez> !lovehype
[2022-12-27 05:00:58] <~%SakuraTsubasa> sakuLove sakuHype sakuLove sakuHype sakuLove sakuHype sakuLove sakuHype sakuLove sakuHype sakuLove sakuHype sakuLove sakuHype sakuLove sakuHype sakuLove sakuHype
[2022-12-27 05:00:58] <@%+TheFogz> EVERYTHING WAS TOUCHING
[2022-12-27 05:01:08] <%saku_is_my_waifu> Saku trying to claim vampires don't exist, but is currently a vtuber whose lore is a vampire?... sakuSus
[2022-12-27 05:01:10] <%cosplay_jay> hey Saku and chat!
[2022-12-27 05:01:15] <@%+KanmuriDaYo> sakuLove sakuLove sakuLove sakuHype sakuHype sakuHype sakuHype
[2022-12-27 05:01:15] <~%SakuraTsubasa> sakuLove
[2022-12-27 05:01:18] <!%Jack_Carsons_Rail_Videos> @cosplay_jay sakuHiYo
[2022-12-27 05:01:25] <PizzaHi5> hi jack, hi saku
[2022-12-27 05:01:30] <@%+TheFogz> EEEVVVVEEERRYYYYYTTTTHIIIIING
[2022-12-27 05:01:31] <!%Jack_Carsons_Rail_Videos> sakuWut
[2022-12-27 05:01:33] <PizzaHi5> citric1Hello
[2022-12-27 05:01:37] <@%+KanmuriDaYo> Ewwww
[2022-12-27 05:01:37] <%cosplay_jay> sakuHiYo @Jack_Carsons_Rail_Videos
[2022-12-27 05:01:39] VIEWERS: 41
[2022-12-27 05:01:40] <!%Jack_Carsons_Rail_Videos> @PizzaHi5 sakuHiYo
[2022-12-27 05:01:42] [Notification] TheInfamousBug subscribed at Tier 3. They've subscribed for 61 months, currently on a 61 month streak! [61 months? Just before New Years. Can you believe it's been over 5 years we've been friends?! I hope your Christmas was wonderful, Saku! sakuLove sakuC]
[2022-12-27 05:01:42] <@^StreamElements> TheInfamousBug just subscribed for 61 months in a row PogChamp
[2022-12-27 05:01:44] <PizzaHi5> hi chat
[2022-12-27 05:01:46] <@%+TheFogz> it was so good
[2022-12-27 05:01:48] <!%Saritez> !lovehype
[2022-12-27 05:01:49] <~%SakuraTsubasa> sakuLove sakuHype sakuLove sakuHype sakuLove sakuHype sakuLove sakuHype sakuLove sakuHype sakuLove sakuHype sakuLove sakuHype sakuLove sakuHype sakuLove sakuHype
[2022-12-27 05:01:55] <@%$EsponMyst> When you make stew, everything touches by default
[2022-12-27 05:02:06] <%+murixbob> but Saku everything is always touching sort of because of molecules
[2022-12-27 05:02:22] <@%TheInfamousBug> The Queens unite for Core Keeper~
[2022-12-27 05:02:38] <!%$cybertyche> no fish or chicken throwing tonight? FeelsVeganMan
[2022-12-27 05:02:48] <+X1011> Everything, All Touching, All at Once OpieOP
[2022-12-27 05:02:48] <@%+k3vlar12> i'm gonna go ahead and say he sounds foggy
[2022-12-27 05:02:56] <!%Saritez> Sounds good to me
[2022-12-27 05:03:02] <%saku_is_my_waifu> fogs is about 10/10
[2022-12-27 05:03:05] <@%+KanmuriDaYo> I had an accident Christmas Eve and smashed a toe, so it ended up with my mom delivering Christmas Dinner to me instead of me going over there. Everything came in separate containers, no mixing!
[2022-12-27 05:03:31] [Points] Saritez redeemed Fish (1 000)
[2022-12-27 05:03:35] [Points] cybertyche redeemed Cucco (1 000)
[2022-12-27 05:03:37] <@%+KanmuriDaYo> I totally get the not mixing foods thing, Saku. I'm the same way. sakuLUL
[2022-12-27 05:03:39] VIEWERS: 41
[2022-12-27 05:03:46] [Points] Jack_Carsons_Rail_Videos redeemed Cucco (1 000)
[2022-12-27 05:03:54] <!%sparkboi21> there must be balance or else it becomes a buttfor
[2022-12-27 05:03:59] [Points] saku_is_my_waifu redeemed Cucco (1 000)
[2022-12-27 05:03:59] [Points] Aggraphine redeemed Fish (1 000)
[2022-12-27 05:04:11] [Points] sparkboi21 redeemed Cucco (1 000)
[2022-12-27 05:04:17] <Aggraphine> this is fun
[2022-12-27 05:04:21] [Points] Aggraphine redeemed Cucco (1 000)
[2022-12-27 05:04:40] [Points] EsponMyst redeemed Fish (1 000)
[2022-12-27 05:04:44] <Aggraphine> huckin junk at vtubers is fun the8bitHoppers
[2022-12-27 05:04:47] [Points] k3vlar12 redeemed Multi Fish (10 000)
[2022-12-27 05:05:01] <!%Jack_Carsons_Rail_Videos> so can streamloots be unpaused or not tonight? sakuLurk
[2022-12-27 05:05:03] <@%+KanmuriDaYo> sakuEek
[2022-12-27 05:05:15] <%Kingdomkey5995> kingdo137Hi sakuHiYo kingdo137Hi sakuHiYo kingdo137Hi sakuHiYo
[2022-12-27 05:05:27] <!%Jack_Carsons_Rail_Videos> @Kingdomkey5995 sakuHiYo
[2022-12-27 05:05:32] <!%Jack_Carsons_Rail_Videos> gotcha
[2022-12-27 05:05:39] VIEWERS: 41
[2022-12-27 05:05:42] <%Kingdomkey5995> @Jack_Carsons_Rail_Videos sakuHiYo
[2022-12-27 05:05:53] <@%Lanthirimladiell> is Fogz trying to spook Saku with food stories again? notsak2Gremlin
[2022-12-27 05:06:06] <@%ReynZephyr> Hi Saku, my ISP is dying currently but I wanted to say hi and that I hope ya'll have a good stream sakuLove
[2022-12-27 05:06:06] <~%SakuraTsubasa> sakuLove
[2022-12-27 05:06:23] <!%Jack_Carsons_Rail_Videos> @ReynZephyr oof sakuRIP
[2022-12-27 05:06:28] <Aggraphine> how'd you take out the bird boss? if you remember
[2022-12-27 05:06:29] <puptime>* verosHug hedwidNote birdie40Comfy andyraeHolycrow howdyShy
[2022-12-27 05:06:35] <Aggraphine> i've been kinda walled there
[2022-12-27 05:06:45] <@%$EsponMyst> Celebrated
[2022-12-27 05:06:46] <%Kingdomkey5995> i think that pie crust was for sure the best i have ever made
[2022-12-27 05:06:50] <!%sparkboi21> hot pot and korean bbq at my brother's place
[2022-12-27 05:06:57] <@^StreamElements> Thank you for following mich_hunt2 :)
[2022-12-27 05:07:02] <!%sparkboi21> no food was touching each other
[2022-12-27 05:07:11] <%+murixbob> I built my board gaming table on Christmas eve just to make sure it all fit together before boxing it back up. That was fun
[2022-12-27 05:07:15] <!%Jack_Carsons_Rail_Videos> sakuTap
[2022-12-27 05:07:21] <@StreamlootsBot> Movie Night played: jack_carsons_rail_videos would like to add the following Movie to Movie Night: Pokémon: Arceus and the Jewel of Life | https://l.stls.to/aXZxyg
[2022-12-27 05:07:39] VIEWERS: 50
[2022-12-27 05:07:43] <!%$cybertyche> we... had a COVID outbreak in our house and had to stay quarantined in individual rooms in our house for two weeks while delaying our vacation and losing a ton of money on rebookings ho ho ho
[2022-12-27 05:07:51] <@StreamlootsBot> Win Vtuber Sticker Sheet! played: theinfamousbug won a Vtuber sticker sheet! | https://l.stls.to/6J1AJM
[2022-12-27 05:07:51] <!%thehighwayman3561> sakuHiYo
[2022-12-27 05:08:04] <!%Jack_Carsons_Rail_Videos> @TheFogz sakuHiYo
[2022-12-27 05:08:12] <!%Jack_Carsons_Rail_Videos> @thehighwayman3561 sakuHiYo
[2022-12-27 05:08:24] <@StreamlootsBot> Say Ara Ara played: theinfamousbug wants Saku to say  "ara ara!" | https://l.stls.to/8Ilnjx
[2022-12-27 05:08:26] [Notification] k3vlar12 subscribed at Tier 3. They've subscribed for 62 months, currently on a 62 month streak! [62 months of sub and all I have to show for it is this darn badge for the most amazing wonderful, adorable and coolest streamer on twitch.]
[2022-12-27 05:08:26] <@^StreamElements> k3vlar12 just subscribed for 62 months in a row PogChamp
[2022-12-27 05:08:34] <!%thehighwayman3561> my main man jack what's up sakuHiYo
[2022-12-27 05:08:36] <SorcererFinch> Heya Sakura, all y'all! Happy Boxing Day!
[2022-12-27 05:08:49] <!%Jack_Carsons_Rail_Videos> Doing good
[2022-12-27 05:09:07] [Points] EsponMyst redeemed Curse Saku's Luck (1 000)
[2022-12-27 05:09:09] [Points] EsponMyst redeemed Curse Saku's Luck (1 000)
[2022-12-27 05:09:11] [Points] Lanthirimladiell redeemed Cucco (1 000)
[2022-12-27 05:09:13] <!%Jack_Carsons_Rail_Videos> @SorcererFinch sakuHiYo
[2022-12-27 05:09:18] <@%$EsponMyst> Hugs?
[2022-12-27 05:09:21] <$Spekky> hai saku and chat kylieWave
[2022-12-27 05:09:26] <!%Jack_Carsons_Rail_Videos> LUL
[2022-12-27 05:09:31] <@StreamlootsBot> Baby voice played: k3vlar12 turned you into a baby | https://l.stls.to/iL0DJF
[2022-12-27 05:09:32] <!%thehighwayman3561> I made spaghetti (though did not eat it in bed) so I am carbed and satisfied
[2022-12-27 05:09:37] <@%Lanthirimladiell> it's working XD
[2022-12-27 05:09:39] <SorcererFinch> LUL
[2022-12-27 05:09:39] <@StreamlootsBot> Saku Must Admit She is Cute played: k3vlar12 requests Saku to admit she is cute | https://l.stls.to/AOxCX5
[2022-12-27 05:09:39] Viewerstats (04:51-05:09): avg:31 min:5 max:50 [10/_5+0+14+14+0+8+0+0+9−5]
[2022-12-27 05:09:39] VIEWERS: 45
[2022-12-27 05:09:46] <$Spekky> inochiLUL
[2022-12-27 05:09:47] <@StreamlootsBot> Give Saku a Cutie Note played: k3vlar12 wants to give Saku a cutie note! | https://l.stls.to/wlpc34
[2022-12-27 05:09:49] <@%+KanmuriDaYo> sakuStory
[2022-12-27 05:09:52] <@%TheInfamousBug> Oh yeah, that worked sakuLUL
[2022-12-27 05:09:58] <!%Jack_Carsons_Rail_Videos> sakuStory
[2022-12-27 05:10:03] <@%+KanmuriDaYo> Nice combo
[2022-12-27 05:10:23] <@%+k3vlar12> oops
[2022-12-27 05:10:24] <@%+TheFogz> rip
[2022-12-27 05:10:28] <!%sparkboi21> F
[2022-12-27 05:10:28] <SorcererFinch> (whoops)
[2022-12-27 05:10:29] <@%+k3vlar12> guess i broke it
[2022-12-27 05:10:29] <@%Lanthirimladiell> welp
[2022-12-27 05:10:31] <!%thehighwayman3561> nooooooooooo
[2022-12-27 05:10:35] <@%+KanmuriDaYo> sakuTIF
[2022-12-27 05:10:37] <!%Jack_Carsons_Rail_Videos> sakuRIP
[2022-12-27 05:10:37] <!%$cybertyche> riPepperonis
[2022-12-27 05:10:38] <@%Lanthirimladiell> sakuTIF
[2022-12-27 05:10:42] <@%+KanmuriDaYo> C-c-c-c-ombo breaker
[2022-12-27 05:10:53] <Luneo162> sakuWut
[2022-12-27 05:10:59] <!%Jack_Carsons_Rail_Videos> sakuTIF
[2022-12-27 05:11:03] <@%+TheFogz> Saku is just restarting
[2022-12-27 05:11:12] <%Kingdomkey5995> sakuWut sakuWut sakuWut sakuWut
[2022-12-27 05:11:39] VIEWERS: 45
[2022-12-27 05:11:57] <!%$cybertyche> kaycreNice sakuWut
[2022-12-27 05:12:08] <!%Jack_Carsons_Rail_Videos> sakuWut sakuWut
[2022-12-27 05:12:09] ~Stream offline~
[2022-12-27 05:12:16] <!%sparkboi21> sakuWut sakuWut sakuWut
[2022-12-27 05:12:35] <@%+TheFogz> wb
[2022-12-27 05:12:35] [Points] Lanthirimladiell redeemed FIRST!! (1)
[2022-12-27 05:12:58] <%saku_is_my_waifu> sakuHiYo sakuSip sakuPop sakuC
[2022-12-27 05:13:19] <%saku_is_my_waifu> hi lil Saku kitty... no wait....
[2022-12-27 05:13:19] <puptime>* doroFlower mariatNom jensorYay lunatePls lunateHype
[2022-12-27 05:13:20] <!%sparkboi21> this computer deserves a
[2022-12-27 05:13:39] VIEWERS: 42
[2022-12-27 05:13:39] ~[Puppy Cam] Deep Sea Boss Killing (و •̀ ᴗ•́ )و | !hellofresh !coffee (Core Keeper)~
[2022-12-27 05:13:52] <Aggraphine> did yeeting junk at your head break the stream?
[2022-12-27 05:14:06] <%saku_is_my_waifu> so what happened, did it crash?
[2022-12-27 05:14:13] <Aggraphine> oh yikes
[2022-12-27 05:14:36] <!%$cybertyche> No integrated throwing? stream got a mastectomy?
[2022-12-27 05:15:06] <$Spekky> welcome bonk inochiBonk
[2022-12-27 05:15:19] <%+murixbob> vsync will eat performance
[2022-12-27 05:15:22] <!%Jack_Carsons_Rail_Videos> @Spekky sakuHiYo
[2022-12-27 05:15:26] <@%+TheFogz> Fish and cuccos paused
[2022-12-27 05:15:39] VIEWERS: 42
[2022-12-27 05:15:45] <$Spekky> screentearing?
[2022-12-27 05:15:59] <%+murixbob> does your monitor not support gsync / freesync?
[2022-12-27 05:16:01] <!%sparkboi21> reopen the vtuber program?
[2022-12-27 05:16:16] <!%Jack_Carsons_Rail_Videos> sakuLove
[2022-12-27 05:16:21] <%saku_is_my_waifu> Saku is back
[2022-12-27 05:16:25] <Aggraphine> tech problems comes with the territory of being a vtuber cxlLUL
[2022-12-27 05:16:33] <%cosplay_jay> sakuLove
[2022-12-27 05:16:38] [Notification] AbyssalKitten11 subscribed at Tier 1. They've subscribed for 40 months! [40 heckin' months!]
[2022-12-27 05:16:38] <@^StreamElements> AbyssalKitten11 just subscribed for 40 months in a row PogChamp
[2022-12-27 05:16:46] <!%Jack_Carsons_Rail_Videos> sakuHype
[2022-12-27 05:16:47] <!%sparkboi21> more like a tech problem for all streamers
[2022-12-27 05:16:55] <%saku_is_my_waifu> I did not yet have a good Christmas because my familly is doing Christmas tomorrow, so tonight is basically my Christmas eve
[2022-12-27 05:17:01] [Points] blackhat_99 redeemed Tell Saku She's Awesome (1 000)
[2022-12-27 05:17:01] <@%GriffAndOr> sakuHiYo
[2022-12-27 05:17:08] <!%Jack_Carsons_Rail_Videos> @GriffAndOr sakuHiYo
[2022-12-27 05:17:16] <!%Jack_Carsons_Rail_Videos> awwww sakuStory
[2022-12-27 05:17:39] VIEWERS: 42
[2022-12-27 05:17:55] <!%sparkboi21> oh yeah speaking of which, did you get the chance to watch the first 3 episodes of black cat?
[2022-12-27 05:18:06] <Aggraphine> i don't think you can sprint in this?
[2022-12-27 05:18:21] <Aggraphine> couldn't some months ago when i last played anyway, don't know if they added it or not
[2022-12-27 05:18:31] <@%TheInfamousBug> Quick, party hard
[2022-12-27 05:18:34] <Aggraphine> SHE CAN'T SEE, RIO- uhhhh
[2022-12-27 05:18:35] <@%TheInfamousBug> Wait, we didn't do that
[2022-12-27 05:18:36] <@%TheInfamousBug> Nevermind
[2022-12-27 05:18:40] <!%Jack_Carsons_Rail_Videos> sakuPop
[2022-12-27 05:18:40] <@StreamlootsBot> Support me on Streamloots https://l.stls.to/vhTRw0
[2022-12-27 05:18:51] <@%$EsponMyst> Put it in a crib
[2022-12-27 05:18:53] <!%Jack_Carsons_Rail_Videos> omg Yoda
[2022-12-27 05:19:00] <!%sparkboi21> nooooo
[2022-12-27 05:19:04] <!%sparkboi21> we would never
[2022-12-27 05:19:17] <!%sparkboi21> quick hide the party stuff
[2022-12-27 05:19:23] <Aggraphine> its name is baby yoda and i will throw hands at any mf that says grogu in earshot of me
[2022-12-27 05:19:28] <!%Jack_Carsons_Rail_Videos> sakuWut what are you talking about *whistles innocently*
[2022-12-27 05:19:39] VIEWERS: 61
[2022-12-27 05:19:58] <@%Daichi_Lu_Azure> sakuHiYo
[2022-12-27 05:20:16] <Aggraphine> so how does traveling to further-out areas work? is it just longer travel time?
[2022-12-27 05:20:26] <Aggraphine> is there a faster way to get back out that far?
[2022-12-27 05:20:29] <!%Jack_Carsons_Rail_Videos> @Daichi_Lu_Azure sakuHiYo
[2022-12-27 05:20:47] <%cosplay_jay> sakuHiYo @Daichi_Lu_Azure
[2022-12-27 05:20:59] <%saku_is_my_waifu> why do coins look like horseshoes?
[2022-12-27 05:21:39] VIEWERS: 61
[2022-12-27 05:22:10] <%saku_is_my_waifu> nice x10
[2022-12-27 05:23:19] <emteecalories> VoHiYo
[2022-12-27 05:23:26] <!%Jack_Carsons_Rail_Videos> sakuSnug gane looks cozy
[2022-12-27 05:23:29] <@%TheInfamousBug> I don't wanna go away :(
[2022-12-27 05:23:29] <!%Jack_Carsons_Rail_Videos> game*
[2022-12-27 05:23:37] <!%Jack_Carsons_Rail_Videos> @emteecalories sakuHiYo
[2022-12-27 05:23:37] <%cosplay_jay> sakuHiYo @emteecalories
[2022-12-27 05:23:39] VIEWERS: 43
[2022-12-27 05:23:53] <emteecalories> @jack_carsons_rail_videos  @cosplay_jay loyalmosesHello loyalmosesHello
[2022-12-27 05:24:51] <!%Jack_Carsons_Rail_Videos> nice
[2022-12-27 05:24:51] <!%$cybertyche> nice
[2022-12-27 05:24:55] <%cosplay_jay> nice
[2022-12-27 05:25:06] <emteecalories> nice
[2022-12-27 05:25:39] VIEWERS: 43
[2022-12-27 05:26:03] <%+digimaster555> Sup Saku, sup everyone! I'm gonna commit genocide with plant creatures! sakuHiYo
[2022-12-27 05:26:25] <%cosplay_jay> sakuHiYo @digimaster555
[2022-12-27 05:26:56] <%cosplay_jay> sakuTap sakuTap sakuTap
[2022-12-27 05:26:59] <%+digimaster555> Doing preeeeetty well
[2022-12-27 05:27:44] VIEWERS: 61
[2022-12-27 05:28:07] <!%Jack_Carsons_Rail_Videos> @digimaster555 sakuHiYo sakuWut
[2022-12-27 05:28:23] <!%Jack_Carsons_Rail_Videos> sakuHype sakuHype
[2022-12-27 05:28:27] <@StreamlootsBot> theinfamousbug bought 20 packs from Vtuber Collection
[2022-12-27 05:29:12] <!%$cybertyche> touch the sakuButt on
[2022-12-27 05:29:25] <@StreamlootsBot> Give Saku a Knife played: theinfamousbug wants to give Saku a knife! | https://l.stls.to/Qsml6Y
[2022-12-27 05:29:30] <!%Jack_Carsons_Rail_Videos> sakuRaid
[2022-12-27 05:29:35] <@%TheInfamousBug> sakuRaid
[2022-12-27 05:29:44] <!%+AbyssalKitten11> oh no that's dangerous
[2022-12-27 05:29:44] VIEWERS: 61
[2022-12-27 05:29:47] <!%sparkboi21> sakuRaid
[2022-12-27 05:30:16] <!%Jack_Carsons_Rail_Videos> sakuMood
[2022-12-27 05:30:22] <!%sparkboi21> Pinkish purplelish blood!? This isn’t Danganronpa!!!
[2022-12-27 05:30:27] <@%TheInfamousBug> Why not just make food out of 20 some spices
[2022-12-27 05:30:29] <@%TheInfamousBug> That might work
[2022-12-27 05:30:33] <%+murixbob> what if we blend all the food together?
[2022-12-27 05:30:54] <!%Jack_Carsons_Rail_Videos> PizzaTime sakuHam
[2022-12-27 05:30:54] <puptime>* rbeePizza doroNom domesticFAT pennymPizza lunateNom
[2022-12-27 05:31:16] <!%+AbyssalKitten11> I just had some spinach dip and sourdough bread for supper
[2022-12-27 05:31:28] <!%Jack_Carsons_Rail_Videos> i had chicken and fries 😋
[2022-12-27 05:31:44] VIEWERS: 44
[2022-12-27 05:31:49] <%cosplay_jay> I mad mac and cheese
[2022-12-27 05:32:05] <%cosplay_jay> yeah
[2022-12-27 05:32:08] <%cosplay_jay> store bought
[2022-12-27 05:32:40] <!%Jack_Carsons_Rail_Videos> sakuLurk
[2022-12-27 05:32:46] <+Hyperstryke> I had the Christmas spread for dinner tonight. Was delicious.
[2022-12-27 05:32:46] <!%+AbyssalKitten11> yeah that's always annoying when they do that
[2022-12-27 05:32:55] <@StreamlootsBot> Musical Saku played: theinfamousbug would like to hear musical Saku | https://l.stls.to/MHmyha
[2022-12-27 05:32:58] <!%Jack_Carsons_Rail_Videos> sakuJams
[2022-12-27 05:33:04] <%+digimaster555> @digimaster555 Pikmin 3, I'm talking about Pikmin 3 sakuTap
[2022-12-27 05:33:05] <@StreamlootsBot> Saku Must Admit She is Cute played: theinfamousbug requests Saku to admit she is cute | https://l.stls.to/AOxCX5
[2022-12-27 05:33:13] <!%+AbyssalKitten11> sakuLUL
[2022-12-27 05:33:15] <@StreamlootsBot> Rawr played: k3vlar12 wants Saku to rawr like a dinosaur! | https://l.stls.to/5Zc1hE
[2022-12-27 05:33:19] <!%Jack_Carsons_Rail_Videos> sakuLUL
[2022-12-27 05:33:30] <@StreamlootsBot> Glow Up played: sparkboi21 wants a glow up for Saku! | https://l.stls.to/ConCz9
[2022-12-27 05:33:33] <%mrnabajos> a banjo has spawned sakuHiYo
[2022-12-27 05:33:44] <!%Jack_Carsons_Rail_Videos> @mrnabajos sakuHiYo
[2022-12-27 05:33:44] VIEWERS: 44
[2022-12-27 05:34:26] <@StreamlootsBot> Give Saku a Halo played: griffandor wants to give Saku a halo! | https://l.stls.to/gXqIgV
[2022-12-27 05:35:01] <%+digimaster555> Whoa, glowy Saku eyes, I love it!
[2022-12-27 05:35:05] <%saku_is_my_waifu> give saku a shooter video game? with a master chief?
[2022-12-27 05:35:09] <@%TheInfamousBug> Oh no... I just bonked my kitty in the face. She hopped up on my lap and scared me so bad I lifted my hand and booped her X.X;
[2022-12-27 05:35:09] <puptime>* doroComfy mariatSip pirauxNotes skatSipx doroHi
[2022-12-27 05:35:34] <@%TheInfamousBug> Kitty: "I want attention" Me: "OH HECK" Kitty: "I no longer wish for attention"
[2022-12-27 05:35:41] <!%Jack_Carsons_Rail_Videos> sakuCry
[2022-12-27 05:35:44] VIEWERS: 65
[2022-12-27 05:36:35] <%+murixbob> mold is extra flavor.
[2022-12-27 05:36:45] <%+murixbob> I love me a good stilton or buttermilk blue cheese
[2022-12-27 05:36:55] <!%$cybertyche> blue cheese is delicious
[2022-12-27 05:37:22] <!%$cybertyche> Rogue Creamery in Oregon has spoiled me with amazing blue cheeses
[2022-12-27 05:37:44] VIEWERS: 65
[2022-12-27 05:38:57] <%+Hyperstryke> Incredibly dirty joke avoided. Well done.
[2022-12-27 05:39:06] <!%+AbyssalKitten11> feta cheese is good
[2022-12-27 05:39:09] <%+murixbob> and yet ricotta cheese is super easy to make at home
[2022-12-27 05:39:20] <@StreamlootsBot> Win 3 VTuber Packs played: theinfamousbug has won 3 additional Vtuber Packs | https://l.stls.to/J9s5oK
[2022-12-27 05:39:34] <%saku_is_my_waifu> Saku going: give me a sign. show yourself.
[2022-12-27 05:39:45] Viewerstats (05:13-05:39): avg:52 min:42 max:65 [14/_42+0+0+19+0−18+0+18+0−17+0+21+0+0]
[2022-12-27 05:39:45] VIEWERS: 65
[2022-12-27 05:40:04] <@%+Skarthe> @StreamlootsBot Sent!
[2022-12-27 05:41:14] [Notification] Furty1 subscribed at Tier 1. They've subscribed for 62 months! [sometimes i knock on my fridge before i open it, there could be a salad dressing!]
[2022-12-27 05:41:14] <@^StreamElements> Furty1 just subscribed for 62 months in a row PogChamp
[2022-12-27 05:41:30] <!%+AbyssalKitten11> sakuLUL
[2022-12-27 05:41:34] <!%Jack_Carsons_Rail_Videos> XD
[2022-12-27 05:41:45] VIEWERS: 64
[2022-12-27 05:42:57] <@^StreamElements> Thank you for following Hades4135 :)
[2022-12-27 05:43:14] <+Hades4135> what a huge base
[2022-12-27 05:43:33] <@StreamlootsBot> Postcard played: theinfamousbug has won a postcard! | https://l.stls.to/ciXiTI
[2022-12-27 05:43:36] <@%TheInfamousBug> FINALLY
[2022-12-27 05:43:41] <!%Jack_Carsons_Rail_Videos> AYYY
[2022-12-27 05:43:44] <!%Jack_Carsons_Rail_Videos> sakuYAY
[2022-12-27 05:43:45] VIEWERS: 64
[2022-12-27 05:43:45] <%cosplay_jay> congrats
[2022-12-27 05:43:51] <@%+KanmuriDaYo> @Hades4135 sakuHiYo
[2022-12-27 05:43:59] <+Hades4135> can we join your game?
[2022-12-27 05:44:03] <+Hades4135> XD
[2022-12-27 05:44:33] <@%TheInfamousBug> 68/69 cards achieved. One more to go~
[2022-12-27 05:45:05] <@%TheInfamousBug> Also, welcome in Hades - This is her own personal pick for who plays with her in CoreKeeper. But you're welcome to hang around and watch sakuSip
[2022-12-27 05:45:25] <+Hades4135> @TheInfamousBug cool
[2022-12-27 05:45:45] VIEWERS: 78
[2022-12-27 05:45:58] <@%TheInfamousBug> !youtube
[2022-12-27 05:46:04] <@%TheInfamousBug> Oh, right, bot needs reset
[2022-12-27 05:46:19] <!%Saritez> I like to watch you 3 playing Core Keeper sakuLove
[2022-12-27 05:46:42] <@%TheInfamousBug> Oh rip
[2022-12-27 05:46:44] <@%TheInfamousBug> That blew up everything
[2022-12-27 05:46:45] <!%Saritez> Noooo
[2022-12-27 05:46:45] [Raid] 3 raiders from Ryo_the_3rd have joined!
[2022-12-27 05:46:45] <!%Jack_Carsons_Rail_Videos> sakuRIP
[2022-12-27 05:46:45] <@^StreamElements> Ryo_the_3rd just raided the channel with 3 viewers! bleedPurple https://twitch.tv/Ryo_the_3rd show the love and give them a follow
[2022-12-27 05:46:46] <%saku_is_my_waifu> oh no....
[2022-12-27 05:46:47] <!%$cybertyche> nooooooooooooooo
[2022-12-27 05:46:52] <!%+AbyssalKitten11> uh oh
[2022-12-27 05:46:57] <!%+AbyssalKitten11> sakuWut
[2022-12-27 05:47:01] <!%Jack_Carsons_Rail_Videos> sakuWut
[2022-12-27 05:47:02] <%cosplay_jay> uh oh
[2022-12-27 05:47:03] <@%+KanmuriDaYo> Welcome Raiders, Saku will be right back.
[2022-12-27 05:47:03] <@%+Skarthe> Welcome raiders!  Saku's computer just hecked a bit, but she'll be back live in just a moment!
[2022-12-27 05:47:04] <!%Saritez> sakuWut
[2022-12-27 05:47:10] <%+DarkJediKnight2002> oh no. raided into her ended stream?
[2022-12-27 05:47:13] <@%+TheFogz> Saku restarting again
[2022-12-27 05:47:14] <PizzaHi5> uh oh
[2022-12-27 05:47:20] <PizzaHi5> I was watching a second ago, LUL
[2022-12-27 05:47:32] <%saku_is_my_waifu> stream crashed. will be right back
[2022-12-27 05:47:39] <+Hades4135> lol
[2022-12-27 05:47:43] <+Ryo_the_3rd> LOL! Great job Jedi! LOL
[2022-12-27 05:47:45] VIEWERS: 78
[2022-12-27 05:48:01] <%+DarkJediKnight2002> She must have had an issue with her stream
[2022-12-27 05:48:04] <@%TheInfamousBug> I only mentioned that Tsubotsa was offline, and stream exploded.
[2022-12-27 05:48:09] <@%TheInfamousBug> Reminder to self: Keep Tsubotsa dead sakuLUL
[2022-12-27 05:48:10] <emteecalories> I blame, uh, infamous.
[2022-12-27 05:48:13] <@%+TheFogz> #blameinfamous
[2022-12-27 05:48:18] <@%TheInfamousBug> Oh I will 100% blame myself, too
[2022-12-27 05:48:18] <!%Jack_Carsons_Rail_Videos> sakuLUL infa
[2022-12-27 05:48:20] ~Stream offline~
[2022-12-27 05:48:24] <@%TheInfamousBug> I just need to make sure I don't get banned for it
[2022-12-27 05:48:37] <%saku_is_my_waifu> I suspect clicking out of the game broke everything
[2022-12-27 05:48:42] <@%+TheFogz> wb
[2022-12-27 05:48:42] <!%+AbyssalKitten11> sakuHam
[2022-12-27 05:48:46] <!%Jack_Carsons_Rail_Videos> sakuHam
[2022-12-27 05:48:49] <emteecalories> slash ban @theinfamousbug  Kappa
[2022-12-27 05:48:50] [Points] Saritez redeemed FIRST!! (1)
[2022-12-27 05:48:52] <%+DarkJediKnight2002> YAY! Saku is back!!
[2022-12-27 05:48:57] <!%Jack_Carsons_Rail_Videos> sakuYAY
[2022-12-27 05:49:04] <!%Saritez> sakuYAY
[2022-12-27 05:49:05] <%cosplay_jay> wb Saku
[2022-12-27 05:49:43] <emteecalories> I see a ruby savann44Love
[2022-12-27 05:49:46] VIEWERS: 0
[2022-12-27 05:49:46] ~[Puppy Cam] Deep Sea Boss Killing (و •̀ ᴗ•́ )و | !hellofresh !coffee (Core Keeper)~
[2022-12-27 05:50:09] <+Hades4135> lmao
[2022-12-27 05:50:11] <!%Saritez> Ah windows update ? xD
[2022-12-27 05:50:15] <@%TheInfamousBug> !shoutout @Ryo_the_3rd
[2022-12-27 05:50:16] <!%Jack_Carsons_Rail_Videos> oh did window updated
[2022-12-27 05:50:32] <!%sparkboi21> Oh no
[2022-12-27 05:50:39] <!%Jack_Carsons_Rail_Videos> sakuRIP
[2022-12-27 05:50:56] <!%Saritez> I / we hope everything works now sakuYAY
[2022-12-27 05:50:57] <%+DarkJediKnight2002> heck the bot or whatever caused your stream to crash
[2022-12-27 05:51:00] <%saku_is_my_waifu> your microphone broke the stream?
[2022-12-27 05:51:05] <%saku_is_my_waifu> weird
[2022-12-27 05:51:14] <emteecalories> time for a 4090?
[2022-12-27 05:51:47] VIEWERS: 51
[2022-12-27 05:51:53] <@%+TheFogz> Its a 3080 PrideShrug
[2022-12-27 05:52:10] <emteecalories> psu maybe?
[2022-12-27 05:52:17] <PizzaHi5> hi
[2022-12-27 05:52:23] <@%$EsponMyst> My video card likes to randomly crash lately.  I dunno if overheating or bad drivers or what
[2022-12-27 05:52:53] <%+DarkJediKnight2002> 1Kw PSU is plenty for most gamers
[2022-12-27 05:52:54] <@%+TheFogz> Saku I just sent you a discord dm that will make you feel better
[2022-12-27 05:53:40] <%evilfLibble> sakuLove
[2022-12-27 05:53:49] <!%Jack_Carsons_Rail_Videos> maybe two components butting heads with each other? sakuLost
[2022-12-27 05:53:50] VIEWERS: 51
[2022-12-27 05:54:04] <!%Jack_Carsons_Rail_Videos> @evilfLibble sakuHiYo
[2022-12-27 05:54:18] <%evilfLibble> @jack_carsons_rail_videos sakuHiYo
[2022-12-27 05:54:26] <emteecalories> I mean, usually, when the computer just acts up it's time for a bigger hammer BOP LUL
[2022-12-27 05:54:45] <%+DarkJediKnight2002> Saku, what program did you use to design your vtuber avatar?
[2022-12-27 05:54:46] <!%Jack_Carsons_Rail_Videos> sakuTIF lol nooo
[2022-12-27 05:55:37] <%cosplay_jay> well I'm off to bed since I gotta be up early tomorrow, have a great night Saku and chat!
[2022-12-27 05:55:50] VIEWERS: 62
[2022-12-27 05:55:56] <@%TheInfamousBug> Nighty
[2022-12-27 05:56:01] <!%+AbyssalKitten11> Goodnight @cosplay_jay sakuHiYo
[2022-12-27 05:56:29] <%saku_is_my_waifu> stream full of sakuButt
[2022-12-27 05:56:47] <%+DarkJediKnight2002> I'm looking at getting back to doing streaming, myself, and I am in need of much help to get things rolling. having an avatar on screen would just be so much more attractive than having nothing to represent me, since I look horrible IRL, on camera
[2022-12-27 05:57:50] VIEWERS: 62
[2022-12-27 05:58:35] <!%thehighwayman3561> sakuHiYo  glad we are back
[2022-12-27 05:58:55] <!%Jack_Carsons_Rail_Videos> there's only been 1 ping so far
[2022-12-27 05:59:50] VIEWERS: 59
[2022-12-27 06:00:24] <!%Jack_Carsons_Rail_Videos> sakuSnug sakuSnug
[2022-12-27 06:00:51] <@%TheInfamousBug> sakuCry
[2022-12-27 06:01:00] <%saku_is_my_waifu> poor infa
[2022-12-27 06:01:06] <@%TheInfamousBug> First ya ban me
[2022-12-27 06:01:08] <@%TheInfamousBug> Then you tell me you don't like me
[2022-12-27 06:01:13] <@%TheInfamousBug> I just can't catch a break sakuCry
[2022-12-27 06:01:16] <%+Hyperstryke> You *are* undergroud, after all. Worms and bugs should be there.
[2022-12-27 06:01:30] <@%TheInfamousBug> X.X
[2022-12-27 06:01:32] <@%TheInfamousBug> OW
[2022-12-27 06:01:34] <!%Jack_Carsons_Rail_Videos> LUL
[2022-12-27 06:01:39] <@%TheInfamousBug> Now you just double down on it
[2022-12-27 06:01:53] VIEWERS: 59
[2022-12-27 06:01:57] <@%+KanmuriDaYo> Harsh. sakuLUL
[2022-12-27 06:02:01] <@%TheInfamousBug> Whelp
[2022-12-27 06:02:11] <!%+AbyssalKitten11> sakuRIP
[2022-12-27 06:02:39] <@%TheInfamousBug> "Dump chest" exists for that reason. AKA: "Put it here because I have zero clue wtf to do with it" items
[2022-12-27 06:03:11] <%saku_is_my_waifu> Saku be careful that bug can post embarrassing things in your youtube... sakuEvil
[2022-12-27 06:03:47] <@%TheInfamousBug> @saku_is_my_waifu She knows. She does it for the content at this point sakuSmart
[2022-12-27 06:03:55] VIEWERS: 59
[2022-12-27 06:04:09] <!%Jack_Carsons_Rail_Videos> sakuJams sakuJams
[2022-12-27 06:05:50] [Points] EvilMercenary_SG redeemed Curse Saku's Luck (1 000)
[2022-12-27 06:05:55] VIEWERS: 62
[2022-12-27 06:05:59] <@%TheInfamousBug> The fish button is 1000 channel points below stream (When it's activated)
[2022-12-27 06:06:07] <!%Jack_Carsons_Rail_Videos> sakuWut
[2022-12-27 06:06:07] <%+Hyperstryke> Oh my.
[2022-12-27 06:06:22] <!%Jack_Carsons_Rail_Videos> sakuPop
[2022-12-27 06:06:39] <@%TheInfamousBug> notsak2ZOOM
[2022-12-27 06:06:59] <@%TheInfamousBug> That's uhhhh
[2022-12-27 06:07:00] <@%TheInfamousBug> A boss
[2022-12-27 06:07:02] <!%Jack_Carsons_Rail_Videos> sakuRIP
[2022-12-27 06:07:04] <!%$cybertyche> I've seen this anime, it doesn't end well
[2022-12-27 06:07:32] <%+Hyperstryke> skaiGiggle
[2022-12-27 06:07:55] VIEWERS: 62
[2022-12-27 06:08:31] <!%Jack_Carsons_Rail_Videos> sakuPop
[2022-12-27 06:08:47] <!%Saritez> sakuPop
[2022-12-27 06:09:20] <@%TheInfamousBug> I'm with Skarthe - I disagree with that hit
[2022-12-27 06:09:55] Viewerstats (05:41-06:09): avg:57 min:0 max:78 [14/64+0+14_0+51+0+11+0−3+0+0+3+0+9]
[2022-12-27 06:09:55] VIEWERS: 71
[2022-12-27 06:11:55] VIEWERS: 71
[2022-12-27 06:12:33] <%+Hyperstryke> This does kinda feel like Touhou right now.
[2022-12-27 06:13:55] VIEWERS: 71
[2022-12-27 06:13:57] <!%+AbyssalKitten11> sakuPop
[2022-12-27 06:14:23] <!%Jack_Carsons_Rail_Videos> sakuTap
[2022-12-27 06:15:55] VIEWERS: 75
[2022-12-27 06:16:26] <!%Jack_Carsons_Rail_Videos> sakuRIP sakuRIP
[2022-12-27 06:17:55] VIEWERS: 75
[2022-12-27 06:18:26] [Points] FusionX510 redeemed Curse Saku's Luck (1 000)
[2022-12-27 06:18:44] [Points] AbyssalKitten11 redeemed Praise RNJesus for Luck (1 000)
[2022-12-27 06:19:08] <@%TheInfamousBug> "I sacrificed everything for you~" - SakuraTsubasa 2022
[2022-12-27 06:19:53] <!%Jack_Carsons_Rail_Videos> sakuPop
[2022-12-27 06:19:55] VIEWERS: 87
[2022-12-27 06:20:03] <FusionX510> sakuRIP sakuRIP
[2022-12-27 06:20:17] <!%$cybertyche> phrasing
[2022-12-27 06:21:21] <!%Jack_Carsons_Rail_Videos> notsak2ZOOM
[2022-12-27 06:21:33] <@%TheInfamousBug> sakuThink
[2022-12-27 06:21:48] <@%TheInfamousBug> I mean, I'm already starting to walk backwards from some of the comments, does that count?
[2022-12-27 06:21:55] VIEWERS: 69
[2022-12-27 06:22:30] <@%TheInfamousBug> That uh
[2022-12-27 06:22:32] <@%TheInfamousBug> That did a thing
[2022-12-27 06:23:15] <@^StreamElements> Thank you for following Kabius :)
[2022-12-27 06:23:23] <@%TheInfamousBug> sakuRIP
[2022-12-27 06:23:37] <!%Jack_Carsons_Rail_Videos> sakuRIP gone with the wind
[2022-12-27 06:23:55] VIEWERS: 69
[2022-12-27 06:24:42] <!%+AbyssalKitten11> omg
[2022-12-27 06:25:19] <%saku_is_my_waifu> willoWiggles sakuTap sakuSnug sakuSnooze sakuHug well ni ni Saku an frens. I need to sleep so we can do Christmas tomorrow.
[2022-12-27 06:25:27] <!%Jack_Carsons_Rail_Videos> sakuTap
[2022-12-27 06:25:55] VIEWERS: 82
[2022-12-27 06:26:53] <@%TheInfamousBug> How do you know it was a Rogue tentacle? Maybe it was a Ninja.
[2022-12-27 06:26:58] <@%TheInfamousBug> Or perhaps a Hunter or warrior
[2022-12-27 06:27:05] <josejaviergud> hey everyone
[2022-12-27 06:27:55] VIEWERS: 82
[2022-12-27 06:28:52] <!%$cybertyche> well now this entire stream has become meme worthy hasn't it #tentacles
[2022-12-27 06:28:58] <@%TheInfamousBug> I was going into DnD
[2022-12-27 06:29:55] VIEWERS: 82
[2022-12-27 06:31:55] VIEWERS: 85
[2022-12-27 06:32:58] <!%+AbyssalKitten11> I am going to head to bed. Goodnight! sakuLove
[2022-12-27 06:33:11] <!%Jack_Carsons_Rail_Videos> gn @AbyssalKitten11 sakuHiYo
[2022-12-27 06:33:14] <@%TheInfamousBug> Nighty, Abyssal~
[2022-12-27 06:33:55] VIEWERS: 85
[2022-12-27 06:35:55] VIEWERS: 83
[2022-12-27 06:37:56] VIEWERS: 83
[2022-12-27 06:38:26] <!%Jack_Carsons_Rail_Videos> StinkyGlitch oops
[2022-12-27 06:38:48] <bightv55030> do nothing just close the door and leave there
[2022-12-27 06:39:57] Viewerstats (06:11-06:39): avg:79 min:69 max:87 [15/71+0+4+0+12−18+0+13+0+0+3+0−2+0+3]
[2022-12-27 06:39:57] VIEWERS: 86
[2022-12-27 06:40:16] <bightv55030> after you close the door and leave, he will teleport return the room
[2022-12-27 06:40:56] [Raid] 11 raiders from Aphrodite have joined!
[2022-12-27 06:40:57] <@^StreamElements> Aphrodite just raided the channel with 11 viewers! bleedPurple https://twitch.tv/Aphrodite show the love and give them a follow
[2022-12-27 06:41:06] <il3lackheart> Hi saku
[2022-12-27 06:41:12] <il3lackheart> 🖤🖤
[2022-12-27 06:41:15] <!%Jack_Carsons_Rail_Videos> @Aphrodite sakuHiYo
[2022-12-27 06:41:15] <il3lackheart> il3lacTurnUp il3lacTurnUp il3lacTurnUp il3lacTurnUp il3lacTurnUp
[2022-12-27 06:42:00] VIEWERS: 86
[2022-12-27 06:42:14] <+eNygmz> i just discover your stream. so mutch laugh on that boss thank you LUL
[2022-12-27 06:42:47] <@%TheInfamousBug> sakuSalute
[2022-12-27 06:42:48] <!%$cybertyche> Welcome, @eNygmz !
[2022-12-27 06:43:13] <@%+KanmuriDaYo> Welcome, Raiders! sakuHiYo
[2022-12-27 06:43:43] <@%TheInfamousBug> Oh, Saku, pinned message?
[2022-12-27 06:44:00] VIEWERS: 101
[2022-12-27 06:44:02] <@%TheInfamousBug> sakuLurk Hokee
[2022-12-27 06:45:26] <+eNygmz> small backseat is allowed ? like how to return easely your npc in his room ?
[2022-12-27 06:46:00] VIEWERS: 82
[2022-12-27 06:46:11] <@%TheInfamousBug> Generally backseating or tips aren't allowed unless specifically asked for by Saku. ^.^/
[2022-12-27 06:46:21] <+eNygmz> ok thanks :)
[2022-12-27 06:46:43] <%+Hyperstryke> (5/30 = 1/6 = .16 repeating.)
[2022-12-27 06:47:54] <!%$cybertyche> What a grave proposition
[2022-12-27 06:48:00] VIEWERS: 82
[2022-12-27 06:48:02] <%+Hyperstryke> That's... a little morbid and I like it.
[2022-12-27 06:48:12] <!%Jack_Carsons_Rail_Videos> notsak2ZOOM
[2022-12-27 06:48:26] <@%+TheFogz> !quote add "I can make money on death!" - SakuraTsubasa, 2022
[2022-12-27 06:50:00] VIEWERS: 89
[2022-12-27 06:50:09] <%+Hyperstryke> Silly Saku, Death doesn't deal in money, Death deals in souls. skaiRip
[2022-12-27 06:51:21] <%+Hyperstryke> Wait. If Death deals in absolutes, does that make Death a Sith Lord?
[2022-12-27 06:52:00] VIEWERS: 89
[2022-12-27 06:52:24] <emteecalories> gnight all VoHiYo
[2022-12-27 06:52:54] [Raid] 9 raiders from AeroRaiser have joined!
[2022-12-27 06:52:55] <@^StreamElements> AeroRaiser just raided the channel with 9 viewers! bleedPurple https://twitch.tv/AeroRaiser show the love and give them a follow
[2022-12-27 06:52:58] <%AeroRaiser> aeroraNotFine aeroraNotFine aeroraNotFine
[2022-12-27 06:53:15] <%AeroRaiser> Saaaaaaku aeroraWave
[2022-12-27 06:53:27] <%+Hyperstryke> That's quite the buff loadout.
[2022-12-27 06:54:00] VIEWERS: 89
[2022-12-27 06:54:55] <%AeroRaiser> It was good. Monday Yu-Gi-Oh stuff, then metroid prime rando viewer seed, then prime 2 rando..... we'll not talk about that prime 2 seed aeroraNotFine
[2022-12-27 06:55:24] <%AeroRaiser> It was baddddddddd
[2022-12-27 06:55:33] <%AeroRaiser> then i broke the game and stopped lmao
[2022-12-27 06:55:45] <%AeroRaiser> seed was awful lmao
[2022-12-27 06:55:57] <%AeroRaiser> I got softlocked trying something dumb
[2022-12-27 06:56:00] VIEWERS: 95
[2022-12-27 06:56:17] <%LostForWords_> jessin8Peek
[2022-12-27 06:56:21] <%+Hyperstryke> Betrayed by the minimap!
[2022-12-27 06:56:55] <!%Jack_Carsons_Rail_Videos> @LostForWords_ sakuHiYo
[2022-12-27 06:57:56] <!%Jack_Carsons_Rail_Videos> sakuO
[2022-12-27 06:57:59] <%LostForWords_> nebsar1Wave Hi Jack
[2022-12-27 06:58:00] VIEWERS: 95
[2022-12-27 06:58:05] <!%Jack_Carsons_Rail_Videos> I Was gonna suggest that XD
[2022-12-27 06:58:52] <!%Jack_Carsons_Rail_Videos> sakuRIP
[2022-12-27 06:59:13] <%LostForWords_> usedMiss Doh I missed
[2022-12-27 06:59:18] <!%Jack_Carsons_Rail_Videos> Yum
[2022-12-27 06:59:52] <!%$cybertyche> The one who decides who is naughty or nice... Elon Musk?
[2022-12-27 07:00:00] <!%Jack_Carsons_Rail_Videos> notsak2ZOOM
[2022-12-27 07:00:00] VIEWERS: 96
[2022-12-27 07:01:02] <!%Jack_Carsons_Rail_Videos> sakuMood
[2022-12-27 07:01:21] <!%Jack_Carsons_Rail_Videos> sakuLost notsak2Look Hmmm
[2022-12-27 07:01:45] <!%$cybertyche> Instead you found tentaclaus
[2022-12-27 07:02:00] VIEWERS: 96
[2022-12-27 07:03:08] <%$Friendzie> Hey how's the keeping of cores going? sakuHiYo
[2022-12-27 07:03:19] <!%Jack_Carsons_Rail_Videos> @Friendzie sakuHiYo sakuTap
[2022-12-27 07:03:42] <!%$cybertyche> Tentaclaus came to town
[2022-12-27 07:03:50] <!%$cybertyche> He made a list
[2022-12-27 07:03:52] <!%$cybertyche> and checked it twice
[2022-12-27 07:03:53] <%$Friendzie> Pretty decent, thanks
[2022-12-27 07:04:00] VIEWERS: 96
[2022-12-27 07:04:08] <!%Saritez> Tenta ( Cruels )
[2022-12-27 07:04:26] <!%Saritez> Or is it Tenta ( Cool )
[2022-12-27 07:04:51] <!%Jack_Carsons_Rail_Videos> What is the difference between Aluminum-man and Iron man? Aluminum-man will try to foil your plans. StinkyGlitch
[2022-12-27 07:06:00] VIEWERS: 101
[2022-12-27 07:07:38] <!%Jack_Carsons_Rail_Videos> sakuJams sakuJams
[2022-12-27 07:07:46] <@%TheInfamousBug> Kitty-cal hit?
[2022-12-27 07:07:47] <@%TheInfamousBug> sakuThink
[2022-12-27 07:07:50] <%$Friendzie> Kittycal ?
[2022-12-27 07:07:57] <%$Friendzie> haha I was too late with my jokes
[2022-12-27 07:08:00] VIEWERS: 101
[2022-12-27 07:10:00] Viewerstats (06:42-07:10): avg:93 min:82 max:101 [15/86+15−19+0+7+0+0+6+0+1+0+0+5+0−3]
[2022-12-27 07:10:00] VIEWERS: 98
[2022-12-27 07:12:00] VIEWERS: 98
[2022-12-27 07:14:00] VIEWERS: 96
[2022-12-27 07:16:00] VIEWERS: 95
[2022-12-27 07:16:46] <!%Jack_Carsons_Rail_Videos> sakuPop
[2022-12-27 07:18:00] VIEWERS: 95
[2022-12-27 07:20:00] VIEWERS: 95
[2022-12-27 07:21:11] [Points] FusionX510 redeemed Contribute to Cult's Totem (500)
[2022-12-27 07:21:57] <FusionX510> You mean this isn't Cult of the Lamb sakuWut
[2022-12-27 07:22:00] VIEWERS: 99
[2022-12-27 07:22:05] <!%Jack_Carsons_Rail_Videos> sakuWut uhhh
[2022-12-27 07:22:53] <!%Jack_Carsons_Rail_Videos> sakuSnug sakuJams
[2022-12-27 07:23:33] <@%$EsponMyst> Cult of the Core Keeper
[2022-12-27 07:23:43] <!%Jack_Carsons_Rail_Videos> this games music tho sakuTap
[2022-12-27 07:23:57] <FusionX510> @EsponMyst sakuSus
[2022-12-27 07:24:00] VIEWERS: 99
[2022-12-27 07:25:19] <lydlbutton> Hi Saku! How's the Core Keepin' times? 👀
[2022-12-27 07:25:30] <!%Jack_Carsons_Rail_Videos> @lydlbutton sakuHiYo
[2022-12-27 07:25:42] <@%+GeneralMosh> ho ho ho
[2022-12-27 07:25:42] <lydlbutton> HOLIDAY stuff!? I didn't know they added special holiday goodies
[2022-12-27 07:25:50] <lydlbutton> @Jack_Carsons_Rail_Videos hihi!! dantem8Wave
[2022-12-27 07:25:59] <lydlbutton> Gosh, the Core Keeper team is so great <3
[2022-12-27 07:26:00] VIEWERS: 102
[2022-12-27 07:26:05] <!%Jack_Carsons_Rail_Videos> @GeneralMosh sakuHiYo
[2022-12-27 07:27:29] <%tecolote1280> Sakura! sakuJams
[2022-12-27 07:27:31] <!%$cybertyche> It was almost a bridge too far
[2022-12-27 07:28:00] VIEWERS: 102
[2022-12-27 07:28:56] <FusionX510> Ruby looks sleepy
[2022-12-27 07:30:05] VIEWERS: 100
[2022-12-27 07:31:20] <!%$cybertyche> 6 divided by 3 is 4 for Saku and 1 for everyone else
[2022-12-27 07:32:05] VIEWERS: 100
[2022-12-27 07:33:14] <!%Jack_Carsons_Rail_Videos> sakuMath
[2022-12-27 07:34:05] VIEWERS: 100
[2022-12-27 07:34:18] <%+Yunoe_Kitkin> Good Mornin Saku and Chat sakuHiYo
[2022-12-27 07:35:55] <!%Jack_Carsons_Rail_Videos> @Yunoe_Kitkin sakuHiYo
[2022-12-27 07:36:06] VIEWERS: 100
[2022-12-27 07:36:33] <%+Ace_Muska> sakuHiYo sakuSnug
[2022-12-27 07:37:05] <!%Jack_Carsons_Rail_Videos> @Ace_Muska sakuTap sakuHiYo
[2022-12-27 07:37:30] <%+Ace_Muska> @Jack_Carsons_Rail_Videos Sup Jack! sakuHiYo
[2022-12-27 07:38:06] VIEWERS: 100
[2022-12-27 07:38:28] <%+Ace_Muska> Doing well still cold tho sakuLUL
[2022-12-27 07:39:51] <%+Ace_Muska> 12 C sakuLUL
[2022-12-27 07:40:06] Viewerstats (07:12-07:40): avg:98 min:95 max:102 [15/98−2−1+0+0+4+0+3+0−2+0+0+0+0+2]
[2022-12-27 07:40:06] VIEWERS: 102
[2022-12-27 07:41:01] <$Spekky> 12c is blankie temps leahCOSY
[2022-12-27 07:41:22] <%+Ace_Muska> im just so used to it being 30+
[2022-12-27 07:42:06] VIEWERS: 102
[2022-12-27 07:44:06] VIEWERS: 102
[2022-12-27 07:44:16] <!%Jack_Carsons_Rail_Videos> sakuWut
[2022-12-27 07:44:20] <@%TheInfamousBug> sakuPLZ
[2022-12-27 07:45:46] <@%+TheFogz> i have 2 milk and cookies on me
[2022-12-27 07:46:06] VIEWERS: 105
[2022-12-27 07:46:12] <@%TheInfamousBug> notsak2ZOOM @Jack_Carsons_Rail_Videos
[2022-12-27 07:46:37] <!%Jack_Carsons_Rail_Videos> I See you notsak2Look
[2022-12-27 07:47:01] <@%KiseSwiftmist> hi hi hi hi hi kiseswSleep bye bye bye bye bye
[2022-12-27 07:48:06] VIEWERS: 105
[2022-12-27 07:48:27] <@StreamlootsBot> Support me on Streamloots https://l.stls.to/vhTRw0
[2022-12-27 07:50:06] VIEWERS: 105
[2022-12-27 07:50:37] <!%Jack_Carsons_Rail_Videos> sakuLove
[2022-12-27 07:52:06] VIEWERS: 105
[2022-12-27 07:52:30] <kumisz> hi rozalyCheers
[2022-12-27 07:52:45] <!%Jack_Carsons_Rail_Videos> @kumisz sakuHiYo
[2022-12-27 07:53:40] <!%Jack_Carsons_Rail_Videos> sakuLUL
[2022-12-27 07:53:46] <%+Ace_Muska> sakuLUL
[2022-12-27 07:54:06] VIEWERS: 105
[2022-12-27 07:55:15] <%+Ace_Muska> i still have ptsd from this boss sakuLUL
[2022-12-27 07:55:29] <@%+k3vlar12> the understatment is saku is awesome
[2022-12-27 07:55:49] [Points] Jack_Carsons_Rail_Videos redeemed Tell Saku She's Awesome (1 000)
[2022-12-27 07:56:06] VIEWERS: 110
[2022-12-27 07:56:35] <@%+k3vlar12> excuse me...
[2022-12-27 07:56:37] <@%+k3vlar12> sakuNoU
[2022-12-27 07:56:49] <@%+k3vlar12> bed time good night! sakuSnooze
[2022-12-27 07:56:55] <@%+k3vlar12> no backsies
[2022-12-27 07:57:01] <!%Jack_Carsons_Rail_Videos> LUL
[2022-12-27 07:57:12] <+Zithras2> Ooh new game!  looks vaguely Keplerh
[2022-12-27 07:58:06] VIEWERS: 110
[2022-12-27 07:59:16] <@%TheInfamousBug>* stays out of chat
[2022-12-27 07:59:19] <@%+k3vlar12> it's a good thing i left
[2022-12-27 07:59:21] <!%Saritez> !lurk
[2022-12-27 07:59:22] <@^StreamElements>* Saritez goes for a lurk. Enjoy yourself!
[2022-12-27 07:59:22] <@%+k3vlar12> sakuThink
[2022-12-27 07:59:22] <@%TheInfamousBug> Oh wait, heck
[2022-12-27 07:59:36] <@%+k3vlar12> sakuWut
[2022-12-27 07:59:37] <+Zithras2> Poor Bug (in advance)
[2022-12-27 08:00:04] <!%Jack_Carsons_Rail_Videos> sakuRNG sakuRNG sakuRNG
[2022-12-27 08:00:06] VIEWERS: 105
[2022-12-27 08:02:06] VIEWERS: 105
[2022-12-27 08:02:31] <!%Jack_Carsons_Rail_Videos> sakuTap
[2022-12-27 08:02:56] <+Zithras2> Squid1 Squid2 Squid3 Squid2 Squid4
[2022-12-27 08:03:35] <!%Jack_Carsons_Rail_Videos> sakuJams The music tho
[2022-12-27 08:04:06] VIEWERS: 101
[2022-12-27 08:05:39] <@%TheInfamousBug> You did that to yourself
[2022-12-27 08:05:42] <@%+k3vlar12> sakuGasm
[2022-12-27 08:05:47] <%+Hyperstryke> Kraken says "What?"
[2022-12-27 08:06:06] VIEWERS: 101
[2022-12-27 08:06:16] <%Shini_Winterbloom> hi ssku hi chat
[2022-12-27 08:06:20] <@%TheInfamousBug> sakuThink
[2022-12-27 08:06:24] <@%TheInfamousBug> I swear to God..
[2022-12-27 08:06:26] <kumisz> rozalySwet
[2022-12-27 08:06:32] <!%Saritez> sakuGG
[2022-12-27 08:06:34] <!%Jack_Carsons_Rail_Videos> sakuGG
[2022-12-27 08:06:35] <kumisz> rozalyGG
[2022-12-27 08:06:46] <+Zithras2> GG
[2022-12-27 08:07:05] <@%+k3vlar12> suprise phase 2
[2022-12-27 08:08:01] <%+Hyperstryke> How do they say it in Dark Souls? "You Vanquished"?
[2022-12-27 08:08:06] VIEWERS: 101
[2022-12-27 08:08:27] <%Shini_Winterbloom> I'm a sleepy girl but I wanted to pop in, say hi, and share a fun fact about me
[2022-12-27 08:09:46] <!%Jack_Carsons_Rail_Videos> @Shini_Winterbloom sakuHiYo
[2022-12-27 08:10:00] <%Shini_Winterbloom> those who know me know I'm a trans woman, but the fun fact is I'm actually one of two in my biological family
[2022-12-27 08:10:06] Viewerstats (07:42-08:10): avg:104 min:101 max:110 [15/102+0+3+0+0+0+0+5+0−5+0−4+0+0+0]
[2022-12-27 08:10:06] VIEWERS: 101
[2022-12-27 08:10:22] <@%TheInfamousBug> "Give or take a bit" is what he meant
[2022-12-27 08:11:39] <%+Hyperstryke> Oh, now that I think about it: It's time for meds.
[2022-12-27 08:11:51] <!%Saritez> That boss fight is intense, i am glad that all 3 of you got through it sakuLove
[2022-12-27 08:12:06] VIEWERS: 97
[2022-12-27 08:13:17] <%Shini_Winterbloom> rare to have a trans person in a family. even more so to have multiple related by blood. I really enjoy this fact so I'm happy to share it
[2022-12-27 08:13:29] <!%thehighwayman3561> shini sakuYAY
[2022-12-27 08:14:06] VIEWERS: 98
[2022-12-27 08:14:17] <!%$cybertyche> #FamilyFriendly Kappa
[2022-12-27 08:14:34] <%Shini_Winterbloom> sakuLove
[2022-12-27 08:15:27] <%Shini_Winterbloom> pants are overrated, I prefer skirts
[2022-12-27 08:16:06] VIEWERS: 98
[2022-12-27 08:16:15] <%+Midorii7> sakuuuu hellou sakuYAY
[2022-12-27 08:16:26] <!%Jack_Carsons_Rail_Videos> @Midorii7 sakuHiYo
[2022-12-27 08:16:45] <+Zithras2> Or at least as family friendly as an eyeball chest can be!
[2022-12-27 08:17:48] <!%thehighwayman3561> it's never family friendly when highwayman is here sakuEvil
[2022-12-27 08:17:53] <%Shini_Winterbloom> @zithras2 eyeball chest? you mean boobly eyes?
[2022-12-27 08:18:05] <@%+KanmuriDaYo> I'm gonna head to bed. sakuSnug G'night all!
[2022-12-27 08:18:06] VIEWERS: 99
[2022-12-27 08:18:15] <!%thehighwayman3561> kanmuri sakuHiYo
[2022-12-27 08:18:30] <+Zithras2> Well, technically probably disembodied eyebally ripped off of recently savaged corpses...
[2022-12-27 08:18:34] <+Zithras2> *eyeballs
[2022-12-27 08:18:50] <+Zithras2> but you know, potato patahto
[2022-12-27 08:19:10] <$HeresThaBeef> Kitty saku
[2022-12-27 08:19:10] <puptime>* bsquarEDLinkHypeSanta skatSipx pirauxLurk lunateHype jensorYay
[2022-12-27 08:19:24] <!%thehighwayman3561> beefy sakuHiYo
[2022-12-27 08:19:29] <$HeresThaBeef> Oh wow, lost my vip finally lmao, only a year after you mentioned it XD
[2022-12-27 08:19:52] <$HeresThaBeef> Not too bad how you been =3
[2022-12-27 08:20:06] VIEWERS: 99
[2022-12-27 08:20:29] <!%thehighwayman3561> but beefy you're all our VIP sakuLove
[2022-12-27 08:21:05] <$HeresThaBeef> This game looks interesting... looks like if terraria and stardew had a baby
[2022-12-27 08:21:11] <!%Jack_Carsons_Rail_Videos> @HeresThaBeef sakuHiYo
[2022-12-27 08:21:34] <$HeresThaBeef> Never seen it
[2022-12-27 08:21:34] <+Zithras2> I liked Keplerth/Terraria/Minecraft, will have to pick up a copy of this too
[2022-12-27 08:22:06] VIEWERS: 99
[2022-12-27 08:22:14] <%Shini_Winterbloom> is bedtime for Shini. have a good night everyone! your awesome
[2022-12-27 08:22:14] <puptime>* whatifSleep rbeeSleep cuteaSleep tynGn doroSleepy
[2022-12-27 08:22:15] <!%$cybertyche> nice
[2022-12-27 08:22:21] <%+Hyperstryke> Yo, nice.
[2022-12-27 08:22:23] <!%Jack_Carsons_Rail_Videos> Nice
[2022-12-27 08:22:31] <$HeresThaBeef> Nice.
[2022-12-27 08:23:04] <hirozx499> hi yo
[2022-12-27 08:24:06] VIEWERS: 91
[2022-12-27 08:24:17] <!%Jack_Carsons_Rail_Videos> sakuSing "i Can see clearly now the rain is gone"
[2022-12-27 08:25:50] <adamgossett> i hope you all had a merry christmas :)
[2022-12-27 08:26:06] VIEWERS: 91
[2022-12-27 08:28:06] VIEWERS: 100
[2022-12-27 08:29:54] <adamgossett> my brother was able to get me a ps5 and my parents gave me a cool christmas card with a check for 500 dollars :)
[2022-12-27 08:30:06] VIEWERS: 100
[2022-12-27 08:30:53] <!%thehighwayman3561> steaks and hot dogs are flammable
[2022-12-27 08:30:53] <puptime>* altLove rbeeHyper rbeeLurk maxyyCool softGift
[2022-12-27 08:31:01] <+Zithras2> Ruby might be a secret pyromaciac...
[2022-12-27 08:31:03] <!%Jack_Carsons_Rail_Videos> sakuSmart
[2022-12-27 08:32:06] VIEWERS: 102
[2022-12-27 08:32:43] <!%Jack_Carsons_Rail_Videos> StinkyGlitch I'm weird too
[2022-12-27 08:33:02] <adamgossett> weird is the way to be :)
[2022-12-27 08:33:21] <!%Jack_Carsons_Rail_Videos> sakuTap
[2022-12-27 08:33:54] <!%thehighwayman3561> I made pot roast grilled cheese on Sunday and spaghetti today sakuYAY
[2022-12-27 08:34:06] VIEWERS: 102
[2022-12-27 08:34:40] <!%Jack_Carsons_Rail_Videos> So i posted my Christmas gift in creative sakuPop
[2022-12-27 08:35:18] <+Zithras2> The tornado is a buff!
[2022-12-27 08:35:28] <!%thehighwayman3561> jack did someone get you an actual locomotive
[2022-12-27 08:35:40] <!%Jack_Carsons_Rail_Videos> Oh no LUL
[2022-12-27 08:36:06] VIEWERS: 99
[2022-12-27 08:36:15] <!%Jack_Carsons_Rail_Videos> sakuStory aww ruby
[2022-12-27 08:38:06] VIEWERS: 99
[2022-12-27 08:38:45] <+Zithras2> @Jack_Carsons_Rail_Videos I know someone recently found and massively refurbished a bunch of old Orient Express cars, and want to reopen it as a passenger service in 2025
[2022-12-27 08:38:52] <!%$cybertyche> Saku, first of her name
[2022-12-27 08:38:56] <!%$cybertyche> mother of puppies
[2022-12-27 08:38:56] <puptime>* rbeeParty bnovaSmug vicksyLUL altHug maxyyHug
[2022-12-27 08:39:02] <!%Jack_Carsons_Rail_Videos> @Zithras2 sakuPop
[2022-12-27 08:39:05] <+Zithras2> they look really pretty...likely stupid expensive to ride though
[2022-12-27 08:39:43] <!%Jack_Carsons_Rail_Videos> yeah it was one of those fancy trains
[2022-12-27 08:40:06] Viewerstats (08:12-08:40): avg:98 min:91 max:102 [15/97+1+0+1+0+0−8+0+9+0+2+0−3+0+0]
[2022-12-27 08:40:06] VIEWERS: 99
[2022-12-27 08:40:26] <@^StreamElements> Thank you for following TheNothingKnowing :)
[2022-12-27 08:40:33] <+Zithras2> will message you a link with more info :)
[2022-12-27 08:41:06] <+Zithras2> hmm if i can manage to click on your name without leaving the channel...
[2022-12-27 08:41:27] <PizzaHi5> this seems like an interesting game :o
[2022-12-27 08:41:30] <PizzaHi5> im back
[2022-12-27 08:41:40] <!%Jack_Carsons_Rail_Videos> @PizzaHi5 welcome back sakuHiYo
[2022-12-27 08:41:49] <!%thehighwayman3561> pizzaaaaaaaaaa
[2022-12-27 08:41:50] <PizzaHi5> citric1Hello
[2022-12-27 08:42:06] <+Zithras2> oh nvm can't message you - send me a whisper if interested
[2022-12-27 08:42:06] VIEWERS: 79
[2022-12-27 08:43:23] <+Zithras2> oh, that works too
[2022-12-27 08:43:29] <!%Jack_Carsons_Rail_Videos> sakuTap
[2022-12-27 08:43:58] <!%Jack_Carsons_Rail_Videos> yeah i have twitch whispers off because i was tired of bots messaging me all the time sakuMood
[2022-12-27 08:44:06] VIEWERS: 98
[2022-12-27 08:44:16] <+Zithras2> bothered you on Discord instead
[2022-12-27 08:46:06] VIEWERS: 98
[2022-12-27 08:46:26] <adamgossett> you awesome humans :)
[2022-12-27 08:47:10] <+Zithras2> not sure if slime ors snowman?
[2022-12-27 08:48:10] VIEWERS: 97
[2022-12-27 08:50:11] VIEWERS: 97
[2022-12-27 08:51:58] <!%Jack_Carsons_Rail_Videos> sakuLurk
[2022-12-27 08:52:02] <!%$cybertyche> gottem
[2022-12-27 08:52:11] VIEWERS: 97
[2022-12-27 08:54:11] VIEWERS: 94
[2022-12-27 08:56:11] VIEWERS: 94
[2022-12-27 08:57:45] <%Shini_Winterbloom> can't seem to settle so I've come back to lurk
[2022-12-27 08:58:11] VIEWERS: 94
[2022-12-27 08:58:34] [Raid] 30 raiders from LockeColeLive have joined!
[2022-12-27 08:58:35] <@^StreamElements> LockeColeLive just raided the channel with 30 viewers! bleedPurple https://twitch.tv/LockeColeLive show the love and give them a follow
[2022-12-27 08:58:45] <!WillardJBradley> merry new boxing yearmas
[2022-12-27 08:58:50] <!WillardJBradley> nailed it
[2022-12-27 08:58:55] <%$LockeColeLive> Merry late christmas/happy almost new year whichever you like bepWow
[2022-12-27 08:59:34] <%Laxaria> happy holidays!
[2022-12-27 08:59:43] <!WillardJBradley> I do! and yes I've played this game a bit with my brother.
[2022-12-27 08:59:54] <+DetriousGaming> Happy festivus and merry new year!
[2022-12-27 09:00:02] <!%Jack_Carsons_Rail_Videos> @Laxaria @LockeColeLive @DetriousGaming sakuHiYo
[2022-12-27 09:00:11] VIEWERS: 118
[2022-12-27 09:00:15] <!%Jack_Carsons_Rail_Videos> @WillardJBradley sakuHiYo
[2022-12-27 09:00:35] <+DetriousGaming> Hello @Jack_Carsons_Rail_Videos ~!
[2022-12-27 09:01:02] <PizzaHi5> sounds like you should get help with this tough boss
[2022-12-27 09:02:07] <!WillardJBradley> sakuFite Jack_Carsons_Rail_Videos
[2022-12-27 09:02:16] VIEWERS: 118
[2022-12-27 09:02:20] <!%Jack_Carsons_Rail_Videos> sakuWut
[2022-12-27 09:02:45] <!WillardJBradley> i need to get back into this game. but been playing Chained Echoes lately. very fun JRPG.
[2022-12-27 09:02:45] <+Zithras2> the other one gives you a set bonus, thats why
[2022-12-27 09:03:32] <!%Jack_Carsons_Rail_Videos> Kaboom? notsak2ZOOM
[2022-12-27 09:04:16] VIEWERS: 118
[2022-12-27 09:04:38] [Notification] Zithras2 subscribed with Prime. They've subscribed for 4 months, currently on a 3 month streak!
[2022-12-27 09:04:38] <@^StreamElements> Zithras2 just subscribed for 4 months in a row PogChamp
[2022-12-27 09:04:54] <!%Jack_Carsons_Rail_Videos> sakuHype
[2022-12-27 09:05:05] <%+Zithras2> sakuYAY
[2022-12-27 09:06:16] VIEWERS: 120
[2022-12-27 09:06:45] <!%Jack_Carsons_Rail_Videos> sakuRIP
[2022-12-27 09:07:28] <PizzaHi5> can i offer a helpful thing I thought of?
[2022-12-27 09:08:00] <PizzaHi5> oh nvm citric1Laugh I was also thinking withthe walls
[2022-12-27 09:08:11] <%+Zithras2> it breaks walls when it jumps
[2022-12-27 09:08:14] <%+Zithras2> so you cant funnel it
[2022-12-27 09:08:16] VIEWERS: 120
[2022-12-27 09:09:45] <!%Jack_Carsons_Rail_Videos> sakuJams
[2022-12-27 09:10:16] Viewerstats (08:42-09:10): avg:103 min:79 max:120 [15/79+19+0−1+0+0−3+0+0+24+0+0+2+0−6]
[2022-12-27 09:10:16] VIEWERS: 114
[2022-12-27 09:12:16] VIEWERS: 114
[2022-12-27 09:12:48] <%+Zithras2> sakuTap
[2022-12-27 09:12:55] <!%Jack_Carsons_Rail_Videos> sakuTap
[2022-12-27 09:13:17] <PizzaHi5> yuunaNotlikethis tough boss
[2022-12-27 09:13:22] <PizzaHi5> guys need more room to run around
[2022-12-27 09:14:00] <PizzaHi5> oh geez
[2022-12-27 09:14:16] VIEWERS: 116
[2022-12-27 09:16:16] VIEWERS: 116
[2022-12-27 09:17:27] <!WillardJBradley> i think thats why i stopped playing this game, bosses were so dang hard
[2022-12-27 09:18:16] VIEWERS: 116
[2022-12-27 09:20:16] VIEWERS: 114
[2022-12-27 09:22:16] VIEWERS: 114
[2022-12-27 09:22:20] <%+Zithras2> Terraria was like that too, but well made arenas helped ALOT.  This game doesnt really seem to let you make boss arenas :(
[2022-12-27 09:22:38] <PizzaHi5> yeah not like terraria
[2022-12-27 09:24:04] <%KiwiTasticStreamer> how was the steak
[2022-12-27 09:24:07] <!%Jack_Carsons_Rail_Videos> sakuJams
[2022-12-27 09:24:13] <!%Jack_Carsons_Rail_Videos> @KiwiTasticStreamer sakuHiYo
[2022-12-27 09:24:15] <PizzaHi5> the music is good jack
[2022-12-27 09:24:16] VIEWERS: 114
[2022-12-27 09:24:18] <PizzaHi5> glad you agree
[2022-12-27 09:24:24] <PizzaHi5> yuunaWiggle
[2022-12-27 09:25:25] <%+Zithras2> maybe if he breaks a wall with ore in it it drops the ore?
[2022-12-27 09:25:54] <%+Zithras2> which means you could speedmine ore with him!
[2022-12-27 09:25:58] <%+Zithras2> bossploitation
[2022-12-27 09:26:03] <PizzaHi5> ^True!
[2022-12-27 09:26:16] VIEWERS: 116
[2022-12-27 09:28:16] VIEWERS: 116
[2022-12-27 09:28:37] <adamgossett> this game looks cool :)
[2022-12-27 09:29:55] <!%Jack_Carsons_Rail_Videos> sakuRaid
[2022-12-27 09:30:16] VIEWERS: 113
[2022-12-27 09:31:47] <!%Jack_Carsons_Rail_Videos> sakuRNG
[2022-12-27 09:32:16] VIEWERS: 111
[2022-12-27 09:33:01] <!%Jack_Carsons_Rail_Videos> sakuGG
[2022-12-27 09:33:04] <PizzaHi5> yaaaaay!
[2022-12-27 09:33:07] <PizzaHi5> good job!
[2022-12-27 09:33:10] <PizzaHi5> GG
[2022-12-27 09:33:13] <!%Jack_Carsons_Rail_Videos> sakuYAY Lets go
[2022-12-27 09:33:17] <!%Saritez> sakuGG
[2022-12-27 09:33:20] <PizzaHi5> sakuYAY sakuYAY sakuYAY
[2022-12-27 09:33:30] <adamgossett> can't get enough of your avatar it's gorgeous :)
[2022-12-27 09:34:17] VIEWERS: 111
[2022-12-27 09:35:25] <adamgossett> !hug i gotta go i'll see you later you have an amazing night i love you guys :)
[2022-12-27 09:36:17] VIEWERS: 111
[2022-12-27 09:38:22] VIEWERS: 109
[2022-12-27 09:40:22] Viewerstats (09:12-09:40): avg:113 min:109 max:116 [15/114+2+0+0−2+0+0+2+0−3−2+0+0−2+2]
[2022-12-27 09:40:22] VIEWERS: 111
[2022-12-27 09:42:22] VIEWERS: 111
[2022-12-27 09:44:22] VIEWERS: 105
[2022-12-27 09:46:22] VIEWERS: 105
[2022-12-27 09:46:46] <!%Jack_Carsons_Rail_Videos> sakuLove thanks for the amazing stream
[2022-12-27 09:47:01] <!%Saritez> sakuLove Thx for the entertainment
[2022-12-27 09:47:30] <!%Saritez> And sakuGG once again with the bosses
[2022-12-27 09:47:57] <!%Jack_Carsons_Rail_Videos> sakuRNG
[2022-12-27 09:48:22] VIEWERS: 110
[2022-12-27 09:49:15] <!%Jack_Carsons_Rail_Videos> sakuTap sakuLove
[2022-12-27 09:50:22] VIEWERS: 110
[2022-12-27 09:50:52] ~Stream offline~
[2022-12-27 10:10:22] Viewerstats (09:42-09:48): avg:107 min:105 max:111 [4/111−6+0+5_]
[2022-12-27 15:06:24] <@^StreamElements> Thank you for following AlienatedTuna__ :)
