# Log started: 2022-12-28 00:00:01 +0100
[2022-12-28 00:00:01] <samsellsjams> is more difficult
[2022-12-28 00:00:05] <%samsellsjams> YEP
[2022-12-28 00:00:07] [Points] lyr444 redeemed Sound Alert: iz only a game (200)
[2022-12-28 00:00:07] <%ChaoticCheshire24> ^^
[2022-12-28 00:00:16] <@^Nightbot> https://discord.gg/m4uPcz57dn (REACT TO RULES/INFO TO SEE ALL CHANNELS) ALSO WELCOME WELCOME
[2022-12-28 00:00:17] <commando_pan> Wanna pull Ayato for me?
[2022-12-28 00:00:18] VIEWERS: 140
[2022-12-28 00:01:24] <%samsellsjams> roast redeem modCheck
[2022-12-28 00:01:29] <%ChaoticCheshire24> riikamPog
[2022-12-28 00:01:29] <MigueC21> omg another roast redeem
[2022-12-28 00:01:52] <+ladythalia14> KEKW
[2022-12-28 00:02:19] VIEWERS: 140
[2022-12-28 00:02:34] <Fall_enRaven> I have a gladiator feather almost exactly like that one
[2022-12-28 00:02:45] <your_maiden3000> My friend got her c1 in like 80 pulls
[2022-12-28 00:02:56] <$kokomishotgf> my raiden has 2.2k attack but gets 2.6k from engulfing and she has 268% er with 36/178
[2022-12-28 00:03:05] <$kokomishotgf> yae mikos hot
[2022-12-28 00:03:16] <$kokomishotgf> i say that but mines still lvl 70
[2022-12-28 00:03:35] <Fall_enRaven> oh that's crit RATE
[2022-12-28 00:03:36] <+ladythalia14> all for hydro mommy
[2022-12-28 00:04:12] <$kokomishotgf> MOMMY
[2022-12-28 00:04:19] VIEWERS: 144
[2022-12-28 00:04:29] <Fall_enRaven> I like watching his va play him and it's just double the sasss
[2022-12-28 00:04:34] <your_maiden3000> WHATS WITH THE LUCK
[2022-12-28 00:04:55] <+ladythalia14> em main stats hate me YEP
[2022-12-28 00:05:04] <kamixiao> LEMME SNIFF THAT BUTT
[2022-12-28 00:05:05] <%samsellsjams> have you seen akasha system page? they rate characters i'm on the 5% best burst zhonglis, 205 cryo ganyu and 40% er yelan is super interesting
[2022-12-28 00:05:18] <+ladythalia14> also at C1 this tighnari will be at almost 100% CR KEKW
[2022-12-28 00:05:35] <Blazetri> raiden
[2022-12-28 00:05:38] <$nushuuwu> BOOBA banner
[2022-12-28 00:05:43] <$nushuuwu> BOOBA vs BOBA
[2022-12-28 00:05:45] <rrossen> nah
[2022-12-28 00:05:45] <MigueC21> sayu OMEGALUL
[2022-12-28 00:05:52] <rrossen> c5 sara lose to lisa
[2022-12-28 00:05:53] <$kokomishotgf> MOMMY
[2022-12-28 00:06:01] <%samsellsjams> D:
[2022-12-28 00:06:02] <Fall_enRaven> @nushuuwu yesss I was just thinking that
[2022-12-28 00:06:19] VIEWERS: 144
[2022-12-28 00:06:20] <$nushuuwu> lol there's no sword in that series
[2022-12-28 00:06:28] <$kokomishotgf> Can I eat her sword
[2022-12-28 00:06:41] <$nushuuwu> Akuomaru is very good
[2022-12-28 00:06:45] <rrossen> it increase Q dmg
[2022-12-28 00:06:47] <Fall_enRaven> you could turn it into a musou no hitomochi
[2022-12-28 00:06:48] <$nushuuwu> for Beidou
[2022-12-28 00:06:52] <rrossen> eula beidou chongyun
[2022-12-28 00:06:57] <%admin_yee> can you click on it to see details?
[2022-12-28 00:07:09] <%pupplezz> oh shi engulfing lightning
[2022-12-28 00:07:12] <%pupplezz> brb gotta whale
[2022-12-28 00:07:28] <%samsellsjams> SMH
[2022-12-28 00:07:35] <$kokomishotgf> this weapon banner is good if ur going for 5 star bc it’s not a shit weapon if u lose to one
[2022-12-28 00:07:36] <MigueC21> Wait wait hol up
[2022-12-28 00:07:39] <+ladythalia14> skyward spine Kappa
[2022-12-28 00:07:42] <Blazetri> a
[2022-12-28 00:07:43] <MigueC21> weren't you going to skip it? HAHAHA
[2022-12-28 00:07:49] <luminaur> i mean i got haran in 20 surely you will have the same luck with engulfing
[2022-12-28 00:07:49] <kxgeyams> "1"
[2022-12-28 00:07:52] <%pupplezz> bless my pulls streamer
[2022-12-28 00:08:00] <luminaur> 10 more Stare
[2022-12-28 00:08:03] <rrossen> DIANO
[2022-12-28 00:08:08] <MigueC21> Ok now ur too invested in all in for the spear
[2022-12-28 00:08:10] <+ladythalia14> you know what i'll throw a multi in rn to match
[2022-12-28 00:08:13] <$kokomishotgf> I got engulfing with one 10 pull bc pity was 65
[2022-12-28 00:08:18] <%pupplezz> okay, brb wish me luck
[2022-12-28 00:08:23] <%pupplezz> wait does this thing use handguards
[2022-12-28 00:08:23] VIEWERS: 144
[2022-12-28 00:08:38] <%samsellsjams> Stare 1 10 pull
[2022-12-28 00:08:47] <MigueC21> Stare
[2022-12-28 00:08:57] <luminaur> IM ACTUALLY RUNNING LOW ON HANDGUARDS KEKL
[2022-12-28 00:09:04] <%samsellsjams> COPIUM
[2022-12-28 00:09:04] <Fall_enRaven> haran uses statuettes tho
[2022-12-28 00:09:08] <commando_pan> Wanna pull for me now?
[2022-12-28 00:09:10] <ran___w> yo hi bro
[2022-12-28 00:09:10] <MigueC21> want>>>>>>>need
[2022-12-28 00:09:17] <$kokomishotgf> YES IT USES HANDGUARDS
[2022-12-28 00:09:20] <alpha_hecate> hello sadist
[2022-12-28 00:09:23] <%ChaoticCheshire24> hey Ran nessiemoteNOVAWAVE
[2022-12-28 00:09:24] <luminaur> haran also uses handguards OMEGALUL
[2022-12-28 00:09:28] <%ChaoticCheshire24> hey Hecate nessiemoteNOVAWAVE
[2022-12-28 00:09:29] <%shinobiuzui> hi sadist hi chats whats up
[2022-12-28 00:09:34] <depressedlittlefrog> is 100% crit rate good or bad on ayato ?
[2022-12-28 00:09:36] <%ChaoticCheshire24> hey Shino nessiemoteNOVAWAVE
[2022-12-28 00:09:39] <ran___w> where have you been bro ?
[2022-12-28 00:09:44] <MigueC21> omg who's poor soul is giving him the wishes...
[2022-12-28 00:09:51] <$kokomishotgf> it makes me mentally ill when the monsters don’t drop handguards
[2022-12-28 00:09:54] <+ladythalia14> 2 lions roar and a gorou for that multi
[2022-12-28 00:09:57] <Fall_enRaven> @depressedlittlefrog depends on what your crit dmg is
[2022-12-28 00:10:01] <%pupplezz> canada airlines in shambles
[2022-12-28 00:10:11] <%samsellsjams> .... i congratulate you on your new qiqi
[2022-12-28 00:10:16] <depressedlittlefrog> i have 194 crit dmg
[2022-12-28 00:10:21] <MigueC21> maybe the crazy lady on toronto passed you some luck monkaS
[2022-12-28 00:10:24] VIEWERS: 149
[2022-12-28 00:10:25] <shafinedgar> Omg hi
[2022-12-28 00:10:32] <ran___w> i got raiden today bro , do you think i should risk go for c2 Sara ?
[2022-12-28 00:10:36] [Points] kokomishotgf redeemed Sound Alert: badum (200)
[2022-12-28 00:10:40] <%samsellsjams> @MigueC21 surely
[2022-12-28 00:10:51] <rrossen> i love vvhen my 90% crit rate ayato non crit
[2022-12-28 00:10:57] <rrossen> so i go 100%
[2022-12-28 00:11:02] <+cadizdiraziel> omg my sister actually got Raidens weapon with 40 pity and using about 45 wishes,  I'm glad that we got it on the very first try
[2022-12-28 00:11:06] <+Scoany> i got c0 raiden and weapon..... worth it for the buzz
[2022-12-28 00:11:15] <%ChaoticCheshire24> oml
[2022-12-28 00:11:21] <%ChaoticCheshire24> riikamPog
[2022-12-28 00:11:25] <kamixiao> i did 40 pulls and no sara D: tengussy be dodging me
[2022-12-28 00:11:27] <rrossen> roll raiden in a middle of scaraboss fight
[2022-12-28 00:11:27] <$kokomishotgf> @scoany now go for c3 jk
[2022-12-28 00:11:33] <+Scoany> i got lucky, was 80 pulls in weapon
[2022-12-28 00:11:33] <%ChaoticCheshire24> riikamWheeze
[2022-12-28 00:11:33] [Raid] 9 raiders from tteokMinnie have joined!
[2022-12-28 00:11:34] <rrossen> summon asian mom mode
[2022-12-28 00:11:36] <commando_pan> Yea and now I’m broke
[2022-12-28 00:11:38] <%ChaoticCheshire24> welcome raiders!
[2022-12-28 00:11:41] <inuyasha43> minnie raid ! tteokm1Love
[2022-12-28 00:11:49] <$kokomishotgf> the day i crown sara’s e my raiden will reach 1m
[2022-12-28 00:11:52] <alpha_hecate> welcome raiders
[2022-12-28 00:11:54] <~%AmNotaSadist> !so tteokminnie
[2022-12-28 00:11:54] <@^Nightbot> If you want to check out some Genshin Impact action with tteokminnie. You can find them at twitch.tv/tteokminnie and wow they wear the freshest clothes, eat the coolest foods and hangout at the most amazing places Hnnnnnng
[2022-12-28 00:11:55] <Fall_enRaven> welcome raiders <3
[2022-12-28 00:11:56] <tteokMinnie> minnie raid !
[2022-12-28 00:12:00] <shafinedgar> I got keqing on my males only now I have to farm 4 wishes per day to get to soft pity before ayato’s banner ends a
[2022-12-28 00:12:15] <andro5t> @ran___w unless c6 Sara is worse damage than a lv60 lisa with a thrilling tales of the dragon slayer
[2022-12-28 00:12:16] <tteokMinnie> i pulled for raiden ! i play asia so i got her already
[2022-12-28 00:12:23] <shinysalami> YESSSS GOT EVERYTHING I WANTED IN 100 WISHES C6 SARA
[2022-12-28 00:12:24] Viewerstats (23:44-00:12): avg:140 min:133 max:149 [15/137+2+0+6+0−12+0+0+7+0+4+0+0+5+0]
[2022-12-28 00:12:24] VIEWERS: 149
[2022-12-28 00:12:32] <Tamago_137> he's trash, his damage is bad bad
[2022-12-28 00:12:33] <shafinedgar> Cough cough never won a 50 50 cough cough
[2022-12-28 00:13:03] <commando_pan> Ayato not Raiden
[2022-12-28 00:13:04] <%samsellsjams> scara is alright nothing awsome
[2022-12-28 00:13:05] <%samsellsjams> mid
[2022-12-28 00:13:07] <Tamago_137> his damage at c0 is really bad, the more the hype, the worse the kit
[2022-12-28 00:13:19] <shafinedgar> Eyyy ayato
[2022-12-28 00:13:24] <%ChaoticCheshire24> riikamWiggly riikamWiggly riikamWiggly riikamWiggly riikamWiggly
[2022-12-28 00:13:24] <+Scoany> @kokomishotgf  was thinking that but ive only lost the 50/50 so once i dont wanna jynx it 😂🤣
[2022-12-28 00:13:28] <rrossen> AYAYA toes
[2022-12-28 00:13:32] [Points] Fall_enRaven redeemed Bless the RNG (10)
[2022-12-28 00:13:34] <%samsellsjams> Kappa
[2022-12-28 00:13:40] <rrossen> yunjin Prayge
[2022-12-28 00:13:59] <Fall_enRaven> currently holding qiqi hostage in the basement keeping her from showing up
[2022-12-28 00:13:59] <shinysalami> For jokes just hit 40k with C0 lvl 1 Raiden Catch
[2022-12-28 00:14:00] <alpha_hecate> genshin takes my luck and cuts it in half
[2022-12-28 00:14:03] <commando_pan> @rrossen No pls no more Yun Jin’s
[2022-12-28 00:14:18] <ran___w> i got C6 rosaria trying to get c2 Sara 💀
[2022-12-28 00:14:20] <rrossen> i mean yunjin best ayato support
[2022-12-28 00:14:24] VIEWERS: 158
[2022-12-28 00:14:24] ~-drops- rolling for some viewers (Genshin Impact)~
[2022-12-28 00:14:36] <%samsellsjams> yunjin is meh
[2022-12-28 00:14:41] <%samsellsjams> with ayato
[2022-12-28 00:14:48] <%shinobiuzui> no qiqi, no diluc. just ayato
[2022-12-28 00:14:48] <shafinedgar> I tried to bless the rng cuz I got scara and itto in 3 pulls on my na but it’s out of stock…
[2022-12-28 00:14:53] <rrossen> she is good for personal dmg
[2022-12-28 00:15:04] <Fall_enRaven> @shafinedgar sorrrs I just used it
[2022-12-28 00:15:12] <rrossen> c4 sara Hmm
[2022-12-28 00:15:20] <Fall_enRaven> you blessed in spirit so it's double bless
[2022-12-28 00:15:38] <%ChaoticCheshire24> aroboBless aroboBless
[2022-12-28 00:15:43] <shafinedgar> @fall_enraven ain’t how it works sadly
[2022-12-28 00:15:49] <rrossen> BOOBA ria
[2022-12-28 00:15:56] <commando_pan> I do want C6 Rosaria actually
[2022-12-28 00:16:09] <shafinedgar> The sad thing is I can’t use any of the 4*s on the banners
[2022-12-28 00:16:14] <rrossen> physical enjoyer
[2022-12-28 00:16:24] <commando_pan> C6 Rosaria could be useful for my Eula
[2022-12-28 00:16:24] VIEWERS: 158
[2022-12-28 00:16:25] <%pupplezz> i can't whale, credit card is screaming too much in agony from scaramouche
[2022-12-28 00:16:28] <%+afternooncellica> How we doing on the streamer curse?
[2022-12-28 00:16:28] <ran___w> it was a good song why did you change it
[2022-12-28 00:16:40] <shafinedgar> :| males only acc sadist
[2022-12-28 00:16:44] <RWM54> !genshinUID
[2022-12-28 00:17:01] <RWM54> !UID
[2022-12-28 00:17:01] <@^Nightbot> NA server: 619254844 WL8 | EU server: 733117392 | ASIA server: 862256544 | community acc uid: 651297907
[2022-12-28 00:17:01] <Tamago_137> you mean suffering account
[2022-12-28 00:17:08] <RWM54> ty
[2022-12-28 00:17:21] <%shinobiuzui> NO DILUC JUST AYATO
[2022-12-28 00:17:29] <commando_pan> Like 70s
[2022-12-28 00:17:33] <rrossen> KEK
[2022-12-28 00:17:34] <%samsellsjams> nooooo
[2022-12-28 00:17:38] <%+afternooncellica> THE CURSE CONTINUES
[2022-12-28 00:17:39] <$kokomishotgf> GOOD 4 UUUUU
[2022-12-28 00:17:39] <KaizuNima> KEKW
[2022-12-28 00:17:41] <ran___w> 💀
[2022-12-28 00:17:45] <rrossen> time shinobi out
[2022-12-28 00:17:46] <Mr_Potatoguy> I came back to this
[2022-12-28 00:17:47] <rrossen> Madge
[2022-12-28 00:17:47] <%dyxontwitch> NOT THE DILUC
[2022-12-28 00:17:47] <MigueC21> OMG HAHAHAH
[2022-12-28 00:17:48] <%shinobiuzui> NOOOOOOOO THE WRONG RICH BOY
[2022-12-28 00:17:49] <%samsellsjams> BOP THEM BOP THEM BOP THEM
[2022-12-28 00:17:51] <pastelbee7> you left you luck in Toronto
[2022-12-28 00:17:51] <kxgeyams> L
[2022-12-28 00:17:52] <mayqs> NOOOO
[2022-12-28 00:17:55] <+ladythalia14> someone getting bonked KEKL
[2022-12-28 00:17:55] <shafinedgar> Omg ads why
[2022-12-28 00:17:59] <Fall_enRaven> noooooooooooo whyyyy
[2022-12-28 00:18:01] <%shinobiuzui> I'M SORRY NotLikeThis
[2022-12-28 00:18:03] <haegar68> who are you saving for on your main acc?
[2022-12-28 00:18:05] <Blazetri> diluc moment am i right
[2022-12-28 00:18:05] <kamixiao> diluc_good4u_911@jukemail.com
[2022-12-28 00:18:10] <kamixiao> LUL
[2022-12-28 00:18:12] <yakuhinaaaa> Luck where
[2022-12-28 00:18:12] <$kokomishotgf> it’s the way my streams delayed and the chat spoiled it
[2022-12-28 00:18:13] <%+afternooncellica> You cant understand how this made me cackle
[2022-12-28 00:18:18] <commando_pan> C1 Diluc
[2022-12-28 00:18:22] <shafinedgar> GIMME THAT DILUC I DONT HAVE BENNY
[2022-12-28 00:18:24] VIEWERS: 158
[2022-12-28 00:18:25] <%ChaoticCheshire24> got Sara, Sacrificial Greatsword and Rosaria jelly2Sigh
[2022-12-28 00:18:28] <commando_pan> At least it wasn’t Keqing
[2022-12-28 00:18:31] <commando_pan> Yes
[2022-12-28 00:18:37] <$kokomishotgf> i have c2 level 20 diluc if anyone wants
[2022-12-28 00:18:40] <%+afternooncellica> I believe in you sadist :)
[2022-12-28 00:18:52] <yeti20222> @kokomishotgf what AR
[2022-12-28 00:19:04] <%+afternooncellica> I love diluc tho, but at this point we want thighboy
[2022-12-28 00:19:06] <ran___w> 🥲
[2022-12-28 00:19:07] <rrossen> c6 sara Pog for keqing
[2022-12-28 00:19:08] <shafinedgar> I’m stuck with kaeya, Chongyun, traveller and gorou a why pls
[2022-12-28 00:19:11] <$kokomishotgf> @yeti20222 i’m jk bc it’s on my main account sadgely
[2022-12-28 00:19:47] <%admin_yee> youre just whispering all the birds aren't you
[2022-12-28 00:19:51] <$kokomishotgf> MOMMY DONT KNOW DADDYS GET HOT
[2022-12-28 00:20:01] <yeti20222> I need 3 Sara’s for my raiden I’m getting later beccam3Cry
[2022-12-28 00:20:04] <shafinedgar> Time to bless u hope my luck on my na is not all used here
[2022-12-28 00:20:06] [Points] shafinedgar redeemed Bless the RNG (10)
[2022-12-28 00:20:12] <rrossen> at the vvagner shop
[2022-12-28 00:20:24] VIEWERS: 156
[2022-12-28 00:20:33] <Fall_enRaven> maybe it's wagner they're just scared of getting bonked
[2022-12-28 00:20:42] <yakuhinaaaa> I am just jamming to this song now
[2022-12-28 00:20:47] <rrossen> buy kaeya cons
[2022-12-28 00:20:51] <rrossen> Hmm
[2022-12-28 00:20:52] <commando_pan> All in
[2022-12-28 00:21:01] <USAgentX> !drops
[2022-12-28 00:21:07] <%ChaoticCheshire24> I've only ever heard a cover of this song riikamPog
[2022-12-28 00:21:19] <%dyxontwitch> you need some boba to pull
[2022-12-28 00:21:21] [Points] Blazetri redeemed Sound Alert: This is the one! (200)
[2022-12-28 00:21:23] <+Scoany> last single pull ayato! lets goo!!!!!!! imagine
[2022-12-28 00:21:24] <$kokomishotgf> @chaoticcheshire24 can i guess it’s the tartaglia va
[2022-12-28 00:21:37] <shafinedgar> @dyxontwitch omg yes he needs to hold boba
[2022-12-28 00:21:41] <%ChaoticCheshire24> @kokomishotgf nope, think it was a couple of vtubers
[2022-12-28 00:21:46] <x_cortney_rae_x> the Loveless cover was amazing, but got dmca'd
[2022-12-28 00:21:47] <ran___w> 💀💀💀
[2022-12-28 00:21:56] <%pupplezz> wtf
[2022-12-28 00:21:59] <rrossen> collei AYAYA
[2022-12-28 00:22:01] <+Scoany> well off banner
[2022-12-28 00:22:06] <shafinedgar> It’s 11 am I think I may have to go soon noo
[2022-12-28 00:22:07] <%ChaoticCheshire24> it was a collab cover
[2022-12-28 00:22:07] <+samiramagaffensuppe> lol
[2022-12-28 00:22:07] <Fall_enRaven> oh the misery
[2022-12-28 00:22:08] <%shinobiuzui> wrong bow user
[2022-12-28 00:22:09] <ran___w> hottie
[2022-12-28 00:22:24] VIEWERS: 156
[2022-12-28 00:22:28] <%ChaoticCheshire24> riikamWiggly riikamWiggly riikamWiggly riikamWiggly riikamWiggly riikamWiggly
[2022-12-28 00:22:29] <+Scoany> shoulda sacrificed the puppet 🤣😂
[2022-12-28 00:22:34] <shafinedgar> I’m stuck with 11 female characters on males only please I need luck
[2022-12-28 00:22:36] <$kokomishotgf> OH THE MISERY EVERYBODY WANTS TO BE MY ENEMY
[2022-12-28 00:22:59] <commando_pan> At least it wasn’t Keqing it’s not that bad
[2022-12-28 00:23:05] <MigueC21> and the bad luck continues
[2022-12-28 00:23:21] <$kokomishotgf> did yk that raiden and scara don’t like show cold breath in dragon spine bc they’re puppets
[2022-12-28 00:23:27] <yakuhinaaaa> If you want the banner character don't come here
[2022-12-28 00:23:30] <Fall_enRaven> gotta sleep already gnight chat gnight Sadist, welcome back again
[2022-12-28 00:23:32] <%pupplezz> sadist did you bring me back a souvenir
[2022-12-28 00:24:00] <MigueC21> ewwww why are you on asia acc
[2022-12-28 00:24:11] <%pupplezz> WHAT'S WRONG WITH SAYU
[2022-12-28 00:24:13] <%ChaoticCheshire24> riikamWheeze
[2022-12-28 00:24:20] <+ladythalia14> oh wow a sac claymore and a sayu, time to build her Kappa
[2022-12-28 00:24:24] VIEWERS: 161
[2022-12-28 00:24:25] <%pupplezz> Madge
[2022-12-28 00:24:32] <yakuhinaaaa> If you want the banner character don't come here
[2022-12-28 00:24:37] <kamixiao> just c0 sayu is enough fro catching crystal flies
[2022-12-28 00:24:50] <Blazetri> double wheel sayu-
[2022-12-28 00:25:51] <%pupplezz> i'd let you pull, if i had anything to pull for kek
[2022-12-28 00:26:08] <%pupplezz> ...my bank acc
[2022-12-28 00:26:10] <shafinedgar> Tbh I used to be a sayu main actually
[2022-12-28 00:26:24] VIEWERS: 161
[2022-12-28 00:26:24] ~-drops- i am back (Genshin Impact)~
[2022-12-28 00:26:28] <%pupplezz> already am KEKL
[2022-12-28 00:26:31] <depressedlittlefrog> its like kazoo with c1 and gamber and sacrificial
[2022-12-28 00:26:38] <%pupplezz> i'm a sayu main
[2022-12-28 00:26:54] <%pupplezz> when u gonna play me in tcg
[2022-12-28 00:27:09] <B3N_AND_> hello
[2022-12-28 00:27:13] <%pupplezz> idk im behind too KEKW
[2022-12-28 00:27:28] <shafinedgar> WHA NAH U GOTTA DO THAT
[2022-12-28 00:27:50] <%pupplezz> there's nerfs coming up in tcg already
[2022-12-28 00:27:59] <B3N_AND_> noelle team is strong in tcg
[2022-12-28 00:28:09] <shafinedgar> I’m a yoi/Kazuha/heizou main so yeah hearing yoi is strong makes me happy
[2022-12-28 00:28:24] VIEWERS: 161
[2022-12-28 00:28:30] <%pupplezz> heiwho
[2022-12-28 00:28:32] <B3N_AND_> c6 faruzan is broken
[2022-12-28 00:28:55] <+Scoany> my bro main heizou its c6 aswell its cracked
[2022-12-28 00:28:59] <%pupplezz> c6 faruzan doing god work for me
[2022-12-28 00:29:07] <%pupplezz> putting her on elegy
[2022-12-28 00:29:08] <+samiramagaffensuppe> NAHH A ADD
[2022-12-28 00:29:32] <%pupplezz> quick say something secretive
[2022-12-28 00:29:33] <MigueC21> thanks to faruzan my xiao does 100 k on a good day  widepeepoHappy
[2022-12-28 00:29:37] <%ChaoticCheshire24> jfc
[2022-12-28 00:29:37] <B3N_AND_> i main heizou from ar 15 to ar 55
[2022-12-28 00:29:44] <%pupplezz> ok
[2022-12-28 00:29:46] <%pupplezz> im listening
[2022-12-28 00:29:48] <shafinedgar> My friend says he’s triple crowning his heizou but his is still level 20/40
[2022-12-28 00:29:53] <%ChaoticCheshire24> omg
[2022-12-28 00:29:58] <%pupplezz> mf, i got close and personal to my monitor
[2022-12-28 00:30:11] <@^Nightbot> https://discord.gg/m4uPcz57dn (REACT TO RULES/INFO TO SEE ALL CHANNELS) ALSO WELCOME WELCOME
[2022-12-28 00:30:16] <%ChaoticCheshire24> HyperLost
[2022-12-28 00:30:19] <+Scoany> back from ads 😂🤣
[2022-12-28 00:30:21] <%ChaoticCheshire24> girbHuhFree
[2022-12-28 00:30:22] <B3N_AND_> national heizou is good
[2022-12-28 00:30:24] VIEWERS: 165
[2022-12-28 00:30:27] <%pupplezz> sleep in the hottub
[2022-12-28 00:30:39] <%pupplezz> ????
[2022-12-28 00:30:43] <+cadizdiraziel> I lost my 50/50 to Mona and I got 2 Engulfing,  I was wishing got Ayato but at the end of the 365 wishes I had, at least I have 150 left got 3.4
[2022-12-28 00:30:46] <%+applewaste> Hello hello notasadistWave
[2022-12-28 00:30:48] <%pupplezz> do it
[2022-12-28 00:30:52] <%ChaoticCheshire24> hey Apple nessiemoteNOVAWAVE
[2022-12-28 00:31:00] <%pupplezz> never too late
[2022-12-28 00:31:09] <shafinedgar> If you ask me, I like heizou, Kazuha, bennett and zhongli bc zhongli = no dmg, bennett means instant 3k atk and Kazuha makes everything attracted to you and get close
[2022-12-28 00:31:17] <msk0chi> HII SADIST GUESS WHAT
[2022-12-28 00:31:22] <%pupplezz> when you coming to my city
[2022-12-28 00:31:22] <%admin_yee> so you just heavily contemplated do it and thought it was nice... haha what stopped you  ?
[2022-12-28 00:31:26] <+Scoany> thats the piece i want for my raiden......
[2022-12-28 00:31:32] <%ChaoticCheshire24> hey @msk0chi nessiemoteNOVAWAVE
[2022-12-28 00:31:40] <B3N_AND_> my current team is main dps heizou , sub dps yoimiya, shielder zhongli, support bennett
[2022-12-28 00:31:51] <%ChaoticCheshire24> math nessiemoteCRINGECAT
[2022-12-28 00:31:59] <+cadizdiraziel> but my Ayato is complete, at least
[2022-12-28 00:32:24] VIEWERS: 165
[2022-12-28 00:32:36] <%pupplezz> i shouldnt ddos myself in twitch chat
[2022-12-28 00:32:36] <msk0chi> It me birthday BCWarrior
[2022-12-28 00:32:41] <%needysub> Eu gaming SHEESH
[2022-12-28 00:32:49] <%ChaoticCheshire24> happy bday @msk0chi !! aroboParty
[2022-12-28 00:32:50] <shafinedgar> Nah but u hit nearly everything so it doesn’t matter
[2022-12-28 00:32:58] <neighbourhood_emo> I’m here to say it YET AGAIN after missing so many streams: music is slapping
[2022-12-28 00:32:58] <B3N_AND_> my kitten apollo say hi to you
[2022-12-28 00:33:00] <%needysub> Happy birf zenpan2Dumpy zenpan2Dumpy zenpan2Dumpy
[2022-12-28 00:33:04] <msk0chi> @chaoticcheshire24 tyyy
[2022-12-28 00:33:16] <%needysub> You haven’t rage quit the abyss yet? KEKW
[2022-12-28 00:33:27] <B3N_AND_> happy birthday @msk0chi
[2022-12-28 00:33:27] <%pupplezz> i'll do it, give me ur details kek
[2022-12-28 00:33:33] <MigueC21> just pull itto, ez
[2022-12-28 00:33:52] <Tamago_137> will you ever do abyss for viewers again?
[2022-12-28 00:33:56] <%pupplezz> i did it with full four star char/weap team
[2022-12-28 00:34:02] <%needysub> Don’t u have Zhongli on this account???
[2022-12-28 00:34:05] <MigueC21> take that back FeelsStrongMan
[2022-12-28 00:34:08] <%pupplezz> do mine
[2022-12-28 00:34:24] VIEWERS: 165
[2022-12-28 00:34:39] <%pupplezz> do my abyss smile
[2022-12-28 00:35:05] <%needysub> How isn’t Xiangling on this banner NotLikeThis NotLikeThis NotLikeThis
[2022-12-28 00:35:14] <%pupplezz> no i totally cant do my abyss
[2022-12-28 00:35:19] <Tamago_137> do mine sadist you'll have the time of your life 😌
[2022-12-28 00:35:38] <%pupplezz> HEY
[2022-12-28 00:35:38] <B3N_AND_> i need to ascend heizou so i can level up his skill talent
[2022-12-28 00:35:40] <%pupplezz> NEVER HAPPENED
[2022-12-28 00:35:56] [Points] neighbourhood_emo redeemed Sound Alert: it's doomed (200)
[2022-12-28 00:36:21] <B3N_AND_> nope i need item from da worm
[2022-12-28 00:36:24] <%needysub> Alright bedge have a good stream sir zenpan2Dumpy
[2022-12-28 00:36:24] VIEWERS: 152
[2022-12-28 00:36:28] <shafinedgar> The only thing I need is boba boy early cuz I cannot take farming that much
[2022-12-28 00:36:37] <B3N_AND_> onikabuto is not a problem to me
[2022-12-28 00:36:51] <MigueC21> GN NEEDYYY snorlaxDumper  snorlaxDumper  snorlaxDumper
[2022-12-28 00:37:04] <shafinedgar> Guys pray for my broken glasses pls I’m getting called Harry Potter rn
[2022-12-28 00:37:09] <B3N_AND_> itto need onikabuto too
[2022-12-28 00:37:13] <MigueC21> I think i will KEKW
[2022-12-28 00:37:16] <MigueC21> Help me ples
[2022-12-28 00:37:32] <MigueC21> dude i'm only doing the training part HAHAHA
[2022-12-28 00:37:33] <txtic_kaxial> i don't like ittos playstyle
[2022-12-28 00:37:44] <MigueC21> And... yes i have kinda high ping FeelsStrongMan
[2022-12-28 00:37:53] <MigueC21> YOU THINK???????' I can only hit em with a shotgun KEKW
[2022-12-28 00:37:57] <txtic_kaxial> and the way he acts is kinda annoying but hes cool otherwise
[2022-12-28 00:38:24] VIEWERS: 152
[2022-12-28 00:38:35] <MigueC21> *omw to change that shi rn
[2022-12-28 00:39:08] <B3N_AND_> i pull itto for the ushi
[2022-12-28 00:39:48] [Points] neighbourhood_emo redeemed Bless the RNG (10)
[2022-12-28 00:39:55] <shafinedgar> Idek why whenever I see itto/ ushi in a cutscene I ss so much
[2022-12-28 00:40:06] <%+afternooncellica> Next patch lantern rite
[2022-12-28 00:40:11] <czajnik0077> hello !!
[2022-12-28 00:40:24] VIEWERS: 148
[2022-12-28 00:40:26] <%ChaoticCheshire24> hey @czajnik0077 nessiemoteNOVAWAVE
[2022-12-28 00:40:39] <czajnik0077> what are you doing?
[2022-12-28 00:40:46] <B3N_AND_> im waiting dendro cristalize and swirls
[2022-12-28 00:40:55] <czajnik0077> @chaoticcheshire24  hii
[2022-12-28 00:41:04] <shafinedgar> Pls get this right
[2022-12-28 00:41:09] <MigueC21> tcg matches part 2 when  Dolan
[2022-12-28 00:41:14] <shafinedgar> Omg im sad
[2022-12-28 00:41:21] <kxgeyams> omg dad do u remember me
[2022-12-28 00:41:29] <czajnik0077> it would be cool if we could do anything with geo tho
[2022-12-28 00:41:34] <B3N_AND_> im waiting for new geo character
[2022-12-28 00:41:57] <MigueC21> the question is... how making geo better KEKW
[2022-12-28 00:42:12] <%ChaoticCheshire24> true
[2022-12-28 00:42:22] <%ChaoticCheshire24> jelly2DS jelly2DS jelly2DS jelly2DS jelly2DS jelly2DS jelly2DS
[2022-12-28 00:42:24] Viewerstats (00:14-00:42): avg:157 min:148 max:165 [15/158+0+0−2+0+5+0+0+4+0+0−13+0−4+0]
[2022-12-28 00:42:24] VIEWERS: 148
[2022-12-28 00:42:26] <neighbourhood_emo> Can u turn the music up a bit :O
[2022-12-28 00:42:32] <MigueC21> omni and geo reaction op, the last hope KEKW
[2022-12-28 00:42:45] <kamixiao> geo is the anti social element
[2022-12-28 00:42:49] <B3N_AND_> geo didn't need element reaction
[2022-12-28 00:42:54] <neighbourhood_emo> I just love music lmao Ty :)))
[2022-12-28 00:43:01] <%ChaoticCheshire24> nessiemoteGREMLIN
[2022-12-28 00:43:09] <shafinedgar> All of dain’s quests traumatisé me idk why
[2022-12-28 00:43:17] <+Scoany> i like geo as is, just wish there was an easier to access lead
[2022-12-28 00:43:19] <shafinedgar> It’s just so scary
[2022-12-28 00:43:27] <czajnik0077> there is literally one geo team
[2022-12-28 00:43:33] <%shinobiuzui> all my mains are geo ngl
[2022-12-28 00:43:34] <%ChaoticCheshire24> riikamWiggly riikamWiggly riikamWiggly riikamWiggly riikamWiggly
[2022-12-28 00:43:44] <kamixiao> imagine sandstorm/landslide/mud/lava reactions
[2022-12-28 00:43:55] <B3N_AND_> the upside down venti statue traumatized me so much
[2022-12-28 00:44:12] <B3N_AND_> that makes me had a nightmares
[2022-12-28 00:44:18] <czajnik0077> dont spoilerr
[2022-12-28 00:44:18] <%admin_yee> ninguang was my main for a long long time
[2022-12-28 00:44:24] VIEWERS: 148
[2022-12-28 00:44:48] <ltm_reflex> I do
[2022-12-28 00:44:49] <mari_1898> I like the unga bunga style but i understand that it can get boring too
[2022-12-28 00:44:51] <czajnik0077> she feels slow for me
[2022-12-28 00:44:59] <kamixiao> ningguang was s tier for the geo wolflord this abyss LUL
[2022-12-28 00:45:10] <B3N_AND_> someone here guess the first character i pull:V
[2022-12-28 00:45:18] <%admin_yee> hush you and that ningguang slander
[2022-12-28 00:45:19] <%shinobiuzui> I had a ningguang hate era because no matter what banner I pulled on I got her. she became barbara for me
[2022-12-28 00:45:38] <%dyxontwitch> A dps geo with a crystallize kit would be nice
[2022-12-28 00:45:39] <neighbourhood_emo> When I was new I though the crystallise shields would light fires so I would take ninguang to dragon spine to try to fire puzzles she was my first 4 star after noelle!
[2022-12-28 00:45:46] <B3N_AND_> nope its ningguang xD
[2022-12-28 00:45:48] <moraxli> i love ya
[2022-12-28 00:46:20] <czajnik0077> money god loves u
[2022-12-28 00:46:23] <czajnik0077> ur lucky
[2022-12-28 00:46:23] <B3N_AND_> on the noelle banner i got 2 4 start character in a 10 pull
[2022-12-28 00:46:24] VIEWERS: 142
[2022-12-28 00:46:27] <shafinedgar> Someone guess mine heh
[2022-12-28 00:46:31] <%ChaoticCheshire24> omg
[2022-12-28 00:46:32] <czajnik0077> DORI
[2022-12-28 00:46:34] <kamixiao> dori or xinyan ig
[2022-12-28 00:46:36] <ace_sips_tea> xinyan?
[2022-12-28 00:46:48] <neighbourhood_emo> Anyone from Inazuma or sumeru bc of the mats lmao
[2022-12-28 00:46:48] <czajnik0077> sara too
[2022-12-28 00:46:50] <MigueC21> yunjin.
[2022-12-28 00:47:00] <alpha_hecate> I thought most peoples first character was noelle
[2022-12-28 00:47:00] <%admin_yee> no it matters, imagine getting a sumeru 4 star and you can't level them that far up in the beginning
[2022-12-28 00:47:10] [Points] B3N_AND_ redeemed Bless the RNG (10)
[2022-12-28 00:47:14] <hadyrsn> hello mr streamer, hows your crimson artifacts?
[2022-12-28 00:47:19] <+Scoany> think fishl and xinyan is my last 2 4* i need to have all 4*......
[2022-12-28 00:47:29] <%ChaoticCheshire24> hey Hadyrsn nessiemoteNOVAWAVE
[2022-12-28 00:47:34] <%Noejhl> Oh hello your back?
[2022-12-28 00:47:39] <czajnik0077> who do you main?
[2022-12-28 00:47:48] <%ChaoticCheshire24> hey Noejhl nessiemoteNOVAWAVE
[2022-12-28 00:47:49] <neighbourhood_emo> Yun Jin is my benny bc I don’t like bennys playstyle
[2022-12-28 00:48:00] <+Scoany> nope i started on the klee rerun recently
[2022-12-28 00:48:04] <czajnik0077> on your main then
[2022-12-28 00:48:04] <hadyrsn> @ChaoticCheshire24 peepohey notasadistBread
[2022-12-28 00:48:24] <ace_sips_tea> mommy lisa?
[2022-12-28 00:48:25] VIEWERS: 147
[2022-12-28 00:48:27] <%Noejhl> how was your trip and did you have a good christmas despite everything?
[2022-12-28 00:48:28] <czajnik0077> woah
[2022-12-28 00:48:31] <chesapeakecannibal> I won my 50/50 and got ayato this is my 2nd win in a row
[2022-12-28 00:48:54] <neighbourhood_emo> Do abyss on ur main for us PLEEASSE I WILL GIVE YOU LOTS OF HIGH FIVES
[2022-12-28 00:48:57] <czajnik0077> u kinda look like a yoimiya main
[2022-12-28 00:49:04] <moraxli> i am xiao and lisa main
[2022-12-28 00:49:21] <pretty_mundane> Rosaria opinion?
[2022-12-28 00:49:44] <moraxli> yes
[2022-12-28 00:49:48] <B3N_AND_> I'm currently learning greek
[2022-12-28 00:50:00] <B3N_AND_> i want to be quadlingual
[2022-12-28 00:50:19] <czajnik0077> hhh i need to go
[2022-12-28 00:50:24] <czajnik0077> good night everyone !!
[2022-12-28 00:50:25] VIEWERS: 147
[2022-12-28 00:50:33] <alpha_hecate> byee
[2022-12-28 00:50:40] <shafinedgar> Hey Sadist can you show us your yoi build in a bit?
[2022-12-28 00:50:40] <%ChaoticCheshire24> goodnight @czajnik0077 !
[2022-12-28 00:50:44] <B3N_AND_> here in Indonesia its 7.50AM xD
[2022-12-28 00:50:49] <shafinedgar> Like the ratio
[2022-12-28 00:50:55] <%ChaoticCheshire24> detuneWiggle detuneWiggle detuneWiggle detuneWiggle detuneWiggle detuneWiggle
[2022-12-28 00:51:14] <%Noejhl> hottest yoi
[2022-12-28 00:51:14] <shafinedgar> Woah mine’s like 50% 235%
[2022-12-28 00:51:43] <moraxli> umm why are u so cute? you reply to everyone <3
[2022-12-28 00:52:01] <%pupplezz> You doing abyss?
[2022-12-28 00:52:17] <%pupplezz> I believe in you gamer
[2022-12-28 00:52:25] VIEWERS: 140
[2022-12-28 00:52:29] <%Noejhl> i missed your streams happy your back
[2022-12-28 00:52:50] <B3N_AND_> I'm born with 2 language LUL
[2022-12-28 00:53:14] <%ChaoticCheshire24> neatmcJAM neatmcJAM neatmcJAM neatmcJAM neatmcJAM
[2022-12-28 00:53:41] <B3N_AND_> its Indonesian and Melayu
[2022-12-28 00:53:58] <%Noejhl> it will be fine... let future sadist handel room 3
[2022-12-28 00:53:59] <%ChaoticCheshire24> aroboFine
[2022-12-28 00:54:12] <MigueC21> healer modCheck
[2022-12-28 00:54:25] VIEWERS: 140
[2022-12-28 00:54:29] <B3N_AND_> im a trilingual
[2022-12-28 00:55:04] <kimchi2048> Just got Raiden and then I got her weapon early :D
[2022-12-28 00:55:12] <B3N_AND_> yup xD
[2022-12-28 00:55:17] <%shinobiuzui> these voice lines just time perfectly to this song i like it
[2022-12-28 00:55:17] <moraxli> yeah
[2022-12-28 00:55:20] <%gxldn08> hey sadist notasadistWave
[2022-12-28 00:55:36] <%ChaoticCheshire24> hey Gxldn nessiemoteNOVAWAVE
[2022-12-28 00:55:38] <B3N_AND_> i hope greek will be my 4th language
[2022-12-28 00:56:16] <azari0us> Hii sadist welcome back!
[2022-12-28 00:56:25] VIEWERS: 136
[2022-12-28 00:56:29] <%ChaoticCheshire24> hey Azari nessiemoteNOVAWAVE
[2022-12-28 00:56:44] <MigueC21> that rosaria hit's surprisingly high oh my
[2022-12-28 00:57:10] <commando_pan> Okay ima go now bye
[2022-12-28 00:57:10] <moraxli> will u marry me ahahaha?
[2022-12-28 00:57:10] <MigueC21> OMEGALUL
[2022-12-28 00:57:13] <%ChaoticCheshire24> nessiemoteGREMLIN
[2022-12-28 00:57:33] <+samiramagaffensuppe> i am over 2h here i just realised :^
[2022-12-28 00:58:19] <tanish98> i just joined and saw a booba sword what an entrance
[2022-12-28 00:58:25] VIEWERS: 136
[2022-12-28 00:58:32] <voidarkangels> just lost 50/50
[2022-12-28 00:58:59] <B3N_AND_> in greek there are no W, Q,U, and C
[2022-12-28 00:59:00] <MigueC21> i just wanna see how will you kill this think monkaS
[2022-12-28 00:59:06] <tanish98> im guarrented 47 pity and 44 primos
[2022-12-28 00:59:20] [Notification] Arudorin3 subscribed at Tier 1. They've subscribed for 16 months, currently on a 16 month streak! [16 months! notasadistHeart]
[2022-12-28 00:59:25] <moraxli> ahha answer me, will u marry me >?
[2022-12-28 00:59:34] <kimchi2048> I prefarmed raiden but I did not expect her weapon so I have to kills more samurai D:
[2022-12-28 00:59:45] <moraxli> why hahahaaha
[2022-12-28 00:59:52] <%ChaoticCheshire24> hey Arudorin nessiemoteNOVAWAVE
[2022-12-28 00:59:57] <tanish98> whats this song name
[2022-12-28 00:59:58] <MigueC21> @moraxli a lil parasocial ngl
[2022-12-28 01:00:12] <MigueC21> i think it splits after you hit like... half HP
[2022-12-28 01:00:25] VIEWERS: 136
[2022-12-28 01:00:27] <%Noejhl> Damn 65k rosaria ult
[2022-12-28 01:00:57] <B3N_AND_> i want more cryo character my cryo character is only diona and kaeya
[2022-12-28 01:01:02] <tanish98> i played raiden trial for like 30 mins and imna go do laundry
[2022-12-28 01:01:09] <@^Nightbot> https://discord.gg/m4uPcz57dn (REACT TO RULES/INFO TO SEE ALL CHANNELS) ALSO WELCOME WELCOME
[2022-12-28 01:01:43] <B3N_AND_> chongyun and rosaria
[2022-12-28 01:02:01] <B3N_AND_> i swear I didn't want qiqi
[2022-12-28 01:02:09] <B3N_AND_> i forgot she is cryo
[2022-12-28 01:02:20] <%Noejhl> can u show rosaria build after?
[2022-12-28 01:02:25] VIEWERS: 143
[2022-12-28 01:02:37] <lilypadbyethesea> Hiii
[2022-12-28 01:02:39] <moraxli> i pulled for ayato 70 pull and he did not come to me ..
[2022-12-28 01:02:41] <lilypadbyethesea> KonCha
[2022-12-28 01:02:48] <%ChaoticCheshire24> hey again Lily nessiemoteNOVAWAVE
[2022-12-28 01:03:01] <lilypadbyethesea> @chaoticcheshire24 Hii how are you
[2022-12-28 01:03:05] <%gxldn08> should i pull for radian or ayato?? cus i love ayatos skill but radians burts
[2022-12-28 01:03:08] <lilypadbyethesea> TPFufun
[2022-12-28 01:03:11] <B3N_AND_> i have sub-dps yoimiya xD
[2022-12-28 01:03:14] <%gxldn08> *burst
[2022-12-28 01:03:14] <%ChaoticCheshire24> @lilypadbyethesea I'm okay, just sleepy. And you?
[2022-12-28 01:03:32] <MigueC21> omfg you did it
[2022-12-28 01:03:41] <lilypadbyethesea> I got radian i my first 10 pull
[2022-12-28 01:03:54] <lilypadbyethesea> @chaoticcheshire24 Am ok
[2022-12-28 01:03:54] <kxgeyams> is that ur rosaria
[2022-12-28 01:04:20] <%shinobiuzui> ....rip
[2022-12-28 01:04:20] <MigueC21> i struggled with a geo team and you did it ez with rosaria and xiangling FeelsStrongMan
[2022-12-28 01:04:21] <moraxli> im gonna go now
[2022-12-28 01:04:22] [Points] lilypadbyethesea redeemed Bless the RNG (10)
[2022-12-28 01:04:25] VIEWERS: 143
[2022-12-28 01:04:26] <%Noejhl> what did we not see?
[2022-12-28 01:04:27] <shafinedgar> That’s the midnight alarm, see you next time!
[2022-12-28 01:04:39] <B3N_AND_> i like the electro archon radian:V
[2022-12-28 01:04:40] <moraxli> love ya and take caree
[2022-12-28 01:04:42] <kxgeyams> no way u c6 ur benny
[2022-12-28 01:05:20] <MigueC21> that chicken is going wild
[2022-12-28 01:05:29] <pretty_mundane> Would a team with Raiden as sub dps and Childe as dps make sense? Just pulled her :)
[2022-12-28 01:05:48] <%Noejhl> remember past sadist who said chicken wont be any problem?
[2022-12-28 01:05:59] <%shinobiuzui> raiden and the chicken are a bad match. she's bad a cooking so she looses to the chicken
[2022-12-28 01:06:27] VIEWERS: 139
[2022-12-28 01:07:07] <MayhemLucy25> what song is this?
[2022-12-28 01:07:15] <B3N_AND_> sadist , My kitten Tiara say hi to you , She is apollo sister
[2022-12-28 01:07:31] <imamoiststeak> Got raiden babyyyyy
[2022-12-28 01:08:02] <%Noejhl> childe nahida raiden zhongli sounds like a good team
[2022-12-28 01:08:03] <%ChaoticCheshire24> awwww
[2022-12-28 01:08:30] VIEWERS: 139
[2022-12-28 01:08:31] <B3N_AND_> i know my cat family tree more than mine xD
[2022-12-28 01:08:45] <%ChaoticCheshire24> riikamWiggly riikamWiggly riikamWiggly riikamWiggly riikamWiggly
[2022-12-28 01:09:30] <kxgeyams> wait did u actually c6 benny
[2022-12-28 01:10:09] <%Noejhl> raiden on full em yes
[2022-12-28 01:10:30] VIEWERS: 139
[2022-12-28 01:10:50] <%pupplezz> How goes abyss
[2022-12-28 01:10:51] <%Noejhl> not to shaby looks good
[2022-12-28 01:11:08] <imamoiststeak> Goddamn, an actual use for the pizza paddle
[2022-12-28 01:11:25] <tanish98> imma go do my commisions
[2022-12-28 01:11:47] <%Noejhl> thats the first time i see a nahida in this set
[2022-12-28 01:11:51] <%Noejhl> interesting
[2022-12-28 01:12:00] <B3N_AND_> brb
[2022-12-28 01:12:30] Viewerstats (00:44-01:12): avg:140 min:134 max:148 [15/148−6+5+0−7+0−4+0+0+7+0−4+0+0−5]
[2022-12-28 01:12:30] VIEWERS: 134
[2022-12-28 01:13:09] <imamoiststeak> This isn’t miley Cyrus singing or am i going insane
[2022-12-28 01:13:30] [Points] tanish98 redeemed Sound Alert: Hydrate (600)
[2022-12-28 01:13:49] <%Noejhl> did u do the event yet? the umbrella looks so nice on kazuha
[2022-12-28 01:14:07] <%gxldn08> @imamoiststeak sounds like kids bop lmao
[2022-12-28 01:14:30] <imamoiststeak> Haha
[2022-12-28 01:14:30] VIEWERS: 134
[2022-12-28 01:15:44] <%ChaoticCheshire24> @Noejhl he's started some of it, like the first part
[2022-12-28 01:15:46] <%Noejhl> sheesh
[2022-12-28 01:16:09] <%Noejhl> thats actually wild
[2022-12-28 01:16:30] VIEWERS: 129
[2022-12-28 01:17:01] <imamoiststeak> Her gameplay test is a psychical build which wasn’t that good…
[2022-12-28 01:17:02] <MigueC21> kinda unespected from you to build the nun
[2022-12-28 01:17:05] <%+DuaSenPha> I think I used up my luck for alhaitham. I won the 50/50 and got engulfing lightning at early pity
[2022-12-28 01:17:20] <%+DuaSenPha> this was like 40 wishes
[2022-12-28 01:17:36] <leiiaa> hey sadist just joining!
[2022-12-28 01:17:39] <kxgeyams> yet hutao is still lvl 20
[2022-12-28 01:17:52] <%Noejhl> xiangling showcase
[2022-12-28 01:18:00] <leiiaa> lol
[2022-12-28 01:18:03] <%ChaoticCheshire24> hey Leilaa nessiemoteNOVAWAVE
[2022-12-28 01:18:08] [Points] samiramagaffensuppe redeemed Community rap (Say the words) (1 000)
[2022-12-28 01:18:30] VIEWERS: 129
[2022-12-28 01:18:58] <leiiaa> ....
[2022-12-28 01:19:13] <+samiramagaffensuppe> :,D
[2022-12-28 01:19:20] <%gxldn08> who put vegamite notasadistCodeadsalute
[2022-12-28 01:19:30] <~%AmNotaSadist> !discord
[2022-12-28 01:19:30] <@^Nightbot> https://discord.gg/m4uPcz57dn lots of genshin talk/advice/find friends to play with. Also feel free to share pets/just chill. Welcome welcome
[2022-12-28 01:19:32] <~%AmNotaSadist> !socials
[2022-12-28 01:19:32] <@^Nightbot> tiktok famous Kappa : https://www.tiktok.com/@notasadist? insta model Kappa : https://www.instagram.com/amnotasadist/ pro youtuber Kappa : https://www.youtube.com/channel/UCB6lzaAGTqYLXZTRSUCQUaA twitter: https://twitter.com/NotSadist
[2022-12-28 01:19:37] <imamoiststeak> Honestly the rational team seems a bit overkill for overworld imo. More abyss orientated, which leaves me wanting for a good overworld Raiden team
[2022-12-28 01:19:37] <MigueC21> it was nice having you back smelly  widepeepoHappy
[2022-12-28 01:19:56] <%gxldn08> bye sadisttt
[2022-12-28 01:20:01] <%pupplezz> Raid my boy peepoShy
[2022-12-28 01:20:13] <%Noejhl> have a nice rest of the day see u next time notasadistWave
[2022-12-28 01:20:26] <@%$pear0203> !raid
[2022-12-28 01:20:26] <@^Nightbot> StinkyGlitch SADIST RAID  StinkyGlitch  FEET EMPIRE  StinkyGlitch  SADIST RAID  StinkyGlitch  FEET EMPIRE  StinkyGlitch  SADIST RAID  StinkyGlitch  FEET EMPIRE  StinkyGlitch
[2022-12-28 01:20:26] <^StreamElements> Download Raid: Shadow Legends using my link and enjoy the special in-game loots! Raid is free on PC and Mobile. https://strms.net/raid_amnotasadist_sesp Use my Promo Code: 3YEARSRAID for more perks
[2022-12-28 01:20:30] VIEWERS: 129
[2022-12-28 01:20:35] <%ChaoticCheshire24> bye Sadist!
[2022-12-28 01:20:35] <%pupplezz> See u see u wbwbwb
[2022-12-28 01:20:38] <KaizuNima> Bye
[2022-12-28 01:20:42] <MigueC21> byeeeee
[2022-12-28 01:20:48] <@%$pear0203> LOL
[2022-12-28 01:22:30] VIEWERS: 129
[2022-12-28 01:23:05] ~Stream offline~
[2022-12-28 01:42:30] Viewerstats (01:14-01:20): avg:130 min:129 max:134 [4/134−5+0+0_]
