# Log started: 2022-12-30 09:47:05 +0100
[2022-12-30 09:47:05] VIEWERS: 2
[2022-12-30 09:47:05] ~Drops!! ⭐ Shadowfen, New Life Festival & Playing with Friends!⭐ELDER SCROLLS ONLINE (NA)⭐ (NZ) !discord !hello !love (The Elder Scrolls Online)~
[2022-12-30 09:49:05] VIEWERS: 2
[2022-12-30 09:50:49] <%+Eujinnnz> hello
[2022-12-30 09:50:55] <Skybree_nz> Kia ora
[2022-12-30 09:51:05] VIEWERS: 3
[2022-12-30 09:52:00] <%+Eujinnnz> trying to remember how things work in this game lol
[2022-12-30 09:53:05] VIEWERS: 9
[2022-12-30 09:54:16] <smudgethekoolkat_y1you> @shaiQuera heya how ya doing Xd
[2022-12-30 09:54:31] <smudgethekoolkat_y1you> yeah i was coming for  this event but kind giving up on it i think lol
[2022-12-30 09:54:47] <%+Eujinnnz> new name?
[2022-12-30 09:55:05] VIEWERS: 9
[2022-12-30 09:55:08] <+Gorasu> Oh nice! Drops!
[2022-12-30 09:55:38] <+Gorasu> Oroboros crates are good for getting gems. Not much else.
[2022-12-30 09:55:51] <smudgethekoolkat_y1you> @Eujinnnz yep this was a alt acc i made a while ago. and been usuing it as i can get in to my other due to 2fa
[2022-12-30 09:56:32] <smudgethekoolkat_y1you> not yet since i installed and jumped on. really need to though. be a bit hard to play games at the moment as i took skin off my left arm as it was itchy and wouldnt stop
[2022-12-30 09:56:58] <+Gorasu> Pretty character
[2022-12-30 09:57:05] Viewerstats (09:47-09:57): avg:5 min:2 max:9 [6/_2+0+1+6+0+0]
[2022-12-30 09:57:05] VIEWERS: 9
[2022-12-30 09:57:12] <Scyneir> yo
[2022-12-30 09:58:12] <smudgethekoolkat_y1you> !lurk i shall return jump in eso fora few
[2022-12-30 09:58:12] <@^Nightbot> i is popping out for a hot minute, see you soon!
[2022-12-30 09:58:13] <~%shaiQuera> smudgethekoolkat_y1you is popping out for a hot minute, see you soon!
[2022-12-30 09:59:05] VIEWERS: 14
[2022-12-30 09:59:18] <+Gorasu> You can swim over
[2022-12-30 09:59:45] <+Gorasu> I'm fine thanks. Love this game but I'm quite burned out with it.
[2022-12-30 09:59:47] <%cooper50799> Good morning hope you are good 👋
[2022-12-30 10:00:12] <@^Nightbot> Join the Community! Shaytopia: https://discord.gg/rVHJTsqZUu
[2022-12-30 10:01:06] [Points] cooper50799 redeemed Sound Alert: Hello (500)
[2022-12-30 10:01:08] <@^Nightbot> Your Views Mean So Much To Me, THANKYOU For Being Here 💘
[2022-12-30 10:01:09] VIEWERS: 14
[2022-12-30 10:01:18] <+Codednz> to get everything youll need to get them multiple times
[2022-12-30 10:01:29] <+Codednz> after they are 5 vouchers per
[2022-12-30 10:01:56] <smudgethekoolkat_y1you> yeah hang out for a bit. need to level this beast up
[2022-12-30 10:02:08] <@^Nightbot> Want your own GPortal server? Join up with this link and get 10% discount! https://bit.ly/2StyShR
[2022-12-30 10:03:07] <+Gorasu> Shadowfen was one of main game areas published back in 2014
[2022-12-30 10:03:09] VIEWERS: 20
[2022-12-30 10:04:04] <smudgethekoolkat_y1you> i have guldarsh im on if your wondering
[2022-12-30 10:04:45] <+Codednz> warden+tank= wanken lol
[2022-12-30 10:05:10] VIEWERS: 20
[2022-12-30 10:07:10] VIEWERS: 26
[2022-12-30 10:07:17] <+Codednz> DAILY WRITS!
[2022-12-30 10:08:30] <+Codednz> press j
[2022-12-30 10:09:10] <+Gorasu> Looks like a clitch
[2022-12-30 10:09:10] VIEWERS: 27
[2022-12-30 10:09:28] <vixengotshot> Hey Shaun how’s it going? I was meaning to ask are you in pc or ps4 or both?
[2022-12-30 10:09:41] <vixengotshot> Shai not Shaun sorry :(
[2022-12-30 10:09:51] <vixengotshot> Autocorrect lol
[2022-12-30 10:10:10] <vixengotshot> Thanks a million :)
[2022-12-30 10:10:40] <+Gorasu> ESO used to be pretty broken. Zeni refactored its client and server code during 2019-2020 after that it has been much better.
[2022-12-30 10:10:54] <+Codednz> when bulk buying from vendors you can right click and type in how much you need
[2022-12-30 10:11:10] VIEWERS: 27
[2022-12-30 10:11:20] <+Codednz> sent you some nickle
[2022-12-30 10:12:34] <+Codednz> regulus in the mail now
[2022-12-30 10:13:05] <+Gorasu> that is pretty nice chair
[2022-12-30 10:13:10] VIEWERS: 27
[2022-12-30 10:13:25] <Scyneir> did you get my flowers?
[2022-12-30 10:13:44] <Scyneir> LUL
[2022-12-30 10:14:07] <+Codednz> ayeeee
[2022-12-30 10:14:12] <+Codednz> sending again
[2022-12-30 10:15:10] VIEWERS: 35
[2022-12-30 10:15:41] <+Codednz> ahould be there now
[2022-12-30 10:16:40] <+Codednz> raw jute refines to jute
[2022-12-30 10:17:10] VIEWERS: 35
[2022-12-30 10:17:20] <+Gorasu> HarvestMap addon
[2022-12-30 10:18:04] <+Gorasu> Reload ui
[2022-12-30 10:18:06] <+Gorasu> Go to map
[2022-12-30 10:18:11] <+Gorasu> Select items you want to see
[2022-12-30 10:18:18] <+Gorasu> (sorry for backseating)
[2022-12-30 10:18:45] <+Gorasu> Now, you need to update your map. There is a exe file in addon folder
[2022-12-30 10:18:54] <+Gorasu> And you probably need to exit ESO for that
[2022-12-30 10:19:12] VIEWERS: 34
[2022-12-30 10:19:23] <+Gorasu> live/addons/harvestmap/downloadnewdata.bat
[2022-12-30 10:19:46] <smudgethekoolkat_y1you> imma have to jump off as trying to play agtavating my arm. got a horrendous itch that wouldn't stop and I've gone through top layer of skin so it's sore
[2022-12-30 10:20:27] <+Gorasu> Yeah, it takes while but then you can see EVERYTHING :D
[2022-12-30 10:21:12] <smudgethekoolkat_y1you> yeah defintly will do just such horrible timeing as i cant really play any games arhhhhhhh
[2022-12-30 10:21:15] VIEWERS: 39
[2022-12-30 10:21:57] <smudgethekoolkat_y1you> yeah if it wasnt in the crese id hang around lol
[2022-12-30 10:22:00] <smudgethekoolkat_y1you> !lurk
[2022-12-30 10:22:01] <@^Nightbot> smudgethekoolkat_y1you is popping out for a hot minute, see you soon!
[2022-12-30 10:22:01] <~%shaiQuera> smudgethekoolkat_y1you is popping out for a hot minute, see you soon!
[2022-12-30 10:22:36] <+Gorasu> You killed Molag Bal but you don't have wits or courage? ;)
[2022-12-30 10:22:59] <+Codednz> nothing
[2022-12-30 10:23:07] <+Codednz> havent used jute in ages
[2022-12-30 10:23:15] <+Codednz> still got 24k of the damn things
[2022-12-30 10:23:15] VIEWERS: 39
[2022-12-30 10:23:22] <+Gorasu> probs
[2022-12-30 10:25:04] <@^Nightbot> Want your own GPortal server? Join up with this link and get 10% discount! https://bit.ly/2StyShR
[2022-12-30 10:25:15] VIEWERS: 38
[2022-12-30 10:25:28] <ZuluSkunk> eey
[2022-12-30 10:26:17] <ZuluSkunk> u on EU?
[2022-12-30 10:26:23] <%$EBrarian> Hi Shai, chat
[2022-12-30 10:27:11] <+Codednz> whats your ping like? im stitting at about 220-250
[2022-12-30 10:27:15] Viewerstats (09:59-10:27): avg:28 min:14 max:39 [15/14+0+6+0+6+1+0+0+8+0−1+5+0−1+0]
[2022-12-30 10:27:15] VIEWERS: 38
[2022-12-30 10:29:15] VIEWERS: 39
[2022-12-30 10:30:03] <+Codednz> oooo can i introduce you to dulgubons lazy writ crafter?.....its a addon that automatically crafts the daily writs
[2022-12-30 10:30:32] <%$EBrarian> Working & chilling :)
[2022-12-30 10:31:16] VIEWERS: 39
[2022-12-30 10:31:20] <+Gorasu> @shaiQuera Have you played DLC content yet?
[2022-12-30 10:33:10] <+Gorasu> Ok, so you havent completed old main quest or DLC areas
[2022-12-30 10:33:19] VIEWERS: 39
[2022-12-30 10:34:26] [Notification] RioClete subscribed at Tier 1. They've subscribed for 24 months, currently on a 21 month streak! [Morning @shaiQuera]
[2022-12-30 10:34:54] <%$RioClete> How're you doing?
[2022-12-30 10:34:58] <%$RioClete> You're welcome :)
[2022-12-30 10:35:15] <+Gorasu> Old Main quest starts today with Hooded Figure who drags you to Coldharbour, where you escape.
[2022-12-30 10:35:20] VIEWERS: 40
[2022-12-30 10:37:02] <%$RioClete> <gasp!!>  You didn't get your soul back??? omg!
[2022-12-30 10:37:21] VIEWERS: 40
[2022-12-30 10:37:53] <%$RioClete> tsk tsk tsk
[2022-12-30 10:38:10] <+Gorasu> Yeah, well. Quality kind of bounces all over in those old quests, but it is rewarding to play through at least once. Besides you can start Zone stories by finding your way to starting point of the Alliance story.
[2022-12-30 10:38:25] <%$RioClete> no, you don't have your soul until you finish Cold harbor
[2022-12-30 10:39:04] <%$RioClete> you have to beat Molag Bal
[2022-12-30 10:39:23] VIEWERS: 40
[2022-12-30 10:39:31] <%$RioClete> Originally, you start in Cold Harbor. You were killed before you actually start the game.
[2022-12-30 10:39:38] <+Gorasu> Yeah
[2022-12-30 10:40:01] <%$RioClete> they buggered it up, IMHO.
[2022-12-30 10:40:26] <+Gorasu> Yep, in these days you start in Adamantium tower and can select where you start. But that still gives you freedom to do quests in your chosen order.
[2022-12-30 10:40:46] <+Gorasu> So even if you selected High Isle, you are not bound to that content.
[2022-12-30 10:41:03] <+Gorasu> Yep, that is ESO problem. Too much cool stuff to do :D
[2022-12-30 10:41:25] VIEWERS: 44
[2022-12-30 10:41:25] <%$RioClete> I think it's an essential part of the entire questline.
[2022-12-30 10:42:06] <+Gorasu> Yeah it might be good for sanity to pick one zone story and do it :D
[2022-12-30 10:42:21] <%$RioClete> it's cool. You play how you want to. Not trying to force you into it.
[2022-12-30 10:43:10] <+Gorasu> Frequently Asked Questions about ESO
[2022-12-30 10:43:25] VIEWERS: 44
[2022-12-30 10:44:03] [Points] RioClete redeemed Hydrate! (100)
[2022-12-30 10:44:26] <+Gorasu> Argonian logic
[2022-12-30 10:45:25] VIEWERS: 53
[2022-12-30 10:47:25] VIEWERS: 53
[2022-12-30 10:48:20] <+robbioso__> nice!
[2022-12-30 10:48:43] <spectrenzl007> spectre nz
[2022-12-30 10:48:49] <spectrenzl007> a fellow kiwi
[2022-12-30 10:49:25] VIEWERS: 52
[2022-12-30 10:49:58] <spectrenzl007> spectre nzl 007
[2022-12-30 10:50:06] <@^Nightbot> Want your own GPortal server? Join up with this link and get 10% discount! https://bit.ly/2StyShR
[2022-12-30 10:50:07] <spectrenzl007> i get it everyone cocks it up
[2022-12-30 10:50:18] <spectrenzl007> it was the only name i could find
[2022-12-30 10:50:28] <spectrenzl007> with my eso name in it
[2022-12-30 10:50:45] <spectrenzl007> na
[2022-12-30 10:50:48] <spectrenzl007> pc
[2022-12-30 10:51:25] VIEWERS: 52
[2022-12-30 10:51:43] <spectrenzl007> where abouts in nz are you?
[2022-12-30 10:51:51] <smudgethekoolkat_y1you> thank you shai XD
[2022-12-30 10:51:58] <smudgethekoolkat_y1you> got my drop
[2022-12-30 10:52:08] <smudgethekoolkat_y1you> any way take care imma head off to bed. good night
[2022-12-30 10:52:18] <spectrenzl007> kill them
[2022-12-30 10:52:18] <+Gorasu> Old ESO style - kill everything
[2022-12-30 10:52:56] <%$EBrarian> Yeah screw 2022 sidewYs
[2022-12-30 10:53:25] VIEWERS: 62
[2022-12-30 10:55:25] VIEWERS: 62
[2022-12-30 10:57:25] Viewerstats (10:29-10:57): avg:48 min:39 max:71 [15/39+0+0+1+0+0+4+0+9+0−1+0+10+0+9]
[2022-12-30 10:57:25] VIEWERS: 71
[2022-12-30 10:59:25] VIEWERS: 71
[2022-12-30 11:01:25] VIEWERS: 71
[2022-12-30 11:03:25] VIEWERS: 68
[2022-12-30 11:05:27] VIEWERS: 64
[2022-12-30 11:06:26] <spectrenzl007> is this your first character?
[2022-12-30 11:06:58] <spectrenzl007> ah
[2022-12-30 11:07:11] <spectrenzl007> nice
[2022-12-30 11:07:27] VIEWERS: 64
[2022-12-30 11:07:33] <spectrenzl007> since november last year
[2022-12-30 11:07:55] <+kitten0513> Very welcome. Wanted to follow before I head off to bed so I can watch you later.🤗
[2022-12-30 11:07:59] <spectrenzl007> 9 toons and cp 1120
[2022-12-30 11:08:39] [Points] Daeerrrr redeemed Hydrate! (100)
[2022-12-30 11:09:30] VIEWERS: 64
[2022-12-30 11:09:34] <+Gorasu> You can get mementos from quests. Quest items are not generally kept.
[2022-12-30 11:10:09] <+Gorasu> Disguises are sometimes fun to keep. Like gem that turns you as goblin.
[2022-12-30 11:11:16] <+Gorasu> Yeah, in roleplaying activities disguises and outfits are quite useful.
[2022-12-30 11:11:31] VIEWERS: 71
[2022-12-30 11:13:14] <+Gorasu> I liked Murkmire, heavilly based on Elder Scrolls Infernal City book
[2022-12-30 11:13:30] VIEWERS: 76
[2022-12-30 11:14:09] <+Gorasu> Elder Scrolls lore iceberg goes pretty deep.
[2022-12-30 11:15:34] VIEWERS: 84
[2022-12-30 11:15:47] <+Gorasu> that is why we have elder scrolls wiki lol
[2022-12-30 11:17:34] VIEWERS: 84
[2022-12-30 11:18:08] <+Gorasu> uesp.net is more trustworthy than elderscrolls.fandom. Even ESO devs read it lol
[2022-12-30 11:18:08] DELETED: Gorasu (uesp.net is more trustworthy than elderscrolls.fandom. Even ESO devs read it lol)
[2022-12-30 11:18:08] <@^Nightbot> @Gorasu -> Get off the stage. [stop posting links] [warning]
[2022-12-30 11:18:50] <~%shaiQuera> https://en.uesp.net/wiki/Main_Page
[2022-12-30 11:18:59] <~%shaiQuera> https://elderscrolls.fandom/
[2022-12-30 11:19:11] <+Gorasu> yep
[2022-12-30 11:19:36] VIEWERS: 75
[2022-12-30 11:19:38] <+Gorasu> Fandom goes interpretations, UESP keeps with facts.
[2022-12-30 11:20:10] <spectrenzl007> i dont think ive done this quest before
[2022-12-30 11:20:11] <+Gorasu> And eveything in lore is written from the perspective of unrealible withness so you can basically make up your mind about it :D
[2022-12-30 11:21:36] VIEWERS: 75
[2022-12-30 11:22:12] <%$RioClete> lol
[2022-12-30 11:22:21] <+Gorasu> Argonian music  <3
[2022-12-30 11:22:31] <%$RioClete> omg not the music
[2022-12-30 11:22:57] <+Gorasu> Best argonian name I saw Paid-For-Winrar
[2022-12-30 11:23:36] VIEWERS: 75
[2022-12-30 11:24:11] <%cooper50799> Level 25 nice 👍
[2022-12-30 11:24:13] <+Gorasu> Drinks-and-drives was another
[2022-12-30 11:25:05] <@^Nightbot> Want your own GPortal server? Join up with this link and get 10% discount! https://bit.ly/2StyShR
[2022-12-30 11:25:24] <spectrefromnz> grats on the level up
[2022-12-30 11:25:36] VIEWERS: 74
[2022-12-30 11:26:40] <virg76> Is this your only character?
[2022-12-30 11:27:36] Viewerstats (10:59-11:27): avg:72 min:64 max:84 [15/71+0−3−4+0+0+7+5+8+0−9+0+0−1+0]
[2022-12-30 11:27:36] VIEWERS: 74
[2022-12-30 11:27:43] [Points] kisory_pendragon redeemed Hydrate! (100)
[2022-12-30 11:29:36] VIEWERS: 81
[2022-12-30 11:31:36] VIEWERS: 81
[2022-12-30 11:32:20] <virg76> is this in galen?
[2022-12-30 11:33:36] VIEWERS: 79
[2022-12-30 11:33:37] <virg76> ok cool
[2022-12-30 11:33:40] <+Gorasu> Murkmire is basically stand-alone story, not much connecting to other DLC.
[2022-12-30 11:34:21] <+Gorasu> Yeah, shadowen was Pact area connected to three banners war, it has its own Zone story.
[2022-12-30 11:35:36] VIEWERS: 79
[2022-12-30 11:36:11] <%cooper50799> shaiquRippe
[2022-12-30 11:36:23] <virg76> oh no
[2022-12-30 11:36:47] <+Gorasu> Shadowfen Zone quest start was from Stormhold. It is pretty typical that zone story starts right off the wayshrine.
[2022-12-30 11:37:36] VIEWERS: 82
[2022-12-30 11:38:06] <%cooper50799> shaiquGgee
[2022-12-30 11:39:37] VIEWERS: 82
[2022-12-30 11:40:05] <+Gorasu> Sometimes these sidequests you can pick up from wilderness are pretty good.
[2022-12-30 11:41:04] <spectrefromnz> He doesnt look very happy
[2022-12-30 11:41:41] VIEWERS: 85
[2022-12-30 11:43:11] <+Gorasu> Getting friend with nagas is a feat
[2022-12-30 11:43:27] <+Gorasu> Lizards cant smile
[2022-12-30 11:43:41] VIEWERS: 85
[2022-12-30 11:43:55] <+Gorasu> I wonder if they wag their tails
[2022-12-30 11:44:44] <+Gorasu> Dead-Waters Guile set, I think it drops in Murkmire.
[2022-12-30 11:45:07] <+Gorasu> Blackrose Prison
[2022-12-30 11:45:41] VIEWERS: 85
[2022-12-30 11:46:53] [Points] spectrefromnz redeemed Sound Alert: Law & Order DUN DUN (200)
[2022-12-30 11:47:42] [Points] Gorasu redeemed Hydrate! (100)
[2022-12-30 11:47:42] <spectrefromnz> nice it is very cool
[2022-12-30 11:47:42] VIEWERS: 86
[2022-12-30 11:47:55] <spectrefromnz> i made my name easier to read
[2022-12-30 11:49:43] VIEWERS: 86
[2022-12-30 11:50:06] <@^Nightbot> Want your own GPortal server? Join up with this link and get 10% discount! https://bit.ly/2StyShR
[2022-12-30 11:51:28] <virg76> I was just about to ask what level is your ember, shes my favorite
[2022-12-30 11:51:45] VIEWERS: 82
[2022-12-30 11:53:46] VIEWERS: 82
[2022-12-30 11:53:49] <spectrefromnz> just eso
[2022-12-30 11:53:55] <spectrefromnz> im a one game person
[2022-12-30 11:54:09] <spectrefromnz> at a time
[2022-12-30 11:54:19] <spectrefromnz> played wow for 11 years
[2022-12-30 11:54:55] [Points] cmdrmax redeemed Sound Alert: Hello (500)
[2022-12-30 11:55:11] <+Gorasu> I started out by beta testing ESO back in 2014. Played ever since.
[2022-12-30 11:55:46] VIEWERS: 77
[2022-12-30 11:56:04] <spectrefromnz> then it got bad catering to casuals, so i  started playing battlefield 3/4/1/5 then it got crap so i played Valheim for a bit then found eso and mever looked back
[2022-12-30 11:56:32] <virg76> what mount do you use?
[2022-12-30 11:57:11] <+Gorasu> I returned in 2016 and did open beta for Elseweyr and Blackwood DLCs
[2022-12-30 11:57:46] Viewerstats (11:29-11:57): avg:82 min:77 max:87 [15/81+0−2+0+3+0+3+0+0+1+0−4+0−5+10]
[2022-12-30 11:57:46] VIEWERS: 87
[2022-12-30 11:59:43] <spectrefromnz> you can get level ups for mages and fighters guild for companions but not for actual xp levels
[2022-12-30 11:59:46] VIEWERS: 87
[2022-12-30 12:00:12] <@^Nightbot> Join the Community! Shaytopia: https://discord.gg/rVHJTsqZUu
[2022-12-30 12:00:22] <+Gorasu> Yeah companion levelup is a grind. Though when you get rapport high enough their personal quests are rewarding.
[2022-12-30 12:00:48] <spectrefromnz> kill dogs
[2022-12-30 12:00:57] <spectrefromnz> steal without getting caught
[2022-12-30 12:01:09] <@^Nightbot> Your Views Mean So Much To Me, THANKYOU For Being Here 💘
[2022-12-30 12:01:11] <+Gorasu> Companions have preferences and dislikes. Do stuff they like and rapport rises.
[2022-12-30 12:01:24] <spectrefromnz> wolves
[2022-12-30 12:01:37] <virg76> doing mage guild daily quest give ember more xp I think I could be wrong
[2022-12-30 12:01:46] VIEWERS: 82
[2022-12-30 12:02:08] <@^Nightbot> Want your own GPortal server? Join up with this link and get 10% discount! https://bit.ly/2StyShR
[2022-12-30 12:02:16] <+Gorasu> Ember also likes to do Mages Guild dailies
[2022-12-30 12:03:46] VIEWERS: 82
[2022-12-30 12:03:53] <virg76> embers first skill in mage guild is useful too
[2022-12-30 12:05:46] VIEWERS: 84
[2022-12-30 12:05:57] <+Gorasu> Daedric bird :D
[2022-12-30 12:07:04] <spectrefromnz> also collect runestones
[2022-12-30 12:07:16] <spectrefromnz> for ember rapport
[2022-12-30 12:07:40] [Points] spectrefromnz redeemed Sound Alert: Law & Order DUN DUN (200)
[2022-12-30 12:07:47] VIEWERS: 84
[2022-12-30 12:08:59] <+Gorasu> Mages guild quest giver is in Mages guild Hall in Mournhold (Deshaan), Wayrest (Stormhaven) or Elden Root (Grathwood)
[2022-12-30 12:09:30] <spectrefromnz> not for the dailies
[2022-12-30 12:09:37] <spectrefromnz> Gorasu is right
[2022-12-30 12:09:49] VIEWERS: 83
[2022-12-30 12:10:02] <+Gorasu> I think High Isle was even prettier when you got to north side
[2022-12-30 12:10:49] <+Gorasu> NE island
[2022-12-30 12:11:03] <virg76> my house there is empty lol
[2022-12-30 12:11:49] VIEWERS: 83
[2022-12-30 12:12:04] <+Gorasu> Ember: "I am in trouble" XD
[2022-12-30 12:12:36] <+Gorasu> Alvur Baren is the quest giver
[2022-12-30 12:13:19] <+Gorasu> Yes you need to join
[2022-12-30 12:13:51] VIEWERS: 87
[2022-12-30 12:14:18] <%$RioClete> woohoo!!
[2022-12-30 12:14:26] <%$RioClete> the next harriet potter
[2022-12-30 12:14:56] <+Gorasu> Brooding dunmer
[2022-12-30 12:15:18] <+Gorasu> Sounds safe
[2022-12-30 12:15:34] <+Gorasu> Shadowfen was the place you wanted to go
[2022-12-30 12:15:51] VIEWERS: 87
[2022-12-30 12:16:50] <+Gorasu> Testing for science :D
[2022-12-30 12:17:51] VIEWERS: 87
[2022-12-30 12:18:20] <virg76> Im a master crafter and I dont know what that stuff does
[2022-12-30 12:18:41] <+Gorasu> it does... stuff
[2022-12-30 12:19:51] VIEWERS: 90
[2022-12-30 12:21:12] <+Gorasu> Dyes are pretty nice reward for quest completion
[2022-12-30 12:21:51] VIEWERS: 90
[2022-12-30 12:22:51] <virg76> Im working on unlocking a pick for a area fishing acheivment
[2022-12-30 12:23:09] <virg76> oops pink
[2022-12-30 12:23:51] VIEWERS: 98
[2022-12-30 12:25:01] [Points] spectrefromnz redeemed Sound Alert: Law & Order DUN DUN (200)
[2022-12-30 12:25:05] <@^Nightbot> Want your own GPortal server? Join up with this link and get 10% discount! https://bit.ly/2StyShR
[2022-12-30 12:25:46] <spectrefromnz> Thanks for letting me follow you on your adventure, I'm off to bed :) Have a good one
[2022-12-30 12:25:51] <+Gorasu> Hardest part of any game
[2022-12-30 12:25:51] VIEWERS: 98
[2022-12-30 12:26:28] <spectrefromnz> thanks
[2022-12-30 12:27:51] Viewerstats (11:59-12:27): avg:88 min:82 max:98 [15/87−5+0+2+0−1+0+4+0+0+3+0+8+0+0]
[2022-12-30 12:27:51] VIEWERS: 98
[2022-12-30 12:28:43] <+Gorasu> Stormhold is basically center of argonian kingdom. Murkmire was basically backwater place.
[2022-12-30 12:29:51] VIEWERS: 98
[2022-12-30 12:31:11] <xX_DoNaR_Xx> just claimed the Drop but thanks 4 the nice stream,  follow goes out
[2022-12-30 12:31:32] [Points] xX_DoNaR_Xx redeemed Sound Alert: Law & Order DUN DUN (200)
[2022-12-30 12:31:52] VIEWERS: 100
[2022-12-30 12:33:37] <+Gorasu> This is fun place
[2022-12-30 12:33:54] VIEWERS: 100
[2022-12-30 12:34:28] <+Gorasu> Good place for vacation
[2022-12-30 12:34:29] <%$RioClete> public dungeons need a group half the time.
[2022-12-30 12:35:32] <+Gorasu> "Learning to play undead" lol
[2022-12-30 12:35:48] <+Gorasu> Daedric prince of Hedonism
[2022-12-30 12:35:56] <+Gorasu> (we know him from TES V: Skyrim)
[2022-12-30 12:35:56] VIEWERS: 106
[2022-12-30 12:37:56] VIEWERS: 106
[2022-12-30 12:39:46] <virg76> you can do it
[2022-12-30 12:39:56] VIEWERS: 106
[2022-12-30 12:39:59] <%+noggy6996> Morning Shai
[2022-12-30 12:41:58] VIEWERS: 103
[2022-12-30 12:42:14] [Points] rainoftheblood redeemed Sound Alert: rawr (500)
[2022-12-30 12:43:28] <Neku_Gaming> heya. I have a question. Is there a edition with all dlc's like thief guild etc? Or is it only in eso plus?
[2022-12-30 12:43:57] <%+noggy6996> Better now lol Christmas gave me the gift of the flu
[2022-12-30 12:44:02] VIEWERS: 115
[2022-12-30 12:44:08] <+Gorasu> ESO plus, or you can buy all DLCs seperately
[2022-12-30 12:44:31] <Neku_Gaming> okay, thank you @gorasu
[2022-12-30 12:45:04] <+Gorasu> ESO plus is definetly the best deal, you get free crowns besides all benefits. Which you can use to buy DLCs
[2022-12-30 12:45:40] <+Gorasu> anyway gotta run, was fun to watch ESO
[2022-12-30 12:46:04] VIEWERS: 115
[2022-12-30 12:48:07] VIEWERS: 107
[2022-12-30 12:50:06] <%$RioClete> yep, you got caught
[2022-12-30 12:50:07] VIEWERS: 107
[2022-12-30 12:50:28] <%$RioClete> it'll clear over time
[2022-12-30 12:52:08] VIEWERS: 101
[2022-12-30 12:54:08] VIEWERS: 101
[2022-12-30 12:56:09] VIEWERS: 99
[2022-12-30 12:58:09] Viewerstats (12:29-12:58): avg:104 min:98 max:115 [15/98+2+0+6+0+0−3+12+0−8+0−6+0−2+0]
[2022-12-30 12:58:09] VIEWERS: 99
[2022-12-30 12:58:29] <virg76> crafting time
[2022-12-30 12:58:56] <Donnybgewd> I'm nawt sure...but don't chew on it gptvDERP
[2022-12-30 13:00:10] VIEWERS: 104
[2022-12-30 13:00:13] <@^Nightbot> Join the Community! Shaytopia: https://discord.gg/rVHJTsqZUu
[2022-12-30 13:01:09] <@^Nightbot> Your Views Mean So Much To Me, THANKYOU For Being Here 💘
[2022-12-30 13:02:10] VIEWERS: 104
[2022-12-30 13:02:11] <virg76> level up
[2022-12-30 13:02:58] <virg76> one mage daily per day
[2022-12-30 13:03:06] <@^Nightbot> Want your own GPortal server? Join up with this link and get 10% discount! https://bit.ly/2StyShR
[2022-12-30 13:04:12] VIEWERS: 97
[2022-12-30 13:06:12] VIEWERS: 92
[2022-12-30 13:07:45] <DreamingRainne> Or the bathing towel like everyone else wears. Or learn to play without armor. TPFufun
[2022-12-30 13:08:12] VIEWERS: 92
[2022-12-30 13:08:38] <DreamingRainne> You can just dye it manually at an Outfit station because Plus.
[2022-12-30 13:09:58] [Points] virg76 redeemed Hydrate! (100)
[2022-12-30 13:10:11] [Notification] ChengMania subscribed at Tier 1. They've subscribed for 37 months! [holy moly!]
[2022-12-30 13:10:12] VIEWERS: 111
[2022-12-30 13:10:54] <%$ChengMania> good morning!
[2022-12-30 13:10:59] <%$ChengMania> doing good
[2022-12-30 13:11:04] <%$ChengMania> i have to day off!
[2022-12-30 13:12:12] VIEWERS: 111
[2022-12-30 13:12:18] <%$ChengMania> my friday just started
[2022-12-30 13:14:08] <%$ChengMania> should be fun.  SOme friends are arriving at 9am and we are redoing some antenna stuff for me ham radio
[2022-12-30 13:14:12] VIEWERS: 115
[2022-12-30 13:14:14] <%$ChengMania> then tonight is PIZZZA NIGHT!
[2022-12-30 13:14:34] <%$ChengMania> ham radio is playtime
[2022-12-30 13:14:38] <%$ChengMania> piano is work
[2022-12-30 13:14:58] <%$ChengMania> might do some gaming later todau
[2022-12-30 13:15:31] <%$ChengMania> Ghostbuster Spirits unleashed later .... maybe
[2022-12-30 13:16:12] VIEWERS: 118
[2022-12-30 13:17:10] <%$ChengMania> holy loaded fries!!!!  sounds like cheese and bacon and
[2022-12-30 13:18:12] VIEWERS: 118
[2022-12-30 13:20:15] VIEWERS: 110
[2022-12-30 13:21:41] <%$EBrarian> Gameplayers ? Phtew ! LUL
[2022-12-30 13:22:00] <+cmdrmax> When to the cinema to see Avatar yesterday. Would recommend it, but it is 3 hrs 12 minutes long.
[2022-12-30 13:22:15] VIEWERS: 110
[2022-12-30 13:24:17] VIEWERS: 112
[2022-12-30 13:26:09] <TheCyberchill> Where you at today?
[2022-12-30 13:26:17] VIEWERS: 112
[2022-12-30 13:26:20] <+cmdrmax> Would recommend The new Avatar. Different storyline, which expands on the first film. I'm a real fan.
[2022-12-30 13:26:28] <%$ChengMania> that dude was just peacefully sleeping
[2022-12-30 13:26:48] <TheCyberchill> I did last night
[2022-12-30 13:26:53] <TheCyberchill> i showed you it
[2022-12-30 13:28:17] Viewerstats (13:00-13:28): avg:107 min:92 max:118 [15/104+0−7−5+0+19+0+4+3+0−8+0+2+0+0]
[2022-12-30 13:28:17] VIEWERS: 112
[2022-12-30 13:28:28] <virg76> what do you think of embers skyfall?
[2022-12-30 13:28:30] <nek0baka> happy new year
[2022-12-30 13:29:13] <%$ChengMania> Laer Bizzard!
[2022-12-30 13:30:07] <%$RioClete> criminal only in towns
[2022-12-30 13:30:17] VIEWERS: 116
[2022-12-30 13:31:23] [Points] rainoftheblood redeemed Sound Alert: rawr (500)
[2022-12-30 13:31:52] [Points] rainoftheblood redeemed Hydrate! (100)
[2022-12-30 13:32:17] VIEWERS: 116
[2022-12-30 13:32:17] <+rainoftheblood> good, i finished my all points
[2022-12-30 13:34:18] VIEWERS: 118
[2022-12-30 13:34:43] <%Bhanshee> The environments in this game are so beautiful
[2022-12-30 13:36:20] VIEWERS: 118
[2022-12-30 13:38:21] VIEWERS: 116
[2022-12-30 13:40:22] VIEWERS: 116
[2022-12-30 13:42:22] VIEWERS: 111
[2022-12-30 13:44:22] VIEWERS: 111
[2022-12-30 13:46:25] VIEWERS: 111
[2022-12-30 13:48:26] VIEWERS: 115
[2022-12-30 13:50:27] VIEWERS: 115
[2022-12-30 13:51:06] <%$ChengMania> thank you for streaming!
[2022-12-30 13:51:36] <%$ChengMania> my ham LOL
[2022-12-30 13:52:27] VIEWERS: 115
[2022-12-30 13:52:42] BITS: ChengMania (123)
[2022-12-30 13:52:42] <%$ChengMania> Cheer123 happy new years!
[2022-12-30 13:53:11] <+cmdrmax> Enjoyed the stream. Happy New Year.
[2022-12-30 13:54:08] <%+noggy6996> take care
[2022-12-30 13:54:30] VIEWERS: 108
[2022-12-30 13:56:32] VIEWERS: 108
[2022-12-30 13:57:07] ~Stream offline~
[2022-12-30 13:58:32] Viewerstats (13:30-13:54): avg:114 min:108 max:118 [13/116+0+2+0−2+0−5+0+0+4+0+0−7_]
