# Log started: 2022-12-16 00:04:11 +0100
[2022-12-16 00:04:11] <martin13464> roxyymLoveintheair roxyymLoveintheair roxyymLoveintheair roxyymLoveintheair roxyymLoveintheair roxyymLoveintheair roxyymLoveintheair roxyymLoveintheair
[2022-12-16 00:04:32] <martin13464> frosty219Crying frosty219Crying frosty219Crying frosty219Crying frosty219Crying frosty219Crying frosty219Crying
[2022-12-16 00:05:01] <martin13464> mathpeBigbrain mathpeBigbrain mathpeBigbrain mathpeBigbrain mathpeBigbrain mathpeBigbrain mathpeBigbrain
[2022-12-16 00:05:16] <@%^StreamElements> Remember to follow the stream if you want to see more of Faith <3
[2022-12-16 00:05:17] <martin13464> roxyymLoveintheair roxyymLoveintheair roxyymLoveintheair roxyymLoveintheair roxyymLoveintheair roxyymLoveintheair roxyymLoveintheair
[2022-12-16 00:05:34] <martin13464> frosty219Crying frosty219Crying frosty219Crying frosty219Crying frosty219Crying frosty219Crying frosty219Crying
[2022-12-16 00:06:16] <martin13464> fitgamerEat roxyymLoveintheair
[2022-12-16 00:06:24] <deiasaskia> bougeWow
[2022-12-16 00:06:34] <martin13464> frosty219Crying frosty219Crying frosty219Crying frosty219Crying frosty219Crying frosty219Crying frosty219Crying frosty219Crying
[2022-12-16 00:06:46] <@%^StreamElements> ❗Check out all of Faith's social medias! ❗ http://www.faithttv.com/ http://www.faithttv.com/ http://www.faithttv.com/ http://www.faithttv.com/
[2022-12-16 00:07:14] <martin13464> lewisBrasGauche frosty219SWEAR lewisBrasDroit roxyymLoveintheair roxyymLoveintheair roxyymLoveintheair
[2022-12-16 00:07:16] <@%^StreamElements>* Join the Discord for all stream updates, live notifications, and to interact with the community! discord.gg/Faith
[2022-12-16 00:07:56] <martin13464> twinzzCrash twinzzCrash twinzzCrash
[2022-12-16 00:08:16] <@%^StreamElements> Remember to follow the stream if you want to see more of Faith <3
[2022-12-16 00:08:18] <martin13464> mathpeGenou mathpeGenou mathpeGenou mathpeGenou mathpeGenou
[2022-12-16 00:08:42] <martin13464> fitgamerGod fitgamerGod fitgamerGod fitgamerGod fitgamerGod
[2022-12-16 00:09:03] <martin13464> juanli4Run juanli4Run juanli4Run juanli4Run juanli4Run
[2022-12-16 00:10:16] <@%^StreamElements>* Join the Discord for all stream updates, live notifications, and to interact with the community! discord.gg/Faith
[2022-12-16 00:10:39] <martin13464> lewisBrasGauche frosty219Crying lewisBrasDroit FBBlock FBSpiral FBCatch lewisBrasGauche MaxLOL lewisBrasDroit twinzzMechant
[2022-12-16 00:10:46] <@%^StreamElements> ❗Check out all of Faith's social medias! ❗ http://www.faithttv.com/ http://www.faithttv.com/ http://www.faithttv.com/ http://www.faithttv.com/
[2022-12-16 00:11:16] <@%^StreamElements> Remember to follow the stream if you want to see more of Faith <3
[2022-12-16 00:11:20] <martin13464> twinzzColonel twinzzChiken twinzzTwicoco
[2022-12-16 00:12:49] [Points] xflems redeemed Lurk Mode (69)
[2022-12-16 00:13:16] <@%^StreamElements>* Join the Discord for all stream updates, live notifications, and to interact with the community! discord.gg/Faith
[2022-12-16 00:13:42] <martin13464> lewisBrasGauche EntropyWins lewisBrasDroit lewisBrasGauche twinzzColonel lewisBrasDroit BOP TearGlove Jebaited
[2022-12-16 00:14:14] <theamazingelainegirl> TwitchUnity
[2022-12-16 00:14:16] <@%^StreamElements> Remember to follow the stream if you want to see more of Faith <3
[2022-12-16 00:14:35] <martin13464> LUL
[2022-12-16 00:14:38] [Points] theamazingelainegirl redeemed Lurk Mode (69)
[2022-12-16 00:14:46] <@%^StreamElements> ❗Check out all of Faith's social medias! ❗ http://www.faithttv.com/ http://www.faithttv.com/ http://www.faithttv.com/ http://www.faithttv.com/
[2022-12-16 00:15:17] <martin13464> CarlSmile
[2022-12-16 00:16:16] <@%^StreamElements>* Join the Discord for all stream updates, live notifications, and to interact with the community! discord.gg/Faith
[2022-12-16 00:16:21] <martin13464> mcaT Mau5 BrokeBack
[2022-12-16 00:17:11] <martin13464> <3 <3 <3 <3
[2022-12-16 00:17:16] <@%^StreamElements> Remember to follow the stream if you want to see more of Faith <3
[2022-12-16 00:17:33] <martin13464> roxyymLoveintheair roxyymLoveintheair roxyymLoveintheair roxyymLoveintheair roxyymLoveintheair roxyymLoveintheair
[2022-12-16 00:17:55] <martin13464> roxyymLove roxyymLove roxyymLove roxyymLove roxyymLove roxyymLove
[2022-12-16 00:18:17] <martin13464> roxyymTop1 roxyymTop1 roxyymTop1 roxyymTop1 roxyymTop1 roxyymTop1 roxyymTop1
[2022-12-16 00:18:38] <martin13464> roxyymLoveintheair roxyymLoveintheair roxyymLoveintheair roxyymLoveintheair roxyymLoveintheair roxyymLoveintheair roxyymLoveintheair
[2022-12-16 00:18:46] <@%^StreamElements> ❗Check out all of Faith's social medias! ❗ http://www.faithttv.com/ http://www.faithttv.com/ http://www.faithttv.com/ http://www.faithttv.com/
[2022-12-16 00:18:59] <martin13464> roxyymHi roxyymHi roxyymHi roxyymHi roxyymHi roxyymHi
[2022-12-16 00:19:17] <@%^StreamElements>* Join the Discord for all stream updates, live notifications, and to interact with the community! discord.gg/Faith
[2022-12-16 00:19:18] <qwerty21389> <3
[2022-12-16 00:20:16] <@%^StreamElements> Remember to follow the stream if you want to see more of Faith <3
[2022-12-16 00:21:05] <martin13464> roxyymLoveintheair roxyymLoveintheair roxyymLoveintheair roxyymLoveintheair roxyymCoeur roxyymCoeur roxyymCoeur roxyymCoeur
[2022-12-16 00:21:26] [Points] blickyclips redeemed Lurk Mode (69)
[2022-12-16 00:21:46] <martin13464> roxyymLove roxyymLove roxyymLove roxyymLove roxyymLove roxyymLove roxyymLove
[2022-12-16 00:22:17] <@%^StreamElements>* Join the Discord for all stream updates, live notifications, and to interact with the community! discord.gg/Faith
[2022-12-16 00:22:46] <@%^StreamElements> ❗Check out all of Faith's social medias! ❗ http://www.faithttv.com/ http://www.faithttv.com/ http://www.faithttv.com/ http://www.faithttv.com/
[2022-12-16 00:23:16] <@%^StreamElements> Remember to follow the stream if you want to see more of Faith <3
[2022-12-16 00:24:22] <martin13464> lewisBrasGauche siackeCACA lewisBrasDroit FBBlock FBSpiral FBCatch GunRun FBtouchdown
[2022-12-16 00:24:54] [Points] qwerty21389 redeemed Lurk Mode (69)
[2022-12-16 00:25:17] <@%^StreamElements>* Join the Discord for all stream updates, live notifications, and to interact with the community! discord.gg/Faith
[2022-12-16 00:25:26] [Points] alessandro_clawn redeemed Blaze Break (420)
[2022-12-16 00:26:02] <martin13464> PowerUpL MaxLOL PowerUpR FBBlock lewisBrasGauche GunRun lewisBrasDroit fitgamerB41 FBtouchdown twinzzColonel twinzzMechant twinzzChiken
[2022-12-16 00:26:16] <@%^StreamElements> Remember to follow the stream if you want to see more of Faith <3
[2022-12-16 00:26:37] [Points] holdonchurch redeemed Lurk Mode (69)
[2022-12-16 00:26:40] <martin13464> fitgamerEat fitgamerEat fitgamerEat fitgamerEat
[2022-12-16 00:26:46] <@%^StreamElements> ❗Check out all of Faith's social medias! ❗ http://www.faithttv.com/ http://www.faithttv.com/ http://www.faithttv.com/ http://www.faithttv.com/
[2022-12-16 00:27:19] <martin13464> fitgamerEat roxyymHOTDOG
[2022-12-16 00:28:16] <@%^StreamElements>* Join the Discord for all stream updates, live notifications, and to interact with the community! discord.gg/Faith
[2022-12-16 00:28:38] <martin13464> SingsNote SingsNote SingsNote SingsNote
[2022-12-16 00:29:04] <Bombiillla> tanOoo tanBye
[2022-12-16 00:29:16] <@%^StreamElements> Remember to follow the stream if you want to see more of Faith <3
[2022-12-16 00:29:37] <Bombiillla> tanHeart
[2022-12-16 00:29:44] <martin13464> FootGoal FootGoal FootGoal FootGoal
[2022-12-16 00:30:09] <martin13464> VirtualHug VirtualHug VirtualHug VirtualHug VirtualHug VirtualHug
[2022-12-16 00:30:46] <@%^StreamElements> ❗Check out all of Faith's social medias! ❗ http://www.faithttv.com/ http://www.faithttv.com/ http://www.faithttv.com/ http://www.faithttv.com/
[2022-12-16 00:31:16] <@%^StreamElements>* Join the Discord for all stream updates, live notifications, and to interact with the community! discord.gg/Faith
[2022-12-16 00:31:20] <martin13464> roxyymLoveintheair roxyymLoveintheair roxyymCoeur lewisHand TransgenderPride PansexualPride NonbinaryPride LesbianPride BisexualPride GayPride GenderFluidPride TwitchUnity <3 <3
[2022-12-16 00:32:16] <@%^StreamElements> Remember to follow the stream if you want to see more of Faith <3
[2022-12-16 00:32:56] <martin13464> roxyymLove roxyymLove roxyymLove roxyymLove roxyymLove roxyymLove roxyymLove roxyymLove roxyymLove
[2022-12-16 00:32:57] [Points] pixeldreck redeemed Lurk Mode (69)
[2022-12-16 00:34:16] <@%^StreamElements>* Join the Discord for all stream updates, live notifications, and to interact with the community! discord.gg/Faith
[2022-12-16 00:34:34] <martin13464> twinzzMalade twinzzMalade twinzzMalade twinzzMalade twinzzMalade
[2022-12-16 00:34:47] <@%^StreamElements> ❗Check out all of Faith's social medias! ❗ http://www.faithttv.com/ http://www.faithttv.com/ http://www.faithttv.com/ http://www.faithttv.com/
[2022-12-16 00:35:19] <@%^StreamElements> Remember to follow the stream if you want to see more of Faith <3
[2022-12-16 00:36:31] <martin13464> mathpeWin mathpeWin mathpeWin mathpeWin
[2022-12-16 00:37:16] <@%^StreamElements>* Join the Discord for all stream updates, live notifications, and to interact with the community! discord.gg/Faith
[2022-12-16 00:37:36] <martin13464> mathpeTrauma mathpeTrauma mathpeTrauma
[2022-12-16 00:38:16] <@%^StreamElements> Remember to follow the stream if you want to see more of Faith <3
[2022-12-16 00:38:38] <martin13464> TPFufun TPFufun TPFufun TPFufun TPFufun
[2022-12-16 00:38:46] <@%^StreamElements> ❗Check out all of Faith's social medias! ❗ http://www.faithttv.com/ http://www.faithttv.com/ http://www.faithttv.com/ http://www.faithttv.com/
[2022-12-16 00:39:31] <martin13464> BegWan BegWan BegWan BegWan BegWan BegWan
[2022-12-16 00:40:16] <@%^StreamElements>* Join the Discord for all stream updates, live notifications, and to interact with the community! discord.gg/Faith
[2022-12-16 00:41:16] <@%^StreamElements> Remember to follow the stream if you want to see more of Faith <3
[2022-12-16 00:41:45] <martin13464> roxyymOhyeah roxyymWow roxyymLetsgo roxyymLove
[2022-12-16 00:42:46] <@%^StreamElements> ❗Check out all of Faith's social medias! ❗ http://www.faithttv.com/ http://www.faithttv.com/ http://www.faithttv.com/ http://www.faithttv.com/
[2022-12-16 00:43:16] <@%^StreamElements>* Join the Discord for all stream updates, live notifications, and to interact with the community! discord.gg/Faith
[2022-12-16 00:43:40] <martin13464> roxyymMALADE frosty219LOVE frosty219LOVE frosty219GG
[2022-12-16 00:44:16] <@%^StreamElements> Remember to follow the stream if you want to see more of Faith <3
[2022-12-16 00:46:16] <@%^StreamElements>* Join the Discord for all stream updates, live notifications, and to interact with the community! discord.gg/Faith
[2022-12-16 00:46:49] <KITCHKIKI> kitcheGrosYeux
[2022-12-16 00:47:13] <martin13464> frosty219HappyParty frosty219HappyParty frosty219HappyParty frosty219HappyParty frosty219HappyParty
[2022-12-16 00:47:16] <@%^StreamElements> Remember to follow the stream if you want to see more of Faith <3
[2022-12-16 00:47:37] <KITCHKIKI> kitcheKikirage kitcheCartonRouge kitcheKikigrenade
[2022-12-16 00:47:52] <martin13464> HolidayTree HolidaySanta HolidayLog HolidayTree HolidaySanta HolidayLog HolidayPresent GunRun
[2022-12-16 00:48:16] <KITCHKIKI> kitchePISCOUHEAD
[2022-12-16 00:48:25] <martin13464> HolidayCookie
[2022-12-16 00:48:58] <KITCHKIKI> kitcheWtf2
[2022-12-16 00:49:05] <martin13464> fitgamerGod
[2022-12-16 00:49:13] [Points] pitraeenn redeemed Unlurk (69)
[2022-12-16 00:49:16] <@%^StreamElements>* Join the Discord for all stream updates, live notifications, and to interact with the community! discord.gg/Faith
[2022-12-16 00:49:20] <martin13464> twinzzChiken
[2022-12-16 00:50:17] <@%^StreamElements> Remember to follow the stream if you want to see more of Faith <3
[2022-12-16 00:50:46] <@%^StreamElements> ❗Check out all of Faith's social medias! ❗ http://www.faithttv.com/ http://www.faithttv.com/ http://www.faithttv.com/ http://www.faithttv.com/
[2022-12-16 00:50:48] <KITCHKIKI> kitcheBoiredelEAU
[2022-12-16 00:51:00] <martin13464> twinzzM2
[2022-12-16 00:52:16] <@%^StreamElements>* Join the Discord for all stream updates, live notifications, and to interact with the community! discord.gg/Faith
[2022-12-16 00:52:20] <martin13464> juanli4Run juanli4Run juanli4Run juanli4Run
[2022-12-16 00:53:16] <@%^StreamElements> Remember to follow the stream if you want to see more of Faith <3
[2022-12-16 00:54:46] <@%^StreamElements> ❗Check out all of Faith's social medias! ❗ http://www.faithttv.com/ http://www.faithttv.com/ http://www.faithttv.com/ http://www.faithttv.com/
[2022-12-16 00:55:16] <@%^StreamElements>* Join the Discord for all stream updates, live notifications, and to interact with the community! discord.gg/Faith
[2022-12-16 01:03:56] <s4sh4972> KonCha
[2022-12-16 01:04:42] <+little_x_jo_jo_x_> KonCha KonCha
[2022-12-16 01:05:16] <@%^StreamElements> Remember to follow the stream if you want to see more of Faith <3
[2022-12-16 01:07:09] <%fiz369> faithThink faithThink faithThink
[2022-12-16 01:07:16] <@%^StreamElements>* Join the Discord for all stream updates, live notifications, and to interact with the community! discord.gg/Faith
[2022-12-16 01:08:16] <@%^StreamElements> Remember to follow the stream if you want to see more of Faith <3
[2022-12-16 01:18:25] [Points] rafasten16 redeemed Unlurk (69)
[2022-12-16 01:18:29] [Points] rafasten16 redeemed Unlurk (69)
[2022-12-16 01:18:34] [Points] rafasten16 redeemed Lurk Mode (69)
[2022-12-16 01:18:37] [Points] rafasten16 redeemed Lurk Mode (69)
[2022-12-16 01:20:33] BITS: 8geoffro8 (100)
[2022-12-16 01:20:33] <8geoffro8> Cheer100 hey gorgeous
[2022-12-16 01:20:33] <@%^StreamElements> 8geoffro8 just cheered 100 bits PogChamp
[2022-12-16 01:24:32] [Points] franko_hi redeemed Lurk Mode (69)
[2022-12-16 01:28:10] <sonyinte> <3
[2022-12-16 01:28:34] <sonyinte> inkbTug
[2022-12-16 01:28:50] <sonyinte> inkbLove
[2022-12-16 01:29:16] <@%^StreamElements> Remember to follow the stream if you want to see more of Faith <3
[2022-12-16 01:29:17] <sonyinte> inkbLove inkbHello
[2022-12-16 01:29:42] [Notification] grumpyman36 subscribed with Prime.
[2022-12-16 01:29:43] <@%^StreamElements> grumpyman36 just subscribed PogChamp
[2022-12-16 01:29:58] <sonyinte> inkbCoping inkbHuff
[2022-12-16 01:30:11] <sonyinte> inkbHuff inkbHuff inkbHuff
[2022-12-16 01:30:46] <@%^StreamElements> ❗Check out all of Faith's social medias! ❗ http://www.faithttv.com/ http://www.faithttv.com/ http://www.faithttv.com/ http://www.faithttv.com/
[2022-12-16 01:31:02] <sonyinte> inkbHuff
[2022-12-16 01:31:16] <@%^StreamElements>* Join the Discord for all stream updates, live notifications, and to interact with the community! discord.gg/Faith
[2022-12-16 01:31:28] <sonyinte> inkbHuff inkbHeart
[2022-12-16 01:32:08] <sonyinte> inkbSign inkbHuff
[2022-12-16 01:32:16] <@%^StreamElements> Remember to follow the stream if you want to see more of Faith <3
[2022-12-16 01:33:01] <sonyinte> inkbLove inkbLuv inkbRage inkbBased
[2022-12-16 01:33:38] <sonyinte> FallHalp
[2022-12-16 01:34:03] <sonyinte> MyAvatar
[2022-12-16 01:34:16] <@%^StreamElements>* Join the Discord for all stream updates, live notifications, and to interact with the community! discord.gg/Faith
[2022-12-16 01:34:30] [Notification] 8geoffro8 subscribed at Tier 1.
[2022-12-16 01:34:31] <@%^StreamElements> 8geoffro8 just subscribed PogChamp
[2022-12-16 01:34:46] <@%^StreamElements> ❗Check out all of Faith's social medias! ❗ http://www.faithttv.com/ http://www.faithttv.com/ http://www.faithttv.com/ http://www.faithttv.com/
[2022-12-16 01:35:12] <sonyinte> Shush
[2022-12-16 01:35:16] <@%^StreamElements> Remember to follow the stream if you want to see more of Faith <3
[2022-12-16 01:36:52] BITS: dextra_1 (100)
[2022-12-16 01:36:52] <$dextra_1> Cheer100
[2022-12-16 01:36:52] <@%^StreamElements> dextra_1 just cheered 100 bits PogChamp
[2022-12-16 01:37:00] <sonyinte> DarkMode
[2022-12-16 01:37:16] <@%^StreamElements>* Join the Discord for all stream updates, live notifications, and to interact with the community! discord.gg/Faith
[2022-12-16 01:37:31] <sonyinte> bleedPurple KappaPride
[2022-12-16 01:38:06] <sonyinte> VoteYea
[2022-12-16 01:38:16] <@%^StreamElements> Remember to follow the stream if you want to see more of Faith <3
[2022-12-16 01:38:42] <sonyinte> VoteYea KappaPride
[2022-12-16 01:38:47] <@%^StreamElements> ❗Check out all of Faith's social medias! ❗ http://www.faithttv.com/ http://www.faithttv.com/ http://www.faithttv.com/ http://www.faithttv.com/
[2022-12-16 01:39:45] <sonyinte> inkbHello inkbHeart
[2022-12-16 01:40:16] <@%^StreamElements>* Join the Discord for all stream updates, live notifications, and to interact with the community! discord.gg/Faith
[2022-12-16 01:40:41] <sonyinte> inkbAces
[2022-12-16 01:40:47] <franke1103> marzzJam
[2022-12-16 01:41:16] <@%^StreamElements> Remember to follow the stream if you want to see more of Faith <3
[2022-12-16 01:41:25] <sonyinte> inkbSaint inkbAces
[2022-12-16 01:42:37] <sonyinte> ModLove
[2022-12-16 01:42:46] <@%^StreamElements> ❗Check out all of Faith's social medias! ❗ http://www.faithttv.com/ http://www.faithttv.com/ http://www.faithttv.com/ http://www.faithttv.com/
[2022-12-16 01:43:16] <@%^StreamElements>* Join the Discord for all stream updates, live notifications, and to interact with the community! discord.gg/Faith
[2022-12-16 01:43:18] <sonyinte> Awwdible ModLove
[2022-12-16 01:43:51] <sonyinte> Awwdible Awwdible Awwdible
[2022-12-16 01:44:16] <@%^StreamElements> Remember to follow the stream if you want to see more of Faith <3
[2022-12-16 01:45:15] <sonyinte> WutFace WutFace
[2022-12-16 01:45:38] <sonyinte> bleedPurple
[2022-12-16 01:46:16] <@%^StreamElements>* Join the Discord for all stream updates, live notifications, and to interact with the community! discord.gg/Faith
[2022-12-16 01:46:23] <sonyinte> ANELE bleedPurple
[2022-12-16 01:46:46] <@%^StreamElements> ❗Check out all of Faith's social medias! ❗ http://www.faithttv.com/ http://www.faithttv.com/ http://www.faithttv.com/ http://www.faithttv.com/
[2022-12-16 01:47:16] <@%^StreamElements> Remember to follow the stream if you want to see more of Faith <3
[2022-12-16 01:47:26] <sonyinte> BOP bleedPurple
[2022-12-16 01:48:21] <sonyinte> duDudu bleedPurple
[2022-12-16 01:49:16] <@%^StreamElements>* Join the Discord for all stream updates, live notifications, and to interact with the community! discord.gg/Faith
[2022-12-16 01:49:18] <sonyinte> TinyFace
[2022-12-16 01:50:13] <sonyinte> TinyFace DarkMode Awwdible
[2022-12-16 01:50:16] <@%^StreamElements> Remember to follow the stream if you want to see more of Faith <3
[2022-12-16 01:50:46] <@%^StreamElements> ❗Check out all of Faith's social medias! ❗ http://www.faithttv.com/ http://www.faithttv.com/ http://www.faithttv.com/ http://www.faithttv.com/
[2022-12-16 01:51:22] [Notification] fortn00b15 subscribed with Prime.
[2022-12-16 01:51:22] <@%^StreamElements> fortn00b15 just subscribed PogChamp
[2022-12-16 01:52:04] <franke1103> marzzWow
[2022-12-16 01:52:16] <@%^StreamElements>* Join the Discord for all stream updates, live notifications, and to interact with the community! discord.gg/Faith
[2022-12-16 01:53:16] <@%^StreamElements> Remember to follow the stream if you want to see more of Faith <3
[2022-12-16 01:55:16] <@%^StreamElements>* Join the Discord for all stream updates, live notifications, and to interact with the community! discord.gg/Faith
[2022-12-16 02:00:53] <%heidsheiro> bebaDan bebaDan bebaDan
[2022-12-16 02:04:02] <Donsukii> donsukUwu donsukUwu donsukUwu donsukUwu
[2022-12-16 02:05:16] <@%^StreamElements> Remember to follow the stream if you want to see more of Faith <3
[2022-12-16 02:06:17] <franke1103> whoist20Squirtlesadge
[2022-12-16 02:06:42] [Points] yujiro1hanma redeemed Blaze Break (420)
[2022-12-16 02:07:16] <@%^StreamElements>* Join the Discord for all stream updates, live notifications, and to interact with the community! discord.gg/Faith
[2022-12-16 02:07:51] <@%ohbadmattylacy> !gamble 666
[2022-12-16 02:07:52] <@%^StreamElements>* ohbadmattylacy lost 666 Alpacas in roulette and now has 524903 Alpacas! FeelsBadMan
[2022-12-16 02:08:16] <@%^StreamElements> Remember to follow the stream if you want to see more of Faith <3
[2022-12-16 02:10:17] <@%^StreamElements>* Join the Discord for all stream updates, live notifications, and to interact with the community! discord.gg/Faith
[2022-12-16 02:10:23] <%heidsheiro> bebaFamalien bebaFamalien bebaFamalien
[2022-12-16 02:10:48] <Donsukii> adambombPray adambombPray adambombPray
[2022-12-16 02:11:16] <@%^StreamElements> Remember to follow the stream if you want to see more of Faith <3
[2022-12-16 02:13:16] <@%^StreamElements>* Join the Discord for all stream updates, live notifications, and to interact with the community! discord.gg/Faith
[2022-12-16 02:14:16] <@%^StreamElements> Remember to follow the stream if you want to see more of Faith <3
[2022-12-16 02:17:56] [Points] derderesguckt redeemed Lurk Mode (69)
[2022-12-16 02:19:41] [Points] Lenneeeeeey redeemed Blaze Break (420)
[2022-12-16 02:32:10] <dwool43> DarkMode DarkMode DarkMode
[2022-12-16 02:34:29] <franke1103> marzzJam
[2022-12-16 02:35:16] <@%^StreamElements> Remember to follow the stream if you want to see more of Faith <3
[2022-12-16 02:37:16] <@%^StreamElements>* Join the Discord for all stream updates, live notifications, and to interact with the community! discord.gg/Faith
[2022-12-16 02:37:29] <Knowmore> padari1Overalls
[2022-12-16 02:38:16] <@%^StreamElements> Remember to follow the stream if you want to see more of Faith <3
[2022-12-16 02:38:59] [Points] unverti redeemed Unlurk (69)
[2022-12-16 02:42:21] <%heidsheiro> bebaHyp bebaHyp bebaHyp
[2022-12-16 02:43:50] <martin13464> roxyymLoveintheair roxyymLoveintheair roxyymLoveintheair roxyymLoveintheair roxyymLoveintheair roxyymLoveintheair
[2022-12-16 02:44:16] <@%^StreamElements> Remember to follow the stream if you want to see more of Faith <3
[2022-12-16 02:44:20] <martin13464> roxyymLove roxyymLove roxyymLove roxyymLove roxyymLove
[2022-12-16 02:46:16] <@%^StreamElements>* Join the Discord for all stream updates, live notifications, and to interact with the community! discord.gg/Faith
[2022-12-16 02:46:46] <@%^StreamElements> ❗Check out all of Faith's social medias! ❗ http://www.faithttv.com/ http://www.faithttv.com/ http://www.faithttv.com/ http://www.faithttv.com/
[2022-12-16 02:47:16] <@%^StreamElements> Remember to follow the stream if you want to see more of Faith <3
[2022-12-16 02:50:12] <spinthatshie> Kreygasm
[2022-12-16 02:50:28] <spinthatshie> Kreygasm Kreygasm
[2022-12-16 02:52:16] <@%^StreamElements>* Join the Discord for all stream updates, live notifications, and to interact with the community! discord.gg/Faith
[2022-12-16 02:52:33] <dwool43> ResidentSleeper ResidentSleeper
[2022-12-16 02:53:16] <@%^StreamElements> Remember to follow the stream if you want to see more of Faith <3
[2022-12-16 02:54:46] <@%^StreamElements> ❗Check out all of Faith's social medias! ❗ http://www.faithttv.com/ http://www.faithttv.com/ http://www.faithttv.com/ http://www.faithttv.com/
[2022-12-16 02:55:16] <@%^StreamElements>* Join the Discord for all stream updates, live notifications, and to interact with the community! discord.gg/Faith
[2022-12-16 02:57:18] <%grazilemoewe> fjord9Love faithLove
[2022-12-16 02:57:34] <invisability144> cmonBruh cmonBruh cmonBruh cmonBruh cmonBruh cmonBruh cmonBruh SeriousSloth SeriousSloth SeriousSloth SeriousSloth SeriousSloth SeriousSloth SeriousSloth SeriousSloth
[2022-12-16 02:58:16] <@%^StreamElements>* Join the Discord for all stream updates, live notifications, and to interact with the community! discord.gg/Faith
[2022-12-16 02:59:16] <@%^StreamElements> Remember to follow the stream if you want to see more of Faith <3
[2022-12-16 03:01:16] <@%^StreamElements>* Join the Discord for all stream updates, live notifications, and to interact with the community! discord.gg/Faith
[2022-12-16 03:02:17] <@%^StreamElements> Remember to follow the stream if you want to see more of Faith <3
[2022-12-16 03:03:41] <@%ohbadmattylacy> !gamble 666
[2022-12-16 03:03:41] <@%^StreamElements>* ohbadmattylacy won 666 Alpacas in roulette and now has 527069 Alpacas! FeelsGoodMan
[2022-12-16 03:06:39] <franke1103> marzzCozy
[2022-12-16 03:07:16] <@%^StreamElements>* Join the Discord for all stream updates, live notifications, and to interact with the community! discord.gg/Faith
[2022-12-16 03:08:16] <@%^StreamElements> Remember to follow the stream if you want to see more of Faith <3
[2022-12-16 03:09:56] <Jackal> ghvstgHEART <3 ghvstgHEART
[2022-12-16 03:10:18] <deiasaskia> anissaAww
[2022-12-16 03:10:46] <@%^StreamElements> ❗Check out all of Faith's social medias! ❗ http://www.faithttv.com/ http://www.faithttv.com/ http://www.faithttv.com/ http://www.faithttv.com/
[2022-12-16 03:11:16] <@%^StreamElements> Remember to follow the stream if you want to see more of Faith <3
[2022-12-16 03:13:16] <@%^StreamElements>* Join the Discord for all stream updates, live notifications, and to interact with the community! discord.gg/Faith
[2022-12-16 03:14:16] <@%^StreamElements> Remember to follow the stream if you want to see more of Faith <3
[2022-12-16 03:18:51] <martin13464> roxyymLoveintheair roxyymLoveintheair roxyymLoveintheair roxyymLoveintheair roxyymLoveintheair roxyymLoveintheair roxyymLoveintheair roxyymLoveintheair
[2022-12-16 03:19:54] <martin13464> HolidaySanta HolidaySanta HolidaySanta HolidaySanta HolidaySanta HolidaySanta HolidaySanta
[2022-12-16 03:20:16] <@%^StreamElements> Remember to follow the stream if you want to see more of Faith <3
[2022-12-16 03:22:16] <@%^StreamElements>* Join the Discord for all stream updates, live notifications, and to interact with the community! discord.gg/Faith
[2022-12-16 03:22:44] <martin13464> HolidaySanta SoonerLater PixelBob GunRun MaxLOL TPFufun LUL EntropyWins CrreamAwk PunOko TearGlove KonCha MVGame YouDontSay UWot RlyTho CoolStoryBob SuperVinlin TriHard FreakinStinkin BatChest TooSpicy Jebaited StrawBeary BlargNaut DogFace DatSheffy TinyFace RuleFive OpieOP MikeHogu KappaClaus KappaRoss MingLee SeemsGood NotLikeThis DendiFace ArgieB8 PRChase BabyRage WutFace HassaanChop PipeHype YouWHY GrammarKing ANELE BrokeBack EleGiggle PanicVis BigBrother
[2022-12-16 03:23:16] <@%^StreamElements> Remember to follow the stream if you want to see more of Faith <3
[2022-12-16 03:23:19] <@%ohbadmattylacy> !gamble 666
[2022-12-16 03:23:19] <@%^StreamElements>* ohbadmattylacy lost 666 Alpacas in roulette and now has 527003 Alpacas! FeelsBadMan
[2022-12-16 03:25:16] <@%^StreamElements>* Join the Discord for all stream updates, live notifications, and to interact with the community! discord.gg/Faith
[2022-12-16 03:25:32] <martin13464> faithHeadPat
[2022-12-16 03:26:12] <martin13464> faithHey
[2022-12-16 03:26:16] <@%^StreamElements> Remember to follow the stream if you want to see more of Faith <3
[2022-12-16 03:26:47] <@%^StreamElements> ❗Check out all of Faith's social medias! ❗ http://www.faithttv.com/ http://www.faithttv.com/ http://www.faithttv.com/ http://www.faithttv.com/
[2022-12-16 03:28:16] <@%^StreamElements>* Join the Discord for all stream updates, live notifications, and to interact with the community! discord.gg/Faith
[2022-12-16 03:29:16] <@%^StreamElements> Remember to follow the stream if you want to see more of Faith <3
[2022-12-16 03:29:20] <martin13464> frosty219Imagine frosty219SWEAR frosty219SWEAR
[2022-12-16 03:29:52] <martin13464> pigeon86LOVE pigeon86LOVE pigeon86LOVE pigeon86LOVE
[2022-12-16 03:30:21] <martin13464> roxyymLoveintheair roxyymLoveintheair roxyymLoveintheair roxyymLoveintheair roxyymLoveintheair roxyymLoveintheair roxyymLoveintheair
[2022-12-16 03:30:46] <@%^StreamElements> ❗Check out all of Faith's social medias! ❗ http://www.faithttv.com/ http://www.faithttv.com/ http://www.faithttv.com/ http://www.faithttv.com/
[2022-12-16 03:31:05] <martin13464> roxyymGg roxyymLove
[2022-12-16 03:31:16] <@%^StreamElements>* Join the Discord for all stream updates, live notifications, and to interact with the community! discord.gg/Faith
[2022-12-16 03:32:12] <martin13464> juanli4Cheer juanli4Cheer juanli4Cheer juanli4Cheer juanli4Cheer
[2022-12-16 03:32:16] <@%^StreamElements> Remember to follow the stream if you want to see more of Faith <3
[2022-12-16 03:34:16] <@%^StreamElements>* Join the Discord for all stream updates, live notifications, and to interact with the community! discord.gg/Faith
[2022-12-16 03:34:46] <@%^StreamElements> ❗Check out all of Faith's social medias! ❗ http://www.faithttv.com/ http://www.faithttv.com/ http://www.faithttv.com/ http://www.faithttv.com/
[2022-12-16 03:35:16] <@%^StreamElements> Remember to follow the stream if you want to see more of Faith <3
[2022-12-16 03:35:57] <joshisblack69> SeemsGood SeemsGood SeemsGood SeemsGood
[2022-12-16 03:35:58] BITS: lukeloveswilly69 (100)
[2022-12-16 03:35:58] <lukeloveswilly69> Cheer100 whip em out
[2022-12-16 03:35:58] <@%^StreamElements> lukeloveswilly69 just cheered 100 bits PogChamp
[2022-12-16 03:37:16] <@%^StreamElements>* Join the Discord for all stream updates, live notifications, and to interact with the community! discord.gg/Faith
[2022-12-16 03:38:16] <@%^StreamElements> Remember to follow the stream if you want to see more of Faith <3
[2022-12-16 03:39:22] <@%ohbadmattylacy> !gamble 666
[2022-12-16 03:39:22] <@%^StreamElements>* ohbadmattylacy won 666 Alpacas in roulette and now has 528269 Alpacas! FeelsGoodMan
[2022-12-16 03:40:16] <@%^StreamElements>* Join the Discord for all stream updates, live notifications, and to interact with the community! discord.gg/Faith
[2022-12-16 03:43:14] <+ZrishTV> LUL
[2022-12-16 03:44:16] <@%^StreamElements> Remember to follow the stream if you want to see more of Faith <3
[2022-12-16 03:45:34] [Points] mulletman6869 redeemed Lurk Mode (69)
[2022-12-16 04:14:41] <@%ohbadmattylacy> !gamble 666
[2022-12-16 04:14:41] <@%^StreamElements>* ohbadmattylacy lost 666 Alpacas in roulette and now has 528503 Alpacas! FeelsBadMan
[2022-12-16 04:16:54] <!%dusdtrails> !gamble all
[2022-12-16 04:16:54] <@%^StreamElements>* dusdtrails went all in and lost every single one of their 3900 Alpacas LUL
[2022-12-16 04:17:07] <!%dusdtrails> faithHey faithPrayge faithCozy faithSleep <3
[2022-12-16 04:17:17] <@%^StreamElements> Remember to follow the stream if you want to see more of Faith <3
[2022-12-16 04:18:46] <@%^StreamElements> ❗Check out all of Faith's social medias! ❗ http://www.faithttv.com/ http://www.faithttv.com/ http://www.faithttv.com/ http://www.faithttv.com/
[2022-12-16 04:19:16] <@%^StreamElements>* Join the Discord for all stream updates, live notifications, and to interact with the community! discord.gg/Faith
[2022-12-16 04:19:40] <Bostondk31> boston64Loove boston64Loove
[2022-12-16 04:20:16] <@%^StreamElements> Remember to follow the stream if you want to see more of Faith <3
[2022-12-16 04:21:14] <FullMetalPK> <3 <3 <3 <3 <3 <3 HeyGuys
[2022-12-16 04:22:17] <@%^StreamElements>* Join the Discord for all stream updates, live notifications, and to interact with the community! discord.gg/Faith
[2022-12-16 04:23:16] <@%^StreamElements> Remember to follow the stream if you want to see more of Faith <3
[2022-12-16 04:28:06] <%fiz369> faithThink faithThink faithThink faithThink faithThink faithThink
[2022-12-16 04:28:41] [Points] lawrencepro22 redeemed Lurk Mode (69)
[2022-12-16 04:29:17] <lawrencepro22> HeyGuys
[2022-12-16 04:31:16] <@%^StreamElements>* Join the Discord for all stream updates, live notifications, and to interact with the community! discord.gg/Faith
[2022-12-16 04:31:23] <lawrencepro22> CurseLit
[2022-12-16 04:31:44] [Points] erickxd_cr redeemed Lurk Mode (69)
[2022-12-16 04:31:56] <lawrencepro22> <3
[2022-12-16 04:32:17] <@%^StreamElements> Remember to follow the stream if you want to see more of Faith <3
[2022-12-16 04:33:58] <%fannnnnna> SeemsGood
[2022-12-16 04:33:59] [Points] Volumancer redeemed Unlurk (69)
[2022-12-16 04:34:08] [Points] erickxd_cr redeemed Lurk Mode (69)
[2022-12-16 04:34:17] <@%^StreamElements>* Join the Discord for all stream updates, live notifications, and to interact with the community! discord.gg/Faith
[2022-12-16 04:34:47] <@%^StreamElements> ❗Check out all of Faith's social medias! ❗ http://www.faithttv.com/ http://www.faithttv.com/ http://www.faithttv.com/ http://www.faithttv.com/
[2022-12-16 04:34:49] [Points] erickxd_cr redeemed Unlurk (69)
[2022-12-16 04:35:16] <@%^StreamElements> Remember to follow the stream if you want to see more of Faith <3
[2022-12-16 04:35:58] <+swredspawn> choicesCute
[2022-12-16 04:37:17] <@%^StreamElements>* Join the Discord for all stream updates, live notifications, and to interact with the community! discord.gg/Faith
[2022-12-16 04:38:17] <@%^StreamElements> Remember to follow the stream if you want to see more of Faith <3
[2022-12-16 04:38:28] [Points] ramoos24 redeemed Unlurk (69)
[2022-12-16 04:40:27] <el_papadas_> Kreygasm Kreygasm Kreygasm Kreygasm Kreygasm Kreygasm Kreygasm Kreygasm
[2022-12-16 04:40:49] <el_papadas_> NotLikeThis NotLikeThis NotLikeThis SeemsGood SeemsGood SeemsGood NotLikeThis
[2022-12-16 04:41:17] <@%^StreamElements> Remember to follow the stream if you want to see more of Faith <3
[2022-12-16 04:41:23] <el_papadas_> MyAvatar CaitlynS MyAvatar FamilyMan TPFufun
[2022-12-16 04:42:00] <el_papadas_> BibleThump BibleThump
[2022-12-16 04:42:47] <@%^StreamElements> ❗Check out all of Faith's social medias! ❗ http://www.faithttv.com/ http://www.faithttv.com/ http://www.faithttv.com/ http://www.faithttv.com/
[2022-12-16 04:43:16] <@%^StreamElements>* Join the Discord for all stream updates, live notifications, and to interact with the community! discord.gg/Faith
[2022-12-16 04:44:09] <xolgozttv> BibleThump BibleThump
[2022-12-16 04:44:16] <@%^StreamElements> Remember to follow the stream if you want to see more of Faith <3
[2022-12-16 04:46:17] <@%^StreamElements>* Join the Discord for all stream updates, live notifications, and to interact with the community! discord.gg/Faith
[2022-12-16 04:46:46] <@%^StreamElements> ❗Check out all of Faith's social medias! ❗ http://www.faithttv.com/ http://www.faithttv.com/ http://www.faithttv.com/ http://www.faithttv.com/
[2022-12-16 04:48:42] <+MrMegalulu17> NotLikeThis
[2022-12-16 04:49:16] <@%^StreamElements>* Join the Discord for all stream updates, live notifications, and to interact with the community! discord.gg/Faith
[2022-12-16 04:53:42] <sonyinte> FallHalp
[2022-12-16 04:54:30] <sonyinte> BOP BOP
[2022-12-16 04:54:47] <sonyinte> TinyFace MyAvatar
[2022-12-16 04:55:16] <@%^StreamElements>* Join the Discord for all stream updates, live notifications, and to interact with the community! discord.gg/Faith
[2022-12-16 04:55:19] <sonyinte> Shush
[2022-12-16 04:55:48] <sonyinte> HolidayPresent
[2022-12-16 04:56:16] <@%^StreamElements> Remember to follow the stream if you want to see more of Faith <3
[2022-12-16 04:58:16] <@%^StreamElements>* Join the Discord for all stream updates, live notifications, and to interact with the community! discord.gg/Faith
[2022-12-16 04:58:46] <@%^StreamElements> ❗Check out all of Faith's social medias! ❗ http://www.faithttv.com/ http://www.faithttv.com/ http://www.faithttv.com/ http://www.faithttv.com/
[2022-12-16 04:59:16] <@%^StreamElements> Remember to follow the stream if you want to see more of Faith <3
[2022-12-16 05:04:18] [Points] s4drak redeemed Unlurk (69)
[2022-12-16 05:04:26] [Points] s4drak redeemed Lurk Mode (69)
[2022-12-16 05:08:25] [Points] leymonn redeemed Lurk Mode (69)
[2022-12-16 05:15:45] [Points] ZrishTV redeemed Lurk Mode (69)
[2022-12-16 05:16:46] [Points] frzy2dizzy redeemed Lurk Mode (69)
[2022-12-16 05:17:42] [Raid] 2 raiders from kingdarkness420 have joined!
[2022-12-16 05:17:43] <@%^StreamElements> kingdarkness420 just raided the channel with 2 viewers PogChamp
[2022-12-16 05:19:03] [Points] kingdarkness420 redeemed Unlurk (69)
[2022-12-16 05:19:15] <kingdarkness420> RaccAttack RaccAttack RaccAttack TPcrunchyroll TPcrunchyroll
[2022-12-16 05:27:22] <martin13464> roxyymLoveintheair roxyymLoveintheair roxyymLoveintheair roxyymLoveintheair roxyymLoveintheair roxyymLoveintheair roxyymLoveintheair
[2022-12-16 05:28:39] <martin13464> juanli4Hi
[2022-12-16 05:29:17] <@%^StreamElements> Remember to follow the stream if you want to see more of Faith <3
[2022-12-16 05:29:34] <martin13464> lewisHi
[2022-12-16 05:30:47] <@%^StreamElements> ❗Check out all of Faith's social medias! ❗ http://www.faithttv.com/ http://www.faithttv.com/ http://www.faithttv.com/ http://www.faithttv.com/
[2022-12-16 05:31:18] <@%^StreamElements>* Join the Discord for all stream updates, live notifications, and to interact with the community! discord.gg/Faith
[2022-12-16 05:32:16] <@%^StreamElements> Remember to follow the stream if you want to see more of Faith <3
[2022-12-16 05:32:32] <martin13464> siackeOEIL
[2022-12-16 05:33:57] <martin13464> PowerUpL Jebasted PowerUpR CarlSmile
[2022-12-16 05:34:17] <@%^StreamElements>* Join the Discord for all stream updates, live notifications, and to interact with the community! discord.gg/Faith
[2022-12-16 05:34:47] <@%^StreamElements> ❗Check out all of Faith's social medias! ❗ http://www.faithttv.com/ http://www.faithttv.com/ http://www.faithttv.com/ http://www.faithttv.com/
[2022-12-16 05:35:17] <@%^StreamElements> Remember to follow the stream if you want to see more of Faith <3
[2022-12-16 05:35:26] <+brysonchase43> bryson18Money bryson18Money bryson18Money bryson18Money bryson18Money bryson18Money bryson18Money bryson18Money bryson18Money bryson18Money bryson18Money bryson18Money bryson18Money bryson18Money bryson18Money bryson18Money bryson18Money bryson18Money bryson18Money bryson18Money bryson18Money bryson18Money bryson18Money bryson18Money bryson18Money
[2022-12-16 05:35:47] <martin13464> ThankEgg ThankEgg ThankEgg ThankEgg
[2022-12-16 05:36:24] <martin13464> fitgamerGod ThankEgg ThankEgg
[2022-12-16 05:36:47] <sonyinte> VoteYea ANELE
[2022-12-16 05:37:17] <@%^StreamElements>* Join the Discord for all stream updates, live notifications, and to interact with the community! discord.gg/Faith
[2022-12-16 05:37:24] <sonyinte> BabyRage
[2022-12-16 05:37:28] <martin13464> Poooound StrawBeary
[2022-12-16 05:38:01] <sonyinte> BabyRage VoteYea
[2022-12-16 05:38:02] <martin13464> BabyRage BabyRage BabyRage BabyRage BabyRage
[2022-12-16 05:38:17] <@%^StreamElements> Remember to follow the stream if you want to see more of Faith <3
[2022-12-16 05:38:21] <martin13464> BabyRage BabyRage BabyRage BabyRage BabyRage BabyRage BabyRage
[2022-12-16 05:38:47] <@%^StreamElements> ❗Check out all of Faith's social medias! ❗ http://www.faithttv.com/ http://www.faithttv.com/ http://www.faithttv.com/ http://www.faithttv.com/
[2022-12-16 05:39:04] <sonyinte> BabyRage DatSheffy VoteYea
[2022-12-16 05:39:25] <martin13464> fitgamerOk fitgamerOk fitgamerOk fitgamerOk
[2022-12-16 05:40:10] <sonyinte> BabyRage GrammarKing
[2022-12-16 05:40:17] <@%^StreamElements>* Join the Discord for all stream updates, live notifications, and to interact with the community! discord.gg/Faith
[2022-12-16 05:40:23] <martin13464> juanli4SendEnergy juanli4SendEnergy juanli4SendEnergy juanli4SendEnergy juanli4SendEnergy
[2022-12-16 05:41:17] <@%^StreamElements> Remember to follow the stream if you want to see more of Faith <3
[2022-12-16 05:41:19] <martin13464> roxyymWow roxyymHi roxyymLove
[2022-12-16 05:42:40] [Points] valswaltz redeemed Lurk Mode (69)
[2022-12-16 05:42:47] <@%^StreamElements> ❗Check out all of Faith's social medias! ❗ http://www.faithttv.com/ http://www.faithttv.com/ http://www.faithttv.com/ http://www.faithttv.com/
[2022-12-16 05:42:47] <martin13464> HolidaySanta HolidaySanta HolidaySanta HolidaySanta HolidaySanta HolidaySanta
[2022-12-16 05:43:17] <@%^StreamElements>* Join the Discord for all stream updates, live notifications, and to interact with the community! discord.gg/Faith
[2022-12-16 05:43:21] <sonyinte> VoteYea
[2022-12-16 05:43:56] <+dkizzy> HeyGuys
[2022-12-16 05:44:13] <sonyinte> VoteYea
[2022-12-16 05:44:17] <@%^StreamElements> Remember to follow the stream if you want to see more of Faith <3
[2022-12-16 05:44:32] <sonyinte> DoritosChip
[2022-12-16 05:45:06] <sonyinte> inkbLove
[2022-12-16 05:45:22] <sonyinte> DoritosChip inkbHeart
[2022-12-16 05:46:05] <sonyinte> Awwdible TinyFace inkbLove
[2022-12-16 05:46:17] <@%^StreamElements>* Join the Discord for all stream updates, live notifications, and to interact with the community! discord.gg/Faith
[2022-12-16 05:46:31] <sonyinte> GrammarKing KappaPride
[2022-12-16 05:46:46] <@%^StreamElements> ❗Check out all of Faith's social medias! ❗ http://www.faithttv.com/ http://www.faithttv.com/ http://www.faithttv.com/ http://www.faithttv.com/
[2022-12-16 05:46:52] <sonyinte> VoteNay
[2022-12-16 05:47:16] <@%^StreamElements> Remember to follow the stream if you want to see more of Faith <3
[2022-12-16 05:47:24] <coregamingkeed> HeyGuys
[2022-12-16 05:48:20] <sonyinte> VoteNay
[2022-12-16 05:49:17] <@%^StreamElements>* Join the Discord for all stream updates, live notifications, and to interact with the community! discord.gg/Faith
[2022-12-16 05:50:17] <@%^StreamElements> Remember to follow the stream if you want to see more of Faith <3
[2022-12-16 05:50:46] <@%^StreamElements> ❗Check out all of Faith's social medias! ❗ http://www.faithttv.com/ http://www.faithttv.com/ http://www.faithttv.com/ http://www.faithttv.com/
[2022-12-16 05:52:17] <@%^StreamElements>* Join the Discord for all stream updates, live notifications, and to interact with the community! discord.gg/Faith
[2022-12-16 06:00:56] <invisiblepancake> spacedudeAjamp
[2022-12-16 06:02:57] <invisiblepancake> chainbNODDERS
[2022-12-16 06:04:17] <@%^StreamElements>* Join the Discord for all stream updates, live notifications, and to interact with the community! discord.gg/Faith
[2022-12-16 06:05:05] <invisiblepancake> TheThing
[2022-12-16 06:05:17] <@%^StreamElements> Remember to follow the stream if you want to see more of Faith <3
[2022-12-16 06:06:57] <invisiblepancake> SingsNote
[2022-12-16 06:07:17] <@%^StreamElements>* Join the Discord for all stream updates, live notifications, and to interact with the community! discord.gg/Faith
[2022-12-16 06:08:12] <+WHYT3RICE> whyt3rIceF
[2022-12-16 06:08:17] <@%^StreamElements> Remember to follow the stream if you want to see more of Faith <3
[2022-12-16 06:10:17] <@%^StreamElements>* Join the Discord for all stream updates, live notifications, and to interact with the community! discord.gg/Faith
[2022-12-16 06:11:16] <@%^StreamElements> Remember to follow the stream if you want to see more of Faith <3
[2022-12-16 06:12:30] <+PoRKRaZoR> GlitchCat
[2022-12-16 06:13:17] <@%^StreamElements>* Join the Discord for all stream updates, live notifications, and to interact with the community! discord.gg/Faith
[2022-12-16 06:16:00] <makamming> <3 <3
[2022-12-16 06:17:17] <@%^StreamElements> Remember to follow the stream if you want to see more of Faith <3
[2022-12-16 06:17:24] <makamming> <3 <3 <3 <3
[2022-12-16 06:19:18] <@%^StreamElements>* Join the Discord for all stream updates, live notifications, and to interact with the community! discord.gg/Faith
[2022-12-16 06:20:17] <@%^StreamElements> Remember to follow the stream if you want to see more of Faith <3
[2022-12-16 06:24:13] <go_meme_god> SeemsGood
[2022-12-16 06:29:20] <pablo_frompendrellvale_> Kreygasm
[2022-12-16 06:38:03] <+Trollen_Yall> ldsylvrWTH
[2022-12-16 06:38:19] BITS: mailnotinuse1 (100)
[2022-12-16 06:38:19] <mailnotinuse1> ShowLove100
[2022-12-16 06:38:19] <@%^StreamElements> mailnotinuse1 just cheered 100 bits PogChamp
[2022-12-16 06:40:17] <@%^StreamElements>* Join the Discord for all stream updates, live notifications, and to interact with the community! discord.gg/Faith
[2022-12-16 06:41:17] <@%^StreamElements> Remember to follow the stream if you want to see more of Faith <3
[2022-12-16 06:42:40] <oneduck1243> BibleThump
[2022-12-16 06:43:17] <@%^StreamElements>* Join the Discord for all stream updates, live notifications, and to interact with the community! discord.gg/Faith
[2022-12-16 06:45:59] [Points] gsourcechrist_ redeemed Lurk Mode (69)
[2022-12-16 06:49:24] <oneduck1243> <3 <3 <3 <3 <3 <3 <3 <3 <3 <3 <3
[2022-12-16 06:58:23] <%fiz369> faithThink faithThink faithThink faithThink faithThink faithThink
[2022-12-16 07:01:06] <jkishere7> <3
[2022-12-16 07:01:57] <pennylame> <3
[2022-12-16 07:02:19] <@%^StreamElements> Remember to follow the stream if you want to see more of Faith <3
[2022-12-16 07:02:21] <sammynatorr> IntersexPride
[2022-12-16 07:02:34] <+PoRKRaZoR> BegWan BegWan BegWan
[2022-12-16 07:02:47] <@%^StreamElements> ❗Check out all of Faith's social medias! ❗ http://www.faithttv.com/ http://www.faithttv.com/ http://www.faithttv.com/ http://www.faithttv.com/
[2022-12-16 07:03:23] <pennylame> alveusLove
[2022-12-16 07:03:47] <Arkryzel> skaiPOP
[2022-12-16 07:04:17] <@%^StreamElements>* Join the Discord for all stream updates, live notifications, and to interact with the community! discord.gg/Faith
[2022-12-16 07:05:17] <@%^StreamElements> Remember to follow the stream if you want to see more of Faith <3
[2022-12-16 07:06:47] <@%^StreamElements> ❗Check out all of Faith's social medias! ❗ http://www.faithttv.com/ http://www.faithttv.com/ http://www.faithttv.com/ http://www.faithttv.com/
[2022-12-16 07:07:17] <@%^StreamElements>* Join the Discord for all stream updates, live notifications, and to interact with the community! discord.gg/Faith
[2022-12-16 07:07:49] <fearlessakaearl> xhyralWave
[2022-12-16 07:08:08] <pennylame> alveusHey
[2022-12-16 07:08:17] <@%^StreamElements> Remember to follow the stream if you want to see more of Faith <3
[2022-12-16 07:08:29] <fearlessakaearl> nadjaa1Love nadjaa1Love nadjaa1Love nadjaa1Love nadjaa1Love nadjaa1Love nadjaa1Love nadjaa1Love nadjaa1Love nadjaa1Love nadjaa1Love nadjaa1Love nadjaa1Love imGlitch nadjaa1Love nadjaa1Love nadjaa1Love
[2022-12-16 07:08:59] <pennylame> VirtualHug VirtualHug VirtualHug
[2022-12-16 07:09:49] <fearlessakaearl> nadjaa1Hi nadjaa1Hi nadjaa1Hi nadjaa1Hi nadjaa1Hi nadjaa1Hi nadjaa1Hi nadjaa1LOL nadjaa1LOL nadjaa1LOL nadjaa1Love
[2022-12-16 07:10:03] <fearlessakaearl> nadjaa1Hi nadjaa1Hi
[2022-12-16 07:10:17] <@%^StreamElements>* Join the Discord for all stream updates, live notifications, and to interact with the community! discord.gg/Faith
[2022-12-16 07:10:47] <@%^StreamElements> ❗Check out all of Faith's social medias! ❗ http://www.faithttv.com/ http://www.faithttv.com/ http://www.faithttv.com/ http://www.faithttv.com/
[2022-12-16 07:11:17] <@%^StreamElements> Remember to follow the stream if you want to see more of Faith <3
[2022-12-16 07:13:18] <@%^StreamElements>* Join the Discord for all stream updates, live notifications, and to interact with the community! discord.gg/Faith
[2022-12-16 07:14:17] <@%^StreamElements> Remember to follow the stream if you want to see more of Faith <3
[2022-12-16 07:15:02] <+nextgen_ben> pokeWICKED pokeWICKED
[2022-12-16 07:21:47] <A_Farewell_Fix> LuvPeekR
[2022-12-16 07:28:39] [Points] p5nmusic redeemed Unlurk (69)
[2022-12-16 07:30:22] <Oktopush> TwitchUnity
[2022-12-16 08:18:38] <SPARTANSRyu> 2020Unroll
[2022-12-16 08:25:59] <msa3d_hd> BibleThump BibleThump
[2022-12-16 08:28:17] <adam20031974> imvioletGasm imvioletGasm imvioletGasm
[2022-12-16 08:28:45] <adam20031974> imvioletHungry imvioletHungry imvioletHungry imvioletLatoB
[2022-12-16 08:29:17] <@%^StreamElements> Remember to follow the stream if you want to see more of Faith <3
[2022-12-16 08:30:47] <@%^StreamElements> ❗Check out all of Faith's social medias! ❗ http://www.faithttv.com/ http://www.faithttv.com/ http://www.faithttv.com/ http://www.faithttv.com/
[2022-12-16 08:31:17] <@%^StreamElements>* Join the Discord for all stream updates, live notifications, and to interact with the community! discord.gg/Faith
[2022-12-16 08:32:17] <@%^StreamElements> Remember to follow the stream if you want to see more of Faith <3
[2022-12-16 08:55:14] [Notification] wx1983 subscribed at Tier 1.
[2022-12-16 08:55:15] <@%^StreamElements> wx1983 just subscribed PogChamp
[2022-12-16 08:58:33] <+lugarcifer060606> MercyWing1 bleedPurple MercyWing2
[2022-12-16 08:59:15] [Points] primityyy redeemed Unlurk (69)
[2022-12-16 09:31:03] <%thomas4170> faithCozy faithCozy
[2022-12-16 09:32:52] <OEasyMoneySniperO> Kreygasm
[2022-12-16 09:34:17] <@%^StreamElements>* Join the Discord for all stream updates, live notifications, and to interact with the community! discord.gg/Faith
[2022-12-16 09:35:17] <@%^StreamElements> Remember to follow the stream if you want to see more of Faith <3
[2022-12-16 09:38:02] <jeremy1988> WutFace
[2022-12-16 09:39:55] <!%dusdtrails> faithPrayge faithCozy faithSleep faithHug2
[2022-12-16 09:40:17] <@%^StreamElements>* Join the Discord for all stream updates, live notifications, and to interact with the community! discord.gg/Faith
[2022-12-16 09:41:13] <+AznSky4u> s1rChou s1rChou s1rChou s1rChou s1rChou s1rChou
[2022-12-16 09:41:17] <@%^StreamElements> Remember to follow the stream if you want to see more of Faith <3
[2022-12-16 09:41:34] <+AznSky4u> aiolaYeah aiolaYeah aiolaDance2 aiolaDance2 aiolaYeah aiolaYeah
[2022-12-16 09:42:47] <@%^StreamElements> ❗Check out all of Faith's social medias! ❗ http://www.faithttv.com/ http://www.faithttv.com/ http://www.faithttv.com/ http://www.faithttv.com/
[2022-12-16 09:43:11] <+AznSky4u> aiolaLove2 aiolaLove2 aiolaLove2 aiolaLove2 aiolaLove2 aiolaLove2
[2022-12-16 09:43:17] <@%^StreamElements>* Join the Discord for all stream updates, live notifications, and to interact with the community! discord.gg/Faith
[2022-12-16 09:44:17] <@%^StreamElements> Remember to follow the stream if you want to see more of Faith <3
[2022-12-16 09:46:17] <@%^StreamElements>* Join the Discord for all stream updates, live notifications, and to interact with the community! discord.gg/Faith
[2022-12-16 09:48:27] [Points] andy_18a redeemed Lurk Mode (69)
[2022-12-16 10:03:30] [Notification] gvolw subscribed at Tier 1.
[2022-12-16 10:03:30] <@%^StreamElements> gvolw just subscribed PogChamp
[2022-12-16 10:10:53] <!%dusdtrails> !gamble all
[2022-12-16 10:10:54] <@%^StreamElements>* PogChamp dusdtrails went all in and won 300 Alpacas PogChamp they now have 600 Alpacas FeelsGoodMan
[2022-12-16 10:11:04] <!%dusdtrails> !gamble 100%
[2022-12-16 10:11:04] <@%^StreamElements>* dusdtrails went all in and lost every single one of their 600 Alpacas LUL
[2022-12-16 10:11:50] <%+Wreker61> faithLurk1 faithLurk1 faithLurk1
[2022-12-16 10:12:43] [Points] Wreker61 redeemed Lurk Mode (69)
[2022-12-16 10:13:17] <@%^StreamElements>* Join the Discord for all stream updates, live notifications, and to interact with the community! discord.gg/Faith
[2022-12-16 10:13:43] <reisahmettt> NotLikeThis
[2022-12-16 10:14:17] <@%^StreamElements> Remember to follow the stream if you want to see more of Faith <3
[2022-12-16 10:14:47] <@%^StreamElements> ❗Check out all of Faith's social medias! ❗ http://www.faithttv.com/ http://www.faithttv.com/ http://www.faithttv.com/ http://www.faithttv.com/
[2022-12-16 10:16:17] <@%^StreamElements>* Join the Discord for all stream updates, live notifications, and to interact with the community! discord.gg/Faith
[2022-12-16 10:18:41] [Points] tototorren redeemed Lurk Mode (69)
[2022-12-16 10:23:12] [Points] ironman_w redeemed Lurk Mode (69)
[2022-12-16 10:23:44] [Points] ironman_w redeemed Unlurk (69)
[2022-12-16 10:23:46] [Points] ironman_w redeemed Lurk Mode (69)
[2022-12-16 10:24:31] <~%Faith> faithSleep
[2022-12-16 10:25:55] <%oneoftheroses> faithCozy faithCozy faithCozy faithCozy
[2022-12-16 10:26:03] <%+MecChauveBrazzer> nadiaa1Heartss
[2022-12-16 10:26:17] <@%^StreamElements> Remember to follow the stream if you want to see more of Faith <3
[2022-12-16 10:26:47] <@%^StreamElements> ❗Check out all of Faith's social medias! ❗ http://www.faithttv.com/ http://www.faithttv.com/ http://www.faithttv.com/ http://www.faithttv.com/
[2022-12-16 10:27:17] <%hardcorecheese> faithLate
[2022-12-16 10:28:17] <@%^StreamElements>* Join the Discord for all stream updates, live notifications, and to interact with the community! discord.gg/Faith
[2022-12-16 10:29:17] <@%^StreamElements> Remember to follow the stream if you want to see more of Faith <3
[2022-12-16 10:30:49] <@%^StreamElements> ❗Check out all of Faith's social medias! ❗ http://www.faithttv.com/ http://www.faithttv.com/ http://www.faithttv.com/ http://www.faithttv.com/
[2022-12-16 10:31:17] <@%^StreamElements>* Join the Discord for all stream updates, live notifications, and to interact with the community! discord.gg/Faith
[2022-12-16 10:33:33] <fantastic_pro9> SeemsGood
[2022-12-16 10:36:47] <dionisiskk> HeyGuys HeyGuys HeyGuys
[2022-12-16 10:37:17] <@%^StreamElements>* Join the Discord for all stream updates, live notifications, and to interact with the community! discord.gg/Faith
[2022-12-16 10:38:17] <@%^StreamElements> Remember to follow the stream if you want to see more of Faith <3
[2022-12-16 10:44:49] BITS: hypnosized (100)
[2022-12-16 10:44:49] <hypnosized> Cheer100
[2022-12-16 10:44:50] <@%^StreamElements> hypnosized just cheered 100 bits PogChamp
[2022-12-16 10:49:16] <+owen_w79> valeriaHEART valeriaHEART valeriaHEART valeriaHEART valeriaHEART
[2022-12-16 10:52:42] <!%dusdtrails> faithCozy
[2022-12-16 10:53:17] <@%^StreamElements> Remember to follow the stream if you want to see more of Faith <3
[2022-12-16 11:04:04] <dionisiskk> <3 <3
[2022-12-16 11:09:20] <dionisiskk> :) :)
[2022-12-16 11:09:54] <27zeke> ResidentSleeper ResidentSleeper
[2022-12-16 11:10:18] <@%^StreamElements>* Join the Discord for all stream updates, live notifications, and to interact with the community! discord.gg/Faith
[2022-12-16 11:11:17] <@%^StreamElements> Remember to follow the stream if you want to see more of Faith <3
[2022-12-16 11:13:17] <@%^StreamElements>* Join the Discord for all stream updates, live notifications, and to interact with the community! discord.gg/Faith
[2022-12-16 11:14:17] <@%^StreamElements> Remember to follow the stream if you want to see more of Faith <3
[2022-12-16 11:15:40] <franke1103> juzzy5Blush
[2022-12-16 11:21:14] <evseev_2010> VirtualHug VirtualHug VirtualHug
[2022-12-16 11:27:08] [Notification] bestphotonik subscribed with Prime.
[2022-12-16 11:27:08] <@%^StreamElements> bestphotonik just subscribed PogChamp
[2022-12-16 11:29:42] [Points] belen_723_ redeemed Unlurk (69)
[2022-12-16 11:31:18] <mirrorgaming93> ubfistLove ubfistLove
[2022-12-16 11:38:36] <belen_723_> DoritosChip DoritosChip
[2022-12-16 11:39:38] <belen_723_> <3 <3
[2022-12-16 11:40:17] <@%^StreamElements>* Join the Discord for all stream updates, live notifications, and to interact with the community! discord.gg/Faith
[2022-12-16 11:41:17] <@%^StreamElements> Remember to follow the stream if you want to see more of Faith <3
[2022-12-16 11:43:17] <@%^StreamElements>* Join the Discord for all stream updates, live notifications, and to interact with the community! discord.gg/Faith
[2022-12-16 11:50:15] [Points] hamo_18 redeemed Blaze Break (420)
[2022-12-16 11:54:21] <%$voiceofthesilentcat> bewitchFight
[2022-12-16 11:58:06] <EndlessLuvs> mydylsExiaHappy mydylsExiaHappy
[2022-12-16 11:59:17] <@%^StreamElements> Remember to follow the stream if you want to see more of Faith <3
[2022-12-16 12:12:10] [Usernotice] datdudewhomakesu is gifting 1 Tier 1 Subs to Faith's community! They've gifted a total of 1 in the channel!
[2022-12-16 12:12:11] [Notification] datdudewhomakesu gifted a Tier 1 sub to dmvs!
[2022-12-16 12:12:11] <@%^StreamElements> dmvs just subscribed PogChamp
[2022-12-16 12:12:31] [Points] valeriopio1324 redeemed Lurk Mode (69)
[2022-12-16 12:12:36] [Notification] datdudewhomakesu subscribed at Tier 1.
[2022-12-16 12:12:36] <@%^StreamElements> datdudewhomakesu just subscribed PogChamp
[2022-12-16 12:13:10] <%+dmvs> aryssaAryHug
[2022-12-16 12:26:03] <!%dusdtrails> faithHey faithLove faithHug2
[2022-12-16 12:26:12] <%thomas4170> faithHey
[2022-12-16 12:28:17] <@%^StreamElements>* Join the Discord for all stream updates, live notifications, and to interact with the community! discord.gg/Faith
[2022-12-16 12:29:17] <@%^StreamElements> Remember to follow the stream if you want to see more of Faith <3
[2022-12-16 12:29:43] <dionisiskk> <3 <3 <3 <3
[2022-12-16 12:30:47] <@%^StreamElements> ❗Check out all of Faith's social medias! ❗ http://www.faithttv.com/ http://www.faithttv.com/ http://www.faithttv.com/ http://www.faithttv.com/
[2022-12-16 12:31:17] <@%^StreamElements>* Join the Discord for all stream updates, live notifications, and to interact with the community! discord.gg/Faith
[2022-12-16 12:31:40] <evseev_2010> TransgenderPride TransgenderPride TransgenderPride TransgenderPride
[2022-12-16 12:31:45] <+Micenesis89> Squid1 TwitchUnity Squid4
[2022-12-16 12:32:17] <@%^StreamElements> Remember to follow the stream if you want to see more of Faith <3
[2022-12-16 12:34:17] <@%^StreamElements>* Join the Discord for all stream updates, live notifications, and to interact with the community! discord.gg/Faith
[2022-12-16 12:34:47] <@%^StreamElements> ❗Check out all of Faith's social medias! ❗ http://www.faithttv.com/ http://www.faithttv.com/ http://www.faithttv.com/ http://www.faithttv.com/
[2022-12-16 12:35:19] <@%^StreamElements> Remember to follow the stream if you want to see more of Faith <3
[2022-12-16 12:38:43] <JayZhuang> <3 <3 <3 <3
[2022-12-16 12:39:26] <!%dusdtrails> !gamble all
[2022-12-16 12:39:26] <@%^StreamElements>* dusdtrails went all in and lost every single one of their 1800 Alpacas LUL
[2022-12-16 12:40:17] <@%^StreamElements>* Join the Discord for all stream updates, live notifications, and to interact with the community! discord.gg/Faith
[2022-12-16 12:41:17] <@%^StreamElements> Remember to follow the stream if you want to see more of Faith <3
[2022-12-16 12:41:49] <%astolfs24> Kappa
[2022-12-16 12:42:47] <@%^StreamElements> ❗Check out all of Faith's social medias! ❗ http://www.faithttv.com/ http://www.faithttv.com/ http://www.faithttv.com/ http://www.faithttv.com/
[2022-12-16 12:43:17] <@%^StreamElements>* Join the Discord for all stream updates, live notifications, and to interact with the community! discord.gg/Faith
[2022-12-16 12:44:19] <@%^StreamElements> Remember to follow the stream if you want to see more of Faith <3
[2022-12-16 12:52:19] [Points] littlepersonv redeemed Unlurk (69)
[2022-12-16 12:57:49] <giga_mist> SeemsGood SeemsGood SeemsGood
[2022-12-16 12:58:28] [Notification] ilovearty888 subscribed with Prime.
[2022-12-16 12:58:28] <@%^StreamElements> ilovearty888 just subscribed PogChamp
[2022-12-16 12:58:35] <%astolfs24> HeyGuys
[2022-12-16 12:59:17] <@%^StreamElements> Remember to follow the stream if you want to see more of Faith <3
[2022-12-16 12:59:36] [Usernotice] ilovearty888 is gifting 1 Tier 1 Subs to Faith's community! They've gifted a total of 1 in the channel!
[2022-12-16 12:59:37] [Notification] ilovearty888 gifted a Tier 1 sub to genez_!
[2022-12-16 12:59:37] <@%^StreamElements> genez_ just subscribed PogChamp
[2022-12-16 13:00:49] [Points] giga_mist redeemed Lurk Mode (69)
[2022-12-16 13:00:52] <giga_mist> faithCult faithCult faithCult
[2022-12-16 13:01:17] <@%^StreamElements>* Join the Discord for all stream updates, live notifications, and to interact with the community! discord.gg/Faith
[2022-12-16 13:02:17] <@%^StreamElements> Remember to follow the stream if you want to see more of Faith <3
[2022-12-16 13:02:29] <chef_qwar> <3 <3 <3 <3 <3
[2022-12-16 13:02:48] <@%^StreamElements> ❗Check out all of Faith's social medias! ❗ http://www.faithttv.com/ http://www.faithttv.com/ http://www.faithttv.com/ http://www.faithttv.com/
[2022-12-16 13:04:17] <@%^StreamElements>* Join the Discord for all stream updates, live notifications, and to interact with the community! discord.gg/Faith
[2022-12-16 13:05:17] <@%^StreamElements> Remember to follow the stream if you want to see more of Faith <3
[2022-12-16 13:06:46] [Points] ilovearty888 redeemed Blaze Break (420)
[2022-12-16 13:07:05] [Notification] Joe1998_ subscribed with Prime.
[2022-12-16 13:07:06] <@%^StreamElements> Joe1998_ just subscribed PogChamp
[2022-12-16 13:07:27] <%+Joe1998_> Kappa
[2022-12-16 13:07:56] <fizz369> BibleThump
[2022-12-16 13:08:03] <%hardcorecheese> faithLate
[2022-12-16 13:08:17] <@%^StreamElements> Remember to follow the stream if you want to see more of Faith <3
[2022-12-16 13:10:17] <@%^StreamElements>* Join the Discord for all stream updates, live notifications, and to interact with the community! discord.gg/Faith
[2022-12-16 13:10:27] <deadlaserman> nalopiHen
[2022-12-16 13:10:47] <@%^StreamElements> ❗Check out all of Faith's social medias! ❗ http://www.faithttv.com/ http://www.faithttv.com/ http://www.faithttv.com/ http://www.faithttv.com/
[2022-12-16 13:11:17] <@%^StreamElements> Remember to follow the stream if you want to see more of Faith <3
[2022-12-16 13:13:17] <@%^StreamElements>* Join the Discord for all stream updates, live notifications, and to interact with the community! discord.gg/Faith
[2022-12-16 13:16:45] <~%Faith> I appreciate you guys a lot <3
[2022-12-16 13:16:52] <@%JaySkott> no u
[2022-12-16 13:17:06] <%hardcorecheese> faithLate faithLate
[2022-12-16 13:17:08] <%thomas4170> faithLove faithLove
[2022-12-16 13:17:15] <dionisiskk> <3 <3 <3
[2022-12-16 13:17:17] <@%^StreamElements> Remember to follow the stream if you want to see more of Faith <3
[2022-12-16 13:17:26] <!%dusdtrails> 💗
[2022-12-16 13:18:37] [Notification] IDejabrewI subscribed with Prime.
[2022-12-16 13:18:37] <@%^StreamElements> IDejabrewI just subscribed PogChamp
[2022-12-16 13:18:47] <@%^StreamElements> ❗Check out all of Faith's social medias! ❗ http://www.faithttv.com/ http://www.faithttv.com/ http://www.faithttv.com/ http://www.faithttv.com/
[2022-12-16 13:19:04] <kr_killah> NotLikeThis
[2022-12-16 13:19:17] <@%^StreamElements>* Join the Discord for all stream updates, live notifications, and to interact with the community! discord.gg/Faith
[2022-12-16 13:19:23] <kr_killah> Kreygasm
[2022-12-16 13:20:01] [Points] dusdtrails redeemed Blaze Break (420)
[2022-12-16 13:20:09] <%IDejabrewI> faithGasm
[2022-12-16 13:20:16] <%astolfs24> <3 <3
[2022-12-16 13:20:17] <@%^StreamElements> Remember to follow the stream if you want to see more of Faith <3
[2022-12-16 13:23:45] <killua12040> SeemsGood SeemsGood
[2022-12-16 13:23:48] <@%^StreamElements>* Join the Discord for all stream updates, live notifications, and to interact with the community! discord.gg/Faith
[2022-12-16 13:23:50] <killua12040> <3 <3
[2022-12-16 13:23:55] <@%^StreamElements> ❗Check out all of Faith's social medias! ❗ http://www.faithttv.com/ http://www.faithttv.com/ http://www.faithttv.com/ http://www.faithttv.com/
[2022-12-16 13:24:00] <@%^StreamElements> Remember to follow the stream if you want to see more of Faith <3
[2022-12-16 13:25:17] <@%^StreamElements>* Join the Discord for all stream updates, live notifications, and to interact with the community! discord.gg/Faith
[2022-12-16 13:25:23] <+owen_w79> valeriaHEART valeriaHEART valeriaHEART valeriaHEART
[2022-12-16 13:25:45] <%Micuqui> faithSip faithSip faithSip faithSip faithSip faithSip
[2022-12-16 13:26:17] <@%^StreamElements> Remember to follow the stream if you want to see more of Faith <3
[2022-12-16 13:26:47] <@%^StreamElements> ❗Check out all of Faith's social medias! ❗ http://www.faithttv.com/ http://www.faithttv.com/ http://www.faithttv.com/ http://www.faithttv.com/
[2022-12-16 13:28:37] <@%^StreamElements>* Join the Discord for all stream updates, live notifications, and to interact with the community! discord.gg/Faith
[2022-12-16 13:29:19] <@%^StreamElements> Remember to follow the stream if you want to see more of Faith <3
# Log started: 2022-12-16 20:03:36 +0100
[2022-12-16 20:03:36] ~[RR] NO ADS ASMR 💗 IG: FaithTTV2 (ASMR)~
[2022-12-16 20:03:36] Joining #faith..
[2022-12-16 20:03:36] You have joined #faith
[2022-12-16 20:03:36] VIEWERS: 1 119
[2022-12-16 20:05:06] <+ledsaga> StinkyGlitch
[2022-12-16 20:09:19] <%Mastrvee> pbtvPEEK faithCalm faithCute
[2022-12-16 20:10:18] <@%^StreamElements>* Join the Discord for all stream updates, live notifications, and to interact with the community! discord.gg/Faith
[2022-12-16 20:13:41] <LASTPHONK> navfPls navfPls navfPls
[2022-12-16 20:14:18] <@%^StreamElements> Remember to follow the stream if you want to see more of Faith <3
[2022-12-16 20:15:26] <franke1103> marzzCozy
[2022-12-16 20:16:17] <@%^StreamElements>* Join the Discord for all stream updates, live notifications, and to interact with the community! discord.gg/Faith
[2022-12-16 20:17:17] <@%^StreamElements> Remember to follow the stream if you want to see more of Faith <3
[2022-12-16 20:24:40] <Bigpumpkintv> sotchiCat sotchiCat
[2022-12-16 20:31:59] [Points] fnaf_lover6927 redeemed Lurk Mode (69)
[2022-12-16 20:40:00] <RickTV___> lydiavPOG
[2022-12-16 20:40:02] [Points] liperit redeemed Lurk Mode (69)
[2022-12-16 20:49:50] <eido_xxx> <3 <3 <3
[2022-12-16 20:57:43] <RickTV___> angelicHmm
[2022-12-16 21:00:06] <MonkeBanos> LUL
[2022-12-16 21:01:18] <@%^StreamElements>* Join the Discord for all stream updates, live notifications, and to interact with the community! discord.gg/Faith
[2022-12-16 21:02:20] <@%^StreamElements> Remember to follow the stream if you want to see more of Faith <3
[2022-12-16 21:17:29] <franke1103> prenBop
[2022-12-16 21:18:15] <franke1103> prenSway
[2022-12-16 21:19:18] <@%^StreamElements>* Join the Discord for all stream updates, live notifications, and to interact with the community! discord.gg/Faith
[2022-12-16 21:19:56] [Notification] peka27 subscribed with Prime.
[2022-12-16 21:19:57] <@%^StreamElements> peka27 just subscribed PogChamp
[2022-12-16 21:20:18] <@%^StreamElements> Remember to follow the stream if you want to see more of Faith <3
[2022-12-16 21:22:18] <@%^StreamElements>* Join the Discord for all stream updates, live notifications, and to interact with the community! discord.gg/Faith
[2022-12-16 21:23:10] <OlivierSimoneau> HeyGuys
[2022-12-16 21:35:36] <%Daphiny> jenaurfWow jenaurfWow
[2022-12-16 21:38:20] [Points] mc_angelo01 redeemed Lurk Mode (69)
[2022-12-16 21:38:31] [Points] mc_angelo01 redeemed Unlurk (69)
[2022-12-16 21:38:42] <BirdyFrosty> birdyf1Hi
[2022-12-16 21:39:23] <malachidog> HeyGuys
[2022-12-16 21:40:18] <@%^StreamElements>* Join the Discord for all stream updates, live notifications, and to interact with the community! discord.gg/Faith
[2022-12-16 21:40:20] <mc_angelo01> KonCha KonCha
[2022-12-16 21:40:35] <mc_angelo01> TehePelo
[2022-12-16 21:41:18] <@%^StreamElements> Remember to follow the stream if you want to see more of Faith <3
[2022-12-16 21:42:48] <@%^StreamElements> ❗Check out all of Faith's social medias! ❗ http://www.faithttv.com/ http://www.faithttv.com/ http://www.faithttv.com/ http://www.faithttv.com/
[2022-12-16 21:43:18] <@%^StreamElements>* Join the Discord for all stream updates, live notifications, and to interact with the community! discord.gg/Faith
[2022-12-16 21:44:18] <@%^StreamElements> Remember to follow the stream if you want to see more of Faith <3
[2022-12-16 21:52:10] [Notification] evan040509 subscribed with Prime.
[2022-12-16 21:52:10] <@%^StreamElements> evan040509 just subscribed PogChamp
[2022-12-16 22:04:07] <endle_ss_> VoHiYo
[2022-12-16 22:09:33] <%rusty_recluse> faithCalm faithCalm faithCalm faithCalm faithCalm
[2022-12-16 22:11:35] [Points] sz_isti redeemed Unlurk (69)
[2022-12-16 22:17:18] [Points] v_king67 redeemed Lurk Mode (69)
[2022-12-16 22:17:30] <%anasazi30> rosieRavee
[2022-12-16 22:20:34] <sh1rogt> ResidentSleeper ResidentSleeper ResidentSleeper
[2022-12-16 22:22:19] <@%^StreamElements>* Join the Discord for all stream updates, live notifications, and to interact with the community! discord.gg/Faith
[2022-12-16 22:22:52] <konstantinapoly> ResidentSleeper ResidentSleeper ResidentSleeper ResidentSleeper
[2022-12-16 22:23:17] <konstantinapoly> <3 <3 Kreygasm Kreygasm
[2022-12-16 22:23:19] <@%^StreamElements> Remember to follow the stream if you want to see more of Faith <3
[2022-12-16 22:24:48] [Points] neptun2312 redeemed Blaze Break (420)
[2022-12-16 22:25:19] <@%^StreamElements>* Join the Discord for all stream updates, live notifications, and to interact with the community! discord.gg/Faith
[2022-12-16 22:26:19] <@%^StreamElements> Remember to follow the stream if you want to see more of Faith <3
[2022-12-16 22:28:36] <@%ohbadmattylacy> faithPrayge faithPrayge faithPrayge
[2022-12-16 22:32:45] [Notification] An anonymous user gifted a Tier 1 sub to Alexpiiki!
[2022-12-16 22:32:46] <@%^StreamElements> Alexpiiki just subscribed PogChamp
[2022-12-16 22:44:51] <franke1103> prenYis
[2022-12-16 22:45:48] <%m1l0B> faithExcited faithExcited faithExcited
[2022-12-16 22:46:19] <@%^StreamElements>* Join the Discord for all stream updates, live notifications, and to interact with the community! discord.gg/Faith
[2022-12-16 22:47:20] <@%^StreamElements> Remember to follow the stream if you want to see more of Faith <3
[2022-12-16 22:47:23] <p0larbea4er> :D FallWinning FallWinning FallWinning
[2022-12-16 22:49:20] <@%^StreamElements>* Join the Discord for all stream updates, live notifications, and to interact with the community! discord.gg/Faith
[2022-12-16 22:49:57] <strlsty> BibleThump
[2022-12-16 22:50:19] <@%^StreamElements> Remember to follow the stream if you want to see more of Faith <3
[2022-12-16 22:50:28] <%+Alexpiiki> faithSleep trinke3Sleep
[2022-12-16 22:50:49] <@%^StreamElements> ❗Check out all of Faith's social medias! ❗ http://www.faithttv.com/ http://www.faithttv.com/ http://www.faithttv.com/ http://www.faithttv.com/
[2022-12-16 22:52:19] <@%^StreamElements>* Join the Discord for all stream updates, live notifications, and to interact with the community! discord.gg/Faith
[2022-12-16 22:53:19] <@%^StreamElements> Remember to follow the stream if you want to see more of Faith <3
[2022-12-16 22:53:51] [Points] heezu2115 redeemed Unlurk (69)
[2022-12-16 22:53:55] [Points] Joe1998_ redeemed Lurk Mode (69)
[2022-12-16 22:55:19] <@%^StreamElements>* Join the Discord for all stream updates, live notifications, and to interact with the community! discord.gg/Faith
[2022-12-16 22:58:17] [Notification] Alexander0809 subscribed with Prime.
[2022-12-16 22:58:17] <@%^StreamElements> Alexander0809 just subscribed PogChamp
[2022-12-16 22:58:51] <!%dusdtrails> faithCozy faithCozy
[2022-12-16 23:05:53] [Points] glasses_1 redeemed Lurk Mode (69)
[2022-12-16 23:09:25] <@%ohbadmattylacy> !gamble 666
[2022-12-16 23:09:25] <@%^StreamElements>* ohbadmattylacy won 666 Alpacas in roulette and now has 541868 Alpacas! FeelsGoodMan
[2022-12-16 23:11:04] <aronborg123> SeemsGood
[2022-12-16 23:11:26] <aronborg123> <3
[2022-12-16 23:13:19] <@%^StreamElements>* Join the Discord for all stream updates, live notifications, and to interact with the community! discord.gg/Faith
[2022-12-16 23:14:19] <@%^StreamElements> Remember to follow the stream if you want to see more of Faith <3
[2022-12-16 23:14:49] <@%^StreamElements> ❗Check out all of Faith's social medias! ❗ http://www.faithttv.com/ http://www.faithttv.com/ http://www.faithttv.com/ http://www.faithttv.com/
[2022-12-16 23:16:19] <@%^StreamElements>* Join the Discord for all stream updates, live notifications, and to interact with the community! discord.gg/Faith
[2022-12-16 23:25:50] [Points] hiim_david redeemed Lurk Mode (69)
[2022-12-16 23:30:47] [Points] eli234e redeemed Lurk Mode (69)
[2022-12-16 23:33:07] <TheMehkey> Kreygasm
[2022-12-16 23:34:16] <%heidsheiro> HarleyWink
[2022-12-16 23:35:20] <@%^StreamElements> Remember to follow the stream if you want to see more of Faith <3
[2022-12-16 23:37:19] <@%^StreamElements>* Join the Discord for all stream updates, live notifications, and to interact with the community! discord.gg/Faith
[2022-12-16 23:38:19] <@%^StreamElements> Remember to follow the stream if you want to see more of Faith <3
[2022-12-16 23:40:12] <gigachadjohn> SeemsGood SeemsGood
[2022-12-16 23:46:03] <+Caranor85> <3 <3 <3 <3 <3 <3 <3
[2022-12-16 23:55:47] <%frystajlo_> faithHey faithHey
[2022-12-16 23:57:29] [Points] terminator4351 redeemed Lurk Mode (69)
[2022-12-16 23:57:41] [Points] terminator4351 redeemed Unlurk (69)
[2022-12-16 23:57:44] [Points] terminator4351 redeemed Lurk Mode (69)
[2022-12-16 23:57:46] [Points] terminator4351 redeemed Unlurk (69)
