# Log started: 2022-12-15 17:01:26 +0100
[2022-12-15 17:01:26] ~Stream offline~
[2022-12-15 17:01:26] Joining #burkeblack..
[2022-12-15 17:01:26] You have joined #burkeblack
[2022-12-15 17:01:56] <@%^The_Kraken_Bot>* Turn on (or off) Closed Captions by clicking the CC button on the video player (bottom right). The CC button is only present when captions are available. More info: https://burke.black/CCGuide
[2022-12-15 17:11:58] <@%^The_Kraken_Bot>* Doubloons are earnt NOT spent. You earn ONE every 15 MINS when the channel is LIVE, and ONE p/hour when it's OFFLINE. Check the extension below to find your doubloon count. (Use !exthelp for help)
# Log closed: 2022-12-15 17:12:48 +0100
-
# Log started: 2022-12-15 17:15:30 +0100
[2022-12-15 17:15:30] ~Stream offline~
[2022-12-15 17:15:30] Joining #burkeblack..
[2022-12-15 17:15:30] You have joined #burkeblack
[2022-12-15 17:21:58] <@%^The_Kraken_Bot>* Soundbyte credits are used to send sounds to the stream. You receive 5 to 30 Credits with each sub/resub AND ONE for every DOLLAR you donate. Redeem via the extension below. (Use !sendsb for help)
[2022-12-15 17:31:59] <@%^The_Kraken_Bot>* Check out Burke's Amazon Wishlist! https://burke.black/AMZWishlist
[2022-12-15 17:42:01] <@%^The_Kraken_Bot>* Looking to rent a game server? Check out the world's leading game server hoster, Nitrado! http://burke.black/Nitrado
[2022-12-15 17:57:01] <@%^The_Kraken_Bot>* BurkeBlack is now sponsored by Origin PC! burkePog Check out their high-performance, custom built PCs, powered by AMD Ryzen, here: https://burke.black/OriginPC
[2022-12-15 18:12:02] <@%^The_Kraken_Bot>* Get a new free game weekly from the Epic Games Store. Come back often for the exclusive offers! https://burke.black/EpicGames Use the code 'BURKEBLACK' to fill the Captains burkeBooty
[2022-12-15 18:27:04] <@%^The_Kraken_Bot>* Get an EXCLUSIVE NordVPN deal here: https://burke.black/NordVPN It's risk free with Nord's 30 day money-back guarantee! Coupon Code: 'burkeblack' burkeYah
[2022-12-15 18:42:04] <@%^The_Kraken_Bot>* GeForce NOW cloud gaming service lets you play the games you own from digital stores on nearly any device: PC, Mac, Mobile, or even in Chrome! Check it out TODAY! https://burke.black/GeForceNOW
[2022-12-15 18:57:06] <@%^The_Kraken_Bot>* We care. If you're struggling, we want you to know there are many organizations and people who want to help. US National Hotline dial 988. More info: https://burke.black/MentalHealthSupport
[2022-12-15 19:07:06] <@%^The_Kraken_Bot>* Sign up and get 1,000,000 skill points, saving 20 DAYS of training! Sign up as MINMATAR FACTION, join the "The Dirty Skull" company, and fly to the RENS SYSTEM. https://burke.black/EVEOnlineInvite
[2022-12-15 19:17:07] <@%^The_Kraken_Bot>* For everything BurkeBlack including faq, feedback form, chat rules, chat commands, moderator applications, and more, visit: http://burkeblack.tv !
[2022-12-15 19:27:08] <@%^The_Kraken_Bot>* Become a PIRATE TODAY! Access 40+ piratey emotes, 100+ Doubloons, 5+ Soundbyte Credits and more! burkePog Become a PIRATE aboard the Dirty Skull TODAY! http://burke.black/JoinThePirates burkeFlag
[2022-12-15 19:42:09] <@%^The_Kraken_Bot>* Follow Burke! { YouTube: http://www.youtube.com/BurkeBlack }{ Twitter: http://twitter.com/0BurkeBlack0 }{ Instagram: http://instagram.com/BurkeBlack }{ TikTok: http://www.tiktok.com/@burkeblack }
[2022-12-15 19:57:10] <@%^The_Kraken_Bot>* Have a question? burkeHuh Check out our FAQ for your answer! https://burkeblack.tv/faq/
[2022-12-15 20:07:11] <@%^The_Kraken_Bot>* Think there is something we need to change about the stream? burkeHuh Give us your feedback! https://burkeblack.tv/feedback/
[2022-12-15 20:17:12] <@%^The_Kraken_Bot>* Burke streams Mon - Sat @ 10PM EST to 8AM EST. Sunday is Burkes shore leave. (All times and dates are subject to change)
[2022-12-15 20:27:13] <@%^The_Kraken_Bot>* You can share your booty with Captain Burke here: https://streamelements.com/burkeblack/tip burkeBooty
[2022-12-15 20:42:15] <@%^The_Kraken_Bot>* Recent Upload: Annihilated by a DEATH STAR - http://youtu.be/BVtxk8BT66U
[2022-12-15 20:57:15] <@%^The_Kraken_Bot>* Recent Highlight: !startrek New DS9 Content  [#Sponsored] 💀 !300k 💀 [Views: 33681] [Duration: 16:22] - https://www.twitch.tv/videos/1678542709
[2022-12-15 21:12:16] <@%^The_Kraken_Bot>* Link your Amazon Prime and Twitch accounts today to receive a free channel subscription burkePog Find out more here: http://burke.black/PrimeGuide OR sub now, here: http://burke.black/PrimeSub
[2022-12-15 21:22:17] <@%^The_Kraken_Bot>* Want to join in on our game server/s? Head to https://lateshift.tv and login to your Twitch  account! burkeHype Join The Late Shift fun TODAY!
[2022-12-15 21:32:18] <@%^The_Kraken_Bot>* Want to be a moderator for BurkeBlack? burkeHuh Apply at https://burkeblack.tv/moderator-application ! burkeHype We are currently looking for people available between 4am and 8am EST
[2022-12-15 21:42:19] <@%^The_Kraken_Bot>* We may be pirates but even pirates have a code burkeFlag Here is a copy of OUR code: https://burkeblack.tv/pirate-code/ DON'T FORGET IT burkeCop (Psst..the code is our channel rules)
[2022-12-15 21:52:21] <@%^The_Kraken_Bot>* Want to keep the conversation going? Join the rest of the crew in Discord! Be sure to download the app here: https://discordapp.com/download and join here: https://discord.gg/DirtySkull burkeFlag
[2022-12-15 22:02:21] <@%^The_Kraken_Bot>* Want to team up with fellow community members? Join THE LATE SHIFT COMMUNITY Discord! Be sure to download the app here: https://discordapp.com/download and join here: https://discord.gg/4mgX6Bdy9R
[2022-12-15 22:12:22] <@%^The_Kraken_Bot>* Check out the Characters Welcome Stream Team, to see the most unique and theatrical personalities on Twitch. Check them out here: https://burke.black/cw_team
[2022-12-15 22:22:23] <@%^The_Kraken_Bot>* Check out the Late Shift Stream Team, to see four of the goofiest, most entertaining streamers on Twitch. Check them out here: http://burke.black/ls_team
[2022-12-15 22:32:24] <@%^The_Kraken_Bot>* View our channel commands here: http://burkeblack.tv/commands burkeKraken
[2022-12-15 22:37:25] <@%^The_Kraken_Bot>* Turn on (or off) Closed Captions by clicking the CC button on the video player (bottom right). The CC button is only present when captions are available. More info: https://burke.black/CCGuide
[2022-12-15 22:47:26] <@%^The_Kraken_Bot>* Doubloons are earnt NOT spent. You earn ONE every 15 MINS when the channel is LIVE, and ONE p/hour when it's OFFLINE. Check the extension below to find your doubloon count. (Use !exthelp for help)
[2022-12-15 22:57:29] <@%^The_Kraken_Bot>* Soundbyte credits are used to send sounds to the stream. You receive 5 to 30 Credits with each sub/resub AND ONE for every DOLLAR you donate. Redeem via the extension below. (Use !sendsb for help)
[2022-12-15 23:07:28] <@%^The_Kraken_Bot>* Check out Burke's Amazon Wishlist! https://burke.black/AMZWishlist
[2022-12-15 23:17:29] <@%^The_Kraken_Bot>* Looking to rent a game server? Check out the world's leading game server hoster, Nitrado! http://burke.black/Nitrado
[2022-12-15 23:32:30] <@%^The_Kraken_Bot>* BurkeBlack is now sponsored by Origin PC! burkePog Check out their high-performance, custom built PCs, powered by AMD Ryzen, here: https://burke.black/OriginPC
[2022-12-15 23:47:31] <@%^The_Kraken_Bot>* Get a new free game weekly from the Epic Games Store. Come back often for the exclusive offers! https://burke.black/EpicGames Use the code 'BURKEBLACK' to fill the Captains burkeBooty
