# Log started: 2022-12-11 08:51:15 +0100
[2022-12-11 08:51:15] <togiaEUW> !opgg
[2022-12-11 14:49:23] VIEWERS: 0
[2022-12-11 14:49:23] ~BIG DAY! Ranked DESTRUCTION (League of Legends)~
[2022-12-11 14:49:44] <illewal> whats good papi
[2022-12-11 14:50:08] <%Aerked> good morning sroLove
[2022-12-11 14:50:25] <+oarroyo25> Good morning Mike
[2022-12-11 14:50:46] <%goodgames_brisbane> Ready!
[2022-12-11 14:51:08] <%goodgames_brisbane> It’s been a hot as day in Australia, so ready to chill
[2022-12-11 14:51:13] <+Yiturp> hype
[2022-12-11 14:51:19] <%Aerked> How many dubs yesterday boss?
[2022-12-11 14:51:23] VIEWERS: 52
[2022-12-11 14:51:23] <%goodgames_brisbane> Yep
[2022-12-11 14:51:27] <rabbitareugly> is twitter down chat?
[2022-12-11 14:51:42] <%Aerked> its up yea
[2022-12-11 14:51:53] <%goodgames_brisbane> Decided to wash to cars, almost cooked like the steak you will bring up soon
[2022-12-11 14:51:53] <Non_Social> yoo morning Mr renekton
[2022-12-11 14:51:59] <%goodgames_brisbane> 40c
[2022-12-11 14:52:12] <%+Chizech> 40 degree Celcius is normal in Aus
[2022-12-11 14:52:17] <%Aerked> I hate humid
[2022-12-11 14:52:22] <%goodgames_brisbane> Very humid
[2022-12-11 14:52:25] <%goodgames_brisbane> Very
[2022-12-11 14:52:26] <%Aerked> you can get sticky
[2022-12-11 14:52:37] <+Yiturp> humidity is awful
[2022-12-11 14:52:39] <%+Jhazlos> Poggies
[2022-12-11 14:52:39] <%goodgames_brisbane> I grew up in cairns it was like swimming in mid air
[2022-12-11 14:52:56] <%katlich> EZ Win
[2022-12-11 14:52:58] <%goodgames_brisbane> You sweat thinking about doing something
[2022-12-11 14:53:17] <%+Jhazlos> yo SRO I was talking to one of my friends yesterday whos a crypto bro about different currencies. he says Bitcoin is only a layer 1 but it cant do smart contracts? thoughts?
[2022-12-11 14:53:19] <%+Chizech> @goodgames_brisbane I had to go outside for 10 minutes today and was sweating buckets lol
[2022-12-11 14:53:23] VIEWERS: 66
[2022-12-11 14:53:24] <%goodgames_brisbane> I washed 3 cars drinking beers…..
[2022-12-11 14:53:29] <%goodgames_brisbane> Fun fact
[2022-12-11 14:53:35] <%goodgames_brisbane> You will get drunk
[2022-12-11 14:54:08] <%+Jhazlos> gotcha
[2022-12-11 14:54:11] <hibou47> !boom
[2022-12-11 14:54:11] <@%SoloBotOnly> BOOM WHAT UP SOLORENEKTONONLY HERE
[2022-12-11 14:55:01] <!%Ixdex1> 5 minutes in and we're already on the shitcoin debate yay
[2022-12-11 14:55:09] <%+lordokaos> yo
[2022-12-11 14:55:14] <%+Jhazlos> @Ixdex1 my bad lmao I was curious
[2022-12-11 14:55:18] <%goodgames_brisbane> Had a dope steak last night
[2022-12-11 14:55:22] <HenryBanter> no renekton today brother?
[2022-12-11 14:55:23] VIEWERS: 66
[2022-12-11 14:55:28] <%goodgames_brisbane> You don’t do scotch fillets?
[2022-12-11 14:55:28] <%thesmurfyone> !boom
[2022-12-11 14:55:29] <@%SoloBotOnly> BOOM WHAT UP SOLORENEKTONONLY HERE
[2022-12-11 14:55:29] <!%Ixdex1> @Jhazlos Stare
[2022-12-11 14:55:38] <deadeye_ymz> !opgg
[2022-12-11 14:55:40] <deadeye_ymz> !rank
[2022-12-11 14:56:09] <HenryBanter> whats bad about renekton? Out scaled?
[2022-12-11 14:56:16] <+Boh14> I buy all my crypto through FTX. I only use trustworthy people with my money
[2022-12-11 14:56:17] <age_nt95> casino
[2022-12-11 14:56:30] <+justthenutshangingout> cds?
[2022-12-11 14:56:31] <%goodgames_brisbane> Casino
[2022-12-11 14:56:37] <+justthenutshangingout> early cds?
[2022-12-11 14:56:40] <Blank1658> @Boh14 KEKW
[2022-12-11 14:56:40] <retroogk> when does ap jax come in?
[2022-12-11 14:56:47] <deadeye_ymz> different playstyle, i liked renekton when he was a bruiser
[2022-12-11 14:56:51] <deadeye_ymz> now hes a cheesy assassin
[2022-12-11 14:56:52] <godfathertherealone> ist renekton playable?
[2022-12-11 14:57:10] <FearsCatalyst> Mike love your uploads man. Good luck with all the games today
[2022-12-11 14:57:15] <%Aerked> Either have fun or have fun with meta champs EZ
[2022-12-11 14:57:18] <jakey_boi97> Renekton snowball champ
[2022-12-11 14:57:23] VIEWERS: 126
[2022-12-11 14:57:28] <godfathertherealone> i see
[2022-12-11 14:57:36] <retroogk> 100%
[2022-12-11 14:57:43] <%goodgames_brisbane> I also play illaoi just to make awkward tentical hentai jokes in chat
[2022-12-11 14:57:43] <+another_rogue_scholar> spam the shiz
[2022-12-11 14:57:56] <godfathertherealone> gonna Spam khazix bot Kappa
[2022-12-11 14:58:05] <retroogk> in the same way i love playing rengar top and kaisa mid
[2022-12-11 14:58:15] <%+bronzna> @SoloRenektonOnly been playing Illaoi in top lane, lost to a fiora but next game i crush a tank irellia KEKW
[2022-12-11 14:58:17] <FearsCatalyst> True
[2022-12-11 14:58:21] <%+Aerolit> your jungle map is up
[2022-12-11 14:58:21] <retroogk> if u practise and learn your matchups
[2022-12-11 14:58:24] <deadeye_ymz> riot buffed fiora like 10 times in a row
[2022-12-11 14:58:34] <+TheGoblinHutt> Kreygasm
[2022-12-11 14:58:38] <FearsCatalyst> jungle map showing
[2022-12-11 14:58:51] <%+bronzna> @FearsCatalyst he knows
[2022-12-11 14:58:59] <%Aerked> F
[2022-12-11 14:59:01] <%Aerked> AMP DIFF
[2022-12-11 14:59:12] <+TheGoblinHutt> No map cover
[2022-12-11 14:59:13] <+BeardedBikerGuy> mornin homie how go the games
[2022-12-11 14:59:14] <godfathertherealone> Ping diff
[2022-12-11 14:59:18] <+another_rogue_scholar> does that mean we ffin?
[2022-12-11 14:59:23] VIEWERS: 126
[2022-12-11 14:59:25] <%+bronzna> @TheGoblinHutt he knows
[2022-12-11 14:59:44] <+BeardedBikerGuy> wtf ar
[2022-12-11 14:59:52] <+BeardedBikerGuy> oops =D
[2022-12-11 14:59:58] <%+Diegoreaper_75> singed feels way worst to farm under tower, trust me bro lol
[2022-12-11 15:00:04] <mysticx76> KEKO
[2022-12-11 15:00:11] <rabbitareugly> KEKO
[2022-12-11 15:00:11] <adasdaasdada> lol
[2022-12-11 15:00:26] <FearsCatalyst> league of legends baby
[2022-12-11 15:00:27] <hibou47> just be the one to last hit the minions to get the gold from them 5Head Kappa
[2022-12-11 15:00:33] <sudu1313> To Mike, I have seen you stream for years. seen you rage and pop off. Love your stream, keep it up
[2022-12-11 15:00:46] <%+Jhazlos> ?????
[2022-12-11 15:00:47] <retroogk> HAHAHA
[2022-12-11 15:00:48] <%Aerked> huh
[2022-12-11 15:00:51] <sudu1313> Yo*
[2022-12-11 15:00:52] <%Aerked> wtf KEKO
[2022-12-11 15:00:53] <rabbitareugly> HUH
[2022-12-11 15:00:54] <raemmus1> all that for zac passive
[2022-12-11 15:01:02] <adasdaasdada> lmao
[2022-12-11 15:01:03] <HenryBanter> he got viktor tho
[2022-12-11 15:01:04] <%+Chizech> Wait Kled got a kill there?
[2022-12-11 15:01:11] <adasdaasdada> he'
[2022-12-11 15:01:11] <%+Jhazlos> they killed viktor but 1:1 into viktor not worth
[2022-12-11 15:01:11] <Darth_Mack92> looks like SRO went to the zoo today
[2022-12-11 15:01:12] <peasant_meh> That's almost like me in League, hence why i dont play it LUL
[2022-12-11 15:01:12] <adasdaasdada> he's a comedian bro
[2022-12-11 15:01:21] <HenryBanter> kled carried it bro, her kileld viktor and got zac passive
[2022-12-11 15:01:24] Viewerstats (14:49-15:01): avg:97 min:0 max:248 [7/_0+52+14+0+60+0+122]
[2022-12-11 15:01:24] VIEWERS: 248
[2022-12-11 15:01:32] <%goodgames_brisbane> I did also assault my table just like that today
[2022-12-11 15:01:32] <+Yiturp> uh oh based on that performance just there my points may be in jeapordy
[2022-12-11 15:01:47] [Notification] dr_mantis_toboggan_sd subscribed with Prime. They've subscribed for 57 months!
[2022-12-11 15:01:47] <@%SoloBotOnly> dr_mantis_toboggan_sd just renewed their subscription for 57 months in a row sroHype1
[2022-12-11 15:02:03] <hibou47> you're still in the bad cs queue it seems KEKL
[2022-12-11 15:02:27] <%Aerked> at least its the warming up game KEKO
[2022-12-11 15:02:29] <hitman_pai_pai> first game of the day??
[2022-12-11 15:02:35] <HenryBanter> the minions are smarter in diamond
[2022-12-11 15:02:38] <%Aerked> Deadge
[2022-12-11 15:02:46] <peanutpay12> HAHAHAHAAHHAA
[2022-12-11 15:02:51] <+tostonzito> lol
[2022-12-11 15:03:24] VIEWERS: 248
[2022-12-11 15:03:41] <Gzzzalini> And we’re back!!!
[2022-12-11 15:03:43] <jaderavenstag> bless you
[2022-12-11 15:03:45] <%$ChronicallyBlazed> bless you Prayge
[2022-12-11 15:03:45] <alexandros_kokkoris> bless you
[2022-12-11 15:03:46] <Gzzzalini> Bless you sir!
[2022-12-11 15:03:48] <%Aerked> bless you
[2022-12-11 15:03:52] <+tostonzito> bless you
[2022-12-11 15:03:52] <urbanedensity> Gesundheit
[2022-12-11 15:03:58] <Brandor789> monkaS I turn on stream and get sneezed at DansGame
[2022-12-11 15:04:13] <+Yiturp> hes allergic to you
[2022-12-11 15:04:16] <%+Jhazlos> raid boss scuttle
[2022-12-11 15:04:36] <Brandor789> @Yiturp awh
[2022-12-11 15:04:37] <%+Jhazlos> 5Head strat
[2022-12-11 15:04:48] <alexandros_kokkoris> or he can come kill you and push
[2022-12-11 15:05:06] <Brandor789> Good morning everyone though! I hope you're all well :D
[2022-12-11 15:05:29] VIEWERS: 248
[2022-12-11 15:05:43] <+Yiturp> sorry to be the bearer of bad news :(
[2022-12-11 15:06:03] <%+Diegoreaper_75> is fimbulwinter decent on ksante?
[2022-12-11 15:06:11] <Brandor789> There's like half an inch of snow this morning PogChamp
[2022-12-11 15:06:38] <%+Jhazlos> oof
[2022-12-11 15:06:42] <+iJaymo_> MR SOLO RENEKTON
[2022-12-11 15:07:00] <+UrbanThanos> I like Kiss Aunties
[2022-12-11 15:07:01] <owcu92> i hate crossaint
[2022-12-11 15:07:11] <%Aerked> so close
[2022-12-11 15:07:24] <+tostonzito> solo int only
[2022-12-11 15:07:27] <owcu92> no matter how far
[2022-12-11 15:07:29] VIEWERS: 349
[2022-12-11 15:08:02] <Lawferry> @tostonzito wow no one said that before. you some kind of genius huh? LUL
[2022-12-11 15:08:09] <%goodgames_brisbane> Back from changing a nappy, what did I miss
[2022-12-11 15:08:10] <%+Saiyoid> I hate that Shelly doesn't take two full plates anymore.
[2022-12-11 15:08:48] <+tostonzito> don't know about other people, that's the first time I've said it beta nerd
[2022-12-11 15:09:02] <+iJaymo_> @Saiyoid theyre just not feeding her like they used to NotLikeThis
[2022-12-11 15:09:06] <Lawferry> my god another original one LUL
[2022-12-11 15:09:23] <+Yiturp> a trend setter we have  here
[2022-12-11 15:09:29] VIEWERS: 503
[2022-12-11 15:09:32] <+Yiturp> a social pioneer
[2022-12-11 15:09:43] <Lawferry> @yiturp LUL
[2022-12-11 15:10:15] <%$itsdaveygravy> What a day to have a day!! hope you havve a good Sundya!
[2022-12-11 15:10:27] <+axel_spm> unlucky
[2022-12-11 15:10:33] <+Yiturp> man that guy has lived with 0 hp twice now
[2022-12-11 15:10:33] <+Yiturp> sadge
[2022-12-11 15:10:35] <hibou47> If only you had ignite Kappa
[2022-12-11 15:10:36] <+iJaymo_> thats good
[2022-12-11 15:10:40] <+pukesmells> would
[2022-12-11 15:10:43] <shield147> Well played tho!
[2022-12-11 15:10:43] <mysticx76> he always lives with 1 health unlucky
[2022-12-11 15:10:48] <+iJaymo_> got his flash and ult and forced him out of lane
[2022-12-11 15:10:51] <EcchiSketchyJared> this jax too good at living KEKL
[2022-12-11 15:11:29] VIEWERS: 503
[2022-12-11 15:11:33] <Darth_Mack92> riot trying to hold SRO back
[2022-12-11 15:11:43] <peanutpay12> you are surprisingly doing well
[2022-12-11 15:12:04] <%+Jhazlos> top lane ARAM
[2022-12-11 15:12:19] <peanutpay12> why not conq ksante
[2022-12-11 15:12:21] <peanutpay12> isnt it stroner
[2022-12-11 15:12:38] <%$itsdaveygravy> You might not win this game, but judging by the other players. you certainly arent losing ;)
[2022-12-11 15:12:56] <%$itsdaveygravy> @peanutpay12 Im a stoner
[2022-12-11 15:13:02] <%$itsdaveygravy> OH stronger nvm
[2022-12-11 15:13:07] <%+Jhazlos> @itsdaveygravy PogO
[2022-12-11 15:13:22] <mysticx76> KAKAKKO
[2022-12-11 15:13:24] <$toxicmileenamain> KEKW
[2022-12-11 15:13:25] <%azureskythomas> XD
[2022-12-11 15:13:25] <mysticx76> LOL
[2022-12-11 15:13:26] <%azureskythomas> LMAOOO
[2022-12-11 15:13:30] VIEWERS: 503
[2022-12-11 15:13:34] <%azureskythomas> that scream
[2022-12-11 15:13:38] <Brandor789> That kill saved your life
[2022-12-11 15:13:38] <+0jsimpsonn> AHHH
[2022-12-11 15:13:41] <blazzin1> babyrage
[2022-12-11 15:13:41] <peanutpay12> your team is griefing you
[2022-12-11 15:13:42] <jakey_boi97> KEKCAM
[2022-12-11 15:13:45] <%+Jhazlos> omg kaisa has 7 kills
[2022-12-11 15:13:46] <%+Jhazlos> jesus
[2022-12-11 15:13:47] <mysticx76> replay someone pls ICANT
[2022-12-11 15:13:50] <%+Jhazlos> Harry Potter and the Inting Bot Lane
[2022-12-11 15:14:11] <+lukes93> @solorenektononly do u think Doran’s shield stopped some of the kills?? Blade could help??
[2022-12-11 15:14:15] <clic3y> Haha cry some more
[2022-12-11 15:14:22] <+iJaymo_> @SoloRenektonOnly how was golf yday
[2022-12-11 15:14:26] <+OyvindJK> @lukes93 Yes LUL
[2022-12-11 15:14:36] <%thesmurfyone> backseat gaming from chat KEKW
[2022-12-11 15:14:40] <%+Jhazlos> KEKW
[2022-12-11 15:14:42] <!%Ixdex1> woo boy
[2022-12-11 15:14:56] <wyyngod> it might have helped but then he wouldnt have had sustain
[2022-12-11 15:14:56] <peanutpay12> go next
[2022-12-11 15:14:57] <peanutpay12> waste of time
[2022-12-11 15:15:01] <peanutpay12> ur team is so bad
[2022-12-11 15:15:09] <+OyvindJK> @peanutpay12 Team LUL
[2022-12-11 15:15:16] <+UrbanThanos> 1 Vs. 9 basically…. It’s tilting
[2022-12-11 15:15:23] <Lawferry> @thesmurfyone that implies they can play the game, which isnt true LUL
[2022-12-11 15:15:30] VIEWERS: 527
[2022-12-11 15:15:54] <alexandros_kokkoris> hostage for another 20 min .. great
[2022-12-11 15:16:11] <jaderavenstag> even the fruit is against you
[2022-12-11 15:16:20] <+tostonzito> sol0/4 only
[2022-12-11 15:16:31] <Rammsnake> ?
[2022-12-11 15:16:36] <Lawferry> how many fking exhausts do they have
[2022-12-11 15:16:38] <+UrbanThanos> Team ? …..Where ?
[2022-12-11 15:16:45] <+UrbanThanos> What team ?
[2022-12-11 15:16:59] <%+Jhazlos> trist cosplaying as the jungler now
[2022-12-11 15:17:00] <%+Jhazlos> fun
[2022-12-11 15:17:14] <deadeye_ymz> hey any chance you can play pantheon top? hes my favorite champ
[2022-12-11 15:17:31] VIEWERS: 527
[2022-12-11 15:17:48] <%thesmurfyone> sroCannon sroCannon sroCannon sroCannon sroCannon sroCannon
[2022-12-11 15:17:54] <%azureskythomas> sroCannon
[2022-12-11 15:17:55] <jack_the_sniper9> Oo
[2022-12-11 15:18:02] <%azureskythomas> sroTilt
[2022-12-11 15:18:13] <!%Ixdex1> he might play him for a vid @deadeye_ymz but he's doing ranked today
[2022-12-11 15:18:26] <%+Jhazlos> who is voting noomg
[2022-12-11 15:18:35] <%$itsdaveygravy> omg we got some BELIEVERS on a sunday
[2022-12-11 15:18:35] <mysticx76> @azureskythomas u are the real azuresky? poggies
[2022-12-11 15:18:38] <%+DoomPwncake> RIP points
[2022-12-11 15:18:46] <%azureskythomas> @mysticx76 yes it's me
[2022-12-11 15:18:53] <%azureskythomas> sroWink
[2022-12-11 15:18:59] <mysticx76> BatChest
[2022-12-11 15:19:25] <%$ebagz17> SRO BatChesting
[2022-12-11 15:19:31] VIEWERS: 510
[2022-12-11 15:19:38] <!%Ixdex1> runs it, does nothing, gets out, doesn't vote
[2022-12-11 15:19:39] <mysticx76> hostage for no reason KEKW
[2022-12-11 15:19:45] <%$j1mb00> yo chat i got a question, i got goalkeeper blitzcrank in a chest. Does anyone know if that is a rare skin?
[2022-12-11 15:19:48] <cloudtouched> did ksante get buffs recently?
[2022-12-11 15:20:10] <+Yiturp> ye he jsut got little buffs
[2022-12-11 15:20:11] <!%Ixdex1> yeah, he did get buffed
[2022-12-11 15:20:17] <+Yiturp> like his e is actually an auto reset now
[2022-12-11 15:20:21] <cloudtouched> oh lit
[2022-12-11 15:20:27] <+Yiturp> and i cant remmeber what else
[2022-12-11 15:20:27] <%$itsdaveygravy> This the warm up game, get all the Mutant players out early
[2022-12-11 15:20:31] <cloudtouched> his ult ratios still the same?
[2022-12-11 15:20:35] <+Yiturp> i dont think they were huge buffs
[2022-12-11 15:20:35] <+Craf10> i mean it would make sense if you have something like a kayle close to 16
[2022-12-11 15:20:39] <+Craf10> but this is absurd
[2022-12-11 15:20:48] <+smoochigang> i get to watch first L of day lets gooo
[2022-12-11 15:21:04] <%goodgames_brisbane> I found most of the bears plays offensive
[2022-12-11 15:21:05] <vicsphinx> yo next game will be a W
[2022-12-11 15:21:24] <hibou47> half the kills are on support too KEKW
[2022-12-11 15:21:26] <jack_the_sniper9> Score does not mean anything. Someone with 0/10 can engage better than someone with 25/2
[2022-12-11 15:21:30] <%$itsdaveygravy> Just Carry?
[2022-12-11 15:21:31] <!%Ixdex1> by the power of friendship
[2022-12-11 15:21:33] VIEWERS: 510
[2022-12-11 15:21:34] <hibou47> @jack_the_sniper9 no shit
[2022-12-11 15:21:38] <+tostonzito> 0/7
[2022-12-11 15:21:42] <%$itsdaveygravy> We believe!!!
[2022-12-11 15:21:46] <hibou47> @jack_the_sniper9 it's almost like kills give gold
[2022-12-11 15:21:51] <mysticx76> let the minions end Mike 4Head
[2022-12-11 15:21:57] <vicsphinx> I. BELIEVE.
[2022-12-11 15:22:01] <jack_the_sniper9> I mean in term of brain
[2022-12-11 15:22:13] <%+Jhazlos> KEKCAM
[2022-12-11 15:22:14] <hibou47> KEKL
[2022-12-11 15:22:16] <%Aerked> KEKO
[2022-12-11 15:22:18] <!%Ixdex1> my brain cells just died a little
[2022-12-11 15:22:21] <+tostonzito> LUL LUL
[2022-12-11 15:22:23] <Lawferry> if you turn on chat im sure they are flaming eachother and one guy isnt voting yes just to be petty
[2022-12-11 15:22:24] <+Yiturp> @jack_the_sniper9 thats kinda his point when he says that his team is not going for plays
[2022-12-11 15:22:26] <TimeLock_> LUL yea and instantly did
[2022-12-11 15:22:38] [Notification] astarodan subscribed at Tier 1. They've subscribed for 18 months!
[2022-12-11 15:22:39] <+Craf10> pog logic chat
[2022-12-11 15:22:39] <@%SoloBotOnly> astarodan just renewed their subscription for 18 months in a row sroHype1
[2022-12-11 15:22:39] <!%$Onubin> THE POWER OF FRIENDSHIP CAN BRING THIS GAME BACK
[2022-12-11 15:22:40] <vicsphinx> yo he meant well
[2022-12-11 15:22:42] <%+tozzofour> is ksante engage? kinda a side brusier that builkds tanks item
[2022-12-11 15:22:45] <vicsphinx> Sadge
[2022-12-11 15:22:49] <%StrongTomato_> @tostonzito this guy 3 comments so far hahaha
[2022-12-11 15:22:49] <%$itsdaveygravy> Mike if you BELIEVE and try your hardest! you will win!
[2022-12-11 15:23:09] <%$itsdaveygravy> Its a Pre-season Sunday boys lets move on to next game
[2022-12-11 15:23:11] <%$itsdaveygravy> lmao
[2022-12-11 15:23:15] <+Yiturp> like i can be 0/5 Pantheon and land a sick ult and bring myself or teammates back into the game
[2022-12-11 15:23:20] <Brandor789> I come for the league content, end up staying for the comedy
[2022-12-11 15:23:32] VIEWERS: 510
[2022-12-11 15:24:14] <hibou47> if only you had an interface in league to tell you team that you wanted to take drakes KEKL Kappa
[2022-12-11 15:24:14] <!%$Onubin> HEART AND BRAINS. WE GOT THIS. WINNABLE.
[2022-12-11 15:24:14] <Spinsforwin> @Yiturp enjoy being bronze
[2022-12-11 15:24:14] <vicsphinx> Facts
[2022-12-11 15:24:15] <Ghaval> 8-28... you have them on the ropes now
[2022-12-11 15:24:15] <%Aerked> Deadge
[2022-12-11 15:24:16] <hibou47> winnable KEKL
[2022-12-11 15:24:16] <!%Ixdex1> last stand as 5v5 with baron
[2022-12-11 15:24:17] <Ghaval> @Yiturp Yit share your op.gg lol
[2022-12-11 15:24:18] <!%Ixdex1> seemes reasonable
[2022-12-11 15:24:18] <vicsphinx> winnable!!!
[2022-12-11 15:24:22] <hibou47> never dont give up Kappa
[2022-12-11 15:24:22] <+Yiturp> @Yiturp never said i was any good, agreeing with attempting to make plays
[2022-12-11 15:24:22] <+TheGoblinHutt> Have you ever tried olaf top with jak sho?
[2022-12-11 15:24:24] <vicsphinx> nvm Sadge
[2022-12-11 15:24:33] <%$itsdaveygravy> Get the mutants out of early
[2022-12-11 15:24:37] <%$ebagz17> monkaEyes
[2022-12-11 15:24:41] <+Yiturp> brother i am legit bronze im not ashamed
[2022-12-11 15:24:41] <%+DoomPwncake> PAIN
[2022-12-11 15:24:52] <%$itsdaveygravy> GO out swinging! no like a slow painful loss
[2022-12-11 15:24:55] <+tostonzito> ff votes should go through at 3/5
[2022-12-11 15:25:00] <!%Ixdex1> but but maybe zac will try to end the game alone and we'll get a pick
[2022-12-11 15:25:00] <Lawferry> people should be allowed to just leave after 20 mins LUL
[2022-12-11 15:25:05] <%$itsdaveygravy> LMAOOOO a massive POWER OUTTAGE!
[2022-12-11 15:25:06] <%$ebagz17> AlienDance
[2022-12-11 15:25:06] <%$ChronicallyBlazed> team wanted stream time
[2022-12-11 15:25:07] <TimeLock_> Lol
[2022-12-11 15:25:09] <+smoochigang> just be better
[2022-12-11 15:25:09] <%$itsdaveygravy> HAHAHAHA thats great
[2022-12-11 15:25:09] <!%$Onubin> Remember the alamo and 300? Oh wait....
[2022-12-11 15:25:17] <%+Saiyoid> The foil hats saved us!
[2022-12-11 15:25:19] <%Aerked> take down the pc EZ
[2022-12-11 15:25:21] <%$ebagz17> @Onubin sroPenguin
[2022-12-11 15:25:23] <jack_the_sniper9> So there is hope
[2022-12-11 15:25:26] [Notification] Man_Of_Pontos subscribed at Tier 1. They've subscribed for 10 months!
[2022-12-11 15:25:26] <@%SoloBotOnly> man_of_pontos just renewed their subscription for 10 months in a row sroHype1
[2022-12-11 15:25:28] <!%$Onubin> sroPenguin @ebagz17
[2022-12-11 15:25:30] <spamcommander> soloBACKSEATonly
[2022-12-11 15:25:33] VIEWERS: 573
[2022-12-11 15:25:36] <Spinsforwin> this is why i hate smurfing without a duo. People just dont know how to play or take risks
[2022-12-11 15:25:37] <jack_the_sniper9> 1% chance 99% faith lol 😂
[2022-12-11 15:25:38] <Rems61> heyyy
[2022-12-11 15:25:42] <!%Ixdex1> MAH KDA
[2022-12-11 15:25:42] <Rems61> hows foinf
[2022-12-11 15:25:42] <ginjackson> OW/ 1L?
[2022-12-11 15:25:48] <%$itsdaveygravy> LMAO im going to start saying tha "dont worry boys! all their computers might explode, just keep beliving!!!"
[2022-12-11 15:25:48] <Rems61> hows going *
[2022-12-11 15:26:00] <+ItsTheDuke20> does this guy have alopecia or does he really like pool?
[2022-12-11 15:26:07] <%$itsdaveygravy> This is a Pre - season Sunday
[2022-12-11 15:26:10] <+Yiturp> @itsdaveygravy always a chance lmao
[2022-12-11 15:26:14] <dreadmoon_> its all the same shit man lol
[2022-12-11 15:26:14] <StrikeGaz> reminds me of going blind dead in poker. Taking no risks, paying blinds till you have nothing left
[2022-12-11 15:26:24] <%$itsdaveygravy> @Yiturp If Mike is on the team? Never out hahaha
[2022-12-11 15:26:24] <%$Man_Of_Pontos> Preseason on weekends are a different kind of pain
[2022-12-11 15:26:28] <jack_the_sniper9> This is how the matrix works
[2022-12-11 15:26:28] <Brandor789> It's not an anime LUL
[2022-12-11 15:26:33] <spamcommander> solo BACKSEAT only
[2022-12-11 15:26:35] <+Dubtach> but my dogecoin will go up one day!
[2022-12-11 15:26:40] <%$itsdaveygravy> Lmaooo
[2022-12-11 15:26:42] <%Aerked> with the power of friendship Copeless
[2022-12-11 15:26:48] <%$itsdaveygravy> Play for the power outtage!
[2022-12-11 15:26:58] <Brandor789> Holy fuck the WISDOM
[2022-12-11 15:26:59] <Rems61> Sptting facts xDDD
[2022-12-11 15:27:00] <StrikeGaz> sneak a baron
[2022-12-11 15:27:01] <%Aerked> Blitz game? modCheck
[2022-12-11 15:27:03] <ginjackson> I think this next game will go bette
[2022-12-11 15:27:06] <ginjackson> Better
[2022-12-11 15:27:11] <%thesmurfyone> BLITZ GAME
[2022-12-11 15:27:19] <+Yiturp> give em the CRANK
[2022-12-11 15:27:20] <+CaffeineAddict3> BLITZ GAME Pog
[2022-12-11 15:27:20] <!%$edmundai> PogO i am here
[2022-12-11 15:27:21] <spamcommander> dis char is full of BACK SEATERS
[2022-12-11 15:27:23] <Brandor789> "You're all alone, but you're with 4 other people you might as well try to work together"
[2022-12-11 15:27:25] <%$itsdaveygravy> LMAO that shit game right into the autofill classic Riot
[2022-12-11 15:27:26] <%thesmurfyone> How was golf yesterday?
[2022-12-11 15:27:26] <%Aerked> @itsdaveygravy wifi mac donalds outtage KEKO
[2022-12-11 15:27:26] <+CaffeineAddict3> CRANK EM
[2022-12-11 15:27:33] VIEWERS: 573
[2022-12-11 15:27:40] <%thesmurfyone> Oh I thought you played aftyer day stream
[2022-12-11 15:27:41] <skeletor_66> boldmage holy
[2022-12-11 15:27:46] <%goodgames_brisbane> Thresh bby!
[2022-12-11 15:27:52] <+yoddy0> Whats your handicap?
[2022-12-11 15:27:55] <%goodgames_brisbane> Slide it in one time
[2022-12-11 15:27:58] <!%$edmundai> @itsdaveygravy u donating some more LP today? MIKE NEEDS TO CLIMB BROTHA
[2022-12-11 15:27:59] <%$itsdaveygravy> @yoddy0 Mental
[2022-12-11 15:28:04] <%+DoomPwncake> @yoddy0 mental
[2022-12-11 15:28:05] <!%$edmundai> pokiEgg
[2022-12-11 15:28:18] <%$itsdaveygravy> @edmundai Lmao I was gonna sign on to play but I dont want Mike to Snipe me again
[2022-12-11 15:28:22] <+yoddy0> No biggie Im a 90's player myself
[2022-12-11 15:28:22] <%Aerked> My Rank: Challenged EZ Clap
[2022-12-11 15:28:26] <%+Aerolit> hear me out blew game mode. 5v5 but there are also 3 bots and you have to find out who sucks and who's a bot
[2022-12-11 15:28:27] <%+DoomPwncake> @yoddy0 we're here too much lol
[2022-12-11 15:28:30] <%thesmurfyone> pokiEgg pokiEgg
[2022-12-11 15:28:32] <Gzzzalini> Who was the NBA player wearing your Merch???
[2022-12-11 15:28:39] <!%$edmundai> @itsdaveygravy just think of it as donating LP to ur fave streamer Pog
[2022-12-11 15:28:45] <Gzzzalini> Jokic?
[2022-12-11 15:28:47] <!%$edmundai> plus i can vote win ez
[2022-12-11 15:29:03] <%$Man_Of_Pontos> I hate playing in bot lane so much
[2022-12-11 15:29:13] <%$itsdaveygravy> @edmundai I gotchya, ill "lag" right into the tower
[2022-12-11 15:29:13] <Rems61> team may lack ap
[2022-12-11 15:29:18] <%goodgames_brisbane> I love it, I always feel safe
[2022-12-11 15:29:31] <!%Ixdex1> this looks like a nightmare game
[2022-12-11 15:29:32] <%thesmurfyone> Wait hold up
[2022-12-11 15:29:33] <%goodgames_brisbane> Knowing I have an adc ready to die with me
[2022-12-11 15:29:33] VIEWERS: 573
[2022-12-11 15:29:38] <+Yiturp> an intellectual
[2022-12-11 15:29:38] <%thesmurfyone> Was Jokic really wearing SRO Merch?
[2022-12-11 15:29:40] <!%$Onubin> it's that goofball from yesterday trying to get some more attention
[2022-12-11 15:29:44] <jack_the_sniper9> Current LP?
[2022-12-11 15:29:44] <!%hossxox> https://7tv.app/emotes/6395bc7a0705945190d7a88c
[2022-12-11 15:29:48] <%$itsdaveygravy> @thesmurfyone YES!!~ how fking dope is that
[2022-12-11 15:29:48] <!%hossxox> @Onubin sroDab
[2022-12-11 15:29:52] <!%hossxox> @Ixdex1 sroPenguin
[2022-12-11 15:29:52] <%+Aerolit> release!
[2022-12-11 15:29:53] <%$itsdaveygravy> Jokic one of my favorite players
[2022-12-11 15:29:53] <!%$Onubin> sroDab @hossxox
[2022-12-11 15:29:54] <@%SovereignScrub> This one time, at band camp
[2022-12-11 15:29:58] <%Aerked> LMAO
[2022-12-11 15:29:58] <!%hossxox> sroJAM
[2022-12-11 15:30:00] <%thesmurfyone> @itsdaveygravy Im goiong to google.
[2022-12-11 15:30:00] <%+Jhazlos> sroJAM
[2022-12-11 15:30:01] <%Aerked> sroJAM
[2022-12-11 15:30:04] <~%SoloRenektonOnly> sroJAM
[2022-12-11 15:30:04] <al0tsip> cheesin wtf>?
[2022-12-11 15:30:04] <%+Jhazlos> ITS GLORIOUS
[2022-12-11 15:30:15] <!%Ixdex1> @hossxox sroJAM
[2022-12-11 15:30:15] <!%$Onubin> sroJAM
[2022-12-11 15:30:15] <%thesmurfyone> @itsdaveygravy Im a blazers fan fuck the nuggets lol
[2022-12-11 15:30:15] <!%$edmundai> SRO give me merch to wear in public and ill promote you @SoloRenektonOnly
[2022-12-11 15:30:15] <jack_the_sniper9> sroJAM
[2022-12-11 15:30:17] <al0tsip> L;OL
[2022-12-11 15:30:18] <%$Man_Of_Pontos> sroJAM sroJAM sroJAM
[2022-12-11 15:30:22] <!%hossxox> KEKO
[2022-12-11 15:30:22] <%$Mcsevem77> sroJAM
[2022-12-11 15:30:22] <%$Man_Of_Pontos> A banger
[2022-12-11 15:30:23] <!%$edmundai> @SovereignScrub pokiEgg
[2022-12-11 15:30:26] <!%hossxox> @SovereignScrub sovere14Cool
[2022-12-11 15:30:26] <%Aerked> @hossxox sroPenguin sroDab
[2022-12-11 15:30:27] <hibou47> SROClimb
[2022-12-11 15:30:34] <!%$edmundai> @hossxox pokiEgg
[2022-12-11 15:30:36] <%$itsdaveygravy> @thesmurfyone Mad Love For Dam! hes a G
[2022-12-11 15:30:40] <@%SovereignScrub> sovere14Cool
[2022-12-11 15:30:42] <!%$edmundai> @Onubin pokiEgg
[2022-12-11 15:30:44] <!%$Onubin> peepoDJ sroJAM peepoDJ peepoDJ sroJAM peepoDJ peepoDJ sroJAM peepoDJ peepoDJ sroJAM peepoDJ
[2022-12-11 15:30:46] <!%hossxox> @edmundai pokiEgg
[2022-12-11 15:30:54] <%$itsdaveygravy> @hossxox HOSSSSSS DA BOSSSSS
[2022-12-11 15:30:59] <!%hossxox> sroJAM peepoDJ sroJAM
[2022-12-11 15:31:03] <!%hossxox> @itsdaveygravy was good sroPenguin
[2022-12-11 15:31:06] <%$itsdaveygravy> @hossxox Hoss DA VIP
[2022-12-11 15:31:08] <@%SovereignScrub> hossxxLOSS
[2022-12-11 15:31:12] <%$Mcsevem77> sroJAM sroJAM sroJAM sroJAM
[2022-12-11 15:31:14] <$tinytitan13> sroJAM crreamRave
[2022-12-11 15:31:15] <%$ChronicallyBlazed> hey Mike remember the game starts at 0:00 Kappa
[2022-12-11 15:31:25] <TimeLock_> What coffee and/or creamer do you use?
[2022-12-11 15:31:25] <%$j1mb00> You need a sroJAM emote
[2022-12-11 15:31:37] Viewerstats (15:03-15:31): avg:480 min:248 max:573 [15/248+0+101+154+0+0+24+0−17+0+0+63+0+0−26]
[2022-12-11 15:31:37] VIEWERS: 547
[2022-12-11 15:31:41] <@%SovereignScrub> @j1mb00 he added it
[2022-12-11 15:31:42] <!%$edmundai> ew
[2022-12-11 15:31:47] <!%$edmundai> gotta stick to a good brand
[2022-12-11 15:31:55] <%$ebagz17> sroJAM
[2022-12-11 15:31:56] <%$j1mb00> @SovereignScrub whaat
[2022-12-11 15:31:59] <hibou47> Pipe
[2022-12-11 15:32:02] <!%hossxox> @ebagz17 i got my VOD muted DIESOFCRINGE
[2022-12-11 15:32:02] <%$itsdaveygravy> Im a big Light and Sweet guy for coffee
[2022-12-11 15:32:05] <!%hossxox> i blame you
[2022-12-11 15:32:09] <!%$Onubin> @j1mb00 why do you think we're all using it....
[2022-12-11 15:32:12] <%$ebagz17> @hossxox kaEyesmon
[2022-12-11 15:32:13] <Darth_Mack92> @hossxox  sup boss? lol
[2022-12-11 15:32:16] <%Aerked> Deadge
[2022-12-11 15:32:18] <%$ebagz17> ayo wtf
[2022-12-11 15:32:25] <!%hossxox> @Darth_Mack92 yoo wasup sroPenguin
[2022-12-11 15:32:25] <%$ebagz17> monkaEyes
[2022-12-11 15:32:26] <%$ebagz17> possesed
[2022-12-11 15:32:28] <hibou47> nice hook bro EZ
[2022-12-11 15:32:28] <%$j1mb00> @Onubin hmm i can't see any emote lol
[2022-12-11 15:32:29] <%StrongTomato_> damn
[2022-12-11 15:32:32] <ginjackson> Twitch early game
[2022-12-11 15:32:33] <%Aerked> F didn't have time to predict
[2022-12-11 15:32:35] <!%$Onubin> @j1mb00 7tv
[2022-12-11 15:32:37] <!%hossxox> @j1mb00 oh thats because, you need an extension
[2022-12-11 15:32:37] <!%$edmundai> KEKW
[2022-12-11 15:32:39] <!%hossxox> called 7Tv ye
[2022-12-11 15:32:40] <Aggro21> :tf:
[2022-12-11 15:32:52] <%Aerked> Pog
[2022-12-11 15:32:55] <%$j1mb00> @hossxox oooh yeah true
[2022-12-11 15:32:57] <!%hossxox> EZ
[2022-12-11 15:32:58] <Darth_Mack92> @hossxox chillin with the kitties lol
[2022-12-11 15:33:00] <%Aerked> she didn't expect that!
[2022-12-11 15:33:01] <scallywag___> BOOMIE
[2022-12-11 15:33:01] <!%$Onubin> Or restart stream, he literally just added it 2 minutes ago
[2022-12-11 15:33:04] <%$itsdaveygravy> idk if thats worth, but lets call it a Mental W
[2022-12-11 15:33:05] <!%$Onubin> might not have refreshed
[2022-12-11 15:33:08] <!%hossxox> @Darth_Mack92 YOU HAVE KITTIES ?
[2022-12-11 15:33:08] <%Aerked> sroJAM
[2022-12-11 15:33:09] <%goodgames_brisbane> Your coming with me kek
[2022-12-11 15:33:09] <%$Man_Of_Pontos> sroJAM
[2022-12-11 15:33:10] <!%hossxox> sroJAM
[2022-12-11 15:33:12] <Aggro21> FeelsAmazingMan
[2022-12-11 15:33:12] <EcchiSketchyJared> we'll pretend that was worth KEKW
[2022-12-11 15:33:14] <+CaffeineAddict3> Cranked
[2022-12-11 15:33:17] <+Joesniff0_0> Was that when the goat song came on?
[2022-12-11 15:33:26] <%+nacnuder> CRANK
[2022-12-11 15:33:26] <Darth_Mack92> @hossxox  yessir, 3 kitties
[2022-12-11 15:33:26] <+tostonzito> twitch 1 cs kekw
[2022-12-11 15:33:27] <drabx30> sroJAM
[2022-12-11 15:33:27] <jeneraljelly> @EcchiSketchyJared he was about to get dove anyway so it was
[2022-12-11 15:33:33] <!%hossxox> @Darth_Mack92 im fucking jelous now
[2022-12-11 15:33:35] VIEWERS: 547
[2022-12-11 15:33:37] <!%hossxox> what they called
[2022-12-11 15:34:06] <@%SovereignScrub> what in the fuck is this fiesta
[2022-12-11 15:34:09] <rabbitareugly> sroJAM
[2022-12-11 15:34:11] <!%Ixdex1> 4 mins, 7 kills
[2022-12-11 15:34:14] <EcchiSketchyJared> jeneraljelly nah
[2022-12-11 15:34:14] <!%$edmundai> @SovereignScrub pokiEgg
[2022-12-11 15:34:20] <!%hossxox> its botlane life Joyge
[2022-12-11 15:34:26] <@%SovereignScrub> sovere14Wave
[2022-12-11 15:34:43] <@%SovereignScrub> he is probably tilted out of his mind lol
[2022-12-11 15:34:47] <%+Aerolit> twitch spending mana like he got unlimited. 2 sec in lane oom
[2022-12-11 15:34:47] <+LiamNeesonMD> I take one day off and they flipped top lane to bot?
[2022-12-11 15:34:54] <%$itsdaveygravy> Gonna hit a quick lift and grab some Starbies! have a good Sunday Mike/chat!!!
[2022-12-11 15:34:55] <+CaffeineAddict3> When your adc only has 3 more cs @5
[2022-12-11 15:34:56] <!%Ixdex1> @SovereignScrub i can't even blame him tbh
[2022-12-11 15:34:56] <%goodgames_brisbane> Fish in the boat and this guy ain’t getting them
[2022-12-11 15:34:56] <!%hossxox> 10 cs twitch 💀
[2022-12-11 15:34:59] <+CaffeineAddict3> Sadge
[2022-12-11 15:35:01] <!%$edmundai> poki1 poki2
[2022-12-11 15:35:02] <!%$edmundai> poki3 poki4
[2022-12-11 15:35:06] <raemmus1> ap twitch rip
[2022-12-11 15:35:07] <hibou47> Pipe
[2022-12-11 15:35:12] <raemmus1> fun lane
[2022-12-11 15:35:12] <!%hossxox> @Ixdex1 i can , watch me :tf:
[2022-12-11 15:35:15] <jack_the_sniper9> Es win enemy played renekton
[2022-12-11 15:35:30] <!%Ixdex1> @hossxox Stare this is me blamimng you
[2022-12-11 15:35:30] <al0tsip> as long as he doesnt die here
[2022-12-11 15:35:30] <hibou47> ap twitch is fine with zed and riven
[2022-12-11 15:35:34] <!%hossxox> what did i do Sadge
[2022-12-11 15:35:34] <al0tsip> famous last words
[2022-12-11 15:35:35] VIEWERS: 566
[2022-12-11 15:35:39] <Rems61> Is he playing support only right now ?
[2022-12-11 15:35:43] <hibou47> ADCs amirite KEKL
[2022-12-11 15:35:53] <raemmus1> after like 12 mins of getting dunked in  lane
[2022-12-11 15:35:58] <jeneraljelly> that was so dumb
[2022-12-11 15:36:08] <jeneraljelly> can pull under tower too lol
[2022-12-11 15:36:12] <+LiamNeesonMD> you always want to be under tower with blitz as sup
[2022-12-11 15:36:37] <!%hossxox> NOOOO
[2022-12-11 15:36:38] <+xYoch> SoloBitzOnly Pog
[2022-12-11 15:36:39] <al0tsip> lmao typical hec
[2022-12-11 15:36:43] <hibou47> and got so far
[2022-12-11 15:36:46] <+CaffeineAddict3> JG gap Sadge
[2022-12-11 15:36:46] <+ItsTheDuke20> supp gap
[2022-12-11 15:36:49] <!%$edmundai> but in the end it didnt even matter
[2022-12-11 15:36:49] <hibou47> but in the end, it doesnt even matter
[2022-12-11 15:36:49] <%goodgames_brisbane> Fish in the boat
[2022-12-11 15:36:57] <!%hossxox> why does nobody bans heca, must be Raptors again
[2022-12-11 15:36:57] <jack_the_sniper9> Wtf. Ac doing
[2022-12-11 15:37:03] <jack_the_sniper9> Zac
[2022-12-11 15:37:11] <!%Ixdex1> ...twitch had flash still?
[2022-12-11 15:37:15] <wyyngod> @ItsTheDuke20 i dont understand why flame you would lose verytime going against him
[2022-12-11 15:37:45] VIEWERS: 730
[2022-12-11 15:37:46] <@%SovereignScrub> i ban hec or eve most time @hossxox
[2022-12-11 15:37:47] <jeneraljelly> those flashses
[2022-12-11 15:37:47] <+LiamNeesonMD> wtf am i watching
[2022-12-11 15:37:47] <%+SomethingMorbid> wtf KEKW
[2022-12-11 15:37:48] <jeneraljelly> LMAO
[2022-12-11 15:37:48] <%+SomethingMorbid> omfg
[2022-12-11 15:37:56] <jeneraljelly> this is crazy lol
[2022-12-11 15:37:56] <!%hossxox> @SovereignScrub i just played a game like an hour ago i told my team " yo ban heca " they hovered him to ban then they didnt
[2022-12-11 15:38:08] <+LiamNeesonMD> lol this twitch
[2022-12-11 15:38:08] <!%hossxox> and they instaly picked heca , thankfully that guy ran it
[2022-12-11 15:38:21] <%$Mcsevem77> AP TWITCH KEKW
[2022-12-11 15:38:21] <%$ChronicallyBlazed> disgusting adc
[2022-12-11 15:38:24] <+LiamNeesonMD> go carry blitz bro
[2022-12-11 15:38:29] <%$ChronicallyBlazed> sorry apc
[2022-12-11 15:38:29] <+LiamNeesonMD> just troll it out
[2022-12-11 15:38:34] <d00mtrayn> nice looking skin tho
[2022-12-11 15:38:47] <%+mejdj1981> Good morning
[2022-12-11 15:38:51] <+smoochigang> lmao coming from the dude who plays braindead top laners xD
[2022-12-11 15:38:58] <+CaffeineAddict3> Bit is really better sup anyway. Adc is irrelevant.
[2022-12-11 15:39:08] <jack_the_sniper9> Adc is difficult role but this guy is dumb
[2022-12-11 15:39:13] <%+tozzofour> im only good botlane when i lane with my friend who reminds me not to be a moron
[2022-12-11 15:39:13] <%+mejdj1981> I agree, ADCs are not human beings.
[2022-12-11 15:39:16] <Darth_Mack92> @hossxox  Annie, Peanut and Zoey
[2022-12-11 15:39:18] <%$ChronicallyBlazed> sroCannon
[2022-12-11 15:39:28] <%$Mcsevem77> it ap twitch, it always works KEKO
[2022-12-11 15:39:30] <%+mejdj1981> Facerolling, getting their dicks held by supports and whining all the way
[2022-12-11 15:39:45] VIEWERS: 730
[2022-12-11 15:39:52] <dan_the_artisan> HeyGuys
[2022-12-11 15:40:03] <%+Aerolit> twitch rotating midst hungry
[2022-12-11 15:40:04] <%goodgames_brisbane> You said grapefruit
[2022-12-11 15:40:07] <!%hossxox> @Darth_Mack92 i want to see them now ... take good care of them you named them nicely
[2022-12-11 15:40:12] <!%$edmundai> KEKW
[2022-12-11 15:40:12] <%+Aerolit> mid is hungry
[2022-12-11 15:40:20] <%+mejdj1981> "Oh my god, the 11 kill toplaner ran me down while I was 0 7! NERF TOPLANERS!"
[2022-12-11 15:40:27] <rabbitareugly> like these fake chinese videos KEKW
[2022-12-11 15:40:35] <+theodyssey1945> ap twitch with 30 cs
[2022-12-11 15:40:35] <HowAboutWePotato> gm fellow bald brother, gm chat
[2022-12-11 15:40:35] <Darth_Mack92> @hossxox  I let my wife name them, they are spoiled princesses who LOVE attention lol
[2022-12-11 15:40:35] <+theodyssey1945> solid
[2022-12-11 15:40:59] <HowAboutWePotato> missing cannons? who would ever do that
[2022-12-11 15:41:21] <%+mejdj1981> I mean, he plays ap twitch botlane
[2022-12-11 15:41:30] <%+mejdj1981> Usually these people dont have functioning brains
[2022-12-11 15:41:34] <!%Ixdex1> tbf he was kinda forced into going apo
[2022-12-11 15:41:53] VIEWERS: 707
[2022-12-11 15:41:56] BAN: Xenkei (5s), Xenkei (5s)
[2022-12-11 15:41:57] <iBexi> it's because you know how to play the game right, that's why you have almost more cs than him
[2022-12-11 15:42:08] <+Bomberbaer> he misses everything :D
[2022-12-11 15:42:12] <+Xenkei> SoloBlitzOnly HYPERKEKW
[2022-12-11 15:42:12] <iBexi> slzCOPIUM
[2022-12-11 15:42:12] <@%SoloBotOnly> @xenkei, you were timed out for overusing caps. (warning)
[2022-12-11 15:42:16] <!%hossxox> is twitch lagging or something , he farms like a bot
[2022-12-11 15:42:17] <+jinxdid9eleven> Remember bltzcranks hook comes out of his right hand
[2022-12-11 15:42:17] <!%Ixdex1> in top we trust ig
[2022-12-11 15:42:19] <hibou47> just win game bro Pipe
[2022-12-11 15:42:27] <andreas_christensen> LULW
[2022-12-11 15:42:29] <iBexi> like wtf is that twitch doing lmao
[2022-12-11 15:42:33] <%+mejdj1981> Kekw
[2022-12-11 15:42:38] <elp1daa> Kekw
[2022-12-11 15:42:38] <HowAboutWePotato> boom
[2022-12-11 15:42:47] <!%hossxox> KEKO
[2022-12-11 15:42:47] <%+SomethingMorbid> pft
[2022-12-11 15:42:48] <Brandor789> LUL
[2022-12-11 15:42:48] <FilthyKing01> PogChamp
[2022-12-11 15:42:48] <hibou47> KEKL
[2022-12-11 15:42:49] <andreas_christensen> PogU
[2022-12-11 15:42:49] <epickingsalt> POOOOOOOOOOOOOOOOOOG
[2022-12-11 15:42:49] <+theodyssey1945> THAT CANNOT BE HIM
[2022-12-11 15:42:49] <@%SoloBotOnly> @epickingsalt, you were timed out for overusing caps. (warning)
[2022-12-11 15:42:49] BAN: epickingsalt (5s), epickingsalt (5s)
[2022-12-11 15:42:51] <+Xenkei> boom
[2022-12-11 15:42:51] <+LiamNeesonMD> lol
[2022-12-11 15:42:52] <TimeLock_> Lol
[2022-12-11 15:42:52] <andreas_christensen> POG
[2022-12-11 15:42:52] <!%hossxox> AH HELL NAH
[2022-12-11 15:42:52] <+ReaIMichaelMyers> Kreygasm
[2022-12-11 15:42:54] <andreas_christensen> Pog
[2022-12-11 15:42:55] <jack_the_sniper9> POG
[2022-12-11 15:42:56] <+Xenkei> solblitzonly here
[2022-12-11 15:42:56] <+bonedoc33> woah
[2022-12-11 15:42:58] <skyflakers> AINTNOWAY
[2022-12-11 15:42:58] <hibou47> I'M THE ADC NOW
[2022-12-11 15:42:58] <raemmus1> AP Blitz!
[2022-12-11 15:42:59] <+CaffeineAddict3> Cranked em!!
[2022-12-11 15:42:59] <epickingsalt> POG lets goooooooooooooooooooooo
[2022-12-11 15:42:59] BAN: epickingsalt (600s)
[2022-12-11 15:42:59] <drabx30> Right
[2022-12-11 15:42:59] BAN: epickingsalt (600s)
[2022-12-11 15:43:02] <jack_the_sniper9> Imagine having an add
[2022-12-11 15:43:03] <rabbitareugly> sroJAM
[2022-12-11 15:43:03] <jack_the_sniper9> Adc
[2022-12-11 15:43:04] <+Crashskeleton> habahaba
[2022-12-11 15:43:09] <+bonedoc33> jesus dude these kids have families
[2022-12-11 15:43:09] <jack_the_sniper9> SroJAM
[2022-12-11 15:43:09] <+xavier2119> GO AP SRO
[2022-12-11 15:43:12] <+LiamNeesonMD> demonic and jack sho
[2022-12-11 15:43:12] <%goodgames_brisbane> We got no hands for sro bingo
[2022-12-11 15:43:13] <%$Mcsevem77> yea this isnt twitch real account. he only play twitch and draven. got in plat2 from only 12 games
[2022-12-11 15:43:15] <drabx30> Blitz carry
[2022-12-11 15:43:20] <+bonedoc33> didnt have to do them that dirty
[2022-12-11 15:43:26] <+theodyssey1945> you twtich has to be purchased account right? theres no way
[2022-12-11 15:43:30] <!%hossxox> @Mcsevem77 fake Aware ?
[2022-12-11 15:43:31] <flame_92> gj bro
[2022-12-11 15:43:34] <!%hossxox> dosnt exist SCHIZO
[2022-12-11 15:43:35] <%+mejdj1981> Oh no wonder
[2022-12-11 15:43:40] <+xYoch> @bonedoc33 LULW
[2022-12-11 15:43:40] <TimeLock_> Yea this twitch has to be boosted. Hes legit standing still autoing
[2022-12-11 15:43:41] <%+mejdj1981> The adc is a draven player
[2022-12-11 15:43:49] <%+mejdj1981> Everytime he goes twitch he gets terrible scores
[2022-12-11 15:43:54] VIEWERS: 707
[2022-12-11 15:44:04] <+ItsTheDuke20> kekw
[2022-12-11 15:44:04] <%+mejdj1981> 86% wr on draven
[2022-12-11 15:44:08] <%+mejdj1981> 40% on twitch
[2022-12-11 15:44:09] <hibou47> Actually chat, twitch is actually a league of legends player Nerd
[2022-12-11 15:44:29] <Darth_Mack92> he doesn't know the twitch playstyle
[2022-12-11 15:44:31] <%Aerked> EZ
[2022-12-11 15:44:38] <Darth_Mack92> you can't play twitch like a traditional adc
[2022-12-11 15:44:44] <%+mejdj1981> If you play twitch like you play draven you are in for a world of pain
[2022-12-11 15:44:51] <Darth_Mack92> ^^
[2022-12-11 15:44:52] <+donimusprime1817> @Darth_Mack92 LUL
[2022-12-11 15:44:57] <%itsTatanka> BIG DAY BIG MAN
[2022-12-11 15:45:09] <Darth_Mack92> gotta be sneaky sneaky lol
[2022-12-11 15:45:16] <+belvethotp> is onhit blitz still strong ?
[2022-12-11 15:45:29] <%$ChronicallyBlazed> twitch cs is slightly gapped
[2022-12-11 15:45:31] <%+mejdj1981> Ahhh, I get it
[2022-12-11 15:45:36] <%itsTatanka> hello mike hope you are good
[2022-12-11 15:45:36] <%+mejdj1981> He got d4
[2022-12-11 15:45:39] <%+mejdj1981> Now he loses all games on twitch
[2022-12-11 15:45:46] <%+mejdj1981> Sanest d4 player
[2022-12-11 15:45:53] VIEWERS: 728
[2022-12-11 15:46:04] <%+SomethingMorbid> SeemsGood
[2022-12-11 15:46:11] <+0jsimpsonn> pop lock and drop it
[2022-12-11 15:46:14] <%+Jhazlos> you popped locket but did you also drop it
[2022-12-11 15:46:18] <mysticx76> another fed kaisa ResidentSleeper
[2022-12-11 15:46:19] <%+Jhazlos> @0jsimpsonn beat me to it
[2022-12-11 15:46:24] <+0jsimpsonn> LMAO
[2022-12-11 15:46:25] [Notification] Yahboijohncena subscribed at Tier 1. They've subscribed for 24 months, currently on a 7 month streak! [Hey there baldy. keep up the good content friend]
[2022-12-11 15:46:25] <@%SoloBotOnly> yahboijohncena just renewed their subscription for 24 months in a row sroHype1
[2022-12-11 15:47:17] <%TotallyNotACopBro> i'm getting jiggy with it, as the kids these days say 4Head
[2022-12-11 15:47:43] <hibou47> this fight is so disorganized KEKL
[2022-12-11 15:47:50] <DangerRonny> zilean diff
[2022-12-11 15:47:53] VIEWERS: 728
[2022-12-11 15:47:56] <%TotallyNotACopBro> CAN'T KILEAN THE ZILEAN KEKCAM
[2022-12-11 15:48:00] <%the_misanthrope13> 20vs23 FF KEKW
[2022-12-11 15:48:02] <mysticx76> 70 cs twitch KEKW
[2022-12-11 15:48:06] <+certainlol> everytime i come in they are holding you hostage
[2022-12-11 15:48:12] <siddjai> how are y'all losing with the renekton so giga gapped
[2022-12-11 15:48:16] <ChiefPelican> pain
[2022-12-11 15:48:22] <%TotallyNotACopBro> PepegaPhone Stop playing AP Twitch
[2022-12-11 15:48:27] <ChiefPelican> game not worth the effort LUL
