# Log started: 2022-12-06 23:35:55 +0100
[2022-12-06 23:35:55] VIEWERS: 1 105
[2022-12-06 23:35:55] VIEWERS: 1 105
[2022-12-06 23:35:56] ~theres a new tank man and he's angry (Overwatch 2)~
[2022-12-06 23:35:56] Joining #girl_dm_..
[2022-12-06 23:35:56] ~theres a new tank man and he's angry (Overwatch 2)~
[2022-12-06 23:35:56] You have joined #girl_dm_
[2022-12-06 23:35:58] <%Miano_SEA> Rammatra stole that indeed
[2022-12-06 23:36:07] <%+Rhipose> North dakota or canada
[2022-12-06 23:36:12] <%+Rhipose> HMMM
[2022-12-06 23:36:16] <%+Sovereignwind> wonder if maybe the new champ has extra weight in whatever code decides PoG?
[2022-12-06 23:36:20] <@%$zMiyuZ> because blizzard need to spoil the community
[2022-12-06 23:36:23] <@%$zMiyuZ> they need to sell skins
[2022-12-06 23:36:29] <%$Bazeio> girldmLUL more like metal claws in the poseidon skin
[2022-12-06 23:36:30] <%PileofBlep> poseidon skins are generally the "marketable" ones
[2022-12-06 23:36:36] <%19chris97> obviously to sell the battlepass
[2022-12-06 23:36:36] <%PileofBlep> at least that's what hastur taught me
[2022-12-06 23:36:39] <@%$zMiyuZ> LMAO
[2022-12-06 23:36:48] <%+Rhipose> I find it amusing that there is literally no toes on anything other than the poseidon one.
[2022-12-06 23:37:00] <%+Rhipose> ANTI SANDALS
[2022-12-06 23:37:00] <%$Bazeio> girldmLUL girldmLUL girldmLUL girldmLUL girldmLUL girldmLUL
[2022-12-06 23:37:03] <%snakeandwolf7> LOL
[2022-12-06 23:37:04] VIEWERS: 1 105
[2022-12-06 23:37:05] <@%$zMiyuZ> girldmLUL
[2022-12-06 23:37:07] <%$Prophet970> VINE BOOM
[2022-12-06 23:37:14] <%fafnersbane> vineboom.mp3 LU
[2022-12-06 23:37:16] <%$Bazeio> WHO HAS THAT MIXER? girldmLUL
[2022-12-06 23:37:19] <%PileofBlep> perfect timing on that
[2022-12-06 23:37:20] <@%$zMiyuZ> TOEES
[2022-12-06 23:37:21] <+Driyzzil> No toes? myusagPause
[2022-12-06 23:37:23] <@%$zMiyuZ> THERE WE GO
[2022-12-06 23:37:34] <nz0live> This is why Sigma is the best hero
[2022-12-06 23:37:44] <%$Bazeio> girldmLUL girldmLUL girldmLUL
[2022-12-06 23:37:45] <%zelul13> toees=profit girldmNoted
[2022-12-06 23:37:49] <%snakeandwolf7> LMAO
[2022-12-06 23:37:50] <%19chris97> junker queen got toes snuffHmm
[2022-12-06 23:37:56] <@%$zMiyuZ> dm what about a stream on making a spreadsheet of every character skin that has toes?
[2022-12-06 23:38:12] <%+Rhipose> Oh god
[2022-12-06 23:38:13] <elec_ink> no1LURK what happening here
[2022-12-06 23:38:17] <%+Rhipose> Miyu why
[2022-12-06 23:38:25] <%+Rhipose> Whhhhyyy
[2022-12-06 23:38:40] <@%$zMiyuZ> because we need that information
[2022-12-06 23:38:42] <%Miano_SEA> Lmao, Overwatch 2 Toe Tierlist
[2022-12-06 23:38:50] <nz0live> True
[2022-12-06 23:38:52] <%PileofBlep> very important information resource
[2022-12-06 23:38:58] <%$Bazeio> @miano_sea dont give them ideas girldmLUL
[2022-12-06 23:39:05] VIEWERS: 1 105
[2022-12-06 23:39:05] <%PileofBlep> the future of their business model hinges on it
[2022-12-06 23:39:08] <%zelul13> Mercy has best toes, change my mind
[2022-12-06 23:39:09] <+xLuckyDog> Love the Christmas Flavor DM :3
[2022-12-06 23:39:28] <%$Bazeio> dad of war rag na hog, is very neat girldmThumbsup
[2022-12-06 23:39:30] <@%^StreamElements> ⚠️BACKSEATING WARNING⚠️ if you give unsolicited advice or spoilers, you will be timed out for a week - this is not a drill
[2022-12-06 23:39:34] <%+Sovereignwind> do...do you have a healing sniper?
[2022-12-06 23:39:47] <%snakeandwolf7> Gmaers getting hyped!
[2022-12-06 23:40:22] <%Meraned> @Sovereignwind ana's sniper is more of a dart gun, that shoots healing darts. or damaging darts if its an enemy
[2022-12-06 23:40:37] <+d1stractal> The Grudge
[2022-12-06 23:40:39] <+xLuckyDog> STAP o-o
[2022-12-06 23:40:45] <%PileofBlep> other than that tho ye, a healer that snipes teammates
[2022-12-06 23:40:50] <+xLuckyDog> my ears sadCat
[2022-12-06 23:41:00] <%$Prophet970> lmao
[2022-12-06 23:41:05] VIEWERS: 1 088
[2022-12-06 23:41:10] <%PileofBlep> barrItone
[2022-12-06 23:41:18] <%$Panther216> Its GenericDecemberHoliday_DM_ Love the green!
[2022-12-06 23:41:39] <nipahnoob> DM is healing support and emotional support
[2022-12-06 23:41:47] <benji_flo> lmao vox
[2022-12-06 23:41:50] <%$Bazeio> girldmLUL girldmLUL girldmLUL
[2022-12-06 23:41:53] <%snakeandwolf7> LOL
[2022-12-06 23:42:46] <%+Rhipose> So with the additional of the fox spirit girl, is OW just saying magic is real in the canon of the game?
[2022-12-06 23:42:54] <@%$zMiyuZ> ha ha ha ha funny joke
[2022-12-06 23:42:59] <%$Bazeio> girldmLUL girldmLUL girldmLUL
[2022-12-06 23:43:04] <%Miano_SEA> Lmao
[2022-12-06 23:43:04] <@%$zMiyuZ> so much hair came out of my face nose holes
[2022-12-06 23:43:05] VIEWERS: 1 088
[2022-12-06 23:43:06] <@%$zMiyuZ> air
[2022-12-06 23:43:09] <%+Sephim> girldmLUL
[2022-12-06 23:43:14] <%snakeandwolf7> girldmLUL girldmLUL girldmLUL
[2022-12-06 23:43:26] <%Miano_SEA> I...I love the adlib from Vox hahaha
[2022-12-06 23:43:35] <%$Panther216> @Rhipose What is magic but technology so advanced we cant understand it
[2022-12-06 23:43:38] <@%$zMiyuZ> LMAO
[2022-12-06 23:43:39] <%Miano_SEA> "ONE STEP FOR OMNIC KIND"
[2022-12-06 23:43:50] <@%$zMiyuZ> peepeehands
[2022-12-06 23:43:55] <%Miano_SEA> "I WILL go into the TIGHT SPACE"
[2022-12-06 23:44:04] <%$Bazeio> girldmPeepeehands girldmPeepeehands girldmPeepeehands girldmPeepeehands
[2022-12-06 23:44:07] <%snakeandwolf7> Watch your words lol
[2022-12-06 23:44:08] <%$Panther216> girldmHouseplant
[2022-12-06 23:44:30] <%$Bazeio> girldmLUL ok jowol
[2022-12-06 23:44:35] <%snakeandwolf7> LMAO
[2022-12-06 23:44:40] <%Miano_SEA> Motivated your streamers, SUB NOW!
[2022-12-06 23:44:41] <SentientReplicator> No
[2022-12-06 23:44:45] <%$Panther216> is 20 gifted subs
[2022-12-06 23:44:48] [Usernotice] zMiyuZ is gifting 5 Tier 1 Subs to girl_dm_'s community!
[2022-12-06 23:44:49] [Notification] zMiyuZ gifted a Tier 1 sub to capricornyy!
[2022-12-06 23:44:49] [Notification] zMiyuZ gifted a Tier 1 sub to google2taupe! google2taupe has subscribed for 4 months!
[2022-12-06 23:44:49] [Notification] zMiyuZ gifted a Tier 1 sub to corbeau_7!
[2022-12-06 23:44:49] [Notification] zMiyuZ gifted a Tier 1 sub to nipahnoob! nipahnoob has subscribed for 9 months!
[2022-12-06 23:44:49] [Notification] zMiyuZ gifted a Tier 1 sub to drophalo!
[2022-12-06 23:44:49] <@%^StreamElements> capricornyy just subscribed girldmBounce
[2022-12-06 23:44:49] <@%^StreamElements> google2taupe just subscribed for 4 months in a row girldmBounce
[2022-12-06 23:44:49] <@%^StreamElements> corbeau_7 just subscribed girldmBounce
[2022-12-06 23:44:50] <@%^StreamElements> nipahnoob just subscribed for 9 months in a row girldmBounce
[2022-12-06 23:44:50] <@%^StreamElements> drophalo just subscribed girldmBounce
[2022-12-06 23:44:51] <%snakeandwolf7> girldmLUL girldmLUL girldmLUL
[2022-12-06 23:44:54] <%Miano_SEA> Lmao
[2022-12-06 23:44:54] <%+Rhipose> "There are V-tubers who need your help."
[2022-12-06 23:44:57] <%$Bazeio> Pog 5 mod gifted
[2022-12-06 23:44:58] <%$Prophet970> 5 pog
[2022-12-06 23:45:05] VIEWERS: 1 050
[2022-12-06 23:45:05] <D_Rida64> not the ptsd of that ad NotLikeThis
[2022-12-06 23:45:07] <%Miano_SEA> Aww...
[2022-12-06 23:45:11] <%$Bazeio> girldmDead girldmDead
[2022-12-06 23:45:12] [Usernotice] snakeandwolf7 is gifting 5 Tier 1 Subs to girl_dm_'s community! They've gifted a total of 37 in the channel!
[2022-12-06 23:45:13] [Notification] snakeandwolf7 gifted a Tier 1 sub to darkbluecatTV! darkbluecatTV has subscribed for 2 months!
[2022-12-06 23:45:13] [Notification] snakeandwolf7 gifted a Tier 1 sub to MammalianHybrid!
[2022-12-06 23:45:13] [Notification] snakeandwolf7 gifted a Tier 1 sub to Aluvae! Aluvae has subscribed for 2 months!
[2022-12-06 23:45:13] [Notification] snakeandwolf7 gifted a Tier 1 sub to lISpysixIl!
[2022-12-06 23:45:13] [Notification] snakeandwolf7 gifted a Tier 1 sub to UsernameNotFoundErr! UsernameNotFoundErr has subscribed for 9 months!
[2022-12-06 23:45:13] <@%^StreamElements> darkbluecatTV just subscribed for 2 months in a row girldmBounce
[2022-12-06 23:45:13] <@%^StreamElements> MammalianHybrid just subscribed girldmBounce
[2022-12-06 23:45:14] <@%^StreamElements> Aluvae just subscribed for 2 months in a row girldmBounce
[2022-12-06 23:45:14] <@%^StreamElements> lISpysixIl just subscribed girldmBounce
[2022-12-06 23:45:14] <@%^StreamElements> UsernameNotFoundErr just subscribed for 9 months in a row girldmBounce
[2022-12-06 23:45:14] <@%zMiyuZ> I have commitment for bits
[2022-12-06 23:45:19] <%$Bazeio> 5 Pog
[2022-12-06 23:45:19] <%Miano_SEA> there's your 10 gifted
[2022-12-06 23:45:32] <%Miano_SEA> You should be full of motivation now for the next 10 games
[2022-12-06 23:45:35] <%$Bazeio> girldmLUL girldmLUL girldmLUL girldmLUL girldmLUL
[2022-12-06 23:45:36] <@%zMiyuZ> girldmLUL
[2022-12-06 23:45:51] <%snakeandwolf7> girldmLUL girldmLUL girldmLUL
[2022-12-06 23:45:52] <%$Prophet970> girldmLUL
[2022-12-06 23:45:55] <%Miano_SEA> LUL
[2022-12-06 23:46:13] <CactusGravy> eviltoLUL eviltoLUL eviltoLUL
[2022-12-06 23:46:22] <%$Bazeio> girldmWut
[2022-12-06 23:46:28] <@%zMiyuZ> DM A STREAM WHERE YOU MAKE A SPREADSHEET OF EVERY SKIN WITH TOES WHEN??????
[2022-12-06 23:46:32] <%$Layzay73> girldmLissen
[2022-12-06 23:46:36] <CiernaVT> YOUR HOLIDAY COLOR SCHEME IS SO CUTE
[2022-12-06 23:46:36] <@%zMiyuZ> your public demands it
[2022-12-06 23:46:39] <%mattmk_ll> girldmWut
[2022-12-06 23:46:41] <@%zMiyuZ> we need to know the truth
[2022-12-06 23:46:47] <%+Rhipose> Orisa is toeless I believe because hooves.
[2022-12-06 23:46:51] <%$Bazeio> @zmiyuz plus you should rank it
[2022-12-06 23:46:54] <%$Prophet970> jesus vox
[2022-12-06 23:46:57] <%fafnersbane> girldmLUL girldmLUL girldmLUL
[2022-12-06 23:46:58] <@%zMiyuZ> LMAO
[2022-12-06 23:47:02] <@%zMiyuZ> I JUST SPIT MY WATER
[2022-12-06 23:47:05] VIEWERS: 1 050
[2022-12-06 23:47:07] <+SirChazzleDazzle> I CANT
[2022-12-06 23:47:07] <%+mokimbo> unhinged like a snake
[2022-12-06 23:47:07] <%Sun_Rendered> tomatoBWL
[2022-12-06 23:47:09] <+Driyzzil> saviseGasm
[2022-12-06 23:47:09] <jasonrevall> incredible
[2022-12-06 23:47:10] <%$Bazeio> girldmLUL girldmLUL girldmLUL girldmLUL Vox?
[2022-12-06 23:47:10] <%Miano_SEA> Dear God...
[2022-12-06 23:47:11] <%JimmysHotSauce> girldmLUL
[2022-12-06 23:47:12] <%snakeandwolf7> LMAO
[2022-12-06 23:47:12] <%DancingCorpse> what even is this stream....
[2022-12-06 23:47:15] <@%zMiyuZ> GOOD LORD
[2022-12-06 23:47:15] <%mattmk_ll> LORD
[2022-12-06 23:47:15] <%Miano_SEA> girldmLUL girldmLUL girldmLUL
[2022-12-06 23:47:17] <@%zMiyuZ> girldmLUL
[2022-12-06 23:47:18] <Crimsonthrull89> this is the content we deserve
[2022-12-06 23:47:18] <%$Prophet970> girldmDead
[2022-12-06 23:47:21] <%+snek981> this is some....interesting commentary today girldmLUL
[2022-12-06 23:47:25] <%snakeandwolf7> Well Vox has commitment
[2022-12-06 23:47:27] <%+Sovereignwind> Vox, think of the Kindred!
[2022-12-06 23:47:29] <%$Bazeio> Now you say sorry? girldmLUL
[2022-12-06 23:47:35] <%mattmk_ll> THAT WOKE ME UP girldmLUL
[2022-12-06 23:47:35] <%zelul13> wut just happened? girldmOwo
[2022-12-06 23:47:37] <%nipahnoob> @zMiyuZ Thanks for the gift sub!
[2022-12-06 23:47:52] <%+markusmanaka> Seriously this is what I walk into girldmLUL
[2022-12-06 23:48:13] <@%zMiyuZ> this is glorious
[2022-12-06 23:48:16] <%Sun_Rendered> F vod watchers
[2022-12-06 23:48:18] <%Melancholy_mage> Overwatch getting spicy.,
[2022-12-06 23:48:28] <@%zMiyuZ> BEEG
[2022-12-06 23:48:30] <%snakeandwolf7> WOW
[2022-12-06 23:48:42] <%$Bazeio> @melancholy_mage thats usually what happens in collabs girldmLUL
[2022-12-06 23:48:49] <@%zMiyuZ> pulse is optional
[2022-12-06 23:48:49] <%fafnersbane> what is that in rest of the world units?
[2022-12-06 23:49:06] VIEWERS: 901
[2022-12-06 23:49:08] <%fafnersbane> 2m 13 damn
[2022-12-06 23:49:09] <%Miano_SEA> Brother, please...
[2022-12-06 23:49:10] <%Melancholy_mage> @Bazeio DM too wholesome.
[2022-12-06 23:49:17] <%snakeandwolf7> LOL
[2022-12-06 23:49:20] <%Miano_SEA> Weeb detected
[2022-12-06 23:49:31] <@%^StreamElements> ⚠️BACKSEATING WARNING⚠️ if you give unsolicited advice or spoilers, you will be timed out for a week - this is not a drill
[2022-12-06 23:49:40] <%$Bazeio> girldmLUL girldmLUL girldmLUL girldmLUL
[2022-12-06 23:49:44] <sanuku12pl> What is this.
[2022-12-06 23:49:58] <@%zMiyuZ> oh no
[2022-12-06 23:50:01] <@%zMiyuZ> valley dm is here
[2022-12-06 23:50:17] <+skar_oh> festiv dm?
[2022-12-06 23:50:23] <%Miano_SEA> and that widow is gone
[2022-12-06 23:50:24] <%$Bazeio> @zmiyuz imagine the toe skin with valley girl girldmLUL
[2022-12-06 23:50:33] <%$Bazeio> stream* girldmDizzy
[2022-12-06 23:50:44] <Suhmean> idk if its just me but the hair looks so bright with my monitor
[2022-12-06 23:50:45] <%Miano_SEA> Kiriko buff kicking in
[2022-12-06 23:50:48] <%mattmk_ll> hmmmm
[2022-12-06 23:51:02] <%Miano_SEA> Good decision, send a message
[2022-12-06 23:51:06] VIEWERS: 901
[2022-12-06 23:51:13] <%Miano_SEA> MMMMMMH
[2022-12-06 23:51:18] <+PovertyMiko> Pog
[2022-12-06 23:51:22] <%Miano_SEA> The dopamine kicked in on that one~
[2022-12-06 23:51:39] <+Driyzzil> Nice
[2022-12-06 23:51:39] <%$Prophet970> nice
[2022-12-06 23:51:43] <%$Bazeio> Nice
[2022-12-06 23:51:44] <UkiVioleta> omg you're christmas
[2022-12-06 23:51:44] <%PileofBlep> every sniper's greatest enemy: breaking line of sight
[2022-12-06 23:51:46] <+PovertyMiko> nice
[2022-12-06 23:51:46] <%Miano_SEA> Nice
[2022-12-06 23:52:09] <$skrillex6977> nice
[2022-12-06 23:52:22] <Suhmean> another thing with widow, i just randomly crouch when i cant hide
[2022-12-06 23:52:26] <%Miano_SEA> Hmm
[2022-12-06 23:52:33] <crw33> Girl DM what do you think of the current over watch compared to the game when you would have first played?
[2022-12-06 23:52:33] <%Miano_SEA> Oh well, ult ready~
[2022-12-06 23:53:10] VIEWERS: 889
[2022-12-06 23:53:31] <@%zMiyuZ> girldmLUL
[2022-12-06 23:53:32] <%snakeandwolf7> LOL
[2022-12-06 23:53:32] <%Sun_Rendered> girldmLUL
[2022-12-06 23:53:42] <seravok> With how that car looks it should be going 300 mph LUL
[2022-12-06 23:53:42] <Riptide7_7> so uhhh who is the yogurt stick?
[2022-12-06 23:53:43] <%$Bazeio> girldmLUL girldmLUL
[2022-12-06 23:53:47] <%Miano_SEA> You got the brother
[2022-12-06 23:53:54] <%$Layzay73> !collab @Riptide7_7
[2022-12-06 23:53:54] <@%^StreamElements> dm is playing Overwatch 2 with EvilToaster (https://www.twitch.tv/eviltoaster), CiernaVT (https://www.twitch.tv/ciernavt), Vox Akuma (https://www.youtube.com/channel/UCckdfYDGrjojJM28n5SHYrA), Mika Melatika (https://www.youtube.com/channel/UCahgMxSIQ2zIRrPKhM6Mjvg), and GEEGA (https://www.twitch.tv/geega)
[2022-12-06 23:53:55] <%jackjumbo> chat i may be late but my eyes dont deceive me dm's model is different
[2022-12-06 23:54:04] <reenfox> Good night and good luck everyone
[2022-12-06 23:54:17] <%fafnersbane> late stege capitalism moment
[2022-12-06 23:54:25] <%+Rhipose> Jack what are you talking about. This is entirely normal DM
[2022-12-06 23:54:29] <%$Layzay73> @reenfox girldmSalute 'Night
[2022-12-06 23:54:36] <%Miano_SEA> Who played that fart sound...
[2022-12-06 23:54:40] <%snakeandwolf7> @jackjumbo What are you talking about it's the same model lol
[2022-12-06 23:54:44] <%$Bazeio> @reenfox girldmSalute
[2022-12-06 23:54:45] <@%zMiyuZ> go it, doing it right
[2022-12-06 23:54:47] <%jackjumbo> oh no its just the colors make me think its different
[2022-12-06 23:54:48] <@%zMiyuZ> you too chat
[2022-12-06 23:54:53] <%jackjumbo> i am silly
[2022-12-06 23:54:54] <@%zMiyuZ> time to make it all brown
[2022-12-06 23:55:10] VIEWERS: 889
[2022-12-06 23:55:37] <%Miano_SEA> DM PLEASE
[2022-12-06 23:55:38] <%$blazerr004> valley dm has surfaced
[2022-12-06 23:55:40] <%$Bazeio> girldmLUL ohno
[2022-12-06 23:55:41] <%zelul13> oh no
[2022-12-06 23:55:42] <%$Prophet970> girldmCheer
[2022-12-06 23:55:43] <%Miano_SEA> Aughhhhhhh
[2022-12-06 23:55:44] <%Melancholy_mage> THE PAIN
[2022-12-06 23:55:45] <%jackjumbo> more please
[2022-12-06 23:55:45] <%snakeandwolf7> HAHAHA
[2022-12-06 23:55:46] <%+Sephim> girldmLUL girldmLUL girldmLUL
[2022-12-06 23:55:47] <%$Layzay73> @jackjumbo girldmHuh what do you mean? the Colors have been like that forever
[2022-12-06 23:55:54] <D_Rida64> based
[2022-12-06 23:55:56] <%Miano_SEA> DIESOFCRINGE
[2022-12-06 23:55:59] <%PileofBlep> barrPresto
[2022-12-06 23:56:19] <%jackjumbo> @Layzay73 its ok i put on new eyes i can now see
[2022-12-06 23:56:33] <crw33> I'm sorry but that voice is veyr cringe
[2022-12-06 23:56:42] <Suhmean> we need girldm flashbang edition, just completely white
[2022-12-06 23:56:44] <%$Prophet970> waltuh
[2022-12-06 23:56:53] <awwsompossum> with the power of friendship (and overwhelming violence) we can win!
[2022-12-06 23:57:10] VIEWERS: 1 003
[2022-12-06 23:57:12] <%$Bazeio> GG girldmBounce
[2022-12-06 23:57:17] <%snakeandwolf7> GG]
[2022-12-06 23:57:19] <+Driyzzil> The plays
[2022-12-06 23:57:19] <%+Sephim> girldmBounce girldmBounce girldmBounce
[2022-12-06 23:57:19] <%PileofBlep> SHE TURNED OFF THE LIGHTS
[2022-12-06 23:57:23] <%+Rhipose> Play of the game, your ult.
[2022-12-06 23:57:25] <%+Sovereignwind> if that's not PoG...
[2022-12-06 23:57:25] <%$Prophet970> gg girldmBongocat
[2022-12-06 23:57:35] <%PileofBlep> LET'S GOOOO girldmBongocat
[2022-12-06 23:57:36] <+ToddIsEmbedded> PokPikachu
[2022-12-06 23:57:39] <sanuku12pl> ZE painn.
[2022-12-06 23:57:54] <@%zMiyuZ> catJAM that is a classic
[2022-12-06 23:57:55] <%$Bazeio> girldmLUL its miracle that vox doesnt do the terrycrews voice for doomfist
[2022-12-06 23:57:55] <@%zMiyuZ> IT IS
[2022-12-06 23:57:58] <CactusGravy> uguuTanties uguuTanties uguuTanties uguuTanties uguuTanties uguuTanties
[2022-12-06 23:58:00] <%Miano_SEA> Show us some Zenyetta action~
[2022-12-06 23:58:03] <@%zMiyuZ> SHE IS NOT A KNOWER
[2022-12-06 23:58:06] <%snakeandwolf7> She's not a knower
[2022-12-06 23:58:07] <%fafnersbane> girldmBongocat girldmBongocat girldmBongocat
[2022-12-06 23:58:12] <%$Bazeio> dont ask me girldmLUL
[2022-12-06 23:58:20] <%Miano_SEA> DM do you have the zenyetta nutcracker skin?
[2022-12-06 23:58:26] <%jackjumbo> its a good thing she does not
[2022-12-06 23:58:40] <%DedlokPM> !collab
[2022-12-06 23:58:40] <@%^StreamElements> dm is playing Overwatch 2 with EvilToaster (https://www.twitch.tv/eviltoaster), CiernaVT (https://www.twitch.tv/ciernavt), Vox Akuma (https://www.youtube.com/channel/UCckdfYDGrjojJM28n5SHYrA), Mika Melatika (https://www.youtube.com/channel/UCahgMxSIQ2zIRrPKhM6Mjvg), and GEEGA (https://www.twitch.tv/geega)
[2022-12-06 23:58:42] <%$Bazeio> girldmLUL girldmLUL girldmLUL girldmLUL
[2022-12-06 23:58:50] <%$Prophet970> girldmLUL girldmLUL
[2022-12-06 23:58:57] <%Miano_SEA> girldmLUL
[2022-12-06 23:58:59] <%+Rhipose> Mei confirmed toeless
[2022-12-06 23:59:00] <sanuku12pl> I see
[2022-12-06 23:59:10] VIEWERS: 1 003
[2022-12-06 23:59:16] <NicHartley> the end of the world?
[2022-12-06 23:59:30] <@%^StreamElements> ⚠️BACKSEATING WARNING⚠️ if you give unsolicited advice or spoilers, you will be timed out for a week - this is not a drill
[2022-12-06 23:59:32] <%snakeandwolf7> OOOO
[2022-12-06 23:59:35] <%tw1tchywings> La Fin du Mond is so good, and I can get it in the US!
[2022-12-06 23:59:41] <%+Rhipose> What's more festive then getting BLASTED
[2022-12-06 23:59:46] <sye0nara> unibroue la fin du monde
[2022-12-06 23:59:46] <%+snek981> that sounds good kromiaThink
[2022-12-06 23:59:50] <%jackjumbo> lauft en duemound???
[2022-12-06 23:59:53] <@%zMiyuZ> LMAO
[2022-12-06 23:59:53] <%snakeandwolf7> LOL
[2022-12-06 23:59:53] <%Miano_SEA> Bruh
[2022-12-06 23:59:56] <%Meraned> imperial russian stouts are REALLY good if you love strong stouts
