# Log started: 2022-12-25 05:16:51 +0100
[2022-12-25 05:16:51] <@^StreamElements> appreciate the follow azuaq
[2022-12-25 05:28:31] <@^StreamElements> appreciate the follow liewya
[2022-12-25 05:33:17] <@^StreamElements> appreciate the follow aaaaaaal123
[2022-12-25 07:04:34] <@^StreamElements> appreciate the follow xmakemealiarx
[2022-12-25 10:18:42] <@^StreamElements> appreciate the follow dangernikitos321
[2022-12-25 10:55:05] VIEWERS: 0
[2022-12-25 10:55:05] ~[DROPS✔️] CHILLING !GAMERSUPPS !DISCORD (Albion Online)~
[2022-12-25 10:55:08] <@^StreamElements> Beast1k is now live! Streaming Albion Online: [DROPS✔️] CHILLING !GAMERSUPPS !DISCORD
[2022-12-25 10:55:34] <kinkomi> hello
[2022-12-25 10:55:38] <!Klonnn> king
[2022-12-25 10:55:47] <!Klonnn> peepoCoffee
[2022-12-25 10:55:56] <boozzee> @Beast1k Hello there
[2022-12-25 10:56:09] <!Klonnn> 420 i think
[2022-12-25 10:56:16] <sexdin> merry Christmas  Beast 🎅
[2022-12-25 10:56:21] <+toxiccvegas> hello bro
[2022-12-25 10:56:35] <boozzee> hello there
[2022-12-25 10:56:40] <kinkomi> Do you think Mists buff your might a lot?
[2022-12-25 10:57:05] VIEWERS: 24
[2022-12-25 10:57:51] <kinkomi> Merry Christmas everyone
[2022-12-25 10:59:05] VIEWERS: 24
[2022-12-25 11:00:06] <@+pilarcentipede> jacking off to your stream
[2022-12-25 11:00:27] <~%Beast1k> !nda
[2022-12-25 11:00:27] <!Klonnn> @pilarcentipede you too?
[2022-12-25 11:00:27] <@^StreamElements> https://forum.albiononline.com/index.php/Thread/73808-NDA-Balance-Playtests/?pageNo=3&s=b104c1b980b65b93734a81f6985d1519c59fa3ec (scroll to the bottom)
[2022-12-25 11:00:37] <!Klonnn> POGGIES
[2022-12-25 11:00:40] <@^StreamElements> Get you sick waifu merch/cups and tasty energy drinks https://gamersupps.gg/Beast1k and support beast <3
[2022-12-25 11:00:56] <@+pilarcentipede> @pilarcentipede ye
[2022-12-25 11:01:05] VIEWERS: 24
[2022-12-25 11:01:50] <killeraron14> bless you
[2022-12-25 11:03:05] VIEWERS: 109
[2022-12-25 11:04:17] <unluckymaisy> 4M WTF
[2022-12-25 11:04:19] <unluckymaisy> FROM 8.4
[2022-12-25 11:04:21] <unluckymaisy> ??!?!?!?
[2022-12-25 11:04:45] <unluckymaisy> albion trash rate is %80 i think
[2022-12-25 11:05:05] VIEWERS: 109
[2022-12-25 11:05:36] [Points] motvei2016 redeemed RAGE CAM (3 000)
[2022-12-25 11:05:43] <%+sodathebomb> trash rate is obnoxious to deal with, also sup beast merry christmas
[2022-12-25 11:06:00] <@^StreamElements> appreciate the follow salvatore030306
[2022-12-25 11:06:12] <@^StreamElements> appreciate the follow chrasher006
[2022-12-25 11:06:18] <%+sodathebomb> O MAI GAAAHD
[2022-12-25 11:06:35] <motvei2016> Rage CAM?
[2022-12-25 11:07:05] VIEWERS: 109
[2022-12-25 11:07:12] [Points] manny0194 redeemed TWERK CAM (5 000)
[2022-12-25 11:08:56] <@+pilarcentipede> discord cuddles ?
[2022-12-25 11:08:57] <manny0194> TWERK CAM ?
[2022-12-25 11:09:05] Viewerstats (10:55-11:09): avg:74 min:0 max:199 [8/_0+24+0+0+85+0+0+90]
[2022-12-25 11:09:05] VIEWERS: 199
[2022-12-25 11:11:05] VIEWERS: 224
[2022-12-25 11:11:10] [Points] foqett redeemed HEAD PATS (1 000)
[2022-12-25 11:11:31] <%+sodathebomb> i got the nastiest candy ive ever had
[2022-12-25 11:11:45] <@^StreamElements> appreciate the follow ngxdiep
[2022-12-25 11:12:19] <%+sodathebomb> no not christmas just candy i bought cause it was on sale, candy pumpkins
[2022-12-25 11:12:43] <%+sodathebomb> yeah
[2022-12-25 11:12:55] <@^StreamElements> appreciate the follow epic_uJn
[2022-12-25 11:13:05] VIEWERS: 224
[2022-12-25 11:15:05] VIEWERS: 277
[2022-12-25 11:15:07] <%+sodathebomb> best albion meme ive seen lately
[2022-12-25 11:16:19] <%+sodathebomb> yeah chat dead
[2022-12-25 11:16:32] <@^StreamElements> appreciate the follow alalassoued123
[2022-12-25 11:17:05] VIEWERS: 277
[2022-12-25 11:17:12] [Points] razzy9161 redeemed HEAD PATS (1 000)
[2022-12-25 11:18:38] <@^StreamElements> appreciate the follow MatRG1
[2022-12-25 11:18:43] <%+sodathebomb> :)
[2022-12-25 11:19:05] VIEWERS: 282
[2022-12-25 11:19:30] <spoonysky> idk why but i feel like aligator would be a great pet
[2022-12-25 11:19:30] <%+sodathebomb> internet drama is too much energy
[2022-12-25 11:19:38] <@^StreamElements> appreciate the follow higorsoares17
[2022-12-25 11:19:41] <higorsoares17> como consigo drops ?
[2022-12-25 11:19:47] <~%Beast1k> !DROPS
[2022-12-25 11:19:47] <@^StreamElements> Bind your Albion online account to your twitch account via https://albiononline.com/twitch to receive your albion online drops today! BEST OF LUCK! To claim your rewards click this link here https://www.twitch.tv/drops/inventory
[2022-12-25 11:20:02] <higorsoares17> i nerd drops
[2022-12-25 11:20:06] <higorsoares17> need
[2022-12-25 11:20:19] <%+sodathebomb> i got more fennec videos
[2022-12-25 11:20:35] <!%iamJG> Merry Christmas!!!
[2022-12-25 11:20:40] <@^StreamElements> Get you sick waifu merch/cups and tasty energy drinks https://gamersupps.gg/Beast1k and support beast <3
[2022-12-25 11:20:41] <%+sodathebomb> fox videos
[2022-12-25 11:21:05] VIEWERS: 282
[2022-12-25 11:21:05] <!%iamJG> muy bien~ tomando some hot cocoa~
[2022-12-25 11:21:25] <@%solisolli> Merry Christmas 🎄
[2022-12-25 11:21:31] <!%iamJG> I am big on spanglish
[2022-12-25 11:21:43] <@%solisolli> JG baby👀❤️❤️❤️ merry Christmas 🎄❤️❤️❤️
[2022-12-25 11:21:54] <!%iamJG> no sabes es muy cute!
[2022-12-25 11:22:10] <!%iamJG> Merry Christmas Soli~
[2022-12-25 11:22:18] <!%iamJG> a nightmare??
[2022-12-25 11:22:27] <@%solisolli> :c
[2022-12-25 11:22:47] <spoonysky> maybe its santa?
[2022-12-25 11:23:05] VIEWERS: 282
[2022-12-25 11:24:12] <%+sodathebomb> nah we cant let that one slide
[2022-12-25 11:24:27] <!%iamJG> yeah I noticed he went live
[2022-12-25 11:24:53] <spoonysky> on mistake LUL
[2022-12-25 11:25:05] VIEWERS: 435
[2022-12-25 11:26:45] <%+sodathebomb> most of them are just random videos but ive had em for 2-3 years
[2022-12-25 11:27:01] <@^StreamElements> appreciate the follow nomggos
[2022-12-25 11:27:05] VIEWERS: 455
[2022-12-25 11:27:07] <@^StreamElements> appreciate the follow kickstar
[2022-12-25 11:27:56] <%+sodathebomb> IVE GOT SUGAR GLIDERS TOO
[2022-12-25 11:28:02] <%+sodathebomb> THEYRE FRIGGEN CUTE
[2022-12-25 11:28:21] <%+sodathebomb> two sugar gliders, a fox, and a cat
[2022-12-25 11:28:30] <@+pilarcentipede> @sodathebomb do you have racoons ?
[2022-12-25 11:28:44] <@+pilarcentipede> damn nvm
[2022-12-25 11:28:51] <@^StreamElements> appreciate the follow miloman4k0708
[2022-12-25 11:28:53] <miloman4k0708> hi
[2022-12-25 11:28:55] <!Saggox> Hello and merry christmas <3
[2022-12-25 11:29:05] VIEWERS: 455
[2022-12-25 11:29:06] <SuchyAmadeusz> Rats are cute got 7 of em
[2022-12-25 11:29:24] <%+sodathebomb> turtles are cool they usually live for a long time
[2022-12-25 11:29:51] [Points] niscard redeemed HEAD PATS (1 000)
[2022-12-25 11:29:51] <miloman4k0708> its you?
[2022-12-25 11:29:55] <%+sodathebomb> SEVEN RATS???
[2022-12-25 11:30:13] <mrcirclehead> are they pet rats or house rats
[2022-12-25 11:30:14] <spoonysky> @sodathebomb ngl tho my turtle only last 1 week
[2022-12-25 11:30:44] <@+pilarcentipede> @spoonysky f
[2022-12-25 11:30:46] <assassinarrow6> he became one in albion
[2022-12-25 11:30:46] <jedoyys> lol
[2022-12-25 11:31:05] VIEWERS: 505
[2022-12-25 11:31:07] <@^StreamElements> appreciate the follow aurynbarboza
[2022-12-25 11:31:35] <jedoyys> it's huge celebration here in Philippines bro
[2022-12-25 11:31:54] <~%Beast1k> !DISCORD
[2022-12-25 11:31:54] <@^StreamElements> join my discord for daily giveaways: https://discord.gg/Qa8CWCD
[2022-12-25 11:31:56] <!Saggox> Uploaded!
[2022-12-25 11:32:04] [Points] aurynbarboza redeemed HEAD PATS (1 000)
[2022-12-25 11:32:06] <rvg_deney> !discord
[2022-12-25 11:32:06] <@^StreamElements> join my discord for daily giveaways: https://discord.gg/Qa8CWCD
[2022-12-25 11:33:05] VIEWERS: 505
[2022-12-25 11:33:13] <%+sodathebomb> if i could have a fictional animal as a pet id have a phalanx beetle tbfh like whose gonna f with you?
[2022-12-25 11:33:31] <!%iamJG> I would love a phoenix
[2022-12-25 11:33:37] <!%iamJG> even if it burns everything
[2022-12-25 11:34:07] <TEIM0000> on
[2022-12-25 11:34:26] <%+sodathebomb> dragondeeznuts across your face
[2022-12-25 11:34:27] <miloman4k0708> лунтик
[2022-12-25 11:34:40] BAN: miloman4k0708 (1s), miloman4k0708 (1s)
[2022-12-25 11:34:42] <TEIM0000> server online
[2022-12-25 11:35:05] VIEWERS: 505
[2022-12-25 11:36:03] <spoonysky> would an alligator eat me if i raised it as a vegan?
[2022-12-25 11:36:48] <alalassoued123> hello
[2022-12-25 11:36:55] <spoonysky> my animal is my choice Kappa
[2022-12-25 11:36:59] [Points] sodathebomb redeemed HEAD PATS (1 000)
[2022-12-25 11:37:05] VIEWERS: 505
[2022-12-25 11:38:36] <spoonysky> btw your gonna end stream early today?
[2022-12-25 11:39:05] Viewerstats (11:11-11:39): avg:393 min:224 max:682 [15/224+0+53+0+5+0+0+153+20+0+50+0+0+0+177]
[2022-12-25 11:39:05] VIEWERS: 682
[2022-12-25 11:39:16] <alalassoued123> what is the next month primium gifts if u know??
[2022-12-25 11:39:33] <alalassoued123> yeh
[2022-12-25 11:40:04] <@^StreamElements> appreciate the follow へるん (herun1992)
[2022-12-25 11:40:09] <alalassoued123> not bad
[2022-12-25 11:40:10] <@^StreamElements> Get you sick waifu merch/cups and tasty energy drinks https://gamersupps.gg/Beast1k and support beast <3
[2022-12-25 11:40:16] [Points] fuiyuuuuu redeemed FLEX (20 000) [YouDontSay]
[2022-12-25 11:41:05] VIEWERS: 682
[2022-12-25 11:41:38] <alalassoued123> what u do now
[2022-12-25 11:41:54] <elitekrisp> whats your favorite weapon for OpenWorld
[2022-12-25 11:42:23] <alalassoued123> for mist
[2022-12-25 11:42:33] <!Klonnn> THE TECH
[2022-12-25 11:42:35] <!Klonnn> BABYYYYYY
[2022-12-25 11:42:39] <!Klonnn> I CAME
[2022-12-25 11:42:44] <!Klonnn> SillyChamp
[2022-12-25 11:42:57] <!Klonnn> GIMMIE THAT #K DMG
[2022-12-25 11:43:00] <!Klonnn> 3k*
[2022-12-25 11:43:01] <elitekrisp> why clarent lol
[2022-12-25 11:43:05] VIEWERS: 771
[2022-12-25 11:43:07] <!Klonnn> @elitekrisp FUCKING OP
[2022-12-25 11:43:22] <spoonysky> @elitekrisp new meta, spread the word
[2022-12-25 11:44:49] <elitekrisp> @elitekrisp i thought it was the meme weopn  and dual swords aswell
[2022-12-25 11:45:05] VIEWERS: 732
[2022-12-25 11:45:06] <@^StreamElements> appreciate the follow phillmilk
[2022-12-25 11:45:12] <@^StreamElements> appreciate the follow drikk2
[2022-12-25 11:45:29] <alalassoued123> u will play solo mist or duo
[2022-12-25 11:45:35] <fuiyuuuuu> rich people things
[2022-12-25 11:45:39] <@^StreamElements> appreciate the follow thetwitchytwitchyboy
[2022-12-25 11:45:46] <thetwitchytwitchyboy> chuchu
[2022-12-25 11:45:58] <alalassoued123> SeemsGood
[2022-12-25 11:46:43] <@^StreamElements> appreciate the follow sturmeerr
[2022-12-25 11:46:52] <eternalfIame_> how to find the new city
[2022-12-25 11:46:53] <alalassoued123> u are so calme for your buys NotLikeThis
[2022-12-25 11:46:54] <faymonri> 10k fame are 16k respecc
[2022-12-25 11:47:05] VIEWERS: 732
[2022-12-25 11:47:08] <faymonri> so 200k fame are 320k respecc
[2022-12-25 11:47:30] <fuiyuuuuu> PogChamp PogChamp PogChamp PogChamp PogChamp PogChamp PogChamp PogChamp PogChamp PogChamp
[2022-12-25 11:47:41] <thetwitchytwitchyboy> SHIIIINY
[2022-12-25 11:47:56] <elitekrisp> BUSSSIN
[2022-12-25 11:48:13] <thetwitchytwitchyboy> CHU Fing CHU
[2022-12-25 11:48:40] <thetwitchytwitchyboy> hi btw not a new viewer but a new follower :3
[2022-12-25 11:49:05] VIEWERS: 724
[2022-12-25 11:49:46] <thetwitchytwitchyboy> ayp
[2022-12-25 11:49:48] <thetwitchytwitchyboy> ayo
[2022-12-25 11:49:51] <thetwitchytwitchyboy> kekw
[2022-12-25 11:50:17] <thetwitchytwitchyboy> KEKW
[2022-12-25 11:50:19] <thetwitchytwitchyboy> typo
[2022-12-25 11:50:29] <mo2enjoyer> lvling claws right now
[2022-12-25 11:50:31] <faymonri> nono im here to
[2022-12-25 11:50:32] <mo2enjoyer> dont worry
[2022-12-25 11:50:51] <spoonysky> cake w
[2022-12-25 11:51:05] VIEWERS: 724
[2022-12-25 11:52:00] <Korveeed> fun game with no mobility Keepo
[2022-12-25 11:52:09] <@^StreamElements> appreciate the follow Najxttt
[2022-12-25 11:52:36] <Korveeed> LUL
[2022-12-25 11:53:00] <elitekrisp> ok thats it i am leveling clarent
[2022-12-25 11:53:05] VIEWERS: 724
[2022-12-25 11:53:21] <eternalfIame_> Huuuuge clarent
[2022-12-25 11:53:26] <@^StreamElements> appreciate the follow Oc3l0G4m3r
[2022-12-25 11:53:54] <spoonysky> Christmas spirit LUL
[2022-12-25 11:54:42] <spoonysky> delayed damage
[2022-12-25 11:54:52] <Korveeed> get 2 kills, read skills of weapone after LUL
[2022-12-25 11:54:56] <!Klonnn> you play this game 24/7 and yyou dont know it?
[2022-12-25 11:54:58] <!Klonnn> HAHAHAAHA
[2022-12-25 11:55:05] VIEWERS: 724
[2022-12-25 11:55:11] <@^StreamElements> appreciate the follow Junexfae
[2022-12-25 11:55:12] <!Klonnn> JUICE
[2022-12-25 11:55:19] <@^StreamElements> appreciate the follow notchyyyyy
[2022-12-25 11:55:51] <fuiyuuuuu> old hallow fall gameplay
[2022-12-25 11:56:13] <!Klonnn> NO WAY
[2022-12-25 11:56:15] <!Klonnn> NOOOOOOOOOOOO
[2022-12-25 11:56:23] <elitekrisp> the healer is winning
[2022-12-25 11:56:28] <elitekrisp> how upsetting
[2022-12-25 11:56:32] <Korveeed> LUL
[2022-12-25 11:56:37] <eternalfIame_> KEKW
[2022-12-25 11:56:41] <thetwitchytwitchyboy> LUL
[2022-12-25 11:56:45] <fuiyuuuuu> NotLikeThis NotLikeThis NotLikeThis NotLikeThis NotLikeThis
[2022-12-25 11:57:00] <Nemezzly> what he did to kill you stupid weapon
[2022-12-25 11:57:05] VIEWERS: 808
[2022-12-25 11:57:09] <@^StreamElements> appreciate the follow arthurbisco01
[2022-12-25 11:57:12] <arthurbisco01> f
[2022-12-25 11:57:13] <predatorvoids> who tf use ulti when him use jacket
[2022-12-25 11:57:17] <elitekrisp> i think we can all agree that healing staffs shouldn't be able damage
[2022-12-25 11:57:49] <predatorvoids> thats jacket reflect your dmg lmao
[2022-12-25 11:57:59] <!Klonnn> not run muisak
[2022-12-25 11:58:05] <faymonri> mana run on shopes
[2022-12-25 11:58:18] <faymonri> rip
[2022-12-25 11:59:05] VIEWERS: 808
[2022-12-25 12:00:10] <@^StreamElements> Get you sick waifu merch/cups and tasty energy drinks https://gamersupps.gg/Beast1k and support beast <3
[2022-12-25 12:00:33] <@^StreamElements> appreciate the follow albertopro7048
[2022-12-25 12:00:51] <xanknomski> Is it always better to buy gears at royal cities than in bracillian city?
[2022-12-25 12:01:05] VIEWERS: 808
[2022-12-25 12:01:15] <@^StreamElements> appreciate the follow jebedaiah1234
[2022-12-25 12:03:05] VIEWERS: 846
[2022-12-25 12:04:35] <@^StreamElements> appreciate the follow soapferi
[2022-12-25 12:05:06] VIEWERS: 846
[2022-12-25 12:06:03] <soapferi> Cool rewards for points xD
[2022-12-25 12:07:04] <@^StreamElements> appreciate the follow rogelio4565443
[2022-12-25 12:07:05] <rogelio4565443> tre
[2022-12-25 12:07:06] <@^StreamElements> appreciate the follow lostlonelysoulxvemp
[2022-12-25 12:07:09] VIEWERS: 846
[2022-12-25 12:07:11] <lostlonelysoulxvemp> sup
[2022-12-25 12:08:11] <lostlonelysoulxvemp> have you seen guy who have farmed up 3k 4.3 hemp ?
[2022-12-25 12:09:10] Viewerstats (11:41-12:09): avg:778 min:682 max:907 [15/682+89−39+0−8+0+0+0+84+0+0+38+0+0+61]
[2022-12-25 12:09:10] VIEWERS: 907
[2022-12-25 12:09:32] <thetwitchytwitchyboy> @lostlonelysoulxvemp node?
[2022-12-25 12:10:04] <lostlonelysoulxvemp> ?
[2022-12-25 12:11:10] VIEWERS: 907
[2022-12-25 12:13:12] VIEWERS: 984
[2022-12-25 12:13:25] [Points] dan07r redeemed HEAD PATS (1 000)
[2022-12-25 12:13:28] <@^StreamElements> appreciate the follow lucasmingauu
[2022-12-25 12:13:33] <dan07r> jp
[2022-12-25 12:14:06] <@^StreamElements> appreciate the follow endd231
[2022-12-25 12:14:08] <endd231> Всем привет 👋
[2022-12-25 12:14:13] BAN: endd231 (1s), endd231 (1s)
[2022-12-25 12:14:26] <endd231> Всм удалено?
[2022-12-25 12:14:28] DELETED: endd231 (Всм удалено?)
[2022-12-25 12:14:29] BAN: endd231 (1s), endd231 (1s)
[2022-12-25 12:14:35] <@+pilarcentipede> !english
[2022-12-25 12:14:37] <~%Beast1k> Please speak English in chat. S'il vous plaît parlez en anglais. Por favor, hable Inglés. por favor, fale somente em inglês. Bitte sprechen sie Englisch. Si prega di parlare in inglese. 英語を話してください. 영어로만 말하주세요. 請在聊天室中使用英語. Пожалуйста. говорите по-английски. الرجاء التحدث باللغه الانجليزيه فقط. Praat alsjeblieft Engels. Vänligen tala engelska. παρακαλουμε να μιλατε αγγλικα. Vennligst skriv engelsk I chatten. Lütfen sadece Ingilizce konuşun. لطفا فقط انگلیسی صحبت کنید
[2022-12-25 12:14:48] <endd231> What?!
[2022-12-25 12:14:53] <TEIM0000> can you speak german?
[2022-12-25 12:14:59] <endd231> No
[2022-12-25 12:15:00] <@+pilarcentipede> we cant moderate it sorry
[2022-12-25 12:15:11] <MlghtySheep> only wearing 8.3? wow down bad  sheesh
[2022-12-25 12:15:12] <endd231> Okey CaitlynS
[2022-12-25 12:15:15] VIEWERS: 984
[2022-12-25 12:16:42] <dogg1k> pepeD
[2022-12-25 12:17:15] VIEWERS: 997
[2022-12-25 12:17:30] [Points] flashfungame redeemed HEAD PATS (1 000)
[2022-12-25 12:18:35] <zanross19> Hello! I’ve wrote my suggestions about how SBI could revive dead 2v2 hellgates on the forum. Can u please help me to spread this? The concept is to return the old IP-cap, fix demonic, and change the map
[2022-12-25 12:19:01] DELETED: zanross19 (Hello! I’ve wrote my suggestions about how SBI could revive dead 2v2 hellgates on the forum. Can u please help me to spread this? The concept is to return the old IP-cap, fix demonic, and change the map)
[2022-12-25 12:19:10] <spoonysky> LUL
[2022-12-25 12:19:15] VIEWERS: 997
[2022-12-25 12:19:46] <zanross19> Wtf, why did moderator delete my message? XD
[2022-12-25 12:19:54] <@+pilarcentipede> cuze
[2022-12-25 12:20:10] <@^StreamElements> Get you sick waifu merch/cups and tasty energy drinks https://gamersupps.gg/Beast1k and support beast <3
[2022-12-25 12:20:26] <@^StreamElements> appreciate the follow leonhardtla
[2022-12-25 12:21:15] VIEWERS: 1 032
[2022-12-25 12:21:58] <@^StreamElements> appreciate the follow nikroha
[2022-12-25 12:22:02] <spoonysky> back to dg?
[2022-12-25 12:23:15] VIEWERS: 1 032
[2022-12-25 12:25:15] VIEWERS: 1 032
[2022-12-25 12:25:39] <spoonysky> catJAM
[2022-12-25 12:25:49] <megapantpp> hi
[2022-12-25 12:27:15] VIEWERS: 1 032
[2022-12-25 12:29:15] VIEWERS: 1 032
[2022-12-25 12:31:08] <@Garahaith> kekw
[2022-12-25 12:31:17] VIEWERS: 1 123
[2022-12-25 12:31:28] <@Garahaith> we gaming?
[2022-12-25 12:31:52] <!MintyPi> ayo where is the fame buff at? is that new years?
[2022-12-25 12:32:45] <@^StreamElements> appreciate the follow marcelahawaje
[2022-12-25 12:33:18] VIEWERS: 1 123
[2022-12-25 12:34:17] <!MintyPi> you talking about clarent?
[2022-12-25 12:35:03] <!MintyPi> worth just 1 stacking for slow to help kite?
[2022-12-25 12:35:20] VIEWERS: 1 091
[2022-12-25 12:35:36] <zanross19> Help me to change hellgates please
[2022-12-25 12:35:41] <zanross19> New 2s are awful
[2022-12-25 12:35:46] <zanross19> !
[2022-12-25 12:36:13] [Points] oniazure redeemed FLEX (20 000) [awful]
[2022-12-25 12:36:30] <zanross19> I mean
[2022-12-25 12:36:48] <zanross19> If I get many streamers/GVG players support me
[2022-12-25 12:36:50] <!MintyPi> give beast his 2's back and give me my conditional zones back :(
[2022-12-25 12:36:55] <zanross19> They are gonna pay attention
[2022-12-25 12:37:19] <!MintyPi> fights outside was better than inside KEKW
[2022-12-25 12:37:21] VIEWERS: 1 091
[2022-12-25 12:37:26] <@^StreamElements> appreciate the follow theslayercatuwu
[2022-12-25 12:39:18] <!MintyPi> 2 showers in the same week? wtf
[2022-12-25 12:39:21] Viewerstats (12:11-12:39): avg:1 036 min:907 max:1 123 [15/907+77+0+13+0+35+0+0+0+0+91+0−32+0+0]
[2022-12-25 12:39:21] VIEWERS: 1 091
[2022-12-25 12:39:39] <%+sodathebomb> beast once a year shower
[2022-12-25 12:39:59] [Points] rjdang redeemed TWERK CAM (5 000)
[2022-12-25 12:40:10] <@^StreamElements> Get you sick waifu merch/cups and tasty energy drinks https://gamersupps.gg/Beast1k and support beast <3
[2022-12-25 12:41:13] <zanross19> It makes no sense!
[2022-12-25 12:41:16] <zanross19> Exactly
[2022-12-25 12:41:21] VIEWERS: 1 091
[2022-12-25 12:41:24] <zanross19> I’be wrote about it
[2022-12-25 12:41:27] <zanross19> In forum
[2022-12-25 12:41:32] <higorsoares17> hj
[2022-12-25 12:41:43] <zanross19> Leave your opinion there pls
[2022-12-25 12:42:13] <zanross19> So now it’s a time to use it XD
[2022-12-25 12:42:25] <zanross19> Maybe cause you’re content creator
[2022-12-25 12:42:31] <zanross19> They are gonna listen to you
[2022-12-25 12:42:42] <zanross19> Plus you are playing this content
[2022-12-25 12:42:47] <!MintyPi> also you had a option to leave so it wasnt forced into fighting meta so people could play some random stuff and make it work
[2022-12-25 12:43:21] VIEWERS: 1 109
[2022-12-25 12:43:25] <zanross19> Mainty wdym by leave?
[2022-12-25 12:43:37] <!%iamJG> @MintyPi Merry Christmas!!!
[2022-12-25 12:43:51] <!MintyPi> you could leave through the gate you entered or after a certian ammount of time there was a timer and kicked you out after
[2022-12-25 12:43:58] <zanross19> Oh I got it
[2022-12-25 12:44:04] <zanross19> No, I don’t like this
[2022-12-25 12:44:09] <!MintyPi> 2 exits beast there was 3 spawn points but you could leave from your or enemy entrance the other wasnt spawned
[2022-12-25 12:44:13] <zanross19> It’s not a concept of the hellgates
[2022-12-25 12:44:25] <!MintyPi> @iamJG Merry xmas! madponHype
[2022-12-25 12:44:26] <zanross19> Like “Kill or be killed” is the new concept
[2022-12-25 12:44:32] <zanross19> And it’s better
[2022-12-25 12:44:37] <@^StreamElements> appreciate the follow cshouo
[2022-12-25 12:44:43] <@^StreamElements> appreciate the follow KayslayGAMING
[2022-12-25 12:45:21] VIEWERS: 1 109
[2022-12-25 12:45:22] <@^StreamElements> appreciate the follow Lostdwarfprince
[2022-12-25 12:45:41] <iscreampieee> yoo beast was it true if you reach 300k Breci pts u will get vanity skin?
[2022-12-25 12:45:58] <zanross19> I mean, they nerf healing and then add cleanse on every hood
[2022-12-25 12:46:00] <zanross19> HAHAHAHAH
[2022-12-25 12:46:06] <zanross19> So they nerf both
[2022-12-25 12:46:25] <zanross19> Healer DPS and they compeatly kill oneshots
[2022-12-25 12:47:21] VIEWERS: 1 109
[2022-12-25 12:47:28] <!MintyPi> man i miss conditional so much could hard flag and use it to not get zerged by blues or could pull people inside to gank with a party but now youre forced to have a big party to have people to protect the chest or it despawns :(
[2022-12-25 12:47:56] <@^StreamElements> appreciate the follow kell10054
[2022-12-25 12:49:01] <zanross19> I miss IP-cap and good opponents
[2022-12-25 12:49:14] [Points] JOATBlake redeemed BIG FLEX (50 000) [haha]
[2022-12-25 12:49:15] <@^StreamElements> appreciate the follow moii17
[2022-12-25 12:49:21] VIEWERS: 1 109
[2022-12-25 12:49:26] <@^StreamElements> appreciate the follow Majster0_0
[2022-12-25 12:49:31] <zanross19> The high skilled players do not want to play 2s anymore
[2022-12-25 12:49:39] <zanross19> Cause there is nothing to get
[2022-12-25 12:49:45] <moii17> oh my gahh, nice stream
[2022-12-25 12:49:53] <Majster0_0> hello
[2022-12-25 12:50:22] <@^StreamElements> appreciate the follow mrtzytaz
[2022-12-25 12:50:22] <@^StreamElements> appreciate the follow captainnemm
[2022-12-25 12:50:31] <zanross19> Cause I just like 2s
[2022-12-25 12:51:00] <captainnemm> p
[2022-12-25 12:51:01] <zanross19> I mean the fights against good demonics are cool though
[2022-12-25 12:51:12] <zanross19> Cause u both have rating and good gear
[2022-12-25 12:51:21] VIEWERS: 1 156
[2022-12-25 12:51:24] <zanross19> So there is something to Lose or to get
[2022-12-25 12:51:30] <zanross19> No I am not
[2022-12-25 12:51:37] <zanross19> I like playing 2s
[2022-12-25 12:51:55] <zanross19> But I want to fight against high tier players
[2022-12-25 12:52:02] <zanross19> Who are playing seriously
[2022-12-25 12:52:18] <zanross19> I mean, they do not play seriously
[2022-12-25 12:52:29] <zanross19> Even the people who used to play normally
[2022-12-25 12:52:34] <+kalink_> @Beast1k next round.. can you go with lightcross bow?
[2022-12-25 12:52:46] <zanross19> Today just going to troll in 2s or to chill
[2022-12-25 12:52:49] <zanross19> But not to figth
[2022-12-25 12:53:09] <moii17> there's a reward for watching? when can we get it
[2022-12-25 12:53:20] <+kalink_> I would like to see a 2v2 fight with crossbow+healer
[2022-12-25 12:53:21] VIEWERS: 1 156
[2022-12-25 12:53:52] [Points] ecclisso redeemed HEAD PATS (1 000)
[2022-12-25 12:54:46] <mateo918> hmm
[2022-12-25 12:55:05] <mateo918> 73k pkt suicide 160k pkt  hmmmmm fuck
[2022-12-25 12:55:26] VIEWERS: 1 170
[2022-12-25 12:55:45] <+kalink_> nothing special
[2022-12-25 12:55:56] [Points] Jaiceen redeemed RAGE CAM (3 000)
[2022-12-25 12:56:25] <+Lostdwarfprince> drinking then eating good food then coming home drunk to lose my hard earned silver to dumb decisions
[2022-12-25 12:56:40] <+Jaiceen> It is the way
[2022-12-25 12:56:55] <Majster0_0> pls Press eq i must ss
[2022-12-25 12:57:07] <+Lostdwarfprince> based albion gameplay tbh
[2022-12-25 12:57:15] <!MintyPi> ayo I thought you dont drink
[2022-12-25 12:57:23] <Majster0_0> thx
[2022-12-25 12:57:26] VIEWERS: 1 170
[2022-12-25 12:57:44] <+Lostdwarfprince> agreed thats why I drink
[2022-12-25 12:58:04] <!MintyPi> sounds like me
[2022-12-25 12:58:10] <!MintyPi> are you also autistic? KEKW
[2022-12-25 12:58:24] <+kalink_> sounds like 90% of people here watching xD
[2022-12-25 12:59:21] <@^StreamElements> appreciate the follow loki99t5
[2022-12-25 12:59:26] VIEWERS: 1 170
[2022-12-25 12:59:50] [Points] Brolotv_Twitch redeemed LURK CAM (500)
[2022-12-25 12:59:57] <+kalink_> lightcrossbow now? BuddhaBar
[2022-12-25 13:00:01] [Points] Brolotv_Twitch redeemed HEAD PATS (1 000)
[2022-12-25 13:00:10] <@^StreamElements> Get you sick waifu merch/cups and tasty energy drinks https://gamersupps.gg/Beast1k and support beast <3
[2022-12-25 13:00:22] <+kalink_> is it that bad on 2v2?
[2022-12-25 13:01:16] <+Lostdwarfprince> dgens
[2022-12-25 13:01:26] VIEWERS: 1 185
[2022-12-25 13:01:31] <+kalink_> maybe to receive a morning blowjob? so why he washes his dick at morning
[2022-12-25 13:01:55] <@%yunosann> i blew myself
[2022-12-25 13:02:00] <@%yunosann> had to make sure i was clean
[2022-12-25 13:02:03] <+kalink_> @yunosann wut
[2022-12-25 13:03:05] [Raid] 302 raiders from Ji_nius have joined!
[2022-12-25 13:03:05] <@^StreamElements> Ji_nius just raided the channel with 302 viewers PogChamp
[2022-12-25 13:03:13] <!%iamJG> wooooo~ let's go!!!!!!!!
[2022-12-25 13:03:17] <@^StreamElements> appreciate the follow 1ofus1ofus
[2022-12-25 13:03:18] <1ofus1ofus> merry xmas
[2022-12-25 13:03:26] <@Ji_nius> merry christmas
[2022-12-25 13:03:26] VIEWERS: 1 185
[2022-12-25 13:03:39] <rizon_irc> merry christmas
[2022-12-25 13:03:41] <!MintyPi> HypeLove1
[2022-12-25 13:03:41] <civen27> Merry Christmas
[2022-12-25 13:03:47] <@Ji_nius> nothing
[2022-12-25 13:03:59] <+DudeOfChaos07> jiniusCat jiniusCat jiniusCat jiniusCat jiniusCat
[2022-12-25 13:04:04] <@Ji_nius> going to sleep Zzz and  wake up and write some paper
[2022-12-25 13:04:12] <@Ji_nius> I dont need to go outside :D
[2022-12-25 13:04:36] <@Ji_nius> have a good stream
[2022-12-25 13:04:40] <@^StreamElements> appreciate the follow sharpenito
[2022-12-25 13:05:26] VIEWERS: 1 185
[2022-12-25 13:05:44] <~%Beast1k> !so ji_nius
[2022-12-25 13:05:44] <@^StreamElements> Be sure to follow ji_nius at https://twitch.tv/ji_nius ,  He/She was last playing Albion Online
[2022-12-25 13:06:36] <@^StreamElements> appreciate the follow iy_ek
[2022-12-25 13:07:02] <@^StreamElements> appreciate the follow breakyaneeck
[2022-12-25 13:07:26] VIEWERS: 1 185
[2022-12-25 13:09:26] Viewerstats (12:41-13:09): avg:1 166 min:1 091 max:1 403 [15/1 091+18+0+0+0+47+0+14+0+0+15+0+0+0+218]
[2022-12-25 13:09:26] VIEWERS: 1 403
[2022-12-25 13:09:32] <+Xavusca_TW> what is the healer set?
[2022-12-25 13:09:38] <+Xavusca_TW> gg
[2022-12-25 13:09:50] <+Xavusca_TW> lol
[2022-12-25 13:09:52] <+Xavusca_TW> ty
[2022-12-25 13:10:38] <@%w0n23> happy holidays my beautiful beastypoo
[2022-12-25 13:10:48] <@%w0n23> GOOD MORNING
[2022-12-25 13:10:54] <@%w0n23> love you brooo
[2022-12-25 13:11:26] VIEWERS: 1 403
[2022-12-25 13:11:26] <@%w0n23> I didn't last till main slept at like 3
[2022-12-25 13:13:26] VIEWERS: 1 440
[2022-12-25 13:15:01] <@^StreamElements> appreciate the follow berentepes
[2022-12-25 13:15:14] <shakyras_> !drops
[2022-12-25 13:15:14] <@^StreamElements> Bind your Albion online account to your twitch account via https://albiononline.com/twitch to receive your albion online drops today! BEST OF LUCK! To claim your rewards click this link here https://www.twitch.tv/drops/inventory
[2022-12-25 13:15:26] VIEWERS: 1 440
[2022-12-25 13:17:26] VIEWERS: 1 440
[2022-12-25 13:18:52] [Points] galaxy_385 redeemed LURK CAM (500)
[2022-12-25 13:19:20] [Points] galaxy_385 redeemed HEAD PATS (1 000)
[2022-12-25 13:19:26] VIEWERS: 1 440
[2022-12-25 13:19:27] <@^StreamElements> appreciate the follow sacredky
[2022-12-25 13:20:08] <@^StreamElements> appreciate the follow deluna29006
[2022-12-25 13:20:50] <@^StreamElements> appreciate the follow mikkoookk
[2022-12-25 13:21:26] VIEWERS: 1 440
[2022-12-25 13:22:05] <+Atx_Merce> 9 ads geez
[2022-12-25 13:22:35] <+Atx_Merce> thats what I get for passing my prime around like a you know what
[2022-12-25 13:22:48] <!Kid168> merry xmas chat HahaLean
[2022-12-25 13:23:04] <+Atx_Merce> @Kid168 Merry Christmas to ya
[2022-12-25 13:23:26] VIEWERS: 1 440
[2022-12-25 13:24:59] <@^StreamElements> appreciate the follow Prejuizoo
[2022-12-25 13:25:26] VIEWERS: 1 569
[2022-12-25 13:25:56] <+Atx_Merce> chaos?
[2022-12-25 13:26:09] <+Atx_Merce> I am new don't roast me
[2022-12-25 13:26:14] <isyntax_> deathgivers price sky rocketed fk
[2022-12-25 13:26:25] <+Atx_Merce> is this open world?
[2022-12-25 13:26:40] <+Atx_Merce> yeah like 60k for t4
[2022-12-25 13:27:18] <!MintyPi> i have some 8.3 dgs
[2022-12-25 13:27:26] <!MintyPi> actually pilar might have already sold em
[2022-12-25 13:27:26] VIEWERS: 1 569
[2022-12-25 13:27:40] <!MintyPi> i think it said 4.6mill or something
[2022-12-25 13:27:51] <!MintyPi> i got them in old blackzone portal zone lmao
[2022-12-25 13:28:08] <isyntax_> i just sold 4.1 deathgivers for 150k lol
[2022-12-25 13:28:47] <+Atx_Merce> insane
[2022-12-25 13:29:04] <+Atx_Merce> glad I got mine for 30k
[2022-12-25 13:29:26] VIEWERS: 1 569
[2022-12-25 13:30:33] [Points] gigachad_nogay redeemed HEAD PATS (1 000)
[2022-12-25 13:30:45] <+Atx_Merce> yeah he knows
[2022-12-25 13:31:26] VIEWERS: 1 508
[2022-12-25 13:31:48] <@^StreamElements> appreciate the follow gigachad_nogay
[2022-12-25 13:31:55] <@^StreamElements> appreciate the follow cobrabufu
[2022-12-25 13:32:19] <gigachad_nogay> الله اكبر لا اله الا الله محمد رسول الله
[2022-12-25 13:32:25] BAN: gigachad_nogay (1s), gigachad_nogay (1s)
[2022-12-25 13:33:26] VIEWERS: 1 508
[2022-12-25 13:34:47] <@^StreamElements> appreciate the follow d3zard
[2022-12-25 13:35:20] <evucsss> HeyGuys
[2022-12-25 13:35:24] <LittleDem0nn> !drops
[2022-12-25 13:35:24] <@^StreamElements> Bind your Albion online account to your twitch account via https://albiononline.com/twitch to receive your albion online drops today! BEST OF LUCK! To claim your rewards click this link here https://www.twitch.tv/drops/inventory
[2022-12-25 13:35:26] VIEWERS: 1 508
[2022-12-25 13:35:42] <+Atx_Merce> are the map dungeons?
[2022-12-25 13:35:52] <+Atx_Merce> these*
[2022-12-25 13:36:30] <@^StreamElements> appreciate the follow julienesousa96
[2022-12-25 13:36:37] <@^StreamElements> appreciate the follow qystreams
[2022-12-25 13:36:42] <+qystreams> kaneki x what my fav
[2022-12-25 13:37:09] <@^StreamElements> appreciate the follow legaciest
[2022-12-25 13:37:12] <legaciest> you do 2v2 hg all day?
[2022-12-25 13:37:15] <+Atx_Merce> happy hardcore
[2022-12-25 13:37:26] VIEWERS: 1 534
[2022-12-25 13:37:43] <中文91 (asd05181916)> 666666666
[2022-12-25 13:37:54] <legaciest> change music?
[2022-12-25 13:38:11] [Points] Brolotv_Twitch redeemed LURK CAM (500)
[2022-12-25 13:38:14] [Points] Brolotv_Twitch redeemed HEAD PATS (1 000)
[2022-12-25 13:38:29] <xavipising> ey
[2022-12-25 13:38:31] <evucsss> Merry Christmas 🎁🎄🥳❤️
[2022-12-25 13:38:34] [Points] motvei2016 redeemed RAGE CAM (3 000)
[2022-12-25 13:39:24] [Points] Brolotv_Twitch redeemed LURK CAM (500)
[2022-12-25 13:39:26] Viewerstats (13:11-13:39): avg:1 489 min:1 403 max:1 569 [15/1 403+37+0+0+0+0+0+129+0+0−61+0+0+26+0]
[2022-12-25 13:39:26] VIEWERS: 1 534
[2022-12-25 13:39:40] <sunnywyy> LULW nobody asked
[2022-12-25 13:40:10] <@^StreamElements> Get you sick waifu merch/cups and tasty energy drinks https://gamersupps.gg/Beast1k and support beast <3
[2022-12-25 13:40:15] <sunnywyy> PogU big streamer said hi to me
[2022-12-25 13:40:22] <sunnywyy> OMEGALUL PogU not added still
[2022-12-25 13:40:23] <+Atx_Merce> everytime I stop smoking and start to pay attention to learn I get ad'd
[2022-12-25 13:40:25] [Points] motvei2016 redeemed LURK CAM (500)
[2022-12-25 13:40:47] <sunnywyy> Aware tell us about it
[2022-12-25 13:41:13] <sunnywyy> ??????
[2022-12-25 13:41:26] VIEWERS: 1 534
[2022-12-25 13:41:37] <legaciest> deathgivers aint gonna be nerfed no more, eh?
[2022-12-25 13:42:06] <sunnywyy> @legaciest buff it, said sbi
[2022-12-25 13:42:11] <sunnywyy> OMEGALUL
[2022-12-25 13:42:17] <@^StreamElements> appreciate the follow m4t3usz2002
[2022-12-25 13:42:18] <sunnywyy> dud deathgivers is too op
[2022-12-25 13:42:26] <sunnywyy> its unbeatable in cds rn
[2022-12-25 13:42:34] <@^StreamElements> appreciate the follow princemjc
[2022-12-25 13:42:56] <sunnywyy> tell me a single situation where anything can beat deathgivers standard build
[2022-12-25 13:43:11] <sunnywyy> ????
[2022-12-25 13:43:13] <sunnywyy> u just break
[2022-12-25 13:43:16] <sunnywyy> wtf u on about
[2022-12-25 13:43:20] <sunnywyy> i said beat
[2022-12-25 13:43:23] <sunnywyy> OMEGALUL
[2022-12-25 13:43:26] VIEWERS: 1 534
[2022-12-25 13:43:51] <sunnywyy> I said anything that can beat it, u cant beat it if deathgivers can run away
[2022-12-25 13:43:55] <sunnywyy> OMEGALUL
[2022-12-25 13:44:19] <sunnywyy> OMEGALUL whispering bow
[2022-12-25 13:44:34] <sunnywyy> the only weapon i can think of that may beat deathgivers in cds is chillhowl
[2022-12-25 13:45:02] <+Atx_Merce> you can get perks to reset the CD
[2022-12-25 13:45:26] VIEWERS: 1 560
[2022-12-25 13:45:51] <sunnywyy> PepeNPC zvz slave 1
[2022-12-25 13:46:06] <@^StreamElements> appreciate the follow wahyu1922
[2022-12-25 13:46:19] <sunnywyy> deathgivers is like the new sword
[2022-12-25 13:46:19] <@^StreamElements> appreciate the follow miklerurfi
[2022-12-25 13:46:26] <sunnywyy> but actually more op
[2022-12-25 13:46:59] <sunnywyy> Aware I dont celebrate christmas  tho
[2022-12-25 13:47:26] <sunnywyy> Aware I am single, I have no friends and I have depression
[2022-12-25 13:47:26] VIEWERS: 1 560
[2022-12-25 13:47:32] <+Atx_Merce> fathers day
[2022-12-25 13:47:47] <sunnywyy> @Atx_Merce Aware thats worse wtf
[2022-12-25 13:48:42] <@^StreamElements> appreciate the follow whitelion426
[2022-12-25 13:48:43] <whitelion426> !
[2022-12-25 13:49:14] <@^StreamElements> appreciate the follow radithochid
[2022-12-25 13:49:17] <+Atx_Merce> They actually say that its a myth the number is the same
[2022-12-25 13:49:22] <radithochid> Hello
[2022-12-25 13:49:26] VIEWERS: 1 560
[2022-12-25 13:49:33] <+Atx_Merce> news companies perpetuate the cycle of news stories
[2022-12-25 13:49:47] <+Atx_Merce> suicide rates during holidays
[2022-12-25 13:49:52] <sunnywyy> PepeNPC ironroot
[2022-12-25 13:50:05] <sunnywyy> OMEGALUL no shot
[2022-12-25 13:50:29] <whitelion426> !
[2022-12-25 13:50:32] <sunnywyy> t8 in 2s wtf
[2022-12-25 13:50:59] <@^StreamElements> appreciate the follow dragonballsuper2tv
[2022-12-25 13:50:59] <dragonballsuper2tv> ando transmitiendo Dragon ball super broly latino en mi canal
[2022-12-25 13:51:05] <sunnywyy> cant u just oc in t7, why oc in t8 4Head
[2022-12-25 13:51:09] <xavipising> ey what should i main
[2022-12-25 13:51:15] <sunnywyy> and it was like gucci shit
[2022-12-25 13:51:23] BAN: dragonballsuper2tv (1s), dragonballsuper2tv (1s)
[2022-12-25 13:51:26] VIEWERS: 1 579
[2022-12-25 13:51:37] <sunnywyy> @xavipising what do u want to play, we can only try to give suggestions
[2022-12-25 13:51:48] <sunnywyy> bro he was advertising
[2022-12-25 13:52:00] <sunnywyy> the dud was advertising his channel in spanish
[2022-12-25 13:52:01] <@^StreamElements> appreciate the follow hs_dxd
[2022-12-25 13:52:02] <sunnywyy> OMEGALUL
[2022-12-25 13:52:05] BAN: dragonballsuper2tv
[2022-12-25 13:52:27] <@^StreamElements> appreciate the follow osadfon
[2022-12-25 13:52:39] <99_Akuma> aquimaGarra
[2022-12-25 13:53:21] <@^StreamElements> appreciate the follow qqq144
[2022-12-25 13:53:26] VIEWERS: 1 579
[2022-12-25 13:53:53] <+Atx_Merce> ah so they are hellgate maps
[2022-12-25 13:54:19] <@^StreamElements> appreciate the follow kenny_o_pinguim
[2022-12-25 13:54:38] <sunnywyy> wait theres solo dungeons in mists?
[2022-12-25 13:54:39] <sunnywyy> Aware
[2022-12-25 13:54:57] <hated_papii_v2> waht is the red thiung
[2022-12-25 13:54:57] <sunnywyy> oh nvm its brecilien map
[2022-12-25 13:55:11] <sunnywyy> @hated_papii_v2 PepeNPC its the 2s hellgate map
[2022-12-25 13:55:16] <hated_papii_v2> oh
[2022-12-25 13:55:26] VIEWERS: 1 579
[2022-12-25 13:55:28] <sunnywyy> its like when u pop a solo dungeon map, a green thing appears
[2022-12-25 13:55:29] <hated_papii_v2> never seen one popped before threw me off
[2022-12-25 13:55:31] <sunnywyy> this is the same thing
[2022-12-25 13:56:00] <@^StreamElements> appreciate the follow volcass
[2022-12-25 13:56:10] <miklerurfi> StinkyGlitch
[2022-12-25 13:57:26] VIEWERS: 1 579
[2022-12-25 13:57:50] <sunnywyy> Aware ads
[2022-12-25 13:59:26] VIEWERS: 1 579
[2022-12-25 13:59:32] <@+pilarcentipede> !PRIME
[2022-12-25 14:00:10] <@^StreamElements> Get you sick waifu merch/cups and tasty energy drinks https://gamersupps.gg/Beast1k and support beast <3
[2022-12-25 14:00:21] <sunnywyy> @pilarcentipede OMEGALUL still nto a sub
[2022-12-25 14:00:26] <sunnywyy> Aware same as me
[2022-12-25 14:00:28] <@^StreamElements> appreciate the follow weevetox
[2022-12-25 14:00:41] <sunnywyy> LULW fakturka = no one
[2022-12-25 14:01:26] VIEWERS: 1 719
[2022-12-25 14:01:35] <sunnywyy> Aware the japanese albion vtubers are not on
[2022-12-25 14:01:36] <+Atx_Merce> its to early for me I have to get the coffee going first
[2022-12-25 14:01:54] <@^StreamElements> appreciate the follow kromatov
[2022-12-25 14:01:54] <@^StreamElements> appreciate the follow LightMasterTV
[2022-12-25 14:01:56] <sunnywyy> @Atx_Merce Aware its too late for me so I ahve to get the coffee going first
[2022-12-25 14:02:11] <mrxninjao> How do i stop this game addiction for real I need help
[2022-12-25 14:02:17] <sunnywyy> modCheck
[2022-12-25 14:02:36] <@^StreamElements> appreciate the follow vitalawert
[2022-12-25 14:02:42] <sunnywyy> @mrxninjao uninstall is actually the most effective way if you ask me
[2022-12-25 14:02:50] <+Atx_Merce> facts
[2022-12-25 14:03:03] <sunnywyy> its hard as fuck if you want to quit, but it is easy afterwards
[2022-12-25 14:03:10] <%+simplydawn__> burn your pc, @mrxninjao  best way but costly
[2022-12-25 14:03:20] <sunnywyy> gachiBASS
[2022-12-25 14:03:26] <sunnywyy> @simplydawn__ ?????
[2022-12-25 14:03:26] VIEWERS: 1 719
[2022-12-25 14:03:33] <mrxninjao> I uninstalled more than 50 times and still cant stop the enjoyment
[2022-12-25 14:03:43] <%+simplydawn__> u too sir, @Beast1k
[2022-12-25 14:03:44] <sunnywyy> albion can by played on mobile @simplydawn__ OMEGALUL
[2022-12-25 14:03:51] <%+simplydawn__> ho no no no
[2022-12-25 14:03:59] <%+simplydawn__> live in the forest without anything, KEKW
[2022-12-25 14:04:27] <sunnywyy> @mrxninjao ???
[2022-12-25 14:04:51] <sunnywyy> @mrxninjao if you really want to quit, just try hard to not install it back
[2022-12-25 14:04:54] <mrxninjao> can I ask support to lock my account
[2022-12-25 14:05:05] <+Atx_Merce> @mrxninjao yeah you can
[2022-12-25 14:05:07] <@^StreamElements> appreciate the follow hihihihihi_its_me
[2022-12-25 14:05:26] <@^StreamElements> appreciate the follow lcsviana
[2022-12-25 14:05:26] VIEWERS: 1 683
[2022-12-25 14:05:28] <lcsviana> a
[2022-12-25 14:05:31] <hihihihihi_its_me> Hi bro
[2022-12-25 14:05:52] <mrxninjao> @mrxninjao will it be forever or like for couple of months?
[2022-12-25 14:07:09] <bluewralth> bgm music hits hard
[2022-12-25 14:07:26] VIEWERS: 1 683
[2022-12-25 14:07:34] <evucsss> LUL
[2022-12-25 14:08:13] <bluewralth> something else on his mind Kappa Kappa
[2022-12-25 14:08:37] <mrxninjao> I will try locking my account it will be the best solution i think, thank you guys
[2022-12-25 14:09:08] <0verxl0rd> guys cd loot still sucks?
[2022-12-25 14:09:26] Viewerstats (13:41-14:09): avg:1 606 min:1 534 max:1 719 [15/1 534+0+26+0+0+19+0+0+0+0+140+0−36+0−31]
[2022-12-25 14:09:26] VIEWERS: 1 652
[2022-12-25 14:09:58] <@^StreamElements> appreciate the follow theguiv
[2022-12-25 14:10:13] <@^StreamElements> appreciate the follow fierari
[2022-12-25 14:10:15] <@^StreamElements> appreciate the follow alexpraint
[2022-12-25 14:11:26] VIEWERS: 1 652
[2022-12-25 14:11:32] <sunnywyy> @0verxl0rd OMEGALUL no sht
[2022-12-25 14:11:54] <@^StreamElements> appreciate the follow alexxavierr0
[2022-12-25 14:12:07] <sunnywyy> cd loot is like 75% loot from enemies, and 25% from chests and demon loot
[2022-12-25 14:12:08] <@^StreamElements> appreciate the follow herlandalex
[2022-12-25 14:13:26] VIEWERS: 1 652
[2022-12-25 14:13:59] <sunnywyy> OMEGALUL healer no mana
[2022-12-25 14:14:05] <sunnywyy> OMEGALUL so bad wtf
[2022-12-25 14:14:16] <bluewralth> dam
[2022-12-25 14:14:24] <sunnywyy> OMEGALUL
[2022-12-25 14:14:27] <bluewralth> ez W
[2022-12-25 14:14:28] <sunnywyy> btw fara carried
[2022-12-25 14:14:34] <sunnywyy> healer diff
[2022-12-25 14:14:37] <@+pilarcentipede> cap
[2022-12-25 14:14:45] <kornelsc> claymore so shit in 2s
[2022-12-25 14:14:46] <@^StreamElements> appreciate the follow mvp1803
[2022-12-25 14:14:50] <sunnywyy> @pilarcentipede OMEGALUL 1.4m
[2022-12-25 14:14:51] <@%yunosann> @kornelsc ???
[2022-12-25 14:14:52] <@%yunosann> LOL
[2022-12-25 14:15:03] <mvp1803> What build your healer?
[2022-12-25 14:15:04] <sunnywyy> @kornelsc PepeNPC literal npc
[2022-12-25 14:15:22] <@+pilarcentipede> @kornelsc YEAH they should buff it
[2022-12-25 14:15:26] VIEWERS: 1 652
[2022-12-25 14:15:30] <@%yunosann> xddddddddddddddddd
[2022-12-25 14:15:35] <sunnywyy> @kornelsc Clueless
[2022-12-25 14:15:40] <@^StreamElements> appreciate the follow weest37
[2022-12-25 14:15:49] <sunnywyy> a what fetish?
[2022-12-25 14:16:12] <bluewralth> they lost???
[2022-12-25 14:16:49] <@^StreamElements> appreciate the follow sureshkumar186
[2022-12-25 14:17:26] VIEWERS: 1 652
[2022-12-25 14:19:14] <@^StreamElements> appreciate the follow TurgutTaner
[2022-12-25 14:19:21] <sunnywyy> i had like 4 ads Aware
[2022-12-25 14:19:24] <+TurgutTaner> !drop
[2022-12-25 14:19:26] VIEWERS: 1 790
[2022-12-25 14:19:30] <sunnywyy> PepeNPC !drop
[2022-12-25 14:19:33] <sunnywyy> !drops
[2022-12-25 14:19:33] <@^StreamElements> Bind your Albion online account to your twitch account via https://albiononline.com/twitch to receive your albion online drops today! BEST OF LUCK! To claim your rewards click this link here https://www.twitch.tv/drops/inventory
[2022-12-25 14:19:35] <sunnywyy> @TurgutTaner
[2022-12-25 14:20:10] <@^StreamElements> Get you sick waifu merch/cups and tasty energy drinks https://gamersupps.gg/Beast1k and support beast <3
[2022-12-25 14:21:07] <pugib> hey guys I'm back
[2022-12-25 14:21:26] VIEWERS: 1 790
[2022-12-25 14:21:37] <sunnywyy> Aware hours streamed -11% compared to last week
[2022-12-25 14:22:04] <@^StreamElements> appreciate the follow vadimys2410
[2022-12-25 14:22:05] <sunnywyy> -17% compared to last month
[2022-12-25 14:22:15] <sunnywyy> Aware beast is washed
[2022-12-25 14:22:36] <pugib> beast which city you in
[2022-12-25 14:22:58] <sunnywyy> OMEGALUL u got -29 followers from streaming lost ark
[2022-12-25 14:23:05] <sunnywyy> OMEGALUL wtf
[2022-12-25 14:23:26] VIEWERS: 1 674
[2022-12-25 14:24:06] <pugib> I used to be the best streamer
[2022-12-25 14:24:06] [Points] bozo_____________ redeemed HEAD PATS (1 000)
[2022-12-25 14:24:32] <sunnywyy> ***
[2022-12-25 14:24:34] <sunnywyy> Aware
[2022-12-25 14:24:54] <@%w0n23> beast are u full 840 on dagger
[2022-12-25 14:25:26] VIEWERS: 1 674
[2022-12-25 14:25:27] <@%w0n23> do you know how much ip u get 8.4?
[2022-12-25 14:25:32] <pugib> beast any tips for black zone and how to get silver
[2022-12-25 14:25:53] <@%w0n23> tyty <3
[2022-12-25 14:26:12] <pugib> bruh
[2022-12-25 14:26:23] <sunnywyy> !followage
[2022-12-25 14:26:23] <~%Beast1k> sunnywyy's Follow Age: 3 Month(s), 13 Day(s)
[2022-12-25 14:26:23] <@^StreamElements> @sunnywyy, sunnywyy has been following beast1k for  3 months 13 days 2 hours
[2022-12-25 14:26:23] <@^StreamElements> You have been following Beast1k for 3 months, 1 week
[2022-12-25 14:26:28] <sunnywyy> Aware 3 months
[2022-12-25 14:26:30] <@^StreamElements> appreciate the follow Kiiimsl
[2022-12-25 14:26:52] <rumancekl> !followage
[2022-12-25 14:26:52] <@^StreamElements> @rumancekl, rumancekl has been following beast1k for  24 days 22 hours
[2022-12-25 14:26:52] <@^StreamElements> You have been following Beast1k for 3 weeks, 3 days
[2022-12-25 14:26:53] <~%Beast1k> rumancekl's Follow Age: 24 Day(s)
[2022-12-25 14:27:26] <sunnywyy> @pugib depends on what u want to do, this is a game, not a job, best answer to ur question is: the best way to earn silver is to do economy, check doubleback nv for tips
[2022-12-25 14:27:27] VIEWERS: 1 674
[2022-12-25 14:27:27] <@%w0n23> bro im missing 23 spec holy
[2022-12-25 14:27:45] <@%w0n23> like I'm 2068
[2022-12-25 14:27:52] <@%w0n23> I'm a speclet
[2022-12-25 14:28:06] <sunnywyy> @pugib if you want to have fun while playing a game, do whatever the f u want to do, not do the thing that makes the most silver
[2022-12-25 14:28:40] <sunnywyy> catKISS won
[2022-12-25 14:28:47] <miloman4k0708> how did you improve your skills?
[2022-12-25 14:29:06] <pugib> ok sunny I'ma just kill a bunch of mobs in black zone and kill players also thx sunny😁
[2022-12-25 14:29:24] <sunnywyy> @pugib SeemsGood
[2022-12-25 14:29:27] VIEWERS: 1 699
[2022-12-25 14:29:45] <$MonkKaee> !followage
[2022-12-25 14:29:45] <@^StreamElements> @MonkKaee, monkkaee has been following beast1k for  1 year 8 months 26 days 6 hours
[2022-12-25 14:29:45] <@^StreamElements> You have been following Beast1k for 1 year, 8 months
[2022-12-25 14:29:46] <~%Beast1k> MonkKaee's Follow Age: 1 Year(s), 8 Month(s), 26 Day(s)
[2022-12-25 14:29:52] [Points] tkpipo3 redeemed HEAD PATS (1 000)
[2022-12-25 14:29:53] <$MonkKaee> monkaW
[2022-12-25 14:30:33] <!caram1lk16> !followage
[2022-12-25 14:30:33] <@^StreamElements> @caram1lk16, caram1lk16 has been following beast1k for  8 months 7 days 19 hours
[2022-12-25 14:30:33] <@^StreamElements> You have been following Beast1k for 8 months, 1 week
[2022-12-25 14:30:33] <~%Beast1k> caram1lk16's Follow Age: 8 Month(s), 7 Day(s)
[2022-12-25 14:31:03] <@^StreamElements> appreciate the follow moon_loord99
[2022-12-25 14:31:17] <SirBigotes> gj
[2022-12-25 14:31:23] <pugib> how to do transport missions cause I always see people do transport
[2022-12-25 14:31:27] VIEWERS: 1 699
[2022-12-25 14:31:31] <%Redvid1> what is that follow sound KEKW
[2022-12-25 14:31:43] <@%pammercakes> beast14Fire w0n23D beast14Fire w0n23D beast14Fire w0n23D beast14Fire
[2022-12-25 14:32:01] <pugib> bruh
[2022-12-25 14:32:08] [Points] pammercakes redeemed HEAD PATS (1 000)
[2022-12-25 14:32:16] <sunnywyy> @pugib firstly, dont do transport missions, instead make buy orders in any rest cities in black zone, find ava roads and transport them back to royal cities
[2022-12-25 14:32:42] <pugib> hm ok thx
[2022-12-25 14:32:43] <mvp1803> Your healer resistance ou energy?
[2022-12-25 14:32:55] <sunnywyy> that was my suggestion, secondly you need to buy specific amount of hearts from the market depending on the size of the transport quest
[2022-12-25 14:33:30] <sunnywyy> thirdly you have to go to the faction warfare npc, go to the faction transport tab and claim mission, given that you have the mount weight
[2022-12-25 14:33:31] VIEWERS: 1 699
[2022-12-25 14:33:31] <mvp1803> thx
[2022-12-25 14:33:37] <aanilmertt> the food is almost over
[2022-12-25 14:34:30] <!%iamJG> finally heading to bed~
[2022-12-25 14:34:38] <!%iamJG> adios! te adoro <3
[2022-12-25 14:34:42] <!%iamJG> have a great stream!!!
[2022-12-25 14:35:32] VIEWERS: 1 699
[2022-12-25 14:36:03] <@+holyjckimjack> AYYOOO
[2022-12-25 14:36:06] <@+holyjckimjack> WHAT IT DO BABY BOO
[2022-12-25 14:36:24] <@+holyjckimjack> MERRY CHRISTMAS
[2022-12-25 14:36:29] <@+holyjckimjack> I HAVE NO ADS AGAIN
[2022-12-25 14:36:31] <@+holyjckimjack> WOOOOOOOOOOOOOO
[2022-12-25 14:36:35] <@^StreamElements> appreciate the follow anna55966
[2022-12-25 14:36:38] <@+holyjckimjack> I leave in 2 days
[2022-12-25 14:36:43] <sunnywyy> Aware entire english albion twitch community is here?
[2022-12-25 14:37:02] <sunnywyy> @iamJG  catKISS
[2022-12-25 14:37:32] VIEWERS: 1 799
[2022-12-25 14:37:54] <sunnywyy> monkaS ???
[2022-12-25 14:39:32] Viewerstats (14:11-14:39): avg:1 706 min:1 652 max:1 799 [15/1 652+0+0+0+138+0−116+0+0+25+0+0+0+100+0]
[2022-12-25 14:39:32] VIEWERS: 1 799
[2022-12-25 14:40:11] <@^StreamElements> Get you sick waifu merch/cups and tasty energy drinks https://gamersupps.gg/Beast1k and support beast <3
[2022-12-25 14:41:04] <sunnywyy> catJAM im star walkin
[2022-12-25 14:41:24] <SirBigotes> i can see u build
[2022-12-25 14:41:32] VIEWERS: 1 719
[2022-12-25 14:41:35] <sunnywyy> Kappa its not good
[2022-12-25 14:41:48] <Buddos> Murray Chridmuss
[2022-12-25 14:42:02] <sunnywyy> @SirBigotes its pretty much meta, but bottom meta, its mostly skill diff
[2022-12-25 14:42:05] <@^StreamElements> appreciate the follow dachsteinz
[2022-12-25 14:42:06] <dachsteinz> im confused to playing this game.. im newbie.. how to make silver ?
[2022-12-25 14:42:19] <@^StreamElements> appreciate the follow rampage7898
[2022-12-25 14:42:26] <Buddos> @dachsteinz YouTube guides from 0 to 100 :)
[2022-12-25 14:43:21] <sunnywyy> @dachsteinz the question is do you want to make silver which might not be fun, or do you want to do something else that is guaranteed fun for u?
[2022-12-25 14:43:32] VIEWERS: 1 719
[2022-12-25 14:43:37] <dachsteinz> feel boring when you gathering all make your tool 100
[2022-12-25 14:43:48] <@^StreamElements> appreciate the follow grekuuu7
[2022-12-25 14:43:53] <SirBigotes> XD
[2022-12-25 14:44:17] <dachsteinz> @sunnywyy easy ways 😁
[2022-12-25 14:44:29] <miklerurfi> asd
[2022-12-25 14:45:32] VIEWERS: 1 765
[2022-12-25 14:45:39] <sunnywyy> @dachsteinz if you want to earn money while have fun, why not try finding a content that is fun to you and do it so much that you will earn tons of money since you are expert at it?
[2022-12-25 14:46:52] <sunnywyy> there is the proven best way to make silver, which is do markets in any ways and make 20 alt accounts
[2022-12-25 14:47:25] <!MintyPi> @sunnywyy at that point just slave away in a irl job and buy gold KEKW
[2022-12-25 14:47:32] VIEWERS: 1 765
[2022-12-25 14:47:41] <rampage7898> !drops
[2022-12-25 14:47:41] <@^StreamElements> Bind your Albion online account to your twitch account via https://albiononline.com/twitch to receive your albion online drops today! BEST OF LUCK! To claim your rewards click this link here https://www.twitch.tv/drops/inventory
[2022-12-25 14:47:58] <sunnywyy> @sunnywyy real and true
[2022-12-25 14:48:08] <sunnywyy> thats why I hate it when people ask for the best way to make silver
[2022-12-25 14:48:13] <sunnywyy> DIESOFCRINGE
[2022-12-25 14:49:20] <rampage7898> !yt
[2022-12-25 14:49:20] <@^StreamElements> appreciate the follow rofffmen
[2022-12-25 14:49:22] <rofffmen> !drops
[2022-12-25 14:49:22] <@^StreamElements> Bind your Albion online account to your twitch account via https://albiononline.com/twitch to receive your albion online drops today! BEST OF LUCK! To claim your rewards click this link here https://www.twitch.tv/drops/inventory
[2022-12-25 14:49:32] VIEWERS: 1 765
[2022-12-25 14:51:32] VIEWERS: 1 741
[2022-12-25 14:51:35] <@^StreamElements> appreciate the follow ShaDDev_
[2022-12-25 14:51:47] <!MintyPi> its sunday
[2022-12-25 14:51:48] <!MintyPi> lmao
[2022-12-25 14:52:00] <!caram1lk16> mrbongLUL mrbongLUL mrbongLUL
[2022-12-25 14:53:24] <@^StreamElements> appreciate the follow yannguiguzi
[2022-12-25 14:53:32] VIEWERS: 1 741
[2022-12-25 14:53:40] <@^StreamElements> appreciate the follow sonthsee
[2022-12-25 14:53:42] <dachsteinz> SeemsGood
[2022-12-25 14:54:51] <jaaaaaackkj> merry chrismast
[2022-12-25 14:55:17] <Krakens_RAGE> merry christmas
[2022-12-25 14:55:24] <dachsteinz> Merry christmas for us
[2022-12-25 14:55:29] <Krakens_RAGE> beast u made it into 2 different vids i found yesterday in 2s
[2022-12-25 14:55:32] VIEWERS: 1 741
[2022-12-25 14:57:10] <@^StreamElements> appreciate the follow DrozeTheReal
[2022-12-25 14:57:31] <+kalink_> what a demon music
[2022-12-25 14:57:32] VIEWERS: 1 817
[2022-12-25 14:57:56] <@^StreamElements> appreciate the follow ilckapaanen
[2022-12-25 14:58:16] <@^StreamElements> appreciate the follow lipu_sj
[2022-12-25 14:58:36] <rofffmen> !drops
[2022-12-25 14:58:36] <@^StreamElements> Bind your Albion online account to your twitch account via https://albiononline.com/twitch to receive your albion online drops today! BEST OF LUCK! To claim your rewards click this link here https://www.twitch.tv/drops/inventory
[2022-12-25 14:58:56] <dachsteinz> how to get tome of insight ?
[2022-12-25 14:59:32] VIEWERS: 1 774
[2022-12-25 14:59:33] <sunnywyy> @dachsteinz tradable or non tradable ones?
[2022-12-25 15:00:10] <dachsteinz> non tradeable
[2022-12-25 15:00:10] <@^StreamElements> Get you sick waifu merch/cups and tasty energy drinks https://gamersupps.gg/Beast1k and support beast <3
[2022-12-25 15:01:06] [Points] abdoofizz34 redeemed FLEX (20 000) [xD]
[2022-12-25 15:01:32] VIEWERS: 1 774
[2022-12-25 15:01:48] <@^StreamElements> appreciate the follow abdoofizz34
[2022-12-25 15:02:19] <@^StreamElements> appreciate the follow Chamillion3211
[2022-12-25 15:03:32] VIEWERS: 1 774
[2022-12-25 15:03:49] <rofffmen> !drops
[2022-12-25 15:03:49] <@^StreamElements> Bind your Albion online account to your twitch account via https://albiononline.com/twitch to receive your albion online drops today! BEST OF LUCK! To claim your rewards click this link here https://www.twitch.tv/drops/inventory
[2022-12-25 15:04:14] <sunnywyy> @dachsteinz any contents that involve chests, like chests from OW, solo dungeons, group dungeons, favor enchange, weekly/season rewards, hellgates, corrupted dungeons, etc etc
[2022-12-25 15:04:53] <sunnywyy> wait do u get those tomes in hg?
[2022-12-25 15:04:55] <sunnywyy> wait i dont think so
[2022-12-25 15:04:57] <sunnywyy> Aware
[2022-12-25 15:05:14] <rampage7898> !drops
[2022-12-25 15:05:14] <@^StreamElements> Bind your Albion online account to your twitch account via https://albiononline.com/twitch to receive your albion online drops today! BEST OF LUCK! To claim your rewards click this link here https://www.twitch.tv/drops/inventory
[2022-12-25 15:05:32] VIEWERS: 1 794
[2022-12-25 15:06:10] [Points] romandzhan redeemed HEAD PATS (1 000)
[2022-12-25 15:06:46] <rampage7898> !drops
[2022-12-25 15:06:46] <@^StreamElements> Bind your Albion online account to your twitch account via https://albiononline.com/twitch to receive your albion online drops today! BEST OF LUCK! To claim your rewards click this link here https://www.twitch.tv/drops/inventory
[2022-12-25 15:07:21] <sick_pvp> merry christmas :D
[2022-12-25 15:07:37] VIEWERS: 1 794
[2022-12-25 15:08:34] <@^StreamElements> appreciate the follow albiondrops61
[2022-12-25 15:08:53] <@^StreamElements> appreciate the follow xcyprianx
[2022-12-25 15:09:29] <albiondrops61> hey! ı try to carry my items martlock to bracilian but at least 4h ı can't find any way to bracilian in mists. am ı doing something wrong or what? how can ı carry my items ..
[2022-12-25 15:09:37] Viewerstats (14:41-15:09): avg:1 763 min:1 719 max:1 817 [15/1 719+0+46+0+0−24+0+0+76−43+0+0+20+0−22]
[2022-12-25 15:09:37] VIEWERS: 1 772
[2022-12-25 15:09:58] <@^StreamElements> appreciate the follow Zoawor
[2022-12-25 15:10:33] [Points] gysikc redeemed FLEX (20 000) [Go Flex]
[2022-12-25 15:11:37] <@^StreamElements> appreciate the follow wiliansvictoria
[2022-12-25 15:11:42] VIEWERS: 1 772
[2022-12-25 15:12:45] <sunnywyy> zyzz brah
[2022-12-25 15:13:10] <sunnywyy> GIGACHAD
[2022-12-25 15:13:42] VIEWERS: 1 772
[2022-12-25 15:15:01] <+Ravileon> Constant demonic players, I see the 2s meta is still as fun as ever.
[2022-12-25 15:15:08] <sunnywyy> yep
[2022-12-25 15:15:11] <sunnywyy> OMEGALUL
[2022-12-25 15:15:42] VIEWERS: 1 798
[2022-12-25 15:16:05] <@^StreamElements> appreciate the follow o_lagyshka_o
[2022-12-25 15:17:08] <sunnywyy> @albiondrops61 ????
[2022-12-25 15:17:21] <sunnywyy> just kepp searching in yellow zone mists
[2022-12-25 15:17:22] <sunnywyy> wdym
[2022-12-25 15:17:42] VIEWERS: 1 798
[2022-12-25 15:19:43] VIEWERS: 1 798
[2022-12-25 15:21:06] <RedMaxKing> beast I want ur recommendations..... do I sell items in bracillien market or no?
[2022-12-25 15:21:33] <RedMaxKing> lmao
[2022-12-25 15:21:47] VIEWERS: 1 819
[2022-12-25 15:23:02] <sunnywyy> @RedMaxKing current bracilien is the same with all bz safe zones, the things that people use in pvp (especially solo or duo since its mists) gets sold the most
[2022-12-25 15:23:33] <!Klonnn> gara god
[2022-12-25 15:23:47] VIEWERS: 1 766
[2022-12-25 15:24:57] <@^StreamElements> appreciate the follow demonid89
[2022-12-25 15:25:47] VIEWERS: 1 766
[2022-12-25 15:27:47] VIEWERS: 1 808
[2022-12-25 15:29:47] VIEWERS: 1 808
[2022-12-25 15:31:47] VIEWERS: 1 808
[2022-12-25 15:33:02] <@^StreamElements> appreciate the follow aki_tips
[2022-12-25 15:33:05] <aki_tips> sup
[2022-12-25 15:33:47] VIEWERS: 1 827
[2022-12-25 15:34:49] <+Juaan_Antoniiio> !drops
[2022-12-25 15:34:49] <@^StreamElements> Bind your Albion online account to your twitch account via https://albiononline.com/twitch to receive your albion online drops today! BEST OF LUCK! To claim your rewards click this link here https://www.twitch.tv/drops/inventory
[2022-12-25 15:35:03] [Points] cytroline285 redeemed HEAD PATS (1 000)
[2022-12-25 15:35:47] VIEWERS: 1 827
[2022-12-25 15:36:48] <@^StreamElements> appreciate the follow argenchelo
[2022-12-25 15:36:54] <@^StreamElements> appreciate the follow GuimerBR
[2022-12-25 15:37:47] VIEWERS: 1 862
[2022-12-25 15:39:47] Viewerstats (15:11-15:39): avg:1 806 min:1 766 max:1 862 [15/1 772+0+26+0+0+21−53+0+42+0+0+19+0+35+0]
[2022-12-25 15:39:47] VIEWERS: 1 862
[2022-12-25 15:40:08] [Points] y0r_3x redeemed TWERK CAM (5 000)
[2022-12-25 15:40:21] <aki_tips> kill the healer first
[2022-12-25 15:40:57] <sunnywyy> KEKW
[2022-12-25 15:41:07] <sunnywyy> thats not how 2s works my guy
[2022-12-25 15:41:26] <!MintyPi> best tip /suicide in game to enter next hellgate faster SeemsGood
[2022-12-25 15:41:27] <sunnywyy> Stare beast he probably have less than 2 digit player killed, chill out
[2022-12-25 15:41:38] <sunnywyy> SeemsGood
[2022-12-25 15:41:47] VIEWERS: 1 836
[2022-12-25 15:43:47] VIEWERS: 1 836
[2022-12-25 15:44:27] <sunnywyy> ???
[2022-12-25 15:44:33] <sunnywyy> LULW leaked
[2022-12-25 15:45:40] <sunnywyy> OMEGALUL wtf
[2022-12-25 15:45:47] VIEWERS: 1 836
[2022-12-25 15:45:53] <!caram1lk16> mrbongLUL mrbongLUL mrbongLUL
[2022-12-25 15:46:00] <sunnywyy> killed by shadowcaller OMEGALUL
[2022-12-25 15:46:30] <~%Beast1k> BIG F
[2022-12-25 15:46:42] <sunnywyy> Aware ads froze
[2022-12-25 15:46:49] <sunnywyy> Aware beast wtf u doin
[2022-12-25 15:47:48] VIEWERS: 1 836
[2022-12-25 15:48:12] ~Stream offline~
[2022-12-25 15:48:40] <@^StreamElements> appreciate the follow autumnhuai
[2022-12-25 16:09:57] Viewerstats (15:41-15:45): avg:1 836 min:1 836 max:1 836 [3/1 836+0+0_]
[2022-12-25 16:14:34] <@^StreamElements> appreciate the follow minions_ss
[2022-12-25 16:15:08] <@^StreamElements> appreciate the follow SiemaFrosti
[2022-12-25 17:26:43] <@^StreamElements> appreciate the follow nemmorrosi
[2022-12-25 17:39:41] <@^StreamElements> appreciate the follow maherbaragon
[2022-12-25 18:04:35] BAN: talkadish
[2022-12-25 19:49:38] <@^StreamElements> appreciate the follow oriamoita
[2022-12-25 20:42:07] <@^StreamElements> appreciate the follow erzurumlumatkap
[2022-12-25 22:42:16] Disconnected
[2022-12-25 22:42:16] Attempting to reconnect in 1 seconds.. (1/∞)
[2022-12-25 22:42:17] Connecting to
[2022-12-25 22:42:32] Joining #beast1k..
[2022-12-25 22:42:32] You have joined #beast1k
