# Log started: 2022-12-09 00:33:12 +0100
[2022-12-09 00:33:12] <%her_t98> tobsDELAMA tobsDELAMA tobsDELAMA
[2022-12-09 06:58:11] <%ThisMotherChucker> !points
[2022-12-09 06:58:12] <@^StreamElements> @ThisMotherChucker, ThisMotherChucker has 18469 points and is rank 279/57711 on the leaderboard.
[2022-12-09 06:58:29] <%ThisMotherChucker> nice
[2022-12-09 06:58:46] <%LkProd> !points
[2022-12-09 06:58:46] <@^StreamElements> @LkProd, LkProd has 153241 points and is rank 6/57711 on the leaderboard.
[2022-12-09 06:58:50] <%LkProd> tobsWICKED2
[2022-12-09 07:00:12] [Announcement] <Nightbot> Use code "TOBS" for your gamersupps order for 10% off!! https://gamersupps.gg/Tobs
[2022-12-09 07:01:09] <@%^Nightbot> UwU Market Merch Dropping! LETS GOO! Buy merch! tobsYAYSPEED tobsYAYSPEED https://uwumarket.us/collections/tob
[2022-12-09 07:01:40] <@%Wumbo_117> !followers
[2022-12-09 07:01:40] <@%^Nightbot> tobs has 36,017 followers!
[2022-12-09 07:01:48] <@^StreamElements> @wumbo_117 is a count
[2022-12-09 08:02:55] <ModulatingForce> !gamble all tobsNODDERS
[2022-12-09 08:02:56] <@^StreamElements>* ModulatingForce went all in and lost every single one of their 225 points LUL
[2022-12-09 08:51:59] <%her_t98> tobsRING tobsRING tobsRING
[2022-12-09 09:03:48] <!%bjurkk> tobsRING
[2022-12-09 09:03:49] <@%BatsardCat> 🦨Please check out bjurkk at twitch.tv/bjurkk !!🦨
[2022-12-09 09:03:49] [Announcement] <BatsardCat> 🦨Please check out bjurkk at twitch.tv/bjurkk !!🦨
[2022-12-09 09:05:30] <%her_t98> !points
[2022-12-09 09:05:30] <@^StreamElements> @her_t98, her_t98 has 73425 points and is rank 23/57711 on the leaderboard.
[2022-12-09 09:10:05] [Announcement] <Nightbot> Check out the MERCH tobsYay tobsYay tobs.cool tobs.cool tobs.cool tobs.cool
[2022-12-09 09:30:46] <%$TurtleTotTaterTank> geegaNoB
[2022-12-09 09:38:11] <%ItsoCae> !points
[2022-12-09 09:38:11] <@^StreamElements> @ItsoCae, ItsoCae has 6315 points and is rank 1170/57711 on the leaderboard.
[2022-12-09 09:40:05] [Announcement] <Nightbot> Use code "TOBS" for your gamersupps order for 10% off!! https://gamersupps.gg/Tobs
[2022-12-09 09:41:04] <@%^Nightbot> UwU Market Merch Dropping! LETS GOO! Buy merch! tobsYAYSPEED tobsYAYSPEED https://uwumarket.us/collections/tob
[2022-12-09 09:42:04] <@%^Nightbot> TINDER-X. XYZ - ADULТ DATING SITЕ! :heart_eyes: :kiss: :heart: :pregnant_woman: :lipstick:
[2022-12-09 09:42:51] <%$TurtleTotTaterTank> ⢐⢐⠡⢂⠊⠔⡐⠔⠨⢐⠌⡂⡂⡂⡂⡂⡂⡂⡂⡂⡊⡐⠌⡐⡐⠅⡂⡊⡐⡐ ⢐⢐⠨⠐⠨⢈⠄⠅⠅⡂⢂⠐⠄⠢⢐⠐⡐⢐⠐⡐⢐⠠⢁⠂⡂⠅⡂⡐⡀⡂ ⢲⡹⣕⢬⢈⠐⠨⠠⢁⢂⢂⠡⡁⡅⡂⢅⠂⢅⢂⠂⡂⠨⢀⢂⠐⡐⡰⡸⣕⢎ ⢪⢺⢸⢸⢒⢬⢸⢌⢦⡣⡣⣑⠨⠈⠌⠠⠡⢑⢰⢱⢱⢵⢰⢔⢔⢕⢝⢜⢎⢖ ⢕⢕⢝⢜⢕⢽⡳⡘⣜⢮⣻⣾⣮⣪⠠⢁⢎⣮⣾⣗⢯⡣⡣⡯⣗⢕⢕⢕⢝⢌ ⡪⡪⡪⡪⡪⡕⡯⡪⡪⣣⢯⣷⣿⣿⡪⡸⣿⣿⣻⣮⢳⢹⢨⡞⡎⡎⡎⡎⡎⡖ ⡪⡪⡪⢈⠂⡀⣅⠁⡃⠕⡽⣺⢽⣻⣾⡽⣿⢽⣳⡳⡑⠅⢁⠢⠄⡂⠡⢃⢇⠧ ⢜⢎⢆⠦⠤⢤⣤⣤⣔⣐⣼⡽⣿⢿⡾⣿⣻⣿⣳⣵⣐⣔⣤⣤⡤⠤⢌⢔⠵⠭ ⢕⢕⢮⡾⡿⣻⣫⣟⣟⢿⡻⡽⡫⡯⡻⢝⢗⢯⠯⣟⣿⡻⣯⣻⢽⣟⢿⡲⡍⡇ ⢕⢕⢕⢇⢯⡾⡵⢽⢺⣻⡎⠌⠊⠊⠜⡸⠈⢊⠨⣲⣗⠿⢵⢽⣗⡇⡏⡎⡇⡇ ⢕⠜⡌⡎⡇⡇⢇⠣⠣⡱⢘⠌⡂⡂⢁⠂⡐⡐⢌⠢⠪⢪⠱⡡⡣⣛⠬⡢⢣⠱ ⢕⢑⢕⠸⡨⡊⡢⠁⠅⠂⢁⠂⠂⠌⠄⠂⠂⠂⢂⠡⠁⠅⢌⢢⠱⡘⡌⢎⠎⡕ ⠡⡱⡨⠪⡢⠱⡘⢌⠌⡢⡂⠠⢀⠠⠐⠄⠠⠐⡀⡐⠠⠡⢢⢑⠅⡕⠜⡌⡪⡈ ⠄⠱⡘⢌⠪⢪⢘⢔⢑⠔⢌⠌⢄⠂⡂⠌⠄⢅⢂⠢⡑⢕⠱⡐⡕⡸⠨⡢⡑⠄ ⠄⡑⢌⠢⠣⡑⢌⢢⢑⠕⡅⢕⢑⠔⢄⢑⢌⠢⡡⡃⢎⠜⢌⠢⠪⡨⠪⡐⢌⠄
[2022-12-09 09:43:03] [Announcement] <Nightbot> Follow and subscribe to get a chance to win 1,000,000 Robux
[2022-12-09 09:50:59] <!%bjurkk> job
[2022-12-09 09:51:00] <@%^Nightbot> ⢕⢕⢕⢕⢕⢕⢕⢕⢕⢕⢕⢕⢕⢕⢕⢕⢕⢕⢕⢕⢕⢕⢕⢕⢕⢕⢕⢕⢕⢕ ⢵⢿⢵⢕⢑⢕⢕⢕⢕⢕⢕⢕⢕⢕⢕⢕⢕⢕⢕⢕⢕⢑⢕⢕⢕⢑⢵⢽⢷⢕ ⢽⢽⢽⢽⢵⢕⢵⢵⢵⢽⢕⢕⢑⢑⢑⢑⢑⢑⢕⢵⢵⢵⢵⢕⢴⢽⢽⢽⢽⢕ ⢝⢽⢽⢽⢽⢽⢽⢵⢽⢽⣿⣿⣷⣵⢔⢴⣵⣿⣿⣿⢽⢽⢽⢽⢽⢽⢽⢝⢽⢕ ⢽⢽⢽⢵⢝⢽⢵⢝⢽⢽⢿⣿⣿⣿⣵⣽⣿⣿⣿⢿⢽⢝⢵⢽⢝⢵⢽⢽⢽⢕ ⢽⢽⢕⢑⢐⢴⢔⢑⢑⢽⣽⣿⣿⣿⣿⣿⣿⣿⣿⣽⢕⢑⢑⢔⢐⢐⢑⢽⢽⢕ ⢝⢽⢵⢔⢐⢐⢐⢐⢔⢽⣿⣿⣿⣿⣿⣿⣿⣿⣿⣿⢕⢔⢐⢐⢐⢐⢴⢽⢵⢕ ⢕⢝⢕⢝⢝⢝⣽⣵⣿⣿⣿⣿⢿⢿⢿⢿⢿⢿⣿⣿⣿⣷⣽⣝⢽⢝⢕⢝⢕⢕ ⢕⢽⢽⣿⣿⣿⣿⣿⣿⣿⣽⢝⢝⢝⢝⢝⢝⢝⢽⣽⣿⣿⣿⣿⣿⣿⣿⢽⢕⢕ ⢝⢽⢽⢽⢽⢽⣽⣽⢽⢽⢽⢕⢔⢔⢑⢑⢔⢔⢽⢽⢽⢽⣽⣽⢽⢽⢝⢝⢝⢕ ⢕⢕⢵⢵⢽⢽⢽⢝⢕⢕⢕⢑⢑⢑⢐⢐⢑⢑⢑⢕⢕⢝⢝⢽⢽⢵⢵⢕⢕⢕ ⢙⢕⢕⢕⢕⢝⢕⢕⢕⢕⢐⢔⢐⢐⢐⢐⢐⢐⢐⢐⢕⢕⢕⢝⢝⢕⢕⢕⢝⢑ ⢐⢕⢕⢕⢕⢕⢕⢕⢕⢕⢕⢕⢕⢔⢔⢐⢔⢔⢕⢕⢕⢕⢕⢕⢕⢕⢕⢕⢕⢐ ⢐⢕⢕⢕⢕⢕⢕⢕⢕⢕⢕⢕⢕⢕⢕⢕⢕⢕⢕⢕⢕⢕⢕⢕⢕⢕⢕⢕⢕⢐
[2022-12-09 13:30:48] <@%SlugSlugTM> !points
[2022-12-09 13:30:49] <@^StreamElements> @SlugSlugTM, SlugSlugTM has 30881637 points and is rank 1/57711 on the leaderboard.
[2022-12-09 13:30:57] <@%SlugSlugTM> !points khionevt
[2022-12-09 13:30:57] <@^StreamElements> @SlugSlugTM, KhioneVT has 300 points and is rank 13125/57711 on the leaderboard.
[2022-12-09 22:19:54] <%BigGeordieUK> !points
[2022-12-09 22:19:55] <@^StreamElements> @BigGeordieUK, BigGeordieUK has 0 points and is rank 57586/57711 on the leaderboard.
[2022-12-09 22:20:02] <%BigGeordieUK> muniSit
[2022-12-09 22:20:08] [Announcement] <Nightbot> Use code "TOBS" for your gamersupps order for 10% off!! https://gamersupps.gg/Tobs
[2022-12-09 22:21:06] <@%^Nightbot> UwU Market Merch Dropping! LETS GOO! Buy merch! tobsYAYSPEED tobsYAYSPEED https://uwumarket.us/collections/tob
