# Log started: 2022-12-18 00:00:02 +0100
[2022-12-18 00:00:02] <%$Narwhalosaurus> Wait Brooty is ded??
[2022-12-18 00:00:03] <%nateify> iahfy anime when?
[2022-12-18 00:00:05] <%+toastghost18> broot dead 😢
[2022-12-18 00:00:12] <%tobi_is_a_good_bunny> Broot died noooo iahfySynthSob
[2022-12-18 00:00:14] VIEWERS: 668
[2022-12-18 00:00:22] <@%^Nightbot> ✨ Get 10% off your next GamerSupps order with my referral link https://gamersupps.gg/degen69 or use discount code degen69 at checkout. ✨
[2022-12-18 00:00:32] <waywardtravelerfart> @iahfy your gaze is intense I love it
[2022-12-18 00:00:46] <%+toastghost18> I hope someday we get a comic or something for the project
[2022-12-18 00:00:51] [Points] tobi_is_a_good_bunny redeemed Tell Iahfy Something! (TTS) (400) [Broot will forever live on as IAHFY's pen roo7]
[2022-12-18 00:01:19] <@%^Nightbot> 💥 To access more emotes for chat, download the BTTV and 7TV extensions for your browser! ➡ https://betterttv.com ➡ https://7tv.app
[2022-12-18 00:01:33] <%gilver1> I had an idea for a nickname
[2022-12-18 00:01:37] <%+toastghost18> he's a lil chibi bear with horns, right?
[2022-12-18 00:01:45] <%gilver1> Iahfy - The Ab Mother
[2022-12-18 00:01:52] <MarchofTyranny> FrogJAM BULBAROLL FrogJAM
[2022-12-18 00:01:53] <%+vicariousvanity> Need a Synthverse anime/webcomic NODDERS
[2022-12-18 00:01:54] <%gilver1> cause of all the abs she created lol
[2022-12-18 00:02:14] <%gilver1> simple I know I can do better but still it fits no?
[2022-12-18 00:02:14] VIEWERS: 646
[2022-12-18 00:02:16] <@%^Nightbot> follow me on these sites: ✨ https://twitter.com/iah_fy ✨ https://www.instagram.com/iahfy/ ✨ https://www.artstation.com/iahfy
[2022-12-18 00:02:17] <%nateify> iahfy too afriad to draw real big eyebrows
[2022-12-18 00:02:20] <%gilver1> XD
[2022-12-18 00:02:30] <%tobi_is_a_good_bunny> @toastghost18 To be serious here, as someone who did comics solo a decade ago casually, probably best to have a team to do the comic. iahfySynthDerp
[2022-12-18 00:02:36] <!%+maximum_meatball> An evolved trait maybe
[2022-12-18 00:02:49] <%+corpse_puppeteer> IAHFY calling herself out for drawing dot eyebrows caught in 4K iahfySynthKek
[2022-12-18 00:02:54] <%gilver1> who doesn't live THICC Eyebrows
[2022-12-18 00:02:54] <%nateify> i still remember your kill la kill eyebrowse comic
[2022-12-18 00:02:54] <kissallmen> HeyGuys reporting in
[2022-12-18 00:03:14] <%tobi_is_a_good_bunny> iahfyBamboozle
[2022-12-18 00:03:15] <%gilver1> people are always asking me if I get my eyebrows professionally done but they just kind of exists lol
[2022-12-18 00:03:21] <!%+maximum_meatball> Imagine IRL people with dotted eyebrows Thonk
[2022-12-18 00:03:24] <%gilver1> I don't do anything to them
[2022-12-18 00:03:26] <@%+Door1531> Badass Broot Fact: When they attacked, it was Broot and 30 elite guards. The 30 guards died in half an hour. After that Broot held them all off solo for 30 hours before Taiko showed up. (I said she was on Border Guard duty, the capital aint on the border)
[2022-12-18 00:03:34] <%$JuicyDoubles> LICKA
[2022-12-18 00:03:40] <dragonfist140> How's everyone doing tonight? Just visiting for the first time lol
[2022-12-18 00:03:51] <%tobi_is_a_good_bunny> Badass Broot!
[2022-12-18 00:03:57] <slyferyuki> hey there friend
[2022-12-18 00:04:02] <%$JuicyDoubles> pogg Broot protecc
[2022-12-18 00:04:03] <!%+maximum_meatball> Broot was really OP damn
[2022-12-18 00:04:14] VIEWERS: 646
[2022-12-18 00:04:15] <%tobi_is_a_good_bunny> or better yet Brootass! iahfySynthbuffer wait
[2022-12-18 00:04:20] <%+corpse_puppeteer> Broot: Let me solo them iahfyJustright
[2022-12-18 00:04:50] <%tobi_is_a_good_bunny> NODDERS
[2022-12-18 00:04:58] <Crims0nHellion> Henlo IAHFY!!! Hope you're weekend is going well
[2022-12-18 00:05:00] <!%+maximum_meatball> Yeppers
[2022-12-18 00:05:03] <%$dliessmgg_> webcomic when /jk
[2022-12-18 00:05:09] <%$JuicyDoubles> LICKA o man dis Taiko abs
[2022-12-18 00:05:30] [Notification] toastghost18 subscribed with Prime. They've subscribed for 5 months!
[2022-12-18 00:05:30] <MuttButt424> hooh this looks spicy
[2022-12-18 00:05:36] [Announcement] <Door1531> I have it all in my head. I want Iahfy to keyframe it and get it made into a 5 minute animation. That'd probably be a crowdfunded thing so if I get around to working on that please give 5 dollars to see Broot die. Wait...
[2022-12-18 00:05:36] <MuttButt424> i like it
[2022-12-18 00:06:07] <%nateify> IAHFY x Studio Bones
[2022-12-18 00:06:08] <%tobi_is_a_good_bunny> Door is our residential Mimir iahfyJustright
[2022-12-18 00:06:08] <@%^Nightbot> this is a reminder to SAVE! 💾
[2022-12-18 00:06:11] <%$JuicyDoubles> ourCry
[2022-12-18 00:06:12] <@%DirtyOldSlevin> If I give more, do I get to be one of the assailants?
[2022-12-18 00:06:15] VIEWERS: 659
[2022-12-18 00:06:24] <!%+maximum_meatball> rimjimSob  nooo
[2022-12-18 00:06:31] <%+MaelstromWolf> Okay can we get a stand-alone of that ab licking pic for the meme potential?
[2022-12-18 00:06:43] <YuujiroMsc> buff girls drawing shyyDrool also iahfyHi
[2022-12-18 00:06:44] <@%+Door1531> @DirtyOldSlevin Sure. There's one part where Broot rips a guy's head off and the corpse just kinda slumps over at his feet. That can be you.
[2022-12-18 00:06:53] <%tobi_is_a_good_bunny> GremlinSynthYay
[2022-12-18 00:06:53] <@%$midnightidiot> calaarPizze calaarPizze
[2022-12-18 00:06:54] <%nateify> whos the VAs
[2022-12-18 00:07:01] <%$JuicyDoubles> AUGH
[2022-12-18 00:07:02] <%buggex> iahfyNervousShake iahfyNervousShake iahfyNervousShake iahfyNervousShake
[2022-12-18 00:07:05] <Bl4ck_dr4gun> who doesn't need a little T R A U M A in their lives?
[2022-12-18 00:07:13] <%+corpse_puppeteer> 5 minute animation is cool but also sounds pretty ambitious. Then again I do like trauma... iahfyBamboozle
[2022-12-18 00:07:13] <%+toastghost18> If you need a text editor, proof-reader, or amateur VA, I volunteer for any and all of those roles
[2022-12-18 00:07:22] <%+seraphmichael1> so whos the one whos dreaming of licking taiko's abs?
[2022-12-18 00:07:25] <%tobi_is_a_good_bunny> goddamn that's metal iahfySynthKek
[2022-12-18 00:07:28] <dragonfist140> @maelstromwolf I think there's more to it than just meme potential 😏
[2022-12-18 00:07:28] <@%DirtyOldSlevin> I would prefer to be mook#1 who gets taken down by Taiko, but fair is fair
[2022-12-18 00:07:35] <%+seraphmichael1> or is it just some random background char
[2022-12-18 00:07:49] <!%+maximum_meatball> Broot is hardcore yo
[2022-12-18 00:07:56] <%nateify> We are Broot
[2022-12-18 00:07:58] <!%+maximum_meatball> *was* hardcore
[2022-12-18 00:07:59] <%+corpse_puppeteer> I'll be the asshole who reanimates teh corpses iahfySynthSmug
[2022-12-18 00:08:01] <%tobi_is_a_good_bunny> @DirtyOldSlevin honestly same iahfySynththirst
[2022-12-18 00:08:02] <Bl4ck_dr4gun> i just wanna have my head squeezed between taiko's thighs
[2022-12-18 00:08:20] VIEWERS: 659
[2022-12-18 00:08:35] <@%+Door1531> @DirtyOldSlevin You can be the one who stab's her in the side with a spear (which allows the other guy to cut her eye out). OooOoooo Christian imagery.
[2022-12-18 00:08:54] <@%DirtyOldSlevin> Will I get cursed with immortality?
[2022-12-18 00:09:00] <%$JuicyDoubles> Okayge
[2022-12-18 00:09:07] <@%Chillhopsenpai> What an Evangelion nerd
[2022-12-18 00:09:11] <@%Chillhopsenpai> KEKW
[2022-12-18 00:09:12] <%tobi_is_a_good_bunny> biblicly accurate Taiko sarueiPopcorn
[2022-12-18 00:09:13] <%+toastghost18> I volunteeeeeeer
[2022-12-18 00:09:18] <Novit__> ill take the role of the soap with honor
[2022-12-18 00:09:30] <!%+maximum_meatball> I want to play a goblin or something
[2022-12-18 00:09:40] <!%+maximum_meatball> eyyojiMob
[2022-12-18 00:09:44] <atinybeano> s this tos?
[2022-12-18 00:09:48] <%gilver1> I know a couple Voice actors that I could recommend
[2022-12-18 00:09:48] <%nateify> make sure to include 1 wilhelm scream
[2022-12-18 00:09:52] <atinybeano> zentreHypers
[2022-12-18 00:09:57] <DrMaruQ> @atinybeano no, its halal
[2022-12-18 00:10:02] <@%+Door1531> @maximum_meatball There are goblins in the gang used to Lure Taiko away so that can be done.
[2022-12-18 00:10:04] <atinybeano> @DrMaruQ eh?
[2022-12-18 00:10:11] <DrMaruQ> its not tos
[2022-12-18 00:10:12] <%gilver1> 1 could voice either Synth, Taiko or even their mom
[2022-12-18 00:10:17] <%tobi_is_a_good_bunny> @atinybeano zentreYes barbie doll anatomy so it's safe
[2022-12-18 00:10:20] VIEWERS: 659
[2022-12-18 00:10:22] <%+toastghost18> I would just be honored to lend my voice to a project project.  I wouldn't care where my voice would be used in the animation
[2022-12-18 00:10:25] <atinybeano> @tobi_is_a_good_bunny le model.
[2022-12-18 00:10:27] <%gilver1> she has great range
[2022-12-18 00:10:30] <%GalacticConvoy> is discord down
[2022-12-18 00:10:32] <atinybeano> zentreHmm
[2022-12-18 00:10:33] <%nateify> let me call up ScarJo real quick guys
[2022-12-18 00:10:36] <%GalacticConvoy> galact11Hmm
[2022-12-18 00:10:42] <@%DirtyOldSlevin> Synth voice:" I just don't understand why the attack has to happen while I am in the shower." Producer tips his sunglasses down: "We ran it by the focus groups and they LOVED the idea."
[2022-12-18 00:10:55] <@%+Door1531> She's like 8 at the time so
[2022-12-18 00:11:03] <YuujiroMsc> damn, need to return to the gym... shyyHmm
[2022-12-18 00:11:13] <@%Chillhopsenpai> @IAHFY aight, 5 hours go eat
[2022-12-18 00:11:13] <Novit__> OMEGALUL
[2022-12-18 00:11:22] <%+seraphmichael1> i want taiko to "death by snu snu" me
[2022-12-18 00:11:25] <@%DirtyOldSlevin> hmm. scratch that. Insert Taiko voice
[2022-12-18 00:11:28] <@%+Door1531> @Chillhopsenpai 5 hours and 1 minute even
[2022-12-18 00:11:33] <@%+Door1531> gtfo
[2022-12-18 00:11:43] <@%+Door1531> Raid ratlord
[2022-12-18 00:11:43] <%+DigiAnimation> iahfySynthSob
[2022-12-18 00:11:44] <%SoundAlerts> atinybeano played Step on me mommy for 0 Bits!
[2022-12-18 00:11:45] <%nateify> i want taiko to give me a lil hug 🥺
[2022-12-18 00:11:47] <%+corpse_puppeteer> fucking Wi-Fi died iahfySynthSob did I miss anything in the last few minutes? oh NVM strim ended ,🙃
[2022-12-18 00:11:50] <%SirGillyham> awwww
[2022-12-18 00:11:50] <%tobi_is_a_good_bunny> iahfySynthSob
[2022-12-18 00:12:01] <!%+maximum_meatball> iahfySynthSob bruh
[2022-12-18 00:12:02] <waywardtravelerfart> gremlo1GremL gremlo1GremL gremlo1GremL gremlo1GremL gremlo1GremL gremlo1GremL gremlo1GremL gremlo1GremL gremlo1GremL gremlo1GremL
[2022-12-18 00:12:02] <DrMaruQ> nothing to watch now PoroSad
[2022-12-18 00:12:07] <%gilver1> glad I could catch stream
[2022-12-18 00:12:10] <%SirGillyham> okay you get plenty of rest iahfy and night chat iahfySynthyay iahfySynthlove iahfySynthSleep
[2022-12-18 00:12:13] <%gilver1> me. I want hug
[2022-12-18 00:12:19] <%$MattRX> Must be off. Later
[2022-12-18 00:12:20] VIEWERS: 563
[2022-12-18 00:12:23] <%El_Gavino> i want to be snu snu'd to death and then hugged after
[2022-12-18 00:12:23] <@%$midnightidiot> !uptime
[2022-12-18 00:12:24] <@%^Nightbot> This stream had been live for: 5 hours, 2 minutes, 20 seconds ✧
[2022-12-18 00:12:29] <waywardtravelerfart> Can I be both mommy? @iahfy
[2022-12-18 00:12:29] <%+toastghost18> !hug @gilver1
[2022-12-18 00:12:33] <Novit__> yay
[2022-12-18 00:12:37] <%GalacticConvoy> i think my discord is dedge
[2022-12-18 00:12:43] <%tobi_is_a_good_bunny> Looks like I can go back and watch older vods then zentreHmm
[2022-12-18 00:12:45] <%nateify> i cant pick just one!!!
[2022-12-18 00:12:49] <@%$midnightidiot> galact11ADD dedgevoy
[2022-12-18 00:12:49] <%+DigiAnimation> Compromise, hug while being snu-snu'd to death iahfySynthyay
[2022-12-18 00:12:51] [Points] ST4RL0RDcc redeemed Posture Check (100)
[2022-12-18 00:12:55] <%GalacticConvoy> galact11ADD
[2022-12-18 00:13:02] [Announcement] <Door1531> POLL
[2022-12-18 00:13:03] <+FastWey> 2 is very hot
[2022-12-18 00:13:06] <waywardtravelerfart> @digianimation YAS @iahfy
[2022-12-18 00:13:13] <%+razyael> 3 every day
[2022-12-18 00:13:13] <%nateify> 2 has a lot of boobage
[2022-12-18 00:13:28] <%tobi_is_a_good_bunny> 1 is cute but.... Taiko shower is hard to pass up
[2022-12-18 00:13:28] <%+Inimea> 1 and 3
[2022-12-18 00:13:29] <%SirGillyham> can i select all?
[2022-12-18 00:13:29] <thecuppycave> 3
[2022-12-18 00:13:36] <%Meatypanda> 3 gang
[2022-12-18 00:13:38] <%elementaleros> 3 :3
[2022-12-18 00:13:39] <tommyv011> 2 cause 2 for 1
[2022-12-18 00:13:41] <%+seraphmichael1> i feel 3 has advantage cause of almost revealed booba
[2022-12-18 00:13:42] <%tobi_is_a_good_bunny> wait 2 not 1 iahfySynthDerp
[2022-12-18 00:13:44] <@%$midnightidiot> hmmge
[2022-12-18 00:13:59] <+FastWey> 1 is the best
[2022-12-18 00:14:05] <%Tin_Cantankerous21> 3 shower Taiko is amazing
[2022-12-18 00:14:06] <@%$midnightidiot> calaarLunch
[2022-12-18 00:14:06] <%+seraphmichael1> 2 is sweetest
[2022-12-18 00:14:19] <%tobi_is_a_good_bunny> balanced as all things should be
[2022-12-18 00:14:20] Viewerstats (23:46-00:14): avg:646 min:563 max:668 [15/653+8+0+0+7+0+0+0−22+0+13+0+0−96+0]
[2022-12-18 00:14:20] VIEWERS: 563
[2022-12-18 00:14:20] <@%+Door1531> What's funny is if that's a real gym there's probably some really bored magical college junior with a Gravity element who makes those weights actually strain someone as strong as Taiko
[2022-12-18 00:14:21] <%$JuicyDoubles> MONKERS
[2022-12-18 00:14:27] <DrMaruQ> anything for the angel simps BegWan
[2022-12-18 00:14:29] <%+seraphmichael1> so who's trixie?
[2022-12-18 00:14:32] <@%$midnightidiot> any raids
[2022-12-18 00:14:37] <%+Gearshorn> 2 is cute 3 is unga
[2022-12-18 00:14:39] <Novit__> tank you for the stream
[2022-12-18 00:14:44] <NullFX> Trixie slurping dem abs just kills me.
[2022-12-18 00:14:50] <+FastWey> wait, are they sisters?
[2022-12-18 00:15:04] <YuujiroMsc> shyyEyes
[2022-12-18 00:15:16] <%nateify> have we ever seen hair down synth?
[2022-12-18 00:15:17] [Points] suumcuiquesic redeemed Tell Iahfy Something! (TTS) (400) [Me trying to pick my fav: sweaT]
[2022-12-18 00:15:19] <%tobi_is_a_good_bunny> @FastWey Synth and Taiko are yeah NODDERS
[2022-12-18 00:15:20] <phillipTGO> add more plates on 1
[2022-12-18 00:15:25] <%$JuicyDoubles> LICKA da slurper
[2022-12-18 00:15:39] <+Count_Snackula_> slurping abs is a genius move
[2022-12-18 00:15:43] <%+DigiAnimation> lickR ABS lickL
[2022-12-18 00:15:47] <%Tin_Cantankerous21> Is Trixie usually a locker room peeping tom or is she just down that bad for Taiko?
[2022-12-18 00:15:50] <%tobi_is_a_good_bunny> kurumiiSweat shower Taiko is hard to pass up
[2022-12-18 00:15:50] <!%+maximum_meatball> Those abs are wow
[2022-12-18 00:15:52] <%+seraphmichael1> so whats trixies backstory?
[2022-12-18 00:16:05] <%+toastghost18> I ship them
[2022-12-18 00:16:05] <Novit__> any taiko
[2022-12-18 00:16:14] <!%+maximum_meatball> Trixie is Taiko's number one fan
[2022-12-18 00:16:17] [Points] kioshi_the_shape_shifter redeemed Posture Check (100)
[2022-12-18 00:16:17] <%+vicariousvanity> Synth doin a big OOOO! makes me laugh iahfyBamboozle
[2022-12-18 00:16:20] VIEWERS: 649
[2022-12-18 00:16:20] <thecuppycave> When do you usually stream?
[2022-12-18 00:16:24] <%CalaArt> just draw her from behind easy back story ezeggEZ
[2022-12-18 00:16:39] <@%+Door1531> @seraphmichael1 I'll try and write it up tonight if I don't forget.
[2022-12-18 00:16:41] <@%+Door1531> I'll forget
[2022-12-18 00:16:56] <@%$midnightidiot> calaarLunch galact11Smile
[2022-12-18 00:17:00] <%tobi_is_a_good_bunny> zentreOwo
[2022-12-18 00:17:09] <%Conankun66> trixie just wanna be tied up by taiko and be called a good girl
[2022-12-18 00:17:22] <%+corpse_puppeteer> what I'm hearing is a future fic of Trixie helping Taiko take down the surviving baddies iahfySynthSmug iahfySynthboogie
[2022-12-18 00:17:26] <%tobi_is_a_good_bunny> this vod will plenty of lore logged in chat iahfyJustright
[2022-12-18 00:17:32] <%+toastghost18> don't mind me, just gonna start writing fanfic about it
[2022-12-18 00:17:39] <%CalaArt> thats cool
[2022-12-18 00:17:40] [Points] elementaleros redeemed Pet Synth  (200)
[2022-12-18 00:17:40] <%SirGillyham> ty for the stream
[2022-12-18 00:17:45] <%$JuicyDoubles> thank for strimming ourHug
[2022-12-18 00:17:49] <waywardtravelerfart> gremlo1GremLove gremlo1GremLove gremlo1GremLove gremlo1GremLove gremlo1GremLove gremlo1GremLove gremlo1GremLove gremlo1GremLove gremlo1GremLove gremlo1GremLove gremlo1GremLove
[2022-12-18 00:17:53] <@%+Door1531> Raid ratlord  @IAHFY
[2022-12-18 00:17:53] <%GalacticConvoy> galact11Smile
[2022-12-18 00:17:53] <Novit__> tank you for the stream
[2022-12-18 00:17:54] <%CalaArt> cya next time calaarWav
[2022-12-18 00:17:57] <%tobi_is_a_good_bunny> iahfySynthlove It's been a fun stream! Hope you have a good weekend! Byeeeeeee
[2022-12-18 00:17:57] <%GalacticConvoy> i just got here MadgeLate
[2022-12-18 00:17:59] <waywardtravelerfart> actualjakeLove actualjakeLove actualjakeLove actualjakeLove actualjakeLove actualjakeLove actualjakeLove actualjakeLove actualjakeLove actualjakeLove
[2022-12-18 00:18:00] <@%+Door1531> yea
[2022-12-18 00:18:00] <!%+maximum_meatball> iahfySynthlove iahfySynthlove iahfySynthlove
[2022-12-18 00:18:01] [Points] MythInterpret redeemed Love!  (200)
[2022-12-18 00:18:02] <%Creepyh_> iahfySynthlove
[2022-12-18 00:18:04] <dragonfist140> Glad I could stop by and visit! See ya lucian158HI
[2022-12-18 00:18:04] <!%+J0hnnyBeans> ty for strim!!
[2022-12-18 00:18:05] <krozzzzzz94> bye
[2022-12-18 00:18:07] <%+xROCKS7AR> thanks for the stream iahfySynthlove
[2022-12-18 00:18:08] <@%jaangls> that's ME wtf
[2022-12-18 00:18:08] <%$JuicyDoubles> MadgeLate
[2022-12-18 00:18:11] <%buggex> iahfySynthboogie iahfySynthlove iahfySynthboogie iahfySynthlove iahfySynthboogie
[2022-12-18 00:18:12] <%+xanderps210> iahfySynthlove thanks for the stream
[2022-12-18 00:18:14] <!%+maximum_meatball> ratJAM
[2022-12-18 00:18:16] <%GalacticConvoy> @CalaArt my discord dedge dejj
[2022-12-18 00:18:20] VIEWERS: 649
[2022-12-18 00:18:22] <Steam_Gray> Thanks for the stream and art :O
[2022-12-18 00:18:25] <Novit__> tank you for the umami sweat taiko
[2022-12-18 00:18:25] <%CalaArt> y
[2022-12-18 00:18:26] <%Tin_Cantankerous21> iahfySynthlove iahfySynthlove iahfySynthlove iahfySynthlove iahfySynthlove iahfySynthlove iahfySynthlove iahfySynthlove
[2022-12-18 00:18:33] <@%Chillhopsenpai> !links
[2022-12-18 00:18:33] <@%^Nightbot> https://iahfyart.com/ ✨
[2022-12-18 00:18:33] <@%DirtyOldSlevin> !discord
[2022-12-18 00:18:34] <@%^Nightbot> if you're subscribed to my channel,you can link your twitch sub to join our exclusive community discord! 💜 how to: https://support.discordapp.com/hc/en-us/articles/212112068-Twitch-Integration-FAQ 💜 Get last month's art rewards set in my art channel once you Enroll into the server!
[2022-12-18 00:18:44] <%GalacticConvoy> @CalaArt i think i got temporary IP banned due to so many requests or some shit
[2022-12-18 00:18:49] <%$JuicyDoubles> Okayge goodnight
[2022-12-18 00:18:49] <%SoundAlerts> midnightidiot played CLAP 👏 for 0 Bits!
[2022-12-18 00:18:55] <@%$midnightidiot> okey dokey
[2022-12-18 00:18:58] <%GalacticConvoy> @CalaArt none of my messages load Sadge
[2022-12-18 00:18:58] <%CalaArt> @GalacticConvoy WOT
[2022-12-18 00:18:59] <+FastWey> my life is over wake me up when the stream returns
[2022-12-18 00:18:59] <hugsforscribbles> bye
[2022-12-18 00:19:01] <%+toastghost18> okie-dokie arti-choke-me
[2022-12-18 00:19:04] <!%+maximum_meatball> okey doky
[2022-12-18 00:19:07] <%+vicariousvanity> Ty for the Strim iahfySynthlove iahfySynthlove iahfySynthlove iahfySynthlove iahfySynthlove iahfySynthlove iahfySynthlove iahfySynthlove
[2022-12-18 00:19:09] <%suumcuiquesic> iahfySynthlove iahfySynthlove iahfySynthlove iahfySynthlove iahfySynthlove iahfySynthlove iahfySynthlove iahfySynthlove iahfySynthlove iahfySynthlove iahfySynthlove iahfySynthlove
[2022-12-18 00:19:12] <kioshi_the_shape_shifter> bye
[2022-12-18 00:19:14] <%+corpse_puppeteer> iahfySynthyay iahfySynthlove iahfySynthyay iahfySynthlove iahfySynthyay iahfySynthlove iahfySynthyay
[2022-12-18 00:19:18] <%$JuicyDoubles> WOT
[2022-12-18 00:19:21] <%CalaArt> cyz next time calaarWav
[2022-12-18 00:19:28] <%+DigiAnimation> iahfySynthyay iahfyFrogjam iahfySynthyay iahfyFrogjam iahfySynthyay
[2022-12-18 00:19:28] <CoffehCat> Thanks for the stream! <3
[2022-12-18 00:19:28] <cobraarx7> thanks for the stream
[2022-12-18 00:19:37] <@%Chillhopsenpai> iahfySynthboogie HERE COMES IAHFY SHE DRAW THE WIFEY iahfySynthboogie HERE COMES IAHFY SHE DRAW THE WIFEY  iahfySynthboogie HERE COMES IAHFY SHE DRAW THE WIFEY  iahfySynthboogie HERE COMES IAHFY SHE DRAW THE WIFEY  iahfySynthboogie HERE COMES IAHFY SHE DRAW THE WIFEY  iahfySynthboogie HERE COMES IAHFY SHE DRAW THE WIFEY  iahfySynthboogie HERE COMES IAHFY SHE DRAW THE WIFEY
[2022-12-18 00:19:38] <%+seraphmichael1> ty for stream
[2022-12-18 00:19:39] <t33th4n> Always a pleasure to be here mkoLove
[2022-12-18 00:19:44] <@%$midnightidiot> iahfySynthboogie iahfySynthboogie iahfySynthboogie iahfySynthboogie
[2022-12-18 00:19:47] <Soulista_> night iahfy and  chat
[2022-12-18 00:19:57] <%$JuicyDoubles> iahfySynthboogie HERE COMES IAHFY SHE DRAW DA WIFEY iahfySynthboogie HERE COMES IAHFY SHE DRAW DA WIFEY iahfySynthboogie HERE COMES IAHFY SHE DRAW DA WIFEY
[2022-12-18 00:20:02] <%dragonkhal> iahfySynthdance iahfySynthdance iahfySynthdance iahfySynthdance iahfySynthdance
[2022-12-18 00:20:06] <%Nasko_Nikolov> iahfySynthboogie HERE COMES IAHFY SHE DRAW THE WIFEY  iahfySynthboogie   HERE COMES IAHFY SHE DRAW THE WIFEY  iahfySynthboogie   HERE COMES IAHFY SHE DRAW THE WIFEY  iahfySynthboogie   HERE COMES IAHFY SHE DRAW THE WIFEY  iahfySynthboogie   HERE COMES IAHFY SHE DRAW THE WIFEY  iahfySynthboogie   HERE COMES IAHFY SHE DRAW THE WIFEY  iahfySynthboogie   HERE COMES IAHFY SHE DRAW THE WIFEY
[2022-12-18 00:20:14] <%+seraphmichael1> iahfySynthboogie HERE COMES IAHFY SHE DRAW THE WIFEY iahfySynthboogie HERE COMES IAHFY SHE DRAW THE WIFEY iahfySynthboogie HERE COMES IAHFY SHE DRAW THE WIFEY iahfySynthboogie HERE COMES IAHFY SHE DRAW THE WIFEY iahfySynthboogie HERE COMES IAHFY SHE DRAW THE WIFEY iahfySynthboogie HERE COMES IAHFY SHE DRAW THE WIFEY iahfySynthboogie HERE COMES IAHFY SHE DRAW THE WIFEY
[2022-12-18 00:20:20] VIEWERS: 624
[2022-12-18 00:22:20] VIEWERS: 624
[2022-12-18 00:22:45] ~Stream offline~
[2022-12-18 00:25:08] <@%^Nightbot> ✨ Get 10% off your next GamerSupps order with my referral link https://gamersupps.gg/degen69 or use discount code degen69 at checkout. ✨
[2022-12-18 00:44:30] Viewerstats (00:16-00:20): avg:640 min:624 max:649 [3/649+0−25_]
