# Log started: 2022-12-21 00:00:10 +0100
[2022-12-21 00:00:10] <%Mr_Kenny47> @ToxicCupcakes1 nediavAidenPeek nediavAidenRave
[2022-12-21 00:00:19] VIEWERS: 252
[2022-12-21 00:00:32] <%Mr_Kenny47> Pog
[2022-12-21 00:01:20] <+SleepyGodzilla92> sumFast reeeeeeeeeee
[2022-12-21 00:01:30] <%Mr_Kenny47> @SleepyGodzilla92 nediavAidenPeek nediavAidenRave
[2022-12-21 00:02:08] <%Mr_Kenny47> nediavAidenLUL
[2022-12-21 00:02:19] VIEWERS: 265
[2022-12-21 00:02:57] <%Mr_Kenny47> peepoWTF
[2022-12-21 00:03:17] <%Mr_Kenny47> LUL
[2022-12-21 00:03:38] <Xedahjx> that person could never sustain a back injury
[2022-12-21 00:04:19] VIEWERS: 265
[2022-12-21 00:05:10] <%$Diminish7d> fornite Pog
[2022-12-21 00:05:11] <%B0t_Translator> fortnite [by diminish7d]
[2022-12-21 00:05:12] <@%Jef_x> nediavAidenLUL
[2022-12-21 00:05:18] <luvXdieu> bigrichReady
[2022-12-21 00:05:50] <%$Diminish7d> why?!
[2022-12-21 00:06:17] <+SleepyGodzilla92> peepoCheering
[2022-12-21 00:06:19] VIEWERS: 265
[2022-12-21 00:06:23] <@%Jef_x> AidenComfy
[2022-12-21 00:06:30] <%$Diminish7d> lahyxDab lahyxDab lahyxDab
[2022-12-21 00:07:13] <%$Diminish7d> KEKW
[2022-12-21 00:07:16] <@%Jef_x> LUL
[2022-12-21 00:07:52] <%Saitamaa_San> aidenFaint
[2022-12-21 00:08:11] <+SleepyGodzilla92> pogCEPTION get one
[2022-12-21 00:08:19] VIEWERS: 260
[2022-12-21 00:08:26] <%$Diminish7d> rgb cursor = +FPS Pog
[2022-12-21 00:10:19] VIEWERS: 260
[2022-12-21 00:10:56] <%Mikeey> WutFace
[2022-12-21 00:11:16] <%$Diminish7d> monkaS
[2022-12-21 00:12:19] VIEWERS: 260
[2022-12-21 00:12:20] <%Mr_Kenny47> peepoCheer
[2022-12-21 00:12:22] <@%Jef_x> GAMING
[2022-12-21 00:12:51] <%Mr_Kenny47> PauseChamp
[2022-12-21 00:13:03] <ONEFAZ69> nichiv1Gaming nichiv1Gaming Hi jaxvrLicka jaxvrLicka jaxvrLicka
[2022-12-21 00:13:15] <ONEFAZ69> jaxvrBlankies stolpe1Party2 zilStick jaxvrBlankies stolpe1Party2 zilStick
[2022-12-21 00:13:21] <%Mr_Kenny47> @ONEFAZ69 nediavAidenPeek nediavAidenRave
[2022-12-21 00:13:38] <ONEFAZ69> @Mr_Kenny47 casual335Love casual335Love
[2022-12-21 00:14:00] <%Mr_Kenny47> @ONEFAZ69 catKISS
[2022-12-21 00:14:08] <%ItiiIsHere> @ONEFAZ69 Hello there!!!
[2022-12-21 00:14:10] <%Mr_Kenny47> WICKED
[2022-12-21 00:14:19] VIEWERS: 269
[2022-12-21 00:14:21] <ONEFAZ69> @ItiiIsHere casual335Love casual335Love
[2022-12-21 00:14:28] <ONEFAZ69> zilWow zilWow zilWow
[2022-12-21 00:14:45] <%Mr_Kenny47> PauseChamp
[2022-12-21 00:14:52] <%Mr_Kenny47> docSmash
[2022-12-21 00:15:00] <ONEFAZ69> missme49Poggies missme49Poggies missme49Poggies
[2022-12-21 00:15:19] <%Mr_Kenny47> Cheers JuiceTime
[2022-12-21 00:15:19] <Lil_luis_x> BeerTime
[2022-12-21 00:15:22] <%+Rearward_248> !cheers
[2022-12-21 00:15:22] <@^StreamElements> widepeepoHappy 🍻
[2022-12-21 00:15:23] <@%Jef_x> cheers! nediavAidenSip
[2022-12-21 00:15:28] <%$Diminish7d> saluud!
[2022-12-21 00:15:29] <ONEFAZ69> moonie30Jammin moonie30Jammin moonie30Jammin
[2022-12-21 00:15:36] <%$Diminish7d> lahyxHydr lahyxHydr lahyxHydr
[2022-12-21 00:15:47] <%Mr_Kenny47> BLANKIES
[2022-12-21 00:16:17] <ONEFAZ69> casual335Vibe casual335Vibe casual335Vibe
[2022-12-21 00:16:19] VIEWERS: 269
[2022-12-21 00:16:34] <%Mr_Kenny47> nediaJAM
[2022-12-21 00:17:06] <%Mr_Kenny47> peepoCheering
[2022-12-21 00:17:21] <gakuto18> Alo
[2022-12-21 00:17:24] <gakuto18> AidenWave aidenLurk catKISS
# Log started: 2022-12-21 15:38:15 +0100
[2022-12-21 15:38:15] ~Stream offline~
[2022-12-21 15:38:15] Joining #nediavr..
[2022-12-21 15:38:15] You have joined #nediavr
[2022-12-21 21:56:28] <@^StreamElements> NediaVR is now live! Streaming VRChat: 🐋🐳☄️Fox POWER HOUR Popping Bloons Until Your Fruit turns Sour 💕《VTuber》~ ❥│･ω･`
[2022-12-21 21:57:05] <winy0311> AidenWave
[2022-12-21 21:57:06] <@%Jef_x> AidenWave
[2022-12-21 21:57:16] <%El_BloomerTNC> nediavAidenPeek
[2022-12-21 21:57:29] <x1Roko1x> AidenWave nediaJAM
[2022-12-21 21:57:30] <%+rogermiranda1000> AidenWave
[2022-12-21 21:58:10] VIEWERS: 13
[2022-12-21 21:58:10] ~🐋🐳☄️Fox POWER HOUR Popping Bloons Until Your Fruit turns Sour 💕《VTuber》~ ❥│･ω･` (VRChat)~
[2022-12-21 21:58:59] <videogameretromix> GlitchLit GlitchLit GlitchLit GlitchLit FallWinning
[2022-12-21 21:59:04] <%+flixi_> nediavAidenNotes
[2022-12-21 22:00:10] VIEWERS: 44
[2022-12-21 22:01:34] <%El_BloomerTNC> AidenWave hello!
[2022-12-21 22:01:39] <%El_BloomerTNC> aidenpop
[2022-12-21 22:01:46] <%alelitoxz> yo
[2022-12-21 22:02:02] <%alelitoxz> SCHIZO
[2022-12-21 22:02:06] <%jason_seven> Yoooo. How are u doing Eiden crowegCROWEVIBES lxformFist crowegCROWEVIBES lxformFist crowegCROWEVIBES lxformFist
[2022-12-21 22:02:12] VIEWERS: 47
[2022-12-21 22:02:16] <%ItiiIsHere> Hello everyone!!!
[2022-12-21 22:02:27] <%ItiiIsHere> Yo!!
[2022-12-21 22:02:33] <x1Roko1x> AidenHeart
[2022-12-21 22:02:45] <%El_BloomerTNC> @itiiishere AidenWave well cum YEP
[2022-12-21 22:02:54] <%alelitoxz> LUL
[2022-12-21 22:03:09] <%ItiiIsHere> @El_BloomerTNC The one and only
[2022-12-21 22:03:09] <%El_BloomerTNC> nediavAidenNotes
[2022-12-21 22:03:39] <%ItiiIsHere> Pog
[2022-12-21 22:03:52] <%El_BloomerTNC> HUHH
[2022-12-21 22:04:15] <%alelitoxz> LUL
[2022-12-21 22:04:15] VIEWERS: 116
[2022-12-21 22:04:30] <@%Jef_x> nediavAidenThink nediavAidenNotes
[2022-12-21 22:04:37] <x1Roko1x> HUHH
[2022-12-21 22:05:01] <Tadur> you didn't pay for the premium windows battle pass
[2022-12-21 22:05:30] <%El_BloomerTNC> What’s the plan for today PauseChamp
[2022-12-21 22:05:53] <%ItiiIsHere> YEP
[2022-12-21 22:06:07] <@%Jef_x> LUL
[2022-12-21 22:06:14] <%El_BloomerTNC> nediavAidenLUL
[2022-12-21 22:06:15] VIEWERS: 116
[2022-12-21 22:06:42] <%alelitoxz> PauseChamp
[2022-12-21 22:07:06] <@%Jef_x> PauseChamp
[2022-12-21 22:07:10] <redrwbyvr21> hiya @NediaVR i hope ur doing well
[2022-12-21 22:07:28] <%ItiiIsHere> Eslands Pog
[2022-12-21 22:07:41] <redrwbyvr21> bless u that was a big one @NediaVR
[2022-12-21 22:07:56] <%Clang_20> AidenHeart  AidenWave
[2022-12-21 22:08:17] VIEWERS: 217
[2022-12-21 22:08:20] <%ItiiIsHere> You can watch the clip if u click the top right box on the pic
[2022-12-21 22:08:26] <@%Jef_x> PepoPopcorn
[2022-12-21 22:08:35] <%ItiiIsHere> Angy Madge
[2022-12-21 22:09:11] <%alelitoxz> LUL
[2022-12-21 22:09:13] <%ItiiIsHere> I love it
[2022-12-21 22:10:10] <%alelitoxz> Bedge
[2022-12-21 22:10:10] <%ItiiIsHere> Angy Madge ???
[2022-12-21 22:10:11] <d4vid116> Grande DJ Mario jajajaja
[2022-12-21 22:10:12] <%B0t_Translator> great dj mario hahahaha [by d4vid116]
[2022-12-21 22:10:17] Viewerstats (21:58-22:10): avg:110 min:13 max:217 [7/_13+31+3+69+0+101+0]
[2022-12-21 22:10:17] VIEWERS: 217
[2022-12-21 22:10:25] <%Clang_20> CLOWNDETECTED
[2022-12-21 22:11:03] <%alelitoxz> yea no SLAMTHEFART
[2022-12-21 22:11:04] <%B0t_Translator> yes, no [by alelitoxz]
[2022-12-21 22:11:59] <night_retro> Waving HI HI @NediaVR
[2022-12-21 22:12:18] VIEWERS: 205
[2022-12-21 22:12:53] <@%Jef_x> RAGEY
[2022-12-21 22:13:00] <%ItiiIsHere> Nojao Madge
[2022-12-21 22:13:28] <%alelitoxz> her pokimons die
[2022-12-21 22:13:44] <%jason_seven> nediavAidenSip nediavAidenSip nediavAidenSip
[2022-12-21 22:14:14] <%alelitoxz> pepeLaughing
[2022-12-21 22:14:18] VIEWERS: 205
[2022-12-21 22:14:20] <@%Jef_x> AidenLUL
[2022-12-21 22:14:38] <AlexDA08> LUL
[2022-12-21 22:14:46] <night_retro> tenseSmash
[2022-12-21 22:14:58] <%alelitoxz> NODDERS
[2022-12-21 22:15:17] <%ItiiIsHere> LUL
[2022-12-21 22:15:26] <@%Jef_x> nediavAidenLUL
[2022-12-21 22:15:34] <dume2010> Hi
[2022-12-21 22:15:36] <d4vid116> El mejor clip de Pipe
[2022-12-21 22:15:36] <%B0t_Translator> the best pipe clip [by d4vid116]
[2022-12-21 22:15:41] <%alelitoxz> OMEGALAUGHING
[2022-12-21 22:16:19] VIEWERS: 205
[2022-12-21 22:16:26] <@%Jef_x> nediavAidenLUL
[2022-12-21 22:16:31] <%alelitoxz> jajaja xdd
[2022-12-21 22:16:32] <%B0t_Translator> hahaha xdd [by alelitoxz]
[2022-12-21 22:16:44] <%ItiiIsHere> Lime yellow, lemon green NODDERS
[2022-12-21 22:17:43] <danifrostbite> crumpIeself hi aiden
[2022-12-21 22:18:02] <@%Jef_x> Stare
[2022-12-21 22:18:11] <%alelitoxz> Stare
[2022-12-21 22:18:20] VIEWERS: 271
[2022-12-21 22:18:21] <%Mikeey> Hello streamer Clap2 WideHardo Clap
[2022-12-21 22:18:23] <d4vid116> Arrrrriiibbaaaa
[2022-12-21 22:18:44] [Notification] xxadrianxx_simp_de_kiuwt subscribed with Prime. They've subscribed for 3 months! [Hi]
[2022-12-21 22:18:47] <@%Jef_x> Pog
[2022-12-21 22:19:01] <%ItiiIsHere> Pog
[2022-12-21 22:20:20] VIEWERS: 271
[2022-12-21 22:20:27] <ONEFAZ69> nichiv1Wow jaxvrMadge Hello jaxvrLicka nichiv1Wow
[2022-12-21 22:20:37] <ONEFAZ69> missme49Poggies missme49Poggies missme49Poggies missme49Poggies missme49Poggies missme49Poggies
[2022-12-21 22:20:49] <@%Jef_x> Madge
[2022-12-21 22:20:51] <%alelitoxz> LUL
[2022-12-21 22:21:27] <+Waskunk> Luzu Luzu
[2022-12-21 22:21:37] <ONEFAZ69> nichiv1NOTED nichiv1NOTED nichiv1NOTED
[2022-12-21 22:21:46] <%ItiiIsHere> No angy Madge
[2022-12-21 22:22:01] <ONEFAZ69> stolpe1Nodders stolpe1Nodders stolpe1Nodders
[2022-12-21 22:22:02] <%ItiiIsHere> @ONEFAZ69 Hello there!!
[2022-12-21 22:22:15] <@%Jef_x> @ONEFAZ69  AidenWave
[2022-12-21 22:22:20] VIEWERS: 278
[2022-12-21 22:23:06] <%Marcelo_d_c> Hi Nedia! nediavAidenHeart
[2022-12-21 22:23:15] <Lil_luis_x> nediaJAM AidenWave
[2022-12-21 22:23:20] <%ItiiIsHere> ApuJam
[2022-12-21 22:23:27] <%Marcelo_d_c> nediavAidenRave
[2022-12-21 22:23:29] <@%Jef_x> LookingSussy
[2022-12-21 22:23:38] <d4vid116> kiuwtPato kiuwtPato kiuwtPato
[2022-12-21 22:23:59] <%Marcelo_d_c> nediavAidenLUL
[2022-12-21 22:24:20] VIEWERS: 280
[2022-12-21 22:24:29] <%Marcelo_d_c> nediavAidenRave
[2022-12-21 22:24:31] <@%Jef_x> nediavAidenLUL nediavAidenRave
[2022-12-21 22:24:36] <Lil_luis_x> AlienPls
[2022-12-21 22:24:46] <%Marcelo_d_c> el Mariana wey
[2022-12-21 22:24:46] <%B0t_Translator> the mariana wey [by marcelo_d_c]
[2022-12-21 22:24:47] <@%Jef_x> AlienDance
[2022-12-21 22:25:11] <d4vid116> ¿Dónde estaba este video? Jajajaja
[2022-12-21 22:25:12] <%B0t_Translator> where was this video? hahahaha [by d4vid116]
[2022-12-21 22:25:39] <%Marcelo_d_c> nediavAidenRave nediavAidenRave
[2022-12-21 22:25:42] <@%Jef_x> AlienPls
[2022-12-21 22:25:43] <Lil_luis_x> LUL
[2022-12-21 22:25:49] <d4vid116> Grande Gams
[2022-12-21 22:25:50] <%B0t_Translator> great gams [by d4vid116]
[2022-12-21 22:25:51] <Lil_luis_x> PIGGIES
[2022-12-21 22:25:54] <d4vid116> kiuwtWiggle kiuwtWiggle kiuwtWiggle kiuwtWiggle
[2022-12-21 22:25:58] <x1Roko1x> AlienPls
[2022-12-21 22:26:20] VIEWERS: 287
[2022-12-21 22:26:40] <%Marcelo_d_c> nediavAidenRave nediavAidenRave nediavAidenRave
[2022-12-21 22:26:47] <d4vid116> kiuwtPato kiuwtPato kiuwtPato
[2022-12-21 22:26:52] <AlchaSatez> gamstParty gamstParty gamstDjloli gamstParty gamstParty
[2022-12-21 22:26:53] <@%Jef_x> nediavAidenRave
[2022-12-21 22:27:00] <d4vid116> kiuwtVibing kiuwtVibing kiuwtVibing
[2022-12-21 22:27:45] <Lil_luis_x> LUL
[2022-12-21 22:27:48] <%Marcelo_d_c> nediavAidenLUL
[2022-12-21 22:27:54] <%Marcelo_d_c> nediavAidenRave
[2022-12-21 22:28:20] VIEWERS: 287
[2022-12-21 22:28:26] <henrik781> zilStick
[2022-12-21 22:28:47] <%Marcelo_d_c> nediavAidenLUL
[2022-12-21 22:29:00] <%Marcelo_d_c> true
[2022-12-21 22:29:05] <thecreepydash> si
[2022-12-21 22:29:06] <%B0t_Translator> yeah [by thecreepydash]
[2022-12-21 22:29:06] <@%Jef_x> LUL
[2022-12-21 22:29:19] <+miracle16_> facts
[2022-12-21 22:29:45] <@%Jef_x> catJAM
[2022-12-21 22:30:20] VIEWERS: 309
[2022-12-21 22:30:24] <videogameretromix> Tendria que haber premios para Vtuber tambien. FallWinning  ganadora NediaVr <3
[2022-12-21 22:30:25] <%B0t_Translator> there would have to be awards for vtuber too. nediavr winner [by videogameretromix]
[2022-12-21 22:30:27] <+miracle16_> italian
[2022-12-21 22:30:58] <%Marcelo_d_c> nediavAidenRave
[2022-12-21 22:31:00] <@%Jef_x> LULW
[2022-12-21 22:31:03] <%Marcelo_d_c> hahaha
[2022-12-21 22:31:10] <Henry_Alcc> hahahaha
[2022-12-21 22:31:11] <thecreepydash> rubius
[2022-12-21 22:31:14] <+miracle16_> hahahahah
[2022-12-21 22:31:18] <Lil_luis_x> OMEGAROLL
[2022-12-21 22:31:21] <@%Jef_x> xqcGoofy  AlienPls
[2022-12-21 22:31:31] <%Marcelo_d_c> nediavAidenLUL
[2022-12-21 22:31:42] <videogameretromix> Ya e escuchado muchos tipo de baile pero le dicen el baile del cangrejito de rubius. XD
[2022-12-21 22:31:43] <%B0t_Translator> i already heard many types of dance but they tell him the dance of the rubius crab. xd [by videogameretromix]
[2022-12-21 22:31:59] <@%Jef_x> CatBop
[2022-12-21 22:32:19] <%Marcelo_d_c> nediavAidenRave
[2022-12-21 22:32:20] VIEWERS: 301
[2022-12-21 22:32:52] <night_retro> GROUPA
[2022-12-21 22:33:10] <@%Jef_x> nediavAidenLUL
[2022-12-21 22:33:23] <%Marcelo_d_c> nediavAidenLUL
[2022-12-21 22:33:33] <d4vid116> Grande El Mariana (@Zilverk) jajajaja
[2022-12-21 22:33:34] <%B0t_Translator> great the mariana (@zilverk) hahahaha [by d4vid116]
[2022-12-21 22:34:09] <x1Roko1x> LeMaxo
[2022-12-21 22:34:10] <%Marcelo_d_c> gogo
[2022-12-21 22:34:12] <thecreepydash> EZ
[2022-12-21 22:34:20] VIEWERS: 301
[2022-12-21 22:34:24] <%ItiiIsHere> Mixwell Pog
[2022-12-21 22:34:27] <%Marcelo_d_c> nediavAidenLUL
[2022-12-21 22:34:38] <+Waskunk> skip
[2022-12-21 22:34:40] <thecreepydash> yo tampoco
[2022-12-21 22:34:41] <%B0t_Translator> neither do i [by thecreepydash]
[2022-12-21 22:34:44] <+miracle16_> mixwell legend the counter
[2022-12-21 22:34:45] <+Waskunk> u can skip
[2022-12-21 22:34:46] <+pollito9928> skip
[2022-12-21 22:34:57] <%ItiiIsHere> I think no one
[2022-12-21 22:35:03] <thecreepydash> skip
[2022-12-21 22:35:04] [Notification] Rearward_248 subscribed at Tier 1. They've subscribed for 11 months, currently on a 11 month streak! [nediavAidenHeart]
[2022-12-21 22:35:06] <+Waskunk> same i think skip
[2022-12-21 22:35:07] <@%Jef_x> Pog
[2022-12-21 22:35:07] <%ItiiIsHere> Pog
[2022-12-21 22:35:08] <AlexDA08> Skip
[2022-12-21 22:35:15] <Lil_luis_x> Pog
[2022-12-21 22:35:15] <%Marcelo_d_c> Pog
[2022-12-21 22:35:20] <thecreepydash> Shush
[2022-12-21 22:35:21] [Points] videogameretromix redeemed Hydrate! (300)
[2022-12-21 22:35:30] <%Marcelo_d_c> nediavAidenRave
[2022-12-21 22:35:32] <0wear> KEKW
[2022-12-21 22:36:02] <videogameretromix> Bota con el corazon. <3
[2022-12-21 22:36:03] <%B0t_Translator> boot with the heart. [by videogameretromix]
[2022-12-21 22:36:03] <+miracle16_> money hahahaha
[2022-12-21 22:36:05] <AlexDA08> LUL
[2022-12-21 22:36:06] <+Waskunk> otra vez otra vez
[2022-12-21 22:36:07] <%B0t_Translator> again again [by waskunk]
[2022-12-21 22:36:09] <%Marcelo_d_c> skip for the win  xD
[2022-12-21 22:36:10] <+miracle16_> loock de video
[2022-12-21 22:36:11] <%B0t_Translator> video loock [by miracle16_]
[2022-12-21 22:36:25] VIEWERS: 306
[2022-12-21 22:36:36] <@%Jef_x> catJAM DrumTime
[2022-12-21 22:36:44] <videogameretromix> Quien te guste mas bota. FallWinning
[2022-12-21 22:36:45] <%B0t_Translator> who you like the most boot. [by videogameretromix]
[2022-12-21 22:36:47] <%Marcelo_d_c> nediavAidenRave
[2022-12-21 22:36:56] <Lil_luis_x> catJAM
[2022-12-21 22:37:11] <%+Rearward_248> nediavAidenRave
[2022-12-21 22:37:47] <@%Jef_x> nediaJAM
[2022-12-21 22:38:10] <+Waskunk> I recommend ¨again¨
[2022-12-21 22:38:25] <videogameretromix> Quien lo diria y lo que se convertio el broo broo brooo. :P FallWinning
[2022-12-21 22:38:25] VIEWERS: 306
[2022-12-21 22:38:26] <%B0t_Translator> who would say it and what the broo broo borus became. [by videogameretromix]
[2022-12-21 22:38:35] <@%Jef_x> NODDERS
[2022-12-21 22:38:48] <+miracle16_> zilverk goat
[2022-12-21 22:38:53] <+Waskunk> @miracle16_ Hina
[2022-12-21 22:39:05] <videogameretromix> Gran artistas. FallWinning <3
[2022-12-21 22:39:06] <%B0t_Translator> great artists. [by videogameretromix]
[2022-12-21 22:39:23] <+Waskunk> 3
[2022-12-21 22:39:28] <+Faze_BEATER> three
[2022-12-21 22:39:32] <+miracle16_> es el que mas canciones a sacado este año
[2022-12-21 22:39:33] <%B0t_Translator> it is the one that has taken the most this year [by miracle16_]
[2022-12-21 22:40:13] <%lividguy> le tiene 3 canciones nominadas
[2022-12-21 22:40:14] <%B0t_Translator> it has 3 nominated songs [by lividguy]
[2022-12-21 22:40:25] Viewerstats (22:12-22:40): avg:273 min:205 max:309 [15/205+0+0+66+0+7+2+7+0+22−8+0+5+0−10]
[2022-12-21 22:40:25] VIEWERS: 296
[2022-12-21 22:40:44] <+miracle16_> true
[2022-12-21 22:40:47] <%Marcelo_d_c> true
[2022-12-21 22:41:46] <+miracle16_> la mejor cancion en mi opinion
[2022-12-21 22:41:47] <%B0t_Translator> the best song in my opinion [by miracle16_]
[2022-12-21 22:42:06] <Lil_luis_x> VIBEE
[2022-12-21 22:42:17] <videogameretromix> Amigo de Maxo. <3
[2022-12-21 22:42:18] <%B0t_Translator> maxo's friend. [by videogameretromix]
[2022-12-21 22:42:27] VIEWERS: 301
[2022-12-21 22:42:30] <+miracle16_> esta es la original https://www.youtube.com/watch?v=J9i1rBLkkYY
[2022-12-21 22:42:31] <%B0t_Translator> this is the original [by miracle16_]
[2022-12-21 22:42:40] <videogameretromix> Pero siendo sincero, hay mas nivel. :P
[2022-12-21 22:42:41] <%B0t_Translator> but being honest, there is more level. [by videogameretromix]
[2022-12-21 22:43:27] <%Marcelo_d_c> nediavAidenSip
[2022-12-21 22:43:54] <videogameretromix> No soy amigo del auto tune, creo que a voz natual es mejor. :3
[2022-12-21 22:43:55] <%B0t_Translator> i am not a friend of the tune auto, i think it is better. :3 [by videogameretromix]
[2022-12-21 22:43:59] <@%Jef_x> LUL
[2022-12-21 22:44:04] <thecreepydash> xd
[2022-12-21 22:44:11] <+miracle16_> nedia has jugado alguna vez a el scape from tarkov?
[2022-12-21 22:44:12] <%B0t_Translator> half have you ever played the escape from tarkov? [by miracle16_]
[2022-12-21 22:44:28] VIEWERS: 301
[2022-12-21 22:44:30] <%lividguy> nediavAidenLUL
[2022-12-21 22:44:36] <+Waskunk> ricky!?
[2022-12-21 22:44:41] <@%Jef_x> xar2EDM peepoChef
[2022-12-21 22:44:48] <%Marcelo_d_c> nediavAidenLUL nediavAidenLUL
[2022-12-21 22:45:11] <salemsalemi> Cooking stream, nice o/
[2022-12-21 22:45:20] <videogameretromix> Esta suena. :P <3 FallWinning
[2022-12-21 22:45:21] <%B0t_Translator> this sounds. [by videogameretromix]
[2022-12-21 22:45:23] <asimplelonlyman> he's ruin the merengue
[2022-12-21 22:45:38] <%+flixi_> nediavAidenThink
[2022-12-21 22:45:38] <+miracle16_> 🥸 🥸 🥸 🥸
[2022-12-21 22:45:48] <videogameretromix> Cancion de verano. XD
[2022-12-21 22:45:49] <%B0t_Translator> summer song. xd [by videogameretromix]
[2022-12-21 22:45:57] <%lividguy> nediavAidenThink
[2022-12-21 22:45:59] <%+Rearward_248> LUL
[2022-12-21 22:46:03] <%lividguy> nediavAidenLUL
[2022-12-21 22:46:07] <@%Jef_x> nediavAidenLUL nediavAidenRave
[2022-12-21 22:46:08] <+miracle16_> es literalmente este emoji 🥸 🥸 🥸
[2022-12-21 22:46:09] <%B0t_Translator> it is literally this emoji 🥸 🥸 🥸 [by miracle16_]
[2022-12-21 22:46:31] VIEWERS: 301
[2022-12-21 22:46:43] <%Marcelo_d_c> nediavAidenThink
[2022-12-21 22:46:50] <videogameretromix> XD el chef se quedo pillado. XD
[2022-12-21 22:46:50] <%B0t_Translator> xd the chef was caught. xd [by videogameretromix]
[2022-12-21 22:46:55] <Xassthur> ya se le cortó el merengue
[2022-12-21 22:46:56] <%B0t_Translator> the merengue was already cut [by xassthur]
[2022-12-21 22:47:04] <videogameretromix> jajajaja XD
[2022-12-21 22:47:17] <videogameretromix> El merenge se le fue XD
[2022-12-21 22:47:19] <%B0t_Translator> the meringue left xd [by videogameretromix]
[2022-12-21 22:48:11] <thecreepydash> Si es más artista se hizo conocido por eso
[2022-12-21 22:48:11] <%B0t_Translator> if he is more artist he became known for that [by thecreepydash]
[2022-12-21 22:48:20] <%Marcelo_d_c> yes
[2022-12-21 22:48:21] <videogameretromix> Este chaval estubo con Ibai en su canal.
[2022-12-21 22:48:22] <%B0t_Translator> this kid was with ibai on its channel. [by videogameretromix]
[2022-12-21 22:48:29] <+miracle16_> es artista no es tan stremer
[2022-12-21 22:48:29] <%B0t_Translator> he is an artist is not so streamer [by miracle16_]
[2022-12-21 22:48:31] VIEWERS: 305
[2022-12-21 22:48:42] <R_a_v_e_n_z> streamer for fun
[2022-12-21 22:48:49] <Lil_luis_x> He is an Argentine singer who became a streamer xd
[2022-12-21 22:48:54] <danifrostbite> real gamer
[2022-12-21 22:49:16] <@%Jef_x> nediavAidenLUL
[2022-12-21 22:49:24] <Lil_luis_x> LUL
[2022-12-21 22:49:26] <+miracle16_> lmao
[2022-12-21 22:49:33] <%Marcelo_d_c> nediavAidenLUL
[2022-12-21 22:49:37] <R_a_v_e_n_z> lit killah is a freestyler too
[2022-12-21 22:49:43] <+miracle16_> facts
[2022-12-21 22:49:49] <Lil_luis_x> aidenNodders
[2022-12-21 22:50:05] <thecreepydash> 1 fpd
[2022-12-21 22:50:14] <videogameretromix> Yo soy de españa pero debo reconocer que hay buenos artistas en argentina con mucho potencial y futuro. <3 FallWinning
[2022-12-21 22:50:15] <%B0t_Translator> i am from spain but i must recognize that there are good artists in argentina with a lot of potential and future. [by videogameretromix]
[2022-12-21 22:50:18] <%Marcelo_d_c> nediavAidenLUL
[2022-12-21 22:50:25] <+miracle16_> 360 video¿
[2022-12-21 22:50:30] <asimplelonlyman> its a 360 video
[2022-12-21 22:50:30] <videogameretromix> amigo de the grefg
[2022-12-21 22:50:31] VIEWERS: 305
[2022-12-21 22:50:33] <%B0t_Translator> friend of the grefg [by videogameretromix]
[2022-12-21 22:50:41] <%+Rearward_248> LUL
[2022-12-21 22:50:42] <@%Jef_x> LUL
[2022-12-21 22:50:51] <%Marcelo_d_c> nediavAidenLUL nediavAidenLUL
[2022-12-21 22:50:54] <%+Rearward_248> Bloons
[2022-12-21 22:51:01] <0wear> 360 vid
[2022-12-21 22:51:18] <@%Jef_x> @0wear nediavAidenNotes
[2022-12-21 22:51:24] <videogameretromix> Pero no era para mi. XD
[2022-12-21 22:51:25] <%B0t_Translator> but it wasn't for me. xd [by videogameretromix]
[2022-12-21 22:51:26] <%Marcelo_d_c> hahahahha
[2022-12-21 22:51:27] <+miracle16_> ha dicho que tiene miedo a ir a estados unidos porque tiene miedo a que le disparendo 2 tiros xd
[2022-12-21 22:51:27] <%B0t_Translator> he said he is afraid of going to the united states because he is afraid of shooting 2 shots xd [by miracle16_]
[2022-12-21 22:51:28] <%alelitoxz> LUL npc
[2022-12-21 22:51:35] <asimplelonlyman> you can move the pov
[2022-12-21 22:51:38] <%Marcelo_d_c> its a irl stream hahaha
[2022-12-21 22:51:57] <@%Jef_x> @asimplelonlyman DinkDonk
[2022-12-21 22:51:57] <%+Rearward_248> nediavAidenThink
[2022-12-21 22:52:31] <videogameretromix> Anda al final... no enseño el dibujo con las algas XD
[2022-12-21 22:52:32] <%B0t_Translator> go at the end ... i don't teach drawing with xd algae [by videogameretromix]
[2022-12-21 22:52:32] VIEWERS: 305
[2022-12-21 22:52:38] <+miracle16_> dammm
[2022-12-21 22:52:40] <%Marcelo_d_c> nediavAidenRave
[2022-12-21 22:52:45] <+miracle16_> this song its fire
[2022-12-21 22:53:30] <%Marcelo_d_c> nediavAidenRave nediavAidenRave
[2022-12-21 22:53:34] <%+Rearward_248> aidenPls
[2022-12-21 22:53:35] <videogameretromix> GlitchLit GlitchLit GlitchLit GlitchLit
[2022-12-21 22:53:45] <Lil_luis_x> nediaJAM
[2022-12-21 22:53:56] <+miracle16_> 1 stremer and 3 singer Argentines
[2022-12-21 22:53:58] <%Marcelo_d_c> nediaJAM
[2022-12-21 22:54:16] [Points] Waskunk redeemed Hydrate! (300)
[2022-12-21 22:54:34] VIEWERS: 305
[2022-12-21 22:54:41] <%Marcelo_d_c> nediavAidenLUL
[2022-12-21 22:54:48] <+miracle16_> barca its the stremer
[2022-12-21 22:55:14] <%alelitoxz> Shruggers
[2022-12-21 22:55:21] <%Marcelo_d_c> nediavAidenLUL
[2022-12-21 22:55:30] <videogameretromix> las canciones de verano son muy repetititvas dice que se dejo el porche y llamame o algo asi. XD
[2022-12-21 22:55:30] <%B0t_Translator> summer songs are very repetitive, he says he left the porch and call me or something. xd [by videogameretromix]
[2022-12-21 22:55:30] <+Waskunk> i told u
[2022-12-21 22:56:03] <+miracle16_> Barca is not the same as Barça, that's how it is in Catalan, an internal language of Spain that is not Spanish.
[2022-12-21 22:56:04] <keyn3z> XD
[2022-12-21 22:56:11] <%alelitoxz> Gayge ?
[2022-12-21 22:56:19] <%Marcelo_d_c> nediavAidenThink
[2022-12-21 22:56:23] <keyn3z> jup
[2022-12-21 22:56:32] <+Waskunk> @alelitoxz Sadge
[2022-12-21 22:56:36] VIEWERS: 300
[2022-12-21 22:56:37] <+miracle16_> barça its the soccer club
[2022-12-21 22:56:45] <%alelitoxz> catKISS Waskunk
[2022-12-21 22:57:04] <@%Jef_x> @NediaVR btw the "low quality" video was 360°
[2022-12-21 22:57:16] <+miracle16_> @Jef_x true
[2022-12-21 22:57:22] <+miracle16_> te lo dije kekw
[2022-12-21 22:57:23] <%B0t_Translator> i told you [by miracle16_]
[2022-12-21 22:57:42] <@%Jef_x> NODDERS LUL
[2022-12-21 22:57:53] <videogameretromix> Amor es amor sea con el sexo que sea... mientras respetes. FallWinning
[2022-12-21 22:57:53] <%B0t_Translator> love is love with the sex that is ... while respecting. [by videogameretromix]
[2022-12-21 22:57:57] <+Masacris> heyy~ AidenWave
[2022-12-21 22:58:01] <+miracle16_> porque en todos los videos ahi gente besandose xd
[2022-12-21 22:58:01] <%B0t_Translator> because in all the videos there people kissing xd [by miracle16_]
[2022-12-21 22:58:04] <videogameretromix> No estamos en los 90 XD
[2022-12-21 22:58:05] <%B0t_Translator> we are not in the 90 xd [by videogameretromix]
[2022-12-21 22:58:21] <Lil_luis_x> LUL
[2022-12-21 22:58:36] VIEWERS: 300
[2022-12-21 22:58:36] <@%Jef_x> PepegaGun
[2022-12-21 22:58:48] <videogameretromix> Juegazo!
[2022-12-21 22:58:49] <%B0t_Translator> game! [by videogameretromix]
[2022-12-21 22:59:14] <%+Rearward_248> LUL
[2022-12-21 22:59:19] <%lividguy> nediavAidenLUL
[2022-12-21 22:59:32] <thecreepydash> LUL
[2022-12-21 22:59:32] <%lividguy> nediavAidenFine
[2022-12-21 22:59:36] <+miracle16_> por sierto no viste el baile de follacamiones te saltaste ese baile antes
[2022-12-21 22:59:36] <%B0t_Translator> you didn't see the follacamion dance you skipped that dance before [by miracle16_]
[2022-12-21 23:00:11] <+miracle16_> creo que te falto un baile por ver
[2022-12-21 23:00:11] <%B0t_Translator> i think i miss a dance to see [by miracle16_]
[2022-12-21 23:00:27] <thejoro0> FeelsRainMan
[2022-12-21 23:00:36] VIEWERS: 325
[2022-12-21 23:00:57] <%Marcelo_d_c> nediaJAM
[2022-12-21 23:01:05] <@%Jef_x> PianoTime  nediaJAM
[2022-12-21 23:01:13] <%lividguy> This will be the winner, it is the one with the least autotune
[2022-12-21 23:01:18] <%+Rearward_248> nediaJAM
[2022-12-21 23:01:34] <AlexDA08> Es god
[2022-12-21 23:01:34] <%B0t_Translator> it's god [by alexda08]
[2022-12-21 23:01:37] <+Masacris> really nice voice
[2022-12-21 23:01:37] <videogameretromix> Nooo wacho noooo! el alcohol no es la solucion... sal a correr al campo y grita al mundo todo volvera a estar bien. FallWinning <3
[2022-12-21 23:01:38] <%B0t_Translator> nooo wacho noooo! alcohol is not the solution ... go to run to the field and shout into the world everything will be fine again. [by videogameretromix]
[2022-12-21 23:02:05] <%lividguy> nediavAidenEZ
[2022-12-21 23:02:09] <%Marcelo_d_c> nediavAidenThink
[2022-12-21 23:02:10] <@%Jef_x> LUL
[2022-12-21 23:02:15] <%Marcelo_d_c> nediavAidenLUL nediavAidenLUL nediavAidenLUL
[2022-12-21 23:02:16] <%lividguy> nediavAidenLUL nediavAidenLUL
[2022-12-21 23:02:20] <%lividguy> clip
[2022-12-21 23:02:22] <0wear> its time LUL
[2022-12-21 23:02:23] <%+Rearward_248> LUL
[2022-12-21 23:02:29] <%Marcelo_d_c> nediavAidenLUL
[2022-12-21 23:02:36] VIEWERS: 301
[2022-12-21 23:02:39] <%RollingAsh> hello
[2022-12-21 23:02:54] <videogameretromix> Nedia noooooo!
[2022-12-21 23:03:07] <AlchaSatez> zilPad zilHey1 zilHey2
[2022-12-21 23:03:17] <videogameretromix> Donde estas Nedia? tongaso del bueno no? no te pusieron. :(
[2022-12-21 23:03:18] <%B0t_Translator> where are you Nedia? good time right? they didn't put you. [by videogameretromix]
[2022-12-21 23:03:20] <%Marcelo_d_c> nediavAidenSip
[2022-12-21 23:03:31] <AlexDA08> Nedia siempre fiel
[2022-12-21 23:03:31] <%B0t_Translator> Nedia always faithful [by alexda08]
[2022-12-21 23:03:35] <@%Jef_x> nediavAidenLUL
[2022-12-21 23:03:58] <%Marcelo_d_c> next year Nedia for vtuber nomination
[2022-12-21 23:04:30] <videogameretromix> quackity seguro
[2022-12-21 23:04:30] <%B0t_Translator> safe quackity [by videogameretromix]
[2022-12-21 23:04:32] <thecreepydash> KEK
[2022-12-21 23:04:33] <AlexDA08> Ez
[2022-12-21 23:04:35] <%Marcelo_d_c> nediavAidenSip
[2022-12-21 23:04:39] VIEWERS: 301
[2022-12-21 23:05:09] <%Marcelo_d_c> true
[2022-12-21 23:05:10] <%ItiiIsHere> maincraft Pog
[2022-12-21 23:05:51] <0wear> arkadia and dedsafio
[2022-12-21 23:05:54] <%lividguy> ella sabe
[2022-12-21 23:05:55] <%B0t_Translator> she knows [by lividguy]
[2022-12-21 23:06:19] <@%Jef_x> PauseChamp nediavAidenThink
[2022-12-21 23:06:39] <%Marcelo_d_c> "blondes"  xD
[2022-12-21 23:06:41] VIEWERS: 316
[2022-12-21 23:06:41] <thecreepydash> LUL
[2022-12-21 23:06:47] <%Marcelo_d_c> nediavAidenLUL
[2022-12-21 23:06:48] <+Waskunk> elded its the creator of dedsafio XD
[2022-12-21 23:06:49] <@%Jef_x> LULW
[2022-12-21 23:06:50] <Lil_luis_x> LUL
[2022-12-21 23:06:51] <%+Rearward_248> LUL 󠀀
[2022-12-21 23:06:54] <+Masacris> who are those people even
[2022-12-21 23:06:57] <thecreepydash> buena traducción
[2022-12-21 23:06:57] <%B0t_Translator> good translation [by thecreepydash]
[2022-12-21 23:06:58] <I_Charlie> rubbOof
[2022-12-21 23:06:58] <AlexDA08> LUL
[2022-12-21 23:06:58] <%Marcelo_d_c> nediavAidenLUL nediavAidenLUL nediavAidenLUL
[2022-12-21 23:06:59] <0wear> KEKW
[2022-12-21 23:07:00] <%lividguy> nediavAidenLUL
[2022-12-21 23:07:00] <Ch3losky10> LUL
[2022-12-21 23:07:02] <JRGoodPlayer> LUL
[2022-12-21 23:07:05] <+eerickdoee> xd
[2022-12-21 23:07:08] <Xassthur> lol
[2022-12-21 23:07:14] <%Marcelo_d_c> nediavAidenLUL
[2022-12-21 23:07:15] <%+Rearward_248> Autotranslator peepoWTF
[2022-12-21 23:07:27] <%Marcelo_d_c> nediavAidenRave
[2022-12-21 23:07:37] <%Marcelo_d_c> nediavAidenNotes
[2022-12-21 23:07:43] <+Masacris> what about the other categories?
[2022-12-21 23:07:53] <%ItiiIsHere> nice
[2022-12-21 23:08:02] <+Masacris> noone there jaxvrDead
[2022-12-21 23:08:18] <%Marcelo_d_c> nice
[2022-12-21 23:08:28] <%+Rearward_248> LUL
[2022-12-21 23:08:30] <zirsel> nicee
[2022-12-21 23:08:41] VIEWERS: 316
[2022-12-21 23:08:43] <%Marcelo_d_c> Clap
[2022-12-21 23:08:43] <@%Jef_x> peepoClap
[2022-12-21 23:08:52] <+Sinidar_> soo...if knew none of those songs...
[2022-12-21 23:09:43] <%YuuttaPW> awawawawa
[2022-12-21 23:09:43] <@%Jef_x> PauseChamp
[2022-12-21 23:09:49] <%YuuttaPW> nediavAidenWowe nediavAidenWowe
[2022-12-21 23:09:49] <%Marcelo_d_c> nediavAidenSip
[2022-12-21 23:10:01] <%lividguy> nediavAidenSip
[2022-12-21 23:10:17] <+Sinidar_> oh my.
[2022-12-21 23:10:17] <%BurritoBandit123> Hmmge
[2022-12-21 23:10:28] <%BurritoBandit123> HYPANODDERS should play
[2022-12-21 23:10:29] <%lividguy> nediavAidenFine
[2022-12-21 23:10:30] <%YuuttaPW> super lesbian nediavAidenNotes
[2022-12-21 23:10:34] <%Marcelo_d_c> nediavAidenLUL
[2022-12-21 23:10:37] <Lil_luis_x> aidenNodders
[2022-12-21 23:10:41] Viewerstats (22:42-23:10): avg:305 min:299 max:325 [15/301+0+0+4+0+0+0−5+0+25−24+0+15+0−17]
[2022-12-21 23:10:41] VIEWERS: 299
[2022-12-21 23:10:46] <%lividguy> nediavAidenBlush
[2022-12-21 23:10:51] <%ginzaxd> monkeyW Furry
[2022-12-21 23:10:59] <%Marcelo_d_c> nediavAidenRave
[2022-12-21 23:11:01] <%BurritoBandit123> Binoculars
[2022-12-21 23:11:15] <+Faze_BEATER> super
[2022-12-21 23:11:20] <@%Jef_x> nediavAidenLUL
[2022-12-21 23:11:51] <%ginzaxd> PauseChamp Legendary sex escene
[2022-12-21 23:11:55] <@%Jef_x> GAMING
[2022-12-21 23:12:19] <%+Rearward_248> PepegaCredit
[2022-12-21 23:12:32] <%ginzaxd> PepegaCredit
[2022-12-21 23:12:32] <%BurritoBandit123> nediavAidenLUL
[2022-12-21 23:12:40] <jirahq> aritohores es mejor xd
[2022-12-21 23:12:43] <%B0t_Translator> arithohores is better xd [by jirahq]
[2022-12-21 23:12:43] VIEWERS: 299
[2022-12-21 23:12:51] <%ginzaxd> PagMan
[2022-12-21 23:13:39] <%ginzaxd> WifeCheck
[2022-12-21 23:13:41] <@%Jef_x> OhICantSee
[2022-12-21 23:14:44] VIEWERS: 299
[2022-12-21 23:14:44] ~🐋🐳☄️Fox POWER HOUR Popping Bloons Until Your Fruit turns Sour 💕《VTuber》~ ❥│･ω･` (Super Lesbian Animal RPG)~
[2022-12-21 23:14:46] <%+Rearward_248> LETSGO
[2022-12-21 23:14:54] <%+xxadrianxx_simp_de_kiuwt> :l
[2022-12-21 23:15:19] <%lividguy> nediavAidenSip
[2022-12-21 23:15:19] <%BurritoBandit123> No nightmare mode  Sadge
[2022-12-21 23:15:31] <@%Jef_x> nediavAidenPout nediavAidenLUL
[2022-12-21 23:16:01] <%ginzaxd> pepeMeltdown
[2022-12-21 23:16:25] <%+Rearward_248> pepeMeltdown
[2022-12-21 23:16:25] <%ginzaxd> PepegaGun
[2022-12-21 23:16:33] <+Sinidar_> more purr!
[2022-12-21 23:16:46] VIEWERS: 288
[2022-12-21 23:17:50] <%+xxadrianxx_simp_de_kiuwt> The 100k point reward does nothing, right?
[2022-12-21 23:17:58] <%ginzaxd> LUL
[2022-12-21 23:18:09] <%ginzaxd> PauseChamp -100k
[2022-12-21 23:18:22] <$beiker05> Holi neemocNeemofeliz neemocNeemofeliz neemocNeemofeliz
[2022-12-21 23:18:37] <$beiker05> Nadia renrZero renrZero renrZero
[2022-12-21 23:18:46] VIEWERS: 288
[2022-12-21 23:18:54] <@%Jef_x> doc1V1
[2022-12-21 23:20:11] <%+Rearward_248> CalliPanic
[2022-12-21 23:20:45] <%ginzaxd> ppHop 80 fps
[2022-12-21 23:20:47] VIEWERS: 276
[2022-12-21 23:21:34] <%BurritoBandit123> wifeCheckCD  GAMING
[2022-12-21 23:21:38] <%ginzaxd> WifeCheck GAMING
[2022-12-21 23:22:48] VIEWERS: 276
[2022-12-21 23:23:15] <%ginzaxd> ppOverheat
[2022-12-21 23:23:37] <@%Jef_x> EZ
[2022-12-21 23:23:50] <%+Rearward_248> !SuperLesbianAnimalRPG
[2022-12-21 23:23:58] <%ginzaxd> LUL
[2022-12-21 23:24:33] <%ginzaxd> PagMan Apesex
[2022-12-21 23:24:38] <@%Jef_x> GAMING  peepoCheering
[2022-12-21 23:24:41] <%+Rearward_248> GAMING
[2022-12-21 23:24:49] VIEWERS: 276
[2022-12-21 23:24:49] ~🐋🐳☄️Fox POWER HOUR Popping Bloons Until Your Fruit turns Sour 💕《VTuber》~ ❥│･ω･` (Apex Legends)~
[2022-12-21 23:25:27] <%ItiiIsHere> APEX Pog
[2022-12-21 23:25:54] <@%Jef_x> BLANKIES
[2022-12-21 23:26:04] <%ginzaxd> peepoCheer
[2022-12-21 23:26:08] <Lil_luis_x> BeerTime
[2022-12-21 23:26:11] <%+Rearward_248> !cheers BeerTime
[2022-12-21 23:26:11] <@^StreamElements> widepeepoHappy 🍻
[2022-12-21 23:26:16] <@%Jef_x> BeerTime cheers!
[2022-12-21 23:26:51] VIEWERS: 273
[2022-12-21 23:27:10] <%ginzaxd> Binoculars
[2022-12-21 23:27:25] <night_retro> can i play with you? @NediaVR
[2022-12-21 23:28:17] <@%Jef_x> DrumTime  nediaJAM
[2022-12-21 23:28:42] <%ginzaxd> PepegaCredit
[2022-12-21 23:28:52] VIEWERS: 273
[2022-12-21 23:29:03] <christmas_______> PepegaCredit
[2022-12-21 23:29:13] <%ItiiIsHere> Gifting Pog
[2022-12-21 23:29:42] <@%Jef_x> PepegaCredit
[2022-12-21 23:30:30] <%Mikeey> aidenHop
[2022-12-21 23:30:46] <night_retro> I have 1000+ hours
[2022-12-21 23:30:52] VIEWERS: 273
[2022-12-21 23:30:55] [Points] Mhorthen redeemed TTSLabs TTS (5 000) [(Doc_BoyishGiggle) Brian: forsen (Doc_BoyishGiggle) Brian: forsen (Doc_BoyishGiggle) Brian: forsen (Doc_BoyishGiggle) Brian: forsen (Doc_BoyishGiggle) Brian: forsen (Doc_BoyishGiggle) Brian: forsen (Doc_BoyishGiggle) Brian: forsen]
[2022-12-21 23:30:56] <%B0t_Translator> (doc_boyishgiggle) brian: forsen (doc_boyishgiggle) brian: forsen (doc_boyishgiggle) brian: forsen (doc_boyishgiggle) brian: forsen (doc_boyishgigle) brian: forsen (doc_boyishggle) brian: forsen (doc_boyishgle) [by mhorthen]
[2022-12-21 23:31:10] <%ginzaxd> PauseChamp
[2022-12-21 23:31:44] <%ginzaxd> FeelsLateMan
[2022-12-21 23:32:05] <christmas_______> widepeepoHappy
[2022-12-21 23:32:10] <Mhorthen> docSmash FUCK
[2022-12-21 23:32:25] <@%Jef_x> peepoCheering
[2022-12-21 23:32:30] <%ginzaxd> EZ Clap scammed
[2022-12-21 23:32:53] VIEWERS: 270
[2022-12-21 23:32:57] <%ginzaxd> NODDERS DrumTime
[2022-12-21 23:33:20] <Mhorthen> -5K LULW
[2022-12-21 23:33:32] <Lil_luis_x> nediaJAM
[2022-12-21 23:33:33] <%+Rearward_248> LETSGO
[2022-12-21 23:34:39] <%ItiiIsHere> GAMBA PauseChamp ?
[2022-12-21 23:34:56] VIEWERS: 270
[2022-12-21 23:34:59] <%ginzaxd> ppL ª
[2022-12-21 23:36:21] <@%Jef_x> 10-4  YesSir
[2022-12-21 23:36:56] VIEWERS: 274
[2022-12-21 23:37:30] <%ginzaxd> NODDERS DrumTime
[2022-12-21 23:38:26] <%ginzaxd> WICKED
[2022-12-21 23:38:32] <%+Rearward_248> nediavAidenGun
[2022-12-21 23:38:41] <%ginzaxd> EZ Clap
[2022-12-21 23:38:48] <night_retro> mousydPog
[2022-12-21 23:38:58] VIEWERS: 274
[2022-12-21 23:39:11] <night_retro> -2
[2022-12-21 23:39:48] <%Miine_> yoyo  aidenHug
[2022-12-21 23:39:51] <%ginzaxd> LUL
[2022-12-21 23:40:01] <%+Rearward_248> LUL
[2022-12-21 23:40:58] Viewerstats (23:12-23:40): avg:278 min:270 max:299 [15/299+0−11+0−12+0+0−3+0+0−3+0+4+0+0]
[2022-12-21 23:40:58] VIEWERS: 274
[2022-12-21 23:40:59] <%ginzaxd> aidenHop
[2022-12-21 23:41:13] <@%Jef_x> aidenHop
[2022-12-21 23:42:29] <%ginzaxd> LUL
[2022-12-21 23:42:49] <@%Jef_x> monkaS
[2022-12-21 23:42:58] VIEWERS: 282
[2022-12-21 23:43:18] <%ginzaxd> HOLY
[2022-12-21 23:43:29] <@%Jef_x> nt
[2022-12-21 23:43:31] <%ginzaxd> nt
[2022-12-21 23:43:33] <%+Rearward_248> NOOOO
[2022-12-21 23:43:45] <%ginzaxd> LUL
[2022-12-21 23:43:47] <%+Rearward_248> NODDERS
[2022-12-21 23:44:19] <%ginzaxd> peepoCheer
[2022-12-21 23:44:29] <%ginzaxd> PagMan GAMBAING
[2022-12-21 23:44:35] [Announcement] <Jef_x> GAMBA DinkDonk
[2022-12-21 23:44:59] VIEWERS: 282
[2022-12-21 23:45:15] <GrovSWM> hey
[2022-12-21 23:45:33] <%+Rearward_248> LETSGO
[2022-12-21 23:45:44] <@%Jef_x> peepoCheering
[2022-12-21 23:46:11] <the_ghost_boss> hanaxbSurp hanaxbSurp
[2022-12-21 23:46:59] VIEWERS: 279
[2022-12-21 23:47:27] <%ginzaxd> WAYTOODANK
[2022-12-21 23:47:34] <%+Rearward_248> WAYTOODANK
[2022-12-21 23:49:00] VIEWERS: 279
[2022-12-21 23:49:35] <ryanbeflyinn> NODDERS
[2022-12-21 23:51:00] VIEWERS: 289
[2022-12-21 23:51:16] <%ginzaxd> aidenHop
[2022-12-21 23:51:18] <@%Jef_x> aidenHop
[2022-12-21 23:51:48] <%+Rearward_248> Believer
[2022-12-21 23:52:19] <超級鬧靈貓 (pickle0821)> hiiii aidenArrive
[2022-12-21 23:53:01] VIEWERS: 289
[2022-12-21 23:54:15] <%+Rearward_248> DrumTime
[2022-12-21 23:54:19] <%ginzaxd> xqcTechno
[2022-12-21 23:54:20] <@%Jef_x> @超級鬧靈貓  AidenWave
[2022-12-21 23:54:40] <%ItiiIsHere> @超級鬧靈貓 Hello there!!!
[2022-12-21 23:54:44] <@%Jef_x> Binoculars
[2022-12-21 23:54:52] <%+Rearward_248> WifeCheck
[2022-12-21 23:55:01] VIEWERS: 289
[2022-12-21 23:56:32] <%+Rearward_248> doc1V1
[2022-12-21 23:56:55] <%+Rearward_248> Last squad
[2022-12-21 23:57:02] VIEWERS: 293
[2022-12-21 23:57:15] <%alelitoxz> LUL
[2022-12-21 23:57:17] <%+Rearward_248> NOOOO
[2022-12-21 23:57:48] <%ginzaxd> peepoCheer
[2022-12-21 23:58:06] [Announcement] <Jef_x> GAMBA DinkDonk
[2022-12-21 23:58:10] <%ginzaxd> SUSSY
[2022-12-21 23:58:18] <%ginzaxd> PoroSad noouu
[2022-12-21 23:58:54] <@%Jef_x> LETSGO  HYPERYump
[2022-12-21 23:58:59] <%+Rearward_248> LETSGO
[2022-12-21 23:59:06] VIEWERS: 293
[2022-12-21 23:59:10] <%alelitoxz> LUL
