# Log started: 2022-12-17 00:04:09 +0100
[2022-12-17 00:04:09] <miharbii1> !crosshair
[2022-12-17 00:04:09] <@^StreamElements> 1-2-1-2, outlines 1 or Import the code in to your settings: 0;P;c;1;o;1;f;0;0t;1;0l;2;0o;2;0a;1;0f;0;1b;0
[2022-12-17 00:08:32] <dipsyfps> !res
[2022-12-17 00:08:32] <@^StreamElements> @dipsyfps 1280x960 4:3
[2022-12-17 01:07:59] <DextyTwo> !sens
[2022-12-17 01:08:00] <@^StreamElements> @DextyTwo 0.49; zoom 1.0 [800 DPI, 1000 Hz]
[2022-12-17 01:11:02] <Menduhhh> !res
[2022-12-17 01:11:02] <@^StreamElements> @Menduhhh 1280x960 4:3
[2022-12-17 01:11:35] <awokiuehgnawg> !crosshair
[2022-12-17 01:11:35] <@^StreamElements> 1-2-1-2, outlines 1 or Import the code in to your settings: 0;P;c;1;o;1;f;0;0t;1;0l;2;0o;2;0a;1;0f;0;1b;0
[2022-12-17 01:21:49] <트위프리카 (kimsun1012)> !settings
[2022-12-17 01:21:49] <@^StreamElements> @트위프리카, https://youtu.be/PR5qbzFO_74
[2022-12-17 01:31:27] <WOAHSOWN> !sens
[2022-12-17 01:31:27] <@^StreamElements> @WOAHSOWN 0.49; zoom 1.0 [800 DPI, 1000 Hz]
[2022-12-17 01:50:24] <hotjose> !crosshait
[2022-12-17 01:50:31] <hotjose> !crosshair
[2022-12-17 01:50:31] <@^StreamElements> 1-2-1-2, outlines 1 or Import the code in to your settings: 0;P;c;1;o;1;f;0;0t;1;0l;2;0o;2;0a;1;0f;0;1b;0
[2022-12-17 01:57:18] <Neecch> !where
[2022-12-17 01:57:18] <@^StreamElements> @Neecch Serbia
[2022-12-17 03:23:59] <joao078h> !res
[2022-12-17 03:23:59] <@^StreamElements> @joao078h 1280x960 4:3
[2022-12-17 03:53:22] <RpZD_3> !sens
[2022-12-17 03:53:22] <@^StreamElements> @RpZD_3 0.49; zoom 1.0 [800 DPI, 1000 Hz]
[2022-12-17 03:54:10] <mikuo43> !city
[2022-12-17 03:54:10] <@^StreamElements> @mikuo43 Utrecht
[2022-12-17 04:02:16] <쿄쿄쿜 (osh0426)> !monitersettings
[2022-12-17 04:02:47] <쿄쿄쿜 (osh0426)> !monitorsettings
[2022-12-17 04:02:47] <@^StreamElements> @쿄쿄쿜, https://youtu.be/PR5qbzFO_74
[2022-12-17 04:03:51] <+tysez_57> !sens
[2022-12-17 04:03:51] <@^StreamElements> @tysez_57 0.49; zoom 1.0 [800 DPI, 1000 Hz]
[2022-12-17 04:04:00] <쿄쿄쿜 (osh0426)> !nvidia
[2022-12-17 04:04:01] <@^StreamElements> 1. https://clck.ru/YuaKg 2. Color filtres - default
[2022-12-17 04:29:35] [Notification] justinthaagod subscribed with Prime.
[2022-12-17 07:10:33] <noobenjoyer> !sens
[2022-12-17 07:10:33] <@^StreamElements> @noobenjoyer 0.49; zoom 1.0 [800 DPI, 1000 Hz]
[2022-12-17 07:16:38] <daahfn> !mira
[2022-12-17 07:17:20] <daahfn> !sens
[2022-12-17 07:17:20] <@^StreamElements> @daahfn 0.49; zoom 1.0 [800 DPI, 1000 Hz]
[2022-12-17 07:19:46] <+d3ltaiow> l
[2022-12-17 09:23:20] <cuvsten> !sens
[2022-12-17 09:23:21] <@^StreamElements> @cuvsten 0.49; zoom 1.0 [800 DPI, 1000 Hz]
[2022-12-17 09:23:32] <cuvsten> !crosshair
[2022-12-17 09:23:33] <@^StreamElements> 1-2-1-2, outlines 1 or Import the code in to your settings: 0;P;c;1;o;1;f;0;0t;1;0l;2;0o;2;0a;1;0f;0;1b;0
[2022-12-17 09:23:48] <cuvsten> !res
[2022-12-17 09:23:48] <@^StreamElements> @cuvsten 1280x960 4:3
[2022-12-17 09:24:48] <cuvsten> !crosshair
[2022-12-17 09:24:48] <@^StreamElements> 1-2-1-2, outlines 1 or Import the code in to your settings: 0;P;c;1;o;1;f;0;0t;1;0l;2;0o;2;0a;1;0f;0;1b;0
[2022-12-17 09:28:22] <kyrowin11> !crosshair
[2022-12-17 09:28:22] <@^StreamElements> 1-2-1-2, outlines 1 or Import the code in to your settings: 0;P;c;1;o;1;f;0;0t;1;0l;2;0o;2;0a;1;0f;0;1b;0
[2022-12-17 09:28:27] <kyrowin11> res
[2022-12-17 09:28:37] <kyrowin11> !res
[2022-12-17 09:28:37] <@^StreamElements> @kyrowin11 1280x960 4:3
[2022-12-17 09:28:47] <@^StreamElements> https://www.instagram.com/reel/CfhPRM8AM43/?igshid=YmMyMTA2M2Y=
[2022-12-17 09:30:31] <SexySushiii> !crosshair
[2022-12-17 09:30:31] <@^StreamElements> 1-2-1-2, outlines 1 or Import the code in to your settings: 0;P;c;1;o;1;f;0;0t;1;0l;2;0o;2;0a;1;0f;0;1b;0
[2022-12-17 09:34:27] <nobibloom> !crosshair
[2022-12-17 09:34:27] <@^StreamElements> 1-2-1-2, outlines 1 or Import the code in to your settings: 0;P;c;1;o;1;f;0;0t;1;0l;2;0o;2;0a;1;0f;0;1b;0
[2022-12-17 09:38:34] <+Jacielrr> !crosshair
[2022-12-17 09:38:34] <@^StreamElements> 1-2-1-2, outlines 1 or Import the code in to your settings: 0;P;c;1;o;1;f;0;0t;1;0l;2;0o;2;0a;1;0f;0;1b;0
[2022-12-17 09:40:44] <engm_cellx> !sens
[2022-12-17 09:40:45] <@^StreamElements> @engm_cellx 0.49; zoom 1.0 [800 DPI, 1000 Hz]
[2022-12-17 09:40:52] <engm_cellx> !res
[2022-12-17 09:40:53] <@^StreamElements> @engm_cellx 1280x960 4:3
[2022-12-17 09:47:15] <쿄쿄쿜 (osh0426)> !monitor
[2022-12-17 09:47:15] <@^StreamElements> BENQ Zowie XL2546K 240 HZ
[2022-12-17 09:51:27] <Eydisu> !crosshair
[2022-12-17 09:51:27] <@^StreamElements> 1-2-1-2, outlines 1 or Import the code in to your settings: 0;P;c;1;o;1;f;0;0t;1;0l;2;0o;2;0a;1;0f;0;1b;0
[2022-12-17 09:54:07] <muh___> !crosshair
[2022-12-17 09:54:08] <@^StreamElements> 1-2-1-2, outlines 1 or Import the code in to your settings: 0;P;c;1;o;1;f;0;0t;1;0l;2;0o;2;0a;1;0f;0;1b;0
[2022-12-17 09:56:04] <heeectxr> !crosshair
[2022-12-17 09:56:04] <@^StreamElements> 1-2-1-2, outlines 1 or Import the code in to your settings: 0;P;c;1;o;1;f;0;0t;1;0l;2;0o;2;0a;1;0f;0;1b;0
[2022-12-17 10:03:42] <xseibaaa> !res
[2022-12-17 10:03:42] <@^StreamElements> @xseibaaa 1280x960 4:3
[2022-12-17 10:26:48] <kloew__> !res
[2022-12-17 10:26:48] <@^StreamElements> @kloew__ 1280x960 4:3
[2022-12-17 10:31:00] <chubbyduck44> !res
[2022-12-17 10:31:01] <@^StreamElements> @chubbyduck44 1280x960 4:3
[2022-12-17 10:43:27] <wctcky> !crosshair
[2022-12-17 10:43:27] <@^StreamElements> 1-2-1-2, outlines 1 or Import the code in to your settings: 0;P;c;1;o;1;f;0;0t;1;0l;2;0o;2;0a;1;0f;0;1b;0
[2022-12-17 10:51:58] <mercklep> !settings
[2022-12-17 10:51:58] <@^StreamElements> @mercklep, https://youtu.be/PR5qbzFO_74
[2022-12-17 11:03:24] <SexySushiii> !crosshair
[2022-12-17 11:03:24] <@^StreamElements> 1-2-1-2, outlines 1 or Import the code in to your settings: 0;P;c;1;o;1;f;0;0t;1;0l;2;0o;2;0a;1;0f;0;1b;0
[2022-12-17 11:11:21] <shaggy4pf> !sens
[2022-12-17 11:11:21] <@^StreamElements> @shaggy4pf 0.49; zoom 1.0 [800 DPI, 1000 Hz]
[2022-12-17 11:35:43] <yolowarrior01> !tg
[2022-12-17 11:35:43] <@^StreamElements> @yolowarrior01 https://t.me/nAtstg
[2022-12-17 12:00:38] <도젠 (jjh1220kr)> !sens
[2022-12-17 12:00:39] <@^StreamElements> @도젠 0.49; zoom 1.0 [800 DPI, 1000 Hz]
[2022-12-17 12:20:03] <m3yztvlr> !sens
[2022-12-17 12:20:03] <@^StreamElements> @m3yztvlr 0.49; zoom 1.0 [800 DPI, 1000 Hz]
[2022-12-17 12:31:44] <hamzersoy> !cross
[2022-12-17 12:31:44] <@^StreamElements> 1-2-1-2, outlines 1 or Import the code in to your settings: 0;P;c;1;o;1;f;0;0t;1;0l;2;0o;2;0a;1;0f;0;1b;0
[2022-12-17 12:32:41] <hamzersoy> !res
[2022-12-17 12:32:41] <@^StreamElements> @hamzersoy 1280x960 4:3
[2022-12-17 12:50:32] <xXlukasinho> !res
[2022-12-17 12:50:32] <@^StreamElements> @xXlukasinho 1280x960 4:3
[2022-12-17 12:51:40] <+p3wfps> !crosshair
[2022-12-17 12:51:40] <@^StreamElements> 1-2-1-2, outlines 1 or Import the code in to your settings: 0;P;c;1;o;1;f;0;0t;1;0l;2;0o;2;0a;1;0f;0;1b;0
[2022-12-17 12:52:57] <shazhangaming> !crosshiar
[2022-12-17 12:53:06] <shazhangaming> !crosshair
[2022-12-17 12:53:06] <@^StreamElements> 1-2-1-2, outlines 1 or Import the code in to your settings: 0;P;c;1;o;1;f;0;0t;1;0l;2;0o;2;0a;1;0f;0;1b;0
[2022-12-17 12:56:57] <EdwarDevilTV> !sens
[2022-12-17 12:56:57] <@^StreamElements> @EdwarDevilTV 0.49; zoom 1.0 [800 DPI, 1000 Hz]
[2022-12-17 13:00:56] <ilfouw> !settings
[2022-12-17 13:00:56] <@^StreamElements> @ilfouw, https://youtu.be/PR5qbzFO_74
[2022-12-17 13:13:53] <+vanessagav> !sens
[2022-12-17 13:13:53] <@^StreamElements> @vanessagav 0.49; zoom 1.0 [800 DPI, 1000 Hz]
[2022-12-17 13:15:31] <mishkafredee13> !settings
[2022-12-17 13:15:31] <@^StreamElements> @mishkafredee13, https://youtu.be/PR5qbzFO_74
[2022-12-17 13:16:16] <tarik_0619> !crosshair
[2022-12-17 13:16:16] <@^StreamElements> 1-2-1-2, outlines 1 or Import the code in to your settings: 0;P;c;1;o;1;f;0;0t;1;0l;2;0o;2;0a;1;0f;0;1b;0
[2022-12-17 13:41:22] <alexmovv> !sens
[2022-12-17 13:41:23] <@^StreamElements> @alexmovv 0.49; zoom 1.0 [800 DPI, 1000 Hz]
[2022-12-17 13:52:47] <coorvishon> !crosshair
[2022-12-17 13:52:48] <@^StreamElements> 1-2-1-2, outlines 1 or Import the code in to your settings: 0;P;c;1;o;1;f;0;0t;1;0l;2;0o;2;0a;1;0f;0;1b;0
[2022-12-17 13:53:05] <Moorten_16> !res
[2022-12-17 13:53:05] <@^StreamElements> @Moorten_16 1280x960 4:3
[2022-12-17 14:01:21] <morielg> !keyboard
[2022-12-17 14:01:21] <@^StreamElements> Razer Huntsman V2 Tenkeyless
[2022-12-17 14:05:36] <takeaf> !sens
[2022-12-17 14:05:37] <@^StreamElements> @takeaf 0.49; zoom 1.0 [800 DPI, 1000 Hz]
[2022-12-17 14:06:00] <takeaf> !crosshair
[2022-12-17 14:06:01] <@^StreamElements> 1-2-1-2, outlines 1 or Import the code in to your settings: 0;P;c;1;o;1;f;0;0t;1;0l;2;0o;2;0a;1;0f;0;1b;0
[2022-12-17 14:33:39] <azv1ctor> !video
[2022-12-17 14:33:39] <@^StreamElements> New Video -> https://youtu.be/c9ej_NKnXuk
[2022-12-17 14:34:26] <azv1ctor> !res
[2022-12-17 14:34:26] <@^StreamElements> @azv1ctor 1280x960 4:3
[2022-12-17 14:34:32] <azv1ctor> !crosshair
[2022-12-17 14:34:32] <@^StreamElements> 1-2-1-2, outlines 1 or Import the code in to your settings: 0;P;c;1;o;1;f;0;0t;1;0l;2;0o;2;0a;1;0f;0;1b;0
[2022-12-17 14:34:50] <azv1ctor> !config
[2022-12-17 14:34:58] <azv1ctor> !cfg
[2022-12-17 14:35:04] <azv1ctor> !commands
[2022-12-17 14:35:04] <@^StreamElements> !faq !vk !faceit !sens !stats !steam !res !crosshair !hltv !inst !vlr !youtube !twitter !donate !mousepad !mouse !keyboard !monitor !settings !controls !headset !age !panda !cat !from !nvidia !pc !time !stretched !tall !sleeve !monitorsettings !religion !rules !duo !grip !rank !radar !aimroutine !protips !minimap !study !main !team !guide !chair !cam !mic !servers !birthday !id !tg !subcount !language !where !record !tournament
[2022-12-17 14:35:13] <azv1ctor> !sens
[2022-12-17 14:35:13] <@^StreamElements> @azv1ctor 0.49; zoom 1.0 [800 DPI, 1000 Hz]
[2022-12-17 14:35:24] <azv1ctor> !settings
[2022-12-17 14:35:24] <@^StreamElements> @azv1ctor, https://youtu.be/PR5qbzFO_74
[2022-12-17 14:35:48] <azv1ctor> !nvidia
[2022-12-17 14:35:48] <@^StreamElements> 1. https://clck.ru/YuaKg 2. Color filtres - default
[2022-12-17 14:36:38] <azv1ctor> !monitorsettings
[2022-12-17 14:36:38] <@^StreamElements> @azv1ctor, https://youtu.be/PR5qbzFO_74
[2022-12-17 14:38:44] <@^StreamElements> https://www.instagram.com/reel/CfhPRM8AM43/?igshid=YmMyMTA2M2Y=
[2022-12-17 14:39:15] <@^StreamElements> Last photo - https://www.instagram.com/p/ClUCafiLIRb/?igshid=YmMyMTA2M2Y=
[2022-12-17 14:50:10] <ko1he> !crosshair
[2022-12-17 14:50:10] <@^StreamElements> 1-2-1-2, outlines 1 or Import the code in to your settings: 0;P;c;1;o;1;f;0;0t;1;0l;2;0o;2;0a;1;0f;0;1b;0
[2022-12-17 14:50:53] <Amyff> §SENS
[2022-12-17 14:50:59] <Amyff> !sens
[2022-12-17 14:50:59] <@^StreamElements> @Amyff 0.49; zoom 1.0 [800 DPI, 1000 Hz]
[2022-12-17 15:16:48] <only_headshots_17> !sens
[2022-12-17 15:16:48] <@^StreamElements> @only_headshots_17 0.49; zoom 1.0 [800 DPI, 1000 Hz]
[2022-12-17 15:17:22] <only_headshots_17> !crosshair
[2022-12-17 15:17:22] <@^StreamElements> 1-2-1-2, outlines 1 or Import the code in to your settings: 0;P;c;1;o;1;f;0;0t;1;0l;2;0o;2;0a;1;0f;0;1b;0
[2022-12-17 15:21:10] <akalivlr> !mira
[2022-12-17 15:21:15] <akalivlr> !crosshair
[2022-12-17 15:21:15] <@^StreamElements> 1-2-1-2, outlines 1 or Import the code in to your settings: 0;P;c;1;o;1;f;0;0t;1;0l;2;0o;2;0a;1;0f;0;1b;0
[2022-12-17 15:21:21] <akalivlr> !res
[2022-12-17 15:21:21] <@^StreamElements> @akalivlr 1280x960 4:3
[2022-12-17 15:22:15] <+nx_val> !res
[2022-12-17 15:22:15] <@^StreamElements> @nx_val 1280x960 4:3
[2022-12-17 15:24:57] <S0FAKlNG> !res
[2022-12-17 15:24:57] <@^StreamElements> @S0FAKlNG 1280x960 4:3
[2022-12-17 15:31:35] [Notification] vlr_timobelis subscribed at Tier 1.
[2022-12-17 15:43:18] <foreveralone792> !res
[2022-12-17 15:43:18] <@^StreamElements> @foreveralone792 1280x960 4:3
[2022-12-17 15:50:54] <kongnam2> !sens
[2022-12-17 15:50:55] <@^StreamElements> @kongnam2 0.49; zoom 1.0 [800 DPI, 1000 Hz]
[2022-12-17 15:59:03] <kongnam2> !sens
[2022-12-17 15:59:03] <@^StreamElements> @kongnam2 0.49; zoom 1.0 [800 DPI, 1000 Hz]
[2022-12-17 15:59:33] <kraycantaim> !commands
[2022-12-17 15:59:33] <@^StreamElements> !faq !vk !faceit !sens !stats !steam !res !crosshair !hltv !inst !vlr !youtube !twitter !donate !mousepad !mouse !keyboard !monitor !settings !controls !headset !age !panda !cat !from !nvidia !pc !time !stretched !tall !sleeve !monitorsettings !religion !rules !duo !grip !rank !radar !aimroutine !protips !minimap !study !main !team !guide !chair !cam !mic !servers !birthday !id !tg !subcount !language !where !record !tournament
[2022-12-17 15:59:44] <kraycantaim> !res
[2022-12-17 15:59:44] <@^StreamElements> @kraycantaim 1280x960 4:3
[2022-12-17 15:59:53] <kraycantaim> !crosshair
[2022-12-17 15:59:54] <@^StreamElements> 1-2-1-2, outlines 1 or Import the code in to your settings: 0;P;c;1;o;1;f;0;0t;1;0l;2;0o;2;0a;1;0f;0;1b;0
[2022-12-17 16:01:12] <kraycantaim> !sens
[2022-12-17 16:01:12] <@^StreamElements> @kraycantaim 0.49; zoom 1.0 [800 DPI, 1000 Hz]
[2022-12-17 16:02:12] <+pa1nx0> !crosshair
[2022-12-17 16:02:13] <@^StreamElements> 1-2-1-2, outlines 1 or Import the code in to your settings: 0;P;c;1;o;1;f;0;0t;1;0l;2;0o;2;0a;1;0f;0;1b;0
[2022-12-17 16:08:38] <+かぁぁぁぁぁむ (kqmu_144)> !crosshair
[2022-12-17 16:08:38] <@^StreamElements> 1-2-1-2, outlines 1 or Import the code in to your settings: 0;P;c;1;o;1;f;0;0t;1;0l;2;0o;2;0a;1;0f;0;1b;0
[2022-12-17 16:08:58] <+かぁぁぁぁぁむ (kqmu_144)> !sence
[2022-12-17 16:22:34] <josetancuan101> !sens
[2022-12-17 16:22:35] <@^StreamElements> @josetancuan101 0.49; zoom 1.0 [800 DPI, 1000 Hz]
[2022-12-17 16:22:40] <josetancuan101> !settings
[2022-12-17 16:22:41] <@^StreamElements> @josetancuan101, https://youtu.be/PR5qbzFO_74
[2022-12-17 16:30:32] <Sp1nn> !sens
[2022-12-17 16:30:32] <@^StreamElements> @Sp1nn 0.49; zoom 1.0 [800 DPI, 1000 Hz]
[2022-12-17 16:40:06] <GREEEEED59> !res
[2022-12-17 16:40:06] <@^StreamElements> @GREEEEED59 1280x960 4:3
[2022-12-17 16:52:43] <Vape78> !crosshair
[2022-12-17 16:52:43] <@^StreamElements> 1-2-1-2, outlines 1 or Import the code in to your settings: 0;P;c;1;o;1;f;0;0t;1;0l;2;0o;2;0a;1;0f;0;1b;0
[2022-12-17 16:59:30] <+trapzz1k> !crosshair
[2022-12-17 16:59:30] <@^StreamElements> 1-2-1-2, outlines 1 or Import the code in to your settings: 0;P;c;1;o;1;f;0;0t;1;0l;2;0o;2;0a;1;0f;0;1b;0
[2022-12-17 17:51:08] <crocop05> !nvidia
[2022-12-17 17:51:08] <@^StreamElements> 1. https://clck.ru/YuaKg 2. Color filtres - default
# Log started: 2022-12-17 22:22:33 +0100
[2022-12-17 22:22:33] ~Stream offline~
[2022-12-17 22:22:33] Joining #nats..
[2022-12-17 22:22:33] You have joined #nats
[2022-12-17 22:37:08] <devilosclxv> !crosshair
[2022-12-17 22:37:08] <@^StreamElements> 1-2-1-2, outlines 1 or Import the code in to your settings: 0;P;c;1;o;1;f;0;0t;1;0l;2;0o;2;0a;1;0f;0;1b;0
[2022-12-17 22:45:57] <KaraBey_10> !sens
[2022-12-17 22:45:57] <@^StreamElements> @KaraBey_10 0.49; zoom 1.0 [800 DPI, 1000 Hz]
[2022-12-17 22:46:14] <KaraBey_10> !cros
[2022-12-17 22:46:35] <KaraBey_10> !crosshair
[2022-12-17 22:46:35] <@^StreamElements> 1-2-1-2, outlines 1 or Import the code in to your settings: 0;P;c;1;o;1;f;0;0t;1;0l;2;0o;2;0a;1;0f;0;1b;0
[2022-12-17 22:59:33] <PeenutCookies> !settings
[2022-12-17 22:59:33] <@^StreamElements> @PeenutCookies, https://youtu.be/PR5qbzFO_74
[2022-12-17 23:20:20] <+noxi_2404> !res
[2022-12-17 23:20:21] <@^StreamElements> @noxi_2404 1280x960 4:3
[2022-12-17 23:39:46] <pituko55> !lineups
[2022-12-17 23:39:46] <@^StreamElements> @pituko55 Viper Lineups -> https://youtu.be/5vuNhZYDSQ0
