# Log started: 2022-12-09 00:35:15 +0100
[2022-12-09 00:35:15] <+Weskryptic> !comps
[2022-12-09 00:35:15] <@^StreamElements> Set 8 Comps https://imgur.com/a/qzWaM3E
[2022-12-09 01:29:23] <Adoes1> !comps
[2022-12-09 01:29:23] <@^StreamElements> Set 8 Comps https://imgur.com/a/qzWaM3E
[2022-12-09 01:53:53] <+zer0syk0> !comps
[2022-12-09 01:53:53] <@^StreamElements> Set 8 Comps https://imgur.com/a/qzWaM3E
[2022-12-09 02:16:09] <itsjustfeng> !comps
[2022-12-09 02:16:09] <@^StreamElements> Set 8 Comps https://imgur.com/a/qzWaM3E
[2022-12-09 03:17:30] <!%+xFroleen> !comps
[2022-12-09 03:17:30] <@^StreamElements> Set 8 Comps https://imgur.com/a/qzWaM3E
[2022-12-09 03:34:43] <+Standish> !comps
[2022-12-09 03:34:43] <@^StreamElements> Set 8 Comps https://imgur.com/a/qzWaM3E
[2022-12-09 03:37:04] <Mrblackpanda> !comps
[2022-12-09 03:37:04] <@^StreamElements> Set 8 Comps https://imgur.com/a/qzWaM3E
[2022-12-09 04:01:40] <DrkYeti> !comps
[2022-12-09 04:01:41] <@^StreamElements> Set 8 Comps https://imgur.com/a/qzWaM3E
[2022-12-09 04:30:22] <tfk_ting> !comps
[2022-12-09 04:30:22] <@^StreamElements> Set 8 Comps https://imgur.com/a/qzWaM3E
[2022-12-09 04:33:39] <+Slack3rDav3> !help
[2022-12-09 04:33:54] <+Slack3rDav3> !set8
[2022-12-09 05:00:32] <+LoAndy> !comps
[2022-12-09 05:00:32] <@^StreamElements> Set 8 Comps https://imgur.com/a/qzWaM3E
[2022-12-09 06:11:29] <Nosokkk> !comps
[2022-12-09 06:11:29] <@^StreamElements> Set 8 Comps https://imgur.com/a/qzWaM3E
[2022-12-09 07:12:25] <Xephride> !comps
[2022-12-09 07:12:25] <@^StreamElements> Set 8 Comps https://imgur.com/a/qzWaM3E
[2022-12-09 07:13:10] <+Thalthedra> !comps
[2022-12-09 07:13:10] <@^StreamElements> Set 8 Comps https://imgur.com/a/qzWaM3E
[2022-12-09 07:17:11] <&PINC1> !comps
[2022-12-09 07:17:11] <@^StreamElements> Set 8 Comps https://imgur.com/a/qzWaM3E
[2022-12-09 07:29:41] <tuxeeedo> !comps
[2022-12-09 07:29:41] <@^StreamElements> Set 8 Comps https://imgur.com/a/qzWaM3E
[2022-12-09 07:47:22] <specah> !comps
[2022-12-09 07:47:22] <@^StreamElements> Set 8 Comps https://imgur.com/a/qzWaM3E
[2022-12-09 08:09:45] <+Slush300DC> !comps
[2022-12-09 08:09:45] <@^StreamElements> Set 8 Comps https://imgur.com/a/qzWaM3E
[2022-12-09 09:07:50] <@^StreamElements> saintvicious is now live! Streaming Just Chatting: Cocaine Bear – Official Trailer
[2022-12-09 09:08:22] <@TeamLiquid> The Team Liquid Mobile App is available NOW  liquidplus.adv.gg/a/Fad_jt
[2022-12-09 09:08:30] VIEWERS: 9
[2022-12-09 09:08:30] ~Cocaine Bear – Official Trailer (Just Chatting)~
[2022-12-09 09:09:41] <+Pelaberus> Who’s the cocaine bear in this scenario
[2022-12-09 09:10:30] VIEWERS: 9
[2022-12-09 09:10:55] [Notification] Grievous958 subscribed at Tier 1. They've subscribed for 77 months!
[2022-12-09 09:11:35] <!%fatguy925> buhnWiggle
[2022-12-09 09:11:42] <+Pelaberus> Are any of the 3 or 4 gold threats worth playing lategame?
[2022-12-09 09:12:12] <!%fatguy925> threats rooD
[2022-12-09 09:12:20] <!%fatguy925> Whats threathening us!
[2022-12-09 09:12:21] <!%fatguy925> smiteFiesta
[2022-12-09 09:12:26] <%+Grievous958> played some 6 heart zoe earlier in hyper roll with the ramping Lulu augment
[2022-12-09 09:12:30] VIEWERS: 9
[2022-12-09 09:12:30] ~WE GO CHALLENGER !Comps !thoughts !shorts (Teamfight Tactics)~
[2022-12-09 09:12:37] <%+Grievous958> had Lulu up to 900 AP one round
[2022-12-09 09:13:19] <+drkskies> !comps
[2022-12-09 09:13:20] <@^StreamElements> Set 8 Comps https://imgur.com/a/qzWaM3E
[2022-12-09 09:14:14] <!%fatguy925> no words rooPog
[2022-12-09 09:14:30] VIEWERS: 9
[2022-12-09 09:15:53] <!%fatguy925> endless ramp AYAYA
[2022-12-09 09:16:30] VIEWERS: 12
[2022-12-09 09:17:42] <+RTP_Neto> !comps
[2022-12-09 09:17:42] <@^StreamElements> Set 8 Comps https://imgur.com/a/qzWaM3E
[2022-12-09 09:18:30] VIEWERS: 12
[2022-12-09 09:19:14] <%+trentogorgon> mornin
[2022-12-09 09:20:27] <!%fatguy925> buhnWiggle wiggling!
[2022-12-09 09:20:30] VIEWERS: 62
[2022-12-09 09:21:43] <Jaydbhai> What is playing in the background?
[2022-12-09 09:22:24] <!%fatguy925> Kimichi is being cute AYAYA
[2022-12-09 09:22:30] VIEWERS: 62
[2022-12-09 09:22:53] <Jaydbhai> Nice I like stuff
[2022-12-09 09:22:59] <!%fatguy925> Its where you hide the dead bodies, isn't it?
[2022-12-09 09:23:18] <%+Grievous958> is the background TV just on for Kimchi?
[2022-12-09 09:23:22] <JustyRaw> Rank 1 today lets gooooo
[2022-12-09 09:23:29] <!%fatguy925> rank 1 PogChamp
[2022-12-09 09:24:10] <!%fatguy925> Door closed = more comfy rooC
[2022-12-09 09:24:26] <!%fatguy925> Makes it so the Ninjas can't come in unannounced AYAYA
[2022-12-09 09:24:30] VIEWERS: 62
[2022-12-09 09:25:24] <!%fatguy925> 4 gold rooHappy
[2022-12-09 09:25:31] <zaqwertu2> Oh Pog beginning of the stream
[2022-12-09 09:25:49] <!%fatguy925> Glove gets built into hoj and Crit ap item smiteHmm Idk they might undervalue it because they think its only for ie
[2022-12-09 09:26:30] VIEWERS: 62
[2022-12-09 09:26:35] <zaqwertu2> That LB monkaW
[2022-12-09 09:26:36] <julesSuperHD> damn, some people are just good at TFT
[2022-12-09 09:28:28] <@^StreamElements> Vtuber Model by https://gonzossm.com/
[2022-12-09 09:28:31] VIEWERS: 116
[2022-12-09 09:30:32] VIEWERS: 116
[2022-12-09 09:32:16] <Sptr112> damage is pretty bad
[2022-12-09 09:32:34] VIEWERS: 116
[2022-12-09 09:32:45] <!%fatguy925> deadhe
[2022-12-09 09:32:47] <!%fatguy925> deadge
[2022-12-09 09:32:59] <PriapusXII> Go next
[2022-12-09 09:33:03] <PriapusXII> Sadge
[2022-12-09 09:33:04] <julesSuperHD> the round matchups were hella wack. Lost our streaks at the worst times
[2022-12-09 09:33:23] <Sptr112> sivir 2 diff?
[2022-12-09 09:34:29] <PriapusXII> it happens
[2022-12-09 09:34:35] Viewerstats (09:08-09:34): avg:56 min:9 max:141 [14/_9+0+0+0+3+0+50+0+0+0+54+0+0+25]
[2022-12-09 09:34:35] VIEWERS: 141
[2022-12-09 09:34:52] <+dommztv> !comps
[2022-12-09 09:34:53] <@^StreamElements> Set 8 Comps https://imgur.com/a/qzWaM3E
[2022-12-09 09:36:35] VIEWERS: 141
[2022-12-09 09:36:45] <Bananular> but muh no regulations Chatting
[2022-12-09 09:36:53] <zaqwertu2> crypt OMEGALUL
[2022-12-09 09:37:40] <zaqwertu2> It’s so funny that he’s just going around doing AMAs on Twitter
[2022-12-09 09:37:58] <zaqwertu2> Like are there no lawyers telling him not to do that
[2022-12-09 09:38:17] <fluffyybacon> @saintvicious is there a bis spat item for mech jax? ty
[2022-12-09 09:38:35] VIEWERS: 141
[2022-12-09 09:38:38] <fluffyybacon> like a spat item u can put on jax
[2022-12-09 09:38:41] <fluffyybacon> renegade or ox
[2022-12-09 09:39:03] <fluffyybacon> ok ur right sorry
[2022-12-09 09:39:09] <fluffyybacon> ill make hoj smoge
[2022-12-09 09:39:34] <Jerkreb> sup saint
[2022-12-09 09:40:35] VIEWERS: 146
[2022-12-09 09:41:32] <JustyRaw> Yo can you post the playlist?
[2022-12-09 09:41:33] <ZhaoIV> Goodmorning! i used to be Diamond but after some years now placements put me Bronze
[2022-12-09 09:41:40] <ZhaoIV> i really like Soraka
[2022-12-09 09:41:54] <ZhaoIV> can u tell me a decent early? until i learn the comps?
[2022-12-09 09:42:15] <ZhaoIV> u said 2 star units?
[2022-12-09 09:42:35] VIEWERS: 146
[2022-12-09 09:42:38] <+glenchoko> if youre a former diamond, im sure you can figure it out by just playing games lol
[2022-12-09 09:42:49] <+SynergisticFloow> having fun Saint?
[2022-12-09 09:43:06] <ZhaoIV> @glenchoko i have to play since set 4-5
[2022-12-09 09:43:06] <+SynergisticFloow> yes he did
[2022-12-09 09:43:30] <+SynergisticFloow> what's  on in  background
[2022-12-09 09:43:34] <ZhaoIV> @glenchoko just started playing casual didnt played even PBE
[2022-12-09 09:44:08] <!KayvinhNguyen> free top 4
[2022-12-09 09:44:11] <!KayvinhNguyen> with that zoe hoe
[2022-12-09 09:44:25] <+SynergisticFloow> I like they how they added the effect so we can see if it's carry or support
[2022-12-09 09:44:31] <+rxbandit360> !comps
[2022-12-09 09:44:31] <@^StreamElements> Set 8 Comps https://imgur.com/a/qzWaM3E
[2022-12-09 09:44:35] VIEWERS: 160
[2022-12-09 09:44:41] <+SynergisticFloow> imagine having a to answer every game
[2022-12-09 09:45:51] <%JoshIcy> soju on that zoomer copium. Already D1
[2022-12-09 09:46:35] VIEWERS: 160
[2022-12-09 09:47:11] <+glenchoko> is IE still worth to build on casters?
[2022-12-09 09:48:28] <@^StreamElements> Vtuber Model by https://gonzossm.com/
[2022-12-09 09:48:35] VIEWERS: 175
[2022-12-09 09:48:59] <whiteseal45> huh they made zoe cassio
[2022-12-09 09:49:38] <ViggorV2> That zoe is a highroll still
[2022-12-09 09:50:04] <JustyRaw> !song
[2022-12-09 09:50:04] <@^StreamElements> The current song is Shania Twain - That Don't Impress Me Much
[2022-12-09 09:50:05] <@^StreamElements> @JustyRaw failed to get the current song.
[2022-12-09 09:50:22] <!%fatguy925> !thoughts
[2022-12-09 09:50:22] <@^StreamElements> Write in to papa saint and he will help you with live advice! https://docs.google.com/forms/d/1jRPhKVLznm0cm9fmeOvLCy8aqG0jYLX9LmsYJ7YYMn0/edit
[2022-12-09 09:50:35] VIEWERS: 175
[2022-12-09 09:51:20] <+Arthenite> What should we slam this season?
[2022-12-09 09:51:20] <!%fatguy925> rooHi
[2022-12-09 09:52:35] VIEWERS: 180
[2022-12-09 09:53:22] <@TeamLiquid> LIQUID x FORTNITE IS LIVE - Check it out and don't forget to use my code: go.adv.gg/x0sqxr
[2022-12-09 09:53:51] <+Avarice424> the worst of both worlds
[2022-12-09 09:54:26] <!%junopoy> Saint what are you playing?
[2022-12-09 09:54:35] VIEWERS: 193
[2022-12-09 09:54:37] <!%junopoy> Like to climb?
[2022-12-09 09:55:41] <whiteseal45> is morello zoe not good? or did they make that item too weak
[2022-12-09 09:56:35] VIEWERS: 193
[2022-12-09 09:56:50] <whiteseal45> her dot keeps it active fo a long time, I rememberi t being a good cass item and they seem similar
[2022-12-09 09:57:06] <ViggorV2> Morello zoe is bis but not with sunfire
[2022-12-09 09:57:23] <whiteseal45> well you could've built morello instead of sunfire after carousel
[2022-12-09 09:58:35] VIEWERS: 211
[2022-12-09 09:59:02] <!%fatguy925> LP go down, LP go UP LP go DOWN
[2022-12-09 09:59:13] <L1ger> that's right, never listen to twitch chat, and that includes this message
[2022-12-09 09:59:25] <%That1locoo> He's teaching us the way. not the other way around
[2022-12-09 09:59:25] <JustyRaw> good thing ive got no viewers because i dont stream so lp can only go up Kappa
[2022-12-09 10:00:35] VIEWERS: 211
[2022-12-09 10:02:35] VIEWERS: 218
[2022-12-09 10:04:36] Viewerstats (09:36-10:04): avg:177 min:141 max:218 [15/141+0+5+0+14+0+15+0+5+13+0+18+0+7+0]
[2022-12-09 10:04:36] VIEWERS: 218
[2022-12-09 10:06:36] VIEWERS: 233
[2022-12-09 10:08:21] <+Avarice424> Deadge
[2022-12-09 10:08:36] VIEWERS: 230
[2022-12-09 10:10:36] VIEWERS: 230
[2022-12-09 10:12:36] VIEWERS: 230
[2022-12-09 10:12:38] <+Xeo728> !comps
[2022-12-09 10:12:38] <@^StreamElements> Set 8 Comps https://imgur.com/a/qzWaM3E
[2022-12-09 10:13:36] <+Arthenite> Saint Duck!
[2022-12-09 10:13:37] <+haardly> wood!   👏
[2022-12-09 10:13:38] <+Arthenite> POG
[2022-12-09 10:14:28] <+haardly> that keyboard looks like really dark chocolate bar
[2022-12-09 10:14:34] <+Avarice424> seems about right
[2022-12-09 10:14:36] VIEWERS: 217
[2022-12-09 10:15:11] <+haardly> also, not Bluetooth setup 🤮
[2022-12-09 10:15:39] <+haardly> D:
[2022-12-09 10:16:06] <jakdt> dogJAM
[2022-12-09 10:16:09] <jakdt> !gamble all
[2022-12-09 10:16:09] <@^StreamElements>* jakdt went all in and lost every single one of their 60 Saints LUL
[2022-12-09 10:16:11] <jakdt> EZZ
[2022-12-09 10:16:36] VIEWERS: 217
[2022-12-09 10:17:49] <+Arthenite> !gamble all
[2022-12-09 10:17:51] <@^StreamElements>* PogChamp Arthenite went all in and won 3600 Saints PogChamp they now have 7200 Saints FeelsGoodMan
[2022-12-09 10:18:36] VIEWERS: 248
[2022-12-09 10:18:59] <+Avarice424> Clap
[2022-12-09 10:19:04] <+Avarice424> great plays Clap
[2022-12-09 10:20:09] <+Avarice424> tossing pizzas into narnia to keep the loss streak
[2022-12-09 10:20:36] VIEWERS: 248
[2022-12-09 10:22:30] <jakdt> dogJAM
[2022-12-09 10:22:36] VIEWERS: 248
[2022-12-09 10:22:48] <+haardly> I can't believe how much the duck looks like he's talking lol. a lot of work
[2022-12-09 10:23:12] <!%fatguy925> smiteHmm
[2022-12-09 10:23:16] <+TimaciousD> I'm too high for this shit
[2022-12-09 10:23:18] <+haardly> I would believe it
[2022-12-09 10:23:49] <jakdt> ok
[2022-12-09 10:24:21] <%GamesWithJR> !gamble all
[2022-12-09 10:24:22] <@^StreamElements>* PogChamp GamesWithJR went all in and won 1750 Saints PogChamp they now have 3500 Saints FeelsGoodMan
[2022-12-09 10:24:36] VIEWERS: 255
[2022-12-09 10:24:39] <Athkata> !gamble 50%
[2022-12-09 10:24:39] <@^StreamElements>* Athkata lost 50974 Saints in roulette and now has 50974 Saints! FeelsBadMan
[2022-12-09 10:24:54] <%+rolfkip> is sivir worst 3 star in game?
[2022-12-09 10:25:01] <%+rolfkip> scaling seems absolutely awful
[2022-12-09 10:25:05] <murbuda> !gamble 50%
[2022-12-09 10:25:06] <@^StreamElements>* murbuda won 490 Saints in roulette and now has 1470 Saints! FeelsGoodMan
[2022-12-09 10:25:43] <!%fatguy925> AYAYA
[2022-12-09 10:26:36] VIEWERS: 255
[2022-12-09 10:28:28] <@^StreamElements> Vtuber Model by https://gonzossm.com/
[2022-12-09 10:28:36] VIEWERS: 267
[2022-12-09 10:29:21] <+Avarice424> popped
[2022-12-09 10:30:09] <parabolicflow> !thoughts
[2022-12-09 10:30:09] <@^StreamElements> Write in to papa saint and he will help you with live advice! https://docs.google.com/forms/d/1jRPhKVLznm0cm9fmeOvLCy8aqG0jYLX9LmsYJ7YYMn0/edit
[2022-12-09 10:30:36] VIEWERS: 267
[2022-12-09 10:31:35] <+rawfury> No doubt you’ll lose
[2022-12-09 10:31:36] <+haardly> can I see what the duck does if you blow into the mic?
[2022-12-09 10:32:09] <+haardly> lol, is there an angry one?
[2022-12-09 10:32:36] VIEWERS: 279
[2022-12-09 10:34:36] Viewerstats (10:06-10:34): avg:246 min:217 max:279 [15/233−3+0+0−13+0+31+0+0+7+0+12+0+12+0]
[2022-12-09 10:34:36] VIEWERS: 279
[2022-12-09 10:36:36] VIEWERS: 279
[2022-12-09 10:36:53] <Yonald> !comps
[2022-12-09 10:36:53] <@^StreamElements> Set 8 Comps https://imgur.com/a/qzWaM3E
[2022-12-09 10:38:22] <@TeamLiquid> Get closer to your next Liquid+ Shop purchase with this free points drop at liquidplus.adv.gg/a/i4iiAa
[2022-12-09 10:38:36] VIEWERS: 307
[2022-12-09 10:40:36] VIEWERS: 307
[2022-12-09 10:41:30] <tl_alter> !comps
[2022-12-09 10:41:30] <@^StreamElements> Set 8 Comps https://imgur.com/a/qzWaM3E
[2022-12-09 10:42:36] VIEWERS: 307
[2022-12-09 10:44:07] <PolakSzachmistrz> !comps
[2022-12-09 10:44:07] <@^StreamElements> Set 8 Comps https://imgur.com/a/qzWaM3E
[2022-12-09 10:44:36] VIEWERS: 307
[2022-12-09 10:46:22] <%+trentogorgon> wow. pretty
[2022-12-09 10:46:32] <+AdmiralReggie> nah
[2022-12-09 10:46:34] <+kuponutmog> nah just take her to a mcdonalds next
[2022-12-09 10:46:36] <panchos8812> if she's interested in you, she'll understand
[2022-12-09 10:46:36] VIEWERS: 307
[2022-12-09 10:46:38] <+kuponutmog> bring the average down
[2022-12-09 10:46:55] <+kuponutmog> save your tryharding for tft saint
[2022-12-09 10:47:11] <+dudetoni> delete the vod before she finds out
[2022-12-09 10:47:48] <panchos8812> go for rank 1, there aint no higher standart than that xD
[2022-12-09 10:48:21] <L1ger> chicks dig elo bro
[2022-12-09 10:48:28] <@^StreamElements> Vtuber Model by https://gonzossm.com/
[2022-12-09 10:48:36] VIEWERS: 293
[2022-12-09 10:48:48] <L1ger> chess elo though
[2022-12-09 10:50:02] <+KrellemanR> wait so i´ve been gathering all this elo for no reason?
[2022-12-09 10:50:10] <L1ger> well if the woman is also wealthy all you are at that point is stat ball for the offspring
[2022-12-09 10:50:36] VIEWERS: 293
[2022-12-09 10:50:53] <+kuponutmog> wheres her wealth from?
[2022-12-09 10:50:55] <panchos8812> perfect
[2022-12-09 10:51:13] <+kuponutmog> thats awesome
[2022-12-09 10:51:30] <+popstarlucian> Have you heard the new Kaskade x Deadmau5 x Elderbrook?
[2022-12-09 10:52:36] <%That1locoo> !gamble all
[2022-12-09 10:52:36] <@^StreamElements>* PogChamp That1locoo went all in and won 5324 Saints PogChamp they now have 10648 Saints FeelsGoodMan
[2022-12-09 10:52:36] VIEWERS: 285
[2022-12-09 10:52:37] <+popstarlucian> it’s good sound like this style
[2022-12-09 10:54:36] VIEWERS: 285
[2022-12-09 10:54:46] <+kuponutmog> played about 10 games this set so far, really enjoying the variety. whats your fav trait so far saint?
[2022-12-09 10:56:26] <Rumpel_Fore> this set confuses me so much
[2022-12-09 10:56:36] VIEWERS: 285
[2022-12-09 10:57:47] <Pablossd> 0 combat augments prismatic lobby monkaS
[2022-12-09 10:57:49] <+kuponutmog> nutty augments for a loss streak
[2022-12-09 10:57:51] <+JohnnyPKay> favorite threat?
[2022-12-09 10:58:36] VIEWERS: 279
[2022-12-09 10:58:55] <Pablossd> its a first LUL
[2022-12-09 10:59:00] <+iMaznov> !comps
[2022-12-09 10:59:00] <@^StreamElements> Set 8 Comps https://imgur.com/a/qzWaM3E
[2022-12-09 11:00:13] <sirrman> Clean! keanePog
[2022-12-09 11:00:36] VIEWERS: 282
[2022-12-09 11:02:27] <kindhumankind> 3 more heist or Bedge
[2022-12-09 11:02:36] VIEWERS: 282
[2022-12-09 11:03:01] <+kuponutmog> perfectly calculated
[2022-12-09 11:03:16] [Raid] 61 raiders from chickenwithboba have joined!
[2022-12-09 11:03:16] <sirrman> 1st or 8th HahaDoge
[2022-12-09 11:03:37] <@chickenwithboba> PridePog
[2022-12-09 11:04:36] Viewerstats (10:36-11:04): avg:292 min:279 max:307 [15/279+28+0+0+0+0−14+0−8+0+0−6+3+0+6]
[2022-12-09 11:04:36] VIEWERS: 288
[2022-12-09 11:06:36] VIEWERS: 288
[2022-12-09 11:07:34] <+AdmiralReggie> not even close baby EZ
[2022-12-09 11:07:38] <+Xeticus> good evening. have you been liking Ox Force I haven't had much luck with it
[2022-12-09 11:08:36] VIEWERS: 334
[2022-12-09 11:09:14] <FullBlownTiltNZ> I'm shook
[2022-12-09 11:09:17] <+Xeticus> I love Level Up. I always take it
[2022-12-09 11:09:22] <@TeamLiquid> The Team Liquid Mobile App is available NOW  liquidplus.adv.gg/a/Fad_jt
[2022-12-09 11:09:24] <DoogTheMushroom> does urgot aug give the buff in a circle?
[2022-12-09 11:09:58] <fnelms> !comps
[2022-12-09 11:09:58] <@^StreamElements> Set 8 Comps https://imgur.com/a/qzWaM3E
[2022-12-09 11:10:06] <FullBlownTiltNZ> So strong fiddle isn't contributing
[2022-12-09 11:10:36] VIEWERS: 353
[2022-12-09 11:10:58] <@dlimlol> wtf is this board at 5-1
[2022-12-09 11:11:28] <@dlimlol> u had aphel 2 at 4-1?
[2022-12-09 11:11:29] <@dlimlol> fid 2
[2022-12-09 11:11:30] <@dlimlol> sej 2?
[2022-12-09 11:12:36] VIEWERS: 353
[2022-12-09 11:13:16] <FullBlownTiltNZ> Make it a tuber
[2022-12-09 11:13:19] <+AdmiralReggie> What goes in at 10? Nunu?
[2022-12-09 11:14:03] <unicorn_dh> 3star fiddle for 50 subs from boxbox
[2022-12-09 11:14:22] <@dlimlol> if it is sell board and lsoe game for it
[2022-12-09 11:14:22] <@dlimlol> lol
[2022-12-09 11:14:27] <unicorn_dh> yeah bonus challange
[2022-12-09 11:14:36] VIEWERS: 365
[2022-12-09 11:16:33] <!edisonparklive> LMAOOO
[2022-12-09 11:16:36] <fergy123> LUL
[2022-12-09 11:16:37] <!edisonparklive> collusion
[2022-12-09 11:16:41] VIEWERS: 365
[2022-12-09 11:16:42] <+AdmiralReggie> SeemsGood SeemsGood SeemsGood
[2022-12-09 11:16:46] <panchos8812> wholesome
[2022-12-09 11:16:53] <kindhumankind> okaygebusiness
[2022-12-09 11:18:33] <+AdmiralReggie> Prayge
[2022-12-09 11:18:36] <+Xeticus> Mascot/Laser has been my best comp so far. Don't even know if it's a real comp. :D
[2022-12-09 11:18:41] VIEWERS: 391
[2022-12-09 11:18:42] <dart_boy1323> worst case is sell board correct?
[2022-12-09 11:18:46] <+AdmiralReggie> you'll hit it off the carousel
[2022-12-09 11:19:05] <Kaitun> fiddle 3 will solo
[2022-12-09 11:19:08] <fergy123> surely he will 1 shot everyone tho
[2022-12-09 11:19:37] <+Hardcor3_Vibes> !comps
[2022-12-09 11:19:37] <@^StreamElements> Set 8 Comps https://imgur.com/a/qzWaM3E
[2022-12-09 11:19:57] <+AdmiralReggie> You'll need to update the comps list and add Fiddlestick 3*
[2022-12-09 11:20:20] <fergy123> Booo
[2022-12-09 11:20:41] VIEWERS: 391
[2022-12-09 11:20:48] <+AdmiralReggie> KEKWait
[2022-12-09 11:21:15] <sirrman> 👀
[2022-12-09 11:21:18] <FullBlownTiltNZ> Surely
[2022-12-09 11:21:25] <Le_Phoenix_WinQ> Clueless hopefully
[2022-12-09 11:21:40] <Le_Phoenix_WinQ> cant wait to see this on every clip channel if you hit
[2022-12-09 11:21:47] <+AdmiralReggie> POGGERS
[2022-12-09 11:21:48] <+JohnnyPKay> GRATS
[2022-12-09 11:21:48] <fergy123> Easy!
[2022-12-09 11:21:51] <DoogTheMushroom> Pog
[2022-12-09 11:21:51] <Mistersalty> Pog
[2022-12-09 11:21:51] <panchos8812> a tuber
[2022-12-09 11:21:53] <dart_boy1323> SHEEEESSHHH
[2022-12-09 11:21:53] <+glenchoko> POGGIES
[2022-12-09 11:21:53] <+kuponutmog> fuck yeah
[2022-12-09 11:21:53] <!edisonparklive> I WAS HERE POG
[2022-12-09 11:21:53] <@dlimlol> sheeesh
[2022-12-09 11:21:54] <+Darclaw> POG
[2022-12-09 11:21:56] <+Durundal_> EZ +50
[2022-12-09 11:21:56] <+kuponutmog> love you boxbox
[2022-12-09 11:21:57] <!edisonparklive> ITS A TUBER
[2022-12-09 11:21:58] <Le_Phoenix_WinQ> HELLO YOUTUBE
[2022-12-09 11:22:11] <+JohnnyPKay> HI YOUTUBE
[2022-12-09 11:22:13] <@dlimlol> edison are u playing wow this expac?
[2022-12-09 11:22:13] <+Xeticus> Yes hello youtube!
[2022-12-09 11:22:13] <sirrman> G G
[2022-12-09 11:22:15] <%+anas_b> Ello tube
[2022-12-09 11:22:25] <Pablossd> can he 1v9 though
[2022-12-09 11:22:36] <+AdmiralReggie> KEKW
[2022-12-09 11:22:37] <Mistersalty> KEKW
[2022-12-09 11:22:40] <+kuponutmog> instagibbed
[2022-12-09 11:22:41] VIEWERS: 385
[2022-12-09 11:22:44] <airParo> селл ежерътхинг
[2022-12-09 11:22:48] <airParo> леаже фиддле
[2022-12-09 11:22:52] <airParo> sell everything
[2022-12-09 11:22:56] <airParo> leave fiddle
[2022-12-09 11:22:59] <+JohnnyPKay> what if you got 3 star syndra same game :D
[2022-12-09 11:23:03] <panchos8812> solo front line him
[2022-12-09 11:23:20] <%+rolfkip> Need to frontline lol lets see it
[2022-12-09 11:23:20] <!edisonparklive> just screenshot and post it in the discord brandon
[2022-12-09 11:23:22] <FullBlownTiltNZ> Surely we can clip it
[2022-12-09 11:23:25] <fergy123> nah
[2022-12-09 11:23:25] <Pablossd> no way
[2022-12-09 11:23:27] <pluckito> And show it to chick on the next date
[2022-12-09 11:23:35] <fergy123> you can even lose anyway LUL
[2022-12-09 11:23:51] <+AdmiralReggie> if he does you have enough HP
[2022-12-09 11:23:55] <+AdmiralReggie> to lose
[2022-12-09 11:24:01] <L1ger> have syndra drag fiddle from the bench for bm
[2022-12-09 11:24:05] <hhumbug> +50 Okayge gz saint
[2022-12-09 11:24:13] <panchos8812> lol
[2022-12-09 11:24:18] <+JohnnyPKay> ez money
[2022-12-09 11:24:18] <+AdmiralReggie> gg EZ Clap
[2022-12-09 11:24:33] <%+rolfkip> smiteLaugh
[2022-12-09 11:24:41] VIEWERS: 385
[2022-12-09 11:24:56] <AeteriumVale> easy money right there
[2022-12-09 11:25:04] <panchos8812> Pog
[2022-12-09 11:25:13] <fergy123> Dinner? wtf u eating LUL
[2022-12-09 11:25:15] <hhumbug> OkaygeBusiness
[2022-12-09 11:25:16] <+thehmmmm> +74 LP goddamn
[2022-12-09 11:25:20] <+MrMeush> Pretty fancy dinner and some
[2022-12-09 11:25:25] <+JohnnyPKay> well earned
[2022-12-09 11:25:28] <@%+Sammyraii> she didn't pay for dinner?
[2022-12-09 11:25:28] <!%fatguy925> smiteHmm Maybe they are just giving life advice
[2022-12-09 11:25:29] <+Arthenite> @fergy123 Inflation is a bitch lol
[2022-12-09 11:25:43] <fergy123> @Arthenite LUL
[2022-12-09 11:25:44] <@%+Sammyraii> LUL
[2022-12-09 11:26:14] <FullBlownTiltNZ> Heres the clip for the discord if you want https://clips.twitch.tv/TentativeElatedDuckShazBotstix-lf3ieA88WQMV-tNU
[2022-12-09 11:26:41] VIEWERS: 385
[2022-12-09 11:28:28] <@^StreamElements> Vtuber Model by https://gonzossm.com/
[2022-12-09 11:28:41] VIEWERS: 385
[2022-12-09 11:30:30] <Desmond_Hume23> !Comps
[2022-12-09 11:30:30] <@^StreamElements> Set 8 Comps https://imgur.com/a/qzWaM3E
[2022-12-09 11:30:41] VIEWERS: 381
[2022-12-09 11:30:43] <fnelms> the guardian one is really good
[2022-12-09 11:30:59] <Pablossd> that looks broken af
[2022-12-09 11:31:06] <+kuponutmog> i kinda like it, it worked in bronze 3 last night so it must be good
[2022-12-09 11:31:15] <+thehmmmm> duelist + underground OP tho. big money
[2022-12-09 11:31:28] <+glenchoko> kayle carry is good, it got me to silver 2
[2022-12-09 11:31:29] <Le_Phoenix_WinQ> just roll at 6 for supes no?
[2022-12-09 11:31:53] <+thehmmmm> think you def need kayle 3
[2022-12-09 11:31:54] <fnelms> you roll gp kayle at 5
[2022-12-09 11:32:00] <+glenchoko> i think its slow roll at 5 for kayle, then 6 for 2 costs
[2022-12-09 11:32:02] <fnelms> then level to 6 after
[2022-12-09 11:32:41] VIEWERS: 326
[2022-12-09 11:32:43] <+Flejno> what items you planning on kayle then ?
[2022-12-09 11:34:41] Viewerstats (11:06-11:34): avg:360 min:288 max:391 [15/288+46+19+0+12+0+26+0−6+0+0+0−4−55+0]
[2022-12-09 11:34:41] VIEWERS: 326
[2022-12-09 11:36:42] VIEWERS: 326
[2022-12-09 11:36:54] <+thehmmmm> vertical duelist sounds like we're almost playing without an augment
[2022-12-09 11:38:45] VIEWERS: 331
[2022-12-09 11:39:55] <Mbubs> Heyo Saint
[2022-12-09 11:40:46] VIEWERS: 331
[2022-12-09 11:41:25] <+glenchoko> imagine if you werent contested
[2022-12-09 11:42:11] <!%junopoy> What’s your fav 3 comp rn saint?
[2022-12-09 11:42:25] <!%junopoy> I’m one game from plat yeee
[2022-12-09 11:42:47] VIEWERS: 336
[2022-12-09 11:43:01] <%+natsu_igneelson> so he ca slap us
[2022-12-09 11:43:47] <spoonerj24> Music is always fire on the Sain stream.
[2022-12-09 11:44:48] VIEWERS: 345
[2022-12-09 11:45:05] <Mbubs> Especially when he busts out the Xmas toons
[2022-12-09 11:45:59] <%+natsu_igneelson> KEKW
[2022-12-09 11:46:49] VIEWERS: 345
[2022-12-09 11:47:24] <%+natsu_igneelson> Taliyah hitbox tho
[2022-12-09 11:47:51] <@%+Sammyraii> fast 9 into smite8
[2022-12-09 11:48:28] <@^StreamElements> Vtuber Model by https://gonzossm.com/
[2022-12-09 11:48:52] VIEWERS: 350
[2022-12-09 11:50:04] <Mamagos> LUL
[2022-12-09 11:50:27] <hanjaeck> you didnt win anyway, it's fine Kappa
[2022-12-09 11:50:52] VIEWERS: 350
[2022-12-09 11:51:42] <Mamagos> HAHAHAH
[2022-12-09 11:51:43] <hanjaeck> ??? KEKW
[2022-12-09 11:51:49] <Saahf> KEKW
[2022-12-09 11:52:04] <hanjaeck> the 1hp incident
[2022-12-09 11:52:05] <@%+Sammyraii> big cash out
[2022-12-09 11:52:06] <%jaydolIar> you trolling?
[2022-12-09 11:52:06] <Le_Phoenix_WinQ> NEVER STOP GAMBLING
[2022-12-09 11:52:07] <DoogTheMushroom> playing hard mode, nice
[2022-12-09 11:52:18] <Mamagos> Some big brain moves going on
[2022-12-09 11:52:52] VIEWERS: 350
[2022-12-09 11:53:44] <+ally_player> I've never seen so many augs
[2022-12-09 11:54:22] <@TeamLiquid> LIQUID x FORTNITE IS LIVE - Check it out and don't forget to use my code: go.adv.gg/x0sqxr
[2022-12-09 11:54:35] <%+natsu_igneelson> 1 hp dram
[2022-12-09 11:54:38] <%+natsu_igneelson> dream
[2022-12-09 11:54:42] <+ally_player> lul
[2022-12-09 11:54:52] VIEWERS: 356
[2022-12-09 11:55:00] <+ally_player> augment 2.0
[2022-12-09 11:55:05] <DoogTheMushroom> POGGERS
[2022-12-09 11:55:30] <+ally_player> feelios
[2022-12-09 11:55:30] <Le_Phoenix_WinQ> ohno he made sure ur fiddle is frontline
[2022-12-09 11:55:44] <+thehmmmm> bullying plat players sadge
[2022-12-09 11:55:52] <+ally_player> lmao
[2022-12-09 11:56:08] <+ally_player> gs feelios aint bad
[2022-12-09 11:56:30] <%+natsu_igneelson> Top 4able Pog
[2022-12-09 11:56:52] VIEWERS: 373
[2022-12-09 11:58:52] VIEWERS: 373
[2022-12-09 12:00:52] VIEWERS: 373
[2022-12-09 12:02:27] <+beistboss> what mix are we listening to?
[2022-12-09 12:02:40] <~%saintvicious> https://www.youtube.com/watch?v=qfD1sbuB5M4
[2022-12-09 12:02:48] <+beistboss> ty <3
[2022-12-09 12:02:52] VIEWERS: 356
[2022-12-09 12:03:12] <spoonerj24> Anjunadeep is the shit
[2022-12-09 12:04:52] Viewerstats (11:36-12:04): avg:350 min:326 max:373 [15/326+5+0+5+9+0+5+0+0+6+17+0+0−17+0]
[2022-12-09 12:04:52] VIEWERS: 356
[2022-12-09 12:06:52] VIEWERS: 356
[2022-12-09 12:06:59] <+euphieeeee> !comps
[2022-12-09 12:06:59] <@^StreamElements> Set 8 Comps https://imgur.com/a/qzWaM3E
[2022-12-09 12:08:32] <hanjaeck> yuumi or bust, we don't go for half comps here Kappa
[2022-12-09 12:08:52] VIEWERS: 364
[2022-12-09 12:10:49] <%Shizoko> 8 mascot is fake
[2022-12-09 12:10:52] VIEWERS: 364
[2022-12-09 12:11:30] <%Shizoko> yesterday they tried on tournement, it went 7th quick
[2022-12-09 12:11:52] <%Shizoko> a burst damage is countering hard and if nunu dies u lost
[2022-12-09 12:12:01] <%Shizoko> ah no nunu carry*
[2022-12-09 12:12:04] <+kuponutmog> sivir carry has been so wank for me
[2022-12-09 12:12:29] <hanjaeck> just get 7 more, easy as that Kappa
[2022-12-09 12:12:52] VIEWERS: 378
[2022-12-09 12:13:23] <+Arthenite> This has top 8 written all over it
[2022-12-09 12:14:09] <%Shizoko> galio aint dyin
[2022-12-09 12:14:52] VIEWERS: 378
[2022-12-09 12:16:45] <Le_Phoenix_WinQ> !song
[2022-12-09 12:16:45] <@^StreamElements> The current song is Shania Twain - That Don't Impress Me Much
[2022-12-09 12:16:45] <@^StreamElements> @Le_Phoenix_WinQ failed to get the current song.
[2022-12-09 12:16:52] VIEWERS: 372
[2022-12-09 12:16:58] <hanjaeck> galio is though
[2022-12-09 12:17:24] <hanjaeck> nvm he sucks Kappa
[2022-12-09 12:18:52] VIEWERS: 372
[2022-12-09 12:20:03] <+ally_player> that galiop is stacked af
[2022-12-09 12:20:52] VIEWERS: 372
[2022-12-09 12:22:57] VIEWERS: 378
[2022-12-09 12:24:57] VIEWERS: 378
[2022-12-09 12:26:54] <+Arthenite> Not 7th or 8th Pog
[2022-12-09 12:26:57] VIEWERS: 368
[2022-12-09 12:27:28] <%jaydolIar> its hard to recover if you start rr build then give up and try to level, tempo is just in the bin. maybe staying 6 and committing was only play
[2022-12-09 12:28:57] VIEWERS: 368
[2022-12-09 12:30:58] VIEWERS: 353
[2022-12-09 12:32:59] VIEWERS: 353
[2022-12-09 12:33:51] <soloceddy> Really only get successfull reroll comps with supers it feels like
[2022-12-09 12:33:56] <soloceddy> mascot supers felt strong to me
[2022-12-09 12:34:00] <%Shizoko> that liquid sweat looking nice
[2022-12-09 12:34:48] <%Shizoko> Saint ASMR stream Kreygasm
[2022-12-09 12:34:59] Viewerstats (12:06-12:34): avg:366 min:341 max:378 [15/356+8+0+14+0−6+0+0+6+0−10+0−15+0−12]
[2022-12-09 12:34:59] VIEWERS: 341
[2022-12-09 12:35:12] <+Arthenite> Saint duck?
[2022-12-09 12:35:34] <+thehmmmm> rude to eat with cam on? I've watched food fall out of imaqtpie's mouth before.
[2022-12-09 12:35:44] <%Shizoko> ohh i didnt want to disturb you
[2022-12-09 12:35:59] <+kuponutmog> hes a bonobo
[2022-12-09 12:36:04] <raptora87> KEKW
[2022-12-09 12:36:04] <%jaydolIar> camile feels good to play, renegades open seems strong
[2022-12-09 12:36:15] <Confidor> qtpie wore a black tshirt and shorts to his own wedding Im pretty sure
[2022-12-09 12:36:22] <onrah> any thoughts on best aphelios attack?
[2022-12-09 12:36:25] <+kuponutmog> i fucking love him @Confidor
[2022-12-09 12:36:31] <raptora87> saint, do you think 100t have a good chance to win the split?
[2022-12-09 12:36:41] <wrenndot> oh shit that wasn't a meme?
[2022-12-09 12:36:41] <raptora87> like they say in the video
[2022-12-09 12:36:44] <+kuponutmog> was she actually? surely she expected it by that point
[2022-12-09 12:37:00] VIEWERS: 341
[2022-12-09 12:37:00] <KingKoonTheRealGoon12> KEKW
[2022-12-09 12:37:01] <Confidor> Oh did they split?
[2022-12-09 12:37:09] <raptora87> they announced Doublelift and Bjerg lol
[2022-12-09 12:37:17] <Confidor> Its not like qtpie is short of money
[2022-12-09 12:37:22] <+kuponutmog> yeah shes like an onlyfans party girl type now @Confidor
[2022-12-09 12:37:25] <raptora87> KEKW
[2022-12-09 12:37:32] <+kuponutmog> more power to her
[2022-12-09 12:37:47] <+kuponutmog> doing one of them weird juggalo weddings
[2022-12-09 12:37:54] <soloceddy> I mean its qt tho...
[2022-12-09 12:37:55] <onrah> was it white or black that changes a lot in this specific case
[2022-12-09 12:38:07] <soloceddy> its not like who he was is a mystery
[2022-12-09 12:38:21] <onrah> yeah ok theres no saving that
[2022-12-09 12:38:21] <+kuponutmog> annoying thing is im sure he actually looks good in a suit, i swear ive seen it before
[2022-12-09 12:38:22] <wrenndot> not having a wedding and just getting married in court, and wearing a white t-shirt and black shorts to the signing of the papers?
[2022-12-09 12:38:25] <Confidor> My partner wouldnt even walk down the isle if I tried to pull that shit
[2022-12-09 12:38:33] <raptora87> he could have put something nice for this one time
[2022-12-09 12:38:36] <soloceddy> I agree put in some effort but playing devils advocate , its qt lol
[2022-12-09 12:38:38] <%jaydolIar> he forgot to change out of character for his own wedding
[2022-12-09 12:38:40] <!%fatguy925> smiteHmm
[2022-12-09 12:38:50] <!%fatguy925> Tuxedo tshirt and black shorts is okay though, right
[2022-12-09 12:38:53] <soloceddy> I love that mofo for real but you could smell him through the screan
[2022-12-09 12:38:56] <!%fatguy925> I seen some do that before
[2022-12-09 12:39:02] VIEWERS: 291
[2022-12-09 12:39:22] <@TeamLiquid> Get closer to your next Liquid+ Shop purchase with this free points drop at liquidplus.adv.gg/a/i4iiAa
[2022-12-09 12:39:32] <wrenndot> only smart thing qt did in that time was getting her to sign the prenup KEKW
[2022-12-09 12:39:35] <onrah> goddamn QT apologists
[2022-12-09 12:39:38] <+kuponutmog> you gotta love him tho, hes so true to himself
[2022-12-09 12:40:01] <+kuponutmog> @onrah ive been watching him nearly every day for like a decade or something, hard not to love him
[2022-12-09 12:40:11] <+StackCanary> !thoughts
[2022-12-09 12:40:11] <@^StreamElements> Write in to papa saint and he will help you with live advice! https://docs.google.com/forms/d/1jRPhKVLznm0cm9fmeOvLCy8aqG0jYLX9LmsYJ7YYMn0/edit
[2022-12-09 12:40:18] <%Shizoko> dude i just looked wedding pictures, i wear that when i take out trash
[2022-12-09 12:40:31] <wrenndot> Well I mean...
[2022-12-09 12:40:33] <+kuponutmog> https://twitter.com/leesherwhy/status/1015343448621105152/photo/2 it was a black shirt!
[2022-12-09 12:41:02] VIEWERS: 291
[2022-12-09 12:41:12] <Pablossd> LMFAO
[2022-12-09 12:41:22] <wrenndot> Keeping the twit up so people like us can go back and roast him
[2022-12-09 12:41:24] <Confidor> Thats the ultimate in laziness tbh
[2022-12-09 12:41:27] <wrenndot> KEKW
[2022-12-09 12:41:32] <+thehmmmm> looks like a gigachad to me
[2022-12-09 12:41:46] <wrenndot> CAT
[2022-12-09 12:41:50] <onrah> well it was black so thats basically a tux for him right
[2022-12-09 12:41:51] <+kuponutmog> i hope hes like... hygienic and stuff at least
[2022-12-09 12:41:57] <Pablossd> you can tell whos wearing shorts in this household Kappa
[2022-12-09 12:41:57] <Confidor> Who knows
[2022-12-09 12:42:09] <!%fatguy925> smiteHmm
[2022-12-09 12:42:53] <+Plashkabno> this song is so good
[2022-12-09 12:43:02] VIEWERS: 291
[2022-12-09 12:43:11] <%jaydolIar> whats bis? titan ie bt?
[2022-12-09 12:43:31] <+zak_vvv> yo saint what’s this mix?
[2022-12-09 12:43:48] <~%saintvicious> https://www.youtube.com/watch?v=qfD1sbuB5M4
[2022-12-09 12:44:00] <+zak_vvv> thank you always appreciate your music choices
[2022-12-09 12:45:02] VIEWERS: 362
[2022-12-09 12:45:40] <wrenndot> Surely
[2022-12-09 12:46:44] <WACHTELLOL> !comps
[2022-12-09 12:46:45] <@^StreamElements> Set 8 Comps https://imgur.com/a/qzWaM3E
[2022-12-09 12:47:02] VIEWERS: 362
[2022-12-09 12:47:58] <+Megafangwolf> guaranteed camille augment if 2 cost pog
[2022-12-09 12:48:16] <Terribleturtle> catJAM
[2022-12-09 12:48:20] <+Megafangwolf> rip
[2022-12-09 12:48:28] <@^StreamElements> Vtuber Model by https://gonzossm.com/
[2022-12-09 12:49:05] VIEWERS: 385
[2022-12-09 12:51:06] VIEWERS: 385
[2022-12-09 12:53:07] VIEWERS: 391
[2022-12-09 12:54:32] <soloceddy> Channel your inner Kassadin disarm positioning
[2022-12-09 12:54:56] <soloceddy> cami hitting one person
[2022-12-09 12:55:08] VIEWERS: 391
[2022-12-09 12:55:37] <+Megafangwolf> viego/leona augment coming up Prayge
[2022-12-09 12:56:12] <+Megafangwolf> there is the sustain lol
[2022-12-09 12:57:08] VIEWERS: 391
[2022-12-09 12:57:55] <+Arthenite> Full send
[2022-12-09 12:58:02] <%jaydolIar> ye send
[2022-12-09 12:58:32] <+Thalthedra> !thoughts
[2022-12-09 12:58:33] <@^StreamElements> Write in to papa saint and he will help you with live advice! https://docs.google.com/forms/d/1jRPhKVLznm0cm9fmeOvLCy8aqG0jYLX9LmsYJ7YYMn0/edit
[2022-12-09 12:58:49] <%Shizoko> looks like she needs guinsoo
[2022-12-09 12:59:08] VIEWERS: 447
[2022-12-09 12:59:48] [Notification] Thalthedra subscribed with Prime. They've subscribed for 7 months!
[2022-12-09 13:00:38] <JiNNius_> HUH
[2022-12-09 13:00:43] <KarelTheAnchor> and 20g
[2022-12-09 13:01:09] VIEWERS: 447
[2022-12-09 13:02:35] <+ally_player> shoorly
[2022-12-09 13:03:09] VIEWERS: 447
[2022-12-09 13:03:41] <+mlowster> what does blitz do? you said something like he ramps up
[2022-12-09 13:04:01] <+Arthenite> The aug gets him more HP
[2022-12-09 13:04:06] <+Arthenite> Tiny titans?
[2022-12-09 13:05:11] Viewerstats (12:37-13:05): avg:375 min:291 max:447 [15/341−50+0+0+71+0+23+0+6+0+0+56+0+0−33]
[2022-12-09 13:05:11] VIEWERS: 414
[2022-12-09 13:05:19] <creans__> 2 cost > 5 cost confirmed
[2022-12-09 13:05:22] <!%fatguy925> buhnWiggle buhnWiggle buhnWiggle buhnWiggle
[2022-12-09 13:05:46] <%jaydolIar> low roll items for sure and no cam aug offered
[2022-12-09 13:06:00] <%Shizoko> viego 2 would be so good, low rollin Sadge
[2022-12-09 13:07:12] VIEWERS: 406
[2022-12-09 13:08:28] <@^StreamElements> Vtuber Model by https://gonzossm.com/
[2022-12-09 13:09:11] <%Shizoko> there is no one on bench why he use syndra
[2022-12-09 13:09:14] VIEWERS: 406
[2022-12-09 13:09:37] <JiNNius_> for fun YEP
[2022-12-09 13:10:22] <@TeamLiquid> The Team Liquid Mobile App is available NOW  liquidplus.adv.gg/a/Fad_jt
[2022-12-09 13:11:15] VIEWERS: 411
[2022-12-09 13:12:10] [Notification] canron subscribed with Prime. They've subscribed for 42 months!
[2022-12-09 13:12:11] <%Shizoko> i guess viego wont die again in this game
[2022-12-09 13:12:33] <%Shizoko> oh lol
[2022-12-09 13:13:10] <fantiss> hackers are kinda cringe tbh
[2022-12-09 13:13:16] VIEWERS: 411
[2022-12-09 13:13:35] <%+Thalthedra> Something needs to exist to threaten a backline
[2022-12-09 13:14:29] <%+Thalthedra> Pog
[2022-12-09 13:14:35] <+kuponutmog> kimchi is very pretty
[2022-12-09 13:14:45] <+ilgasolous> chillin like a villain
[2022-12-09 13:14:48] <fantiss> kimchi is da bamb
[2022-12-09 13:14:54] <+Waltuigi> thats a good fuckin kitty right there
[2022-12-09 13:14:56] <spoonerj24> kimchi!
[2022-12-09 13:14:56] <@%+Sammyraii> still diamond 3 today?
[2022-12-09 13:14:57] <@keanelol> kimchi old now
[2022-12-09 13:15:17] VIEWERS: 411
[2022-12-09 13:15:19] <+kuponutmog> keaneHi
[2022-12-09 13:15:27] <@%+Sammyraii> smiteSmug smiteSmug
[2022-12-09 13:15:47] <@%+Sammyraii> half way Prayge
[2022-12-09 13:15:47] <%+Thalthedra> 8s like around middle aged, most cats I know usually live 14-16 years.
[2022-12-09 13:15:47] <%+Sintajin> shes around your age for a cat
[2022-12-09 13:15:48] <%+canron> nah they live like 15-20 years usually
[2022-12-09 13:15:48] <BoBrutal> poor cat  got them eyes sick
[2022-12-09 13:15:53] <derryn> kimchi has the :3 face
[2022-12-09 13:15:57] <%Shizoko> mate, kimchi is beautiful
[2022-12-09 13:16:02] <%+canron> happy cat
[2022-12-09 13:16:34] <+Ichii_GG> !comps
[2022-12-09 13:16:34] <@^StreamElements> Set 8 Comps https://imgur.com/a/qzWaM3E
[2022-12-09 13:17:19] VIEWERS: 378
[2022-12-09 13:17:49] <SEXINVENTOR> !Comps
[2022-12-09 13:17:49] <@^StreamElements> Set 8 Comps https://imgur.com/a/qzWaM3E
[2022-12-09 13:17:51] <SEXINVENTOR> !thoughts
[2022-12-09 13:17:51] <@^StreamElements> Write in to papa saint and he will help you with live advice! https://docs.google.com/forms/d/1jRPhKVLznm0cm9fmeOvLCy8aqG0jYLX9LmsYJ7YYMn0/edit
[2022-12-09 13:18:51] <SEXINVENTOR> saint are these comps best to worst top to bottom
[2022-12-09 13:19:07] <fantiss> ashe kinda strong tho
[2022-12-09 13:19:14] <SEXINVENTOR> i need the most cracked build thats why lol
[2022-12-09 13:19:20] VIEWERS: 378
[2022-12-09 13:20:02] <+Arthenite> Re-roll builds are cracked
[2022-12-09 13:21:20] <fantiss> i mean I like thinking as much as the next guy but clicking d while watching a stream is kinda satisfying ngl
[2022-12-09 13:21:21] VIEWERS: 402
[2022-12-09 13:22:12] <+ilgasolous> can you mouseover underground ?
[2022-12-09 13:23:22] VIEWERS: 402
[2022-12-09 13:23:41] <fantiss> kayle feels like she does nothing most of the time
[2022-12-09 13:25:21] <beardycub> Nice set (music)
[2022-12-09 13:25:22] VIEWERS: 416
[2022-12-09 13:26:04] <fantiss> morello bb?
[2022-12-09 13:26:19] <sirrman> oh dang it's a jax 2*
[2022-12-09 13:26:25] <HomicidalKumquat> Ngl this lobby is so stro mg
[2022-12-09 13:26:30] <HomicidalKumquat> Strong
[2022-12-09 13:26:47] <HomicidalKumquat> We trying to streak with underground geez leave us alone
[2022-12-09 13:27:22] <Manco1> Gratz on the 3 star fiddle game king
[2022-12-09 13:27:23] VIEWERS: 416
[2022-12-09 13:27:46] <Manco1> LUL no snitches here
[2022-12-09 13:27:46] <fergy123> may have LUL
[2022-12-09 13:27:52] <%Shizoko> bob moses so good
[2022-12-09 13:28:28] <@^StreamElements> Vtuber Model by https://gonzossm.com/
[2022-12-09 13:28:33] <fantiss> underground 5 ever worth?
[2022-12-09 13:29:12] <+Ir0xyours0x> Sorry iv'e been lurking while playing other games, but is it ever worth to "double up" the heist?
[2022-12-09 13:29:23] VIEWERS: 429
[2022-12-09 13:29:49] <Yohnnie> So is HP stacked renekton just broken?
[2022-12-09 13:30:10] <Desmond_Hume23> !Comps
[2022-12-09 13:30:10] <@^StreamElements> Set 8 Comps https://imgur.com/a/qzWaM3E
[2022-12-09 13:30:11] <fantiss> @Yohnnie pretty much
[2022-12-09 13:30:13] <%Shizoko> what means zoom towards their target
[2022-12-09 13:30:17] <fantiss> riven too
[2022-12-09 13:30:39] <fergy123> @Shizoko like Cavs
[2022-12-09 13:30:49] <Yohnnie> Figured as much, last game 3 others were trying to stack rens
[2022-12-09 13:30:54] <HomicidalKumquat> If we big cash maybe otherwise it’s a 6th
[2022-12-09 13:31:09] <%Shizoko> @fergy123 oh got it ty
[2022-12-09 13:31:23] VIEWERS: 429
[2022-12-09 13:31:35] <fergy123> np :)
[2022-12-09 13:32:10] <fergy123> Was it ever take samira
[2022-12-09 13:32:19] <HomicidalKumquat> For 8th it was ha
[2022-12-09 13:32:25] <HomicidalKumquat> Lobby too strong I think
[2022-12-09 13:32:26] <fergy123> LUL
[2022-12-09 13:32:30] <fergy123> true tbh
[2022-12-09 13:32:41] <HomicidalKumquat> But might of been I would of done it and probably 8th
[2022-12-09 13:32:53] <fergy123> same LUL
[2022-12-09 13:32:55] <HomicidalKumquat> Fun times
[2022-12-09 13:33:11] <fergy123> But 5 underground brah
[2022-12-09 13:33:16] <HomicidalKumquat> Never
[2022-12-09 13:33:23] VIEWERS: 440
[2022-12-09 13:33:23] <+siscart> what comps u are having most fun playing?
[2022-12-09 13:33:26] <HomicidalKumquat> Kappa
[2022-12-09 13:33:31] <wrenndot> we do a lil trolling :)
[2022-12-09 13:33:39] <HomicidalKumquat> LUL
[2022-12-09 13:35:23] Viewerstats (13:07-13:35): avg:412 min:378 max:452 [15/406+0+5+0+0−33+0+24+0+14+0+13+0+11+12]
[2022-12-09 13:35:23] VIEWERS: 452
[2022-12-09 13:35:43] <fantiss> gs more versatile rn?
[2022-12-09 13:37:25] VIEWERS: 452
[2022-12-09 13:38:04] <fergy123> oof
[2022-12-09 13:39:26] VIEWERS: 461
[2022-12-09 13:40:19] <+Saforma> !Comps
[2022-12-09 13:40:19] <@^StreamElements> Set 8 Comps https://imgur.com/a/qzWaM3E
[2022-12-09 13:41:12] <@Cris> 223
[2022-12-09 13:41:17] <@Cris> 123 go*
[2022-12-09 13:41:27] VIEWERS: 461
[2022-12-09 13:41:39] <@Cris> Wait this set easy son I been climbin
[2022-12-09 13:42:01] <@Cris> I got like 5-6 games but I’m gold 2 already
[2022-12-09 13:42:05] <+Arthenite> Cris is like plat 4
[2022-12-09 13:42:08] <+Arthenite> Oh nvm
[2022-12-09 13:42:20] <@Cris> trust
[2022-12-09 13:42:35] [Notification] magistridis subscribed with Prime. They've subscribed for 15 months, currently on a 1 month streak!
[2022-12-09 13:43:11] <qareetugna> iron 2 i can teach you what ull never think off unexspected gameplays
[2022-12-09 13:43:28] VIEWERS: 470
[2022-12-09 13:44:09] <Yohnnie> What is this song?
[2022-12-09 13:44:30] [Notification] theipol subscribed with Prime. They've subscribed for 2 months!
[2022-12-09 13:45:28] VIEWERS: 482
[2022-12-09 13:45:48] <!%fatguy925> smiteHmm
[2022-12-09 13:46:32] <+ilgasolous> tg value was huge that fight
[2022-12-09 13:47:02] [Raid] 188 raiders from triciaisabirdy have joined!
[2022-12-09 13:47:24] [Info] This room is now in followers-only mode.
[2022-12-09 13:47:29] <raptora87> chuLove raid
[2022-12-09 13:47:29] VIEWERS: 482
[2022-12-09 13:47:33] <!triciaisabirdy> lol i hit silver after 11 hrs T_T
[2022-12-09 13:47:48] <!triciaisabirdy> -_-
[2022-12-09 13:47:57] <raptora87> KEKW
[2022-12-09 13:47:58] <!triciaisabirdy> gnite man lol its 5 am
[2022-12-09 13:48:03] <!triciaisabirdy> gl
[2022-12-09 13:48:05] <!triciaisabirdy> !rank
[2022-12-09 13:48:05] <@^StreamElements> https://lolchess.gg/profile/na/livefortheday
[2022-12-09 13:48:28] <@^StreamElements> Vtuber Model by https://gonzossm.com/
[2022-12-09 13:48:29] <raptora87> rank command is fake
[2022-12-09 13:48:34] <zirbeli> so you win 8/10 games you started if you hit silver in 11hours or some 20min games a lot?
[2022-12-09 13:48:52] [Info] This room is now in 10 minutes followers-only mode.
[2022-12-09 13:48:59] <zirbeli> or you need to win 9/10 to hit silver?
[2022-12-09 13:49:30] VIEWERS: 582
[2022-12-09 13:49:30] <raptora87> silver tft is like bronze in league Kappa
[2022-12-09 13:49:41] <raptora87> maybe Iron Kappa
[2022-12-09 13:49:45] <Yohnnie> Do threats stack as a trait?
[2022-12-09 13:49:47] <Ciutaku> le Bonk
[2022-12-09 13:50:44] <ItssJaah> !comps
[2022-12-09 13:50:44] <@^StreamElements> Set 8 Comps https://imgur.com/a/qzWaM3E
[2022-12-09 13:51:24] <qareetugna> is it better to have bunch of traits or get 5 stars my brain cant follow with this new patch
[2022-12-09 13:51:30] VIEWERS: 582
[2022-12-09 13:51:39] <raptora87> Elden Ring game of the year btw Kappa
[2022-12-09 13:52:37] <fantiss> kinda sad
[2022-12-09 13:53:31] VIEWERS: 561
[2022-12-09 13:54:44] <raptora87> fastest 9 ever
[2022-12-09 13:54:45] <fantiss> freest of frees
[2022-12-09 13:54:53] <+ilgasolous> nice fast 9 Pepega
[2022-12-09 13:54:54] <+Arthenite> Fast 9 for sure
[2022-12-09 13:55:23] <@TeamLiquid> LIQUID x FORTNITE IS LIVE - Check it out and don't forget to use my code: go.adv.gg/x0sqxr
[2022-12-09 13:55:23] <+siscart> crazy how good u are u win so much games that looked lost
[2022-12-09 13:55:32] VIEWERS: 561
[2022-12-09 13:55:54] <zirbeli> do you think this new patch is better than last one? i am not really feeling this.. :/
[2022-12-09 13:56:04] <ItssJaah> UR PUSSY GAWD DAMN YES
[2022-12-09 13:56:08] <Mamagos> That is one hairy pussy
[2022-12-09 13:56:24] <ItssJaah> very good pussy
[2022-12-09 13:56:34] <Mamagos> Ginger pussy best pussy
[2022-12-09 13:56:40] <wrenndot> moon2E
[2022-12-09 13:56:47] <Mamagos> tri-color?
[2022-12-09 13:56:52] <%jaydolIar> is there too much player dmg? that why everyone rolling on 3-1?
[2022-12-09 13:57:33] VIEWERS: 561
[2022-12-09 13:58:32] <Yohnnie> Is this a spotify playlist i can listen to ?
[2022-12-09 13:58:38] <+Alliekaza> What are the carries this season? I have trouble picking a good carry atm
[2022-12-09 13:59:33] VIEWERS: 561
[2022-12-09 14:00:25] [Notification] Alliekaza subscribed at Tier 1. They've subscribed for 2 months!
[2022-12-09 14:01:33] VIEWERS: 514
[2022-12-09 14:03:33] VIEWERS: 514
[2022-12-09 14:05:33] Viewerstats (13:37-14:05): avg:517 min:452 max:582 [15/452+9+0+9+12+0+100+0−21+0+0+0−47+0+7]
[2022-12-09 14:05:33] VIEWERS: 521
[2022-12-09 14:07:34] VIEWERS: 521
[2022-12-09 14:07:37] <WiseQuackers> !thoughts
[2022-12-09 14:07:38] <@^StreamElements> Write in to papa saint and he will help you with live advice! https://docs.google.com/forms/d/1jRPhKVLznm0cm9fmeOvLCy8aqG0jYLX9LmsYJ7YYMn0/edit
[2022-12-09 14:09:34] VIEWERS: 521
[2022-12-09 14:11:34] VIEWERS: 528
[2022-12-09 14:12:15] <Xepto> !comps
[2022-12-09 14:12:15] <@^StreamElements> Set 8 Comps https://imgur.com/a/qzWaM3E
[2022-12-09 14:13:34] VIEWERS: 528
[2022-12-09 14:14:48] <fantiss> thoughts on threat and how to best use them?
[2022-12-09 14:15:23] <fantiss> noice threat one trick now
[2022-12-09 14:15:35] VIEWERS: 528
[2022-12-09 14:17:35] VIEWERS: 536
[2022-12-09 14:18:47] <pallender> !comps
[2022-12-09 14:18:47] <@^StreamElements> Set 8 Comps https://imgur.com/a/qzWaM3E
[2022-12-09 14:19:27] <realRedhare> which threat unit is your favoourite?
[2022-12-09 14:19:31] <realRedhare> single o
[2022-12-09 14:19:37] VIEWERS: 536
[2022-12-09 14:19:55] <realRedhare> wrong, the correct answer is DMCA threat
[2022-12-09 14:21:37] VIEWERS: 536
[2022-12-09 14:23:38] VIEWERS: 536
[2022-12-09 14:25:38] VIEWERS: 547
[2022-12-09 14:26:07] [Notification] Zedaine112 subscribed with Prime. They've subscribed for 15 months!
[2022-12-09 14:26:38] <%Zedaine112> how saint been? haven't been able to tune in for a couple weeks
[2022-12-09 14:27:39] VIEWERS: 547
[2022-12-09 14:29:40] VIEWERS: 563
[2022-12-09 14:29:51] <lemonflavoredtea> !thoughts
[2022-12-09 14:29:51] <@^StreamElements> Write in to papa saint and he will help you with live advice! https://docs.google.com/forms/d/1jRPhKVLznm0cm9fmeOvLCy8aqG0jYLX9LmsYJ7YYMn0/edit
[2022-12-09 14:29:58] <raptora87> diesofcutscene
[2022-12-09 14:30:11] <raptora87> ez 3rd
[2022-12-09 14:30:53] <raptora87> is there an option to turn the popups for completed missions just disappear DansGame
[2022-12-09 14:31:05] <raptora87> I don't give a fuck if I'm getting 100 xp dafug
[2022-12-09 14:31:41] VIEWERS: 563
[2022-12-09 14:33:41] VIEWERS: 563
[2022-12-09 14:34:16] <lemonflavoredtea> idk how a new player will get into this set, both high complexity and visual clarity is kinda rough
[2022-12-09 14:34:19] <raptora87> you think it's more complex?
[2022-12-09 14:34:46] <raptora87> I like this set more than last already
[2022-12-09 14:34:51] <raptora87> fk dragon set I didn't like it at all
[2022-12-09 14:35:03] <lemonflavoredtea> have you tried new WoW expac?
[2022-12-09 14:35:42] Viewerstats (14:07-14:35): avg:538 min:521 max:563 [15/521+0+7+0+0+8+0+0+0+11+0+16+0+0−42]
[2022-12-09 14:35:42] VIEWERS: 521
[2022-12-09 14:35:59] <fantiss> why are chinese names vx xxxxxxxxxx?
[2022-12-09 14:37:02] <%+alexwilliam> Most enjoyable comp saint?
[2022-12-09 14:37:04] <Ciutaku> that's their social id
[2022-12-09 14:37:42] VIEWERS: 521
[2022-12-09 14:39:27] <Papalotapuss> I'm just here to watch the tv
[2022-12-09 14:39:32] <Papalotapuss> xdd
[2022-12-09 14:39:33] <fantiss> the ashest of ashe games
[2022-12-09 14:39:43] VIEWERS: 553
[2022-12-09 14:40:03] <+Sijorn> Gotta fire your light balance guy though
[2022-12-09 14:40:06] <raptora87> not wrong
[2022-12-09 14:40:22] <@TeamLiquid> Get closer to your next Liquid+ Shop purchase with this free points drop at liquidplus.adv.gg/a/i4iiAa
[2022-12-09 14:41:43] VIEWERS: 553
[2022-12-09 14:42:08] <+Speedysteve422> just hit Kreygasm
[2022-12-09 14:42:13] <+leloputz> what are the best combinations for mid game, in your opinion?
[2022-12-09 14:43:26] <claudiostar> Monolink Cercle Set?! Awesome vibe!
[2022-12-09 14:43:43] VIEWERS: 576
[2022-12-09 14:45:07] <+dotxKono> !comps
[2022-12-09 14:45:07] <@^StreamElements> Set 8 Comps https://imgur.com/a/qzWaM3E
[2022-12-09 14:45:13] <%Shizoko> this looks nice
[2022-12-09 14:45:43] VIEWERS: 576
[2022-12-09 14:46:12] <lemonflavoredtea> Whats your usual levelling timing for fast 9?
[2022-12-09 14:46:15] <%Zedaine112> I'm ngl, this set looks so confusing to me. idk why
[2022-12-09 14:46:43] <%+slowlikea> got one of those voyeurism walk through shibuya or seoul I kinda dig it
[2022-12-09 14:47:10] <m1so> is aegis not worth or zac that good?
[2022-12-09 14:47:32] <fantiss> is it the whomadewho mix? it's insane good
[2022-12-09 14:47:43] VIEWERS: 606
[2022-12-09 14:48:06] <~%saintvicious> https://www.youtube.com/watch?v=_SvwdK_HibQ&t=84s
[2022-12-09 14:48:30] <@^StreamElements> Vtuber Model by https://gonzossm.com/
[2022-12-09 14:48:57] <fantiss> monolink <3
[2022-12-09 14:49:43] VIEWERS: 606
[2022-12-09 14:51:43] VIEWERS: 628
[2022-12-09 14:53:29] <%Zedaine112> are people strong enough for that?
[2022-12-09 14:53:43] VIEWERS: 628
[2022-12-09 14:53:47] <%+TSMViciousOne> !comps
[2022-12-09 14:53:47] <@^StreamElements> Set 8 Comps https://imgur.com/a/qzWaM3E
[2022-12-09 14:54:05] <PossiblyRishi> !song
[2022-12-09 14:54:05] <@^StreamElements> The current song is Shania Twain - That Don't Impress Me Much
[2022-12-09 14:54:05] <@^StreamElements> @PossiblyRishi failed to get the current song.
[2022-12-09 14:54:11] <PossiblyRishi> !playlist
[2022-12-09 14:54:11] <@^StreamElements> https://open.spotify.com/playlist/5hCA6k1o60LF93M01faiYf?si=bc1384b9c37647f2 november bangers
[2022-12-09 14:54:15] <+BobbyVang> Two sej broken with that trait lol
[2022-12-09 14:54:26] <%Zedaine112> 3 people less than 20hp
[2022-12-09 14:54:28] <+BobbyVang> damnnnn fiddle 2 at 4-2 LOL
[2022-12-09 14:54:30] <%+slowlikea> fid 2 monkas
[2022-12-09 14:54:54] <+imbatty> double trouble not even being used
[2022-12-09 14:55:32] <%Zedaine112> @imbatty thats bc that guy thought it worked with threats
[2022-12-09 14:55:37] <%Zedaine112> but I guess it doesnt
[2022-12-09 14:55:43] VIEWERS: 628
[2022-12-09 14:55:57] <Jevlahelvete> !comps
[2022-12-09 14:55:57] <@^StreamElements> Set 8 Comps https://imgur.com/a/qzWaM3E
[2022-12-09 14:57:43] VIEWERS: 639
[2022-12-09 14:57:51] <+BobbyVang> hope for radiant LW from heist
[2022-12-09 14:57:57] <%Zedaine112> fiddle 2 guys is out
[2022-12-09 14:58:03] <%Zedaine112> guy*
[2022-12-09 14:58:12] <PossiblyRishi> the one who was mocking other players went 7th xd
[2022-12-09 14:59:44] VIEWERS: 639
[2022-12-09 14:59:48] <+BobbyVang> whoa wheres samira rip
[2022-12-09 15:00:48] <+devis666> !thoughts
[2022-12-09 15:00:48] <@^StreamElements> Write in to papa saint and he will help you with live advice! https://docs.google.com/forms/d/1jRPhKVLznm0cm9fmeOvLCy8aqG0jYLX9LmsYJ7YYMn0/edit
[2022-12-09 15:01:07] <herr_kurz> is there a chance for top 1 with leo and aphelios 2?
[2022-12-09 15:01:44] VIEWERS: 639
[2022-12-09 15:02:19] <PossiblyRishi> !song
[2022-12-09 15:02:20] <@^StreamElements> The current song is Shania Twain - That Don't Impress Me Much
[2022-12-09 15:02:20] <@^StreamElements> @PossiblyRishi failed to get the current song.
[2022-12-09 15:03:25] <+Jhow88> !comps
[2022-12-09 15:03:26] <@^StreamElements> Set 8 Comps https://imgur.com/a/qzWaM3E
[2022-12-09 15:03:46] VIEWERS: 626
[2022-12-09 15:05:47] Viewerstats (14:37-15:05): avg:602 min:521 max:639 [15/521+32+0+23+0+30+0+22+0+0+11+0+0−13+0]
[2022-12-09 15:05:47] VIEWERS: 626
[2022-12-09 15:06:26] <+BobbyVang> hugeeee
[2022-12-09 15:07:09] <+BugUnderaRug> !song
[2022-12-09 15:07:09] <@^StreamElements> The current song is Shania Twain - That Don't Impress Me Much
[2022-12-09 15:07:09] <@^StreamElements> @BugUnderaRug failed to get the current song.
[2022-12-09 15:07:33] <herr_kurz> dobule win ez
[2022-12-09 15:07:34] <PossiblyRishi> pogggg
[2022-12-09 15:07:34] <lemonflavoredtea> niceeee
[2022-12-09 15:07:42] <BoBrutal> wow
[2022-12-09 15:07:42] <ItssJaah> UR JUST TOO GOOD
[2022-12-09 15:07:47] VIEWERS: 616
[2022-12-09 15:08:09] <!%+xtygerrx> youre so good at this set 5Head
[2022-12-09 15:08:10] <%+JuveLind> another win for Saint "I shouldnt be rolling" vicious
[2022-12-09 15:08:28] <@^StreamElements> Vtuber Model by https://gonzossm.com/
[2022-12-09 15:09:19] <%+slowlikea> wait i thought saint got masters
[2022-12-09 15:09:27] <+thigor1> fast 8 is the soju special, never go full soju
[2022-12-09 15:09:32] <+thigor1> 9
[2022-12-09 15:09:47] VIEWERS: 616
[2022-12-09 15:09:56] <TweekieTV> !comps
[2022-12-09 15:09:56] <@^StreamElements> Set 8 Comps https://imgur.com/a/qzWaM3E
[2022-12-09 15:10:14] [Notification] TweekieTV subscribed with Prime. They've subscribed for 29 months!
[2022-12-09 15:11:22] <@TeamLiquid> The Team Liquid Mobile App is available NOW  liquidplus.adv.gg/a/Fad_jt
[2022-12-09 15:11:41] <%+slowlikea> smiteSmug smiteSmug smiteSmug
[2022-12-09 15:11:47] <%+anas_b> kimchi zoomies catJAM
[2022-12-09 15:11:48] VIEWERS: 616
[2022-12-09 15:11:50] <$Mokka66> Night owl Saint
[2022-12-09 15:12:06] <+m0onprincess> Hi :)
[2022-12-09 15:12:09] <+m0onprincess> good morning
[2022-12-09 15:12:44] <shootbuckets101> Hello.
[2022-12-09 15:12:48] <shootbuckets101> How are you doing?
[2022-12-09 15:12:50] <shootbuckets101> Hope you are good.
[2022-12-09 15:13:06] <k00l_aid_man> Your not the first person i heard that from after playing this set
[2022-12-09 15:13:34] <GildedFool> have you tried playing Supers?
[2022-12-09 15:13:38] <Rondeer> 5Head
[2022-12-09 15:13:41] <GildedFool> No thinking required
[2022-12-09 15:13:49] VIEWERS: 609
[2022-12-09 15:13:53] <%+JuveLind> Oldge
[2022-12-09 15:14:06] <netVare> isn't that a good thing though that you actually have to think?
[2022-12-09 15:14:30] <+aden_09> the TV behind is an interesting concept but do you really need it? hurts my eyes.
[2022-12-09 15:14:58] <!%DeBruce> my placements didn't even get done I was tired of looking at these models lol
[2022-12-09 15:15:01] <%+JuveLind> I mean, its just play aphelios, fiddle urgot every game or ff
[2022-12-09 15:15:11] <%+JuveLind> spam aegis
[2022-12-09 15:15:20] <netVare> the screen behind is very hypnotising
[2022-12-09 15:15:27] <$Mokka66> Nunu has saved my ass a few times already
[2022-12-09 15:15:36] <!%DeBruce> just all that print on abilities 😂
[2022-12-09 15:15:48] <fantiss> click yellow border
[2022-12-09 15:15:49] VIEWERS: 609
[2022-12-09 15:15:50] <fantiss> got it
[2022-12-09 15:15:51] <+aden_09> cause the rest of your cam is dark and it pops out. like we need one more screen to look at 🤣. but your choice
[2022-12-09 15:15:55] <%+JuveLind> Wintrade lobby
[2022-12-09 15:16:00] <Rondeer> horror movies with lots, a bit of, or no gore?
[2022-12-09 15:16:23] <Rondeer> just saw Terrifier 2 last night, now that's some splatter
[2022-12-09 15:16:33] <!%DeBruce> I had one game with all the mascots and Aph, was fun
[2022-12-09 15:16:46] <+BugUnderaRug> did you guys see violent night yet
[2022-12-09 15:16:48] <!%DeBruce> civilians as well
[2022-12-09 15:16:59] <000000hboii> pizza time
[2022-12-09 15:17:02] <$Mokka66> I stick to happy movies generally
[2022-12-09 15:17:04] <%+slowlikea> ima take shrooms and watch avatar next week
[2022-12-09 15:17:15] <Rondeer> @Mokka66 Terrifier has a clown
[2022-12-09 15:17:50] VIEWERS: 544
[2022-12-09 15:17:56] <+InternBrett> What are some tips for trying to transition from early game to late, I feel like when I do it at times my comp gets all F'ed up untill I have all the pieces
[2022-12-09 15:18:26] <$Mokka66> @Rondeer lol
[2022-12-09 15:18:27] <GildedFool> put your melee units in front of your ranged units
[2022-12-09 15:18:55] <$Mokka66> @InternBrett That is the hard part for me too
[2022-12-09 15:19:44] <!%DeBruce> the sivir heals are real
[2022-12-09 15:19:51] VIEWERS: 544
[2022-12-09 15:20:02] <Rondeer> kayle and ez are megacontested early, always have 4 ppl playing them
[2022-12-09 15:21:02] <Audi_6> why is there TV behind saint
[2022-12-09 15:21:10] <euclid908> were you invited to the summit?
[2022-12-09 15:21:21] <%+slowlikea> we can see another monitor behind your head
[2022-12-09 15:21:52] VIEWERS: 544
[2022-12-09 15:23:52] VIEWERS: 579
[2022-12-09 15:24:13] <gaerithard63> camille is renegade YEP
[2022-12-09 15:24:45] <shootbuckets101> Let's Go.
[2022-12-09 15:24:46] <shootbuckets101> poggers.
[2022-12-09 15:25:52] VIEWERS: 579
[2022-12-09 15:26:00] <shootbuckets101> smiteHensmile smiteHensmile smiteHensmile
[2022-12-09 15:26:03] <shootbuckets101> smiteSleep smiteSleep smiteSleep
[2022-12-09 15:26:06] <shootbuckets101> Let's go.
[2022-12-09 15:26:09] <shootbuckets101> Poggers.
[2022-12-09 15:26:14] <airParo> give rod to viego?
[2022-12-09 15:27:53] VIEWERS: 579
[2022-12-09 15:27:57] <GoofyBrah> Good morning old people
[2022-12-09 15:28:28] <@^StreamElements> Vtuber Model by https://gonzossm.com/
[2022-12-09 15:28:54] <BodoBagger01> it's disgusting seeing all those pizza flying around sitting hear beeing hungry. :D
[2022-12-09 15:28:57] <fantiss> @GoofyBrah salutations old man
[2022-12-09 15:29:49] <ThuisG> !playlist
[2022-12-09 15:29:49] <@^StreamElements> https://open.spotify.com/playlist/5hCA6k1o60LF93M01faiYf?si=bc1384b9c37647f2 november bangers
[2022-12-09 15:29:50] <airParo> viego is super good
[2022-12-09 15:29:54] VIEWERS: 595
[2022-12-09 15:29:58] <huhapi> doesnt sivir augment counter  the burn
[2022-12-09 15:30:01] <huhapi> from zoe
[2022-12-09 15:30:09] <claudiostar> Did you watch the summit?
[2022-12-09 15:30:19] <GoofyBrah> !uptime
[2022-12-09 15:30:19] <@^StreamElements> @GoofyBrah, saintvicious has been streaming for  6 hours 22 mins
[2022-12-09 15:30:56] <BodoBagger01> is it on my side or is your video and audio out of sync?
[2022-12-09 15:31:35] <GoofyBrah> im just watching the music video over his shoulder
[2022-12-09 15:31:47] <GoofyBrah> or whatever the fk it is
[2022-12-09 15:31:54] VIEWERS: 595
[2022-12-09 15:32:40] <Aurealvertigo> Hello, are you gettin good amount of lp for plat wins?
[2022-12-09 15:33:14] <Aurealvertigo> lower elo wins i was gettin alot of lp
[2022-12-09 15:33:55] VIEWERS: 607
[2022-12-09 15:34:53] <MetatronsCubes> viego seems busted
[2022-12-09 15:35:56] Viewerstats (15:07-15:35): avg:589 min:544 max:616 [15/616+0+0−7+0−65+0+0+35+0+0+16+0+12+0]
[2022-12-09 15:35:56] VIEWERS: 607
[2022-12-09 15:37:39] <MetatronsCubes> lvl 6 zero gold, he gonna win out?
[2022-12-09 15:37:56] VIEWERS: 599
[2022-12-09 15:38:08] <euclid908> can you explain fiddle positioning?
[2022-12-09 15:38:43] <MetatronsCubes> @euclid908 nope BatChest
[2022-12-09 15:39:31] <mebodebo> u going 9 with 2 lifes atleast , not that bad
[2022-12-09 15:39:57] VIEWERS: 599
[2022-12-09 15:40:53] <jundishi> pretty sure going 9 from this spot is a bait
[2022-12-09 15:41:37] <jundishi> it should be more stable now lol
[2022-12-09 15:41:48] <mebodebo> this board spikes at 9 and u rly need aphelios 2 star for wincon
[2022-12-09 15:41:59] VIEWERS: 609
[2022-12-09 15:42:17] <mebodebo> exactly
[2022-12-09 15:42:33] <jundishi> it was a first or 6th angle, im down
[2022-12-09 15:42:57] <+devis666> chatting
[2022-12-09 15:43:42] <%+BigBerthaTTV> old saint would have banned already
[2022-12-09 15:43:53] <mebodebo> ren fiddle?
[2022-12-09 15:43:59] VIEWERS: 609
[2022-12-09 15:45:54] <+devis666> renegade % damage increase is really good because it stacks on top of the crit and ap increase
[2022-12-09 15:46:00] VIEWERS: 609
[2022-12-09 15:46:42] <+devis666> he's got 4 aegis so he hella tanky
[2022-12-09 15:47:19] <GildedFool> how does 4 aegis do into aphelios?
[2022-12-09 15:48:01] VIEWERS: 624
[2022-12-09 15:48:05] <mebodebo> its a 6th
[2022-12-09 15:48:15] <!%+angahax> Kek
[2022-12-09 15:48:28] <@^StreamElements> Vtuber Model by https://gonzossm.com/
[2022-12-09 15:48:49] <CaptMapleSyrup> !comps
[2022-12-09 15:48:50] <@^StreamElements> Set 8 Comps https://imgur.com/a/qzWaM3E
[2022-12-09 15:49:05] <%+jakk_tv> wtf gonzo ssm lmao he's a legend
[2022-12-09 15:49:10] <mebodebo> is ashe rene supers the best reroll build in your opinion ?
[2022-12-09 15:49:20] <+kuponutmog> he did a nearly 27 hour stream iirc
[2022-12-09 15:49:42] <%NEZEN27> gg
[2022-12-09 15:50:02] VIEWERS: 624
[2022-12-09 15:50:16] <!%+xtygerrx> ggs dude
[2022-12-09 15:50:19] <%+VashTheQuickDraw> gg
[2022-12-09 15:50:32] <%+jakk_tv> gg
[2022-12-09 15:52:02] VIEWERS: 624
[2022-12-09 15:52:30] ~Stream offline~
[2022-12-09 16:06:06] Viewerstats (15:37-15:50): avg:610 min:599 max:624 [7/599+0+10+0+0+15+0_]
[2022-12-09 16:30:12] <+Ixton> !comps
[2022-12-09 16:30:13] <@^StreamElements> Set 8 Comps https://imgur.com/a/qzWaM3E
[2022-12-09 18:11:22] <+BestAlphey> !COMPS
[2022-12-09 18:11:23] <@^StreamElements> Set 8 Comps https://imgur.com/a/qzWaM3E
