# Log started: 2022-12-25 00:13:04 +0100
[2022-12-25 00:13:04] [Notification] Hjukiii subscribed with Prime.
[2022-12-25 00:20:37] [Notification] Renique87 subscribed with Prime.
[2022-12-25 00:26:45] <+Tizonaa> !ui
[2022-12-25 00:26:45] <@%^StreamElements> NaowhUI is available on Patreon (www.patreon.com/naowh) or thru Twitch Prime/Normal sub. After you sub, go to Discord: https://discord.gg/naowh, connect your Discord with Patreon/Twitch via settings, then wait 30-60 minutes for it to SYNC.
[2022-12-25 00:30:49] [Notification] dsaint22 subscribed with Prime.
[2022-12-25 01:05:24] [Notification] Caellann subscribed at Tier 1.
[2022-12-25 01:14:13] [Notification] zlappo99 subscribed at Tier 1. They've subscribed for 15 months!
[2022-12-25 01:18:29] [Notification] lol_feeax subscribed at Tier 1.
[2022-12-25 01:27:33] [Notification] xsyriiiix subscribed at Tier 1.
[2022-12-25 01:39:25] <%Naashmonk> !ui
[2022-12-25 01:39:27] <@%^StreamElements> NaowhUI is available on Patreon (www.patreon.com/naowh) or thru Twitch Prime/Normal sub. After you sub, go to Discord: https://discord.gg/naowh, connect your Discord with Patreon/Twitch via settings, then wait 30-60 minutes for it to SYNC.
[2022-12-25 01:48:00] [Notification] Vivid subscribed at Tier 1.
[2022-12-25 01:51:54] [Notification] s0lflare subscribed at Tier 1.
[2022-12-25 01:52:44] <%s0lflare> !naowhui
[2022-12-25 01:52:45] <@%^StreamElements> NaowhUI ™️ was developed in parternship with pros and elite amateurs to create the first UI designed just for gamers. Formulated with UI elements to give you the boost you need. You only get to play this game one time, you have one life. Take your game to the next level with NaowhUI ™️ . Skills are cheap. NaowhUI ™️ is priceless. When it comes down to it, nothing trumps NaowhUI ™️ .
[2022-12-25 02:18:16] [Notification] Dracinis subscribed with Prime.
[2022-12-25 02:55:08] [Notification] deytv_ subscribed at Tier 1.
[2022-12-25 03:45:11] [Notification] DrizzyWHU subscribed at Tier 1.
[2022-12-25 04:08:29] <+J4yGaming> !ui
[2022-12-25 04:08:29] <@%^StreamElements> NaowhUI is available on Patreon (www.patreon.com/naowh) or thru Twitch Prime/Normal sub. After you sub, go to Discord: https://discord.gg/naowh, connect your Discord with Patreon/Twitch via settings, then wait 30-60 minutes for it to SYNC.
[2022-12-25 04:25:18] [Notification] lulukitty subscribed at Tier 1.
[2022-12-25 04:54:40] [Notification] CameronPolonet subscribed at Tier 1.
[2022-12-25 05:03:58] <+liquidmetal989> !uii
[2022-12-25 05:04:02] <+liquidmetal989> !ui
[2022-12-25 05:04:02] <@%^StreamElements> NaowhUI is available on Patreon (www.patreon.com/naowh) or thru Twitch Prime/Normal sub. After you sub, go to Discord: https://discord.gg/naowh, connect your Discord with Patreon/Twitch via settings, then wait 30-60 minutes for it to SYNC.
[2022-12-25 05:31:51] [Notification] xlevi92 subscribed at Tier 1.
[2022-12-25 07:04:23] [Notification] dhgs23 subscribed at Tier 1.
[2022-12-25 07:25:47] [Notification] xLebarr subscribed with Prime.
[2022-12-25 09:05:38] <+Beewap> !ui
[2022-12-25 09:05:38] <@%^StreamElements> NaowhUI is available on Patreon (www.patreon.com/naowh) or thru Twitch Prime/Normal sub. After you sub, go to Discord: https://discord.gg/naowh, connect your Discord with Patreon/Twitch via settings, then wait 30-60 minutes for it to SYNC.
[2022-12-25 09:19:03] [Notification] Voyd1705 subscribed at Tier 1.
[2022-12-25 09:22:14] [Notification] Weevilx subscribed at Tier 1.
[2022-12-25 09:29:53] [Notification] Mardog27 subscribed with Prime.
[2022-12-25 10:06:13] [Notification] kerajoe subscribed with Prime.
[2022-12-25 10:26:28] [Notification] Emorullator subscribed at Tier 1.
[2022-12-25 10:28:17] [Notification] Kuyun subscribed with Prime.
[2022-12-25 10:44:41] [Notification] Efflosh subscribed with Prime. They've subscribed for 30 months!
[2022-12-25 10:49:30] [Notification] zlotwastaken subscribed with Prime.
[2022-12-25 11:03:32] <asence_> !ui
[2022-12-25 11:03:33] <@%^StreamElements> NaowhUI is available on Patreon (www.patreon.com/naowh) or thru Twitch Prime/Normal sub. After you sub, go to Discord: https://discord.gg/naowh, connect your Discord with Patreon/Twitch via settings, then wait 30-60 minutes for it to SYNC.
[2022-12-25 11:03:39] [Notification] boomeraccount_ subscribed with Prime.
[2022-12-25 11:04:33] [Notification] Homelle subscribed with Prime.
[2022-12-25 11:46:46] [Notification] starbsss subscribed at Tier 1.
[2022-12-25 11:51:13] [Notification] colakmumu gifted a Tier 1 sub to sharkpepperovo! They have given 3 Gift Subs in the channel! sharkpepperovo has subscribed for 9 months!
[2022-12-25 12:01:41] [Notification] gepujadas subscribed with Prime.
[2022-12-25 12:34:01] <Highmen3> !ui
[2022-12-25 12:34:01] <@%^StreamElements> NaowhUI is available on Patreon (www.patreon.com/naowh) or thru Twitch Prime/Normal sub. After you sub, go to Discord: https://discord.gg/naowh, connect your Discord with Patreon/Twitch via settings, then wait 30-60 minutes for it to SYNC.
[2022-12-25 12:34:46] [Notification] 0_o_PUD subscribed at Tier 1.
[2022-12-25 12:49:53] [Notification] RyuShin_TV subscribed at Tier 1. They've subscribed for 2 months!
[2022-12-25 13:04:57] [Notification] ReymitSub gifted a Tier 1 sub to Shell3r! They have given 30 Gift Subs in the channel!
[2022-12-25 13:19:53] [Notification] Mrfenryr subscribed at Tier 1. They've subscribed for 5 months!
[2022-12-25 13:43:01] [Notification] Mirrr subscribed at Tier 1.
[2022-12-25 13:51:36] [Notification] ReymitSub gifted a Tier 1 sub to undying442! They have given 31 Gift Subs in the channel! undying442 has subscribed for 2 months!
[2022-12-25 14:28:04] [Notification] gno7529 subscribed with Prime.
[2022-12-25 14:43:16] [Notification] Ellium82me subscribed at Tier 1.
[2022-12-25 14:51:16] [Notification] mitchbones subscribed at Tier 1.
[2022-12-25 14:52:07] [Notification] casualmit subscribed at Tier 1.
[2022-12-25 14:54:15] [Notification] Swageez subscribed with Prime.
[2022-12-25 14:54:18] [Notification] Tyrfing15 subscribed at Tier 1.
[2022-12-25 14:58:55] [Notification] yurkentv subscribed at Tier 1.
[2022-12-25 15:18:40] [Notification] looki414 subscribed with Prime.
[2022-12-25 15:28:12] [Notification] shadowhun1r subscribed with Prime. They've subscribed for 15 months!
[2022-12-25 15:40:56] [Notification] Techkc subscribed with Prime.
[2022-12-25 16:09:08] <%BlueHawk_Down> !ui
[2022-12-25 16:09:08] <@%^StreamElements> NaowhUI is available on Patreon (www.patreon.com/naowh) or thru Twitch Prime/Normal sub. After you sub, go to Discord: https://discord.gg/naowh, connect your Discord with Patreon/Twitch via settings, then wait 30-60 minutes for it to SYNC.
[2022-12-25 16:24:49] [Notification] rgr14x subscribed at Tier 1.
[2022-12-25 16:35:06] [Notification] Llawis subscribed with Prime.
[2022-12-25 17:11:50] [Notification] 빅포우 subscribed at Tier 1.
[2022-12-25 17:16:54] <%+Flipeled> !ui
[2022-12-25 17:16:54] <@%^StreamElements> NaowhUI is available on Patreon (www.patreon.com/naowh) or thru Twitch Prime/Normal sub. After you sub, go to Discord: https://discord.gg/naowh, connect your Discord with Patreon/Twitch via settings, then wait 30-60 minutes for it to SYNC.
[2022-12-25 17:19:29] <%Dalarus> !professions
[2022-12-25 17:19:32] <%Dalarus> !profession
[2022-12-25 17:19:41] <%Dalarus> !crafting
[2022-12-25 17:23:05] [Notification] mikewow1 subscribed at Tier 1.
[2022-12-25 17:33:22] [Notification] defnienz subscribed at Tier 1.
[2022-12-25 17:34:14] <%+defnienz> !ui
[2022-12-25 17:34:14] <@%^StreamElements> NaowhUI is available on Patreon (www.patreon.com/naowh) or thru Twitch Prime/Normal sub. After you sub, go to Discord: https://discord.gg/naowh, connect your Discord with Patreon/Twitch via settings, then wait 30-60 minutes for it to SYNC.
[2022-12-25 17:36:06] [Notification] DesertfoxOG subscribed at Tier 1.
[2022-12-25 17:43:40] [Notification] TaipanStalker subscribed with Prime.
[2022-12-25 17:51:34] [Notification] haides1111 subscribed with Prime.
[2022-12-25 17:52:26] [Usernotice] haides1111 converted from a Prime sub to a Tier 1 sub!
[2022-12-25 17:59:10] <Akillien> !ui
[2022-12-25 17:59:10] <@%^StreamElements> NaowhUI is available on Patreon (www.patreon.com/naowh) or thru Twitch Prime/Normal sub. After you sub, go to Discord: https://discord.gg/naowh, connect your Discord with Patreon/Twitch via settings, then wait 30-60 minutes for it to SYNC.
[2022-12-25 17:59:18] [Notification] Akillien subscribed with Prime.
[2022-12-25 18:09:20] [Notification] maplemaplestory subscribed at Tier 1.
[2022-12-25 18:13:36] [Notification] Xampy subscribed at Tier 1.
[2022-12-25 18:13:42] [Notification] getgnomedon subscribed with Prime.
[2022-12-25 18:15:57] [Notification] Basics01 subscribed with Prime.
[2022-12-25 18:53:07] [Notification] foxybadger2802 subscribed at Tier 1.
[2022-12-25 19:02:28] [Notification] papaslays1 subscribed at Tier 1.
[2022-12-25 19:02:31] [Notification] 阿楷123 subscribed at Tier 1.
[2022-12-25 19:04:13] <+xplitetv> !ui
[2022-12-25 19:04:13] <@%^StreamElements> NaowhUI is available on Patreon (www.patreon.com/naowh) or thru Twitch Prime/Normal sub. After you sub, go to Discord: https://discord.gg/naowh, connect your Discord with Patreon/Twitch via settings, then wait 30-60 minutes for it to SYNC.
[2022-12-25 19:10:06] <%+SuckerForPa1n> !prof
[2022-12-25 19:10:07] <@%^StreamElements> https://docs.google.com/spreadsheets/d/1bth13pxoGyI8Vckxd_uJG-WwtO11gexTgXnVFj5mtxM/edit?usp=sharing
[2022-12-25 19:46:25] [Notification] nuyya subscribed with Prime.
[2022-12-25 19:49:31] [Notification] Rilko subscribed at Tier 1.
[2022-12-25 19:50:05] <%Krenz1er> !Patreon
[2022-12-25 19:50:05] <@%^StreamElements> You can now support Naowh through Patreon: https://patreon.com/naowh Gain access to NaowhUI Installer and profiles, Mythic+ routes, Talent Builds and much more. Connect your Patreon with Discord wait for it to SYNC and gain access to unique channels.
[2022-12-25 20:08:33] [Notification] DixxyDix subscribed at Tier 1.
[2022-12-25 20:16:06] [Notification] wimpfimble subscribed at Tier 1.
[2022-12-25 20:44:50] [Notification] Haldail subscribed at Tier 1.
[2022-12-25 20:45:17] [Notification] askrad1338 gifted a Tier 1 sub to kep4ick! They have given 2 Gift Subs in the channel!
[2022-12-25 20:51:13] [Notification] mint_tex subscribed with Prime.
[2022-12-25 21:15:30] [Notification] Crylow subscribed with Prime.
[2022-12-25 21:18:00] [Notification] thorvald_hrafn subscribed with Prime.
[2022-12-25 21:30:04] <%Akumi1> !rares
[2022-12-25 21:30:04] <@%^StreamElements> https://wago.io/9o2DUdr9t
[2022-12-25 21:35:30] [Notification] nsjvy subscribed at Tier 1.
[2022-12-25 21:41:59] [Notification] ReymitSub gifted a Tier 1 sub to gladiatorzed! They have given 32 Gift Subs in the channel! gladiatorzed has subscribed for 2 months!
[2022-12-25 21:43:00] [Notification] PurpSkurpX subscribed with Prime.
[2022-12-25 21:52:35] [Usernotice] goldenpals is continuing the Gift Sub they got from an anonymous user!
[2022-12-25 21:55:20] [Notification] SergioThreepwood subscribed with Prime.
[2022-12-25 21:57:39] [Notification] axomiuma subscribed with Prime.
[2022-12-25 22:03:45] [Notification] Tipsy subscribed at Tier 1.
[2022-12-25 22:05:13] <+xGhato> !ui
[2022-12-25 22:05:13] <@%^StreamElements> NaowhUI is available on Patreon (www.patreon.com/naowh) or thru Twitch Prime/Normal sub. After you sub, go to Discord: https://discord.gg/naowh, connect your Discord with Patreon/Twitch via settings, then wait 30-60 minutes for it to SYNC.
[2022-12-25 22:06:26] [Notification] xGhato subscribed with Prime.
[2022-12-25 22:07:12] [Notification] 1mpulseYL subscribed at Tier 1. They've subscribed for 3 months!
[2022-12-25 22:23:00] [Notification] AspharX subscribed with Prime.
[2022-12-25 22:36:35] [Notification] sofamx subscribed at Tier 1.
[2022-12-25 22:37:19] [Notification] nawrwas subscribed with Prime.
[2022-12-25 22:41:47] Disconnected
[2022-12-25 22:41:47] Attempting to reconnect in 1 seconds.. (1/∞)
[2022-12-25 22:41:48] Connecting to
[2022-12-25 22:42:32] Joining #naowh..
[2022-12-25 22:42:33] You have joined #naowh
[2022-12-25 22:47:03] [Notification] grimmakyr subscribed at Tier 1.
[2022-12-25 22:51:32] [Notification] sinus1000 subscribed at Tier 1.
[2022-12-25 22:54:18] [Notification] pyro_dh subscribed with Prime.
[2022-12-25 23:01:05] [Notification] zwesil subscribed at Tier 1.
[2022-12-25 23:10:57] <+OnltBraydonL> !ui
[2022-12-25 23:10:58] <@%^StreamElements> NaowhUI is available on Patreon (www.patreon.com/naowh) or thru Twitch Prime/Normal sub. After you sub, go to Discord: https://discord.gg/naowh, connect your Discord with Patreon/Twitch via settings, then wait 30-60 minutes for it to SYNC.
[2022-12-25 23:19:24] <+rozin> !ui
[2022-12-25 23:19:24] <@%^StreamElements> NaowhUI is available on Patreon (www.patreon.com/naowh) or thru Twitch Prime/Normal sub. After you sub, go to Discord: https://discord.gg/naowh, connect your Discord with Patreon/Twitch via settings, then wait 30-60 minutes for it to SYNC.
[2022-12-25 23:19:35] [Notification] rozin subscribed with Prime.
[2022-12-25 23:22:31] [Notification] jvincent68 subscribed at Tier 1.
[2022-12-25 23:26:00] [Notification] macaco89 subscribed at Tier 1.
[2022-12-25 23:27:26] <%+jvincent68> !ui
[2022-12-25 23:27:26] <@%^StreamElements> NaowhUI is available on Patreon (www.patreon.com/naowh) or thru Twitch Prime/Normal sub. After you sub, go to Discord: https://discord.gg/naowh, connect your Discord with Patreon/Twitch via settings, then wait 30-60 minutes for it to SYNC.
[2022-12-25 23:35:59] [Notification] YannisBaws subscribed with Prime.
[2022-12-25 23:54:25] [Notification] Takkizu subscribed at Tier 1.
