# Log started: 2022-12-27 00:29:46 +0100
[2022-12-27 00:29:46] ~Stream offline~
[2022-12-27 00:29:46] Joining #prod..
[2022-12-27 00:29:46] You have joined #prod
[2022-12-27 00:54:17] <asian_waters> !sens
[2022-12-27 00:54:17] <@^Nightbot> asian_waters ,  0.5 800 DPI, 1.1 SCOPED
[2022-12-27 01:08:33] <papych4n> !sens
[2022-12-27 01:08:33] <@^Nightbot> papych4n ,  0.5 800 DPI, 1.1 SCOPED
[2022-12-27 01:08:40] <papych4n> !crosshair
[2022-12-27 01:08:40] <@^Nightbot> 0;c;1;s;1;P;c;8;u;006FFFFF;b;1;f;0;0l;4;0v;3;0g;1;0o;1;0a;1;0f;0;1b;0;S;b;1;c;8;t;006FFFFF
[2022-12-27 01:08:43] <papych4n> !res
[2022-12-27 01:08:43] <@^Nightbot> 1920x1080
[2022-12-27 02:02:43] <ajmen_> !sens
[2022-12-27 02:02:43] <@^Nightbot> ajmen_ ,  0.5 800 DPI, 1.1 SCOPED
[2022-12-27 02:49:42] <+Ubercrossbw> !sens
[2022-12-27 02:49:42] <@^Nightbot> Ubercrossbw ,  0.5 800 DPI, 1.1 SCOPED
[2022-12-27 03:50:17] <+bambitn> !mouse
[2022-12-27 03:50:17] <@^Nightbot> gpro wireless **not superlight edition
[2022-12-27 04:16:05] <implifiy> !crosshair
[2022-12-27 04:16:06] <@^Nightbot> 0;c;1;s;1;P;c;8;u;006FFFFF;b;1;f;0;0l;4;0v;3;0g;1;0o;1;0a;1;0f;0;1b;0;S;b;1;c;8;t;006FFFFF
[2022-12-27 04:21:35] <notprofs> !song
[2022-12-27 04:21:35] <@^Nightbot> here's the extension to find out what song is playing!! prodvalNice https://chrome.google.com/webstore/detail/aha-music-song-finder-for/dpacanjfikmhoddligfbehkpomnbgblf?hl=en
[2022-12-27 04:21:35] <@^StreamElements> @notprofs failed to get the current song.
[2022-12-27 04:21:40] <notprofs> !christmas
[2022-12-27 04:22:10] <aztec_b> Hmm
[2022-12-27 04:57:15] <+xRTK_> !sens
[2022-12-27 04:57:15] <@^Nightbot> xRTK_ ,  0.5 800 DPI, 1.1 SCOPED
[2022-12-27 04:57:36] <zzzemp> !rank
[2022-12-27 04:57:43] <@^Nightbot> @zzzemp PROD is Ascendant 3 (85 RR)
[2022-12-27 05:00:36] <zzzemp> !sens
[2022-12-27 05:00:37] <@^Nightbot> zzzemp ,  0.5 800 DPI, 1.1 SCOPED
[2022-12-27 05:36:54] <6mez> !playlist
[2022-12-27 05:36:55] <@^Nightbot> Try: !playlist1, !playlist2, or !playlist3
[2022-12-27 05:37:01] <6mez> !playlist1
[2022-12-27 05:37:02] <@^Nightbot> https://open.spotify.com/playlist/7rcRkTZsVif6ToNMj919It?si=cdde78c8e9e747da
[2022-12-27 05:38:11] <6mez> !playlist2
[2022-12-27 05:38:11] <@^Nightbot> https://open.spotify.com/playlist/0nhC9LBp2gbKFyv3ZyZinS?si=eb1264e75a2e489f
[2022-12-27 05:38:34] <6mez> !playlist3
[2022-12-27 05:38:35] <@^Nightbot> https://open.spotify.com/playlist/5t7t52JLzhI14klfz3lZMJ?si=7864e8ccf1ad4912
[2022-12-27 05:48:31] <AxityVal> !sens
[2022-12-27 05:48:31] <@^Nightbot> AxityVal ,  0.5 800 DPI, 1.1 SCOPED
[2022-12-27 06:13:26] <irvanhansen> !sens
[2022-12-27 06:13:26] <@^Nightbot> irvanhansen ,  0.5 800 DPI, 1.1 SCOPED
[2022-12-27 06:13:44] <irvanhansen> !mousepad
[2022-12-27 06:13:44] <@^Nightbot> irvanhansen, Zowie GSR-SE
[2022-12-27 06:19:53] <mrrice4321> !crosshair
[2022-12-27 06:19:53] <@^Nightbot> 0;c;1;s;1;P;c;8;u;006FFFFF;b;1;f;0;0l;4;0v;3;0g;1;0o;1;0a;1;0f;0;1b;0;S;b;1;c;8;t;006FFFFF
[2022-12-27 06:23:35] <autumnweatherr> !tracker
[2022-12-27 07:46:57] <GamerIsBee> !sens
[2022-12-27 07:46:57] <@^Nightbot> GamerIsBee ,  0.5 800 DPI, 1.1 SCOPED
[2022-12-27 07:58:16] <lulolnv> !stings
[2022-12-27 07:58:32] <lulolnv> !sens
[2022-12-27 07:58:32] <@^Nightbot> lulolnv ,  0.5 800 DPI, 1.1 SCOPED
[2022-12-27 08:00:17] <lulolnv> !settings
[2022-12-27 08:00:17] <@^Nightbot> https://clips.twitch.tv/CloudyGloriousWallabyHumbleLife-vYKYNxGDGvz7AnOf
[2022-12-27 08:01:24] <hypergravity825> !playlist
[2022-12-27 08:01:25] <@^Nightbot> Try: !playlist1, !playlist2, or !playlist3
[2022-12-27 08:01:29] <hypergravity825> !playlist1
[2022-12-27 08:01:29] <@^Nightbot> https://open.spotify.com/playlist/7rcRkTZsVif6ToNMj919It?si=cdde78c8e9e747da
[2022-12-27 08:10:15] <BOPAVELLI> !sens
[2022-12-27 08:10:15] <@^Nightbot> BOPAVELLI ,  0.5 800 DPI, 1.1 SCOPED
[2022-12-27 09:53:06] <Mikefrag> !crosshair
[2022-12-27 09:53:07] <@^Nightbot> 0;c;1;s;1;P;c;8;u;006FFFFF;b;1;f;0;0l;4;0v;3;0g;1;0o;1;0a;1;0f;0;1b;0;S;b;1;c;8;t;006FFFFF
[2022-12-27 09:53:08] <Mikefrag> !sens
[2022-12-27 09:53:08] <@^Nightbot> Mikefrag ,  0.5 800 DPI, 1.1 SCOPED
[2022-12-27 09:53:12] <Mikefrag> !settings
[2022-12-27 09:53:12] <@^Nightbot> https://clips.twitch.tv/CloudyGloriousWallabyHumbleLife-vYKYNxGDGvz7AnOf
[2022-12-27 10:23:35] <exsmeme> !spotify'
[2022-12-27 10:23:41] <exsmeme> !spotify
[2022-12-27 10:23:41] <@^Nightbot> https://open.spotify.com/playlist/7rcRkTZsVif6ToNMj919It?si=cdde78c8e9e747da
[2022-12-27 10:24:10] <+escanor1st> !sens
[2022-12-27 10:24:11] <@^Nightbot> escanor1st ,  0.5 800 DPI, 1.1 SCOPED
[2022-12-27 10:24:15] <+escanor1st> !crosshair
[2022-12-27 10:24:15] <@^Nightbot> 0;c;1;s;1;P;c;8;u;006FFFFF;b;1;f;0;0l;4;0v;3;0g;1;0o;1;0a;1;0f;0;1b;0;S;b;1;c;8;t;006FFFFF
[2022-12-27 10:24:23] <+escanor1st> !settings
[2022-12-27 10:24:23] <@^Nightbot> https://clips.twitch.tv/CloudyGloriousWallabyHumbleLife-vYKYNxGDGvz7AnOf
[2022-12-27 10:25:04] <Firox_Flavio> !sens
[2022-12-27 10:25:04] <@^Nightbot> Firox_Flavio ,  0.5 800 DPI, 1.1 SCOPED
[2022-12-27 10:28:30] <a16z7> !sens
[2022-12-27 10:28:30] <@^Nightbot> a16z7 ,  0.5 800 DPI, 1.1 SCOPED
[2022-12-27 10:51:19] <pihivjuho> !discord
[2022-12-27 10:51:19] <@^Nightbot> @pihivjuho, join the discord here! -> https://discord.gg/prod
[2022-12-27 11:02:20] <solllz> !Res
[2022-12-27 11:02:20] <@^Nightbot> 1920x1080
[2022-12-27 11:02:22] <solllz> !crosshair
[2022-12-27 11:02:22] <@^Nightbot> 0;c;1;s;1;P;c;8;u;006FFFFF;b;1;f;0;0l;4;0v;3;0g;1;0o;1;0a;1;0f;0;1b;0;S;b;1;c;8;t;006FFFFF
[2022-12-27 11:07:58] <tonue> !sens
[2022-12-27 11:07:58] <@^Nightbot> tonue ,  0.5 800 DPI, 1.1 SCOPED
[2022-12-27 11:34:54] <yuhKennyy> !rank
[2022-12-27 11:34:58] <@^Nightbot> @yuhKennyy PROD is Ascendant 3 (85 RR)
[2022-12-27 11:35:05] <yuhKennyy> !sens
[2022-12-27 11:35:05] <@^Nightbot> yuhKennyy ,  0.5 800 DPI, 1.1 SCOPED
[2022-12-27 12:03:08] <jAAnn1ss> !watchtime
[2022-12-27 12:03:08] <@^StreamElements> jAAnn1ss has spent  2 days 19 hours watching prod
[2022-12-27 12:26:26] <PagManEnjoyer69> !crosshai
[2022-12-27 12:26:29] <PagManEnjoyer69> !crosshair
[2022-12-27 12:26:29] <@^Nightbot> 0;c;1;s;1;P;c;8;u;006FFFFF;b;1;f;0;0l;4;0v;3;0g;1;0o;1;0a;1;0f;0;1b;0;S;b;1;c;8;t;006FFFFF
[2022-12-27 12:53:13] <mrrice4321> !crosshair
[2022-12-27 12:53:13] <@^Nightbot> 0;c;1;s;1;P;c;8;u;006FFFFF;b;1;f;0;0l;4;0v;3;0g;1;0o;1;0a;1;0f;0;1b;0;S;b;1;c;8;t;006FFFFF
[2022-12-27 13:23:26] <MalteKEKW> !watchtime
[2022-12-27 13:23:26] <@^StreamElements> MalteKEKW has spent  4 hours 30 mins watching prod
[2022-12-27 13:34:43] <grruuee> !crosshair
[2022-12-27 13:34:43] <@^Nightbot> 0;c;1;s;1;P;c;8;u;006FFFFF;b;1;f;0;0l;4;0v;3;0g;1;0o;1;0a;1;0f;0;1b;0;S;b;1;c;8;t;006FFFFF
[2022-12-27 13:35:34] <grruuee> !crosshairs
[2022-12-27 13:35:34] <@^Nightbot> Prod's crosshairs - https://clips.twitch.tv/DependableFaintElkHassaanChop-5cpfxhNwu8cvFYTi
[2022-12-27 14:07:05] <+jvnya00> !playlist
[2022-12-27 14:07:05] <@^Nightbot> Try: !playlist1, !playlist2, or !playlist3
[2022-12-27 14:07:11] <+jvnya00> !playlist1
[2022-12-27 14:07:11] <@^Nightbot> https://open.spotify.com/playlist/7rcRkTZsVif6ToNMj919It?si=cdde78c8e9e747da
[2022-12-27 14:08:02] <+jvnya00> !playlist2
[2022-12-27 14:08:02] <@^Nightbot> https://open.spotify.com/playlist/0nhC9LBp2gbKFyv3ZyZinS?si=eb1264e75a2e489f
[2022-12-27 14:08:40] <+jvnya00> !playlist3
[2022-12-27 14:08:40] <@^Nightbot> https://open.spotify.com/playlist/5t7t52JLzhI14klfz3lZMJ?si=7864e8ccf1ad4912
[2022-12-27 14:28:25] <m0yafn> !sens
[2022-12-27 14:28:25] <@^Nightbot> m0yafn ,  0.5 800 DPI, 1.1 SCOPED
[2022-12-27 14:28:36] <m0yafn> !setting
[2022-12-27 14:56:57] <karefone> !sens
[2022-12-27 14:56:57] <@^Nightbot> karefone ,  0.5 800 DPI, 1.1 SCOPED
[2022-12-27 15:29:18] <aleksaace1> !playlist2
[2022-12-27 15:29:18] <@^Nightbot> https://open.spotify.com/playlist/0nhC9LBp2gbKFyv3ZyZinS?si=eb1264e75a2e489f
[2022-12-27 15:30:06] <aleksaace1> !playlist3
[2022-12-27 15:30:06] <@^Nightbot> https://open.spotify.com/playlist/5t7t52JLzhI14klfz3lZMJ?si=7864e8ccf1ad4912
[2022-12-27 15:39:58] <lilprayss> !sens
[2022-12-27 15:39:58] <@^Nightbot> lilprayss ,  0.5 800 DPI, 1.1 SCOPED
[2022-12-27 15:54:10] <Vaeretta> !sens
[2022-12-27 15:54:10] <@^Nightbot> Vaeretta ,  0.5 800 DPI, 1.1 SCOPED
[2022-12-27 17:51:41] <lulolnv> !settings
[2022-12-27 17:51:41] <@^Nightbot> https://clips.twitch.tv/CloudyGloriousWallabyHumbleLife-vYKYNxGDGvz7AnOf
[2022-12-27 18:05:35] <jamesprelxb> !playlist
[2022-12-27 18:05:35] <@^Nightbot> Try: !playlist1, !playlist2, or !playlist3
[2022-12-27 18:05:44] <jamesprelxb> !playlist1
[2022-12-27 18:05:44] <@^Nightbot> https://open.spotify.com/playlist/7rcRkTZsVif6ToNMj919It?si=cdde78c8e9e747da
[2022-12-27 18:06:31] <jamesprelxb> !playlist2
[2022-12-27 18:06:31] <@^Nightbot> https://open.spotify.com/playlist/0nhC9LBp2gbKFyv3ZyZinS?si=eb1264e75a2e489f
[2022-12-27 18:06:55] <jamesprelxb> !playlist3
[2022-12-27 18:06:55] <@^Nightbot> https://open.spotify.com/playlist/5t7t52JLzhI14klfz3lZMJ?si=7864e8ccf1ad4912
[2022-12-27 18:18:52] <bbnopepe> !sens
[2022-12-27 18:18:52] <@^Nightbot> bbnopepe ,  0.5 800 DPI, 1.1 SCOPED
[2022-12-27 18:23:20] <rerz_> Yo anyone in chat
[2022-12-27 18:23:42] <rerz_> Yo chatters
[2022-12-27 18:23:54] <rerz_> @prod
[2022-12-27 18:29:03] <KaanCorpse> yoo
[2022-12-27 18:30:55] <xdysieqx> !crosshair
[2022-12-27 18:30:55] <@^Nightbot> 0;c;1;s;1;P;c;8;u;006FFFFF;b;1;f;0;0l;4;0v;3;0g;1;0o;1;0a;1;0f;0;1b;0;S;b;1;c;8;t;006FFFFF
[2022-12-27 18:31:43] <xdysieqx> !sens
[2022-12-27 18:31:44] <@^Nightbot> xdysieqx ,  0.5 800 DPI, 1.1 SCOPED
[2022-12-27 18:44:50] <bananaaaaa99> !CROSSHAIR
[2022-12-27 18:44:50] <@^Nightbot> 0;c;1;s;1;P;c;8;u;006FFFFF;b;1;f;0;0l;4;0v;3;0g;1;0o;1;0a;1;0f;0;1b;0;S;b;1;c;8;t;006FFFFF
[2022-12-27 18:47:57] <mugichaaaaaaaa> !sens
[2022-12-27 18:47:57] <@^Nightbot> mugichaaaaaaaa ,  0.5 800 DPI, 1.1 SCOPED
[2022-12-27 18:48:28] <mugichaaaaaaaa> !coms
[2022-12-27 18:48:28] <@^Nightbot> @mugichaaaaaaaa -> The bot commands for this channel are available at https://nightbot.tv/t/prod/commands
[2022-12-27 19:40:54] <realiseo> !sens
[2022-12-27 19:40:54] <@^Nightbot> realiseo ,  0.5 800 DPI, 1.1 SCOPED
[2022-12-27 20:02:45] <brijraval69> !playlist
[2022-12-27 20:02:45] <@^Nightbot> Try: !playlist1, !playlist2, or !playlist3
[2022-12-27 20:03:01] <brijraval69> !playlist1
[2022-12-27 20:03:01] <@^Nightbot> https://open.spotify.com/playlist/7rcRkTZsVif6ToNMj919It?si=cdde78c8e9e747da
[2022-12-27 20:10:48] <MongraalMx> !sens
[2022-12-27 20:10:48] <@^Nightbot> MongraalMx ,  0.5 800 DPI, 1.1 SCOPED
[2022-12-27 20:10:51] <MongraalMx> !settings
[2022-12-27 20:10:51] <@^Nightbot> https://clips.twitch.tv/CloudyGloriousWallabyHumbleLife-vYKYNxGDGvz7AnOf
[2022-12-27 20:10:54] <MongraalMx> !crosshair
[2022-12-27 20:10:54] <@^Nightbot> 0;c;1;s;1;P;c;8;u;006FFFFF;b;1;f;0;0l;4;0v;3;0g;1;0o;1;0a;1;0f;0;1b;0;S;b;1;c;8;t;006FFFFF
[2022-12-27 20:33:15] <Redeside> !sens
[2022-12-27 20:33:16] <@^Nightbot> Redeside ,  0.5 800 DPI, 1.1 SCOPED
[2022-12-27 20:33:18] <Redeside> !settings
[2022-12-27 20:33:18] <@^Nightbot> https://clips.twitch.tv/CloudyGloriousWallabyHumbleLife-vYKYNxGDGvz7AnOf
[2022-12-27 21:35:08] <+keepeerrtv> !sens
[2022-12-27 21:35:08] <@^Nightbot> keepeerrtv ,  0.5 800 DPI, 1.1 SCOPED
