# Log started: 2022-12-26 06:20:26 +0100
[2022-12-26 06:20:26] <@^StreamElements> clauvio is now live! Streaming Just Chatting: the last little bit of christmas!
[2022-12-26 06:20:32] <@WizeBot>* ✔️ LIVE ONLINE under the game Just Chatting, the uptime begin.
[2022-12-26 06:20:41] [Points] Namington2D redeemed FIRST (1)
[2022-12-26 06:20:49] <%godot_was_here> it's a movie AND a stream
[2022-12-26 06:20:51] <%godot_was_here> who knew
[2022-12-26 06:20:52] <%SnackoRacko> snacko1Dancing clauviSway
[2022-12-26 06:20:53] <%+normalplant> swirldBoogie
[2022-12-26 06:20:56] <+beneej_spoor> !llurk
[2022-12-26 06:20:57] <%Maenos_> clauviWiggly
[2022-12-26 06:21:05] <%MaddyCaddy> Merry Christmas, Mouse. clauviSway
[2022-12-26 06:21:16] <%jimmy_mapp> clauviSway clauviSway clauviSway clauviPog
[2022-12-26 06:21:30] <PrussianBot_> Shoutout to my Woozyheads
[2022-12-26 06:21:39] <%Hederbomb> clauviSway Merry Chrimbo clauvio
[2022-12-26 06:21:40] <FakeKraid> Merry Christmas Clauvi! erosPat
[2022-12-26 06:21:44] <luckyrandumize> jenjen6Bop  hot drinks jenjen6Bop
[2022-12-26 06:21:48] <%GREEDRA> clauviSway clauviHeadpat
[2022-12-26 06:21:51] <%TopHatDino> clauviSway clauviSway
[2022-12-26 06:21:56] <@%justcerebro> clauviSway clauviSway clauviSway
[2022-12-26 06:21:59] VIEWERS: 27
[2022-12-26 06:21:59] ~the last little bit of christmas! (Just Chatting)~
[2022-12-26 06:22:05] <@%justcerebro> hi oomfies
[2022-12-26 06:22:14] <papercompass> maroonyDance
[2022-12-26 06:22:26] <@%KafroHudrep> clauviWoozy
[2022-12-26 06:22:38] <%anokayguy343the2nd> clauviThumbsup clauviThumbsup clauviThumbsup clauviThumbsup clauviThumbsup clauviThumbsup clauviThumbsup clauviThumbsup
[2022-12-26 06:22:49] <%Paint2D> clauviSway clauviSway clauviSway clauviSway
[2022-12-26 06:22:57] <PityBurger> The Wendy's hot drinks song slaps
[2022-12-26 06:23:12] [Notification] AstroSango subscribed at Tier 1. They've subscribed for 6 months, currently on a 6 month streak! [clauviPog six clauviPog pogs clauviPog for clauviPog six clauviPog months clauviPog]
[2022-12-26 06:23:12] <@WizeBot>* ⭐️ RE-SUB ⭐️ AstroSango (+1) ⭐️
[2022-12-26 06:23:28] <%bazooooooooo> clauviPog clauviPog clauviPog clauviPog clauviPog clauviPog
[2022-12-26 06:23:59] VIEWERS: 27
[2022-12-26 06:24:18] <%anokayguy343the2nd> clauviPog clauviPog clauviPog clauviPog
[2022-12-26 06:24:47] <%berynn> clauviPog clauviPog clauviPog
[2022-12-26 06:25:00] [Notification] BearEatSalmon subscribed at Tier 1. They've subscribed for 8 months! It's a 6-month gift! [clauviPog clauviPog clauviPog clauviPog clauviPog]
[2022-12-26 06:25:00] <@WizeBot>* ⭐️ RE-SUB ⭐️ BearEatSalmon (+2) ⭐️
[2022-12-26 06:25:23] <%Paint2D> clauviWoozy big woozy enjoyer clauviWoozy
[2022-12-26 06:25:33] [Announcement] <WizeBot> ( ´ ▽ ` )ﾉ reminder that i have a twitter! https://twitter.com/clauviou and a discord! https://discord.gg/j34SYA9Ncp
[2022-12-26 06:25:35] <%TopHatDino> clauviPog clauviPog clauviPog clauviPog
[2022-12-26 06:25:59] VIEWERS: 27
[2022-12-26 06:26:06] <%Mattlava> post movie stream clauviPog clauviPog
[2022-12-26 06:26:14] <%Serene_48> clauviSway clauviWiggly clauviSway clauviWiggly clauviSway clauviWiggly clauviSway clauviWiggly
[2022-12-26 06:26:43] [Notification] Serene_48 subscribed at Tier 1. They've subscribed for 14 months! [clauviWiggly]
[2022-12-26 06:26:44] <@WizeBot>* ⭐️ RE-SUB ⭐️ Serene_48 (+3) ⭐️
[2022-12-26 06:26:57] <%AstroSango> clauviWoozy woozypilled
[2022-12-26 06:27:24] <@WizeBot> anonymous feedback form! let me know anything you might be thinking. https://tinyurl.com/clauvio
[2022-12-26 06:27:40] <%Ruisuyan> clauviWiggly clauviWiggly clauviWiggly
[2022-12-26 06:27:51] <%Maenos_> clauviSway clauviSway clauviSway
[2022-12-26 06:27:52] <%Yimes__> 2nd christmas stream clauviPog clauviPog clauviPog
[2022-12-26 06:27:59] VIEWERS: 42
[2022-12-26 06:28:15] <arrol_belmuut> clauviWoozy
[2022-12-26 06:28:41] [Usernotice] Husbando_Kun is gifting 2 Tier 1 Subs to clauvio's community! They've gifted a total of 8 in the channel!
[2022-12-26 06:28:42] <@WizeBot>* ⭐️ Husbando_Kun ⭐️ just offered 2 subscriptions to the community!
[2022-12-26 06:28:42] [Notification] Husbando_Kun gifted a Tier 1 sub to cookienut274!
[2022-12-26 06:28:42] [Notification] Husbando_Kun gifted a Tier 1 sub to Perrin_UI!
[2022-12-26 06:28:43] <%Paint2D> comdosWoozy cvnkaWoozy moccaWoozy gokideWoozy clauviWoozy I am now a woozy collector
[2022-12-26 06:28:55] <%not_shinobu> hannahWiggle clauviSway
[2022-12-26 06:29:00] <%Serene_48> clauviPog Husbando
[2022-12-26 06:29:51] <NextTime000> hot drinks, really get me going
[2022-12-26 06:29:53] <@%justcerebro> hi hi
[2022-12-26 06:29:54] <NextTime000> oh cute
[2022-12-26 06:29:56] <%bazooooooooo> clauviPog
[2022-12-26 06:29:57] <%anokayguy343the2nd> MERRY CLAUVIMAS
[2022-12-26 06:29:59] VIEWERS: 42
[2022-12-26 06:30:00] [Points] supermariogravyboat redeemed milk offering (100)
[2022-12-26 06:30:02] <%Ruisuyan> merry christmas season 2 clauviCookie
[2022-12-26 06:30:05] <%Maenos_> merr crims
[2022-12-26 06:30:05] <papercompass> Merr Chrimbus
[2022-12-26 06:30:08] <@%KafroHudrep> clauviLurk
[2022-12-26 06:30:10] <luckyrandumize> merry crimis again clauviWAH
[2022-12-26 06:30:10] <%Husbando_Kun> hey christmas mouse clauviWave
[2022-12-26 06:30:11] <%Serene_48> Merry Mousemas everyone
[2022-12-26 06:30:14] <thomas2uentin> Merry merry!
[2022-12-26 06:30:15] <%supermariogravyboat> Merry Christmas
[2022-12-26 06:30:19] <%AstroSango> meri kurisu-mouse
[2022-12-26 06:30:23] <%+normalplant> happy clauvidays
[2022-12-26 06:30:29] <%anokayguy343the2nd> merry hot drinks mas
[2022-12-26 06:30:33] <%half__awake> mearyry christmas clauvio, hope you havin a good onme!  sugoiKute
[2022-12-26 06:30:34] [Announcement] <WizeBot> ( ´ ▽ ` )ﾉ reminder that i have a twitter! https://twitter.com/clauviou and a discord! https://discord.gg/j34SYA9Ncp
[2022-12-26 06:30:37] <arrol_belmuut> Meli Kuri
[2022-12-26 06:30:41] <thomas2uentin> It was good! How was yours?
[2022-12-26 06:30:48] <@%KafroHudrep> uh i watched a movie about the guy from family matters
[2022-12-26 06:30:52] <%CyOrion> Hey, Clauvio! Die Hard was fun! Thanks for doing that!
[2022-12-26 06:31:00] <%Ruisuyan> clauviThumbsup
[2022-12-26 06:31:02] <%Husbando_Kun> it's winding down over here
[2022-12-26 06:31:03] <@%KafroHudrep> are we playing Die Hard for the NES tonight
[2022-12-26 06:31:25] <%Snowytales> clauviWave
[2022-12-26 06:31:33] <~%clauvio> !marshmallow
[2022-12-26 06:31:33] <@^Nightbot> https://marshmallow-qa.com/clauviou
[2022-12-26 06:31:34] <%SnackoRacko> powerful mouse
[2022-12-26 06:31:35] <%Serene_48> It was a fun watchalong
[2022-12-26 06:31:59] <%Maenos_> I generally can't catch streams due to work but yay for being off this week
[2022-12-26 06:31:59] VIEWERS: 57
[2022-12-26 06:32:00] <%ABC_itsSpyro123> Hello clauvio, I hope you are well on this day and enjoy eating marshmellows. Merry ccchristmaouse
[2022-12-26 06:32:08] <thomas2uentin> Short 5 hour stream
[2022-12-26 06:32:16] <%anokayguy343the2nd> 24 hour stream let's goooo
[2022-12-26 06:32:21] <%$MondayCh> clauvi merry christmas!!!!
[2022-12-26 06:32:24] <%$MondayCh> I mean happy game of the year
[2022-12-26 06:32:25] <luckyrandumize> sleepy heads can have another clauvio stream, as a snack
[2022-12-26 06:32:35] <%+dragonrealms24> Hello christmas mouse! clauviLove
[2022-12-26 06:32:38] <%AstroSango> clauviComfy
[2022-12-26 06:32:47] <%bazooooooooo> clauviWave HB
[2022-12-26 06:32:47] <%SnackoRacko> HAPPY BIRFMAS LILLY!
[2022-12-26 06:32:49] <%BearEatSalmon> dont put me on the spot...
[2022-12-26 06:32:49] <thomas2uentin> Happy Bday
[2022-12-26 06:32:51] <%CyOrion> HAPPY BIRTHDAY TO LILY!
[2022-12-26 06:32:52] <%Husbando_Kun> HBD Lilly
[2022-12-26 06:32:52] <%Serene_48> Happy Birfday
[2022-12-26 06:32:54] <%ABC_itsSpyro123> Happy birthday lily clauviWoozy
[2022-12-26 06:32:54] <%Maenos_> happy birthday!
[2022-12-26 06:32:54] <@%KafroHudrep> !so BearEatSalmon
[2022-12-26 06:32:55] <@^Nightbot> Please check out our nice pal https://www.twitch.tv/beareatsalmon who was last playing some Retro
[2022-12-26 06:32:56] <%Mattlava> happy birthday lily! clauviPog
[2022-12-26 06:32:56] <%Ruisuyan> happy brrrrtday
[2022-12-26 06:32:57] <Namington2D> happy birthday
[2022-12-26 06:32:58] <%jimmy_mapp> Happy BappY Lilly!
[2022-12-26 06:32:58] <thomas2uentin> tobsDELAMA
[2022-12-26 06:33:03] <%+dragonrealms24> HAPPY CAKE DAY LILLY
[2022-12-26 06:33:04] <papercompass> Happy Birbday \ O /
[2022-12-26 06:33:04] <%Husbando_Kun> clauviPog
[2022-12-26 06:33:06] <%Yimes__> HBD! clauviPog clauviPog clauviPog
[2022-12-26 06:33:07] <arrol_belmuut> clauviWoozy
[2022-12-26 06:33:07] <%Paint2D> happy birthday Lilly clauviPog
[2022-12-26 06:33:07] <@%justcerebro> beareaGAO beareaGAO beareaGAO
[2022-12-26 06:33:15] <%+dragonrealms24> clauviPog
[2022-12-26 06:33:15] <%BearEatSalmon> dotlvlGasp
[2022-12-26 06:33:19] <%nathynek0> HELLLOOOOOOOOOOO
[2022-12-26 06:33:23] <%$MondayCh> YAY HAPPY BDAY LILLYYYY
[2022-12-26 06:33:24] <@%justcerebro> beareaCry
[2022-12-26 06:33:26] <%nathynek0> movie was fun!!! =D
[2022-12-26 06:33:34] <%half__awake> hppy brithdy eat big cake ok sugoiDansuhyper
[2022-12-26 06:33:34] <%MaddyCaddy> clauviPog
[2022-12-26 06:33:36] <@%KafroHudrep> happy birthday lilly we are scaring you off. that's the gift i guess
[2022-12-26 06:33:37] <%nathynek0> HAPPY BDAY AGAIN LILLY
[2022-12-26 06:33:40] <%TopHatDino> clauviPog
[2022-12-26 06:33:47] <luckyrandumize> fuwachLUL
[2022-12-26 06:33:50] <%AstroSango> D: IceCold
[2022-12-26 06:33:53] <%nathynek0> my Bday was a month ago, i cant use it, nuuu
[2022-12-26 06:33:59] <%Paint2D> 2 Hi's twilHappier clauviPog
[2022-12-26 06:33:59] VIEWERS: 70
[2022-12-26 06:34:02] <baconingot> <3 hi Clauvio
[2022-12-26 06:34:06] <%faerhys> hi!
[2022-12-26 06:34:11] <%+generaldank> shizuPadoru shizuPadoru shizuPadoru clauviSway clauviSway clauviSway
[2022-12-26 06:34:14] <%+generaldank> Hi Clauvio
[2022-12-26 06:34:17] <@WizeBot> anonymous feedback form! let me know anything you might be thinking. https://tinyurl.com/clauvio
[2022-12-26 06:34:26] [Notification] namae33 subscribed at Tier 3. They've subscribed for 9 months, currently on a 9 month streak! [clauviWave]
[2022-12-26 06:34:26] <@WizeBot>* ⭐️ RE-SUB ⭐️ namae33 (+6) ⭐️
[2022-12-26 06:34:30] <%Husbando_Kun> I've used up all my energy being with family now I just wanna go home and lay down
[2022-12-26 06:34:34] <@%KafroHudrep> May your suffering be swift, Biffie. fr fr
[2022-12-26 06:34:35] <thomas2uentin> A whole lifetime
[2022-12-26 06:34:46] <luckyrandumize> time flies when youre a dormouse
[2022-12-26 06:35:03] <@%KafroHudrep> clauvio play die hard for the NES. it's a christmas game
[2022-12-26 06:35:03] <thomas2uentin> Good!
[2022-12-26 06:35:12] <baconingot> Hi Clauvio , movie night was fun
[2022-12-26 06:35:17] [Notification] luxcina subscribed with Prime.
[2022-12-26 06:35:17] <%Serene_48> Pretty good, ate lunch with the fam.
[2022-12-26 06:35:17] <@WizeBot>* ⭐️ NEW SUB ⭐️ luxcina (+7) ⭐️
[2022-12-26 06:35:23] <%namae33> clauviComfy
[2022-12-26 06:35:30] <%nathynek0> my fam's already asleep, timezones x3
[2022-12-26 06:35:31] <%+dragonrealms24> Die Hard was really good
[2022-12-26 06:35:33] <%KiriKanbara> Lets gooo Clauvio!!
[2022-12-26 06:35:36] [Announcement] <WizeBot> ( ´ ▽ ` )ﾉ reminder that i have a twitter! https://twitter.com/clauviou and a discord! https://discord.gg/j34SYA9Ncp
[2022-12-26 06:35:38] <PityBurger> as they say, it's not Christmas until Hans Gruber falls from Nakatomi Tower.
[2022-12-26 06:35:44] <%Ruisuyan> there are many die hard games
[2022-12-26 06:35:48] <@%KafroHudrep> it has FORTY TERRORISTS
[2022-12-26 06:35:51] <papercompass> Had roast duck for Christmas dinner
[2022-12-26 06:35:56] <%Husbando_Kun> My family gave me a big bottle of D3 vitamins as a joke
[2022-12-26 06:35:58] <baconingot> My family celebrated it on Christmas Eve
[2022-12-26 06:36:01] Viewerstats (06:21-06:36): avg:45 min:27 max:70 [8/_27+0+0+15+0+15+13+0]
[2022-12-26 06:36:01] VIEWERS: 70
[2022-12-26 06:36:02] <@%KafroHudrep> AND pixelated alan rickman
[2022-12-26 06:36:03] <%Paint2D> there is also one for ps1
[2022-12-26 06:36:18] <%Ruisuyan> i swear i never recognized alan at first
[2022-12-26 06:36:32] <%anokayguy343the2nd> the people who made that die hard ps1 game eventually made Tony hawk
[2022-12-26 06:36:35] <%Ruisuyan> like he had a beard when he was younger
[2022-12-26 06:36:36] <%Burzan> Merry christmas clauviLove
[2022-12-26 06:36:36] <%CyOrion> It is a lot like Metal Gear Solid in some ways.
[2022-12-26 06:36:43] <%bazooooooooo> I LOVE THIS GAME
[2022-12-26 06:36:44] <@%KafroHudrep> woa look at that interface
[2022-12-26 06:36:47] <%Serene_48> PS1 in all its glory
[2022-12-26 06:36:49] <%AstroSango> i have a physical copy of that with me right now
[2022-12-26 06:37:00] <%BearEatSalmon> die hard arcade owns
[2022-12-26 06:37:09] <%bazooooooooo> I had this with Die hard Trilogy on Ps1
[2022-12-26 06:37:12] <%+dragonrealms24> Looks like a 1 to 1 with the movie-
[2022-12-26 06:37:12] <@%KafroHudrep> oh wow this camera looks bad
[2022-12-26 06:37:14] <%bazooooooooo> It's pretty good!
[2022-12-26 06:37:18] <@%KafroHudrep> i don't think this is die hard arcade
[2022-12-26 06:37:19] <%BearEatSalmon> die hard trilogy is okay
[2022-12-26 06:37:20] <%Ruisuyan> its ok
[2022-12-26 06:37:21] <%Paint2D> I played it as a child
[2022-12-26 06:37:31] <@%KafroHudrep> it seems to have voice acting
[2022-12-26 06:37:32] <%AstroSango> the game is okay but it's worth it for the action cheese
[2022-12-26 06:37:33] <%BearEatSalmon> die hard nakatomi plaza is the bad one
[2022-12-26 06:37:33] <%bazooooooooo> It does lol
[2022-12-26 06:37:37] <papercompass> we all love some cheese StinkyCheese
[2022-12-26 06:37:46] <%anokayguy343the2nd> I hope u stream die hard arcade sometime in the future
[2022-12-26 06:37:56] <%CyOrion> What makes Die Hard is the humanness of the protag, but yeah.
[2022-12-26 06:38:04] VIEWERS: 70
[2022-12-26 06:38:34] <%Serene_48> She has been converted laynaUppies
[2022-12-26 06:38:37] <FakeKraid> A career making movie
[2022-12-26 06:38:38] <%BearEatSalmon> the script in that movie is so good
[2022-12-26 06:38:39] <%CyOrion> It is S-tier action movie.
[2022-12-26 06:38:40] <%jimmy_mapp> clauviLove
[2022-12-26 06:38:46] <%nathynek0> its a good movie of its time :D
[2022-12-26 06:38:51] <%MrFoois> merry christmas clauvi! clauviWave
[2022-12-26 06:38:53] <%Mattlava> definitely a classic
[2022-12-26 06:39:01] <%CyOrion> Predator
[2022-12-26 06:39:02] <%Serene_48> Terminator
[2022-12-26 06:39:03] <%BearEatSalmon> predator
[2022-12-26 06:39:05] <%nathynek0> rambo
[2022-12-26 06:39:06] <%MrFoois> predator and aliens
[2022-12-26 06:39:07] <%anokayguy343the2nd> blood sport
[2022-12-26 06:39:08] <FakeKraid> Uhhhhhhh
[2022-12-26 06:39:17] <%anokayguy343the2nd> blood sport is cheesy good
[2022-12-26 06:39:17] <FakeKraid> The 80's were the golden age of action movies
[2022-12-26 06:39:21] <%Mattlava> robocop
[2022-12-26 06:39:30] <%anokayguy343the2nd> wargames
[2022-12-26 06:39:30] <%AstroSango> Terminator, Rambo, Lethal Weapon
[2022-12-26 06:39:31] <%CyOrion> Terminator is half action, half horror
[2022-12-26 06:39:32] <FakeKraid> Almost all the classic action movies are from the 80's
[2022-12-26 06:39:35] <%Husbando_Kun> YOU HAVEN'T SEEN PREDATOR
[2022-12-26 06:39:37] <@%KafroHudrep> i wish i had the mental fortitude to do one-liners while i had glass in my feet
[2022-12-26 06:39:46] <%MrFoois> predator is the most dudes-rock movie of all time
[2022-12-26 06:39:49] <%AstroSango> oh we should watch HEAT
[2022-12-26 06:39:51] <%BearEatSalmon> aliens counts i suppoes
[2022-12-26 06:39:51] <GUY_KAZAMA> macawArnold
[2022-12-26 06:39:53] <%anokayguy343the2nd> ferris bullers day off
[2022-12-26 06:40:04] VIEWERS: 93
[2022-12-26 06:40:11] <%anokayguy343the2nd> dumb and dumber
[2022-12-26 06:40:13] <%Husbando_Kun> I watch my vhs copy of predator so much it broke
[2022-12-26 06:40:28] <%BearEatSalmon> robocop, total recall (cheating bc this is 1990), commando, mad max 2
[2022-12-26 06:40:30] <%Serene_48> Trying to have a conversation to keep his mind off it
[2022-12-26 06:40:33] <%MrFoois> hard boiled is a great movie, actually!
[2022-12-26 06:40:37] [Announcement] <WizeBot> ( ´ ▽ ` )ﾉ reminder that i have a twitter! https://twitter.com/clauviou and a discord! https://discord.gg/j34SYA9Ncp
[2022-12-26 06:40:44] <%ChronoRC> I like lethal weapon too for Christmas
[2022-12-26 06:40:48] <FakeKraid> Commando is the 80's, classic cheesy Aahnold
[2022-12-26 06:40:50] <NeenerWiener> I Have a machine Gun, Ho-Ho-Ho
[2022-12-26 06:40:55] <@%KafroHudrep> it was like a ventilation duct next to the shaft
[2022-12-26 06:41:06] <NeenerWiener> Hard Boiled is mega influential
[2022-12-26 06:41:08] <%Colekus> howdy!
[2022-12-26 06:41:09] <@WizeBot> anonymous feedback form! let me know anything you might be thinking. https://tinyurl.com/clauvio
[2022-12-26 06:41:11] <%AstroSango> HEAT is one of the greatest 90s action movies starring Robert De Niro, Al Pacino, and Val Kilmer
[2022-12-26 06:41:25] <%Ruisuyan> let it snow, let it snow, let it snow clauviWiggly
[2022-12-26 06:41:28] <%namae33> clauviBigSmug
[2022-12-26 06:41:29] <FakeKraid> Big Trouble in Little China
[2022-12-26 06:41:30] <%Colekus> merry christmas clauvi! clauviLove clauviLove clauviLove
[2022-12-26 06:41:30] <NeenerWiener> I never realized the foot abuse that was in Die Hard LUL
[2022-12-26 06:41:34] <%BearEatSalmon> oh yeah the woo movies + police story + project a
[2022-12-26 06:41:37] <@%KafroHudrep> you've been worse than naughty or nice.... you've been cringe
[2022-12-26 06:41:38] <FakeKraid> Escape From New York
[2022-12-26 06:41:40] <NeenerWiener> I didn't realized how much feet were the theme of Die Hard. Lol
[2022-12-26 06:41:45] <%Ruisuyan> the answer is obvious clauviWoozy
[2022-12-26 06:41:59] <%AstroSango> clauviWoozy
[2022-12-26 06:42:03] <astroturfjesus> naughty for stealing all those crumbs
[2022-12-26 06:42:04] VIEWERS: 93
[2022-12-26 06:42:08] <%Colekus> did you have a good christmas?
[2022-12-26 06:42:11] <%KiriKanbara> Naughty to others, nice to us clauviLurk
[2022-12-26 06:42:13] <%MrFoois> goodfellas?
[2022-12-26 06:42:14] <%namae33> Gungrave
[2022-12-26 06:42:18] <NeenerWiener> My dad always would watch 80s Action movies. Lol
[2022-12-26 06:42:22] <%anokayguy343the2nd> the sopranos
[2022-12-26 06:42:24] <NeenerWiener> Scarface?
[2022-12-26 06:42:34] <NeenerWiener> Scarface is REALLY good
[2022-12-26 06:42:43] <papercompass> Al Pacino, now known as Dunkaccino
[2022-12-26 06:42:44] <%BearEatSalmon> play the scarface ps2 game
[2022-12-26 06:42:48] <NeenerWiener> SMH
[2022-12-26 06:42:48] <%CyOrion> Your voice matters!
[2022-12-26 06:42:49] <NeenerWiener> CHEATER
[2022-12-26 06:42:49] <%namae33> LUL
[2022-12-26 06:42:49] <luckyrandumize> fuwachLUL fuwachLUL fuwachLUL fuwachLUL
[2022-12-26 06:42:49] <%anokayguy343the2nd> you're like the Tony soprano of mouse vtubers
[2022-12-26 06:42:50] <%MrFoois> rigged clauviWAH
[2022-12-26 06:42:52] <%BearEatSalmon> lmfao RIGGED
[2022-12-26 06:42:52] <Namington2D> wow marimariRIKA
[2022-12-26 06:42:53] <luckyrandumize> this girl
[2022-12-26 06:42:53] <rakijah> This surely is illegal
[2022-12-26 06:42:54] <baconingot> Scareface is good , just very long
[2022-12-26 06:42:55] <NeenerWiener> RIGGED
[2022-12-26 06:42:56] <@%KafroHudrep> my vote didn't go through for naughty
[2022-12-26 06:42:56] <@%KafroHudrep> redo
[2022-12-26 06:42:57] <%ripass> LITERALLY RIGGED
[2022-12-26 06:42:57] <%KiriKanbara> Rigged clauviWAH
[2022-12-26 06:42:59] <%nathynek0> thats not very nice
[2022-12-26 06:42:59] <%SnackoRacko> voteing for yourself is naughty...
[2022-12-26 06:43:02] <baconingot> Rigged
[2022-12-26 06:43:05] <%Ruisuyan> clauviPout
[2022-12-26 06:43:06] <NeenerWiener> ACTUALLY RIGGED
[2022-12-26 06:43:06] <behoimi__> D:
[2022-12-26 06:43:11] <%Snowytales> clauviPout
[2022-12-26 06:43:15] <baconingot> Naughty naughty voting for yourself
[2022-12-26 06:43:18] <%CyOrion> Nice mouse clauviLove
[2022-12-26 06:43:22] <%namae33> clauviHeadpat
[2022-12-26 06:43:26] <%BearEatSalmon> clauviPout
[2022-12-26 06:43:29] <%KiriKanbara> I demand a recount kekw
[2022-12-26 06:43:30] <@%KafroHudrep> clauviActivate
[2022-12-26 06:43:30] <NeenerWiener> Redo the poll
[2022-12-26 06:43:31] <%+NeoZero> clauviLurk
[2022-12-26 06:43:33] <%nathynek0> i would like to change my vote
[2022-12-26 06:43:37] <%Husbando_Kun> automatically naughty
[2022-12-26 06:43:40] <%godot_was_here> hang on
[2022-12-26 06:43:42] <NeenerWiener> I demand a redo vote4Evil vote4Evil vote4Evil vote4Evil
[2022-12-26 06:43:44] <%godot_was_here> we're forgetting the mail-in votes
[2022-12-26 06:43:46] <%Paint2D> missed out on the free coal
[2022-12-26 06:43:55] <%MrFoois> clauvi's just going to hold her vote until the end again clauviWAH
[2022-12-26 06:43:56] <@%KafroHudrep> proven naughty by voting nice..... the irony!
[2022-12-26 06:44:04] VIEWERS: 93
[2022-12-26 06:44:06] <@%KafroHudrep> yeah and then play scarface for the ps2
[2022-12-26 06:44:06] <behoimi__> so this is what a dictatorship feels like
[2022-12-26 06:44:10] <NeenerWiener> Scarface is quite a movie.
[2022-12-26 06:44:50] <%AstroSango> clauviWAH
[2022-12-26 06:44:54] <@%KafroHudrep> lmfao what
[2022-12-26 06:44:54] <%namae33> clauviNani
[2022-12-26 06:44:56] <papercompass> maroonyRead
[2022-12-26 06:44:56] <%Burzan> clauviNani
[2022-12-26 06:44:57] <%Serene_48> LUL
[2022-12-26 06:44:58] <%Ruisuyan> clauviOgey
[2022-12-26 06:45:01] <Namington2D> henemiKEKW what
[2022-12-26 06:45:01] <%Mattlava> clauviNani clauviNani
[2022-12-26 06:45:03] <%Snowytales> clauviNani
[2022-12-26 06:45:03] <%anokayguy343the2nd> did they leave after
[2022-12-26 06:45:04] <%ChronoRC> clauviNani
[2022-12-26 06:45:04] <%godot_was_here> now you are consumed with the desire to prove them wrong
[2022-12-26 06:45:05] <%+NeoZero> clauviNani clauviNani
[2022-12-26 06:45:05] <%Paint2D> rayrabLol
[2022-12-26 06:45:06] <NeenerWiener> retroi3Pod
[2022-12-26 06:45:10] <%AstroSango> wew lad
[2022-12-26 06:45:13] <GUY_KAZAMA> batatOgey
[2022-12-26 06:45:20] <@WizeBot>* 👤 New FOLLOW(S) ❤ srragnarm ❤, WELCOME! (4036 followers) (+1).
[2022-12-26 06:45:26] <%Husbando_Kun> clauviOgey
[2022-12-26 06:45:29] <NeenerWiener> Scarface was less of a Crime Drama
[2022-12-26 06:45:33] <NeenerWiener> More Actiony
[2022-12-26 06:45:39] [Announcement] <WizeBot> ( ´ ▽ ` )ﾉ reminder that i have a twitter! https://twitter.com/clauviou and a discord! https://discord.gg/j34SYA9Ncp
[2022-12-26 06:45:45] <NeenerWiener> Don't expect like Goodfellas or The Godfather for Scarface
[2022-12-26 06:45:45] <%anokayguy343the2nd> I love al Dunkaccino®
[2022-12-26 06:45:58] <%AstroSango> Stray is a video game a mouse like you will never understand
[2022-12-26 06:45:58] <Namington2D> strange gatekeeping marimariCORNDOG
[2022-12-26 06:46:03] [Points] trevorlink666 redeemed stretch (100)
[2022-12-26 06:46:05] VIEWERS: 115
[2022-12-26 06:46:09] <%CyOrion> Lunatic behavior galate4Joker
[2022-12-26 06:46:09] <NeenerWiener> It's goofier. Lol
[2022-12-26 06:46:22] <%Paint2D> will never understand reservoir dogs clauviWoozy
[2022-12-26 06:46:23] <NeenerWiener> Garfield is a comic a mouse like you would never understand
[2022-12-26 06:46:25] <%Mattlava> really a "your iq isnt high enough to get the nuance of rick and morty" type moment
[2022-12-26 06:46:37] <%ABC_itsSpyro123> Gaskeeping is awesome
[2022-12-26 06:46:41] <Namington2D> that's why it was strange
[2022-12-26 06:47:07] <Namington2D> @ABC_itsSpyro123 henemiGirlboss
[2022-12-26 06:47:10] <%CyOrion> Gaskeeping, Bossgating, Keeplighting
[2022-12-26 06:47:14] <%Colekus> clauviWiggly clauviWiggly clauviWiggly
[2022-12-26 06:47:16] <%nathynek0> ye, im scared of voicechat too XD
[2022-12-26 06:47:17] <@%KafroHudrep> is this the same person who left the weird marshmallow about how they can't watch you anymore, because you don't understand scarface
[2022-12-26 06:47:26] [Points] VeryInoffensiveName redeemed stretch (100)
[2022-12-26 06:47:26] <papercompass> I'm too afraid of voice chat
[2022-12-26 06:47:27] <EZbutnotsoEZ> people like you will never be able to understand the masterpiece of a love story that is Twilight
[2022-12-26 06:47:33] <%namae33> joining voice chat is very scary
[2022-12-26 06:47:33] <NeenerWiener> Being able to speak without fear. How do I achieve this power
[2022-12-26 06:47:34] <EZbutnotsoEZ> based on what?
[2022-12-26 06:47:46] [Points] behoimi__ redeemed waste a bunch of points (500)
[2022-12-26 06:48:01] <@WizeBot> anonymous feedback form! let me know anything you might be thinking. https://tinyurl.com/clauvio
[2022-12-26 06:48:05] <%CyOrion> Sounds like a conspiracy!
[2022-12-26 06:48:07] VIEWERS: 115
[2022-12-26 06:48:07] <%Husbando_Kun> just join vc an don't speak, like me clauviThumbsup
[2022-12-26 06:48:11] <%Mattlava> what is with people making offhanded remarks in relation to scarface LUL
[2022-12-26 06:48:16] <%ABC_itsSpyro123> Sounds like a cool person
[2022-12-26 06:48:29] [Points] NeenerWiener redeemed ask me a question (800) [What's your favorite Crime Drama then vote4Creamed]
[2022-12-26 06:48:42] <@WizeBot>* 👤 New FOLLOW(S) ❤ tomieVMatrix ❤, WELCOME! (4037 followers) (+2).
[2022-12-26 06:48:43] <%Colekus> did you have a good christmas clauvi?
[2022-12-26 06:48:47] <EZbutnotsoEZ> hello, merri kurisumasu
[2022-12-26 06:49:01] <@%KafroHudrep> just make a soundboard of yourself
[2022-12-26 06:49:09] <%Burzan> it's not something I'm good at
[2022-12-26 06:49:09] <EZbutnotsoEZ> @kafrohudrep LUL
[2022-12-26 06:49:14] <%namae33> @KafroHudrep LUL
[2022-12-26 06:49:15] <%Colekus> clauviLove clauviLove clauviLove
[2022-12-26 06:49:18] <yamanobed> hello hello merikuri
[2022-12-26 06:49:19] <papercompass> eat any good food?
[2022-12-26 06:49:21] <@%KafroHudrep> or better yet, a soundboard made of other peoples' voice clips, you took from the voice chat
[2022-12-26 06:49:35] <%ABC_itsSpyro123> I sit in vc but do not speak but I also have laptop mic so I have some sort of excuse
[2022-12-26 06:50:02] <yamanobed> joining vc as an esl is even scarier im too self conscious of my crappy accent
[2022-12-26 06:50:09] VIEWERS: 124
[2022-12-26 06:50:12] <baconingot> What was your weapon of choice ?
[2022-12-26 06:50:13] <%Snowytales> I always avoided games with vc
[2022-12-26 06:50:22] <%nathynek0> i VC and do deeprock galactic a lot now. its so casual but interesting, totally helps me be distracted enough to chat ^^
[2022-12-26 06:50:35] <%Paint2D> I used to voice chat all day every day back in the team speak days
[2022-12-26 06:50:35] <@%KafroHudrep> you needed your security blanket
[2022-12-26 06:50:36] <NeenerWiener> Did you hear that ANOTHER Duke Nukem game leaked today?
[2022-12-26 06:50:41] [Announcement] <WizeBot> ( ´ ▽ ` )ﾉ reminder that i have a twitter! https://twitter.com/clauviou and a discord! https://discord.gg/j34SYA9Ncp
[2022-12-26 06:50:44] <NeenerWiener> That's legit 5 Duke Nukem games that leaked in 1 year
[2022-12-26 06:51:00] <NeenerWiener> The Godfather 1 is really good
[2022-12-26 06:51:27] <%ABC_itsSpyro123> Scarface is for the sigma grindset
[2022-12-26 06:51:46] <@%KafroHudrep> it's fun!!!!!
[2022-12-26 06:52:09] VIEWERS: 124
[2022-12-26 06:52:40] <NeenerWiener> Actually I'm curious. What would you say is your favorite genre of film. vote4Good
[2022-12-26 06:52:56] <%AstroSango> ham clauviPog
[2022-12-26 06:53:03] <%BearEatSalmon> ham on biscuits clauviCookie
[2022-12-26 06:53:05] <%Snowytales> carbs clauviPog
[2022-12-26 06:53:08] <NeenerWiener> The Ham fought back
[2022-12-26 06:53:14] <%AstroSango> i made ham & pea soup clauviComfy
[2022-12-26 06:53:52] <@%KafroHudrep> hamha
[2022-12-26 06:54:07] <papercompass> The Election is a pretty good crime movie
[2022-12-26 06:54:08] <%Prognarok> clauviWave
[2022-12-26 06:54:09] VIEWERS: 124
[2022-12-26 06:54:19] <NeenerWiener> vote4Lol
[2022-12-26 06:54:28] <%Serene_48> Checks out
[2022-12-26 06:54:29] <NeenerWiener> We also saw drama films the same amount
[2022-12-26 06:54:35] <%GREEDRA> clauviActivate dotlvlGasp
[2022-12-26 06:54:40] <NeenerWiener> It's like a 50/50 between Drama and Horror so far. LUL
[2022-12-26 06:54:53] <%Rokros> fftKurochka
[2022-12-26 06:54:54] <@WizeBot> anonymous feedback form! let me know anything you might be thinking. https://tinyurl.com/clauvio
[2022-12-26 06:55:01] <%nathynek0> love horror myself :D
[2022-12-26 06:55:10] <%supermariogravyboat> Too much drama and angst in romance movies for me
[2022-12-26 06:55:14] <%nathynek0> i love watching movies in like,...watchalongs like tonight :P
[2022-12-26 06:55:18] <%nathynek0> chat with people about it
[2022-12-26 06:55:25] <NeenerWiener> Comedies are funny tho. The Three Stooges
[2022-12-26 06:55:27] <NeenerWiener> vote4Momomo
[2022-12-26 06:55:42] [Announcement] <WizeBot> ( ´ ▽ ` )ﾉ reminder that i have a twitter! https://twitter.com/clauviou and a discord! https://discord.gg/j34SYA9Ncp
[2022-12-26 06:55:48] <%ABC_itsSpyro123> With enough mental gymnastics everything can become horror clauviWoozy
[2022-12-26 06:56:00] <%AstroSango> Tokyo Godfathers clauviWoozy
[2022-12-26 06:56:06] <%Rokros> Life is a comedy, a tragedy and a horror at the same time
[2022-12-26 06:56:11] VIEWERS: 139
[2022-12-26 06:56:15] <NeenerWiener> I'm gonna start a new Die Hard debate. Forget the Christmas debate. Die Hard and Home Alone are the same movie. Prove me wrong
[2022-12-26 06:56:18] <NeenerWiener> vote4Hellatails vote4Hellatails
[2022-12-26 06:56:18] <%AstroSango> we should watch Die Hard 3
[2022-12-26 06:57:01] <NeenerWiener> There's like 5
[2022-12-26 06:57:05] <NeenerWiener> Ehhh
[2022-12-26 06:57:05] <%namae33> die hard 3 is realllly good
[2022-12-26 06:57:09] <%AstroSango> Die Hard 3 is really good
[2022-12-26 06:57:18] <NeenerWiener> Muppet Christmas Carol
[2022-12-26 06:57:19] <%BearEatSalmon> with a vengeance is extremely good but also has the most insane thing ever in it lol
[2022-12-26 06:57:24] <%supermariogravyboat> I'm a simple man, Elf
[2022-12-26 06:57:24] <yamanobed> defo tokyo godfathers
[2022-12-26 06:57:29] <@%KafroHudrep> Elf Bowling: The Movie
[2022-12-26 06:57:30] <NeenerWiener> WHAT
[2022-12-26 06:57:36] <Namington2D> hinaboMuppet hinaboMuppet2
[2022-12-26 06:57:41] <%Serene_48> You know I don't think there is one singular movie for me
[2022-12-26 06:57:44] <baconingot> The grinch
[2022-12-26 06:57:46] <%Husbando_Kun> olive the other reindeer
[2022-12-26 06:57:47] <NeenerWiener> YOU DON'T LIKE THE MUPPETS??? vote4Panic vote4Panic vote4Panic vote4Panic vote4Panic
[2022-12-26 06:57:53] <papercompass> Mickey's Christmas Carol with Scrooge McDuck
[2022-12-26 06:57:55] <%supermariogravyboat> Been a long time since I've watched Muppet Treasure Island, hmmmm
[2022-12-26 06:57:58] <%ABC_itsSpyro123> I don't think I have a christmas movie
[2022-12-26 06:58:00] <%namae33> we would watch the old grinch cartoon
[2022-12-26 06:58:10] <PityBurger> jingle all the way has Arnold yelling "who told you you could eat MY cookies!?"
[2022-12-26 06:58:13] VIEWERS: 139
[2022-12-26 06:58:27] <%Husbando_Kun> jingle all the way is good
[2022-12-26 06:58:35] <%Rokros> In my country it is customary at this time to watch one particular movie.
[2022-12-26 06:58:45] <NeenerWiener> Die Hard was very funny. Lol
[2022-12-26 06:58:54] <NeenerWiener> I love Jim Carrey's Grinch
[2022-12-26 06:59:09] <%SnackoRacko> very yes
[2022-12-26 06:59:10] <%namae33> heck yeah
[2022-12-26 06:59:12] <NeenerWiener> The OG Winnie the Pooh yes
[2022-12-26 06:59:17] <%supermariogravyboat> I would join, yes
[2022-12-26 06:59:19] <NeenerWiener> Maximum comfort movie
[2022-12-26 06:59:24] <baconingot> I would be down
[2022-12-26 06:59:32] <%Mattlava> yesssss love winnie the pooh
[2022-12-26 06:59:33] <%westernstyleguy> have you ever seen the soviet winnie the pooh?
[2022-12-26 06:59:36] <%Husbando_Kun> yes sure
[2022-12-26 06:59:54] <papercompass> I remember the OG Winnie the Pooh movie, but not the more recent one
[2022-12-26 07:00:03] <%Serene_48> Sure that'd be a good one to watch
[2022-12-26 07:00:14] VIEWERS: 136
[2022-12-26 07:00:15] <PityBurger> Winnie the Pooh home run derby is the stuff of nightmares
[2022-12-26 07:00:17] <%westernstyleguy> he’s got a completely different design he’s very cute imo
[2022-12-26 07:00:36] <NeenerWiener> It did because Flash went down
[2022-12-26 07:00:38] <%ABC_itsSpyro123> There is a winnie the pooh mug that I really like to drink tea from
[2022-12-26 07:00:43] [Announcement] <WizeBot> ( ´ ▽ ` )ﾉ reminder that i have a twitter! https://twitter.com/clauviou and a discord! https://discord.gg/j34SYA9Ncp
[2022-12-26 07:00:51] <@%KafroHudrep> i mean i still see people play it
[2022-12-26 07:00:53] <cloverchibi> lilyhoHi
[2022-12-26 07:00:56] <%Maenos_> watched someone play it just last month so it's around
[2022-12-26 07:00:58] <%Burzan> you can still find it in places
[2022-12-26 07:01:04] <@%KafroHudrep> spongebob boat-o-cross
[2022-12-26 07:01:16] <%GREEDRA> dotlvlHello
[2022-12-26 07:01:21] <%AstroSango> there's a discord working on archiving everything made in Flash
[2022-12-26 07:01:29] <cloverchibi> merry crismiss giruteBun
[2022-12-26 07:01:33] <NeenerWiener> Christopher Robin was the most scary pitcher ever
[2022-12-26 07:01:47] <@WizeBot> anonymous feedback form! let me know anything you might be thinking. https://tinyurl.com/clauvio
[2022-12-26 07:01:48] <ScarletPrime> The voiced Christopher Robin copypasta video is the best.
[2022-12-26 07:01:50] <%Maenos_> yeah this guy was doing a subathon over like five days of him trying to beat it
[2022-12-26 07:01:52] <yamanobed> i dont think ive ever beat him
[2022-12-26 07:01:53] <anonsama9001> HEY CUTE
[2022-12-26 07:01:57] <@%KafroHudrep> yeah.
[2022-12-26 07:01:59] <%namae33> clauviWAH clauviWAH clauviWAH
[2022-12-26 07:02:00] <%supermariogravyboat> clauviOgey
[2022-12-26 07:02:03] <%GabaghoulGruelGremlin> christopher robin, the bringer of the end times
[2022-12-26 07:02:04] <papercompass> clauviWAH
[2022-12-26 07:02:04] <srragnarm> bing chilling
[2022-12-26 07:02:05] <cloverchibi> clauviWAH
[2022-12-26 07:02:07] <PityBurger> I like the one where they make Christopher Robin throw the Sephiroth super Nova
[2022-12-26 07:02:14] VIEWERS: 128
[2022-12-26 07:02:16] <%AstroSango> clauviOgey
[2022-12-26 07:02:33] <%Rokros> We're watching one movie this holiday season, where the main character gets drunk on New Year's Eve, mixes up his flights and arrives in another city, where he comes to a similar house and apartment and finds his love there.
[2022-12-26 07:02:38] <kamakase86> hi
[2022-12-26 07:02:49] <NeenerWiener> Going from Die Hard to Winnie the Pooh
[2022-12-26 07:02:51] <NeenerWiener> Lo
[2022-12-26 07:02:53] <NeenerWiener> Lol
[2022-12-26 07:02:55] <cloverchibi> winnie the pooh is so cute lilyhoUUU
[2022-12-26 07:03:00] <%Maenos_> nah he did sleep thankfully.  but things got...kinda insane.  he had things like donate to make him do shots of hot sauce, distracting him
[2022-12-26 07:03:12] <%ABC_itsSpyro123> Staying awake for 5 days sounds like a ManvGame moment
[2022-12-26 07:03:23] <%Maenos_> tietuesday
[2022-12-26 07:03:31] <%Maenos_> was fun
[2022-12-26 07:03:35] <Robert_Brown_> nice outfit
[2022-12-26 07:03:36] <@%KafroHudrep> oh tie's always doing fucked up stuff
[2022-12-26 07:03:40] <NeenerWiener> 3 days
[2022-12-26 07:03:44] <%Serene_48> 51 hours
[2022-12-26 07:03:45] <%Burzan> 36 hours
[2022-12-26 07:03:46] <%BearEatSalmon> that sounds like tietuesday alright
[2022-12-26 07:03:49] <@%KafroHudrep> eh. probably only like a day and a half at most
[2022-12-26 07:03:50] <cloverchibi> 2 days i think ?
[2022-12-26 07:03:51] <%Rokros> This is the soviet film The Irony of Fate.
[2022-12-26 07:03:52] <%AstroSango> i stayed up for 36 hours for Black Friday once
[2022-12-26 07:03:52] <@%KafroHudrep> im sleepy
[2022-12-26 07:03:56] <%supermariogravyboat> I'd say like 36 hours
[2022-12-26 07:04:02] <yamanobed> i cant stay up for more than 24 hours ill die otherwise
[2022-12-26 07:04:02] <leepailong486> 3 but head aches were insane
[2022-12-26 07:04:04] <%Maenos_> I did 48 hours and I was a zombie by the end
[2022-12-26 07:04:10] <NeenerWiener> It's the 2nd day that's the hardest
[2022-12-26 07:04:12] <%BearEatSalmon> speaking of tired i go bed im exhausted clauviSleep
[2022-12-26 07:04:14] VIEWERS: 128
[2022-12-26 07:04:19] <%GabaghoulGruelGremlin> I don't like going past 48hrs, or else I start getting super paranoid
[2022-12-26 07:04:21] <%Mattlava> i remember staying up a full 24 hours in order to binge the entire first season of attack on titan LUL
[2022-12-26 07:04:21] [Notification] cloverchibi subscribed at Tier 1.
[2022-12-26 07:04:21] <@WizeBot>* ⭐️ NEW SUB ⭐️ cloverchibi (+8) ⭐️
[2022-12-26 07:04:31] <%jimmy_mapp> clauviOgey I don't think I've ever stayed up longer than 20hrs
[2022-12-26 07:04:33] <%cloverchibi> clauviLove
[2022-12-26 07:04:34] <%GREEDRA> clauviSmiley
[2022-12-26 07:04:38] [Announcement] <KafroHudrep> goodnight lilly. everyone wish lilly a happy birthday before she goes to bed
[2022-12-26 07:04:42] <%cloverchibi> thank you omg ! clauviLove clauviShy
[2022-12-26 07:04:47] <%Snowytales> clauviLove
[2022-12-26 07:04:48] <%BlueBlazeGX> Merry chrimbus!
[2022-12-26 07:04:53] <%AstroSango> no but there was a guy dressed up as Sasuke shopping for TVs and that made it worthwhile
[2022-12-26 07:05:00] <%AlphaOmega82> Merry Mousemas
[2022-12-26 07:05:02] <%supermariogravyboat> I camped out for a GPU when the crypto boom was happening at a Best Buy, was successful
[2022-12-26 07:05:07] <%ABC_itsSpyro123> I have been awake for 2 days once, I enjoy sleeping
[2022-12-26 07:05:39] <yamanobed> powerful mouse
[2022-12-26 07:05:45] <@%KafroHudrep> i'd stay up very long after the day of an MMO patch for something i was playing
[2022-12-26 07:05:46] [Announcement] <WizeBot> ( ´ ▽ ` )ﾉ reminder that i have a twitter! https://twitter.com/clauviou and a discord! https://discord.gg/j34SYA9Ncp
[2022-12-26 07:06:07] <%Rokros> mmo fftSleeper
[2022-12-26 07:06:08] <%namae33> we were going to camp out for the wii, but we decided to go to bed instead. when we came back, the line was the exact same size LUL
[2022-12-26 07:06:09] <%AstroSango> i was trying to buy a graphics card and they all sold out komatsuSob
[2022-12-26 07:06:14] Viewerstats (06:38-07:06): avg:116 min:70 max:139 [15/70+23+0+0+22+0+9+0+0+15+0−3−8+0+0]
[2022-12-26 07:06:14] VIEWERS: 128
[2022-12-26 07:06:20] <%+dragonrealms24> Used to stay up all night playing games, now if I do that I get knocked out for a day
[2022-12-26 07:06:39] <@%KafroHudrep> when the wii launched i arrived late at a toys r us and they sold out so i bought elite beat agents instead
[2022-12-26 07:06:40] <%supermariogravyboat> 3080, in my PC right now
[2022-12-26 07:06:43] <@WizeBot>* 👤 New FOLLOW(S) ❤ Fvshi7 ❤, WELCOME! (4038 followers) (+3).
[2022-12-26 07:06:48] <%ABC_itsSpyro123> Yes
[2022-12-26 07:06:49] <NeenerWiener> YEAH
[2022-12-26 07:06:50] <leepailong486> good parents
[2022-12-26 07:06:56] <Pond_water> Hello! PrideLionHey
[2022-12-26 07:06:56] <papercompass> Yeah I remember that
[2022-12-26 07:06:57] <NeenerWiener> People REALLY wanted a Tickle Me Elmo
[2022-12-26 07:07:01] <%namae33> yeah people were obsessed with that elmo
[2022-12-26 07:07:06] <%Maenos_> I was in...high school then I think?
[2022-12-26 07:07:10] <@%KafroHudrep> yeah you said your parents were scalping them lol
[2022-12-26 07:07:13] <%Maenos_> and I remember the news stories
[2022-12-26 07:07:14] <PityBurger> only thing I ever camped out for was the Wii. was a fun line because just about everyone on line had DS so we had some 8 player Mario kart DS games going.
[2022-12-26 07:07:21] <NeenerWiener> People also were camping out for the McDonalds Hello Kitty marriage toys
[2022-12-26 07:07:23] <%Rokros> In my country the Wii just stood in the store and no one took it
[2022-12-26 07:07:23] <@%KafroHudrep> did you get to keep one at least
[2022-12-26 07:07:27] <%cloverchibi> i remember wanting to go to the late night portal 2 release but it was a school night so my parents wouldnt let me clauviWoozy
[2022-12-26 07:07:32] <%ABC_itsSpyro123> It was ELMO
[2022-12-26 07:07:40] <%BlueBlazeGX> Ppl like to tickle? idk lol
[2022-12-26 07:07:44] <@%KafroHudrep> GET FUCKED ELMO
[2022-12-26 07:07:46] <%supermariogravyboat> I wouldn't mind scalpers so much if bots didn't come in and wreck your chance of getting anything online
[2022-12-26 07:07:47] <papercompass> people were crazy about it because Elmo speaks
[2022-12-26 07:07:47] <%ABC_itsSpyro123> Who wouldn't want elmo in their homes laughing manically
[2022-12-26 07:07:55] <@%KafroHudrep> did you get a furby?
[2022-12-26 07:08:00] <NeenerWiener> Yeah
[2022-12-26 07:08:05] <%Rokros> soviet Elmo fftChel
[2022-12-26 07:08:07] <@%KafroHudrep> good
[2022-12-26 07:08:12] <papercompass> dolls that speak were all the rage back in the late 90s
[2022-12-26 07:08:14] VIEWERS: 137
[2022-12-26 07:08:15] <%BlueBlazeGX> Elmo was a brat in Sesame Street lol
[2022-12-26 07:08:17] <%cloverchibi> what color furby ? clauviLove
[2022-12-26 07:08:36] <%+generaldank> clauviActivate
[2022-12-26 07:08:39] <@WizeBot> anonymous feedback form! let me know anything you might be thinking. https://tinyurl.com/clauvio
[2022-12-26 07:08:53] <NeenerWiener> If you want the actual reason though. It had a craze because it was a new Christmas toy but ONLY had 400,000 units around the country, which is super scarce. And little kids wanted it
[2022-12-26 07:08:56] <%BlueBlazeGX> Scalpers cause things to sky rocket
[2022-12-26 07:08:57] <NeenerWiener> So it had artificial scarcity
[2022-12-26 07:09:04] <Namington2D> marimariOGEY
[2022-12-26 07:09:05] <@WizeBot>* 👤 New FOLLOW(S) ❤ P33p719 ❤, WELCOME! (4038 followers) (+4).
[2022-12-26 07:09:14] <%cloverchibi> clauviNani
[2022-12-26 07:09:15] <%AstroSango> clauviOgey
[2022-12-26 07:09:18] <bleugh> baby born
[2022-12-26 07:09:23] <%Husbando_Kun> baby alive
[2022-12-26 07:09:23] <bleugh> not a realdoll
[2022-12-26 07:09:24] <%ABC_itsSpyro123> I remember the real baby doll
[2022-12-26 07:09:28] <perfectlyimperfect1> You mean, the ones that PP
[2022-12-26 07:09:30] <TheRandomPieMan> Baby Alive
[2022-12-26 07:09:34] <NeenerWiener> I REMEMBER THAT
[2022-12-26 07:09:34] <%KiriKanbara> Eh?
[2022-12-26 07:09:35] <%ABC_itsSpyro123> Yeah, those were crazy
[2022-12-26 07:09:38] <NeenerWiener> vote4Panic vote4Panic vote4Panic vote4Panic
[2022-12-26 07:09:41] <@%KafroHudrep> finally my doll can pee
[2022-12-26 07:09:42] <papercompass> O no. the memories are coming back maroonyNooo
[2022-12-26 07:09:44] <%Husbando_Kun> baby alive , a baby so real
[2022-12-26 07:09:55] <@%KafroHudrep> i don't remember what it was called either i just remember being disturbed that they showed it peeing in the commercials
[2022-12-26 07:09:56] <%+Hellbacon> Didn't those get banned?
[2022-12-26 07:10:14] VIEWERS: 137
[2022-12-26 07:10:14] <papercompass> I remember those dolls tried to eat a kid's hair or something
[2022-12-26 07:10:18] <%Rokros> What about bionicle?
[2022-12-26 07:10:21] <PityBurger> this conversation is giving me old toy flashbacks. remember hit clips?
[2022-12-26 07:10:35] <%Maenos_> @papercompass some cabbage patch one I think yes
[2022-12-26 07:10:43] <papercompass> ah ok. that's the one
[2022-12-26 07:10:48] [Announcement] <WizeBot> ( ´ ▽ ` )ﾉ reminder that i have a twitter! https://twitter.com/clauviou and a discord! https://discord.gg/j34SYA9Ncp
[2022-12-26 07:10:49] <@%KafroHudrep> toothbrushes with pop songs built in
[2022-12-26 07:10:52] <%BlueBlazeGX> Elon Musk and the Facebook guy make me scared of technology LUL
[2022-12-26 07:10:56] <@%KafroHudrep> the tiger game com
[2022-12-26 07:10:59] <@%KafroHudrep> pogs
[2022-12-26 07:11:10] <NeenerWiener> You're thinking of the Cabbage Patch kids toy that got banned. Because kids would have their hair caught in the mouth
[2022-12-26 07:11:13] <%+Hellbacon> Ah yep, that's the one
[2022-12-26 07:11:14] <%Maenos_> yup that one
[2022-12-26 07:11:14] <NeenerWiener> And would pull on said kid's hair
[2022-12-26 07:11:25] <perfectlyimperfect1> Jarts
[2022-12-26 07:11:29] <FakeKraid> Yeah it scalped kids
[2022-12-26 07:11:32] <NeenerWiener> ^
[2022-12-26 07:11:37] <%Husbando_Kun> lol
[2022-12-26 07:12:00] <%Maenos_> whaaat
[2022-12-26 07:12:01] <NeenerWiener> YO WHAT
[2022-12-26 07:12:03] <%Prognarok> marimariBurn
[2022-12-26 07:12:03] <NeenerWiener> I WANT THAT
[2022-12-26 07:12:04] <%SnackoRacko> I want that!
[2022-12-26 07:12:07] <%Maenos_> I never heard of this one
[2022-12-26 07:12:08] <%nathynek0> OYO,
[2022-12-26 07:12:09] <papercompass> barbie's sparking
[2022-12-26 07:12:11] <NeenerWiener> vote4Hyperowo vote4Hyperowo
[2022-12-26 07:12:13] <%cloverchibi> thats awesome what clauviActivate
[2022-12-26 07:12:14] <%ABC_itsSpyro123> That is what bayblades should do
[2022-12-26 07:12:16] VIEWERS: 137
[2022-12-26 07:12:21] <%SnackoRacko> Hardcore skate grind Barbie
[2022-12-26 07:12:25] <@%KafroHudrep> https://en.wikipedia.org/wiki/Gilbert_U-238_Atomic_Energy_Laboratory this is my fav toy
[2022-12-26 07:12:25] <%+Hellbacon> That seems like a bonus feature rather than a problem
[2022-12-26 07:12:32] <%BlueBlazeGX> There were some actual skateboards that do that
[2022-12-26 07:12:33] <FakeKraid> ...what
[2022-12-26 07:12:34] <NeenerWiener> Have you seen the picture of Ryan Gosling as Ken?
[2022-12-26 07:12:34] <%nathynek0> only if you stream it
[2022-12-26 07:12:35] <%Rokros> no fftBegom
[2022-12-26 07:12:37] <%ABC_itsSpyro123> It has Ryan Gosling
[2022-12-26 07:12:39] <yamanobed> gonna watch it day 1 for sure
[2022-12-26 07:12:44] <+santobelletrist> Greta Gerwig directed so I am interested
[2022-12-26 07:12:50] <%+dragonrealms24> There’s a what now??
[2022-12-26 07:12:56] <%+dragonrealms24> clauviOgey
[2022-12-26 07:12:56] <NeenerWiener> Clauvi look up Ryan Gosling as Ken
[2022-12-26 07:12:59] <NeenerWiener> You HAVE to see it
[2022-12-26 07:13:08] <YourOwnSun> A trailer for it came out recently, it looks realy cool
[2022-12-26 07:13:17] <%SnackoRacko> sounds kinda cool ngl
[2022-12-26 07:13:21] <%ABC_itsSpyro123> New stream collab
[2022-12-26 07:13:28] <%namae33> LUL LUL LUL
[2022-12-26 07:13:30] <yamanobed> he's so handsome....
[2022-12-26 07:13:30] <%Prognarok> wtf
[2022-12-26 07:13:31] <NeenerWiener> vote4Hyperowo vote4Hyperowo vote4Hyperowo vote4Hyperowo vote4Hyperowo
[2022-12-26 07:13:32] <@%KafroHudrep> clauviShy
[2022-12-26 07:13:33] <%Maenos_> uh wow
[2022-12-26 07:13:34] <%AstroSango> LUL
[2022-12-26 07:13:36] <%Burzan> himbo gosling
[2022-12-26 07:13:37] <%Rokros> literally me
[2022-12-26 07:13:38] <FakeKraid> that's... incredible
[2022-12-26 07:13:39] <%Ruisuyan> clauviWoozy
[2022-12-26 07:13:41] <%GabaghoulGruelGremlin> mama mia
[2022-12-26 07:13:43] <papercompass> whoa maroonyHuh
[2022-12-26 07:13:47] <%westernstyleguy> wester62Wow
[2022-12-26 07:13:48] <%cloverchibi> giruteAYea
[2022-12-26 07:13:49] <%ABC_itsSpyro123> Low res Ryan Gosling tdogPoggers
[2022-12-26 07:13:49] <NeenerWiener> KEN IS PEAK HIMBO
[2022-12-26 07:13:50] <%SnackoRacko> clauviWoozy
[2022-12-26 07:13:55] <%cloverchibi> hubba hubba
[2022-12-26 07:13:55] [Points] PityBurger redeemed ask me a question (800) [Trivia: do you know barbie's full name?]
[2022-12-26 07:13:56] <%mr_butobore> woof clauviWoozy
[2022-12-26 07:13:57] <NeenerWiener> You can't get more Himbo than Ken
[2022-12-26 07:13:59] <NeenerWiener> Lol
[2022-12-26 07:13:59] <%+Hellbacon> I think Ken is the original himbo
[2022-12-26 07:14:00] <GUY_KAZAMA> Barney Rubble in the present day
[2022-12-26 07:14:03] <%cloverchibi> awooooooga
[2022-12-26 07:14:05] <%BlueBlazeGX> Looks more like Fred in the irl movie
[2022-12-26 07:14:08] <%BlueBlazeGX> Scooby doo
[2022-12-26 07:14:19] VIEWERS: 128
[2022-12-26 07:14:20] <%Husbando_Kun> hi isn't a himbo he's literally me clauviPout
[2022-12-26 07:14:30] <%+dragonrealms24> Such Himbo energy
[2022-12-26 07:14:32] <%ABC_itsSpyro123> WOAH tdogPoggers
[2022-12-26 07:14:33] <%GREEDRA> clauviWAH
[2022-12-26 07:14:33] <%Burzan> clauviShy
[2022-12-26 07:14:40] <@%KafroHudrep> is that his underwear with his name on it
[2022-12-26 07:14:45] <+santobelletrist> check out the teaser trailer!
[2022-12-26 07:14:54] <NeenerWiener> He went from Bladerunner to Barbie
[2022-12-26 07:14:56] <NeenerWiener> Lol
[2022-12-26 07:14:57] <%SnackoRacko> @KafroHudrep its so he does not get lost
[2022-12-26 07:14:58] <%nathynek0> dont be silly, idols dont age
[2022-12-26 07:15:07] <%+dragonrealms24> Man found the fountain of youth
[2022-12-26 07:15:14] <%cloverchibi> giruteAwhat
[2022-12-26 07:15:16] <%+owlbyte_> Ryan Gosling isn't a real person, whenever he isn't acting he returns to the void
[2022-12-26 07:15:23] <papercompass> them Calvin Klein bootleg pants
[2022-12-26 07:15:30] <%ABC_itsSpyro123> They are 42 according to wikipedia, that must be a lie
[2022-12-26 07:15:32] <@WizeBot> anonymous feedback form! let me know anything you might be thinking. https://tinyurl.com/clauvio
[2022-12-26 07:15:42] <YourOwnSun> Barbara Smith
[2022-12-26 07:15:49] [Announcement] <WizeBot> ( ´ ▽ ` )ﾉ reminder that i have a twitter! https://twitter.com/clauviou and a discord! https://discord.gg/j34SYA9Ncp
[2022-12-26 07:16:10] <papercompass> maybe Ryan is a vampire
[2022-12-26 07:16:15] <NeenerWiener> ^
[2022-12-26 07:16:15] <@%KafroHudrep> ryan gosling scp
[2022-12-26 07:16:18] <%nathynek0> yea, they put him in cryostasis between movies
[2022-12-26 07:16:19] VIEWERS: 128
[2022-12-26 07:16:32] <%BlueBlazeGX> Maybe the gov is actually cloning celebs. Would explain why Miamoto never ages either GlitchNRG
[2022-12-26 07:16:37] <@%KafroHudrep> #ad #spon
[2022-12-26 07:16:42] <%BlueBlazeGX> kidding btw lol
[2022-12-26 07:16:42] <@WizeBot>* 👤 New FOLLOW(S) ❤ aleeexd_10 ❤, WELCOME! (4039 followers) (+5).
[2022-12-26 07:16:49] <NeenerWiener> Not sponsered by Barbie but I WILL be sponsered by Mr Gosling
[2022-12-26 07:16:58] <PunkAzn> hello sleepy heads. I just woke up from food coma didntnDEDh
[2022-12-26 07:17:04] [Points] aleeexd_10 redeemed milk offering (100)
[2022-12-26 07:17:15] <%AlphaOmega82> He's Canadian
[2022-12-26 07:17:19] <%nathynek0> which movies?
[2022-12-26 07:17:26] <%+Hellbacon> Man, I used to go to the theater nearly every weekend before the whole pandemic thing, haven't been back since
[2022-12-26 07:17:31] <%ABC_itsSpyro123> They have a band
[2022-12-26 07:17:36] <PunkAzn> turkey, potatoes, etc. very delicious
[2022-12-26 07:17:42] <%Husbando_Kun> I read that he's really nice
[2022-12-26 07:18:01] <yamanobed> there's a cool movie with him called lars and the real girl
[2022-12-26 07:18:14] <yamanobed> really wholesome movie considering it's him falling in love with a sex doll
[2022-12-26 07:18:19] VIEWERS: 152
[2022-12-26 07:18:22] <%AstroSango> komatsuLUL
[2022-12-26 07:18:32] <%Husbando_Kun> Lars and the real girl is really good
[2022-12-26 07:18:38] <%BlueBlazeGX> Oh yeah celebs just normal ppl. Even they have bad days and maynot act top notch 24/7
[2022-12-26 07:18:42] <%nathynek0> you're precious xD
[2022-12-26 07:18:52] <NeenerWiener> I'm a Zoomer too and I still go to the theaters vote4Momomo vote4Momomo
[2022-12-26 07:19:01] <%+dragonrealms24> Someone’s talked me into seeing Avatar 2 with them on the 31st
[2022-12-26 07:19:02] <%+Hellbacon> I won tickets to see Shrek 2 from my orthodontist, heh
[2022-12-26 07:19:21] <@%KafroHudrep> i see shrek in theaters every day
[2022-12-26 07:19:34] <%jimmy_mapp> clauviWoozy
[2022-12-26 07:19:40] <%ABC_itsSpyro123> Ryan Gosling has 2 children, dang dad and himbo clauviWoozy
[2022-12-26 07:19:41] <%nathynek0> she couldnt see well, the stream didnt had the glasses redeem yet.
[2022-12-26 07:19:48] <%GREEDRA> dotlvlNerd
[2022-12-26 07:20:00] <%BlueBlazeGX> I havent been to an indoor theater in years, but a Drive In last year. Saw the new Space Jam and new Godzilla
[2022-12-26 07:20:04] <@%KafroHudrep> yeah minions
[2022-12-26 07:20:04] <%Maenos_> yeah
[2022-12-26 07:20:04] <%+Hellbacon> Minions, yeah
[2022-12-26 07:20:06] <NeenerWiener> Yeah
[2022-12-26 07:20:15] <NeenerWiener> People also dress up to watch Rocky Horror Picture Show
[2022-12-26 07:20:18] <baconingot> They made a mess
[2022-12-26 07:20:19] VIEWERS: 145
[2022-12-26 07:20:24] <PunkAzn> ah yes, the full suit minion movie drip
[2022-12-26 07:20:26] <NeenerWiener> Clauvi specifically calling out the Rocky Horror fans LUL
[2022-12-26 07:20:35] <%Husbando_Kun> after my car broke down my friends stopped inviting me out to the movies cause they thought I hated them and that was the reason I wasn't showing up
[2022-12-26 07:20:36] <%+Hellbacon> Rocky Horror in theaters is a crazy fun time
[2022-12-26 07:20:52] [Announcement] <WizeBot> ( ´ ▽ ` )ﾉ reminder that i have a twitter! https://twitter.com/clauviou and a discord! https://discord.gg/j34SYA9Ncp
[2022-12-26 07:21:26] <%nathynek0> and you chose too watch a movie with us♥
[2022-12-26 07:21:26] <%BlueBlazeGX> Almost saw Sonic 2 at a drive in theater this year, but tue car broke down due to roads that need fixed clauviPout
[2022-12-26 07:21:36] <PityBurger> seeing The Room in theaters is always fun because people bring spoons to hold up whenever the framed spoon photo shows up
[2022-12-26 07:21:47] <PunkAzn> movies at gone also means unshackled from pants koragiSmile
[2022-12-26 07:21:56] <PunkAzn> home*
[2022-12-26 07:21:57] <%AlphaOmega82> clauviHeadpat
[2022-12-26 07:22:13] <NeenerWiener> I can see that bit of aggression there
[2022-12-26 07:22:18] <NeenerWiener> vote4Momomo
[2022-12-26 07:22:19] <@%KafroHudrep> chat this is your opportunity to bully her she mentally is unable to counter
[2022-12-26 07:22:19] VIEWERS: 145
[2022-12-26 07:22:24] <@WizeBot> anonymous feedback form! let me know anything you might be thinking. https://tinyurl.com/clauvio
[2022-12-26 07:22:26] <%GREEDRA> clauviPog
[2022-12-26 07:22:31] <%H00dz> what is this test?
[2022-12-26 07:22:36] <%Snowytales> it's colorful clauviPog
[2022-12-26 07:22:39] <%Husbando_Kun> what a quirky mouse
[2022-12-26 07:22:44] <@%KafroHudrep> idrlabs
[2022-12-26 07:22:50] <%Serene_48> Interesting
[2022-12-26 07:22:50] <%MrFoois> the chart clauviOgey
[2022-12-26 07:22:54] <%AlphaOmega82> Depression is low too
[2022-12-26 07:22:55] <Robert_Brown_> Do you think this chart might have looked different in the past?
[2022-12-26 07:23:34] <%Serene_48> Always had an issue with loud sound, used to cry at fireworks
[2022-12-26 07:24:03] <@%KafroHudrep> fellow scientist cow-orker jim
[2022-12-26 07:24:19] VIEWERS: 145
[2022-12-26 07:24:45] <%westernstyleguy> i got tripped up with the coworker question too i’m friends with most of my coworkers so i was like ??
[2022-12-26 07:24:50] <@%KafroHudrep> clauviOgey <- SHE WILL NEVER DO THIS
[2022-12-26 07:24:53] <%AstroSango> clauviComfy
[2022-12-26 07:25:02] [Usernotice] An anonymous user is gifting 5 Tier 1 Subs to clauvio's community!
[2022-12-26 07:25:02] <@WizeBot>* ⭐️ AnAnonymousGifter ⭐️ just offered 5 subscriptions to the community!
[2022-12-26 07:25:03] [Notification] An anonymous user gifted a Tier 1 sub to yamanobed! yamanobed has subscribed for 2 months!
[2022-12-26 07:25:03] [Notification] An anonymous user gifted a Tier 1 sub to parrotb!
[2022-12-26 07:25:03] [Notification] An anonymous user gifted a Tier 1 sub to thomas2uentin! thomas2uentin has subscribed for 2 months!
[2022-12-26 07:25:03] [Notification] An anonymous user gifted a Tier 1 sub to GhostLizard277!
[2022-12-26 07:25:03] [Notification] An anonymous user gifted a Tier 1 sub to kapab_bapak! kapab_bapak has subscribed for 2 months!
[2022-12-26 07:25:11] <%thomas2uentin> @AnAnonymousGifter Thanks for the gift sub!
[2022-12-26 07:25:28] <%thomas2uentin> clauviSway clauviSway clauviSway
[2022-12-26 07:25:30] <%ABC_itsSpyro123> I get teary eyed from hearing shouting of any kind, it is really cool
[2022-12-26 07:25:43] <%Husbando_Kun> a younger me would have maxed out depression and aggression
[2022-12-26 07:25:51] <%yamanobed> thanks for the sub anon!!
[2022-12-26 07:25:54] [Announcement] <WizeBot> ( ´ ▽ ` )ﾉ reminder that i have a twitter! https://twitter.com/clauviou and a discord! https://discord.gg/j34SYA9Ncp
[2022-12-26 07:25:58] <NeenerWiener> They're not be-all-end-all tests
[2022-12-26 07:26:02] <Pond_water> As ASD tests go, this is pretty limited.
[2022-12-26 07:26:07] <@%KafroHudrep> i especially would not care for the results from this site it's very clickbaity
[2022-12-26 07:26:07] <Robert_Brown_> I think it literally says this on the page on the idrlabs site
[2022-12-26 07:26:08] <%CyOrion> Correlation doesn't equal causation
[2022-12-26 07:26:08] <%AstroSango> the five factor test is pretty good
[2022-12-26 07:26:08] <henfella> henemiComfy
[2022-12-26 07:26:14] <JunkRamen> zero aggression is one i wouldve guessed for you
[2022-12-26 07:26:19] VIEWERS: 155
[2022-12-26 07:26:21] <%Paint2D> I think my pie chart would look about the same
[2022-12-26 07:26:22] <Robert_Brown_> like as a disclaimer when you take that test
[2022-12-26 07:26:31] <%ABC_itsSpyro123> I base my personality off the psycho wheel of fortune
[2022-12-26 07:26:36] <%GREEDRA> clauviCry
[2022-12-26 07:26:39] <%nathynek0> shout at you? AAAAAAAAAAAAAAAAAAAAAAAAAAA!!!!!!!!!!!!!!!
[2022-12-26 07:26:59] <%CyOrion> clauviLove
[2022-12-26 07:27:01] <@%KafroHudrep> 𝐂𝐋𝐀𝐔𝐕𝐈𝐎 𝐈 𝐀𝐌 𝐘𝐄𝐋𝐋𝐈𝐍𝐆 𝐀𝐓 𝐘𝐎𝐔 𝐇𝐄𝐋𝐋𝐎
[2022-12-26 07:27:20] <%CyOrion> What kind of burger ARE you, Clauvio?
[2022-12-26 07:27:24] <%SnackoRacko> What kind of burger is VERY important though! snacko1Nom
[2022-12-26 07:27:37] <NeenerWiener> Wow my results are all near the center
[2022-12-26 07:27:37] <@WizeBot>* 👤 New FOLLOW(S) ❤ kyonjii ❤, WELCOME! (4041 followers) (+6).
[2022-12-26 07:27:40] <NeenerWiener> Lol
[2022-12-26 07:27:45] <%Husbando_Kun> I was a very angry because I was very sad but now I'm way happier
[2022-12-26 07:28:03] <%ABC_itsSpyro123> It is funny because the one or two times I have attempted to argue during shouting really confused the other person because I was crying and not sad
[2022-12-26 07:28:04] <%CyOrion> Cheese burger, definitely
[2022-12-26 07:28:06] <Robert_Brown_> chat is easy to keep eye contact with, chat is also pretty quiet
[2022-12-26 07:28:11] <%Paint2D> I would be a cheeseburger with extra onions
[2022-12-26 07:28:15] <%AstroSango> i'm definitely a Chicago beef sandwich
[2022-12-26 07:28:19] VIEWERS: 155
[2022-12-26 07:28:59] <%CyOrion> Grilled four-cheese sandwich with chicken breast
[2022-12-26 07:29:00] <voctor00> 👁👁👁👁👁👁👁👁👁👁
[2022-12-26 07:29:16] <@WizeBot> anonymous feedback form! let me know anything you might be thinking. https://tinyurl.com/clauvio
[2022-12-26 07:29:21] <quantum0459> personally id like to be the double bourbon bacon from wendys. or a grolled chese w/ a tomato patty
[2022-12-26 07:29:22] <%ABC_itsSpyro123> These are lines on a screen tdogSmile
[2022-12-26 07:29:24] <%AstroSango> clauviWAH
[2022-12-26 07:29:24] <@%KafroHudrep> eyeless clauvio redeem when
[2022-12-26 07:29:25] <NeenerWiener> Talk to me 👁👁
[2022-12-26 07:29:41] <@%KafroHudrep> 👁 👄 👁
[2022-12-26 07:30:04] <%CyOrion> Killvio
[2022-12-26 07:30:09] <UtsuhoRaven> lordae3Lurking lordae3Mmmm lordae3Watching
[2022-12-26 07:30:13] <%Paint2D> Not having to look at a face is a big upside of watching Vtubers for me clauviWoozy
[2022-12-26 07:30:19] VIEWERS: 147
[2022-12-26 07:30:45] <@WizeBot>* 👤 New FOLLOW(S) ❤ Samarra__ ❤, WELCOME! (4042 followers) (+7).
[2022-12-26 07:30:50] <anonsama9001> i like their spicy nuggets
[2022-12-26 07:30:53] <@%KafroHudrep> she's being paid. she's being bought out. she doesn't even like wendys
[2022-12-26 07:30:55] [Announcement] <WizeBot> ( ´ ▽ ` )ﾉ reminder that i have a twitter! https://twitter.com/clauviou and a discord! https://discord.gg/j34SYA9Ncp
[2022-12-26 07:30:58] <luckyrandumize> fuwachHeart fuwachHeart
[2022-12-26 07:31:32] <%Paint2D> I never even tried that
[2022-12-26 07:31:32] <+santobelletrist> lumituLeft lumituMid lumituRight
[2022-12-26 07:31:48] <NeenerWiener> I've been told before by many people that I'm intimidating to talk to.
[2022-12-26 07:31:52] <quantum0459> YEAH thats the only situation that pushes me to actively fous elsewhere
[2022-12-26 07:31:55] <NeenerWiener> And I get so confused by it
[2022-12-26 07:31:55] <luckyrandumize> klouveEYE1 klouveMO klouveEYE2
[2022-12-26 07:31:57] <Robert_Brown_> I think there are some eye-contact videos on youtube
[2022-12-26 07:31:59] <%nathynek0> i actually find your streams to give a super calming vibe ^^
[2022-12-26 07:32:07] <%SnackoRacko> clauviSway
[2022-12-26 07:32:08] <Namington2D> giruteAPls
[2022-12-26 07:32:13] <%AstroSango> clauviWiggly clauviWiggly clauviWiggly
[2022-12-26 07:32:17] <%Prognarok> clauviSway clauviSway clauviSway clauviSway
[2022-12-26 07:32:19] VIEWERS: 147
[2022-12-26 07:32:21] <%ABC_itsSpyro123> The only eye contact I am comfortable with is non-human. Cats and dogs are pals
[2022-12-26 07:32:46] <PunkAzn> koragiWiggly koragiWiggly koragiWiggly
[2022-12-26 07:33:31] <quantum0459> grimmi14Wiggle2 grimmi14Wiggle2 grimmi14Wiggle2
[2022-12-26 07:33:42] <UtsuhoRaven> meatsWIGGLY ironmouseWiggly lordae3Wigglebutt lunami13Wiggler
[2022-12-26 07:34:02] <%jimmy_mapp> clauviWiggly clauviWiggly clauviWiggly
[2022-12-26 07:34:19] VIEWERS: 153
[2022-12-26 07:35:01] <%Husbando_Kun> clauviSway clauviWiggly clauviSway clauviWiggly clauviSway clauviWiggly clauviSway
[2022-12-26 07:35:42] <%Serene_48> clauviWiggly clauviWiggly clauviWiggly clauviWiggly
[2022-12-26 07:35:52] <quantum0459> gatorg6WIGGLE gatorg6WIGGLE
[2022-12-26 07:35:57] [Announcement] <WizeBot> ( ´ ▽ ` )ﾉ reminder that i have a twitter! https://twitter.com/clauviou and a discord! https://discord.gg/j34SYA9Ncp
[2022-12-26 07:36:00] <%kapab_bapak> clauviWiggly clauviWiggly clauviWiggly
[2022-12-26 07:36:08] <@WizeBot> anonymous feedback form! let me know anything you might be thinking. https://tinyurl.com/clauvio
[2022-12-26 07:36:19] Viewerstats (07:08-07:36): avg:144 min:128 max:155 [15/137+0+0−9+0+24−7+0+0+10+0−8+0+6+0]
[2022-12-26 07:36:19] VIEWERS: 153
[2022-12-26 07:36:37] <%yamanobed> wb!
[2022-12-26 07:36:39] <!+stalkeralker> hi baldmouse
[2022-12-26 07:36:42] <quantum0459> hello!!!
[2022-12-26 07:36:44] <%nathynek0> hey, Your streams actually give off a great calming vibe, thanks♥
[2022-12-26 07:36:45] <%Serene_48> wb
[2022-12-26 07:36:48] <%jimmy_mapp> clauviThumbsup weba clauviPog
[2022-12-26 07:36:51] <NeenerWiener> Santa!
[2022-12-26 07:37:00] <NeenerWiener> Where's my present, Santa vote4Momomo vote4Momomo vote4Momomo
[2022-12-26 07:37:06] <%namae33> clauviComfy clauviComfy clauviComfy
[2022-12-26 07:37:10] <%KiriKanbara> Clauvio can I just say your brb BGM is really nice? Is there a loop we can listen to it somewhere?
[2022-12-26 07:37:11] <!+stalkeralker> hey streamer your streams stress me out they make my blood pressure go to 400 bpm
[2022-12-26 07:37:13] <%AstroSango> clauviComfy clauviComfy clauviComfy
[2022-12-26 07:37:16] <NeenerWiener> It's still Christmas in Hawaii
[2022-12-26 07:37:17] <%namae33> I have an hour and a half left of christmas
[2022-12-26 07:37:18] <%Serene_48> MST as well
[2022-12-26 07:37:20] <quantum0459> yeah its 10 rn :)
[2022-12-26 07:37:27] <PacmanGodOfAll> ended 37 mins a gona for me
[2022-12-26 07:37:32] <%namae33> o7
[2022-12-26 07:37:46] <%Yimes__> Respec the mouse batatGunBang
[2022-12-26 07:37:57] <%AstroSango> you can't see but i'm T-posing to disrespect kmaHehe
[2022-12-26 07:37:59] <%Husbando_Kun> no clauviPout
[2022-12-26 07:37:59] <%KiriKanbara> Oh sweet thx
[2022-12-26 07:38:19] VIEWERS: 155
[2022-12-26 07:38:21] <%ABC_itsSpyro123> Is it the broken glimmers songs
[2022-12-26 07:38:26] <!+stalkeralker> hey guys can you stop spamming the chat my laptop is overheating
[2022-12-26 07:38:33] <!+stalkeralker> LMFAO
[2022-12-26 07:38:35] <%westernstyleguy> lol
[2022-12-26 07:38:36] <%AstroSango> komatsuLUL
[2022-12-26 07:38:36] <%Serene_48> LUL
[2022-12-26 07:38:39] <PacmanGodOfAll> LUL
[2022-12-26 07:38:44] <UtsuhoRaven> ironmouseKEK ironmouseKEK
[2022-12-26 07:38:46] <@%KafroHudrep> clauvio i gotta go to bed now can you end stream
[2022-12-26 07:38:56] <%westernstyleguy> people do that to jerma too it's good
[2022-12-26 07:38:58] <voctor00> I think I saw a streamer actually do that while someone made some tea
[2022-12-26 07:39:02] <!+stalkeralker> good
[2022-12-26 07:39:04] <%godot_was_here> clauvio my friends just asked me who the anime girl is
[2022-12-26 07:39:05] <!+stalkeralker> sang 63 songs
[2022-12-26 07:39:20] <!+stalkeralker> yeah it's doing fine actually
[2022-12-26 07:39:25] <%ABC_itsSpyro123> I watch someone who has more than once been told to stop talking and then stops talking for 10 minutes, it is good bit
[2022-12-26 07:39:38] <NeenerWiener> When he would stream with Star_?
[2022-12-26 07:39:42] <%thomas2uentin> k
[2022-12-26 07:39:44] <Namington2D> que raid
[2022-12-26 07:39:44] <%Serene_48> Quick little chat ayuuNodders
[2022-12-26 07:39:47] <@WizeBot>* 👤 New FOLLOW(S) ❤ ScarletPrime ❤, WELCOME! (4043 followers) (+8).
[2022-12-26 07:39:50] <Namington2D> cue*
[2022-12-26 07:39:51] <baconingot> LUL
[2022-12-26 07:39:52] <%namae33> clauviSmiley
[2022-12-26 07:39:54] <!+stalkeralker> oh my god winnie
[2022-12-26 07:39:54] <%Serene_48> PauseChamp
[2022-12-26 07:39:54] <NeenerWiener> Die Hard 2!
[2022-12-26 07:39:59] <NeenerWiener> vote4Hyperowo vote4Hyperowo vote4Hyperowo vote4Hyperowo
[2022-12-26 07:40:01] <%AstroSango> clauviWAH
[2022-12-26 07:40:11] <baconingot> Time to prepare snacks clauviWAH
[2022-12-26 07:40:13] <%thomas2uentin> cute!
[2022-12-26 07:40:19] <!+stalkeralker> damn you and carmine both had a winnie plushie
[2022-12-26 07:40:19] VIEWERS: 155
[2022-12-26 07:40:26] [Notification] AlphaOmega82 subscribed at Tier 1. They've subscribed for 4 months! [clauviLove]
[2022-12-26 07:40:26] <@WizeBot>* ⭐️ RE-SUB ⭐️ AlphaOmega82 (+14) ⭐️
[2022-12-26 07:40:30] <NeenerWiener> Would you say Winnie the Pooh is Clauvicore vote4Hellatails vote4Hellatails vote4Hellatails
[2022-12-26 07:40:38] <UtsuhoRaven> lordae3Letsfkngo
[2022-12-26 07:40:43] <@%KafroHudrep> and after we're done watching winnie the pooh we'll come back to the stream and debrief
[2022-12-26 07:40:48] <%thomas2uentin> No honey to go with the theme?
[2022-12-26 07:40:49] <@%KafroHudrep> discuss the themes
[2022-12-26 07:40:58] [Announcement] <WizeBot> ( ´ ▽ ` )ﾉ reminder that i have a twitter! https://twitter.com/clauviou and a discord! https://discord.gg/j34SYA9Ncp
[2022-12-26 07:40:58] <%AstroSango> komatsuLUL
[2022-12-26 07:41:01] <UtsuhoRaven> lordae3Snuggywuggybb lordae3Snuggywuggybb
[2022-12-26 07:41:04] <!+stalkeralker> winnie the pooh fandom is dying! share this if you're a true pooh head
[2022-12-26 07:41:26] <%westernstyleguy> the soviet ones are just short cartoons iirc they're worth watching
[2022-12-26 07:41:41] <%KiriKanbara> The derby one as in the baseball 1?
[2022-12-26 07:41:42] <@%KafroHudrep> @stalkeralker it is not dying look at how many movies it has https://poohadventures.fandom.com/wiki/Category:Movies
[2022-12-26 07:41:43] <%thomas2uentin> until that winnie the pooh horror movie comes out
[2022-12-26 07:42:03] <%AlphaOmega82> dormice are nocturnal right
[2022-12-26 07:42:04] <%H00dz> clauviWoozy
[2022-12-26 07:42:04] <Namington2D> giruteAWoozy
[2022-12-26 07:42:17] <@WizeBot>* 👤 New FOLLOW(S) ❤ Angelo7 ❤, WELCOME! (4044 followers) (+9).
[2022-12-26 07:42:18] <%namae33> based
[2022-12-26 07:42:18] <@%KafroHudrep> same
[2022-12-26 07:42:19] VIEWERS: 158
[2022-12-26 07:42:23] <%Serene_48> What a life
[2022-12-26 07:42:47] [Usernotice] An anonymous user is gifting 1 Tier 1 Subs to clauvio's community!
[2022-12-26 07:42:47] [Notification] An anonymous user gifted a Tier 1 sub to kamidio!
[2022-12-26 07:42:49] <@WizeBot>* ⭐️ NEW SUB ⭐️ kamidio (+15) ⭐️ (🎁 Offered by AnAnonymousGifter)
[2022-12-26 07:42:59] <Namington2D> henemiWhat
[2022-12-26 07:42:59] <%westernstyleguy> yeah you gotta go rip your legitimate vhs tape :)
[2022-12-26 07:43:00] <@WizeBot> anonymous feedback form! let me know anything you might be thinking. https://tinyurl.com/clauvio
[2022-12-26 07:43:17] <JulianoUchoa> Good day miss
[2022-12-26 07:43:18] <@WizeBot>* 👤 New FOLLOW(S) ❤ Chobandit ❤, WELCOME! (4045 followers) (+10).
[2022-12-26 07:43:35] <%AstroSango> Stop, you have violated the law
[2022-12-26 07:43:40] <@%KafroHudrep> CRIME
[2022-12-26 07:43:53] <%Serene_48> Yeah totally wouldn't kabhaaSweatin
[2022-12-26 07:43:55] <%H00dz> clauvio acts all innocent, but shes really a mob boss
[2022-12-26 07:44:07] <NeenerWiener> YOU WOULDN'T DOWNLOAD A CAR
[2022-12-26 07:44:12] <%AstroSango> breaking the law is my drug clauviWoozy
[2022-12-26 07:44:15] <@%KafroHudrep> nah... it's worse
[2022-12-26 07:44:19] <+P33p719> ICANT
[2022-12-26 07:44:20] <UtsuhoRaven> once you pop, you just can't stop
[2022-12-26 07:44:22] <%Husbando_Kun> just gotta dust off those dvds right ?
[2022-12-26 07:44:24] VIEWERS: 121
[2022-12-26 07:44:27] <%ABC_itsSpyro123> I got addicted to torrenting and seeding
[2022-12-26 07:44:28] <!+stalkeralker> I love it when normal everyday people advocate for no piracy
[2022-12-26 07:44:31] <!+stalkeralker> proper brainwashed
[2022-12-26 07:44:33] <%westernstyleguy> Hey Twitch™ chat! Let's all rent a copy of Winnie the Pooh™ off of Amazon™ and enjoy a nice festive watch party™
[2022-12-26 07:44:34] <luckyrandumize> every 60 seconds that pass a minute goes by in africa
[2022-12-26 07:45:01] <UtsuhoRaven> legitimate die hard
[2022-12-26 07:45:47] <Namington2D> :-)
[2022-12-26 07:45:52] <@%KafroHudrep> i'm pirating clauvio's stream
[2022-12-26 07:45:59] <@WizeBot>* 👤 New FOLLOW(S) ❤ MilkMongerr ❤, WELCOME! (4046 followers) (+11).
[2022-12-26 07:46:00] [Announcement] <WizeBot> ( ´ ▽ ` )ﾉ reminder that i have a twitter! https://twitter.com/clauviou and a discord! https://discord.gg/j34SYA9Ncp
[2022-12-26 07:46:05] <%namae33> clauviNani
[2022-12-26 07:46:16] <%SnackoRacko> Squishmellow times akisecSquish
[2022-12-26 07:46:18] <UtsuhoRaven> @KafroHudrep you wouldn't download a dormouse
[2022-12-26 07:46:21] <%Husbando_Kun> I'm pirating my subscription to clauvio
[2022-12-26 07:46:23] <%ABC_itsSpyro123> But if the opinion does not coincide with mine then it isn't good and should be disregarded tdogSmile
[2022-12-26 07:46:24] VIEWERS: 121
[2022-12-26 07:46:28] <!+stalkeralker> I'm gonna pirate clauvi's smooth bald head
[2022-12-26 07:46:28] <Namington2D> i have
[2022-12-26 07:46:30] <%AlphaOmega82> I've seen it occasionally
[2022-12-26 07:46:47] <%godot_was_here> i'm gonna pirate those free christmas assets
[2022-12-26 07:46:47] <@%KafroHudrep> @stalkeralker that bald clauvio is open source and for the people by the people
[2022-12-26 07:46:55] <MilkMongerr> Ive only seen nose man do it sertleNodders
[2022-12-26 07:46:55] <%Serene_48> Yeah seen a few different streamers who do them, mostly like sub only game night stuff
[2022-12-26 07:46:58] <voctor00> watching your stream through a discord viewing party from someone else
[2022-12-26 07:47:03] <Namington2D> i've seen sub only streams. VODs too.
[2022-12-26 07:47:05] <%AstroSango> yuukinShy
[2022-12-26 07:47:09] <!+stalkeralker> one of my friends was recently streaming a grindy farming game to sub only
[2022-12-26 07:47:12] <JordanJrake> Whenever I’ve seen sub only streams it was to punish the viewers
[2022-12-26 07:47:19] <!+stalkeralker> cuz she didn't wanna break her brand
[2022-12-26 07:47:25] <@%Yuushakun> yipee kai yay Clauvi
[2022-12-26 07:47:29] <UtsuhoRaven> yeah like twitch nitro right wink wink
[2022-12-26 07:47:40] <PunkAzn> *cough cough*
[2022-12-26 07:47:42] <Namington2D> giruteAstare
[2022-12-26 07:47:47] <@%KafroHudrep> i think instead of doing a sub only stream everyone should make their own puagen_shoops
[2022-12-26 07:47:49] <ScarletPrime> I love Twitch ad breaks that are 6 back-to-back ads that are all 20-30 seconds long each.
[2022-12-26 07:47:50] <%ABC_itsSpyro123> I like looking for small streams and having adblock helps a lot
[2022-12-26 07:47:54] <PacmanGodOfAll> LUL
[2022-12-26 07:48:01] <%AlphaOmega82> not the Jeff Bezos blood pact
[2022-12-26 07:48:04] <MilkMongerr> But blocking ads will hurt the small indie company NotLikeThis
[2022-12-26 07:48:06] [Notification] AstroSango gifted a Tier 1 sub to UtsuhoRaven! They have given 4 Gift Subs in the channel!
[2022-12-26 07:48:07] <@WizeBot>* ⭐️ NEW SUB ⭐️ UtsuhoRaven (+16) ⭐️ (🎁 Offered by AstroSango)
[2022-12-26 07:48:12] <%AstroSango> get woozypilled clauviWoozy
[2022-12-26 07:48:24] VIEWERS: 161
[2022-12-26 07:48:25] <stellar_star_fall> adblocks are kinda needed if you wanna find new streamers tbh
[2022-12-26 07:48:32] <%UtsuhoRaven> @AstroSango lordae3Kewr
[2022-12-26 07:48:34] <%+normalplant> twitch ads are so obnoxious
[2022-12-26 07:48:35] <%Mattlava> its so bad over here in mobile land clauviOgey
[2022-12-26 07:48:36] <Namington2D> (1 of 23)
[2022-12-26 07:48:41] <%Serene_48> 6 oof yeah that is pretty rough
[2022-12-26 07:48:51] <MilkMongerr> Mobile mfs sertleMegalul (me)
[2022-12-26 07:48:56] <PunkAzn> *me on mobile*
[2022-12-26 07:48:57] <%AstroSango> apparently most people watch on mobile clauviWAH
[2022-12-26 07:48:58] <rakijah> There's also a mod for mobile twitch that adds adblock and the external emotes and stuff. But it's hard to get at the moment
[2022-12-26 07:49:03] <@%KafroHudrep> i think having a consistent "brand" as a streamer is weird sounds like you're putting yourself in an uncomfortable box
[2022-12-26 07:49:04] <%AlphaOmega82> yeah I think the preroll ads are the worst because you can't even see what the streamer is doing at first
[2022-12-26 07:49:06] <%ABC_itsSpyro123> 5:00 remaining
[2022-12-26 07:49:10] <%+dragonrealms24> I saw 1 of 7 adbreak and bailed LMAO
[2022-12-26 07:49:13] <%Mattlava> twitch ads made me realize i was spoiled by youtube ads
[2022-12-26 07:49:53] <@WizeBot> anonymous feedback form! let me know anything you might be thinking. https://tinyurl.com/clauvio
[2022-12-26 07:50:06] <MilkMongerr> Girlboss arc💅 tetram2Yas
[2022-12-26 07:50:24] VIEWERS: 161
[2022-12-26 07:50:58] <%UtsuhoRaven> offbrand vtubing
[2022-12-26 07:51:01] [Announcement] <WizeBot> ( ´ ▽ ` )ﾉ reminder that i have a twitter! https://twitter.com/clauviou and a discord! https://discord.gg/j34SYA9Ncp
[2022-12-26 07:51:09] <%jimmy_mapp> clauviWoozy virtual youtuber
[2022-12-26 07:51:18] <%AstroSango> clauviWoozy clauvi merch
[2022-12-26 07:51:27] <@%KafroHudrep> CLAUVIO SHOW FEET REAL
[2022-12-26 07:51:41] <Namington2D> kafro still unpaid
[2022-12-26 07:51:53] <%H00dz> hey im walking here
[2022-12-26 07:51:55] <@%KafroHudrep> the only payment i need is being able to troll
[2022-12-26 07:51:56] <PunkAzn> we already got the sleepyhead mascot as a plushie 👀
[2022-12-26 07:52:01] <%namae33> clauviOgey
[2022-12-26 07:52:04] <%jimmy_mapp> I'd buy a guten morgen poster or something
[2022-12-26 07:52:11] <%AstroSango> Pippa hit 100k already? juweiZoom
[2022-12-26 07:52:17] <%AstroSango> wait, feet reveal? juweiZoom
[2022-12-26 07:52:19] <Namington2D> soyapoStep
[2022-12-26 07:52:24] VIEWERS: 127
[2022-12-26 07:52:27] <%Burzan> the deal was 100k before 2023, but she made that promise at like 50k a couple months ago
[2022-12-26 07:52:29] <+santobelletrist> soyapoStep
[2022-12-26 07:52:29] <%+Hellbacon> Armpit reveal incoming?
[2022-12-26 07:52:32] <quantum0459> PIPPA PIPKIN yeah it was funny but ://
[2022-12-26 07:52:54] <PacmanGodOfAll> LUL
[2022-12-26 07:53:09] <Namington2D> someone can draw you wearing them giruteAWoozy
[2022-12-26 07:53:30] <%AstroSango> clauviWoozy
[2022-12-26 07:53:40] <PunkAzn> koragiPog
[2022-12-26 07:53:48] <%+dragonrealms24> THE Pipa?!
[2022-12-26 07:53:52] <%+dragonrealms24> clauviSway
[2022-12-26 07:54:00] <+santobelletrist> Pippa invades the entire Vtuber space
[2022-12-26 07:54:19] <%namae33> clauviActivate
[2022-12-26 07:54:24] VIEWERS: 127
[2022-12-26 07:54:51] <%AstroSango> lurkers are the real MVPs
[2022-12-26 07:55:02] <!+stalkeralker> clauvi posts "hi" (covered in women)
[2022-12-26 07:55:24] <+santobelletrist> clauviWAH tobsYAYSPEED
[2022-12-26 07:55:25] <%AstroSango> komatsuLUL
[2022-12-26 07:55:26] <%Serene_48> LUL my cover is blown
[2022-12-26 07:55:30] <%namae33> clauviWAH clauviWAH clauviWAH
[2022-12-26 07:55:32] <Robert_Brown_> Olivia has a lot of energy
[2022-12-26 07:55:32] <%Paint2D> clauviWoozy
[2022-12-26 07:55:34] <%Snowytales> clauviWoozy
[2022-12-26 07:55:34] <@%Yuushakun> @clauvio hello!
[2022-12-26 07:55:34] <%ABC_itsSpyro123> That sounds horrible
[2022-12-26 07:55:36] <%westernstyleguy> i remember years ago hanging out in some guy's stream and he would routinely read out lurkers' names to encourage them to start chatting
[2022-12-26 07:55:37] <PacmanGodOfAll> LUL
[2022-12-26 07:55:38] <%Paint2D> understandable
[2022-12-26 07:55:39] <%westernstyleguy> chaos behaviour
[2022-12-26 07:55:52] <%ABC_itsSpyro123> Yeah, in a good way
[2022-12-26 07:55:54] <@%KafroHudrep> everyone before christmas ends say Merry Christmas Biffie @clauvio
[2022-12-26 07:55:59] <PunkAzn> @westernstyleguy koragiYabe
[2022-12-26 07:56:04] [Announcement] <WizeBot> ( ´ ▽ ` )ﾉ reminder that i have a twitter! https://twitter.com/clauviou and a discord! https://discord.gg/j34SYA9Ncp
[2022-12-26 07:56:21] <rakijah> I sometimes don't follow streamers I like because I'm afraid of my name being shown on stream or, even worse, the streamer thanking me out loud
[2022-12-26 07:56:24] VIEWERS: 166
[2022-12-26 07:56:28] <%jimmy_mapp> Merry Christmas Biffie @clauvio
[2022-12-26 07:56:37] <PunkAzn> Merry Christmas Biffie @clauvio
[2022-12-26 07:56:40] <%godot_was_here> i'm not on your side
[2022-12-26 07:56:40] <voctor00> Merry Christmas Biffie at Clauvio
[2022-12-26 07:56:40] <@%KafroHudrep> SLEEPYHEADS ARE CRINGE
[2022-12-26 07:56:41] <%Serene_48> True Christmas is about to end for MST bros
[2022-12-26 07:56:41] <%Mattlava> Merry christmas Biffie @clauvio
[2022-12-26 07:56:42] <%+Phush> cirLurk Merry Christmas Biffie @clauvio
[2022-12-26 07:56:43] <%godot_was_here> i'm on my side
[2022-12-26 07:56:43] <%Snowytales> Merry Christmas Biffie @clauvio
[2022-12-26 07:56:45] <%AstroSango> Merry Christmas Biffie @clauvio
[2022-12-26 07:56:45] <@WizeBot> anonymous feedback form! let me know anything you might be thinking. https://tinyurl.com/clauvio
[2022-12-26 07:56:48] <%ABC_itsSpyro123> I usually try to follow streams when they are offline
[2022-12-26 07:56:59] <%rocketeer_c> Merry Christmas, you lovely Mouse.
[2022-12-26 07:57:05] <%AstroSango> clauviLurk
[2022-12-26 07:57:07] <PunkAzn> @kafrohudrep I'm cringe and I'm proud freida1Cry
[2022-12-26 07:57:11] <@%KafroHudrep> oh i just follow streamers right after their stream ends
[2022-12-26 07:57:16] <%nathynek0> clauvio!, enjoyed yer stream!!!, heading ta bed now though, NIGHT NIGHT♥  ,,..i'd bully if i knew how
[2022-12-26 07:57:17] <!+stalkeralker> can confirm saw her type once
[2022-12-26 07:57:18] <%Serene_48> clauviThumbsup Progress
[2022-12-26 07:57:18] <%godot_was_here> what i prefer the most is when there is a follow alert but it doesn't name the person
[2022-12-26 07:57:20] <NeenerWiener> Didn't you used to follow when the streamer is not streaming?
[2022-12-26 07:57:22] <%godot_was_here> keeps it anonymous
[2022-12-26 07:57:24] <%namae33> clauviSmiley
[2022-12-26 07:57:29] <PunkAzn> clauviWAH
[2022-12-26 07:57:35] <%AstroSango> clauviWAH
[2022-12-26 07:57:36] <%H00dz> clauviWoozy
[2022-12-26 07:57:44] <NeenerWiener> Oomfie
[2022-12-26 07:57:56] <@%KafroHudrep> send me a check in the mail boss
[2022-12-26 07:57:57] <%AstroSango> absolutely bambiffied
[2022-12-26 07:58:02] <%Paint2D> I was almost tricked clauviWoozy
[2022-12-26 07:58:02] <luckyrandumize> i know 1 dormouse and shes my favorite dormouse
[2022-12-26 07:58:03] <%ABC_itsSpyro123> TRUE BIFFIE clauviWoozy
[2022-12-26 07:58:24] VIEWERS: 166
[2022-12-26 07:58:38] <%+Phush> just bully chat harder
[2022-12-26 07:58:43] <%+NeoZero> so true biffie
[2022-12-26 07:58:43] <!+stalkeralker> kongou  just wants to bully you
[2022-12-26 07:58:47] <!+stalkeralker> don't fall for his lies
[2022-12-26 07:58:48] <%Rokros> It will also be possible to wish a merry Christmas on January 7, when it will be an Orthodox Christmas.
[2022-12-26 07:59:00] <%+dragonrealms24> Chat is like a Wobbuffet, we’ll bounce whatever is sent our way
[2022-12-26 07:59:01] <%rocketeer_c> clauviHeadpat clauviHeadpat clauviHeadpat clauviHeadpat
[2022-12-26 07:59:24] <Robert_Brown_> I think it's fine even if you aren't bullyable.
[2022-12-26 07:59:38] <+santobelletrist> Controversial take
[2022-12-26 07:59:45] <Namington2D> just a lil guy
[2022-12-26 07:59:48] <@%KafroHudrep> clauvio kongou is an immortal assassin warrior poet........ he is a fearsome man
[2022-12-26 07:59:53] <!+stalkeralker> nah fuck em up
[2022-12-26 07:59:53] <%namae33> clauviOgey
[2022-12-26 07:59:56] <@%KafroHudrep> bully me. just try
[2022-12-26 08:00:00] <%westernstyleguy> kill
[2022-12-26 08:00:06] <%ABC_itsSpyro123> When have you been bullied by chat?
[2022-12-26 08:00:15] <@%KafroHudrep> @ABC_itsSpyro123 every moment i am around
[2022-12-26 08:00:17] <%Rokros> cyber bullying
[2022-12-26 08:00:18] <!+stalkeralker> can you roast me as a sample
[2022-12-26 08:00:18] <PunkAzn> koragiShy
[2022-12-26 08:00:19] <%AstroSango> roast stream clauviActivate
[2022-12-26 08:00:20] <!+stalkeralker> 10 pls
[2022-12-26 08:00:24] VIEWERS: 168
[2022-12-26 08:00:26] <%ABC_itsSpyro123> @ABC_itsSpyro123 I see
[2022-12-26 08:00:33] <%Paint2D> All my points will be gone clauviWoozy
[2022-12-26 08:00:35] <!+stalkeralker> :(
[2022-12-26 08:00:42] <@WizeBot>* 👤 New FOLLOW(S) ❤ Th4t_On3_Chick76 ❤, WELCOME! (4046 followers) (+12).
[2022-12-26 08:01:00] [Points] stalkeralker redeemed milk offering (100)
[2022-12-26 08:01:01] [Points] Th4t_On3_Chick76 redeemed milk offering (100)
[2022-12-26 08:01:01] <Robert_Brown_> Roast steak_ch medium-rare
[2022-12-26 08:01:04] [Announcement] <WizeBot> ( ´ ▽ ` )ﾉ reminder that i have a twitter! https://twitter.com/clauviou and a discord! https://discord.gg/j34SYA9Ncp
[2022-12-26 08:01:11] <@%Yuushakun> Do it. Roast me, easy
[2022-12-26 08:01:13] [Points] Serene_48 redeemed consume liquid (100)
[2022-12-26 08:01:23] <@%KafroHudrep> THE ONLY THING BETTER THAN A MOUSE THAT GETS BULLIED IS A MOUSE THAT FAILS TO BULLY OTHERS
[2022-12-26 08:01:28] <%ABC_itsSpyro123> I know of a streamer who gets bullied quite a lot by their chat nemzSmirk
[2022-12-26 08:01:29] [Points] jimmy_mapp redeemed Mouse Doodle(tm) (10 000) [santa alker]
[2022-12-26 08:01:43] [Points] Th4t_On3_Chick76 redeemed stretch (100)
[2022-12-26 08:02:02] <%jimmy_mapp> clauviThumbsup np mouse
[2022-12-26 08:02:24] VIEWERS: 168
[2022-12-26 08:02:36] <%namae33> clauviSmiley
[2022-12-26 08:02:44] <%Serene_48> Like zoiks Scoob Clauvio is only using 5 percent of her power
[2022-12-26 08:02:45] <%AstroSango> clauviSmiley
[2022-12-26 08:02:47] <!+stalkeralker> beat his ass
[2022-12-26 08:02:51] <%Paint2D> yes
[2022-12-26 08:02:51] <%westernstyleguy> absolutely
[2022-12-26 08:02:53] <VeryInoffensiveName> Yes take that cookie away
[2022-12-26 08:03:01] <%Husbando_Kun> stomp on it
[2022-12-26 08:03:08] <Robert_Brown_> It looks cute
[2022-12-26 08:03:09] <papercompass> a dubious little creature
[2022-12-26 08:03:26] <%AstroSango> clauviOgey
[2022-12-26 08:03:26] <%Serene_48> D:
[2022-12-26 08:03:28] <%namae33> clauviWAH
[2022-12-26 08:03:34] <%Snowytales> D:
[2022-12-26 08:03:34] <henfella> rinacoBONK
[2022-12-26 08:03:35] <@%KafroHudrep> ow
[2022-12-26 08:03:38] <@WizeBot> anonymous feedback form! let me know anything you might be thinking. https://tinyurl.com/clauvio
[2022-12-26 08:03:41] <%namae33> LOL
[2022-12-26 08:03:45] <%+generaldank> we are finally sleepyhead mochi
[2022-12-26 08:03:48] <%Prognarok> clauviCry
[2022-12-26 08:03:48] <%Burzan> nooooo
[2022-12-26 08:03:48] <%ABC_itsSpyro123> Turned to paste
[2022-12-26 08:03:50] <@%KafroHudrep> this is like that time clauvio got crushed by a thwomp
[2022-12-26 08:03:50] <%jimmy_mapp> clauviOgey
[2022-12-26 08:03:53] <%Mattlava> o7
[2022-12-26 08:03:54] <!+stalkeralker> he dead
[2022-12-26 08:03:56] <%Serene_48> We need a sleepy head smoosh redeem LUL
[2022-12-26 08:04:00] <haihailune> clauviPepe rest in smush
[2022-12-26 08:04:02] <%H00dz> D:
[2022-12-26 08:04:05] <%strugglecabbage> BibleThump
[2022-12-26 08:04:05] <%Husbando_Kun> mashed mouse
[2022-12-26 08:04:14] <PunkAzn> clauviWAH
[2022-12-26 08:04:19] <!+stalkeralker> sleepyhead 2 seems happy that he won't have to share his cane
[2022-12-26 08:04:19] <%Serene_48> How could this happen to me
[2022-12-26 08:04:24] <%photonguro> clauviCry the martyr
[2022-12-26 08:04:28] <%+normalplant> clauviCry_SQ clauviCry_SQ clauviCry_SQ
[2022-12-26 08:04:30] VIEWERS: 171
[2022-12-26 08:04:37] <%ABC_itsSpyro123> Curbing rebellion by force tdogPoggers
[2022-12-26 08:04:40] <%+NeoZero> clauviDisdain
[2022-12-26 08:04:49] <%Paint2D> that aggressive score just went up by 10
[2022-12-26 08:04:53] <%+normalplant> a rascally rodent...
[2022-12-26 08:05:12] <%namae33> clauviLurk
[2022-12-26 08:05:14] <%westernstyleguy> no agression. just pure, cold killing intent
[2022-12-26 08:05:17] <%H00dz> someone called PETA mouse aboose
[2022-12-26 08:05:26] <%ABC_itsSpyro123> Actual psychopath clauviPog
[2022-12-26 08:05:33] <%strugglecabbage> can't handle what im seeing here, is this even 18+ strem
[2022-12-26 08:05:47] <Robert_Brown_> I don't think the aggression-score is absolute 0
[2022-12-26 08:05:49] <%Paint2D> now she is gaslighting us clauviOgey
[2022-12-26 08:06:02] <%jimmy_mapp> thanks for the stream clauvi, merry christmas one last time.
[2022-12-26 08:06:06] [Announcement] <WizeBot> ( ´ ▽ ` )ﾉ reminder that i have a twitter! https://twitter.com/clauviou and a discord! https://discord.gg/j34SYA9Ncp
[2022-12-26 08:06:10] <%Serene_48> You did mention Tob, she is doing a charity event.
[2022-12-26 08:06:15] <%GabaghoulGruelGremlin> goodbye and merry Christmas, everybody clauviComfy
[2022-12-26 08:06:21] <%SnackoRacko> ty for stream and comfy times
[2022-12-26 08:06:23] <%rocketeer_c> I see. Thanks for stream. I only caught a bit of it, but it was good. Merry Christmas and goodnight.
[2022-12-26 08:06:30] Viewerstats (07:38-08:06): avg:153 min:121 max:171 [15/155+0+3−37+0+40+0−34+0+39+0+2+0+3+0]
[2022-12-26 08:06:30] VIEWERS: 171
[2022-12-26 08:06:33] <%Serene_48> Cool cool clauviThumbsup
[2022-12-26 08:06:38] <%Prognarok> clauviWave
[2022-12-26 08:06:40] <%ABC_itsSpyro123> Thanks for the stream
[2022-12-26 08:06:43] <@%KafroHudrep> RAID MESSAGE IS "WHAT'S UP BIFFIE"
[2022-12-26 08:06:45] <%ABC_itsSpyro123> HI BIFFIE
[2022-12-26 08:06:46] <!+stalkeralker> FLATTENED SLEEPYHEAD
[2022-12-26 08:06:48] <%Paint2D> hi clauviWave
[2022-12-26 08:06:49] <~%clauvio> WHATS UP BIFFIE
[2022-12-26 08:06:51] <%namae33> thanks for the stream. glad i was able to catch it clauviComfy
[2022-12-26 08:06:57] <%ABC_itsSpyro123> WHATS UP BIFFIE clauviWoozy
[2022-12-26 08:07:02] <Namington2D> WHATS UP OOMFIE
[2022-12-26 08:07:11] <!+stalkeralker> WHATS UP BIFFIE
[2022-12-26 08:07:12] <%namae33> WHATS UP BIFFIE clauviPog
[2022-12-26 08:07:14] <%rocketeer_c> WHATS UP BIFFIE  clauviWoozy
[2022-12-26 08:07:15] <%Snowytales> WHATS UP BIFFIE clauviPog
[2022-12-26 08:07:19] <%jimmy_mapp> Oomfie will never die
[2022-12-26 08:07:24] <!+stalkeralker> WHATS UP BIFFIE clauviWAH
[2022-12-26 08:07:24] <@%justcerebro> merry cr
[2022-12-26 08:07:25] <%westernstyleguy> enjoy your funny bear cartoon
[2022-12-26 08:07:26] <%AstroSango> WHATS UP BIFFIE clauviPog
[2022-12-26 08:07:31] <@%KafroHudrep> clauviWoozy WHAT'S UP BIFFIE clauviWoozy WHAT'S UP BIFFIE clauviWoozy WHAT'S UP BIFFIE clauviWoozy WHAT'S UP BIFFIE clauviWoozy WHAT'S UP BIFFIE clauviWoozy
[2022-12-26 08:07:38] <%Snowytales> clauviWoozy WHAT'S UP BIFFIE clauviWoozy WHAT'S UP BIFFIE clauviWoozy WHAT'S UP BIFFIE clauviWoozy WHAT'S UP BIFFIE clauviWoozy WHAT'S UP BIFFIE clauviWoozy
[2022-12-26 08:08:14] <@WizeBot>* 👤 New FOLLOW(S) ❤ Isamu_TDK ❤, WELCOME! (4048 followers) (+13).
[2022-12-26 08:08:30] VIEWERS: 171
[2022-12-26 08:09:10] ~Stream offline~
[2022-12-26 08:09:14] <@WizeBot>* 👤 New FOLLOW(S) ❤ boogadooga76 ❤, WELCOME! (4049 followers) (+14).
[2022-12-26 08:10:15] <@WizeBot>* 👤 New FOLLOW(S) ❤ DoNothingCaterpillar ❤, WELCOME! (4051 followers) (+15).
[2022-12-26 08:11:16] <@WizeBot>* 👤 New FOLLOW(S) ❤ StripesUltimateEdition, itisme254 ❤, WELCOME! (4052 followers) (+17).
[2022-12-26 08:11:34] <@WizeBot>* ❌ LIVE OFFLINE, uptime of the session is 1 hour(s) 48 minute(s) 14 second(s).
