# Log started: 2022-12-30 00:20:13 +0100
[2022-12-30 00:20:13] <z3rx_x> !sens
[2022-12-30 00:20:13] <@^StreamElements> @z3rx_x 0.49; zoom 1.0 [800 DPI, 1000 Hz]
[2022-12-30 00:20:22] <z3rx_x> !res
[2022-12-30 00:20:22] <@^StreamElements> @z3rx_x 1280x960 4:3
[2022-12-30 00:20:47] <z3rx_x> !crosshair
[2022-12-30 00:20:47] <@^StreamElements> 1-2-1-2, outlines 1 or Import the code in to your settings: 0;P;c;1;o;1;f;0;0t;1;0l;2;0o;2;0a;1;0f;0;1b;0
[2022-12-30 01:23:15] <ttv_andu> !sens
[2022-12-30 01:23:15] <@^StreamElements> @ttv_andu 0.49; zoom 1.0 [800 DPI, 1000 Hz]
[2022-12-30 01:32:25] <karloduy> !settings
[2022-12-30 01:32:25] <@^StreamElements> @karloduy, https://youtu.be/PR5qbzFO_74
[2022-12-30 01:32:41] <imBL4KZ> !rawinput
[2022-12-30 01:32:48] <imBL4KZ> !settings
[2022-12-30 01:32:48] <@^StreamElements> @imBL4KZ, https://youtu.be/PR5qbzFO_74
[2022-12-30 01:34:21] <imBL4KZ> !sens
[2022-12-30 01:34:21] <@^StreamElements> @imBL4KZ 0.49; zoom 1.0 [800 DPI, 1000 Hz]
[2022-12-30 01:45:18] <ttv_andu> !sens
[2022-12-30 01:45:19] <@^StreamElements> @ttv_andu 0.49; zoom 1.0 [800 DPI, 1000 Hz]
[2022-12-30 01:49:14] <+Ar8k> !res
[2022-12-30 01:49:14] <@^StreamElements> @Ar8k 1280x960 4:3
[2022-12-30 01:49:28] <+Ar8k> !crosshair
[2022-12-30 01:49:28] <@^StreamElements> 1-2-1-2, outlines 1 or Import the code in to your settings: 0;P;c;1;o;1;f;0;0t;1;0l;2;0o;2;0a;1;0f;0;1b;0
[2022-12-30 03:01:13] <EDZALKAN> !cross
[2022-12-30 03:01:13] <@^StreamElements> 1-2-1-2, outlines 1 or Import the code in to your settings: 0;P;c;1;o;1;f;0;0t;1;0l;2;0o;2;0a;1;0f;0;1b;0
[2022-12-30 04:00:36] <bb0ss_> !crosshair
[2022-12-30 04:00:37] <@^StreamElements> 1-2-1-2, outlines 1 or Import the code in to your settings: 0;P;c;1;o;1;f;0;0t;1;0l;2;0o;2;0a;1;0f;0;1b;0
[2022-12-30 04:12:13] <bb0ss_> !settings
[2022-12-30 04:12:13] <@^StreamElements> @bb0ss_, https://youtu.be/PR5qbzFO_74
[2022-12-30 04:56:41] <atlassoso> !sens
[2022-12-30 04:56:41] <@^StreamElements> @atlassoso 0.49; zoom 1.0 [800 DPI, 1000 Hz]
[2022-12-30 06:01:20] <CloakIsTaken> !crosshair
[2022-12-30 06:01:20] <@^StreamElements> 1-2-1-2, outlines 1 or Import the code in to your settings: 0;P;c;1;o;1;f;0;0t;1;0l;2;0o;2;0a;1;0f;0;1b;0
[2022-12-30 07:28:27] <f_m_990> !mousepad
[2022-12-30 07:28:27] <@^StreamElements> Zowie G-SR
[2022-12-30 08:01:49] <ユウキ33 (yukivlt)> !headset
[2022-12-30 08:01:49] <@^StreamElements> HyperX Alpha Cloud S
[2022-12-30 08:15:05] <+charliieg4> !crosshair
[2022-12-30 08:15:05] <@^StreamElements> 1-2-1-2, outlines 1 or Import the code in to your settings: 0;P;c;1;o;1;f;0;0t;1;0l;2;0o;2;0a;1;0f;0;1b;0
[2022-12-30 08:16:01] <+charliieg4> !sens
[2022-12-30 08:16:01] <@^StreamElements> @charliieg4 0.49; zoom 1.0 [800 DPI, 1000 Hz]
[2022-12-30 09:52:42] <+BlazeLGND> !res
[2022-12-30 09:52:42] <@^StreamElements> @BlazeLGND 1280x960 4:3
[2022-12-30 09:56:51] <wallgood> !config
[2022-12-30 09:56:58] <wallgood> !settings
[2022-12-30 09:56:59] <@^StreamElements> @wallgood, https://youtu.be/PR5qbzFO_74
[2022-12-30 10:53:16] <ASUSfps> !crosshair
[2022-12-30 10:53:17] <@^StreamElements> 1-2-1-2, outlines 1 or Import the code in to your settings: 0;P;c;1;o;1;f;0;0t;1;0l;2;0o;2;0a;1;0f;0;1b;0
[2022-12-30 11:12:26] <alejandropoley14> !res
[2022-12-30 11:12:26] <@^StreamElements> @alejandropoley14 1280x960 4:3
[2022-12-30 11:21:00] <HThowlKR> !settings
[2022-12-30 11:21:00] <@^StreamElements> @HThowlKR, https://youtu.be/PR5qbzFO_74
[2022-12-30 11:21:18] <hectordlk> !crosshair
[2022-12-30 11:21:18] <@^StreamElements> 1-2-1-2, outlines 1 or Import the code in to your settings: 0;P;c;1;o;1;f;0;0t;1;0l;2;0o;2;0a;1;0f;0;1b;0
[2022-12-30 12:37:03] <KandiMS> !crosshair
[2022-12-30 12:37:04] <@^StreamElements> 1-2-1-2, outlines 1 or Import the code in to your settings: 0;P;c;1;o;1;f;0;0t;1;0l;2;0o;2;0a;1;0f;0;1b;0
[2022-12-30 12:52:05] <+Maf1y> !crosshair
[2022-12-30 12:52:05] <@^StreamElements> 1-2-1-2, outlines 1 or Import the code in to your settings: 0;P;c;1;o;1;f;0;0t;1;0l;2;0o;2;0a;1;0f;0;1b;0
[2022-12-30 13:25:00] <+おざきりょうた (ryotaozaki)> !video
[2022-12-30 13:25:00] <@^StreamElements> New Video -> https://youtu.be/KtblBQm3zQY
[2022-12-30 13:40:06] <+rodri7432> !crosshair
[2022-12-30 13:40:06] <@^StreamElements> 1-2-1-2, outlines 1 or Import the code in to your settings: 0;P;c;1;o;1;f;0;0t;1;0l;2;0o;2;0a;1;0f;0;1b;0
[2022-12-30 14:10:19] <Nistep_> !res
[2022-12-30 14:10:19] <@^StreamElements> @Nistep_ 1280x960 4:3
[2022-12-30 14:24:04] <+zacctv> !crosshair
[2022-12-30 14:24:20] <+zacctv> !cross
[2022-12-30 14:24:21] <@^StreamElements> 1-2-1-2, outlines 1 or Import the code in to your settings: 0;P;c;1;o;1;f;0;0t;1;0l;2;0o;2;0a;1;0f;0;1b;0
[2022-12-30 14:25:26] <marivlrt> !crosshair
[2022-12-30 14:25:27] <@^StreamElements> 1-2-1-2, outlines 1 or Import the code in to your settings: 0;P;c;1;o;1;f;0;0t;1;0l;2;0o;2;0a;1;0f;0;1b;0
[2022-12-30 14:44:55] <darkdreams1329> !SENS
[2022-12-30 14:44:55] <@^StreamElements> @darkdreams1329 0.49; zoom 1.0 [800 DPI, 1000 Hz]
[2022-12-30 14:58:37] <bukashkes> !mouse
[2022-12-30 14:58:37] <@^StreamElements> Zowie S2 Black Edition
[2022-12-30 15:10:24] <needed6939> !sens
[2022-12-30 15:10:24] <@^StreamElements> @needed6939 0.49; zoom 1.0 [800 DPI, 1000 Hz]
[2022-12-30 15:43:45] <+ianH9_> !res
[2022-12-30 15:43:45] <@^StreamElements> @ianH9_ 1280x960 4:3
[2022-12-30 15:44:16] <+ianH9_> !crosshair
[2022-12-30 15:44:16] <@^StreamElements> 1-2-1-2, outlines 1 or Import the code in to your settings: 0;P;c;1;o;1;f;0;0t;1;0l;2;0o;2;0a;1;0f;0;1b;0
[2022-12-30 15:49:55] <히아센_04 (hiasen_04)> !graphics
[2022-12-30 15:51:54] <r3asonnn_> !crosshair
[2022-12-30 15:51:54] <@^StreamElements> 1-2-1-2, outlines 1 or Import the code in to your settings: 0;P;c;1;o;1;f;0;0t;1;0l;2;0o;2;0a;1;0f;0;1b;0
[2022-12-30 15:53:43] <r3asonnn_> !sens
[2022-12-30 15:53:44] <@^StreamElements> @r3asonnn_ 0.49; zoom 1.0 [800 DPI, 1000 Hz]
[2022-12-30 16:33:48] <wzrd_i_pascal> !crosshair
[2022-12-30 16:33:48] <@^StreamElements> 1-2-1-2, outlines 1 or Import the code in to your settings: 0;P;c;1;o;1;f;0;0t;1;0l;2;0o;2;0a;1;0f;0;1b;0
[2022-12-30 17:25:35] <aylerxz> !crosshair
[2022-12-30 17:25:36] <@^StreamElements> 1-2-1-2, outlines 1 or Import the code in to your settings: 0;P;c;1;o;1;f;0;0t;1;0l;2;0o;2;0a;1;0f;0;1b;0
[2022-12-30 17:29:46] <+doongifrog> !sens
[2022-12-30 17:29:46] <@^StreamElements> @doongifrog 0.49; zoom 1.0 [800 DPI, 1000 Hz]
[2022-12-30 17:35:35] <z4pyyy> !res
[2022-12-30 17:35:36] <@^StreamElements> @z4pyyy 1280x960 4:3
[2022-12-30 17:52:35] <+tryxx07> !crosshair
[2022-12-30 17:52:35] <@^StreamElements> 1-2-1-2, outlines 1 or Import the code in to your settings: 0;P;c;1;o;1;f;0;0t;1;0l;2;0o;2;0a;1;0f;0;1b;0
[2022-12-30 18:04:26] <nazillmaticx> hi
[2022-12-30 18:18:44] <BR1CE94> !res
[2022-12-30 18:18:44] <@^StreamElements> @BR1CE94 1280x960 4:3
[2022-12-30 18:19:29] <BR1CE94> !settings
[2022-12-30 18:19:29] <@^StreamElements> @BR1CE94, https://youtu.be/PR5qbzFO_74
[2022-12-30 18:28:07] <BR1CE94> !video
[2022-12-30 18:28:07] <@^StreamElements> New Video -> https://youtu.be/KtblBQm3zQY
[2022-12-30 18:39:36] <tumax_t> !crosshair
[2022-12-30 18:39:36] <@^StreamElements> 1-2-1-2, outlines 1 or Import the code in to your settings: 0;P;c;1;o;1;f;0;0t;1;0l;2;0o;2;0a;1;0f;0;1b;0
[2022-12-30 18:49:41] <lennpuy> !aim
[2022-12-30 18:49:41] <@^StreamElements> Video - https://youtu.be/rKfBf4_Veq8
[2022-12-30 18:56:13] <itsjustfeng> !settings
[2022-12-30 18:56:14] <@^StreamElements> @itsjustfeng, https://youtu.be/PR5qbzFO_74
[2022-12-30 18:56:25] <itsjustfeng> !video
[2022-12-30 18:56:25] <@^StreamElements> New Video -> https://youtu.be/KtblBQm3zQY
[2022-12-30 19:05:01] <ReatreiTV> !res
[2022-12-30 19:05:02] <@^StreamElements> @ReatreiTV 1280x960 4:3
[2022-12-30 19:10:20] <BR1CE94> !sens
[2022-12-30 19:10:21] <@^StreamElements> @BR1CE94 0.49; zoom 1.0 [800 DPI, 1000 Hz]
[2022-12-30 19:19:59] <brk7fps> !sens
[2022-12-30 19:20:00] <@^StreamElements> @brk7fps 0.49; zoom 1.0 [800 DPI, 1000 Hz]
[2022-12-30 19:20:03] <brk7fps> !res
[2022-12-30 19:20:03] <@^StreamElements> @brk7fps 1280x960 4:3
[2022-12-30 19:20:08] <brk7fps> !crossair
[2022-12-30 19:20:12] <brk7fps> !crosshair
[2022-12-30 19:20:12] <@^StreamElements> 1-2-1-2, outlines 1 or Import the code in to your settings: 0;P;c;1;o;1;f;0;0t;1;0l;2;0o;2;0a;1;0f;0;1b;0
[2022-12-30 19:20:15] <brk7fps> !video
[2022-12-30 19:20:16] <@^StreamElements> New Video -> https://youtu.be/KtblBQm3zQY
[2022-12-30 19:22:41] <@^StreamElements> https://www.tiktok.com/@natsofficialvlr?
[2022-12-30 19:23:11] <@^StreamElements> FAQ - https://docs.google.com/document/d/1-RFy0dAsLyBak1qIefRVEPvW29TooH0y2D0Flm2jz9M
[2022-12-30 19:28:01] <lel1k__> !crosshair
[2022-12-30 19:28:01] <@^StreamElements> 1-2-1-2, outlines 1 or Import the code in to your settings: 0;P;c;1;o;1;f;0;0t;1;0l;2;0o;2;0a;1;0f;0;1b;0
[2022-12-30 19:38:51] <jauloo> !sens
[2022-12-30 19:38:51] <@^StreamElements> @jauloo 0.49; zoom 1.0 [800 DPI, 1000 Hz]
[2022-12-30 20:00:25] <imbarsk> !pc
[2022-12-30 20:00:26] <@^StreamElements> i7-9700K 5.0 GHz, 16GB RAM 4000MHz, RTX 2060 Super
[2022-12-30 20:00:45] <imbarsk> !mouse
[2022-12-30 20:00:45] <@^StreamElements> Zowie S2 Black Edition
[2022-12-30 20:00:51] <imbarsk> !monitor
[2022-12-30 20:00:51] <@^StreamElements> BENQ Zowie XL2546K 240 HZ
[2022-12-30 20:00:55] <imbarsk> !keyboard
[2022-12-30 20:00:56] <@^StreamElements> Razer Huntsman V2 Tenkeyless
[2022-12-30 20:01:15] <imbarsk> !religion
[2022-12-30 20:01:15] <@^StreamElements> @imbarsk, Muslim
[2022-12-30 20:01:34] <imbarsk> !grip
[2022-12-30 20:01:34] <@^StreamElements> @imbarsk Palm grip
[2022-12-30 20:01:51] <imbarsk> !study
[2022-12-30 20:01:51] <@^StreamElements> Law
[2022-12-30 20:02:02] <imbarsk> !aimroutine
[2022-12-30 20:02:03] <@^StreamElements> @imbarsk https://youtu.be/rKfBf4_Veq8
[2022-12-30 20:02:41] <@^StreamElements> https://www.tiktok.com/@natsofficialvlr?
[2022-12-30 20:05:41] <@^StreamElements> https://www.instagram.com/reel/CfhPRM8AM43/?igshid=YmMyMTA2M2Y=
[2022-12-30 20:31:27] <QuipuCBL> !commands
[2022-12-30 20:31:27] <@^StreamElements> !faq !vk !faceit !sens !stats !steam !res !crosshair !hltv !inst !vlr !youtube !twitter !donate !mousepad !mouse !keyboard !monitor !settings !controls !headset !age !panda !cat !from !nvidia !pc !time !stretched !tall !sleeve !monitorsettings !religion !rules !duo !grip !rank !radar !aimroutine !protips !minimap !study !main !team !guide !chair !cam !mic !servers !birthday !id !tg !subcount !language !where !record !tournament
[2022-12-30 20:31:35] <QuipuCBL> !sens
[2022-12-30 20:31:35] <@^StreamElements> @QuipuCBL 0.49; zoom 1.0 [800 DPI, 1000 Hz]
[2022-12-30 20:31:40] <QuipuCBL> !res
[2022-12-30 20:31:40] <@^StreamElements> @QuipuCBL 1280x960 4:3
[2022-12-30 20:32:07] <QuipuCBL> !monitorsettings
[2022-12-30 20:32:07] <@^StreamElements> @QuipuCBL, https://youtu.be/PR5qbzFO_74
[2022-12-30 20:32:23] <QuipuCBL> !nvidia
[2022-12-30 20:32:23] <@^StreamElements> 1. https://clck.ru/YuaKg 2. Color filtres - default
[2022-12-30 20:33:11] <@^StreamElements> FAQ - https://docs.google.com/document/d/1-RFy0dAsLyBak1qIefRVEPvW29TooH0y2D0Flm2jz9M
[2022-12-30 20:34:41] <@^StreamElements> Twitter→ twitter.com/nAts__ss
[2022-12-30 20:36:41] <@^StreamElements> https://www.instagram.com/reel/CfhPRM8AM43/?igshid=YmMyMTA2M2Y=
[2022-12-30 20:38:58] <tim5965> !sens
[2022-12-30 20:38:58] <@^StreamElements> @tim5965 0.49; zoom 1.0 [800 DPI, 1000 Hz]
[2022-12-30 20:43:29] <rehxlol> !
[2022-12-30 20:45:39] <rehxlol> !crosshair
[2022-12-30 20:45:39] <@^StreamElements> 1-2-1-2, outlines 1 or Import the code in to your settings: 0;P;c;1;o;1;f;0;0t;1;0l;2;0o;2;0a;1;0f;0;1b;0
[2022-12-30 20:49:46] <nagii_s> !crosshair
[2022-12-30 20:49:46] <@^StreamElements> 1-2-1-2, outlines 1 or Import the code in to your settings: 0;P;c;1;o;1;f;0;0t;1;0l;2;0o;2;0a;1;0f;0;1b;0
[2022-12-30 21:05:09] <hakannitto> !settings
[2022-12-30 21:05:09] <@^StreamElements> @hakannitto, https://youtu.be/PR5qbzFO_74
[2022-12-30 21:12:39] <+FroyFPS> !sens
[2022-12-30 21:12:39] <@^StreamElements> @FroyFPS 0.49; zoom 1.0 [800 DPI, 1000 Hz]
[2022-12-30 21:12:54] <+FroyFPS> !res
[2022-12-30 21:12:54] <@^StreamElements> @FroyFPS 1280x960 4:3
[2022-12-30 21:13:06] <+FroyFPS> !crosshair
[2022-12-30 21:13:07] <@^StreamElements> 1-2-1-2, outlines 1 or Import the code in to your settings: 0;P;c;1;o;1;f;0;0t;1;0l;2;0o;2;0a;1;0f;0;1b;0
[2022-12-30 21:21:29] <MacoCT> !religion
[2022-12-30 21:21:29] <@^StreamElements> @MacoCT, Muslim
[2022-12-30 21:25:08] <jonaah> !mouse
[2022-12-30 21:25:08] <@^StreamElements> Zowie S2 Black Edition
[2022-12-30 21:47:36] <imBL4KZ> !crosshair
[2022-12-30 21:47:36] <@^StreamElements> 1-2-1-2, outlines 1 or Import the code in to your settings: 0;P;c;1;o;1;f;0;0t;1;0l;2;0o;2;0a;1;0f;0;1b;0
[2022-12-30 21:48:04] <not_shye> !crosshair
[2022-12-30 21:48:04] <@^StreamElements> 1-2-1-2, outlines 1 or Import the code in to your settings: 0;P;c;1;o;1;f;0;0t;1;0l;2;0o;2;0a;1;0f;0;1b;0
[2022-12-30 21:48:54] <+rodri7432> !crosshair
[2022-12-30 21:48:54] <@^StreamElements> 1-2-1-2, outlines 1 or Import the code in to your settings: 0;P;c;1;o;1;f;0;0t;1;0l;2;0o;2;0a;1;0f;0;1b;0
[2022-12-30 21:50:02] <tuvaisurtarr> !sens
[2022-12-30 21:50:02] <@^StreamElements> @tuvaisurtarr 0.49; zoom 1.0 [800 DPI, 1000 Hz]
[2022-12-30 21:50:09] <tuvaisurtarr> !crosshair
[2022-12-30 21:50:09] <@^StreamElements> 1-2-1-2, outlines 1 or Import the code in to your settings: 0;P;c;1;o;1;f;0;0t;1;0l;2;0o;2;0a;1;0f;0;1b;0
[2022-12-30 22:26:36] <koonradz> !crosshair
[2022-12-30 22:26:36] <@^StreamElements> 1-2-1-2, outlines 1 or Import the code in to your settings: 0;P;c;1;o;1;f;0;0t;1;0l;2;0o;2;0a;1;0f;0;1b;0
[2022-12-30 22:53:22] <+lennox__69__> !sens
[2022-12-30 22:53:22] <@^StreamElements> @lennox__69__ 0.49; zoom 1.0 [800 DPI, 1000 Hz]
[2022-12-30 22:57:08] <+lennox__69__> !settings
[2022-12-30 22:57:08] <@^StreamElements> @lennox__69__, https://youtu.be/PR5qbzFO_74
