# Log started: 2022-12-21 15:38:13 +0100
[2022-12-21 15:38:13] ~😩SKUNKU😩CONTENT😩THAT😩 TOOO SAUCYYY KAMU KAMUU (Overwatch 2)~
[2022-12-21 15:38:13] Joining #kyokeru..
[2022-12-21 15:38:13] You have joined #kyokeru
[2022-12-21 15:38:13] VIEWERS: 860
[2022-12-21 15:39:21] <serwolf_> moepPat moepPat gambaré
[2022-12-21 15:39:30] <%SpaceCircus_> NOTED sombra works pretty nice with ram ult
[2022-12-21 15:40:04] VIEWERS: 860
[2022-12-21 15:40:04] <%SpaceCircus_> till OW3
[2022-12-21 15:40:07] <%FnAngel_> awkward Good ult
[2022-12-21 15:40:14] <@%Lokao___> huge ult awkward
[2022-12-21 15:40:24] <%SpaceCircus_> dw guys it will move the payload faster xdd
[2022-12-21 15:40:28] <%SpaceCircus_> LMAO
[2022-12-21 15:40:29] <%LetaGG> OMEGALUL
[2022-12-21 15:40:34] <%SpaceCircus_> OMEGADANCEBUTFAST
[2022-12-21 15:40:45] [Points] thatguybrad666 redeemed FEED ME (5 000)
[2022-12-21 15:41:00] <%LetaGG> how often does he have ult jeeesus
[2022-12-21 15:41:00] <@%Lokao___> -5k LDance
[2022-12-21 15:41:17] <%thatguybrad666> hehe
[2022-12-21 15:41:18] <@%Lokao___> its pretty easy to get ram ult
[2022-12-21 15:41:23] <%LetaGG> uh okie
[2022-12-21 15:41:26] <%thatguybrad666> brb gonna make some food
[2022-12-21 15:41:58] <%SpaceCircus_> he got buffed a good bit so depending on how much he kills he will get it fast
[2022-12-21 15:42:02] <%Darklobi> BALL EVERYWHERE INSANECAT
[2022-12-21 15:42:02] <%usagi_no_konoko> dangerous balls
[2022-12-21 15:42:04] VIEWERS: 860
[2022-12-21 15:42:39] <%MrPrestoo> wait I remember I didn't close chatterino and I did see FnAngel ping but Lokao and Mackoyo misspelled my name, I was confused why I was ping once but never checked why LULW
[2022-12-21 15:42:48] <%fl00bie54> @letagg oi oi kyokWave kyokTail
[2022-12-21 15:43:03] <%LetaGG> @fl00bie54 heee Floobs kyokWave kyokTail
[2022-12-21 15:43:08] <%FnAngel_> OMEGALUL
[2022-12-21 15:43:15] <@%Lokao___> MrPrestoo i forgor that you have 2 o's
[2022-12-21 15:43:31] <%MrPrestoo> yeah i saw
[2022-12-21 15:44:04] VIEWERS: 860
[2022-12-21 15:44:40] <%FnAngel_> xdd Press tab
[2022-12-21 15:45:09] <@%Lokao___> PERDEMO
[2022-12-21 15:45:14] <@%^Nightbot> Discord: https://discord.com/invite/5w2fB9zt8C Twitter: https://twitter.com/Kyokeru_ TikTok: https://www.tiktok.com/@kyokeru?
[2022-12-21 15:45:18] <%FnAngel_> PERDEMO
[2022-12-21 15:45:26] <%FnAngel_> kyokWave kyokTail Yo sn0w
[2022-12-21 15:45:33] <%LetaGG> Poggies Snow
[2022-12-21 15:45:39] <@%Lokao___> kyokWave kyokTail sn0w
[2022-12-21 15:46:03] <%tevin_vr> kyokCat
[2022-12-21 15:46:04] VIEWERS: 851
[2022-12-21 15:46:17] <%SpaceCircus_> sn0w kyokWave kyokTail !!!!
[2022-12-21 15:46:23] <%FogCityDiner> teviniSpin
[2022-12-21 15:46:26] <%SpaceCircus_> get on the treadmill ReallyMad
[2022-12-21 15:46:52] <%LetaGG> ImAwake soon
[2022-12-21 15:46:53] <%FnAngel_> popCat
[2022-12-21 15:46:53] <@%Lokao___> popCat
[2022-12-21 15:46:55] <%SpaceCircus_> popCat
[2022-12-21 15:47:01] <@%Lokao___> DIESOFCRINGE
[2022-12-21 15:47:02] <%FnAngel_> DIESOFCRINGE
[2022-12-21 15:47:11] <%FogCityDiner> kyokSuffer smells wet
[2022-12-21 15:47:12] <%Darklobi> xdd
[2022-12-21 15:47:13] <%SpaceCircus_> NOOOOOOOOOOOO'
[2022-12-21 15:47:22] <@%Lokao___> kyokJam kyokTail
[2022-12-21 15:47:30] <%FnAngel_> kyokJam kyokTail
[2022-12-21 15:47:46] <%Darklobi> AYAYAjam  kyokTail
[2022-12-21 15:47:58] <%fl00bie54> AYAYAjam  kyokTail
[2022-12-21 15:48:04] VIEWERS: 851
[2022-12-21 15:48:40] <%FnAngel_> :0 The funny bow takes up the whole screen guy
[2022-12-21 15:49:02] <%fl00bie54> kyokJam oh shit this bumpin
[2022-12-21 15:49:25] <%Darklobi> Deadge
[2022-12-21 15:49:27] <@%Lokao___> IneedeelinGe
[2022-12-21 15:49:35] <%LetaGG> Has the heartrate monitor been there the entire day?  How2Read
[2022-12-21 15:49:57] <@%Lokao___> its been there since the poppy game
[2022-12-21 15:50:04] <%Darklobi> it was put on at that poppy game NODDERSkyo
[2022-12-21 15:50:04] VIEWERS: 851
[2022-12-21 15:50:14] <%LetaGG> Ohh guess I am blind  How2Read
[2022-12-21 15:50:31] <@%Lokao___> GAMING
[2022-12-21 15:50:31] <AcousticPeepo> lucio job isn't healing tho PepeLaugh
[2022-12-21 15:50:39] <%MrPrestoo> GAMING Chillz
[2022-12-21 15:50:40] <Colin731> hi @kyokeru dredge21Wave dredge21Dinolove
[2022-12-21 15:50:50] <%LetaGG> @Colin731 kyokWave kyokTail
[2022-12-21 15:50:55] <%FnAngel_> @Colin731 kyokWave kyokTail
[2022-12-21 15:51:02] <%Darklobi> @Colin731 kyokWave kyokTail
[2022-12-21 15:51:12] <%LetaGG> Deadge
[2022-12-21 15:51:45] <Colin731> @letagg @fnangel_ @darklobi dredge21Wave boxyfrLul xqcNom
[2022-12-21 15:51:55] <@%Lokao___> kyokWave kyokTail @Colin731
[2022-12-21 15:52:04] VIEWERS: 851
[2022-12-21 15:52:18] <Colin731> @lokao___ dredge21Wave xqcLook
[2022-12-21 15:52:45] <%tevin_vr> check him pc
[2022-12-21 15:52:50] <%SpaceCircus_> its because yall funnel into halls where he can fuck shit up in
[2022-12-21 15:53:10] <@%Lokao___> wideVIBE
[2022-12-21 15:53:16] <%Sandalsock> ROFLGATING YOU DARE?!
[2022-12-21 15:53:29] <%SpaceCircus_> xdd 5 extra bullets
[2022-12-21 15:53:35] <%FnAngel_> E
[2022-12-21 15:53:38] <%Darklobi> Deadge
[2022-12-21 15:53:40] <%SpaceCircus_> E
[2022-12-21 15:53:50] <%+Kriegsher> lol
[2022-12-21 15:53:54] <%CarnoVrc> i love how bastion dies and he becomes legos
[2022-12-21 15:54:03] <%Darklobi> try to use ur bombs Okay
[2022-12-21 15:54:07] VIEWERS: 851
[2022-12-21 15:54:08] <%Faraheen__> "You're a great support" = "Please god don't play dps"
[2022-12-21 15:54:43] <%+Kriegsher> @Faraheen__ yup hahaha
[2022-12-21 15:54:58] <%FnAngel_> wideVIBE
[2022-12-21 15:54:58] <%SpaceCircus_> KyleKeru
[2022-12-21 15:54:58] <%Darklobi> no eels for skunky NOPERSkyo
[2022-12-21 15:54:58] <@%Lokao___> bastion granade is more or less to parkour that shit rarely gets any kills
[2022-12-21 15:55:08] <%timmytwoshoes7> KyleKeru grrrr
[2022-12-21 15:55:14] <@%Lokao___> wideVIBE
[2022-12-21 15:55:47] <%SpaceCircus_> @Lokao___ Aware i've had trick shots get me when i run away with somewhat low health
[2022-12-21 15:56:01] <Colin731> lol
[2022-12-21 15:56:08] VIEWERS: 788
[2022-12-21 15:56:12] <%Darklobi> Deadge
[2022-12-21 15:56:16] <%SpaceCircus_> Deadge
[2022-12-21 15:56:27] <AcousticPeepo> HUH
[2022-12-21 15:56:40] <@%Lokao___> its funny to me that some people still dont know that you can rocket jump with bastions granade
[2022-12-21 15:56:43] <%SpaceCircus_> kyo was also hanzo the first half
[2022-12-21 15:56:43] <%FnAngel_> Deadge
[2022-12-21 15:56:44] <AcousticPeepo> the payload go through the door by it self LULW
[2022-12-21 15:57:19] <@%Lokao___> OMEGALUL
[2022-12-21 15:57:19] <AcousticPeepo> made space Pog
[2022-12-21 15:57:31] <%SpaceCircus_> SPACE Pog
[2022-12-21 15:58:04] <@%Lokao___> Deadge Clap solo ulted
[2022-12-21 15:58:06] <AcousticPeepo> play junkrat PepeLaugh
[2022-12-21 15:58:09] VIEWERS: 788
[2022-12-21 15:58:17] <%tevin_vr> when is getting coach strem
[2022-12-21 15:58:19] <%fl00bie54> RAGEY fkn moira
[2022-12-21 15:58:27] <%SpaceCircus_> honestly at this point junk would be fine
[2022-12-21 15:58:38] <%fl00bie54> kyokJam kyokTail
[2022-12-21 15:59:14] <%FnAngel_> kyokJam kyokTail
[2022-12-21 15:59:18] <@%Lokao___> EZ Clap
[2022-12-21 15:59:18] <%SpaceCircus_> you did it kyle :0
[2022-12-21 15:59:23] <%FnAngel_> EZ Clap
[2022-12-21 15:59:28] <ModoRoto> EZ Clap didnt break a sweat
[2022-12-21 15:59:51] <%fl00bie54> EZ Clap
[2022-12-21 15:59:59] <%SpaceCircus_> tev xdd
[2022-12-21 16:00:09] VIEWERS: 855
[2022-12-21 16:00:24] <@%^Nightbot> Discord: https://discord.com/invite/5w2fB9zt8C Twitter: https://twitter.com/Kyokeru_ TikTok: https://www.tiktok.com/@kyokeru?
[2022-12-21 16:00:30] <%tevin_vr> i had a little coaching session with next i thought it was great you should have one too kyo
[2022-12-21 16:00:48] <%tevin_vr> kyokCat kyokTail
[2022-12-21 16:00:54] <%SpaceCircus_> awww
[2022-12-21 16:00:57] <%SpaceCircus_> cute
[2022-12-21 16:01:06] <%Faraheen__> Kyo needs more than a session
[2022-12-21 16:01:07] <AcousticPeepo> Play torb Pog
[2022-12-21 16:01:13] <%FnAngel_> xdd
[2022-12-21 16:01:19] <%Darklobi> OMEGADANCEBUTFAST
[2022-12-21 16:01:20] <@%Lokao___> OMEGADANCEBUTFAST
[2022-12-21 16:01:20] <%SpaceCircus_> xdd
[2022-12-21 16:01:25] <AcousticPeepo> torb hammer only Pog
[2022-12-21 16:01:55] <%SpaceCircus_> CHRISTMAS :0
[2022-12-21 16:02:06] <AcousticPeepo> ppOverheat bop them all MEGALUL
[2022-12-21 16:02:09] VIEWERS: 855
[2022-12-21 16:02:35] <%FnAngel_> 65?
[2022-12-21 16:02:36] <%FnAngel_> or 50
[2022-12-21 16:02:38] <AcousticPeepo> like 80
[2022-12-21 16:02:48] <%CarnoVrc> kok
[2022-12-21 16:02:55] <%+Masacris> it oneshots peepoGiggles
[2022-12-21 16:02:58] <%SpaceCircus_> chasing people with torb hammer is the funniest shit
[2022-12-21 16:03:11] <@%Lokao___> dankShrug i dont know they changed too many times i lost track
[2022-12-21 16:03:28] <%FnAngel_> Okay Just google its 55
[2022-12-21 16:03:41] <%SpaceCircus_> homie just got short legs Smadge
[2022-12-21 16:03:52] <%LetaGG> this music  BRUHHHHHHHHH
[2022-12-21 16:04:10] VIEWERS: 839
[2022-12-21 16:04:14] <AcousticPeepo> coom on them all kyo XCONOMEGALULIGUESS
[2022-12-21 16:04:26] [Notification] RWBY_Best_Anime subscribed with Prime. They've subscribed for 8 months! [kyokHeart]
[2022-12-21 16:04:31] <@%Lokao___> HandsUp
[2022-12-21 16:04:31] <%FnAngel_> HandsUp
[2022-12-21 16:04:34] <%LetaGG> HandsUp
[2022-12-21 16:04:39] <%fl00bie54> HandsUp
[2022-12-21 16:04:42] <%Darklobi> HandsUp
[2022-12-21 16:04:47] <%$RWBY_Best_Anime> PepeLaugh
[2022-12-21 16:04:49] <@%Lokao___> OMEGADANCEBUTFAST huge turret
[2022-12-21 16:04:51] <%LetaGG> kyokDank
[2022-12-21 16:04:53] <%$RWBY_Best_Anime> AINTNOWAY
[2022-12-21 16:04:55] <%Darklobi> nice play xdd
[2022-12-21 16:04:56] <%FnAngel_> xdd
[2022-12-21 16:05:05] <%Brafaroc> turrent into 90% misses xdd
[2022-12-21 16:05:11] <%FnAngel_> xdd Hey kyo youre a really good support
[2022-12-21 16:05:21] <%LetaGG> OMEGALUL
[2022-12-21 16:05:23] <%fl00bie54> xdd
[2022-12-21 16:05:40] <%Darklobi> gamba on kyo doing more dmg then other dps? ANYAMUS
[2022-12-21 16:05:50] <%FnAngel_> xdd Its too hard
[2022-12-21 16:06:07] <%LetaGG> Deadge
[2022-12-21 16:06:07] <@%Lokao___> kyokWave kyokTail @alonsogeming_cod
[2022-12-21 16:06:13] VIEWERS: 839
[2022-12-21 16:06:14] <%FnAngel_> @alonsogeming_cod, kyokWave kyokTail
[2022-12-21 16:06:17] <%Darklobi> @alonsogeming_cod kyokWave kyokTail
[2022-12-21 16:06:18] <%LetaGG> @alonsogeming_cod kyokWave
[2022-12-21 16:06:51] <%shirodranzer> kyokWave hi kyo n chat xdd
[2022-12-21 16:06:59] <%FnAngel_> @shirodranzer, kyokWave kyokTail
[2022-12-21 16:07:05] <%Darklobi> @shirodranzer kyokWave kyokTail
[2022-12-21 16:07:10] <%LetaGG> @shirodranzer kyokWave kyokTail
[2022-12-21 16:07:13] <@%Lokao___> kyokWave kyokTail @shirodranzer
[2022-12-21 16:07:22] <%thatguybrad666> @shirodranzer kyokWave kyokTail
[2022-12-21 16:07:27] <%SpaceCircus_> just sit next to a health pack and shoot through door/choke dankShrug
[2022-12-21 16:07:37] <%SpaceCircus_> e
[2022-12-21 16:08:14] Viewerstats (15:40-16:08): avg:842 min:788 max:860 [15/860+0+0−9+0+0+0+0−63+0+67+0−16+0+0]
[2022-12-21 16:08:14] VIEWERS: 839
[2022-12-21 16:08:15] <%SpaceCircus_> huge actually
[2022-12-21 16:09:00] <%SpaceCircus_> xdd
[2022-12-21 16:09:09] <%LetaGG> kyokScreech
[2022-12-21 16:09:46] <@%Lokao___> PERDEMO
[2022-12-21 16:09:50] <%FnAngel_> PERDEMO
[2022-12-21 16:09:50] <%Darklobi> Deadge
[2022-12-21 16:10:14] VIEWERS: 839
[2022-12-21 16:10:33] <@%Lokao___> wideVIBE
[2022-12-21 16:10:38] <%FnAngel_> wideVIBE
[2022-12-21 16:11:39] <%FnAngel_> xdd
[2022-12-21 16:11:48] <@%Lokao___> DIESOFCRINGE
[2022-12-21 16:11:49] <%LetaGG> peepoCringe
[2022-12-21 16:11:59] <Hauntz_> DIESOFCRINGE
[2022-12-21 16:12:02] <%FnAngel_> kyokSad
[2022-12-21 16:12:05] <%LetaGG> Hahaha OMEGALUL
[2022-12-21 16:12:06] <Solarcr> the majority of these battlepass lines are giga cringe imo Okayge
[2022-12-21 16:12:14] VIEWERS: 839
[2022-12-21 16:12:33] <Solarcr> Kiri's is the worst Okayge
[2022-12-21 16:12:57] <%FnAngel_> wait till you see me on my bike
[2022-12-21 16:13:22] <@%Lokao___> peepoTalk wait till you see me on my bike INSANECAT
[2022-12-21 16:13:57] <%FnAngel_> Saved
[2022-12-21 16:14:17] VIEWERS: 839
[2022-12-21 16:14:44] <%LordWoo> God I have the worst song stuck in my head kyokSuffer
[2022-12-21 16:15:04] <%FnAngel_> @LordWoo, kyokWave kyokTail Play Disorder to drown it out
[2022-12-21 16:15:16] <@%^Nightbot> Discord: https://discord.com/invite/5w2fB9zt8C Twitter: https://twitter.com/Kyokeru_ TikTok: https://www.tiktok.com/@kyokeru?
[2022-12-21 16:15:24] <%Darklobi> @LordWoo kyokWave kyokTail
[2022-12-21 16:15:35] <%LordWoo> @FnAngel_ I shall
[2022-12-21 16:15:40] <@%Lokao___> just listen to IveGoneCompletelyMental Disorder . @LordWoo SupHomie
[2022-12-21 16:15:49] <+ajdude455> @LordWoo I'm the biggest bird, I'm the biggest bird I'm the biggest bird, I'm the biggest bird (Bird) I'm the biggest bird, I'm the biggest bird (Bird)
[2022-12-21 16:16:04] <%LordWoo> @Darklobi @Lokao___ SupHomie
[2022-12-21 16:16:17] VIEWERS: 824
[2022-12-21 16:16:21] <%g0demperror> bird is a word
[2022-12-21 16:16:34] <Solarcr> just listen to Formsoft boss music to clear your mind Okayge
[2022-12-21 16:16:57] <@%Lokao___> kyokJam kyokTail
[2022-12-21 16:17:03] <%LordWoo> I don't think anything can get rid of chinese spongebob Idol
[2022-12-21 16:17:20] <@%Lokao___> @LordWoo BOBESPONJA
[2022-12-21 16:17:47] <%LordWoo> Bob le ponge
[2022-12-21 16:18:15] <%FnAngel_> @Lokao___, :0 Wait did you see the persona 3 and 4 are coming to gamepass
[2022-12-21 16:18:19] VIEWERS: 824
[2022-12-21 16:18:43] <%LordWoo> @FnAngel_ Never played 3 is it good as 4?
[2022-12-21 16:18:54] <@%Lokao___> @FnAngel_ NODDERSkyo i saw it but i didnt even finish the second palace in p5 OMEGADANCEBUTFAST
[2022-12-21 16:18:57] <%PlsMommyKyo> OMEGALUL
[2022-12-21 16:19:28] <%FnAngel_> @LordWoo, I never played 3 or 4 i have only play 5 reactly and loved it
[2022-12-21 16:19:52] <%FnAngel_> @Lokao___, RAGEY Play it and enjoy it
[2022-12-21 16:20:01] <%LordWoo> @FnAngel_ oh nice, 4 is really good Okay
[2022-12-21 16:20:19] VIEWERS: 838
[2022-12-21 16:20:35] <%LetaGG> OMEGADANCEBUTFAST
[2022-12-21 16:20:42] <%FnAngel_> @LordWoo, NODDERSkyo I have heard so many good things about 4 so im hyped for when i can play it
[2022-12-21 16:20:50] <@%Lokao___> @FnAngel_ i got soo much stuff to play, i want to finish p5 and cyberpunk, and now theres high on life and all i beenn doing is DIESOFOVERWATCH
[2022-12-21 16:21:13] <%FnAngel_> wideVIBE
[2022-12-21 16:21:20] <@%Lokao___> wideVIBE
[2022-12-21 16:21:26] <%FnAngel_> @Lokao___, kyokSuffer I know that pain
[2022-12-21 16:21:41] <%LordWoo> @Lokao___ High on life is really funny, but gets a wee bit le cringa a fair bit in
[2022-12-21 16:22:24] VIEWERS: 838
[2022-12-21 16:22:26] <%FnAngel_> From what ive seen from high on life its a bit THEVOICES for me
[2022-12-21 16:23:23] <%FnAngel_> EZ Clap
[2022-12-21 16:23:27] <@%Lokao___> EZ Clap
[2022-12-21 16:23:45] <%LetaGG> junkrat artillery mode is  peepoCringe
[2022-12-21 16:23:47] <%SpaceCircus_> charlie nine EZ Clap
[2022-12-21 16:24:05] <%SpaceCircus_> ngl i fell asleep
[2022-12-21 16:24:24] VIEWERS: 823
[2022-12-21 16:24:27] <%SpaceCircus_> :0
[2022-12-21 16:24:38] <@%Lokao___> Kissahomie vore
[2022-12-21 16:24:51] <%SpaceCircus_> vore Kissahomie
[2022-12-21 16:25:03] <%SpaceCircus_> ellers
[2022-12-21 16:25:08] <%SpaceCircus_> eeler
[2022-12-21 16:25:15] <@%Lokao___> is it roflgatorBedge time soon?
[2022-12-21 16:25:24] <%LetaGG> ImAwake
[2022-12-21 16:25:27] <%FnAngel_> Yes roflgatorBedge soon?
[2022-12-21 16:25:30] <@%Lokao___> everything DIESOFOVERWATCH
[2022-12-21 16:25:36] <%SpaceCircus_> you got femboys in this lobby
[2022-12-21 16:25:49] <%LetaGG> Binoculars
[2022-12-21 16:26:01] <%SpaceCircus_> yippie
[2022-12-21 16:26:02] <@%Lokao___> RAGEY play sekiro right meow
[2022-12-21 16:26:12] <%Glerzhus> sekiro now RAGEY
[2022-12-21 16:26:15] <%Darklobi> u need to 100% sekiro Stare
[2022-12-21 16:26:22] <%SpaceCircus_> RAGEY
[2022-12-21 16:26:22] <@%Lokao___> and finish re7 RAGEY
[2022-12-21 16:26:24] VIEWERS: 762
[2022-12-21 16:26:29] <NowenGard> Hii kyo and chaat SupHomie
[2022-12-21 16:26:32] <@%Lokao___> and play hades RAGEY
[2022-12-21 16:26:35] <%FnAngel_> awkward Why are you all spelling hades wrong
[2022-12-21 16:26:38] <%FnAngel_> oh there
[2022-12-21 16:26:38] <%kronosIII> i think re7 is dead xdd
[2022-12-21 16:26:41] <%FnAngel_> @NowenGard, SupHomie
[2022-12-21 16:26:49] <%Darklobi> @NowenGard kyokWave kyokTail
[2022-12-21 16:26:56] <@%Lokao___> kyokWave kyokTail @NowenGard
[2022-12-21 16:27:29] <%SpaceCircus_> xdd
[2022-12-21 16:27:32] <%LetaGG> Next OMEGALUL
[2022-12-21 16:27:32] <%mindjabber> xdd
[2022-12-21 16:27:34] [Notification] NowenGard subscribed with Prime. They've subscribed for 5 months!
[2022-12-21 16:27:35] <%Glerzhus> im always doubting with how much kyo spams the parry lol
[2022-12-21 16:27:37] <@%Lokao___> next is a doubter? OuttaPocket
[2022-12-21 16:27:42] <%LetaGG> HandsUp
[2022-12-21 16:27:43] <@%Lokao___> HandsUp
[2022-12-21 16:27:44] <%FnAngel_> kyokCat kyokTail
[2022-12-21 16:27:46] <Zaxthedude> always doubt if its kyo NODDERS
[2022-12-21 16:27:52] <%Darklobi> HandsUp
[2022-12-21 16:28:24] VIEWERS: 762
[2022-12-21 16:28:37] <%SpaceCircus_> oh shit the defender of numbani donkRun
[2022-12-21 16:29:01] <@%Lokao___> kyo what you need to do is, start stream and dont end stream until you finish every game you have played and not finished on stream so far and yes that includes outer wilds and darkest dungeon
[2022-12-21 16:29:25] <@%Lokao___> and ofc elden ring
[2022-12-21 16:29:31] <%Glerzhus> you spent like 4 days in one dungeon in elden ring and still never beat it lol
[2022-12-21 16:29:46] <%kronosIII> i dont understand how she is so good at sekiro but not good at dark souls HUH
[2022-12-21 16:29:54] <@%Lokao___> YEP one week stream
[2022-12-21 16:29:59] <%Glerzhus> sekiro playstyle is way different
[2022-12-21 16:30:02] <%FnAngel_> NODDERSkyo Elden ring is better but dark souls 1 and 3 are still a geat games
[2022-12-21 16:30:06] <%FnAngel_> great*
[2022-12-21 16:30:06] <@%Lokao___> @Glerzhus this
[2022-12-21 16:30:09] <%Darklobi> its easier to parry in sekiro NODDERSkyo
[2022-12-21 16:30:12] <%katatron_> and play god of war 2018
[2022-12-21 16:30:19] <@%^Nightbot> Discord: https://discord.com/invite/5w2fB9zt8C Twitter: https://twitter.com/Kyokeru_ TikTok: https://www.tiktok.com/@kyokeru?
[2022-12-21 16:30:22] <%SpaceCircus_> NOTED
[2022-12-21 16:30:28] VIEWERS: 805
[2022-12-21 16:30:34] <@%Lokao___> @katatron_ YES PLEASE GOD PLEASE PLAY THAT GAME FOR THE LOVE OF GOD
[2022-12-21 16:30:34] <%kronosIII> sekiro you can just spam parry xdd
[2022-12-21 16:30:50] <%LetaGG> I feel like god xdd666
[2022-12-21 16:30:50] <%Glerzhus> nioh imo is the hardest
[2022-12-21 16:30:52] <%katatron_> @katatron_ I WANT TO SEE KYO CRY
[2022-12-21 16:31:08] <%kronosIII> ya nioh might be fun for skunk
[2022-12-21 16:31:15] <@%Lokao___> @Glerzhus it is until you learn the combo system
[2022-12-21 16:31:37] <%Glerzhus> it's just very punishing if you don't play perfectly a lot of the time is why
[2022-12-21 16:31:41] <%SpaceCircus_> ... Stare
[2022-12-21 16:31:53] <%NowenGard> Have you played bloodborne? It's very good too
[2022-12-21 16:32:29] <%$JJ_ExMachina> kyokHeart kyokWave
[2022-12-21 16:32:29] VIEWERS: 805
[2022-12-21 16:32:34] <%NowenGard> @Glerzhus True
[2022-12-21 16:32:36] <@%Lokao___> Sadge bloodborn stuck on the sony magic box forever
[2022-12-21 16:32:38] <%FnAngel_> @JJ_ExMachina, kyokWave kyokTail
[2022-12-21 16:32:41] <%kronosIII> i thought skunks have night visions xdd
[2022-12-21 16:32:46] <@%Lokao___> @JJ_ExMachina SupHomie
[2022-12-21 16:32:50] <%kronosIII> vision*
[2022-12-21 16:33:02] <%NowenGard> @JJ_ExMachina SupHomie
[2022-12-21 16:33:09] <%Darklobi> @JJ_ExMachina kyokWave kyokTail
[2022-12-21 16:34:20] <%$JJ_ExMachina> @FnAngel_, @Lokao___ @Darklobi @NowenGard SupHomie
[2022-12-21 16:34:29] VIEWERS: 783
[2022-12-21 16:34:58] <%FnAngel_> EZ Clap
[2022-12-21 16:34:59] <@%Lokao___> EZ Clap
[2022-12-21 16:35:05] <%NowenGard> EZ
[2022-12-21 16:35:14] <%SpaceCircus_> good job kyle
[2022-12-21 16:35:27] <%SpaceCircus_> HUH
[2022-12-21 16:35:33] <%kronosIII> thats it?? HUH
[2022-12-21 16:35:43] <@%Lokao___> dude that recoil bug triggers me so much INSANECAT
[2022-12-21 16:35:44] <%FnAngel_> OuttaPocket They said they would fuck your mother vore
[2022-12-21 16:35:59] <@%Lokao___> DIESOFOVERWATCH
[2022-12-21 16:36:11] <%FnAngel_> kyokWicked It was
[2022-12-21 16:36:34] VIEWERS: 783
[2022-12-21 16:36:49] <%masonok_> SNIFFA UNWASHED?!
[2022-12-21 16:36:50] <%Glerzhus> KyleKeru
[2022-12-21 16:36:53] <%FnAngel_> OMEGADANCEBUTFAST
[2022-12-21 16:36:56] <@%Lokao___> OMEGADANCEBUTFAST
[2022-12-21 16:36:57] <%Darklobi> xdd
[2022-12-21 16:37:08] <%kronosIII> thought you said "unwatched" zero viewers xdd
[2022-12-21 16:37:28] <%CarnoVrc> xdd
[2022-12-21 16:37:50] <%FnAngel_> hackerCD
[2022-12-21 16:38:02] <%Glerzhus> yes, im omw
[2022-12-21 16:38:06] <@%Lokao___> hackerCD getting tickets rn
[2022-12-21 16:38:08] <%Glerzhus> hackerCD
[2022-12-21 16:38:12] <%SCHRENK212> donkRun on my way to syberia right now Vore
[2022-12-21 16:38:20] <sauceystuff> omw to get an autograph from vorr
[2022-12-21 16:38:34] Viewerstats (16:10-16:38): avg:809 min:762 max:839 [15/839+0+0−15+0+14+0−15−61+0+43+0−22+0−8]
[2022-12-21 16:38:34] VIEWERS: 775
[2022-12-21 16:39:10] <%$JJ_ExMachina> I'll join you all... drinks on me
[2022-12-21 16:39:35] <@%Lokao___> WhaT
[2022-12-21 16:40:35] VIEWERS: 775
[2022-12-21 16:40:37] <%FnAngel_> wideVIBE
[2022-12-21 16:40:38] <@%Lokao___> imagine how you feel about ow rn and amplify that by 10 times, thats how i feel about ow DIESOFOVERWATCH
[2022-12-21 16:40:44] <%Darklobi> Deadge
[2022-12-21 16:40:45] <%SCHRENK212> xdd
[2022-12-21 16:40:51] <@%Lokao___> wideVIBE
[2022-12-21 16:41:00] <sauceystuff> when they gonna nerf hog
[2022-12-21 16:41:01] <@%Lokao___> because i hate mysellf
[2022-12-21 16:41:06] <%FnAngel_> @Lokao___, yo want to grind weekly after stream xdd
[2022-12-21 16:41:09] <%kronosIII> i still have PTSD from OW1 to enjoy it WhaT
[2022-12-21 16:41:18] <%CarnoVrc> WhaT
[2022-12-21 16:41:18] <%SpaceCircus_> addiction real
[2022-12-21 16:41:40] <@%Lokao___> @FnAngel_ ill play ow until movie time i guess DIESOFOVERWATCH
[2022-12-21 16:41:45] <%alphasalami> DIESOFOVERWATCH
[2022-12-21 16:42:00] <@%Lokao___> @alphasalami SupHomie
[2022-12-21 16:42:11] <%alphasalami> @Lokao___ yo Kissahomie
[2022-12-21 16:42:36] VIEWERS: 762
[2022-12-21 16:42:40] <%kronosIII> just sleep stack one day, problem fixed Clueless
[2022-12-21 16:43:07] <@%Lokao___> wideVIBE
[2022-12-21 16:43:39] <%FnAngel_> @Lokao___, xdd I was jokely cause im prob going to get the vod and take a nap but maybe later
[2022-12-21 16:43:50] <%kronosIII> OW mood is "guts theme" for me Aware
[2022-12-21 16:43:57] <%FnAngel_> xdd
[2022-12-21 16:44:05] <@%Lokao___> kyokWave kyokTail sorry
[2022-12-21 16:44:36] <@%Lokao___> @FnAngel_ Thinkge you gonna be there for movie?
[2022-12-21 16:44:39] VIEWERS: 752
[2022-12-21 16:44:42] <%FnAngel_> @Lokao___, I will try to be
[2022-12-21 16:44:48] <%kronosIII> HUH
[2022-12-21 16:44:49] <%Glerzhus> ???
[2022-12-21 16:44:51] <%Darklobi> HUH
[2022-12-21 16:44:54] <@%Lokao___> HUH ??
[2022-12-21 16:44:57] <%SCHRENK212> kyoBuh
[2022-12-21 16:45:14] <%FnAngel_> @Lokao___, odds are 80% chance
[2022-12-21 16:45:14] <@%Lokao___> OMEGADANCEBUTFAST
[2022-12-21 16:45:17] <@%^Nightbot> Discord: https://discord.com/invite/5w2fB9zt8C Twitter: https://twitter.com/Kyokeru_ TikTok: https://www.tiktok.com/@kyokeru?
[2022-12-21 16:45:17] <%alphasalami> OMEGADANCEBUTFAST
[2022-12-21 16:45:20] <%FnAngel_> FadedThankASkunk
[2022-12-21 16:45:20] <%kronosIII> all your friends are faded Aware
[2022-12-21 16:45:34] <@%Lokao___> FadedThankASkunk
[2022-12-21 16:45:45] <%FnAngel_> kyokDab
[2022-12-21 16:46:18] <%FnAngel_> wideVIBE
[2022-12-21 16:46:24] <@%Lokao___> wideVIBE
[2022-12-21 16:46:24] <%CarnoVrc> Wokege
[2022-12-21 16:46:39] VIEWERS: 752
[2022-12-21 16:46:46] <%Glerzhus> kyo on sombra AINTNOWAY
[2022-12-21 16:46:53] <@%Lokao___> DIESOFOVERWATCH this game hurts
[2022-12-21 16:47:03] <%Glerzhus> COPIUM
[2022-12-21 16:47:28] <%CarnoVrc> DIESOFOVERWATCH
[2022-12-21 16:47:56] <@%Lokao___> Saved
[2022-12-21 16:48:02] <%FnAngel_> EZ Clap
[2022-12-21 16:48:23] <%alphasalami> @Lokao___ Hypnosis you love playing ow Hypnosis
[2022-12-21 16:48:29] <@%Lokao___> EZ Clap
[2022-12-21 16:48:33] <%alphasalami> EZ Clap
[2022-12-21 16:48:39] VIEWERS: 752
[2022-12-21 16:48:40] <@%Lokao___> @alphasalami INSANECAT GET OUT OF MY HEAD
[2022-12-21 16:48:45] <%FnAngel_> POGGERS Tetris time
[2022-12-21 16:49:02] <@%Lokao___> LETSGO TETRIS
[2022-12-21 16:49:03] <%alphasalami> @Lokao___ xdd666 it is true
[2022-12-21 16:49:13] <%FnAngel_> Kissahomie Vore Next and sn0w
[2022-12-21 16:49:16] <@%Lokao___> THEVOICES @alphasalami
[2022-12-21 16:49:24] <%FnAngel_> kyoGuh
[2022-12-21 16:49:24] <%CarnoVrc> :0
[2022-12-21 16:49:31] <%katatron_> OW no more? docArrive
[2022-12-21 16:49:33] <@%Lokao___> kyokWave kyokTail cya ow people
[2022-12-21 16:49:34] <%alphasalami> FeelsLateMan
[2022-12-21 16:49:38] <%CarnoVrc> crumpArrive
[2022-12-21 16:49:47] <@%Lokao___> !game puyo puyo tetris
[2022-12-21 16:49:47] <@%^Nightbot> @Lokao___ -> The stream game has been updated to: Puyo Puyo Tetris
[2022-12-21 16:50:39] VIEWERS: 752
[2022-12-21 16:50:39] ~😩SKUNKU😩CONTENT😩THAT😩 TOOO SAUCYYY KAMU KAMUU (Puyo Puyo Tetris)~
[2022-12-21 16:51:03] <@%Lokao___> SCHIZO sorry
[2022-12-21 16:51:08] <%Darklobi> xdd
[2022-12-21 16:51:11] <%FnAngel_> xdd
[2022-12-21 16:51:11] <%CarnoVrc> crumpSuffer
[2022-12-21 16:51:22] <what_a_duud> xdd
[2022-12-21 16:51:43] <@%Lokao___> OMEGADANCEBUTFAST
[2022-12-21 16:51:45] <%FnAngel_> OMEGADANCEBUTFAST
[2022-12-21 16:51:53] <+Beydestrian> LUL
[2022-12-21 16:52:12] [Points] mindjabber redeemed ARROW (3 000)
[2022-12-21 16:52:32] <%LordWoo> heh this isnt even the final skunk *smurks*
[2022-12-21 16:52:39] VIEWERS: 741
[2022-12-21 16:52:53] <%FnAngel_> kyokSmug
[2022-12-21 16:52:57] <@%Lokao___> damn i missed tetris with some music on the back Gladge
[2022-12-21 16:52:57] <@%Lokao___> wideVIBE
[2022-12-21 16:53:17] <%CarnoVrc> docLeave
[2022-12-21 16:53:19] <%Darklobi> xdd
[2022-12-21 16:53:23] <%FnAngel_> Tetris arc was pretty wideVIBE
[2022-12-21 16:53:53] <%Darklobi> some1 call PETA AAAA
[2022-12-21 16:53:56] <%SCHRENK212> Call the Bully Hunters xdd
[2022-12-21 16:54:15] <%FnAngel_> WhaT
[2022-12-21 16:54:21] <@%Lokao___> WhaT
[2022-12-21 16:54:21] <%Darklobi> fetus in a baby? HUH
[2022-12-21 16:54:25] <%Coastal_Chill> KYO
[2022-12-21 16:54:40] VIEWERS: 741
[2022-12-21 16:55:27] <@%Lokao___> OMEGADANCEBUTFAST
[2022-12-21 16:55:29] <%FnAngel_> OMEGADANCEBUTFAST
[2022-12-21 16:55:34] <%CarnoVrc> akiwooOMEGALUL
[2022-12-21 16:55:36] <%Tuga_cef> LULW
[2022-12-21 16:55:37] <%kronosIII> MEME POWER LETSGO
[2022-12-21 16:56:08] <%CarnoVrc> Susge ?
[2022-12-21 16:56:42] VIEWERS: 741
[2022-12-21 16:56:49] <%Darklobi> xdd
[2022-12-21 16:57:30] <%FnAngel_> kyokLaugh
[2022-12-21 16:57:33] <@%Lokao___> holy shit sorrys GAMING
[2022-12-21 16:58:17] <%SCHRENK212> 1 2 3 4, I declare a thumb war
[2022-12-21 16:58:43] VIEWERS: 752
[2022-12-21 16:59:08] <@%Lokao___> wideVIBE
[2022-12-21 16:59:12] <%FnAngel_> wideVIBE
[2022-12-21 16:59:54] <@%Lokao___> yo let me reroll my spawn kyokSuffer
[2022-12-21 17:00:06] <%CarnoVrc> Refuse to believe
[2022-12-21 17:00:27] <@%^Nightbot> Discord: https://discord.com/invite/5w2fB9zt8C Twitter: https://twitter.com/Kyokeru_ TikTok: https://www.tiktok.com/@kyokeru?
[2022-12-21 17:00:45] VIEWERS: 752
[2022-12-21 17:01:09] <%FnAngel_> ppL true
[2022-12-21 17:01:10] <%Darklobi> OMEGADANCEBUTFAST
[2022-12-21 17:01:10] <%CarnoVrc> HAHAHHAHAH
[2022-12-21 17:01:14] <@%Lokao___> OMEGALUL true
[2022-12-21 17:01:14] <%Tuga_cef> dont buy pets
[2022-12-21 17:01:49] <@%Lokao___> yo ratJAM
[2022-12-21 17:01:53] <%FnAngel_> ratJAM
[2022-12-21 17:02:30] <%Darklobi> Drake
[2022-12-21 17:02:30] <%FnAngel_> EZ
[2022-12-21 17:02:34] <%Tuga_cef> EZ
[2022-12-21 17:02:35] <@%Lokao___> EZ Clap
[2022-12-21 17:02:45] VIEWERS: 752
[2022-12-21 17:02:46] <%icyskulll> kyokLaugh
[2022-12-21 17:02:57] <%CarnoVrc> xdd
[2022-12-21 17:02:59] <%Darklobi> OMEGADANCEBUTFAST
[2022-12-21 17:03:03] <%FnAngel_> Thinkge How long you have left?
[2022-12-21 17:03:05] <%CarnoVrc> classic reapear moment
[2022-12-21 17:03:58] <@%Lokao___> HUH ???
[2022-12-21 17:03:58] <%FnAngel_> WhaT
[2022-12-21 17:03:58] <%Darklobi> HUH
[2022-12-21 17:04:02] <%timmytwoshoes7> WhaT
[2022-12-21 17:04:10] <%DaBlastKO> kyokWokege WhaT
[2022-12-21 17:04:19] <@%Lokao___> @DaBlastKO SupHomie gm
[2022-12-21 17:04:23] <%FnAngel_> @DaBlastKO, kyokWave kyokTail gm
[2022-12-21 17:04:28] <%FnAngel_> kyokJam kyokTail
[2022-12-21 17:04:41] <%Darklobi> @DaBlastKO kyokWave kyokTail
[2022-12-21 17:04:45] VIEWERS: 744
[2022-12-21 17:04:53] <%DaBlastKO> @Lokao___ @FnAngel_ kyokWave kyokTail @Darklobi yo yoo
[2022-12-21 17:05:20] <%alphasalami> @DaBlastKO yo
[2022-12-21 17:05:46] <%FnAngel_> AAAA
[2022-12-21 17:05:48] <@%Lokao___> AAAA SuperSaiyan
[2022-12-21 17:05:48] <%DaBlastKO> AAAA
[2022-12-21 17:05:53] <%Darklobi> AAAA
[2022-12-21 17:05:56] <%DaBlastKO> @alphasalami YO
[2022-12-21 17:06:01] <%katatron_> KYO PLS STOP MOANING IM ON SPEAKERS
[2022-12-21 17:06:05] <%alanxddbeater> guh
[2022-12-21 17:06:06] <%DaBlastKO> kyoGuh
[2022-12-21 17:06:12] <%alphasalami> kyoGuh
[2022-12-21 17:06:17] <@%Lokao___> @katatron_ AINTNOWAY
[2022-12-21 17:06:18] <%Darklobi> OMEGADANCEBUTFAST
[2022-12-21 17:06:26] <%DaBlastKO> OMEGADANCEBUTFAST
[2022-12-21 17:06:31] <%DaBlastKO> roflTHIS
[2022-12-21 17:06:41] <%FnAngel_> NOOOO
[2022-12-21 17:06:41] <@%Lokao___> NOOOO
[2022-12-21 17:06:45] VIEWERS: 744
[2022-12-21 17:06:45] <%DaBlastKO> NOOOO
[2022-12-21 17:06:51] <%alanxddbeater> LDance
[2022-12-21 17:06:53] <%Darklobi> 120 bpm Drake
[2022-12-21 17:07:06] <+LogicWeasel> OMEGADANCEBUTFAST
[2022-12-21 17:07:23] <%DaBlastKO> @LogicWeasel meow
[2022-12-21 17:07:57] <%FnAngel_> kyoGuh
[2022-12-21 17:08:05] <+LogicWeasel> kyoGuh
[2022-12-21 17:08:10] <%Darklobi> xdd
[2022-12-21 17:08:15] <+LogicWeasel> xdd ur mom
[2022-12-21 17:08:33] <%FnAngel_> EZ
[2022-12-21 17:08:35] <@%Lokao___> WDance
[2022-12-21 17:08:38] <%Darklobi> EZ Clap
[2022-12-21 17:08:45] Viewerstats (16:40-17:08): avg:750 min:741 max:775 [15/775−13−10+0+0+0−11+0+0+11+0+0−8+0+0]
[2022-12-21 17:08:45] VIEWERS: 744
[2022-12-21 17:09:50] <%FnAngel_> wideVIBE
[2022-12-21 17:09:52] <%DaBlastKO> TOM is that you xdd
[2022-12-21 17:10:15] <@%Lokao___> kyoGuh
[2022-12-21 17:10:16] <%DaBlastKO> kyoGuh
[2022-12-21 17:10:17] <%FnAngel_> kyoGuh uuuuuuuuuuh
[2022-12-21 17:10:22] <+LogicWeasel> SpeedL kyoGuh SpeedR
[2022-12-21 17:10:45] VIEWERS: 752
[2022-12-21 17:10:50] <%FnAngel_> WAITWAITWAIT
[2022-12-21 17:10:51] <@%Lokao___> WAITWAITWAIT
[2022-12-21 17:10:56] <gwanko> WAITWAITWAIT
[2022-12-21 17:11:06] <%FnAngel_> AAAA
[2022-12-21 17:11:10] <@%Lokao___> NOOOO
[2022-12-21 17:11:24] <+LogicWeasel> NOWAY John Tetris
[2022-12-21 17:11:30] <%DaBlastKO> xdd
[2022-12-21 17:11:30] <%FnAngel_> xdd
[2022-12-21 17:11:36] <%CarnoVrc> Kentucky
[2022-12-21 17:11:40] <%Jimbo15_OW> i juss woke upppp
[2022-12-21 17:11:49] <%FnAngel_> @Jimbo15_OW, kyokWave kyokTail
[2022-12-21 17:11:52] <@%Lokao___> @Jimbo15_OW SupHomie gm
[2022-12-21 17:11:56] <%DaBlastKO> @Jimbo15_OW kyokWave kyokTail gm
[2022-12-21 17:12:02] <%alphasalami> @Jimbo15_OW yo
[2022-12-21 17:12:04] <%Darklobi> @Jimbo15_OW kyokWave kyokTail
[2022-12-21 17:12:16] <%timmytwoshoes7> AINTNOWAY ICE TO MEET YOU
[2022-12-21 17:12:24] <SPARKY612> it's fucking -20 here right now
[2022-12-21 17:12:31] <+LogicWeasel> PagMan Sorry is a lizard man
[2022-12-21 17:12:45] VIEWERS: 741
[2022-12-21 17:12:47] <%Jimbo15_OW> @FnAngel_ @Lokao___ @Darklobi @DaBlastKO @alphasalami yo <3
[2022-12-21 17:13:32] <%+smashhgg> roflgator1 roflgator2
[2022-12-21 17:13:33] <%+smashhgg> roflgator3 roflgator4
[2022-12-21 17:13:49] <@%Lokao___> WhaT
[2022-12-21 17:13:53] <%FnAngel_> roflgatorSmile Clap
[2022-12-21 17:13:58] <%alphasalami> WhaT
[2022-12-21 17:14:07] <+LogicWeasel> roflgatorSmile Clap
[2022-12-21 17:14:44] <%Jimbo15_OW> ????
[2022-12-21 17:14:45] VIEWERS: 741
[2022-12-21 17:15:00] <@%Lokao___> Deadge Clap
[2022-12-21 17:15:12] <+LogicWeasel> PepeLaugh  rpr is JUST now finding this out
[2022-12-21 17:15:15] <@%^Nightbot> Discord: https://discord.com/invite/5w2fB9zt8C Twitter: https://twitter.com/Kyokeru_ TikTok: https://www.tiktok.com/@kyokeru?
[2022-12-21 17:15:23] <%Jimbo15_OW> they are in for quite a treat LOL
[2022-12-21 17:15:27] <%Darklobi> Okay
[2022-12-21 17:15:30] <%CarnoVrc> xdd
[2022-12-21 17:16:31] <@%Lokao___> wideVIBE
[2022-12-21 17:16:35] <%FnAngel_> wideVIBE
[2022-12-21 17:16:45] <%CarnoVrc> AAAA
[2022-12-21 17:16:45] <%FnAngel_> EZ
[2022-12-21 17:16:45] <%+Triadninja> RIPBOZO
[2022-12-21 17:16:45] VIEWERS: 731
[2022-12-21 17:16:47] <%Darklobi> AAAA
[2022-12-21 17:16:47] <%kronosIII> TOM
[2022-12-21 17:16:47] <@%Lokao___> Saved holy
[2022-12-21 17:16:48] <%DaBlastKO> RIPBOZO
[2022-12-21 17:16:49] <%Tuga_cef> so close
[2022-12-21 17:16:49] <%CarnoVrc> TOM
[2022-12-21 17:16:53] <%Dankysama> AAAA
[2022-12-21 17:16:55] <%timmytwoshoes7> TOM
[2022-12-21 17:16:55] <%DaBlastKO> TOM
[2022-12-21 17:17:03] <+LogicWeasel> TOM
[2022-12-21 17:17:03] <%CarnoVrc> Double Tom
[2022-12-21 17:17:04] <%Darklobi> TOM AAAA
[2022-12-21 17:17:11] <%DaBlastKO> Aloo
[2022-12-21 17:17:12] <+LogicWeasel> EZ gamer
[2022-12-21 17:17:15] <@%Lokao___> OMEGADANCEBUTFAST
[2022-12-21 17:17:35] <%DaBlastKO> gachiPOWER
[2022-12-21 17:17:41] <%CarnoVrc> xdd
[2022-12-21 17:17:46] <%DaBlastKO> OMEGADANCEBUTFAST
[2022-12-21 17:17:46] <%kronosIII> ULTRA SKUNK INSTINCT LETSGO
[2022-12-21 17:18:01] <@%Lokao___> kyokREE SuperSaiyanBlue kyokTail
[2022-12-21 17:18:01] <%Jimbo15_OW> xdd so much powerrrrrr
[2022-12-21 17:18:31] <%Jimbo15_OW> nyo nyo nyo nyo! kyokCat kyokTail
[2022-12-21 17:18:49] VIEWERS: 731
[2022-12-21 17:19:16] <@%Lokao___> Deadge Clap
[2022-12-21 17:20:35] <@%Lokao___> LDance
[2022-12-21 17:20:36] <%FnAngel_> LDance
[2022-12-21 17:20:38] <SNOWSOS> rip
[2022-12-21 17:20:38] <%DaBlastKO> Deadge
[2022-12-21 17:20:50] VIEWERS: 731
[2022-12-21 17:21:35] <%+Triadninja> Deadge
[2022-12-21 17:21:45] <@%Lokao___> Aware
[2022-12-21 17:22:42] <%Darklobi> so its like a subscription service for tatoos xdd
[2022-12-21 17:22:50] VIEWERS: 739
[2022-12-21 17:23:01] <%mousewuzhere> kyokWokege yo
[2022-12-21 17:23:07] <%FnAngel_> @mousewuzhere, kyokWave kyokTail
[2022-12-21 17:23:10] <@%Lokao___> @mousewuzhere SupHomie gm
[2022-12-21 17:23:10] <%Darklobi> @mousewuzhere xddkiss
[2022-12-21 17:23:17] <%mousewuzhere> fnangel_ xddkiss
[2022-12-21 17:23:23] <%mousewuzhere> lokao___ Kissahomie gm
[2022-12-21 17:23:24] <SNOWSOS> 30?????
[2022-12-21 17:23:32] <SNOWSOS> one tiny little word was like $150
[2022-12-21 17:23:32] <%mousewuzhere> darklobi kyoWave kyokTail
[2022-12-21 17:24:10] <@%Lokao___> Thinkge yeah sorry probably got tatto on some gettho ass place OMEGALUL
[2022-12-21 17:24:26] <%NaMVaNMaNNaMVaNMaNNaMVaN> AlienDance
[2022-12-21 17:24:29] <SPARKY612> my forearm was $500 for a 9 hour session..
[2022-12-21 17:24:36] <@%Lokao___> @NaMVaNMaNNaMVaNMaNNaMVaN SupHomie
[2022-12-21 17:24:39] <%FnAngel_> @NaMVaNMaNNaMVaNMaNNaMVaN SupHomie
[2022-12-21 17:24:44] <%NaMVaNMaNNaMVaNMaNNaMVaN> @Lokao___ @FnAngel_ SupHomie
[2022-12-21 17:24:45] <%Jimbo15_OW> i got a fore arm tattoo that was only like 110, but its only in black so it also depends on how many colors you use
[2022-12-21 17:24:46] <%DaBlastKO> @mousewuzhere @NaMVaNMaNNaMVaNMaNNaMVaN SupHomie kyokTail
[2022-12-21 17:24:50] VIEWERS: 739
[2022-12-21 17:24:51] <%NaMVaNMaNNaMVaNMaNNaMVaN> @DaBlastKO SupHomie
[2022-12-21 17:25:00] <%Darklobi> @NaMVaNMaNNaMVaNMaNNaMVaN kyokWave kyokTail
[2022-12-21 17:25:00] <%mousewuzhere> I'm getting my spine tattooed soon kyokHands
[2022-12-21 17:25:05] <%mousewuzhere> dablastko xddkiss
[2022-12-21 17:25:11] <%NaMVaNMaNNaMVaNMaNNaMVaN> @Darklobi SupHomie
[2022-12-21 17:25:11] <SPARKY612> @jimbo15_ow water color is so expensive
[2022-12-21 17:25:20] <%DaBlastKO> @mousewuzhere Kissahomie
[2022-12-21 17:25:40] <%Jimbo15_OW> my tattoo was originally 120 but my roommate gets their tattoo's from the same person so they took 10 dollars off of mine EZ
[2022-12-21 17:25:43] <%alphasalami> @NaMVaNMaNNaMVaNMaNNaMVaN @mousewuzhere yo Kissahomie
[2022-12-21 17:25:50] <%FnAngel_> kyokWicked Spine tattoo
[2022-12-21 17:25:54] <%NaMVaNMaNNaMVaNMaNNaMVaN> @alphasalami SupHomie
[2022-12-21 17:25:58] <@%Lokao___> LDance
[2022-12-21 17:25:58] <%FnAngel_> LDance
[2022-12-21 17:25:59] <%CarnoVrc> xdd
[2022-12-21 17:26:02] <%mousewuzhere> alphasalami Kissahomie
[2022-12-21 17:26:02] <%DaBlastKO> Deadge
[2022-12-21 17:26:32] <%Tuga_cef> LDance
[2022-12-21 17:26:37] <%FnAngel_> xdd only
[2022-12-21 17:26:50] VIEWERS: 739
[2022-12-21 17:27:04] <%Jimbo15_OW> only 3 more days till chrimas yayyyy widepeepoHappy
[2022-12-21 17:27:16] <@%Lokao___> LDance
[2022-12-21 17:27:24] <@%Lokao___> @Jimbo15_OW Aware already?
[2022-12-21 17:27:30] <%FnAngel_> widepeepoHappy Christmas but also Aware
[2022-12-21 17:27:31] <%TheLahal> londonstyle kyo Pog
[2022-12-21 17:28:05] <%Jimbo15_OW> Aware too old for lots of presents...
[2022-12-21 17:28:05] <%alphasalami> i still have to buy gifts Aware
[2022-12-21 17:28:17] <shvm> ehh hoy
[2022-12-21 17:28:18] <%Jimbo15_OW> Aware not a kid anymore
[2022-12-21 17:28:20] <@%Lokao___> HUH
[2022-12-21 17:28:44] [Points] GuySyr redeemed Hydration (1 000)
[2022-12-21 17:28:49] <@%Lokao___> OMEGADANCEBUTFAST throwing
[2022-12-21 17:28:50] VIEWERS: 720
[2022-12-21 17:28:58] <%FnAngel_> winton gun?
[2022-12-21 17:29:05] <%DaBlastKO> xdd
[2022-12-21 17:29:08] <%Jimbo15_OW> #Throw4Kyo Aware
[2022-12-21 17:29:20] [Points] stickymittins redeemed THROW SOMETING (5 000)
[2022-12-21 17:29:25] <%FnAngel_> Aloo Aloo
[2022-12-21 17:29:25] <%DaBlastKO> Aloo Aloo
[2022-12-21 17:29:29] <%Jimbo15_OW> GUHHHHH!~
[2022-12-21 17:29:30] <@%Lokao___> kyoGuh
[2022-12-21 17:29:32] <beppykins_> OMEGALUL
[2022-12-21 17:29:36] <%FnAngel_> NOOOO
[2022-12-21 17:29:37] <shvm> that come back
[2022-12-21 17:29:37] <@%Lokao___> LDance
[2022-12-21 17:29:37] <%DaBlastKO> OMEGADANCEBUTFAST
[2022-12-21 17:29:42] <%DaBlastKO> LDance
[2022-12-21 17:29:57] <%mousewuzhere> true
[2022-12-21 17:29:58] <@%Lokao___> this is completly normal Aware
[2022-12-21 17:30:08] <%FnAngel_> Aware Wait this is not normal
[2022-12-21 17:30:12] <SlimShady899> Wokege
[2022-12-21 17:30:13] <%mousewuzhere> OMEGALUL
[2022-12-21 17:30:16] <%DaBlastKO> OMEGADANCEBUTFAST
[2022-12-21 17:30:20] <%Darklobi> xdd
[2022-12-21 17:30:20] <@%^Nightbot> Discord: https://discord.com/invite/5w2fB9zt8C Twitter: https://twitter.com/Kyokeru_ TikTok: https://www.tiktok.com/@kyokeru?
[2022-12-21 17:30:20] <%GuySyr> !creature
[2022-12-21 17:30:20] <@%^Nightbot> Kyo has moaned, gone monke mode, nyan'd, screeched or made some gremlin-like noise 1221 times
[2022-12-21 17:30:21] <%Jimbo15_OW> sorry is a creature cow
[2022-12-21 17:30:38] <@%Lokao___> winton
[2022-12-21 17:30:38] <Ultimateunit34> LUL
[2022-12-21 17:30:39] <%Jimbo15_OW> winton did somebody say peanut butter?
[2022-12-21 17:30:43] <%FnAngel_> winton
[2022-12-21 17:30:50] VIEWERS: 720
[2022-12-21 17:30:51] <%DaBlastKO> winton
[2022-12-21 17:31:04] <%Jimbo15_OW> winton how do you like my new tesla cannon!?
[2022-12-21 17:31:05] <%Darklobi> AAAA
[2022-12-21 17:31:10] <%FnAngel_> docSmash
[2022-12-21 17:31:10] <beppykins_> monkaW
[2022-12-21 17:31:10] <%g0demperror> OMEGADANCEBUTFAST
[2022-12-21 17:31:19] <@%Lokao___> kyo dont break your shit OMEGADANCEBUTFAST
[2022-12-21 17:31:28] <%Jimbo15_OW> winton monke mode!
[2022-12-21 17:31:40] <@%Lokao___> ICANT ping diff on tetris
[2022-12-21 17:31:59] <%AdmiralShepard_> Yo i have awoken kyokWokege
[2022-12-21 17:31:59] <%DaBlastKO> OMEGADANCEBUTFAST
[2022-12-21 17:32:00] <%FnAngel_> Kyos keyboard about to also look like kyoGAMING
[2022-12-21 17:32:07] <%DaBlastKO> @AdmiralShepard_ SupHomie kyokTail
[2022-12-21 17:32:10] <%FnAngel_> @AdmiralShepard_, kyokWave kyokTail Gm
[2022-12-21 17:32:18] <%Tuga_cef> LULW
[2022-12-21 17:32:18] <%FnAngel_> NOOOO
[2022-12-21 17:32:20] <%Jimbo15_OW> LMAO
[2022-12-21 17:32:23] <%AdmiralShepard_> @DaBlastKO @FnAngel_ SupHomie
[2022-12-21 17:32:24] <%DaBlastKO> LULW
[2022-12-21 17:32:24] <%g0demperror> kyoGAMING this cursed thing TROLLGE
[2022-12-21 17:32:24] <@%Lokao___> wait kyo has rpr seen your vr headset? pepeLaughing
[2022-12-21 17:32:26] <%Darklobi> @AdmiralShepard_ kyokWave kyokTail
[2022-12-21 17:32:32] <@%Lokao___> @AdmiralShepard_ SupHomie gm
[2022-12-21 17:32:42] <%AdmiralShepard_> @Darklobi @Lokao___ SupHomie
[2022-12-21 17:32:53] <%g0demperror> @AdmiralShepard_ SupHomie
[2022-12-21 17:32:55] VIEWERS: 720
[2022-12-21 17:32:55] <%mousewuzhere> admiralshepard_ Kissahomie
[2022-12-21 17:32:59] <%TheLahal> everyone dying NOOOO
[2022-12-21 17:33:01] <%DaBlastKO> docL
[2022-12-21 17:33:03] <%NaMVaNMaNNaMVaNMaNNaMVaN> roflgatorLove
[2022-12-21 17:33:08] <%mousewuzhere> it's movie time chat kyokHands
[2022-12-21 17:33:11] <%AdmiralShepard_> @g0demperror @mousewuzhere SupHomie
[2022-12-21 17:33:14] <%Tuga_cef> peepoHey bye
[2022-12-21 17:33:14] <%FnAngel_> kyokHeart kyokTail Great stream
[2022-12-21 17:33:15] <%g0demperror> Deadge
[2022-12-21 17:33:16] <%mindjabber> kyokHeart
[2022-12-21 17:33:22] <%Tuga_cef> kyokHeart
[2022-12-21 17:33:23] <%mindjabber> kyokHeart kyokTail
[2022-12-21 17:33:28] <%DaBlastKO> kyokHeart kyokTail
[2022-12-21 17:33:29] <@%Lokao___> Drake good stream, good to have tetris again
[2022-12-21 17:33:30] <%FnAngel_> kyokHeart kyokTail kyokHeart kyokTail kyokHeart kyokTail kyokHeart kyokTail kyokHeart kyokTail kyokHeart kyokTail
[2022-12-21 17:33:31] <%alphasalami> kyokHeart kyokTail
[2022-12-21 17:33:32] <%mindjabber> roflgatorLove
[2022-12-21 17:33:32] <%AdmiralShepard_> kyokHeart kyokTail
[2022-12-21 17:33:34] <%alphasalami> kyokHeart kyokTail kyokHeart kyokTail kyokHeart kyokTail kyokHeart kyokTail kyokHeart kyokTail kyokHeart kyokTail kyokHeart kyokTail
[2022-12-21 17:33:46] <%mousewuzhere> kyokHeart kyokTail thanks for stream
[2022-12-21 17:33:46] <%FnAngel_> Okayge Dont forget the vod
[2022-12-21 17:33:46] <%Darklobi> run ad dinkdonk
[2022-12-21 17:33:47] <%DaBlastKO> kyokHeart kyokTail kyokHeart kyokTail kyokHeart kyokTail kyokHeart kyokTail kyokHeart kyokTail kyokHeart kyokTail kyokHeart kyokTail kyokHeart kyokTail kyokHeart kyokTail kyokHeart kyokTail kyokHeart kyokTail kyokHeart kyokTail kyokHeart kyokTail kyokHeart kyokTail kyokHeart kyokTail
[2022-12-21 17:33:50] <%mindjabber> roflgatorKyute kyokTail
[2022-12-21 17:33:51] <%g0demperror> kyokWave roflgatorSmile cya
[2022-12-21 17:33:54] <%kronosIII> kyokHeart kyokTail  well strum
[2022-12-21 17:33:54] <@%Lokao___> kyokHeart kyokHeart kyokHeart kyokHeart kyokHeart kyokHeart kyokHeart kyokHeart kyokHeart kyokHeart kyokHeart kyokHeart kyokHeart kyokHeart kyokHeart kyokHeart kyokHeart kyokHeart kyokHeart kyokHeart kyokHeart kyokHeart kyokHeart kyokHeart kyokHeart kyokHeart kyokHeart kyokHeart kyokHeart kyokHeart kyokHeart kyokHeart kyokHeart kyokHeart kyokHeart kyokHeart kyokHeart kyokHeart kyokHeart kyokHeart kyokHeart kyokHeart kyokHeart kyokHeart kyokHeart kyokHeart kyokHeart kyokHeart kyokHeart kyokHeart
[2022-12-21 17:33:59] <Ultimateunit34> Ty, take care
[2022-12-21 17:34:02] <@%Lokao___> publish the vod
[2022-12-21 17:34:04] <%DaBlastKO> peepoHey bye kyokHeart kyokTail docL docL docL docL docL docL docL
[2022-12-21 17:34:14] <%alphasalami> what ads? WideHardo
[2022-12-21 17:34:14] <%Darklobi> maybe a raid? Thinkge
[2022-12-21 17:34:21] <%DaBlastKO> ad Pog
[2022-12-21 17:34:21] <%TheLahal> tetris is fun peepoHappy
[2022-12-21 17:34:22] <%AdmiralShepard_> kyokHeart  kyokTail
[2022-12-21 17:34:24] <purpdong> roflgatorLove roflgatorLove roflgatorLove
[2022-12-21 17:34:31] <%alphasalami> kyokHeart kyokTail
[2022-12-21 17:34:36] <%mousewuzhere> lokao___ we still doing the movie soon?
[2022-12-21 17:34:37] <%TranquilDunk> thanks for the stream kyooo kyokHeart kyokTail have a good rest
[2022-12-21 17:34:39] <%DaBlastKO> docL docL docL docL kyokHeart kyokTail docL docL docL
[2022-12-21 17:34:42] <@%Lokao___> kyokWave kyokTail get some good sleep
[2022-12-21 17:34:55] VIEWERS: 720
[2022-12-21 17:34:55] <@%Lokao___> @mousewuzhere probably doing at the scheduled time
[2022-12-21 17:34:58] <%g0demperror> WICKED SteerR
[2022-12-21 17:35:07] <%mousewuzhere> !discord join the discord for movie night soon
[2022-12-21 17:35:07] <@%^Nightbot> Come join Kyo's Discord! https://discord.gg/5w2fB9zt8C
[2022-12-21 17:35:07] <%g0demperror> gotta go fast to work
[2022-12-21 17:35:10] <%+ghoulxpr> kyokHeart kyokHeart kyokHeart kyokHeart kyokHeart kyokHeart kyokHeart kyokHeart kyokHeart
[2022-12-21 17:35:11] <%alphasalami> kyokHeart  kyokTail
[2022-12-21 17:35:11] <%FnAngel_> kyokHeart kyokTail
[2022-12-21 17:35:13] <%Blah206> kyokHeart kyokTail
[2022-12-21 17:35:15] <%DaBlastKO> docL byebye kyle docL
[2022-12-21 17:35:19] <%DaBlastKO> kyokHeart kyokTail
[2022-12-21 17:35:19] <%mousewuzhere> lokao___ Okayge Clap
[2022-12-21 17:35:24] <%DaBlastKO> xdd
[2022-12-21 17:35:25] <@%Lokao___> CHAT we doing movie time in discord in a couple hours dinkdonk
[2022-12-21 17:35:32] <@%Lokao___> !discord
[2022-12-21 17:35:32] <@%^Nightbot> Come join Kyo's Discord! https://discord.gg/5w2fB9zt8C
[2022-12-21 17:35:32] <%Darklobi> raid some1 dinkdonk
[2022-12-21 17:35:32] <%mindjabber> kyokHeart roflgatorLove
[2022-12-21 17:35:32] <%TheLahal> Wokege
[2022-12-21 17:35:52] <%FnAngel_> YEP Movie in 1 an hour and a half
[2022-12-21 17:35:55] <%Mementos_Mori> We should play some dark and darker
[2022-12-21 17:35:56] <%Dankysama> kyokHeart kyokTail
[2022-12-21 17:35:57] <%DaBlastKO> docL docL docL docL kyokHeart kyokTail docL docL docL
[2022-12-21 17:35:58] <%mousewuzhere> FeelsStrongMan Clap mooovie
[2022-12-21 17:36:00] <%Mementos_Mori> Come on lets go
[2022-12-21 17:36:04] <%FnAngel_> xdd mori
[2022-12-21 17:36:04] <%Darklobi> kyokHeart kyokTail  kyokHeart kyokTail  kyokHeart kyokTail  kyokHeart kyokTail
[2022-12-21 17:36:08] <%NaMVaNMaNNaMVaNMaNNaMVaN> what movie?
[2022-12-21 17:36:09] <%alphasalami> xdd
[2022-12-21 17:36:14] <%Mementos_Mori> Like right now
[2022-12-21 17:36:16] <%DaBlastKO> xdd @Mementos_Mori xddkiss
[2022-12-21 17:36:17] <%Mementos_Mori> At this instance
[2022-12-21 17:36:19] <@%Lokao___> kyokWave kyokTail cya tomorrow
[2022-12-21 17:36:21] <%Mementos_Mori> This moment
[2022-12-21 17:36:27] <%AdmiralShepard_> @Mementos_Mori xddkiss
[2022-12-21 17:36:29] <%Glerzhus> RAGEY right now
[2022-12-21 17:36:30] <%Mementos_Mori> THAT'S A LACK
[2022-12-21 17:36:49] <%mousewuzhere> inglourious basterds namvan
[2022-12-21 17:36:55] VIEWERS: 720
[2022-12-21 17:37:03] <%FnAngel_> Okayge if did want to raid someone snow and margot are both on
[2022-12-21 17:37:05] <%katatron_> kyokHeart kyokTail  kyokHeart kyokTail  kyokHeart kyokTail  kyokHeart kyokTail  kyokHeart kyokTail  kyokHeart kyokTail  kyokHeart kyokTail  kyokHeart kyokTail  kyokHeart kyokTail  kyokHeart kyokTail  kyokHeart kyokTail  kyokHeart kyokTail  kyokHeart kyokTail
[2022-12-21 17:37:13] <@%Lokao___> Thinkge
[2022-12-21 17:37:14] <%CarnoVrc> kyokHeart kyokHeart kyokHeart kyokHeart kyokHeart kyokHeart kyokHeart kyokHeart kyokHeart
[2022-12-21 17:37:15] <%TheLahal> inglorious bastards? moon2WOW
[2022-12-21 17:37:19] <%FnAngel_> Okayge
[2022-12-21 17:37:20] <%Glerzhus> DonkSass
[2022-12-21 17:37:21] <%Darklobi> xdd
[2022-12-21 17:37:33] <%mousewuzhere> thelahal we watching in about an hr and a half join us !
[2022-12-21 17:37:34] <%AdmiralShepard_> kyokHeart kyokTail
[2022-12-21 17:37:36] <%Darklobi> kyokHeart kyokTail  kyokHeart kyokTail  kyokHeart kyokTail  kyokHeart kyokTail
[2022-12-21 17:37:40] <%FnAngel_> kyokHeart kyokTail kyokHeart kyokTail kyokHeart kyokTail kyokHeart kyokTail
[2022-12-21 17:37:42] <%alphasalami> kyokHeart kyokTail
[2022-12-21 17:37:43] <%DaBlastKO> kyokHeart kyokTail bye kyo sleep good ye kyokHeart kyokTail
[2022-12-21 17:37:44] <%mousewuzhere> kyokHeart kyokTail
[2022-12-21 17:37:47] <%TheLahal> Hmm Hopefully im not too busy by then
[2022-12-21 17:37:48] <%Entro003> xdd
[2022-12-21 17:37:54] <%Glerzhus> later kyokHeart
[2022-12-21 17:37:55] <%Dankysama> kyokHeart kyokTail
[2022-12-21 17:37:59] <%Darklobi> cant we delay the movie for like 25 min? Prayge
[2022-12-21 17:37:59] <%DaBlastKO> kyokHeart kyokTail
[2022-12-21 17:38:01] <%mousewuzhere> kyokHeart
[2022-12-21 17:38:02] <Ultimateunit34> Bye bye
[2022-12-21 17:38:06] <!%Rysen_yo> thanks for the stream kyokHeart kyokTail
[2022-12-21 17:38:07] <%Darklobi> kyokHeart kyokTail  kyokHeart kyokTail  kyokHeart kyokTail  kyokHeart kyokTail  kyokHeart kyokTail
[2022-12-21 17:38:08] <@%Lokao___> dont forget to join the discord chat dinkdonk
[2022-12-21 17:38:12] <@%Lokao___> !discord
[2022-12-21 17:38:12] <@%^Nightbot> Come join Kyo's Discord! https://discord.gg/5w2fB9zt8C
[2022-12-21 17:38:15] <%DaBlastKO> byebye docL
[2022-12-21 17:38:16] <alelitoxz> no
[2022-12-21 17:38:17] <%mousewuzhere> JOIN US
[2022-12-21 17:38:20] <%alphasalami> NOWAY discord movie night?
[2022-12-21 17:38:25] <%alphasalami> !discord
[2022-12-21 17:38:25] <@%^Nightbot> Come join Kyo's Discord! https://discord.gg/5w2fB9zt8C
[2022-12-21 17:38:26] <@%Lokao___> kyokWave kyokTail bye
[2022-12-21 17:38:32] <%g0demperror> kyokWave roflgatorSmile cya
[2022-12-21 17:38:33] <@%Lokao___> Kissahomie CHAT
[2022-12-21 17:38:36] <%FnAngel_> xdd
[2022-12-21 17:38:37] <%mousewuzhere> kyoWave kyokTail
[2022-12-21 17:38:40] <%mousewuzhere> Kissahomie
[2022-12-21 17:38:41] <%DaBlastKO> kyokWave kyokTail kyokHeart kyokTail buh bye xdd
[2022-12-21 17:38:43] <%Dankysama> xdd
[2022-12-21 17:38:43] <%FnAngel_> xdd Any time
[2022-12-21 17:38:43] <%alphasalami> Kissahomie
[2022-12-21 17:38:48] <%alphasalami> Pause
[2022-12-21 17:38:53] <%DaBlastKO> HandsUp
[2022-12-21 17:38:55] <@%Lokao___> awkward almost there
[2022-12-21 17:38:55] Viewerstats (17:10-17:38): avg:730 min:711 max:752 [15/752−11+0−10+0+0+8+0+0−19+0+0+0+0−9]
[2022-12-21 17:38:55] VIEWERS: 711
[2022-12-21 17:38:59] <Ultimateunit34> LUL
[2022-12-21 17:38:59] <%Darklobi> kyokHeart kyokTail  kyokHeart kyokTail  kyokHeart kyokTail  kyokHeart kyokTail  kyokHeart kyokTail  kyokHeart kyokTail  kyokHeart kyokTail  kyokHeart kyokTail
[2022-12-21 17:39:02] <%mousewuzhere> awkward
[2022-12-21 17:39:02] <%alphasalami> FeelsLateMan
[2022-12-21 17:39:02] <%g0demperror> HandsUp aaaa
[2022-12-21 17:39:06] <%DaBlastKO> kyokHeart kyokTail
[2022-12-21 17:39:13] <%mousewuzhere> BYEEEE
[2022-12-21 17:39:13] <%mousewuzhere> caps
[2022-12-21 17:39:14] <%mousewuzhere> awkward
[2022-12-21 17:39:18] <%alphasalami> ppPoof
[2022-12-21 17:39:22] <%mousewuzhere> kyokHeart kyokTail
[2022-12-21 17:39:25] <%AdmiralShepard_> kyokHeart  kyokTail
[2022-12-21 17:39:35] <%mousewuzhere> SkunkWatchingStream RainTime
[2022-12-21 17:39:53] <%FnAngel_> Okay See you at movie chat
[2022-12-21 17:40:03] <%FnAngel_> RAGEY Better be there
[2022-12-21 17:40:06] <%mousewuzhere> ok see you guys in the discord
[2022-12-21 17:40:14] <%mousewuzhere> docSmash
[2022-12-21 17:40:26] <%mousewuzhere> Okay *
[2022-12-21 17:40:55] VIEWERS: 711
[2022-12-21 17:41:35] ~Stream offline~
[2022-12-21 17:43:18] <%FnAngel_> awkward Do you guys see the vod?
[2022-12-21 17:43:54] <@%Lokao___> u h
[2022-12-21 17:44:23] <@%Lokao___> not there yet i think
[2022-12-21 17:44:53] <%mousewuzhere> surely they'll publish it dotSTARE
[2022-12-21 17:45:17] <%FnAngel_> awkward Surely its on twich in and they didnt forget
[2022-12-21 17:45:17] <@%^Nightbot> Discord: https://discord.com/invite/5w2fB9zt8C Twitter: https://twitter.com/Kyokeru_ TikTok: https://www.tiktok.com/@kyokeru?
[2022-12-21 17:45:36] <@%Lokao___> @Kyokeru, dinkdonk VOD
[2022-12-21 17:45:57] <%hosei__> ImComingForDatAss
[2022-12-21 17:48:29] <%FnAngel_> awkward so uhhh
[2022-12-21 17:49:21] <%mousewuzhere> it is pure luck that I woke up early for movie
[2022-12-21 17:49:29] <%mousewuzhere> I fell asleep before I set my alarms Saved
[2022-12-21 17:49:31] <%FnAngel_> Okayge just have to ask val its not the worse thing
[2022-12-21 17:50:00] <%FnAngel_> Im going to try to take a quick nap before the movie DIESOFBEDGE
[2022-12-21 17:50:16] <@%Lokao___> VODS UP
[2022-12-21 17:50:20] <@%Lokao___> dinkdonk
[2022-12-21 17:50:24] <%FnAngel_> Pog
[2022-12-21 17:52:16] <%mousewuzhere> Drake
[2022-12-21 17:52:32] <%mousewuzhere> fnangel_ don't you dare sleep through it ReallyMad
[2022-12-21 17:53:21] <%FnAngel_> roflgatorBedge surely I won't sleep thought the alrams
[2022-12-21 17:53:30] <%mousewuzhere> Aware
[2022-12-21 18:55:41] <%TwogBee> CellBallin
[2022-12-21 19:17:46] <%DaBlastKO> CellBallin
[2022-12-21 20:05:51] <LEUCiSvrc> !discord
[2022-12-21 20:05:51] <@%^Nightbot> Come join Kyo's Discord! https://discord.gg/5w2fB9zt8C
[2022-12-21 20:23:04] <%SkyBeastO2> CellBallin
[2022-12-21 22:26:02] <floppyze> meow
