# Log started: 2022-12-28 05:11:41 +0100
[2022-12-28 05:11:41] <+Zaby1775> !sycrakea
[2022-12-28 05:11:41] <@%^StreamElements> https://youtu.be/upjUkPpBUfM
[2022-12-28 06:10:11] <SeedOfRiven> !gear
[2022-12-28 06:10:11] <@%^StreamElements> https://garmoth.com/character/dnIfCQjHpa
[2022-12-28 07:52:21] <LeoVF_> !addons
[2022-12-28 07:52:21] <@%^Nightbot> https://imgur.com/a/XG2gNjn
[2022-12-28 17:26:43] VIEWERS: 5
[2022-12-28 17:26:43] ~745GS Lahn - Am I back yet? Also quite sick still (Black Desert)~
[2022-12-28 17:28:44] VIEWERS: 5
[2022-12-28 17:29:55] <@%Sh0ckie> heyhey and welcome back kuugelLove
[2022-12-28 17:30:07] <%Gee__D> onlyba7LOVE
[2022-12-28 17:30:44] VIEWERS: 24
[2022-12-28 17:32:01] <zlahp> hi family
[2022-12-28 17:32:44] VIEWERS: 24
[2022-12-28 17:33:18] <%Gee__D> PepegaShake
[2022-12-28 17:34:29] <@%+NovvaeTv> kuugelSmash kuugelSmash
[2022-12-28 17:34:44] VIEWERS: 24
[2022-12-28 17:36:46] VIEWERS: 27
[2022-12-28 17:38:46] VIEWERS: 27
[2022-12-28 17:39:52] <@%Sh0ckie> aww those poor lights Sadge
[2022-12-28 17:39:55] <zlahp> HELLOOOO
[2022-12-28 17:40:33] <Penguintycoon> hi kuu LuvHearts
[2022-12-28 17:40:48] VIEWERS: 27
[2022-12-28 17:40:55] <@%Sh0ckie> glad you got a little better
[2022-12-28 17:41:02] <zlahp> kuugels i sended u a print of my lahn i rly hope u like :3
[2022-12-28 17:41:27] <zlahp> 1 or 2 days xD
[2022-12-28 17:41:34] <@%Sh0ckie> wait, you reading dms? kuugelMonkas
[2022-12-28 17:42:00] <@%Sh0ckie> yea "read" true xDDD
[2022-12-28 17:42:03] <@%Sh0ckie> sorry <3
[2022-12-28 17:42:48] VIEWERS: 33
[2022-12-28 17:43:09] <+pokigodi> hello my princess
[2022-12-28 17:43:14] <+pokigodi> <3
[2022-12-28 17:43:24] <@%+NovvaeTv> i am missing 1 and i am slacking XD
[2022-12-28 17:43:35] <+pokigodi> im doing great, u?
[2022-12-28 17:43:50] <+pokigodi> ur looking awesome today
[2022-12-28 17:44:15] <~%kuugels>* Try the Award-Winning Opera GX Browser today. Designed specifically for gamers.  https://core.yematube.com/support/operiien1/kuugels/OperaGXII/link
[2022-12-28 17:44:45] <Rarza> ur Madge
[2022-12-28 17:44:48] Viewerstats (17:26-17:44): avg:22 min:5 max:33 [10/_5+0+19+0+0+3+0+0+6+0]
[2022-12-28 17:44:48] VIEWERS: 33
[2022-12-28 17:44:50] <Rarza> rare kuugs stream POGGERS
[2022-12-28 17:45:07] <@%Sh0ckie> no u kuugelMedge
[2022-12-28 17:45:25] <Rarza> sick here also
[2022-12-28 17:45:31] <Rarza> it's around now
[2022-12-28 17:46:05] <Rarza> well I don't have any flu symptoms, just random headaches and feel feverish sometimes momentarily. weird stuff
[2022-12-28 17:46:36] <Rarza> but today we get ring piece ! game thinks you quit cuz you were away so long so it's gonna reward you
[2022-12-28 17:46:42] <@%Sh0ckie> i cant deny tho, you gotta check bairogs way of "how to deal with padix grind" xD it was funny to see
[2022-12-28 17:46:48] VIEWERS: 47
[2022-12-28 17:46:51] <@%Sh0ckie> i wont tell what he did unless you want me to
[2022-12-28 17:46:51] <Rarza> yes
[2022-12-28 17:47:17] <@%Sh0ckie> well different stream, so wasnt sure - he went more and more emo style LUL
[2022-12-28 17:47:23] <@%Sh0ckie> after certain hours
[2022-12-28 17:47:37] <@%Sh0ckie> cause "this is what padix does to you"
[2022-12-28 17:47:59] <Rarza> so we change space music to some emo metal and kuugs goes full goth
[2022-12-28 17:48:01] <Rarza> nice
[2022-12-28 17:48:09] <@%Sh0ckie> haha
[2022-12-28 17:48:36] <Rarza> imagine fixing stuff. just change a bit around it
[2022-12-28 17:48:49] VIEWERS: 47
[2022-12-28 17:48:54] <@%Sh0ckie> fixing is work kuugelMonkas
[2022-12-28 17:48:57] <@%Sh0ckie> no thanks
[2022-12-28 17:49:31] <@%^StreamElements> Download Rise of Kingdoms for free on PC. Get to City Hall level 5 and join me in the clan! https://strms.net/riseofkingdoms_kuugels
[2022-12-28 17:50:07] <@%Sh0ckie> no
[2022-12-28 17:50:13] <@%Sh0ckie> kuugelMonkas
[2022-12-28 17:50:26] <@%Sh0ckie> you dont
[2022-12-28 17:50:49] VIEWERS: 47
[2022-12-28 17:50:56] <@%Sh0ckie> it does work, its on your shoulders YEP
[2022-12-28 17:51:07] <@%Sh0ckie> thats something haha xD
[2022-12-28 17:51:43] <@%Sh0ckie> i wonder if they will add treasure events for the ring at one point, as it just started today
[2022-12-28 17:51:52] <@%Sh0ckie> like other locations
[2022-12-28 17:52:01] <+BeastCowboyy> you have any awk lawn guide videos?
[2022-12-28 17:52:39] <@%Sh0ckie> that event is still going
[2022-12-28 17:52:49] VIEWERS: 48
[2022-12-28 17:52:57] <%cinddel> !addons
[2022-12-28 17:52:57] <@%^Nightbot> https://imgur.com/a/XG2gNjn
[2022-12-28 17:54:06] [Notification] Stryker500 subscribed at Tier 1. They've subscribed for 3 months! [Nice to see you back! Hope you keep feeling better each day!]
[2022-12-28 17:54:45] <@%+NovvaeTv> brb time for food
[2022-12-28 17:54:49] VIEWERS: 48
[2022-12-28 17:54:53] <@%Sh0ckie> enjoy
[2022-12-28 17:55:01] <%Stryker500> Doing well here, just been very busy
[2022-12-28 17:55:15] <%Stryker500> kuugelLove kuugelLove kuugelLove
[2022-12-28 17:55:55] <blade602> Did I miss debo, when was that
[2022-12-28 17:56:16] <%Stryker500> I have been saving my silver and almost can buy my first ever TET Manos Accessory! I mostly lifeskill so big gain for me ;)
[2022-12-28 17:56:28] <blade602> carried or pain?
[2022-12-28 17:56:39] <Syreael> The perfect song if you dont like your neighbor
[2022-12-28 17:56:50] VIEWERS: 48
[2022-12-28 17:57:13] <+xpc14> !gear
[2022-12-28 17:57:13] <@%^StreamElements> https://garmoth.com/character/dnIfCQjHpa
[2022-12-28 17:57:23] <+seesnox> !gear
[2022-12-28 17:57:24] <@%^StreamElements> https://garmoth.com/character/dnIfCQjHpa
[2022-12-28 17:57:36] <traumkrieger> Hallo!
[2022-12-28 17:57:42] <@%Sh0ckie> ye 2 months old is that clip
[2022-12-28 17:57:43] <traumkrieger> How are you?
[2022-12-28 17:57:52] <@%Sh0ckie> just checked while cleaning up some of the random ones xD
[2022-12-28 17:58:12] <traumkrieger> Fine thanks i rich lvl61 striker
[2022-12-28 17:58:39] <@%Sh0ckie> well gotta keep it sorted, so i dont have to do so many again like the last time
[2022-12-28 17:58:50] VIEWERS: 47
[2022-12-28 17:59:20] <~%kuugels>* Get unparalleled protection for your desktop, mobile & tablet devices without compromising on speed and performance. Recommended by Gamers for Gamers. https://core.yematube.com/support/protecedf/kuugels/protected-total-cpa/link
[2022-12-28 18:00:19] <@%Sh0ckie> time to join into pain, lifeskill
[2022-12-28 18:00:30] <@%^Nightbot> !sraffle
[2022-12-28 18:00:30] <@%^StreamElements>* kuugelRNG a Raffle has begun for 1000 RNG PogChamp it will end in 60 Seconds. Enter by typing "!join" OpieOP
[2022-12-28 18:00:36] <@%Sh0ckie> steppe
[2022-12-28 18:00:37] <@%Sh0ckie> !join
[2022-12-28 18:00:45] <%Stryker500> !join
[2022-12-28 18:00:45] <@%^StreamElements>* The Raffle for 1000 RNG will end in 45 Seconds. Enter by typing "!join" FeelsGoodMan
[2022-12-28 18:00:51] VIEWERS: 47
[2022-12-28 18:00:53] <Syreael> !points
[2022-12-28 18:00:53] <@%^StreamElements> @Syreael, Syreael has 110 RNG and is rank 3417/58629 on the leaderboard.
[2022-12-28 18:01:00] <@%^StreamElements>* The Raffle for 1000 RNG will end in 30 Seconds. Enter by typing "!join" FeelsGoodMan
[2022-12-28 18:01:02] <@%Sh0ckie> still not even at 50
[2022-12-28 18:01:15] <@%^StreamElements>* The Raffle for 1000 RNG will end in 15 Seconds. Enter by typing "!join" FeelsGoodMan
[2022-12-28 18:01:18] <Syreael> !duel Sh0ckie 110
[2022-12-28 18:01:18] <@%^StreamElements> @sh0ckie, @Syreael wants to duel you for 110 RNG, you can !accept or !deny within 2 minutes
[2022-12-28 18:01:21] <@%Sh0ckie> i would hope so
[2022-12-28 18:01:30] <@%^StreamElements>* The Raffle has ended and stryker500 lost 1000 RNG kuugelStinks
[2022-12-28 18:01:33] <@%Sh0ckie> i wanna grind xD
[2022-12-28 18:02:04] <@%Sh0ckie> i did, grinded oluns with erica
[2022-12-28 18:02:21] <@%Sh0ckie> was surprised how much we got lol
[2022-12-28 18:02:30] <@%Sh0ckie> i am used to slow groups
[2022-12-28 18:02:52] VIEWERS: 47
[2022-12-28 18:03:11] <@%Sh0ckie> plus learned a few things
[2022-12-28 18:03:16] <@%Sh0ckie> and she fixed my addons
[2022-12-28 18:03:19] <xkasanebdo> !gear
[2022-12-28 18:03:19] <@%^StreamElements> https://garmoth.com/character/dnIfCQjHpa
[2022-12-28 18:04:44] <@%Sh0ckie> wouldnt surprise me
[2022-12-28 18:04:52] VIEWERS: 54
[2022-12-28 18:05:44] <@%+rallen1122> ayo welcome back
[2022-12-28 18:05:46] <@%Sh0ckie> xD your body is so weird with temperatures
[2022-12-28 18:06:29] <@%+rallen1122> got lucky and survived family madness again this year... What about you?
[2022-12-28 18:06:53] VIEWERS: 54
[2022-12-28 18:06:57] <xkasanebdo> Why dont u buy a PEN Orkinrad Belt ? I think it will be pretty for your evasion build , keeping your AP
[2022-12-28 18:07:21] <@%+rallen1122> cuz orkinrad is a pvp belt
[2022-12-28 18:08:02] <@%+rallen1122> I also want DR setup, I could frag so much more in NW
[2022-12-28 18:08:53] VIEWERS: 55
[2022-12-28 18:09:26] <@%Sh0ckie> do you have all the meds now?
[2022-12-28 18:10:54] VIEWERS: 55
[2022-12-28 18:11:58] <@%Sh0ckie> LUL
[2022-12-28 18:12:07] <@%Sh0ckie> some ppl
[2022-12-28 18:12:29] <@%+rallen1122> actually it was me who won, you just mixed that up
[2022-12-28 18:12:55] VIEWERS: 55
[2022-12-28 18:13:05] <@%Sh0ckie> must have been rallenII22 LUL
[2022-12-28 18:13:19] <@%+rallen1122> rallen42069
[2022-12-28 18:13:22] <@%+rallen1122> Kappa
[2022-12-28 18:14:25] <~%kuugels>* Try the Award-Winning Opera GX Browser today. Designed specifically for gamers.  https://core.yematube.com/support/operIIen2/kuugels/OperaGXII/link
[2022-12-28 18:14:50] <@%Sh0ckie> curious if you will end your ls again like in hystria haha
[2022-12-28 18:14:54] <@%Sh0ckie> once it drops
[2022-12-28 18:14:56] Viewerstats (17:46-18:14): avg:50 min:47 max:55 [15/47+0+0+1+0+0−1+0+0+7+0+1+0+0−4]
[2022-12-28 18:14:56] VIEWERS: 51
[2022-12-28 18:15:18] <@%Sh0ckie> poor megimegi
[2022-12-28 18:16:18] <@%Sh0ckie> steppe vs you xD
[2022-12-28 18:16:18] <@%+rallen1122> bruh my bro just brought me food to my pc, gotta love him <3
[2022-12-28 18:16:29] <@%Sh0ckie> lets see whos faster, you grind way more
[2022-12-28 18:16:52] <@%Sh0ckie> not comparing
[2022-12-28 18:16:58] VIEWERS: 51
[2022-12-28 18:17:48] <@%+rallen1122> you could trade for it KEKW
[2022-12-28 18:18:30] <+Statham170> Dont you have feeling like this seasons are to often? its like a must to do for average player and its so fkn boring. Actually I get burned again because new season came out
[2022-12-28 18:18:44] <@%+rallen1122> man I keep getting outfits, its at the point where I cannot keep up with money monkaS
[2022-12-28 18:18:58] VIEWERS: 51
[2022-12-28 18:19:12] <@%+rallen1122> @Statham170 Its all 3-4 months and take 2 days
[2022-12-28 18:19:56] <@%Sh0ckie> plus you dont HAVE to do it
[2022-12-28 18:20:01] <+Statham170> 2 days is maybe if you have friends to lvl u up on orcs, even then how will u wont get full pen tuvala in 2 days
[2022-12-28 18:20:36] <@%Sh0ckie> damn im so glad that they removed cheers for shards
[2022-12-28 18:20:37] <@%+rallen1122> Well you dont need full pen tuvala, but that is also easily done in 2 days with the last changes
[2022-12-28 18:20:59] VIEWERS: 57
[2022-12-28 18:21:32] <@%Sh0ckie> its only up to 60 this time
[2022-12-28 18:22:39] <@%+rallen1122> you got the app? LUL
[2022-12-28 18:22:59] VIEWERS: 57
[2022-12-28 18:23:27] [Notification] Namingtone subscribed with Prime. They've subscribed for 36 months!
[2022-12-28 18:23:37] <@%Sh0ckie> naming UwU
[2022-12-28 18:23:45] <@%+rallen1122> Did you atleast have nice food?
[2022-12-28 18:24:07] <@%+rallen1122> Pog
[2022-12-28 18:24:21] <Rarza> Megimegi peepoHappy
[2022-12-28 18:24:33] <patasol47> Hello kuugels
[2022-12-28 18:24:48] <Rarza> Megimegi would make good starter for christmas table
[2022-12-28 18:24:52] <patasol47> doing great, wbu?
[2022-12-28 18:25:00] <patasol47> how's ur padix grind?
[2022-12-28 18:25:00] VIEWERS: 55
[2022-12-28 18:26:05] <Rarza> today is the day
[2022-12-28 18:27:00] VIEWERS: 55
[2022-12-28 18:27:50] <!%TamerBox> hmmm
[2022-12-28 18:27:58] <!%TamerBox> you put me in a pickle here
[2022-12-28 18:27:58] <@%+rallen1122> My goal next two months is to save 20 debos and get crons for 2 debo clicks... I hope it does not fuck me up like other pen accs
[2022-12-28 18:28:30] <!%TamerBox> well your disc live message it is asking me to ask you
[2022-12-28 18:28:43] <!%TamerBox> haha
[2022-12-28 18:28:48] <!%TamerBox> nah it is not that bad
[2022-12-28 18:29:00] VIEWERS: 55
[2022-12-28 18:29:05] <@%Sh0ckie> that message is why i havent said anything xD
[2022-12-28 18:29:05] <!%TamerBox> for a bdo player :)
[2022-12-28 18:29:30] <~%kuugels>* Get unparalleled protection for your desktop, mobile & tablet devices without compromising on speed and performance. Recommended by Gamers for Gamers. https://core.yematube.com/support/protecedf2/kuugels/protected-total-cpa/link
[2022-12-28 18:29:35] <@%Sh0ckie> not the only
[2022-12-28 18:29:43] <!%TamerBox> but anyway how you doing Laura
[2022-12-28 18:30:16] <!%TamerBox> no make up is not always bad
[2022-12-28 18:30:29] <!%TamerBox> and I'm good but will have to chat in a bit need to eat first brb
[2022-12-28 18:31:00] VIEWERS: 65
[2022-12-28 18:32:03] <+istakithelord> HeyGuys
[2022-12-28 18:32:34] <+istakithelord> good, gonna go for a vell now, haven't done it in long time
[2022-12-28 18:33:00] VIEWERS: 65
[2022-12-28 18:33:05] <+istakithelord> yea I have my forgoten Kuno there haha
[2022-12-28 18:33:49] <@%Sh0ckie> yay pity, no dry hour atleast xD
[2022-12-28 18:34:00] <@%Sh0ckie> had 2 of those before
[2022-12-28 18:34:27] <@%Sh0ckie> dunno i always feel like the more mobs i kill the faster its over
[2022-12-28 18:35:01] VIEWERS: 61
[2022-12-28 18:36:01] <03102016> SUBprise
[2022-12-28 18:37:01] VIEWERS: 61
[2022-12-28 18:38:01] <03102016> i saw a girlboy on social and am in love <3 but it only brought pain BibleThump TearGlove
[2022-12-28 18:39:02] VIEWERS: 63
[2022-12-28 18:40:10] <@%Sh0ckie> oh the leadership got transfered on that sponsor game btw xD
[2022-12-28 18:40:19] <@%Sh0ckie> cause you havent been logging on haha
[2022-12-28 18:40:41] <+istakithelord> oh just realized you don't have those glowing stuff anymore on the wall
[2022-12-28 18:41:03] VIEWERS: 63
[2022-12-28 18:41:30] <%zammerbo> kuugelKawaii
[2022-12-28 18:41:39] <Syreael> they took vacation for christmas
[2022-12-28 18:41:41] <ktsglady> ktsgshInHIlady ktsgshInHIlady
[2022-12-28 18:41:44] <Syreael> they need to rest too
[2022-12-28 18:42:31] <ktsglady> cooking all time
[2022-12-28 18:42:45] <ktsglady> Pizza GlitchNRG
[2022-12-28 18:43:00] <+Schmutzloot> !ring2
[2022-12-28 18:43:00] <@%^StreamElements> https://www.twitch.tv/kuugels/clip/DifficultTenaciousReubenAMPEnergyCherry-rQsAg0POcRZhUKm9
[2022-12-28 18:43:04] VIEWERS: 63
[2022-12-28 18:43:10] <@%Sh0ckie> pizza on bdo? xD
[2022-12-28 18:43:10] <ktsglady> yes now rlly life :D
[2022-12-28 18:43:22] <ktsglady> bdo now cooking beer xd
[2022-12-28 18:43:23] <@%Sh0ckie> i know
[2022-12-28 18:44:31] <thetitan7u7> eduiy16OKmov eduiy16OKmov eduiy16OKmov eduiy16OKmov eduiy16OKmov eduiy16OKmov eduiy16OKmov eduiy16OKmov  im main shai
[2022-12-28 18:44:35] <~%kuugels>* Try the Award-Winning Opera GX Browser today. Designed specifically for gamers.  https://core.yematube.com/support/operIIen5/kuugels/OperaGXII/link
[2022-12-28 18:44:38] <!%TamerBox> okay so le me is le back
[2022-12-28 18:44:44] <03102016> BibleThump
[2022-12-28 18:44:47] <%DaddyDragun> heyyyy im glad to see you kuugelWave
[2022-12-28 18:44:50] <@%Sh0ckie> le wb
[2022-12-28 18:45:01] <!%TamerBox> ooh I have question
[2022-12-28 18:45:05] Viewerstats (18:16-18:45): avg:59 min:51 max:69 [15/51+0+6+0−2+0+0+10+0−4+0+2+0+0+6]
[2022-12-28 18:45:05] VIEWERS: 69
[2022-12-28 18:45:12] <%DaddyDragun> you kknow whattt
[2022-12-28 18:45:15] <ktsglady> kuugelTurtle
[2022-12-28 18:45:26] <!%TamerBox> you did the partner thing with ROK right ?
[2022-12-28 18:45:28] <ktsglady> i have black cat kuugelTurtle
[2022-12-28 18:45:29] <%DaddyDragun> im about to tag the lahn and grind in hystria
[2022-12-28 18:45:35] <%DaddyDragun> PepeLaugh
[2022-12-28 18:45:48] <%DaddyDragun> lituraly after your steps
[2022-12-28 18:45:53] <%DaddyDragun> PepeLaugh
[2022-12-28 18:46:14] <!%TamerBox> well yeah but besides that did you have issues dloading it ?
[2022-12-28 18:46:18] <+istakithelord> what DP is good enough for hystria?
[2022-12-28 18:46:51] <!%TamerBox> I tried joining it on another streamer and like 80 people tried dloading it and couldn't
[2022-12-28 18:46:52] <+istakithelord> oh then good, I have 331
[2022-12-28 18:46:54] <!%TamerBox> just wondering
[2022-12-28 18:47:05] VIEWERS: 69
[2022-12-28 18:47:24] <NotYamateeei> goodluck
[2022-12-28 18:47:45] <!%TamerBox> time to get a new vell am I right
[2022-12-28 18:47:56] <NotYamateeei> same like you
[2022-12-28 18:49:05] VIEWERS: 74
[2022-12-28 18:50:48] <@%+NovvaeTv> grasp
[2022-12-28 18:51:06] VIEWERS: 74
[2022-12-28 18:51:28] <@%+NovvaeTv> LUL
[2022-12-28 18:52:30] <@%+NovvaeTv> i like the other just grasp is so annoying
[2022-12-28 18:52:34] <@%+NovvaeTv> yeah u did XD
[2022-12-28 18:53:07] VIEWERS: 67
[2022-12-28 18:53:09] <@%Sh0ckie> foooooooood
[2022-12-28 18:53:14] <!%TamerBox> food now
[2022-12-28 18:53:16] <!%TamerBox> human
[2022-12-28 18:53:57] <!%TamerBox> IRL griefer
[2022-12-28 18:55:07] VIEWERS: 67
[2022-12-28 18:55:35] <@%Sh0ckie> this cat
[2022-12-28 18:56:51] <Rarza> Mimi eats Turtle soon
[2022-12-28 18:57:05] <Rarza> has Mimi lost some weight?
[2022-12-28 18:57:07] VIEWERS: 67
[2022-12-28 18:57:31] <@%Sh0ckie> xDD
[2022-12-28 18:57:41] <!%TamerBox> I go where I want Human
[2022-12-28 18:57:52] <yerin_yi> so cutie
[2022-12-28 18:58:12] <Rarza> depends if food or not
[2022-12-28 18:58:18] <%kamui_oni> welcome back Kuugels!
[2022-12-28 18:59:08] VIEWERS: 67
[2022-12-28 18:59:18] <Rarza> food time for Mimi POGGERS
[2022-12-28 18:59:29] [Notification] kamui_oni subscribed at Tier 1. They've subscribed for 18 months! [Have a wonderful day!]
[2022-12-28 18:59:39] <+Extinc94> !gear
[2022-12-28 18:59:39] <@%^StreamElements> https://garmoth.com/character/dnIfCQjHpa
[2022-12-28 18:59:40] <~%kuugels>* Get unparalleled protection for your desktop, mobile & tablet devices without compromising on speed and performance. Recommended by Gamers for Gamers. https://core.yematube.com/support/protecedf4/kuugels/protected-total-cpa/link
[2022-12-28 19:00:28] <@%^Nightbot> !sraffle
[2022-12-28 19:00:29] <@%^StreamElements>* kuugelRNG a Raffle has begun for 1000 RNG PogChamp it will end in 60 Seconds. Enter by typing "!join" OpieOP
[2022-12-28 19:00:44] <@%^StreamElements>* The Raffle for 1000 RNG will end in 45 Seconds. Enter by typing "!join" FeelsGoodMan
[2022-12-28 19:00:59] <@%^StreamElements>* The Raffle for 1000 RNG will end in 30 Seconds. Enter by typing "!join" FeelsGoodMan
[2022-12-28 19:01:08] VIEWERS: 65
[2022-12-28 19:01:14] <@%^StreamElements>* The Raffle for 1000 RNG will end in 15 Seconds. Enter by typing "!join" FeelsGoodMan
[2022-12-28 19:01:29] <@%^StreamElements> No one entered the raffle LUL
[2022-12-28 19:03:08] VIEWERS: 66
[2022-12-28 19:05:03] <@%Sh0ckie> wb
[2022-12-28 19:05:08] VIEWERS: 66
[2022-12-28 19:05:58] <+Dreagge> waZZup
[2022-12-28 19:06:21] <+Dreagge> Full, i cant stand the christmas food anymore
[2022-12-28 19:06:31] <+Dreagge> Still got fridge full of it ...
[2022-12-28 19:06:52] <@%Sh0ckie> send it to me xD
[2022-12-28 19:07:00] <+Dreagge> we decided to make everything ourselves this year, huge mistake
[2022-12-28 19:07:08] VIEWERS: 72
[2022-12-28 19:07:40] <+Dreagge> takes whole day making the food, spend half a day to heat it for everyone, and serving it
[2022-12-28 19:07:43] <+Dreagge> too much hassle
[2022-12-28 19:09:10] VIEWERS: 72
[2022-12-28 19:11:10] VIEWERS: 63
[2022-12-28 19:11:10] ~Am I back yet? Also quite sick still (Destiny 2)~
[2022-12-28 19:11:43] <@%Sh0ckie> bless you
[2022-12-28 19:11:45] <!%TamerBox> bless you
[2022-12-28 19:13:11] VIEWERS: 63
[2022-12-28 19:14:44] <~%kuugels>* Try the Award-Winning Opera GX Browser today. Designed specifically for gamers.  https://core.yematube.com/support/operiien1/kuugels/OperaGXII/link
[2022-12-28 19:15:11] Viewerstats (18:47-19:15): avg:67 min:58 max:74 [15/69+5+0−7+0+0+0−2+1+0+6+0−9+0−5]
[2022-12-28 19:15:11] VIEWERS: 58
[2022-12-28 19:15:41] <@%Sh0ckie> haha
[2022-12-28 19:16:01] <@%Sh0ckie> you never do xD
[2022-12-28 19:17:11] VIEWERS: 58
[2022-12-28 19:19:12] VIEWERS: 58
[2022-12-28 19:21:12] VIEWERS: 58
[2022-12-28 19:23:12] VIEWERS: 51
[2022-12-28 19:25:13] VIEWERS: 51
[2022-12-28 19:27:14] VIEWERS: 51
[2022-12-28 19:28:35] [Notification] mirmo01 subscribed at Tier 1. They've subscribed for 6 months, currently on a 4 month streak!
[2022-12-28 19:29:14] VIEWERS: 45
[2022-12-28 19:29:49] <~%kuugels>* Get unparalleled protection for your desktop, mobile & tablet devices without compromising on speed and performance. Recommended by Gamers for Gamers. https://core.yematube.com/support/protecedf3/kuugels/protected-total-cpa/link
[2022-12-28 19:31:15] VIEWERS: 45
[2022-12-28 19:33:16] VIEWERS: 44
[2022-12-28 19:35:17] VIEWERS: 44
[2022-12-28 19:37:17] VIEWERS: 42
[2022-12-28 19:38:08] <+istakithelord> oh that's a good song
[2022-12-28 19:39:00] <+istakithelord> it works!!
[2022-12-28 19:39:19] VIEWERS: 42
[2022-12-28 19:40:48] <yerin_yi> !addons
[2022-12-28 19:40:48] <@%^Nightbot> https://imgur.com/a/XG2gNjn
[2022-12-28 19:41:19] VIEWERS: 41
[2022-12-28 19:43:20] VIEWERS: 41
[2022-12-28 19:44:54] <~%kuugels>* Try the Award-Winning Opera GX Browser today. Designed specifically for gamers.  https://core.yematube.com/support/operIIen2/kuugels/OperaGXII/link
[2022-12-28 19:45:21] Viewerstats (19:17-19:45): avg:47 min:37 max:58 [15/58+0+0−7+0+0−6+0−1+0−2+0−1+0−4]
[2022-12-28 19:45:21] VIEWERS: 37
[2022-12-28 19:47:21] VIEWERS: 37
[2022-12-28 19:49:21] VIEWERS: 36
[2022-12-28 19:51:23] VIEWERS: 36
[2022-12-28 19:52:22] <pandro__> Heyo, did you finally manage to get flawless the other day?
[2022-12-28 19:52:38] <Rarza> we in space ratJAM
[2022-12-28 19:52:56] <pandro__> Understandable ahah
[2022-12-28 19:53:13] <pandro__> Sorry to hear that
[2022-12-28 19:53:14] <@%Sh0ckie> haha xD
[2022-12-28 19:53:23] VIEWERS: 33
[2022-12-28 19:55:06] <@%Sh0ckie> get a shirt+blanket in case you need it
[2022-12-28 19:55:24] VIEWERS: 36
[2022-12-28 19:55:42] <@%Sh0ckie> kuugelComfy this one :D
[2022-12-28 19:56:02] <@%Sh0ckie> aww
[2022-12-28 19:57:26] VIEWERS: 36
[2022-12-28 19:59:26] VIEWERS: 36
[2022-12-28 19:59:59] <~%kuugels>* Get unparalleled protection for your desktop, mobile & tablet devices without compromising on speed and performance. Recommended by Gamers for Gamers. https://core.yematube.com/support/protecedf/kuugels/protected-total-cpa/link
[2022-12-28 20:00:28] <@%^Nightbot> !sraffle
[2022-12-28 20:00:28] <@%^StreamElements>* kuugelRNG a Raffle has begun for 1000 RNG PogChamp it will end in 60 Seconds. Enter by typing "!join" OpieOP
[2022-12-28 20:00:43] <@%^StreamElements>* The Raffle for 1000 RNG will end in 45 Seconds. Enter by typing "!join" FeelsGoodMan
[2022-12-28 20:00:54] <@%Sh0ckie> elmoFire we burning
[2022-12-28 20:00:55] <@%Sh0ckie> !join
[2022-12-28 20:00:58] <@%^StreamElements>* The Raffle for 1000 RNG will end in 30 Seconds. Enter by typing "!join" FeelsGoodMan
[2022-12-28 20:01:13] <@%^StreamElements>* The Raffle for 1000 RNG will end in 15 Seconds. Enter by typing "!join" FeelsGoodMan
[2022-12-28 20:01:26] VIEWERS: 36
[2022-12-28 20:01:28] <@%^StreamElements>* The Raffle has ended and sh0ckie lost 1000 RNG kuugelStinks
[2022-12-28 20:03:26] VIEWERS: 35
[2022-12-28 20:03:38] <@%Sh0ckie> wb
[2022-12-28 20:05:20] <+istakithelord> rip DIM again
[2022-12-28 20:05:26] VIEWERS: 35
[2022-12-28 20:07:09] <@%Sh0ckie> xD poor thing
[2022-12-28 20:07:26] VIEWERS: 30
[2022-12-28 20:09:26] VIEWERS: 30
[2022-12-28 20:10:15] <@%Sh0ckie> haha
[2022-12-28 20:10:46] <@%Sh0ckie> the bounty addiction xD
[2022-12-28 20:11:26] VIEWERS: 25
[2022-12-28 20:13:16] <@%Sh0ckie> i still love the logo
[2022-12-28 20:13:26] VIEWERS: 25
[2022-12-28 20:13:27] <@%Sh0ckie> or emblem
[2022-12-28 20:15:05] <~%kuugels>* Try the Award-Winning Opera GX Browser today. Designed specifically for gamers.  https://core.yematube.com/support/operIIen5/kuugels/OperaGXII/link
[2022-12-28 20:15:27] Viewerstats (19:47-20:15): avg:32 min:25 max:37 [15/37−1+0−3+3+0+0+0−1+0−5+0−5+0+1]
[2022-12-28 20:15:27] VIEWERS: 26
[2022-12-28 20:17:27] VIEWERS: 26
[2022-12-28 20:19:27] VIEWERS: 31
[2022-12-28 20:21:28] VIEWERS: 31
[2022-12-28 20:22:11] <@%Sh0ckie> 3 days
[2022-12-28 20:22:33] <@%Sh0ckie> dont force yourself
[2022-12-28 20:22:37] <@%Sh0ckie> these hours are way too much
[2022-12-28 20:23:28] VIEWERS: 31
[2022-12-28 20:25:29] VIEWERS: 29
[2022-12-28 20:27:30] VIEWERS: 29
[2022-12-28 20:27:54] <@%Sh0ckie> wb
[2022-12-28 20:29:30] VIEWERS: 28
[2022-12-28 20:29:32] <TorrixYT> hiiiii
[2022-12-28 20:29:36] <TorrixYT> u canhged ur setupp
[2022-12-28 20:29:58] <TorrixYT> ur position and location of the pc
[2022-12-28 20:30:09] <~%kuugels>* Get unparalleled protection for your desktop, mobile & tablet devices without compromising on speed and performance. Recommended by Gamers for Gamers. https://core.yematube.com/support/protecedf2/kuugels/protected-total-cpa/link
[2022-12-28 20:30:19] <TorrixYT> UR INVERTED XD
[2022-12-28 20:30:22] <TorrixYT> ffff my bad
[2022-12-28 20:30:42] <TorrixYT> im doing great thankyou wbu ? <3
[2022-12-28 20:31:06] <@%Sh0ckie> she is kuugelWave_HF  instead of kuugelWave  haha
[2022-12-28 20:31:08] <TorrixYT> ur hair looks amazing today btw
[2022-12-28 20:31:31] VIEWERS: 28
[2022-12-28 20:32:15] <@%Sh0ckie> 404error
[2022-12-28 20:33:31] VIEWERS: 23
[2022-12-28 20:34:07] <@%Sh0ckie> kuugelTurtle i am more important
[2022-12-28 20:34:34] <@%Sh0ckie> little lady
[2022-12-28 20:34:56] <@%Sh0ckie> she is like "lets 2vs1 them" :D
[2022-12-28 20:35:35] VIEWERS: 23
[2022-12-28 20:37:01] <@%Sh0ckie> always a good idea YEP
[2022-12-28 20:37:36] VIEWERS: 23
[2022-12-28 20:38:22] <@%Sh0ckie> happens in any game, also love it just like you
[2022-12-28 20:38:29] <@%Sh0ckie> "oh lets start the fight/boss"
[2022-12-28 20:38:47] <@%Sh0ckie> those are the first ppl that we usually either kicked or trolled
[2022-12-28 20:39:06] <@%Sh0ckie> like as a dd, you arent supposted to start a bossfight (example)
[2022-12-28 20:39:21] <@%Sh0ckie> and if you are keep doing that, be prepared to get trolled
[2022-12-28 20:39:29] <@%Sh0ckie> damn i miss those fun times :D
[2022-12-28 20:39:37] VIEWERS: 24
[2022-12-28 20:40:08] <@%Sh0ckie> but ye i am 100 % with you about that
[2022-12-28 20:40:30] <@%Sh0ckie> pls just let the ppl start that are supposted to
[2022-12-28 20:40:43] <@%Sh0ckie> or if a group, wait for those
[2022-12-28 20:40:45] <@%Sh0ckie> its not that hard
[2022-12-28 20:41:32] <@%Sh0ckie> ye you would think its not hard xD
[2022-12-28 20:41:38] VIEWERS: 24
[2022-12-28 20:41:40] <@%Sh0ckie> yet they are showing you "it is"
[2022-12-28 20:42:02] <@%Sh0ckie> he left?
[2022-12-28 20:42:03] <@%Sh0ckie> KEKW
[2022-12-28 20:42:21] <@%Sh0ckie> amazing, "welcome to my blocklist"
[2022-12-28 20:43:26] <@%Sh0ckie> haha i just had to imagine those ppl with you in kf, i would constantly kick them off platforms KEKW
[2022-12-28 20:43:39] VIEWERS: 24
[2022-12-28 20:44:23] <@%Sh0ckie> well i am more of a troll with those ppl, my tolerance is gone unless its ppl that i know
[2022-12-28 20:44:33] <+1AMGROOTX> Yoo @kuugels came by to say HI <3 and happy holidays , can t hear you
[2022-12-28 20:45:01] <@%Sh0ckie> she said "thank you, likewise" :D
[2022-12-28 20:45:14] <~%kuugels>* Try the Award-Winning Opera GX Browser today. Designed specifically for gamers.  https://core.yematube.com/support/operiien1/kuugels/OperaGXII/link
[2022-12-28 20:45:29] <+1AMGROOTX> <3
[2022-12-28 20:45:40] Viewerstats (20:17-20:45): avg:26 min:23 max:31 [15/26+5+0+0−2+0−1+0−5+0+0+1+0+0−1]
[2022-12-28 20:45:40] VIEWERS: 23
[2022-12-28 20:46:58] <Ziselaer_> Hi, how are you today, good?
[2022-12-28 20:47:41] VIEWERS: 23
[2022-12-28 20:48:04] <Ziselaer_> :( hope you will get better soon
[2022-12-28 20:49:08] <@%Sh0ckie> Oo
[2022-12-28 20:49:41] VIEWERS: 28
[2022-12-28 20:49:52] <@%Sh0ckie> omg i would rage so bad
[2022-12-28 20:49:54] <@%Sh0ckie> hahaha
[2022-12-28 20:50:05] <Ziselaer_> screw them, maybe try chilling out in bdo? :D
[2022-12-28 20:50:25] <@%Sh0ckie> she is on black destiny online LUL
[2022-12-28 20:50:50] <Ziselaer_> XD
[2022-12-28 20:51:36] <@%Sh0ckie> uhhhh
[2022-12-28 20:51:41] <@%Sh0ckie> was that supposted to happen? i guess not
[2022-12-28 20:51:42] <@%Sh0ckie> xD
[2022-12-28 20:51:42] VIEWERS: 28
[2022-12-28 20:52:40] <@%Sh0ckie> like i am fine with new ppl, but pls say so at the beginning
[2022-12-28 20:53:01] <@%Sh0ckie> yea, just a general statement
[2022-12-28 20:53:23] <@%Sh0ckie> pls do :D
[2022-12-28 20:53:24] <@%Sh0ckie> haha
[2022-12-28 20:53:34] <@%Sh0ckie> feel free LUL
[2022-12-28 20:53:42] VIEWERS: 25
[2022-12-28 20:54:04] <@%Sh0ckie> and now just watch him getting the rare drops
[2022-12-28 20:54:13] <@%Sh0ckie> cause its always those ppl
[2022-12-28 20:54:16] <@%Sh0ckie> ah ok
[2022-12-28 20:54:30] <@%Sh0ckie> i have so many tera flashbacks right now lol
[2022-12-28 20:55:43] VIEWERS: 25
[2022-12-28 20:57:09] <@%Sh0ckie> is he even talking on chat?
[2022-12-28 20:57:37] <@%Sh0ckie> typical xD
[2022-12-28 20:57:43] VIEWERS: 25
[2022-12-28 20:57:59] <@%Sh0ckie> grats for your first one on the blocklist :D
[2022-12-28 20:58:50] <@%Sh0ckie> but also a reason why i HATE to run randomly
[2022-12-28 20:58:59] <@%Sh0ckie> and why i only play with ppl that i know
[2022-12-28 20:59:28] <@%Sh0ckie> they even made easy dungeons hard LUL
[2022-12-28 20:59:43] VIEWERS: 26
[2022-12-28 20:59:58] <@%Sh0ckie> sorry ill stop the rage haha xD
[2022-12-28 21:00:13] <@%Sh0ckie> cause mine is years ago LUL
[2022-12-28 21:00:19] <~%kuugels>* Get unparalleled protection for your desktop, mobile & tablet devices without compromising on speed and performance. Recommended by Gamers for Gamers. https://core.yematube.com/support/protecedf4/kuugels/protected-total-cpa/link
[2022-12-28 21:00:27] <@%^Nightbot> !sraffle
[2022-12-28 21:00:28] <@%^StreamElements>* kuugelRNG a Raffle has begun for 1000 RNG PogChamp it will end in 60 Seconds. Enter by typing "!join" OpieOP
[2022-12-28 21:00:43] <@%^StreamElements>* The Raffle for 1000 RNG will end in 45 Seconds. Enter by typing "!join" FeelsGoodMan
[2022-12-28 21:00:58] <@%^StreamElements>* The Raffle for 1000 RNG will end in 30 Seconds. Enter by typing "!join" FeelsGoodMan
[2022-12-28 21:01:12] <@%Sh0ckie> it must have been bad when you still remember those runs to this day
[2022-12-28 21:01:13] <@%^StreamElements>* The Raffle for 1000 RNG will end in 15 Seconds. Enter by typing "!join" FeelsGoodMan
[2022-12-28 21:01:13] <@%Sh0ckie> !join
[2022-12-28 21:01:28] <@%^StreamElements>* The Raffle has ended and sh0ckie lost 1000 RNG kuugelStinks
[2022-12-28 21:01:44] VIEWERS: 26
[2022-12-28 21:03:44] VIEWERS: 26
[2022-12-28 21:05:26] <Ziselaer_> did kuug quit bdo? I didnt see her play it in a long time
[2022-12-28 21:05:30] <@%Sh0ckie> nah
[2022-12-28 21:05:46] VIEWERS: 26
[2022-12-28 21:05:50] <@%Sh0ckie> she just cant stand it that well lately, burned out from the padix grind
[2022-12-28 21:06:02] <Ziselaer_> gotcha
[2022-12-28 21:06:02] <@%Sh0ckie> so she usually starts with bdo, and gets to destiny after
[2022-12-28 21:06:06] <@%Sh0ckie> welcome back
[2022-12-28 21:06:55] <Ziselaer_> thats cool, I need to try destiny btw
[2022-12-28 21:07:39] <Ziselaer_> same with me.. i cant enjoy anything else than bdo
[2022-12-28 21:07:47] VIEWERS: 25
[2022-12-28 21:08:25] <snowwolfie64> Hi everyone
[2022-12-28 21:08:31] <@%Sh0ckie> kuugelWave
[2022-12-28 21:08:39] <Ziselaer_> welcome
[2022-12-28 21:08:57] <snowwolfie64> Doing well
[2022-12-28 21:09:47] VIEWERS: 25
[2022-12-28 21:11:50] VIEWERS: 26
[2022-12-28 21:13:50] VIEWERS: 26
[2022-12-28 21:13:51] <%$tecolote1280> Kuugs!
[2022-12-28 21:14:51] <%$tecolote1280> Good. Thought Id let you know that there's two hooties in that hoot house, M and F. we are wondering if baby hooties will follow kuugelKawaii
[2022-12-28 21:15:24] <~%kuugels>* Try the Award-Winning Opera GX Browser today. Designed specifically for gamers.  https://core.yematube.com/support/operIIen2/kuugels/OperaGXII/link
[2022-12-28 21:15:30] <%$tecolote1280> grayskullJam grayskullJam grayskullJam grayskullJam
[2022-12-28 21:15:51] Viewerstats (20:47-21:15): avg:25 min:23 max:28 [15/23+5+0−3+0+0+1+0+0+0−1+0+1+0+0]
[2022-12-28 21:15:51] VIEWERS: 26
[2022-12-28 21:17:52] VIEWERS: 25
[2022-12-28 21:19:47] <@%Sh0ckie> xD
[2022-12-28 21:19:52] VIEWERS: 25
[2022-12-28 21:19:53] <@%Sh0ckie> still the best reaction
[2022-12-28 21:20:06] <@%Sh0ckie> that you just had
[2022-12-28 21:20:52] <@%Sh0ckie> snOwOwballs
[2022-12-28 21:21:52] VIEWERS: 25
[2022-12-28 21:23:53] VIEWERS: 25
[2022-12-28 21:25:53] VIEWERS: 25
[2022-12-28 21:27:03] <Rarza> always punching, never slicing PepeHands
[2022-12-28 21:27:49] <Rarza> maybe you need bazooka to hit enemies with. heavy punch!
[2022-12-28 21:27:54] VIEWERS: 25
[2022-12-28 21:29:31] <Rarza> maybe you can find sniper katana from here
[2022-12-28 21:29:38] <@%Sh0ckie> xD this one
[2022-12-28 21:29:38] <Rarza> maybe not there
[2022-12-28 21:29:39] <@%Sh0ckie> hahaha
[2022-12-28 21:29:55] VIEWERS: 19
[2022-12-28 21:30:29] <Rarza> if you shoot bazooka downwards in space, you should get extra jump
[2022-12-28 21:30:29] <~%kuugels>* Get unparalleled protection for your desktop, mobile & tablet devices without compromising on speed and performance. Recommended by Gamers for Gamers. https://core.yematube.com/support/protecedf3/kuugels/protected-total-cpa/link
[2022-12-28 21:31:28] <CloakieCloaked> heya cloaki1Thumbsup
[2022-12-28 21:31:32] <Rarza> is that a katana? POGGERS
[2022-12-28 21:31:57] VIEWERS: 19
[2022-12-28 21:32:26] <Rarza> sounds like a katana
[2022-12-28 21:32:34] <Rarza> missed opportunity
[2022-12-28 21:32:40] <Rarza> pulse katana
[2022-12-28 21:33:01] <Rarza> has scope but no blade. and katana name. tsk.
[2022-12-28 21:33:44] <Rarza> where can I write to the devs
[2022-12-28 21:33:51] <Rarza> we need space samurai and scope katana
[2022-12-28 21:33:57] VIEWERS: 21
[2022-12-28 21:34:09] <@%Sh0ckie> kuugelNotes noted
[2022-12-28 21:34:17] <Rarza> it's like a bow but shoots katana and slices everything
[2022-12-28 21:34:45] <Rarza> you thrust the katana and it shoots where scope shows and then it slices everything
[2022-12-28 21:34:51] <Rarza> then you get new katana
[2022-12-28 21:35:11] <Rarza> very logical
[2022-12-28 21:35:26] <Rarza> not hard to aim because of scope
[2022-12-28 21:35:58] VIEWERS: 21
[2022-12-28 21:36:48] <Rarza> we space wizards now ratJAM
[2022-12-28 21:37:03] <Rarza> where Megimegi ratJAM magical Megimegi ratJAM
[2022-12-28 21:37:49] <Rarza> maybe if they add Megimegi with katanas in this game, I would have to play it
[2022-12-28 21:37:58] VIEWERS: 21
[2022-12-28 21:38:16] <Rarza> they drop best bazooka too
[2022-12-28 21:38:23] <Rarza> has scope
[2022-12-28 21:39:59] VIEWERS: 18
[2022-12-28 21:40:42] [Notification] Eriyan subscribed at Tier 1. They've subscribed for 9 months!
[2022-12-28 21:41:08] <@%Eriyan> Ofc eriyLove
[2022-12-28 21:41:13] <@%Eriyan> Just woken up here
[2022-12-28 21:41:20] <@%Sh0ckie> hey erica eriyWave
[2022-12-28 21:41:40] <@%Eriyan> @Sh0ckie torakoAndimout
[2022-12-28 21:42:02] VIEWERS: 18
[2022-12-28 21:42:11] <@%Sh0ckie> guess ill swap places with erica in a moment haha
[2022-12-28 21:42:56] <Rarza> space ratJAM
[2022-12-28 21:43:09] <Rarza> does spaceship have big lazers?
[2022-12-28 21:43:09] <Karasit> !gear
[2022-12-28 21:43:09] <@%^StreamElements> https://garmoth.com/character/dnIfCQjHpa
[2022-12-28 21:43:34] <Rarza> beam is just a bigger lazer, I agree
[2022-12-28 21:44:02] VIEWERS: 19
[2022-12-28 21:44:59] <@%Eriyan> Yeeees I treathen my cats of losing the rights to be on desk if they do bad
[2022-12-28 21:45:08] <@%Eriyan> Good I am not alone
[2022-12-28 21:45:15] <@%Sh0ckie> thats how you do it
[2022-12-28 21:45:34] <~%kuugels>* Try the Award-Winning Opera GX Browser today. Designed specifically for gamers.  https://core.yematube.com/support/operIIen5/kuugels/OperaGXII/link
[2022-12-28 21:45:41] <@%Sh0ckie> anyways gotta bounce, andreas got another early start tomorrow
[2022-12-28 21:45:49] <@%Sh0ckie> have fun, nini kuugelLove
[2022-12-28 21:46:02] Viewerstats (21:17-21:46): avg:21 min:18 max:25 [15/25+0+0+0+0+0−6+0+2+0+0−3+0+1+0]
[2022-12-28 21:46:02] VIEWERS: 19
[2022-12-28 21:46:20] <@%Sh0ckie> and dont forget to feed your blocklist if needed, its hungry :D
[2022-12-28 21:48:02] VIEWERS: 19
[2022-12-28 21:50:06] VIEWERS: 19
[2022-12-28 21:52:07] VIEWERS: 23
[2022-12-28 21:52:17] <+lemonpoundcakexx> what smg is that
[2022-12-28 21:54:07] VIEWERS: 23
[2022-12-28 21:56:07] VIEWERS: 21
[2022-12-28 21:56:37] <%ImJustOver> kuugelWave
[2022-12-28 21:58:07] VIEWERS: 21
[2022-12-28 21:59:19] <Rarza> I see it's food time :P
[2022-12-28 22:00:08] VIEWERS: 21
[2022-12-28 22:00:26] <@%^Nightbot> !sraffle
[2022-12-28 22:00:26] <@%^StreamElements>* kuugelRNG a Raffle has begun for 1000 RNG PogChamp it will end in 60 Seconds. Enter by typing "!join" OpieOP
[2022-12-28 22:00:30] <Rarza> !join
[2022-12-28 22:00:37] <Rarza> that's a bazooka :O
[2022-12-28 22:00:39] <~%kuugels>* Get unparalleled protection for your desktop, mobile & tablet devices without compromising on speed and performance. Recommended by Gamers for Gamers. https://core.yematube.com/support/protecedf/kuugels/protected-total-cpa/link
[2022-12-28 22:00:41] <@%^StreamElements>* The Raffle for 1000 RNG will end in 45 Seconds. Enter by typing "!join" FeelsGoodMan
[2022-12-28 22:00:56] <@%^StreamElements>* The Raffle for 1000 RNG will end in 30 Seconds. Enter by typing "!join" FeelsGoodMan
[2022-12-28 22:01:02] <setsumi_kyo> !join
[2022-12-28 22:01:11] <@%^StreamElements>* The Raffle for 1000 RNG will end in 15 Seconds. Enter by typing "!join" FeelsGoodMan
[2022-12-28 22:01:26] <@%^StreamElements>* The Raffle has ended and rarza lost 1000 RNG kuugelStinks
[2022-12-28 22:02:09] VIEWERS: 21
[2022-12-28 22:04:09] VIEWERS: 22
[2022-12-28 22:06:10] VIEWERS: 22
[2022-12-28 22:08:12] VIEWERS: 22
[2022-12-28 22:10:12] VIEWERS: 23
[2022-12-28 22:12:12] VIEWERS: 23
[2022-12-28 22:14:12] VIEWERS: 23
[2022-12-28 22:15:43] <~%kuugels>* Try the Award-Winning Opera GX Browser today. Designed specifically for gamers.  https://core.yematube.com/support/operiien1/kuugels/OperaGXII/link
[2022-12-28 22:16:12] Viewerstats (21:48-22:16): avg:21 min:19 max:23 [15/19+0+4+0−2+0+0+0+1+0+0+1+0+0−3]
[2022-12-28 22:16:12] VIEWERS: 20
[2022-12-28 22:18:12] VIEWERS: 20
[2022-12-28 22:20:13] VIEWERS: 20
[2022-12-28 22:22:13] VIEWERS: 29
[2022-12-28 22:24:14] VIEWERS: 19
[2022-12-28 22:26:14] VIEWERS: 19
[2022-12-28 22:28:15] VIEWERS: 19
[2022-12-28 22:30:16] VIEWERS: 19
[2022-12-28 22:30:48] <~%kuugels>* Get unparalleled protection for your desktop, mobile & tablet devices without compromising on speed and performance. Recommended by Gamers for Gamers. https://core.yematube.com/support/protecedf2/kuugels/protected-total-cpa/link
[2022-12-28 22:32:17] VIEWERS: 19
[2022-12-28 22:33:08] <Rarza> heavy ammo POGGERS
[2022-12-28 22:33:14] <Rarza> missiles for bazooka
[2022-12-28 22:33:46] <Rarza> or maybe blades for katana
[2022-12-28 22:33:48] <Rarza> heavy katana POGGERS
[2022-12-28 22:34:17] VIEWERS: 21
[2022-12-28 22:34:46] <Rarza> jump in like that and use katana POGGERS save ammo and kill with style
[2022-12-28 22:35:20] <Rarza> need to focus on getting one
[2022-12-28 22:35:24] <Rarza> full upgrade, best ilvl
[2022-12-28 22:35:27] <Rarza> add scope
[2022-12-28 22:36:17] VIEWERS: 21
[2022-12-28 22:38:17] VIEWERS: 18
[2022-12-28 22:40:17] VIEWERS: 18
[2022-12-28 22:42:19] VIEWERS: 18
[2022-12-28 22:44:22] VIEWERS: 21
[2022-12-28 22:45:53] <~%kuugels>* Try the Award-Winning Opera GX Browser today. Designed specifically for gamers.  https://core.yematube.com/support/operIIen2/kuugels/OperaGXII/link
[2022-12-28 22:46:23] Viewerstats (22:18-22:46): avg:20 min:18 max:29 [15/20+0+9−10+0+0+0+0+2+0−3+0+0+3+0]
[2022-12-28 22:46:23] VIEWERS: 21
[2022-12-28 22:47:39] <zlahp> laura i did got my new pc this xmas and destiny is just fcking awsome and bdo is remastered is just beautiful hope your doing great
[2022-12-28 22:48:24] VIEWERS: 21
[2022-12-28 22:48:39] <+jinkobills> hello  Laura o/
[2022-12-28 22:49:05] <zlahp> wat happen to the lights?
[2022-12-28 22:49:28] <Rarza> Mimi ate them
[2022-12-28 22:49:47] <zlahp> poor chuncky
[2022-12-28 22:49:51] <Rarza> looked like pizza
[2022-12-28 22:50:13] <Rarza> I know what weapon you want POGGERS
[2022-12-28 22:50:25] VIEWERS: 21
[2022-12-28 22:50:45] <zlahp> kuugels from forsaken dlc what guns do you recomend getting first?
[2022-12-28 22:50:50] <Rarza> coyote cannon!
[2022-12-28 22:50:58] <Rarza> blade POGGERS
[2022-12-28 22:51:01] <Rarza> space katana POGGERS
[2022-12-28 22:51:45] <zlahp> oki oki ^^
[2022-12-28 22:52:01] <zlahp> cuz i bought it today and 1 friend of mine offered me the witch queen
[2022-12-28 22:52:25] VIEWERS: 24
[2022-12-28 22:53:04] <zlahp> i live handcannons
[2022-12-28 22:53:12] <zlahp> the yare just much better
[2022-12-28 22:54:27] VIEWERS: 24
[2022-12-28 22:56:27] VIEWERS: 19
[2022-12-28 22:58:28] VIEWERS: 19
[2022-12-28 23:00:28] VIEWERS: 17
[2022-12-28 23:00:58] <~%kuugels>* Get unparalleled protection for your desktop, mobile & tablet devices without compromising on speed and performance. Recommended by Gamers for Gamers. https://core.yematube.com/support/protecedf4/kuugels/protected-total-cpa/link
[2022-12-28 23:02:28] VIEWERS: 17
[2022-12-28 23:02:32] <BigBadTortoise> KUUUUGS
[2022-12-28 23:04:28] VIEWERS: 17
[2022-12-28 23:06:30] VIEWERS: 19
[2022-12-28 23:08:33] VIEWERS: 19
[2022-12-28 23:10:33] VIEWERS: 19
[2022-12-28 23:12:33] VIEWERS: 19
[2022-12-28 23:14:06] <Darktrew> Hello there!
[2022-12-28 23:14:33] VIEWERS: 22
[2022-12-28 23:14:52] <Darktrew> Fine. How are you?
[2022-12-28 23:16:03] <~%kuugels>* Try the Award-Winning Opera GX Browser today. Designed specifically for gamers.  https://core.yematube.com/support/operIIen5/kuugels/OperaGXII/link
[2022-12-28 23:16:33] Viewerstats (22:48-23:16): avg:19 min:17 max:24 [15/21+0+3+0−5+0−2+0+0+2+0+0+0+3+0]
[2022-12-28 23:16:33] VIEWERS: 22
[2022-12-28 23:18:34] VIEWERS: 24
[2022-12-28 23:20:37] VIEWERS: 24
[2022-12-28 23:22:38] VIEWERS: 23
[2022-12-28 23:24:38] VIEWERS: 23
[2022-12-28 23:26:38] VIEWERS: 21
[2022-12-28 23:28:38] VIEWERS: 21
[2022-12-28 23:30:38] VIEWERS: 21
[2022-12-28 23:31:08] <~%kuugels>* Get unparalleled protection for your desktop, mobile & tablet devices without compromising on speed and performance. Recommended by Gamers for Gamers. https://core.yematube.com/support/protecedf3/kuugels/protected-total-cpa/link
[2022-12-28 23:32:43] VIEWERS: 21
[2022-12-28 23:34:43] VIEWERS: 21
[2022-12-28 23:35:17] <FETTAHCHEEZE> hey !
[2022-12-28 23:36:43] VIEWERS: 22
[2022-12-28 23:38:43] VIEWERS: 22
[2022-12-28 23:40:43] VIEWERS: 26
[2022-12-28 23:42:44] VIEWERS: 26
[2022-12-28 23:44:48] VIEWERS: 22
[2022-12-28 23:46:12] <~%kuugels>* Try the Award-Winning Opera GX Browser today. Designed specifically for gamers.  https://core.yematube.com/support/operiien1/kuugels/OperaGXII/link
[2022-12-28 23:46:48] Viewerstats (23:18-23:46): avg:22 min:21 max:26 [15/24+0−1+0−2+0+0+0+0+1+0+4+0−4+0]
[2022-12-28 23:46:48] VIEWERS: 22
[2022-12-28 23:48:48] VIEWERS: 18
[2022-12-28 23:50:48] VIEWERS: 18
[2022-12-28 23:52:48] VIEWERS: 18
[2022-12-28 23:54:48] VIEWERS: 18
[2022-12-28 23:56:48] VIEWERS: 21
[2022-12-28 23:58:48] VIEWERS: 21
