# Log started: 2022-12-10 00:30:26 +0100
[2022-12-10 00:30:26] ~Stream offline~
[2022-12-10 00:30:26] Joining #dailydasher..
[2022-12-10 00:30:26] You have joined #dailydasher
[2022-12-10 14:27:48] <DealDohBaggins> !watchtime
[2022-12-10 14:27:49] <@%^StreamElements> DealDohBaggins has spent  4 days 8 hours watching dailydasher
[2022-12-10 15:19:47] <@%^StreamElements> DailyDasher is now live! Streaming Just Chatting: 🇲🇦 Morocco vs. Portugal 🇵🇹 | All Bets On...
[2022-12-10 15:20:11] <%jodapo> Yo
[2022-12-10 15:20:11] <SolsteNx> PepeWobble
[2022-12-10 15:20:19] <asamiya> dittoDumper
[2022-12-10 15:20:26] <idogo> second
[2022-12-10 15:20:30] <idogo> Kappa
[2022-12-10 15:20:47] <idogo> x01mik1Dance spoachHype x01mik1Dance spoachHype x01mik1Dance spoachHype x01mik1Dance spoachHype
[2022-12-10 15:20:52] <idogo> lalalalala
[2022-12-10 15:20:56] <$dangertater> notification told me not to click :(
[2022-12-10 15:21:09] <%DMirandaa> sorry Morocans but CR7 is the man
[2022-12-10 15:21:20] VIEWERS: 11
[2022-12-10 15:21:20] ~🇲🇦 Morocco vs. Portugal 🇵🇹 | All Bets On... (Just Chatting)~
[2022-12-10 15:22:28] <idogo> lies
[2022-12-10 15:22:34] <idogo> kethRoll kethRoll kethRoll kethRoll
[2022-12-10 15:22:43] <GPUtest> pepeD
[2022-12-10 15:23:20] VIEWERS: 11
[2022-12-10 15:23:37] <GPUtest> deviJam liniJAM
[2022-12-10 15:23:37] <idogo> thepri70Dancin thepri70Dancin thepri70Dancin
[2022-12-10 15:23:52] <%+99C0NTR0L> yooo dasher
[2022-12-10 15:23:55] <mandymilonakis> Don't worry I didn't click the notification Kappa
[2022-12-10 15:24:05] <idogo> satuyeCJ satuyeCJ satuyeCJ
[2022-12-10 15:24:11] <mandymilonakis> floppyjimHeadbang floppyjimAirGuitar
[2022-12-10 15:24:51] <%+99C0NTR0L> ddashPoggers ddashKaren ddashPoggers ddashKaren ddashPoggers ddashKaren ddashPoggers ddashKaren ddashPoggers ddashKaren ddashPoggers ddashKaren ddashPoggers
[2022-12-10 15:25:04] <elnebi> hypeE
[2022-12-10 15:25:07] <idogo> x01mik1Dance spoachHype x01mik1Dance spoachHype x01mik1Dance spoachHype x01mik1Dance spoachHype
[2022-12-10 15:25:20] VIEWERS: 12
[2022-12-10 15:25:56] <%+99C0NTR0L> itsskyGo ddashWeird itsskyGo itsskyGo ddashWeird ddashWeird itsskyGo ddashWeird ddashWeird itsskyGo ddashWeird
[2022-12-10 15:26:00] <%Izkif> rebelnaJAM
[2022-12-10 15:26:09] <%MehUndMeh> yo
[2022-12-10 15:26:09] <idogo> kethWiggle kethWiggle kethWiggle
[2022-12-10 15:27:21] VIEWERS: 12
[2022-12-10 15:28:19] <naty29__> Hello🙋‍♀️
[2022-12-10 15:28:27] <%MehUndMeh> HypeWave
[2022-12-10 15:28:27] <dipstick2one3> HAHAHA MOROCCO LOSES
[2022-12-10 15:28:46] <dipstick2one3> 32 min
[2022-12-10 15:28:53] <%Izkif> rebelnaEvil
[2022-12-10 15:29:25] VIEWERS: 91
[2022-12-10 15:30:05] <%kilo10101> la lalalalalalalala waiting for Dassshhuurrr hururr
[2022-12-10 15:30:05] <dipstick2one3> what's this song called
[2022-12-10 15:30:05] <%MehUndMeh> @dipstick2one3 around the World
[2022-12-10 15:30:06] <dipstick2one3> @mehundmeh thank you
[2022-12-10 15:30:06] <%kilo10101> LUL
[2022-12-10 15:30:06] <%kilo10101> pixelj13Doggojam pixelj13Doggojam pixelj13Doggojam
[2022-12-10 15:30:06] <%MehUndMeh> sharpieJam
[2022-12-10 15:30:11] <%+99C0NTR0L> this song is called lalalalalalalalalalalala
[2022-12-10 15:30:38] <%MehUndMeh> i guess it's a cover version
[2022-12-10 15:30:47] <%kaig1994> ddashHey ddashLove
[2022-12-10 15:30:54] <%MehUndMeh> @kaig1994 o7
[2022-12-10 15:31:01] <%amarettopirate> we're in Portugal?  blobDance
[2022-12-10 15:31:03] <%kaig1994> @mehundmeh ddashHey ddashLove
[2022-12-10 15:31:08] <%kaig1994> @amarettopirate ddashHey ddashLove
[2022-12-10 15:31:25] VIEWERS: 91
[2022-12-10 15:31:25] <%amarettopirate> @kaig1994 ddashHey
[2022-12-10 15:32:01] <llosangeles> They are gonna win
[2022-12-10 15:32:05] <llosangeles> Inshallah
[2022-12-10 15:32:13] <irsmi123> The dj is a moroccan great luck for the moroccan team
[2022-12-10 15:32:18] <%Izkif> 10 min loding
[2022-12-10 15:32:34] <WikiHanz> 👈 hypeE 👉
[2022-12-10 15:33:07] <WikiHanz> ☝️ OkayChamping ☝️
[2022-12-10 15:33:12] <idogo> spoachHype spoachHype spoachHype spoachHype
[2022-12-10 15:33:18] <popsmokett> jaysRare jaysRare jaysRare
[2022-12-10 15:33:23] <epicleap> IM so GLAD dash IS here
[2022-12-10 15:33:26] VIEWERS: 91
[2022-12-10 15:33:34] <%+99C0NTR0L> yooo
[2022-12-10 15:33:37] <%MehUndMeh> jamoni2MackWiggle jamoni2MackWiggle jamoni2MackWiggle jamoni2MackWiggle
[2022-12-10 15:33:54] <idogo> please I can't hear this song anymore
[2022-12-10 15:33:55] <WikiHanz> lalalalalalalala
[2022-12-10 15:33:59] <idogo> BabyRage BabyRage
[2022-12-10 15:34:03] <ben7amn> yo MrDestructoid
[2022-12-10 15:34:04] <%MehUndMeh> @idogo LUL
[2022-12-10 15:34:11] <WikiHanz> play it backwards it got the loation Kappa
[2022-12-10 15:34:17] <idogo> kethRoll kethRoll kethRoll
[2022-12-10 15:34:20] <%+99C0NTR0L> is this song bringing back bad memories LUL
[2022-12-10 15:34:34] <WikiHanz> NotLikeThis
[2022-12-10 15:34:44] <idogo> satuyeCJ satuyeCJ satuyeCJ
[2022-12-10 15:34:56] <%MehUndMeh> back in the dark ages of twitch ppl used to listen to the 10 hours versions HahaBall
[2022-12-10 15:35:06] <%MehUndMeh> sharpieJam
[2022-12-10 15:35:13] <WikiHanz> kill it with fire FireSpeed
[2022-12-10 15:35:13] <lookin4yocuzzin> ddashOkD ddashOkD ddashOkD ddashOkD ddashOkD ddashOkD ddashOkD ddashOkD ddashOkD ddashOkD ddashOkD ddashOkD ddashOkD ddashOkD ddashOkD ddashOkD ddashOkD ddashOkD ddashOkD ddashOkD ddashOkD ddashOkD ddashOkD ddashOkD ddashOkD ddashOkD ddashOkD ddashOkD ddashOkD ddashOkD
[2022-12-10 15:35:27] Viewerstats (15:21-15:35): avg:51 min:11 max:91 [8/_11+0+1+0+79+0+0+0]
[2022-12-10 15:35:27] VIEWERS: 91
[2022-12-10 15:35:37] <+jy33130> cooksuXkekw
[2022-12-10 15:35:46] <idogo> torture kethRoll kethRoll kethRoll
[2022-12-10 15:35:54] <%kevinjottino757> ddashRageE ddashRageE
[2022-12-10 15:35:54] <WikiHanz> PartyParrot boobaCheck
[2022-12-10 15:35:58] <%MehUndMeh> ddashPoggers
[2022-12-10 15:36:09] <WikiHanz> Jammies
[2022-12-10 15:36:16] <%kevinjottino757> ddashLurk
[2022-12-10 15:36:25] <%Izkif> lalal lalallal
[2022-12-10 15:36:48] <%MehUndMeh> soon ™️
[2022-12-10 15:37:10] <WikiHanz> ust la la la la la - it goes around the world Just la la la la la - it's all around the world Just la la la la la - and everybody's singing La la la la la la - and now the bells are ringing La la la la la - la la la la la la la - la la la la la - la la la la la la la La la la la la - la la la la la la la - la la la la la - la la la la la la la
[2022-12-10 15:37:26] <%MehUndMeh>* ust la la la la la - it goes around the world Just la la la la la - it's all around the world Just la la la la la - and everybody's singing La la la la la la - and now the bells are ringing La la la la la - la la la la la la la - la la la la la - la la la la la la la La la la la la - la la la la la la la - la la la la la - la la la la la la la
[2022-12-10 15:37:27] VIEWERS: 127
[2022-12-10 15:37:37] <WikiHanz> @MehUndMeh forgot the J LUL
[2022-12-10 15:37:42] <+Yanks44> Whats up Dasher and Chat
[2022-12-10 15:38:05] <idogo> @yanks44 lalalala lalalala
[2022-12-10 15:38:12] <%MehUndMeh> sharpieJam
[2022-12-10 15:38:18] <idogo> satuyeDoja satuyeDoja satuyeDoja
[2022-12-10 15:38:27] <+ZoomOut8> TriHard
[2022-12-10 15:38:31] <+Yanks44> Jammies
[2022-12-10 15:38:34] <WikiHanz> hypeE BBoomer hypeE
[2022-12-10 15:38:35] <visual93> Jammies
[2022-12-10 15:38:42] <Dark_Kidd> hyubKuza_BW Thug Life
[2022-12-10 15:38:53] <irsmi123> Jimmy kawkab
[2022-12-10 15:39:00] <idogo> satuyeH
[2022-12-10 15:39:17] <irsmi123> dima morocco
[2022-12-10 15:39:22] <WikiHanz> monkaS
[2022-12-10 15:39:22] <%MehUndMeh> ddashOkD_SG
[2022-12-10 15:39:27] VIEWERS: 127
[2022-12-10 15:39:30] <WikiHanz> The kisses of the sun - were sweet I didn't blink I let it in my eyes - like an exotic drink The radio playing songs - that I have never heard I don't know what to say - oh, not another word Just la la la la la - it goes around the world Just la la la la la - it's all around the world Just la la la la la - and everybody's singing La la la la la la - and now the bells are ringing La la la la la - la la la la la la la - la la la la la - la la la la la la la La la la la la - la la la la la la la -
[2022-12-10 15:39:47] <epicleap> yoooooooooooooooooo
[2022-12-10 15:39:49] <$dangertater> yo daddy
[2022-12-10 15:39:49] <WikiHanz> NOPERS
[2022-12-10 15:39:51] <idogo> YES OMG
[2022-12-10 15:39:51] <%MehUndMeh> yo
[2022-12-10 15:39:52] <%amarettopirate> ddashHey  yo
[2022-12-10 15:39:54] <popsmokett> Yoooooooo
[2022-12-10 15:39:55] <+Yanks44> Yooo!
[2022-12-10 15:39:56] <%$TridBytes> Hey Dasher. Good to see you
[2022-12-10 15:40:01] <visual93> peepoHey yo
[2022-12-10 15:40:01] <Dark_Kidd> back in NY ?
[2022-12-10 15:40:01] <%MehUndMeh> @dangertater o7
[2022-12-10 15:40:01] <kisukuku> hi
[2022-12-10 15:40:04] <COPIUMTRUCK> Yo
[2022-12-10 15:40:11] <$dangertater> Your notification tried to turn me away, but i stayed 👍
[2022-12-10 15:40:19] <WikiHanz> NotLikeThis
[2022-12-10 15:40:25] <@IRLToolkit> Scene switched to "𝗜𝗻𝗴𝗲𝘀𝘁"
[2022-12-10 15:40:30] <popsmokett> 🤩
[2022-12-10 15:40:35] <%+99C0NTR0L> nahh we not ready yet dasher
[2022-12-10 15:40:39] <Dark_Kidd> not NY at all
[2022-12-10 15:40:42] <%+99C0NTR0L> back to the intro
[2022-12-10 15:40:46] <%MehUndMeh> ddashNYC
[2022-12-10 15:40:52] <WikiHanz> almost dark must be Europe LUL
[2022-12-10 15:40:54] <%amarettopirate> Lisbon?
[2022-12-10 15:40:59] <idogo> yooo we're in Portugal Kappa
[2022-12-10 15:41:04] <WikiHanz> freezing
[2022-12-10 15:41:07] <Dark_Kidd> !location
[2022-12-10 15:41:07] <@%^StreamElements> @Dark_Kidd, 📍 Currently: Essaouira, Morocco
[2022-12-10 15:41:07] <%$TridBytes> Notifications are on vacation
[2022-12-10 15:41:13] <+Yanks44> How you doing Dasher?
[2022-12-10 15:41:15] <Dark_Kidd> oh boi
[2022-12-10 15:41:19] <%kevinjottino757> ddashPog
[2022-12-10 15:41:22] <Gottz354> HeyGuys PowerUpL CoolStoryBob
[2022-12-10 15:41:25] <%DMirandaa> I'm wearing my pants, hold on
[2022-12-10 15:41:28] VIEWERS: 183
[2022-12-10 15:41:29] <WikiHanz> sup you good
[2022-12-10 15:41:47] <irsmi123> here we go cloudy
[2022-12-10 15:41:50] <Dark_Kidd> soccer time ?
[2022-12-10 15:42:00] <WikiHanz> world is tilting LUL
[2022-12-10 15:42:06] <%+99C0NTR0L> the one who has to risk life for content
[2022-12-10 15:42:45] <NawtyBoy> would you be brave enough to wear a portugal football jersey here?  LUL
[2022-12-10 15:42:55] <luislisboa> Portugal will win ppimDancing2 ppimDancing2 ppimDancing2
[2022-12-10 15:43:13] <idogo> @nawtyboy he's in pt LUL
[2022-12-10 15:43:22] <WikiHanz> Martim Moniz ([mɐɾˈtĩ mɔˈniz]; died 1147) was a Portuguese knight of noble birth, and famous figure in the Siege of Lisbon in 1147. According to the legend
[2022-12-10 15:43:22] <irsmi123> is that lesbon
[2022-12-10 15:43:25] <+geisttttt> morrocoo will win
[2022-12-10 15:43:27] <WikiHanz> Doxed LUL
[2022-12-10 15:43:29] VIEWERS: 183
[2022-12-10 15:43:37] <Bullet_Drifter> morroco looks nice Kappa
[2022-12-10 15:43:41] <liminall> Did you go to Macau instead of Portugal?
[2022-12-10 15:43:43] <lie_truth_lie> = 010 mimic.ai 🎁 50/50 odds, guaranteed success!
[2022-12-10 15:43:43] BAN: lie_truth_lie (10s), lie_truth_lie (10s), lie_truth_lie (10s), lie_truth_lie (10s)
[2022-12-10 15:43:46] <NawtyBoy> @idogo ooops thought he was still in moroco
[2022-12-10 15:44:05] <WikiHanz> Lissbon innit
[2022-12-10 15:44:11] <Bullet_Drifter> haha LUL
[2022-12-10 15:44:15] <encelor> Portugal ?
[2022-12-10 15:44:16] <liminall> I see Portuguese
[2022-12-10 15:44:19] <visual93> portugal
[2022-12-10 15:44:19] <+geisttttt> you are in Portugal
[2022-12-10 15:44:20] <irsmi123> location bro
[2022-12-10 15:44:21] <idogo> EZ
[2022-12-10 15:44:22] <elnebi> lisboa
[2022-12-10 15:44:23] <sajan647> Portugal
[2022-12-10 15:44:23] <Dark_Kidd> !location
[2022-12-10 15:44:28] <%bullish_> Portugal because all the birds
[2022-12-10 15:44:31] <%amarettopirate> I said Lisbon right at the start LUL
[2022-12-10 15:44:34] <%MehUndMeh> not newyork owllysSus
[2022-12-10 15:44:37] <%DMirandaa> Terrinha
[2022-12-10 15:44:39] <Bullet_Drifter> P OMEGALUL r t u g a l ?
[2022-12-10 15:44:42] <404irl> today we 4 portugal right
[2022-12-10 15:44:48] <Dark_Kidd> Essaouira, Morocco
[2022-12-10 15:44:49] <sajan647> LUL LUL
[2022-12-10 15:44:49] <WikiHanz> KEKW
[2022-12-10 15:44:50] <visual93> KEKW
[2022-12-10 15:44:52] <404irl> LUL
[2022-12-10 15:44:54] <alexsmasha> Because of the Metro
[2022-12-10 15:44:55] <idogo> so easy LUL
[2022-12-10 15:45:04] <alexsmasha> when you started the stream you were at a well known place
[2022-12-10 15:45:09] <%amarettopirate> I recognised LUL
[2022-12-10 15:45:09] <luislisboa> omgggg
[2022-12-10 15:45:13] <epicleap> well your not in morocco
[2022-12-10 15:45:15] <idogo> enemy keth00
[2022-12-10 15:45:18] <%skyhighdude> lol
[2022-12-10 15:45:19] <%DMirandaa> so you can sing Trepa Trepa to portugueses
[2022-12-10 15:45:25] <+Yanks44> LUL
[2022-12-10 15:45:29] <visual93> KEKL
[2022-12-10 15:45:29] VIEWERS: 244
[2022-12-10 15:45:38] <%skyhighdude> smart man
[2022-12-10 15:45:41] <WikiHanz> this might get interesting LUL
[2022-12-10 15:45:42] <%mb712_> double dipping KEKW
[2022-12-10 15:45:49] <%justfloof> Dasher actual spy confirmed. Football spy
[2022-12-10 15:45:52] <%MehUndMeh> false flag opperation behind enemy lines ddashSW
[2022-12-10 15:46:00] <%cutesymax_racer> hey man
[2022-12-10 15:46:05] <+monicala21> I love Lisbon too
[2022-12-10 15:46:06] <%cutesymax_racer> ddashPoggers ddashPoggers ddashPoggers
[2022-12-10 15:46:06] <%mytommy> 🏴 football is coming home 🏴 its coming home 🏴
[2022-12-10 15:46:19] <%+99C0NTR0L> dasher how was the flight did u sleep?
[2022-12-10 15:46:28] <papajohn_q8> WAYTOODANK  WAYTOODANK  WAYTOODANK
[2022-12-10 15:46:28] <GPUtest> Lisbon is sick
[2022-12-10 15:46:39] <%justfloof> Penis?
[2022-12-10 15:46:40] <WikiHanz> pené LUL
[2022-12-10 15:46:41] <Dark_Kidd> pins
[2022-12-10 15:46:46] <papajohn_q8> jnbPride jnbPride
[2022-12-10 15:46:50] <idogo> bahahaha
[2022-12-10 15:46:54] <%MehUndMeh> pinoit ?
[2022-12-10 15:47:06] <%justfloof> Show chat
[2022-12-10 15:47:29] <%$Solidsounds> Your in portugal now?
[2022-12-10 15:47:30] VIEWERS: 244
[2022-12-10 15:47:32] <lie_truth_lie> 50/50 odds, guaranteed success! 💊 <-- get you high..?
[2022-12-10 15:47:35] <lie_truth_lie> 01010101
[2022-12-10 15:47:40] <KumJarBinks> go portugal
[2022-12-10 15:47:41] <%MehUndMeh> @solidsounds 🌺 hi hi
[2022-12-10 15:47:48] <%$Solidsounds> @mehundmeh hello
[2022-12-10 15:48:07] <%MehUndMeh> 2
[2022-12-10 15:48:13] <WikiHanz> @Solidsounds bonjour
[2022-12-10 15:48:18] <the_lynx_himself> hi
[2022-12-10 15:48:22] <KumJarBinks> ronaldo is being benched again. KEKW. theyll play better without him
[2022-12-10 15:48:24] <%$Solidsounds> @wikihanz hola
[2022-12-10 15:48:31] <idogo> obviously LUL
[2022-12-10 15:48:31] <the_lynx_himself> chat, is he still in Morocco?
[2022-12-10 15:48:37] <%mytommy> 🏴 football is coming home 🏴 its coming home 🏴
[2022-12-10 15:48:38] <idogo> @the_lynx_himself Lisbon
[2022-12-10 15:48:44] <%MehUndMeh> @the_lynx_himself unfortunatly no sorry
[2022-12-10 15:48:45] <KumJarBinks> cc979ABCDLpls
[2022-12-10 15:48:47] <%justfloof> So he didn't take card but then he took card?
[2022-12-10 15:48:47] <the_lynx_himself> hmm
[2022-12-10 15:48:48] <%$Solidsounds> So what brings dasher to PT
[2022-12-10 15:48:58] <%$Solidsounds> World cup winners?
[2022-12-10 15:49:08] <GPUtest> we back in Europe, let's go
[2022-12-10 15:49:10] <Formats> dasher has literally solved how to support football teams, just back whoever wins EZ
[2022-12-10 15:49:26] <%mytommy> im in favor of England
[2022-12-10 15:49:29] <%+99C0NTR0L> i hope japan or brazil wins Kappa
[2022-12-10 15:49:30] VIEWERS: 275
[2022-12-10 15:49:31] <KumJarBinks> enefteHappy
[2022-12-10 15:49:38] <%Izkif> is this essouira hahah
[2022-12-10 15:49:40] <%justfloof> Miekii was beeing a big jerk at the end interview yesterday
[2022-12-10 15:49:41] <WikiHanz> France truckerBaguette
[2022-12-10 15:49:44] <+Yanks44> YEP
[2022-12-10 15:49:52] <yamsan29> Ru a Moroccan sleeper agent?
[2022-12-10 15:49:58] <the_lynx_himself> chat is always right (except for times when it's wrong)
[2022-12-10 15:50:05] <WikiHanz> modCheck
[2022-12-10 15:50:11] <%MehUndMeh> mod BabyRage
[2022-12-10 15:50:12] <%justfloof> Miekii was swearing and scoffing at one of our players and our coach
[2022-12-10 15:50:26] <leuven44> nope
[2022-12-10 15:50:31] <9billionstrong> he does that alot
[2022-12-10 15:50:31] <WikiHanz> LUL
[2022-12-10 15:50:36] <%$Solidsounds> No mods here
[2022-12-10 15:50:44] <WikiHanz> how much?
[2022-12-10 15:50:48] <%$Solidsounds> Freedom! Kappa
[2022-12-10 15:50:48] <idogo> mods gone keth00
[2022-12-10 15:50:49] <encelor> Aware
[2022-12-10 15:50:53] <%MehUndMeh> #meaty4mod
[2022-12-10 15:50:55] <Formats> Sadge
[2022-12-10 15:51:00] <%mikechan007> Hahaha
[2022-12-10 15:51:01] <israelitiger> no 20 bucks Sadge
[2022-12-10 15:51:04] <PrrplPplEaterr> We gonna need a bigger bank
[2022-12-10 15:51:07] <%mikechan007> Any primers????
[2022-12-10 15:51:12] <%$Solidsounds> @mehundmeh rofl
[2022-12-10 15:51:23] <%amarettopirate> LUL
[2022-12-10 15:51:24] <%Izkif> who wanna be a mod
[2022-12-10 15:51:31] VIEWERS: 275
[2022-12-10 15:51:33] <WikiHanz> NOPERS
[2022-12-10 15:51:36] <%skyhighdude> i live in the 90's still bruh
[2022-12-10 15:51:37] <%MehUndMeh> good times
[2022-12-10 15:51:39] <%$Solidsounds> @amarettopirate hiya
[2022-12-10 15:51:43] <%+99C0NTR0L> anyone else remember the good old days Dasher had $20 in his bank accounnt
[2022-12-10 15:51:50] <%mytommy> 1
[2022-12-10 15:51:51] <%mytommy> 1111
[2022-12-10 15:51:52] <%skyhighdude> 1
[2022-12-10 15:51:52] <%DMirandaa> 1
[2022-12-10 15:51:54] <kittyqueso> 1
[2022-12-10 15:51:55] <%amarettopirate> @Solidsounds hey hey <3
[2022-12-10 15:51:55] <Jamorrrrr> 2
[2022-12-10 15:51:55] <israelitiger> monkaS
[2022-12-10 15:51:55] <kevin42k> 1
[2022-12-10 15:51:56] <the_lynx_himself> 69
[2022-12-10 15:51:59] <pidzzy> 1
[2022-12-10 15:51:59] <popsmokett> 1
[2022-12-10 15:52:01] <visual93> 1
[2022-12-10 15:52:01] <%SATIVA___420> 1
[2022-12-10 15:52:01] <WikiHanz> NOPERS NOPERS
[2022-12-10 15:52:03] <%MarfansScott> 1
[2022-12-10 15:52:03] <%mikechan007> 0
[2022-12-10 15:52:04] <encelor> NOPERS
[2022-12-10 15:52:04] <%+99C0NTR0L> 1
[2022-12-10 15:52:08] <VeeBB> NOPERS
[2022-12-10 15:52:08] <idogo> WutFace
[2022-12-10 15:52:15] <%$Solidsounds> Not me
[2022-12-10 15:52:19] <9billionstrong> 1
[2022-12-10 15:52:21] <%Izkif> humm im bad at english thats why
[2022-12-10 15:52:26] <%skyhighdude> 1
[2022-12-10 15:52:30] <@%^StreamElements> You can support the stream and keep the adventures going here ddashLove .  https://streamelements.com/dailydasher/tip  Even with crypto https://1upcoin.com/donate/dailydasher
[2022-12-10 15:52:33] <%MehUndMeh> lęl
[2022-12-10 15:52:39] <%$Tweety_42> 1
[2022-12-10 15:52:39] <%justfloof> Who are you, chat? monkaW
[2022-12-10 15:53:05] <idogo> i miss Lisbon BibleThump
[2022-12-10 15:53:08] <%skyhighdude> mod me at your own risk
[2022-12-10 15:53:10] <WikiHanz> gladiators are getting on the field hypeE
[2022-12-10 15:53:22] <%mikechan007> Huh
[2022-12-10 15:53:29] <%$Solidsounds> Id pick kaig even though hes not here
[2022-12-10 15:53:29] <%+SuperBadHuman> Down bad, man needs Primes FeelsBadMan
[2022-12-10 15:53:31] VIEWERS: 311
[2022-12-10 15:53:45] <%mb712_> omg
[2022-12-10 15:53:45] <%amarettopirate> @Solidsounds I agree
[2022-12-10 15:53:47] <%MehUndMeh> franceinha calories for fight the cold HahaBall
[2022-12-10 15:53:53] <the_lynx_himself> scammed in Morocco?
[2022-12-10 15:53:53] <@^Nightbot> SCAMMED
[2022-12-10 15:53:56] <KumJarBinks> FallHalp
[2022-12-10 15:54:00] <idogo> LUL LUL
[2022-12-10 15:54:04] <+Yanks44> Damn
[2022-12-10 15:54:04] <%$Solidsounds> #kaig4mod
[2022-12-10 15:54:07] <the_lynx_himself> L
[2022-12-10 15:54:17] <idogo> wtf
[2022-12-10 15:54:22] <WikiHanz> F
[2022-12-10 15:54:26] <BonoVox_> Well, this sucks.
[2022-12-10 15:54:40] <israelitiger> multi banco hypeE
[2022-12-10 15:54:45] <WikiHanz> can you use a creditcard to get cas money like in a shop?
[2022-12-10 15:54:50] <WikiHanz> cash*
[2022-12-10 15:55:14] <WikiHanz> Sadge
[2022-12-10 15:55:16] <israelitiger> these cute little trams WOWERS
[2022-12-10 15:55:16] <%+SuperBadHuman> 5-7 business days Madge
[2022-12-10 15:55:24] <%MehUndMeh> one lisboa needs to snipe you with irl dono
[2022-12-10 15:55:27] <WikiHanz> tapdancing to around the world? LUL
[2022-12-10 15:55:35] VIEWERS: 311
[2022-12-10 15:55:36] <1888> Forca Portugal!!
[2022-12-10 15:55:58] <%$Solidsounds> Maybe theres some portuguese tea that Andy wants this time Kappa
[2022-12-10 15:56:02] <w4ndernam> SIUUUUUUUUUUUUU
[2022-12-10 15:56:11] <w4ndernam> who is morocco?
[2022-12-10 15:56:16] <w4ndernam> SIUUUUUUUUUUUUUUU
[2022-12-10 15:56:26] <proximaaahd> You look very handsome today dasher :) <3
[2022-12-10 15:56:31] <idogo> LUL
[2022-12-10 15:56:32] <WikiHanz> find a morrocon to cut a deal with? LUL
[2022-12-10 15:56:45] <%skyhighdude> dasher, you look taller today
[2022-12-10 15:56:50] <%skyhighdude> lol
[2022-12-10 15:56:57] <w4ndernam> hey call jay he's crying :(
[2022-12-10 15:57:25] <%MehUndMeh> ask tourist for a selfie and Charge €5
[2022-12-10 15:57:33] <foxygrandpa69_da> are ya in portugal?
[2022-12-10 15:57:35] VIEWERS: 322
[2022-12-10 15:57:48] <idogo> yup
[2022-12-10 15:57:50] <@%^StreamElements>* ↹ Amaretto just tipped $20.00
[2022-12-10 15:57:56] <foxygrandpa69_da> ty
[2022-12-10 15:57:59] <%MehUndMeh> ddashDolla ddashDolla ddashDolla ddashCreep
[2022-12-10 15:58:00] <%$Solidsounds> @amarettopirate Pog
[2022-12-10 15:58:08] <sckid44> Lmao
[2022-12-10 15:58:10] <%amarettopirate> ddashLove
[2022-12-10 15:58:15] <%MehUndMeh> ddashLove
[2022-12-10 15:58:51] <epicleap> Portugal owned Macau since 1600s so thus explaining the high Chinese pop
[2022-12-10 15:59:25] <%$Solidsounds> Look at ur alerts dasher
[2022-12-10 15:59:25] <soulgamer2315> https://www.twitch.tv/soulgamer2315
[2022-12-10 15:59:26] BAN: soulgamer2315 (10s), soulgamer2315 (10s), soulgamer2315 (10s), soulgamer2315 (10s)
[2022-12-10 15:59:27] <lionsforevertrash> LETS GO MOROCCO
[2022-12-10 15:59:29] <WikiHanz> santander looks empty if it was that
[2022-12-10 15:59:34] <%$Solidsounds> U missed a dono
[2022-12-10 15:59:35] VIEWERS: 322
[2022-12-10 15:59:36] <idogo> yup
[2022-12-10 15:59:45] <lionsforevertrash> HOPFULLY THIS PLACE IS NUTS IN 2 hours
[2022-12-10 15:59:45] <foxygrandpa69_da> damn dash, i was just in portugal for a month. came back on monday, so close to seeing you in action
[2022-12-10 15:59:45] <soulgamer2315> streaming the world cup on channel
[2022-12-10 15:59:53] <%+SuperBadHuman> Dasher going to have to pull a Ryan Trahan Penny Challenge LUL
[2022-12-10 15:59:59] <GRIFFIN119> Stare
[2022-12-10 16:00:00] <lionsforevertrash> I want this place to go CRAZYYYYY
[2022-12-10 16:00:01] <%amarettopirate> @Solidsounds damn stream elements!
[2022-12-10 16:00:07] <lionsforevertrash> LETS GO MOROCCO
[2022-12-10 16:00:24] <WikiHanz> we started Pog
[2022-12-10 16:00:27] <lionsforevertrash> If Morocco wins this place will be nuts
[2022-12-10 16:00:31] <%MehUndMeh> @amarettopirate thank you for suporting the stream ddashLove
[2022-12-10 16:00:31] <%majkelthe> yoyoyo
[2022-12-10 16:00:34] <%DMirandaa> @amarettopirate just tipped $20.00
[2022-12-10 16:00:46] <%amarettopirate> ddashLove
[2022-12-10 16:00:52] <WikiHanz> NOPERS
[2022-12-10 16:00:54] <%MehUndMeh> indeed
[2022-12-10 16:01:09] <idogo> @amarettopirate Clap
[2022-12-10 16:01:13] <dipstick2one3> GAME STARTED
[2022-12-10 16:01:36] VIEWERS: 322
[2022-12-10 16:01:44] <%amarettopirate> I wasn't forced :)
[2022-12-10 16:02:22] <%$Solidsounds> @amarettopirate and that is why we ddashLove you
[2022-12-10 16:02:33] <%Izkif> ez escale
[2022-12-10 16:02:42] <glazed_vaseline> Portugal now ?
[2022-12-10 16:02:51] <%amarettopirate> @Solidsounds aww ty <3
[2022-12-10 16:02:54] <%MehUndMeh> @glazed_vaseline yep federalSMILE
[2022-12-10 16:03:20] <glazed_vaseline> nice
[2022-12-10 16:03:20] <WikiHanz> @glazed_vaseline 👍
[2022-12-10 16:03:37] VIEWERS: 356
[2022-12-10 16:04:06] <%SATIVA___420> I prefer Portugal Portuguese way more than Brazilian Portuguese as a language ...much softer in Portugal
[2022-12-10 16:04:17] <%+sarcasticninja> wonder dose dasher need an extra large passport for all the stamps he gets
[2022-12-10 16:04:41] <%$Solidsounds> Sup ninja
[2022-12-10 16:04:49] <%+sarcasticninja> buttercups
[2022-12-10 16:04:56] <idogo> @sativa___420 people usually tell me the opposite LUL
[2022-12-10 16:05:11] <%MehUndMeh> packed ddashYum
[2022-12-10 16:05:12] <ImTrin> onlyfans? LUL
[2022-12-10 16:05:14] <%justfloof> British ay, mate?
[2022-12-10 16:05:17] <%TenSpins> peepoHey
[2022-12-10 16:05:23] <%SATIVA___420> french
[2022-12-10 16:05:26] <%+sarcasticninja> french ?
[2022-12-10 16:05:27] <%NachoMan_Randy_Salad> the games started
[2022-12-10 16:05:29] <%justfloof> Oh French indeed
[2022-12-10 16:05:30] <CracktheWhip247> we onlyfans tes
[2022-12-10 16:05:31] <ImTrin> yea french
[2022-12-10 16:05:34] <%justfloof> He tricked me
[2022-12-10 16:05:38] Viewerstats (15:37-16:05): avg:263 min:127 max:356 [15/127+0+56+0+61+0+31+0+36+0+11+0+0+34+0]
[2022-12-10 16:05:38] VIEWERS: 356
[2022-12-10 16:05:39] <%+sarcasticninja> Gaspard  got old
[2022-12-10 16:05:46] <%MehUndMeh> @sarcasticninja LUL
[2022-12-10 16:05:54] <ImTrin> happens to everyone
[2022-12-10 16:05:55] <%TenSpins> which city is he in?
[2022-12-10 16:06:07] <idogo> Lisbon
[2022-12-10 16:06:08] <%MehUndMeh> @tenspins Lisboa
[2022-12-10 16:06:17] <%TenSpins> nice
[2022-12-10 16:06:21] <liminall> Baixa
[2022-12-10 16:06:23] <Reeksly> Watch the game
[2022-12-10 16:06:26] <%SATIVA___420> baixa
[2022-12-10 16:06:40] <%SATIVA___420> these my stompin grounds
[2022-12-10 16:06:47] <WikiHanz> @Reeksly we cant - you get banned in minutes showing FIFA games
[2022-12-10 16:07:00] <%MehUndMeh> @wikihanz true
[2022-12-10 16:07:09] <%+cha1k__> Portugal POGGERS
[2022-12-10 16:07:16] <+Yanks44> LUL
[2022-12-10 16:07:28] <%justfloof> I wouldn't trust the not aggressive
[2022-12-10 16:07:31] <%+sarcasticninja> my cousin got her passport and money  stolen  in marseille a few weeks ago
[2022-12-10 16:07:31] <ItsReallyHector> but your name is dasher
[2022-12-10 16:07:38] <%justfloof> Theyre pretty passionate about footsie ball here KEKW
[2022-12-10 16:07:38] VIEWERS: 377
[2022-12-10 16:07:43] <%Gyng0> Brian, eh?
[2022-12-10 16:08:05] <simplysaying007> is this place morocco or portugal?
[2022-12-10 16:08:07] <%DMirandaa> can't you request the uber fees?
[2022-12-10 16:08:18] <%skyhighdude> swipe dat AMEX baby
[2022-12-10 16:08:51] <WikiHanz> and we back ... from Ads
[2022-12-10 16:08:53] <%MehUndMeh> sightseeing it is
[2022-12-10 16:08:54] <ImTrin> oh usually its automatic refunds on reports
[2022-12-10 16:09:18] <simplysaying007> chat is @DailyDasher in morocco or portugal?
[2022-12-10 16:09:25] <idogo> Portugal
[2022-12-10 16:09:34] <simplysaying007> tq
[2022-12-10 16:09:36] <%skyhighdude> bleedPurple bleedPurple bleedPurple bleedPurple bleedPurple bleedPurple
[2022-12-10 16:09:39] VIEWERS: 377
[2022-12-10 16:09:43] <%+Fhris> Sadge
[2022-12-10 16:09:47] <mazallove> <3 <3 <3 <3
[2022-12-10 16:09:50] <%+sarcasticninja> nice little Christmas market  the food smell will make you more hungry
[2022-12-10 16:09:56] <%justfloof> Hair falling out, gear falling apart, we gotta detox those evil stress demons
[2022-12-10 16:10:19] <+proshoots13> Nice in Portugal now
[2022-12-10 16:10:55] <%justfloof> Nice protugese steak.. on a burger.. KEKW
[2022-12-10 16:10:59] <LobsterLemon> mcd's again WutFace
[2022-12-10 16:11:02] <%justfloof> oooh
[2022-12-10 16:11:04] <pidzzy> CBO
[2022-12-10 16:11:05] <LobsterLemon> true traveller
[2022-12-10 16:11:09] <WikiHanz> calamares burger? Kappa
[2022-12-10 16:11:10] BAN: LobsterLemon (600s)
[2022-12-10 16:11:13] <idogo> mcbifana Kappa
[2022-12-10 16:11:21] <luislisboa> hiiii
[2022-12-10 16:11:21] <encelor> KEK
[2022-12-10 16:11:24] <%MehUndMeh> KappaRoss
[2022-12-10 16:11:25] <%+Inflames991> press the fire alarm
[2022-12-10 16:11:28] <%justfloof> What was that CBD?
[2022-12-10 16:11:36] <%justfloof> CBO
[2022-12-10 16:11:39] VIEWERS: 377
[2022-12-10 16:11:53] <liminall> Portuguese thing
[2022-12-10 16:11:55] <liminall> NIF
[2022-12-10 16:12:13] <%MehUndMeh> social security number ddashSW
[2022-12-10 16:12:40] <+peepoFino> pepeD
[2022-12-10 16:12:43] <+peepoFino> pepeD  pepeD
[2022-12-10 16:12:44] <+peepoFino> pepeD
[2022-12-10 16:13:09] <+peepoFino> !location
[2022-12-10 16:13:09] <@%^StreamElements> @peepoFino, 📍 Currently: Essaouira, Morocco
[2022-12-10 16:13:12] <%+sarcasticninja> he ordered separately rather than a meal
[2022-12-10 16:13:15] <vildvampire> 30 nuggies
[2022-12-10 16:13:20] <+peepoFino> OpieOP
[2022-12-10 16:13:26] <WikiHanz> @peepoFino Lisboa
[2022-12-10 16:13:39] VIEWERS: 355
[2022-12-10 16:14:33] <@IRLToolkit> Scene switched to "𝗕𝗥𝗕"
[2022-12-10 16:14:41] <luislisboa> Lisboa
[2022-12-10 16:14:45] <%MehUndMeh> clips ddashPoggers
[2022-12-10 16:14:49] <+peepoFino> monkaW
[2022-12-10 16:14:50] <VeeBB> KEKW
[2022-12-10 16:14:53] <$Kulbi> LUL
[2022-12-10 16:14:58] <%+mcsirc1976> LOL
[2022-12-10 16:15:01] <%+OhManderDayum> watching dasher at mcdonalds before I leave to work...at mcdonalds Kappa
[2022-12-10 16:15:03] <idogo> LUL LUL LUL
[2022-12-10 16:15:03] <simplysaying007> lmao
[2022-12-10 16:15:08] <+peepoFino> monkaW SmokeTime
[2022-12-10 16:15:11] <$Kulbi> beat the shh
[2022-12-10 16:15:11] <simplysaying007> hahaha
[2022-12-10 16:15:13] <%TenSpins> KEKW
[2022-12-10 16:15:13] <@IRLToolkit> Scene switched to "𝗜𝗻𝗴𝗲𝘀𝘁"
[2022-12-10 16:15:14] <%Gyng0> You piece of shi—
[2022-12-10 16:15:17] <%Gyng0> KEKW
[2022-12-10 16:15:19] <%MehUndMeh> back
[2022-12-10 16:15:40] VIEWERS: 378
[2022-12-10 16:15:46] <luislisboa> @ohmanderdayum prizzaUhhh ppimDab
[2022-12-10 16:15:51] <%+OhManderDayum> LUL LUL
[2022-12-10 16:16:29] <$Kulbi> cooksuXrage excuse me
[2022-12-10 16:16:57] <idogo> aunty is mad
[2022-12-10 16:17:09] <%MehUndMeh> aunty is thicc
[2022-12-10 16:17:13] <idogo> keth00
[2022-12-10 16:17:18] <idogo> LOL
[2022-12-10 16:17:24] <$Kulbi> babyhNom
[2022-12-10 16:17:32] <+peepoFino> pepeD
[2022-12-10 16:17:40] VIEWERS: 378
[2022-12-10 16:17:57] <GardeDuCoeur> it's france?
[2022-12-10 16:18:03] <idogo> Lisbon
[2022-12-10 16:18:12] <%MehUndMeh> @gardeducoeur unfortunatly no sorry
[2022-12-10 16:18:17] <OffDaWallz_> the daily duck
[2022-12-10 16:18:19] <luislisboa> Portugal
[2022-12-10 16:18:20] <+peepoFino> pepeD
[2022-12-10 16:18:35] <+peepoFino> anyone hearing the music? pepeD
[2022-12-10 16:18:37] <Count_Zero_> pepeD
[2022-12-10 16:18:44] <idogo> thepri70Dancin
[2022-12-10 16:19:40] VIEWERS: 378
[2022-12-10 16:19:56] <Count_Zero_> Sadge
[2022-12-10 16:20:00] <idogo> Sadge
[2022-12-10 16:20:02] <visual93> Sadge
[2022-12-10 16:20:07] <%MehUndMeh> Sadge
[2022-12-10 16:20:08] <%+OhManderDayum> Sadge
[2022-12-10 16:20:09] <Count_Zero_> why, what happened
[2022-12-10 16:20:10] <idogo> take care Dasher
[2022-12-10 16:20:11] <%amarettopirate> ddashLove ddashLove
[2022-12-10 16:20:12] <%+mcsirc1976> understandable
[2022-12-10 16:20:14] [Notification] quantz subscribed at Tier 1. They've subscribed for 44 months! [byeee see u ltr ddashLove]
[2022-12-10 16:20:14] <@%^StreamElements>* ❤ quantz just subscribed for 44 months in a row!  ddashPoggers
[2022-12-10 16:20:16] <luislisboa> what happened????
[2022-12-10 16:20:20] <%+cha1k__> wtf happened
[2022-12-10 16:20:21] <%MehUndMeh> take care
[2022-12-10 16:20:25] <mazallove> <3 <3 <3
[2022-12-10 16:20:27] <%TenSpins> HUH what happened
[2022-12-10 16:20:32] <BonoVox_> Understandable
[2022-12-10 16:20:39] <%+claysky> ddashLove
[2022-12-10 16:20:56] <PrrplPplEaterr> How did he go broke? Sorry just got here
[2022-12-10 16:21:00] <%justfloof> Just a walk is nice too
[2022-12-10 16:21:04] <starrlivesinthesky> wait where did dash end up
[2022-12-10 16:21:04] <%+cha1k__> peace
[2022-12-10 16:21:04] <@%^StreamElements> @starrlivesinthesky, 📍 Currently: Essaouira, Morocco
[2022-12-10 16:21:08] <WikiHanz> Sadge sorry to hear Dashy try to enjoy the city while you can
[2022-12-10 16:21:11] <Count_Zero_> what happened
[2022-12-10 16:21:18] <ferrarii070> bye
[2022-12-10 16:21:18] <%FadedThanaHox5> taking flight once per week @PrrplPplEaterr
[2022-12-10 16:21:18] <idogo> Sadge
[2022-12-10 16:21:20] <%DMirandaa> find a after match party and try to change you mood mate, see you
[2022-12-10 16:21:25] <%amarettopirate> Sadge
[2022-12-10 16:21:30] <%MehUndMeh> @prrplppleaterr he ordered muliple uber but just used one still got charged every time
[2022-12-10 16:21:35] <starrlivesinthesky> wait his flight mess up? so sorry dash. hope things get better soon
[2022-12-10 16:21:41] VIEWERS: 378
[2022-12-10 16:21:44] <PrrplPplEaterr> @MehUndMeh still, ubers arent expensive
[2022-12-10 16:21:52] <%$Tweety_42> ddashLove ddashNYC ddashLove ddashHey
[2022-12-10 16:21:56] <ferrarii070> dash
[2022-12-10 16:22:00] <%MehUndMeh> @prrplppleaterr he poor Sadge
[2022-12-10 16:22:13] <PrrplPplEaterr> @MehUndMeh ah well, we all have our days
[2022-12-10 16:22:17] <%FadedThanaHox5> he goes to new country so often. uber cost is nothing compared to that LUL
[2022-12-10 16:22:21] ~Stream offline~
[2022-12-10 16:22:31] <%+mcsirc1976> it all adds up
[2022-12-10 16:22:47] <ferrarii070> bye dash
[2022-12-10 16:22:55] <%MehUndMeh> ddashLove
[2022-12-10 16:23:25] <%justfloof> ddashLove  ddashLove  ddashLove
[2022-12-10 16:23:26] <%justfloof> ddashLove  ddashLove  ddashLove  ddashLove
[2022-12-10 16:23:34] <%amarettopirate> ddashLove ddashLove ddashLove
[2022-12-10 16:23:37] <%justfloof> ddashLove  ddashLove  ddashLove  ddashLove  ddashLove
[2022-12-10 16:24:51] <%Viciousoul> is it only me or the stream is buffering?
[2022-12-10 16:24:51] <@%^StreamElements> 5x ddashLove combo
[2022-12-10 16:25:51] <WikiHanz> 🤖
[2022-12-10 16:26:01] <WikiHanz> 🤖 🤖
[2022-12-10 16:26:15] <WikiHanz> 🤖
[2022-12-10 16:28:26] <%justfloof> ddashLove
[2022-12-10 16:28:31] <%justfloof> ddashLove  ddashLove
[2022-12-10 16:28:35] <%justfloof> ddashLove  ddashLove  ddashLove
[2022-12-10 16:28:39] <%justfloof> ddashLove  ddashLove
[2022-12-10 16:28:42] <%justfloof> ddashLove
[2022-12-10 16:28:43] <%amarettopirate> ddashLove ddashLove ddashLove ddashLove ddashLove
[2022-12-10 16:30:31] <%skyhighdude> ddashLove ddashLove ddashLove ddashLove ddashLove ddashLove
[2022-12-10 16:35:44] Viewerstats (16:07-16:19): avg:374 min:355 max:378 [7/377+0+0−22+23+0+0_]
# Log started: 2022-12-10 18:54:21 +0100
[2022-12-10 18:54:21] ~Stream offline~
[2022-12-10 18:54:21] Joining #dailydasher..
[2022-12-10 18:54:21] You have joined #dailydasher
[2022-12-10 19:29:32] <%bannedfs> MOROCCOOOO
[2022-12-10 19:35:51] <suave12209> where you at
[2022-12-10 19:35:51] <@%^StreamElements> @suave12209, 📍 Currently: Essaouira, Morocco
[2022-12-10 19:35:54] <suave12209> I cri
[2022-12-10 19:35:59] <suave12209> !time
[2022-12-10 19:35:59] <@^Nightbot> suave12209, the time in Essaouira is 7:35:59 PM, Saturday, December 10th 2022
