# Log started: 2022-12-11 00:16:25 +0100
[2022-12-11 00:16:25] [Notification] biskote_ subscribed with Prime.
[2022-12-11 00:16:33] [Notification] Soulide subscribed at Tier 1.
[2022-12-11 00:23:35] <tomyigo> !main
[2022-12-11 00:23:35] <@%^StreamElements> prot warr, vdh, bdk, brewmaster, Prot pala and guardian druid
[2022-12-11 00:35:46] <%JarrydGaming> !guide
[2022-12-11 00:35:46] <@%^StreamElements> Get ahead of the competition like me and level faster than anyone else! Grab the RestedXP in-game leveling & gold guide: https://www.restedxp.com/?ref=naowh 5% OFF WITH CODE: NAOWH
[2022-12-11 00:35:59] <%JarrydGaming> !weekly
[2022-12-11 00:35:59] <@%^StreamElements> https://imagizer.imageshack.com/img924/6425/TS0fL0.png
[2022-12-11 00:40:03] [Notification] Shyzzodota subscribed at Tier 1.
[2022-12-11 00:55:34] <%+iconxk> !ui
[2022-12-11 00:55:35] <@%^StreamElements> NaowhUI is available on Patreon (www.patreon.com/naowh) or thru Twitch Prime/Normal sub. After you sub, go to Discord: https://discord.gg/naowh, connect your Discord with Patreon/Twitch via settings, then wait 30-60 minutes for it to SYNC.
[2022-12-11 01:14:53] [Notification] patman992 subscribed at Tier 1.
[2022-12-11 01:15:44] [Notification] HOOLAA subscribed with Prime.
[2022-12-11 01:16:51] <sekyst> !guide
[2022-12-11 01:16:51] <@%^StreamElements> Get ahead of the competition like me and level faster than anyone else! Grab the RestedXP in-game leveling & gold guide: https://www.restedxp.com/?ref=naowh 5% OFF WITH CODE: NAOWH
[2022-12-11 01:31:02] [Notification] MrWiesi subscribed at Tier 1.
[2022-12-11 01:32:38] [Notification] Mooozzz subscribed with Prime.
[2022-12-11 01:34:21] [Notification] Tavant subscribed with Prime.
[2022-12-11 01:41:57] <memeprince> !weekly
[2022-12-11 01:41:57] <@%^StreamElements> https://imagizer.imageshack.com/img924/6425/TS0fL0.png
[2022-12-11 01:47:13] [Notification] junounoshim subscribed with Prime.
[2022-12-11 02:20:29] <%+Airspace2> !wa
[2022-12-11 02:20:38] <%+Airspace2> !rare
[2022-12-11 02:32:01] <%+DeenoBot> !rares
[2022-12-11 02:32:02] <@%^StreamElements> https://wago.io/9o2DUdr9t
[2022-12-11 02:35:50] <%strutarn> !Displate
[2022-12-11 02:36:50] <%strutarn> !Patreon
[2022-12-11 02:36:50] <@%^StreamElements> You can now support Naowh through Patreon: https://patreon.com/naowh Gain access to NaowhUI Installer and profiles, Mythic+ routes, Talent Builds and much more. Connect your Patreon with Discord wait for it to SYNC and gain access to unique channels.
[2022-12-11 02:41:52] <+orbixd_> !rares
[2022-12-11 02:41:52] <@%^StreamElements> https://wago.io/9o2DUdr9t
[2022-12-11 02:59:59] [Notification] Cryptdaddy76 subscribed at Tier 1.
[2022-12-11 03:01:25] [Notification] exzessix subscribed at Tier 1.
[2022-12-11 03:15:57] <BustaBoongy> !plater
[2022-12-11 03:17:36] <BustaBoongy> !patreon
[2022-12-11 03:17:36] <@%^StreamElements> You can now support Naowh through Patreon: https://patreon.com/naowh Gain access to NaowhUI Installer and profiles, Mythic+ routes, Talent Builds and much more. Connect your Patreon with Discord wait for it to SYNC and gain access to unique channels.
[2022-12-11 03:32:32] [Notification] vicotnik13 subscribed with Prime. They've subscribed for 18 months!
[2022-12-11 03:46:34] <Imshota> !commands
[2022-12-11 03:46:34] <@%^StreamElements> @Imshota, You can find a list of all Commands here https://StreamElements.com/naowh/commands
[2022-12-11 03:49:37] <Teenagers> !rares
[2022-12-11 03:49:37] <@%^StreamElements> https://wago.io/9o2DUdr9t
[2022-12-11 03:49:52] <Imshota> !prof
[2022-12-11 03:49:52] <@%^StreamElements> https://docs.google.com/spreadsheets/d/1bth13pxoGyI8Vckxd_uJG-WwtO11gexTgXnVFj5mtxM/edit?usp=sharing
[2022-12-11 03:51:16] <Imshota> !talents
[2022-12-11 03:51:16] <@%^StreamElements> You can see Robin's talents and in-depth explanations behind them when subscribing to his Patreon or find similar builds on WoWHead
[2022-12-11 04:45:49] [Notification] An anonymous user gifted a Tier 1 sub to keludechu! keludechu has subscribed for 3 months!
[2022-12-11 04:52:17] [Notification] craiggj87 subscribed at Tier 1.
[2022-12-11 06:16:07] [Notification] Snoozing1 subscribed at Tier 1.
[2022-12-11 06:19:27] [Notification] ShipperMcDipper subscribed with Prime.
[2022-12-11 06:56:01] [Notification] AkashicRah gifted a Tier 1 sub to Zenmafi! This is their first Gift Sub in the channel!
[2022-12-11 07:09:04] [Notification] Dinnasty subscribed with Prime.
[2022-12-11 07:21:38] [Notification] wam____ subscribed with Prime.
[2022-12-11 07:33:00] [Notification] proffervh gifted a Tier 1 sub to confakez! They have given 2 Gift Subs in the channel!
[2022-12-11 07:45:25] [Notification] proffervh gifted 3 months of Tier 1 to pcdc992. They've gifted 5 months in the channel! pcdc992 has subscribed for 2 months!
[2022-12-11 08:13:23] [Notification] Maxwellicus subscribed at Tier 1.
[2022-12-11 09:01:28] [Notification] Neitozz subscribed with Prime.
[2022-12-11 09:02:40] <%+Neitozz> !discord
[2022-12-11 09:02:41] <@%^StreamElements> https://discord.gg/naowh
[2022-12-11 09:09:40] [Notification] millifromthewest subscribed at Tier 1.
[2022-12-11 09:24:12] <%Salva_gaming> !rare
[2022-12-11 09:58:21] [Notification] theitann subscribed at Tier 1.
[2022-12-11 10:18:45] [Notification] xdwtfxdwtf subscribed with Prime.
[2022-12-11 10:21:10] <aseru__> !rares
[2022-12-11 10:21:10] <@%^StreamElements> https://wago.io/9o2DUdr9t
[2022-12-11 10:22:27] [Notification] easlay91 subscribed with Prime.
[2022-12-11 11:02:08] [Notification] sheepOCE subscribed with Prime.
[2022-12-11 11:38:11] <%+LiamCooper> !ui
[2022-12-11 11:38:11] <@%^StreamElements> NaowhUI is available on Patreon (www.patreon.com/naowh) or thru Twitch Prime/Normal sub. After you sub, go to Discord: https://discord.gg/naowh, connect your Discord with Patreon/Twitch via settings, then wait 30-60 minutes for it to SYNC.
[2022-12-11 11:45:35] [Notification] Jaymeight subscribed with Prime.
[2022-12-11 11:50:30] <%kryp3t0n> !rares
[2022-12-11 11:50:30] <@%^StreamElements> https://wago.io/9o2DUdr9t
[2022-12-11 11:51:45] [Notification] quizkaa subscribed at Tier 1.
[2022-12-11 11:57:03] [Notification] vossius subscribed with Prime.
[2022-12-11 12:01:17] [Notification] Morgasto subscribed at Tier 1.
[2022-12-11 12:05:40] [Notification] Aldarox12 subscribed with Prime.
[2022-12-11 12:06:59] [Notification] roflyanochkaa subscribed at Tier 1.
[2022-12-11 12:10:36] [Notification] Malekiith_ subscribed at Tier 1. They've subscribed for 26 months!
[2022-12-11 12:11:06] <+baueshhh> !ui
[2022-12-11 12:11:07] <@%^StreamElements> NaowhUI is available on Patreon (www.patreon.com/naowh) or thru Twitch Prime/Normal sub. After you sub, go to Discord: https://discord.gg/naowh, connect your Discord with Patreon/Twitch via settings, then wait 30-60 minutes for it to SYNC.
[2022-12-11 12:14:26] <%+Groenkaal> !prof
[2022-12-11 12:14:26] <@%^StreamElements> https://docs.google.com/spreadsheets/d/1bth13pxoGyI8Vckxd_uJG-WwtO11gexTgXnVFj5mtxM/edit?usp=sharing
[2022-12-11 12:17:16] <%+epzo93> !rares
[2022-12-11 12:17:16] <@%^StreamElements> https://wago.io/9o2DUdr9t
[2022-12-11 12:18:32] <%woo_zii> !fonts
[2022-12-11 12:18:32] <@%^StreamElements> Combat: Gotham Narrow Ultra. UI/Nameplates: Avant Garde
[2022-12-11 12:40:30] <+1Vurse> !commands
[2022-12-11 12:40:30] <@%^StreamElements> @1Vurse, You can find a list of all Commands here https://StreamElements.com/naowh/commands
[2022-12-11 12:41:38] <%+deadjazzyl> !rares
[2022-12-11 12:41:38] <@%^StreamElements> https://wago.io/9o2DUdr9t
[2022-12-11 13:23:02] [Notification] NostrumTFT subscribed with Prime.
[2022-12-11 14:10:14] [Usernotice] An anonymous user is gifting 2 Tier 1 Subs to Naowh's community!
[2022-12-11 14:10:16] [Notification] An anonymous user gifted a Tier 1 sub to firebladecbr1000rr! firebladecbr1000rr has subscribed for 13 months!
[2022-12-11 14:10:16] [Notification] An anonymous user gifted a Tier 1 sub to Ziwi_Tv! Ziwi_Tv has subscribed for 29 months!
[2022-12-11 14:14:37] [Notification] Elmav subscribed with Prime.
[2022-12-11 14:35:05] [Notification] genjitakihathe1 subscribed at Tier 1.
[2022-12-11 14:40:56] [Notification] Gerrrrrrr97 subscribed with Prime.
[2022-12-11 14:45:17] [Notification] An anonymous user gifted a Tier 1 sub to Rivia_Xo!
[2022-12-11 14:53:30] [Notification] just_real_reflection subscribed at Tier 1.
[2022-12-11 15:06:23] <%+Blindsir> !drops
[2022-12-11 15:06:23] <@%^StreamElements> From 9th December to 13th December, Watch for 4 Hours to get the Cenarion Hatchling pet and a further 4 Hours to get the Swift Windsteed mount! You can also grab your Ichabod Pet by gifting 2 subs!
[2022-12-11 15:06:23] <@Echo_Esports> To unlock the "Ichabod" pet GIFT TWO SUBS between Nov 29th until December 12th, 8:59am CET, make sure to have your Battle.net account linked with Twitch! - https://account.battle.net/connections
[2022-12-11 15:06:51] [Notification] Buunen subscribed with Prime.
[2022-12-11 15:08:57] [Notification] Fjabbeladen subscribed at Tier 1.
[2022-12-11 15:34:44] <noggdh> !rares
[2022-12-11 15:34:44] <@%^StreamElements> https://wago.io/9o2DUdr9t
[2022-12-11 15:43:07] [Notification] sdafkjwkop subscribed with Prime.
[2022-12-11 15:46:33] [Notification] xkaeli subscribed with Prime.
