# Log started: 2022-12-28 02:13:06 +0100
[2022-12-28 02:13:06] <mxfiaval> !res
[2022-12-28 02:13:06] <@^Fossabot> 1440x1080 | @mxfiaval
[2022-12-28 02:13:27] <mxfiaval> !sens
[2022-12-28 02:13:27] <@^Fossabot> 0.17 1600 dpi | @mxfiaval
[2022-12-28 03:08:32] <Kryyddan> !discord
[2022-12-28 03:08:34] <@^Fossabot> https://discord.gg/basicallymary | @Kryyddan
[2022-12-28 04:32:43] <imberce> !crosshair
[2022-12-28 04:32:44] <@^Fossabot> 0;c;1;s;1;P;c;7;u;000000FF;o;1;m;1;0t;1;0l;2;0v;4;0o;2;0a;1;0f;0;1b;0
[2022-12-28 04:34:55] <imberce> !crosshair
[2022-12-28 04:34:55] <@^Fossabot> 0;c;1;s;1;P;c;7;u;000000FF;o;1;m;1;0t;1;0l;2;0v;4;0o;2;0a;1;0f;0;1b;0
[2022-12-28 09:57:57] <skyactiveglk> !crosshair
[2022-12-28 09:57:57] <@^Fossabot> 0;c;1;s;1;P;c;7;u;000000FF;o;1;m;1;0t;1;0l;2;0v;4;0o;2;0a;1;0f;0;1b;0
[2022-12-28 13:46:09] <Saz00kie> !res
[2022-12-28 13:46:10] <@^Fossabot> 1440x1080 | @Saz00kie
[2022-12-28 13:53:30] <XipeYM_> !res
[2022-12-28 13:53:31] <@^Fossabot> 1440x1080 | @XipeYM_
[2022-12-28 15:41:20] <sooperbiskut> !commands
[2022-12-28 15:41:20] <@^Fossabot> @sooperbiskut Channel commands are available at: https://fossabot.com/mary/commands
[2022-12-28 16:11:59] <Hugoassie23> !sens
[2022-12-28 16:11:59] <@^Fossabot> 0.17 1600 dpi | @Hugoassie23
[2022-12-28 16:14:11] <%QnasEU> !sens
[2022-12-28 16:14:14] <@^Fossabot> 0.17 1600 dpi | @QnasEU
[2022-12-28 16:57:13] <%+drxWhalefps> !crosshair
[2022-12-28 16:57:13] <@^Fossabot> 0;c;1;s;1;P;c;7;u;000000FF;o;1;m;1;0t;1;0l;2;0v;4;0o;2;0a;1;0f;0;1b;0
[2022-12-28 18:40:39] <velarde_ll> !cross air
[2022-12-28 19:40:54] <isakiskayo> !res
[2022-12-28 19:40:54] <@^Fossabot> 1440x1080 | @isakiskayo
[2022-12-28 21:14:11] <Dxning> !sens
[2022-12-28 21:14:11] <@^Fossabot> 0.17 1600 dpi | @Dxning
