# Log started: 2022-12-18 00:16:18 +0100
[2022-12-18 00:16:18] <%+gabrimarzia> apriHi
[2022-12-18 00:28:44] <%seipsych> apriPet
[2022-12-18 00:32:05] <%$SamGoldman> seip!! HYPERS
[2022-12-18 00:32:14] <%seipsych> @SamGoldman apriHug
[2022-12-18 00:32:38] <%$SamGoldman> how is it going pal?
[2022-12-18 00:32:46] <%seipsych> better-ish
[2022-12-18 00:32:59] <%$SamGoldman> LETSGO
[2022-12-18 00:33:07] <%seipsych> just REALLY tired, so was just kinda poppin in for a sec
[2022-12-18 00:33:24] <%seipsych> I feel kinda bad not being around that much tho
[2022-12-18 00:33:34] <%$SamGoldman> no problem dude
[2022-12-18 00:33:47] <%seipsych> aww apriHug
[2022-12-18 00:33:56] <%$SamGoldman> health is priority apriNodders
[2022-12-18 00:34:10] <%seipsych> you still doin okay? I know it got really hot there
[2022-12-18 00:35:19] <%$SamGoldman> :)
[2022-12-18 00:35:37] <%seipsych> apriAYAYA
[2022-12-18 00:35:52] <%$SamGoldman> apriHi
[2022-12-18 00:36:31] <%seipsych> aight I gotta shleep, but I'll likely shamble outta bed if Froot starts strim apriPet apriLove
[2022-12-18 00:36:50] <%$SamGoldman> sleep well CEASE apriPet
[2022-12-18 00:36:55] <%$SamGoldman> i hope to see u soon
[2022-12-18 00:36:56] <%seipsych> apriHug
[2022-12-18 00:44:54] <%+gabrimarzia> have a good sleep sei
[2022-12-18 00:45:01] <%+gabrimarzia> he'll never read this
[2022-12-18 01:05:02] <%seipsych> apriLove
[2022-12-18 01:38:22] <%KevinTheDude_> Thinkge Thinking  FroogDance yayApex Thinking2 󠀀 󠀀 󠀀
[2022-12-18 01:58:22] [Notification] ASpookyAnimal subscribed with Prime.
[2022-12-18 03:31:52] <asinloo> Thinkge Thinking ewApex TRUEING Thinking2
[2022-12-18 03:32:16] <%speedking1994> ewApex Fruma
[2022-12-18 03:32:53] <%Toropokoro> @KevinTheDude_ NO catPunchU
[2022-12-18 03:51:04] <%$SamGoldman> bye apriHi
[2022-12-18 04:00:21] <%+Nanu991> @KevinTheDude_, catPunchU apex
[2022-12-18 04:53:03] <VladosFire54> apriHi Wokege
[2022-12-18 05:27:17] <ham_cheese_sandwich> Clueless TeaTime
[2022-12-18 05:34:17] <asinloo> Bedge
[2022-12-18 05:43:24] <VladosFire54> @ham_cheese_sandwich
[2022-12-18 05:43:31] <VladosFire54> apriHi
[2022-12-18 05:43:37] <ham_cheese_sandwich> vlados 👋 Clueless
[2022-12-18 06:39:25] <%KevinTheDude_> nessieWalk FROOGDVD
[2022-12-18 06:42:55] <%Dusk_N13> catp Kebin y did u catp me while i was Bedge ? ReallyMad
[2022-12-18 06:58:50] <%KevinTheDude_> apriSip I can neither confirm nor deny this
[2022-12-18 07:04:41] <%Dusk_N13> @KevinTheDude_, zentreBonk
[2022-12-18 07:04:51] <%Dusk_N13> both u and snudge had pinged me for something idk
[2022-12-18 07:04:55] <%Dusk_N13> ReallyMad
[2022-12-18 07:34:27] <%+gabrimarzia> ewApex
[2022-12-18 08:06:09] <%KevinTheDude_> veiSmug
[2022-12-18 08:32:47] <VladosFire54> gabrimarzia dankWave
[2022-12-18 08:34:53] <%+gabrimarzia> apriHi
[2022-12-18 08:35:01] <%+gabrimarzia> time to sleep tho
[2022-12-18 08:35:06] <%+gabrimarzia> gn apriBedge
[2022-12-18 08:38:34] <VladosFire54> Nighty gabrimarzia , have good slep
[2022-12-18 10:37:19] <%Siesta0022> Thinkge Thinking FroogBoop Thinking2
[2022-12-18 10:59:07] <%KevinTheDude_> nessieWalk Thinking FroogDance yayApex Thinking2
[2022-12-18 12:13:46] <%KnightOfGear08> catJAM Thinking FroogDance Thinking2
[2022-12-18 12:17:06] <VladosFire54> catnapJam Thinking apriStare catnapBedge  Thinking2  Chatting
[2022-12-18 12:17:12] <VladosFire54> Gladge
[2022-12-18 12:27:37] <%Rene_san_> apriPeek
[2022-12-18 12:29:04] <%Dusk_N13> hello Rene Apripet
[2022-12-18 12:29:54] <%Rene_san_> Hello @Dusk_N13 apriPet
[2022-12-18 12:32:49] <%KnightOfGear08> @Rene_san_, hey apriLove apriPet
[2022-12-18 12:48:50] <%Rene_san_> @KnightOfGear08 hi apriPet apriHug
[2022-12-18 13:19:18] <%tyskStefan> apriPeek
[2022-12-18 13:20:05] <VladosFire54> FroogBoop @tyskStefan , @Rene_san_ catnapLurk
[2022-12-18 13:22:21] <%tyskStefan> @VladosFire54 apriPet
[2022-12-18 13:36:45] <lemirnajic> Fruma
[2022-12-18 13:51:10] <Mazakann> Fruma
[2022-12-18 13:52:21] <~%Apricot> froogPls
[2022-12-18 13:52:30] <~%Apricot> FroogDance
[2022-12-18 13:54:13] <%KnightOfGear08> Fruma
[2022-12-18 13:54:30] <%Rene_san_> Fruma
[2022-12-18 13:55:34] <%Rene_san_> FroogDance
[2022-12-18 13:55:37] <~%Apricot> FroogVibing
[2022-12-18 13:55:41] <~%Apricot> FroogVibing
[2022-12-18 13:55:44] <~%Apricot> it not work yet
[2022-12-18 13:55:48] <%tyskStefan> Fruma
[2022-12-18 13:56:33] <Mazakann> FroogVibing
[2022-12-18 13:57:02] <%KnightOfGear08> FroogVibing new Emote is coming FeelsDankMan
[2022-12-18 13:57:27] <%Dusk_N13> sub emote veiThink
[2022-12-18 13:57:32] <%Rene_san_> @Apricot apriPet @tyskStefan apriPet @Mazakann apriPet @VladosFire54 apriPet
[2022-12-18 13:57:39] <Mazakann> @Rene_san_ Apripet
[2022-12-18 13:57:47] <%KnightOfGear08> @Apricot, hey btw apriLove apriPet
[2022-12-18 13:59:06] <%Dusk_N13> FroogVibing oh
[2022-12-18 14:01:05] <%tyskStefan> @Rene_san_ apriPet
[2022-12-18 14:01:22] <%KnightOfGear08> @tyskStefan, hey apriLove apriPet
[2022-12-18 14:01:55] <%tyskStefan> @KnightOfGear08 yo apriPet
[2022-12-18 14:02:11] <VladosFire54> TeaTime
[2022-12-18 14:10:06] <%Siesta0022> apriPeek
[2022-12-18 14:24:33] <~%Apricot> FroogVibing
[2022-12-18 14:24:36] <~%Apricot> Pog
[2022-12-18 14:26:03] <Mazakann> FroogVibing
[2022-12-18 14:27:24] <%KnightOfGear08> FroogVibing modCheck ?
[2022-12-18 14:28:07] <%KevinTheDude_> FroogVibing modCheck
[2022-12-18 14:29:19] <Mazakann> GuysRefreshChatterinoIUploadedAnotherEmote
[2022-12-18 14:30:00] <%KevinTheDude_> this is nice Thinkge Thinking FroogVibing yayApex Thinking2
[2022-12-18 14:30:32] <%KnightOfGear08> FeelsDankMan i alrealy reloaded still got nothing
[2022-12-18 14:30:59] <%KevinTheDude_> close everything Shruge
[2022-12-18 14:31:27] <%KevinTheDude_> this is nice Thinkge Thinking FroogVibing yayApex Thinking2
[2022-12-18 14:31:31] <%KnightOfGear08> try restart pc Hmm
[2022-12-18 14:31:34] <%KevinTheDude_> this is nice Thinkge Thinking FroogVibing yayApex Thinking2 󠀀
[2022-12-18 14:31:36] <%KevinTheDude_> this is nice Thinkge Thinking FroogVibing yayApex Thinking2
[2022-12-18 14:31:40] <%KevinTheDude_> WICKED
[2022-12-18 14:35:27] <%KnightOfGear08> FeelsDankMan i see now just now FroogVibing can use in web, can't use in Chatterion weird
[2022-12-18 15:13:39] <lemirnajic> FroogVibing
[2022-12-18 16:07:08] <+Kalioc> FroogVibing
[2022-12-18 16:16:11] <asinloo> Wokege
[2022-12-18 16:27:11] <%TrinityS0ULS> FroogVibing
[2022-12-18 16:33:26] <%KevinTheDude_> @chat catPunchU
[2022-12-18 16:33:35] <%KevinTheDude_> catNope no fun allowed
[2022-12-18 16:33:37] <%KevinTheDude_> NOPERS
[2022-12-18 16:33:39] <%KevinTheDude_> catNope
[2022-12-18 16:35:11] <%Dusk_N13> much fun such wow FroogVibing
[2022-12-18 17:12:53] <%Rene_san_> FroogVibing
[2022-12-18 17:31:05] [Notification] LocoDrip gifted a Tier 1 sub to SomberSnoofie! This is their first Gift Sub in the channel!
[2022-12-18 17:34:28] <%Iffiie> FroogVibing
[2022-12-18 18:11:08] <%speedking1994> Fruma
[2022-12-18 18:58:36] <VladosFire54> catnapBedge
[2022-12-18 19:09:16] <%$SamGoldman> the title finally changed
[2022-12-18 19:09:26] <%$SamGoldman> FeelsStrongMan Clap
[2022-12-18 19:10:13] <%KevinTheDude_> Sam catPunchU
[2022-12-18 19:10:41] <%$SamGoldman> apriStare
[2022-12-18 19:10:48] <%$SamGoldman> wtf dude
[2022-12-18 19:10:59] <%$SamGoldman> stop it cabin ApriBap
[2022-12-18 19:11:53] [Notification] ElementCo_27 subscribed at Tier 1. They've subscribed for 29 months! [soup time]
[2022-12-18 19:12:14] <%KevinTheDude_> catNope
[2022-12-18 19:12:16] <%KevinTheDude_> Sam catPunchU
[2022-12-18 19:12:57] <%$SamGoldman> ELEMENT CEASE
[2022-12-18 19:13:01] <%$SamGoldman> catKISS
[2022-12-18 19:13:54] <%KevinTheDude_> element won’t save you zentreUSELESS
[2022-12-18 19:14:04] <%KevinTheDude_> element,Sam catPunchU
[2022-12-18 19:14:12] <@%ElementCo_27> catKISS
[2022-12-18 19:14:28] <%KevinTheDude_> AYOOO
[2022-12-18 19:14:35] <%KevinTheDude_> Lurkge
[2022-12-18 19:17:21] <%Dusk_N13> hello element catKISS
[2022-12-18 19:17:29] <%Dusk_N13> Apripet Sam
[2022-12-18 19:18:01] <@%ElementCo_27> heyo catKISS
[2022-12-18 19:19:04] <%$SamGoldman> dusk apriPet
[2022-12-18 20:15:18] <%+HR_Alpha> apriBedge
[2022-12-18 20:15:48] <%Dusk_N13> FroogVibing
[2022-12-18 20:22:04] <+ModulatingForce> FroogVibing what a cutie
[2022-12-18 20:38:12] <%+Kodyparbs> FroogVibing
[2022-12-18 21:01:27] <ChrisGamingNL333> FroogVibing
[2022-12-18 21:03:44] <AFennec> FroogVibing
[2022-12-18 21:24:05] <Mazakann> FroogVibing
[2022-12-18 21:31:23] <%$SamGoldman> FroogVibing
[2022-12-18 21:31:33] <%Rene_san_> FroogVibing
[2022-12-18 21:31:38] <ham_cheese_sandwich> FroogVibing
[2022-12-18 21:33:08] <%Rene_san_> @SamGoldman apriPet @ham_cheese_sandwich apriPet
[2022-12-18 21:33:15] <ham_cheese_sandwich> rene 👋 Clueless
[2022-12-18 22:29:27] <%Iffiie> FroogVibing
[2022-12-18 22:33:08] <ChrisGamingNL333> Bedge
[2022-12-18 23:04:59] <stanch76> FroogVibing
[2022-12-18 23:07:39] <%Rene_san_> FroogVibing
[2022-12-18 23:32:55] <%$SamGoldman> FroogVibing
