# Log started: 2022-12-31 00:41:57 +0100
[2022-12-31 00:41:57] <bahadirokur0> !res
[2022-12-31 00:41:57] <@^StreamElements> @bahadirokur0 1280x960 4:3
[2022-12-31 00:42:01] <bahadirokur0> !sens
[2022-12-31 00:42:01] <@^StreamElements> @bahadirokur0 0.49; zoom 1.0 [800 DPI, 1000 Hz]
[2022-12-31 00:42:12] <bahadirokur0> !cross
[2022-12-31 00:42:13] <@^StreamElements> 1-2-1-2, outlines 1 or Import the code in to your settings: 0;P;c;1;o;1;f;0;0t;1;0l;2;0o;2;0a;1;0f;0;1b;0
[2022-12-31 01:29:18] <션션니 (ksh09032)> !sens
[2022-12-31 01:29:18] <@^StreamElements> @션션니 0.49; zoom 1.0 [800 DPI, 1000 Hz]
[2022-12-31 02:11:21] <pasicondones> !res
[2022-12-31 02:11:21] <@^StreamElements> @pasicondones 1280x960 4:3
[2022-12-31 02:11:37] <pasicondones> !settings
[2022-12-31 02:11:37] <@^StreamElements> @pasicondones, https://youtu.be/PR5qbzFO_74
[2022-12-31 03:17:12] <+picc0lo_> !grafics
[2022-12-31 03:17:16] <+picc0lo_> !commands
[2022-12-31 03:17:17] <@^StreamElements> !faq !vk !faceit !sens !stats !steam !res !crosshair !hltv !inst !vlr !youtube !twitter !donate !mousepad !mouse !keyboard !monitor !settings !controls !headset !age !panda !cat !from !nvidia !pc !time !stretched !tall !sleeve !monitorsettings !religion !rules !duo !grip !rank !radar !aimroutine !protips !minimap !study !main !team !guide !chair !cam !mic !servers !birthday !id !tg !subcount !language !where !record !tournament
[2022-12-31 03:17:26] <+picc0lo_> !monitor
[2022-12-31 03:17:27] <@^StreamElements> BENQ Zowie XL2546K 240 HZ
[2022-12-31 03:17:33] <+picc0lo_> !settings
[2022-12-31 03:17:33] <@^StreamElements> @picc0lo_, https://youtu.be/PR5qbzFO_74
[2022-12-31 03:17:43] <+picc0lo_> !monitorsettings
[2022-12-31 03:18:01] <+picc0lo_> A
[2022-12-31 03:18:06] <+picc0lo_> !monitorsettings
[2022-12-31 03:18:06] <@^StreamElements> @picc0lo_, https://youtu.be/PR5qbzFO_74
[2022-12-31 03:19:43] <@^StreamElements> https://www.instagram.com/reel/CfhPRM8AM43/?igshid=YmMyMTA2M2Y=
[2022-12-31 04:19:45] <+Phantom_757_> !sens
[2022-12-31 04:19:45] <@^StreamElements> @Phantom_757_ 0.49; zoom 1.0 [800 DPI, 1000 Hz]
[2022-12-31 04:19:51] <+Phantom_757_> !mouse
[2022-12-31 04:19:51] <@^StreamElements> Zowie S2 Black Edition
[2022-12-31 04:41:34] <+TTV_N0BLE> !sens
[2022-12-31 04:41:34] <@^StreamElements> @TTV_N0BLE 0.49; zoom 1.0 [800 DPI, 1000 Hz]
[2022-12-31 06:36:56] <dracox0919> !res
[2022-12-31 06:36:57] <@^StreamElements> @dracox0919 1280x960 4:3
[2022-12-31 06:37:00] <dracox0919> !sens
[2022-12-31 06:37:00] <@^StreamElements> @dracox0919 0.49; zoom 1.0 [800 DPI, 1000 Hz]
[2022-12-31 06:44:59] <JaczXz> !faceit
[2022-12-31 06:44:59] <@^StreamElements> @JaczXz → Faceit: faceit.com/ru/players/MrNats
[2022-12-31 08:17:42] <+agonyexe> !crosshair
[2022-12-31 08:17:42] <@^StreamElements> 1-2-1-2, outlines 1 or Import the code in to your settings: 0;P;c;1;o;1;f;0;0t;1;0l;2;0o;2;0a;1;0f;0;1b;0
[2022-12-31 09:00:46] <kamex_1> !res
[2022-12-31 09:00:46] <@^StreamElements> @kamex_1 1280x960 4:3
[2022-12-31 09:48:37] <ilias_______> !sens
[2022-12-31 09:48:37] <@^StreamElements> @ilias_______ 0.49; zoom 1.0 [800 DPI, 1000 Hz]
[2022-12-31 10:19:15] <slooplul> !crosshair
[2022-12-31 10:19:15] <@^StreamElements> 1-2-1-2, outlines 1 or Import the code in to your settings: 0;P;c;1;o;1;f;0;0t;1;0l;2;0o;2;0a;1;0f;0;1b;0
[2022-12-31 11:16:52] <fumifumyyyyy> !mouse
[2022-12-31 11:16:52] <@^StreamElements> Zowie S2 Black Edition
[2022-12-31 11:26:58] <flelsi71> !sens
[2022-12-31 11:26:58] <@^StreamElements> @flelsi71 0.49; zoom 1.0 [800 DPI, 1000 Hz]
[2022-12-31 11:32:19] <flelsi71> !stast
[2022-12-31 11:32:31] <flelsi71> !stats
[2022-12-31 11:32:32] <@^StreamElements> https://tracker.gg/valorant/profile/riot/Liquid%20nAts%23TATAR/overview
[2022-12-31 11:51:02] <%델리만쥬111 (delhimanju0)> !crosshair
[2022-12-31 11:51:03] <@^StreamElements> 1-2-1-2, outlines 1 or Import the code in to your settings: 0;P;c;1;o;1;f;0;0t;1;0l;2;0o;2;0a;1;0f;0;1b;0
[2022-12-31 12:04:51] <jekagomelskiy> !faq
[2022-12-31 12:04:51] <@^StreamElements> FAQ: https://clck.ru/Xs4PP
[2022-12-31 12:05:42] <jekagomelskiy> !faceit
[2022-12-31 12:05:42] <@^StreamElements> @jekagomelskiy → Faceit: faceit.com/ru/players/MrNats
[2022-12-31 12:06:20] <jekagomelskiy> !stats
[2022-12-31 12:06:20] <@^StreamElements> https://tracker.gg/valorant/profile/riot/Liquid%20nAts%23TATAR/overview
[2022-12-31 12:06:47] <jekagomelskiy> !res
[2022-12-31 12:06:47] <@^StreamElements> @jekagomelskiy 1280x960 4:3
[2022-12-31 12:07:07] <jekagomelskiy> !crosshair
[2022-12-31 12:07:07] <@^StreamElements> 1-2-1-2, outlines 1 or Import the code in to your settings: 0;P;c;1;o;1;f;0;0t;1;0l;2;0o;2;0a;1;0f;0;1b;0
[2022-12-31 12:07:21] <jekagomelskiy> !help
[2022-12-31 12:07:43] <@^StreamElements> Best agents - https://youtu.be/89Wz323hZSI
[2022-12-31 12:08:08] <jekagomelskiy> !hltv
[2022-12-31 12:08:08] <@^StreamElements> @jekagomelskiy → HLTV: hltv.org/player/15645/nAts
[2022-12-31 12:08:22] <jekagomelskiy> !inst
[2022-12-31 12:08:22] <@^StreamElements> @jekagomelskiy → Instagram: instagram.com/nats__ss
[2022-12-31 12:08:46] <jekagomelskiy> !vlr
[2022-12-31 12:08:47] <@^StreamElements> @jekagomelskiy → VLR: vlr.gg/player/457/nats
[2022-12-31 12:09:31] <jekagomelskiy> !mousepad
[2022-12-31 12:09:31] <@^StreamElements> Zowie G-SR
[2022-12-31 12:09:57] <jekagomelskiy> !mouse
[2022-12-31 12:09:57] <@^StreamElements> Zowie S2 Black Edition
[2022-12-31 12:10:10] <jekagomelskiy> !giveaway
[2022-12-31 12:10:10] <@^StreamElements> Giveaway winners: YT -> https://bit.ly/3HVU2Nm Twitter -> https://bit.ly/3YJ3pGc Insta -> https://bit.ly/3WDL0se
[2022-12-31 12:10:57] <zujy_> !crosshair
[2022-12-31 12:10:57] <@^StreamElements> 1-2-1-2, outlines 1 or Import the code in to your settings: 0;P;c;1;o;1;f;0;0t;1;0l;2;0o;2;0a;1;0f;0;1b;0
[2022-12-31 12:11:15] <jekagomelskiy> !settings
[2022-12-31 12:11:15] <@^StreamElements> @jekagomelskiy, https://youtu.be/PR5qbzFO_74
[2022-12-31 12:11:54] <jekagomelskiy> !headset
[2022-12-31 12:11:54] <@^StreamElements> HyperX Alpha Cloud S
[2022-12-31 12:12:08] <jekagomelskiy> !age
[2022-12-31 12:12:09] <@^StreamElements> 20
[2022-12-31 12:12:33] <jekagomelskiy> !panda
[2022-12-31 12:12:33] <@^StreamElements> @jekagomelskiy Name Adelya. Google "KRAMIG" if you want the same panda.
[2022-12-31 12:12:53] <jekagomelskiy> !cat
[2022-12-31 12:12:53] <@^StreamElements> @jekagomelskiy, Cat name is Chanel
[2022-12-31 12:13:07] <jekagomelskiy> !from
[2022-12-31 12:13:08] <@^StreamElements> @jekagomelskiy Kazan, Republic of Tatarstan, Russia
[2022-12-31 12:13:26] <jekagomelskiy> !nvidia
[2022-12-31 12:13:27] <@^StreamElements> 1. https://clck.ru/YuaKg 2. Color filtres - default
[2022-12-31 12:13:35] <jekagomelskiy> !pc
[2022-12-31 12:13:35] <@^StreamElements> i7-9700K 5.0 GHz, 16GB RAM 4000MHz, RTX 2060 Super
[2022-12-31 12:13:48] <jekagomelskiy> !time
[2022-12-31 12:13:48] <@^StreamElements> @jekagomelskiy GMT+3
[2022-12-31 12:14:04] <jekagomelskiy> !stretched
[2022-12-31 12:14:04] <@^StreamElements> nAts' opinion on stretched res (ENG SUBS): https://www.youtube.com/watch?v=LpzVf5mp5KI
[2022-12-31 12:14:22] <jekagomelskiy> !tall
[2022-12-31 12:14:22] <@^StreamElements> 185 cm (6'1")
[2022-12-31 12:14:43] <@^StreamElements> Youtube → http://bit.ly/2LadryD
[2022-12-31 12:14:46] <jekagomelskiy> !sleeve
[2022-12-31 12:14:47] <@^StreamElements> @jekagomelskiy Asics Volleyball Arm Sleeve
[2022-12-31 12:15:00] <jekagomelskiy> !legposition
[2022-12-31 12:15:01] <@^StreamElements> Default LUL
[2022-12-31 12:18:13] <@^StreamElements> FAQ - https://docs.google.com/document/d/1-RFy0dAsLyBak1qIefRVEPvW29TooH0y2D0Flm2jz9M
[2022-12-31 12:18:43] <@^StreamElements> Last photo - https://www.instagram.com/p/ClUCafiLIRb/?igshid=YmMyMTA2M2Y=
[2022-12-31 13:13:54] <1letss> !res
[2022-12-31 13:13:54] <@^StreamElements> @1letss 1280x960 4:3
[2022-12-31 13:19:08] <Natan_303> !crosshair
[2022-12-31 13:19:08] <@^StreamElements> 1-2-1-2, outlines 1 or Import the code in to your settings: 0;P;c;1;o;1;f;0;0t;1;0l;2;0o;2;0a;1;0f;0;1b;0
[2022-12-31 13:23:33] <snowcampbell> !monitorsetting
[2022-12-31 13:37:04] <blurryfaceR6> !sens
[2022-12-31 13:37:04] <@^StreamElements> @blurryfaceR6 0.49; zoom 1.0 [800 DPI, 1000 Hz]
[2022-12-31 13:37:08] <blurryfaceR6> !res
[2022-12-31 13:37:08] <@^StreamElements> @blurryfaceR6 1280x960 4:3
[2022-12-31 13:53:12] <avchor> !sens
[2022-12-31 13:53:12] <@^StreamElements> @avchor 0.49; zoom 1.0 [800 DPI, 1000 Hz]
[2022-12-31 13:53:23] <avchor> !res
[2022-12-31 13:53:23] <@^StreamElements> @avchor 1280x960 4:3
[2022-12-31 14:02:16] <Player8452> !res
[2022-12-31 14:02:16] <@^StreamElements> @Player8452 1280x960 4:3
[2022-12-31 14:14:13] <Carrub> !crosshair
[2022-12-31 14:14:13] <@^StreamElements> 1-2-1-2, outlines 1 or Import the code in to your settings: 0;P;c;1;o;1;f;0;0t;1;0l;2;0o;2;0a;1;0f;0;1b;0
[2022-12-31 14:48:22] <hagmeta_> !sens
[2022-12-31 14:48:22] <@^StreamElements> @hagmeta_ 0.49; zoom 1.0 [800 DPI, 1000 Hz]
[2022-12-31 14:48:34] <bladeeqzval> !res
[2022-12-31 14:48:34] <@^StreamElements> @bladeeqzval 1280x960 4:3
[2022-12-31 16:15:05] <+cinexgg> !armsleeve
[2022-12-31 16:24:10] <+SzYM3Kk011> !crosshair
[2022-12-31 16:24:10] <@^StreamElements> 1-2-1-2, outlines 1 or Import the code in to your settings: 0;P;c;1;o;1;f;0;0t;1;0l;2;0o;2;0a;1;0f;0;1b;0
[2022-12-31 16:59:52] <ex1i3> !sens
[2022-12-31 16:59:52] <@^StreamElements> @ex1i3 0.49; zoom 1.0 [800 DPI, 1000 Hz]
[2022-12-31 17:18:43] <t3ndrax> !sens
[2022-12-31 17:18:43] <@^StreamElements> @t3ndrax 0.49; zoom 1.0 [800 DPI, 1000 Hz]
[2022-12-31 17:28:49] <jasonxlao> !sens
[2022-12-31 17:28:50] <@^StreamElements> @jasonxlao 0.49; zoom 1.0 [800 DPI, 1000 Hz]
[2022-12-31 17:28:58] <jasonxlao> !crosshair
[2022-12-31 17:28:58] <@^StreamElements> 1-2-1-2, outlines 1 or Import the code in to your settings: 0;P;c;1;o;1;f;0;0t;1;0l;2;0o;2;0a;1;0f;0;1b;0
[2022-12-31 17:39:19] <SiO2nH2O> !settings
[2022-12-31 17:39:20] <@^StreamElements> @SiO2nH2O, https://youtu.be/PR5qbzFO_74
[2022-12-31 18:04:19] <snowcampbell> !monitorsettings
[2022-12-31 18:04:19] <@^StreamElements> @snowcampbell, https://youtu.be/PR5qbzFO_74
[2022-12-31 18:06:00] <mikail1412> !crosshair
[2022-12-31 18:06:00] <@^StreamElements> 1-2-1-2, outlines 1 or Import the code in to your settings: 0;P;c;1;o;1;f;0;0t;1;0l;2;0o;2;0a;1;0f;0;1b;0
[2022-12-31 18:10:02] <+rSaam> !crosshair
[2022-12-31 18:10:02] <@^StreamElements> 1-2-1-2, outlines 1 or Import the code in to your settings: 0;P;c;1;o;1;f;0;0t;1;0l;2;0o;2;0a;1;0f;0;1b;0
[2022-12-31 18:13:37] <+rSaam> !res
[2022-12-31 18:13:37] <@^StreamElements> @rSaam 1280x960 4:3
[2022-12-31 18:19:16] <+Flex_ible> !discord
[2022-12-31 18:19:17] <@^StreamElements> https://discord.gg/VRUbz55kSs
[2022-12-31 18:51:10] <pietyfilial> !sens
[2022-12-31 18:51:10] <@^StreamElements> @pietyfilial 0.49; zoom 1.0 [800 DPI, 1000 Hz]
[2022-12-31 19:09:08] <riftyzl2r2> !crosshair
[2022-12-31 19:09:08] <@^StreamElements> 1-2-1-2, outlines 1 or Import the code in to your settings: 0;P;c;1;o;1;f;0;0t;1;0l;2;0o;2;0a;1;0f;0;1b;0
[2022-12-31 19:20:07] <+EdinZ_> !crosshair
[2022-12-31 19:20:07] <@^StreamElements> 1-2-1-2, outlines 1 or Import the code in to your settings: 0;P;c;1;o;1;f;0;0t;1;0l;2;0o;2;0a;1;0f;0;1b;0
[2022-12-31 20:21:35] <M1H1CTP> !mousepad
[2022-12-31 20:21:36] <@^StreamElements> Zowie G-SR
[2022-12-31 21:16:58] <Tiedhz> !crosshair
[2022-12-31 21:16:58] <@^StreamElements> 1-2-1-2, outlines 1 or Import the code in to your settings: 0;P;c;1;o;1;f;0;0t;1;0l;2;0o;2;0a;1;0f;0;1b;0
[2022-12-31 21:18:10] <Tiedhz> !res
[2022-12-31 21:18:10] <@^StreamElements> @Tiedhz 1280x960 4:3
[2022-12-31 22:59:19] <projectarcadee> !religion
[2022-12-31 22:59:19] <@^StreamElements> @projectarcadee, Muslim
