# Log started: 2022-12-15 16:58:28 +0100
[2022-12-15 16:58:28] ~Stream offline~
[2022-12-15 16:58:28] Joining #silvervale..
[2022-12-15 16:58:28] You have joined #silvervale
[2022-12-15 17:21:09] [Notification] Vengeyyy subscribed at Tier 1. They've subscribed for 7 months!
[2022-12-15 18:43:48] <%Walefic> PPalHYPE
[2022-12-15 18:43:52] <%Walefic> !slots elisBusiness
[2022-12-15 18:43:52] <@%^StreamElements> @Walefic you got SilverCozy  | SilverCow | SilverPog  and lost your 100 nuggies SilverF
[2022-12-15 18:48:27] <%$Dusk_N13> PPalHYPE
[2022-12-15 20:13:22] <%speedking1994> PPalHYPE SilverBlankies
[2022-12-15 20:15:36] <%NoSaveData> SilverBlankies
[2022-12-15 20:32:17] <%speedking1994> !slots 1500 SilverBlankies
[2022-12-15 20:32:17] <@%^StreamElements> @speedking1994 you got SilverBlankies | SilverREE  | SilverYandere and lost your 1500 nuggies SilverF
[2022-12-15 20:36:04] <%speedking1994> !slots 1500 SilverJammies
[2022-12-15 20:36:05] <@%^StreamElements> @speedking1994 you got SilverYandere | SilverCow | SilverPog  and lost your 1500 nuggies SilverF
[2022-12-15 20:37:43] <%speedking1994> !slots 1500 SilverAyaya
[2022-12-15 20:37:43] <@%^StreamElements> @speedking1994 you got SilverYandere | SilverCow | SilverPog  and lost your 1500 nuggies SilverF
[2022-12-15 20:37:54] <%speedking1994> HACKERMAN
[2022-12-15 20:40:20] <%speedking1994> !slots 1500 SilverCozy
[2022-12-15 20:40:20] <@%^StreamElements> @speedking1994 you got SilverHeadpat | SilverYandere | SilverCow and lost your 1500 nuggies SilverF
[2022-12-15 20:42:02] <%Walefic> !slots  elisBusiness
[2022-12-15 20:42:02] <@%^StreamElements> @Walefic you got SilverCow | SilverJammies | SilverHeadpat and lost your 100 nuggies SilverF
[2022-12-15 20:42:18] <%speedking1994> wale kissaHOMIE
[2022-12-15 20:42:32] <%speedking1994> !nuggies look SilverCool
[2022-12-15 20:42:32] <@%^StreamElements> @speedking1994, speedking1994 has 221038 nuggies and is rank 13/168411 on the leaderboard.
[2022-12-15 20:43:00] <%Walefic> wtf
[2022-12-15 20:43:14] <%speedking1994> Wicked
[2022-12-15 20:43:18] <%Walefic> sheeesh breh
[2022-12-15 20:43:25] <%Walefic> speed kissaHOMIE
[2022-12-15 20:43:49] <%speedking1994> !gobble 1
[2022-12-15 20:43:49] <@%^StreamElements>* speedking1994 lost 1 nuggies in roulette and now has 221037 nuggies! SilverF
[2022-12-15 20:44:51] <%speedking1994> just 1 more win to get vip and pay my debt Prayge
[2022-12-15 20:44:52] <%Walefic> How did you get so much?? elisLUL
[2022-12-15 20:45:02] <%speedking1994> HACKERMAN PepeLaugh
[2022-12-15 20:45:09] <%Walefic> PepeLaugh shiii
[2022-12-15 20:45:39] <@%^StreamElements>* SilverHypers Want to help support my stream and get some cute merch?  http://silvervale.gg/Merch SilverHypers Check out exclusive limited Vshojo Merch here! https://store.vshojo.com/
[2022-12-15 20:45:53] <%Walefic> !nuggies
[2022-12-15 20:45:53] <@%^StreamElements> @Walefic, Walefic has 7473 nuggies and is rank 7196/168411 on the leaderboard.
[2022-12-15 20:45:59] <%Walefic> elisIsee
[2022-12-15 20:46:04] <%Walefic> !slots elisBusiness
[2022-12-15 20:46:04] <@%^StreamElements> @Walefic you got SilverCow | SilverJammies | SilverCow and lost your 100 nuggies SilverF
[2022-12-15 20:46:13] <%speedking1994> !slots 1500 SilverHeadpat
[2022-12-15 20:46:13] <@%^StreamElements> @speedking1994 you got SilverCow | SilverJammies | SilverHeadpat and lost your 1500 nuggies SilverF
[2022-12-15 20:46:24] <%Walefic> Aware 1500???
[2022-12-15 20:46:34] <%Walefic> Aware the 90k incident
[2022-12-15 20:46:41] <%speedking1994> Aware
[2022-12-15 20:47:09] <@%^StreamElements>* ✧˖°♡══✧˖°♡══✧˖°♡═◝(⁰▿⁰)◜═✧˖°♡══✧˖°♡═ TWITTER:  https://silvervale.gg/Twitter DISCORD: https://discord.gg/Silvervale YOUTUBE: http://silvervale.gg/YouTube PATREON: https://www.patreon.com/Silvervale TIKTOK: https://www.tiktok.com/@silver.vale SPOTIFY: silvervale.gg/Spotify MERCH: http://silvervale.gg/Merch ✧˖°♡══✧˖°♡══✧˖°♡═◝(⁰▿⁰)◜═✧˖°♡══✧˖°♡═
[2022-12-15 20:47:13] <%speedking1994> !gobble 1
[2022-12-15 20:47:14] <@%^StreamElements>* speedking1994 lost 1 nuggies in roulette and now has 219536 nuggies! SilverF
[2022-12-15 20:48:09] <@%^StreamElements>* SilverJammies Hey you, awesome person! If you're enjoying the stream and want to be notified when I go live next, don't forget to hit Follow! You can use these cute emotes too! SilverPetalWave SilverPetalPeek SilverPetalCozy SilverPetalLove SilverCow
[2022-12-15 20:48:25] <%Walefic> !slots elisBusiness
[2022-12-15 20:48:25] <@%^StreamElements> @Walefic you got SilverJammies | SilverAyaya  | SilverPog  and lost your 100 nuggies SilverF
[2022-12-15 20:48:33] <%speedking1994> !slots 1500 SilverPog
[2022-12-15 20:48:34] <@%^StreamElements> @speedking1994 you got SilverREE  | SilverYandere | SilverJammies and lost your 1500 nuggies SilverF
[2022-12-15 20:48:42] <%speedking1994> !gobble 1
[2022-12-15 20:48:42] <@%^StreamElements>* speedking1994 lost 1 nuggies in roulette and now has 218035 nuggies! SilverF
[2022-12-15 20:48:56] <%Walefic> Monka just stay small breh
[2022-12-15 20:49:09] <@%^StreamElements> Want your own custom icon in the chat, a bot command, or VIP? Spend your loyalty points (nuggies) that you get just from watching the stream (or gambaing in offline chat) here! https://streamelements.com/silvervale/store
[2022-12-15 20:49:36] <%speedking1994> 3 gobble losses monkaHmm
[2022-12-15 20:49:45] <%Walefic> Monka
[2022-12-15 20:50:39] <@%^StreamElements>* If you can't see these emotes SilverRave VIBE peepohappy SilverLooking , than you'll need to enable/install 7tv! You can go to their website at https://7tv.app/ to install it (including mobile). You may need to refresh/restart your browser if they don't show up after that! SilverNoted
[2022-12-15 20:51:02] <%speedking1994> !gobble 1
[2022-12-15 20:51:02] <@%^StreamElements>* speedking1994 won 1 nuggies in roulette and now has 218036 nuggies! SilverWow
[2022-12-15 20:51:13] <%speedking1994> Madge
[2022-12-15 20:51:23] <%Walefic> !gobble 1
[2022-12-15 20:51:24] <@%^StreamElements>* Walefic lost 1 nuggies in roulette and now has 7272 nuggies! SilverF
[2022-12-15 20:51:40] <%speedking1994> !slots 1500 SilverREE
[2022-12-15 20:51:40] <@%^StreamElements> @speedking1994 you got SilverBlankies | SilverCozy  | SilverCow and lost your 1500 nuggies SilverF
[2022-12-15 20:51:48] <%Walefic> !slots elisBusiness
[2022-12-15 20:51:48] <@%^StreamElements> @Walefic you got SilverYandere | SilverREE  | SilverBlankies and lost your 100 nuggies SilverF
[2022-12-15 20:53:59] <%speedking1994> !slots 1500 SilverYandere
[2022-12-15 20:53:59] <@%^StreamElements> @speedking1994 you got SilverYandere | SilverCozy  | SilverBlankies and lost your 1500 nuggies SilverF
[2022-12-15 20:54:03] <%Walefic> !slots  elisBusiness
[2022-12-15 20:54:13] <%Walefic> !slots elisBusiness
[2022-12-15 20:54:14] <@%^StreamElements> @Walefic you got SilverJammies | SilverCozy  | SilverHeadpat and lost your 100 nuggies SilverF
[2022-12-15 20:56:10] <%speedking1994> !slots veiCorpa
[2022-12-15 20:56:11] <@%^StreamElements> @speedking1994 you got SilverCozy  | SilverCozy  | SilverHeadpat and lost your 100 nuggies SilverF
[2022-12-15 20:56:19] <%Walefic> !slots  elisBusiness
[2022-12-15 20:56:19] <@%^StreamElements> @Walefic you got SilverPog  | SilverJammies | SilverREE  and lost your 100 nuggies SilverF
[2022-12-15 20:56:47] <%speedking1994> will do some 100s cause i won 4 time yesterday NODDERS
[2022-12-15 20:56:55] <%speedking1994> times*
[2022-12-15 20:57:20] <%Walefic> SilverThink
[2022-12-15 20:57:50] <%speedking1994> !gobble 1
[2022-12-15 20:57:50] <@%^StreamElements>* speedking1994 lost 1 nuggies in roulette and now has 214935 nuggies! SilverF
[2022-12-15 20:58:06] <%speedking1994> !slots rikkuCorpa
[2022-12-15 20:58:06] <@%^StreamElements> @speedking1994 you got SilverBlankies | SilverCow | SilverREE  and lost your 100 nuggies SilverF
[2022-12-15 20:58:31] <%Walefic> rikkuCorpa 🤝 rikkuCorpa speed
[2022-12-15 20:58:49] <%Walefic> !slots elisBusiness
[2022-12-15 20:58:49] <@%^StreamElements> @Walefic you got SilverJammies | SilverCow | SilverCow and lost your 100 nuggies SilverF
[2022-12-15 20:58:56] <%Walefic> SilverREE
[2022-12-15 20:58:57] <%speedking1994> rikkuFlex
[2022-12-15 20:59:06] <%Walefic> rikkuFlex
[2022-12-15 21:00:45] <%speedking1994> !slots nyannCorpa
[2022-12-15 21:00:45] <@%^StreamElements> @speedking1994 you got SilverPog  | SilverAyaya  | SilverCow and lost your 100 nuggies SilverF
[2022-12-15 21:01:13] <%Walefic> !slots renxBusiness
[2022-12-15 21:01:13] <@%^StreamElements> @Walefic you got SilverPog  | SilverREE  | SilverCow and lost your 100 nuggies SilverF
[2022-12-15 21:03:07] <%speedking1994> !slots veiCorpa
[2022-12-15 21:03:07] <@%^StreamElements> @speedking1994 you got SilverJammies | SilverJammies | SilverCozy  and lost your 100 nuggies SilverF
[2022-12-15 21:03:25] <%Walefic> !slots veiCorpa
[2022-12-15 21:03:25] <@%^StreamElements> @Walefic you got SilverPog  | SilverCow | SilverREE  and lost your 100 nuggies SilverF
[2022-12-15 21:03:50] <%speedking1994> !gobble 1
[2022-12-15 21:03:51] <@%^StreamElements>* speedking1994 lost 1 nuggies in roulette and now has 214634 nuggies! SilverF
[2022-12-15 21:04:14] <%speedking1994> Clueless gobble all
[2022-12-15 21:04:21] <%Walefic> Monka
[2022-12-15 21:04:46] <%speedking1994> PepeLaugh
[2022-12-15 21:04:48] <%Walefic> save some face and gobble like 90% PepeLaugh
[2022-12-15 21:06:26] <%Walefic> veiHmm you're at 2 gobbles rn
[2022-12-15 21:06:56] <%speedking1994> and 1 from you SilverNoted
[2022-12-15 21:07:36] <%Walefic> veiHmm true
[2022-12-15 21:07:44] <%Walefic> PepeLaugh lemme gobble real quick
[2022-12-15 21:07:54] <%speedking1994> i lost 9 in a row before Aware
[2022-12-15 21:08:05] <%Walefic> lemme see Clueless
[2022-12-15 21:08:13] <%Walefic> Clueless I'll gobble all
[2022-12-15 21:08:21] <%Walefic> !gobble all
[2022-12-15 21:08:21] <@%^StreamElements>* Walefic went all in and won 6672 nuggies PPalHYPE  they now have 13344 nuggies! PPalHYPE
[2022-12-15 21:08:24] <%Walefic> OMEGALUL
[2022-12-15 21:08:36] <%speedking1994> Smadge
[2022-12-15 21:08:45] <%Walefic> OMEGALUL Clap LMFAOOOOO
[2022-12-15 21:09:00] <%Walefic> !slots veiCorpa
[2022-12-15 21:09:00] <@%^StreamElements> @Walefic you got SilverHeadpat | SilverBlankies | SilverCow and lost your 100 nuggies SilverF
[2022-12-15 21:09:18] <%Walefic> I'm crying form laughing speed
[2022-12-15 21:09:27] <%Walefic> OMEGALUL I'm so sorry I took the win lmfaooo
[2022-12-15 21:09:42] <%speedking1994> SilverThumbsup
[2022-12-15 21:10:56] <%speedking1994> !slots veiCorpa
[2022-12-15 21:10:57] <@%^StreamElements> @speedking1994 you got SilverAyaya  | SilverPog  | SilverYandere and lost your 100 nuggies SilverF
[2022-12-15 21:13:55] <%speedking1994> !slots rikkuCorpa
[2022-12-15 21:13:55] <@%^StreamElements> @speedking1994 you got SilverJammies | SilverHeadpat | SilverPog  and lost your 100 nuggies SilverF
[2022-12-15 21:14:16] <%Walefic> !slots elisBusiness
[2022-12-15 21:14:16] <@%^StreamElements> @Walefic you got SilverJammies | SilverPog  | SilverCozy  and lost your 100 nuggies SilverF
[2022-12-15 21:15:45] <%speedking1994> !slots nyannCorpa
[2022-12-15 21:15:45] <@%^StreamElements> @speedking1994 you got SilverCow | SilverCow | SilverCow and won 10773 nuggies SilverPog
[2022-12-15 21:15:49] <%speedking1994> Aware
[2022-12-15 21:15:53] <%Walefic> Aware
[2022-12-15 21:16:20] <%Walefic> !slots 700 elisBusiness
[2022-12-15 21:16:20] <@%^StreamElements> @Walefic you got SilverAyaya  | SilverCozy  | SilverHeadpat and lost your 700 nuggies SilverF
[2022-12-15 21:16:28] <%speedking1994> !nuggies
[2022-12-15 21:16:28] <@%^StreamElements> @speedking1994, speedking1994 has 225207 nuggies and is rank 13/168416 on the leaderboard.
[2022-12-15 21:16:37] <%Walefic> SilverThink
[2022-12-15 21:16:37] <%speedking1994> Smoge
[2022-12-15 21:16:48] <%Walefic> !nuggies
[2022-12-15 21:16:53] <%Walefic> MODCHECK
[2022-12-15 21:17:09] <@%^StreamElements>* ✧˖°♡══✧˖°♡══✧˖°♡═◝(⁰▿⁰)◜═✧˖°♡══✧˖°♡═ TWITTER:  https://silvervale.gg/Twitter DISCORD: https://discord.gg/Silvervale YOUTUBE: http://silvervale.gg/YouTube PATREON: https://www.patreon.com/Silvervale TIKTOK: https://www.tiktok.com/@silver.vale SPOTIFY: silvervale.gg/Spotify MERCH: http://silvervale.gg/Merch ✧˖°♡══✧˖°♡══✧˖°♡═◝(⁰▿⁰)◜═✧˖°♡══✧˖°♡═
[2022-12-15 21:17:13] <%Walefic> !nuggies
[2022-12-15 21:17:13] <@%^StreamElements> @Walefic, Walefic has 12444 nuggies and is rank 4435/168416 on the leaderboard.
[2022-12-15 21:18:09] <@%^StreamElements>* SilverJammies Hey you, awesome person! If you're enjoying the stream and want to be notified when I go live next, don't forget to hit Follow! You can use these cute emotes too! SilverPetalWave SilverPetalPeek SilverPetalCozy SilverPetalLove SilverCow
[2022-12-15 21:18:28] <%speedking1994> !slots 300 veiCorpa
[2022-12-15 21:18:28] <@%^StreamElements> @speedking1994 you got SilverREE  | SilverPog  | SilverYandere and lost your 300 nuggies SilverF
[2022-12-15 21:18:44] <%Walefic> !slots elisBusiness
[2022-12-15 21:18:44] <@%^StreamElements> @Walefic you got SilverBlankies | SilverBlankies | SilverHeadpat and lost your 100 nuggies SilverF
[2022-12-15 21:19:09] <@%^StreamElements> Want your own custom icon in the chat, a bot command, or VIP? Spend your loyalty points (nuggies) that you get just from watching the stream (or gambaing in offline chat) here! https://streamelements.com/silvervale/store
[2022-12-15 21:21:29] <%speedking1994> !slots 300 rikkuCorpa
[2022-12-15 21:21:29] <@%^StreamElements> @speedking1994 you got SilverPog  | SilverCow | SilverAyaya  and lost your 300 nuggies SilverF
[2022-12-15 21:23:40] <%Walefic> !slots  elisBusiness
[2022-12-15 21:23:40] <@%^StreamElements> @Walefic you got SilverJammies | SilverCozy  | SilverHeadpat and lost your 100 nuggies SilverF
[2022-12-15 21:23:56] <%speedking1994> !slots 300 nyannCorpa
[2022-12-15 21:23:57] <@%^StreamElements> @speedking1994 you got SilverHeadpat | SilverCozy  | SilverCozy  and lost your 300 nuggies SilverF
[2022-12-15 21:25:42] <%speedking1994> !slots 300 veiCorpa
[2022-12-15 21:25:43] <@%^StreamElements> @speedking1994 you got SilverYandere | SilverAyaya  | SilverREE  and lost your 300 nuggies SilverF
[2022-12-15 21:26:50] <%Walefic> !slots elisBusiness
[2022-12-15 21:26:50] <@%^StreamElements> @Walefic you got SilverHeadpat | SilverPog  | SilverPog  and lost your 100 nuggies SilverF
[2022-12-15 21:28:20] <%Walefic> !slots  elisBusiness
[2022-12-15 21:28:20] <@%^StreamElements> @Walefic you got SilverCozy  | SilverBlankies | SilverBlankies and lost your 100 nuggies SilverF
[2022-12-15 21:30:07] <%The_Reaper_719> !slots
[2022-12-15 21:30:08] <@%^StreamElements> @The_Reaper_719 you got SilverJammies | SilverCow | SilverCozy  and lost your 100 nuggies SilverF
[2022-12-15 21:35:13] <%speedking1994> !slots 300 nyannCorpa
[2022-12-15 21:35:14] <@%^StreamElements> @speedking1994 you got SilverHeadpat | SilverPog  | SilverYandere and lost your 300 nuggies SilverF
[2022-12-15 21:39:25] <%Walefic> !slots elisBusiness
[2022-12-15 21:39:26] <@%^StreamElements> @Walefic you got SilverAyaya  | SilverBlankies | SilverAyaya  and lost your 100 nuggies SilverF
[2022-12-15 21:40:22] <%speedking1994> !slots 300 veiCorpa
[2022-12-15 21:40:22] <@%^StreamElements> @speedking1994 you got SilverJammies | SilverHeadpat | SilverYandere and lost your 300 nuggies SilverF
[2022-12-15 21:41:53] <%ChrisGamingNL333> SilverBlankies
[2022-12-15 21:42:07] <%Walefic> SilverPog chris
[2022-12-15 21:42:14] <%ChrisGamingNL333> wale SilverBoop
[2022-12-15 21:42:23] <%speedking1994> !slots 300 rikkuCorpa
[2022-12-15 21:42:23] <@%^StreamElements> @speedking1994 you got SilverHeadpat | SilverYandere | SilverBlankies and lost your 300 nuggies SilverF
[2022-12-15 21:42:29] <%Walefic> !slots elisBusiness
[2022-12-15 21:42:29] <@%^StreamElements> @Walefic you got SilverAyaya  | SilverBlankies | SilverJammies and lost your 100 nuggies SilverF
[2022-12-15 21:43:43] <%ghost_kat_knight> !gobble 2000
[2022-12-15 21:43:43] <@%^StreamElements>* ghost_kat_knight lost 2000 nuggies in roulette and now has 73300 nuggies! SilverF
[2022-12-15 21:44:09] <%ghost_kat_knight> !gobble 3300
[2022-12-15 21:44:31] <%Walefic> !slots  elisBusiness
[2022-12-15 21:44:32] <@%^StreamElements> @Walefic you got SilverCozy  | SilverYandere | SilverYandere and lost your 100 nuggies SilverF
[2022-12-15 21:45:39] <@%^StreamElements>* SilverHypers Want to help support my stream and get some cute merch?  http://silvervale.gg/Merch SilverHypers Check out exclusive limited Vshojo Merch here! https://store.vshojo.com/
[2022-12-15 21:45:47] <%ghost_kat_knight> !gobble 3300
[2022-12-15 21:45:47] <@%^StreamElements>* ghost_kat_knight won 3300 nuggies in roulette and now has 76600 nuggies! SilverWow
[2022-12-15 21:47:09] <@%^StreamElements>* ✧˖°♡══✧˖°♡══✧˖°♡═◝(⁰▿⁰)◜═✧˖°♡══✧˖°♡═ TWITTER:  https://silvervale.gg/Twitter DISCORD: https://discord.gg/Silvervale YOUTUBE: http://silvervale.gg/YouTube PATREON: https://www.patreon.com/Silvervale TIKTOK: https://www.tiktok.com/@silver.vale SPOTIFY: silvervale.gg/Spotify MERCH: http://silvervale.gg/Merch ✧˖°♡══✧˖°♡══✧˖°♡═◝(⁰▿⁰)◜═✧˖°♡══✧˖°♡═
[2022-12-15 21:48:19] <%speedking1994> !slots 300 nyannCorpa
[2022-12-15 21:48:20] <@%^StreamElements> @speedking1994 you got SilverCozy  | SilverHeadpat | SilverREE  and lost your 300 nuggies SilverF
[2022-12-15 21:51:23] <%speedking1994> !slots 300 veiCorpa
[2022-12-15 21:51:23] <@%^StreamElements> @speedking1994 you got SilverAyaya  | SilverAyaya  | SilverCozy  and lost your 300 nuggies SilverF
[2022-12-15 21:54:30] <%Walefic> !slots elisBusiness
[2022-12-15 21:54:30] <@%^StreamElements> @Walefic you got SilverREE  | SilverHeadpat | SilverHeadpat and lost your 100 nuggies SilverF
[2022-12-15 22:14:39] <guzman_ckg> !slots veiCorpa
[2022-12-15 22:14:39] <@%^StreamElements> @guzman_ckg you got SilverBlankies | SilverYandere | SilverBlankies and lost your 100 nuggies SilverF
[2022-12-15 22:18:44] <%+stanch76> !gobble all
[2022-12-15 22:18:44] <@%^StreamElements>* stanch76 went all in and won 70593 nuggies PPalHYPE  they now have 141186 nuggies! PPalHYPE
[2022-12-15 22:18:47] <%+stanch76> EZ Clap
[2022-12-15 22:22:08] <guzman_ckg> !slots  veiCorpa
[2022-12-15 22:22:08] <@%^StreamElements> @guzman_ckg you got SilverPog  | SilverYandere | SilverREE  and lost your 100 nuggies SilverF
[2022-12-15 22:28:12] <%speedking1994> !slots 300 rikkuCorpa
[2022-12-15 22:28:12] <@%^StreamElements> @speedking1994 you got SilverCow | SilverREE  | SilverYandere and lost your 300 nuggies SilverF
[2022-12-15 22:30:30] <guzman_ckg> !slots veiCorpa
[2022-12-15 22:30:31] <@%^StreamElements> @guzman_ckg you got SilverHeadpat | SilverCozy  | SilverAyaya  and lost your 100 nuggies SilverF
[2022-12-15 22:37:08] <%ChrisGamingNL333> peepoSleep
[2022-12-15 22:38:20] <%speedking1994> gn chris ironmouseSleep
[2022-12-15 22:38:24] <%speedking1994> !slots 300 nyannCorpa
[2022-12-15 22:38:24] <@%^StreamElements> @speedking1994 you got SilverPog  | SilverCozy  | SilverJammies and lost your 300 nuggies SilverF
[2022-12-15 22:38:34] <%ChrisGamingNL333> Speed SlimeHug
[2022-12-15 22:39:19] <%speedking1994> !slots 300 veiCorpa
[2022-12-15 22:39:25] <%speedking1994> !slots 300 rikkuCorpa
[2022-12-15 22:39:25] <@%^StreamElements> @speedking1994 you got SilverHeadpat | SilverPog  | SilverBlankies and lost your 300 nuggies SilverF
[2022-12-15 22:50:38] <%LA_Dreamzz> !gobble 500
[2022-12-15 22:50:38] <@%^StreamElements>* LA_Dreamzz lost 500 nuggies in roulette and now has 36400 nuggies! SilverF
[2022-12-15 22:50:43] <%LA_Dreamzz> !slots
[2022-12-15 22:50:43] <@%^StreamElements> @LA_Dreamzz you got SilverREE  | SilverCow | SilverYandere and lost your 100 nuggies SilverF
[2022-12-15 22:51:35] <%speedking1994> !slots 300 nyannCorpa
[2022-12-15 22:51:35] <@%^StreamElements> @speedking1994 you got SilverBlankies | SilverPog  | SilverAyaya  and lost your 300 nuggies SilverF
[2022-12-15 22:54:43] <%Walefic> !slots  elisBusiness
[2022-12-15 22:54:43] <@%^StreamElements> @Walefic you got SilverJammies | SilverHeadpat | SilverREE  and lost your 100 nuggies SilverF
[2022-12-15 22:54:55] <%speedking1994> !slots 300 veiCorpa
[2022-12-15 22:54:55] <@%^StreamElements> @speedking1994 you got SilverJammies | SilverBlankies | SilverCow and lost your 300 nuggies SilverF
[2022-12-15 22:56:27] <guzman_ckg> !slots  veiCorpa
[2022-12-15 22:56:27] <@%^StreamElements> @guzman_ckg you got SilverHeadpat | SilverAyaya  | SilverAyaya  and lost your 100 nuggies SilverF
[2022-12-15 22:59:34] <%speedking1994> !slots 300 rikkuCorpa
[2022-12-15 22:59:35] <@%^StreamElements> @speedking1994 you got SilverJammies | SilverCozy  | SilverYandere and lost your 300 nuggies SilverF
[2022-12-15 23:06:57] <guzman_ckg> !slots veiCorpa
[2022-12-15 23:06:57] <@%^StreamElements> @guzman_ckg you got SilverAyaya  | SilverYandere | SilverREE  and lost your 100 nuggies SilverF
[2022-12-15 23:12:14] <%LA_Dreamzz> !gobble 100
[2022-12-15 23:12:14] <@%^StreamElements>* LA_Dreamzz won 100 nuggies in roulette and now has 36400 nuggies! SilverWow
[2022-12-15 23:12:22] <%LA_Dreamzz> !slots
[2022-12-15 23:12:22] <@%^StreamElements> @LA_Dreamzz you got SilverBlankies | SilverJammies | SilverBlankies and lost your 100 nuggies SilverF
[2022-12-15 23:12:32] <%LA_Dreamzz> Madge
[2022-12-15 23:15:51] <%Walefic> !slots elisBusiness
[2022-12-15 23:16:00] <%Walefic> veiStare
[2022-12-15 23:16:02] <%Walefic> !slots elisBusiness
[2022-12-15 23:16:13] <%Walefic> Rage
[2022-12-15 23:17:09] <@%^StreamElements>* ✧˖°♡══✧˖°♡══✧˖°♡═◝(⁰▿⁰)◜═✧˖°♡══✧˖°♡═ TWITTER:  https://silvervale.gg/Twitter DISCORD: https://discord.gg/Silvervale YOUTUBE: http://silvervale.gg/YouTube PATREON: https://www.patreon.com/Silvervale TIKTOK: https://www.tiktok.com/@silver.vale SPOTIFY: silvervale.gg/Spotify MERCH: http://silvervale.gg/Merch ✧˖°♡══✧˖°♡══✧˖°♡═◝(⁰▿⁰)◜═✧˖°♡══✧˖°♡═
[2022-12-15 23:43:08] <%speedking1994> !slots 300 veiCorpa
[2022-12-15 23:43:08] <@%^StreamElements> @speedking1994 you got SilverYandere | SilverBlankies | SilverAyaya  and lost your 300 nuggies SilverF
[2022-12-15 23:43:49] <%Walefic> !slots veiCorpa
[2022-12-15 23:43:49] <@%^StreamElements> @Walefic you got SilverCow | SilverCozy  | SilverJammies and lost your 100 nuggies SilverF
[2022-12-15 23:45:01] <%Zimty__> !slots 200 SilverBlankies
[2022-12-15 23:45:02] <@%^StreamElements> @Zimty__ you got SilverHeadpat | SilverJammies | SilverBlankies and lost your 200 nuggies SilverF
[2022-12-15 23:45:22] <%speedking1994> zimy kissaHOMIE
[2022-12-15 23:45:30] <%Zimty__> speed kissaHOMIE
[2022-12-15 23:45:39] <@%^StreamElements>* SilverHypers Want to help support my stream and get some cute merch?  http://silvervale.gg/Merch SilverHypers Check out exclusive limited Vshojo Merch here! https://store.vshojo.com/
[2022-12-15 23:47:09] <@%^StreamElements>* ✧˖°♡══✧˖°♡══✧˖°♡═◝(⁰▿⁰)◜═✧˖°♡══✧˖°♡═ TWITTER:  https://silvervale.gg/Twitter DISCORD: https://discord.gg/Silvervale YOUTUBE: http://silvervale.gg/YouTube PATREON: https://www.patreon.com/Silvervale TIKTOK: https://www.tiktok.com/@silver.vale SPOTIFY: silvervale.gg/Spotify MERCH: http://silvervale.gg/Merch ✧˖°♡══✧˖°♡══✧˖°♡═◝(⁰▿⁰)◜═✧˖°♡══✧˖°♡═
[2022-12-15 23:48:09] <@%^StreamElements>* SilverJammies Hey you, awesome person! If you're enjoying the stream and want to be notified when I go live next, don't forget to hit Follow! You can use these cute emotes too! SilverPetalWave SilverPetalPeek SilverPetalCozy SilverPetalLove SilverCow
[2022-12-15 23:50:07] <%Zimty__> !slots 200 SNOWANGEL
[2022-12-15 23:50:07] <@%^StreamElements> @Zimty__ you got SilverHeadpat | SilverCozy  | SilverPog  and lost your 200 nuggies SilverF
[2022-12-15 23:50:20] <%Walefic> !slots  veiCorpa
[2022-12-15 23:50:21] <@%^StreamElements> @Walefic you got SilverAyaya  | SilverBlankies | SilverPog  and lost your 100 nuggies SilverF
[2022-12-15 23:50:25] <%speedking1994> !nuggies Zimty__
[2022-12-15 23:50:25] <@%^StreamElements> @speedking1994, Zimty__ has 8496 nuggies and is rank 6369/168436 on the leaderboard.
[2022-12-15 23:50:31] <%speedking1994> OILER
[2022-12-15 23:50:36] <%Zimty__> !nuggies speedking1994
[2022-12-15 23:50:37] <%Walefic> !nuggies
[2022-12-15 23:50:42] <%Walefic> erm
[2022-12-15 23:50:49] <%speedking1994> Sadge im poor
[2022-12-15 23:50:50] <%Walefic> zimty kissaHOMIE
[2022-12-15 23:50:58] <%Walefic> speed it defo poor
[2022-12-15 23:51:02] <%Zimty__> Wale kissaHOMIE
[2022-12-15 23:51:04] <%Zimty__> !nuggies speedking1994
[2022-12-15 23:51:05] <@%^StreamElements> @Zimty__, speedking1994 has 220407 nuggies and is rank 13/168436 on the leaderboard.
[2022-12-15 23:51:10] <%speedking1994> SilverCool
[2022-12-15 23:51:11] <%Zimty__> wot
[2022-12-15 23:51:13] <%Walefic> still working on trying to pay me back Sadge
[2022-12-15 23:51:29] <%Walefic> !nuggies
[2022-12-15 23:51:37] <%Walefic> veiStare bot...
[2022-12-15 23:51:55] <%Walefic> !gobble 1
[2022-12-15 23:51:55] <@%^StreamElements>* Walefic lost 1 nuggies in roulette and now has 22116 nuggies! SilverF
[2022-12-15 23:52:12] <%speedking1994> !slots 300 nyannCorpa
[2022-12-15 23:52:12] <@%^StreamElements> @speedking1994 you got SilverJammies | SilverYandere | SilverPog  and lost your 300 nuggies SilverF
[2022-12-15 23:55:39] <%Zimty__> !slots 200 SilverBlankies
[2022-12-15 23:55:39] <@%^StreamElements> @Zimty__ you got SilverAyaya  | SilverREE  | SilverJammies and lost your 200 nuggies SilverF
[2022-12-15 23:56:16] <%Walefic> !slots veiCorpa
[2022-12-15 23:56:16] <@%^StreamElements> @Walefic you got SilverCozy  | SilverPog  | SilverBlankies and lost your 100 nuggies SilverF
[2022-12-15 23:56:39] <@%^StreamElements>* If you can't see these emotes SilverRave VIBE peepohappy SilverLooking , than you'll need to enable/install 7tv! You can go to their website at https://7tv.app/ to install it (including mobile). You may need to refresh/restart your browser if they don't show up after that! SilverNoted
[2022-12-15 23:57:39] <%speedking1994> !slots 300 veiCorpa
[2022-12-15 23:57:40] <@%^StreamElements> @speedking1994 you got SilverPog  | SilverJammies | SilverYandere and lost your 300 nuggies SilverF
[2022-12-15 23:59:49] <%Zimty__> !slots 200 SNOWANGEL
[2022-12-15 23:59:49] <@%^StreamElements> @Zimty__ you got SilverAyaya  | SilverCozy  | SilverHeadpat and lost your 200 nuggies SilverF
