# Log started: 2022-12-10 00:29:14 +0100
[2022-12-10 00:29:14] ~Stream offline~
[2022-12-10 00:29:14] Joining #castro_1021..
[2022-12-10 00:29:14] You have joined #castro_1021
[2022-12-10 00:38:14] <%+BlazingOGkush99> vamosNODDERS
[2022-12-10 00:42:11] <%OG121Nava> vamosSmash
[2022-12-10 00:56:27] <+troy__20> !freepack
[2022-12-10 00:56:27] <@^StreamElements> https://gaming.amazon.com/loot/fifa23?ingress=twch&ref_=SM_F23_P1_CRWN
[2022-12-10 01:03:27] [Notification] Tachu310_ subscribed with Prime. They've subscribed for 61 months!
[2022-12-10 02:23:26] <%6meIo> hello
[2022-12-10 03:24:59] <%benyto12> !viewtime
[2022-12-10 03:24:59] <@^StreamElements> benyto12 has spent  10 hours 10 mins watching castro_1021
[2022-12-10 06:00:09] [Notification] fenomenoo subscribed at Tier 1. They've subscribed for 47 months!
[2022-12-10 06:54:41] <+yardyfut> !discord
[2022-12-10 06:54:41] <@^StreamElements> Join Castro's Community Discord. Remember to Connect Twitch in settings for Sub Perks https://discord.gg/HmVUNxn
[2022-12-10 11:28:35] <joshuamorley9906> !twitter
[2022-12-10 11:28:35] <@^StreamElements> CASTRO'S TWITTER https://twitter.com/Castro1021
[2022-12-10 12:40:01] <%2Good5You> batPls
[2022-12-10 13:17:54] <purked_> !settings
[2022-12-10 13:17:54] <@^StreamElements> Castro's new gen Fifa settings: https://clips.twitch.tv/FuriousTenuousSeahorseKappaPride-q6KSBHGO5GQgtKYV
[2022-12-10 13:28:54] <%arian_mm64> <3 <3 <3
[2022-12-10 13:49:33] <iDontConcur> is castro streaming today?
[2022-12-10 13:52:58] <%stardust_19_> hellloooo castroooooo
[2022-12-10 14:55:50] <sirYakuzaa> penaldo is in the bench
[2022-12-10 15:49:30] <@%$Simon_lionshield_17> CastroWeird
[2022-12-10 15:49:51] <%stardust_19_> vamosOof vamosOof vamosOof vamosOof vamosOof
[2022-12-10 15:50:06] <@%$Simon_lionshield_17> CastroWeird
[2022-12-10 15:54:19] <%stardust_19_> vamosGriddy vamosGriddy vamosGriddy vamosGriddy vamosGriddy
[2022-12-10 15:54:37] <%stardust_19_> No BOZO No PARTY
[2022-12-10 16:15:32] [Notification] alanedwards97 subscribed at Tier 1. They've subscribed for 7 months!
[2022-12-10 16:44:52] [Notification] xDrumkeyz subscribed with Prime. They've subscribed for 12 months! [vamosNODDERS vamosNODDERS]
[2022-12-10 16:56:20] [Notification] zachseab subscribed with Prime. They've subscribed for 10 months!
# Log started: 2022-12-10 18:53:09 +0100
[2022-12-10 18:53:09] ~Stream offline~
[2022-12-10 18:53:09] Joining #castro_1021..
[2022-12-10 18:53:09] You have joined #castro_1021
[2022-12-10 19:45:27] <Winterfell_in> PENALDO LULW
[2022-12-10 19:57:04] <+SAYOEX> PENALDO LULW
[2022-12-10 20:12:57] <%+EdwinsAliens> PENALDO LULW
[2022-12-10 20:16:35] [Notification] Thunespurs subscribed at Tier 1. They've subscribed for 30 months!
[2022-12-10 20:21:13] <avitanlive> !viewage
[2022-12-10 20:28:54] <%+EdwinsAliens> !howlong
[2022-12-10 20:28:55] <@^StreamElements> @EdwinsAliens, edwinsaliens has been following castro_1021 for  2 years 6 months
[2022-12-10 20:29:10] <%+EdwinsAliens> !howlong[
[2022-12-10 20:29:14] <%+EdwinsAliens> !howlong
[2022-12-10 20:29:14] <@^StreamElements> @EdwinsAliens, edwinsaliens has been following castro_1021 for  2 years 6 months
[2022-12-10 20:40:04] <%+EdwinsAliens> !howlong
[2022-12-10 20:40:05] <@^StreamElements> @EdwinsAliens, edwinsaliens has been following castro_1021 for  2 years 6 months 1 hour
[2022-12-10 20:55:20] <sergiogt408> Hey chat can someone help me?
[2022-12-10 20:56:22] <%NEWOAH221> ?
[2022-12-10 21:38:27] <+SAYOEX> PENGLAND LULW
[2022-12-10 22:01:17] <Gramaticka_policie> yees, Its coming home :)
[2022-12-10 22:02:39] <%+EdwinsAliens> KEKBye england
[2022-12-10 22:07:01] <joshuamorley9906> !twitter
[2022-12-10 22:07:01] <@^StreamElements> CASTRO'S TWITTER https://twitter.com/Castro1021
[2022-12-10 22:15:59] <%+oAJRJ> is he streamin
[2022-12-10 22:19:21] <+SAYOEX> KEKBye england
[2022-12-10 22:19:51] <%+oAJRJ> wot
[2022-12-10 22:20:13] <%+oAJRJ> Harry the penalty misser
[2022-12-10 22:20:24] <%+oAJRJ> is fastro streamin soon tho
[2022-12-10 22:25:01] <+SAYOEX> FATSRO BETTER STREAM BRUH 😐
[2022-12-10 22:25:28] <%+oAJRJ> part time streamer
[2022-12-10 22:38:44] [Notification] POW3RHORSE subscribed with Prime. They've subscribed for 43 months! [jknb]
