# Log started: 2022-12-07 17:32:58 +0100
[2022-12-07 17:32:58] ~🔴DROPS🔴 !FARUZAN IS OP (Genshin Impact)~
[2022-12-07 17:32:58] Joining #tenha..
[2022-12-07 17:32:58] VIEWERS: 702
[2022-12-07 17:32:58] You have joined #tenha
[2022-12-07 17:33:03] <%allexus18> HutaoVeryPog
[2022-12-07 17:33:03] <RukaKat> oo
[2022-12-07 17:33:08] <@%^Nightbot> If you want to see Tenha's stats, you can type !(character's name).
[2022-12-07 17:33:10] <bonescrusher> HutaoVeryPog
[2022-12-07 17:33:12] <%doctorkold> @iiiiichiiiii HutaoVeryPog
[2022-12-07 17:33:30] <%11WMango> HutaoVeryPog
[2022-12-07 17:33:33] <%11WMango> xdd
[2022-12-07 17:33:35] <%shirolovecandy> monkaE they found me  peepoRun
[2022-12-07 17:33:36] <%exosgoddess> OPPA
[2022-12-07 17:33:45] <%iiiiichiiiii> https://twitter.com/001Kanta/status/1600296509668347904?s=20&t=r2X--UYKAmI9_q8VEgWOug oh shit it's already reached BOOBA
[2022-12-07 17:33:48] <+Hoezell> change character lmao
[2022-12-07 17:33:56] <%shirolovecandy> BOOBA
[2022-12-07 17:34:07] <@%^Nightbot> Get you or a loved one an amazing game this holiday season for the ArcSystemWorks Black Friday sale running from November 18th to the 29th! Check it out here: https://arcsystemworks.com/black-friday-sales-2022/
[2022-12-07 17:34:34] <%allexus18> BOOBA
[2022-12-07 17:34:36] <%exosgoddess> the gov isn't looking anymore? jamm
[2022-12-07 17:34:48] <%shirolovecandy> monaAss https://pbs.twimg.com/media/FjYfdj6WAAEhbW6?format=jpg&name=large
[2022-12-07 17:34:48] <%exosgoddess> peepoComfy  Wankge
[2022-12-07 17:34:51] <ussamae7z> the only thing i hate this game is time consuming
[2022-12-07 17:35:03] <%$clonetech> so when you gonna fight me PepeLa
[2022-12-07 17:35:10] <@%^Nightbot> If you want to see Tenha's stats, you can type !(character's name).
[2022-12-07 17:35:13] <Boonslayer> No, but some others will have challenges you have to complete.
[2022-12-07 17:35:13] <%11WMango> F2PBTW
[2022-12-07 17:35:16] <%doctorkold> clonetech needs ass whooping PauseChamp
[2022-12-07 17:35:16] <%DrezBolt> then dont play
[2022-12-07 17:35:29] <%$clonetech> @doctorkold Clueless
[2022-12-07 17:35:32] <%exosgoddess> SURELY not fischl
[2022-12-07 17:35:38] <ussamae7z> n prince
[2022-12-07 17:35:38] <%doctorkold> @doctorkold did you grind already ? KEKL
[2022-12-07 17:35:42] <%shirolovecandy> Clueless
[2022-12-07 17:35:45] <Boonslayer> That's the 2nd, Sucrose was the first.
[2022-12-07 17:35:54] <%11WMango> cum
[2022-12-07 17:35:54] <%doctorkold> look at the little hat on the cat
[2022-12-07 17:35:56] <%exosgoddess> cum
[2022-12-07 17:35:58] <@%KiddoKimi> cum
[2022-12-07 17:36:00] <%shirolovecandy> cum
[2022-12-07 17:36:05] <%doctorkold> cum
[2022-12-07 17:36:08] <@%^Nightbot> Get you or a loved one an amazing game this holiday season for the ArcSystemWorks Black Friday sale running from November 18th to the 29th! Check it out here: https://arcsystemworks.com/black-friday-sales-2022/
[2022-12-07 17:36:08] <minhngoc25a> in tcg settings you can turn on show card text when opponent plays card
[2022-12-07 17:36:08] <%iiiiichiiiii> https://twitter.com/Genshinmem/status/1600177151151464461?s=20&t=r2X--UYKAmI9_q8VEgWOug KEKWait
[2022-12-07 17:36:12] <%doctorkold> WHO IS THAT WideHardo
[2022-12-07 17:36:15] <Grethlin> a Private "Game"
[2022-12-07 17:36:22] <%Hisham1761> fischl Wokege peepoArrive cum
[2022-12-07 17:36:30] <%doctorkold> @Hisham1761 WTFF
[2022-12-07 17:36:33] <%lex0rd> HutaoVeryPoh
[2022-12-07 17:36:33] <%$clonetech> i wonder who is that speaking Danki
[2022-12-07 17:36:36] <%lex0rd> OHNO
[2022-12-07 17:36:38] <%aeatheria> private room Suskayge
[2022-12-07 17:36:39] <%shirolovecandy> AWOKEGE
[2022-12-07 17:36:43] <venti123_> New Code XBRSDNF6BP4R
[2022-12-07 17:36:44] <%lex0rd> HutaoVeryPog
[2022-12-07 17:36:45] <%doctorkold> Wokege
[2022-12-07 17:36:47] <%Hisham1761> @doctorkold Weirdge
[2022-12-07 17:36:53] <Grethlin> a private "game" in the champange room
[2022-12-07 17:36:59] <%doctorkold> @Hisham1761 pepeW
[2022-12-07 17:37:06] <Boonslayer> Fischl does have card game rival energy, ngl
[2022-12-07 17:37:06] <@%^Nightbot> Join the discord to hang out with 420 people! there are 69 active chatters right now! https://discord.gg/CcP6RfA
[2022-12-07 17:37:22] <%exosgoddess> i spam left click like my life depends on it when fischl talks
[2022-12-07 17:37:23] <%lex0rd> ok Fishcl
[2022-12-07 17:37:28] <%iiiiichiiiii> https://twitter.com/Hinaki0102/status/1600395039724957697?s=20&t=r2X--UYKAmI9_q8VEgWOug don't you like yelan in anything AhYes LICKA SNIFFA
[2022-12-07 17:37:32] <Chotovaiborovai> I miss my life before gacha games.
[2022-12-07 17:37:34] <%doctorkold> @exosgoddess why KEKL
[2022-12-07 17:37:37] <%akibu99> its time to duel YEP
[2022-12-07 17:38:00] <%lex0rd> OHNO bouken
[2022-12-07 17:38:02] <%doctorkold> the klee card SoCute
[2022-12-07 17:38:07] <Chotovaiborovai> which free loads off you
[2022-12-07 17:38:09] <%exosgoddess> @doctorkold i can't stand the way she talks and sounds i dunno sorry KEKL
[2022-12-07 17:38:16] <%doctorkold> @exosgoddess KEKL
[2022-12-07 17:38:24] <%iiiiichiiiii> that xiao card is literally dark hole card KEKW
[2022-12-07 17:38:25] <minionrin> LMAOO
[2022-12-07 17:38:28] <%iiiiichiiiii> NOPERS
[2022-12-07 17:38:32] <%Hisham1761> GACHA
[2022-12-07 17:38:35] <%$clonetech> like gouba and  oz
[2022-12-07 17:38:35] <%doctorkold> i dont think summons are a thing yet
[2022-12-07 17:38:36] <Grethlin> Sucrose Ult is a summon
[2022-12-07 17:38:36] <Boonslayer> Fischl has summons, keep the summon pop.
[2022-12-07 17:38:40] <Boonslayer> Swap the Paimon.
[2022-12-07 17:38:43] <Grethlin> Oz is a summon
[2022-12-07 17:38:44] <+Twitch001> tbh this game mode is meh NOPERS
[2022-12-07 17:38:51] <%$clonetech> summons are like OZ / gouba and such
[2022-12-07 17:38:51] <Julienne143> tenha kamuka mo si shangchi
[2022-12-07 17:38:51] <%iiiiichiiiii> sucrose ult, oz, guoba, ganyu ult is summons
[2022-12-07 17:38:52] <ninedeathsdark> hello o/
[2022-12-07 17:38:57] DELETED: Julienne143 (tenha kamuka mo si shangchi)
[2022-12-07 17:39:03] <%shirolovecandy> Cheergi oppa https://pbs.twimg.com/media/FjUBcUPWABAaQjG?format=jpg&name=medium
[2022-12-07 17:39:12] <%iiiiichiiiii> BOOBA
[2022-12-07 17:39:21] <Julienne143> what happen
[2022-12-07 17:39:24] <%11WMango> BOOBA
[2022-12-07 17:39:41] <%iiiiichiiiii> pls win mr tenha, YaeVeryPog is waiting for you https://twitter.com/Komi_AItest/status/1600293527644405760?s=20&t=r2X--UYKAmI9_q8VEgWOug
[2022-12-07 17:39:49] <%doctorkold> oh summons are a thing KEKWait she didnt use it against me
[2022-12-07 17:39:50] <%doctorkold> my bad
[2022-12-07 17:39:52] <Boonslayer> That's why Paimon's bad.
[2022-12-07 17:39:59] <bonescrusher> HutaoVeryPog
[2022-12-07 17:40:01] <%shirolovecandy> dookdookdance dookdookdance dookdookdance dookdookdance
[2022-12-07 17:40:01] <%11WMango> YaeVeryPog
[2022-12-07 17:40:04] <%shirolovecandy> tenhaPopcorn
[2022-12-07 17:40:12] <@%^Nightbot> If you want to see Tenha's stats, you can type !(character's name).
[2022-12-07 17:40:17] <%doctorkold> lul
[2022-12-07 17:40:18] <ussamae7z> that tboun is so strong
[2022-12-07 17:40:21] <bonescrusher> KEKW
[2022-12-07 17:40:24] <%shirolovecandy> @doctorkold Suski
[2022-12-07 17:40:25] <%11WMango> xdd
[2022-12-07 17:40:25] <%exosgoddess> KEKW
[2022-12-07 17:40:35] <%doctorkold> @shirolovecandy Danki
[2022-12-07 17:40:35] <%shirolovecandy> xdd
[2022-12-07 17:40:36] <+xsilent_24> KEKW
[2022-12-07 17:41:04] <Grethlin> Her Ult is OP for this
[2022-12-07 17:41:07] <@%^Nightbot> Get you or a loved one an amazing game this holiday season for the ArcSystemWorks Black Friday sale running from November 18th to the 29th! Check it out here: https://arcsystemworks.com/black-friday-sales-2022/
[2022-12-07 17:41:14] <%exosgoddess> YaeVeryPog
[2022-12-07 17:41:20] <mankohole69> in 1 d
[2022-12-07 17:41:23] <%shirolovecandy> YaeVeryPog
[2022-12-07 17:41:26] <bonescrusher> YaeVeryPog
[2022-12-07 17:41:31] <Boonslayer> Some strategies want it, but it's useless in the starter deck (the artifact swap)
[2022-12-07 17:41:35] <%exosgoddess> YES
[2022-12-07 17:41:41] <%exosgoddess> OhYes
[2022-12-07 17:41:47] <%11WMango> OhYes
[2022-12-07 17:41:48] <%shirolovecandy> OhYes catDisco
[2022-12-07 17:41:57] <%everlasting2402> this tcg make my head hurt. I only play genshin for mommy characters KEKW
[2022-12-07 17:41:58] <%exosgoddess> OhYes catDisco
[2022-12-07 17:42:31] <%iiiiichiiiii> although it's hard, the art for the cards in tcg is very POGCRAZY
[2022-12-07 17:42:36] <%shirolovecandy> hutaoMarch
[2022-12-07 17:42:48] <allexus18> OhYes
[2022-12-07 17:42:57] <%aeatheria> yeah paimon is op af xdd
[2022-12-07 17:43:02] <%iiiiichiiiii> this is also POGMILFKERS https://twitter.com/uwu_waifu_laifu/status/1600168122580877313?s=20&t=r2X--UYKAmI9_q8VEgWOug
[2022-12-07 17:43:25] <%shirolovecandy> @iiiiichiiiii Binoculars
[2022-12-07 17:43:29] <%exosgoddess> KEKL
[2022-12-07 17:43:32] <%shirolovecandy> KEKW
[2022-12-07 17:43:59] <%Hisham1761> i am eating melted chocolate peepoFat
[2022-12-07 17:44:15] <%exosgoddess> om
[2022-12-07 17:44:19] <Jay_s_77> this is worse to watch than play lol
[2022-12-07 17:44:34] <Grethlin> it's a summon
[2022-12-07 17:44:36] <%11WMango> SUCC
[2022-12-07 17:44:50] <%shirolovecandy> @hisham1761 can I get some too peepoShy
[2022-12-07 17:45:04] <Zcheio> i miss when yugioh was this slow LUL
[2022-12-07 17:45:09] <%shirolovecandy> tenhaPopcorn
[2022-12-07 17:45:18] <%Hisham1761> @shirolovecandy OkayChamping LICKA together
[2022-12-07 17:45:20] <%doctorkold> @Zcheio i love yu gi oh back in the day YES
[2022-12-07 17:45:24] <%doctorkold> loved"
[2022-12-07 17:45:26] <%exosgoddess> @Hisham1761 I'm eating regular hard chocolate peepoFat
[2022-12-07 17:45:39] <%DrezBolt> swirl
[2022-12-07 17:45:39] <%aeatheria> cause of swirl
[2022-12-07 17:45:40] <%shirolovecandy> @hisham1761 lickL
[2022-12-07 17:45:40] <ianfinn> swirl
[2022-12-07 17:45:41] <%doctorkold> succrose ok
[2022-12-07 17:45:45] <lumifps_> swirls
[2022-12-07 17:45:45] <Exmerald> swirl
[2022-12-07 17:45:45] <%aeatheria> sucrose is good af
[2022-12-07 17:45:47] <Grethlin> Sucrose is OP
[2022-12-07 17:45:49] <Jay_s_77> swirl
[2022-12-07 17:45:50] <Au009> swirl
[2022-12-07 17:45:53] <Grethlin> SWORL
[2022-12-07 17:45:54] <%11WMango> ok
[2022-12-07 17:45:57] <%Hisham1761> @exosgoddess hard choco DansChamp
[2022-12-07 17:45:59] <%doctorkold> yes
[2022-12-07 17:46:10] <%doctorkold> you swirl if cards have element
[2022-12-07 17:46:19] <%exosgoddess> @Hisham1761 i like it hard Clueless shyjj
[2022-12-07 17:46:20] <ianfinn> -1 for swirl -2 for balls burst
[2022-12-07 17:46:43] <%Hisham1761> @exosgoddess PogO
[2022-12-07 17:46:50] <Grethlin> Does Tenha even play Genshin?
[2022-12-07 17:46:51] <%doctorkold> beat up oz ? PauseChamp
[2022-12-07 17:46:54] <%exosgoddess> and choco too
[2022-12-07 17:46:58] <Grethlin> doesn't know how characters work
[2022-12-07 17:46:59] <%shirolovecandy> peepoTalk
[2022-12-07 17:47:27] <bonescrusher> Broken da broken
[2022-12-07 17:48:08] <@%^Nightbot> If you want to see Tenha's stats, you can type !(character's name).
[2022-12-07 17:48:23] <%aeatheria> Clueless
[2022-12-07 17:48:28] <%exosgoddess> Clueless
[2022-12-07 17:48:30] <%shirolovecandy> Clueless PepeLa
[2022-12-07 17:48:31] <rrainbowwwww> are doing some coop tcg games with viewers later?
[2022-12-07 17:48:36] <%kinohara_kossuta> Clueless PepeLa
[2022-12-07 17:48:37] <%$clonetech> buy characters Clueless
[2022-12-07 17:48:45] <%shirolovecandy> it’s time ElNoSabe
[2022-12-07 17:49:05] <@%^Nightbot> Get you or a loved one an amazing game this holiday season for the ArcSystemWorks Black Friday sale running from November 18th to the 29th! Check it out here: https://arcsystemworks.com/black-friday-sales-2022/
[2022-12-07 17:49:19] <%doctorkold> KEKL
[2022-12-07 17:49:23] <%lex0rd> peepoTalk
[2022-12-07 17:49:23] <ianfinn> OMEGADANCE
[2022-12-07 17:49:28] <@%KiddoKimi> AYAYA
[2022-12-07 17:49:28] <Zcheio> true LUL
[2022-12-07 17:49:33] <@%KiddoKimi> lores Nerdge
[2022-12-07 17:49:43] <ianfinn> Meow
[2022-12-07 17:49:43] <%aeatheria> meow
[2022-12-07 17:49:49] <%11WMango> Meow
[2022-12-07 17:49:49] <%exosgoddess> tenhaGaasm  https://pbs.twimg.com/media/FjXMqpUVIAENdLG?format=jpg&name=large prettyy
[2022-12-07 17:49:49] <@%KiddoKimi> Meow
[2022-12-07 17:49:49] <%doctorkold> Meow
[2022-12-07 17:49:49] <%aeatheria> Meow
[2022-12-07 17:49:50] <Kisty1> miau
[2022-12-07 17:49:54] <%shirolovecandy> Meow
[2022-12-07 17:49:54] <Au009> Meow
[2022-12-07 17:50:05] <%exosgoddess> Meow
[2022-12-07 17:50:06] <%doctorkold> POGCRAZY
[2022-12-07 17:50:07] <%doctorkold> meta OHNO
[2022-12-07 17:50:10] <Boonslayer> You get characters from the bulletin board.
[2022-12-07 17:50:11] <@%^Nightbot> If you want to see Tenha's stats, you can type !(character's name).
[2022-12-07 17:50:12] <%Hisham1761> i agree with Meow
[2022-12-07 17:50:14] <Grethlin> Cat butthole on bar
[2022-12-07 17:50:18] <%$clonetech> NOPERS now u 1v1 me
[2022-12-07 17:50:24] <%doctorkold> @Grethlin KEKWait
[2022-12-07 17:50:32] <%aeatheria> @clonetech NOPERS
[2022-12-07 17:50:34] <Jay_s_77> gift shop has challenges
[2022-12-07 17:50:42] <%doctorkold> @clonetech NOPERS
[2022-12-07 17:50:45] <%aeatheria> what level are you @clonetech PepoThink
[2022-12-07 17:50:51] <%shirolovecandy> @clonetech NOPE
[2022-12-07 17:50:57] <%$clonetech> @aeatheria 69 im only lvl 2
[2022-12-07 17:50:59] <ianfinn> pogg
[2022-12-07 17:51:07] <%doctorkold> @aeatheria Susge
[2022-12-07 17:51:07] <@^StreamElements> ඞ
[2022-12-07 17:51:08] <@%^Nightbot> Get you or a loved one an amazing game this holiday season for the ArcSystemWorks Black Friday sale running from November 18th to the 29th! Check it out here: https://arcsystemworks.com/black-friday-sales-2022/
[2022-12-07 17:51:12] <%aeatheria> @aeatheria I see PepoThink
[2022-12-07 17:51:18] <%$clonetech> check the board to left Okayge
[2022-12-07 17:51:22] <%exosgoddess> shopping peepoSit
[2022-12-07 17:51:29] <%shirolovecandy> peepoShit
[2022-12-07 17:51:45] <%exosgoddess> @shirolovecandy KEKL
[2022-12-07 17:51:51] <%11WMango> @shirolovecandy ok
[2022-12-07 17:51:59] <%shirolovecandy> @exosgoddess PepegaChat
[2022-12-07 17:52:01] <Grethlin> yes basically all the cards mirror the actual items/characters
[2022-12-07 17:52:04] <%doctorkold> they all look very good ok
[2022-12-07 17:52:06] <Zcheio> in the board
[2022-12-07 17:52:07] <@%^Nightbot> Join the discord to hang out with 420 people! there are 69 active chatters right now! https://discord.gg/CcP6RfA
[2022-12-07 17:52:10] <Kisty1> Mirror maiden??
[2022-12-07 17:52:12] <%aeatheria> GIGACHAD lawachurl
[2022-12-07 17:52:15] <%$clonetech> those are skins KEKW
[2022-12-07 17:52:19] <%shirolovecandy> peepoSit
[2022-12-07 17:52:19] <%$clonetech> ElNoSabe
[2022-12-07 17:52:20] <Au009> this is skin Clueless
[2022-12-07 17:52:23] <%doctorkold> 4k ok
[2022-12-07 17:52:29] <Grethlin> Shiny Cards
[2022-12-07 17:52:32] <%$clonetech> characters not here xdding
[2022-12-07 17:52:36] <%aeatheria> ElNoSabe he doesnt know
[2022-12-07 17:52:40] <Boonslayer> Go to the Bulletin Board.
[2022-12-07 17:52:41] <%doctorkold> bulletin board ok
[2022-12-07 17:52:41] <%YuliaN2410> dont buy anything first
[2022-12-07 17:52:42] <%aeatheria> ElNoSabe he doesnt know ElNoSabe he doesnt know
[2022-12-07 17:52:43] <bonescrusher> ElNoSabe
[2022-12-07 17:52:44] <%$clonetech> look at board to left
[2022-12-07 17:52:48] <%11WMango> ElNoSabe
[2022-12-07 17:52:53] <%everlasting2402> go to board and invite someone to play
[2022-12-07 17:52:55] <Grethlin> Character cards you get by beating those characters
[2022-12-07 17:52:55] <%shirolovecandy> PepeLa ElNoSabe NOPE no elp
[2022-12-07 17:52:56] <Au009> ElNoSabe
[2022-12-07 17:52:57] <%NatEXP_> U have to duel with ganyu
[2022-12-07 17:53:05] <%everlasting2402> nah not 3 times
[2022-12-07 17:53:06] <%$clonetech> not 3 times
[2022-12-07 17:53:06] <Zcheio> you can check the card
[2022-12-07 17:53:07] <ianfinn> ElNoSabe
[2022-12-07 17:53:09] <%doctorkold> one letter
[2022-12-07 17:53:10] <%NatEXP_> Challenge Ganyu to dual
[2022-12-07 17:53:12] <%YuliaN2410> no u need beat them in 6 round maximum
[2022-12-07 17:53:12] <%everlasting2402> just once and if u win u got the card
[2022-12-07 17:53:13] <%aeatheria> time to invite ganyu peepoShy
[2022-12-07 17:53:13] <%lex0rd> peepoThink
[2022-12-07 17:53:16] <Boonslayer> Keqing.
[2022-12-07 17:53:16] <%$clonetech> is complete the conditions just 1 time
[2022-12-07 17:53:18] <%11WMango> xdd
[2022-12-07 17:53:23] <%$clonetech> NOPERS find out yourself
[2022-12-07 17:53:23] <ken102donnie> Ganyu attacks all enemies but is 5 cryo cost
[2022-12-07 17:53:23] <ianfinn> xdd
[2022-12-07 17:53:23] <bonescrusher> AYAYA
[2022-12-07 17:53:24] <%exosgoddess> om
[2022-12-07 17:53:27] <%everlasting2402> ganyu
[2022-12-07 17:53:28] <rrainbowwwww> keqing ganyu mona
[2022-12-07 17:53:30] <%YuliaN2410> Jebaited Jebaited Jebaited
[2022-12-07 17:53:31] <Grethlin> National
[2022-12-07 17:53:31] <monkeysaga> collect all
[2022-12-07 17:53:34] <Zcheio> click it
[2022-12-07 17:53:35] <%NatEXP_> Ganyu and Fishl comp are op
[2022-12-07 17:53:39] <baemaxgames> ganyu is good
[2022-12-07 17:53:39] <%YuliaN2410> Jebaited Jebaited Jebaited Jebaited
[2022-12-07 17:53:40] <%$clonetech> keqing actually not bad
[2022-12-07 17:53:40] <serenity446> i picked kewing
[2022-12-07 17:53:41] <%doctorkold> Keqing KEKWait
[2022-12-07 17:53:42] <+xsilent_24> YEP
[2022-12-07 17:53:46] <%shirolovecandy> just go for BOOBA 4Head
[2022-12-07 17:53:52] <%aeatheria> SEGS after work
[2022-12-07 17:53:53] <@%KiddoKimi> KEQing StareArrive
[2022-12-07 17:53:54] <Kisty1> Catgirl
[2022-12-07 17:53:54] <bonescrusher> KEKwin
[2022-12-07 17:53:55] <fref____> Kicking?!
[2022-12-07 17:53:56] <ianfinn> OPPA
[2022-12-07 17:53:56] <%aeatheria> OPPA XL
[2022-12-07 17:54:01] <Exmerald> yes Kequing, you also get a specific card for the character
[2022-12-07 17:54:02] <%11WMango> OPPA XL
[2022-12-07 17:54:02] <bonescrusher> OPPA
[2022-12-07 17:54:02] <%exosgoddess> ICANT
[2022-12-07 17:54:03] <%luluximoon> OPPA XL
[2022-12-07 17:54:04] <%doctorkold> will she whoop his ass ? PauseChamp
[2022-12-07 17:54:04] <serenity446> she friking have tons of draw cards
[2022-12-07 17:54:04] <%shirolovecandy> OPPA Xl
[2022-12-07 17:54:05] <@%^Nightbot> Make sure you follow Tenha on socials!                                                                           Twitter www.twitter.com/tenhatv                                                 Instagram www.instagram.com/tenhatv                                        Youtube www.youtube.com/c/tenhagames                                       Tiktok www.tiktok.com/@tenhatv
[2022-12-07 17:54:10] <%doctorkold> thats a cool card dude
[2022-12-07 17:54:12] <@%KiddoKimi> ganqing FLUH
[2022-12-07 17:54:16] <Grethlin> What is Kekwing doing in the Cat's Tail bar?
[2022-12-07 17:54:20] <%doctorkold> @KiddoKimi OHNO
[2022-12-07 17:54:28] <Grethlin> Doesn't she have some work to do?
[2022-12-07 17:54:30] <%11WMango> @KiddoKimi  FLUH
[2022-12-07 17:54:33] <%Aezif> lebronJAM
[2022-12-07 17:54:36] <%exosgoddess> FLUH
[2022-12-07 17:54:39] <%$clonetech> @KiddoKimi KEKL in chinese that means feelings om
[2022-12-07 17:54:39] <%shirolovecandy> FLUH
[2022-12-07 17:54:50] <rrainbowwwww> and keqing gets electro infused dmg on basic atk after using elemental skill
[2022-12-07 17:54:51] <Grethlin> KEKWing c6's her own character card
[2022-12-07 17:54:55] <@%KiddoKimi> its a strong feeling i guess OkayChamping
[2022-12-07 17:55:07] <@%^Nightbot> If you want to see Tenha's stats, you can type !(character's name).
[2022-12-07 17:55:27] <%YuliaN2410> try pvp with ppl to
[2022-12-07 17:55:35] <rrainbowwwww> yes
[2022-12-07 17:55:41] <bonescrusher> YEP
[2022-12-07 17:55:42] <Boonslayer> Equip cards stay on characters.
[2022-12-07 17:55:52] <%NatEXP_> YEP
[2022-12-07 17:56:02] <%$clonetech> it stays till u react with it
[2022-12-07 17:56:05] <%iiiiichiiiii> KeqingVeryPog
[2022-12-07 17:56:07] <@%^Nightbot> Get you or a loved one an amazing game this holiday season for the ArcSystemWorks Black Friday sale running from November 18th to the 29th! Check it out here: https://arcsystemworks.com/black-friday-sales-2022/
[2022-12-07 17:56:21] <Kisty1> thought she'd eat golden shrimp balls...
[2022-12-07 17:56:27] <%doctorkold> PauseChamp
[2022-12-07 17:56:27] <%iiiiichiiiii> NOPERS
[2022-12-07 17:56:34] <%$clonetech> NOPERS
[2022-12-07 17:56:34] <bonescrusher> hmm balls
[2022-12-07 17:56:35] <%iiiiichiiiii> that is support cards on your left
[2022-12-07 17:56:56] <%YuliaN2410> use xiao card if u want to destroy that
[2022-12-07 17:57:16] <%$clonetech> summons = ganyu ult/ fischl E/gouba
[2022-12-07 17:57:27] <%YuliaN2410> @clonetech ayaka ult to
[2022-12-07 17:57:28] <%Hisham1761> borpaSpin
[2022-12-07 17:57:42] <%$clonetech> @YuliaN2410 im just naming some but yea
[2022-12-07 17:57:42] <%kevinclf> hi hi tenha
[2022-12-07 17:57:43] <Kisty1> ggwp
[2022-12-07 17:57:48] <%exosgoddess> KEKL
[2022-12-07 17:57:49] <%iiiiichiiiii> ggwp
[2022-12-07 17:57:54] <%doctorkold> KEKL
[2022-12-07 17:58:00] <%doctorkold> Keqing too strong OHNO
[2022-12-07 17:58:08] <ianfinn> PepeLa
[2022-12-07 17:58:21] <%doctorkold> holy shit how much food do they have
[2022-12-07 17:58:22] <yuhosihh> Paid actor confirmed
[2022-12-07 17:58:29] <%doctorkold> 0 KEKWait
[2022-12-07 17:58:35] <%YuliaN2410> @clonetech dude im screew up KEKL, i spend all my tcg currency to supp card and im stuck lvl 2 KEKL
[2022-12-07 17:58:51] <%aeatheria> @doctorkold LMAO yeah i fought xingqiu awhile ago it was so fun they had too much food but i beat em MEGALUL
[2022-12-07 17:59:03] <%doctorkold> @doctorkold PeepoFat
[2022-12-07 17:59:04] <nzrlhsym> can
[2022-12-07 17:59:11] <%doctorkold> Peepofat
[2022-12-07 17:59:11] <%$clonetech> @YuliaN2410 just wait ig u can get weekly matches
[2022-12-07 17:59:13] <minhngoc25a> @YuliaN2410 ascension battle
[2022-12-07 17:59:14] <bonescrusher> Git good MEGALUL
[2022-12-07 17:59:17] <%doctorkold> KEKWait
[2022-12-07 17:59:20] <%iiiiichiiiii> she's peepoFAT
[2022-12-07 17:59:25] <Kisty1> peepoFAT
[2022-12-07 17:59:26] <%11WMango> peepoFat
[2022-12-07 17:59:28] <%doctorkold> peepoFAT OHNO
[2022-12-07 17:59:31] <%doctorkold> Danki
[2022-12-07 17:59:39] <%YuliaN2410> @minhngoc25a i just forgot to buy the Invitation in the shop Sadge
[2022-12-07 17:59:41] <%iiiiichiiiii> now use the xiao card mr strimmer
[2022-12-07 17:59:42] <Grethlin> Kekwing HUNGRY
[2022-12-07 17:59:45] <Kisty1> UH OH Guoba
[2022-12-07 17:59:48] <bodjance> are you gonna pull for wanderer?
[2022-12-07 17:59:52] <%doctorkold> but xiao card very expensive Hmmge
[2022-12-07 18:00:08] <Grethlin> Sucrose Burst time
[2022-12-07 18:00:10] <Grethlin> lets go
[2022-12-07 18:00:17] <%aeatheria> @doctorkold yeah but it destroys summons which deal damage to you, its fine
[2022-12-07 18:00:25] <%doctorkold> @doctorkold hmhm
[2022-12-07 18:00:31] <%doctorkold> peepoFAT meta
[2022-12-07 18:00:37] <baemaxgames> at least there's no zhongli's shield...yet..
[2022-12-07 18:00:43] <%Hisham1761> COGGERS
[2022-12-07 18:00:48] <Grethlin> now she SWORLs for 3 more rounds
[2022-12-07 18:01:01] <Grethlin> wrecking everyone on the other team
[2022-12-07 18:01:03] <%aeatheria> i'm just spamming fischl KEKW
[2022-12-07 18:01:45] <%shirolovecandy> pomf
[2022-12-07 18:01:57] <%iiiiichiiiii> KEKL
[2022-12-07 18:02:00] <ianfinn> you need to drag paimon on field
[2022-12-07 18:02:00] <Au009> ElNoSabe
[2022-12-07 18:02:00] <%YuliaN2410> KEKL
[2022-12-07 18:02:01] <%doctorkold> KEKL
[2022-12-07 18:02:01] <Grethlin> spent diec
[2022-12-07 18:02:08] <%iiiiichiiiii> play it into the field, not drag it to the side KEKL
[2022-12-07 18:02:11] <%doctorkold> Swirl POGCRAZY
[2022-12-07 18:02:12] <bonescrusher> You destroyed it instead of using it
[2022-12-07 18:02:14] <%YuliaN2410> boomer KEKL
[2022-12-07 18:02:14] <%aeatheria> there's no glitch tho this strimmer KEKW
[2022-12-07 18:02:17] <%shirolovecandy> KEKW
[2022-12-07 18:02:17] <%hexonzero> you sent it on the table
[2022-12-07 18:02:18] <Grethlin> SPENT dice
[2022-12-07 18:02:19] <+OniKaguya> !faruzan
[2022-12-07 18:02:19] <@%^Nightbot> Follow to see Genshin fanarts from my artist! https://twitter.com/Himari_ttc/status/1600149306799198208
[2022-12-07 18:02:21] <%aeatheria> BBoomer moment
[2022-12-07 18:02:22] <%doctorkold> keqing ult soon PauseChamp
[2022-12-07 18:02:28] <HAYMIKUKI> use kaeya to melt
[2022-12-07 18:02:31] <%kevinclf> how are u?
[2022-12-07 18:02:35] <%iiiiichiiiii> KEKL
[2022-12-07 18:02:37] <%doctorkold> WTFF
[2022-12-07 18:02:40] <Au009> KEKW
[2022-12-07 18:02:41] <ianfinn> PepeLa NPC
[2022-12-07 18:02:49] <%iiiiichiiiii> no more element tho
[2022-12-07 18:02:56] <%lex0rd> harder than abyss OHNO
[2022-12-07 18:03:02] <uaemi> you destroyed the omni card instead of using it, if you want to use a card put it in the middle, destroy is to the right
[2022-12-07 18:03:11] <@%^Nightbot> If you want to see Tenha's stats, you can type !(character's name).
[2022-12-07 18:03:14] <%shirolovecandy> PepeLa TROLL KeqingVeryPog
[2022-12-07 18:03:24] <yuhosihh> dont drag the card on the side
[2022-12-07 18:03:29] <%iiiiichiiiii> LETSGO
[2022-12-07 18:03:30] <%doctorkold> paimon card SoCute
[2022-12-07 18:03:47] <bonescrusher> Because that's how you sacrifice it
[2022-12-07 18:03:58] <uaemi> 😭😭
[2022-12-07 18:04:10] <@%^Nightbot> Get you or a loved one an amazing game this holiday season for the ArcSystemWorks Black Friday sale running from November 18th to the 29th! Check it out here: https://arcsystemworks.com/black-friday-sales-2022/
[2022-12-07 18:04:15] <bonescrusher> YaeVeryPog
[2022-12-07 18:04:50] <%$clonetech> immediate
[2022-12-07 18:05:04] <Grethlin> onto table
[2022-12-07 18:05:06] <Grethlin> not side
[2022-12-07 18:05:13] <@%^Nightbot> If you want to see Tenha's stats, you can type !(character's name).
[2022-12-07 18:05:13] <uaemi> you keep putting the cards to destroy 😭 put the omni cards on the table
[2022-12-07 18:05:17] <+AlessaUsedPew> Dragging to the field will consume the cards abilities, dragging it to the side will destroy the card and will change one element to an element of use
[2022-12-07 18:05:19] <%exosgoddess> om
[2022-12-07 18:05:20] <%$clonetech> @Grethlin it needs 3 same to convert to 2 omni
[2022-12-07 18:05:20] <Bccmac> You only play SIDE when you want to tune element dice
[2022-12-07 18:05:31] <%Hisham1761> Pepega
[2022-12-07 18:05:33] <@%KiddoKimi> BACKSEATERS
[2022-12-07 18:05:38] <+AlessaUsedPew> Like Kaeya on field will give you cryo
[2022-12-07 18:05:39] <%11WMango> BACKSEATERS
[2022-12-07 18:05:41] <%iiiiichiiiii> BACKSEATERS
[2022-12-07 18:05:52] <%iiiiichiiiii> it's a gangbang? peepoArrive
[2022-12-07 18:05:54] <%shirolovecandy> BACKSEATERS
[2022-12-07 18:05:56] <uaemi> LMAO
[2022-12-07 18:05:59] <Boonslayer> That was a good move, actually.
[2022-12-07 18:06:09] <@%^Nightbot> Get you or a loved one an amazing game this holiday season for the ArcSystemWorks Black Friday sale running from November 18th to the 29th! Check it out here: https://arcsystemworks.com/black-friday-sales-2022/
[2022-12-07 18:06:12] <%doctorkold> noice POGCRAZY
[2022-12-07 18:06:15] <%doctorkold> HUH
[2022-12-07 18:06:15] <%exosgoddess> pogg
[2022-12-07 18:06:15] <%lex0rd> HUH
[2022-12-07 18:06:18] <%11WMango> pogg
[2022-12-07 18:06:18] <uaemi> have any of yall done the tavern challenge yet?
[2022-12-07 18:06:18] <ArniTheBEAST> which anime is this from again?
[2022-12-07 18:06:20] <%Danitao> Penins ?
[2022-12-07 18:06:20] <osarap1> WOT
[2022-12-07 18:06:20] <%11WMango> HUH
[2022-12-07 18:06:23] <+YanMar7ins> Thundering pp ?
[2022-12-07 18:06:23] <%shirolovecandy> HUH
[2022-12-07 18:06:24] <%11WMango> cock
[2022-12-07 18:06:24] <%YuliaN2410> PP? KEKL
[2022-12-07 18:06:24] <%lex0rd> cock
[2022-12-07 18:06:24] <tecklong6915> Thundering peni*
[2022-12-07 18:06:24] <firefreeze45k> xD
[2022-12-07 18:06:27] <nakamichi02> HUH
[2022-12-07 18:06:27] <%exosgoddess> Suskayge
[2022-12-07 18:06:27] <uaemi> HUH
[2022-12-07 18:06:28] <%Hisham1761> penis ok
[2022-12-07 18:06:28] <Au009> HUH
[2022-12-07 18:06:29] <%doctorkold> penis probably right
[2022-12-07 18:06:31] <%doctorkold> ok
[2022-12-07 18:06:31] <%$clonetech> KEKL
[2022-12-07 18:06:34] <Boonslayer> Pen - Ants
[2022-12-07 18:06:36] <%exosgoddess> pomf
[2022-12-07 18:06:36] <emmetspeed> penis pog
[2022-12-07 18:06:39] <%GoJeffrie> you win SEGS
[2022-12-07 18:06:39] <%Hisham1761> oh mb
[2022-12-07 18:06:41] <Kisty1> Thundering COCK
[2022-12-07 18:06:41] <%Danitao> PE nance
[2022-12-07 18:06:43] <+YanMar7ins> thundering cocka
[2022-12-07 18:06:46] <rrainbowwwww> no need
[2022-12-07 18:06:46] <tecklong6915> mine is thundering  Kreygasm Kreygasm
[2022-12-07 18:06:47] <%$clonetech> nop
[2022-12-07 18:06:56] <%doctorkold> there are more rewards for beating her ok
[2022-12-07 18:06:57] <Au009> nop
[2022-12-07 18:07:02] <%YuliaN2410> Press F7
[2022-12-07 18:07:07] <Grethlin> Pen ance (ants with a soft t)
[2022-12-07 18:07:07] <@%^Nightbot> Join the discord to hang out with 420 people! there are 69 active chatters right now! https://discord.gg/CcP6RfA
[2022-12-07 18:07:07] <BedaGaminglive> peanuts
[2022-12-07 18:07:20] <+xsilent_24> Its f6
[2022-12-07 18:07:21] <Boonslayer> You got her talent cards on that as well.
[2022-12-07 18:07:22] <rrainbowwwww> go out cat tails and fight npc
[2022-12-07 18:07:23] <%YuliaN2410> F6 KEKL
[2022-12-07 18:07:28] <%YuliaN2410> F6 sry
[2022-12-07 18:07:28] <firefreeze45k> open the tomb
[2022-12-07 18:07:35] <potrecru1> idk i wasn't able to get past lvl 3
[2022-12-07 18:07:38] <Exmerald> you play against NPCs in Monstadt
[2022-12-07 18:07:42] <dorobo_gam> challenge others it will tell you in the map where you can fave them
[2022-12-07 18:07:44] <uaemi> open the card deck thing it says "search player"
[2022-12-07 18:07:53] <%YuliaN2410> yea like me
[2022-12-07 18:07:53] <osarap1> WOT
[2022-12-07 18:07:56] <Geo_45> hello mr tenha
[2022-12-07 18:08:17] <%shirolovecandy> Meow
[2022-12-07 18:08:22] <%lex0rd> pepeFight
[2022-12-07 18:08:23] <%exosgoddess> Meow
[2022-12-07 18:08:24] <%YuliaN2410> finish your quest
[2022-12-07 18:08:30] <%$clonetech> u can edit ur deck first
[2022-12-07 18:08:33] <%$clonetech> in gadgets
[2022-12-07 18:08:37] <%shirolovecandy> pepeFight
[2022-12-07 18:08:38] <uaemi> yeah ^
[2022-12-07 18:08:44] <%$clonetech> u already got keqing
[2022-12-07 18:08:53] <osarap1> mahorny
[2022-12-07 18:09:06] <%YuliaN2410> BASED
[2022-12-07 18:09:06] <uaemi> mar-jerie
[2022-12-07 18:09:14] <Geo_45> i think its win within 5 rounds
[2022-12-07 18:09:26] <%shirolovecandy> Wokege EDM
[2022-12-07 18:09:26] <%lex0rd> hilichurls OHNO
[2022-12-07 18:09:35] <%exosgoddess> peepoComfy
[2022-12-07 18:09:40] <%exosgoddess> peepoCookies
[2022-12-07 18:09:40] <%11WMango> tenhaPopcorn
[2022-12-07 18:09:41] <%aeatheria> i beat balls poggSpin
[2022-12-07 18:09:45] <%doctorkold> also i think there are 3 rewards in total with different conditions to beat chracters from the bulletin board PepoThink
[2022-12-07 18:09:46] <%shirolovecandy> tenhaPopcorn
[2022-12-07 18:09:47] <Geo_45> i think it is i could be wrong though
[2022-12-07 18:09:54] <uaemi> @doctorkold ye ye
[2022-12-07 18:09:55] <%YuliaN2410> EZ
[2022-12-07 18:10:01] <Mystery0621> fight timmie next
[2022-12-07 18:10:05] <%doctorkold> 3 hp KEKWait
[2022-12-07 18:10:09] <@%^Nightbot> If you want to see Tenha's stats, you can type !(character's name).
[2022-12-07 18:10:11] <%doctorkold> what is this F2PBTW deck
[2022-12-07 18:10:13] <elatusapu> !faruzan
[2022-12-07 18:10:13] <@%^Nightbot> Follow to see Genshin fanarts from my artist! https://twitter.com/Himari_ttc/status/1600149306799198208
[2022-12-07 18:10:19] <%aeatheria> @doctorkold YEP
[2022-12-07 18:10:31] <%YuliaN2410> KEKL
[2022-12-07 18:10:37] <%doctorkold> @doctorkold OfCourse
[2022-12-07 18:11:07] <@%^Nightbot> Get you or a loved one an amazing game this holiday season for the ArcSystemWorks Black Friday sale running from November 18th to the 29th! Check it out here: https://arcsystemworks.com/black-friday-sales-2022/
[2022-12-07 18:11:12] <%aeatheria> PepoThink
[2022-12-07 18:11:19] <%shirolovecandy> xddinside
[2022-12-07 18:11:22] <%doctorkold> xdd
[2022-12-07 18:11:25] <%$clonetech> you can already play with others no? PepoThink
[2022-12-07 18:11:29] <%GoJeffrie> yes
[2022-12-07 18:11:34] <%YuliaN2410> u can fight with ppl, just invite ppl in your world, but finish that first get lvl 2 min
[2022-12-07 18:12:07] <%lex0rd> KEKL
[2022-12-07 18:12:15] <%exosgoddess> its ok
[2022-12-07 18:12:32] <%doctorkold> ok
[2022-12-07 18:12:34] <%lex0rd> pogg
[2022-12-07 18:12:57] <%doctorkold> kill his pigeon deck ? KEKWait
[2022-12-07 18:12:57] <%lex0rd> timmie with birbs card?
[2022-12-07 18:12:58] <%aeatheria> Bullying timmie MEGALUL
[2022-12-07 18:13:12] <Farid_Kratos> KEKW
[2022-12-07 18:13:17] <bonescrusher> KEKW
[2022-12-07 18:13:17] <%exosgoddess> wake up timmie madgeClap
[2022-12-07 18:13:20] <Geo_45> lmao slaughter his friends in the night and bully him during the day
[2022-12-07 18:13:25] <%exosgoddess> Madgeclap
[2022-12-07 18:13:29] <%doctorkold> 10 KEKL
[2022-12-07 18:13:31] <%doctorkold> monkaE
[2022-12-07 18:13:32] <Kisty1> KEKW
[2022-12-07 18:13:32] <%jaetong18> OHNO
[2022-12-07 18:13:34] <%lex0rd> KEKL
[2022-12-07 18:13:34] <%11WMango> xdd
[2022-12-07 18:13:37] <Mystery0621> timmie final boss
[2022-12-07 18:13:38] <%$clonetech> KEKW
[2022-12-07 18:13:38] <%exosgoddess> KEKW
[2022-12-07 18:13:39] <%aeatheria> OMEGADANCE
[2022-12-07 18:13:39] <%shirolovecandy> tenhaPopcorn
[2022-12-07 18:13:40] <%doctorkold> hes a whale dude KEKL
[2022-12-07 18:13:42] <%$clonetech> final boss
[2022-12-07 18:13:43] <%shirolovecandy> KEKW
[2022-12-07 18:13:47] <bonescrusher> KEKW KEKW
[2022-12-07 18:13:49] <nakamichi02> om
[2022-12-07 18:13:54] <YRadio> If you climb the wall of the gate you can fly to above the birds with the wanderer and kill all of them with an imersive attack
[2022-12-07 18:13:54] <%Hisham1761> om
[2022-12-07 18:13:54] <%shirolovecandy> om
[2022-12-07 18:13:58] <DanielmanRO> 0 mana tho
[2022-12-07 18:14:00] <baemaxgames> of course Timmie is the final boss
[2022-12-07 18:14:01] <Kisty1> Surely
[2022-12-07 18:14:02] <%fwogmancer> KEKW
[2022-12-07 18:14:04] <baemaxgames> haha
[2022-12-07 18:14:05] <%exosgoddess> WICKED Timmie card
[2022-12-07 18:14:19] <%shirolovecandy> timmie GIGACHAD
[2022-12-07 18:14:20] <%doctorkold> WICKED
[2022-12-07 18:14:33] <%lex0rd> HUH
[2022-12-07 18:14:35] <%11WMango> HUH
[2022-12-07 18:14:39] <%aeatheria> WOT ?
[2022-12-07 18:14:40] <%doctorkold> WTFF
[2022-12-07 18:14:41] <bonescrusher> HUH
[2022-12-07 18:14:43] <%shirolovecandy> WTFF
[2022-12-07 18:15:00] <%doctorkold> KEKWait
[2022-12-07 18:15:12] <firefreeze45k> adventure fight
[2022-12-07 18:15:12] <%jepeman> Its adventure match, not duel
[2022-12-07 18:15:20] <%$clonetech> they support you against mobs sorta
[2022-12-07 18:15:44] <%kevinclf> good tcg
[2022-12-07 18:15:46] <%exosgoddess> Hmmm
[2022-12-07 18:15:48] <%QuvadesGaming> chat are you stuck in tcg at lvl 3?
[2022-12-07 18:15:48] <jaimin_shadow> time to switch to crayo
