# Log started: 2022-12-25 00:21:20 +0100
[2022-12-25 00:21:20] <@%SlugSlugTM> !followage
[2022-12-25 00:21:20] <@%^StreamElements> @SlugSlugTM, slugslugtm has been following tobs for  1 year 3 months 19 days 13 hours
[2022-12-25 00:21:27] <@%SlugSlugTM> !watchtime
[2022-12-25 00:21:27] <@%^StreamElements> SlugSlugTM has spent  1 month 6 days 15 hours watching tobs
[2022-12-25 00:21:35] <@%SlugSlugTM> !followers
[2022-12-25 00:21:35] <@%^Nightbot> tobs has 37,821 followers!
[2022-12-25 00:21:43] <@%SlugSlugTM> tobsNODDERS
[2022-12-25 00:22:05] <@%SlugSlugTM> @bjurkk @turtletottatertank
[2022-12-25 00:22:09] <@%SlugSlugTM> merry chrysler
[2022-12-25 00:22:11] <@%SlugSlugTM> have good one
[2022-12-25 00:25:13] <%TurtleTotTaterTank> @SlugSlugTM, you to slug. Merry crimmus
[2022-12-25 00:26:03] <@%^Nightbot> fuck you @Sery_bot
[2022-12-25 00:27:11] <@%^StreamElements> @wumbo_117 is a count
[2022-12-25 00:30:08] [Announcement] <Nightbot> COME HANG OUT WITH TOB IN HER 2ND VRCHAT MEET N GREET!!!details in the discord! discord.gg/batsards
[2022-12-25 02:01:23] <!%pop_poppop> annytfSit_SG
[2022-12-25 07:27:38] <%TurtleTotTaterTank> zkiSmug
[2022-12-25 08:54:15] <!%bjurkk> @SlugSlugTM
[2022-12-25 08:54:15] <@BatsardCat> Hey go check out bjurkk over at twitch.tv/bjurkk
[2022-12-25 08:54:18] <!%bjurkk> marry christmas
[2022-12-25 08:56:20] <@%SlugSlugTM> aoameaBlush
[2022-12-25 08:59:24] <!%bjurkk> tobsHAPPY
[2022-12-25 09:00:10] [Announcement] <Nightbot> COME HANG OUT WITH TOB IN HER 2ND VRCHAT MEET N GREET!!!details in the discord! discord.gg/batsards
[2022-12-25 09:01:08] [Announcement] <Nightbot> Use code "TOBS" for your gamersupps order for 10% off!! https://gamersupps.gg/Tobs
[2022-12-25 10:41:01] <joomswed_PS> e
[2022-12-25 10:41:04] <joomswed_PS> yo
[2022-12-25 10:41:15] <joomswed_PS> i got a moments badge i was told
[2022-12-25 10:41:29] <joomswed_PS> yus
[2022-12-25 10:41:30] <joomswed_PS> e
[2022-12-25 10:41:34] <%TurtleTotTaterTank> e
[2022-12-25 10:41:58] <joomswed_PS> why am i here
[2022-12-25 10:41:59] <@%^Nightbot> @joomswed_PS 🖕 that's why
[2022-12-25 10:42:04] <%TurtleTotTaterTank> Thats why
[2022-12-25 10:42:05] <%TurtleTotTaterTank> yes
[2022-12-25 10:42:09] <joomswed_PS> LMAO
[2022-12-25 10:42:34] <%TurtleTotTaterTank> emjoy stayt
[2022-12-25 10:42:46] <joomswed_PS> risaNodders
[2022-12-25 10:42:58] <joomswed_PS> im@sorry im druck asf rn
[2022-12-25 10:43:03] <joomswed_PS> bdhaiw
[2022-12-25 10:43:30] <joomswed_PS> i literally never come into tobs streams but i got a moments badge so cool
[2022-12-25 10:43:34] <joomswed_PS> maybe ill come in mroe
[2022-12-25 10:45:06] <@%^Nightbot> me throne tobsCry https://thronegifts.com/u/tob
[2022-12-25 10:47:12] <@%^StreamElements> @wumbo_117 is a count
[2022-12-25 15:53:23] <Slenard> paper
[2022-12-25 15:53:23] <@%^Nightbot> ⢐⠐⡐⡐⡐⡐⢐⠐⡐⢐⠐⡐⠄⡪⡪⡺⡸⡪⡪⡪⡺⡸⡸⡸⡪⡪⡪⡪⡪⡪ ⢯⡲⡄⡂⢐⠨⢀⠂⡐⠐⠠⢀⠨⡪⡘⢔⠑⠌⡪⡘⡌⡪⡊⢎⢎⢆⠣⡃⢇⢕ ⡣⡇⡏⡖⡄⢌⢢⢐⣄⢇⢏⢢⠣⡃⡘⢈⠢⡡⡢⡊⡌⢎⠪⢢⢑⢐⠑⠨⠐⡐ ⡪⡪⡎⣎⢮⣳⢕⠕⣕⡗⡧⣷⣵⡰⣐⠄⢂⠐⢌⢪⢮⡪⡊⡆⢕⠄⡊⠈⠄⢀ ⡪⡪⡪⡪⡳⣝⢜⢜⢜⢎⣯⢿⣻⣿⣷⢕⢔⢕⢱⢸⢕⠓⠕⠜⡔⠅⠄⠂⠐⠄ ⣪⢪⢊⠊⠌⢊⠣⠣⡱⢹⡪⣟⣯⢿⣯⡷⣕⢵⢑⠅⠠⠄⠄⠠⠨⠣⠁⠐⠄⠂ ⡪⡂⡂⢐⠰⠰⠄⠁⢂⠱⣝⣞⣾⣻⣞⣿⣳⣝⢆⠄⠄⠄⠄⠈⡌⢎⠌⠄⠄⠄ ⡞⡬⡠⠄⠄⠄⠄⣁⢄⢪⣺⣽⣾⣿⣻⣽⣿⢿⣦⣕⢱⠰⡘⡌⠢⡁⡂⠅⡁⠄ ⡪⢊⢎⢝⢪⢫⢹⣸⣴⣿⣯⣷⣻⢞⣟⢾⢻⢻⡻⢾⡿⣿⣿⣾⣿⣳⢢⠑⠄⠄ ⡪⡧⣷⣵⣷⣿⣿⢿⣿⣻⢗⡝⢎⠇⡇⢇⠣⠱⠘⠌⡪⡫⡳⡫⢮⠪⡂⡅⡡⠄ ⡪⡝⣞⢵⢻⡺⡮⣟⢞⡾⡻⡮⡢⢈⠄⡐⢁⠁⠂⠄⡣⡙⢜⢘⢓⠧⡡⢂⠄⠄ ⡪⠪⡪⡚⣜⣮⢿⢺⢹⢘⢍⠎⡊⡢⠂⠔⠄⠠⠈⠔⢐⠠⢁⠂⠅⠕⠌⢄⠢⠄ ⡪⡪⡒⡪⡲⡱⡱⡑⡅⠕⠠⡁⠂⠂⠡⠈⠄⠄⠁⠈⢀⠐⠠⠡⡑⢅⠣⡑⢌⠌ ⡊⢆⢕⢱⢘⢌⠪⡢⡡⡡⢁⢂⡂⠄⡀⢀⠠⠐⢀⠈⠄⠨⠨⡨⢂⠕⢌⢌⢢⢑ ⢪⢘⢌⢆⠣⡪⢨⢂⡒⢌⠢⡑⢌⢐⢀⠂⠄⢂⢐⠨⠨⠨⡊⢔⠡⡊⡢⢑⢐⠅
[2022-12-25 15:53:29] <Slenard> job
[2022-12-25 15:53:29] <@%^Nightbot> ⢕⢕⢕⢕⢕⢕⢕⢕⢕⢕⢕⢕⢕⢕⢕⢕⢕⢕⢕⢕⢕⢕⢕⢕⢕⢕⢕⢕⢕⢕ ⢵⢿⢵⢕⢑⢕⢕⢕⢕⢕⢕⢕⢕⢕⢕⢕⢕⢕⢕⢕⢕⢑⢕⢕⢕⢑⢵⢽⢷⢕ ⢽⢽⢽⢽⢵⢕⢵⢵⢵⢽⢕⢕⢑⢑⢑⢑⢑⢑⢕⢵⢵⢵⢵⢕⢴⢽⢽⢽⢽⢕ ⢝⢽⢽⢽⢽⢽⢽⢵⢽⢽⣿⣿⣷⣵⢔⢴⣵⣿⣿⣿⢽⢽⢽⢽⢽⢽⢽⢝⢽⢕ ⢽⢽⢽⢵⢝⢽⢵⢝⢽⢽⢿⣿⣿⣿⣵⣽⣿⣿⣿⢿⢽⢝⢵⢽⢝⢵⢽⢽⢽⢕ ⢽⢽⢕⢑⢐⢴⢔⢑⢑⢽⣽⣿⣿⣿⣿⣿⣿⣿⣿⣽⢕⢑⢑⢔⢐⢐⢑⢽⢽⢕ ⢝⢽⢵⢔⢐⢐⢐⢐⢔⢽⣿⣿⣿⣿⣿⣿⣿⣿⣿⣿⢕⢔⢐⢐⢐⢐⢴⢽⢵⢕ ⢕⢝⢕⢝⢝⢝⣽⣵⣿⣿⣿⣿⢿⢿⢿⢿⢿⢿⣿⣿⣿⣷⣽⣝⢽⢝⢕⢝⢕⢕ ⢕⢽⢽⣿⣿⣿⣿⣿⣿⣿⣽⢝⢝⢝⢝⢝⢝⢝⢽⣽⣿⣿⣿⣿⣿⣿⣿⢽⢕⢕ ⢝⢽⢽⢽⢽⢽⣽⣽⢽⢽⢽⢕⢔⢔⢑⢑⢔⢔⢽⢽⢽⢽⣽⣽⢽⢽⢝⢝⢝⢕ ⢕⢕⢵⢵⢽⢽⢽⢝⢕⢕⢕⢑⢑⢑⢐⢐⢑⢑⢑⢕⢕⢝⢝⢽⢽⢵⢵⢕⢕⢕ ⢙⢕⢕⢕⢕⢝⢕⢕⢕⢕⢐⢔⢐⢐⢐⢐⢐⢐⢐⢐⢕⢕⢕⢝⢝⢕⢕⢕⢝⢑ ⢐⢕⢕⢕⢕⢕⢕⢕⢕⢕⢕⢕⢕⢔⢔⢐⢔⢔⢕⢕⢕⢕⢕⢕⢕⢕⢕⢕⢕⢐ ⢐⢕⢕⢕⢕⢕⢕⢕⢕⢕⢕⢕⢕⢕⢕⢕⢕⢕⢕⢕⢕⢕⢕⢕⢕⢕⢕⢕⢕⢐
[2022-12-25 22:43:10] Disconnected
[2022-12-25 22:43:10] Attempting to reconnect in 1 seconds.. (1/∞)
[2022-12-25 22:43:11] Connecting to
[2022-12-25 22:43:21] Joining #tobs..
[2022-12-25 22:44:14] Joining #tobs..
[2022-12-25 22:44:14] You have joined #tobs
