# Log started: 2022-12-26 00:00:00 +0100
[2022-12-26 00:00:00] <theNxe> @Canedrac you go to a harder next level dungeon
[2022-12-26 00:00:03] <%erquilene> in high roller they usually go naked anyway
[2022-12-26 00:00:04] <GKBTBL> @hutchmf excited for the tarkov wipe?
[2022-12-26 00:00:22] VIEWERS: 1 900
[2022-12-26 00:00:49] <@^StreamElements> Check out HutchMF's YouTube at: https://youtube.com/c/HutchMF
[2022-12-26 00:01:27] <+TrullsRohk> thursday
[2022-12-26 00:01:33] <GKBTBL> no sometime this week tho before drop event
[2022-12-26 00:01:37] <%seismicpigeon> no
[2022-12-26 00:01:38] <+sewage_man1> no but likely end of year
[2022-12-26 00:01:43] <%seismicpigeon> i dont think so
[2022-12-26 00:01:48] <Br0wnPride> 29th my guess
[2022-12-26 00:02:08] <+iAmTr3v0r> We talking Tarkov wipe?
[2022-12-26 00:02:23] VIEWERS: 1 900
[2022-12-26 00:02:41] <mrdabbyduck> KEKW
[2022-12-26 00:03:28] <risingessence5499> the fire ball blowing up the doors is funny
[2022-12-26 00:03:39] <otogone> @HutchMF  they are flooding the game with GL's atm think wipe is soon
[2022-12-26 00:03:51] <+seelyex> @HutchMF how did you cycle through your 4 slot like that
[2022-12-26 00:03:52] <risingessence5499> 3 mages would be nasty i think
[2022-12-26 00:03:53] <%+Emarie> peepoHappy merry christmas chat
[2022-12-26 00:04:16] <%+BrandonL97> Dark and Darker early access begins in April
[2022-12-26 00:04:23] VIEWERS: 1 900
[2022-12-26 00:04:37] <%+atrocitymf> Hey hutch just wanted to say thank you for all the streams really helped with me being by myself today
[2022-12-26 00:04:50] <%+lomgonecold> lol
[2022-12-26 00:04:52] <Sneaper> NOTED
[2022-12-26 00:04:52] <%erquilene> yep.. also when the barbafian surprise the mages.. he can kill 2 of them before the third one finishes them off
[2022-12-26 00:05:14] [Notification] Atrosidy subscribed with Prime.
[2022-12-26 00:05:14] <%$Nextlerr> Merry Christmas ya'll
[2022-12-26 00:05:14] <@^StreamElements> Atrosidy just subscribed PogChamp
[2022-12-26 00:05:27] <%+jahale6> @hutchmf can’t believe I’ve been subbed for 16 months. Been a lot of fun.
[2022-12-26 00:05:49] <@^StreamElements> Check out HutchMF's YouTube at: https://youtube.com/c/HutchMF
[2022-12-26 00:06:09] <drakovian> so what spells can u get way later on?
[2022-12-26 00:06:19] <@^StreamElements> Did you know that Netflix hides thousands of shows and movies from you based on yourlocation? Good thing you can use ExpressVPN to change your online location to anothercountry to access their movies and shows! Find out more and get 3 extra months for freeusing my link: https://www.expressvpn.com/hutch
[2022-12-26 00:06:25] VIEWERS: 1 807
[2022-12-26 00:06:35] <ch4pps> Family stuff is over. Time to stretch and relax. Merry Christmas and happy Holidaze everyone!
[2022-12-26 00:06:58] <Br0wnPride> same to you @ch4pps sumBlue
[2022-12-26 00:07:08] <%Wootloops> definitely stretch time
[2022-12-26 00:07:19] <@^StreamElements> Check Out Dune: Awakening Here. https://wehy.pe/t/15/hutchmf
[2022-12-26 00:07:49] <@^StreamElements> imGlitch Did you know that with Amazon Prime you can redeem a free subscription to any Twitch channel? All you have to do is click subscribe at the top and select Twitch Prime! imGlitch
[2022-12-26 00:08:26] VIEWERS: 1 807
[2022-12-26 00:09:02] <+SakeSteve> Can i see your perks after this raid?
[2022-12-26 00:09:30] <%erquilene> LUL
[2022-12-26 00:09:32] <drakovian> right in the neck D:
[2022-12-26 00:09:32] <%+lomgonecold> hehe
[2022-12-26 00:09:46] <%metsins> melee wizard eh? seems good lol
[2022-12-26 00:10:02] <+TrullsRohk> @SakeSteve hes just running the meta deez build
[2022-12-26 00:10:07] <guciossseast> swap bandge for camp fire
[2022-12-26 00:10:09] <NJAnthrax> lil blazing up and a stabby stab
[2022-12-26 00:10:26] VIEWERS: 1 807
[2022-12-26 00:10:49] <@^StreamElements> Check out HutchMF's YouTube at: https://youtube.com/c/HutchMF
[2022-12-26 00:11:52] <%+lomgonecold> nice shit
[2022-12-26 00:11:56] <drakovian> GG EZ
[2022-12-26 00:12:04] <%erquilene> that stab at the end LUL
[2022-12-26 00:12:27] Viewerstats (23:44-00:12): avg:1 826 min:1 785 max:1 900 [15/1 850+0−65+0+0+0+33+0+82+0+0−93+0+0+0]
[2022-12-26 00:12:27] VIEWERS: 1 807
[2022-12-26 00:12:49] <@^StreamElements> We are proud to announce we have partnered with 64 Audio! An amazing audio company specializing in High Quality IEM's. Check them out and use my referral here https://www.64audio.com/?ref=HutchMF Happy Listening!
[2022-12-26 00:12:51] <drakovian> chain lightning monkaS
[2022-12-26 00:13:13] <ErenStark> new perk slot
[2022-12-26 00:13:26] <%+lomgonecold> its good to kill your own team as well  :p
[2022-12-26 00:13:37] <guciossseast> @HutchMF for more space in EQ u can swap bandages over campfire when ure full.
[2022-12-26 00:13:42] <Snuwfer> pvperAlarm going to play the new eft wipe in a cpl of days? pvperAlarm hutch? pvperAlarm
[2022-12-26 00:14:01] <drakovian> legendary POGGERS
[2022-12-26 00:14:20] <%+lomgonecold> well dont die then   hehe
[2022-12-26 00:14:27] <%+lomgonecold> lol
[2022-12-26 00:14:27] VIEWERS: 1 826
[2022-12-26 00:14:53] <Snuwfer> clerics are giga op
[2022-12-26 00:15:17] <Snuwfer> spam ya booze and so ez to get over 40 str with high will/knowledge bc of it
[2022-12-26 00:15:42] <Snuwfer> clerics dont get the negative effect for being drunk
[2022-12-26 00:15:49] <@^StreamElements> Check out HutchMF's YouTube at: https://youtube.com/c/HutchMF
[2022-12-26 00:16:05] <%erquilene> @Snuwfer that is broken
[2022-12-26 00:16:27] VIEWERS: 1 826
[2022-12-26 00:16:32] <Snuwfer> ye with +20 dmg buff and protection u can brawl anyone and win
[2022-12-26 00:16:38] <+HazeyStages> would you want some stuff that i wont use for free? or nah i have a +3 spell capacity pair of loose trousers and a knowledge 3 4.6% mage pen +2 true magical damage necklace
[2022-12-26 00:16:49] <+HazeyStages> dont need it for my ranger
[2022-12-26 00:17:09] <+HazeyStages> and a +1 spell capacity ring
[2022-12-26 00:17:10] <+OneTracT> GF agro strong someone taunt
[2022-12-26 00:17:50] <Snuwfer> no man in this world has enough str to handle gf aggro taunt
[2022-12-26 00:17:53] <LeQuintBill> mic not muted Jebaited
[2022-12-26 00:17:54] [Notification] MadMartigan84 subscribed at Tier 1. They've subscribed for 3 months!
[2022-12-26 00:17:54] <@^StreamElements> MadMartigan84 just subscribed for 3 months in a row PogChamp
[2022-12-26 00:18:07] <caseymfingjones83> Mama Hutch putting it down  lol
[2022-12-26 00:18:21] <%Ctrl_AIt_DeFeaT> theyre talkin about the baby
[2022-12-26 00:18:27] VIEWERS: 1 791
[2022-12-26 00:18:33] <%+Andrewthe0> yo welcome back
[2022-12-26 00:18:49] <ErenStark> arcane feedback
[2022-12-26 00:18:56] <+HazeyStages> i thin kmagic missile is arcane too
[2022-12-26 00:19:33] <%defiantal> I see people kill  themselves with chain lightning all the time./
[2022-12-26 00:19:44] <+Half_Wyse> finally a good game comes out
[2022-12-26 00:19:47] <Suhlurpy> if you're curious about what a stat does you can go into class and scroll over the stat for a debrief
[2022-12-26 00:19:58] <+logdog606> @defiantal all the time
[2022-12-26 00:20:09] <drakovian> i have a feeling this one won't go well
[2022-12-26 00:20:27] VIEWERS: 1 791
[2022-12-26 00:20:29] [Notification] w0rk12 subscribed with Prime. They've subscribed for 2 months, currently on a 1 month streak!
[2022-12-26 00:20:29] <@^StreamElements> w0rk12 just subscribed for 2 months in a row PogChamp
[2022-12-26 00:20:46] <%xd0zerx> Gonna like that chain light until it bounces back on to you guys. LUL
[2022-12-26 00:20:49] <@^StreamElements> Check out HutchMF's YouTube at: https://youtube.com/c/HutchMF
[2022-12-26 00:21:19] <@^StreamElements> Keep up with Hutch when he isn't streaming with his Twitter: https://twitter.com/HutchMF
[2022-12-26 00:21:23] <Mr_Sk4z> try chain lightning
[2022-12-26 00:22:03] <%$i_am_nasty> what do you think of mage? shit looks sick
[2022-12-26 00:22:19] <@^StreamElements> Check Out Dune: Awakening Here. https://wehy.pe/t/15/hutchmf
[2022-12-26 00:22:30] VIEWERS: 1 817
[2022-12-26 00:22:32] <drcrimosn902> happy holidays
[2022-12-26 00:22:49] <@^StreamElements> imGlitch Did you know that with Amazon Prime you can redeem a free subscription to any Twitch channel? All you have to do is click subscribe at the top and select Twitch Prime! imGlitch
[2022-12-26 00:23:01] <%Ctrl_AIt_DeFeaT> haste is so op for teams
[2022-12-26 00:23:24] <wristed_> wizard has skill gap ranger DONT lmao
[2022-12-26 00:23:44] <%$i_am_nasty> this game looks so fun, man. thinking about giving it a try
[2022-12-26 00:24:12] <Lamesville> better try fast, the playtest is ending
[2022-12-26 00:24:30] VIEWERS: 1 817
[2022-12-26 00:25:49] <@^StreamElements> Check out HutchMF's YouTube at: https://youtube.com/c/HutchMF
[2022-12-26 00:25:56] <drakovian> LUL
[2022-12-26 00:26:10] <+TRipleJP93> Oh, Good job. xD
[2022-12-26 00:26:19] <@^StreamElements> Did you know that Netflix hides thousands of shows and movies from you based on yourlocation? Good thing you can use ExpressVPN to change your online location to anothercountry to access their movies and shows! Find out more and get 3 extra months for freeusing my link: https://www.expressvpn.com/hutch
[2022-12-26 00:26:26] <wristed_> rogue is as rogue does
[2022-12-26 00:26:31] VIEWERS: 1 756
[2022-12-26 00:26:42] <+tehbigmadbarbarian> me too Kappa
[2022-12-26 00:27:05] <+Mahbody> i feel like switching spells should ne a bit more fluid
[2022-12-26 00:28:31] <%erquilene> zap time?
[2022-12-26 00:28:31] VIEWERS: 1 756
[2022-12-26 00:28:49] <@^StreamElements> We are proud to announce we have partnered with 64 Audio! An amazing audio company specializing in High Quality IEM's. Check them out and use my referral here https://www.64audio.com/?ref=HutchMF Happy Listening!
[2022-12-26 00:29:07] <%+lomgonecold> that heal takes along time
[2022-12-26 00:29:45] <AtesAndrew> the stream is super dark @hutchmf
[2022-12-26 00:30:32] VIEWERS: 1 756
[2022-12-26 00:30:35] <theyluvcycl0ne> yo
[2022-12-26 00:30:40] <alcapwnyy> want a good ranger to round out the squad?  inv YOURMOMSTHONG
[2022-12-26 00:30:48] <+logdog606> lmaoooo
[2022-12-26 00:30:49] <@^StreamElements> Check out HutchMF's YouTube at: https://youtube.com/c/HutchMF
[2022-12-26 00:30:50] <crimsonkking> @AtesAndrew the game is dark bro
[2022-12-26 00:30:56] <drakovian> can you make it darker? Kappa
[2022-12-26 00:30:57] <+TheFinalHeaven> LOL
[2022-12-26 00:30:59] <theNxe> LUL
[2022-12-26 00:31:03] <%+lomgonecold> its not dark  :p  the game is  lol
[2022-12-26 00:31:03] <AtesAndrew> our end is always darker than yours
[2022-12-26 00:31:07] <+Xave_> its not light and lighter lol
[2022-12-26 00:31:11] <theyluvcycl0ne> can we raid someone?
[2022-12-26 00:31:19] <@^StreamElements> Hangout with Hutch and his community while he isn't streaming. Join his Discord at: https://discord.gg/UwfzH5vYjr
[2022-12-26 00:31:21] <ErenStark> gotta play at full brightness lul
[2022-12-26 00:31:34] <theyluvcycl0ne> https://www.twitch.tv/perfectytlive
[2022-12-26 00:31:37] <theyluvcycl0ne> https://www.twitch.tv/perfectytlive raid
[2022-12-26 00:31:48] <+SlimeBucket_> how about a ban
[2022-12-26 00:31:56] <drakovian> F
[2022-12-26 00:32:16] <%+lomgonecold> sounds good @SlimeBucket_    lol
[2022-12-26 00:32:21] <%+bacongrease83> Love you guys
[2022-12-26 00:32:26] <%TooBoredd> 2020Forward
[2022-12-26 00:32:28] <blaringsamurai> See Ya HUTCH IT WAS AWESOME TODAY . MERRY CHRISTMAS !!
[2022-12-26 00:32:29] <refugeeshugforfree> Pce bruv
[2022-12-26 00:32:30] <%MrTwinkie76> hutchmfLove
[2022-12-26 00:32:32] VIEWERS: 1 756
[2022-12-26 00:32:33] <drakovian> have a great night hutch, merry christmas
[2022-12-26 00:32:33] <%+bacongrease83> Merry Chrysler
[2022-12-26 00:32:34] <%Ctrl_AIt_DeFeaT> MERRY CHRISTMAS
[2022-12-26 00:32:36] <%xd0zerx> Merry Christmas! Was fun taking you out in Among Us! @HutchMF
[2022-12-26 00:32:37] <%$StevenB79> Have a great Christmas
[2022-12-26 00:32:37] <%+lomgonecold> have a good time
[2022-12-26 00:32:38] <refugeeshugforfree> u too
[2022-12-26 00:32:39] <AtesAndrew> Merry Xmas!
[2022-12-26 00:32:39] <%+lomgonecold> :)
[2022-12-26 00:32:45] <%JDmaelstrom> take it easy homie!
[2022-12-26 00:32:47] <%Rogue__Kill> Peace
[2022-12-26 00:32:48] <wristed_> MERRY CHRISTMAS MAN
[2022-12-26 00:32:48] <%+lomgonecold> ca
[2022-12-26 00:33:18] <$swivvel> ?
[2022-12-26 00:34:02] <+DishDawg> Merry Christmas.
[2022-12-26 00:34:21] <+DishDawg> He forget to end stream?
[2022-12-26 00:34:32] VIEWERS: 1 781
[2022-12-26 00:35:49] <@^StreamElements> Check out HutchMF's YouTube at: https://youtube.com/c/HutchMF
[2022-12-26 00:36:32] VIEWERS: 1 781
[2022-12-26 00:36:57] ~Stream offline~
[2022-12-26 00:42:32] Viewerstats (00:14-00:34): avg:1 788 min:1 756 max:1 826 [11/1 826+0−35+0+26+0−61+0+0+0+25_]
[2022-12-26 08:37:47] <Sun_Ra___> Spaghetti
# Log closed: 2022-12-27 00:27:14 +0100
-
