# Log started: 2022-12-20 00:00:23 +0100
[2022-12-20 00:00:23] <%TheGyroscopicTree> ironmouseWiggly ironmouseWiggly ironmouseWiggly ironmouseWiggly
[2022-12-20 00:06:35] <%+lunaladybug> ironmousePADORU ironmousePADORU ironmousePADORU
[2022-12-20 00:09:16] <Milspec4> haruchiSnuggle haruchiSnuggle haruchiSnuggle
[2022-12-20 00:13:17] <%TaiGel> ironmousePATS ironmousePATS ironmousePATS ironmousePATS ironmousePATS ironmousePATS ironmousePATS ironmousePATS ironmousePATS ironmousePATS ironmousePATS ironmousePATS ironmousePATS ironmousePATS ironmousePATS
[2022-12-20 00:26:06] <%+lunaladybug> ironmouseNyanhug ironmouseSnuffyhug ironmouseVeihug ironmouseMonkehug
[2022-12-20 01:00:10] <%pixxle82> ironmouseWiggly ironmouseWiggly ironmouseWiggly ironmouseWiggly ironmouseWiggly
[2022-12-20 01:07:40] <tnt_arrow> LUL LUL
[2022-12-20 01:08:07] <Milspec4> haruchiHueggly haruchiHueggly haruchiHueggly haruchiHueggly
[2022-12-20 01:23:26] <%Sylphy_TV> ironmousePop
[2022-12-20 01:23:45] <%TheGyroscopicTree> ironmouseWiggly
[2022-12-20 01:24:24] <%TaiGel> ironmouseLetsgo ironmouseLetsgo ironmouseLetsgo ironmouseLetsgo ironmouseLetsgo ironmouseLetsgo ironmouseLetsgo ironmouseLetsgo ironmouseLetsgo ironmouseLetsgo ironmouseLetsgo ironmouseLetsgo ironmouseLetsgo ironmouseLetsgo
[2022-12-20 01:25:08] <@%^Nightbot> Mouse is currently revamping her reward redemptions and has paused all of them until she has completed her overhaul. There is no estimated date or time for when that will be completed.
[2022-12-20 01:26:24] <%$pouxAyAyA> ironmouseWiggly
[2022-12-20 01:27:27] <%Sylphy_TV> towBlack towFire1 towFire1 towFire2
[2022-12-20 01:28:06] <@%^Nightbot> Escribir en Espa침ol en este chat est치 bien. Exigir constantemente a Mouse que hable o cante en Espa침ol no es permitido y cualquier persona que lo haga ser치 bloqueada temporalmente del chat.
[2022-12-20 01:30:15] <@%^Nightbot> Check out Mouse's feature on the Plasma Hero website here: https://www.plasmahero.org/hero/ironmouse
[2022-12-20 01:31:10] <@%^Nightbot> Check out the video for the Zombie cover by Mouse and the rest of the Vshojo girls here => https://www.youtube.com/watch?v=uRHTosXTebM | Also available on most music streaming services here: ffm.to/vshojozombie
[2022-12-20 01:39:31] <%pixxle82> ironmouseWiggly ironmouseWiggly ironmouseWiggly ironmouseWiggly ironmouseWiggly
[2022-12-20 01:48:10] <Milspec4> haruchiHueggly haruchiHueggly haruchiHueggly haruchiHueggly haruchiHueggly haruchiHueggly haruchiHueggly haruchiHueggly haruchiHueggly haruchiHueggly haruchiHueggly haruchiHueggly haruchiHueggly
[2022-12-20 01:50:05] <%TheGyroscopicTree> ironmouseWiggly ironmouseWiggly ironmouseWiggly ironmouseWiggly ironmouseWiggly
[2022-12-20 01:51:07] <@%^Nightbot> Mouse is currently revamping her reward redemptions and has paused all of them until she has completed her overhaul. There is no estimated date or time for when that will be completed.
[2022-12-20 02:10:20] <%DeadDanganronpaGuy> ironmouseLurk ironmouseLurk ironmouseLurk
[2022-12-20 02:12:52] <%+snarflbargn> ironmouseHihi
[2022-12-20 02:15:13] <@%^Nightbot> Check out Mouse's feature on the Plasma Hero website here: https://www.plasmahero.org/hero/ironmouse
[2022-12-20 02:36:05] <%DeadDanganronpaGuy> ironmouseWiggly ironmouseWiggly ironmouseWiggly ironmouseWiggly ironmouseWiggly ironmouseWiggly ironmouseWiggly ironmouseWiggly ironmouseWiggly ironmouseWiggly ironmouseWiggly ironmouseWiggly ironmouseWiggly
[2022-12-20 02:37:00] <%TheGyroscopicTree> ironmouseWiggly ironmouseWiggly ironmouseWiggly ironmouseWiggly ironmouseWiggly ironmouseWiggly ironmouseWiggly
[2022-12-20 02:37:26] <%$pouxAyAyA> ironmouseWiggly ironmouseWiggly ironmouseWiggly ironmouseWiggly ironmouseWiggly ironmouseWiggly ironmouseWiggly ironmouseWiggly ironmouseWiggly ironmouseWiggly
[2022-12-20 02:38:25] <%pixxle82> ironmouseWiggly ironmouseWiggly ironmouseWiggly ironmouseWiggly ironmouseWiggly ironmouseWiggly ironmouseWiggly ironmouseWiggly ironmouseWiggly ironmouseWiggly
[2022-12-20 02:40:13] <@%^Nightbot> Get a 2 year plan + 4 months free with a huge discount! Just sign up here => https://nordvpn.com/ironmouse
[2022-12-20 02:41:09] <@%^Nightbot> Other than emotes, if you continuously post the same message several times over, it is considered spam, and you will be timed out! if we time you out 3x or more, you will be timed out for 24 hours!!
[2022-12-20 02:43:30] <%+Zaiyal> nootieThumbsUp ironmouseComfy
[2022-12-20 02:43:40] <%DeadDanganronpaGuy> ironmouseHeadpat ironmouseHeadpat ironmouseHeadpat ironmouseHeadpat ironmouseHeadpat ironmouseHeadpat ironmouseHeadpat
[2022-12-20 02:44:04] <Milspec4> ironmouseHeadpat ironmouseHeadpat ironmouseHeadpat ironmouseHeadpat ironmouseHeadpat
[2022-12-20 02:45:12] <@%^Nightbot> Check out Mouse's feature on the Plasma Hero website here: https://www.plasmahero.org/hero/ironmouse
[2022-12-20 02:45:23] <%+lunaladybug> ironmouseWiggly ironmouseWiggly ironmouseWiggly
[2022-12-20 02:46:08] <@%^Nightbot> Get your official Ironmouse merch here => https://ironmouse.store
[2022-12-20 02:58:51] <unoriginal_goat> onigiriRave onigiriCheer hinaboWiggly geegaMonster geegaWiggly geegaNODDERS scjAwww rosedoJam ver0ni1Peace rikkuRaveblin rikkuJammies rikkuRoll
[2022-12-20 03:06:03] <Milspec4> haruchiHueggly haruchiHueggly haruchiHueggly haruchiHueggly haruchiHueggly haruchiHueggly
[2022-12-20 03:10:03] <hyperui> ironmousePARTY ironmousePARTY ironmousePARTY
[2022-12-20 03:46:46] <%speedking1994> ironmouseBANHAMMER
[2022-12-20 03:53:50] <%Sylphy_TV> ironmouseBANHAMMER
[2022-12-20 04:13:42] <%Tyyuki> ironmouseJam ironmouseJam ironmouseJam ironmouseJam ironmouseJam ironmouseJam ironmouseJam ironmouseJam ironmouseJam
[2022-12-20 04:15:50] BAN: insecurecherrio
[2022-12-20 04:16:34] <%Sylphy_TV> ironmouseBANHAMMER
[2022-12-20 04:19:22] <%Lovaic> ironmouseJam ironmouseJam ironmouseJam ironmouseJam ironmouseJam
[2022-12-20 04:21:10] <@%^Nightbot> Other than emotes, if you continuously post the same message several times over, it is considered spam, and you will be timed out! if we time you out 3x or more, you will be timed out for 24 hours!!
[2022-12-20 04:44:38] <Kenobi_Snacker> fillyWaves
[2022-12-20 06:51:28] <%TaiGel> ironmouseWiggly ironmouseWiggly ironmouseWiggly ironmouseWiggly ironmouseWiggly ironmouseWiggly ironmouseWiggly ironmouseWiggly ironmouseWiggly ironmouseWiggly ironmouseWiggly ironmouseWiggly ironmouseWiggly ironmouseWiggly ironmouseWiggly ironmouseWiggly ironmouseWiggly ironmouseWiggly ironmouseWiggly
[2022-12-20 06:54:00] [Usernotice] Ishabewwa converted from a Prime sub to a Tier 1 sub!
[2022-12-20 07:14:39] <%Tyyuki> ironmousePop ironmousePop ironmousePop
[2022-12-20 07:45:52] <%TaiGel> ironmouseLetsgo ironmouseLetsgo ironmouseLetsgo ironmouseLetsgo ironmouseLetsgo
[2022-12-20 07:47:57] <%speedking1994> ironmouseWiggly ironmouseWiggly ironmouseWiggly ironmouseWiggly ironmouseWiggly
[2022-12-20 07:50:08] <@%^Nightbot> Mouse is currently revamping her reward redemptions and has paused all of them until she has completed her overhaul. There is no estimated date or time for when that will be completed.
[2022-12-20 09:48:56] [Notification] WhafIez subscribed with Prime.
[2022-12-20 11:57:14] <%TaiGel> ironmouseWiggly ironmouseWiggly ironmouseWiggly ironmouseWiggly ironmouseWiggly
[2022-12-20 13:35:46] <%Mazakann> ironmouseWiggly
[2022-12-20 14:30:36] <%Dusk_N13> ironmouseWiggly
[2022-12-20 15:10:58] [Notification] Carlzzon83 subscribed with Prime.
[2022-12-20 16:54:52] <%pixxle82> ironmouseWiggly ironmouseWiggly ironmouseWiggly
[2022-12-20 16:58:45] [Notification] DJW3 subscribed with Prime.
[2022-12-20 18:03:54] <OgNteRiver> ironmouseHeadpat ironmouseHeadpat ironmouseHeadpat
[2022-12-20 18:08:30] [Notification] BartekNew subscribed at Tier 1. They've subscribed for 11 months, currently on a 11 month streak!
[2022-12-20 18:41:42] <Originalnickname1> niiinyBlep
[2022-12-20 19:58:21] <%$Bloody_Lunacy> ironmouseWiggly
[2022-12-20 20:00:14] <%pixxle82> ironmouseWiggly ironmouseWiggly
[2022-12-20 20:01:19] <@%^Nightbot> Check out Mouse's feature on the Plasma Hero website here: https://www.plasmahero.org/hero/ironmouse
[2022-12-20 21:43:58] <%speedking1994> ironmouseWiggly
[2022-12-20 22:19:41] <%Sylphy_TV> aicWAVE ironmousePop
[2022-12-20 22:28:45] <%XQzYou> ironmouseWiggly
[2022-12-20 23:11:24] <taylor42000> ironmousePARTY ironmousePARTY ironmousePARTY ironmousePARTY ironmousePARTY
[2022-12-20 23:45:15] <%pixxle82> ironmouseWiggly ironmouseWiggly ironmouseWiggly ironmouseWiggly ironmouseWiggly
[2022-12-20 23:45:25] <%TheGyroscopicTree> ironmouseWiggly ironmouseWiggly ironmouseWiggly ironmouseWiggly ironmouseWiggly
[2022-12-20 23:46:07] <@%^Nightbot> Check out Mouse's feature on the Plasma Hero website here: https://www.plasmahero.org/hero/ironmouse
[2022-12-20 23:50:10] <@%^Nightbot> Mouse is currently revamping her reward redemptions and has paused all of them until she has completed her overhaul. There is no estimated date or time for when that will be completed.
