# Log started: 2022-12-06 23:35:57 +0100
[2022-12-06 23:35:57] ~Feeling a bit Better - Comfy Long Drive! - !gs !razer (The Long Drive)~
[2022-12-06 23:35:57] Joining #cirno_tv..
[2022-12-06 23:35:57] You have joined #cirno_tv
[2022-12-06 23:35:57] VIEWERS: 687
[2022-12-06 23:35:58] <%cecil20tv> @DoctorJamesRustles cirHi
[2022-12-06 23:35:59] <%HereToSpamNuttykSlain> @HereToSpamCirSlain cirSenko
[2022-12-06 23:35:59] <%DoctorJamesRustles> HereToSpamCirSlain cirSlain
[2022-12-06 23:36:00] <%Ebrietas_chan> HereToSpamCirSlain cirBoogie
[2022-12-06 23:36:00] <%WotsOnSecond> @HereToSpamCirSlain oyaHug
[2022-12-06 23:36:01] <@Zen_Wan> WanWan Only the WAN that erases can write the true thing WanWan
[2022-12-06 23:36:03] <Ryodragon7> @RobotIsBroken say Don't @
[2022-12-06 23:36:04] <%DoctorJamesRustles> cecil20tv cirPat
[2022-12-06 23:36:05] <%HereToSpamCirSlain> a_name_that_isnt_taken cirPat cirLove
[2022-12-06 23:36:05] <%Sniper180> HereToSpamCirSlain cirLove
[2022-12-06 23:36:06] <!%RobotIsBroken> Don't @ me paimonTantrum ∠( ᐛ 」∠)＿
[2022-12-06 23:36:11] <%blinktemplar> maybe its naros alt cirFumo
[2022-12-06 23:36:11] <%DoctorJamesRustles> animethighs
[2022-12-06 23:36:11] <%Sniper180> @RobotIsBroken
[2022-12-06 23:36:14] <%NeoQuixotic> @RobotIsBroken cirBrows
[2022-12-06 23:36:25] <Michell616> @RobotIsBroken Say Don't
[2022-12-06 23:36:25] <%A_Name_That_Isnt_Taken> paimonTantrum
[2022-12-06 23:36:28] <%HereToSpamCirSlain> @wotsonsecond cirPat cirLove
[2022-12-06 23:36:31] <%IsMisk> @RobotIsBroken cirAngy
[2022-12-06 23:36:36] <!%RobotIsBroken> oh NYO ლ(´ڡ`ლ)
[2022-12-06 23:36:42] <%NeoQuixotic> nyoron oh nyo
[2022-12-06 23:36:42] <!%RobotIsBroken> Don't remember if they get to wach
[2022-12-06 23:36:49] <%IsMisk> @RobotIsBroken say CirnoDance
[2022-12-06 23:36:54] VIEWERS: 687
[2022-12-06 23:36:57] <%alpha_5h311> oh nyo
[2022-12-06 23:36:58] <%Zuriel> nyoron
[2022-12-06 23:36:58] <%razorxscooter> Saw a nice Nemono lewd cirNeuron
[2022-12-06 23:37:03] <dup99> fumoW
[2022-12-06 23:37:04] VIEWERS: 687
[2022-12-06 23:37:09] <%razorxscooter> She wanted to battle donkTalk
[2022-12-06 23:37:11] <%+boldCactuslad> fumoW
[2022-12-06 23:37:16] <%HereToSpamCirSlain> @razorxscooter cirO cirPat
[2022-12-06 23:37:17] <%IsMisk> CirnoDance TAX EVASION CirnoDance
[2022-12-06 23:37:24] <Cutter1505> Without that door will you get thrown out of the car when you eventually crash?
[2022-12-06 23:37:25] <%HereToSpamCirSlain> @boldcactuslad cirPat cirLove
[2022-12-06 23:37:26] <%Sniper180> cirFat
[2022-12-06 23:37:26] <%razorxscooter> SoyPoint
[2022-12-06 23:37:26] <%+Oblivion___TV> the only fan art of Nemono i've seen is her as Goku
[2022-12-06 23:37:29] <%NeoQuixotic> Is it smug though? nepsMug
[2022-12-06 23:37:31] <%SirClud> @RobotIsBroken say comfyLeave
[2022-12-06 23:37:32] <%+boldCactuslad> @HereToSpamCirSlain cirLove cirPat
[2022-12-06 23:37:35] <%+Gelil> Stein, ja?
[2022-12-06 23:37:35] <%razorxscooter> @heretospamcirslain donkTalk
[2022-12-06 23:37:36] <Michell616> You have tiny hands?
[2022-12-06 23:37:45] <%BlackLunar> How is the music in this game so good
[2022-12-06 23:37:46] <%Sniper180> RobotIsBroken say tags:
[2022-12-06 23:37:46] <!%RobotIsBroken> tags: sword growth (╭☞ ͠°ᗜ °)╭☞
[2022-12-06 23:37:47] <%A_Name_That_Isnt_Taken> OhImGay
[2022-12-06 23:37:49] <%zugbar> giant ass? CirnoDance
[2022-12-06 23:37:52] <%Sniper180> KyaruBoner
[2022-12-06 23:38:13] <%razorxscooter> See chat, once youre close to mid-30s you become bedridden like Cirno
[2022-12-06 23:38:13] <!%RobotIsBroken> comfyLeave Free I guess that is pretty effective I think. Really screwed up in court 👮
[2022-12-06 23:38:16] <%razorxscooter> Sadge
[2022-12-06 23:38:27] <%NeroPhantom_37> cirCop
[2022-12-06 23:38:27] <%Sniper180> cirSuffering
[2022-12-06 23:38:32] <%A_Name_That_Isnt_Taken> chibidokiNOTED
[2022-12-06 23:38:32] <%NeoQuixotic> oldOld
[2022-12-06 23:38:41] <%+MalSharpe> once you're 39, you're fucking dead Deadlole
[2022-12-06 23:38:45] <%Illylia> No no, it tracks, I'm 29 and my health is shot cirOk
[2022-12-06 23:38:51] <LEWattcher> cirno is playing in his bed?
[2022-12-06 23:38:52] <%Wynard> it's true, I am already on life support COPIUM
[2022-12-06 23:38:56] <Lss40> I remember when Cirno was  28 and I thought he's fuckin old
[2022-12-06 23:39:01] <%Vendryth> It's okay, a necromancer gets you back up when you hit 40.
[2022-12-06 23:39:01] <%+TheBitingIrish> cirComfyLurk
[2022-12-06 23:39:05] VIEWERS: 614
[2022-12-06 23:39:05] <%A_Name_That_Isnt_Taken> and people dying of hypothermia feel hot cirFairy
[2022-12-06 23:39:08] <%NeoQuixotic> rooLewd
[2022-12-06 23:39:08] <@%Duo11> naroBlush
[2022-12-06 23:39:08] <%razorxscooter> naroISee
[2022-12-06 23:39:09] <%+gtbfire> OwO
[2022-12-06 23:39:09] <PHILMEDICK> drututFlushed
[2022-12-06 23:39:09] <%zugbar> cirLewd
[2022-12-06 23:39:10] <%Zalinero_> cirBrows
[2022-12-06 23:39:10] <%+Gelil> cirGao
[2022-12-06 23:39:10] <birdy_xo> kuroLewd
[2022-12-06 23:39:12] <%Sniper180> kuroLewd
[2022-12-06 23:39:13] <%$BoSteed> Feeling good is the first sign that you are dying. OkuuNODDERS
[2022-12-06 23:39:14] <%Xyloose> cirLeave
[2022-12-06 23:39:15] <%NeroPhantom_37> Chat I'm turning 27 at 29th cirLewd
[2022-12-06 23:39:18] <%Mick0las> cirMiku cirMiku
[2022-12-06 23:39:19] <%+MalSharpe> kuroLewd
[2022-12-06 23:39:22] <%alpha_5h311> 43 years old here and falling apart, checks out
[2022-12-06 23:39:35] <%razorxscooter> Ok, I start my turn with Pot of Greed. Then I send everything else to the graveyard CirnoDabbing
[2022-12-06 23:39:37] <%+DRKO_> Okay cirLewd
[2022-12-06 23:39:40] <%blinktemplar> DIESOFCRINGE
[2022-12-06 23:39:44] <%Sniper180> cirD that poor tumbleweed
[2022-12-06 23:39:45] <%cecil20tv> @Xyloose @alpha_5h311 @NeroPhantom_37 @PHILMEDICK cirHi
[2022-12-06 23:39:51] <%NeroPhantom_37> @cecil20tv manyPats
[2022-12-06 23:39:55] <%A_Name_That_Isnt_Taken> check the roof
[2022-12-06 23:39:56] <steallreyvn> So what's the deal with NPCs? They just get mad at you?
[2022-12-06 23:40:02] <%razorxscooter> @sniper180  You excited for the card game in Jenshin? HungryPaimon
[2022-12-06 23:40:09] <steallreyvn> Oh.
[2022-12-06 23:40:09] <%+Oblivion___TV> @razorxscooter what does pot of greed do?
[2022-12-06 23:40:12] <%blinktemplar> monkaS
[2022-12-06 23:40:14] VIEWERS: 614
[2022-12-06 23:40:14] <%+Gelil> Shotgun?
[2022-12-06 23:40:18] <%Sniper180> @razorxscooter HungryPaimon im interested to see how it plays
[2022-12-06 23:40:19] <Scelia> hot
[2022-12-06 23:40:19] <%A_Name_That_Isnt_Taken> cirMini KannaNom
[2022-12-06 23:40:20] <%Kaleith> what's wrong with wanting to eat you?
[2022-12-06 23:40:31] <%razorxscooter> Bad gas cirUhOh
[2022-12-06 23:40:35] <MofuLord> fart
[2022-12-06 23:40:37] <%Illylia> Should mod the cannibals to be BALDI
[2022-12-06 23:41:00] <%NeroPhantom_37> @A_Name_That_Isnt_Taken manyPats
[2022-12-06 23:41:03] <@Zen_Wan> WanWan In pale moonlight / the WAN's scent / comes from far away WanWan
[2022-12-06 23:41:05] VIEWERS: 624
[2022-12-06 23:41:06] <%shovelzombie> baldiPog
[2022-12-06 23:41:08] <%NeroPhantom_37> wanPls
[2022-12-06 23:41:10] <Nasuxyume> baldiPog
[2022-12-06 23:41:13] <birdy_xo> baldiPog
[2022-12-06 23:41:17] <Kardiiac> @Illylia can we make the skellytons sweeping time?
[2022-12-06 23:41:17] <%Illylia> The fuck is a moments badge? cirWut
[2022-12-06 23:41:20] <%gato_one> Wow! You're Inedible
[2022-12-06 23:41:44] <%feliciaokonma> Hi chat cirBak
[2022-12-06 23:41:45] <%NeoQuixotic> BaldiPls
[2022-12-06 23:41:53] <MofuLord> christ
[2022-12-06 23:41:53] <birdy_xo> wow dedication
[2022-12-06 23:41:53] <%+MalSharpe> feliciaokonma cirBak
[2022-12-06 23:41:54] <%Zalinero_> what cirLaugh
[2022-12-06 23:41:55] <%Bobtron007> Hey feliciaokonma cirTuru
[2022-12-06 23:41:56] <%Sniper180> cirSlain jesus
[2022-12-06 23:41:58] <%+gtbfire> This sounds like torture
[2022-12-06 23:41:59] <%SirClud> @Illylia It's when Cirno does something POGGERS . That's why they're very rare cirSmug
[2022-12-06 23:41:59] <%shovelzombie> RoWhat
[2022-12-06 23:41:59] <%Zuriel> @feliciaokonma cirBak
[2022-12-06 23:41:59] <%けにょ (kenyo___)> cirSlain
[2022-12-06 23:42:00] <%Mybash_> How many is there?
[2022-12-06 23:42:01] <%NeroPhantom_37> Wow! You're Inevitable!
[2022-12-06 23:42:03] <%Mybash_> 9999?
[2022-12-06 23:42:04] <%HereToSpamNuttykSlain> ... why? nuttykSlain
[2022-12-06 23:42:06] <%+Gelil> RIP his mental health
[2022-12-06 23:42:07] <%A_Name_That_Isnt_Taken> feliciaokonma cirBak
[2022-12-06 23:42:09] <%Bobtron007> Does he have a mod that lets him set the seed?
[2022-12-06 23:42:09] <%$BoSteed> baldiPog I've got Baldi seed for you
[2022-12-06 23:42:11] <%Mybash_> LUL
[2022-12-06 23:42:13] <@%Draconyite> even Moon's on dat baldi grind
[2022-12-06 23:42:20] <%alpha_5h311> that is a man with a level of persistence and dedication that is completely alien to me
[2022-12-06 23:42:40] <%razorxscooter> Baldi's CBT PlsRember
[2022-12-06 23:42:48] <konakona11> NOPERS
[2022-12-06 23:42:51] <%WotsOnSecond> baldiPog
[2022-12-06 23:42:53] <%Pandreion> NOPERS
[2022-12-06 23:42:59] <Nasuxyume> NOPERS
[2022-12-06 23:43:01] <%NeroPhantom_37> @Cirno_TV can you delight us with one gachi song? ROWOW
[2022-12-06 23:43:04] <mingeblanket> hey sorry for bringing up politics but tifa or aerith
[2022-12-06 23:43:05] VIEWERS: 624
[2022-12-06 23:43:08] <PHILMEDICK> D:
[2022-12-06 23:43:14] <Nasuxyume> Gachi song? MenCheck
[2022-12-06 23:43:16] <Kardiiac> but i like watching cirno playing baldi
[2022-12-06 23:43:18] <steallreyvn> It's Tifa. Every time.
[2022-12-06 23:43:26] <%Band_of_Goblins> Chat I can’t feel my face cirO
[2022-12-06 23:43:26] <@%Draconyite> bolth tifa and aerith
[2022-12-06 23:43:31] <%NeroPhantom_37> PauseChamp
[2022-12-06 23:43:34] <%A_Name_That_Isnt_Taken> KyaruBoner ?
[2022-12-06 23:43:35] VIEWERS: 624
[2022-12-06 23:43:36] <%+Gelil> RobotIsBroken say HandsUp :
[2022-12-06 23:43:38] <!%RobotIsBroken> HandsUp : ⣿⣿⣿⣿⡿⠿⢿⣿⣿⣿⣿⣿⣿⣿⣿⣿⣿⣿⣿⣿⣿⣿⣿⣿⣿⣿⣿⣿⣿⣿ ⣿⣿⡿⠁⣀⣤⣤⣄⢿⣿⣿⣿⣿⣿⣿⣿⠋⠁⣀⣀⡀⠙⣿⣿⣿⣿⣿⣿⣿⣿ ⣿⣿⠁⢀⣟⣓⡲⣿⡡⣿⣿⣿⣿⣿⣿⠃⢠⣽⠿⢿⣿⣦⢹⣿⣿⣿⣿⣿⣿⣿ ⣿⣿⣄⣘⣿⡟⡽⠾⠜⢹⣿⣿⣿⣿⠫⡆⣿⣿⣭⣰⡟⢉⢺⣿⣿⣿⣿⣿⣿⣿ ⣿⣿⡵⣿⣿⣿⣶⣬⡶⣸⣿⣿⣿⣿⢺⣻⣿⡟⡵⢿⡅⡇⣿⣿⠟⠻⠿⢿⣿⣿ ⣿⣿⣷⣸⣿⣿⣿⣿⢧⣿⣿⣿⡿⣡⣿⣧⢻⣿⣮⣅⢗⣽⠋⢀⣄⡀⠄⠄⠹⣿ ⣿⣿⣿⢱⣿⣿⣿⣿⣼⣿⣿⢋⣼⣿⣿⣿⠗⣬⣯⣵⣿⡧⢱⣿⢛⢿⣷⣦⣀⣿ ⣿⣿⣿⢸⣿⣿⣿⡇⣿⡿⢡⣿⣿⣿⡿⣣⣾⣿⡿⢟⣻⣅⣿⡷⣾⣟⣑⡮⣼⣿ ⣿⣿⣿⢸⣿⣿⣿⣧⢿⢧⣾⣿⣿⣿⣱⡿⢟⣭⣾⣿⣿⣿⢿⠒⡭⡞⠟⣼⣿⣿ ⣿⣿⣿⡎⣿⣿⣿⣿⣶⣼⣿⣿⣿⣗⣩⣾⣿⣿⡿⢟⣛⣭⣭⣽⣯⣵⣿⣿⣿⣿ ⣿⣿⣿⡇⣿⣿⣿⣿⣿⣿⣿⣿⣿⣿⣿⣿⢟⣩⣾⣿⣿⣿⣿⠿⠛⠛⠛⢿⣿⣿ ⣿⣿⣿⡇⢻⣿⣿⣿⣿⣿⣿⣿⣿⣿⣿⢃⣾⣿⣿⣿⣿⣿⡏⣤⣶⣤⣄⡀⣼⣿ ⣿⣿⣿⡇⢸⣿⣿⣿⣿⣿⣿⣿⣿⣿⡇⢾⣿⣿⣿⣿⣿⣿⢽⣏⣩⡟⠛⠇⣿⣿ ⣿⣿⣿⣧⢸⣿⣿⣿⣿⣿⣿⣿⣿⣿⣿⣶⣿⣿⣿⣯⣭⣽⣾⡯⢛⣨⡿⣰⣿⣿
[2022-12-06 23:43:38] <%Zuriel> naroSlain
[2022-12-06 23:43:41] <%+Zaraji> OH YEAH
[2022-12-06 23:43:41] <%NeroPhantom_37> OMEGALUL
[2022-12-06 23:43:43] <%razorxscooter> OHHHHYEEEA
[2022-12-06 23:43:44] <%Bobtron007> cirLaugh
[2022-12-06 23:43:44] <%A_Name_That_Isnt_Taken> gachiHYPER
[2022-12-06 23:43:44] <%$Illylia> OH YEAH
[2022-12-06 23:43:44] <%NeroPhantom_37> IT WORKS TOO
[2022-12-06 23:43:46] <%Sniper180> LUL
[2022-12-06 23:43:46] <%dark_shino> YAAAY
[2022-12-06 23:43:47] <%Mybash_> ?
[2022-12-06 23:43:48] <birdy_xo> OH YEAH
[2022-12-06 23:43:48] <ChaosLordR> gachiGASM
[2022-12-06 23:43:50] <%shovelzombie> billyReady
[2022-12-06 23:43:51] <konakona11> DIESOFCRINGE
[2022-12-06 23:43:52] <%mikewhited32> JAPANESEGOBLIN
[2022-12-06 23:43:52] <Nasuxyume> 🪵 YAAAY
[2022-12-06 23:43:55] <%IsMisk> OH YEAH cirGa
[2022-12-06 23:43:57] <%razorxscooter> PLAY THE WHOLE THING elaMad
[2022-12-06 23:43:57] <%WotsOnSecond> catJAM
[2022-12-06 23:44:00] <%Zuriel> IkuRocking
[2022-12-06 23:44:00] <%NeroPhantom_37> gachiRoll
[2022-12-06 23:44:01] <%YasameKH> cirWut
[2022-12-06 23:44:02] <%Kaleith> DIESOFCRINGE
[2022-12-06 23:44:05] <Nasuxyume> cirJAM
[2022-12-06 23:44:05] <%$1tsblt> cirRave
[2022-12-06 23:44:06] <AndersonFerreira> I'm a centrist, and by centrist I mean I want both to sandwich me
[2022-12-06 23:44:09] <%Bobtron007> You’re gonna play the album during the Christmas subathon, right Cirno? cirISee
[2022-12-06 23:44:10] <%SirClud> cirRave
[2022-12-06 23:44:12] <%razorxscooter> Thats why we want it
[2022-12-06 23:44:14] <%WotsOnSecond> UNDIESOFCRINGE
[2022-12-06 23:44:15] <%$Illylia> It's a wonderful cringe though
[2022-12-06 23:44:18] <Nasuxyume> UNDIESOFCRINGE
[2022-12-06 23:44:20] <%NeroPhantom_37> then play gachi if it's cringe cirAngy
[2022-12-06 23:44:21] <%+X_eroz> cirRave RaveTime hey chat
[2022-12-06 23:44:25] <%+Gelil> kumaPls
[2022-12-06 23:44:29] <Nasuxyume> @X_eroz hello bepWide
[2022-12-06 23:44:30] <%$BoSteed> 🎷 BirbRave
[2022-12-06 23:44:42] <%Zuriel> 🪨 naroWOW
[2022-12-06 23:44:45] <%+X_eroz> cirLove @nasuxyume
[2022-12-06 23:44:48] <%nazzurro> it's Cirno! cirWow
[2022-12-06 23:44:49] <%NeroPhantom_37> 🪨 RaveTime
[2022-12-06 23:44:52] <konakona11> no u POGGERS
[2022-12-06 23:45:02] <!%RobotIsBroken> this coffee tastes funny ironmouseMeltdown
[2022-12-06 23:45:03] <%+MalSharpe> X_eroz cirHi
[2022-12-06 23:45:03] <AndersonFerreira> christmas touhou songs would be cool, if that's a thing
[2022-12-06 23:45:03] <MofuLord> the long walk
[2022-12-06 23:45:05] VIEWERS: 624
[2022-12-06 23:45:06] <Cutter1505> NotLikeThis
[2022-12-06 23:45:09] <!%RobotIsBroken> id prob lose it LuL
[2022-12-06 23:45:10] <%A_Name_That_Isnt_Taken> X_eroz RainbowPls
[2022-12-06 23:45:11] <birdy_xo> catJAM GuitarTime
[2022-12-06 23:45:17] <%nazzurro> tired after a long day cirComfy
[2022-12-06 23:45:17] <%cecil20tv> @X_eroz @nazzurro cirHi
[2022-12-06 23:45:19] <Kirisa_Rinsei> kanasDed RaveTime
[2022-12-06 23:45:29] <%+X_eroz> cirKizz @a_name_that_isnt_taken @cecil20tv @malsharpe
[2022-12-06 23:45:30] <%Band_of_Goblins> JAPANESEGOBLIN hi chat
[2022-12-06 23:45:33] <%A_Name_That_Isnt_Taken> even 90's porn 2hu music? cirISee
[2022-12-06 23:45:35] <%nazzurro> cecil20tv oyaHug
[2022-12-06 23:45:37] <birdy_xo> JAPANESEGOBLIN
[2022-12-06 23:45:42] <!%HannahHyrule> touhou music is so good POGGIES
[2022-12-06 23:45:43] <%A_Name_That_Isnt_Taken> Band_of_Goblins cirHi
[2022-12-06 23:45:44] <%Bobtron007> Hey Band_of_Goblins cirTuru
[2022-12-06 23:45:45] <%+MalSharpe> Band_of_Goblins JAPANESEGOBLIN
[2022-12-06 23:45:46] <Cutter1505> Try putting the diesel in your tank
[2022-12-06 23:45:46] <%+X_eroz> cirHi @band_of_goblins @nazzurro
[2022-12-06 23:45:49] <!%HannahHyrule> I listen to the bossa nova stuff every day
[2022-12-06 23:45:50] <%Bobtron007> Hey Hannah cirTuru
[2022-12-06 23:45:51] <%+Zaraji> TaBeRu
[2022-12-06 23:45:53] <%Zuriel> @Band_of_Goblins JAPANESEGOBLIN
[2022-12-06 23:45:53] <%feliciaokonma> @cecil20tv cirLove
[2022-12-06 23:45:55] <Nasuxyume> FumoBounce SnowTime
[2022-12-06 23:45:57] <+Dustmasc> I thought the car would be longer
[2022-12-06 23:46:05] <!%HannahHyrule> Bobtron007 sodaWave
[2022-12-06 23:46:05] <@Zen_Wan> WanWan The higher we are placed, the more humbly we should WAN WanWan
[2022-12-06 23:46:06] <Cutter1505> TableHere
[2022-12-06 23:46:14] <%+X_eroz> cirLove @bobtron007 @demeorin
[2022-12-06 23:46:14] <%nazzurro> X_eroz band_of_goblins cirTuru
[2022-12-06 23:46:15] <%A_Name_That_Isnt_Taken> cirAngy 🚗
[2022-12-06 23:46:19] <%+Zaraji> Pog
[2022-12-06 23:46:21] <Nasuxyume> POGGERS
[2022-12-06 23:46:22] <!%HannahHyrule> tobsWICKED
[2022-12-06 23:46:22] <%Bobtron007> Hey X_eroz cirTuru
[2022-12-06 23:46:26] <%Sniper180> POGGERS
[2022-12-06 23:46:26] <%cecil20tv> @Dustmasc @feliciaokonma @HannahHyrule cirHi
[2022-12-06 23:46:27] <!%biggdeck> cirLaugh gottem
[2022-12-06 23:46:28] <birdy_xo> POGGERS
[2022-12-06 23:46:28] <%Zuriel> SkeletonPls
[2022-12-06 23:46:30] <%+MalSharpe> POGGERS
[2022-12-06 23:46:32] <%shovelzombie> SkeletonPls
[2022-12-06 23:46:33] <!%HannahHyrule> SkeletonPls
[2022-12-06 23:46:35] <%Sniper180> skelly boy is back Daijoubu
[2022-12-06 23:46:38] <%+X_eroz> cirLove @biggdeck
[2022-12-06 23:46:39] <birdy_xo> SkeletonPls
[2022-12-06 23:46:40] <!%biggdeck> cirNom
[2022-12-06 23:46:40] <%feliciaokonma> @biggdeck cirFumo
[2022-12-06 23:46:42] <!%biggdeck> X_eroz cirLove
[2022-12-06 23:46:44] <%SkittlesCorgi> HEy guys
[2022-12-06 23:46:44] <!%biggdeck> feliciaokonma cirAYAYA
[2022-12-06 23:46:49] <%Band_of_Goblins> Biggdeck cirNilla
[2022-12-06 23:46:51] <%nazzurro> this is like the music at the end of the 90s sitcom when we all learn a valuable lesson
[2022-12-06 23:46:54] <%Demeorin> X_eroz hihi cirLove
[2022-12-06 23:46:56] VIEWERS: 592
[2022-12-06 23:46:56] <%+MalSharpe> SkittlesCorgi cirHi
[2022-12-06 23:46:58] <%A_Name_That_Isnt_Taken> SkittlesCorgi cirHi
[2022-12-06 23:47:05] VIEWERS: 592
[2022-12-06 23:47:06] <Nasuxyume> @SkittlesCorgi hello CorgiDerp /
[2022-12-06 23:47:10] <%+X_eroz> @skittlescorgi cirTuru
[2022-12-06 23:47:11] <%Zlababababan> niacBlob
[2022-12-06 23:47:32] <Dimortilus> what if the real friends was miles we drove along the way
[2022-12-06 23:47:32] <%+MalSharpe> You were flying like two days ago
[2022-12-06 23:47:37] <%A_Name_That_Isnt_Taken> cirno has gotten like 10,000% more airtime in this game than the space program game cirFairy
[2022-12-06 23:47:38] <%nazzurro> YAAAY
[2022-12-06 23:47:39] <Nasuxyume> cirMing
[2022-12-06 23:47:50] <@%Draconyite> wa-wa-wa-wait the game show is today? Pog
[2022-12-06 23:47:51] <!BluBlu_BluBlo> @Cirno_TV you better rest well today and not stream too much snuffle fairy NepGlare
[2022-12-06 23:47:54] <%nazzurro> don't mess with a fever NOPERS
[2022-12-06 23:48:00] <%+Zaraji> COPIUM i'll get that steam deck prize watching game awards
[2022-12-06 23:48:00] <%+X_eroz> just blew some leaves off the driveway, got the shaky hand now cirBak
[2022-12-06 23:48:01] <birdy_xo> :)
[2022-12-06 23:48:03] <konakona11> :)
[2022-12-06 23:48:04] <Dimortilus> :)
[2022-12-06 23:48:06] <+serf18> is there a flying mod on this game?
[2022-12-06 23:48:07] <%nazzurro> :)
[2022-12-06 23:48:12] <%SkittlesCorgi> Just spend 400Euro at vet again. Man. my cat is bleeding me ry the past 2 months
[2022-12-06 23:48:13] <%A_Name_That_Isnt_Taken> cirBox
[2022-12-06 23:48:16] <@%Draconyite> snuffle up agus
[2022-12-06 23:48:17] <%mikewhited32> will you be raiding the gameshow cirIC
[2022-12-06 23:48:20] <%Sniper180> cirHappy
[2022-12-06 23:48:20] <%Kaleith> skadiWhale
[2022-12-06 23:48:21] <%A_Name_That_Isnt_Taken> uhh cirno
[2022-12-06 23:48:22] <Dimortilus> oops
[2022-12-06 23:48:23] <Nasuxyume> skadiWhale
[2022-12-06 23:48:26] <%sb_pachyderm> naroRage
[2022-12-06 23:48:27] <%A_Name_That_Isnt_Taken> we can see a bit of that there
[2022-12-06 23:48:27] <%Krumkage> skadiWhale
[2022-12-06 23:48:28] <%+X_eroz> cirThink
[2022-12-06 23:48:29] <birdy_xo> skadiWhale
[2022-12-06 23:48:30] <+serf18> LEaked LUL
[2022-12-06 23:48:32] <%$BoSteed> TaBeRu
[2022-12-06 23:48:32] <%hardstones> UUH
[2022-12-06 23:48:34] <%SkittlesCorgi> no paypal on stream
[2022-12-06 23:48:35] <%nazzurro> I'm in HACKERMANS
[2022-12-06 23:48:38] <%Vock186> skadiWhale
[2022-12-06 23:48:39] <!%RobotIsBroken> skadiWhale
[2022-12-06 23:48:43] <%$BoSteed> anal.txt cirIori
[2022-12-06 23:48:44] <momiji666> Sounds like twitch
[2022-12-06 23:48:45] <%hardstones> that could have been VERY Monka
[2022-12-06 23:48:49] [Notification] Draconyite gifted a Tier 1 sub to BluBlu_BluBlo! They have given 2 Gift Subs in the channel! BluBlu_BluBlo has subscribed for 14 months!
[2022-12-06 23:48:49] <Dimortilus> @RobotIsBroken say pee pee
[2022-12-06 23:48:50] <!%RobotIsBroken> pee pee EHEHE (╭☞ ͠°ᗜ °)╭☞
[2022-12-06 23:48:53] <%A_Name_That_Isnt_Taken> may want to check that we didnt see anyhting there cirno
[2022-12-06 23:48:54] <%Zuriel> cirHonk
[2022-12-06 23:48:55] <@%Draconyite> beat you
[2022-12-06 23:48:56] <%shovelzombie> TaBeRu
[2022-12-06 23:48:57] [Points] hardstones redeemed Throw something at me (5 000)
[2022-12-06 23:48:58] <@%Draconyite> get sniped
[2022-12-06 23:48:58] <%+MalSharpe> sniped
[2022-12-06 23:48:58] <@%Draconyite> nerd
[2022-12-06 23:48:59] <!%BluBlu_BluBlo> cirSlain
[2022-12-06 23:49:01] <birdy_xo> LUL
[2022-12-06 23:49:02] <%$BoSteed> Rekt PepeLaugh
[2022-12-06 23:49:03] <%+X_eroz> cirLaugh
[2022-12-06 23:49:03] <Nasuxyume> cirBrows
[2022-12-06 23:49:04] <%Karkeys_D> cirLaugh
[2022-12-06 23:49:05] <%Krumkage> cirLaugh
[2022-12-06 23:49:06] VIEWERS: 592
[2022-12-06 23:49:08] <%FelpsWS> cirLaugh
[2022-12-06 23:49:09] <%+ChaliElle> cirLaugh
[2022-12-06 23:49:09] <!%RobotIsBroken> cirLaugh
[2022-12-06 23:49:10] <%Sniper180> LUL
[2022-12-06 23:49:12] <%+X_eroz> sniped
[2022-12-06 23:49:12] <%feliciaokonma> cirLaugh
[2022-12-06 23:49:16] <%Zuriel> SkeletonPls
[2022-12-06 23:49:18] <%$BoSteed> SkeletonPls
[2022-12-06 23:49:19] <%Krumkage> SkeletonPls
[2022-12-06 23:49:20] <%YasameKH> cirLaugh
[2022-12-06 23:49:20] <birdy_xo> SkeletonPls
[2022-12-06 23:49:21] <%OhIToot> SkeletonPls
[2022-12-06 23:49:21] <Dimortilus> nice
[2022-12-06 23:49:21] <!%RobotIsBroken> SkeletonPls
[2022-12-06 23:49:21] <Nasuxyume> SkeletonPls
[2022-12-06 23:49:22] <cirnyan> SkeletonPls
[2022-12-06 23:49:22] <%Zuriel> naroXD
[2022-12-06 23:49:22] <%Sniper180> TerrIffyed
[2022-12-06 23:49:23] <%Bobtron007> SkeletonPls
[2022-12-06 23:49:23] <%A_Name_That_Isnt_Taken> SkeletonPls
[2022-12-06 23:49:24] <%$BoSteed> YEET
[2022-12-06 23:49:24] <%+X_eroz> cirMini
[2022-12-06 23:49:26] <%+MalSharpe> SkeletonPls
[2022-12-06 23:49:28] <%sb_pachyderm> 🦴
[2022-12-06 23:49:28] <%nazzurro> SkeletonPls
[2022-12-06 23:49:28] <%+ChaliElle> FumoSpin
[2022-12-06 23:49:33] <%+TheBitingIrish> SkeletonPls
[2022-12-06 23:49:38] <%nazzurro> skelefrend
[2022-12-06 23:49:43] <%Kaleith> PADORUPADORU
[2022-12-06 23:49:47] <%A_Name_That_Isnt_Taken> nothing important was shown there right? cirISee we didnt see any anal.txt again right?
[2022-12-06 23:49:49] <birdy_xo> what REEEE
[2022-12-06 23:49:50] <%$BoSteed> PADORUPADORU
[2022-12-06 23:49:50] <!%HannahHyrule> Yeah!
[2022-12-06 23:49:58] [Notification] Zoeyism subscribed at Tier 1. They've subscribed for 93 months, currently on a 93 month streak! [Churro! cirMiku glad you're feeling better cirLove]
[2022-12-06 23:50:00] <!%HannahHyrule> tobsWICKED
[2022-12-06 23:50:06] <%$BoSteed> Cirno getting grounded cirGao
[2022-12-06 23:50:14] <!%biggdeck> Zoeyism cirCola
[2022-12-06 23:50:16] VIEWERS: 656
[2022-12-06 23:50:20] <!%Zoeyism> biggdeck cirNilla
[2022-12-06 23:50:24] <!%biggdeck> Draconyite cirLove
[2022-12-06 23:50:26] <%Bobtron007> Tomorrow is gonna be "Honey, I Shrunk the VTubers"? cirPrise
[2022-12-06 23:50:27] <%+X_eroz> cirNilla @zoeyism hey
[2022-12-06 23:50:30] <%Faviahn> AYAYAWeird
[2022-12-06 23:50:38] <@%Draconyite> @biggdeck cirLove have a safe xmas
[2022-12-06 23:50:38] <!%Zoeyism> x_eroz Tuturu cirCola
[2022-12-06 23:50:45] <%Bobtron007> Hey Zoeyism, Draconyite, and Faviahn cirTuru
[2022-12-06 23:50:51] <Nasuxyume> AYAYAWeird
[2022-12-06 23:50:51] <ChaosLordR> AYAYAWeird
[2022-12-06 23:50:51] <!%Zoeyism> bobtron Tuturu draco Pog
[2022-12-06 23:50:51] <!%HannahHyrule> We can do 2EST thats fine with me cirNODDERS
[2022-12-06 23:50:57] <!%biggdeck> AYAYAWeird
[2022-12-06 23:50:58] <%Faviahn> Nah definitely AYAYAWeird
[2022-12-06 23:51:02] <!%biggdeck> Draconyite thanks cutie cirLove
[2022-12-06 23:51:02] <!%RobotIsBroken> PepeHands murderer
[2022-12-06 23:51:06] VIEWERS: 656
[2022-12-06 23:51:06] <!%biggdeck> Fated_Pegasus cirAYAYA
[2022-12-06 23:51:07] <@Zen_Wan> WanWan Motivation is fickle and fleeting, WAN is reliable WanWan
[2022-12-06 23:51:11] <!%RobotIsBroken> Wtf... comgfyLeave 😳
[2022-12-06 23:51:16] <!%biggdeck> Faviahn cirAYAYA
[2022-12-06 23:51:20] <Dimortilus> comgfyLeave
[2022-12-06 23:51:21] <%cecil20tv> @Zoeyism @Faviahn cirHi
[2022-12-06 23:51:23] <%Karkeys_D> fast as fuck
[2022-12-06 23:51:26] <%Mes_> cirJAM
[2022-12-06 23:51:26] <!%RobotIsBroken> @Geinga KonCha ( ͡° ͜ʖ ͡°)
[2022-12-06 23:51:30] <!%Zoeyism> cecil cirLove
[2022-12-06 23:51:30] <@%Draconyite> zoey and bob cirLove
[2022-12-06 23:51:35] <Dimortilus> cirJAM
[2022-12-06 23:51:37] <%$BoSteed> cirJAM
[2022-12-06 23:51:41] <%Zuriel> cirJAM
[2022-12-06 23:51:41] <!%Zoeyism> RainbowPls
[2022-12-06 23:51:43] <%Faviahn> @Bobtron007 @biggdeck @cecil20tv PETTHECIRNO
[2022-12-06 23:51:43] <@%Draconyite> wait so cirno what'd you mean about 1 hour till awards or something? There's nothing going on today right?
[2022-12-06 23:52:05] <%$BoSteed> I'll show you a bit of a stretch cirBrows
[2022-12-06 23:52:07] <%Mes_> SkeletonPls
[2022-12-06 23:52:09] <!%Zoeyism> I thought there were still a few days until the game awards cirThink
[2022-12-06 23:52:09] <%SteelBattleLion> SkeletonPls
[2022-12-06 23:52:13] <%boomerlerch> this game looks nice
[2022-12-06 23:52:15] <%$BoSteed> SkeletonPls
[2022-12-06 23:52:15] <!%Zoeyism> SkeletonPls
[2022-12-06 23:52:16] <%nazzurro> SkeletonPls messin up ur physics
[2022-12-06 23:52:20] <%Mes_> cirWings
[2022-12-06 23:52:22] <%WotsOnSecond> OrinHD
[2022-12-06 23:52:23] <Nasuxyume> SkeletonPls
[2022-12-06 23:52:23] <@%Draconyite> @Zoeyism why did cirno say "you have me 1 more hour till awards" then?
[2022-12-06 23:52:24] <%OhIToot> cirBoogie
[2022-12-06 23:52:27] <@%Draconyite> I am so confused
[2022-12-06 23:52:29] <!%Zoeyism> SkeletonPls Knew I should have worn a seat belt
[2022-12-06 23:52:36] <%+boldCactuslad> naroDance
[2022-12-06 23:52:38] <%$BoSteed> SkeletonPls Get hekt meatbag
[2022-12-06 23:52:41] <%nazzurro> why u gotta manspread skelli
[2022-12-06 23:52:41] <+serf18> fake long drive YEP
[2022-12-06 23:52:43] <!%Zoeyism> @Draconyite ... no clue cirSnap
[2022-12-06 23:52:49] <%sb_pachyderm> car is too puny to contain skeleman
[2022-12-06 23:52:49] <%Mes_> Game Awards are on the 8th
[2022-12-06 23:52:52] <!%Zoeyism> ^
[2022-12-06 23:52:55] <@%Draconyite> I know mes
[2022-12-06 23:52:58] <@%Draconyite> so wtf did cirno meant LUL
[2022-12-06 23:52:59] <!%Zoeyism> also hi mes cirLove
[2022-12-06 23:53:01] <Ryodragon7> @RobotIsBroken say Cirno,
[2022-12-06 23:53:04] <birdy_xo> NOTED
[2022-12-06 23:53:05] <@%Draconyite> what's happening in 1 hour
[2022-12-06 23:53:06] <%TheGekz> cirSquish
[2022-12-06 23:53:10] VIEWERS: 656
[2022-12-06 23:53:12] <!%RobotIsBroken> Cirno, it's time for those poor pokemon PepeHands
[2022-12-06 23:53:19] <!%Zoeyism> Ohhh NOTED
[2022-12-06 23:53:25] [Raid] 90 raiders from Naro have joined!
[2022-12-06 23:53:25] <%Karasca> cirBoogie
[2022-12-06 23:53:25] <birdy_xo> PepeHands
[2022-12-06 23:53:26] <Dimortilus> it is time PepeHands
[2022-12-06 23:53:28] <!%Zoeyism> narp RoWIW
[2022-12-06 23:53:29] <%$BoSteed> PepeHands Those poor pokemon
[2022-12-06 23:53:29] <%Mes_> @Zoeyism cirHi
[2022-12-06 23:53:30] <%Zuriel> naroWOW
[2022-12-06 23:53:30] <ChaosLordR> are the game awards completed biased and rigged or are they actually voted on by everyone
[2022-12-06 23:53:31] <%Bobtron007> Naro raid naroFumo
[2022-12-06 23:53:32] <%Fabricio20> CirnoBoogie
[2022-12-06 23:53:33] <%+X_eroz> @robotisbroken say Welcome raiders
[2022-12-06 23:53:34] <!%RobotIsBroken> Welcome raiders cir3 widepeepoPussy
[2022-12-06 23:53:35] <%WorldsDawn> cirAYAYA /
[2022-12-06 23:53:36] <Ryodragon7> @RobotIsBroken say Welcome Raiders
[2022-12-06 23:53:36] <%Kinq> sb_pachyderm sealW !
[2022-12-06 23:53:36] <%sb_pachyderm> naroSeal Red Fumos
[2022-12-06 23:53:36] <!%Zoeyism> GIGAFUMO
[2022-12-06 23:53:37] <!%RobotIsBroken> Welcome Raiders PETTHECIRNO (/ω＼)
[2022-12-06 23:53:37] <Nasuxyume> Welcome raiders cirWow
[2022-12-06 23:53:37] VIEWERS: 656
[2022-12-06 23:53:37] <%fnordmonger> naroFumo
[2022-12-06 23:53:38] <%A_Name_That_Isnt_Taken> a narp cirD and fumos
[2022-12-06 23:53:41] <%cecil20tv> @Naro naroWOW
[2022-12-06 23:53:41] <%CounterPillow> cirAYAYA
[2022-12-06 23:53:42] <nsgorge> naroLurk
[2022-12-06 23:53:43] <%nazzurro> nepSmug
[2022-12-06 23:53:46] <%Zuriel> Narp naroSuku
[2022-12-06 23:53:50] <%sb_pachyderm> @Kinq naroSeal ❗
[2022-12-06 23:53:54] <Nasuxyume> @Naro hello EHEHE /
[2022-12-06 23:53:54] <%cecil20tv> @nsgorge cirHi
[2022-12-06 23:53:55] <%Demeorin> Zuriel sealW
[2022-12-06 23:53:56] <%SirClud> Narp tdogThongster
[2022-12-06 23:53:57] <@%Duo11> naroWOW wow a raid
[2022-12-06 23:53:58] <%+X_eroz> naroWOW
[2022-12-06 23:54:01] <%$BoSteed> TaBeRu
[2022-12-06 23:54:02] <%Zuriel> Demeorin sealW 7
[2022-12-06 23:54:02] <@%Naro> naroWOW
[2022-12-06 23:54:07] <%Bobtron007> naroWOW
[2022-12-06 23:54:09] <%nazzurro> naroWOW
[2022-12-06 23:54:09] <ChaosLordR> naroWOW
[2022-12-06 23:54:09] <!%RobotIsBroken> naroWOW
[2022-12-06 23:54:09] <%fnordmonger> naroWOW
[2022-12-06 23:54:09] <%Zuriel> naroWOW Blanket
[2022-12-06 23:54:10] <%parallelfifthpolice> naroOh
[2022-12-06 23:54:11] <Ryodragon7> @RobotIsBroken say Naro:
[2022-12-06 23:54:12] <%Karkeys_D> naroWOW
[2022-12-06 23:54:12] <!%RobotIsBroken> Naro: cirHide
[2022-12-06 23:54:13] <%cecil20tv> @fnordmonger cirHi
[2022-12-06 23:54:14] <%Karasca> AyaPls
[2022-12-06 23:54:15] <!%biggdeck> naroWOW
[2022-12-06 23:54:19] <!%biggdeck> naro naroWOW
[2022-12-06 23:54:20] <%OhIToot> FumoSpin
[2022-12-06 23:54:20] <%HereToSpamNuttykSlain> kerWOW
[2022-12-06 23:54:21] <%Mes_> YEP ROCK
[2022-12-06 23:54:22] <Dimortilus> epic
[2022-12-06 23:54:23] <%Amsledah> oh no is cirno going to get the difficutlt questions agane cirSlain
[2022-12-06 23:54:25] <%CounterPillow> naroWOW
[2022-12-06 23:54:27] <!%biggdeck> what about the glare, cirno?! naroGah
[2022-12-06 23:54:28] <nsgorge> @cecil20tv naroComfy
[2022-12-06 23:54:29] <%fnordmonger> cecil20tv Tuturu
[2022-12-06 23:54:29] <%Kaleith> cute emote cirAYAYA
[2022-12-06 23:54:29] <%OhIToot> SkeletonPls
[2022-12-06 23:54:31] <!%biggdeck> naroGlare *
[2022-12-06 23:54:31] <%sb_pachyderm> Many Neps died to bring us that new emote naroDespair
[2022-12-06 23:54:32] <%nazzurro> mr skelli
[2022-12-06 23:54:34] <%Kinq> deck cirFat
[2022-12-06 23:54:34] <%cecil20tv> @OhIToot @Mes_ @Amsledah cirHi
[2022-12-06 23:54:35] <!%RobotIsBroken> WE know.... friendly fire is off (╭☞ ͠°ᗜ °)╭☞
[2022-12-06 23:54:35] [Notification] thermal_drill subscribed at Tier 1. They've subscribed for 64 months! [naro supremacy naroFumo]
[2022-12-06 23:54:35] <%UnKNoWnthegrowlithe> biggdeck cirKiss
[2022-12-06 23:54:35] <!%biggdeck> you better like the glare naroGlare
[2022-12-06 23:54:40] <+BoshyGamer32> TPFufun
[2022-12-06 23:54:42] <!%Zoeyism> EHEHE
[2022-12-06 23:54:42] <!%biggdeck> Kinq cirFat
[2022-12-06 23:54:44] <!%biggdeck> UnKNoWnthegrowlithe cirKiss chuu
[2022-12-06 23:54:45] <CaperucitaLan> apriPog apriPog apriPog
[2022-12-06 23:54:47] <%HereToSpamNuttykSlain> slowly, the Neps disappear nuttykSlain
[2022-12-06 23:54:47] <Nasuxyume> growlithe Kissa2hu
[2022-12-06 23:54:47] <%cecil20tv> @Kinq @UnKNoWnthegrowlithe @thermal_drill cirHi
[2022-12-06 23:54:48] <%Bobtron007> c
[2022-12-06 23:54:48] <konakona11> stop hitting rocks, you, pervert cirSus
[2022-12-06 23:54:50] <%Amsledah> biggnerd NepGlare
[2022-12-06 23:54:55] <!%biggdeck> Amsledah naroGlare mopiNOU
[2022-12-06 23:54:57] <%razorxscooter> SkeletonPls
[2022-12-06 23:54:59] <@%Naro> Orinpls (but Aya)
[2022-12-06 23:54:59] <%nazzurro> biggdeck naroGlare
[2022-12-06 23:55:04] <%Bobtron007> Hey Amsledah cirTuru
[2022-12-06 23:55:06] <%UnKNoWnthegrowlithe> cecil cirHi
[2022-12-06 23:55:07] <%Amsledah> NepGlare 👍
[2022-12-06 23:55:07] <%thermal_drill> SkeletonPls
[2022-12-06 23:55:09] <!%Zoeyism> ... Sure cirTag
[2022-12-06 23:55:10] VIEWERS: 732
[2022-12-06 23:55:10] <%UnKNoWnthegrowlithe> BoneZone
[2022-12-06 23:55:10] <%+X_eroz> cirSlain / @heretospamnuttykslain
[2022-12-06 23:55:15] <!%biggdeck> nazzurro cirLove
[2022-12-06 23:55:17] <!%biggdeck> Amsledah cirLove
[2022-12-06 23:55:19] <@%Naro> suh churro naroWOW
[2022-12-06 23:55:20] <%OhIToot> you can put him in there, whether he'll stay is a different matter
[2022-12-06 23:55:21] <%razorxscooter> monkaS
[2022-12-06 23:55:21] <%nazzurro> cirLove biggdeck
[2022-12-06 23:55:24] <Ryodragon7> @RobotIsBroken say neco:
[2022-12-06 23:55:24] <!%RobotIsBroken> neco: ⣿⣿⣿⣿⣿⣿⣿⣿⣿⣿⣿⣿⣿⣿⣿⡿⡛⣹⣿⣿⣿⣿⣿⣿⣿⣿⣿⣿⣿ ⣿⣿⣿⡟⡛⠛⠿⢿⣿⣿⣿⣿⣿⣿⡏⣼⢰⢟⣩⠵⣚⡬⠿⠛⣋⢹⣿⣿⣿ ⣿⣿⣿⢰⣿⡴⣦⣕⠢⣝⠿⢟⣛⣛⣃⢻⠀⡞⢁⣨⢔⣠⣤⡭⣹⡆⣼⣿⣿ ⣿⣿⡟⣼⣏⢥⣼⣿⣿⣦⣝⢿⣿⣿⣿⣷⣅⠨⠽⣶⣮⣍⡙⠳⢆⣦⢹⣿⣿ ⣿⣿⣧⢻⡟⣣⣿⣿⣿⡿⣫⣾⣿⣿⢿⣿⣿⣿⢶⣦⣝⠻⣿⡆⡙⣿⢸⣿⣿ ⣿⣿⣿⡸⣿⣾⢹⡿⣫⣾⣿⣿⣿⡿⣼⣿⣿⣿⣧⢻⣿⣷⣌⠚⢿⡀⣿⣿⣿ ⣿⣿⡟⣠⣛⣣⡑⡼⠿⢹⣿⣿⣿⠇⣿⣿⣿⣿⣿⡞⣿⣿⣿⣷⢱⣎⢸⣿⣿ ⣿⡿⢱⣿⣿⢇⢳⡿⡃⣿⣿⣿⢏⡄⣿⣿⣿⡿⣿⡇⠹⣿⣿⠻⡞⡟⡌⢿⣿ ⣿⢣⣿⣿⡿⣼⣨⣾⣷⠹⡛⢃⣾⣓⡻⢿⡿⣁⠿⠹⣓⣙⡏⢷⣤⣿⢱⠸⣿ ⡏⣾⣿⣿⡇⣿⣿⡿⣱⣿⡇⠀⣹⣿⣿⣷⡸⢫⠒⠑⣿⣿⣿⣦⢻⣿⡏⡇⢻ ⠰⠟⢹⣿⣇⣿⣿⣷⡹⣿⡇⠈⣸⣿⣿⡿⣳⡹⡀⠀⣿⣿⣿⠏⣾⣿⡇⠿⡸ ⣾⣿⢸⣿⡟⢸⣿⣿⠣⢪⣭⣒⣛⡛⣭⣾⡿⣿⣦⢠⣭⣭⡶⠹⣿⣿⡇⣷⣤ ⣿⣿⡜⣫⢸⣧⢻⡟⣶⣅⡙⢿⣿⣷⣭⣭⣴⣮⣥⣿⠿⣋⣴⢣⡙⢿⢠⣿⣿ ⣿⣿⣿⣿⣧⣵⣎⢡⡜⠟⣁⠲⢎⡉⣛⣛⡛⠉⠭⣶⢠⡙⠏⣼⣿⣶⣼⣿⣿ ( ͡° ͜ʖ ͡°)
[2022-12-06 23:55:28] <Nasuxyume> MEOW
[2022-12-06 23:55:31] <%+boldCactuslad> thorwOwO
[2022-12-06 23:55:37] <%Fabricio20> thorwOwO
[2022-12-06 23:55:40] <%Mick0las> I'm in the trunk cirNODDERS
[2022-12-06 23:55:41] <%razorxscooter> Wait you can pick those up too? LUL
[2022-12-06 23:55:41] <%HereToSpamNuttykSlain> @Naro since Aya is my favourite Touhou, I approve cir3 also, good evening cirSenko
[2022-12-06 23:55:44] <@%Duo11> cir3
[2022-12-06 23:55:46] <%Amsledah> I got another covid shot my arm is on pain cirSnap
[2022-12-06 23:55:50] <!%RobotIsBroken> the shop owner mmack093 😂 👌
[2022-12-06 23:55:51] <%HereToSpamNuttykSlain> @RobotIsBroken thorwOwO
[2022-12-06 23:55:51] <%razorxscooter> cirZoom
[2022-12-06 23:55:53] <Nasuxyume> @HereToSpamNuttykSlain hello manyPats
[2022-12-06 23:55:54] <%OhIToot> PauseChamp
[2022-12-06 23:55:58] <%nazzurro> barrels of gas Pog
[2022-12-06 23:55:59] <%shovelzombie> PauseChamp
[2022-12-06 23:56:00] <!%Zoeyism> PauseChamp
[2022-12-06 23:56:04] <%fnordmonger> cirSTEER
[2022-12-06 23:56:05] <%HereToSpamNuttykSlain> @Nasuxyume manyPats
[2022-12-06 23:56:06] <%hardstones> NICE BOTE
[2022-12-06 23:56:09] <@Zen_Wan> WanWan Fill what's empty. Empty what's full. WAN where it itches WanWan
[2022-12-06 23:56:13] <Shadow2x9> diesel only PauseChamp
[2022-12-06 23:56:16] <%+MalSharpe> PauseChamp
[2022-12-06 23:56:16] <!%Zoeyism> a barrel of piss Pog
[2022-12-06 23:56:21] <%hardstones> till it explodes
[2022-12-06 23:56:22] <Nasuxyume> cirJAM
[2022-12-06 23:56:25] <!%RobotIsBroken> @Cirno_TV free subs plox POGGERS ∠( ᐛ 」∠)＿
[2022-12-06 23:56:30] <Ryodragon7> @RobotIsBroken say a barrel
[2022-12-06 23:56:30] <@%Draconyite> ChenPls
[2022-12-06 23:56:32] <@%Duo11> cirJAM
[2022-12-06 23:56:37] <!%RobotIsBroken> "ASMR: I deliberately ignore you POGGERS cirFumo
[2022-12-06 23:56:38] <%Mes_> looks like Discord is shitting the bed rn Salutezume
[2022-12-06 23:56:42] <%nazzurro> there's prairie ships all over these parts
[2022-12-06 23:56:44] <%A_Name_That_Isnt_Taken> plox cirBless
[2022-12-06 23:56:45] <@%Draconyite> robot you're already subbed cirAngy
[2022-12-06 23:56:47] <%Mick0las> cirLaugh
[2022-12-06 23:56:47] <%Karasca> naroSmuggest
[2022-12-06 23:56:53] <%NeroPhantom_37> discord cirLag
[2022-12-06 23:56:53] <%OhIToot> nothing new there naroSmug
[2022-12-06 23:56:56] <%Anomalus_Vox> glad cirno is feelin better wideCirComfy
[2022-12-06 23:56:56] <%Karkeys_D> Submarines cirBless
[2022-12-06 23:56:58] VIEWERS: 732
[2022-12-06 23:56:58] <%Br0ark> Oh heck yeah, Long Drive! POGGIES SteerR SnowTime RaveTime
[2022-12-06 23:57:01] <sczvv> @RobotIsBroken say plox
[2022-12-06 23:57:01] <%Bobtron007> PADORUPADORU
[2022-12-06 23:57:03] <!%RobotIsBroken> plox cirBless 😳
[2022-12-06 23:57:04] <@%Naro> hi zoey, taken, cecil, zuri, nasu, clud, ryo, deck, nuttykslain cirFairy
[2022-12-06 23:57:05] <Ryodragon7> PADORUPADORU
[2022-12-06 23:57:05] <%NeroPhantom_37> PADORUPADORU
[2022-12-06 23:57:05] <%fnordmonger> PADORUPADORU
[2022-12-06 23:57:08] <%Mes_> PADORUPADORU
[2022-12-06 23:57:08] <!%RobotIsBroken> PADORUPADORU
[2022-12-06 23:57:09] <Nasuxyume> PADORUPADORU
[2022-12-06 23:57:10] VIEWERS: 732
[2022-12-06 23:57:10] <@%Draconyite> @Mes_ yeah I've had my discord backscroll me like 100 messages at least 3 times now in the past 10 minutes and I'm tired of reading the same 100 posts LUL
[2022-12-06 23:57:10] <%NeroPhantom_37> @Naro manyPats nawo
[2022-12-06 23:57:11] <%nazzurro> PADORUPADORU
[2022-12-06 23:57:12] <%Br0ark> PADORUPADORU
[2022-12-06 23:57:12] <+Nealliam> Cirno you are looking cute today
[2022-12-06 23:57:13] <!%Zoeyism> 100% alcohol RoWOOW
[2022-12-06 23:57:15] <%Mes_> nepBolth
[2022-12-06 23:57:15] <Dimortilus> PADORUPADORU
[2022-12-06 23:57:16] <Shadow2x9> PADORUPADORU
[2022-12-06 23:57:17] <%ang3lzxz> PADORUPADORU
[2022-12-06 23:57:22] <!%Zoeyism> naro cirSanta
[2022-12-06 23:57:24] <@%^StreamElements> Cirno is now a Razer affiliate! Making purchases through this link will support the streamer https://razer.a9yw.net/c/3460244/642901/10229
[2022-12-06 23:57:24] <!%Zoeyism> cirFairy
[2022-12-06 23:57:25] <Dimortilus> nepBolth
[2022-12-06 23:57:30] <Nasuxyume> LETSGO
[2022-12-06 23:57:32] <@%Duo11> naroWOW
[2022-12-06 23:57:32] <!%Zoeyism> Pog
[2022-12-06 23:57:33] <Ryodragon7> @RobotIsBroken say Remember when Cirnp
[2022-12-06 23:57:33] <%NeroPhantom_37> POGGIES
[2022-12-06 23:57:33] <%shovelzombie> POGGIES
[2022-12-06 23:57:34] <%TheGekz> gas gas gas
[2022-12-06 23:57:35] <@%Duo11> LETSGO
[2022-12-06 23:57:36] <%hardstones> 51L Pog
[2022-12-06 23:57:37] <%nazzurro> POGGIES
[2022-12-06 23:57:40] <%Bobtron007> 🛢️ LETSGO
[2022-12-06 23:57:40] <%razorxscooter> cirNium
[2022-12-06 23:57:43] <Ryodragon7> @RobotIsBroken say Remember when Cirno
[2022-12-06 23:57:45] <%+boldCactuslad> POGGIES cirFairy WanWan OrinHD cirJAM
[2022-12-06 23:57:46] <%ImaginTouch> segs
[2022-12-06 23:57:48] <+Nealliam> you got it right
[2022-12-06 23:57:50] <%Mes_> oh, you can just find crashed oil tankers with loads of oil and gas
[2022-12-06 23:57:53] <Nasuxyume> Drink the gas bepDrunk
[2022-12-06 23:57:54] <%+boldCactuslad> @ImaginTouch keqingSEGS
[2022-12-06 23:57:54] <@%Naro> nero cirSenko
[2022-12-06 23:58:00] <%ImaginTouch> @RobotIsBroken say feet
[2022-12-06 23:58:04] <%Mick0las> forbidden water
[2022-12-06 23:58:05] <sczvv> alberta time
[2022-12-06 23:58:10] <%+boldCactuslad> RoWOOW
[2022-12-06 23:58:11] <%Bobtron007> No funnel needed? cirISee
[2022-12-06 23:58:11] <%Mes_> GAS GAS GAS
[2022-12-06 23:58:11] <@%有里湊 (tsp___)> skelly's gone MingLow
[2022-12-06 23:58:12] <Ryodragon7> YAAAY
[2022-12-06 23:58:15] <kyo54> why is there a prompt to drink ...why would anyone do that
[2022-12-06 23:58:16] <%nazzurro> Mes_ it's fun when you try to take them with you. physics sometimes just gives up
[2022-12-06 23:58:16] <!%Zoeyism> FULL TANK ROWOW
[2022-12-06 23:58:18] <%+boldCactuslad> filled cirGao
[2022-12-06 23:58:19] <!%+kevach> Hiya @Cirno_TV and cirChat cirHi Hope everyone's cirComfy
[2022-12-06 23:58:22] <Dimortilus> @RobotIsBroken say Cirno_TV
[2022-12-06 23:58:23] <Nasuxyume> Skelly cirMing
[2022-12-06 23:58:23] <!%RobotIsBroken> Cirno_TV * ( •̀︹•́)
[2022-12-06 23:58:31] <%razorxscooter> Sadge no skeleton
[2022-12-06 23:58:31] <Nasuxyume> @kevach hello cirTuru
[2022-12-06 23:58:32] <%Bobtron007> Hey kevach cirTuru
[2022-12-06 23:58:34] <%ImaginTouch> @kevach cirComfy PETPET
[2022-12-06 23:58:34] <%+boldCactuslad> @kyo54 its hilarious. also as a hidden feature you can expel whatever you drink. you're a gas can.
[2022-12-06 23:58:35] <%Mes_> cirSip
[2022-12-06 23:58:36] <%nazzurro> we are but a vessel
[2022-12-06 23:58:36] <%cecil20tv> @kevach cirHi
[2022-12-06 23:58:37] <Nasuxyume> bepSip
[2022-12-06 23:58:38] <%OhIToot> alright i've copied my dankagu cd songs over to my computer, time to transcribe the song/album info and then start jamming cirBoogie
[2022-12-06 23:58:39] <Ryodragon7> NOTED
[2022-12-06 23:58:39] <%Bobtron007> cirSip
[2022-12-06 23:58:40] <%Mick0las> cirLaugh
[2022-12-06 23:58:40] <%thermal_drill> cirSip
[2022-12-06 23:58:43] <%Karasca> cirSip
[2022-12-06 23:58:44] <motel_farm> hi cirno
[2022-12-06 23:58:44] <%WotsOnSecond> cirSip nutritious
[2022-12-06 23:58:44] <verius92> damn you hit the fuel jackpot with this place
[2022-12-06 23:58:45] <%ImaginTouch> cirSip
[2022-12-06 23:58:45] <!%RobotIsBroken> cirSip
[2022-12-06 23:58:48] <!%+kevach> Nasuxyume cirTuru PETTHECIRNO Bobtron007 cirTuru PETTHECIRNO ImaginTouch cirComfy PETPET cecil20tv cirHi PETTHECIRNO
[2022-12-06 23:58:49] <%+MalSharpe> cirSip
[2022-12-06 23:58:50] <%+X_eroz> cirSip
[2022-12-06 23:58:51] <%shovelzombie> OkuuWOW
[2022-12-06 23:58:52] <Ryodragon7> cirWow
[2022-12-06 23:58:53] <!%Zoeyism> kevach Tuturu cirLove
[2022-12-06 23:58:55] <%Mes_> cirWow
[2022-12-06 23:58:56] <%+boldCactuslad> @kevach its the hero of kevach cirD RoWOW
[2022-12-06 23:58:56] <kyo54> wtf rooBlank
[2022-12-06 23:58:58] <Dimortilus> let's gooo
[2022-12-06 23:59:01] <%+boldCactuslad> @shovelzombie OkuuWOW PETPET
[2022-12-06 23:59:02] <%TheBerenstainBears> just like in real life cirNeuron
[2022-12-06 23:59:03] <!%+kevach> Zoeyism Tuturu PETTHECIRNO boldCactuslad cirD PETTHECIRNO
[2022-12-06 23:59:06] <%+boldCactuslad> how sticky cirLewd
[2022-12-06 23:59:08] <%nazzurro> don't try this at home kids
[2022-12-06 23:59:10] VIEWERS: 716
[2022-12-06 23:59:11] <%shovelzombie> cactus manyPats
[2022-12-06 23:59:13] <%Mes_> 9Head
[2022-12-06 23:59:13] <%thermal_drill> cirSenko senko squad cirSenko
[2022-12-06 23:59:15] <!%+kevach> 9Head
[2022-12-06 23:59:15] <%razorxscooter> Cactus you slut
[2022-12-06 23:59:15] <%Karasca> 9Head
[2022-12-06 23:59:15] <%A_Name_That_Isnt_Taken> 9Head
[2022-12-06 23:59:17] <%+boldCactuslad> cirno sucks me off to fix his radiator cirLewd ...
[2022-12-06 23:59:17] <%ImaginTouch> OMEGALUL
[2022-12-06 23:59:17] <%cecil20tv> @kyo54 @motel_farm @ImaginTouch @TheBerenstainBears cirHi
[2022-12-06 23:59:19] <Ryodragon7> 9Head
[2022-12-06 23:59:19] <!%RobotIsBroken> 9Head
[2022-12-06 23:59:20] <!%+kevach> @RobotIsBroken marry me?
[2022-12-06 23:59:21] <%fnordmonger> NOTED
[2022-12-06 23:59:22] <%blinktemplar> cirSip
[2022-12-06 23:59:23] <@%Duo11> NOTED
[2022-12-06 23:59:25] <%Mes_> cirSenko Senko Squad cirSenko
[2022-12-06 23:59:25] <Nasuxyume> senkoLoaf Senko Squad senkoLoaf
[2022-12-06 23:59:27] <%ImaginTouch> @cecil20tv cirHi PETPET
[2022-12-06 23:59:29] <%A_Name_That_Isnt_Taken> cirSenko
[2022-12-06 23:59:29] <%+MalSharpe> hannahNoted
[2022-12-06 23:59:29] <%nazzurro> also pee is 1:1 in to out
[2022-12-06 23:59:31] <%ang3lzxz> NOTED
[2022-12-06 23:59:31] <!%Zoeyism> senkoLoaf
[2022-12-06 23:59:35] <%ImaginTouch> senkoLoaf
[2022-12-06 23:59:36] <%Bobtron007> senkoLoaf
[2022-12-06 23:59:37] <!%+kevach> cirSenko
[2022-12-06 23:59:37] <%RegisteredGhost> cirSenko
[2022-12-06 23:59:37] <%+boldCactuslad> @razorxscooter that word is TOS
[2022-12-06 23:59:38] <%+gtbfire> Can confirm. Hellcat runs on blood.
[2022-12-06 23:59:42] <%TheBerenstainBears> @cecil20tv cirHi
[2022-12-06 23:59:43] <%+boldCactuslad> @RobotIsBroken marry me POGGIES
[2022-12-06 23:59:44] <!%RobotIsBroken> @boldCactuslad I'm touched, but I must decline. I'm in love with someone else. ლ(´ڡ`ლ)
[2022-12-06 23:59:44] <!%+kevach> senkoLoaf
[2022-12-06 23:59:44] <Nasuxyume> cirFat
[2022-12-06 23:59:45] <%Mes_> OMG
[2022-12-06 23:59:50] <%razorxscooter> I'll show you something TOS KyaruBoner
[2022-12-06 23:59:51] <SeriousPotatoBot> widepeepoHappy
[2022-12-06 23:59:52] <%+boldCactuslad> cirSenko
[2022-12-06 23:59:53] <Nasuxyume> bepSip
[2022-12-06 23:59:54] <%A_Name_That_Isnt_Taken> cirSip
[2022-12-06 23:59:56] <%Mes_> cirSip
[2022-12-06 23:59:56] <!%+kevach> cirSip
[2022-12-06 23:59:56] <!%Zoeyism> cirSip CHUG CHUGCHUG
