# Log started: 2022-12-31 00:49:29 +0100
[2022-12-31 00:49:29] ~Stream offline~
[2022-12-31 00:49:29] Joining #ariasaki..
[2022-12-31 00:49:30] You have joined #ariasaki
[2022-12-31 01:35:34] <%Sparemaple> !gamble 12345
[2022-12-31 01:35:34] <@%^StreamElements>* Sparemaple won 12345 Nuoc Coins in roulette and now has 117774 Nuoc Coins! FeelsGoodMan
[2022-12-31 01:35:41] <%Sparemaple> FeelsGoodMan
[2022-12-31 03:26:18] <@%fabriisio> ariaPeace
[2022-12-31 04:05:55] <%Sparemaple> ariaPeace
[2022-12-31 04:25:25] <%Vectralpb> ariaPeace
[2022-12-31 06:00:58] <%Whimstaff> monkaGIGAftPokimane
[2022-12-31 06:09:26] <%Sparemaple> monkaGIGAftPokimane
[2022-12-31 06:44:46] <%strawberypoptartss> !points
[2022-12-31 06:44:46] <@%^StreamElements> @strawberypoptartss, strawberypoptartss has 31720 Nuoc Coins and is rank 1217/626653 on the leaderboard.
[2022-12-31 08:16:39] <@%fabriisio> !gamble 500 ariaPeace
[2022-12-31 08:16:39] <@%^StreamElements>* fabriisio won 500 Nuoc Coins in roulette and now has 13000 Nuoc Coins! FeelsGoodMan
[2022-12-31 08:16:51] <TriCat> !gamble all
[2022-12-31 08:16:51] <@%^StreamElements>* TriCat went all in and lost every single one of their 2510 Nuoc Coins LUL
[2022-12-31 08:16:52] <TriCat> ariaD
[2022-12-31 08:16:59] <@%fabriisio> ariaD
[2022-12-31 08:52:04] <raliu31> !gamble all
[2022-12-31 08:52:04] <@%^StreamElements>* PogChamp raliu31 went all in and won 8215 Nuoc Coins PogChamp they now have 16430 Nuoc Coins FeelsGoodMan
[2022-12-31 09:23:05] <@%fabriisio> !gamble 500 ariaPeace
[2022-12-31 09:23:05] <@%^StreamElements>* fabriisio won 500 Nuoc Coins in roulette and now has 13500 Nuoc Coins! FeelsGoodMan
[2022-12-31 09:23:14] <@%fabriisio> pogg ariaPeace buff
[2022-12-31 09:23:20] <Lumiinos1ty> ariaPeace
[2022-12-31 09:23:23] <Lumiinos1ty> ariaLove
[2022-12-31 09:54:00] <%cecibaa> ariaLove sadd Hmmge THEVOICES peepoSitFishing CatHand
[2022-12-31 09:54:14] <%cecibaa> Shake
[2022-12-31 09:54:29] <%cecibaa> fabri 2?
[2022-12-31 10:00:49] <@%fabriisio> ceci you saw nothing choboGun
[2022-12-31 10:01:23] <@%fabriisio> i definitely didn't forgot we had Shake  already Awkward
[2022-12-31 10:01:35] <@%fabriisio> sadd
[2022-12-31 10:04:09] <@%fabriisio> !gamble 500 ariaPeace
[2022-12-31 10:04:10] <@%^StreamElements>* fabriisio won 500 Nuoc Coins in roulette and now has 14000 Nuoc Coins! FeelsGoodMan
[2022-12-31 10:04:31] <@%fabriisio> ariaPeace buff is real pogg
[2022-12-31 10:04:44] <%cecibaa> peepoGiggles
[2022-12-31 10:23:58] <%cecibaa> NewYears
[2022-12-31 10:24:15] <%cecibaa> pepoNewYear peepoNEWYEAR
[2022-12-31 10:24:24] <%cecibaa> peepoNewYear
[2022-12-31 10:24:47] <Lumiinos1ty> NewYears
[2022-12-31 10:26:44] <%cbhl> peepoNewYear
[2022-12-31 10:30:58] <@%fabriisio> peepoNewYear
[2022-12-31 10:31:15] <@%fabriisio> NewYears too real
[2022-12-31 10:32:03] <@%fabriisio> !gamble 500 sadd
[2022-12-31 10:32:04] <@%^StreamElements>* fabriisio won 500 Nuoc Coins in roulette and now has 14500 Nuoc Coins! FeelsGoodMan
[2022-12-31 10:32:14] <@%fabriisio> WHAT
[2022-12-31 11:31:46] <raliu31> !gamble  all
[2022-12-31 11:35:00] <@%fabriisio> Awkward
[2022-12-31 12:51:52] <@%fabriisio> !gamble 500 ariaPeace
[2022-12-31 12:51:52] <@%^StreamElements>* fabriisio won 500 Nuoc Coins in roulette and now has 15000 Nuoc Coins! FeelsGoodMan
[2022-12-31 12:51:54] <@%fabriisio> pogg
[2022-12-31 12:52:05] <@%fabriisio> 5 in a row ezz Fingerguns
[2022-12-31 13:19:21] <wintermelonb0ba> !gamble all
[2022-12-31 13:19:21] <@%^StreamElements>* PogChamp wintermelonb0ba went all in and won 1715 Nuoc Coins PogChamp they now have 3430 Nuoc Coins FeelsGoodMan
[2022-12-31 13:20:29] <@%fabriisio> pogg
[2022-12-31 15:04:19] <Lumiinos1ty> GIGACHAD
[2022-12-31 15:04:21] <Lumiinos1ty> GIGACHAT
[2022-12-31 15:40:03] <dxovaxn> hi
[2022-12-31 15:40:06] <dxovaxn> lmo
[2022-12-31 15:42:21] <@%fabriisio> hello ariaHi
[2022-12-31 15:42:34] <~%AriaSaki> hii :') Just did my panels
[2022-12-31 15:42:38] <~%AriaSaki> going back to bed
[2022-12-31 15:42:40] <Lumiinos1ty> aria daphCheer
[2022-12-31 15:42:48] <~%AriaSaki> hihi ^^
[2022-12-31 15:42:58] <Lumiinos1ty> have a good Bedge
[2022-12-31 15:43:04] <~%AriaSaki> thank you <3
[2022-12-31 15:43:07] <%Vectralpb> Hewwo! ariaHi Have a nice nap/sleep Bedge
[2022-12-31 15:43:15] <~%AriaSaki> ty !! ^^
[2022-12-31 15:46:57] <@%fabriisio> goonai aria
[2022-12-31 15:47:05] <@%fabriisio> ariaHug
[2022-12-31 15:47:55] <@%fabriisio> ariaPeace
[2022-12-31 15:56:20] <@%fabriisio> !gamble 500 ariaPeace
[2022-12-31 15:56:20] <@%^StreamElements>* fabriisio won 500 Nuoc Coins in roulette and now has 15500 Nuoc Coins! FeelsGoodMan
[2022-12-31 15:57:19] <@%fabriisio> ariaPeace ariaLove
[2022-12-31 16:58:23] <%Sparemaple> !gamble 30000
[2022-12-31 16:58:25] <@%^StreamElements>* Sparemaple lost 30000 Nuoc Coins in roulette and now has 87774 Nuoc Coins! FeelsBadMan
[2022-12-31 16:58:29] <%Sparemaple> FeelsBadMan
[2022-12-31 16:59:10] <@%fabriisio> use the ariaPeace buff Sparemaple
[2022-12-31 16:59:25] <@%fabriisio> is real nodd
[2022-12-31 16:59:26] <%Sparemaple> !gamble 20000 ariaPeace
[2022-12-31 16:59:26] <@%^StreamElements>* Sparemaple lost 20000 Nuoc Coins in roulette and now has 67774 Nuoc Coins! FeelsBadMan
[2022-12-31 16:59:31] <%Sparemaple> Smadge
[2022-12-31 16:59:48] <@%fabriisio> Awkward
[2022-12-31 16:59:52] <@%fabriisio> peepoVanish
[2022-12-31 17:00:01] <@%fabriisio> look
[2022-12-31 17:00:05] <@%fabriisio> !gamble 500 ariaPeace
[2022-12-31 17:00:06] <@%^StreamElements>* fabriisio lost 500 Nuoc Coins in roulette and now has 15000 Nuoc Coins! FeelsBadMan
[2022-12-31 17:00:08] <@%fabriisio> Awkward
[2022-12-31 17:00:11] <%Sparemaple> Awkward
[2022-12-31 17:00:22] <@%fabriisio> i don't want to point finger but...
[2022-12-31 17:00:27] <@%fabriisio> i think you broke it NotLikeDuck
[2022-12-31 17:00:45] <@%fabriisio> !gamble 500 ariaPeace
[2022-12-31 17:00:45] <@%^StreamElements>* fabriisio won 500 Nuoc Coins in roulette and now has 15500 Nuoc Coins! FeelsGoodMan
[2022-12-31 17:00:45] <%Sparemaple> DuckSadge
[2022-12-31 17:00:48] <@%fabriisio> pogg
[2022-12-31 17:00:51] <@%fabriisio> is back pogg
[2022-12-31 17:00:51] <%Sparemaple> oh Pog
[2022-12-31 17:01:01] <@%fabriisio> pausecham
[2022-12-31 17:01:02] <%Sparemaple> !gamble 10000 ariaPeace
[2022-12-31 17:01:03] <@%^StreamElements>* Sparemaple lost 10000 Nuoc Coins in roulette and now has 57774 Nuoc Coins! FeelsBadMan
[2022-12-31 17:01:09] <%Sparemaple> BRUHgers
[2022-12-31 17:01:09] <@%fabriisio> Awkward
[2022-12-31 17:01:23] <@%fabriisio> !gamble 500 ariaPeace
[2022-12-31 17:01:23] <@%^StreamElements>* fabriisio lost 500 Nuoc Coins in roulette and now has 15000 Nuoc Coins! FeelsBadMan
[2022-12-31 17:01:29] <@%fabriisio> sadd
[2022-12-31 17:01:53] <%Sparemaple> !gamble all ariaLove
[2022-12-31 17:01:53] <@%^StreamElements>* Sparemaple went all in and lost every single one of their 57774 Nuoc Coins LUL
[2022-12-31 17:01:58] <%Sparemaple> Despairge
[2022-12-31 17:01:58] <@%fabriisio> NOOOO
[2022-12-31 17:02:04] <@%fabriisio> peepoPats
[2022-12-31 17:02:09] <@%fabriisio> !give 5k Sparemaple
[2022-12-31 17:02:11] <@%fabriisio> Despairge
[2022-12-31 17:07:06] <%Sparemaple> peepoFine
[2022-12-31 17:37:30] <@%fabriisio> you'll get it back dw peepoPats
[2022-12-31 18:05:27] <Lumiinos1ty> peepoPats
[2022-12-31 18:20:25] <@%fabriisio> !gamble 500 ariaPeace
[2022-12-31 18:20:25] <@%^StreamElements>* fabriisio lost 500 Nuoc Coins in roulette and now has 14500 Nuoc Coins! FeelsBadMan
[2022-12-31 18:20:39] <@%fabriisio> NOOOO ariaPeace buff pls
[2022-12-31 18:26:55] <sakka4> GAMBA fabri pov
[2022-12-31 18:28:15] <@%fabriisio> sakka4 GAMBAADDICT
[2022-12-31 18:30:27] <@%fabriisio> !gamble 500 ariaPeace
[2022-12-31 18:30:27] <@%^StreamElements>* fabriisio lost 500 Nuoc Coins in roulette and now has 14000 Nuoc Coins! FeelsBadMan
[2022-12-31 18:30:31] <@%fabriisio> FeelsBadMan
[2022-12-31 18:38:09] <@%fabriisio> !gamble 500 ariaPeace
[2022-12-31 18:38:09] <@%^StreamElements>* fabriisio won 500 Nuoc Coins in roulette and now has 14500 Nuoc Coins! FeelsGoodMan
[2022-12-31 18:38:13] <@%fabriisio> pogg is back
[2022-12-31 18:38:15] <@%fabriisio> ariaPeace
[2022-12-31 18:54:33] <%Sparemaple> GAMBAADDICT
[2022-12-31 19:15:44] <%NickyTheFist> !gamble 3500
[2022-12-31 19:15:45] <@%^StreamElements>* NickyTheFist won 3500 Nuoc Coins in roulette and now has 156271 Nuoc Coins! FeelsGoodMan
[2022-12-31 19:20:46] <%TehStoopid> !gamble all
[2022-12-31 19:20:46] <@%^StreamElements>* TehStoopid went all in and lost every single one of their 11535 Nuoc Coins LUL
[2022-12-31 19:20:53] <%TehStoopid> natsuPoor
[2022-12-31 19:21:07] <@%fabriisio> peepoPats
[2022-12-31 19:21:18] <@%fabriisio> !gamble 500 ariaPeace
[2022-12-31 19:21:18] <@%^StreamElements>* fabriisio won 500 Nuoc Coins in roulette and now has 15000 Nuoc Coins! FeelsGoodMan
[2022-12-31 19:52:34] <@%fabriisio> !gamble 500 ariaPeace
[2022-12-31 19:52:34] <@%^StreamElements>* fabriisio won 500 Nuoc Coins in roulette and now has 15500 Nuoc Coins! FeelsGoodMan
[2022-12-31 19:52:40] <@%fabriisio> pogg ariaPeace
[2022-12-31 19:52:42] <@%neelerita> !points
[2022-12-31 19:52:43] <@%^StreamElements> @neelerita, neelerita has 703226 Nuoc Coins and is rank 4/620401 on the leaderboard.
[2022-12-31 19:52:49] <@%neelerita> celiSip im still safe
[2022-12-31 19:52:53] <@%fabriisio> SHEESH
[2022-12-31 19:53:13] <@%fabriisio> go all in pausecham
[2022-12-31 19:53:31] <@%neelerita> also fabri, sorry you've been carrying the entire thing lately T_T Miyoung's streamas event requires way more logistics/hands on help on our end than we thought
[2022-12-31 19:53:38] <@%neelerita> so im preoccupied with that
[2022-12-31 19:53:49] <@%fabriisio> wait let me dm you real quick peepoGiggles
[2022-12-31 20:28:53] <%dnasis_> !points
[2022-12-31 20:28:53] <@%^StreamElements> @dnasis_, dnasis_ has 30090 Nuoc Coins and is rank 1328/620401 on the leaderboard.
[2022-12-31 20:44:39] <%Sparemaple> Waiting
[2022-12-31 21:05:28] <343_bingsoo> SUBprise strimmer late
[2022-12-31 21:08:14] <@%fabriisio> the stream has been moved to 3pm ok
[2022-12-31 21:14:53] <Rhaknam13> in which timezone?
[2022-12-31 21:15:52] <Rhaknam13> !time
[2022-12-31 21:15:53] <@%^StreamElements> Aria lives in Los Angeles, California where it is 12:15 PM
[2022-12-31 21:16:01] <Rhaknam13> ok thanks
[2022-12-31 21:54:21] <%Sparemaple> pokiShuffle
[2022-12-31 21:56:17] <@%mrkmattos> !genshinimpact
[2022-12-31 21:56:17] <@%^StreamElements> Download Genshin Impact for free here: https://hoyo.link/951jBCAd #ad
[2022-12-31 23:58:54] <@%fabriisio> peepoSit
