# Log started: 2022-12-24 00:44:03 +0100
[2022-12-24 00:44:03] <%+NotBetsy> marySit
[2022-12-24 01:25:09] <%Hampasen> maryYuh
[2022-12-24 01:53:19] <@%storm_blessed_> new badges? Pog
[2022-12-24 02:16:55] <toyota414> !graphics
[2022-12-24 02:17:28] <toyota414> !graphicmod
[2022-12-24 02:17:31] <toyota414> !mod
[2022-12-24 02:17:34] <toyota414> !graphic
[2022-12-24 02:17:39] <toyota414> !mods
[2022-12-24 02:17:44] <toyota414> !modiffication
[2022-12-24 02:17:46] <%Xergers_Lorak> !gfx
[2022-12-24 02:17:46] <@^Nightbot> Kylie uses a mix of QuantV and NVE, NVE can be downloaded via their Patreon. QuantV is no longer accessible. She uses custom ENB settings and here are the files for her FiveM mods folder https://imgur.com/wZXHpip.png
[2022-12-24 02:17:52] <toyota414> !modifier
[2022-12-24 02:18:01] <toyota414> @Xergers_Lorak Ty bro
[2022-12-24 13:55:35] <@%$moe_uwu> Heard we got new badges don't mind me wanna see what mine looks like
[2022-12-24 14:01:20] <%Xergers_Lorak> kyliebWiggles
[2022-12-24 15:47:07] <$yungsamd> Susge
[2022-12-24 15:47:11] <@%+Sahneee> peepoWarm
[2022-12-24 15:47:37] <$yungsamd> New badges where? modCheck
[2022-12-24 15:50:57] <%Tronno> Pog
[2022-12-24 16:02:10] <%prozorftw> maryWave
[2022-12-24 16:02:16] <+Gho5twrit3r> o.o
[2022-12-24 16:02:29] <%Revansoon> yuh
[2022-12-24 16:03:54] <%+Gho5twrit3r> >.>
[2022-12-24 16:04:43] <%RnB__> HELLAWICKED
[2022-12-24 16:04:54] <%PsychoBKilla> maryCheer
[2022-12-24 16:05:27] <%+Fragger__23> maryCheer
[2022-12-24 16:12:42] <@%$moe_uwu> test
[2022-12-24 16:21:20] <@%+Sahneee> DANKERMAN
[2022-12-24 16:34:32] <%$Pink_Floyd> PauseChamp
[2022-12-24 17:40:04] <%dazzaisreal> POGGIES NEW BADGES
[2022-12-24 19:37:58] <%NotToTheFace> Badge PauseChamp
[2022-12-24 21:02:40] [Notification] Arthazz95 subscribed at Tier 1. They've subscribed for 38 months!
[2022-12-24 21:06:17] <@%+Sahneee> UHM
[2022-12-24 23:04:00] <%straykiddelta> 5RFS
[2022-12-24 23:11:03] <@%+Sahneee> Bedge
[2022-12-24 23:36:09] <%RnB__> merry christmas chat peepoWarm SnowTime
