# Log started: 2022-12-22 02:44:07 +0100
[2022-12-22 02:44:07] <~%GURU> !status WAR IS ON HOLD. NO STREAM TONIGHT
[2022-12-22 02:44:07] <@%^StreamElements> @GURU changed the title to "WAR IS ON HOLD. NO STREAM TONIGHT"!
[2022-12-22 02:44:38] <~%GURU> !status WAR IS ON HOLD. NO STREAM TONIGHT. TOMORROW WE RISE FROM THE ASHES TO DEFEAT THE SCUM OF THE LADDER.
[2022-12-22 02:44:38] <@%^StreamElements> @GURU changed the title to "WAR IS ON HOLD. NO STREAM TONIGHT. TOMORROW WE RISE FROM THE ASHES TO DEFEAT THE SCUM OF THE LADDER."!
[2022-12-22 03:44:16] <%DeadlyDwarf66> !drops
[2022-12-22 03:44:16] <@%^StreamElements> Between Dec 25 and Jan 4 watch for 2 hours to earn the Festive D.Va Victory Pose and watch an additional 4 hours to earn the Sleighing D.Va Legendary Skin. Details: https://overwatch.blizzard.com/en-us/news/23892134/
[2022-12-22 06:47:42] <@%adorablemikey> no stream AGAIN?
[2022-12-22 06:47:45] <@%adorablemikey> peepoRiot
[2022-12-22 07:33:01] <%TheTrueCatMan> go do something else.
[2022-12-22 07:33:26] <%TheTrueCatMan> You could learn knitting, or crochet, or felting. Shruge
[2022-12-22 07:39:33] <%$Charlie_the_Cat> Ragey i play OW just to get mad
[2022-12-22 07:39:44] <%$Charlie_the_Cat> Ragey i lose 90% of games
[2022-12-22 07:40:02] <%$Charlie_the_Cat> Ragey i cant do more than im already doing
[2022-12-22 07:41:09] <%TheTrueCatMan> I do not receive any joy from playing OW. at this point its a foddy game and more fun watching others suffer than enduring it for myself.
[2022-12-22 07:41:34] <%TheTrueCatMan> Deep Rock Galactic is the fun
[2022-12-22 07:42:38] <%TheTrueCatMan> At least you dont lose 99% guuGlad
[2022-12-22 07:44:41] <@%^StreamElements> guuWIGGLE FOLLOW THE STREAM guuWIGGLE
[2022-12-22 07:46:32] <@%Scytal_> no guru? i'm ReallyMad
[2022-12-22 08:00:01] <+iiiRexOverwatchiii> where guru
[2022-12-22 23:38:35] <GuysHelpMePls> !sens
[2022-12-22 23:38:36] <@%^StreamElements> 1600 dpis 2.22 ingame 36 scope
[2022-12-22 23:38:42] <GuysHelpMePls> !mousepad
[2022-12-22 23:38:43] <@%^StreamElements> cerapad kin Bert
