# Log started: 2022-12-19 07:11:21 +0100
[2022-12-19 07:11:21] <%NBeeMC> !nb
[2022-12-19 07:11:21] <@%^StreamElements> Candii's non-binary and uses they/them pronouns. They don't mind if people use she/her or he/him pronouns though. https://www.youtube.com/watch?v=9xKe5VpUrQY
[2022-12-19 11:21:46] <@%^StreamElements> AiCandii is now live! Streaming Bear & Breakfast: LET'S RUN A B&B | !comic
[2022-12-19 11:22:08] VIEWERS: 8
[2022-12-19 11:22:08] ~LET'S RUN A B&B | !comic (Bear & Breakfast)~
[2022-12-19 11:22:10] [Points] 0haitra redeemed nothing (9)
[2022-12-19 11:22:18] [Points] 0haitra redeemed nothing (9)
[2022-12-19 11:22:28] <%+snydays> Hi Candii aicWAVE
[2022-12-19 11:22:40] [Points] snydays redeemed NICE (420)
[2022-12-19 11:22:42] <%feiashtear> first minute notifacation? sweet
[2022-12-19 11:22:49] <0haitra> damn i want more nothings
[2022-12-19 11:22:52] <%GrayOfSloth> Hai Candii
[2022-12-19 11:23:01] [Points] snydays redeemed nothing (9)
[2022-12-19 11:23:04] [Points] snydays redeemed nothing (9)
[2022-12-19 11:23:06] [Points] GrayOfSloth redeemed nothing (9)
[2022-12-19 11:23:07] [Points] Tebrithiel redeemed nothing (9)
[2022-12-19 11:23:11] <NuyGwen> warcrimes monkaW
[2022-12-19 11:23:32] [Points] shinokina redeemed nothing (9)
[2022-12-19 11:23:38] <%RiikRiik> aicWAVE Heya
[2022-12-19 11:23:41] <+Skeletalgoose> giwiW
[2022-12-19 11:23:47] <%gosb1t> hello chat! aicHEART hello Candii! aicHEART
[2022-12-19 11:23:47] <%quesopika> heya candii, heyo labchat brothers aicWAVE aicGLADGERS aicGLADGERS aicGLADGERS
[2022-12-19 11:24:04] <%KaltVT> AAAUUUUGHH buffpupYUCK
[2022-12-19 11:24:08] VIEWERS: 8
[2022-12-19 11:24:08] <%KaltVT> Hey y'all
[2022-12-19 11:24:26] <%illibrah> aicWAVE
[2022-12-19 11:24:45] <%GrayOfSloth> aicHMMM
[2022-12-19 11:24:59] <%quesopika> aicHMMM
[2022-12-19 11:25:03] <%ilovemoemoegirl> hi candiiiiii aicDANCE aicDANCE aicDANCE
[2022-12-19 11:25:30] <%gosb1t> catJAM
[2022-12-19 11:25:53] <%sinfuldrip> aicDANCE aicHYPE aicDANCE
[2022-12-19 11:26:13] VIEWERS: 57
[2022-12-19 11:26:13] <%Azureburn> potato251WAVE
[2022-12-19 11:26:15] <%EoBerrr> aicHEADPAT
[2022-12-19 11:26:24] <%GrayOfSloth> modCheck
[2022-12-19 11:26:40] <WolferZerotheDarkOne> its Candii! inkkFIREAni inkkFIREAni inkkFIREAni
[2022-12-19 11:27:05] <+SilverNightwing> Hi Candii I missed you!
[2022-12-19 11:27:30] <%swkengkwong> aicHYPE aicHYPE aicHYPE aicHYPE
[2022-12-19 11:28:13] VIEWERS: 57
[2022-12-19 11:28:14] <riversiinway7> Hola
[2022-12-19 11:28:23] <%GrayOfSloth> aicKITTEN
[2022-12-19 11:28:37] <%brokensquidz69> Hullo aicHYPE
[2022-12-19 11:28:44] <%HeyHobbie> wazzup?
[2022-12-19 11:28:46] <WalkingForDays> buffpupHand buffpupBigoleyes
[2022-12-19 11:28:52] [Points] HeyHobbie redeemed nothing (9)
[2022-12-19 11:28:55] [Points] HeyHobbie redeemed nothing (9)
[2022-12-19 11:29:03] [Points] fuzzydice75 redeemed nothing (9)
[2022-12-19 11:29:06] <$Zalgradis> tiuuieHi tiuuieComfy
[2022-12-19 11:29:23] <%fuzzydice75> aicWAVE
[2022-12-19 11:30:07] <Keivi22> Hi hi LuvSign LuvSign
[2022-12-19 11:30:13] VIEWERS: 57
[2022-12-19 11:30:17] <%gosb1t> hellooooooooooo
[2022-12-19 11:30:18] [Notification] themrhoho subscribed at Tier 1. They've subscribed for 19 months! [aicHEADPAT]
[2022-12-19 11:30:21] <%Azureburn> aicWAVE
[2022-12-19 11:30:21] <%+LisaTheFoxx> Hello Candii
[2022-12-19 11:30:23] <%quesopika> aicWAVE aicWAVE aicHEART aicHEART
[2022-12-19 11:30:28] <%feiashtear> <---- Ugly
[2022-12-19 11:30:33] <%PoopTheHebgehog> very cute idd aicMISERY
[2022-12-19 11:30:37] <%ilovemoemoegirl> HELLO aicHYPE aicHYPE aicHYPE aicHYPE aicEXCITE
[2022-12-19 11:30:46] <%+chumichumi8> hannahWiggle aicWAVE
[2022-12-19 11:30:53] [Notification] GrayOfSloth subscribed at Tier 1. They've subscribed for 18 months! [Hi Science Milf. I heard your preferred nickname is Science Milf.]
[2022-12-19 11:30:59] <+SilverNightwing> I've picked up on the way you say "yes" so I'm doing very well
[2022-12-19 11:31:02] <%silverphoenixfighter> hey Candii
[2022-12-19 11:31:03] <%+snydays> aicSTARE aicSTARE aicSTARE aicLOOKING aicLOOKING aicLOOKING  a candii? what is this, I thought she quit
[2022-12-19 11:31:04] <%+UkiZephy> aicWAVE
[2022-12-19 11:31:16] <RicoRawrzilla> wideVibe
[2022-12-19 11:31:18] <%$themrhoho> buffpupDisappear
[2022-12-19 11:31:21] <%+snydays> WAIT NOOO
[2022-12-19 11:31:25] <+OrleansVT> TwoCandies, ThreeCandies, Four Big Guys
[2022-12-19 11:31:26] <%PoopTheHebgehog> bye o7
[2022-12-19 11:31:28] <%gosb1t> NOOOO
[2022-12-19 11:31:28] <%+snydays> I WAS JOKLING
[2022-12-19 11:32:01] <%feiashtear> sexy tail
[2022-12-19 11:32:02] <WolferZerotheDarkOne> dont you dare myusagMyuZoomies myusagMyuZoomies
[2022-12-19 11:32:12] <%feiashtear> i mean cotton tail
[2022-12-19 11:32:13] VIEWERS: 103
[2022-12-19 11:32:17] <JoBroStreams> Helloooo!!! lowhHypeA lowhHypeA lowhHypeA
[2022-12-19 11:32:21] <%GrayOfSloth> aicHEADPAT
[2022-12-19 11:32:22] <%+LisaTheFoxx> Yeah, seen the one with Cotton
[2022-12-19 11:32:35] [Usernotice] DaBLODE is gifting 1 Tier 1 Subs to AiCandii's community! They've gifted a total of 44 in the channel!
[2022-12-19 11:32:36] [Notification] DaBLODE gifted a Tier 1 sub to CabbageBoyo!
[2022-12-19 11:32:40] <+OrleansVT> HOLY
[2022-12-19 11:32:44] <%HeyHobbie> she took today off
[2022-12-19 11:32:45] <%+snydays> your buffpup combined with you art was amazing
[2022-12-19 11:32:45] <%feiashtear> SHE STARTED AT 5 MINUTES A SUB
[2022-12-19 11:32:46] <%+LisaTheFoxx> Yeah she had like 400 hours
[2022-12-19 11:32:51] <%caT_v5> she needed a break aicHEADPAT
[2022-12-19 11:33:01] <%Realware> oh
[2022-12-19 11:33:03] <%gosb1t> Haruka
[2022-12-19 11:33:06] <%HeyHobbie> haruka, personal stuff happened
[2022-12-19 11:33:08] <+shinokina> Haruka did, yeah.
[2022-12-19 11:33:13] <%GrayOfSloth> 1 dollar 1 minute i guess
[2022-12-19 11:33:18] <+OrleansVT> THAT POOR CHILD what was she thinking 5 min per sub at her LEVEL?!
[2022-12-19 11:33:47] <%+LisaTheFoxx> 2nd subathon?
[2022-12-19 11:33:57] <+SilverNightwing> It was lovely having you around 24/7
[2022-12-19 11:34:08] <%+LisaTheFoxx> The edging
[2022-12-19 11:34:08] <%quesopika> agreed, i miss subathon too aicCOZY
[2022-12-19 11:34:10] [Notification] penguin_starborn gifted a Tier 1 sub to PohPoe! PohPoe has subscribed for 31 months!
[2022-12-19 11:34:10] [Usernotice] penguin_starborn is gifting 1 Tier 1 Subs to AiCandii's community! They've gifted a total of 4 in the channel!
[2022-12-19 11:34:13] VIEWERS: 103
[2022-12-19 11:34:25] <%HeyHobbie> 5 minutes a sub?
[2022-12-19 11:34:29] <%KaltVT> @OrleansVT I think she still doesn't quite comprehend the level she is on already. buffpupOMEGALUL
[2022-12-19 11:34:31] <%feiashtear> You dodged the last minute guys by locking it with like 20 minutes to go
[2022-12-19 11:34:32] <%+LisaTheFoxx> New year subathon
[2022-12-19 11:34:33] <%DaBLODE> its all about the fun!
[2022-12-19 11:34:35] <%KaltVT> She's precious
[2022-12-19 11:34:37] <%Megaroro06> Hello everyone aicWAVE
[2022-12-19 11:34:38] <%Anzrell> I hope the ducks are okay.
[2022-12-19 11:34:44] <%GrayOfSloth> RAISE THE TIMER dinkDonk DOUBLE TIME DASH
[2022-12-19 11:34:50] <+SilverNightwing> If you do another in future you can do the same as you did at the very end and just have a timer lockout when you decide you've had enough of 20 minute surges
[2022-12-19 11:35:05] <cooljazper> Hi
[2022-12-19 11:35:29] <+OrleansVT> if ppl come they come la dee da!
[2022-12-19 11:35:30] <Jul_Vy_Mdama> Ello I'm new! lovely Avatar, mind if I stay for a bit?
[2022-12-19 11:35:54] <%mdp_l> aicGLADGERS
[2022-12-19 11:35:55] <+OrleansVT> its the wiggler
[2022-12-19 11:35:56] <%gosb1t> @Jul_Vy_Mdama welcome aicHEART
[2022-12-19 11:35:58] <%+snydays> Corpa
[2022-12-19 11:35:58] <%DaBLODE> !throw
[2022-12-19 11:35:58] <+SilverNightwing> Hi Corpa cat!
[2022-12-19 11:35:59] <%Realware> buffpupCorpa
[2022-12-19 11:36:00] <%+LisaTheFoxx> buffpupCorpa
[2022-12-19 11:36:01] <%caT_v5> aicBUHH
[2022-12-19 11:36:03] <%quesopika> aicBUHH aicBUHH aicBUHH
[2022-12-19 11:36:05] <%GrayOfSloth> aicHMMM
[2022-12-19 11:36:12] <+CandiedCalico> I'm also new though I've heard of you through Buff!
[2022-12-19 11:36:12] <Jul_Vy_Mdama> niimzoLove niimzoLove
[2022-12-19 11:36:12] <+OrleansVT> cuppa galaxy? tasty?
[2022-12-19 11:36:12] <%DaBLODE> omg
[2022-12-19 11:36:13] VIEWERS: 202
[2022-12-19 11:36:21] <%gosb1t> aicBIGOLEYES
[2022-12-19 11:36:32] <RicoRawrzilla> Corpa
[2022-12-19 11:36:33] <+CandiedCalico> I saw you in my recommended and decided to stop by!
[2022-12-19 11:36:41] <%GrayOfSloth> yeah
[2022-12-19 11:36:43] <%+LisaTheFoxx> Thoughts? Who needs that?
[2022-12-19 11:36:46] <+SilverNightwing> New game! flobBongo
[2022-12-19 11:36:50] <TheSilentCyberMonk> Greetings and Salutations rikkuSip
[2022-12-19 11:36:50] <Jul_Vy_Mdama> I’ve been breeding racing deer. Just trying to make a quick buck.
[2022-12-19 11:36:55] <+SilverNightwing> FAMILY
[2022-12-19 11:37:10] <%GrayOfSloth> i sent some quality of life mods while still keeping vanilla gameplay
[2022-12-19 11:37:13] <%Lonesonne> aicWAVE
[2022-12-19 11:37:20] <+SilverNightwing> @jul_vy_mdama Ha! Nice
[2022-12-19 11:37:20] <RicoRawrzilla> FAMILYSPIN
[2022-12-19 11:37:22] <%HeyHobbie> oh no modded rimworld lol
[2022-12-19 11:37:28] [Points] DaBLODE redeemed nothing (9)
[2022-12-19 11:37:29] <%Azureburn> @GrayOfSloth oh good, I was worried about overwhelming things
[2022-12-19 11:37:36] <%Grissbe> 2
[2022-12-19 11:37:59] <%caT_v5> aicBAN
[2022-12-19 11:38:03] <%Realware> fair
[2022-12-19 11:38:05] <+SilverNightwing> Yeye!
[2022-12-19 11:38:10] <%quesopika> aicBAN
[2022-12-19 11:38:10] <%ilovemoemoegirl> aicBAN aicBAN aicBAN aicBAN
[2022-12-19 11:38:13] VIEWERS: 250
[2022-12-19 11:38:31] <%PorcelainMaid> hello gamer
[2022-12-19 11:38:32] <RicoRawrzilla> ThisIsFine
[2022-12-19 11:38:36] <%DaBLODE> aicHEADPAT
[2022-12-19 11:38:36] [Notification] RiikRiik subscribed at Tier 1. They've subscribed for 7 months!
[2022-12-19 11:38:38] <AiYumeka> akiajiPien people r the worst sometimes lolll
[2022-12-19 11:38:46] <%gosb1t> aicLAUGH
[2022-12-19 11:38:46] <zahard04> just know everything strimmer
[2022-12-19 11:38:56] <%feiashtear> I can't believe you didn't summon Exodia for fire patrol
[2022-12-19 11:38:58] <+SilverNightwing> Rimworld is all about fucking up and learning from it. Heck those people
[2022-12-19 11:39:17] <Jul_Vy_Mdama> That rolling of the R was nice! I'm still practicing my R rolling
[2022-12-19 11:39:19] <%+LisaTheFoxx> Yeah, people who are already understand the game usually don't have the patience for it
[2022-12-19 11:39:21] <%HeyHobbie> you did fine
[2022-12-19 11:39:37] <BiskSouper> there is no losing, just a story leafdrComfy
[2022-12-19 11:39:43] <%feiashtear> I dont understand rimworld. I'm afraid of how complicated it is
[2022-12-19 11:39:46] <%Duggerjuggernaut> now you got me sayin rrrrrrrimworld
[2022-12-19 11:39:48] <+SilverNightwing> You really were good at it. You got the mechanics and interactions between things down quicker than I did
[2022-12-19 11:39:55] [Notification] chubbabubs subscribed at Tier 1. They've subscribed for 11 months, currently on a 7 month streak! [aicDANCE]
[2022-12-19 11:40:13] VIEWERS: 250
[2022-12-19 11:40:19] <TheSilentCyberMonk> Rim world sims very difficult rikkuOO
[2022-12-19 11:40:20] <%HeyHobbie> so why Bear and Breakfast?
[2022-12-19 11:40:27] <+SilverNightwing> This game is lovely by the way, I've seen bits and pieces but I think you're in for a treat
[2022-12-19 11:41:01] <%HeyHobbie> just wondering why you picked it to play (I am curious about the game too)
[2022-12-19 11:41:03] <%Duggerjuggernaut> just finished it myself, its very appealing
[2022-12-19 11:41:04] <%+atlas_inual> those bears do be breakfasting tho
[2022-12-19 11:41:17] <AiYumeka> akiajiYipee ohhh ive seen this its so cutee
[2022-12-19 11:41:24] <+SilverNightwing> Dead center. You ARE the content.
[2022-12-19 11:41:28] <%+Deadlyslayer907z> condii aicWAVE
[2022-12-19 11:41:35] <%quesopika> aicCOZY
[2022-12-19 11:41:47] <%HeyHobbie> good choice of people to get recs from
[2022-12-19 11:41:47] <%DeadDanganronpaGuy> Hi Candii
[2022-12-19 11:42:13] VIEWERS: 250
[2022-12-19 11:42:27] <%themrhoho> hxyRat
[2022-12-19 11:42:27] <%Duggerjuggernaut> :)
[2022-12-19 11:42:29] <+SilverNightwing> That we know of
[2022-12-19 11:42:46] <+SilverNightwing> I enjoyed your Choo Choo Charles run
[2022-12-19 11:43:15] <%caT_v5> aicBUHH
[2022-12-19 11:43:30] <%GrayOfSloth> aicBUHH
[2022-12-19 11:43:36] <%gosb1t> top notch narration lol
[2022-12-19 11:43:42] <%lolmihatsu> hello Candii
[2022-12-19 11:44:13] VIEWERS: 293
[2022-12-19 11:44:39] <%+Deadlyslayer907z> aicZOOM
[2022-12-19 11:44:42] <%+LisaTheFoxx> Looks spooky
[2022-12-19 11:44:46] <%lolmihatsu> aicHEADPAT aicHEADPAT aicHEADPAT aicHEADPAT aicHEADPAT
[2022-12-19 11:44:49] <RicoRawrzilla> Bedge
[2022-12-19 11:44:49] <%gosb1t> monkaS
[2022-12-19 11:44:55] <+StarSaints> his little walk animation is precious
[2022-12-19 11:45:00] <%caT_v5> aicBIGOLEYES  oh this is cute
[2022-12-19 11:45:03] <%gosb1t> bedge
[2022-12-19 11:45:07] <%gosb1t> Bedge
[2022-12-19 11:45:09] <%Enna645> hi
[2022-12-19 11:45:15] <+SilverNightwing> Spoopy
[2022-12-19 11:45:20] <%+Deadlyslayer907z> aicSIT aicHEADPAT
[2022-12-19 11:45:25] <RicoRawrzilla> Wokege
[2022-12-19 11:45:44] <+SilverNightwing> Okay I'm feeling pretty drained so I'm gonna comfy lurk. Enjoy the game Candii!
[2022-12-19 11:45:44] [Points] bentleychillin redeemed nothing (9)
[2022-12-19 11:45:47] <+SilverNightwing> !lurk
[2022-12-19 11:45:48] <@%^StreamElements> aicCOZY Thank you for your lurking. aicCOZY
[2022-12-19 11:45:51] <cherrrrybun> u dont get it MOM
[2022-12-19 11:46:03] <%+Deadlyslayer907z> aicLOOKING
[2022-12-19 11:46:13] VIEWERS: 307
[2022-12-19 11:46:16] <%Duggerjuggernaut> "DOWN IN FRONT"
[2022-12-19 11:46:18] <thiccblackdaddyrtw> Hi. I want to offer promotion of your channel, viewers, followers, views, chat bots. The price is lower than any competitor, the quality is guaranteed to be the best. Auto-on. Incredibly flexible and convenient order management panel, everything is in your hands, turn it on/off/customize. Go to dogehype dot com
[2022-12-19 11:46:28] <%caT_v5> aicBAN aicBAN
[2022-12-19 11:46:30] <cherrrrybun> bruh
[2022-12-19 11:46:33] BAN: thiccblackdaddyrtw
[2022-12-19 11:46:37] <RicoRawrzilla> shoot, dang
[2022-12-19 11:46:51] <cherrrrybun> Bear and Grills pogga
[2022-12-19 11:47:00] <%lolmihatsu> how are you  candii?
[2022-12-19 11:47:20] <cherrrrybun> same bro...
[2022-12-19 11:47:27] <%PoopTheHebgehog> just think less 4Head
[2022-12-19 11:47:30] <cherrrrybun> sprixeCalladead
[2022-12-19 11:47:32] <%gosb1t> what a lovely mom
[2022-12-19 11:47:37] <%+LisaTheFoxx> It is like you have depression. Have you tried not being sad?
[2022-12-19 11:48:12] <readreadchopper> hinaboWooyeah
[2022-12-19 11:48:13] VIEWERS: 307
[2022-12-19 11:48:31] <cherrrrybun> how rude sprixeSads
[2022-12-19 11:49:20] <cherrrrybun> i love the voices u use lmfao
[2022-12-19 11:49:49] [Notification] Mellisbaker subscribed at Tier 1. They've subscribed for 7 months, currently on a 7 month streak! [7 months with the talented multi-voiced Candii! Hope you are having a great day!]
[2022-12-19 11:49:57] <%+Deadlyslayer907z> the voice 4 the mom sounds like goofy
[2022-12-19 11:50:18] Viewerstats (11:22-11:50): avg:168 min:8 max:307 [15/8+0+49+0+0+46+0+99+48+0+0+43+14+0−39]
[2022-12-19 11:50:18] VIEWERS: 268
[2022-12-19 11:50:25] <%+ObsidianKingHP> hi
[2022-12-19 11:50:37] <%Mellisbaker> You'll have to bear with it
[2022-12-19 11:50:38] <%+ObsidianKingHP> its been a bit
[2022-12-19 11:50:40] <+RobTheMothMan> so you're bear naked
[2022-12-19 11:51:02] <RicoRawrzilla> ba'dum tss
[2022-12-19 11:51:41] <joreyaseeya> Aicandii did warcrimes
[2022-12-19 11:51:57] <%Spacekivvi> Hello Scientist Milf and chat aicWAVE
[2022-12-19 11:52:15] <%+ObsidianKingHP> hru candii
[2022-12-19 11:52:18] VIEWERS: 268
[2022-12-19 11:53:34] <%Spacekivvi> KEKW
[2022-12-19 11:53:41] <$MIDvalley8> "I've wasted so much time" me everyday at bedtime
[2022-12-19 11:53:56] <%+Deadlyslayer907z> the bear looks like he has the hat from gravity falls
[2022-12-19 11:54:08] <%+ObsidianKingHP> @Deadlyslayer907z true
[2022-12-19 11:54:12] <%+Deadlyslayer907z> from that scene
[2022-12-19 11:54:18] VIEWERS: 268
[2022-12-19 11:54:28] <%HeyHobbie> is that a good movie?
[2022-12-19 11:54:38] <%yeeolddavyjones19> Goodnight, Candii. Goodnight, Chat.
[2022-12-19 11:54:45] <%HeyHobbie> o/
[2022-12-19 11:55:00] <%+ObsidianKingHP> aicWAVE aicWAVE aicWAVE aicWAVE aicWAVE aicWAVE aicWAVE aicWAVE aicWAVE
[2022-12-19 11:55:05] <%gosb1t> surely nothing bad will happen
[2022-12-19 11:55:22] <%+ObsidianKingHP> hi chat
[2022-12-19 11:55:44] <%+Deadlyslayer907z> @HeyHobbie \o
[2022-12-19 11:56:00] <%Spacekivvi> Goodnight @yeeolddavyjones19
[2022-12-19 11:56:18] VIEWERS: 286
[2022-12-19 11:57:14] <%GrayOfSloth> already min maxing on the inside
[2022-12-19 11:57:35] <%Spacekivvi> LUL
[2022-12-19 11:57:43] <%gosb1t> looks like a costume
[2022-12-19 11:57:44] <%HeyHobbie> oh a loan shark
[2022-12-19 11:57:50] <RicoRawrzilla> Susge
[2022-12-19 11:57:52] <zerogravityiso74> Loool this games cute
[2022-12-19 11:58:18] VIEWERS: 286
[2022-12-19 11:58:36] <%+Deadlyslayer907z> aicPEEK
[2022-12-19 11:58:38] <%quesopika> aicHMMM aicHMMM aicHMMM
[2022-12-19 11:59:02] <%gosb1t> looks legit
[2022-12-19 11:59:17] <%havissard> omg candi what are you doing on the ceiling
[2022-12-19 11:59:27] <RicoRawrzilla> y = ax² ?
[2022-12-19 11:59:33] <%+Deadlyslayer907z> ironmouseDERP
[2022-12-19 11:59:44] <TheSilentCyberMonk> I could get used to upside down candii rikkuNom
[2022-12-19 11:59:55] <zerogravityiso74> Uuuuum, 5?
[2022-12-19 12:00:01] <%GrayOfSloth> we ARE wack
[2022-12-19 12:00:18] VIEWERS: 381
[2022-12-19 12:00:22] <%Tilted_over> rosedoJam rosedoJam rosedoJam rosedoJam rosedoJam
[2022-12-19 12:01:17] <%+Deadlyslayer907z> whatdoyoumeanbythat
[2022-12-19 12:01:38] <TheSilentCyberMonk> That bear is funny lol
[2022-12-19 12:02:01] [Points] thadys22 redeemed nothing (9)
[2022-12-19 12:02:02] <%gosb1t> monkaS
[2022-12-19 12:02:18] VIEWERS: 381
[2022-12-19 12:02:30] <$CobraStryker_> How do we know if Candii is looking at Chat or the game?
[2022-12-19 12:02:36] <%Spacekivvi> rosedoMeltdown
[2022-12-19 12:02:59] <%GrayOfSloth> @cobrastryker_ candii reads everything aicBAKAFIED
[2022-12-19 12:03:09] <$CobraStryker_> monkaS
[2022-12-19 12:03:37] <%+Deadlyslayer907z> aicSIP
[2022-12-19 12:03:45] <%+bowmant114> aicSIP aicSIP aicSIP
[2022-12-19 12:03:51] <$CobraStryker_>* hides
[2022-12-19 12:04:00] <+TheShepi> Heya Candii!
[2022-12-19 12:04:05] <cherrrrybun> sprixeLurky
[2022-12-19 12:04:10] <Its_a_Meh> They're in the panopticon monkaS
[2022-12-19 12:04:16] <cherrrrybun> perhamps
[2022-12-19 12:04:18] VIEWERS: 388
[2022-12-19 12:04:20] <%+Deadlyslayer907z> illytheDots
[2022-12-19 12:04:32] <%GrayOfSloth> furry creatures in a forrest? ofcourse buff will like it.
[2022-12-19 12:04:39] <$CobraStryker_> how is the bear storing items? I see no backpack
[2022-12-19 12:04:55] <%Mellisbaker> mood
[2022-12-19 12:05:07] <RicoRawrzilla> LUL
[2022-12-19 12:05:07] <cherrrrybun> brah
[2022-12-19 12:05:09] <%+Deadlyslayer907z> @GrayOfSloth so all vtubers are furrys now illytheStormpat
[2022-12-19 12:05:24] <cherrrrybun> bro is down bad for his mom???
[2022-12-19 12:05:49] <%+SadPizza44> aicHEART aicHEART aicHEART
[2022-12-19 12:05:52] <%GrayOfSloth> @deadlyslayer907z no im talking about this game
[2022-12-19 12:06:05] <%Spacekivvi> that voice LUL
[2022-12-19 12:06:20] VIEWERS: 388
[2022-12-19 12:06:23] <cherrrrybun> nvm he just down bad for wood
[2022-12-19 12:07:11] <+Demonfate> that the dark one for the work bench
[2022-12-19 12:07:18] <cherrrrybun> yum scrum wood
[2022-12-19 12:07:33] <TheSilentCyberMonk> The voice fit so well for the saw mill guy rikkuSip
[2022-12-19 12:07:42] <+Demonfate> give me a bear bear vibes
[2022-12-19 12:07:45] <RicoRawrzilla> like We Bear Bears?
[2022-12-19 12:07:51] <cherrrrybun> it reminds me of We Bare Bears sprixePek
[2022-12-19 12:08:02] <+Demonfate> ayyy chain links
[2022-12-19 12:08:23] VIEWERS: 404
[2022-12-19 12:08:23] <%GrayOfSloth> we bare bears
[2022-12-19 12:08:31] <cherrrrybun> same cain brell
[2022-12-19 12:08:57] <%Spacekivvi> aicWHEEZE
[2022-12-19 12:09:04] <+Demonfate> @cherrrrybun haey
[2022-12-19 12:09:06] <cherrrrybun> "dramatic cutscene of him walking away"
[2022-12-19 12:09:13] <TheSilentCyberMonk> rikkuLOL
[2022-12-19 12:09:14] <cherrrrybun> @cherrrrybun hyey
[2022-12-19 12:09:28] [Raid] 216 raiders from Fleshy have joined!
[2022-12-19 12:09:30] <%Jsy3k> fleshyyZoomies fleshyyZoomies ZOOMIE RAID fleshyyZoomies fleshyyZoomies ZOOMIE RAID fleshyyZoomies fleshyyZoomies ZOOMIE RAID fleshyyZoomies fleshyyZoomies ZOOMIE RAID fleshyyZoomies fleshyyZoomies ZOOMIE RAID fleshyyZoomies fleshyyZoomies
[2022-12-19 12:09:33] <+OcelotBandit> fleshyyZoomies   fleshyyZoomies  ZOOMIE RAID  fleshyyZoomies   fleshyyZoomies  ZOOMIE RAID  fleshyyZoomies   fleshyyZoomies  ZOOMIE RAID  fleshyyZoomies   fleshyyZoomies  ZOOMIE RAID  fleshyyZoomies   fleshyyZoomies  ZOOMIE RAID  fleshyyZoomies   fleshyyZoomies
[2022-12-19 12:09:34] <sgtsoiledslacks> fleshy raid sapphi156Gimmegimme fleshy raid sapphi156Gimmegimme fleshy raid sapphi156Gimmegimme fleshy raid sapphi156Gimmegimme fleshy raid sapphi156Gimmegimme fleshy raid sapphi156Gimmegimme fleshy raid sapphi156Gimmegimme fleshy raid sapphi156Gimmegimme fleshy raid sapphi156Gimmegimme fleshy raid sapphi156Gimmegimme fleshy raid sapphi156Gimmegimme fleshy raid sapphi156Gimmegimme fleshy raid sapphi156Gimmegimme fleshy raid sapphi156Gimmegimme fleshy raid sapphi156Gimmegimme
[2022-12-19 12:09:36] <SaberActual02> fleshyyZoomies fleshyyZoomies ZOOMIE RAID fleshyyZoomies fleshyyZoomies ZOOMIE RAID fleshyyZoomies fleshyyZoomies ZOOMIE RAID fleshyyZoomies fleshyyZoomies ZOOMIE RAID fleshyyZoomies fleshyyZoomies ZOOMIE RAID fleshyyZoomies fleshyyZoomies
[2022-12-19 12:09:36] <+Demonfate> WO RAID
[2022-12-19 12:09:36] <cherrrrybun> oh mah raid
[2022-12-19 12:09:39] <AmusedBenga1> fleshyyZoomies fleshyyZoomies ZOOMIE RAID fleshyyZoomies fleshyyZoomies ZOOMIE RAID fleshyyZoomies fleshyyZoomies ZOOMIE RAID fleshyyZoomies fleshyyZoomies ZOOMIE RAID fleshyyZoomies fleshyyZoomies ZOOMIE RAID fleshyyZoomies fleshyyZoomies
[2022-12-19 12:09:41] <willrob87> fleshyyZoomies fleshyyZoomies ZOOMIE RAID fleshyyZoomies fleshyyZoomies ZOOMIE RAID fleshyyZoomies fleshyyZoomies ZOOMIE RAID fleshyyZoomies fleshyyZoomies ZOOMIE RAID fleshyyZoomies fleshyyZoomies ZOOMIE RAID fleshyyZoomies fleshyyZoomies
[2022-12-19 12:09:41] <Fleshy> fleshyyZoomies fleshyyZoomies ZOOMIE RAID fleshyyZoomies fleshyyZoomies ZOOMIE RAID fleshyyZoomies fleshyyZoomies ZOOMIE RAID fleshyyZoomies fleshyyZoomies ZOOMIE RAID fleshyyZoomies fleshyyZoomies ZOOMIE RAID fleshyyZoomies fleshyyZoomies
[2022-12-19 12:09:43] <robbywill> fleshyyZoomies fleshyyZoomies ZOOMIE RAID fleshyyZoomies fleshyyZoomies ZOOMIE RAID fleshyyZoomies fleshyyZoomies ZOOMIE RAID fleshyyZoomies fleshyyZoomies ZOOMIE RAID fleshyyZoomies fleshyyZoomies ZOOMIE RAID fleshyyZoomies fleshyyZoomies
[2022-12-19 12:09:44] <Fleshy> fleshyyZoomies fleshyyZoomies ZOOMIE RAID fleshyyZoomies fleshyyZoomies ZOOMIE RAID fleshyyZoomies fleshyyZoomies ZOOMIE RAID fleshyyZoomies fleshyyZoomies ZOOMIE RAID fleshyyZoomies fleshyyZoomies ZOOMIE RAID fleshyyZoomies fleshyyZoomies fleshyyZoomies fleshyyZoomies ZOOMIE RAID fleshyyZoomies fleshyyZoomies ZOOMIE RAID fleshyyZoomies fleshyyZoomies ZOOMIE RAID fleshyyZoomies fleshyyZoomies ZOOMIE RAID fleshyyZoomies fleshyyZoomies ZOOMIE RAID fleshyyZoomies
[2022-12-19 12:09:47] <%lordpogquaad> fleshyyZoomies fleshyyZoomies ZOOMIE RAID fleshyyZoomies fleshyyZoomies ZOOMIE RAID fleshyyZoomies fleshyyZoomies ZOOMIE RAID fleshyyZoomies fleshyyZoomies ZOOMIE RAID fleshyyZoomies fleshyyZoomies ZOOMIE RAID fleshyyZoomies fleshyyZoomies
[2022-12-19 12:09:49] <Fleshy> Hello!!
[2022-12-19 12:09:56] <%gosb1t> welcome raiders aicHEART
[2022-12-19 12:09:57] <+teirce> fleshyyZoomies fleshyyZoomies ZOOMIE RAID fleshyyZoomies fleshyyZoomies ZOOMIE RAID fleshyyZoomies fleshyyZoomies ZOOMIE RAID fleshyyZoomies fleshyyZoomies ZOOMIE RAID fleshyyZoomies fleshyyZoomies ZOOMIE RAID fleshyyZoomies fleshyyZoomies fleshyyZoomies fleshyyZoomies ZOOMIE RAID fleshyyZoomies fleshyyZoomies ZOOMIE RAID fleshyyZoomies fleshyyZoomies ZOOMIE RAID fleshyyZoomies fleshyyZoomies ZOOMIE RAID fleshyyZoomies fleshyyZoomies ZOOMIE RAID fleshyyZoomies
[2022-12-19 12:10:01] <RicoRawrzilla> SilverZoom
[2022-12-19 12:10:04] <zerogravityiso74> Welcome!
[2022-12-19 12:10:05] <Fleshy> this game looks so cute
[2022-12-19 12:10:15] <Fleshy> it was fun! i played callisto protocol!
[2022-12-19 12:10:17] <%Spacekivvi> Welcome raiders
[2022-12-19 12:10:21] <cherrrrybun> @AiCandii how do u always find the best and most comfy games?
[2022-12-19 12:10:23] VIEWERS: 613
[2022-12-19 12:10:48] <cherrrrybun> the wot
[2022-12-19 12:11:10] <AkaruiYamiDono> fleshyyZoomies fleshyyZoomies ZOOMIE RAID fleshyyZoomies fleshyyZoomies ZOOMIE RAID fleshyyZoomies fleshyyZoomies ZOOMIE RAID fleshyyZoomies fleshyyZoomies ZOOMIE RAID fleshyyZoomies fleshyyZoomies ZOOMIE RAID fleshyyZoomies fleshyyZoomies fleshyyZoomies fleshyyZoomies ZOOMIE RAID fleshyyZoomies fleshyyZoomies ZOOMIE RAID fleshyyZoomies fleshyyZoomies ZOOMIE RAID fleshyyZoomies fleshyyZoomies ZOOMIE RAID fleshyyZoomies fleshyyZoomies ZOOMIE RAID fleshyyZoomies
[2022-12-19 12:11:16] <%+ObsidianKingHP> upside down
[2022-12-19 12:11:25] <TwoVaild> fleshyyZoomies fleshyyZoomies ZOOMIE RAID fleshyyZoomies fleshyyZoomies ZOOMIE RAID fleshyyZoomies fleshyyZoomies ZOOMIE RAID fleshyyZoomies fleshyyZoomies ZOOMIE RAID fleshyyZoomies fleshyyZoomies ZOOMIE RAID fleshyyZoomies fleshyyZoomies
[2022-12-19 12:11:35] <cherrrrybun> she hangin from the cealin
[2022-12-19 12:11:41] <+Demonfate> she using those vamp perks
[2022-12-19 12:11:47] <%Jsy3k> No kidding KEKW
[2022-12-19 12:11:55] <%+ObsidianKingHP> the booba is going the wrong way
[2022-12-19 12:12:13] <+Demonfate> reverse gravity
[2022-12-19 12:12:19] <cherrrrybun> "where am i"
[2022-12-19 12:12:23] VIEWERS: 613
[2022-12-19 12:12:34] <%+ObsidianKingHP> work gravity
[2022-12-19 12:13:50] <%SholynMonkey> Did you hear about the new Origami TV Channel? It never really took off. Maybe because it was paper view only…
[2022-12-19 12:14:13] <%DigitalPenquin> cookie105Arrive aicWAVE G'morning hope y'all are having an amazing day! aicCOZY
[2022-12-19 12:14:23] VIEWERS: 589
[2022-12-19 12:14:27] <cherrrrybun> sprixeDeads
[2022-12-19 12:14:39] <cherrrrybun> @DigitalPenquin mornin!
[2022-12-19 12:15:03] <+Demonfate> @DigitalPenquin suh 2020Rivalry
[2022-12-19 12:15:07] <cherrrrybun> is this minecraft?
[2022-12-19 12:15:32] <%gosb1t> nice
[2022-12-19 12:15:34] <%DigitalPenquin> @cherrrrybun @Demonfate shiaWave buffpupFlower
[2022-12-19 12:15:37] <+Demonfate> look like a solitary confinement
[2022-12-19 12:15:40] <%SholynMonkey> slowclap
[2022-12-19 12:16:04] <%+GrizzlyJelloooo> Bears can run B&Bs in Australia?!
[2022-12-19 12:16:23] VIEWERS: 589
[2022-12-19 12:16:28] <+Demonfate> shieeet
[2022-12-19 12:16:36] <cherrrrybun> @GrizzlyJelloooo of course! sprixeHypee
[2022-12-19 12:16:50] <%SholynMonkey> hey solitary confinement would be considered a vacation by someone like me
[2022-12-19 12:17:00] <%Epicloot93> Haaaaaii aicHEART
[2022-12-19 12:17:00] <%+GrizzlyJelloooo> aicHYPE aicHYPE aicHYPE
[2022-12-19 12:17:13] <cherrrrybun> @SholynMonkey mood af sprixeCalladead
[2022-12-19 12:17:37] <%Spacekivvi> buffpupCorpa buffpupCorpa buffpupCorpa buffpupCorpa buffpupCorpa
[2022-12-19 12:18:08] <%GrayOfSloth> aicHMM
[2022-12-19 12:18:23] VIEWERS: 604
[2022-12-19 12:18:49] <%gosb1t> she teleported monkaS
[2022-12-19 12:20:23] Viewerstats (11:52-12:20): avg:444 min:268 max:613 [15/268+0+18+0+95+0+7+0+16+209+0−24+0+15+0]
[2022-12-19 12:20:23] VIEWERS: 604
[2022-12-19 12:20:39] <%gamerspine> hi candi hi chat aicWAVE
[2022-12-19 12:21:17] <%Anzrell> Log off, touch trash
[2022-12-19 12:21:26] <%DigitalPenquin> @gamerspine aicWAVE itsdho2Flower
[2022-12-19 12:21:40] <cherrrrybun> they should do the cuphead thing where they draw interactable things differently
[2022-12-19 12:22:16] <%gamerspine> @DigitalPenquin greenm59Flower
[2022-12-19 12:22:23] VIEWERS: 604
[2022-12-19 12:24:18] <%gosb1t> human delivery on the way
[2022-12-19 12:24:23] VIEWERS: 604
[2022-12-19 12:24:32] <%SholynMonkey> @AiCandii ,,yougoingto watch Cocaine bear?
[2022-12-19 12:24:54] <%Aussie_Tiger1986> G’day @aicandii and chat
[2022-12-19 12:25:10] <cherrrrybun> "hello fellow hoomans!"
[2022-12-19 12:26:22] <%GrayOfSloth> aicHMMM
[2022-12-19 12:26:23] VIEWERS: 625
[2022-12-19 12:27:12] <%gosb1t> the "shark" can understand the bear so that means it's not a human, right?
[2022-12-19 12:27:52] <%DigitalPenquin> aicCOZY
[2022-12-19 12:28:05] <%Spacekivvi> Comfy cozy aicCOZY
[2022-12-19 12:28:23] VIEWERS: 625
[2022-12-19 12:29:04] <cherrrrybun> game theory: this is the prequal to cocaine bear
[2022-12-19 12:29:19] <%SholynMonkey> OHNO
[2022-12-19 12:29:30] <cherrrrybun> O LORDE
[2022-12-19 12:29:49] <%GrayOfSloth> only YOU can prevent forest fires
[2022-12-19 12:30:14] <nitemare96> But you got a compass now!
[2022-12-19 12:30:23] VIEWERS: 632
[2022-12-19 12:30:34] <%BETD23> wat
[2022-12-19 12:31:25] <%smolgoatfish> Candii! I hope you're doing well!! And hello chat!
[2022-12-19 12:31:47] <nitemare96> I think its for skipping only
[2022-12-19 12:31:47] <%SholynMonkey> youll get to sleep when you hibearnate... Kappa
[2022-12-19 12:32:08] <%Spacekivvi> It  happens to all of us
[2022-12-19 12:32:12] <%GrayOfSloth> having things is nice
[2022-12-19 12:32:20] <%GiggleSquidi> I play the exact same way
[2022-12-19 12:32:23] VIEWERS: 632
[2022-12-19 12:32:28] <%smolgoatfish> this is my first look at the game and can i just say I love how that bear walks?? it looks so cute and fluid!!!
[2022-12-19 12:32:31] <%quesopika> aicSIP aicCOZY
[2022-12-19 12:32:49] <%DigitalPenquin> NODDERS
[2022-12-19 12:32:59] <%GrayOfSloth> im sure stardew valley has a mod for that
[2022-12-19 12:33:11] <%dongermancometh> he trundles
[2022-12-19 12:34:02] <%GrayOfSloth> candii wants wood
[2022-12-19 12:34:04] <%GrayOfSloth> aicHMMM
[2022-12-19 12:34:06] <%GiggleSquidi> You would look for wood
[2022-12-19 12:34:12] <%Spacekivvi> KEKW
[2022-12-19 12:34:23] VIEWERS: 632
[2022-12-19 12:34:26] <%caT_v5> aicWHEEZE
[2022-12-19 12:34:35] <%DigitalPenquin> OMEGALUL
[2022-12-19 12:34:43] <%gosb1t> aicLAUGH
[2022-12-19 12:34:43] <%quesopika> snuffSmugw snuffSmugw snuffSmugw
[2022-12-19 12:34:52] <cherrrrybun> BOZO
[2022-12-19 12:34:55] <%Spacekivvi> Derp
[2022-12-19 12:35:06] <%smolgoatfish> these expressions oh my god
[2022-12-19 12:35:34] <%quesopika> snuffEat
[2022-12-19 12:35:48] <+jayblayze1> MindManners
[2022-12-19 12:35:52] <%DigitalPenquin> aicWHEEZE
[2022-12-19 12:35:55] <%Anzrell> He's going to get gas station space worms
[2022-12-19 12:36:28] VIEWERS: 625
[2022-12-19 12:37:38] <TioSieghart> hope candy realises that she's making cartman voice KEKW
[2022-12-19 12:37:41] <%Spacekivvi> aicWHEEZE
[2022-12-19 12:37:42] <nitemare96> when you get annoyed by the darkness you can just click the snooze button in the lower bar to get back to daylight, I think that is how it works.
[2022-12-19 12:38:28] VIEWERS: 625
[2022-12-19 12:38:34] <%mouldy_breast_milk> oh hello there
[2022-12-19 12:38:47] <%+Papa_Zuzu> is there a forest-based real estate sim?
[2022-12-19 12:38:58] <FallenAngel0103> oh hi
[2022-12-19 12:38:58] <cherrrrybun> is that dood an actual shark???
[2022-12-19 12:39:07] <FallenAngel0103> I come back to a different stream KEKW
[2022-12-19 12:39:10] <cherrrrybun> @mouldy_breast_milk nice name btw
[2022-12-19 12:39:35] <%mouldy_breast_milk> @mouldy_breast_milk i wish i'm judged by the content of my chats
[2022-12-19 12:39:54] <%SholynMonkey> he looks like Tom nooks crack addicted couzen
[2022-12-19 12:40:24] <cherrrrybun> @mouldy_breast_milk kinda hard to ignore the name tho haha
[2022-12-19 12:40:28] VIEWERS: 635
[2022-12-19 12:40:44] <cherrrrybun> this guy sounds like a banjo
[2022-12-19 12:41:09] [Points] little_frohgy redeemed nothing (9)
[2022-12-19 12:41:25] <%mouldy_breast_milk> @mouldy_breast_milk so i have the same problem as women with big honkers?
[2022-12-19 12:42:22] <little_frohgy> Hello hello
[2022-12-19 12:42:29] VIEWERS: 635
[2022-12-19 12:42:36] <urpofi> THATS IT LADS, ROCK AND STONE!
[2022-12-19 12:42:39] <cherrrrybun> @mouldy_breast_milk i guess so lol sprixeDance sprixeDance sprixeDance sprixeDance sprixeDance
[2022-12-19 12:44:24] <%smolgoatfish> EYYYY
[2022-12-19 12:44:29] VIEWERS: 646
[2022-12-19 12:44:53] <%dongermancometh> public transit
[2022-12-19 12:45:11] <%$lSpruce> can we eat the beaver nagPause
[2022-12-19 12:45:17] <%JayJazz_> Is your mom still waiting for you?
[2022-12-19 12:45:42] <%nubb_biggens> what game is this?
[2022-12-19 12:46:29] VIEWERS: 646
[2022-12-19 12:46:50] <%GiggleSquidi> Damn this game is adorable, definitely want to play it some day
[2022-12-19 12:46:51] <%SholynMonkey> is it just me or is the husky Ticc AF
[2022-12-19 12:47:22] <%JayJazz_> She's gonna be pissed. aicRIP
[2022-12-19 12:47:41] <%legioned247> hi candii
[2022-12-19 12:47:58] <%legioned247> candii a bear
[2022-12-19 12:48:04] [Points] torchdoc999 redeemed nothing (9)
[2022-12-19 12:48:14] <%$lSpruce> why is there laundy nagHmm . is mom cheating on dad nagHmm
[2022-12-19 12:48:29] VIEWERS: 635
[2022-12-19 12:48:38] <%GiggleSquidi> Oh no poor mom
[2022-12-19 12:48:48] <unoriginal_goat> hi candii and candii's chat hope all is going well!
[2022-12-19 12:49:14] <%+skuddybuddy> YES, finally made it to a stream
[2022-12-19 12:49:25] <%GiggleSquidi> @unoriginal_goat aicWAVE
[2022-12-19 12:49:36] [Points] unoriginal_goat redeemed nothing (9)
[2022-12-19 12:49:38] <%SholynMonkey> Mom was like .. Back for a Visit??  how nice .. but I gotta meet the girls for a bridge game
[2022-12-19 12:50:12] <%$lSpruce> i feel personaly attacked by that statement aicBUHH
[2022-12-19 12:50:29] Viewerstats (12:22-12:50): avg:629 min:604 max:646 [15/604+0+21+0+7+0+0−7+0+10+0+11+0−11+0]
[2022-12-19 12:50:29] VIEWERS: 635
[2022-12-19 12:50:55] <%oryouandryuoma777> !lurk
[2022-12-19 12:50:55] <@%^StreamElements> aicCOZY Thank you for your lurking. aicCOZY
[2022-12-19 12:51:03] <%$lSpruce> fancy PISSERS
[2022-12-19 12:52:29] VIEWERS: 635
[2022-12-19 12:53:13] <Ozelia_Blanc> Yo fucko. You a bear now?
[2022-12-19 12:53:19] <%legioned247> hi hi candii
[2022-12-19 12:53:54] <grietiem> Ghost bears
[2022-12-19 12:54:29] VIEWERS: 656
[2022-12-19 12:55:19] <%PharaohRaziel> 🐻 aicEXCITE
[2022-12-19 12:56:27] <%legioned247> this game looks cool
[2022-12-19 12:56:29] VIEWERS: 656
[2022-12-19 12:56:32] <%+VolkanRemix> hi chat and candii aicHEADPAT
[2022-12-19 12:56:43] <%legioned247> @volkanremix hi hi
[2022-12-19 12:57:01] <%JayJazz_> She has completely lost her memory of giving you money aicWHEEZE
[2022-12-19 12:58:29] VIEWERS: 642
[2022-12-19 12:58:30] <%DigitalPenquin> buffpupOld
[2022-12-19 12:58:56] <%+lluvias_> good morning aicWAVE
[2022-12-19 12:59:03] <%dongermancometh> lol
[2022-12-19 12:59:12] <%DigitalPenquin> @lluvias_ shiaWave
[2022-12-19 12:59:12] <Ozelia_Blanc> Perfecting your smokers lung voice huh
[2022-12-19 12:59:13] <Bastuur_Fistus> ironmouseKEK ironmouseKEK ironmouseKEK
[2022-12-19 12:59:17] <%DigitalPenquin> KEKW
[2022-12-19 12:59:39] <%quesopika> aicHMMM aicHMMM
[2022-12-19 12:59:45] <%+luceooo> I mean, he came in the night
[2022-12-19 12:59:47] <%DigitalPenquin> widepeepoHappy new hat
[2022-12-19 12:59:49] <%smolgoatfish> The hat!!!
[2022-12-19 12:59:52] <%Anzrell> You won!
[2022-12-19 12:59:55] <Ozelia_Blanc> Fish fear you now
[2022-12-19 12:59:58] <%quesopika> rikkuWowie
[2022-12-19 12:59:58] <%gosb1t> peepoHappy
[2022-12-19 13:00:19] <TioSieghart> rat is always the mafia guy
[2022-12-19 13:00:22] <%+skuddybuddy> So hamsom wit the new hat
[2022-12-19 13:00:25] <%JayJazz_> aicWHEEZE aicWHEEZE aicWHEEZE
[2022-12-19 13:00:29] VIEWERS: 642
[2022-12-19 13:00:49] <%legioned247> good mom
[2022-12-19 13:01:32] <gamererlend_speed> woman
[2022-12-19 13:02:07] <%JayJazz_> aicHMM
[2022-12-19 13:02:16] <sparringstudent> hi candii
[2022-12-19 13:02:16] <%+skuddybuddy> Nay, aicandii
[2022-12-19 13:02:17] <%+luceooo> Mi madre only gave money for chores. Sadge
[2022-12-19 13:02:20] <Ozelia_Blanc> Yeah that was fucking riveting man
[2022-12-19 13:02:20] <+zdog1971> kyunThink
[2022-12-19 13:02:27] <%dongermancometh> femoid
[2022-12-19 13:02:29] VIEWERS: 610
[2022-12-19 13:02:45] <%gosb1t> he needed all those months to produce that thought
[2022-12-19 13:03:11] <%Nyaan045> can i get like a quick summary of what this game is about please?
[2022-12-19 13:03:32] <%legioned247> HAPPY HOLIDAYS CANDII
[2022-12-19 13:03:35] <%dongermancometh> yogi bear and stardew valley
[2022-12-19 13:03:37] <king_zethyrus> Food
[2022-12-19 13:03:43] <%Anzrell> Delicious humans.
[2022-12-19 13:04:01] <king_zethyrus> Success 😎
[2022-12-19 13:04:08] <%Nyaan045> makes sens aicNOTES
[2022-12-19 13:04:26] <king_zethyrus> angels80Notes
[2022-12-19 13:04:29] VIEWERS: 610
[2022-12-19 13:04:40] <%+luceooo> So the humans are all cool with the animals?
[2022-12-19 13:04:48] <%gosb1t> this game is adorable
[2022-12-19 13:04:56] <king_zethyrus> We bare bears
[2022-12-19 13:05:21] <%gosb1t> Sadge
[2022-12-19 13:05:44] <king_zethyrus> Eat emmm
[2022-12-19 13:05:47] <%quesopika> bear racists aicSICK
[2022-12-19 13:05:52] <mattmk_ll> hello
[2022-12-19 13:05:55] <RicoRawrzilla> D:
[2022-12-19 13:05:58] <king_zethyrus> Respectfully
[2022-12-19 13:06:06] <%+luceooo> Poop on their doorstep
[2022-12-19 13:06:16] <mattmk_ll> this looks cute
[2022-12-19 13:06:26] <%+luceooo> Also respectfully
[2022-12-19 13:06:29] VIEWERS: 638
[2022-12-19 13:06:53] <king_zethyrus> @luceooo respectfully disrespect their doorstep angels80Notes
[2022-12-19 13:07:18] <king_zethyrus> Noted
[2022-12-19 13:07:41] <!achiumoe> bears PogChamp
[2022-12-19 13:07:50] <%order_in_chaos__> Hi
[2022-12-19 13:07:53] <king_zethyrus> Bares
[2022-12-19 13:08:01] <%+luceooo> I was a bear once
[2022-12-19 13:08:01] <%GiggleSquidi> It's free raccoon money though
[2022-12-19 13:08:01] <mattmk_ll> the bear is so adorable the heck
[2022-12-19 13:08:02] <%JayJazz_> You damn humans! aicANGY
[2022-12-19 13:08:11] <king_zethyrus> Baers
[2022-12-19 13:08:22] <king_zethyrus> Yes pls
[2022-12-19 13:08:29] VIEWERS: 638
[2022-12-19 13:08:31] <gamererlend_speed> female human
[2022-12-19 13:08:51] <%+luceooo> I prefer a wash closet actually
[2022-12-19 13:09:07] <Ozelia_Blanc> Thats like those coffin tube hotels in japan
[2022-12-19 13:09:15] <king_zethyrus> The poop corner is a necessity
[2022-12-19 13:09:27] <Ozelia_Blanc> Your promise land, the bog
[2022-12-19 13:09:53] <gamererlend_speed> X chromosome
[2022-12-19 13:10:00] BAN: gamererlend_speed
[2022-12-19 13:10:08] <Zanchak> I thought it said beer and breakfast but bear works too
[2022-12-19 13:10:20] <%DigitalPenquin> Chatting
[2022-12-19 13:10:25] <%nyaavi_> women ✨
[2022-12-19 13:10:29] VIEWERS: 646
[2022-12-19 13:10:31] <%havissard> peepoTalking
[2022-12-19 13:10:41] <%+luceooo> @zanchak I’d pay for this too though
[2022-12-19 13:10:58] <%quesopika> played the long game damn aicRIP
[2022-12-19 13:11:08] <%nyaavi_> also, bears ✨
[2022-12-19 13:11:09] <%+luceooo> Wait what
[2022-12-19 13:11:11] <Jasonkappamartinez> Hello
[2022-12-19 13:11:41] <%+luceooo> Is that a baker mouse?!
[2022-12-19 13:11:58] <%+luceooo> Ratatouille’s forest dwelling cousin
[2022-12-19 13:12:01] <%GiggleSquidi> What the fuck these character designs are so good and cute! aicEXCITE
[2022-12-19 13:12:22] <Ozelia_Blanc> The floppy arm walk is good
[2022-12-19 13:12:29] VIEWERS: 646
[2022-12-19 13:12:31] <RicoRawrzilla> ratJAM
[2022-12-19 13:12:33] <%GiggleSquidi> Loot goblins gotta loot aicSIT
[2022-12-19 13:12:41] <%JayJazz_> Is this on Steam?
[2022-12-19 13:12:46] <%+skuddybuddy> Give me some 2010 era cartoon vines
[2022-12-19 13:12:50] <mattmk_ll> the trash goblin faze
[2022-12-19 13:13:19] <%+skuddybuddy> YES
[2022-12-19 13:13:25] <%DigitalPenquin> FeelsStrongMan Clap
[2022-12-19 13:13:30] <RicoRawrzilla> o7
[2022-12-19 13:13:31] <%nyaavi_> bring back fully fleshed out, free to play flash games
[2022-12-19 13:13:39] <%+luceooo> The Cartoon Network resort one was my favorite
[2022-12-19 13:13:47] <%+luceooo> I never beat it. So many hidden things
[2022-12-19 13:14:21] <%+luceooo> @jayjazz_ also, ye. It’s on steam. Google tells me so
[2022-12-19 13:14:29] <%JayJazz_> I think Flash is basically dead, unfortunately.
[2022-12-19 13:14:29] VIEWERS: 663
[2022-12-19 13:14:58] <%$lSpruce> guides in other languages were impossible to find back then Deadge
[2022-12-19 13:15:40] <%JayJazz_> @luceooo Okay. Thank you.
[2022-12-19 13:15:56] <%+luceooo> Oh man.. look up a guide? Makes me remember going to game stores to read guidebooks and write down the parts I needed
[2022-12-19 13:16:17] <mattmk_ll> opera gx has like this forum with browser games
[2022-12-19 13:16:22] <%+luceooo> Back when there were giant books full of cheat codes
[2022-12-19 13:16:29] VIEWERS: 663
[2022-12-19 13:16:29] <%$lSpruce> cheatcodes from guidebookes KEKW
[2022-12-19 13:16:36] <mattmk_ll> that dont run on flash
[2022-12-19 13:16:44] <%$lSpruce> and half of them dont work
[2022-12-19 13:17:06] <%SholynMonkey> entrepreneurs never sleep
[2022-12-19 13:17:07] <%rabidlynx_next_gen> ooh war crimes
[2022-12-19 13:17:22] <%$lSpruce> they made some engine to emulate flash, but it doesnt run exactly the same.
[2022-12-19 13:17:26] <mattmk_ll> nah they work
[2022-12-19 13:18:04] <RicoRawrzilla> monkaS
[2022-12-19 13:18:06] <%$h3b3s> wuddup candiii
[2022-12-19 13:18:13] <%+luceooo> Lmaooo
[2022-12-19 13:18:20] <%$lSpruce> they work, but glitches and such dont work anymore.
[2022-12-19 13:18:29] VIEWERS: 663
[2022-12-19 13:18:30] <%BETD23> he does look like the zootropolis mob boss shrew
[2022-12-19 13:19:07] <mattmk_ll> que the godfather music
[2022-12-19 13:19:10] <%$h3b3s> LUL
[2022-12-19 13:19:17] <%BETD23> jane?
[2022-12-19 13:20:29] Viewerstats (12:52-13:20): avg:644 min:610 max:663 [15/635+21+0−14+0−32+0+28+0+8+0+17+0+0+0]
[2022-12-19 13:20:29] VIEWERS: 663
[2022-12-19 13:20:58] <%SholynMonkey> Ron is a cunt ,,, I'll give you that
[2022-12-19 13:21:19] <thelegendarytrainer23> Hi AiCandii it's really lovely seeing you I really like the model
[2022-12-19 13:22:03] <%BETD23> ayo?
[2022-12-19 13:22:15] <%GiggleSquidi> Wazowskiiii
[2022-12-19 13:22:29] VIEWERS: 663
[2022-12-19 13:22:34] <%Aki_leo> aicWAVE
[2022-12-19 13:22:35] [Notification] DarkScarletMage subscribed at Tier 1. They've subscribed for 8 months!
[2022-12-19 13:23:09] <%legioned247> YOU DOING IT CANDII
[2022-12-19 13:23:12] <%$lSpruce> imb4 candii starts hearing all these voices after stream too KEKW
[2022-12-19 13:23:18] <%DarkScarletMage> Heyyo
[2022-12-19 13:23:50] <TioSieghart> KEKW
[2022-12-19 13:23:57] <%BETD23> enter 5 more characters
[2022-12-19 13:23:57] <RicoRawrzilla> KEKW
[2022-12-19 13:24:17] <%quesopika> aicLAUGH aicLAUGH
[2022-12-19 13:24:29] VIEWERS: 648
[2022-12-19 13:24:39] <RicoRawrzilla> Corpa
[2022-12-19 13:25:06] <%$lSpruce> a jar nagLewd
[2022-12-19 13:25:13] <%gosb1t> not the jar monkaS
[2022-12-19 13:25:24] <%JayJazz_> Not the jar! aicWORRY
[2022-12-19 13:26:02] <%legioned247> your a b and b
[2022-12-19 13:26:16] <%quesopika> aicCRY aicCRY
[2022-12-19 13:26:16] <mattmk_ll> meanwhile the B&B is on fire
[2022-12-19 13:26:29] VIEWERS: 660
[2022-12-19 13:26:54] <%SholynMonkey> a b with "b"s
[2022-12-19 13:27:33] <%BETD23> charlie? huh LUL
[2022-12-19 13:28:11] <RicoRawrzilla> ratJAM rats rats we are the rats
[2022-12-19 13:28:17] [Notification] novawolf171 subscribed at Tier 1. They've subscribed for 16 months!
[2022-12-19 13:28:23] <%$lSpruce> crazy? ratJAM
[2022-12-19 13:28:29] VIEWERS: 660
[2022-12-19 13:28:44] <redcatfire4545> MercyWing1 aicBAKAFIED MercyWing2
[2022-12-19 13:28:52] <%BETD23> HUH
[2022-12-19 13:28:54] <mattmk_ll> what
[2022-12-19 13:29:10] <%quesopika> aicHMMM aicHMMM
[2022-12-19 13:29:11] <%BETD23> you did not say hands Stare
[2022-12-19 13:29:14] <%$lSpruce> pretty sure you said pants
[2022-12-19 13:29:21] <%PharaohRaziel> pants
[2022-12-19 13:29:25] <%BETD23> "in my pants"
[2022-12-19 13:29:28] <%DigitalPenquin> KEKW
[2022-12-19 13:29:32] <mattmk_ll> yeah pants
[2022-12-19 13:29:44] <RicoRawrzilla> like pockets?
[2022-12-19 13:29:53] <%SholynMonkey> happy Indeed
[2022-12-19 13:29:54] <%$h3b3s> HUH that's a nice cough u got thur candii
[2022-12-19 13:30:16] <%$h3b3s> oh my bad i thought u had the illness Stare
[2022-12-19 13:30:27] <%BETD23> shes robbin you
[2022-12-19 13:30:29] VIEWERS: 660
[2022-12-19 13:30:34] <%$h3b3s> down with the sickness
[2022-12-19 13:31:36] <mattmk_ll> i bet it is
[2022-12-19 13:31:42] <%BETD23> fool of a took
[2022-12-19 13:32:29] VIEWERS: 636
[2022-12-19 13:33:24] <mattmk_ll> cram more stuff in to the small rooms LUL
[2022-12-19 13:33:56] [Points] gemini6666wastaken redeemed nothing (9)
[2022-12-19 13:34:09] <%Arbitraya> what specific war crimes are we doing today?
[2022-12-19 13:34:29] VIEWERS: 670
[2022-12-19 13:35:08] <%gosb1t> that's the suite aicLAUGH
[2022-12-19 13:36:15] <%BETD23> dang a whole window?
[2022-12-19 13:36:21] <mattmk_ll> you are making new herry potters
[2022-12-19 13:36:29] VIEWERS: 670
[2022-12-19 13:36:37] <%Arbitraya> truely innovating
[2022-12-19 13:36:38] <mattmk_ll> with how small the rooms are
[2022-12-19 13:37:50] <mattmk_ll> how do people get in or out thru  the jukebox ?
[2022-12-19 13:38:01] <%JayJazz_> I don't think this meets code...
[2022-12-19 13:38:29] VIEWERS: 670
[2022-12-19 13:38:45] <mattmk_ll> i am getting a fire hazard feeling
[2022-12-19 13:39:39] <%callumshader> a fire feature
[2022-12-19 13:40:01] <%JayJazz_> aicWHEEZE
[2022-12-19 13:40:06] <%Arbitraya> so tru
[2022-12-19 13:40:29] VIEWERS: 670
[2022-12-19 13:41:34] <%GiggleSquidi> Probably the little sign
[2022-12-19 13:42:29] VIEWERS: 670
[2022-12-19 13:44:29] VIEWERS: 625
[2022-12-19 13:45:13] [Points] kei_fukuide_23 redeemed nothing (9)
[2022-12-19 13:45:23] [Points] DailyTwitchUser redeemed nothing (9)
[2022-12-19 13:45:42] <shepard_draws> what's this game Candi?
[2022-12-19 13:45:50] <mattmk_ll> do you have a timeline of when will the B&B burst in fire if it is a guarantee and not a hazard
[2022-12-19 13:46:29] VIEWERS: 691
[2022-12-19 13:46:39] <Holo_Toad69> Yo
[2022-12-19 13:46:41] <endlesscries> aicSNACC hi hi good eve how ya doing guys? and how ya doin Gummy Bear Candii ?
[2022-12-19 13:46:42] <%JayJazz_> Make sure to insure it first. aicGAMBA
[2022-12-19 13:47:10] <+ParanoidCorgi> buffpupCorpa no business fraud here
[2022-12-19 13:47:12] <shepard_draws> i dont think ive seen this game before
[2022-12-19 13:47:31] <%GiggleSquidi> @endlesscries aicWAVE
[2022-12-19 13:47:49] <mattmk_ll> its not insure fraud if you didnt set the fire
[2022-12-19 13:48:07] <%NBeeMC> just woke up aeroDead
[2022-12-19 13:48:08] <mattmk_ll> that is def how it works
[2022-12-19 13:48:14] <%NBeeMC> Deadge
[2022-12-19 13:48:16] <endlesscries> @GiggleSquidi walterSmile hehe hi
[2022-12-19 13:48:29] VIEWERS: 691
[2022-12-19 13:49:24] <%quesopika> aicRIP aicRIP
[2022-12-19 13:49:58] <shepard_draws> are you at least enjoying the bear game?
[2022-12-19 13:50:26] <endlesscries> i just love the bear movement ngl KEKW HAHA
[2022-12-19 13:50:29] Viewerstats (13:22-13:50): avg:665 min:625 max:691 [15/663−15+12+0+0−24+34+0+0+0+0−45+66+0+0]
[2022-12-19 13:50:29] VIEWERS: 691
[2022-12-19 13:50:56] <mattmk_ll> what did make our adorable bear go in to the B&B business ?
[2022-12-19 13:51:02] <%ShadeOfEvil> hello there how is your day going?
[2022-12-19 13:51:07] <%ilovemoemoegirl> candii the productive aicSMIRK
[2022-12-19 13:51:34] <%HorseCarnival> Oh, I love this bear's happy little face
[2022-12-19 13:52:00] <shepard_draws> the bear has a cute little face
[2022-12-19 13:52:12] <%RyouLive> aicPEEK aicCOZY
[2022-12-19 13:52:18] <+ParanoidCorgi> hank has some of the best expressions
[2022-12-19 13:52:29] VIEWERS: 706
[2022-12-19 13:53:08] <%dongermancometh> mom give me money
[2022-12-19 13:53:36] <%ilovemoemoegirl> good stream candii, I am out aicSLEEP
[2022-12-19 13:54:12] <%$aystick> B e a r
[2022-12-19 13:54:28] <%BETD23> im the trash bear, i throw trash
[2022-12-19 13:54:29] VIEWERS: 706
[2022-12-19 13:54:51] <shepard_draws> are we just a trash panda now?
[2022-12-19 13:55:30] <%+luceooo> Have you seen Mythic Quest, Candii ?
[2022-12-19 13:55:44] <%+luceooo> Same writers as always sunny
[2022-12-19 13:56:23] <shepard_draws> xD our name is hank
[2022-12-19 13:56:24] <kyorngoku3> hello
[2022-12-19 13:56:29] VIEWERS: 706
[2022-12-19 13:57:04] <%+luceooo> This shark kinda aggressive and rubbing me the wrong way. Who does fin thing they are? aicBAKAFIED
[2022-12-19 13:57:55] <%PharaohRaziel> aicHEADPAT good job LUL
[2022-12-19 13:58:06] <mattmk_ll> you ARE a bear running a B&B soo talking sign is not that weird
[2022-12-19 13:58:29] VIEWERS: 706
[2022-12-19 13:59:01] <+ParanoidCorgi> hes just like me frfr buffpupPOG
[2022-12-19 13:59:31] <%BETD23> gus seems like a nice fellow nihmunBusiness
[2022-12-19 13:59:38] <kyorngoku3> hello
[2022-12-19 13:59:47] <astranout_hat> hello!
[2022-12-19 13:59:52] <%+luceooo> Opossum are interesting creatures
[2022-12-19 14:00:07] <huxley_gd> when you havent watched candii inawhile and come back and have no clue who you're watching at first #newavatarwhodis
[2022-12-19 14:00:29] VIEWERS: 706
[2022-12-19 14:00:35] <%KaltVT> @huxley_gd aicSIT
[2022-12-19 14:00:52] <+ParanoidCorgi> Gaslight Gatekeep Gus
[2022-12-19 14:01:11] <%+luceooo> Gus is unhinged at the wheel
[2022-12-19 14:01:20] <%gosb1t> he's just a tsundere
[2022-12-19 14:01:25] <astranout_hat> if someone thinks my nickname is to long just call me Astra 👌
[2022-12-19 14:01:26] <%BETD23> hes a tsundere
[2022-12-19 14:01:29] <mattmk_ll> same here
[2022-12-19 14:01:53] <%KaltVT> @BETD23 I never knew I needed a tsundere possum in my life.
[2022-12-19 14:01:56] <bralnless> ironmousePop
[2022-12-19 14:01:57] <%KaltVT> buffpupBigoleyes
[2022-12-19 14:02:29] <mattmk_ll> no ?
[2022-12-19 14:02:29] VIEWERS: 696
[2022-12-19 14:03:08] <mattmk_ll> if the rooms are too small how can you gave motel murder ?
[2022-12-19 14:03:14] <mattmk_ll> have
[2022-12-19 14:03:21] <%BETD23> @KaltVT a possundere
[2022-12-19 14:03:44] <%+luceooo> I just learned that possum and opossum are not the same animal..
[2022-12-19 14:04:29] VIEWERS: 696
[2022-12-19 14:05:09] <redcatfire4545> back for the restroom what did I miss in the last 5 minutes
[2022-12-19 14:05:54] <redcatfire4545> MercyWing1 aicBAKAFIED MercyWing2
[2022-12-19 14:05:56] <%DailyTwitchUser> Not the candii lore
[2022-12-19 14:06:29] VIEWERS: 696
[2022-12-19 14:07:21] <RicoRawrzilla> CandiiBuffAndRoseWelcomeYouToThe5ThDimensionTheyHopeYouEnjoyYourStay
[2022-12-19 14:08:29] VIEWERS: 672
[2022-12-19 14:08:54] <!%AxelTheCake> dipper pine turned into a bear!
[2022-12-19 14:09:46] <!%AxelTheCake> good day to you all, gamers
[2022-12-19 14:10:06] <!%AxelTheCake> are we the bear or the breakfast?
[2022-12-19 14:10:29] VIEWERS: 703
[2022-12-19 14:12:23] <%dongermancometh> people will love it
[2022-12-19 14:12:34] VIEWERS: 703
[2022-12-19 14:14:34] VIEWERS: 690
[2022-12-19 14:15:20] <!%AxelTheCake> MLM NODDERS
[2022-12-19 14:15:28] <%GiggleSquidi> From the tutorial picture it looked like self serve
[2022-12-19 14:15:29] [Points] Zimzyx redeemed nothing (9)
[2022-12-19 14:16:34] VIEWERS: 690
[2022-12-19 14:17:06] <%+BritishTrashPanda> hi Candii, i hope you’re doing well
[2022-12-19 14:18:11] <%Zimzyx> oh... i read the game title as beer and breakfast.... was confused by the bear, i get it now
[2022-12-19 14:18:34] VIEWERS: 690
[2022-12-19 14:19:18] <%apenlive> Hello hello chat and candi
[2022-12-19 14:20:12] <redcatfire4545> aicBAKAFIED MercyWing1 MechaRobot MercyWing2
[2022-12-19 14:20:34] Viewerstats (13:52-14:20): avg:697 min:672 max:706 [15/706+0+0+0+0−10+0+0−24+31+0−13+0+0+11]
[2022-12-19 14:20:34] VIEWERS: 701
[2022-12-19 14:21:18] <%BETD23> slightly less bare bear
[2022-12-19 14:21:20] <+tehdae> Now the humans don't run away from you.
[2022-12-19 14:21:36] <space_turtle_dude> LUL
[2022-12-19 14:21:38] <%DarkScarletMage> no longer got your bear balls out
[2022-12-19 14:21:46] <%HorseCarnival> They just didn't want to see your bear ass
[2022-12-19 14:21:47] <%gosb1t> aicWHEEZE
[2022-12-19 14:21:49] <%GiggleSquidi> Now you look like a human bear
[2022-12-19 14:21:57] <gelliskelli> bear bearsly
[2022-12-19 14:21:59] <!%AxelTheCake> hello jacob
[2022-12-19 14:22:00] <%BETD23> your name is hank.
[2022-12-19 14:22:02] <nitemare96> He still has his neck balls out
[2022-12-19 14:22:09] <%Zimzyx> your appearance is more bearable
[2022-12-19 14:22:28] <gelliskelli> I didn't choose the bus life the bus life chose me
[2022-12-19 14:22:34] VIEWERS: 701
[2022-12-19 14:22:49] <n4n4v1> poooggg bear and breakfasttt
[2022-12-19 14:23:07] <n4n4v1> also hi candii!
[2022-12-19 14:23:25] <!%bluebirdhay> what a funni lil bear
[2022-12-19 14:23:40] <!%bluebirdhay> did you just sleep on the floor ?
[2022-12-19 14:24:10] <!%bluebirdhay> thats a prison cell
[2022-12-19 14:24:25] <%BETD23> can you break down the beds for materials? or jsut sell them?
[2022-12-19 14:24:34] VIEWERS: 711
[2022-12-19 14:25:30] <%dongermancometh> clearly the real game unlocks when we get a shirt
[2022-12-19 14:25:35] <%Spacekivvi> KEKW
[2022-12-19 14:25:35] <!%AxelTheCake> aicNOTES
[2022-12-19 14:25:40] <%BETD23> you dont sound like youve been to oxford uni
[2022-12-19 14:25:57] <space_turtle_dude> LUL
[2022-12-19 14:26:13] <%BETD23> when was this? 1800s?
[2022-12-19 14:26:15] <space_turtle_dude> books init
[2022-12-19 14:26:26] <redcatfire4545> the backstory moved me I'm crying in my seat
[2022-12-19 14:26:29] <!%bluebirdhay> grandpa is that you ?
[2022-12-19 14:26:34] VIEWERS: 711
[2022-12-19 14:26:36] <!%AxelTheCake> a tit aicWORRY
[2022-12-19 14:26:59] <!%bluebirdhay> awh what the heck this art style is cute
[2022-12-19 14:27:31] <!%bluebirdhay> the embrace of another
[2022-12-19 14:27:42] <!%bluebirdhay> chicken nuggets
[2022-12-19 14:27:53] <!%bluebirdhay> BIRD FRIENDS
[2022-12-19 14:28:00] <%BETD23> did ipswitch go to oxford too?
[2022-12-19 14:28:34] VIEWERS: 711
[2022-12-19 14:28:42] <%Spacekivvi> froggylochRibbit1 froggylochRibbit2
[2022-12-19 14:29:32] <redcatfire4545> DxCat BegWan DxCat
[2022-12-19 14:30:28] <!%AxelTheCake> it is a very cozy day
[2022-12-19 14:30:35] VIEWERS: 726
[2022-12-19 14:31:30] <+melodyplayssinisterluigi> candii buffpupHeart
[2022-12-19 14:31:59] <+melodyplayssinisterluigi> buffpupDance
[2022-12-19 14:32:16] <!%AxelTheCake> HOLIDAY INNNNNNNN
[2022-12-19 14:32:19] <%Mellisbaker> Game looks like so much fun, so tempted to get it.
[2022-12-19 14:32:35] VIEWERS: 726
[2022-12-19 14:32:42] <!%AxelTheCake> people are going in
[2022-12-19 14:33:36] <olas209> im hungry
[2022-12-19 14:33:45] <!%AxelTheCake> let's goooooo
[2022-12-19 14:33:46] <%gosb1t> Ipswich really likes to rp
[2022-12-19 14:33:54] <%quesopika> aicHYPE
[2022-12-19 14:34:21] <%Heexxto> Hello! aicWAVE rikkuHi
[2022-12-19 14:34:35] VIEWERS: 736
[2022-12-19 14:34:35] <%dongermancometh> just get happy
[2022-12-19 14:34:39] <!%AxelTheCake> sus dark bathroom
[2022-12-19 14:34:55] <%grizzlyj35> no light in the bar either
[2022-12-19 14:35:32] <!%AxelTheCake> PauseCh
[2022-12-19 14:36:35] VIEWERS: 736
[2022-12-19 14:36:47] <%g_dark_star> aicEXCITE aicEXCITE aicEXCITE aicEXCITE
[2022-12-19 14:36:48] <slime_waaaa> can you eat somebody in this game?
[2022-12-19 14:37:08] <olas209> the red X
[2022-12-19 14:37:20] <!%AxelTheCake> D:
[2022-12-19 14:37:22] <PixelSkullTank> dude this model is kinda a banger, i liked the last one but this one is top tier as well, good stuff
[2022-12-19 14:37:29] <%$o_oELLE> aicHEADPAT aicHEADPAT aicHEADPAT
[2022-12-19 14:37:58] <JamesLeeBishop> Cool model
[2022-12-19 14:38:35] VIEWERS: 736
[2022-12-19 14:39:05] <+tehdae> There's Filters at the top
[2022-12-19 14:39:26] <MeatyMammal> good day fleshy mammals
[2022-12-19 14:40:35] VIEWERS: 725
[2022-12-19 14:40:53] <Giga_The_Chad> I have come and brought the Giga vibes
[2022-12-19 14:41:20] <+tehdae> Check the buttons at the top of the Inventory on the left side.
[2022-12-19 14:41:43] <space_turtle_dude> cizy
[2022-12-19 14:41:47] <space_turtle_dude> *cozy
[2022-12-19 14:41:49] <%ArtifactsGlow> the rooms looks very goopy and skrunkly
[2022-12-19 14:42:21] <olas209> @ArtifactsGlow ikr
[2022-12-19 14:42:35] VIEWERS: 725
[2022-12-19 14:42:52] <%dongermancometh> designed with reduced carbon footprint in mind
[2022-12-19 14:42:58] <%Zimzyx> so comfy you can bearly believe it
[2022-12-19 14:43:21] <olas209> @Zimzyx *laughs*
[2022-12-19 14:44:35] VIEWERS: 725
[2022-12-19 14:44:48] <Tommicus> Hello <3 TakeNRG
[2022-12-19 14:44:56] <%grizzlyj35> bathroom?
[2022-12-19 14:45:46] <%+BritishTrashPanda> it’s like Tetris? oh no, you completed a line!
[2022-12-19 14:45:56] <Tommicus> Love your eyes! aicSNACC
[2022-12-19 14:46:03] <zahard04> on god? fr fr no cap?
[2022-12-19 14:46:30] <%dongermancometh> wow the honeymoon suite is so roomy'
[2022-12-19 14:46:30] <!%AxelTheCake> NOT MY BIPPY! NOOOO
[2022-12-19 14:46:35] VIEWERS: 747
[2022-12-19 14:47:18] <!%AxelTheCake> OMEGALUL
[2022-12-19 14:47:47] <%Zimzyx> that bearly even fits
[2022-12-19 14:47:53] <%Zimzyx> wait i used that pun already
[2022-12-19 14:48:00] <!%AxelTheCake> come listen to the soothing chatter at the front desk
[2022-12-19 14:48:06] <thequantumsoldier> This looks like one big fire hazard
[2022-12-19 14:48:35] VIEWERS: 747
[2022-12-19 14:48:53] <%gosb1t> PauseChamp
[2022-12-19 14:49:08] <!%AxelTheCake> *BANG BANG BANG* FIRE INSPECTOR, OPEN UP!
[2022-12-19 14:50:03] [Raid] 8 raiders from Hollowmage_VT have joined!
[2022-12-19 14:50:28] <BioElderNeo> HALLOW RAIDD!!
[2022-12-19 14:50:29] <!%AxelTheCake> !so Hollowmage_VT
[2022-12-19 14:50:30] <@%^StreamElements> Head on over and check out Hollowmage_VT! they last played Just Chatting at https://twitch.tv/Hollowmage_VT
[2022-12-19 14:50:34] <BioElderNeo> Hollow* mb
[2022-12-19 14:50:35] Viewerstats (14:22-14:50): avg:725 min:701 max:747 [15/701+10+0+0+15+0+10+0+0−11+0+0+22+0−27]
[2022-12-19 14:50:35] VIEWERS: 720
[2022-12-19 14:50:35] <maleficscholar> better check, dont want the authorities to BEARing down on you :D
[2022-12-19 14:50:36] <%Spacekivvi> Welcome raiders
[2022-12-19 14:51:27] <!%AxelTheCake> rood
[2022-12-19 14:51:54] <BioElderNeo> Clueless  WineTime
[2022-12-19 14:52:14] <!%AxelTheCake> it works tho
[2022-12-19 14:52:19] <!%AxelTheCake> Clueless wineTime
[2022-12-19 14:52:26] <zahard04> a painting of the owner truly a fine establishment
[2022-12-19 14:52:35] VIEWERS: 720
[2022-12-19 14:53:52] <!%AxelTheCake> can the door open? LUL
[2022-12-19 14:53:57] <!%AxelTheCake> whaaaaat noooooo
[2022-12-19 14:54:00] <%DailyTwitchUser> Erm...
[2022-12-19 14:54:01] <%dongermancometh> its a bit tight
[2022-12-19 14:54:04] <%HorseCarnival> It's a bit beauty-deficient
[2022-12-19 14:54:04] <gelliskelli> ur motel is.... nice... yeahh
[2022-12-19 14:54:10] <$Sly_Nyx> Uhhh, no its fine shiaPolite
[2022-12-19 14:54:10] <%Nox_Raven> ... no buffpupSUS
[2022-12-19 14:54:11] <redcatfire4545> no no no no myed
[2022-12-19 14:54:12] <endlesscries> Very chaotic . . .
[2022-12-19 14:54:12] <%feiashtear> I dont judge asthetics well
[2022-12-19 14:54:15] <%DailyTwitchUser> Its a motel
[2022-12-19 14:54:19] <%BETD23> remember chat, candii has the power to ban you
[2022-12-19 14:54:20] <roxxyrogue> yes but we love it
[2022-12-19 14:54:21] <!%AxelTheCake> it looks great Clueless
[2022-12-19 14:54:21] <%+skuddybuddy> It's... the cute kind of ugly
[2022-12-19 14:54:22] <thequantumsoldier> Fire. Hazard.
[2022-12-19 14:54:29] <zahard04> i wouldnt book a room
[2022-12-19 14:54:35] <%MoistTatty> it's busy
[2022-12-19 14:54:35] VIEWERS: 729
[2022-12-19 14:54:39] <gelliskelli> my whole life is a roleplay room
[2022-12-19 14:54:44] <Yserez> looks like a hotel for those who reaaaaaally need that claustrophobic feeling in their life
[2022-12-19 14:54:46] <+RobTheMothMan> It certainly has an aesthetic
[2022-12-19 14:54:48] <%gosb1t> the hotel keeps your eyes busy
[2022-12-19 14:55:01] <%BETD23> cinderella roleplay room, where you get forced to clean the rooms and get shouted at
[2022-12-19 14:55:05] <LootbugHoarder> It would be considered "compact" and "cozy" in an airbnb listing
[2022-12-19 14:55:08] <!%AxelTheCake> This room is the Harry Potter special. It's a cupboard under the stairs
[2022-12-19 14:55:47] <gelliskelli> FIVE STAR REVIEWS
[2022-12-19 14:55:48] <!%AxelTheCake> BAH
[2022-12-19 14:55:54] <%gosb1t> damn
[2022-12-19 14:56:35] VIEWERS: 729
[2022-12-19 14:56:48] <+blowuptheking> Speaking of fire, ask the guests to not light a candle as the room is a fire hazard
[2022-12-19 14:56:51] <%MoistTatty> That mirror was true min/maxxing
[2022-12-19 14:57:00] <%Zimzyx> no bathroom, door doesnt open, mismatched decor, but there was 5 portraits of the owner 5/5 ⭐
[2022-12-19 14:57:23] <%dongermancometh> customers can have shallow needs
[2022-12-19 14:58:06] <%Spacekivvi> LUL
[2022-12-19 14:58:18] <%gosb1t> the bear maximum and maximum bear
[2022-12-19 14:58:30] <%+skuddybuddy> Bear necessities
[2022-12-19 14:58:35] VIEWERS: 737
[2022-12-19 14:58:45] <%Spacekivvi> The game seems pretty bearable
[2022-12-19 14:59:46] <!%AxelTheCake> Calculated
[2022-12-19 14:59:55] <%Spacekivvi> aicNOTES
[2022-12-19 14:59:58] <%abcdefghijklomnopbb> The game seems pretty bearable no pun intended
[2022-12-19 15:00:03] <!%AxelTheCake> let's visit momdii
[2022-12-19 15:00:35] VIEWERS: 737
[2022-12-19 15:00:37] <!%AxelTheCake> :)
[2022-12-19 15:00:43] <%DailyTwitchUser> ... :)
[2022-12-19 15:00:46] <%StormKnight20> Nothing wrong at all
[2022-12-19 15:00:48] <+RobTheMothMan> :)
[2022-12-19 15:00:50] <+Driyzzil> :)
[2022-12-19 15:00:50] <%dongermancometh> its very busy
[2022-12-19 15:00:50] <endlesscries> :)
[2022-12-19 15:00:51] <%+Syvion> stripAnya it's fine, I swear
[2022-12-19 15:00:52] <%2ezFishStick3000> :)
[2022-12-19 15:00:53] <%DarkScarletMage> I'm gunna put it on the fridge
[2022-12-19 15:00:54] <%Mellisbaker> :)
[2022-12-19 15:00:55] <%Arbitraya> buffpupSniffa
[2022-12-19 15:00:57] <%gosb1t> :)
[2022-12-19 15:00:57] <redcatfire4545> myed or a 4 out of 20
[2022-12-19 15:01:06] <%Mellisbaker> Sure :)
[2022-12-19 15:01:11] <%StormKnight20> if you gave us pancakes
[2022-12-19 15:01:12] <%shadow_sonic00> it's cozy...
[2022-12-19 15:01:14] <endlesscries> yeah i would :)
[2022-12-19 15:01:14] <%gosb1t> if I wanted to be cremated, I would stay
[2022-12-19 15:01:15] <%Heexxto> yeah sure (no way) :)
[2022-12-19 15:01:19] <%+Syvion> do I get paid to stay there?
[2022-12-19 15:01:21] <%+skuddybuddy> Maybe :)
[2022-12-19 15:01:28] <%grizzlyj35> no to cramped
[2022-12-19 15:01:32] <TheSilentCyberMonk> It definitely has cozy vibes rikkuNom
[2022-12-19 15:01:35] <!%AxelTheCake> :)
[2022-12-19 15:01:42] <%gosb1t> PETTHECHAT
[2022-12-19 15:02:24] <redcatfire4545> ok it's a 4 out of 10
[2022-12-19 15:02:28] <!%AxelTheCake> where's mama
[2022-12-19 15:02:35] VIEWERS: 690
[2022-12-19 15:02:59] <!%AxelTheCake> MOM GIMME MONEY
[2022-12-19 15:03:13] <!%AxelTheCake> she literally shoved you out the door
[2022-12-19 15:03:19] <Blade_Moralus_Ven> Howdy. VoHiYo
[2022-12-19 15:03:28] <%AzroDobie> I love this game so much buffpupCute
[2022-12-19 15:04:02] <zahard04> turns on light then leaves the room, good thing papa bear wasnt home to see that
[2022-12-19 15:04:19] <%AzroDobie> Buff would 100% love the art but brain empty on the gameplay
[2022-12-19 15:04:35] VIEWERS: 757
[2022-12-19 15:04:57] <%dongermancometh> they love it
[2022-12-19 15:05:09] <!%AxelTheCake> they love it :)
[2022-12-19 15:05:09] <%+BritishTrashPanda> Dad’s probably a rug in a lodge a couple of miles away.
[2022-12-19 15:05:32] <!%AxelTheCake> no no, he's a RUG
[2022-12-19 15:05:54] <%AzroDobie> Hank is born of the midichlorians
[2022-12-19 15:05:57] <%AzroDobie> He has no father
[2022-12-19 15:06:06] <!%AxelTheCake> is that a heckin loan shark
[2022-12-19 15:06:20] <gelliskelli> chrismas! just a week away!
[2022-12-19 15:06:35] VIEWERS: 757
[2022-12-19 15:07:52] <%AzroDobie> That'll happen
[2022-12-19 15:07:53] <iiTzTengen> Hello mommy cottontailHeart
[2022-12-19 15:08:15] <%AzroDobie> If you click on the bathroom you can see its range i think
[2022-12-19 15:08:18] <%havissard> candi throwin shakas
[2022-12-19 15:08:20] <%AzroDobie> shiaUHH 🤙
[2022-12-19 15:08:25] <iiTzTengen> fuck yeah  WICKED
[2022-12-19 15:08:35] VIEWERS: 757
[2022-12-19 15:09:10] <%AzroDobie> High maintenance individual sasshaUGH
[2022-12-19 15:09:34] <%AzroDobie> Candii who's your favorite NPC so far? Mine is absolutely Gus.
[2022-12-19 15:10:25] <!%AxelTheCake> Apollo was one of my first animals
[2022-12-19 15:10:27] <JilEmma_Reene> One of the guests looked like a grown-up Daria and I love it
[2022-12-19 15:10:35] VIEWERS: 767
[2022-12-19 15:11:49] <%AzroDobie> Premium rooms ✨
[2022-12-19 15:12:35] VIEWERS: 767
[2022-12-19 15:12:47] <tori_aldhava> Are oranges are oranges because oranges are orange, or is orange name orange because oranges are orange?
[2022-12-19 15:13:08] <%AzroDobie> Correct
[2022-12-19 15:13:13] <tori_aldhava> 3 AM brain I got 🗿🗿🗿🗿
[2022-12-19 15:13:14] <!%AxelTheCake> learning time Calculating
[2022-12-19 15:13:17] <%+Syvion> yes yellowred used to be the name for the colour orange
[2022-12-19 15:13:18] <%AzroDobie> It was "Red Yellow" before the fruit
[2022-12-19 15:13:20] <JilEmma_Reene> Yeah, orange was the fruit orifinally
[2022-12-19 15:13:24] <%+skuddybuddy> Arnge
[2022-12-19 15:13:35] <gelliskelli> ornages killed my family
[2022-12-19 15:13:40] <%quesopika> aicNOTES aicNOTES
[2022-12-19 15:14:04] <tori_aldhava> this is my shower thoughts 🗿🗿🗿
[2022-12-19 15:14:06] <mattmk_ll> orange is orange that is why its orange
[2022-12-19 15:14:07] <!%AxelTheCake> chat is having a collective stroke
[2022-12-19 15:14:07] <%feiashtear> brown is just Dark Orange
[2022-12-19 15:14:19] <zahard04> good on you barb now go do old lady things
[2022-12-19 15:14:24] <gelliskelli> brown is just brown
[2022-12-19 15:14:27] <tori_aldhava> Barbara sounds like a nag granny to me
[2022-12-19 15:14:35] <JilEmma_Reene> more like barBRUH stop talking lady
[2022-12-19 15:14:35] VIEWERS: 767
[2022-12-19 15:14:45] <%GiggleSquidi> But she's a cute little old lady aicCRY
[2022-12-19 15:14:54] <!%AxelTheCake> bear noises
[2022-12-19 15:14:57] <tori_aldhava> Barbara is now a meme name right now
[2022-12-19 15:15:14] <tori_aldhava> when some girls mad and nagging, call them Barbara
[2022-12-19 15:15:27] <%CrunchyTots> Barbra *derogatory *
[2022-12-19 15:15:35] <!%AxelTheCake> LUL
[2022-12-19 15:16:35] VIEWERS: 795
[2022-12-19 15:17:43] <!%AxelTheCake> NODDERS
[2022-12-19 15:17:52] <fatednight> zentreRave zentreRave
[2022-12-19 15:17:58] <gelliskelli> garbicg
[2022-12-19 15:18:15] [Points] fatednight redeemed nothing (9)
[2022-12-19 15:18:35] VIEWERS: 795
[2022-12-19 15:18:48] [Notification] Deckardude subscribed at Tier 1. They've subscribed for 21 months! [aicHEART aicHEART]
[2022-12-19 15:20:00] <%KSA_Spike> i tell you what. a cleaner burning gas.
[2022-12-19 15:20:35] Viewerstats (14:52-15:20): avg:753 min:690 max:795 [15/720+9+0+8+0−47+67+0+0+10+0+0+28+0+0]
[2022-12-19 15:20:35] VIEWERS: 795
[2022-12-19 15:21:37] <gelliskelli> I probably know,, check in later to confirm
[2022-12-19 15:22:12] <%KSA_Spike> LOL
[2022-12-19 15:22:26] <%AzroDobie> DALLAS, SALAD
[2022-12-19 15:22:35] VIEWERS: 844
[2022-12-19 15:22:47] <%Mazameander> got those propane and propane accessories
[2022-12-19 15:22:48] <%AzroDobie> I love it when people draw goat eyes correctly
[2022-12-19 15:23:24] <gelliskelli> how dare shE!!
[2022-12-19 15:24:35] VIEWERS: 844
[2022-12-19 15:26:09] <kamiwaffle0> Good morning :3
[2022-12-19 15:26:35] VIEWERS: 844
[2022-12-19 15:27:01] [Notification] Eirandir subscribed with Prime. They've subscribed for 26 months!
[2022-12-19 15:27:39] <%Eirandir> not really, but this month just happened to drop on my prime sub day aicCOZY
[2022-12-19 15:28:35] VIEWERS: 844
[2022-12-19 15:30:13] <%AzroDobie> There's got to be a better whay!!
[2022-12-19 15:30:35] VIEWERS: 844
[2022-12-19 15:32:35] VIEWERS: 844
[2022-12-19 15:34:05] <%DailyTwitchUser> Oh yeah this game has breakfast in the name
[2022-12-19 15:34:13] <%+Novibear> kmaSit
[2022-12-19 15:34:16] <$Clemdawgg> hi candii
[2022-12-19 15:34:35] VIEWERS: 844
[2022-12-19 15:34:37] <%2ezFishStick3000> some guy name Yu
[2022-12-19 15:34:41] <$Clemdawgg> did you see those butterfly heels i put in discord?
[2022-12-19 15:34:42] <%+Novibear> I need to get back to this game
[2022-12-19 15:35:56] <$Clemdawgg> one juicy bear
[2022-12-19 15:36:05] <%AzroDobie> LandBear
[2022-12-19 15:36:16] <%AzroDobie> I still have no idea how to get those flowers
[2022-12-19 15:36:22] <maleficscholar> The pressure is unbearable
[2022-12-19 15:36:35] VIEWERS: 856
[2022-12-19 15:36:38] <TheSilentCyberMonk> Can you hire more help??? whimsi24BUFFER
[2022-12-19 15:36:38] <%AzroDobie> Its so intricate and beautiful
[2022-12-19 15:36:44] <$Clemdawgg> ah yes the bear of the land. landbear, completely distinct from the seabear
[2022-12-19 15:38:00] <%NomeInapropriado> just bear with it, it may be unbearable right now, but it will get beartter, how many people already did this joke?
[2022-12-19 15:38:01] <$Clemdawgg> ah geez
[2022-12-19 15:38:03] <%AzroDobie> hoh fuhck lois doryuuGasm
[2022-12-19 15:38:17] <%DarkScarletMage> This is worse than that time I went on a spiritual journey
[2022-12-19 15:38:19] <AkaruiYamiDono> this the family guy casino episode? lol
[2022-12-19 15:38:35] VIEWERS: 856
[2022-12-19 15:39:18] <$Clemdawgg> what a cute goat
[2022-12-19 15:39:46] <%AzroDobie> dergnLURK Did you get Krampus from the fortnite store
[2022-12-19 15:39:51] <%CEO_of_SUUP> The blep
[2022-12-19 15:40:32] <%Eirandir> aicBLEP
[2022-12-19 15:40:35] VIEWERS: 856
[2022-12-19 15:40:42] <%AzroDobie> tristBlep
[2022-12-19 15:40:46] <$Clemdawgg> The blep that kidnaps single wine moms
[2022-12-19 15:40:50] <%AzroDobie> prenBlep
[2022-12-19 15:41:29] <+At0mmic_> this is straight up just a playable cartoon
[2022-12-19 15:41:49] <%$jamjalopie> capitalism aicHYPE
[2022-12-19 15:42:11] <$Clemdawgg> this is like some weird version of animal farm
[2022-12-19 15:42:35] VIEWERS: 884
[2022-12-19 15:42:51] <%gosb1t> probably the button that said "dump all"
[2022-12-19 15:43:54] <%$jamjalopie> eyedMONIE eyedMONIE eyedMONIE eyedMONIE
[2022-12-19 15:44:04] <$Clemdawgg> too much money sounds like time for decorating
[2022-12-19 15:44:35] VIEWERS: 884
[2022-12-19 15:44:46] <$Clemdawgg> fluff your pillow
[2022-12-19 15:45:10] <mattmk_ll> the truck stop bear
[2022-12-19 15:45:34] <%SholynMonkey> imagine a bear being a fluffer,,, scary
[2022-12-19 15:45:57] <%AzroDobie> We need more frowns
[2022-12-19 15:46:11] <mattmk_ll> fluffer bear is cute
[2022-12-19 15:46:35] VIEWERS: 838
[2022-12-19 15:46:43] <+At0mmic_> a human going nuts and talking to a sign? weird. a bear talking to a sign? cute
[2022-12-19 15:47:11] <%AzroDobie> The best upgrade in the game
[2022-12-19 15:47:14] <mattmk_ll> the speed bear
[2022-12-19 15:47:17] <%dongermancometh> is it the shoes?!
[2022-12-19 15:47:21] <%AzroDobie> Bear got the cocaine snacks HYPERS
[2022-12-19 15:47:21] <%DailyTwitchUser> Speed B)
[2022-12-19 15:47:28] <%MoistTatty> Bear on Trail mix be speedin
[2022-12-19 15:47:34] <mattmk_ll> ah yes
[2022-12-19 15:47:43] <%DailyTwitchUser> Trail mix with crack?
[2022-12-19 15:47:46] <%+BritishTrashPanda> Candii is zoomer confirmed
[2022-12-19 15:47:47] <%dongermancometh> it was party trail mix
[2022-12-19 15:47:48] <+itsbfginnit> Nuts = fast rosedoNoted
[2022-12-19 15:47:51] <%CEO_of_SUUP> A quick nut gets you going
[2022-12-19 15:47:59] <+At0mmic_> oh THIS is the cocaine bear everyone is talking about
[2022-12-19 15:48:35] VIEWERS: 838
[2022-12-19 15:48:43] <%AzroDobie> ah tell hew whut
[2022-12-19 15:48:48] <$Clemdawgg> baerroll
[2022-12-19 15:49:12] <%KoheiMuzix> your model would fit right in with the Carole and Tuesday anime💜🙏⛑️🇵🇭🍻
[2022-12-19 15:49:15] <%gosb1t> aicZOOM
[2022-12-19 15:49:44] <%AzroDobie> Gus my beloved
[2022-12-19 15:49:48] <$Clemdawgg> oh is gus candii
[2022-12-19 15:49:59] <%y3atman> Reminds me of Dippers hat :o
[2022-12-19 15:50:22] <GTS_Imowyn> i found you through cottontail and i have to say, you are my new favourite "i have you on the second monitor so it feels like nice and comfy company" streamer <3 @AiCandii
[2022-12-19 15:50:35] Viewerstats (15:22-15:50): avg:849 min:826 max:884 [15/844+0+0+0+0+0+0+12+0+0+28+0−46+0−12]
[2022-12-19 15:50:35] VIEWERS: 826
[2022-12-19 15:51:25] <%gerrylane2> aicZOOM
[2022-12-19 15:51:56] <%AzroDobie> Dont listen to them Candii malfS
[2022-12-19 15:51:56] <%dongermancometh> depends on what they are saying
[2022-12-19 15:51:59] <%KoheiMuzix> ro roh
[2022-12-19 15:52:35] VIEWERS: 826
[2022-12-19 15:52:41] [Raid] 386 raiders from Tenma have joined!
[2022-12-19 15:52:49] <TURBOSMESITEL> tenmaRiot  FOX RAID  tenmaRiot  FOX RAID  tenmaRiot  FOX RAID  tenmaRiot  FOX RAID  tenmaRiot  FOX RAID  tenmaRiot  FOX RAID
[2022-12-19 15:52:49] <haymaxn> tenmaRiot  FOX RAID  tenmaRiot  FOX RAID  tenmaRiot  FOX RAID  tenmaRiot  FOX RAID  tenmaRiot  FOX RAID  tenmaRiot  FOX RAID
[2022-12-19 15:52:49] <JoeYouKnown> tenmaRiot  FOX RAID  tenmaRiot  FOX RAID  tenmaRiot  FOX RAID  tenmaRiot  FOX RAID  tenmaRiot  FOX RAID  tenmaRiot  FOX RAID
[2022-12-19 15:52:49] <Fenix2412> tenmaRiot FOX RAID tenmaRiot FOX RAID tenmaRiot FOX RAID tenmaRiot FOX RAID tenmaRiot FOX RAID tenmaRiot FOX RAID
[2022-12-19 15:52:49] <+PGleo86> tenmaRiot FOX RAID tenmaRiot FOX RAID tenmaRiot FOX RAID tenmaRiot FOX RAID tenmaRiot FOX RAID tenmaRiot FOX RAID
[2022-12-19 15:52:49] <Fuzzy_Mac> tenmaRiot FOX RAID tenmaRiot FOX RAID tenmaRiot FOX RAID tenmaRiot FOX RAID tenmaRiot FOX RAID tenmaRiot FOX RAID
[2022-12-19 15:52:51] <lovetsonmew> HEY HEY <3 <3 <3 <3
[2022-12-19 15:52:53] <elringou> tenmaRiot FOX RAID tenmaRiot FOX RAID tenmaRiot FOX RAID tenmaRiot FOX RAID tenmaRiot FOX RAID tenmaRiot FOX RAID
[2022-12-19 15:52:56] <H0_san> tenmaRiot  FOX RAID  tenmaRiot  FOX RAID  tenmaRiot  FOX RAID  tenmaRiot  FOX RAID  tenmaRiot  FOX RAID  tenmaRiot  FOX RAID
[2022-12-19 15:52:59] <definetlynotdoggo> tenmaRiot FOX RAID tenmaRiot FOX RAID tenmaRiot FOX RAID tenmaRiot FOX RAID tenmaRiot FOX RAID tenmaRiot FOX RAID
[2022-12-19 15:53:00] <lovetsonmew> FOX RAID FOX RAID
[2022-12-19 15:53:02] <anto666az> tenmaRiot tenmaRiot tenmaRiot
[2022-12-19 15:53:04] <%gosb1t> Welcome raiders! aicHEART aicHEART
[2022-12-19 15:53:05] <lovetsonmew> <3 <3 <3 <3
[2022-12-19 15:53:06] <ertagon15> tenmaRiot FOX RAID  tenmaRiot   FOX RAID  tenmaRiot   FOX RAID  tenmaRiot   FOX RAID  tenmaRiot   FOX RAID  tenmaRiot   FOX RAID
[2022-12-19 15:53:21] <lovetsonmew> your character is very pretty <3 <3 <3
[2022-12-19 15:53:24] <%sumofty> tenmaRiot FOX RAID tenmaRiot FOX RAID tenmaRiot FOX RAID tenmaRiot FOX RAID tenmaRiot FOX RAID tenmaRiot FOX RAID
[2022-12-19 15:53:30] [Points] lveid redeemed nothing (9)
[2022-12-19 15:53:31] <haymaxn> hmm
[2022-12-19 15:53:41] <%sumofty> When the channel youre watching raids the other channel youre watching monkaS
[2022-12-19 15:53:43] <haymaxn> it's nice!
[2022-12-19 15:53:59] [Points] nothingManII redeemed nothing (9)
[2022-12-19 15:54:01] <%AzroDobie> Too many buttons buffpupOHNO
[2022-12-19 15:54:01] <%gosb1t> aicEXCITE aicEXCITE aicEXCITE
[2022-12-19 15:54:06] <lovetsonmew> so pretty <3 <3 aicNOTES
[2022-12-19 15:54:08] <%+BritishTrashPanda> those thighs save lives.
[2022-12-19 15:54:09] [Points] cookievrx redeemed nothing (9)
[2022-12-19 15:54:13] [Points] HumuuHumuu redeemed nothing (9)
[2022-12-19 15:54:14] [Points] lovetsonmew redeemed nothing (9)
[2022-12-19 15:54:15] <lveid> jezzus momma
[2022-12-19 15:54:30] [Points] lveid redeemed nothing (9)
[2022-12-19 15:54:31] <lovetsonmew> lmao
[2022-12-19 15:54:32] <%AzroDobie> I have one of the 6 button streamdecks and I think I need to upgrade aicHMMM
[2022-12-19 15:54:35] VIEWERS: 826
[2022-12-19 15:55:39] <%AzroDobie> Hey candii can you read Gus' quest again
[2022-12-19 15:55:45] <%AzroDobie> Just for fun
[2022-12-19 15:56:08] <%AzroDobie> Concierge c:
[2022-12-19 15:56:35] VIEWERS: 1 012
[2022-12-19 15:56:44] <%AzroDobie> The nitty gritty
[2022-12-19 15:57:20] <%AzroDobie> She just like me fr fr
[2022-12-19 15:57:31] <%gosb1t> what
[2022-12-19 15:57:41] <%gerrylane2> ?
[2022-12-19 15:58:10] <%DailyTwitchUser> So a flirting goat?
[2022-12-19 15:58:13] <%Mellisbaker> Woooo Farming!
[2022-12-19 15:58:29] <%+sixbanana> aicGAMBA aicSNACC aicGAMBA
[2022-12-19 15:58:32] <car_god_max_level> Hello
[2022-12-19 15:58:35] <+At0mmic_> psychic goat lets you use her garden
[2022-12-19 15:58:35] VIEWERS: 1 012
[2022-12-19 15:58:59] [Points] pestis_doktor redeemed nothing (9)
[2022-12-19 15:59:00] <sparringstudent> oh naur
[2022-12-19 15:59:14] <pestis_doktor> @aicandii and chat this is for you shirom25Flower shirom25Flower yuukieFlower yuukieFlower
[2022-12-19 15:59:27] <%ashcampbell> Hi Candii and chat
[2022-12-19 15:59:36] <+mucka1916> !comic
[2022-12-19 15:59:36] <@%^StreamElements> Candii's Weebtoon original series Console Her! | aicHYPER IT IS LIVE RIGHT NOW aicHYPER | Read here: bit.ly/3uuSd2m | Follow Socials: twitter.com/ConsoleHer - tiktok.com/@consoleher
[2022-12-19 15:59:43] <pestis_doktor> @aicandii todays rare flower is for you rafiliaFlower2
[2022-12-19 15:59:43] <%StormKnight20> no you ain't Candii. Your learning.
[2022-12-19 15:59:46] <%tylovetx> do you have a cold?
[2022-12-19 15:59:49] <%gosb1t> aicHEADPAT
[2022-12-19 16:00:35] VIEWERS: 999
[2022-12-19 16:01:11] [Notification] theRx_ subscribed at Tier 1. They've subscribed for 10 months! [ztbWave]
[2022-12-19 16:01:26] <%Roobeman> aicSIT
[2022-12-19 16:02:35] VIEWERS: 999
[2022-12-19 16:04:39] VIEWERS: 999
[2022-12-19 16:05:13] <%AzroDobie> Oh joy, today is a high of 1C nateyCryeverytim
[2022-12-19 16:05:25] BITS: flip_flop66 (1000)
[2022-12-19 16:05:25] <%flip_flop66> Cheer1000 Haven't caught your stream since the last subathon! I hope you and chat have been well! aicHEART aicHEART
[2022-12-19 16:05:39] <%gosb1t> monkaS
[2022-12-19 16:06:41] VIEWERS: 895
[2022-12-19 16:08:41] VIEWERS: 895
[2022-12-19 16:10:14] <!%AxelTheCake> !gone
[2022-12-19 16:10:14] <@%^StreamElements> 🦀🦀🦀CANDII IS GONE🦀🦀🦀
[2022-12-19 16:10:41] VIEWERS: 872
[2022-12-19 16:10:47] <%gosb1t> no crab rave Sadge
[2022-12-19 16:10:59] <!%AxelTheCake> !gone2
[2022-12-19 16:10:59] <@%^StreamElements> aicDANCE aicDANCE aicDANCE CANDII IS GONE aicDANCE aicDANCE aicDANCE
[2022-12-19 16:11:05] <!%AxelTheCake> aicDANCE   aicDANCE   aicDANCE  CANDII IS GONE  aicDANCE   aicDANCE   aicDANCE
[2022-12-19 16:11:17] <%gosb1t> aicDANCE aicDANCE aicDANCE CANDII IS GONE aicDANCE aicDANCE aicDANCE
[2022-12-19 16:11:19] <%DailyTwitchUser> aicDANCE aicDANCE aicDANCE CANDII IS GONE aicDANCE aicDANCE aicDANCE
[2022-12-19 16:11:23] <mattmk_ll> girldmPanic girldmPanic
[2022-12-19 16:12:11] <%grizzlyj35> pic on screen is out of place
[2022-12-19 16:12:21] <fatednight> zentreRaid zentreRaid zentreRaid zentreRaid
[2022-12-19 16:12:39] <%gosb1t> now that they're gone let's party aicDANCE
[2022-12-19 16:12:41] VIEWERS: 872
[2022-12-19 16:12:50] <%gosb1t> aicDANCE aicDANCE aicDANCE aicDANCE aicDANCE aicDANCE
[2022-12-19 16:13:11] <!%AxelTheCake> D:
[2022-12-19 16:13:17] <%theRx_> oh no kabhaaNotLikeThis
[2022-12-19 16:14:41] VIEWERS: 803
[2022-12-19 16:15:16] <mattmk_ll> where are going to fit that there is no room in the rooms LUL
[2022-12-19 16:16:41] VIEWERS: 803
[2022-12-19 16:16:42] <%Mellisbaker> Bedge
[2022-12-19 16:16:42] <!%AxelTheCake> nini candii
[2022-12-19 16:16:44] <%gosb1t> aicHEADPAT
[2022-12-19 16:16:48] <%Nox_Raven> aicHEADPAT aicHEADPAT aicHEADPAT
[2022-12-19 16:16:56] <%Mellisbaker> Good Stream!
[2022-12-19 16:16:58] <%DarkScarletMage> okey
[2022-12-19 16:17:02] <mattmk_ll> bye bye
[2022-12-19 16:17:10] <%gosb1t> thanks for the stream aicHEART
[2022-12-19 16:17:11] <mattmk_ll> girldmHeadpat
[2022-12-19 16:17:13] <%gosb1t> X
[2022-12-19 16:17:13] <%GiggleSquidi> Thank you for the stream it was very fun aicWAVE
[2022-12-19 16:17:17] <%Mellisbaker> buffpupGASP NO WAY
[2022-12-19 16:17:17] <Dagrum_Darkforge> bye bye rest well
[2022-12-19 16:17:19] <mattmk_ll> X
[2022-12-19 16:17:31] <%gamerspine> bye candi bye chat aicWAVE
[2022-12-19 16:17:36] <%Nox_Raven> peepoClap
[2022-12-19 16:17:38] <%ChrisKriegs> peepoHappy
[2022-12-19 16:17:39] <endlesscries> THANK YOU FOR THE COMFY STREAM
[2022-12-19 16:17:41] <%compa_doom> thanks for streaming homie
[2022-12-19 16:17:56] <ChurchillsParrot> zentreHeart zentreHeart
[2022-12-19 16:17:59] <%gosb1t> aicRAID BEAR RAID aicRAID BEAR RAID aicRAID BEAR RAID aicRAID BEAR RAID aicRAID BEAR RAID aicRAID BEAR RAID aicRAID BEAR RAID aicRAID BEAR RAID
[2022-12-19 16:18:03] <mattmk_ll> this was comfy s
[2022-12-19 16:18:14] <endlesscries> aicRAID BEAR RAID aicRAID BEAR RAID aicRAID BEAR RAID aicRAID BEAR RAID aicRAID BEAR RAID aicRAID BEAR RAID aicRAID BEAR RAID aicRAID BEAR RAID
[2022-12-19 16:18:20] <%chernovolk> aicRAID  BEAR RAID  aicRAID  BEAR RAID  aicRAID  BEAR RAID  aicRAID  BEAR RAID  aicRAID  BEAR RAID  aicRAID  BEAR RAID  aicRAID  BEAR RAID  aicRAID  BEAR RAID
[2022-12-19 16:18:27] <%brokensquidz69> aicHYPE nice stream dude
[2022-12-19 16:18:30] <%gosb1t> aicHEART
[2022-12-19 16:18:30] <%theRx_> aicRAID BEAR RAID aicRAID BEAR RAID aicRAID BEAR RAID aicRAID BEAR RAID aicRAID BEAR RAID aicRAID BEAR RAID aicRAID BEAR RAID aicRAID BEAR RAID
[2022-12-19 16:18:31] <%BETD23> BEAR NAKED RAID aicRAID BEAR NAKED RAID aicRAID BEAR NAKED RAID aicRAID BEAR NAKED RAID aicRAID BEAR NAKED RAID aicRAID
[2022-12-19 16:18:41] VIEWERS: 793
[2022-12-19 16:20:41] Viewerstats (15:52-16:18): avg:900 min:793 max:1 012 [14/826+0+186+0−13+0+0−104+0−23+0−69+0−10]
[2022-12-19 16:20:41] VIEWERS: 793
[2022-12-19 16:21:10] ~Stream offline~
[2022-12-19 16:31:59] <%FallenAngel9696> Wtf
