# Log started: 2022-12-26 00:44:43 +0100
[2022-12-26 00:44:43] <!%Nastychain> peepoWow Thinking snuffEyes Thinking2
[2022-12-26 00:59:10] <%tropicalshark> peepoWow Thinking snuffSmug Thinking2
[2022-12-26 01:06:42] <%Michael7461> snuffSmoke
[2022-12-26 01:33:06] <!%Nastychain> snuffBored
[2022-12-26 01:57:23] <%tropicalshark> at family dinner ready to go home snuffBored i miss my cat
[2022-12-26 02:03:25] <!%Nastychain> i feel that PoroSad
[2022-12-26 02:58:16] <!%Nastychain> snuffSit SnowTime
[2022-12-26 03:02:27] <%littlezorro> shark snuffPunch
[2022-12-26 03:02:34] <%littlezorro> nasty snuffPunch
[2022-12-26 03:02:39] <%littlezorro> michael snuffPunch
[2022-12-26 03:08:52] <!%Nastychain> zorro snuffPunch
[2022-12-26 03:22:56] <%Hykon> snuffSit
[2022-12-26 03:23:08] <%tropicalshark> zorro snuffPunch
[2022-12-26 03:23:14] <%tropicalshark> hykon snuffPunch
[2022-12-26 03:23:22] <%Hykon> shark snuffPunch
[2022-12-26 03:23:56] <%littlezorro> hykon snuffPunch
[2022-12-26 03:24:11] <%Nuggit_36> snuffSit
[2022-12-26 03:24:33] <%Nuggit_36> zorro snuffPunch
[2022-12-26 03:24:37] <%Nuggit_36> shark snuffPunch
[2022-12-26 03:24:41] <%littlezorro> nuggit snuffPunch
[2022-12-26 03:24:44] <%Nuggit_36> hykon snuffPunch
[2022-12-26 03:24:44] <%tropicalshark> yo nuggit snuffPunch SnowTime
[2022-12-26 03:25:03] <%Hykon> zorro snuffPunch
[2022-12-26 03:25:08] <%Hykon> nuggit snuffPunch
[2022-12-26 03:40:31] <!%Nastychain> hykon snuffPunch
[2022-12-26 03:41:54] <%Hykon> nasty snuffPunch
[2022-12-26 04:34:27] <!%Nastychain> emiruSIT2 ...
[2022-12-26 04:48:40] <%tropicalshark> finally on my way home EZSteer SnowTime
[2022-12-26 04:48:58] <%Nanu991> EZSteer SnowTime
[2022-12-26 04:50:09] <!%Nastychain> LETSGO
[2022-12-26 05:34:10] <%tropicalshark> ahhhh sodaComfy
[2022-12-26 05:42:25] <!%Nastychain> snuffComfy
[2022-12-26 06:33:38] <!%Nastychain> that time of the night sennykShower
[2022-12-26 07:05:19] <%tropicalshark> yep WetCat
[2022-12-26 07:09:02] <!%Nastychain> zoilRIP
[2022-12-26 07:58:03] <!%Nastychain> well i hope snuffy and everyone has an amazingly wonderful night snuffSleepy
[2022-12-26 08:00:16] <%Nanu991> Gn nasty snuffSit
[2022-12-26 17:05:32] <!%Nastychain> i hope snuffy and everyone has a wonderfully amazing day snuffHeart
[2022-12-26 17:10:55] <%GoatBeards> snuffHeart
[2022-12-26 17:12:33] <!%Nastychain> goat snuffPunch
[2022-12-26 17:13:01] <%GoatBeards> nasty snuffPunch
[2022-12-26 17:22:45] <%fryume> goat snuffPunch nasty snuffPunch
[2022-12-26 17:26:56] <!%Nastychain> fry snuffPunch
[2022-12-26 17:32:25] <%GoatBeards> fry snuffPunch
[2022-12-26 17:46:41] <%fryume> Cat stream when? Sadge
[2022-12-26 17:51:47] <!%Nastychain> soon(tm) snuffPray
[2022-12-26 17:52:20] <%fryume> snuffPray
[2022-12-26 18:08:43] <%escrimah> hey snuffy enjoyers snuffPop
[2022-12-26 18:11:18] <!%Nastychain> escri snuffPunch
[2022-12-26 18:35:29] <%tropicalshark> escri snuffPunch
[2022-12-26 18:35:33] <%tropicalshark> nasty snuffPunch
[2022-12-26 18:36:14] <%escrimah> nasty snuffPunch tropical snuffPunch
[2022-12-26 18:40:23] <!%Nastychain> tropical snuffPunch
[2022-12-26 19:09:53] <%fryume> escri snuffPunch tropical snuffPunch
[2022-12-26 19:20:46] <!%Nastychain> snuffSit
[2022-12-26 19:28:08] <%littlezorro> nasty snuffPunch
[2022-12-26 19:28:08] <%littlezorro> shark snuffPunch
[2022-12-26 19:32:38] <!%Nastychain> zorro snuffPunch
[2022-12-26 20:19:31] <!%Nastychain> snuffBored
[2022-12-26 21:06:43] <%fryume> zorro snuffPunch
[2022-12-26 21:08:28] <!%Nastychain> emiruSIT2 ...
[2022-12-26 21:56:53] <!%Nastychain> emiruSIT
[2022-12-26 22:07:44] <%+darn1x> !points
[2022-12-26 22:07:44] <@^StreamElements> @darn1x, darn1x has 6186 Trash Tokens and is rank 19055/288332 on the leaderboard.
[2022-12-26 22:07:55] <%+darn1x> !gamble all
[2022-12-26 22:07:56] <@^StreamElements>* PogChamp darn1x went all in and won 6186 Trash Tokens PogChamp they now have 12372 Trash Tokens FeelsGoodMan
[2022-12-26 22:08:15] <%+darn1x> ight im slowly getting back to where i was lol
[2022-12-26 22:10:07] <!%Nastychain> darn snuffPunch
[2022-12-26 22:13:08] <%+darn1x> nasty snuffPunch
[2022-12-26 22:14:55] <%fryume> darn snuffPunch
[2022-12-26 22:16:37] <%+darn1x> fry snuffPunch
[2022-12-26 22:57:10] <!%Nastychain> nmpFence Thinking snuffEyes Thinking2
[2022-12-26 23:28:15] <%tropicalshark> snuffSit Thinking SNUFFA Thinking2
[2022-12-26 23:51:01] <!%Nastychain> snuffPop 🫧
