# Log started: 2022-12-07 12:47:19 +0100
[2022-12-07 12:47:19] ~ASK ME ANYTHING - Getting Top 15 Pred TONIGHT!! - !whathappened !socials !ses (Apex Legends)~
[2022-12-07 12:47:19] Joining #zachmazer..
[2022-12-07 12:47:19] You have joined #zachmazer
[2022-12-07 12:47:19] VIEWERS: 674
[2022-12-07 12:47:43] <BigHaasGaming> how does someone go about finding apex orgs who are vary active competitively in comp??
[2022-12-07 12:48:15] <+DtSkyy> was that house in cali?
[2022-12-07 12:48:17] <+swaggypdota> !sens
[2022-12-07 12:48:18] <@%^Nightbot> Apex: 1.3 800 dpi, Gundam: 90 800 dpi
[2022-12-07 12:48:41] VIEWERS: 639
[2022-12-07 12:49:22] <jmatta22> Are you gay? @zachmazer
[2022-12-07 12:49:37] <jhod888> Any orgs looking to pick you and other c9 mates?
[2022-12-07 12:49:56] <LuckyHakki> !whathappened
[2022-12-07 12:49:56] <@%^Nightbot> https://clips.twitch.tv/BlazingBelovedLegWholeWheat-DQ2a8OPQkOp0bvFb
[2022-12-07 12:50:07] <@%^Nightbot> Please go follow and support Zach on these platforms - YT: https://bit.ly/2syv42d Twitter: https://twitter.com/ZachMazer Discord: https://discord.gg/H5gnnrz Tiktok: https://www.tiktok.com/@zachmazer Instagram: https://www.instagram.com/zachmazer4/
[2022-12-07 12:50:17] <freshxiv_> Zac I want you inside me? blissesDaddy blissesDaddy
[2022-12-07 12:50:42] VIEWERS: 639
[2022-12-07 12:51:01] BAN: freshxiv_ (600s)
[2022-12-07 12:51:46] <%hesWilly> I am shredding with bang tonight :p
[2022-12-07 12:52:42] VIEWERS: 612
[2022-12-07 12:52:47] <adzee9494> oh shit your the gremlin that had all the rage comps when the game first came out
[2022-12-07 12:52:49] <nz56__> !sensitivity
[2022-12-07 12:52:49] <@%^Nightbot> Apex: 1.3 800 dpi, Gundam: 90 800 dpi
[2022-12-07 12:53:16] <+Nonstandard08> Zach would u play again with naughty?
[2022-12-07 12:53:37] <JzMac> Is he only subbing with esa?
[2022-12-07 12:53:49] <Delozada> anything?
[2022-12-07 12:54:01] <babismarek> Are you streaming in this time because of continent viewers or just because you like it?
[2022-12-07 12:54:42] VIEWERS: 612
[2022-12-07 12:55:25] <t_xxic> ama: why are you only around a couple of hundred viewers, even though you are a prominent long time member of the elite apex community? are you shadowbanned or just underappreciated?
[2022-12-07 12:55:40] <+siriusshelby> !ses
[2022-12-07 12:55:42] <@%^Nightbot> = RP Stats = | Current Amount: 45,778 RP || 121 RP has been lost this session. || Session started 4 hrs, 37 mins  ago. | [Updated 0 secs  ago] (- Powered by TwitchApexStats.com -)
[2022-12-07 12:55:45] <+Nonstandard08> !rp
[2022-12-07 12:55:45] <@%^Nightbot> https://apexranked.com/player/stream-sniper-but-bald/
[2022-12-07 12:56:13] <+Nonstandard08> Zach ur goated g
[2022-12-07 12:56:16] <%brutalbrah_> That plant wall up the stairs is dope
[2022-12-07 12:56:16] <+DanImperialKitKat> good morning MAzer
[2022-12-07 12:56:19] <+DanImperialKitKat> Mazer*
[2022-12-07 12:56:24] <t_xxic> not enough imo
[2022-12-07 12:56:25] <+DanImperialKitKat> faenexHi faenexHi faenexHi
[2022-12-07 12:56:29] <%turtla2k> hope its going well zach, good to see you on the grind!
[2022-12-07 12:56:30] <+ninersallday_21> Mornin
[2022-12-07 12:56:41] <+Nonstandard08> Do u imagine zach on faze \? never LOL
[2022-12-07 12:56:42] VIEWERS: 620
[2022-12-07 12:57:03] <+DanImperialKitKat> SEN Zachmazer ez
[2022-12-07 12:57:09] <t_xxic> but I like your content. thx for that :)
[2022-12-07 12:57:58] <ZeePimp> So is a projector actually Better than a tv
[2022-12-07 12:58:16] <+DanImperialKitKat> Zach is goated
[2022-12-07 12:58:38] <+DanImperialKitKat> an igl inspiration, givin me passione
[2022-12-07 12:58:44] VIEWERS: 633
[2022-12-07 12:58:49] <t_xxic> the richer the owners, the uglier and less practical the houses.
[2022-12-07 12:58:57] <ZeePimp> Kinda surprising to me
[2022-12-07 12:59:17] <+DanImperialKitKat> thats how it works
[2022-12-07 12:59:34] <+DanImperialKitKat> but its a very American home no?
[2022-12-07 12:59:50] <ZeePimp> Hahahah
[2022-12-07 12:59:54] <t_xxic> seems to me
[2022-12-07 12:59:58] <t_xxic> ric
[2022-12-07 13:00:14] <@%^Nightbot> Please go follow and support Zach on these platforms - YT: https://bit.ly/2syv42d Twitter: https://twitter.com/ZachMazer Discord: https://discord.gg/H5gnnrz Tiktok: https://www.tiktok.com/@zachmazer Instagram: https://www.instagram.com/zachmazer4/
[2022-12-07 13:00:18] <ZeePimp> Two laundry rooms ones a actual laudry room other ones for the videos wink wink
[2022-12-07 13:00:26] <+DanImperialKitKat> I'd rather have like a traditional Austrian home
[2022-12-07 13:00:32] <t_xxic> rich ppl in my country have different taste, obviously
[2022-12-07 13:00:33] <%brutalbrah_> I was just thinking that laundry room going to be my kegger room KEKW
[2022-12-07 13:00:34] <+DanImperialKitKat> that building style is very good
[2022-12-07 13:00:43] <%brutalbrah_> nvm now lol
[2022-12-07 13:00:44] VIEWERS: 633
[2022-12-07 13:00:46] <t_xxic> @danimperialkitkat lol
[2022-12-07 13:00:56] <t_xxic> i am austrain
[2022-12-07 13:01:18] <t_xxic> du auch?
[2022-12-07 13:01:53] <+ltzFazz> Did u go to Japan already
[2022-12-07 13:02:19] <+ltzFazz> Also are you participating in the 20k gundam tourny
[2022-12-07 13:02:25] <+DanImperialKitKat> @t_xxic Nah, I'm one of those Dutchies that make tirol unsafe in winter
[2022-12-07 13:02:39] <+DanImperialKitKat> i just love the architecture
[2022-12-07 13:02:42] <t_xxic> @danimperialkitkat i see (:
[2022-12-07 13:02:44] VIEWERS: 633
[2022-12-07 13:02:54] <dibs_ter> anyone knows how to change loadout in winter express?
[2022-12-07 13:02:58] <+DanImperialKitKat> @t_xxic and i speak German on a mediocre comm level
[2022-12-07 13:03:07] <+DanImperialKitKat> @dibs_ter when you die you can
[2022-12-07 13:03:13] <+DanImperialKitKat> its next to your character
[2022-12-07 13:03:17] <dibs_ter> but which button do i hit
[2022-12-07 13:03:19] <+DanImperialKitKat> just click it
[2022-12-07 13:03:25] <+DanImperialKitKat> left click it
[2022-12-07 13:03:35] <dibs_ter> it always respawns me before i hit anything
[2022-12-07 13:03:39] <dibs_ter> ill try
[2022-12-07 13:03:51] <+DanImperialKitKat> @dibs_ter swap right when you die then
[2022-12-07 13:03:51] <%cup_o_joeroe> If you could pick two teammates out of anyone in the league who would they be?
[2022-12-07 13:03:52] <jhod888> @jzmac thanks
[2022-12-07 13:04:02] <t_xxic> @danimperialkitkat cool (: are you in Tirol for skiing/snowboarding?
[2022-12-07 13:04:43] <+DtSkyy> only started watching zach the past few days. i always thought he was a meme player but in reality he's really decent. nice guy too
[2022-12-07 13:04:45] VIEWERS: 633
[2022-12-07 13:05:08] <+DanImperialKitKat> @t_xxic not this year but i usually ski
[2022-12-07 13:05:20] <+DanImperialKitKat> i good skier compared to the avg dutch person
[2022-12-07 13:05:24] <+DanImperialKitKat> A*
[2022-12-07 13:05:51] <t_xxic> @danimperialkitkat sweet (: i used to do races when i was younger
[2022-12-07 13:06:14] <MrKillerPenguin> Ask you anything?
[2022-12-07 13:06:18] <krusty_o> !ses
[2022-12-07 13:06:21] <@%^Nightbot> = RP Stats = | Current Amount: 45,778 RP || 121 RP has been lost this session. || Session started 4 hrs, 48 mins  ago. | [Updated 0 secs  ago] (- Powered by TwitchApexStats.com -)
[2022-12-07 13:06:23] <+drpulley> why u so noob asked imperialhal
[2022-12-07 13:06:26] <MrKillerPenguin> How TF did you get so fucking handsome?
[2022-12-07 13:06:27] <juan19coronel> !org
[2022-12-07 13:06:41] <juan19coronel> !c9
[2022-12-07 13:06:41] <+drpulley> @zachmazer Imperialhal asked why u so noob ?
[2022-12-07 13:06:41] <@%^Nightbot> https://twitter.com/zachmazer/status/1599589773710135296?s=46&t=48snyPNNK2_5G2u1nubRkw
[2022-12-07 13:06:45] VIEWERS: 663
[2022-12-07 13:06:55] <+DanImperialKitKat> @t_xxic Sick, i mean i like chillin  there too
[2022-12-07 13:07:23] <+DanImperialKitKat> Wienerschnitzel von kalb is bussin
[2022-12-07 13:07:26] <%hesWilly> Got busy split between writing a paper and solo queuing- how’s the games been?
[2022-12-07 13:07:40] <%hesWilly> !ses
[2022-12-07 13:07:43] <@%^Nightbot> = RP Stats = | Current Amount: 45,778 RP || 121 RP has been lost this session. || Session started 4 hrs, 49 mins  ago. | [Updated 0 secs  ago] (- Powered by TwitchApexStats.com -)
[2022-12-07 13:08:06] <t_xxic> @danimperialkitkat me too.... I live in Vienna now, so I rarely get to it... I grew up in the mountains
[2022-12-07 13:08:45] VIEWERS: 663
[2022-12-07 13:09:00] <+DanImperialKitKat> @t_xxic i live in the flat north but im very much a mountain person
[2022-12-07 13:09:28] <%hesWilly> @t_xxic I live in very close proximity to mountains as well :)
[2022-12-07 13:09:35] <t_xxic> @danimperialkitkat wiener schnitzel from pig is an actual disgrace and always with potatoes and Preiselbeeren and not with fries and ketchup lol
[2022-12-07 13:10:08] <t_xxic> @heswilly with country?
[2022-12-07 13:10:20] <+DanImperialKitKat> @t_xxic tbf we have bland food at home
[2022-12-07 13:10:25] <%hesWilly> @t_xxic not sure what you mean lol
[2022-12-07 13:10:45] VIEWERS: 597
[2022-12-07 13:10:47] <t_xxic> @heswilly which country? sry
[2022-12-07 13:11:03] <t_xxic> @danimperialkitkat i know lol
[2022-12-07 13:11:44] <+DanImperialKitKat> @t_xxic not my fault tho, what no inetersting geograsphy does to a mfer
[2022-12-07 13:12:06] <t_xxic> @danimperialkitkat Kaiserschmarrn or Salzburger Nockerl are bangers too
[2022-12-07 13:12:17] <+DanImperialKitKat> true
[2022-12-07 13:12:46] VIEWERS: 597
[2022-12-07 13:13:20] <xMantisTobogan> dezign so dead to storm LUL
[2022-12-07 13:13:20] <+DanImperialKitKat> @t_xxic i also really liked Gröstl
[2022-12-07 13:13:23] <%brutalbrah_> setting up a hammock
[2022-12-07 13:13:51] <t_xxic> @danimperialkitkat I think it has a lot to do with austria being one ofthe leading countries when it comes to organic and slow food
[2022-12-07 13:14:02] <slimeball1919> !whathappend
[2022-12-07 13:14:12] <t_xxic> @danimperialkitkat oh yeah
[2022-12-07 13:14:32] <%brutalbrah_> woooow lol
[2022-12-07 13:14:41] <+DanImperialKitKat> @t_xxic i got bread tho
[2022-12-07 13:14:47] VIEWERS: 630
[2022-12-07 13:15:04] <Halfblackops> Those guys want it more
[2022-12-07 13:15:22] <dibs_ter> mazer moment
[2022-12-07 13:15:24] <t_xxic> @danimperialkitkat well, thats something (:
[2022-12-07 13:15:27] <+orange_scissors> Mazer moment
[2022-12-07 13:15:28] <Halfblackops> Zach wtf LUL
[2022-12-07 13:15:31] <%brutalbrah_> KEKW
[2022-12-07 13:15:39] <citizen_of_india> mazermoment
[2022-12-07 13:15:41] <+DanImperialKitKat> @t_xxic and uhh breadcake and a good newyears tradition
[2022-12-07 13:15:45] <dragon1990__> mazermoment
[2022-12-07 13:15:50] <citizen_of_india> t
[2022-12-07 13:15:58] <+DanImperialKitKat> I'm like Zach fr
[2022-12-07 13:16:02] <+DtSkyy> what the fuck zach
[2022-12-07 13:16:04] <Halfblackops> This dude is doing 360 horizon ults
[2022-12-07 13:16:19] <+DtSkyy> can you talk us through that play
[2022-12-07 13:16:25] <dragon1990__> time to sleep after that one zach
[2022-12-07 13:16:36] <%+Nichidinho> can hit a juicer and craft one Pog
[2022-12-07 13:16:47] VIEWERS: 630
[2022-12-07 13:17:02] <t_xxic> so many boxes and no mobile respawn?
[2022-12-07 13:17:12] <%brutalbrah_> KEKW
[2022-12-07 13:17:30] <jhod888> 9k - 8300 LUL
[2022-12-07 13:18:05] <+DanImperialKitKat> 4 dabloons
[2022-12-07 13:18:34] <+GGEZ_Udead> Mobile rez in craft? @zachmazer
[2022-12-07 13:18:43] <t_xxic> you count your viewership like DrDisrespect. actual number 1500% lol
[2022-12-07 13:18:46] <%brutalbrah_> This seer scared af
[2022-12-07 13:18:48] Viewerstats (12:48-13:18): avg:628 min:597 max:663 [16/639+0−27+0+8+13+0+0+0+30+0−66+0+33+0−11]
[2022-12-07 13:18:48] VIEWERS: 619
[2022-12-07 13:19:02] <+echoochamberr> OME
[2022-12-07 13:19:50] <+DtSkyy> ?
[2022-12-07 13:19:55] <t_xxic> great ult lol
[2022-12-07 13:20:04] <%brutalbrah_> Just pretend the seer is sweet ez win
[2022-12-07 13:20:40] <%brutalbrah_> LMAO
[2022-12-07 13:20:41] <t_xxic> lol
[2022-12-07 13:20:49] VIEWERS: 619
[2022-12-07 13:20:52] <t_xxic> trolling
[2022-12-07 13:21:02] <%brutalbrah_> that guy was sooo bad
[2022-12-07 13:21:06] <Halfblackops> KEKW
[2022-12-07 13:21:37] <krusty_o> !ses
[2022-12-07 13:21:39] <@%^Nightbot> = RP Stats = | Current Amount: 45,995 RP || 96 RP has been gained this session. || Session started 5 hrs, 3 mins  ago. | [Updated 0 secs  ago] (- Powered by TwitchApexStats.com -)
[2022-12-07 13:21:46] <t_xxic> gg
[2022-12-07 13:21:55] <t_xxic> good morning
[2022-12-07 13:22:00] <krusty_o> pce
[2022-12-07 13:22:01] <%hesWilly> Gg’s
[2022-12-07 13:22:07] <Halfblackops> ggs <3
[2022-12-07 13:22:13] <+Taylor_Swifting> Get boosted... loser
[2022-12-07 13:22:31] <dragon1990__> ur playing with dezign what do u wxpect
[2022-12-07 13:22:46] <%hesWilly> Shoulda picked up Willy ;)
[2022-12-07 13:22:50] VIEWERS: 647
[2022-12-07 13:22:52] <shadowninja994> zach you are underrated
[2022-12-07 13:22:58] <Mr_Spang> peace
[2022-12-07 13:23:02] <alexkris97> go play w taxi
[2022-12-07 13:24:50] VIEWERS: 647
[2022-12-07 13:25:06] <@%^Nightbot> Please go follow and support Zach on these platforms - YT: https://bit.ly/2syv42d Twitter: https://twitter.com/ZachMazer Discord: https://discord.gg/H5gnnrz Tiktok: https://www.tiktok.com/@zachmazer Instagram: https://www.instagram.com/zachmazer4/
[2022-12-07 13:25:26] ~Stream offline~
[2022-12-07 13:48:54] Viewerstats (13:20-13:22): avg:633 min:619 max:647 [2/619+28_]
