# Log started: 2022-12-24 05:36:30 +0100
[2022-12-24 05:36:30] <%$Phantom_r32> tyongPopcorn
[2022-12-24 16:44:38] <Ralotoris> stocky your discord is full of shit
[2022-12-24 16:44:44] <Ralotoris> fuck this community
[2022-12-24 16:44:48] <Ralotoris> full of shit
[2022-12-24 16:45:13] <@^Nightbot> Sign up for webull now, and get up to 4 free stocks valued up to $12k! https://a.webull.com/KJLtelohantupO2Ilq
[2022-12-24 16:46:08] <@^Nightbot> DISCORD - https://discord.gg/TheStockGuy - TWITTER - https://twitter.com/TheStockGuyTV - YOUTUBE - https://youtube.com/TheStockGuy - REDDIT - https://reddit.com/r/TheStockGuy - INSTAGRAM - https://instagram.com/TheRealStockGuy - TIKTOK - https://www.tiktok.com/@thestockguy
[2022-12-24 16:47:36] <danielpfernando> hi im new here
[2022-12-24 16:47:53] <danielpfernando> are there any mods? :)
[2022-12-24 16:50:12] <@^Nightbot> DISCORD - https://discord.gg/TheStockGuy - TWITTER - https://twitter.com/TheStockGuyTV - YOUTUBE - https://youtube.com/TheStockGuy - REDDIT - https://reddit.com/r/TheStockGuy - INSTAGRAM - https://instagram.com/TheRealStockGuy - TIKTOK - https://www.tiktok.com/@thestockguy
[2022-12-24 16:50:17] <danielpfernando> are there any mods here right now? I have a question about stocks that id like to DM :)
[2022-12-24 16:58:12] <Ralotoris> why channel ban
[2022-12-24 16:58:23] <Ralotoris> just block me lol
[2022-12-24 16:58:30] <Ralotoris> unban please
[2022-12-24 17:00:22] <@^Nightbot> Sign up for webull now, and get up to 4 free stocks valued up to $12k! https://a.webull.com/KJLtelohantupO2Ilq
[2022-12-24 17:00:48] <Ralotoris> please unban discord and block me
[2022-12-24 17:00:56] <Ralotoris> instead
[2022-12-24 17:01:16] <@^Nightbot> DISCORD - https://discord.gg/TheStockGuy - TWITTER - https://twitter.com/TheStockGuyTV - YOUTUBE - https://youtube.com/TheStockGuy - REDDIT - https://reddit.com/r/TheStockGuy - INSTAGRAM - https://instagram.com/TheRealStockGuy - TIKTOK - https://www.tiktok.com/@thestockguy
[2022-12-24 17:02:13] <@^Nightbot> I shouldn't have to say this, but i will.  This isn't financial advice - this is entertainment
[2022-12-24 17:05:11] <@^Nightbot> DISCORD - https://discord.gg/TheStockGuy - TWITTER - https://twitter.com/TheStockGuyTV - YOUTUBE - https://youtube.com/TheStockGuy - REDDIT - https://reddit.com/r/TheStockGuy - INSTAGRAM - https://instagram.com/TheRealStockGuy - TIKTOK - https://www.tiktok.com/@thestockguy
