# Log started: 2022-12-11 02:25:32 +0100
[2022-12-11 02:25:32] [Info] This room is no longer in emote-only mode.
[2022-12-11 02:25:32] [Info] This room is no longer in subscribers-only mode.
[2022-12-11 02:25:32] <@+Sery_Bot> Sery_Bot has joined seryboBan
[2022-12-11 02:26:07] <@%sesamefig> Huh?
[2022-12-11 02:26:15] <@%sesamefig> What’s this game? Looks interesting!
[2022-12-11 02:26:30] <a_a1ternativething> Hi dad!
[2022-12-11 02:26:35] <Reanna_little_Art_lily84> hello keisha2Dazed
[2022-12-11 02:26:36] <@%sesamefig> bestda4Wave
[2022-12-11 02:26:46] <SeenConnroy> Good evening
[2022-12-11 02:26:50] <arely_v1ll> Hello
[2022-12-11 02:26:56] VIEWERS: 5
[2022-12-11 02:26:56] ~Krampus is Home and Dad and VTuber Kids are going to greet him! (!collab) (Krampus is Home)~
[2022-12-11 02:28:04] <arely_v1ll> This’ll be fun lynzoiCozy
[2022-12-11 02:28:05] <SeenConnroy> stopping by to say hi
[2022-12-11 02:28:10] <SeenConnroy> will return whenever I do
[2022-12-11 02:28:33] <Reanna_little_Art_lily84> may I calmly attack my lil brother keisha2Embarass
[2022-12-11 02:28:48] <arely_v1ll> Krampus looks like Vanny lowkey
[2022-12-11 02:28:56] VIEWERS: 5
[2022-12-11 02:29:16] <@%LanaWoolsby> model is lag
[2022-12-11 02:29:39] <arely_v1ll> Yea the model, other then that it’s good 👍
[2022-12-11 02:29:40] <Reanna_little_Art_lily84> he was giving my box back but he threw it like I was a dog
[2022-12-11 02:30:07] <@^Nightbot> Want Dad to read Chapter 16.5 of Sword Art Online? Help Midori reach her Kofi Goal: https://ko-fi.com/midorichimi
[2022-12-11 02:30:08] <%KurohanaGeist> I think Nostradomus is supposed to be one of the bot names... maybe?
[2022-12-11 02:30:20] <TechyOracle> Howdy howdy dad! Which of the people in this collab are on the naughty list and which ones are on the nice?
[2022-12-11 02:30:45] <%KurohanaGeist> Only 86.3k points to go! \o/
[2022-12-11 02:30:56] VIEWERS: 6
[2022-12-11 02:30:56] [Points] Reanna_little_Art_lily84 redeemed Sound Alert: gnome (100)
[2022-12-11 02:31:22] <@%sesamefig> Lololol
[2022-12-11 02:31:39] <%KurohanaGeist> Hiihii Mama~
[2022-12-11 02:31:42] <~%BestDadTuber> !collab
[2022-12-11 02:31:42] <@^Nightbot> Here are the children I'm collabing with! https://www.twitch.tv/miovalentino https://www.twitch.tv/mangoslicezz https://www.twitch.tv/innathecatwitch
[2022-12-11 02:31:47] <@%sesamefig> @kurohanageist hellooo bestda4Wave bestda4Wave
[2022-12-11 02:31:54] <@%sesamefig> !bully
[2022-12-11 02:31:54] <@^Nightbot> Father has bullied Spooky (In-nas) approximately 60 times now
[2022-12-11 02:31:59] <%KurohanaGeist> Mama, what's your most recent tech curiosity?
[2022-12-11 02:32:07] <arely_v1ll> 99.000k more points and I can make dad play white day or whites house lynzoiHi
[2022-12-11 02:32:47] <@%sesamefig> Lol @kurohanageist 🤔 I’d love a fancy humidifier
[2022-12-11 02:32:56] <@%sesamefig> FOR THE PLANTS
[2022-12-11 02:32:56] VIEWERS: 6
[2022-12-11 02:33:05] <%KurohanaGeist> Noice. Noice.
[2022-12-11 02:33:15] <%KurohanaGeist> Mama, do you know if Dad has played Narcosis before?
[2022-12-11 02:33:28] <@%sesamefig> Nope not from what I remember
[2022-12-11 02:33:39] <@%sesamefig> He’s never been scared before in any games :(
[2022-12-11 02:33:40] <%KurohanaGeist> \o/ That's going to be my 100k redeem when I finally get there, then. XD
[2022-12-11 02:33:44] <Reanna_little_Art_lily84> I personally like this channel because I don't normally join raids unless they said art or books 😂
[2022-12-11 02:33:58] <arely_v1ll> I want that to change one day
[2022-12-11 02:34:08] <%KurohanaGeist> Mama, you should look up some Narcosis gameplay. It's really good. :3
[2022-12-11 02:34:09] <luopan_gaming> Hi Dad g0sutoPeekBoi
[2022-12-11 02:34:09] <@%sesamefig> @reanna_little_art_lily84 thank you for joining us then! 😁
[2022-12-11 02:34:19] <@%sesamefig> Is it scary? 😳
[2022-12-11 02:34:56] VIEWERS: 6
[2022-12-11 02:35:13] [Points] a_a1ternativething redeemed Dadjoke (500)
[2022-12-11 02:35:21] <@%sesamefig> !dadjoke
[2022-12-11 02:35:22] <arely_v1ll> everyone what do you think is the scariest game you’ve seen? Dad has already told us which one he thought
[2022-12-11 02:35:22] <@^Nightbot> “My Dog has no nose.” “How does he smell?” “Awful”
[2022-12-11 02:35:37] <%KurohanaGeist> It's... a first-person psychological thriller; that's meant to give you the feeling of... I'd say less scary, and more jarring, and into the realm of just making you on-edge, heavily.
[2022-12-11 02:35:51] <Reanna_little_Art_lily84> keisha2Bliss
[2022-12-11 02:36:19] <kittirine> HI DAD
[2022-12-11 02:36:25] [Points] LanaWoolsby redeemed Posture! (100)
[2022-12-11 02:36:26] <kittirine> how are you?
[2022-12-11 02:36:30] [Points] kittirine redeemed Hydrate? (250)
[2022-12-11 02:36:46] <kittirine> im here to bring you a snake fact, would that be ok?
[2022-12-11 02:36:56] VIEWERS: 9
[2022-12-11 02:37:01] <kittirine> The flying snake is a species native to Southeast Asia distinctly named for its ability to glide through forests. The Chrysopelea climbs trees through special scales on its belly, where it launches itself off from once it reaches the top.
[2022-12-11 02:37:04] <arely_v1ll> FNAF is psychologically scary to me. I think the reason why is bc horror games often make you move instead of staying in one spot
[2022-12-11 02:37:12] <%KurohanaGeist> "And Mio is following behind me..." *Closes gate.*
[2022-12-11 02:37:51] [Points] Reanna_little_Art_lily84 redeemed Dadjoke (500)
[2022-12-11 02:38:29] <@%sesamefig> !dadjoke
[2022-12-11 02:38:30] <@^Nightbot> Two fish are in a tank, one turns to the other and says, "how do you drive this thing?"
[2022-12-11 02:38:45] <arely_v1ll> Hah
[2022-12-11 02:38:56] Viewerstats (02:26-02:38): avg:6 min:5 max:9 [7/_5+0+1+0+0+3+0]
[2022-12-11 02:38:56] VIEWERS: 9
[2022-12-11 02:39:02] [Points] a_a1ternativething redeemed Dadjoke (500)
[2022-12-11 02:39:11] <@%sesamefig> !dadjoke
[2022-12-11 02:39:13] <@^Nightbot> How do hens stay fit? They always egg-cercise!
[2022-12-11 02:39:17] <kittirine> hope u liked the snake fact!
[2022-12-11 02:39:25] <arely_v1ll> So I had a paranormal experience again ;-;
[2022-12-11 02:40:06] <@^Nightbot> Want Dad to read Chapter 16.5 of Sword Art Online? Help Midori reach her Kofi Goal: https://ko-fi.com/midorichimi
[2022-12-11 02:40:56] VIEWERS: 9
[2022-12-11 02:41:06] <arely_v1ll> it was a few days ago. I put a small pink basket on my dresser and it fell. Thought it was bc of me
[2022-12-11 02:41:58] <arely_v1ll> So I push it farther on My dresser. It fell again. Got scared, put it on the ground and watched a funny movie with my mom
[2022-12-11 02:42:00] <@InnaTheCatWitch> !followsince
[2022-12-11 02:42:02] <@^Nightbot> InnaTheCatWitch has been following BestDadTuber for 10 months, 1 week, 5 days, 19 hours, 31 minutes, 10 seconds
[2022-12-11 02:42:16] <@%sesamefig> !followsince
[2022-12-11 02:42:18] <@^Nightbot> sesamefig has been following BestDadTuber for 1 year, 3 weeks, 3 days, 20 hours, 39 minutes, 24 seconds
[2022-12-11 02:42:27] <%KurohanaGeist> !followsince
[2022-12-11 02:42:38] [Points] Reanna_little_Art_lily84 redeemed Positive Affirmation (500) [I have a feeling you are next]
[2022-12-11 02:42:43] <%KurohanaGeist> RIP
[2022-12-11 02:42:56] VIEWERS: 10
[2022-12-11 02:43:02] <%KurohanaGeist> !followsince
[2022-12-11 02:43:04] <@^Nightbot> KurohanaGeist has been following BestDadTuber for 9 months, 2 weeks, 4 days, 20 hours, 6 minutes, 47 seconds
[2022-12-11 02:43:25] <arely_v1ll> !followsince
[2022-12-11 02:43:27] <Reanna_little_Art_lily84> !followsince
[2022-12-11 02:43:58] <Reanna_little_Art_lily84> I think we broke th night bot 😂
[2022-12-11 02:43:58] <%KurohanaGeist> I've been following almost as long as I've been subbed. LUL
[2022-12-11 02:44:16] <@%sesamefig> Lmao! Yeah nightbot malfunctioned
[2022-12-11 02:44:24] <arely_v1ll> I’m a baby to this channel lol
[2022-12-11 02:44:56] VIEWERS: 10
[2022-12-11 02:45:01] <Reanna_little_Art_lily84> I'm trying to get bet off my vocabulary
[2022-12-11 02:45:13] <arely_v1ll> bet
[2022-12-11 02:46:24] <%+DeerlyB3loved> deerly2Deerpats
[2022-12-11 02:46:30] [Points] Reanna_little_Art_lily84 redeemed Hydrate? (250)
[2022-12-11 02:46:54] [Points] DeerlyB3loved redeemed Dadjoke (500)
[2022-12-11 02:46:56] VIEWERS: 10
[2022-12-11 02:47:02] <~%BestDadTuber> !dadjoke
[2022-12-11 02:47:02] <arely_v1ll> Mow dad jokes
[2022-12-11 02:47:03] <@^Nightbot> I thought my wife was joking when she said she'd leave me if I didn't stop signing "I'm A Believer"... Then I saw her face.
[2022-12-11 02:47:27] <Reanna_little_Art_lily84> 😂
[2022-12-11 02:47:33] <arely_v1ll> I don’t get it
[2022-12-11 02:48:54] <arely_v1ll> Dads hon die
[2022-12-11 02:48:56] VIEWERS: 13
[2022-12-11 02:48:58] <arely_v1ll> He ded
[2022-12-11 02:49:28] <Reanna_little_Art_lily84> I win lol my beliefs were correct
[2022-12-11 02:49:55] <arely_v1ll> What’s krampus’ origin again?
[2022-12-11 02:50:00] <arely_v1ll> Is he like Santa?
[2022-12-11 02:50:05] <@^Nightbot> Want Dad to read Chapter 16.5 of Sword Art Online? Help Midori reach her Kofi Goal: https://ko-fi.com/midorichimi
[2022-12-11 02:50:10] <Reanna_little_Art_lily84> what is a poll?
[2022-12-11 02:50:22] <arely_v1ll> Ah got it
[2022-12-11 02:50:56] VIEWERS: 13
[2022-12-11 02:51:01] <arely_v1ll> So he goes after good kids and leave the bad kids alone?
[2022-12-11 02:51:11] <arely_v1ll> Or he just kills the bad kids
[2022-12-11 02:51:15] <arely_v1ll> Oh
[2022-12-11 02:51:44] <TechyOracle> Got a good dad-joke for Inna: When the zombie accountant saw a mistake he made in the graveyard report, he said "I made a grave error!"
[2022-12-11 02:51:54] <arely_v1ll> I want a switch
[2022-12-11 02:52:05] <arely_v1ll> Also that’s a good dad joke 👍
[2022-12-11 02:52:05] <TechyOracle> kabhaaWHEEZE
[2022-12-11 02:52:30] <TechyOracle> You can bonk me all you want, but the dad joke has been said, and can't be taken back.
[2022-12-11 02:52:56] VIEWERS: 12
[2022-12-11 02:53:08] <Reanna_little_Art_lily84> it's a holiday prank
[2022-12-11 02:53:09] <arely_v1ll> O Christmas tree, oh Christmas tree. How lovely are they branches~
[2022-12-11 02:53:14] <arely_v1ll> Like that song
[2022-12-11 02:54:00] <arely_v1ll> 👀
[2022-12-11 02:54:29] <Reanna_little_Art_lily84> keisha2Chargerifle
[2022-12-11 02:54:29] <arely_v1ll> I mean he did say krampussy 👀
[2022-12-11 02:54:56] VIEWERS: 12
[2022-12-11 02:55:20] <Reanna_little_Art_lily84> 🥲
[2022-12-11 02:55:34] [Points] Reanna_little_Art_lily84 redeemed Sound Alert: gnome (100)
[2022-12-11 02:56:54] <arely_v1ll> Man I’m craving some spicy chips
[2022-12-11 02:56:56] VIEWERS: 13
[2022-12-11 02:58:05] [Points] Reanna_little_Art_lily84 redeemed Sound Alert: Quack (100)
[2022-12-11 02:58:51] <Reanna_little_Art_lily84> I have a duck joke
[2022-12-11 02:58:56] VIEWERS: 12
[2022-12-11 02:59:01] <arely_v1ll> Tell it reanna
[2022-12-11 02:59:35] <Reanna_little_Art_lily84> but it's too quackers
[2022-12-11 02:59:49] <arely_v1ll> lynzoiLul
[2022-12-11 03:00:09] <@^Nightbot> Want Dad to read Chapter 16.5 of Sword Art Online? Help Midori reach her Kofi Goal: https://ko-fi.com/midorichimi
[2022-12-11 03:00:40] <arely_v1ll> Dad you should play WHO’s your daddy
[2022-12-11 03:00:53] <arely_v1ll> It would be hilarious
[2022-12-11 03:00:56] VIEWERS: 12
[2022-12-11 03:02:10] <Reanna_little_Art_lily84> I'm going to read online books
[2022-12-11 03:02:23] <arely_v1ll> Cool
[2022-12-11 03:02:56] VIEWERS: 11
[2022-12-11 03:03:13] <Reanna_little_Art_lily84> the fire alarm has a nice beat to it
[2022-12-11 03:03:22] <your_light33> hi chat, dad and other three hope u have a nice day
[2022-12-11 03:04:56] VIEWERS: 11
[2022-12-11 03:05:18] <TechyOracle> Get some duct-tape and turn your gun into a key gun!
[2022-12-11 03:05:27] <+Shant_tae7777> Hey Dad itbdopEWave
[2022-12-11 03:06:39] <+Shant_tae7777> What is this game
[2022-12-11 03:06:56] VIEWERS: 9
[2022-12-11 03:08:55] <TechyOracle>* ♩ The humans are dead ♩
[2022-12-11 03:08:56] Viewerstats (02:40-03:08): avg:11 min:9 max:13 [15/9+1+0+0+3+0−1+0+1−1+0−1+0−2+0]
[2022-12-11 03:08:56] VIEWERS: 9
[2022-12-11 03:10:03] <FromageVT> hello dad
[2022-12-11 03:10:04] <@^Nightbot> Want Dad to read Chapter 16.5 of Sword Art Online? Help Midori reach her Kofi Goal: https://ko-fi.com/midorichimi
[2022-12-11 03:10:40] <FromageVT> I am doing okay, but have a cold- but it's okay because I still have sheep plush generously gifted to me
[2022-12-11 03:10:56] VIEWERS: 11
[2022-12-11 03:12:56] VIEWERS: 11
[2022-12-11 03:13:20] <granch_dressing> Good evening dad!
[2022-12-11 03:13:52] <@%LanaWoolsby> Lana wake again hide and seek go Boo!
[2022-12-11 03:14:04] <granch_dressing> I want to order a pizza since there's basically nothing but frozen crap at home, but I spend too much on food
[2022-12-11 03:14:07] <@%LanaWoolsby> He go grrr
[2022-12-11 03:14:12] <granch_dressing> this game looks cool
[2022-12-11 03:14:31] <@%LanaWoolsby> I woke up on the floor so I’m laying in bed now
[2022-12-11 03:14:43] <@%LanaWoolsby> Exhaustion was like HELLO IM HERE I guess
[2022-12-11 03:14:56] VIEWERS: 14
[2022-12-11 03:15:33] <%DurgonBoi> durgonHi durgonHi durgonHi
[2022-12-11 03:15:36] <TechyOracle> What we need is Santa with a shotgun to take down Krampus
[2022-12-11 03:15:41] <%DurgonBoi> Im doing
[2022-12-11 03:15:45] <%DurgonBoi> slept most of the day away
[2022-12-11 03:16:16] <AkameOda> Is this what happens whe kids ask for Santa and you tell them "we have Santa at home?"
[2022-12-11 03:16:31] <@%LanaWoolsby> He scared of water?
[2022-12-11 03:16:41] <TechyOracle> If the water gun is supposed to make them pause, then it utterly fails agains tKrampus
[2022-12-11 03:16:56] VIEWERS: 14
[2022-12-11 03:17:08] <@%LanaWoolsby> So krampus is a cat
[2022-12-11 03:17:24] <TechyOracle> Alright Spooky, it's time for everyone to judge her
[2022-12-11 03:17:27] <@%LanaWoolsby> Ya never know if they hate water until it’s too late
[2022-12-11 03:18:56] VIEWERS: 14
[2022-12-11 03:20:05] <@^Nightbot> Want Dad to read Chapter 16.5 of Sword Art Online? Help Midori reach her Kofi Goal: https://ko-fi.com/midorichimi
[2022-12-11 03:20:56] VIEWERS: 12
[2022-12-11 03:21:49] <@%LanaWoolsby> he move fast
[2022-12-11 03:22:56] VIEWERS: 15
[2022-12-11 03:24:16] <@%LanaWoolsby> i looked up how long it takes would u like to know
[2022-12-11 03:24:27] <@%LanaWoolsby> according to google, 15minutes
[2022-12-11 03:24:56] VIEWERS: 15
[2022-12-11 03:25:20] <TechyOracle> Basically for every real life minute, 8 minutes pass in the game
[2022-12-11 03:26:56] VIEWERS: 13
[2022-12-11 03:28:25] <TechyOracle> *Sad honk*
[2022-12-11 03:28:56] VIEWERS: 13
[2022-12-11 03:29:20] <@%LanaWoolsby> mean boys
[2022-12-11 03:29:41] <@%LanaWoolsby> bestda4Bonk
[2022-12-11 03:30:06] <@^Nightbot> Want Dad to read Chapter 16.5 of Sword Art Online? Help Midori reach her Kofi Goal: https://ko-fi.com/midorichimi
[2022-12-11 03:31:01] VIEWERS: 14
[2022-12-11 03:31:19] <TechyOracle> Dad the Red Nosed Father
[2022-12-11 03:32:03] <@%LanaWoolsby> my nose is red too we twins
[2022-12-11 03:32:27] [Points] Anubis_Day redeemed Sound Alert: gnome (100)
[2022-12-11 03:32:38] <AkameOda> Yes, give the bots heat-seeking presents. viennaGift
[2022-12-11 03:32:44] <+Anubis_Day> Hi Dad!
[2022-12-11 03:33:01] VIEWERS: 14
[2022-12-11 03:34:53] <TheFaltyLunaLamp> eeviee1Hello
[2022-12-11 03:35:01] VIEWERS: 14
[2022-12-11 03:35:06] <President_Rat_> Rat
[2022-12-11 03:37:02] VIEWERS: 13
[2022-12-11 03:37:30] <AkameOda> hannahNod mock Spooky viennaNod
[2022-12-11 03:39:02] Viewerstats (03:10-03:39): avg:13 min:11 max:15 [15/11+0+3+0+0−2+3+0−2+0+1+0+0−1+0]
[2022-12-11 03:39:02] VIEWERS: 13
[2022-12-11 03:40:06] <@^Nightbot> Want Dad to read Chapter 16.5 of Sword Art Online? Help Midori reach her Kofi Goal: https://ko-fi.com/midorichimi
[2022-12-11 03:41:02] VIEWERS: 12
[2022-12-11 03:41:18] <%+wsheeper> smolceBgroove
[2022-12-11 03:42:34] <AkameOda> Oh deer. bradOMEGA
[2022-12-11 03:43:04] VIEWERS: 12
[2022-12-11 03:44:03] <AkameOda> Oh wow, you can have monster players too? So up to 8 players? Wow.
[2022-12-11 03:44:41] <AkameOda> Good, monsters seem to strong to bee even numbered
[2022-12-11 03:45:06] VIEWERS: 14
[2022-12-11 03:47:07] VIEWERS: 14
[2022-12-11 03:48:19] <luopan_gaming> leodel1COZY
[2022-12-11 03:49:12] VIEWERS: 16
[2022-12-11 03:51:12] VIEWERS: 15
[2022-12-11 03:52:28] <AkameOda> 16 more?
[2022-12-11 03:53:12] VIEWERS: 15
[2022-12-11 03:54:21] <TechyOracle> Inna's on the path to do a Default Dance over Dad
[2022-12-11 03:54:42] <+Killer_Alien1> afluffYlurk
[2022-12-11 03:54:59] <+Killer_Alien1> im doin pretty good How are you?
[2022-12-11 03:55:12] VIEWERS: 16
[2022-12-11 03:55:34] <TechyOracle> Welp, Inna has earned a single Fortnite Default Dance over Dad now.
[2022-12-11 03:57:12] VIEWERS: 16
[2022-12-11 03:57:44] <~%BestDadTuber> !collab
[2022-12-11 03:57:44] <@^Nightbot> Here are the children I'm collabing with! https://www.twitch.tv/miovalentino https://www.twitch.tv/mangoslicezz https://www.twitch.tv/innathecatwitch
[2022-12-11 03:59:12] VIEWERS: 17
[2022-12-11 03:59:12] ~Dad and VTuber Kids are having a Pummel Party! (!collab) (Pummel Party)~
[2022-12-11 04:00:10] <@^Nightbot> Want Dad to read Chapter 16.5 of Sword Art Online? Help Midori reach her Kofi Goal: https://ko-fi.com/midorichimi
[2022-12-11 04:01:12] VIEWERS: 17
[2022-12-11 04:03:12] VIEWERS: 17
[2022-12-11 04:05:12] VIEWERS: 18
[2022-12-11 04:07:12] VIEWERS: 18
[2022-12-11 04:09:12] Viewerstats (03:41-04:09): avg:15 min:12 max:18 [15/12+0+2+0+2−1+0+1+0+1+0+0+1+0−2]
[2022-12-11 04:09:12] VIEWERS: 16
[2022-12-11 04:11:12] VIEWERS: 15
[2022-12-11 04:13:12] VIEWERS: 15
[2022-12-11 04:14:46] <AkameOda> Pummel Party? viennaPoggies
[2022-12-11 04:15:12] VIEWERS: 15
[2022-12-11 04:17:12] VIEWERS: 16
[2022-12-11 04:19:15] VIEWERS: 16
[2022-12-11 04:19:16] <TechyOracle> Dad Status: Suffering
[2022-12-11 04:21:17] VIEWERS: 15
[2022-12-11 04:23:17] VIEWERS: 13
[2022-12-11 04:24:51] <AkameOda> 🧹 peepoHappy
[2022-12-11 04:25:08] <AkameOda> Perfect for Spooky
[2022-12-11 04:25:17] VIEWERS: 13
[2022-12-11 04:27:17] VIEWERS: 14
[2022-12-11 04:28:50] <lautyarglas> hi dad !
[2022-12-11 04:29:17] VIEWERS: 14
[2022-12-11 04:30:06] <@^Nightbot> Want Dad to read Chapter 16.5 of Sword Art Online? Help Midori reach her Kofi Goal: https://ko-fi.com/midorichimi
[2022-12-11 04:31:17] VIEWERS: 15
[2022-12-11 04:31:33] <lautyarglas> lol LUL
[2022-12-11 04:33:17] VIEWERS: 15
[2022-12-11 04:35:17] VIEWERS: 16
[2022-12-11 04:37:17] VIEWERS: 16
[2022-12-11 04:37:40] <AkameOda> "AAA-" Spooky in 8 mins
[2022-12-11 04:39:17] Viewerstats (04:11-04:39): avg:15 min:13 max:18 [15/15+0+0+1+0−1−2+0+1+0+1+0+1+0+2]
[2022-12-11 04:39:17] VIEWERS: 18
[2022-12-11 04:41:17] VIEWERS: 19
[2022-12-11 04:43:17] VIEWERS: 19
[2022-12-11 04:43:28] <AkameOda> 🐰 bradOMEGA
[2022-12-11 04:45:17] VIEWERS: 19
[2022-12-11 04:47:17] VIEWERS: 21
[2022-12-11 04:49:17] VIEWERS: 17
[2022-12-11 04:51:17] VIEWERS: 17
[2022-12-11 04:51:47] <AkameOda> Don't be ridiculous, Spooky can't think!
[2022-12-11 04:53:17] VIEWERS: 19
[2022-12-11 04:53:19] <@%LanaWoolsby> She learned from u lol
[2022-12-11 04:53:26] <+capsGirl90> which game is this?
[2022-12-11 04:53:54] <@%LanaWoolsby> I’m not evil just spiteful
[2022-12-11 04:55:17] VIEWERS: 19
[2022-12-11 04:57:22] VIEWERS: 19
[2022-12-11 04:59:22] VIEWERS: 20
[2022-12-11 05:00:12] <%+devilgahlia> Are ya winnin dadÉ
[2022-12-11 05:00:45] <%+devilgahlia> good apparently I was on canadian mulitlingual for a sec LUL
[2022-12-11 05:01:06] <%+devilgahlia> Yeah, happens too much
[2022-12-11 05:01:07] <@^Nightbot> Want Dad to read Chapter 16.5 of Sword Art Online? Help Midori reach her Kofi Goal: https://ko-fi.com/midorichimi
[2022-12-11 05:01:22] VIEWERS: 20
[2022-12-11 05:02:10] [Points] devilgahlia redeemed Selfcare Package (400)
[2022-12-11 05:02:12] <Reanna_little_Art_lily84> how is gaming going
[2022-12-11 05:03:22] VIEWERS: 25
[2022-12-11 05:03:41] <Reanna_little_Art_lily84> I secretly don't have the attention span of watching video games
[2022-12-11 05:04:11] <@%LanaWoolsby> I don’t get why I keep waking up startled
[2022-12-11 05:04:13] <Reanna_little_Art_lily84> I would stare at the avatar mostly
[2022-12-11 05:05:04] <AkameOda> @Reanna_little_Art_lily84 A big part of many games bradHOT aicEXCITE
[2022-12-11 05:05:08] <Reanna_little_Art_lily84> idk why it's more fun to look at
[2022-12-11 05:05:22] VIEWERS: 25
[2022-12-11 05:06:12] <lautyarglas> yay dad won kittyf20Comfy
[2022-12-11 05:06:23] <@%LanaWoolsby> Me seeing the red and orange as the same color
[2022-12-11 05:07:20] <@%LanaWoolsby> Yes as well as my dad
[2022-12-11 05:07:22] VIEWERS: 24
[2022-12-11 05:08:01] <@%LanaWoolsby> I tend to not have trouble unless it’s orange and red next to each other or other similar colors
[2022-12-11 05:08:01] <@+hitsujiVT> i hop inna's dick falls off
[2022-12-11 05:08:01] <@%LanaWoolsby> By themselves I can sorta be fine
[2022-12-11 05:08:20] <@%LanaWoolsby> Hitsu bestda4Bonk
[2022-12-11 05:08:22] <@+hitsujiVT> !so lanawoolsby
[2022-12-11 05:08:22] <@^Nightbot> NO WAY IS THAT lanawoolsby FROM twitch.tv/lanawoolsby?!?!?! THEY WERE PLAYING Project Zomboid
[2022-12-11 05:08:25] <@+hitsujiVT> doing okay
[2022-12-11 05:08:29] <@+hitsujiVT> oh shit did i forgor to change my game
[2022-12-11 05:08:30] <@%LanaWoolsby> NO
[2022-12-11 05:08:35] <@+hitsujiVT> i was playing siege lul
[2022-12-11 05:08:37] <AkameOda> Bomber-Man? More like Boomer man. hazvsOLD
[2022-12-11 05:08:38] <@+hitsujiVT> i thought i did
[2022-12-11 05:08:39] <@+hitsujiVT> sussy
[2022-12-11 05:09:26] Viewerstats (04:41-05:09): avg:20 min:17 max:25 [15/19+0+0+2−4+0+2+0+0+1+0+5+0−1+0]
[2022-12-11 05:09:26] VIEWERS: 24
[2022-12-11 05:09:43] <Reanna_little_Art_lily84> reading and listening to reading is one of my favorite things of all hobbies
[2022-12-11 05:10:04] <@^Nightbot> Want Dad to read Chapter 16.5 of Sword Art Online? Help Midori reach her Kofi Goal: https://ko-fi.com/midorichimi
[2022-12-11 05:10:58] <Reanna_little_Art_lily84> ahhhhhh my side hurts keisha2Cry
[2022-12-11 05:11:03] <@+hitsujiVT> have fun with pummel party!
[2022-12-11 05:11:15] <@+hitsujiVT> yummy
[2022-12-11 05:11:27] VIEWERS: 25
[2022-12-11 05:12:54] <@%LanaWoolsby> @hitsujivt bestda4Bonk
[2022-12-11 05:13:02] <Reanna_little_Art_lily84> waaaaaaaa keisha2Cry OUCHY
[2022-12-11 05:13:27] VIEWERS: 30
[2022-12-11 05:13:54] <talion_morningdew> HI HI KNOW YOU ARE LOVED hope your well today
[2022-12-11 05:15:09] <Reanna_little_Art_lily84> ima throw up my food because it is hurting me
[2022-12-11 05:15:13] <@+hitsujiVT> baaa
[2022-12-11 05:15:27] VIEWERS: 30
[2022-12-11 05:16:28] <Reanna_little_Art_lily84> the wose part is I can't exercise
[2022-12-11 05:16:48] <@%LanaWoolsby> So besides presents are there other traditions for the upcoming holiday?
[2022-12-11 05:17:04] <Reanna_little_Art_lily84> or I can't walk for 2 days
[2022-12-11 05:17:27] VIEWERS: 27
[2022-12-11 05:18:26] <Reanna_little_Art_lily84> being alive is hard 🥲I want to be a runner but I can't
[2022-12-11 05:19:27] VIEWERS: 27
[2022-12-11 05:19:32] <Reanna_little_Art_lily84> *starts crying because of the pain *
[2022-12-11 05:20:06] <@^Nightbot> Want Dad to read Chapter 16.5 of Sword Art Online? Help Midori reach her Kofi Goal: https://ko-fi.com/midorichimi
[2022-12-11 05:21:27] VIEWERS: 27
[2022-12-11 05:21:42] [Points] cherrimode redeemed Sound Alert: OWEN WILSON  WOW (50)
[2022-12-11 05:22:05] [Points] LanaWoolsby redeemed Sound Alert: Quack (100)
[2022-12-11 05:22:14] <Reanna_little_Art_lily84> yay I'm not in pain because I'm pinching my stomach keisha2Bliss
[2022-12-11 05:22:15] <cherrimode> doing good just vibed today and now i'm doing laundry
[2022-12-11 05:23:07] <cherrimode> thank you laundry has been long overdue
[2022-12-11 05:23:23] <Reanna_little_Art_lily84> I don't know how long-ahhhhhh the pain got worse
[2022-12-11 05:23:27] VIEWERS: 29
[2022-12-11 05:24:06] <@+hitsujiVT> lily
[2022-12-11 05:24:12] <@+hitsujiVT> i understand you feel comfortable with it
[2022-12-11 05:24:17] <@+hitsujiVT> but its tmi at this point.
[2022-12-11 05:24:29] <Reanna_little_Art_lily84> it's been 40°I'm my town 🥲
[2022-12-11 05:24:36] <Reanna_little_Art_lily84> in*
[2022-12-11 05:24:39] <cherrimode> !lurk pixelk16Cozy
[2022-12-11 05:24:39] <@^Nightbot> Thank you for the lurk cherrimode! Rest well and we'll see you next time.
[2022-12-11 05:24:58] <@+hitsujiVT> unfortunate lily, but please stop flooding the chat and giving so much information about your pain
[2022-12-11 05:25:06] <@+hitsujiVT> only warning.
[2022-12-11 05:25:07] <Reanna_little_Art_lily84> it's going to rain 🌧 tomorrow
[2022-12-11 05:25:27] VIEWERS: 29
[2022-12-11 05:25:45] <@+hitsujiVT> lily can i get confirmation
[2022-12-11 05:25:53] <@+hitsujiVT> because if not i am going to have to time you out for a while.
[2022-12-11 05:26:28] <Reanna_little_Art_lily84> @hitsujivt oh sorry I didn't mean to
[2022-12-11 05:26:40] <@+hitsujiVT> its  fine, but please understand that its just too much info my friend
[2022-12-11 05:26:46] <@+hitsujiVT> talking about it is fine, but please avoid flooding chat.
[2022-12-11 05:26:48] <@+hitsujiVT> thank you
[2022-12-11 05:27:27] VIEWERS: 30
[2022-12-11 05:27:46] [Points] luopan_gaming redeemed Sound Alert: OOF (100)
[2022-12-11 05:27:51] [Points] luopan_gaming redeemed Stretch! (150)
[2022-12-11 05:27:56] [Points] luopan_gaming redeemed Hydrate? (250)
[2022-12-11 05:28:30] <luopan_gaming> leodel1COZY
[2022-12-11 05:28:37] <@%LanaWoolsby> Dad have a good nap at all yet?
[2022-12-11 05:29:15] [Points] WatcherWomanNadja redeemed Selfcare Package (400)
[2022-12-11 05:29:27] VIEWERS: 27
[2022-12-11 05:29:30] <@%LanaWoolsby> Been on an off for a few hours now I was pretty awake for a while, rest is good lanawoHeart
[2022-12-11 05:30:01] <@+hitsujiVT> ggs everyone!
[2022-12-11 05:30:07] <@^Nightbot> Want Dad to read Chapter 16.5 of Sword Art Online? Help Midori reach her Kofi Goal: https://ko-fi.com/midorichimi
[2022-12-11 05:30:08] <@+hitsujiVT> i care you lana
[2022-12-11 05:30:10] <@+hitsujiVT> remember to hydrate
[2022-12-11 05:30:46] <@+hitsujiVT> GGS
[2022-12-11 05:30:53] <@+hitsujiVT> hitsuj11HYPE
[2022-12-11 05:30:55] <@+hitsujiVT> RIGHTFULLY ROBBED
[2022-12-11 05:31:27] <@+hitsujiVT> lul
[2022-12-11 05:31:27] VIEWERS: 27
[2022-12-11 05:32:19] <lautyarglas> well played dad
[2022-12-11 05:32:41] <@%LanaWoolsby> I want to eat crab
[2022-12-11 05:33:27] VIEWERS: 23
[2022-12-11 05:34:12] <@%LanaWoolsby> P r e d I c t e d
[2022-12-11 05:35:27] VIEWERS: 23
[2022-12-11 05:37:27] VIEWERS: 22
[2022-12-11 05:39:16] <@%LanaWoolsby> wb
[2022-12-11 05:39:27] Viewerstats (05:11-05:39): avg:26 min:22 max:30 [15/25+5+0−3+0+0+2+0+1−3+0−4+0−1+1]
[2022-12-11 05:39:27] VIEWERS: 23
[2022-12-11 05:39:55] <+capsGirl90> not the IRS...
[2022-12-11 05:40:03] <@%LanaWoolsby> Is dad in trouble
[2022-12-11 05:40:05] <@^Nightbot> Want Dad to read Chapter 16.5 of Sword Art Online? Help Midori reach her Kofi Goal: https://ko-fi.com/midorichimi
[2022-12-11 05:40:49] <+capsGirl90> accountants are the best.
[2022-12-11 05:41:27] VIEWERS: 23
[2022-12-11 05:42:11] [Points] LanaWoolsby redeemed Sound Alert: Quack (100)
[2022-12-11 05:42:18] <@%LanaWoolsby> HypeCheer
[2022-12-11 05:43:27] VIEWERS: 23
[2022-12-11 05:44:24] <@%LanaWoolsby> They knees weak arms spaghetti
[2022-12-11 05:44:47] <@%LanaWoolsby> …I want spaghetti now…but laying down is nice
[2022-12-11 05:45:15] <@%LanaWoolsby> Meat sauce yeah
[2022-12-11 05:45:27] VIEWERS: 21
[2022-12-11 05:46:01] <TechyOracle> Oh I haven't had spaghetti and meatballs in so long
[2022-12-11 05:46:39] <@%LanaWoolsby> Mmm the taste of yummy spaghetti or the warmth of my bed
[2022-12-11 05:47:28] VIEWERS: 21
[2022-12-11 05:47:38] <@%LanaWoolsby> The panicked no’s lol
[2022-12-11 05:49:28] VIEWERS: 21
[2022-12-11 05:50:05] <@^Nightbot> Want Dad to read Chapter 16.5 of Sword Art Online? Help Midori reach her Kofi Goal: https://ko-fi.com/midorichimi
[2022-12-11 05:51:28] VIEWERS: 20
[2022-12-11 05:52:08] <lautyarglas> kittyf20Pray dad can do this
[2022-12-11 05:52:24] [Points] madi_the_maid redeemed Dadjoke (500)
[2022-12-11 05:52:39] <@%LanaWoolsby> !dadjoke
[2022-12-11 05:52:40] <@^Nightbot> The best time on a clock is 6:30--hands down.
[2022-12-11 05:52:50] <axshhhh92> Hiiiii
[2022-12-11 05:53:06] <$madi_the_maid> HI DAD
[2022-12-11 05:53:16] [Points] TechyOracle redeemed Dadjoke (500)
[2022-12-11 05:53:19] <$madi_the_maid> I look forward to it to!
[2022-12-11 05:53:23] <@%LanaWoolsby> Oh gosh I can’t look at the car it’s too fast
[2022-12-11 05:53:28] VIEWERS: 20
[2022-12-11 05:53:44] <@%LanaWoolsby> !hug @madi_the_maid
[2022-12-11 05:53:44] <@^Nightbot> LanaWoolsby has hugged madi_the_maid, how cute!
[2022-12-11 05:53:47] <$madi_the_maid> !hug @LanaWoolsby
[2022-12-11 05:54:35] <AkameOda> Good, Spooky. Cars are for suckas! hazvsThink
[2022-12-11 05:55:10] <$madi_the_maid> !lurk
[2022-12-11 05:55:10] <@^Nightbot> Thank you for the lurk madi_the_maid! Rest well and we'll see you next time.
[2022-12-11 05:55:28] VIEWERS: 20
[2022-12-11 05:56:33] <@+hitsujiVT> oof
[2022-12-11 05:57:28] VIEWERS: 20
[2022-12-11 05:58:32] <+capsGirl90> why does it feel like 3 am?
[2022-12-11 05:58:41] <@%LanaWoolsby> Mood
[2022-12-11 05:59:12] <+capsGirl90> I'm on EST.
[2022-12-11 05:59:28] VIEWERS: 21
[2022-12-11 06:00:12] <@^Nightbot> Want Dad to read Chapter 16.5 of Sword Art Online? Help Midori reach her Kofi Goal: https://ko-fi.com/midorichimi
[2022-12-11 06:01:28] VIEWERS: 21
[2022-12-11 06:03:28] VIEWERS: 20
[2022-12-11 06:05:28] VIEWERS: 18
[2022-12-11 06:06:04] <%$littleshyfox_> hi dad bestda4Wave horaccWiggle
[2022-12-11 06:06:18] [Raid] 9 raiders from CharityCh have joined!
[2022-12-11 06:06:19] <Bluemiser_> bleedPurple Void Raid bleedPurple
[2022-12-11 06:06:22] <CharityCh> charit31Raid Void Raid! charit31Raid
[2022-12-11 06:06:25] <Schoo_Schoo> charit31Raid Void Raid!  charit31Raid
[2022-12-11 06:06:38] <Felin157> charit31Raid   Void Raid!  charit31Raid
[2022-12-11 06:06:41] <%$littleshyfox_> I'm doing good. gotten some stuff I've needed and happy with it! and now I'm sketching around horaccWiggle
[2022-12-11 06:06:44] <CharityCh> Hi Dad!
[2022-12-11 06:06:44] <Schoo_Schoo> Hi Dad it's been a while
[2022-12-11 06:06:51] <%$littleshyfox_> welcome raiders bestda4Wave
[2022-12-11 06:07:05] <~%BestDadTuber> !so CharityCh
[2022-12-11 06:07:05] <@^Nightbot> NO WAY IS THAT CharityCh FROM twitch.tv/CharityCh?!?!?! THEY WERE PLAYING Just Chatting
[2022-12-11 06:07:22] <CharityCh> I did my PNG model reveal today! Then we played some games. (I forgot to change the category! LOL)
[2022-12-11 06:07:28] VIEWERS: 18
[2022-12-11 06:08:03] <CharityCh> I believe in you! You got this Dad!
[2022-12-11 06:09:28] Viewerstats (05:41-06:09): avg:20 min:18 max:23 [15/23+0−2+0+0−1+0+0+0+1+0−1−2+0+5]
[2022-12-11 06:09:28] VIEWERS: 23
[2022-12-11 06:09:51] <%$littleshyfox_> horaccWiggle
[2022-12-11 06:10:04] <@^Nightbot> Want Dad to read Chapter 16.5 of Sword Art Online? Help Midori reach her Kofi Goal: https://ko-fi.com/midorichimi
[2022-12-11 06:10:35] <Schoo_Schoo> charit31Heart charit31Heart
[2022-12-11 06:10:40] <%$littleshyfox_> I'll come back later
[2022-12-11 06:10:45] <%$littleshyfox_> gonna sketch
[2022-12-11 06:11:28] VIEWERS: 23
[2022-12-11 06:12:39] <rootbeergeorge> Hey Guys this is TheRumbler with a new alter ego
[2022-12-11 06:12:53] [Points] rootbeergeorge redeemed Sound Alert: OWEN WILSON  WOW (50)
[2022-12-11 06:13:11] <rootbeergeorge> Nothing much like my username
[2022-12-11 06:13:14] <rootbeergeorge> and wtf LUL
[2022-12-11 06:13:26] <rootbeergeorge> like my new username*
[2022-12-11 06:13:28] VIEWERS: 23
[2022-12-11 06:13:41] [Points] rootbeergeorge redeemed Sound Alert: OWEN WILSON  WOW (50)
[2022-12-11 06:14:48] <rootbeergeorge> !lurk
[2022-12-11 06:14:49] <@^Nightbot> Thank you for the lurk rootbeergeorge! Rest well and we'll see you next time.
[2022-12-11 06:15:33] VIEWERS: 22
[2022-12-11 06:17:33] VIEWERS: 22
[2022-12-11 06:19:38] VIEWERS: 23
[2022-12-11 06:20:32] <lautyarglas> sadge
[2022-12-11 06:21:43] VIEWERS: 23
[2022-12-11 06:23:16] <n4n4v1> hi dad!
[2022-12-11 06:23:24] <lautyarglas> dad got hit ohnooo
[2022-12-11 06:23:43] VIEWERS: 23
[2022-12-11 06:23:56] <n4n4v1> aerial barrel roll
[2022-12-11 06:24:32] <n4n4v1> ye
[2022-12-11 06:25:43] VIEWERS: 24
[2022-12-11 06:26:19] <n4n4v1> this game looks fun tho
[2022-12-11 06:27:32] <n4n4v1> dumb luck is better than skills it seems
[2022-12-11 06:27:43] VIEWERS: 24
[2022-12-11 06:27:54] <revenantak47> sup, friend and I are going Hotwheels hunting either tomorrow or Monday
[2022-12-11 06:28:12] <n4n4v1> CHOKE
[2022-12-11 06:28:31] <n4n4v1> lmao
[2022-12-11 06:29:43] VIEWERS: 25
[2022-12-11 06:30:06] <@^Nightbot> Want Dad to read Chapter 16.5 of Sword Art Online? Help Midori reach her Kofi Goal: https://ko-fi.com/midorichimi
[2022-12-11 06:31:48] VIEWERS: 25
[2022-12-11 06:32:25] [Points] LanaWoolsby redeemed Stretch! (150)
[2022-12-11 06:33:48] VIEWERS: 19
[2022-12-11 06:35:48] VIEWERS: 19
[2022-12-11 06:36:47] <lautyarglas> yeah dad go fight SwiftRage
[2022-12-11 06:37:48] VIEWERS: 21
[2022-12-11 06:39:48] Viewerstats (06:11-06:39): avg:22 min:19 max:25 [15/23+0−1+0+1+0+0+1+0+1+0−6+0+2+0]
[2022-12-11 06:39:48] VIEWERS: 21
[2022-12-11 06:41:23] <@%LanaWoolsby> Parkour master
[2022-12-11 06:41:44] <CharityCh> I have no idea what's going on, but I'm having fun!
[2022-12-11 06:41:48] VIEWERS: 21
[2022-12-11 06:42:31] <yuki_jadereaperwolf> hi dad
[2022-12-11 06:42:55] <yuki_jadereaperwolf> I'm ok
[2022-12-11 06:43:20] <lautyarglas> always they attack dad
[2022-12-11 06:43:21] <yuki_jadereaperwolf> I'm eating food.
[2022-12-11 06:43:24] <lautyarglas> madge
[2022-12-11 06:43:48] VIEWERS: 21
[2022-12-11 06:44:16] <yuki_jadereaperwolf> I'm eating because I did something 18+ . there might be underage ppl here.
[2022-12-11 06:44:42] <yuki_jadereaperwolf> it makes me hungry. but now I'm all giddy and my pain doesn't exist
[2022-12-11 06:45:36] [Points] LunarGabriel redeemed Hydrate? (250)
[2022-12-11 06:45:40] [Points] LunarGabriel redeemed Stretch! (150)
[2022-12-11 06:45:48] VIEWERS: 22
[2022-12-11 06:45:52] <@%LanaWoolsby> Dad do ya have a strategy for victory?
[2022-12-11 06:45:52] <lautyarglas> the laser is crazy damage
[2022-12-11 06:46:04] <LunarGabriel> I'm doing good, just chilling currently
[2022-12-11 06:47:18] <yuki_jadereaperwolf> I like dad's streams
[2022-12-11 06:47:22] <yuki_jadereaperwolf> they are very comfy
[2022-12-11 06:47:48] VIEWERS: 22
[2022-12-11 06:47:51] <yuki_jadereaperwolf> I sowwy!!!!
[2022-12-11 06:47:52] <@%LanaWoolsby> comfy Wholesome vibes
[2022-12-11 06:48:00] <lautyarglas> oh my god spooky is winning everything
[2022-12-11 06:49:48] VIEWERS: 23
[2022-12-11 06:50:04] <@^Nightbot> Want Dad to read Chapter 16.5 of Sword Art Online? Help Midori reach her Kofi Goal: https://ko-fi.com/midorichimi
[2022-12-11 06:51:48] VIEWERS: 23
[2022-12-11 06:53:48] VIEWERS: 21
[2022-12-11 06:55:48] VIEWERS: 21
[2022-12-11 06:57:48] VIEWERS: 21
[2022-12-11 06:59:48] VIEWERS: 22
[2022-12-11 07:01:52] VIEWERS: 23
[2022-12-11 07:03:33] <lautyarglas> thanks dad
[2022-12-11 07:03:39] <lautyarglas> thanks for the stream
[2022-12-11 07:03:44] <lautyarglas> see you on monday
[2022-12-11 07:03:48] <lautyarglas> take caree
[2022-12-11 07:03:53] VIEWERS: 23
[2022-12-11 07:05:53] VIEWERS: 23
[2022-12-11 07:06:18] ~Stream offline~
[2022-12-11 07:09:09] [Info] This room is now in emote-only mode.
[2022-12-11 07:09:09] [Info] This room is now in subscribers-only mode.
[2022-12-11 07:09:53] Viewerstats (06:41-07:03): avg:21 min:21 max:23 [12/21+0+1+0+1+0−2+0+0+1+1+0_]
[2022-12-11 19:33:15] Disconnected
[2022-12-11 19:33:15] Attempting to reconnect in 1 seconds.. (1/∞)
[2022-12-11 19:33:16] Connecting to
[2022-12-11 19:34:02] Joining #bestdadtuber..
[2022-12-11 19:34:02] You have joined #bestdadtuber
