# Log started: 2022-12-18 22:37:19 +0100
[2022-12-18 22:37:19] ~!DROPS WINTON WEDNESDAY !guide (Overwatch 2)~
[2022-12-18 22:37:19] Joining #bogur..
[2022-12-18 22:37:20] You have joined #bogur
[2022-12-18 22:37:20] VIEWERS: 144
[2022-12-18 22:37:53] <%メイシーちゃん (macycqt)> ctrl
[2022-12-18 22:37:58] <@%saphirablue_> crouch
[2022-12-18 22:38:01] <@%saphirablue_> while ga
[2022-12-18 22:38:20] <%SlushiiPls> ome
[2022-12-18 22:38:25] <%SlushiiPls> hhahaha
[2022-12-18 22:38:26] <@%saphirablue_> you dont have to look up ml7LMAO it charges the longer you crouch in GA
[2022-12-18 22:38:38] <@%saphirablue_> it just yeets you up ml7LMAO
[2022-12-18 22:39:02] VIEWERS: 134
[2022-12-18 22:39:10] <%メイシーちゃん (macycqt)> you dont need to look up when you super jump
[2022-12-18 22:39:53] <%MegaMoi_> killfeed says envy seagull
[2022-12-18 22:40:02] <%orcpa1adin> !clip
[2022-12-18 22:40:03] <%SlushiiPls> OMEGALUL
[2022-12-18 22:40:05] <@^Nightbot> https://clips.twitch.tv/PiliableSpikyMomYouWHY-jDpitVD5uq74BHDu
[2022-12-18 22:40:05] <thespinbot> Pog
[2022-12-18 22:40:06] <%MegaMoi_> damn
[2022-12-18 22:40:19] <%SlushiiPls> 100% wr mercy only
[2022-12-18 22:40:20] <%SlushiiPls> based
[2022-12-18 22:40:38] <@%saphirablue_> unranked to gm Mercy only when? ml7LMAO
[2022-12-18 22:40:58] <%marodas2> pistol only
[2022-12-18 22:41:03] VIEWERS: 134
[2022-12-18 22:41:03] <%marodas2> LULW
[2022-12-18 22:42:00] <%marodas2> dont ruin bogur's W peepoSad
[2022-12-18 22:42:14] <HitterOfQuans> wow
[2022-12-18 22:42:28] <%MegaMoi_> more final blows than skiesti
[2022-12-18 22:42:30] <%MegaMoi_> gr
[2022-12-18 22:42:40] <%magicvariable74> Sue
[2022-12-18 22:42:49] <HitterOfQuans> do you just play heroes that arent necessarily good, is that your thing
[2022-12-18 22:42:57] <%MegaMoi_> lol
[2022-12-18 22:43:01] [Points] Roguko redeemed Story Time (2 000)
[2022-12-18 22:43:03] VIEWERS: 134
[2022-12-18 22:43:06] <@%saphirablue_> you could ask mL as your lawyer to help you with a lawsuit Keepo
[2022-12-18 22:43:38] <%marodas2> Lucio
[2022-12-18 22:43:40] <Roguko> doomfist
[2022-12-18 22:43:42] <%MegaMoi_> lucio
[2022-12-18 22:43:42] <%marodas2> insta
[2022-12-18 22:43:45] <%magicvariable74> The hamster
[2022-12-18 22:43:47] <captainloneliness> mercy
[2022-12-18 22:43:58] <%MegaMoi_> goalkeeper
[2022-12-18 22:44:27] <%magicvariable74> The Lucio ball hero
[2022-12-18 22:45:04] VIEWERS: 134
[2022-12-18 22:45:54] <%katmosk> who decided to make a bed on wheels holy shit
[2022-12-18 22:46:00] <%katmosk> i got so seasick on land
[2022-12-18 22:46:32] <%katmosk> bogur i gotta be honest as a controller player i mentally clipped u for getting one headshot
[2022-12-18 22:47:05] VIEWERS: 125
[2022-12-18 22:47:23] <%orcpa1adin> this song is my ringtone and i got confused who's calling me this late
[2022-12-18 22:47:28] <%orcpa1adin> ty bogur KEKW
[2022-12-18 22:48:59] <%SlushiiPls> im always impressed by how well u can socialize with other people, since most cc´s are the most boring people ever OMEGALUL
[2022-12-18 22:49:06] VIEWERS: 125
[2022-12-18 22:49:07] <%MegaMoi_> i remember our rankbusters team playing qp with bogur
[2022-12-18 22:49:13] <%MegaMoi_> he was on his main role playing vs plats
[2022-12-18 22:49:27] <%MegaMoi_> nah
[2022-12-18 22:49:29] <%MegaMoi_> 💀
[2022-12-18 22:49:44] <%MegaMoi_> tank player on heroes that recquire aim and mechanical skill
[2022-12-18 22:49:46] <%MegaMoi_> gr
[2022-12-18 22:49:59] <%katmosk> u hate him cuz u aint him
[2022-12-18 22:50:05] <anubisdeth> kiriko requires skill copium
[2022-12-18 22:50:12] <%katmosk> bogur the goat on the widow hanzo
[2022-12-18 22:50:20] <%katmosk> rugob hanzo acc 💪💪
[2022-12-18 22:50:25] <%MegaMoi_> kat you message me 25 times per day
[2022-12-18 22:50:29] <%MegaMoi_> youre still my biggest fan
[2022-12-18 22:50:44] <%katmosk> somewhat
[2022-12-18 22:51:09] VIEWERS: 131
[2022-12-18 22:52:01] <%MegaMoi_> AlienPls
[2022-12-18 22:52:04] <%MegaMoi_> AlienPls3
[2022-12-18 22:52:07] <%MegaMoi_> alien
[2022-12-18 22:52:47] <%katmosk> alienalienalien
[2022-12-18 22:52:56] <%katmosk> fuck idk the names
[2022-12-18 22:53:10] VIEWERS: 131
[2022-12-18 22:53:29] <%MegaMoi_> joel
[2022-12-18 22:53:33] <%katmosk> bogur playing like a playteseter
[2022-12-18 22:53:42] <anubisdeth> monkaGIGAftRobertDowneyJr
[2022-12-18 22:53:53] <%katmosk> MusicMakeYouLoseControl
[2022-12-18 22:54:07] <@%saphirablue_> welcome to support KEKW
[2022-12-18 22:54:24] <!%penkuinek> im still up if yall need 5 stack
[2022-12-18 22:54:27] <!%penkuinek> just sayin
[2022-12-18 22:54:28] <!%penkuinek> necoDanceFast
[2022-12-18 22:54:31] <%katmosk> ^^^^^^
[2022-12-18 22:54:32] <%katmosk> vouch
[2022-12-18 22:54:34] <%MegaMoi_> get in line
[2022-12-18 22:54:39] <%katmosk> ZAMNN
[2022-12-18 22:54:48] <!%penkuinek> @MegaMoi_ vips are priority
[2022-12-18 22:54:55] <%MegaMoi_> who are you?
[2022-12-18 22:54:56] <!%penkuinek> sorry 🥱
[2022-12-18 22:54:58] <%katmosk> rankbusters get triple priority
[2022-12-18 22:55:09] <!%penkuinek> doesnt even know the regulars
[2022-12-18 22:55:11] VIEWERS: 131
[2022-12-18 22:55:11] <@%saphirablue_> ml7LMAO
[2022-12-18 22:55:12] <Drillusionn> hog needs to buffed
[2022-12-18 22:55:13] <%MegaMoi_> kat is right
[2022-12-18 22:55:22] <%katmosk> the only thing you bust penk
[2022-12-18 22:55:24] <%MegaMoi_> how many views does your most viewed clip have penk?
[2022-12-18 22:55:32] <Drillusionn> nerf winston
[2022-12-18 22:55:33] <!%penkuinek> idk
[2022-12-18 22:55:37] <!%penkuinek> I use the !clip command
[2022-12-18 22:55:45] <anubisdeth> GoodTake
[2022-12-18 22:55:47] <%MegaMoi_> my qp wr against seagull is positive btw
[2022-12-18 22:55:48] <@%saphirablue_> boggWinton
[2022-12-18 22:55:50] <!%penkuinek> I dont do stuff msyelf I use others to do that for me
[2022-12-18 22:55:55] <%MegaMoi_> i can keep up
[2022-12-18 22:56:02] <!%penkuinek> @MegaMoi_ ok maybe youre better
[2022-12-18 22:56:16] <%MegaMoi_> i killed kabaji with a torb hammer once
[2022-12-18 22:56:26] <%katmosk> i diffed bogur on brig
[2022-12-18 22:56:44] <!%penkuinek> based
[2022-12-18 22:56:56] <%katmosk> its from a time far gone
[2022-12-18 22:56:59] <%MegaMoi_> i won with a team that bogur couldnt win with
[2022-12-18 22:57:01] <@%saphirablue_> I played qp with Bogur when he leveled an account and we got into noobhunter cause Bogur rolled off the map after I rezzed him EZ guess I win Keepo
[2022-12-18 22:57:01] <%katmosk> an age long past
[2022-12-18 22:57:11] VIEWERS: 134
[2022-12-18 22:57:14] <!%penkuinek> I have positive winrate against necros but that was lieka year ago so he was washed already
[2022-12-18 22:57:14] <%+Samurai_Bat> gotta bust out the J Silly
[2022-12-18 22:57:19] <%+Samurai_Bat> YEEEEEEAAAH BUDDY
[2022-12-18 22:57:21] <%katmosk> saphira cleared us wtf
[2022-12-18 22:57:40] <%katmosk> hes editing on sym wtf goated streamer
[2022-12-18 22:57:41] <@%saphirablue_> EZ
[2022-12-18 22:57:41] <@^Nightbot> EZ Clap
[2022-12-18 22:57:43] <%SlushiiPls> u are not editing a video
[2022-12-18 22:57:56] <%MegaMoi_> I AM EDITING A VIDEO
[2022-12-18 22:58:12] <@%saphirablue_> Bogur still editing ml7LMAO
[2022-12-18 22:58:14] <%katmosk> lose lose situation
[2022-12-18 22:58:17] <%katmosk> that guy was right
[2022-12-18 22:58:24] <%MegaMoi_> ALIENALIENALIENALIENALIEN ALIENALIENALIENALIENALIEN ALIENALIENALIENALIENALIEN ALIENALIENALIENALIENALIEN ALIENALIENALIENALIENALIEN ALIENALIENALIENALIENALIEN ALIENALIENALIENALIENALIEN ALIENALIENALIENALIENALIEN ALIENALIENALIENALIENALIEN ALIENALIENALIENALIENALIEN ALIENALIENALIENALIENALIEN ALIENALIENALIENALIENALIEN ALIENALIENALIENALIENALIEN
[2022-12-18 22:58:29] <!%penkuinek> mikuJAM mikuJAM mikuJAM mikuJAM mikuJAM mikuJAM
[2022-12-18 22:58:32] <%katmosk> chat how many of you are held hostage by bogur?
[2022-12-18 22:58:41] <%MegaMoi_> not me (lie.)
[2022-12-18 22:58:43] <Mariabileth> me
[2022-12-18 22:59:02] <%MegaMoi_> bogur
[2022-12-18 22:59:05] <%MegaMoi_> the sound is fucked
[2022-12-18 22:59:06] <!%penkuinek> nice flick with taht tp
[2022-12-18 22:59:12] VIEWERS: 134
[2022-12-18 22:59:17] <!%penkuinek> sound all g
[2022-12-18 22:59:28] <%katmosk> i think the sound balancer should be the one speaking penk
[2022-12-18 22:59:34] <%katmosk> audio engineer for spotify
[2022-12-18 22:59:49] <%manu_lij> hello gamers boggHi
[2022-12-18 22:59:58] <%MegaMoi_> how about you balance my balls in yo mouth
[2022-12-18 23:00:00] <!%penkuinek> necoDanceFast <- me ignoring the haters
[2022-12-18 23:00:07] <%MegaMoi_> ThisIsFine
[2022-12-18 23:00:09] <%MegaMoi_> THIS
[2022-12-18 23:00:11] <%MegaMoi_> fuck
[2022-12-18 23:00:12] <%katmosk> HERE
[2022-12-18 23:00:21] <@^Nightbot> https://www.youtube.com/c/Bogur
[2022-12-18 23:00:29] <%katmosk> @penkuinek unfortunately a W
[2022-12-18 23:01:05] <%katmosk> paid enemy tema?
[2022-12-18 23:01:12] <%ffqveen> monkeySpin
[2022-12-18 23:01:12] VIEWERS: 128
[2022-12-18 23:01:15] <@^Nightbot> join bogur discord to find out his secret to being so handsome https://discord.gg/HxPvnZB !
[2022-12-18 23:01:28] <%MegaMoi_> bogur tried to use sym shield
[2022-12-18 23:01:55] <%katmosk> bro thinks hes in sym 2012
[2022-12-18 23:03:13] VIEWERS: 128
[2022-12-18 23:03:31] <!%penkuinek> bogur makes the best take eever asked to permamently join plat chat
[2022-12-18 23:03:48] <%+Samurai_Bat> co-winston-dence?
[2022-12-18 23:04:48] <%MegaMoi_> i didnt hate it
[2022-12-18 23:04:53] <@%saphirablue_> Horizon, Winton home widepeepoHappy
[2022-12-18 23:04:56] <%katmosk> the low gravity section was sooo coool
[2022-12-18 23:05:14] VIEWERS: 124
[2022-12-18 23:05:16] <%katmosk> also isnt it strange how all my clips are on 2cp
[2022-12-18 23:05:25] <%katmosk> like all my rein plays are anubis volskaya on repeat
[2022-12-18 23:06:16] <veenlijk> waitaminute thats not winton
[2022-12-18 23:07:15] VIEWERS: 114
[2022-12-18 23:08:38] <%SlushiiPls> genji should get nerfed tbh
[2022-12-18 23:09:15] Viewerstats (22:39-23:09): avg:128 min:114 max:134 [16/134+0+0+0−9+0+6+0+0+3+0−6+0−4−10+0]
[2022-12-18 23:09:15] VIEWERS: 114
[2022-12-18 23:09:33] <%SlushiiPls> diff
[2022-12-18 23:10:07] <%SlushiiPls> diff
[2022-12-18 23:10:21] <!%penkuinek> no wonder they so trash
[2022-12-18 23:10:43] <veenlijk> easy 5k
[2022-12-18 23:11:16] VIEWERS: 114
[2022-12-18 23:12:12] <%SlushiiPls> mf sweatin balls
[2022-12-18 23:12:33] <%SlushiiPls> BatChest the funnys
[2022-12-18 23:12:51] <%MegaMoi_> NA streamers are like the cheerleaders in a teen movie
[2022-12-18 23:12:58] <%MegaMoi_> you want to impress thewm
[2022-12-18 23:13:00] <%MegaMoi_> them*
[2022-12-18 23:13:07] <%SlushiiPls> flats griefed u, report him
[2022-12-18 23:13:16] VIEWERS: 133
[2022-12-18 23:13:17] <%MegaMoi_> rarely
[2022-12-18 23:13:17] <veenlijk> there is no cheer in eu
[2022-12-18 23:13:21] <%MegaMoi_> mostly NA
[2022-12-18 23:13:27] <!%penkuinek> but is it like popular in NA also
[2022-12-18 23:13:28] <%MegaMoi_> you can find cheerleaders in EU
[2022-12-18 23:14:16] <veenlijk> j silly wants to know your location
[2022-12-18 23:14:41] <veenlijk> if you vc moira will come find you
[2022-12-18 23:14:46] <!%penkuinek> me when my account ablance is stopping me from getting a $200 watch
[2022-12-18 23:14:47] <!%penkuinek> Sadge
[2022-12-18 23:15:08] <%SlushiiPls> i hate this game
[2022-12-18 23:15:08] <%katmosk> those hoes are poorphobic
[2022-12-18 23:15:16] VIEWERS: 136
[2022-12-18 23:15:21] <veenlijk> he headshot your tire
[2022-12-18 23:15:22] <%katmosk> whats the watch
[2022-12-18 23:15:38] <!%penkuinek> @katmosk epic watch
[2022-12-18 23:15:41] <!%penkuinek> very cool
[2022-12-18 23:16:00] <%katmosk> whats the WATCH
[2022-12-18 23:16:07] <%katmosk> 😤😤😤😤
[2022-12-18 23:16:28] <!%penkuinek> idk man Im not trying to get invested since i cant afford it anyways
[2022-12-18 23:16:58] <veenlijk> WATCHareyoudoin with deez nuts in your mouth?
[2022-12-18 23:16:59] <%katmosk> get ur money up not your funny up 🦁- the pope francis
[2022-12-18 23:17:10] <%katmosk> @veenlijk reall *gargle gargle*
[2022-12-18 23:17:13] BAN: veenlijk (1s)
[2022-12-18 23:17:17] VIEWERS: 136
[2022-12-18 23:17:28] <!%penkuinek> did yall know I invented the deez nuts joke
[2022-12-18 23:17:31] <!%penkuinek> and joking in general
[2022-12-18 23:17:37] <%katmosk> ewww seagull smells like updog
[2022-12-18 23:17:48] <%CockMeow> winton overwatch 2
[2022-12-18 23:17:52] <%CockMeow> boggCat
[2022-12-18 23:17:55] <%katmosk> NOTHING MUCH
[2022-12-18 23:17:59] <%katmosk> boggDuck
[2022-12-18 23:17:59] <!%penkuinek> tall dog
[2022-12-18 23:18:10] <%katmosk> boggWinton hahahahah a classic
[2022-12-18 23:18:16] <%CockMeow> @penkuinek elisSpin
[2022-12-18 23:18:23] <@%saphirablue_> I might be too old for "deez nuts" jokes or maybe cause I listened to the band Deez Nuts for long enough to not see anything other than a band name in it KEKW
[2022-12-18 23:18:40] <%orcpa1adin> ye there is
[2022-12-18 23:18:42] <@%saphirablue_> yep
[2022-12-18 23:18:52] <!%penkuinek> thats quite obvious
[2022-12-18 23:18:57] <!%penkuinek> who woudlnt want to naem theire band liek taht
[2022-12-18 23:19:11] <%MegaMoi_> flats smells like "has been bothering you lately" haha
[2022-12-18 23:19:19] VIEWERS: 136
[2022-12-18 23:19:23] <@%saphirablue_> I once overcame an anxiety attack at their concert :D
[2022-12-18 23:19:31] <@%saphirablue_> oh you only heard the start of the song kabajiLmao
[2022-12-18 23:19:34] <%katmosk> what "has been bothering you lately"
[2022-12-18 23:19:56] <@%saphirablue_> I don't know, they were named that ages ago already ml7LMAO
[2022-12-18 23:20:33] <veenlijk> monke
[2022-12-18 23:20:57] <%MegaMoi_> is this song by deez nuts?
[2022-12-18 23:20:57] <@^Nightbot> N OMEGALUL
[2022-12-18 23:21:19] VIEWERS: 133
[2022-12-18 23:21:47] <%katmosk> 5 dolar BatChest
[2022-12-18 23:22:03] <!%penkuinek> i shall gosleep now
[2022-12-18 23:22:13] <%katmosk> its 2:22am
[2022-12-18 23:22:18] <%katmosk> goodnight penk
[2022-12-18 23:22:28] <%katmosk> dont let the voices bite
[2022-12-18 23:22:36] <!%penkuinek> dumbass its 11:22
[2022-12-18 23:22:39] <%MegaMoi_> me when bogur isnt the irrelevant one in the group POGGIES
[2022-12-18 23:22:50] <%katmosk> fame
[2022-12-18 23:22:53] <%katmosk> fortune
[2022-12-18 23:23:01] <veenlijk> cassidees are some fun team mates?
[2022-12-18 23:23:20] VIEWERS: 135
[2022-12-18 23:23:44] <!%penkuinek> bro like xqc
[2022-12-18 23:23:47] <!%penkuinek> losing his money
[2022-12-18 23:23:48] <!%penkuinek> gambling
[2022-12-18 23:24:11] <%katmosk> its like 1 dollar to us is 10 million to elon musk
[2022-12-18 23:24:27] <!%penkuinek> me when ginger root
[2022-12-18 23:24:27] <%katmosk> 5$ to bogur is 1/8 of his total wealth
[2022-12-18 23:24:28] <!%penkuinek> :))
[2022-12-18 23:24:39] <!%penkuinek> not going sleep
[2022-12-18 23:24:39] <%PoisonThrills> Bogur bet the house.
[2022-12-18 23:24:39] <!%penkuinek> nvm
[2022-12-18 23:25:02] <%MegaMoi_> every stream is a vibin stream when megamoi_ is in chat
[2022-12-18 23:25:21] VIEWERS: 139
[2022-12-18 23:25:38] <veenlijk> catJAMPARTY
[2022-12-18 23:25:54] <%katmosk> wideVibe
[2022-12-18 23:26:01] <%katmosk> this is like a rela stream yk
[2022-12-18 23:26:19] <vladamsandler> LuL
[2022-12-18 23:27:21] VIEWERS: 139
[2022-12-18 23:28:24] <veenlijk> Yep
[2022-12-18 23:29:06] <!%penkuinek> miku after dark???
[2022-12-18 23:29:09] <!%penkuinek> (banger)
[2022-12-18 23:29:11] <%MegaMoi_> its dark at 4pm by now TrollDespair
[2022-12-18 23:29:13] <!%penkuinek> MikuPls
[2022-12-18 23:29:21] VIEWERS: 139
[2022-12-18 23:29:38] <!%penkuinek> me when no asako toki
[2022-12-18 23:29:46] <!%penkuinek> 9shes the grooviest vibiest and coziest realfr)
[2022-12-18 23:29:53] <!%penkuinek> necoDanceFast
[2022-12-18 23:29:55] <%MegaMoi_> penk always talks too much weeb for my liking
[2022-12-18 23:30:05] <%rik_ko> winton!
[2022-12-18 23:30:11] <!%penkuinek> mute me mgamoi please
[2022-12-18 23:30:28] <%MegaMoi_> true
[2022-12-18 23:30:33] <!%penkuinek> real
[2022-12-18 23:30:41] <%MegaMoi_> how?
[2022-12-18 23:31:09] <!%penkuinek> kaneko ayano asako toki haru nemuri
[2022-12-18 23:31:20] <%katmosk> @penkuinek weaboo
[2022-12-18 23:31:21] VIEWERS: 139
[2022-12-18 23:31:27] <!%penkuinek> hatsune miku MikuPls
[2022-12-18 23:31:35] <%ffqveen> MikuPls
[2022-12-18 23:31:46] <!%penkuinek> also yuri tanaka
[2022-12-18 23:32:00] <%katmosk> i am yuri tanaka
[2022-12-18 23:32:19] <%katmosk> imagine if someone was called lesbian geoffery or something
[2022-12-18 23:32:25] <!%penkuinek> L
[2022-12-18 23:32:25] <%MegaMoi_> honestly
[2022-12-18 23:32:26] <veenlijk> kill confirmed!
[2022-12-18 23:32:27] <!%penkuinek> L
[2022-12-18 23:32:27] <%MegaMoi_> L
[2022-12-18 23:32:27] <!%penkuinek> L
[2022-12-18 23:32:28] <!%penkuinek> L
[2022-12-18 23:32:28] <%+Samurai_Bat> LMFAO
[2022-12-18 23:32:29] <%rik_ko> L
[2022-12-18 23:32:37] <!%penkuinek> !clip
[2022-12-18 23:32:39] <@^Nightbot> https://clips.twitch.tv/HeartlessArtsyDugongItsBoshyTime-MwEPApPDLpgkSkQY
[2022-12-18 23:32:43] <%katmosk> @penkuinek unpaid employee
[2022-12-18 23:33:01] <!%penkuinek> too real
[2022-12-18 23:33:04] <!%penkuinek> he will pay me one day
[2022-12-18 23:33:07] <!%penkuinek> ( Clueless )
[2022-12-18 23:33:18] <%katmosk> minimum wage is only fair
[2022-12-18 23:33:21] VIEWERS: 149
[2022-12-18 23:33:26] <%katmosk> the value we provide is endless
[2022-12-18 23:33:28] <!%penkuinek> bro minimum wage? that would be like
[2022-12-18 23:33:31] <!%penkuinek> trice my savings
[2022-12-18 23:33:40] <%katmosk> richest man
[2022-12-18 23:34:17] <!%penkuinek> stand on teh bookshelves
[2022-12-18 23:34:18] <!%penkuinek> do funny
[2022-12-18 23:34:51] <!%penkuinek> thank god megamoi is quiet
[2022-12-18 23:34:53] <!%penkuinek> Prayge
[2022-12-18 23:35:09] <@^Nightbot> join bogur discord to find out his secret to being so handsome https://discord.gg/HxPvnZB !
[2022-12-18 23:35:11] <!%penkuinek> ok nvm xqcnotL bogur
[2022-12-18 23:35:11] <@^Nightbot> yeah you better ok
[2022-12-18 23:35:13] <%MegaMoi_> people always aim at the crown
[2022-12-18 23:35:22] VIEWERS: 149
[2022-12-18 23:35:26] <%MegaMoi_> they all want it
[2022-12-18 23:35:36] <%katmosk> i just squirmed
[2022-12-18 23:35:52] <%katmosk> idk what that means
[2022-12-18 23:36:04] <%katmosk> megaWoi
[2022-12-18 23:36:27] <%katmosk> fr what they dont see bogur flipping his chat off
[2022-12-18 23:36:30] <%MegaMoi_> youre confusing me
[2022-12-18 23:36:41] <%katmosk> i am perplexing
[2022-12-18 23:36:42] <!%penkuinek> "real"
[2022-12-18 23:36:42] <+gambaaaaa> when you coming out with junk tip video
[2022-12-18 23:36:44] <!%penkuinek> said the necoDanceFast
[2022-12-18 23:36:53] <%katmosk> i never say real
[2022-12-18 23:36:56] <%katmosk> i always say based
[2022-12-18 23:37:03] <!%penkuinek> bogur did stop thinking Im talking about you only
[2022-12-18 23:37:23] VIEWERS: 149
[2022-12-18 23:37:38] <!%penkuinek> this is me playing with bogur
[2022-12-18 23:37:40] <!%penkuinek> and then he goes like
[2022-12-18 23:37:41] <%katmosk> @gambaaaaa 3 seconds its scheduled for 2:38am
[2022-12-18 23:37:44] <!%penkuinek> why is our junk throwing
[2022-12-18 23:38:02] <@%saphirablue_> I posted an older Deez Nuts song in music channel :D they've been around for a while ml7LMAO
[2022-12-18 23:38:13] <%MegaMoi_> penk is RPing in his own head
[2022-12-18 23:38:16] <!%penkuinek> me when read all my messages before giving an opinion
[2022-12-18 23:38:25] <+gambaaaaa> @gambaaaaa Pog
[2022-12-18 23:38:29] <+gambaaaaa> thanks
[2022-12-18 23:38:39] <%katmosk> guys whats sthe color of wood?
[2022-12-18 23:38:47] <%katmosk> i cant imagine it split into colors
[2022-12-18 23:38:49] <!%penkuinek> L
[2022-12-18 23:38:49] <!%penkuinek> L
[2022-12-18 23:38:49] <!%penkuinek> LL
[2022-12-18 23:38:49] <%rik_ko> OMEGALUL
[2022-12-18 23:38:54] <meowmeow800> boggCozy
[2022-12-18 23:39:23] Viewerstats (23:11-23:39): avg:137 min:114 max:149 [15/114+19+3+0+0−3+2+4+0+0+0+10+0+0−7]
[2022-12-18 23:39:23] VIEWERS: 142
[2022-12-18 23:39:34] <%katmosk> guys brown is green + red or orange + blue
[2022-12-18 23:39:46] <!%penkuinek> why dont you google it yourslef
[2022-12-18 23:39:50] <%katmosk> i did
[2022-12-18 23:39:54] <%katmosk> im relaying it to you guys
[2022-12-18 23:40:03] <!%penkuinek> id kI thought its black + white
[2022-12-18 23:40:05] <%katmosk> cuz i always heard brown is just dark orange and the color is not real but that is false
[2022-12-18 23:40:09] <%rik_ko> @katmosk thank you for letting me know
[2022-12-18 23:40:29] <%MegaMoi_> i know green red
[2022-12-18 23:40:33] <%katmosk> if u ever decide to do art remember me 🥹
[2022-12-18 23:40:36] <%MegaMoi_> idk about orange blue
[2022-12-18 23:40:50] <%katmosk> its 2 primary colors mixed + 1
[2022-12-18 23:41:07] <%MegaMoi_> just get brown color
[2022-12-18 23:41:09] <%MegaMoi_> easy
[2022-12-18 23:41:12] <%katmosk> i think it dried by now im gonna start again
[2022-12-18 23:41:23] VIEWERS: 145
[2022-12-18 23:41:47] <%marodas2> JUNK <3
[2022-12-18 23:41:58] <%SlushiiPls> gr
[2022-12-18 23:42:14] <!%penkuinek> "L" said the bogur
[2022-12-18 23:42:23] <%marodas2> literally feeding
[2022-12-18 23:42:23] <!%penkuinek> Clueless
[2022-12-18 23:42:23] <%marodas2> boo
[2022-12-18 23:42:49] <%marodas2> CEO of WINTON
[2022-12-18 23:42:52] <!%penkuinek> ME WHEN LAMP
[2022-12-18 23:42:54] <!%penkuinek> Bedge
[2022-12-18 23:42:56] <!%penkuinek> (so cozy)
[2022-12-18 23:43:23] VIEWERS: 145
[2022-12-18 23:43:42] <%SlushiiPls> u actualy baited me with the "guys" "guys" man fuck you
[2022-12-18 23:43:44] <!%penkuinek> wait so youre a celebirty
[2022-12-18 23:43:45] <!%penkuinek> OMEGALUL
[2022-12-18 23:43:47] <%rik_ko> based
[2022-12-18 23:43:54] <%+lindskitten> how's the strim
[2022-12-18 23:44:06] <!%penkuinek> only 4 subs
[2022-12-18 23:44:08] <!%penkuinek> WHAT
[2022-12-18 23:44:09] <%+lindskitten> ikr
[2022-12-18 23:44:09] <!%penkuinek> NO
[2022-12-18 23:44:10] <%+ChrisTheRookey> Teach me the ways of vibing... Because I can't even play QP for my weeklies without slamming my desk twice per game. xD
[2022-12-18 23:44:10] <!%penkuinek> NOOO
[2022-12-18 23:44:15] <%+lindskitten> fuckin life ender
[2022-12-18 23:44:15] <%+ChrisTheRookey> Also boggHi
[2022-12-18 23:44:22] <%+ChrisTheRookey> Have been lurking for a while.
[2022-12-18 23:44:24] <%+lindskitten> boggWinton
[2022-12-18 23:44:24] <%MegaMoi_> its so bogur to pick favorites in chat
[2022-12-18 23:44:37] <Mantisindmist> that was a fun game i hope you liked that solo shatter
[2022-12-18 23:44:43] <%marodas2> @ChrisTheRookey problem solved, get stone desk so you will not slam anymore
[2022-12-18 23:44:45] <%+ChrisTheRookey> Aight. I'll get my VPN going and be your fifth person.
[2022-12-18 23:44:52] <!%penkuinek> what about bayonetta
[2022-12-18 23:44:54] <!%penkuinek> d ioyou hate her too
[2022-12-18 23:44:55] <%+lindskitten> rich Bulgarian streamer
[2022-12-18 23:44:58] <%+ChrisTheRookey> EZ
[2022-12-18 23:44:58] <@^Nightbot> EZ Clap
[2022-12-18 23:45:00] <%+lindskitten> he's gotta slum it sometimes
[2022-12-18 23:45:06] <!%penkuinek> worst mistajke
[2022-12-18 23:45:07] <!%penkuinek> play it now
[2022-12-18 23:45:13] <%SlushiiPls> OMEGALUL
[2022-12-18 23:45:18] <%rik_ko> OMEGALUL
[2022-12-18 23:45:23] <!%penkuinek> ok bet
[2022-12-18 23:45:23] <@^Nightbot> yeah you better ok
[2022-12-18 23:45:23] <%katmosk> kevin is gonna have a breakdown
[2022-12-18 23:45:24] VIEWERS: 145
[2022-12-18 23:45:27] <%katmosk> pr disaster bogur
[2022-12-18 23:45:32] <!%penkuinek> clipping for evidence
[2022-12-18 23:45:52] <%+lindskitten> flats sounds like he's having a blast
[2022-12-18 23:46:47] <%+lindskitten> pog
[2022-12-18 23:47:03] <!%penkuinek> na andys be like "ml who"
[2022-12-18 23:47:20] <%+ChrisTheRookey> !clip
[2022-12-18 23:47:22] <@^Nightbot> https://clips.twitch.tv/SweetBlazingGiraffeKippa-m1Ld5sMbtmfcfYof
[2022-12-18 23:47:25] VIEWERS: 145
[2022-12-18 23:47:31] <%+lindskitten> milliliters 7
[2022-12-18 23:47:43] <%rik_ko> is roadhog a support
[2022-12-18 23:47:43] <@^Nightbot> N OMEGALUL
[2022-12-18 23:47:51] <@%saphirablue_> ml7LMAO
[2022-12-18 23:47:56] <!%penkuinek> @rik_ko roadghog is brain debuff
[2022-12-18 23:48:23] <%+DapperSolem> i put stream on one monitor and a picture of winton on the other, i couldn’t tell the difference
[2022-12-18 23:48:34] <%rik_ko> thanks for letting me know
[2022-12-18 23:48:35] <%oldspicebodywash> soldier is my favorite healer
[2022-12-18 23:48:59] <@%saphirablue_> I once outhealed a Moira as Soldier ml7LMAO
[2022-12-18 23:49:00] <%oldspicebodywash> you just run around and press e
[2022-12-18 23:49:08] <%oldspicebodywash> lmao
[2022-12-18 23:49:26] VIEWERS: 140
[2022-12-18 23:49:59] <%orcpa1adin> what i personally find cool about mawaru penguindrum ost is that all songs by triple h are actually covers of old ass japanese rock band ARB from the 70s
[2022-12-18 23:50:11] <%+DapperSolem> my favourite healer is winton
[2022-12-18 23:50:14] <!%penkuinek> this is the boys come back to me
[2022-12-18 23:50:15] <!%penkuinek> right?
[2022-12-18 23:50:22] <%orcpa1adin> @penkuinek yes
[2022-12-18 23:50:42] <%+DapperSolem> my friend smacked my phone out my hand and the screen smashed. £60 repair and he refuses to pay for it 😐
[2022-12-18 23:50:52] <%orcpa1adin> the iconic "rock over japan" for example
[2022-12-18 23:50:55] <%rik_ko> that moira is living in a different dimension
[2022-12-18 23:50:56] <!%penkuinek> @DapperSolem worst friend
[2022-12-18 23:51:09] <%+DapperSolem> @penkuinek based
[2022-12-18 23:51:23] <@%saphirablue_> I hope they are not your friend anymore saphir20Mad
[2022-12-18 23:51:26] <%+DapperSolem> there are currently 3 crack lines going through bogurs face on my phone rn
[2022-12-18 23:51:26] VIEWERS: 140
[2022-12-18 23:51:40] <!%penkuinek> I love crack lines
[2022-12-18 23:51:55] <%+DapperSolem> @penkuinek i just realised oops
[2022-12-18 23:51:59] <%+DapperSolem> @saphirablue_ they’re not
[2022-12-18 23:52:34] <%+DapperSolem> i meant the lines where the screen has cracked LUL
[2022-12-18 23:52:51] <%+DapperSolem> his HP was stolen by bulgaria
[2022-12-18 23:53:28] VIEWERS: 133
[2022-12-18 23:53:33] <%rik_ko> I ship it
[2022-12-18 23:54:56] [Usernotice] lindskitten is gifting 2 Tier 1 Subs to bogur's community! They've gifted a total of 2 in the channel!
[2022-12-18 23:54:56] [Notification] lindskitten gifted a Tier 1 sub to GR8VE!
[2022-12-18 23:54:56] [Notification] lindskitten gifted a Tier 1 sub to IdontKEA47! IdontKEA47 has subscribed for 39 months!
[2022-12-18 23:54:59] <%rik_ko> boggPain
[2022-12-18 23:55:29] VIEWERS: 129
[2022-12-18 23:55:42] <!%penkuinek> bro flexed the d5 account
[2022-12-18 23:56:08] <@%saphirablue_> well, I go sleeeep boggCozy good night boggL
[2022-12-18 23:56:19] <%rik_ko> @saphirablue_ sleep well!
[2022-12-18 23:56:27] <%+DapperSolem> gnight @saphirablue_ !!
[2022-12-18 23:56:43] <%+GR8VE> @lindskitten Thanks for the gift sub!
[2022-12-18 23:56:49] <%lindskitten> np!
[2022-12-18 23:56:51] <%Themmaadi> Boguuuuu
[2022-12-18 23:56:56] <!%penkuinek> https://www.youtube.com/watch?v=a4gXrz8KZXo
[2022-12-18 23:56:58] <!%penkuinek> MikuPls
[2022-12-18 23:57:11] <%+GR8VE> good morning bogur
[2022-12-18 23:57:14] <@%saphirablue_> take my energy then ml7LMAO good night all :D
[2022-12-18 23:57:22] <%lindskitten> boggWinton
[2022-12-18 23:57:23] <%+DapperSolem> rest in peace stack
[2022-12-18 23:57:31] VIEWERS: 129
[2022-12-18 23:57:37] <%+GR8VE> !time
[2022-12-18 23:57:37] <@^zenB0T> The time in Bulgaria is currently 12:57AM
[2022-12-18 23:57:38] <%Themmaadi> Jus got here lesgoooo
[2022-12-18 23:57:46] <5am9am> ranked torture
[2022-12-18 23:57:49] <!%penkuinek> me?
[2022-12-18 23:58:08] <!%penkuinek> ok
[2022-12-18 23:58:08] <@^Nightbot> yeah you better ok
[2022-12-18 23:58:10] <!%penkuinek> fu
[2022-12-18 23:58:34] <%lindskitten> yeee I love svb
[2022-12-18 23:58:41] <%Themmaadi> some1 gifted me sub lesgoooo boggL
[2022-12-18 23:58:45] <%lindskitten> ah fair
[2022-12-18 23:58:55] <%Themmaadi> boggSus boggSus boggSus
[2022-12-18 23:59:06] <%lindskitten> I only play qp so I mean I wouldn't know
[2022-12-18 23:59:15] <%Themmaadi> Rank up babyyyy
[2022-12-18 23:59:32] VIEWERS: 146
[2022-12-18 23:59:33] <%+DapperSolem> they should make doom DPS again to swap him out for torb and then we can have a small tank because it would be funny
[2022-12-18 23:59:59] <%+DapperSolem> you would be an edituber EZ
