# Log started: 2022-12-27 00:29:29 +0100
[2022-12-27 00:29:29] ~Stream offline~
[2022-12-27 00:29:29] Joining #gingitv..
[2022-12-27 00:29:29] You have joined #gingitv
[2022-12-27 02:03:54] [Notification] big_beef subscribed with Prime.
[2022-12-27 06:09:16] [Notification] Tamnoth subscribed with Prime.
[2022-12-27 11:31:37] <+pogerhontas> !weakaura
[2022-12-27 11:31:41] <+pogerhontas> !wa
[2022-12-27 11:31:44] <+pogerhontas> !addon
[2022-12-27 12:27:51] <+Undeadpopcorn> !ui
[2022-12-27 12:27:51] <@^Moobot> @Undeadpopcorn The new UI for Dragonflight has now been released! WA's for all specs, dungeons & raids will be coming soon. All Subscribers can now download it: https://discord.gg/JZDJUAZ
[2022-12-27 12:35:17] [Notification] flibbers385 subscribed with Prime.
[2022-12-27 12:53:59] <Arkuna96> !ui
[2022-12-27 12:53:59] <@^Moobot> @Arkuna96 The new UI for Dragonflight has now been released! WA's for all specs, dungeons & raids will be coming soon. All Subscribers can now download it: https://discord.gg/JZDJUAZ
[2022-12-27 14:01:13] <kryp3t0n> !ui
[2022-12-27 14:01:13] <@^Moobot> @kryp3t0n The new UI for Dragonflight has now been released! WA's for all specs, dungeons & raids will be coming soon. All Subscribers can now download it: https://discord.gg/JZDJUAZ
[2022-12-27 14:01:35] [Notification] kryp3t0n subscribed at Tier 1. They've subscribed for 12 months!
[2022-12-27 16:02:08] [Notification] MrFrex subscribed at Tier 1.
[2022-12-27 21:49:19] [Notification] wowijepe subscribed at Tier 1.
[2022-12-27 23:02:57] <YoungPlebster> !ui
[2022-12-27 23:02:58] <@^Moobot> @YoungPlebster The new UI for Dragonflight has now been released! WA's for all specs, dungeons & raids will be coming soon. All Subscribers can now download it: https://discord.gg/JZDJUAZ
