# Log started: 2022-12-10 00:30:06 +0100
[2022-12-10 00:30:06] ~Stream offline~
[2022-12-10 00:30:06] Joining #mary..
[2022-12-10 00:30:06] You have joined #mary
[2022-12-10 00:35:57] <42louy> !yt
[2022-12-10 00:35:57] <@^Fossabot> https://www.youtube.com/@MaryGaming/videos | @42louy
[2022-12-10 01:34:15] <vitorhiro> !cam
[2022-12-10 01:34:16] <@^Fossabot> Logitech StreamCam | @vitorhiro
[2022-12-10 01:34:29] <vitorhiro> !socials
[2022-12-10 01:34:29] <@^Fossabot> Be sure to follow my other socials as well peepoBlush | Twitter: https://www.twitter.com/maryvalorant | Tiktok: https://www.tiktok.com/@realg2maryy | Instagram: https://www.instagram.com/maryvalorantt | Discord: https://discord.gg/basicallymary
[2022-12-10 01:34:51] <vitorhiro> !tiktok
[2022-12-10 01:34:51] <@^Fossabot> https://www.tiktok.com/@realg2maryy | @vitorhiro
[2022-12-10 02:43:57] <@%khalidbhr> i
[2022-12-10 02:45:40] <@%khalidbhr> will you marry me
[2022-12-10 02:47:32] <+iWinterSnow> !sens
[2022-12-10 02:47:32] <@^Fossabot> 0.17 1600 dpi | @iWinterSnow
[2022-12-10 04:04:56] <Felipej_22> !sens
[2022-12-10 04:04:56] <@^Fossabot> 0.17 1600 dpi | @Felipej_22
[2022-12-10 04:57:22] <mrcapibara55> !sens
[2022-12-10 04:57:23] <@^Fossabot> 0.17 1600 dpi | @mrcapibara55
[2022-12-10 04:57:55] <mrcapibara55> !sens
[2022-12-10 04:57:55] <@^Fossabot> 0.17 1600 dpi | @mrcapibara55
[2022-12-10 08:30:13] <vxsubi> !sens
[2022-12-10 08:30:13] <@^Fossabot> 0.17 1600 dpi | @vxsubi
[2022-12-10 08:30:26] <vxsubi> !res
[2022-12-10 08:30:26] <@^Fossabot> 1440x1080 | @vxsubi
[2022-12-10 08:40:06] <%teodoroo19> !res
[2022-12-10 08:40:06] <@^Fossabot> 1440x1080 | @teodoroo19
[2022-12-10 09:23:55] <erobbussy> maryPogOFF
[2022-12-10 09:24:09] <erobbussy> GIGAMARY
[2022-12-10 12:53:51] <skariss2kk> !spotify
[2022-12-10 12:53:52] <@^Fossabot> https://open.spotify.com/user/v9adt0x018kb2e100bln340ha?si=856d3933208444ac | @skariss2kk
[2022-12-10 13:56:30] <bronzplayer234> !crosshair
[2022-12-10 13:56:30] <@^Fossabot> 0;s;1;P;c;8;u;000000FF;h;0;b;1;f;0;0l;4;0v;3;0o;2;0a;1;0f;0;1b;0 | 1-4-2-0 (colour #000000)
[2022-12-10 13:56:56] <bronzplayer234> !res
[2022-12-10 13:56:56] <@^Fossabot> 1440x1080 | @bronzplayer234
[2022-12-10 16:03:41] <theuxxx154> !res
[2022-12-10 16:03:42] <@^Fossabot> 1440x1080 | @theuxxx154
[2022-12-10 16:22:40] <oogiee134> !sens
[2022-12-10 16:22:41] <@^Fossabot> 0.17 1600 dpi | @oogiee134
[2022-12-10 16:46:17] <2pexuzz> !res
[2022-12-10 16:46:17] <@^Fossabot> 1440x1080 | @2pexuzz
[2022-12-10 17:14:18] <+fawhna> !crosshair
[2022-12-10 17:14:18] <@^Fossabot> 0;s;1;P;c;8;u;000000FF;h;0;b;1;f;0;0l;4;0v;3;0o;2;0a;1;0f;0;1b;0 | 1-4-2-0 (colour #000000)
[2022-12-10 17:15:42] <akameit> !sens
[2022-12-10 17:15:43] <@^Fossabot> 0.17 1600 dpi | @akameit
[2022-12-10 17:18:54] <reaper_da> !discord
[2022-12-10 17:18:55] <@^Fossabot> https://discord.gg/basicallymary | @reaper_da
# Log started: 2022-12-10 18:54:01 +0100
[2022-12-10 18:54:01] ~Stream offline~
[2022-12-10 18:54:01] Joining #mary..
[2022-12-10 18:54:02] You have joined #mary
[2022-12-10 19:01:30] <fenyx____> !spotify
[2022-12-10 19:01:30] <@^Fossabot> https://open.spotify.com/user/v9adt0x018kb2e100bln340ha?si=856d3933208444ac | @fenyx____
[2022-12-10 19:18:02] <yur1of> !sens
[2022-12-10 19:18:02] <@^Fossabot> 0.17 1600 dpi | @yur1of
[2022-12-10 20:02:47] <faveyy_> !sens
[2022-12-10 20:02:47] <@^Fossabot> 0.17 1600 dpi | @faveyy_
[2022-12-10 20:12:34] <itsmarkysf> !sens
[2022-12-10 20:12:35] <@^Fossabot> 0.17 1600 dpi | @itsmarkysf
[2022-12-10 20:22:16] <slappy9999> !sens
[2022-12-10 20:22:16] <@^Fossabot> 0.17 1600 dpi | @slappy9999
[2022-12-10 20:58:55] [Notification] JJauho subscribed with Prime.
[2022-12-10 20:58:55] <@^Fossabot> JJauho just subscribed with Prime Gaming! PogChamp
[2022-12-10 21:13:12] <+izukafps> !snes
[2022-12-10 21:13:14] <+izukafps> !sens
[2022-12-10 21:13:14] <@^Fossabot> 0.17 1600 dpi | @izukafps
[2022-12-10 22:28:46] <xednrx> !sens
[2022-12-10 22:28:47] <@^Fossabot> 0.17 1600 dpi | @xednrx
[2022-12-10 22:28:48] <xednrx> !mira
[2022-12-10 22:28:56] <xednrx> !crosshair
[2022-12-10 22:28:56] <@^Fossabot> 0;s;1;P;c;8;u;000000FF;h;0;b;1;f;0;0l;4;0v;3;0o;2;0a;1;0f;0;1b;0 | 1-4-2-0 (colour #000000)
[2022-12-10 22:33:05] <khaled0829> !video
[2022-12-10 22:33:14] <khaled0829> !settings
[2022-12-10 22:33:14] <@^Fossabot> https://clips.twitch.tv/InexpensiveSlickGullJonCarnage-DksKB1VghEdHc8Xa | @khaled0829
[2022-12-10 23:17:24] <slappy9999> !sens
[2022-12-10 23:17:24] <@^Fossabot> 0.17 1600 dpi | @slappy9999
[2022-12-10 23:17:34] <slappy9999> !cross
[2022-12-10 23:19:06] <slappy9999> !crosshair
[2022-12-10 23:19:06] <@^Fossabot> 0;s;1;P;c;8;u;000000FF;h;0;b;1;f;0;0l;4;0v;3;0o;2;0a;1;0f;0;1b;0 | 1-4-2-0 (colour #000000)
[2022-12-10 23:25:32] <+sleeepingmatthi> !video
[2022-12-10 23:25:35] <+sleeepingmatthi> !res
[2022-12-10 23:25:35] <@^Fossabot> 1440x1080 | @sleeepingmatthi
