# Log started: 2022-12-25 00:02:45 +0100
[2022-12-25 00:02:45] <%Pandushe> UWU IN YU DA NA UWU
[2022-12-25 00:29:26] <%AkirameMiko> maybe i should actually watch that 2 hours long internet historian metal gear video
[2022-12-25 01:12:18] <%Orphir94> I am officially 28 offline chat FeelsBirthdayMan
[2022-12-25 01:13:30] <%Pandushe> 2 more and you join the boomer club
[2022-12-25 01:14:02] <%gadrus> congrats @Orphir94 FeelsBirth
[2022-12-25 01:14:06] <%AkirameMiko> boomer club = Deadge
[2022-12-25 01:14:27] <%Pandushe> its just back pain miko Madge
[2022-12-25 01:15:01] <%AkirameMiko> i was struggling with random back pains since i was in school
[2022-12-25 01:15:04] <%Orphir94> I shall make the most of my youth whilst it lasts BBoomer
[2022-12-25 01:15:10] <%AkirameMiko> and then one day i decided to check what that really was
[2022-12-25 01:15:14] <%AkirameMiko> and it was stomach pain all along
[2022-12-25 01:15:56] <%Pandushe> eh
[2022-12-25 01:16:02] <%Pandushe> my back was borked in the army
[2022-12-25 01:16:18] <%AkirameMiko> i'm just elaShrimp
[2022-12-25 01:16:43] <%AkirameMiko> i just thought it was back pain cause my whole chest was hurting from front to back
[2022-12-25 01:17:05] <%AkirameMiko> and it was that kinda numb pain
[2022-12-25 01:18:04] <@%^StreamElements> Twotter: twitter.com/elajjaz
[2022-12-25 01:18:11] <%Pandushe> but then you got checked out and it was nothing Clueless
[2022-12-25 01:19:04] <%AkirameMiko> must've been the wind BowTime akiramClueless
[2022-12-25 01:19:25] <%AkirameMiko> it was my stomack hurting apparently
[2022-12-25 01:19:41] <%AkirameMiko> i started taking medicine for it whenever it happens, and it worked like a charm
[2022-12-25 01:20:26] <%Pandushe> i had lots of back pain and everytime i went to the doctor
[2022-12-25 01:20:30] <%Pandushe> he was like
[2022-12-25 01:20:47] <%Pandushe> "eh this happens all the time, by the time we do xrays and stuff you'll be fine again and we wasted time for nothing"
[2022-12-25 01:21:32] <%Pandushe> i was like sure fine whatever
[2022-12-25 01:21:36] <%Pandushe> but it kept happening
[2022-12-25 01:21:53] <%Pandushe> so i insisted on getting checked more thoroughly
[2022-12-25 01:22:13] <%Pandushe> it was nothing just me overworking or w/e
[2022-12-25 01:22:42] <%AkirameMiko> 4Shrug better safe than sorry
[2022-12-25 01:23:39] <%Pandushe> only thing we found it is that my left leg is a bit taller than right leg, could be a contributing factor but the height difference is miniscule
[2022-12-25 01:24:36] <%AkirameMiko> you're literally forsenE irl FeelsStrongMan
[2022-12-25 01:24:47] <%Pandushe> Madge no
[2022-12-25 01:26:50] <%AkirameMiko> i pinched the nerves on my face once somehow, and couldn't move the right side of it almost at all
[2022-12-25 01:26:57] <%AkirameMiko> was probably looking like forsenE whenever i tried to smile PepeLaugg
[2022-12-25 01:27:16] <%Pandushe> wut moment
[2022-12-25 01:27:56] <%AkirameMiko> it wasn't bad
[2022-12-25 01:28:03] <%AkirameMiko> just pretty weird feeling
[2022-12-25 01:28:18] <%AkirameMiko> had to close my eyelid manually while going to sleep for example PepeLaugg
[2022-12-25 01:45:11] [Notification] hardmika subscribed with Prime. They've subscribed for 47 months!
[2022-12-25 01:46:19] <%gadrus> GIGACHAD offliner
[2022-12-25 03:09:50] <%ekahS_> GIGASOY
[2022-12-25 03:43:02] <%ekahS_> peepoPonderingLife is it time for next strim yet?
[2022-12-25 03:46:10] <%tuckcity211> peepoPonderingBeans
[2022-12-25 03:53:04] <%ekahS_> peepoPonderingEternity
[2022-12-25 03:55:26] <invadah> peepoPonderingEternity
[2022-12-25 04:15:07] <%ekahS_> PotFriend ge0
[2022-12-25 04:38:38] <%Thatsa_Bruh_Moment> pepeLost
[2022-12-25 04:46:36] <%ekahS_> pepeLost LETSFUCKINGPISS
[2022-12-25 05:16:50] <%+gladiathorl> pepeLost
[2022-12-25 05:38:28] <Grilled_Chicken_Salad_McD> peepoTired 󠀀
[2022-12-25 06:09:01] <%ekahS_> any bruhers? Bruhge
[2022-12-25 06:14:34] <%ekahS_> any anyers? modCheck
[2022-12-25 06:22:05] <%MiHato> Bruhge
[2022-12-25 06:33:55] <%tuckcity211> Bruhge
[2022-12-25 07:55:54] <%duskerzx> ellerjizz say he'll be on today?
[2022-12-25 07:57:19] <%tuckcity211> nah he'll be back Monday
[2022-12-25 08:02:29] <%ekahS_> peepoPonderingLife
[2022-12-25 08:03:20] <%ekahS_> he never streams on xmas, it's his brothers birthday IIRC
[2022-12-25 08:27:46] <%AwakenedGarou> Wokege
[2022-12-25 08:30:03] <%super_spyro> f alarm elaDespair
[2022-12-25 08:30:30] <%AwakenedGarou> NODDERS
[2022-12-25 08:30:32] <%AwakenedGarou> gm spyro pepeW
[2022-12-25 08:30:52] <%super_spyro> @awakenedgarou yeah gm elaDespair
[2022-12-25 08:32:24] <%super_spyro> hope our aa will handle with this
[2022-12-25 08:35:38] <Shepherd_6061> Wokege
[2022-12-25 08:37:05] <%taeyeon__ss> Merry Christmas cuties uhleeSitXMAS
[2022-12-25 08:37:23] <%AwakenedGarou> @taeyeon__ss dinkDonk peepoGift
[2022-12-25 08:38:03] <%taeyeon__ss> peepoGift monkASS thank you sir @AwakenedGarou
[2022-12-25 08:39:20] <%super_spyro> elaPain  again f trash jets from belarus elaPain
[2022-12-25 08:46:09] <DeviousBonkk> peepoSitHey morning
[2022-12-25 08:53:06] <Shepherd_6061> peepoSitHey
[2022-12-25 08:54:02] <%AwakenedGarou> peepoSit
[2022-12-25 08:54:18] <%Thatsa_Bruh_Moment> peepoSit
[2022-12-25 08:54:28] <%AwakenedGarou> Bruhge PETPET peepoGift
[2022-12-25 08:54:43] <%Thatsa_Bruh_Moment> garou peepoGiftR peepoGift
[2022-12-25 08:55:14] <%AwakenedGarou> Plotge he doesn't know it's banana pizza with strawberries
[2022-12-25 08:55:21] <%Thatsa_Bruh_Moment> I'm smadging because i missed my chance to get free games from Ela yesterday Smadge
[2022-12-25 08:55:31] <%AwakenedGarou> yeah FeelsMan
[2022-12-25 08:55:38] <%AwakenedGarou> never lucky I guess
[2022-12-25 08:55:46] <%Thatsa_Bruh_Moment> I thought he'd do it with santa game that i can't play so i went to sleep Smadge
[2022-12-25 08:56:05] <%Thatsa_Bruh_Moment> but he did it with marbles and i could actually join that Smadge
[2022-12-25 08:56:09] <%AwakenedGarou> how else can I get my hentai pussy collection
[2022-12-25 08:56:11] <%Thatsa_Bruh_Moment> but i didn't know Smadge
[2022-12-25 08:56:33] <%AwakenedGarou> just travel back in time smh ElaNOP
[2022-12-25 08:56:49] <%Thatsa_Bruh_Moment> true Okayge
[2022-12-25 08:56:57] <%Thatsa_Bruh_Moment> peepoVanish im going back
[2022-12-25 08:57:12] <%AwakenedGarou> Wokege
[2022-12-25 08:57:31] <%AwakenedGarou> the present is looking different already sussyBaka
[2022-12-25 08:57:59] <%AwakenedGarou> surely no one travel back in time and stepped on a butterfly
[2022-12-25 08:58:05] <@%^StreamElements> Twotter: twitter.com/elajjaz
[2022-12-25 08:59:27] <%Thatsa_Bruh_Moment> peepoSit now we wait for universe to collapse and reality as we know it cease to exist
[2022-12-25 08:59:36] <%AwakenedGarou> peepoPonderingEternity
[2022-12-25 09:36:31] <%super_spyro> elaPain
[2022-12-25 09:36:47] <%Isen__> Merry christams widepeepoHappy
[2022-12-25 09:37:02] <%super_spyro> yeah elaPain
[2022-12-25 09:52:22] <%AwakenedGarou> docArrive
[2022-12-25 09:52:45] <%AwakenedGarou> Cyclopsen 📣 PROSTAGMA ❓
[2022-12-25 09:52:47] <DeviousBonkk> ElaArrive
[2022-12-25 09:52:48] <%AwakenedGarou> docLeave
[2022-12-25 09:52:51] <DeviousBonkk> Cyclopsen malista
[2022-12-25 09:53:00] <DeviousBonkk> ElaLeave
[2022-12-25 09:53:03] <%AwakenedGarou> Cyclopsen Clap
[2022-12-25 09:59:26] <DeviousBonkk> Barolt GIGACHAD HOLY
[2022-12-25 09:59:44] <%AwakenedGarou> oh you witnessed another GIGACHAD PauseChamp
[2022-12-25 10:00:27] <DeviousBonkk> NODDERS
[2022-12-25 10:03:12] <%AwakenedGarou> I need new chapter now Madge
[2022-12-25 10:03:29] <DeviousBonkk> Is it once a week?
[2022-12-25 10:03:33] <%AwakenedGarou> yes
[2022-12-25 10:03:55] <%AwakenedGarou> new chapter in 2 days I believe
[2022-12-25 10:04:25] <DeviousBonkk> I still have a bunch to go through
[2022-12-25 10:04:59] <%AwakenedGarou> lucky one enjoying it for the first time peepoSit
[2022-12-25 10:05:33] <DeviousBonkk> Once a week is good, I read manga that comes out once in 6 months GivenUp
[2022-12-25 10:05:48] <DeviousBonkk> Yee it's very good FeelsGoodMan
[2022-12-25 10:06:09] <%Thatsa_Bruh_Moment> FeelsMan
[2022-12-25 10:06:16] <%AwakenedGarou> hey again bruh Stare
[2022-12-25 10:06:25] <%Thatsa_Bruh_Moment> FeelsMan hey
[2022-12-25 10:06:27] <DeviousBonkk> peepoSitHey Bruhge
[2022-12-25 10:06:38] <%AwakenedGarou> wanna have some manhwa recomendation ? Stare
[2022-12-25 10:06:40] <%Thatsa_Bruh_Moment> FeelsMan 👋
[2022-12-25 10:06:52] <%Thatsa_Bruh_Moment> what's that FeelsPepoMan
[2022-12-25 10:06:58] <%AwakenedGarou> korean manga
[2022-12-25 10:07:07] <%Thatsa_Bruh_Moment> FeelsPepoMan oh
[2022-12-25 10:07:10] <%Thatsa_Bruh_Moment> NOPERS
[2022-12-25 10:09:44] <%super_spyro> elaFeels
[2022-12-25 10:10:09] <DeviousBonkk> Solmi’s Channel is pretty good manhwa Clueless
[2022-12-25 10:10:45] <Tabby__Kitten> Satre
[2022-12-25 10:10:47] <Tabby__Kitten> Stare
[2022-12-25 10:10:50] <Tabby__Kitten> Sater
[2022-12-25 10:11:02] <%AwakenedGarou> hey boomerino peepoGift
[2022-12-25 10:11:09] <Tabby__Kitten> peepoGiftR
[2022-12-25 10:12:30] <%Grom_mash> is there a streamt oday
[2022-12-25 10:12:36] <%AwakenedGarou> ElaNOP
[2022-12-25 10:12:50] <%Grom_mash> Pog stream today
[2022-12-25 10:12:55] <%AwakenedGarou> today is ela`s brother birthday if I remember correctly
[2022-12-25 10:13:26] <DeviousBonkk> NODDERS no strim
[2022-12-25 10:13:29] <%Grom_mash> Birthday stream PogU
[2022-12-25 10:13:59] <%Grom_mash> hell yeah brother
[2022-12-25 10:14:53] <%AwakenedGarou> air alert over peepoSit
[2022-12-25 10:15:51] <DeviousBonkk> Chillin finally
[2022-12-25 10:16:40] <%Grom_mash> 2 exams tomorrow and im free
[2022-12-25 10:16:42] <%Grom_mash> HandsUp
[2022-12-25 10:16:53] <%Grom_mash> by this time tomorrow. I'll be free of shackles HandsUp
[2022-12-25 10:18:05] <@%^StreamElements> Twotter: twitter.com/elajjaz
[2022-12-25 10:19:39] <%AwakenedGarou> peepoSnowball
[2022-12-25 10:20:19] <%super_spyro> @AwakenedGarou peepoSnowball
[2022-12-25 10:20:27] <%AwakenedGarou> Libido MagicTime protego
[2022-12-25 10:20:31] <DeviousBonkk> pepeLost
[2022-12-25 10:21:42] <%Quifenadine> yo
[2022-12-25 10:22:17] <%AwakenedGarou> @Quifenadine peepoGift monkASS
[2022-12-25 10:22:29] <%Quifenadine> wtf
[2022-12-25 10:23:40] <%Grom_mash> @Quifenadine peepoSnowball
[2022-12-25 10:41:24] <%AwakenedGarou> peepoSit
[2022-12-25 10:42:14] <DeviousBonkk> Kivye's legs Kreygasm ghahgjdhfgdajs
[2022-12-25 10:42:22] <DeviousBonkk> peepoVanish
[2022-12-25 10:42:31] <%AwakenedGarou> Stare
[2022-12-25 10:42:50] <DeviousBonkk> :) hi
[2022-12-25 10:45:35] <@%^StreamElements> Wanna keep in touch with Ela and the community outside the streams? Join our discord https://discord.gg/qPP7VgANa9 it's open for everyone!
[2022-12-25 11:01:20] <%AwakenedGarou> modCheck
[2022-12-25 11:02:58] <DeviousBonkk> Lookege
[2022-12-25 11:06:10] <%Grom_mash> @AwakenedGarou @DeviousBonkk Stare
[2022-12-25 11:06:18] <%Grom_mash> lonely?
[2022-12-25 11:06:27] <DeviousBonkk> Smadge no
[2022-12-25 11:06:51] <%AwakenedGarou> @Grom_mash peepoSnowball
[2022-12-25 11:12:35] <%Grom_mash> docUnpleased
[2022-12-25 11:18:36] <zoibergOne> what the heck
[2022-12-25 11:18:57] <zoibergOne> oh nvm, arisExplainingHow just ended the stream
[2022-12-25 11:19:27] <%Grom_mash> @zoibergOne end THIS
[2022-12-25 11:20:41] <%Quifenadine> chat
[2022-12-25 11:20:42] <%Quifenadine> kiss me
[2022-12-25 11:21:02] <DeviousBonkk> catKISS
[2022-12-25 11:21:47] <%AwakenedGarou> @Quifenadine donkRun get your ass back here catKISS
[2022-12-25 11:22:33] <%Grom_mash> @Quifenadine Stare wat
[2022-12-25 11:22:37] <%Quifenadine> peepoSit
[2022-12-25 11:23:31] <%Grom_mash> i got 2 exams tomorrow. not really feeling christmas/new years tbh
[2022-12-25 11:23:33] <%Grom_mash> FeelsMan
[2022-12-25 11:24:55] <%Quifenadine> unlucky
[2022-12-25 11:31:35] <%Xaimou> haven't felt christmas/new years for years now
[2022-12-25 11:31:36] <%Xaimou> NODDERS
[2022-12-25 11:32:07] <%AwakenedGarou> @Xaimou peepoGift
[2022-12-25 11:41:54] <%super_spyro> yo today xmassu UWU
[2022-12-25 11:44:21] <%Xaimou> @AwakenedGarou peepoGiftR thanks
[2022-12-25 11:45:35] <@%^StreamElements> Wanna keep in touch with Ela and the community outside the streams? Join our discord https://discord.gg/qPP7VgANa9 it's open for everyone!
[2022-12-25 11:49:26] <%Thatsa_Bruh_Moment> Sadge
[2022-12-25 11:49:35] <%Pandushe> Bruhge
[2022-12-25 11:50:37] <%AwakenedGarou> 🐼 ge0
[2022-12-25 11:50:58] <%Pandushe> garou ge0
[2022-12-25 11:53:54] <%Grom_mash> peepoGift monkASS
[2022-12-25 11:57:22] <%Xaimou> monkASS peepoGiftR
[2022-12-25 12:10:44] <%AwakenedGarou> peepoSit
[2022-12-25 12:11:42] <AIterAce> merry xmas offline chat
[2022-12-25 12:11:48] <AIterAce> widepeepoHappy
[2022-12-25 12:11:53] <%AwakenedGarou> @aiterace peepoGift
[2022-12-25 12:15:57] <%Grom_mash> I guess people really are having christmas with their families?
[2022-12-25 12:16:04] <%Grom_mash> because chat is literally dead? HUH
[2022-12-25 12:19:02] <%super_spyro> @AwakenedGarou DinkDonk
[2022-12-25 12:19:12] <DeviousBonkk> I'm just Deadge
[2022-12-25 12:19:58] <%AwakenedGarou> Wokege
[2022-12-25 12:24:08] <%+Vulpiiii> Merry Christmas offliners SoCute <3
[2022-12-25 12:24:31] <DeviousBonkk> Merry Xmas SoCute
[2022-12-25 12:24:42] <%AwakenedGarou> @vulpiiii peepoGift
[2022-12-25 12:24:57] <%+Vulpiiii> @DeviousBonkk @AwakenedGarou SoCute peepoGiftR peepoGift
[2022-12-25 12:25:14] <DeviousBonkk> peepoGift peepoGiftR
[2022-12-25 12:25:33] <%+Vulpiiii> you get wat you guys wanted? peepoHappy
[2022-12-25 12:26:14] <%Pandushe> dont celebrate christmas here FeelsMan
[2022-12-25 12:26:40] <%Thatsa_Bruh_Moment> Vulpiiii FeelsMan /
[2022-12-25 12:27:48] <DeviousBonkk> no because you can't gift internal happiness and peace of mind pepeLost
[2022-12-25 12:28:22] <%+Vulpiiii> Sadge
[2022-12-25 12:28:27] <%Grom_mash> even if we did
[2022-12-25 12:28:27] <%+Vulpiiii> @Thatsa_Bruh_Moment FeelsMan /
[2022-12-25 12:28:30] <%Grom_mash> i wouldnt get a gift
[2022-12-25 12:28:38] <%Grom_mash> i havent received gift since i turned 20
[2022-12-25 12:28:40] <%Grom_mash> elaFeels
[2022-12-25 12:28:47] <DeviousBonkk> Sadge
[2022-12-25 12:29:28] <%Grom_mash> nobody has ever given me a gift except family
[2022-12-25 12:29:28] <%Grom_mash> elaFeels
[2022-12-25 12:29:31] <DeviousBonkk> same
[2022-12-25 12:30:02] <%+Vulpiiii> elaFeels
[2022-12-25 12:31:07] <%+Vulpiiii> best thing about christmas is the food peepoFat
[2022-12-25 12:35:52] <%Grom_mash> @Vulpiiii about life*
[2022-12-25 12:36:09] <%Grom_mash> there isnt much to live for if food wasnt tasty af
[2022-12-25 12:36:26] <%+Vulpiiii> monkaW
[2022-12-25 12:36:37] <%Grom_mash> animals eat to live, humans live to eat
[2022-12-25 12:36:40] <%Grom_mash> in my book
[2022-12-25 12:36:45] <%AwakenedGarou> Lookege
[2022-12-25 12:36:49] <%+Vulpiiii> you okie grom?
[2022-12-25 12:36:57] <%Grom_mash> in what wat
[2022-12-25 12:37:00] <%Grom_mash> way*
[2022-12-25 12:37:11] <%+Vulpiiii> in general, you seem abit down
[2022-12-25 12:37:25] <%Grom_mash> havent been up since 6th grade
[2022-12-25 12:37:37] <%+Vulpiiii> yikes
[2022-12-25 12:37:45] <%Grom_mash> one day maybe it'll be alright FeelsMan
[2022-12-25 12:38:00] <%+Vulpiiii> it will EZ
[2022-12-25 12:38:03] <%Grom_mash> only living for the future tbh
[2022-12-25 12:38:05] <%Thatsa_Bruh_Moment> Sadge
[2022-12-25 12:38:05] <@%^StreamElements> Twotter: twitter.com/elajjaz
[2022-12-25 12:38:10] <%Grom_mash> VIBE
[2022-12-25 12:45:10] <%+Vulpiiii> FeelsDankMan i found some witcher energy drinks
[2022-12-25 12:45:58] <%AwakenedGarou> how good are they ElaSip
[2022-12-25 12:47:13] <%+Vulpiiii> https://oshee.me/shop/oshee-the-witcher-energy-elixir-apple-kiwi-500ml/ << its not too bad
[2022-12-25 12:48:32] <%+Vulpiiii> ElaSip
[2022-12-25 13:04:59] <zoibergOne> i fucked my self so hard in Catherine NotLikeThis
[2022-12-25 13:05:12] <zoibergOne> i beat a boss but i wasted all of my continues
[2022-12-25 13:05:50] <zoibergOne> and now every time i die i have to watch a cutscene, go to menu, wait a loading screen or 2 and repeat the cycle
[2022-12-25 13:09:49] <%Grom_mash> @zoibergOne I'm the midnight of your soul
[2022-12-25 13:15:21] <%Pandushe> and i am the bone of my sword
[2022-12-25 13:16:03] <%super_spyro> elaFella yo I still have electricity elaWOW
[2022-12-25 13:16:28] <%super_spyro> time to beat boss in bg3
[2022-12-25 13:16:36] <%super_spyro> elaSlam
[2022-12-25 13:16:37] <%Grom_mash> is baldur good
[2022-12-25 13:16:51] <%Pandushe> just have electricity powder on hand Kapp
[2022-12-25 13:17:44] <%super_spyro> @pandushe elaWeird
[2022-12-25 13:18:00] <%Pandushe> what
[2022-12-25 13:18:06] <@%^StreamElements> Twotter: twitter.com/elajjaz
[2022-12-25 13:18:42] <%super_spyro> elaWeird nothing
[2022-12-25 13:18:45] <zoibergOne> damn, the goat lives still PauseChamp
[2022-12-25 13:20:28] <%super_spyro> @toxicburrito elaSlam
[2022-12-25 13:27:46] <%AwakenedGarou> peepoSit
[2022-12-25 13:27:49] <zoibergOne> Wokege
[2022-12-25 13:28:48] <%AwakenedGarou> Wokege
[2022-12-25 13:31:04] <DeviousBonkk> can they fuck off already elaSleeper
[2022-12-25 13:31:04] <%super_spyro> @AwakenedGarou DinkDonk alarm
[2022-12-25 13:31:19] <%Thatsa_Bruh_Moment> Sadge 󠀀
[2022-12-25 13:31:41] <%AwakenedGarou> ))))))) pepeW )))))))
[2022-12-25 13:32:25] <%super_spyro> https://alerts.in.ua/en whole Ukraine again
[2022-12-25 13:33:13] <%super_spyro> elaPain f orcs
[2022-12-25 13:33:32] <DeviousBonkk> stupid bitch ass jet sumSmash
[2022-12-25 13:49:10] <zoibergOne> its time JumpKing
[2022-12-25 13:49:13] <%Grom_mash> https://www.youtube.com/watch?v=6Ejga4kJUts
[2022-12-25 13:54:26] <%Grom_mash> I think I should get a border collie
[2022-12-25 13:54:28] <DaGaugl> yo chat, i tell you to enjoy life, i wish i could but its too late nymnOkay 👉 <3
[2022-12-25 13:55:01] <zoibergOne> suicide is never an option FeelsWeakMan
[2022-12-25 13:55:41] <DaGaugl> okay yeah that sounded weird, dw im not going to hurt myself FeelsOkayMan
[2022-12-25 13:56:35] <zoibergOne> you better monkaGun
[2022-12-25 13:59:41] <%Thatsa_Bruh_Moment> Sadge
[2022-12-25 14:01:09] <%Grom_mash> @DaGaugl get a border collie
[2022-12-25 14:05:51] <zoibergOne> what a bitch jump
[2022-12-25 14:05:58] <%AwakenedGarou> JumpKing
[2022-12-25 14:08:40] <%Grom_mash> @AwakenedGarou what are you falling from
[2022-12-25 14:09:12] <%AwakenedGarou> from THIS docUnpleased
[2022-12-25 14:11:01] <%Grom_mash> bruv
[2022-12-25 14:12:04] <zoibergOne> British
[2022-12-25 14:13:44] <zoibergOne> fucking
[2022-12-25 14:13:57] <zoibergOne> SILENCE
[2022-12-25 14:21:31] <zoibergOne> I am the Juggernaut bitch British
[2022-12-25 14:24:11] <zoibergOne> Yaaaaay
[2022-12-25 14:24:15] <zoibergOne> new PB widepeepoHappy
[2022-12-25 14:24:32] <zoibergOne> time to throw Pog
[2022-12-25 14:33:21] <%Thatsa_Bruh_Moment> Sadge i hate my life
[2022-12-25 14:33:48] <zoibergOne> there are better way to start a conversation you know
[2022-12-25 14:34:09] <%Thatsa_Bruh_Moment> Sadge im not trying to start a convo tho
[2022-12-25 14:34:15] <%Thatsa_Bruh_Moment> Sadge im just bitching
[2022-12-25 14:34:43] <zoibergOne> vent amogus
[2022-12-25 14:35:18] <%gadrus> yo chat ElaOkey
[2022-12-25 14:35:30] <%Thatsa_Bruh_Moment> yo Sadge
[2022-12-25 14:35:32] <zoibergOne> oi
[2022-12-25 14:35:40] <%Thatsa_Bruh_Moment> not feelsman today? elaISee
[2022-12-25 14:35:57] <%gadrus> no I have holidays FeelsGoodMan
[2022-12-25 14:36:23] <%AwakenedGarou> @gadrus peepoGift
[2022-12-25 14:37:27] <%gadrus> yep peepoGift
[2022-12-25 14:37:41] <%AwakenedGarou> peepoGiftR
[2022-12-25 14:37:44] <%gadrus> in about 10 more days I'll be back to FeelsMan
[2022-12-25 14:38:06] <@%^StreamElements> Twotter: twitter.com/elajjaz
[2022-12-25 14:39:46] <%super_spyro> 11k gold all kvest done NODDERS
[2022-12-25 14:40:02] <%super_spyro> i think im done with EA NODDERS
[2022-12-25 14:40:10] <%gadrus> hm what game
[2022-12-25 14:40:24] <%super_spyro> 122h not bad NODDERS BG3
[2022-12-25 14:40:42] <zoibergOne> he is playing nikke probably arisExplainingHow
[2022-12-25 14:43:57] <%Arthur_the_Saint> elaTired
[2022-12-25 14:45:36] <@%^StreamElements> Wanna keep in touch with Ela and the community outside the streams? Join our discord https://discord.gg/qPP7VgANa9 it's open for everyone!
[2022-12-25 14:47:20] <%+Honny782> !stream ? FeelsWeakMan
[2022-12-25 14:47:30] <%Thatsa_Bruh_Moment> NOPERS
[2022-12-25 14:48:04] <%Quifenadine> NOPERS go celebrate christmas
[2022-12-25 14:48:11] <%Arthur_the_Saint> Spiderman is such a stupid character, Jesus
[2022-12-25 14:48:19] <%Quifenadine> wtf why
[2022-12-25 14:48:34] <%Arthur_the_Saint> He is a... teenager
[2022-12-25 14:48:46] <%Arthur_the_Saint> elaWeird
[2022-12-25 14:48:51] <%Quifenadine> so?
[2022-12-25 14:48:52] <%Thatsa_Bruh_Moment> FeelsPepoMan so?
[2022-12-25 14:49:02] <zoibergOne> a smart teenager
[2022-12-25 14:49:27] <%Quifenadine> i dont understand bruh
[2022-12-25 14:49:34] <%Quifenadine> are you genuinaly saying "so?"
[2022-12-25 14:49:37] <%Quifenadine> or are you mocking me
[2022-12-25 14:49:39] <zoibergOne> isnt he like on the same lvl as Reed Richards?
[2022-12-25 14:49:53] <%Thatsa_Bruh_Moment> genuinaly FeelsPepoMan
[2022-12-25 14:50:01] <%Quifenadine> cool elaDank
[2022-12-25 14:50:06] <%Thatsa_Bruh_Moment> im not sure that's how it's spelt FeelsPepoMan
[2022-12-25 14:50:31] <%Thatsa_Bruh_Moment> it's genuinely DankNoted
[2022-12-25 14:51:28] <zoibergOne> nooooo, i am malding and failing jump i never faield before ELAING
[2022-12-25 14:59:08] <%gadrus> sounds like jump king alright PepeLaugg
[2022-12-25 14:59:15] <zoibergOne> it is
[2022-12-25 15:01:52] <zoibergOne> oh my god no, i reached water mechanics TrollDespair
[2022-12-25 15:15:21] <%Grom_mash> Ela's brother's birthday irl stream SoyPoint
[2022-12-25 15:17:47] <zoibergOne> cool
[2022-12-25 15:18:00] <fennecPls> hinyaaComfyy
[2022-12-25 15:18:09] <%Grom_mash> @zoibergOne what is cool
[2022-12-25 15:18:16] <%Grom_mash> @fennecPls peepoSnowball
[2022-12-25 15:19:10] <zoibergOne> this area fucking sucks man its even slower than the wind one ResidentSleeper
[2022-12-25 15:19:10] <fennecPls> @Grom_mash elisLove
[2022-12-25 15:20:08] <%marlonthefooxy> ALO' Merry Christmas peepoSitHey
[2022-12-25 15:20:21] <%Thatsa_Bruh_Moment> marlonthefooxy peepoSitHey
[2022-12-25 15:20:33] <%marlonthefooxy> peepoFat had so much food man
[2022-12-25 15:20:39] <fennecPls> hinyaaComfyy hopefully he will finish azkaban today
[2022-12-25 15:20:51] <%Thatsa_Bruh_Moment> no stream today NOPERS
[2022-12-25 15:21:14] <%Thatsa_Bruh_Moment> Ela's celebrating his brother's birthday Okayge
[2022-12-25 15:21:16] <%Grom_mash> @zoibergOne what you be playing
[2022-12-25 15:21:24] <zoibergOne> JumpKing
[2022-12-25 15:21:28] <%Grom_mash> @marlonthefooxy peepoSnowball what did you have
[2022-12-25 15:21:34] <fennecPls> @Thatsa_Bruh_Moment GivenUp oh yeah right
[2022-12-25 15:21:48] <%Grom_mash> @zoibergOne elaDespair dont think thats the game for christmas my man
[2022-12-25 15:21:54] <fennecPls> NOOOO
[2022-12-25 15:22:19] <zoibergOne> i think i am the final level PauseChamp
[2022-12-25 15:22:28] <%marlonthefooxy> @Grom_mash OMG.. it had so much stuff.. like SO MUCH' plus all the desserts! I literally don't know the english name for all the things elaW
[2022-12-25 15:22:43] <goodguy3> Merry Christmas Chat
[2022-12-25 15:22:45] <%marlonthefooxy> peepoFat but i'm stuff dood like hella stuff
[2022-12-25 15:23:54] <%marlonthefooxy> or that other word that i forgot the name..' idk just wake up ignore me elaW
[2022-12-25 15:24:13] <%marlonthefooxy> need some coffee brb pepeKaffe
[2022-12-25 15:25:39] <zoibergOne> i cant, my heart is too hyped for this SoCute
[2022-12-25 15:25:41] <%Grom_mash> @goodguy3 peepoSnowball
[2022-12-25 15:30:22] <%Nihrahk> peepoSnow
[2022-12-25 15:32:50] <invadah> merry crimbles chat peepoGift
[2022-12-25 15:33:48] <%$shevraar> peepoFat hello chat
[2022-12-25 15:35:20] <zoibergOne> fuck man i wanna beat JumpKing today
[2022-12-25 15:35:42] <%Thatsa_Bruh_Moment> which map are you doing? elaISee
[2022-12-25 15:35:53] <zoibergOne> new babe +
[2022-12-25 15:38:07] <%Grom_mash> chat
[2022-12-25 15:38:10] <%Grom_mash> is baldur's gate 3 good
[2022-12-25 15:38:21] <%Grom_mash> is it better than divinity mid sin 2?
[2022-12-25 15:38:50] <zoibergOne> not for you probably
[2022-12-25 15:39:05] <%Grom_mash> why
[2022-12-25 15:39:32] <zoibergOne> I dunno, ask yourself why you dont like the things you dont like
[2022-12-25 15:40:04] <%Grom_mash> how would i know about a game i never palyed
[2022-12-25 15:41:37] <zoibergOne> so play it 4Head
[2022-12-25 15:51:57] <%Thatsa_Bruh_Moment> chat is kinda Deadge today
[2022-12-25 15:52:07] <%Thatsa_Bruh_Moment> everyone is celebrating i guess FeelsMan
[2022-12-25 15:55:51] <%gadrus> playing games ElaOkey
[2022-12-25 15:56:03] <%gadrus> after I'll be joining family soon though FeelsMan
[2022-12-25 15:58:16] <cool_gandalf> PotFriend
[2022-12-25 15:58:30] <fennecPls> HarryPotFriend
[2022-12-25 15:59:08] <%poggoli> PauseChamp
[2022-12-25 15:59:11] <%Nihrahk> POTTERING
[2022-12-25 15:59:18] <cool_gandalf> PauseChamp 。。。
[2022-12-25 15:59:24] <GroMass_> PauseChamp
[2022-12-25 15:59:24] <%Thatsa_Bruh_Moment> PauseChamp . oO ( Clueless )
[2022-12-25 15:59:49] <fennecPls> PauseChamp stream anyways
[2022-12-25 16:00:15] <%Thatsa_Bruh_Moment> Aware
[2022-12-25 16:00:17] <%poggoli> FeelsMan
[2022-12-25 16:00:28] <Duazzet> No stream today? Sadge
[2022-12-25 16:00:30] <fennecPls> Aware
[2022-12-25 16:00:34] <cool_gandalf> FeelsBadMan
[2022-12-25 16:00:42] <zoibergOne> https://www.youtube.com/watch?v=qjWtysdOM9s Kreygasm
[2022-12-25 16:00:42] BAN: zoibergOne (60s), zoibergOne (60s), zoibergOne (60s), zoibergOne (60s)
[2022-12-25 16:01:14] <%Nihrahk> I guess we're late? pepegeThink
[2022-12-25 16:01:19] <%Airisregion> Smadge
[2022-12-25 16:01:33] <silenceinfinity> RIPBOZO
[2022-12-25 16:01:35] <YatoxXayah> did he say stream or no stream Hmm
[2022-12-25 16:01:48] <cool_gandalf> !tweet
[2022-12-25 16:01:55] <%Grom_mash> @YatoxXayah brother birthday innit
[2022-12-25 16:02:07] <%Nihrahk> !twitter
[2022-12-25 16:02:07] <@%^StreamElements> https://twitter.com/Elajjaz
[2022-12-25 16:02:07] <DeviousBonkk> It's his brother's birthday, he never streams on this day
[2022-12-25 16:02:15] <YatoxXayah> oh yeah i forgot
[2022-12-25 16:02:42] <%$EnterTheDragon1994> any modCheck strimer?
[2022-12-25 16:03:02] <%Nihrahk> Oh... No stream then
[2022-12-25 16:03:08] <GroMass_> FeelsBirthdayMan Clap
[2022-12-25 16:03:15] <%Quifenadine> FeelsBirth
[2022-12-25 16:03:26] <%Nihrahk> FeelsBirthdayMan Clap
[2022-12-25 16:03:42] <%+krugercsgo> wideVIBE
[2022-12-25 16:04:18] <%21theKlD> No stream today?
[2022-12-25 16:04:41] <DeviousBonkk> NOPERS
[2022-12-25 16:05:01] <%21theKlD> Sadge Back to VOD dungeon
[2022-12-25 16:09:35] <LowkyPocky> peepoFine  BeerTime
[2022-12-25 16:11:39] <Daxstyle> !tweet
[2022-12-25 16:13:25] <%Ilsenem> elaStare
[2022-12-25 16:15:28] <Asami85> imagine streaming
[2022-12-25 16:17:28] <%AwakenedGarou> Deadge
[2022-12-25 16:18:58] <%Thatsa_Bruh_Moment> Deadge
[2022-12-25 16:20:16] <zoibergOne> every god damn time i open quins stream there is a shit take NotLikeThis
[2022-12-25 16:20:17] <%fenniksss> chat
[2022-12-25 16:20:24] <zoibergOne> how does he do it
[2022-12-25 16:20:48] <%fenniksss> can someone @ me with saying "bruh you need to get better at garfield. you kinda embarace yourself"
[2022-12-25 16:20:53] <%fenniksss> i need it for a video
[2022-12-25 16:23:11] <zoibergOne> @fenniksss bruh you need to get better at garfield. you kinda embarace yourself ElaLoser
[2022-12-25 16:23:24] <%fenniksss> thank you!
[2022-12-25 16:23:30] <%fenniksss> i needed it for a vid
[2022-12-25 16:23:31] <%Thatsa_Bruh_Moment> embarace FeelsPepoMan
[2022-12-25 16:23:43] <%Quifenadine> wouldnt it be embarass ? Danki
[2022-12-25 16:23:54] <%Thatsa_Bruh_Moment> it's also double r i think Danki
[2022-12-25 16:24:00] <%Quifenadine> embarrass yeah
[2022-12-25 16:24:03] <%Quifenadine> Danki
[2022-12-25 16:24:04] <%fenniksss> oh
[2022-12-25 16:24:09] <%fenniksss> 3Head
[2022-12-25 16:24:14] <%gadrus> that typo is rather embarrassing PepeLaugg
[2022-12-25 16:24:15] <%Quifenadine> leave the embrace makes it dank
[2022-12-25 16:24:17] <%Quifenadine> FeelsDankMan
[2022-12-25 16:24:22] <%fenniksss> yee
[2022-12-25 16:24:29] <%Thatsa_Bruh_Moment> embarr monkASS
[2022-12-25 16:24:59] <%Quifenadine> TTours nice ASS bruh
[2022-12-25 16:25:33] <%AwakenedGarou> monkASS
[2022-12-25 16:25:35] <%gadrus> I just finished Control, was a pretty dank game elaOk
[2022-12-25 16:25:53] <%Quifenadine> do the dlc
[2022-12-25 16:26:08] <%Grom_mash> yee yee ass haircut
[2022-12-25 16:26:14] <%gadrus> which one
[2022-12-25 16:26:27] <%Quifenadine> all of them?
[2022-12-25 16:26:32] <%Quifenadine> idk
[2022-12-25 16:26:42] <%gadrus> I'll check it out but would have to buy it so LULW
[2022-12-25 16:26:49] <%Quifenadine> ah
[2022-12-25 16:27:04] <%Quifenadine> ive only played the game myself for a bit
[2022-12-25 16:27:15] <%Quifenadine> but the dlc are supposedly really good
[2022-12-25 16:27:17] <%gadrus> I got it free from epic POGGERS so no dlc other than the free one
[2022-12-25 16:27:59] <%gadrus> then again 6 euros for the dlcs so 4Shrug
[2022-12-25 16:28:46] <%gadrus> though supposedly one of the dlcs has the meme darkness mechanic
[2022-12-25 16:28:52] <%gadrus> which sounds annoying LULW
[2022-12-25 16:29:54] <%gadrus> I enjoyed all the hidden locations etc LULW randomly climbing on stuff and tada you get some free loot
[2022-12-25 16:30:01] <%super_spyro> @Thatsa_Bruh_Moment me mum still sick Sadge
[2022-12-25 16:30:32] <%Thatsa_Bruh_Moment> super_spyro Sadge im sorry to hear that
[2022-12-25 16:30:42] <%Thatsa_Bruh_Moment> Prayge hope she gets better soon
[2022-12-25 16:36:27] <%Quifenadine> gotta love a spicy kebab
[2022-12-25 16:38:40] <%super_spyro> peepoSad this xmass suck monkASS
[2022-12-25 16:38:48] <%Quifenadine> elaFeels
[2022-12-25 16:39:18] <%Pandushe> no, every xmas sucks, you're just present for this one
[2022-12-25 16:39:27] <%Quifenadine> wtf panda
[2022-12-25 16:39:46] <fennecPls> peepoGift monkASS
[2022-12-25 16:39:47] <%huppybara> sealArrive offliners catKISS peepoTired
[2022-12-25 16:40:00] <zoibergOne> thats some forsen take @Pandushe
[2022-12-25 16:40:07] <%Pandushe> LULE
[2022-12-25 16:40:14] <%Quifenadine> catKISS @huppybara UWU
[2022-12-25 16:40:31] <%huppybara> Merry christams dankHug
[2022-12-25 16:40:45] <%Quifenadine> christmas? whats that?
[2022-12-25 16:40:51] <zoibergOne> his pragmatic view on everything is so triggering sometimes
[2022-12-25 16:40:57] <%AwakenedGarou> @huppybara https://twitter.com/CAPYBARA_MAN/status/1606812643217506305?s=20&t=tZDfjv6Do-6kLAJfXSN4Kg
[2022-12-25 16:41:14] <%AwakenedGarou> peepoGift
[2022-12-25 16:41:14] <%Pandushe> hes just miserable man leave him alone
[2022-12-25 16:41:14] <%huppybara> Omg capy christmas
[2022-12-25 16:41:34] <%huppybara> peepoGiftR peepoGift <3
[2022-12-25 16:41:43] <%AwakenedGarou> peepoGiftR
[2022-12-25 16:42:17] <%Grom_mash> monkASS put there
[2022-12-25 16:43:02] <%Kevintaku> docArrive on time for Ela stream
[2022-12-25 16:43:12] <%AwakenedGarou> peepoGift monkASS
[2022-12-25 16:43:17] <fennecPls> @Kevintaku Clueless
[2022-12-25 16:43:35] <%Kevintaku> hope you offliners are having a merry christmas
[2022-12-25 16:43:58] <%Quifenadine> NOPERS
[2022-12-25 16:44:02] <DeviousBonkk> @AwakenedGarou I've caught up to the last chapter, now what pepeLost
[2022-12-25 16:45:09] <%Thatsa_Bruh_Moment> huppybara SoCute catKISS
[2022-12-25 16:45:27] <%AwakenedGarou> @DeviousBonkk now wait together with me pepeLost
[2022-12-25 16:45:36] <@%^StreamElements> Wanna keep in touch with Ela and the community outside the streams? Join our discord https://discord.gg/qPP7VgANa9 it's open for everyone!
[2022-12-25 16:45:40] <%huppybara> bruh catKISS peepoTired
[2022-12-25 16:46:06] <%AwakenedGarou> @DeviousBonkk did you like season end peepoSit ?
[2022-12-25 16:46:14] <%Thatsa_Bruh_Moment> is it also christmas in thighland today? elaISee
[2022-12-25 16:46:24] <DeviousBonkk> @AwakenedGarou NODDERS
[2022-12-25 16:46:29] <%huppybara> we don't celebrate it Smadge
[2022-12-25 16:46:39] <%Thatsa_Bruh_Moment> oh Danki
[2022-12-25 16:46:41] <%Quifenadine> GIGACHAD thighland
[2022-12-25 16:46:45] <%huppybara> we don't celebrate anything Smadge stoopid
[2022-12-25 16:47:01] <%AwakenedGarou> just celebrate it yourself GIGACHAD
[2022-12-25 16:47:08] <%Thatsa_Bruh_Moment> ours is Jan 7th but we don't really care here Danki it's all about new year's Danki
[2022-12-25 16:47:09] <%Quifenadine> why is it named thighland
[2022-12-25 16:47:18] <zoibergOne> HAHAAA
[2022-12-25 16:48:32] <%huppybara> yeah me and a friend usually buy each other stuff and go out for a nice meal elaCozy she's busy this year though
[2022-12-25 16:48:48] <%huppybara> because it's the land of thighs 5Head
[2022-12-25 16:48:58] <%Quifenadine> sounds fake
[2022-12-25 16:49:06] <%huppybara> ask bruh
[2022-12-25 16:49:09] <%Thatsa_Bruh_Moment> sounds cozy elaCozy
[2022-12-25 16:49:19] <%Quifenadine> bruh
[2022-12-25 16:49:20] <%Quifenadine> why is it thighland
[2022-12-25 16:49:33] <%Thatsa_Bruh_Moment> 4Shrug idk i don't live there
[2022-12-25 16:49:44] <%Quifenadine> but you call it thighland
[2022-12-25 16:49:46] <%huppybara> elaB just tell quif like I did
[2022-12-25 16:49:51] <%Thatsa_Bruh_Moment> why is it bangcock? elaISee
[2022-12-25 16:49:57] <%Quifenadine> idk
[2022-12-25 16:50:00] <%Quifenadine> do you know?
[2022-12-25 16:50:08] <zoibergOne> there used to be a place in Austria called Fucking, but it changed its name NOOOO
[2022-12-25 16:50:22] <%huppybara> whyyy NOOOO
[2022-12-25 16:51:14] <zoibergOne> A 2004 vote on changing the village's name failed.[3] "Everyone here knows what it means in English, but for us Fucking is Fucking—and it's going to stay Fucking" GIGACHAD
[2022-12-25 16:51:29] <%+thisisspartula> is there no livestream today?
[2022-12-25 16:51:36] <DeviousBonkk> NOPERS
[2022-12-25 16:51:37] <%Quifenadine> why did it stop being fucking then
[2022-12-25 16:52:16] <DeviousBonkk> "The council of Tarsdorf voted in their 17 November 2020 session to have the village's name officially changed to Fugging (pronounced the same as Fucking in the dialect spoken in the region), effective 1 January 2021.[4][27][28] A video by a Danish YouTuber, Albert Dyrlund, was reportedly stated as being the reason for the name change.[29][30] The following month, signs with the new name were vandalised to read "Fucking""
[2022-12-25 16:52:24] <DeviousBonkk> Chatting sorry
[2022-12-25 16:52:38] <%Quifenadine> so like
[2022-12-25 16:52:40] <%AwakenedGarou> Chateg
[2022-12-25 16:52:41] <%Quifenadine> no difference
[2022-12-25 16:52:42] <fennecPls> peepoChat
[2022-12-25 16:52:44] <%Quifenadine> fugging is still fugging
[2022-12-25 16:52:51] <zoibergOne> yeah
[2022-12-25 16:52:54] <%AwakenedGarou> fug :DDDDDDDDD
[2022-12-25 16:53:00] <%Quifenadine> :DDDDDDDDDDDDD perkele
[2022-12-25 16:53:04] <zoibergOne> SILENCE
[2022-12-25 16:53:38] <%AwakenedGarou> anyways goat is still alive? PauseSNIPER
[2022-12-25 16:53:55] <zoibergOne> YEP
[2022-12-25 16:54:43] <zoibergOne> charge your shit up Garou
[2022-12-25 16:55:01] <zoibergOne> tomorrow might be ery lit TrollDespair
[2022-12-25 16:55:33] <%AwakenedGarou> everyday can be missile attack so I always prepare myself 4Shrug
[2022-12-25 16:56:20] <DeviousBonkk> one of the Migs in Belarus caught fire ElaLoser
[2022-12-25 16:56:32] <zoibergOne> thats an L
[2022-12-25 16:56:41] <%AwakenedGarou> Clueless 👉 🚬
[2022-12-25 16:57:25] <DeviousBonkk> madsSmoke
[2022-12-25 16:58:06] <@%^StreamElements> Twotter: twitter.com/elajjaz
[2022-12-25 16:58:54] <%gadrus> ok chat imma go and do christmas stuff with family
[2022-12-25 16:58:59] <%gadrus> see ya pepeL
[2022-12-25 16:59:09] <%huppybara> have a good one dankHug
[2022-12-25 16:59:28] <zoibergOne> sex LocalSexHaver
[2022-12-25 16:59:36] <%Quifenadine> 🎄
[2022-12-25 17:00:28] <%huppybara> peepoTired 🎄
[2022-12-25 17:00:53] <%AwakenedGarou> HolidayTree Lookege
[2022-12-25 17:01:22] <%Grom_mash> goodnight
[2022-12-25 17:01:25] <%Grom_mash> ill be back tomrrow
[2022-12-25 17:01:30] <%Grom_mash> HandsUp
[2022-12-25 17:01:48] <fennecPls> HandsUp
[2022-12-25 17:02:18] <zoibergOne> DIESOFGRINCH Lookege you aight?
[2022-12-25 17:10:05] <%Vexon13> :|
[2022-12-25 17:12:15] <MagnumMeatScepter> is stream flushed? Stare
[2022-12-25 17:12:22] <%Quifenadine> yes
[2022-12-25 17:12:26] <MagnumMeatScepter> NOOOO
[2022-12-25 17:13:12] <%AwakenedGarou> Ela is a male man now working for Kojima no more streams kojimaYEP
[2022-12-25 17:14:04] <MagnumMeatScepter> i didnt want this stream anyway OMEGALULiguess
[2022-12-25 17:19:29] <%huppybara> modCheck
[2022-12-25 17:19:40] <%Quifenadine> monkaGun
[2022-12-25 17:19:48] <%huppybara> elaDevious
[2022-12-25 17:19:55] <%huppybara> it's hug time quif elaDevious donkRun
[2022-12-25 17:20:00] <%Quifenadine> peepoRun
[2022-12-25 17:20:03] <%AwakenedGarou> PepegaStealth ,,,,,,,,,, 🍴
[2022-12-25 17:20:04] <%Quifenadine> NOPERS
[2022-12-25 17:20:12] <%huppybara> wow okay I'll hug myself then FeelsWeakMan
[2022-12-25 17:20:17] <%huppybara> garou elaB
[2022-12-25 17:20:21] <%Quifenadine> ok fine
[2022-12-25 17:20:24] <%Thatsa_Bruh_Moment> i want a hug FeelsBadMan
[2022-12-25 17:20:24] <%AwakenedGarou> Clueless what
[2022-12-25 17:20:27] <%Quifenadine> dankHug @huppybara
[2022-12-25 17:20:31] <%Quifenadine> dankHug @Thatsa_Bruh_Moment
[2022-12-25 17:20:34] <%huppybara> dankHug group hug
[2022-12-25 17:20:38] <%AwakenedGarou> dankHug
[2022-12-25 17:20:46] <%super_spyro> @huppybara dankHug
[2022-12-25 17:20:53] <%Thatsa_Bruh_Moment> Quifenadine dankHug huppybara dankHug AwakenedGarou dankHug super_spyro dankHug
[2022-12-25 17:21:01] <%huppybara> dankHug <3
[2022-12-25 17:21:33] <%huppybara> FeelsMan
[2022-12-25 17:23:58] <%super_spyro> damn this site way cooler NODDERS
[2022-12-25 17:25:45] <%Quifenadine> SmokeTime
[2022-12-25 17:25:54] <DeviousBonkk> peepoFat
[2022-12-25 17:27:12] <%super_spyro> @Thatsa_Bruh_Moment cohhHug
[2022-12-25 17:28:41] <%AwakenedGarou> peepoSit 🎄
[2022-12-25 17:28:54] <%Pandushe> peepoSitGamer
[2022-12-25 17:29:02] <%super_spyro> @AwakenedGarou peepoSit
[2022-12-25 17:29:18] <%Thatsa_Bruh_Moment> super_spyro physic24H
[2022-12-25 17:29:25] <%AwakenedGarou> @super_spyro peepoSit
[2022-12-25 17:31:17] <%Quifenadine> stop gaming
[2022-12-25 17:31:20] <%Quifenadine> gaming is illegal
[2022-12-25 17:31:37] <%AwakenedGarou> NOIDONTTHINKSO
[2022-12-25 17:31:39] <%AwakenedGarou> GAMING
[2022-12-25 17:31:39] <%Pandushe> come and stop me
[2022-12-25 17:31:57] <%super_spyro> peepoSitGamer who wanna play varm 2
[2022-12-25 17:32:22] <%huppybara> peepoTired
[2022-12-25 17:32:27] <%super_spyro> FeelsOkayMan
[2022-12-25 17:32:37] <%AwakenedGarou> peepoTired PETPET
[2022-12-25 17:32:40] <%super_spyro> @huppybara wanna play with me widepeepoHappy
[2022-12-25 17:32:43] <%Pandushe> huppy in bed Chatting
[2022-12-25 17:32:56] <%Pandushe> go to sleep
[2022-12-25 17:32:58] <%huppybara> Naaaaw my tummy hurts peepoTired
[2022-12-25 17:33:05] <%huppybara> I can't sleep BabyRage
[2022-12-25 17:33:11] <%super_spyro> NOOOO
[2022-12-25 17:34:21] <%Pandushe> man why prices on everything keep going up Weirdge
[2022-12-25 17:34:57] <%Pandushe> trying to order food 15$ delivery, 60$ minimum order
[2022-12-25 17:34:59] <%Pandushe> like bro pls
[2022-12-25 17:35:57] <%huppybara> 60 minimum pepeW
[2022-12-25 17:38:06] <@%^StreamElements> Twotter: twitter.com/elajjaz
[2022-12-25 17:38:44] <%Quifenadine> its a fit price for you, oiler
[2022-12-25 17:38:50] <%Pandushe> no
[2022-12-25 17:39:13] <%Quifenadine> NO?
[2022-12-25 17:39:20] <%Quifenadine> FeelsBadMan sorry
[2022-12-25 17:39:27] <%Pandushe> no, cuz its like 3 meals atleast
[2022-12-25 17:39:32] <%Pandushe> wtf am i gonna with all that food
[2022-12-25 17:39:42] <%Quifenadine> buy a 60 dollar meal
[2022-12-25 17:39:50] <%Quifenadine> wagyu a5 steak or whatever
[2022-12-25 17:39:55] <%Pandushe> those suck bro
[2022-12-25 17:39:58] <%Quifenadine> they do?
[2022-12-25 17:40:00] <%Pandushe> well they dont have steak
[2022-12-25 17:40:02] <%Quifenadine> idk cuz im not an oiler
[2022-12-25 17:40:05] <%Pandushe> the meals, the steak no
[2022-12-25 17:40:17] <%Pandushe> i can eat steak without side dishes
[2022-12-25 17:40:21] <%Pandushe> just gimme
[2022-12-25 17:40:44] <%Quifenadine> damn bro
[2022-12-25 17:40:46] <%Quifenadine> you hungry
[2022-12-25 17:41:04] <%Pandushe> naw thats always the case
[2022-12-25 17:41:10] <%Pandushe> good steak doesnt need sides Madge
[2022-12-25 17:42:34] <%iSilent_> Merry Christmas offline frens peepoChat
[2022-12-25 17:42:47] <%AwakenedGarou> @iSilent_ peepoGift
[2022-12-25 17:42:52] <%Pandushe> merry christmas silent
[2022-12-25 17:43:12] <%iSilent_> AwakenedGarou peepoGiftR , elaHug
[2022-12-25 17:43:45] <%Quifenadine> death stranding directors cute apperantly free on epic store
[2022-12-25 17:43:47] <%AwakenedGarou> death stranding free on on epic MadsChest
[2022-12-25 17:43:52] <%AwakenedGarou> wtf
[2022-12-25 17:43:55] <%AwakenedGarou> Stare @Quifenadine
[2022-12-25 17:43:57] <%Quifenadine> directors cute AYAYA
[2022-12-25 17:44:03] <%iSilent_> yeah it is, just got it NODDERS
[2022-12-25 17:44:09] <%iSilent_> as i mentioned yesterday
[2022-12-25 17:44:14] <%iSilent_> Okayge
[2022-12-25 17:44:57] <%Thatsa_Bruh_Moment> iSilent_ SoCute catKISS
[2022-12-25 17:45:23] <MagnumMeatScepter> Stare ge0 @Elajjaz
[2022-12-25 17:45:25] <%iSilent_> Thatsa_Bruh_Moment SoCute <3
[2022-12-25 17:45:37] <@%^StreamElements> Wanna keep in touch with Ela and the community outside the streams? Join our discord https://discord.gg/qPP7VgANa9 it's open for everyone!
[2022-12-25 17:46:22] <%iSilent_> Going back to the family docLeave have a good day everyone elaHug
[2022-12-25 17:46:44] <%Thatsa_Bruh_Moment> have a good one silent peepoHey
[2022-12-25 17:49:32] <%huppybara> Silent elaHYUG have a good one dankHug DonoWall
[2022-12-25 17:51:02] <%$shevraar> yooo kojimbo stranding SoCute
[2022-12-25 17:51:09] <DeviousBonkk> oh no
[2022-12-25 17:51:23] <DeviousBonkk> I'm about to make the same mistake Ela did
[2022-12-25 17:51:49] <%nourylul> merry christmas friends Ohno <3
[2022-12-25 17:52:01] <%Thatsa_Bruh_Moment> nourylul SoCute
[2022-12-25 17:52:02] <DeviousBonkk> Merry Christmas peepoSit
[2022-12-25 17:52:22] <%nourylul> @thatsa_bruh_moment, Ohno PETPET
[2022-12-25 17:52:25] <%AwakenedGarou> @nourylul peepoGift
[2022-12-25 17:52:52] <%nourylul> @awakenedgarou, catKISS
[2022-12-25 17:52:58] <%huppybara> noury catKISS peepoSitMistletoe
[2022-12-25 17:53:33] <%nourylul> @huppybara, dankHug catKISS merry christmas friend
[2022-12-25 17:53:56] <%huppybara> merry christmas dankHug
[2022-12-25 17:54:22] <%nourylul> https://i.noury.ee/4EkHLt.jpg before i forget Painsge
[2022-12-25 17:54:41] <%huppybara> haHAA
[2022-12-25 17:54:58] <%Quifenadine> catKISS @nourylul UWU
[2022-12-25 17:55:06] <%nourylul> @quifenadine, catKISS <3
[2022-12-25 17:55:13] <%Quifenadine> my love
[2022-12-25 17:55:27] <%nourylul> peepoShy 👉 👈
[2022-12-25 17:55:50] <%Quifenadine> 👉 👈
[2022-12-25 17:56:42] <%HEIL_MODS_> happy holidays offliners catKISS
[2022-12-25 17:56:54] <%AwakenedGarou> hey heil peepoGift
[2022-12-25 17:56:58] <%Thatsa_Bruh_Moment> HEIL_MODS_ SoCute
[2022-12-25 17:57:06] <%Quifenadine> catKISS @HEIL_MODS_
[2022-12-25 17:57:13] <%huppybara> happi holidays heil catKISS
[2022-12-25 17:57:22] <%HEIL_MODS_> @AwakenedGarou, @Thatsa_Bruh_Moment @Quifenadine @huppybara UWU catKISS
[2022-12-25 17:57:24] <%nourylul> @heil_mods_, happy holidays friend dankHug catKISS <3
[2022-12-25 17:57:31] <%HEIL_MODS_> @nourylul, UWU catKISS
[2022-12-25 17:57:54] <%nourylul> UWU emote should be renamed to IIYUDANA tbh
[2022-12-25 17:58:02] <exemplificant> uhhh
[2022-12-25 17:58:08] <@%^StreamElements> Twotter: twitter.com/elajjaz
[2022-12-25 17:58:10] <exemplificant> no strimmies?
[2022-12-25 17:58:21] <exemplificant> 🥺
[2022-12-25 17:58:22] <%nourylul> ela is at a christmas party today with his brother
[2022-12-25 17:58:25] <%nourylul> no strimmies, no
[2022-12-25 17:58:30] <%Pandushe> stream is only for good kids
[2022-12-25 17:58:44] <exemplificant> I'm not a kid anymore! 😭
[2022-12-25 17:59:00] <%huppybara> am I naughty then FeelsWeakMan
[2022-12-25 17:59:05] <exemplificant> @nourylul sounds like extreme coziness
[2022-12-25 17:59:18] <%nourylul> i think he said that today is no stream, then there is stream until new years where there is no stream cause hes in stockholm for something and then it goes on normal again
[2022-12-25 17:59:22] <%nourylul> but i am not 100% sure anymore
[2022-12-25 17:59:47] <%Pandushe> man you guys actually listening to what ela says
[2022-12-25 17:59:49] <%Pandushe> crazy
[2022-12-25 18:00:07] <%Thatsa_Bruh_Moment> sounds like my cat's in the litterbox ShittingCat
[2022-12-25 18:00:13] <exemplificant> ok now I hate Stockholm
[2022-12-25 18:00:26] <%nourylul> gotta pay attention otherwise i fail the mid stream surprise exams again RAGEY
[2022-12-25 18:00:26] <%Thatsa_Bruh_Moment> elaPain  gotta go clean ppWalk
[2022-12-25 18:00:28] <%AwakenedGarou> ShittingCat
[2022-12-25 18:00:43] <%AwakenedGarou> @Thatsa_Bruh_Moment what is he is jebaiting you again Tomfoolery
[2022-12-25 18:00:48] <%AwakenedGarou> if
[2022-12-25 18:00:49] <exemplificant> @thatsa_bruh_moment dude you're doing it for free?
[2022-12-25 18:01:03] <%Thatsa_Bruh_Moment> he just eated elaDank
[2022-12-25 18:01:11] <%Quifenadine> HOLY
[2022-12-25 18:01:14] <%Quifenadine> this orange is so sweet
[2022-12-25 18:01:18] <%Thatsa_Bruh_Moment> it would be insane Tomfoolery if he's lying
[2022-12-25 18:01:20] <%Quifenadine> its like fucking candyt
[2022-12-25 18:01:39] <%Thatsa_Bruh_Moment> 🍊 ge0
[2022-12-25 18:01:57] <%Quifenadine> too sweet...
[2022-12-25 18:02:30] <%Pandushe> like you <3
[2022-12-25 18:02:32] <%Quifenadine> stfu
[2022-12-25 18:02:42] <%Quifenadine> ur the sweet one <3
[2022-12-25 18:03:24] <%huppybara> <3 TV0 Lookege wtf they're so cute
[2022-12-25 18:06:19] <%Thatsa_Bruh_Moment> to whom it may concern
[2022-12-25 18:06:24] <%nourylul> me
[2022-12-25 18:06:28] <%nourylul> i am of concern
[2022-12-25 18:06:30] <%Quifenadine> us <3
[2022-12-25 18:06:32] <%Thatsa_Bruh_Moment> my cat wasn't ShittingCat he was LETSFUCKINGPISS instead
[2022-12-25 18:06:35] <%Thatsa_Bruh_Moment> Okayge
[2022-12-25 18:06:55] <%nourylul> maybe he hid it very well ShittingCat
[2022-12-25 18:07:01] <%nourylul> outside of the box ShittingCat
[2022-12-25 18:07:08] <%Thatsa_Bruh_Moment> he better not Madge
[2022-12-25 18:07:43] <%Pandushe> does your cat consent to you sharing its bathroom habits Weirdge
[2022-12-25 18:08:08] <%Thatsa_Bruh_Moment> yeah he said MYAAA when I asked
[2022-12-25 18:08:15] <%Thatsa_Bruh_Moment> it's clearly consent Okayge
[2022-12-25 18:08:39] <%nourylul> aslong as it wasnt a MYNOOO its fine ShittingCat
[2022-12-25 18:16:58] <%Thatsa_Bruh_Moment> Textge
[2022-12-25 18:17:18] <%AwakenedGarou> Phonege ge0
[2022-12-25 18:24:52] <%huppybara> Textge
[2022-12-25 18:25:59] <%Thatsa_Bruh_Moment> you're going to sleep soon huppy? elaISee
[2022-12-25 18:27:33] <%nourylul> Textge
[2022-12-25 18:27:48] <%huppybara> I don't know peepoTired whenever I fall asleep I guess
[2022-12-25 18:28:59] <%Thatsa_Bruh_Moment> yeah i got in bed but keep scrolling Textge
[2022-12-25 18:29:09] <%Thatsa_Bruh_Moment> why is it such a problem peepoTired
[2022-12-25 18:29:28] <%huppybara> last night I took painkiller and fell asleep with the light still on OMEGALUL how could I sleep like that NotLikeThis
[2022-12-25 18:30:10] <%Thatsa_Bruh_Moment> KEKW
[2022-12-25 18:30:19] <%Thatsa_Bruh_Moment> did you sleep well at least elaISee
[2022-12-25 18:34:20] <%Thatsa_Bruh_Moment> modCheck
[2022-12-25 18:34:31] <%AwakenedGarou> sealArrive modCheck
[2022-12-25 18:34:45] <Demencous> not sure if any1 is in here but death stranding is free on epic right now for 24hours :)
[2022-12-25 18:34:58] <%huppybara> no :< I was FeelsWeakMan while trying to sleep KEKW after 4 hours or something the pill wore off and the pain woke me up pepeW
[2022-12-25 18:35:01] <%Thatsa_Bruh_Moment> MadsChest
[2022-12-25 18:35:13] <%Thatsa_Bruh_Moment> pepeW oof
[2022-12-25 18:36:37] <%Thatsa_Bruh_Moment> aight i'll actually try to sleep now Danki FBBlock 📱
[2022-12-25 18:36:47] <%Thatsa_Bruh_Moment> gn lads ronBedge
[2022-12-25 18:36:53] <%AwakenedGarou> PowerUpL MYAAA PowerUpR
[2022-12-25 18:36:55] <%nourylul> good night @thatsa_bruh_moment dankHug <3
[2022-12-25 18:36:59] <%huppybara> good night Textge catKISS
[2022-12-25 18:37:06] <%AwakenedGarou> @Thatsa_Bruh_Moment Bedge PETPET
[2022-12-25 18:37:15] <%Thatsa_Bruh_Moment> AwakenedGarou nourylul huppybara Textge <3
[2022-12-25 18:37:24] <%nourylul> and you @huppybara get well soon again or else Smadge catKISS
[2022-12-25 18:38:06] <@%^StreamElements> Twotter: twitter.com/elajjaz
[2022-12-25 18:38:10] <%AwakenedGarou> PowerUpL MYAAA PowerUpR @huppybara casting omyega monster kraken gorilla mega healing spell of doom on you
[2022-12-25 18:38:31] <%nourylul> you forgot the giga multipler Ohno
[2022-12-25 18:38:36] <%nourylul> multiplier* Ohno
[2022-12-25 18:38:44] <%AwakenedGarou> Ohno
[2022-12-25 18:39:18] <%huppybara> thank you FeelsWeakMan dankHug
[2022-12-25 18:39:45] <%huppybara> my brain added giga to that for you Danki
[2022-12-25 18:40:12] <凱格 (frozmit_)> !setup
[2022-12-25 18:40:12] <@%^StreamElements> Ela's set-up can be found here: https://pastebin.com/Xg6q9iM7
[2022-12-25 18:40:42] <%super_spyro> @huppybara how is your omega tummy ?
[2022-12-25 18:40:55] <%Pandushe> huppy is forever awake
[2022-12-25 18:41:52] <%huppybara> still hurts peepoTired not as bad as last night but yeeea FeelsMan
[2022-12-25 18:42:10] <%huppybara> no I'm not panda elaB
[2022-12-25 18:42:11] <%Pandushe> dont you take any pills
[2022-12-25 18:42:17] <%huppybara> I do peepoTired
[2022-12-25 18:42:28] <%Pandushe> maybe they're not right for you?
[2022-12-25 18:42:31] <%Pandushe> check with doctor?
[2022-12-25 18:44:07] <%huppybara> I'll deal with that later peepoTired now I just exist
[2022-12-25 18:44:46] <%Pandushe> FeelsMan
[2022-12-25 18:45:36] <@%^StreamElements> Wanna keep in touch with Ela and the community outside the streams? Join our discord https://discord.gg/qPP7VgANa9 it's open for everyone!
[2022-12-25 18:47:45] <%nourylul> sometimes existing is all you need to do FeelsMan
[2022-12-25 18:49:36] <%huppybara> yea FeelsMan
[2022-12-25 18:49:54] <%huppybara> christmas feelsman is huge
[2022-12-25 18:50:24] <%nourylul> from all the christmas tree snaccies OpieOP
[2022-12-25 18:52:34] <%nourylul> anyone here watched clarksons farm? finished it a few days ago and it was such a good show, i loved it FeelsStrongMan
[2022-12-25 18:52:40] <%Thatsa_Bruh_Moment> FeelsWeakMan i can't
[2022-12-25 18:52:41] <%nourylul> and now im sad it ended FeelsStrongMan
[2022-12-25 18:52:58] <%Thatsa_Bruh_Moment> FeelsWeakMan i can't stop thinking
[2022-12-25 18:52:58] <%nourylul> @thatsa_bruh_moment, forgot your good night kiss, my bad.. catKISS <3
[2022-12-25 18:53:14] <%AwakenedGarou> @Thatsa_Bruh_Moment DonkBonks go to sleep
[2022-12-25 18:53:28] <%nourylul> monkaW bonked to sleep
[2022-12-25 18:53:35] <%super_spyro> @AwakenedGarou u too DonkBonks
[2022-12-25 18:53:35] <%Thatsa_Bruh_Moment> nourylul FeelsWeakMan catKISS
[2022-12-25 18:53:52] <%AwakenedGarou> @super_spyro too early for me to sleep NOIDONTTHINKSO
[2022-12-25 18:54:12] <%huppybara> clarksons farm.. DankNoted putting that on my watchlist
[2022-12-25 18:54:22] <%huppybara> aww bruh :c dankHug
[2022-12-25 18:55:14] <%nourylul> its a fantastic show and honestly not too far off from actual smol farm life LULE
[2022-12-25 18:55:23] <%Thatsa_Bruh_Moment> dude fucking epic won't let me get free death stranding WeirdPaper
[2022-12-25 18:55:40] <%AwakenedGarou> BAAAT not very heckin epic of them
[2022-12-25 18:55:40] <%Thatsa_Bruh_Moment> they just removed the free games section from their site WeirdPaper
[2022-12-25 18:55:54] <%nourylul> idk i have problems logging into their shit site since like 3 months or so
[2022-12-25 18:55:56] <%Pandushe> nothing is free Corpa
[2022-12-25 18:56:15] <%Thatsa_Bruh_Moment> i'd understand if death stranding was delisted like every other aaa game but it fucking isn't
[2022-12-25 18:56:39] <%Thatsa_Bruh_Moment> they still allow me to buy their overpriced trash but let me have it for free is a NOPERS
[2022-12-25 18:56:45] <%Thatsa_Bruh_Moment> fuck you tim sweeney
[2022-12-25 18:56:51] <%Thatsa_Bruh_Moment> and you too kojima
[2022-12-25 18:57:12] <%Thatsa_Bruh_Moment> I'll pirate the shit out of your games whenever i get myself a new pc
[2022-12-25 18:57:12] <%huppybara> kojimaYEP u no rike?
[2022-12-25 18:57:48] <%nourylul> PoroSad you made kojima sad
[2022-12-25 18:58:00] <%Thatsa_Bruh_Moment> i don't care Smadge
[2022-12-25 18:58:06] <@%^StreamElements> Twotter: twitter.com/elajjaz
[2022-12-25 18:58:10] <%Thatsa_Bruh_Moment> he made me sad first Smadge
[2022-12-25 18:58:10] <%nourylul> D: (but in japanese)
[2022-12-25 19:00:05] <exemplificant> all I want for Christmas is stream ☹️
[2022-12-25 19:03:36] <%Thatsa_Bruh_Moment> FeelsMan
[2022-12-25 19:05:05] <%super_spyro> noooo electricity
[2022-12-25 19:05:22] <%super_spyro> elaFeels
[2022-12-25 19:05:25] <DeviousBonkk> ElaLoser
[2022-12-25 19:05:47] <%super_spyro> @deviousbonkk elaWeird
[2022-12-25 19:06:18] <DeviousBonkk> We have all day for whatever reason 4Shrug
[2022-12-25 19:08:08] <TheForgiven> death stranding free POGGERS epic
[2022-12-25 19:08:14] <%super_spyro> we same untill now
[2022-12-25 19:08:19] <DeviousBonkk> POGGERS
[2022-12-25 19:08:32] <%super_spyro> @theforgiven they disabled purchase
[2022-12-25 19:08:38] <%super_spyro> KEKW
[2022-12-25 19:08:40] <TheForgiven> Jebaited
[2022-12-25 19:09:40] <%super_spyro> Saturday and Sunday was fine
[2022-12-25 19:10:04] <DeviousBonkk> pepeLost
[2022-12-25 19:10:10] <%super_spyro> well I go  Bedge
[2022-12-25 19:10:13] <%super_spyro> gn
[2022-12-25 19:10:17] <DeviousBonkk> good night catKISS
[2022-12-25 19:10:22] <%Thatsa_Bruh_Moment> gn spyro pepeLost
[2022-12-25 19:10:42] <%super_spyro> mb ar 10pm I will wakeup to watch he anime
[2022-12-25 19:10:51] <%super_spyro> elaFella
[2022-12-25 19:11:14] <%huppybara> gn spyro dankHug
[2022-12-25 19:11:37] <%super_spyro> @huppybara @thatsa_bruh_moment @deviousbonkk elaFeels gn
[2022-12-25 19:11:45] <%iSilent_> im back widepeepoHappy family went home
[2022-12-25 19:11:59] <%Thatsa_Bruh_Moment> hey again silent pepeLost
[2022-12-25 19:12:07] <%iSilent_> i see epic switched which version of death stranding they're giving away PepeLaugg
[2022-12-25 19:12:55] <%super_spyro> epic using xsola f epic Smadge
[2022-12-25 19:13:25] <%iSilent_> wonder if they always meant to give out this version or the directors cut was a mistake
[2022-12-25 19:13:39] <%super_spyro> probably
[2022-12-25 19:14:51] <%AwakenedGarou> what is the difference between directors cuts and normal version? Chateg
[2022-12-25 19:14:58] <%iSilent_> No idea actually
[2022-12-25 19:16:19] <%iSilent_> new tools and equipment for players to experience, a firing range, racetrack, extra missions, and more story
[2022-12-25 19:27:06] <zoibergOne> fok, my heart SoCute
[2022-12-25 19:27:47] <%Thatsa_Bruh_Moment> Sadge
[2022-12-25 19:30:02] <zoibergOne> its time JumpKing
[2022-12-25 19:30:25] <zoibergOne> maybe i have unlocked super senses after the run
[2022-12-25 19:31:27] <%iSilent_> COPIUM
[2022-12-25 19:34:44] <%$V1PMONKEY> lul
[2022-12-25 19:35:09] <%$V1PMONKEY> merry christmas offline chat
[2022-12-25 19:35:11] <%$V1PMONKEY> elaH
[2022-12-25 19:35:46] <zoibergOne> u2
[2022-12-25 19:37:01] <zoibergOne> thank god its nearly impossible to go down to the bog after certain point
[2022-12-25 19:41:11] <zoibergOne> oh, i am at the tower JumpKing
[2022-12-25 19:52:00] <zoibergOne> you fucking kidding me ELAING
[2022-12-25 19:52:26] <%AwakenedGarou> PepeLaugg 👇 ?
[2022-12-25 19:52:53] <zoibergOne> what a bitch ass made this
[2022-12-25 19:54:21] <zoibergOne> at the last like 3-4 screens, there is A jump that if you fail it, you go down 2 worlds
[2022-12-25 20:22:10] <%+Shinichii> xmas staying at home
[2022-12-25 20:22:12] <%+Shinichii> ElaSip
[2022-12-25 20:22:17] <%+Shinichii> peepoPonderingLife
[2022-12-25 20:22:41] <%AwakenedGarou> @Shinichii peepoGift
[2022-12-25 20:23:13] <zoibergOne> is it gonna be a christmas miracle
[2022-12-25 20:23:22] <zoibergOne> and i wil beat JumpKing ?
[2022-12-25 20:23:56] <%AwakenedGarou> 4Shrug
[2022-12-25 20:24:16] <%AwakenedGarou> Bedge
[2022-12-25 20:25:01] <@%RoenXD> merry xmas chat
[2022-12-25 20:25:11] <zoibergOne> you too Roen
[2022-12-25 20:25:23] <zoibergOne> Brenna check modCheck
[2022-12-25 20:28:27] <%+SerApollyon> Merry christmas, Roen dankHug
[2022-12-25 20:29:14] <zoibergOne> oh thank god i am back to the water world Prayge
[2022-12-25 20:30:42] <zoibergOne> any KFC eaters on christmas? modCheck
[2022-12-25 20:36:05] <%iSilent_> Only cod here
[2022-12-25 20:36:10] <%iSilent_> tradition
[2022-12-25 20:36:31] <zoibergOne> blacks ops or MW ?
[2022-12-25 20:36:38] <zoibergOne> i am kidding
[2022-12-25 20:36:38] <%iSilent_> fish
[2022-12-25 20:37:17] <zoibergOne> thats a very bad typo monkaW
[2022-12-25 20:37:39] <%iSilent_> hm?
[2022-12-25 20:38:06] <@%^StreamElements> Twotter: twitter.com/elajjaz
[2022-12-25 20:42:30] <%super_spyro> powa is back cactuarDance
[2022-12-25 20:42:50] <zoibergOne> good
[2022-12-25 20:44:59] <%ekahS_> :3
[2022-12-25 20:45:04] <%ekahS_> Smadge where is cat emote?
[2022-12-25 20:45:16] <zoibergOne> ShittingCat
[2022-12-25 20:45:36] <@%^StreamElements> Wanna keep in touch with Ela and the community outside the streams? Join our discord https://discord.gg/qPP7VgANa9 it's open for everyone!
[2022-12-25 20:45:37] <%ekahS_> ShittingCat gimme :3
[2022-12-25 20:47:24] <%super_spyro> @ekahS_ peepoHey
[2022-12-25 20:47:33] <%ekahS_> @super_spyro .poh
[2022-12-25 20:47:46] <%ekahS_> Ohno
[2022-12-25 20:47:57] <%ekahS_> I meant peepoHey
[2022-12-25 21:00:16] <zoibergOne> oh god
[2022-12-25 21:00:30] <zoibergOne> my breaker popped while mid jump monkaW
[2022-12-25 21:01:47] <zoibergOne> are you fucking kidding me
[2022-12-25 21:01:51] <zoibergOne> the save is gone
[2022-12-25 21:01:54] <zoibergOne> TrollDespair
[2022-12-25 21:06:48] <%iSilent_> UWU
[2022-12-25 21:07:09] <%iSilent_> oh god
[2022-12-25 21:07:16] <%iSilent_> the save FeelsMan
[2022-12-25 21:08:31] <zoibergOne> the funny thing is
[2022-12-25 21:08:42] <zoibergOne> the same thing happened to be before, in boshy
[2022-12-25 21:09:01] <zoibergOne> boshy also kills your save file if you bluescreen or electricity shuts off
[2022-12-25 21:09:07] <%iSilent_> fucking hell, actually cursed
[2022-12-25 21:13:29] <zoibergOne> well, atleast the skill stays EZ
[2022-12-25 21:13:35] <zoibergOne> already half way up
[2022-12-25 21:17:00] <%iSilent_> EZ
[2022-12-25 21:18:28] <zoibergOne> what the fuck is the point of steam cloud if it fucks up like this
[2022-12-25 21:18:54] <zoibergOne> hades just starts you from before the run even started
[2022-12-25 21:19:15] <%Quifenadine> thats ingame checkpoint saves
[2022-12-25 21:19:20] <%Quifenadine> not steam cloud save issues
[2022-12-25 21:19:38] <%Pandushe> Nerdge
[2022-12-25 21:19:38] <zoibergOne> i get it
[2022-12-25 21:19:39] <%Quifenadine> all steam cloud saves do is put your game savefile on the cloud
[2022-12-25 21:19:46] <%Quifenadine> ☁
[2022-12-25 21:19:47] <zoibergOne> yes, i get it
[2022-12-25 21:20:11] <zoibergOne> but, lets imagine, power died, why wont it just load the stuff it loaded last time?
[2022-12-25 21:20:16] <%Quifenadine> issue? Tomfoolery
[2022-12-25 21:20:22] <zoibergOne> skill issues
[2022-12-25 21:20:26] <%Quifenadine> it should do that
[2022-12-25 21:20:28] <%Quifenadine> does it not do that?
[2022-12-25 21:20:31] <zoibergOne> it didnt
[2022-12-25 21:20:40] <zoibergOne> my 18 hours save died
[2022-12-25 21:20:41] <%Quifenadine> if it doesnt do that then the game made it overwrite the cloud save
[2022-12-25 21:20:58] <%Quifenadine> afaik its just one save in the cloud, and its the most recent one
[2022-12-25 21:23:15] <%Quifenadine> also hi panda
[2022-12-25 21:23:18] <%Quifenadine> 😳
[2022-12-25 21:23:28] <%derpwny> elaGuv
[2022-12-25 21:31:49] <%Quifenadine> vibe with me guys its christmas
[2022-12-25 21:31:51] <%Quifenadine> wideVIBE
[2022-12-25 21:32:23] <zoibergOne> i will vibe once i get back where i was supposed to be
[2022-12-25 21:32:23] <zoibergOne> Smadge
[2022-12-25 21:32:52] <%Quifenadine> Stare wtf zoiberg the vibe killer
[2022-12-25 21:33:22] <zoibergOne> you dont even know man
[2022-12-25 21:33:40] <zoibergOne> i once got so drunk i started crying
[2022-12-25 21:33:52] <%Quifenadine> elaFeels
[2022-12-25 21:33:55] <%Quifenadine> dankHug @zoibergOne
[2022-12-25 21:34:50] <%iSilent_> wideVIBE
[2022-12-25 21:38:41] <%ekahS_> Smadge Death Strandind DC is not free on Epic
[2022-12-25 21:38:52] <%Quifenadine> it is?
[2022-12-25 21:38:54] <%Quifenadine> i got it
[2022-12-25 21:39:10] <%ekahS_> Smadge not the DC
[2022-12-25 21:39:18] <%Quifenadine> it was
[2022-12-25 21:39:34] <%ekahS_> Smadge I missed it then
[2022-12-25 21:39:41] <%Quifenadine> probably a giga mistake
[2022-12-25 21:39:51] <%Quifenadine> wouldnt be surprised if they took back all the referalls
[2022-12-25 21:39:51] <zoibergOne> no way its DC
[2022-12-25 21:40:00] <%Quifenadine> it was directors cut
[2022-12-25 21:40:17] <%ekahS_> it tells me upgrade is 6 bucks Smadge
[2022-12-25 21:40:17] <%Quifenadine> i know what i searched and where i clicked "get for free"
[2022-12-25 21:40:38] <zoibergOne> its refular death stranding dude
[2022-12-25 21:40:44] <%Quifenadine> bro
[2022-12-25 21:40:46] <zoibergOne> what is this gaslighting
[2022-12-25 21:40:50] <%Quifenadine> will you listen to me?
[2022-12-25 21:41:04] <%Quifenadine> probably a giga mistake 22:39 Quifenadine: wouldnt be surprised if they took back all the referalls
[2022-12-25 21:41:07] <%Quifenadine> did you not read that?
[2022-12-25 21:41:23] <%Quifenadine> also they did take back the referalls, directors cut isnt in my library anymore
[2022-12-25 21:43:28] <%ekahS_> I don't have the DC, can only upgrade for 6 bucks Smadge
[2022-12-25 21:43:35] <zoibergOne> thats some fucked up mistake
[2022-12-25 21:43:54] <%Quifenadine> 4Shrug klassiker
[2022-12-25 21:44:04] <zoibergOne> weird no one on twitter sperged about it
[2022-12-25 21:44:28] <%ekahS_> FeelsMan klassiker
[2022-12-25 21:44:45] <%Quifenadine> wtf is that
[2022-12-25 21:44:46] <%Quifenadine> 7tv xmas gifter
[2022-12-25 21:44:46] <%Quifenadine> i want that
[2022-12-25 21:44:54] <%Quifenadine> oiler badge
[2022-12-25 21:44:56] <%ekahS_> no ShittingCat
[2022-12-25 21:45:01] <%ekahS_> mine
[2022-12-25 21:45:37] <@%^StreamElements> Wanna keep in touch with Ela and the community outside the streams? Join our discord https://discord.gg/qPP7VgANa9 it's open for everyone!
[2022-12-25 21:49:53] <zoibergOne> sorry i doubted @Quifenadine
[2022-12-25 21:49:58] <zoibergOne> yeah, they rly fucked up
[2022-12-25 21:50:10] <%Quifenadine> np big man
[2022-12-25 21:50:16] <%Quifenadine> Plotge oiled 3 people
[2022-12-25 21:50:22] <%iSilent_> it was director's cut at first
[2022-12-25 21:50:29] <%iSilent_> and then they swapped to the normal version
[2022-12-25 21:50:39] <%Quifenadine> and they took away my directors cute redeem Smadge
[2022-12-25 21:50:41] <%Quifenadine> Nujavlar
[2022-12-25 21:51:02] <%ekahS_> scammed
[2022-12-25 21:51:15] <%ekahS_> we rito
[2022-12-25 21:51:26] <%Quifenadine> we rito?
[2022-12-25 21:51:28] <%Quifenadine> rito
[2022-12-25 21:51:40] <%ekahS_> meme for riot
[2022-12-25 21:51:42] <zoibergOne> rito pls
[2022-12-25 21:51:51] <zoibergOne> yeah thats pretyt old
[2022-12-25 21:51:51] <%Quifenadine> when did that become a meme
[2022-12-25 21:52:01] <%ekahS_> 2001
[2022-12-25 21:52:05] <%Quifenadine> ah
[2022-12-25 21:52:07] <%ekahS_> or older
[2022-12-25 21:52:08] <%Quifenadine> i was 1 year old then
[2022-12-25 21:52:37] <%iSilent_> i got both death stranding versions
[2022-12-25 21:52:42] <%ekahS_> ZZoomer
[2022-12-25 21:52:45] <%Quifenadine> what the fuck
[2022-12-25 21:53:25] <%ekahS_> isilent scammed prob
[2022-12-25 21:53:38] <%ekahS_> :tf:
[2022-12-25 21:53:44] <%$HappiSmyle> elaSmile
[2022-12-25 21:53:51] <%ekahS_> elaSmile /
[2022-12-25 21:53:52] <%Quifenadine> aloo appi
[2022-12-25 21:53:59] <%$HappiSmyle> @ekahS_ @Quifenadine elaH
[2022-12-25 21:54:18] <%iSilent_> https://imgur.com/a/4DF3Esj
[2022-12-25 21:54:28] <%iSilent_> hey HappiSmyle elaHug
[2022-12-25 21:54:28] <%Quifenadine> WTF
[2022-12-25 21:54:43] <%ekahS_> we got scammed
[2022-12-25 21:54:46] <%Quifenadine> wanna trade accounts silent?
[2022-12-25 21:54:49] <%ekahS_> Smadge
[2022-12-25 21:54:58] <%iSilent_> my genshin account is here Smadge
[2022-12-25 21:55:05] <%Quifenadine> like you play that game
[2022-12-25 21:55:15] <%iSilent_> No Clueless
[2022-12-25 21:56:05] <%iSilent_> https://imgur.com/a/7vxVlX9 Aware
[2022-12-25 21:56:29] <%ekahS_> Ohno
[2022-12-25 21:57:21] <%$HappiSmyle> not even 1k h elaSmile
[2022-12-25 21:57:44] <%ekahS_> Ohno stahp
[2022-12-25 21:58:01] <%Quifenadine> who the fuck plays a game for 1k hours
[2022-12-25 21:58:07] <@%^StreamElements> Twotter: twitter.com/elajjaz
[2022-12-25 21:58:19] <%$HappiSmyle> LoL don't count hours
[2022-12-25 21:58:32] <%$HappiSmyle> but I am certain I played it more than 1k
[2022-12-25 21:58:32] <%Quifenadine> like srsly if youre not pro at 600 hours ur nothing
[2022-12-25 21:58:47] <%$HappiSmyle> Yes, I am nothing there elaSmile
[2022-12-25 21:58:54] <%$HappiSmyle> but I enjoyed playing the game :)
[2022-12-25 21:58:58] <zoibergOne> 600 hours in Nikke arisExplainingHow
[2022-12-25 21:59:13] <%Quifenadine> im joking btw
[2022-12-25 21:59:17] <%Quifenadine> unless
[2022-12-25 21:59:23] <%ekahS_> Tomfoolery
[2022-12-25 21:59:26] <zoibergOne> i know a person who maxed out a timer in nier automata save file
[2022-12-25 21:59:36] <%$HappiSmyle> I spent 1k h focusing on remain shit at the game HACKERMANS
[2022-12-25 21:59:44] <%Quifenadine> god damn
[2022-12-25 21:59:47] <%Quifenadine> now thats true gigachad
[2022-12-25 21:59:52] <%iSilent_> most i have is like 800 i think
[2022-12-25 21:59:52] <%iSilent_> not counting league
[2022-12-25 21:59:56] <%iSilent_> cus i've played that for years
[2022-12-25 21:59:58] <zoibergOne> its only 99 hours but still
[2022-12-25 22:00:09] <%Quifenadine> most i have is 530 hours in cs:go
[2022-12-25 22:00:19] <%Quifenadine> cs 1.6 is probably around 1-2k hours though
[2022-12-25 22:00:32] <%iSilent_> 966hrs actually
[2022-12-25 22:00:37] <zoibergOne> The Binding of Isaac: Rebirth 1,372 hrs on record
[2022-12-25 22:00:45] <%Quifenadine> how
[2022-12-25 22:00:58] <zoibergOne> played it since release a lot
[2022-12-25 22:02:06] <%Quifenadine> damn
[2022-12-25 22:02:22] <%Pandushe> im omega giga fucked in valheim and no one is online to help Smadge
[2022-12-25 22:02:32] <zoibergOne> lemme find the most fucked person in my friend list
[2022-12-25 22:02:34] <%Quifenadine> loser
[2022-12-25 22:02:41] <%ekahS_> D:
[2022-12-25 22:02:59] <%Quifenadine> @zoibergOne want me to help you? you can add me on your friends list 😉
[2022-12-25 22:03:11] <zoibergOne> Sid Meier's Civilization V 4,020 hrs on record
[2022-12-25 22:03:13] <%Pandushe> donk sailed 3 boats to oblivion
[2022-12-25 22:03:25] <%Pandushe> cant get my corpse
[2022-12-25 22:03:53] <%Quifenadine> rough
[2022-12-25 22:04:05] <%Pandushe> Smadge waiting for huppy i guess
[2022-12-25 22:04:10] <%Pandushe> gonna watch bocchi
[2022-12-25 22:04:15] <%$HappiSmyle> Pandushe elaSmile /
[2022-12-25 22:04:24] <%Pandushe> hey happi elaSmile
[2022-12-25 22:04:25] <zoibergOne> is bocchi about tits?
[2022-12-25 22:04:32] <%Pandushe> no
[2022-12-25 22:04:33] <%Quifenadine> what
[2022-12-25 22:04:40] <%Quifenadine> how do you come to that assumption zoiberg
[2022-12-25 22:04:44] <zoibergOne> cause i know of the show solely from the art of it
[2022-12-25 22:04:54] <DeviousBonkk> no
[2022-12-25 22:04:54] <%Pandushe> HUH
[2022-12-25 22:04:58] <%Pandushe> show is about music
[2022-12-25 22:04:59] <%Quifenadine> no its just the coomer weebs
[2022-12-25 22:05:01] <%Pandushe> what art
[2022-12-25 22:05:07] <zoibergOne> twitter art
[2022-12-25 22:05:09] <%Quifenadine> making her look big boobad
[2022-12-25 22:05:15] <DeviousBonkk> I mean
[2022-12-25 22:05:22] <DeviousBonkk> she has some bazookas
[2022-12-25 22:05:29] <%Quifenadine> THAT is not THE POINT
[2022-12-25 22:05:31] <%Pandushe> you dont really see them in the show innit
[2022-12-25 22:05:31] <%Quifenadine> ok sir?
[2022-12-25 22:05:33] <DeviousBonkk> but the show is about music
[2022-12-25 22:06:00] <zoibergOne> DAAAAMN dude what is this weather
[2022-12-25 22:06:08] <%Pandushe> iknowright
[2022-12-25 22:06:08] <zoibergOne> +8 on january 1
[2022-12-25 22:06:14] <%nourylul> i am sorry to interrupt your discussion about boobas but there is a very important video i would like to show you.. otters with santa hats PagMan https://youtu.be/12oNqfaQxwI
[2022-12-25 22:06:21] <%nourylul> its cute peepoShy
[2022-12-25 22:06:31] <%$HappiSmyle> @nourylul Ohno <3
[2022-12-25 22:06:34] <%nourylul> @happismyle, Ohno / <3
[2022-12-25 22:06:51] <%Quifenadine> look at dem chonky bois running around
[2022-12-25 22:06:57] <%Pandushe> happi you keep leaving your corpses in our base Smadge
[2022-12-25 22:06:57] <%Quifenadine> widepeepoHappy
[2022-12-25 22:06:57] <%iSilent_> they're so cute widepeepoHappy
[2022-12-25 22:07:21] <%$HappiSmyle> @Pandushe yes. Huppy did mention it. I asked if she want another one
[2022-12-25 22:07:26] <%Quifenadine> they have like a video in the pool
[2022-12-25 22:07:26] <%$HappiSmyle> She said yes
[2022-12-25 22:07:26] <%$HappiSmyle> elaSmile
[2022-12-25 22:07:28] <%Pandushe> LULE
[2022-12-25 22:07:46] <%Pandushe> my wall coming along nicely
[2022-12-25 22:07:52] <%$HappiSmyle> I had to deliver elaKek
[2022-12-25 22:07:53] <%Pandushe> gathering rocks slowly to finish it
[2022-12-25 22:08:06] <%Quifenadine> am i missing chat messages
[2022-12-25 22:08:13] <%Quifenadine> i think chatterino is fucked up
[2022-12-25 22:08:23] <%Pandushe> no just you quif
[2022-12-25 22:08:27] <zoibergOne> just out of curiosity
[2022-12-25 22:08:29] <%nourylul> @quifenadine, https://i.noury.ee/ZeiAyz.png
[2022-12-25 22:08:46] <%$HappiSmyle> @nourylul snitched elaKek
[2022-12-25 22:08:51] <%$HappiSmyle> Kapp
[2022-12-25 22:08:52] <%Quifenadine> yeah i missed like a ton
[2022-12-25 22:08:57] <%nourylul> huh? FeelsDankMan
[2022-12-25 22:09:02] <%$HappiSmyle> jk Danki
[2022-12-25 22:09:16] <%nourylul> no snitching TriHard
[2022-12-25 22:09:16] <%Pandushe> FeelsPepoMan ?
[2022-12-25 22:09:31] <%$HappiSmyle> Flush Chatterino, use pop-out chat elaSmile
[2022-12-25 22:09:52] <%ekahS_> !ban happi
[2022-12-25 22:09:53] <%Quifenadine> 3 messages gone after silents widepeepo happi Sadge
[2022-12-25 22:10:04] <zoibergOne> bajs had some extention too
[2022-12-25 22:10:05] <%$HappiSmyle> D:
[2022-12-25 22:10:10] <zoibergOne> what was it called
[2022-12-25 22:10:36] <%nourylul> what version are you on @quifenadine ? ctrl+p -> About
[2022-12-25 22:10:50] <%Quifenadine> im running chatterino7 nightly build
[2022-12-25 22:10:52] <%ekahS_> Bruhnna, I friendly request a ban on happi
[2022-12-25 22:11:08] <%Quifenadine> to have 7tv name colours
[2022-12-25 22:11:28] <%nourylul> @quifenadine, 4Shrug if it happens more often i'd say look into it maybe its just twitch
[2022-12-25 22:11:42] <%nourylul> its a bit poopy as of late
[2022-12-25 22:11:52] <zoibergOne> someone shit in your pants too?
[2022-12-25 22:11:58] <%Quifenadine> yeah, you
[2022-12-25 22:12:04] <%ekahS_> HUH
[2022-12-25 22:12:08] <%nourylul> no i can do that all by myself GIGACHAD
[2022-12-25 22:12:21] <zoibergOne> i love that saying
[2022-12-25 22:12:24] <%ekahS_> WeirdPaper
[2022-12-25 22:12:27] <zoibergOne> and it works in every language too
[2022-12-25 22:13:12] <%Quifenadine> wideVIBE riders on the storm
[2022-12-25 22:13:32] <%$HappiSmyle> wideVIBE killer on the road
[2022-12-25 22:13:52] <%$HappiSmyle> or whatever... didn't hear it since forever Danki
[2022-12-25 22:14:07] <%Quifenadine> wideVIBE there's a killer on the road
[2022-12-25 22:14:19] <%$HappiSmyle> ah elaGa
[2022-12-25 22:14:29] <%$HappiSmyle> gotta listen it now Ohno
[2022-12-25 22:14:48] <%Quifenadine> wideVIBE if you give this man a ride sweet family will die
[2022-12-25 22:14:53] <%Quifenadine> wideVIBE kill on the road
[2022-12-25 22:15:17] <%Quifenadine> killer*
[2022-12-25 22:15:17] <%Quifenadine> Danki
[2022-12-25 22:17:40] <%$HappiSmyle> No, no time for music
[2022-12-25 22:17:44] <%$HappiSmyle> gotta watch anime AYAYA
[2022-12-25 22:18:07] <@%^StreamElements> Twotter: twitter.com/elajjaz
[2022-12-25 22:18:13] <%nourylul> i am of dissapoint
[2022-12-25 22:18:42] <%$HappiSmyle> yes, my inner anime watcher came out Ohno
[2022-12-25 22:18:56] <%nourylul> https://youtu.be/1lHXfGAlp58 wideVIBE
[2022-12-25 22:18:57] <%$HappiSmyle> MMO phase ended, Anime phase begun
[2022-12-25 22:22:20] <%iSilent_> what are you watching elaISee
[2022-12-25 22:22:40] <%$HappiSmyle> In general - Comedy. Right now - Ben-tou
[2022-12-25 22:23:16] <%$HappiSmyle> Sometimes I just need some stoopid shit to watch elaKek
[2022-12-25 22:23:39] <%iSilent_> never heard of it DankNoted
[2022-12-25 22:24:19] <%$HappiSmyle> It is 10 year old or so. Just re-watching some things out of nostalgia.
[2022-12-25 22:25:09] <%$HappiSmyle> If you have some comedy stuff, I would gladly write it down elaSmile
[2022-12-25 22:25:15] <%gadrus> yo chat
[2022-12-25 22:25:27] <%$HappiSmyle> gadrus elaSmile /
[2022-12-25 22:26:01] <%iSilent_> ah fair enough NODDERS
[2022-12-25 22:28:30] <%iSilent_> heyo gadrus peepoHey
[2022-12-25 22:28:37] <%gadrus> peepoHey
[2022-12-25 22:29:07] <%Pandushe> @HappiSmyle nichijou
[2022-12-25 22:29:29] <%+Sercio__> LARXAING
[2022-12-25 22:29:57] <%nourylul> @gadrus, hey there dankHug <3
[2022-12-25 22:30:19] <%$HappiSmyle> Slice of life monkaS
[2022-12-25 22:30:29] <%$HappiSmyle> gotta be dank elaKek
[2022-12-25 22:30:32] <%Pandushe> its way more comedy
[2022-12-25 22:30:44] <%Pandushe> its absolutely ridiculous
[2022-12-25 22:31:24] <%Pandushe> https://www.youtube.com/watch?v=Z7Et0a8fnuw
[2022-12-25 22:31:26] <%Pandushe> for example
[2022-12-25 22:31:30] <%$HappiSmyle> I think I tried to watch first episode years ago. didn't they discussed Croissants whole episode? elaKek
[2022-12-25 22:31:52] <%Pandushe> no that was lucky star
[2022-12-25 22:32:21] <%$HappiSmyle> Oh.. gotta write it down also. It was too dank on the time I tried to watch then
[2022-12-25 22:32:28] <%$HappiSmyle> I am stronger now GIGACHAD
[2022-12-25 22:32:34] <%Pandushe> lucky star is a bit tougher to watch
[2022-12-25 22:33:04] <%Pandushe> but that corissant thing is only on the first episode
[2022-12-25 22:33:08] <%Pandushe> rest of them are fine
[2022-12-25 22:33:24] <%Pandushe> but its also alot of references and some japanese culture
[2022-12-25 22:33:34] <%Pandushe> so its a bit tough to enjoy it fully without knowledge
[2022-12-25 22:34:14] <%$HappiSmyle> My perspective of Japanese culture is completely perverted and ruined because it all perspective comes from anime elaKek
[2022-12-25 22:34:48] <%Pandushe> i wouldnt recommend lucky star then
[2022-12-25 22:35:01] <%Pandushe> specially since the references and jokes are past their time
[2022-12-25 22:35:04] <%AkirameMiko> i remember watching nichijou like 10 years ago
[2022-12-25 22:35:11] <%AkirameMiko> it was good PepeLaugg
[2022-12-25 22:35:14] <%Pandushe> its just so crazy
[2022-12-25 22:35:29] <%AkirameMiko> there was that one manga about a ex-yakuza househusband
[2022-12-25 22:35:32] <%Pandushe> literally have no idea whats coming
[2022-12-25 22:35:39] <%AkirameMiko> that shit was actually absolutely hilarous
[2022-12-25 22:35:58] <%Pandushe> are you talking about way of the house husband?
[2022-12-25 22:36:32] <%AkirameMiko> https://chapmanganato.com/manga-be978739
[2022-12-25 22:36:33] <zoibergOne> homosexuality?
[2022-12-25 22:36:34] <%AkirameMiko> yeah
[2022-12-25 22:36:40] <zoibergOne> hehehe
[2022-12-25 22:36:41] <%Pandushe> yea man
[2022-12-25 22:36:42] <%AkirameMiko> i think it got an anime too not too long ago
[2022-12-25 22:36:47] <%Pandushe> the anime did not do it justice
[2022-12-25 22:36:50] <%Pandushe> 2 seasons
[2022-12-25 22:36:59] <%Pandushe> it was like power point presentations
[2022-12-25 22:36:59] <zoibergOne> anime is a broad word for that thing
[2022-12-25 22:37:12] <%AkirameMiko> just read it then ElaOkey
[2022-12-25 22:37:26] <%Pandushe> watching it was pretty much the same as reading it Aware
[2022-12-25 22:37:40] <%AkirameMiko> i think the funniest thing i've ever read was gintama actually
[2022-12-25 22:37:48] <%AkirameMiko> i was reading a chapter at work and actually couldn't hold myself back from laughing
[2022-12-25 22:37:50] <%Pandushe> gintama is even better in anime form bro
[2022-12-25 22:37:54] <%AkirameMiko> even though i really tried PepeLaugg
[2022-12-25 22:37:56] <%Pandushe> like 100% better
[2022-12-25 22:38:07] <@%^StreamElements> Twotter: twitter.com/elajjaz
[2022-12-25 22:38:33] <%Pandushe> Gin's VA is forever ingrained in my mind as Gin
[2022-12-25 22:38:38] <%AkirameMiko> i watched it earlier so i can read manga and supplement the voice acting and sountrack with my imagination
[2022-12-25 22:38:59] <%Pandushe> like every time i hear him in any other show i juust instantly think its Gin doing a bit LULW
[2022-12-25 22:39:22] <%AkirameMiko> i don't watch anything, so not a problem for me 4Shrug
[2022-12-25 22:39:34] <%Pandushe> Nerdge i only enjoy manga
[2022-12-25 22:39:53] <%AkirameMiko> ain't nobody got time to spend 20 minutes on one episode
[2022-12-25 22:40:11] <%Pandushe> sure we do
[2022-12-25 22:40:15] <%Pandushe> everyone watches something
[2022-12-25 22:40:27] <%Pandushe> be it movies, netflix, youtube videos
[2022-12-25 22:40:34] <%AkirameMiko> i have to watch ela so i could bully him in chat akiramEta
[2022-12-25 22:40:47] <%Pandushe> HAVE to watch ela huh
[2022-12-25 22:41:01] <%AkirameMiko> contractually obligated for the next 5 years akiramEta
[2022-12-25 22:41:09] <%Pandushe> thats rough
[2022-12-25 22:42:16] Disconnected
[2022-12-25 22:42:16] Attempting to reconnect in 1 seconds.. (1/∞)
[2022-12-25 22:42:17] Connecting to
[2022-12-25 22:42:56] Joining #elajjaz..
[2022-12-25 22:42:56] You have joined #elajjaz
[2022-12-25 22:43:25] <%AkirameMiko> i don't remember what was the last movie or show i watched actually
[2022-12-25 22:43:30] <%AkirameMiko> it's been so long
[2022-12-25 22:43:54] <%Pandushe> i kinda feel that
[2022-12-25 22:44:00] <%Pandushe> havent watched movies in forever
[2022-12-25 22:45:37] <@%^StreamElements> Wanna keep in touch with Ela and the community outside the streams? Join our discord https://discord.gg/qPP7VgANa9 it's open for everyone!
[2022-12-25 22:47:32] <%AkirameMiko> actually i think the last time was me watching some old soviet movies/cartoons on stream PepeLaugg like a year ago
[2022-12-25 22:50:51] <%Pandushe> everytime i try to watch a movie
[2022-12-25 22:51:01] <%Pandushe> i find myself looking for excuses to just get up and do something else
[2022-12-25 22:54:34] <%AkirameMiko> most modern movies also kinda suck
[2022-12-25 22:54:39] <%AkirameMiko> BBoomer
[2022-12-25 22:56:04] <%AkirameMiko> i tab back into bdo and there's an amogus on my ship SUSSY amogus
[2022-12-25 23:09:23] <zoibergOne> oh yeah gdq soon
[2022-12-25 23:10:05] <zoibergOne> fallout 3 all quests PauseChamp
[2022-12-25 23:10:09] <zoibergOne> thats new
[2022-12-25 23:10:33] <zoibergOne> Astral Chain Pog
[2022-12-25 23:14:55] <%$HappiSmyle> gn chat Bedge
[2022-12-25 23:15:09] <%gadrus> pepeL gn HappiSmyle
[2022-12-25 23:23:03] <%ekahS_> happi gone Smadge
[2022-12-25 23:28:26] <%tami_sv> atpQuan chat
[2022-12-25 23:28:33] <%tami_sv> ekahS_ moon2S nice badge
[2022-12-25 23:29:00] <%ekahS_> @tami_sv thx elaFlushed
[2022-12-25 23:29:53] <%tami_sv> Sadge I lost at Marbles
[2022-12-25 23:30:00] <%tami_sv> Sadge 1/1000 chance
[2022-12-25 23:30:04] <%ekahS_> Sadeg
[2022-12-25 23:33:44] <%tami_sv> chat, is Dishonored 2 worth get? did they fix optimization?
[2022-12-25 23:35:00] <%tami_sv> since Deathloop had same shit issues, I have no idea
[2022-12-25 23:36:02] <%ekahS_> 4Shrug never played it
[2022-12-25 23:55:16] <jajecznicaomlet> ela5Head
