# Log started: 2022-12-13 00:32:58 +0100
[2022-12-13 00:32:58] <@^StreamElements> Thank you for following Hydro12607 :)
[2022-12-13 00:49:54] <@^StreamElements> Thank you for following bone_black_ :)
[2022-12-13 01:18:10] <Sharkfalcon> a
[2022-12-13 01:41:43] <@%CanelaMGT> o
[2022-12-13 03:49:03] <@^StreamElements> Thank you for following caljaco :)
[2022-12-13 04:17:26] <@^StreamElements> Thank you for following citerake :)
[2022-12-13 04:57:24] <@^StreamElements> Thank you for following RemRin287 :)
[2022-12-13 04:58:29] <@^StreamElements> Thank you for following BelleSuiren :)
[2022-12-13 05:24:27] <@^StreamElements> Thank you for following firedragonsreturn :)
[2022-12-13 05:27:31] <@^StreamElements> Thank you for following ReiyuGuiGui :)
[2022-12-13 05:30:46] <@^StreamElements> Thank you for following law_vtuber :)
[2022-12-13 06:17:14] <@^StreamElements> Thank you for following KasuGrad :)
[2022-12-13 06:17:59] <@^StreamElements> Thank you for following kageyaudi :)
[2022-12-13 06:20:57] <@^StreamElements> Thank you for following drkstrkr20 :)
[2022-12-13 06:39:19] <@^StreamElements> Thank you for following TangTheOrang :)
[2022-12-13 06:40:12] <@^StreamElements> Thank you for following Sol_VTuber :)
[2022-12-13 07:35:11] <@^StreamElements> Thank you for following thevampiricfox :)
[2022-12-13 08:59:47] <@^StreamElements> Thank you for following elpaan :)
[2022-12-13 09:14:34] <Lurkaar> rikkuComfy
[2022-12-13 10:31:23] <@^StreamElements> Thank you for following Charkuri :)
[2022-12-13 13:50:25] <@^StreamElements> Thank you for following Taronius :)
[2022-12-13 13:52:13] <@^StreamElements> Thank you for following darklight_owo :)
[2022-12-13 15:39:24] <@^StreamElements> Thank you for following volcanicflareg :)
[2022-12-13 15:40:23] <@^StreamElements> Thank you for following RIIN_CHU :)
[2022-12-13 17:11:36] <@^StreamElements> Thank you for following Griww :)
[2022-12-13 18:32:19] <@^StreamElements> Thank you for following Rufous420 :)
[2022-12-13 21:06:00] <@^StreamElements> Thank you for following KapteeniTunkki :)
[2022-12-13 21:13:08] <@^StreamElements> Thank you for following OldSaintBlick :)
[2022-12-13 22:05:57] <@^StreamElements> Thank you for following Necrozma_24 :)
