# Log started: 2022-12-07 17:32:46 +0100
[2022-12-07 17:32:46] ~2 gift subs = PET | Dungeons with David Harbour on !youtube | Canon Photoshoot later! In paid collaboration with @CanonNordic | !restedxp (World of Warcraft)~
[2022-12-07 17:32:46] Joining #anniefuchsia..
[2022-12-07 17:32:46] You have joined #anniefuchsia
[2022-12-07 17:32:46] VIEWERS: 856
[2022-12-07 17:33:02] <sureshot85> Is the 2 subs still that scarecrow pet? Nothing new?
[2022-12-07 17:33:03] <%Morgonbladet> Can you change from video mode to picture mode?
[2022-12-07 17:33:35] <stegaru95> wheres the world boss?
[2022-12-07 17:33:37] <%Collnaris> change video to warmode?
[2022-12-07 17:33:56] <%autumn_leaves0> something sounded liek the predator monkaHmm
[2022-12-07 17:33:57] <%Hezmund> Annie has a new addon monkaW
[2022-12-07 17:33:58] VIEWERS: 856
[2022-12-07 17:34:03] <%Hezmund> What is it monkaW
[2022-12-07 17:34:20] <+doomhamatime> good morning annie. whats your favorite warlock spec?
[2022-12-07 17:34:31] <%Geoffku> weakaura actually 🤓 ☝️
[2022-12-07 17:34:34] <%Morgonbladet> Tamas todo list?
[2022-12-07 17:34:41] <%Hezmund> I want it Madge
[2022-12-07 17:34:42] <%Mirkooo> @Morgonbladet yes
[2022-12-07 17:34:48] <%Mirkooo> @Hezmund https://wago.io/9MpDLGWp3
[2022-12-07 17:34:49] <%+ein_sof93> is that a super rare tracker?
[2022-12-07 17:35:11] <%Swiggyswoo_> oh got a new campaign quest today POGGERS
[2022-12-07 17:35:14] <%+ein_sof93> i havent been doing rares at all need to start
[2022-12-07 17:35:16] <%Mirkooo> Tracks rares based on loot for your class Prayge
[2022-12-07 17:35:20] <+tyforse> PSA: If it doesn't show up when you add it, it's just "offscreen" so you have to re position it
[2022-12-07 17:35:30] <%+ein_sof93> bong break
[2022-12-07 17:35:39] <%Taylor131313> cya in 30
[2022-12-07 17:35:41] <%BenchmarkCAD> im trying to do the fisherman guy but hes still not showing up despite being 25 fishing and more than 7 renown
[2022-12-07 17:35:52] <%BenchmarkCAD> i think theres something else u gotta do but idk what
[2022-12-07 17:35:58] VIEWERS: 856
[2022-12-07 17:36:36] <%NoName6834> ran into a cheater in fornite Madge was invisible when spectating him and I couldn't sprint during the match
[2022-12-07 17:37:58] VIEWERS: 868
[2022-12-07 17:38:06] <%drzaius30> did you report him ?
[2022-12-07 17:38:33] <%$Hasan_Lurker> peepoSnowball report this
[2022-12-07 17:38:36] <%Taylor131313> ok chat, can't do this anymore in just over an hour so watch it
[2022-12-07 17:38:41] <%Taylor131313> ───────────────── ▄▄▀▀▀▀█──────▄▄▀▀▀▀█─── █▒░░▄░█─────▄█▒░░▄░█──── █▀▀▀▄▄▀───▄▀▒▀▀▀▄▄▀───── █▒░░░█──█▒░░░░▄▀─▄▄▀▀▀▀█ █▒░░░█─█▒░░░░▄▀─▄█▒░░▄░█ █▒░░░█▒█░░░░█─▄▄▀▒▀▀▀▄▄▀ █▒▒▒▒▒▒▀▒▒▒▒▒▀░░░░░░▄▀ ██▒▒▒▒▒░░░░░░░░░░▀▀▄▄── ███▓▓▒▒▒▀▀▀█▄▒▒░░░█░░▀▀▄ ▓██▓▒▒▒▒▒▒▒▒▒█▀▀▄▄█▒░▄░█ ▓▓█▓▒▒▒▒▒▒▓▒▒█░░░░▀▀▄▄▄█░ ░▒▒▀▀▄▄▄▄█▄▄▀░░░░░░░
[2022-12-07 17:38:41] DELETED: Taylor131313 (───────────────── ▄▄▀▀▀▀█──────▄▄▀▀▀▀█─── █▒░░▄░█─────▄█▒░░▄░█──── █▀▀▀▄▄▀───▄▀▒▀▀▀▄▄▀───── █▒░░░█──█▒░░░░▄▀─▄▄▀▀▀▀█ █▒░░░█─█▒░░░░▄▀─▄█▒░░▄░█ █▒░░░█▒█░░░░█─▄▄▀▒▀▀▀▄▄▀ █▒▒▒▒▒▒▀▒▒▒▒▒▀░░░░░░▄▀ ██▒▒▒▒▒░░░░░░░░░░▀▀▄▄── ███▓▓▒▒▒▀▀▀█▄▒▒░░░█░░▀▀▄ ▓██▓▒▒▒▒▒▒▒▒▒█▀▀▄▄█▒░▄░█ ▓▓█▓▒▒▒▒▒▒▓▒▒█░░░░▀▀▄▄▄█░ ░▒▒▀▀▄▄▄▄█▄▄▀░░░░░░░)
[2022-12-07 17:38:41] <@%^Nightbot> @Taylor131313 -> What an interesting hypothesis. [stop spamming symbols] [warning]
[2022-12-07 17:38:44] <%Geoffku> HandsUp
[2022-12-07 17:38:48] <%Taylor131313> HandsUp
[2022-12-07 17:38:49] <%$Hasan_Lurker> HandsUp
[2022-12-07 17:38:50] <%drzaius30> Taylor Ban incoming
[2022-12-07 17:38:50] <%+ein_sof93> imagine cheating to kill prepubescent kids, weaaaaak dude
[2022-12-07 17:38:56] [Usernotice] Voidyssey is gifting 2 Tier 1 Subs to AnnieFuchsia's community! They've gifted a total of 2 in the channel!
[2022-12-07 17:38:57] [Notification] Voidyssey gifted a Tier 1 sub to raTTiDA1337! raTTiDA1337 has subscribed for 2 months!
[2022-12-07 17:38:57] [Notification] Voidyssey gifted a Tier 1 sub to Zanetrox!
[2022-12-07 17:39:06] <%Taylor131313> nah I wouldn't do it during special segments peepoS
[2022-12-07 17:39:07] <%bYTEfROG> nice kicked from m0 group for not giving them the loot wtf
[2022-12-07 17:39:19] <%drzaius30> @Taylor131313 monkaGun
[2022-12-07 17:39:20] <%Taylor131313> pugging life
[2022-12-07 17:39:58] VIEWERS: 831
[2022-12-07 17:40:01] <%bYTEfROG> "assclap-thrall" does not like to share
[2022-12-07 17:40:02] <%+ein_sof93> bruh last m0 group i had was plate stacking and the leader was so entitled too asking for every trinket going even though they were most geared
[2022-12-07 17:40:38] <%PanicRush> monkaW i see you
[2022-12-07 17:40:38] <%Taylor131313> monkaW
[2022-12-07 17:40:40] <%Mirkooo> I see you monkaW
[2022-12-07 17:40:42] <%+ein_sof93> its like you know i can just find another group or create my own this is a mutual thing i dont owe u just cos ur a group leader bitch
[2022-12-07 17:40:44] <%$loppish91> he can see annie monkaW
[2022-12-07 17:40:58] <%Taylor131313> welcome back
[2022-12-07 17:40:58] <%Collnaris> snarglebutt
[2022-12-07 17:40:58] <%$Hasan_Lurker> monkaW
[2022-12-07 17:41:00] <%PanicRush> welcome back
[2022-12-07 17:41:01] <%+ein_sof93> that was a quick smoke
[2022-12-07 17:41:04] <%Mirkooo> wb
[2022-12-07 17:41:04] <%Taylor131313> feeling suddenly cold anniesCozy
[2022-12-07 17:41:05] <%JurgenRapp> peepoComfy
[2022-12-07 17:41:06] <%PanicRush> also cold pepeW
[2022-12-07 17:41:11] <%Sne4ky79> welcome back
[2022-12-07 17:41:13] <%OJ_Hype> nymnCozy
[2022-12-07 17:41:16] <%Taylor131313> do you have an artsy hoodie to go with the artsy shirt?
[2022-12-07 17:41:17] <%Geoffku> welcome back
[2022-12-07 17:41:18] <%OJ_Hype> im also sat here in my robe
[2022-12-07 17:41:25] <%+lila_finvarria> wb
[2022-12-07 17:41:25] <%OJ_Hype> peepoMongbat
[2022-12-07 17:41:42] <%PanicRush> which rare is that? Binoculars
[2022-12-07 17:41:44] <%mangan1965> It is coold in Sweden. Even in Skåne
[2022-12-07 17:41:46] <%NoName6834> welcome back
[2022-12-07 17:41:50] <%+ein_sof93> what ilvl is max for normal rares chat? is it 372?
[2022-12-07 17:41:57] <@%^Annies_Bot>* The sub-train has ended at 2!
[2022-12-07 17:41:58] VIEWERS: 831
[2022-12-07 17:41:59] <%Geoffku> that rare dies fast
[2022-12-07 17:42:02] <%Geoffku> I just missed it too
[2022-12-07 17:42:20] <%BenchmarkCAD> there was a guy showing up on my map with a bounty with pvp mode on, thats pretty sweet
[2022-12-07 17:42:20] <%Makkan780> @mangan1965 snowing in lund atm Pog
[2022-12-07 17:42:20] <%OJ_Hype> annie if i have silverdragon and im not in a group, will it only alert me when rares spawn around me?
[2022-12-07 17:42:21] <%NoName6834> no preach video?
[2022-12-07 17:42:22] <%Collnaris> you're not legible or eligible? Hmmm
[2022-12-07 17:42:27] <%OJ_Hype> or do i get guild notifications
[2022-12-07 17:42:40] <%Geoffku> too late for preach video now
[2022-12-07 17:43:00] <%Taylor131313> xdd
[2022-12-07 17:43:05] <%Geoffku> xdd
[2022-12-07 17:43:08] <%OJ_Hype> or anyone else in chat know?
[2022-12-07 17:43:09] <%Geoffku> she forgor 💀
[2022-12-07 17:43:09] <%Regnory> xdd
[2022-12-07 17:43:12] <%Belandrial> Wait, what? Is that WQ bugged for you? O.o
[2022-12-07 17:43:14] <%NoName6834> anniesXD
[2022-12-07 17:43:16] <%Mirkooo> 6pm already monkaS
[2022-12-07 17:43:17] [Usernotice] An anonymous user is gifting 1 Tier 1 Subs to AnnieFuchsia's community!
[2022-12-07 17:43:18] [Notification] An anonymous user gifted a Tier 1 sub to roguefoxx!
[2022-12-07 17:43:20] <%OJ_Hype> we wasted like 2 hours on 5 wqs OMEGALUL
[2022-12-07 17:43:24] <%Collnaris> time flies when you're having fun anniesHAA
[2022-12-07 17:43:25] <%AHSeanR> Time had dragonriding
[2022-12-07 17:43:25] <%StayAwesome> @ein_sof93 Wait, does annie smoke?
[2022-12-07 17:43:27] <%Enoz___> it spread it's wings
[2022-12-07 17:43:32] <%Geller0> You had fun
[2022-12-07 17:43:36] <%Collnaris> more like dragonflies
[2022-12-07 17:43:41] <%Taylor131313> you're doing the M0s tomorrow most likely then? I'm available all day since tomorrow is a holiday in italy @AnnieFuchsia anniesHmm
[2022-12-07 17:43:43] <%Geoffku> CiGrip
[2022-12-07 17:43:43] <%acuron> because we are having fun peepoClap
[2022-12-07 17:43:48] <%$loppish91> she only take coke
[2022-12-07 17:43:48] <%decrode> Smoge
[2022-12-07 17:43:51] <%CKM___> She just does coke YEP
[2022-12-07 17:43:52] <%OJ_Hype> annie lets be honest, the amount of long afks you have
[2022-12-07 17:43:55] <%OJ_Hype> you must be smoking
[2022-12-07 17:43:59] VIEWERS: 831
[2022-12-07 17:44:02] <%Collnaris> annie do you snus?
[2022-12-07 17:44:04] <%+ein_sof93> @StayAwesome she does but she doesnt like to talk about it, she sais she has some young impressionable viewers and will deny it if asked on stream
[2022-12-07 17:44:05] <%decrode> true actually
[2022-12-07 17:44:06] <%NoName6834> just noticed I have 26s delay Smadge
[2022-12-07 17:44:17] <%OJ_Hype> its like the people at the office who get to go on smoke breaks every hour
[2022-12-07 17:44:17] <%BenchmarkCAD> PJSugar  LUL
[2022-12-07 17:44:19] <%Geoffku> our streamer is a smoker peepoSad
[2022-12-07 17:44:24] <%OJ_Hype> while everyone else is only allowed 1 15 minute break
[2022-12-07 17:44:41] <%NoName6834> smoletime empte gone too PepeHands
[2022-12-07 17:44:47] <%NoName6834> smoketime
[2022-12-07 17:44:51] <%Geoffku> smoletime empte NOTED
[2022-12-07 17:45:03] <%NoName6834> Smadge
[2022-12-07 17:45:12] <%drzaius30> anniesAbsoluteDisaster 🚬
[2022-12-07 17:45:13] <@%^Nightbot> Corsair rolled an Evoker class and are casting some crazy deals! Head to https://cor.sr/AnnieDeals and use code "ANNIEHOLIDAY" at checkout between 11/28th - 12/6 (ends 6PM CET) to receive the best deals possible!
[2022-12-07 17:45:48] <%PanicRush> ah damn, i was just about to ask if i can also join LUL
[2022-12-07 17:45:54] <%lillostar> ;) <3
[2022-12-07 17:45:59] VIEWERS: 790
[2022-12-07 17:46:10] <%Risantos> I don't like those, the 2 that's in Ohn'ara planes are the only ones I don't have gold on
[2022-12-07 17:46:10] <@%^Nightbot> Stream, create, and compete at the highest levels with industry-leading features and the latest hybrid architecture with 13th Gen Intel® Core™ desktop processors https://wehy.pe/t/101/anniefuchsia #ad
[2022-12-07 17:46:14] <%+ein_sof93> kinda annoying super rares give good loot i cba going round every day to do that shit but overall dragonflight is really good so far imo
[2022-12-07 17:46:19] <%Collnaris> 😉
[2022-12-07 17:46:37] <%NoName6834> ConcernFroge
[2022-12-07 17:46:38] <%Geoffku> exploiting WeirdDude
[2022-12-07 17:47:15] <%+lila_finvarria> what map addon do you use ? so cool layout
[2022-12-07 17:47:33] <%Collnaris> @NoName6834 you're unaware PepeLaugh
[2022-12-07 17:47:43] <crimzic_raven> Hi Annie! Coming from the Among Us side of things to check out your WoW content. Hope you're having a good day!
[2022-12-07 17:47:45] <%PanicRush> that gear quest reward doesnt scale above 363 for me
[2022-12-07 17:47:51] <%+lila_finvarria> nah the map itself. i have also handynotes ^^
[2022-12-07 17:48:00] VIEWERS: 790
[2022-12-07 17:48:01] <%+lila_finvarria> or do you have smth like elvui ?
[2022-12-07 17:48:10] <%NoName6834> @NoName6834 Susge
[2022-12-07 17:48:22] <%drzaius30> @NoName6834 unaware of what ? Susge
[2022-12-07 17:48:27] <%OJ_Hype> annie if i have silverdragon and im not in a group, will it only alert me when rares spawn around me? or do i get guild notifications? Like can i afk at that mount rare while working and only get a ping when it spawns
[2022-12-07 17:48:31] <+bkro> your silver dragon notifications are making me paranoid
[2022-12-07 17:48:33] <%PanicRush> can i get an ivite to this rare please?
[2022-12-07 17:48:33] [Usernotice] desmondwall16 is gifting 2 Tier 1 Subs to AnnieFuchsia's community! They've gifted a total of 2 in the channel!
[2022-12-07 17:48:33] [Notification] desmondwall16 gifted a Tier 1 sub to r2marul!
[2022-12-07 17:48:33] [Notification] desmondwall16 gifted a Tier 1 sub to AviNull!
[2022-12-07 17:48:43] <%PanicRush> nvm rip
[2022-12-07 17:48:51] <smooyacs> im the biggest fan !
[2022-12-07 17:48:54] <%Collnaris> you get guild notifications if guild members have it
[2022-12-07 17:48:56] <%Geoffku> I turned off guild notifications
[2022-12-07 17:49:04] <%PanicRush> i really needed this rare
[2022-12-07 17:49:11] <%+Z3ROR> Persistent World map is also a handy map addon. It saves last zoom/pan setting when you reopen it.
[2022-12-07 17:49:16] <F_o_t_o_n> i think this patch no one can do multiboxes , and its real g0od
[2022-12-07 17:49:20] <F_o_t_o_n> how u thinks
[2022-12-07 17:49:20] <%Collnaris> guild is just text notifications
[2022-12-07 17:49:21] <%+Ethian> nice
[2022-12-07 17:49:33] <%Collnaris> if you see the rare, it will do a loud alert
[2022-12-07 17:49:37] <%Taylor131313> ilvl is probably still better for weapon because more int
[2022-12-07 17:49:37] <%OJ_Hype> thats not true
[2022-12-07 17:49:49] <%Mirkooo> Deadge
[2022-12-07 17:49:59] <%Collnaris> i heckin love multiboxing BatChest
[2022-12-07 17:50:00] <%Hezmund> Anyone know why tama's Todo isn't showing for me Madge I moved it from offscreen but it won't show when i close the WA menu pepeha
[2022-12-07 17:50:00] VIEWERS: 805
[2022-12-07 17:50:08] <%Hezmund> PepeHands
[2022-12-07 17:50:17] <%Geoffku> annie did you buy your 376 gloves from the renown vendor yet?
[2022-12-07 17:50:20] <F_o_t_o_n> i mean players cant fly and do multi box gathering any more
[2022-12-07 17:50:26] <F_o_t_o_n> cuse of fly system
[2022-12-07 17:50:47] <%Hezmund> ? ofc they can
[2022-12-07 17:50:54] <%+ein_sof93> its where you box multiple people at the same time, its mostly done by teenagers who think theyre rocky after a few cans of heineken
[2022-12-07 17:50:55] <%Belandrial> Ofc you can
[2022-12-07 17:50:55] <%Mirkooo> @Hezmund Weird, double check the "load" options, maybe "Alive" isnt checked?
[2022-12-07 17:50:59] <%Belandrial> you get a 2 player mount
[2022-12-07 17:50:59] <%Collnaris> they still can
[2022-12-07 17:51:01] <F_o_t_o_n> omg
[2022-12-07 17:51:03] <%+Novah_exe> !youtube
[2022-12-07 17:51:04] <@%^Nightbot> Latest video: I played WoW with David Harbour | He watches Asmongold?! https://youtu.be/UnhvdM8br2U anniesHype
[2022-12-07 17:51:12] <Dramaking_69> crowegCATJAM crowegCATJAM crowegCATJAM crowegCATJAM crowegCATJAM
[2022-12-07 17:51:21] <smooyacs> nice climbing
[2022-12-07 17:51:23] <%Hezmund> @Hezmund first thing I did was toggle that on Sadge
[2022-12-07 17:51:29] <%Mirkooo> @Hezmund Weird D:
[2022-12-07 17:51:35] <F_o_t_o_n> just with 2 chars , not any more
[2022-12-07 17:51:36] <@%^Annies_Bot>* The sub-train has ended at 3!
[2022-12-07 17:51:49] <%Hezmund> I'll try and restart and see if that fixes it
[2022-12-07 17:51:50] <%OJ_Hype> annie did you ever try indoor rock climbing?
[2022-12-07 17:51:51] <%OJ_Hype> its really fun
[2022-12-07 17:52:00] VIEWERS: 833
[2022-12-07 17:52:02] <%Geoffku> got a useless 382 hunter trinket DansGame
[2022-12-07 17:52:06] <%decrode> that requires having upper body strength OJ
[2022-12-07 17:52:11] <%Sne4ky79> @Hezmund have you seen warhammer rogue trader ? It seems like a great crpg
[2022-12-07 17:52:11] <%OJ_Hype> OMEGALUL
[2022-12-07 17:52:21] <%Hezmund> @Sne4ky79 Already pre-ordered KEKLEO
[2022-12-07 17:52:31] <%Sne4ky79> Pog
[2022-12-07 17:52:33] <%+Cairnborn> What is tams's todo list?
[2022-12-07 17:52:35] <%OJ_Hype> annie casually being roasted PepeLaugh
[2022-12-07 17:52:42] <%decrode> PepeLaugh
[2022-12-07 17:52:49] <%PanicRush> what ilvl does it give you? @AnnieFuchsia
[2022-12-07 17:53:06] <%Makkan780> thats fun
[2022-12-07 17:53:08] <%OJ_Hype> how many decades ago?
[2022-12-07 17:53:13] <%Hezmund> what ilvl is annie now?
[2022-12-07 17:53:19] <%PanicRush> dunno, she doesnt want to answer
[2022-12-07 17:53:27] <%BenchmarkCAD> only 2 ppl have looted the breezebiter since it was listed
[2022-12-07 17:53:27] <%Sne4ky79> @Hezmund I didnt know about until today saw cohh play it LUL
[2022-12-07 17:53:28] <%Geoffku> great now I'm thinking annie's silverdragon sounds are mine LUL
[2022-12-07 17:53:29] <%Makkan780> like 2 for me @OJ_Hype LUL
[2022-12-07 17:53:47] <%drzaius30> i had a rock climbing wall at my school was pretty Pog
[2022-12-07 17:53:57] <%Hezmund> @Sne4ky79 I knew about it since it was announced LuL
[2022-12-07 17:54:00] VIEWERS: 833
[2022-12-07 17:54:11] <%Sne4ky79> @Hezmund I might buy it today
[2022-12-07 17:54:34] <%PanicRush> @AnnieFuchsia what ilvl does that WQ give you?
[2022-12-07 17:54:41] <%Geoffku> I copied your xylophone sounds ye
[2022-12-07 17:54:46] <%Collnaris> wat
[2022-12-07 17:54:51] <%Sne4ky79> Wat
[2022-12-07 17:54:55] <%Regnory> Wat
[2022-12-07 17:55:04] <%Collnaris> just because she doesn't see comment WeirdChamp
[2022-12-07 17:55:16] <%Enoz___> Secret ilvl, secret age. so many secrets LUL
[2022-12-07 17:55:20] <%Belandrial> ilvl is at least 1 but not higher than 1012309
[2022-12-07 17:55:40] <%Belandrial> The WQ summons the correct one for you.
[2022-12-07 17:55:40] <%Taylor131313> you don't need to summon it yourself, just wait for someone to summon it
[2022-12-07 17:55:44] <%PanicRush> the humor behind the joke was that your ilvl is so low you prefer to dodge an uncomfortable question @AnnieFuchsia
[2022-12-07 17:55:57] <%Taylor131313> and I got DC'd from dragonriding LETSGO
[2022-12-07 17:56:01] VIEWERS: 824
[2022-12-07 17:56:06] <%Taylor131313> I really hope they improve that
[2022-12-07 17:56:09] <%Collnaris> wat
[2022-12-07 17:56:11] <%Makkan780> LULW
[2022-12-07 17:56:12] <%PanicRush> thanks
[2022-12-07 17:56:15] <%Sne4ky79> @Taylor131313 oh no
[2022-12-07 17:56:21] [Notification] m1ndflux subscribed at Tier 1. They've subscribed for 16 months! [Hi chat and Annie Y'all cute !]
[2022-12-07 17:56:21] <@%^Annies_Bot>* m1ndflux has subscribed 16 months in a row! Welcome DIAMOND! anniesL
[2022-12-07 17:56:21] <@%^Annies_Bot> anniesH anniesH anniesH anniesH anniesH anniesH anniesH anniesH anniesH anniesH anniesH anniesH anniesH anniesH anniesH anniesH
[2022-12-07 17:56:27] <%Taylor131313> that's correct
[2022-12-07 17:56:37] <juwnies> @m1ndflux no you
[2022-12-07 17:56:40] <%Hezmund> @AnnieFuchsia i asked what your ilvl was so thank you for answering YEP
[2022-12-07 17:56:40] <%drzaius30> peepoCute
[2022-12-07 17:56:42] <%Taylor131313> oh no, DC loop anniesNotLikeThis
[2022-12-07 17:56:45] <%Thranduil_333> @taylor131313 I got DC'd on a mountain and couldn't log back in for like half an hour LULW
[2022-12-07 17:56:52] <%drzaius30> @Taylor131313 anniesPoint
[2022-12-07 17:57:03] <%Taylor131313> Annie you're doing the M0s tomorrow most likely? I'm available all day since tomorrow is a holiday in italy @AnnieFuchsia anniesHmm
[2022-12-07 17:57:05] <%Makkan780> im 382 EZ
[2022-12-07 17:57:08] <%Geoffku> I finally hit 370 Pog
[2022-12-07 17:57:11] <%Mirkooo> All of the gear is gonna get replaced next week anyways
[2022-12-07 17:57:16] <%$Hasan_Lurker> Sadge not even 369
[2022-12-07 17:57:18] <%PanicRush> @AnnieFuchsia what ilvl do those WQs reward you?
[2022-12-07 17:57:20] <%OJ_Hype> so breezebiter spawns in that cae ye?
[2022-12-07 17:57:22] <%Belandrial> I've been unlucky in my rare farming anniesCry
[2022-12-07 17:57:25] <%OJ_Hype> cave*
[2022-12-07 17:57:26] <%Taylor131313> I can't even get in game and I get DC KEKW
[2022-12-07 17:57:30] <%Hezmund> yeah I'm 371 already, will have enough Primal chaos to craft a 389 piece today YEP
[2022-12-07 17:57:31] <%PneumaWHU> yes OJ
[2022-12-07 17:57:35] <%OJ_Hype> noice
[2022-12-07 17:57:39] <%OJ_Hype> just gonna afk here then
[2022-12-07 17:57:41] <%Collnaris> ye OJ
[2022-12-07 17:57:43] <%drzaius30> KEKW
[2022-12-07 17:57:44] <%Geoffku> unlucky LULW
[2022-12-07 17:57:49] <%Belandrial> peepoPoint
[2022-12-07 17:57:52] <%Belandrial> D:
[2022-12-07 17:57:54] <%Mirkooo> rip KEKW
[2022-12-07 17:57:59] <%Geoffku> taylor stop spamming
[2022-12-07 17:58:01] <%decrode> Taylor131313 quit spamming guild chat
[2022-12-07 17:58:01] VIEWERS: 824
[2022-12-07 17:58:02] <%Taylor131313> this is so dumb, blizzard should really fix this dragonriding dcs
[2022-12-07 17:58:04] <%decrode> Kapp
[2022-12-07 17:58:08] <%Geoffku> decrode KEKLEO
[2022-12-07 17:58:09] <%Mirkooo> @Taylor131313 TRUE
[2022-12-07 17:58:19] <%PanicRush> does Annie hate me for a bad joke now? LUL
[2022-12-07 17:58:22] <%drzaius30> @Belandrial you have to use the the Annie recommended anniesPoint anniesSole
[2022-12-07 17:58:30] <%Taylor131313> LET ME LOG IN AAAAAAAAAAAAA
[2022-12-07 17:58:32] BAN: PanicRush (600s)
[2022-12-07 17:58:33] <%Collnaris> wat
[2022-12-07 17:58:33] <%Belandrial> The simple fix is to log another character, Tay and then relog
[2022-12-07 17:58:34] <%decrode> just move on PanicRush
[2022-12-07 17:58:43] <discoclara> <2
[2022-12-07 17:58:46] <%Geoffku> bruh
[2022-12-07 17:58:48] <%Collnaris> bruh LULE
[2022-12-07 17:58:49] <%Belandrial> anniesFF
[2022-12-07 17:58:50] <%+m1ndflux> KEKW
[2022-12-07 17:59:00] <%Belandrial> @Belandrial At least I know now xD
[2022-12-07 17:59:01] <%OJ_Hype> monkaLaugh
[2022-12-07 17:59:01] <%drzaius30> YEP have a cool down
[2022-12-07 17:59:03] <%acuron> DIESOFCRINGE
[2022-12-07 17:59:25] <space00man> any one got zenet up today :)
[2022-12-07 17:59:30] [Notification] almeeee subscribed at Tier 1. They've subscribed for 28 months! [happy birthday annie!]
[2022-12-07 17:59:30] <@%^Annies_Bot>* almeeee has subscribed 28 months in a row! Welcome DIAMOND! anniesL
[2022-12-07 17:59:30] <@%^Annies_Bot> anniesH anniesH anniesH anniesH anniesH anniesH anniesH anniesH anniesH anniesH anniesH anniesH anniesH anniesH anniesH anniesH anniesH anniesH anniesH anniesH anniesH anniesH anniesH anniesH anniesH anniesH anniesH anniesH
[2022-12-07 17:59:32] <+doomhamatime> do you have a preferred set of PvP talents for affliction?
[2022-12-07 17:59:32] <%Taylor131313> Pog
[2022-12-07 17:59:33] <%Mirkooo> PauseChamp
[2022-12-07 17:59:33] <%Collnaris> Pog getting the group ready
[2022-12-07 17:59:34] <%$Hasan_Lurker> monkaW
[2022-12-07 17:59:36] <%Geoffku> Pog
[2022-12-07 17:59:38] <%drzaius30> Pog
[2022-12-07 17:59:38] <%decrode> PauseChamp
[2022-12-07 17:59:41] <%Sne4ky79> Pog
[2022-12-07 17:59:57] <%Collnaris> are they new to discord too?
[2022-12-07 17:59:57] <%Taylor131313> @Belandrial didn't work Smadge
[2022-12-07 17:59:58] <%Geoffku> FeelsBirthdayMan
[2022-12-07 18:00:02] VIEWERS: 855
[2022-12-07 18:00:16] <%Belandrial> Sadge
[2022-12-07 18:00:18] <%Geoffku> it's @drzaius30 birthday tho FeelsBirthdayMan
[2022-12-07 18:00:26] <@%^Nightbot> Corsair rolled an Evoker class and are casting some crazy deals! Head to https://cor.sr/AnnieDeals and use code "ANNIEHOLIDAY" at checkout between 11/28th - 12/6 (ends 6PM CET) to receive the best deals possible!
[2022-12-07 18:00:34] <%$Hasan_Lurker> sofieBirthday
[2022-12-07 18:00:36] <%OJ_Hype> ^ command outdated
[2022-12-07 18:00:39] <%OJ_Hype> the event is over
[2022-12-07 18:00:54] <%Aegis_2566> Code doesnt work
[2022-12-07 18:00:55] <%$Hasan_Lurker> Sadge
[2022-12-07 18:01:01] <%Belandrial> The armaments have a like 40% drop, Annie. Raiders and dominators only
[2022-12-07 18:01:19] <@%^Nightbot> Stream, create, and compete at the highest levels with industry-leading features and the latest hybrid architecture with 13th Gen Intel® Core™ desktop processors https://wehy.pe/t/101/anniefuchsia #ad
[2022-12-07 18:01:23] <%Geoffku> I spotted a wild enzo in game
[2022-12-07 18:01:23] BAN: Geoffku (300s)
[2022-12-07 18:01:23] [Points] drzaius30 redeemed a custom reward (unknown) [@Geoffku]
[2022-12-07 18:01:23] BAN: Geoffku (300s)
[2022-12-07 18:01:32] <%Collnaris> you said the game was on stream right?
[2022-12-07 18:01:33] <%drzaius30> not my birthday YEP
[2022-12-07 18:01:46] <%Taylor131313> xdd
[2022-12-07 18:01:56] <%decrode> anyone have approximate time for next soup spawn?
[2022-12-07 18:02:02] VIEWERS: 855
[2022-12-07 18:02:08] <%PneumaWHU> 28 mins
[2022-12-07 18:02:08] <%Taylor131313> wowhead says 28 min dekord
[2022-12-07 18:02:11] <%decrode> thank
[2022-12-07 18:02:12] <%Bloodmatch> any leather mythic dungeoners this evening?
[2022-12-07 18:02:13] <%PneumaWHU> wowhead have it on front page now
[2022-12-07 18:02:29] <%Collnaris> i meant on steam KEKW
[2022-12-07 18:02:32] <@%^Annies_Bot>* The sub-train has ended at 2!
[2022-12-07 18:02:32] <eurojack777> why give twitch half when you can keep it all???
[2022-12-07 18:02:33] <%drzaius30> just a playstation sound of support
[2022-12-07 18:02:50] <%Taylor131313> paypal takes some instead sadlt
[2022-12-07 18:02:54] <%Taylor131313> sadly*
[2022-12-07 18:02:58] <%decrode> swedish government takes half instead Sadge
[2022-12-07 18:03:02] <Jokkzi> How are you finding aff lock this expansion? my friends give me a hard time for playing it lul
[2022-12-07 18:03:14] <%Collnaris> can i donate to the swedish king?
[2022-12-07 18:03:18] <%+m1ndflux> I love this emote anniesLurk LOL
[2022-12-07 18:03:21] <%drzaius30> well it frees them from adge
[2022-12-07 18:03:29] <%$Hasan_Lurker> anniesLurk yo where's my box
[2022-12-07 18:03:31] <%OJ_Hype> decrode maybe even more than half if shes in a high tax bracket
[2022-12-07 18:03:36] [Notification] Gorediablo subscribed at Tier 1. They've subscribed for 4 months! [ty for the content. I happen to love WoW]
[2022-12-07 18:03:37] <@%^Annies_Bot>* Gorediablo has subscribed 4 months in a row! Welcome DIAMOND! anniesL
[2022-12-07 18:03:37] <@%^Annies_Bot> anniesH anniesH anniesH anniesH
[2022-12-07 18:03:37] <%decrode> oh true
[2022-12-07 18:03:40] <%OJ_Hype> which she probably is
[2022-12-07 18:03:41] <%decrode> billionaire tax bracket
[2022-12-07 18:04:00] <%OJ_Hype> annie be getting 10 cents per sub at this point LUL
[2022-12-07 18:04:02] Viewerstats (17:33-18:04): avg:833 min:790 max:868 [16/856+0+12−37+0+0−41+0+15+28+0−9+0+31+0+0]
[2022-12-07 18:04:02] VIEWERS: 855
[2022-12-07 18:04:10] <spidersrskary> help annie trapped in swedish government basement forced to stream for dollars
[2022-12-07 18:04:23] <%Taylor131313> Annie should move to Canada or something Kappa
[2022-12-07 18:04:31] <%Mirkooo> Waking Shore?
[2022-12-07 18:04:34] <%Belandrial> High Mountain? Wrong expansion D:
[2022-12-07 18:04:41] <%Bloodmatch> we know basement life anniesSole
[2022-12-07 18:04:57] <%OJ_Hype> taylor why do you think streamers move to texas
[2022-12-07 18:05:00] <%OJ_Hype> fuck all taxes
[2022-12-07 18:05:13] <%Taylor131313> because guns and freedom KKonaW
[2022-12-07 18:05:18] <%OJ_Hype> KKonaW
[2022-12-07 18:05:22] <%cascio94> @Taylor131313 KKonaW ?
[2022-12-07 18:05:22] <%Collnaris> how in the world do you even get gold on the south west dragonflying race? pepeWTF it's insane
[2022-12-07 18:05:31] <%Collnaris> in plains
[2022-12-07 18:05:37] <%Taylor131313> just git gud
[2022-12-07 18:05:38] <%OJ_Hype> annie in your tax bracket are income taxes over 50%?
[2022-12-07 18:05:47] <%acuron> FeelsStrongMan 🎻
[2022-12-07 18:06:02] VIEWERS: 839
[2022-12-07 18:06:20] <%Collnaris> gathering the team soon? nymnPause
[2022-12-07 18:06:30] <%Geoffku> PogO @drzaius30
[2022-12-07 18:06:37] <%+CommissarVoyon> hi :D
[2022-12-07 18:06:38] <%Wardrick7> monkaW
[2022-12-07 18:06:40] <%$Hasan_Lurker> PepeHands anyways
[2022-12-07 18:06:41] <%drzaius30> @Geoffku anniesHi
[2022-12-07 18:06:44] <Smasher16323> @AnnieFuchsia how do you think the replayability of this expansion is?
[2022-12-07 18:07:09] <Mayder> David calling for more dungeon gaming Sadge
[2022-12-07 18:07:11] <+doomhamatime> its very alt friendly
[2022-12-07 18:07:15] <%Geoffku> as far as leveling this will be the most replayable LUL
[2022-12-07 18:07:16] <%Collnaris> only collectors replay content for most part
[2022-12-07 18:07:19] <spidersrskary> cant wait for dragonflight classic
[2022-12-07 18:07:34] <%OJ_Hype> not true at all Collnaris, high end players do m+ hundreds of time
[2022-12-07 18:07:34] <%drzaius30> to replay you wait for classic lul
[2022-12-07 18:07:35] <%+m1ndflux> lvl up the Garrison OMEGALUL
[2022-12-07 18:07:35] <%drzaius30> LUL
[2022-12-07 18:07:36] <%OJ_Hype> and raiders
[2022-12-07 18:07:44] <%acuron> lars OMEGALUL
[2022-12-07 18:07:49] <%OJ_Hype> when its old?
[2022-12-07 18:07:51] <Smasher16323> I meant like week in and week out :)
[2022-12-07 18:07:51] <%Collnaris> i'm not talking M+
[2022-12-07 18:07:56] <%OJ_Hype> i dont think he meant that
[2022-12-07 18:08:02] <%OJ_Hype> the original question
[2022-12-07 18:08:03] VIEWERS: 839
[2022-12-07 18:08:09] <%OJ_Hype> no
[2022-12-07 18:08:09] <%AHSeanR> he means alts and weekly?
[2022-12-07 18:08:12] <%Geoffku> no
[2022-12-07 18:08:14] <%bYTEfROG> no, that's the game loop
[2022-12-07 18:08:18] <%Taylor131313> I wouldn't LULW that's just the expansion itself
[2022-12-07 18:08:21] <+xG3Ox> did you notice that they removed the glow effects from the castle nathria mythic sets
[2022-12-07 18:08:22] <Smasher16323> yeah that was poorly worded sorry
[2022-12-07 18:08:23] <%Collnaris> I was referring to it as if he was talking about an old expanssion
[2022-12-07 18:08:24] <%drzaius30> sounds more like longevity
[2022-12-07 18:08:25] <%OJ_Hype> i assume english isnt his first language
[2022-12-07 18:08:55] <%Twigbot4k> Got my shadow priest up to 324 ilvl.  :)
[2022-12-07 18:09:04] <%Swiggyswoo_> We're just enjoying the honeymoon rn with new content and questing peepoOkay
[2022-12-07 18:09:09] <%OJ_Hype> i always type properly Kappa
[2022-12-07 18:09:09] <%Makkan780> i do that all the time LUL
[2022-12-07 18:09:11] <%KrexinZ> you look different today or is it just me
[2022-12-07 18:09:11] <%Swiggyswoo_> come back in 6 weeks monkaW
[2022-12-07 18:09:15] <%Mirkooo> @OJ_Hype COPEGE
[2022-12-07 18:09:19] <%Taylor131313> way too soon to tell
[2022-12-07 18:09:21] <%Collnaris> he was talking about all the events in this current expansion?
[2022-12-07 18:09:22] <Smasher16323> Thanks for taking the time to answer me :D i appreciate it
[2022-12-07 18:09:27] <%NoName6834> peepoCute
[2022-12-07 18:09:30] <%Swiggyswoo_> Now up your bitrate as well 😡
[2022-12-07 18:09:31] <%+ein_sof93> im a paladin making judgements is what i do bro
[2022-12-07 18:09:32] <%Taylor131313> NOOOO
[2022-12-07 18:09:34] <%SinRedblade> new camera makes her look taller :D
[2022-12-07 18:09:39] <%Geoffku> and she's gone again Sadge
[2022-12-07 18:09:42] <%Twigbot4k> Odd, thought it was the shirt, that looked so different.
[2022-12-07 18:09:46] <%drzaius30> I type like an Australian YEP
[2022-12-07 18:09:48] <%Mirkooo> peepoHey
[2022-12-07 18:09:49] <%Wardrick7> peepoHey
[2022-12-07 18:09:50] <%$Hasan_Lurker> pokiTalk annie right now
[2022-12-07 18:09:50] <%NoName6834> looks shorter to me peepoGiggle
[2022-12-07 18:09:51] <%OJ_Hype> peepoTalk
[2022-12-07 18:09:55] <%KrexinZ> peepoHey
[2022-12-07 18:09:58] <%Taylor131313> peepoTalk
[2022-12-07 18:09:58] <%Geoffku> who is she talking to LULW
[2022-12-07 18:10:01] <%Twigbot4k> Black, orange, red, white,  other colors.
[2022-12-07 18:10:03] VIEWERS: 859
[2022-12-07 18:10:04] <%drzaius30> peepoTalk
[2022-12-07 18:10:05] <%decrode> peepoTalk
[2022-12-07 18:10:06] <%Taylor131313> whbat is she saying dude LULW
[2022-12-07 18:10:07] <%Regnory> peepoTalk
[2022-12-07 18:10:16] <%Collnaris> peepoTalk so anyway i was blasting
[2022-12-07 18:10:39] <%drzaius30> So anyway i pushed that kid down the stairs peepoTalk
[2022-12-07 18:10:50] <%+ein_sof93> shes talking about taking someone out in chat whos "a problem" she said "make sure they sink to the bottom this time we dont want some morning jogger discovering them again"
[2022-12-07 18:10:52] <%Twigbot4k> Also the mic sounds different.  Very whisper quiet.  Almost like.. muted.  :)
[2022-12-07 18:11:04] <%drzaius30> teach him to raise money for the poor peepoTalk
[2022-12-07 18:11:08] <@%^Nightbot>* Psssst ༼ຈل͜├┬┴┬┴ yes, you! Wanna lurk on Annie? I hear her lurkagram has a lot of selfies instagram.com/anniefuchsia anniesSmug
[2022-12-07 18:11:11] <space00man> LUL
[2022-12-07 18:11:14] <%Taylor131313> and camera off
[2022-12-07 18:11:14] [Usernotice] heatherqwallace is gifting 2 Tier 1 Subs to AnnieFuchsia's community! They've gifted a total of 2 in the channel!
[2022-12-07 18:11:15] <%Collnaris> KEKW
[2022-12-07 18:11:15] [Notification] heatherqwallace gifted a Tier 1 sub to Jezbel_ORyion!
[2022-12-07 18:11:15] [Notification] heatherqwallace gifted a Tier 1 sub to hardstyletaco96!
[2022-12-07 18:11:16] <%Geoffku> rip LULW
[2022-12-07 18:11:17] <%Taylor131313> and camera on
[2022-12-07 18:11:18] <%$Hasan_Lurker> Saved
[2022-12-07 18:11:19] <%drzaius30> KEKW
[2022-12-07 18:11:32] <%SinRedblade> Jet black :D
[2022-12-07 18:11:53] <%Twigbot4k> Deep contemplation time.  Enjoy wow play, Annie!  Off to run some chores.
[2022-12-07 18:12:04] VIEWERS: 827
[2022-12-07 18:12:08] <%Geoffku> she's talking to david harbour right now PogU
[2022-12-07 18:12:40] <%sanakvasilius> Who's she talking to LUL
[2022-12-07 18:12:45] <%+ein_sof93> is anyone bothering farming super rares? heard there timers are so long that theirs not really much point but the gears good
[2022-12-07 18:12:47] <Copperthorn> Whats David Habours favorite drink?
[2022-12-07 18:12:57] <Copperthorn> It's port of course!
[2022-12-07 18:13:03] <eurojack777> @Copperthorn beer
[2022-12-07 18:13:15] <%+ein_sof93> that christmas film hes in looks like itll be a good laugh
[2022-12-07 18:13:34] <+KensheeLD> !youtube
[2022-12-07 18:13:35] <@%^Nightbot> Latest video: I played WoW with David Harbour | He watches Asmongold?! https://youtu.be/UnhvdM8br2U anniesHype
[2022-12-07 18:13:37] <Mayder> look how happy and full of life she looks when she doesnt have to read our messages FeelsStrongMan
[2022-12-07 18:13:50] <%Geoffku> FeelsStrongMan Aware
[2022-12-07 18:13:55] <demonbajs> forsenE
[2022-12-07 18:13:58] <%Taylor131313> FeelsStrongMan true
[2022-12-07 18:14:04] VIEWERS: 827
[2022-12-07 18:14:11] <%cascio94> Aware
[2022-12-07 18:14:15] <%NoName6834> peepoTalk
[2022-12-07 18:14:16] <@%^Annies_Bot>* The sub-train has ended at 3!
[2022-12-07 18:14:22] <%Sne4ky79> @sanakvasilius photographer and ingame screenshotter hired by canon for the sponsored stream in 45 mins playing east shade
[2022-12-07 18:14:22] <%cascio94> peepoTalk
[2022-12-07 18:14:33] <%+ein_sof93> its cos she doesnt love us were like her adopted problem children yeah shell play the role but the connection just isnt there
[2022-12-07 18:14:39] <%cascio94> no more peepoTalk variations Sadge
[2022-12-07 18:14:39] <%sanakvasilius> Thanks!
[2022-12-07 18:15:02] <Copperthorn> lalaJAM
[2022-12-07 18:15:12] <Copperthorn> peepoChat
[2022-12-07 18:15:14] <@%^Nightbot> Corsair rolled an Evoker class and are casting some crazy deals! Head to https://cor.sr/AnnieDeals and use code "ANNIEHOLIDAY" at checkout between 11/28th - 12/6 (ends 6PM CET) to receive the best deals possible!
[2022-12-07 18:15:23] <%Sne4ky79> @sanakvasilius no problem
[2022-12-07 18:15:43] [Notification] MortisTheSaurus subscribed at Tier 1.
[2022-12-07 18:15:43] <@%^Annies_Bot>* MortisTheSaurus has subscribed! Welcome DIAMOND! anniesL
[2022-12-07 18:15:53] <%Taylor131313> Annie tall if read
[2022-12-07 18:15:53] <%forestworld> love this smile <3 anniesC
[2022-12-07 18:15:59] [Usernotice] An anonymous user is gifting 2 Tier 1 Subs to AnnieFuchsia's community!
[2022-12-07 18:15:59] [Notification] An anonymous user gifted a Tier 1 sub to Xylvs! Xylvs has subscribed for 4 months!
[2022-12-07 18:15:59] [Notification] An anonymous user gifted a Tier 1 sub to Zetiv! Zetiv has subscribed for 53 months!
[2022-12-07 18:16:06] VIEWERS: 827
[2022-12-07 18:16:16] <%MortisTheSaurus> Is she muted?
