# Log started: 2022-12-23 00:08:09 +0100
[2022-12-23 00:08:09] <godnashe> !res
[2022-12-23 00:08:10] <@^Fossabot> 1440x1080 | @godnashe
[2022-12-23 00:20:16] <godnashe> !age
[2022-12-23 00:20:16] <@^Fossabot> 333
[2022-12-23 00:20:34] <godnashe> understood
[2022-12-23 00:33:27] <piraboros> !sens
[2022-12-23 00:33:27] <@^Fossabot> 0.17 1600 dpi | @piraboros
[2022-12-23 00:44:08] <1337codec> !res
[2022-12-23 00:44:08] <@^Fossabot> 1440x1080 | @1337codec
[2022-12-23 01:12:20] <jistols> !sens
[2022-12-23 01:12:21] <@^Fossabot> 0.17 1600 dpi | @jistols
[2022-12-23 01:31:31] <YamikotoZ> !res
[2022-12-23 01:31:31] <@^Fossabot> 1440x1080 | @YamikotoZ
[2022-12-23 01:53:38] <dexts> !sens
[2022-12-23 01:53:38] <@^Fossabot> 0.17 1600 dpi | @dexts
[2022-12-23 01:56:19] <+chan_val> !sens
[2022-12-23 01:56:19] <@^Fossabot> 0.17 1600 dpi | @chan_val
[2022-12-23 02:03:05] <+Atommic> !Sens
[2022-12-23 02:03:05] <@^Fossabot> 0.17 1600 dpi | @Atommic
[2022-12-23 03:13:19] <+macielfpss> !crosshair
[2022-12-23 03:13:19] <@^Fossabot> 0;s;1;P;c;8;u;000000FF;h;0;b;1;f;0;0l;4;0v;3;0o;2;0a;1;0f;0;1b;0 | 1-4-2-0 (colour #000000)
[2022-12-23 03:14:53] <+macielfpss> !sens
[2022-12-23 03:14:53] <@^Fossabot> 0.17 1600 dpi | @macielfpss
[2022-12-23 03:15:07] <mahmoud_alaa10> !sens
[2022-12-23 03:15:08] <@^Fossabot> 0.17 1600 dpi | @mahmoud_alaa10
[2022-12-23 04:18:32] <+Dossyy> !mouse
[2022-12-23 04:18:33] <@^Fossabot> Logitech G Pro X Superlight (red) | @Dossyy
[2022-12-23 04:55:39] <+DaiRz_> !sens
[2022-12-23 04:55:39] <@^Fossabot> 0.17 1600 dpi | @DaiRz_
[2022-12-23 04:55:48] <+DaiRz_> !crosshair
[2022-12-23 04:55:48] <@^Fossabot> 0;s;1;P;c;8;u;000000FF;h;0;b;1;f;0;0l;4;0v;3;0o;2;0a;1;0f;0;1b;0 | 1-4-2-0 (colour #000000)
[2022-12-23 04:56:01] <+DaiRz_> !mouse
[2022-12-23 04:56:01] <@^Fossabot> Logitech G Pro X Superlight (red) | @DaiRz_
[2022-12-23 04:56:03] <+DaiRz_> !mousepad
[2022-12-23 04:56:03] <@^Fossabot> Logitech G640 | @DaiRz_
[2022-12-23 04:56:18] <+DaiRz_> !res
[2022-12-23 04:56:18] <@^Fossabot> 1440x1080 | @DaiRz_
[2022-12-23 05:30:58] <+yoAntag> !sens
[2022-12-23 05:30:58] <@^Fossabot> 0.17 1600 dpi | @yoAntag
[2022-12-23 06:26:01] <YamikotoZ> !sens
[2022-12-23 06:26:01] <@^Fossabot> 0.17 1600 dpi | @YamikotoZ
[2022-12-23 06:35:49] <f1uffydonut> !crosshair
[2022-12-23 06:35:50] <@^Fossabot> 0;s;1;P;c;8;u;000000FF;h;0;b;1;f;0;0l;4;0v;3;0o;2;0a;1;0f;0;1b;0 | 1-4-2-0 (colour #000000)
[2022-12-23 08:28:40] <superdapr> !settings
[2022-12-23 08:28:41] <@^Fossabot> https://clips.twitch.tv/InexpensiveSlickGullJonCarnage-DksKB1VghEdHc8Xa | @superdapr
[2022-12-23 08:29:11] <superdapr> !res
[2022-12-23 08:29:11] <@^Fossabot> 1440x1080 | @superdapr
[2022-12-23 09:45:17] <jasonrenova_> !sens
[2022-12-23 09:45:17] <@^Fossabot> 0.17 1600 dpi | @jasonrenova_
[2022-12-23 09:48:28] <jasonrenova_> !sens
[2022-12-23 09:48:28] <@^Fossabot> 0.17 1600 dpi | @jasonrenova_
[2022-12-23 10:35:30] <favpotatochip> !sens
[2022-12-23 10:35:30] <@^Fossabot> 0.17 1600 dpi | @favpotatochip
[2022-12-23 10:35:42] <favpotatochip> !res
[2022-12-23 10:35:42] <@^Fossabot> 1440x1080 | @favpotatochip
[2022-12-23 11:09:09] <ORG_WhiffMaster> !rank
[2022-12-23 11:09:11] <@^Fossabot> Immortal 3 - 559RR | @ORG_WhiffMaster
[2022-12-23 11:23:03] <diegdary> !sens
[2022-12-23 11:23:03] <@^Fossabot> 0.17 1600 dpi | @diegdary
[2022-12-23 11:27:27] <diegdary> !crosshair
[2022-12-23 11:27:27] <@^Fossabot> 0;s;1;P;c;8;u;000000FF;h;0;b;1;f;0;0l;4;0v;3;0o;2;0a;1;0f;0;1b;0 | 1-4-2-0 (colour #000000)
[2022-12-23 11:53:06] <jamalvalorant123> !sens
[2022-12-23 11:53:06] <@^Fossabot> 0.17 1600 dpi | @jamalvalorant123
[2022-12-23 11:53:14] <jamalvalorant123> !crosshair
[2022-12-23 11:53:16] <@^Fossabot> 0;s;1;P;c;8;u;000000FF;h;0;b;1;f;0;0l;4;0v;3;0o;2;0a;1;0f;0;1b;0 | 1-4-2-0 (colour #000000)
[2022-12-23 11:53:20] <jamalvalorant123> !res
[2022-12-23 11:53:21] <@^Fossabot> 1440x1080 | @jamalvalorant123
[2022-12-23 12:07:15] <ZiadYS> !sens
[2022-12-23 12:07:15] <@^Fossabot> 0.17 1600 dpi | @ZiadYS
[2022-12-23 12:18:04] <joshualitos09> !sens
[2022-12-23 12:18:04] <@^Fossabot> 0.17 1600 dpi | @joshualitos09
[2022-12-23 12:18:16] <joshualitos09> !settings
[2022-12-23 12:18:16] <@^Fossabot> https://clips.twitch.tv/InexpensiveSlickGullJonCarnage-DksKB1VghEdHc8Xa | @joshualitos09
[2022-12-23 12:20:17] <joshualitos09> !crosshair
[2022-12-23 12:20:17] <@^Fossabot> 0;s;1;P;c;8;u;000000FF;h;0;b;1;f;0;0l;4;0v;3;0o;2;0a;1;0f;0;1b;0 | 1-4-2-0 (colour #000000)
[2022-12-23 13:23:19] <PriiMexe> !sens
[2022-12-23 13:23:19] <@^Fossabot> 0.17 1600 dpi | @PriiMexe
[2022-12-23 13:23:20] <PriiMexe> !mouse
[2022-12-23 13:23:20] <@^Fossabot> Logitech G Pro X Superlight (red) | @PriiMexe
[2022-12-23 13:53:49] <+dknebulax> !sens
[2022-12-23 13:53:49] <@^Fossabot> 0.17 1600 dpi | @dknebulax
[2022-12-23 14:12:47] <MrSpark> Hi, if you watching my massage, im just trying to see the time i start follow Mary :)
[2022-12-23 14:53:16] <mysticbg7> !pc
[2022-12-23 14:53:21] <mysticbg7> !specs
[2022-12-23 14:53:21] <@^Fossabot> GPU: RTX 3070 Ti | CPU: Ryzen 9 5900X | @mysticbg7
[2022-12-23 14:56:11] <mumblee_> !crosshair
[2022-12-23 14:56:12] <@^Fossabot> 0;s;1;P;c;8;u;000000FF;h;0;b;1;f;0;0l;4;0v;3;0o;2;0a;1;0f;0;1b;0 | 1-4-2-0 (colour #000000)
[2022-12-23 15:18:24] <aymandark> !SENS
[2022-12-23 15:18:25] <@^Fossabot> 0.17 1600 dpi | @aymandark
[2022-12-23 15:42:06] <rashhyyy> !res
[2022-12-23 15:42:06] <@^Fossabot> 1440x1080 | @rashhyyy
[2022-12-23 17:07:18] <n4rzzz> !res
[2022-12-23 17:07:19] <@^Fossabot> 1440x1080 | @n4rzzz
[2022-12-23 18:42:06] <Xouuu1> !res
[2022-12-23 18:42:06] <@^Fossabot> 1440x1080 | @Xouuu1
[2022-12-23 19:36:40] <+rtcrun> !sens
[2022-12-23 19:36:40] <@^Fossabot> 0.17 1600 dpi | @rtcrun
[2022-12-23 20:10:27] [Announcement] <Fossabot> Prediction Canceled! BibleThump - All points will be returned to viewers.
[2022-12-23 20:43:22] <nekolllll> !crosshair
[2022-12-23 20:43:22] <@^Fossabot> 0;s;1;P;c;8;u;000000FF;h;0;b;1;f;0;0l;4;0v;3;0o;2;0a;1;0f;0;1b;0 | 1-4-2-0 (colour #000000)
[2022-12-23 20:47:30] <mrllover> !sens
[2022-12-23 20:47:30] <@^Fossabot> 0.17 1600 dpi | @mrllover
[2022-12-23 20:47:51] <mrllover> !crosshair
[2022-12-23 20:47:51] <@^Fossabot> 0;s;1;P;c;8;u;000000FF;h;0;b;1;f;0;0l;4;0v;3;0o;2;0a;1;0f;0;1b;0 | 1-4-2-0 (colour #000000)
[2022-12-23 21:00:05] <jhamir_1> !audio
[2022-12-23 21:00:21] <jhamir_1> !headphones
[2022-12-23 21:00:26] <jhamir_1> !coomands
[2022-12-23 21:00:35] <jhamir_1> !commands
[2022-12-23 21:00:35] <@^Fossabot> @jhamir_1 Channel commands are available at: https://fossabot.com/mary/commands
[2022-12-23 22:17:38] <jordan1896_11> !SENS
[2022-12-23 22:17:40] <@^Fossabot> 0.17 1600 dpi | @jordan1896_11
[2022-12-23 22:17:42] <jordan1896_11> !sens
[2022-12-23 23:18:34] <ajmen_> !sens
[2022-12-23 23:18:34] <@^Fossabot> 0.17 1600 dpi | @ajmen_
[2022-12-23 23:38:13] <Rolmo_> !team
[2022-12-23 23:38:14] <@^Fossabot> pineapples on pizza | @Rolmo_
[2022-12-23 23:40:45] <+Mr_MeDoOo> !res
[2022-12-23 23:40:45] <@^Fossabot> 1440x1080 | @Mr_MeDoOo
[2022-12-23 23:43:56] <+axeI111> !crosshair
[2022-12-23 23:43:56] <@^Fossabot> 0;s;1;P;c;8;u;000000FF;h;0;b;1;f;0;0l;4;0v;3;0o;2;0a;1;0f;0;1b;0 | 1-4-2-0 (colour #000000)
[2022-12-23 23:57:30] <closeyOW> !sens
[2022-12-23 23:57:30] <@^Fossabot> 0.17 1600 dpi | @closeyOW
