# Log started: 2022-12-30 03:23:09 +0100
[2022-12-30 03:23:09] <Skyfin____> !opgg
[2022-12-30 03:23:09] <@^Nightbot> https://www.op.gg/summoners/kr/small%20champ%20pool
[2022-12-30 10:24:52] <+maxred__> !opgg
[2022-12-30 10:24:52] <@^Nightbot> https://www.op.gg/summoners/kr/small%20champ%20pool
[2022-12-30 11:08:45] <@%Envyzzz> RebeccaBlack
[2022-12-30 16:16:25] <!%Nimlaya> Smoge
[2022-12-30 16:18:18] <!%j0sh1g4> desiever lice DinkDonk
[2022-12-30 16:18:22] <!%j0sh1g4> live
[2022-12-30 16:19:05] <@^Nightbot> Youtube: https://www.youtube.com/c/Nemesis_lol/videos
[2022-12-30 16:21:07] <@^Nightbot> Join my discord: https://discord.com/invite/lolnemesis
[2022-12-30 16:22:39] <~%lol_nemesis> Smoge ?
[2022-12-30 16:28:36] <%+owndby_Berkan> Smoge
[2022-12-30 16:54:21] <!%Nimlaya> another day of no strim Smoge
[2022-12-30 16:54:23] <!%Nimlaya> Life
[2022-12-30 16:55:13] <~%lol_nemesis> what can i do.
[2022-12-30 16:56:06] <@^Nightbot> Join my discord: https://discord.com/invite/lolnemesis
[2022-12-30 17:41:29] <!%Nimlaya> dankHug we will patiently wait peepoSitFishing
[2022-12-30 17:42:58] <%Manafy10> Gladge nom
[2022-12-30 17:43:05] <!%j0sh1g4> sitt
[2022-12-30 17:45:13] <@^Nightbot> 🌎Get Exclusive NordVPN deal here ↣ https://nordvpn.com/nemesis It’s risk- free with Nord’s 30-day money back guarantee! 👍
[2022-12-30 17:46:08] <@^Nightbot> Youtube: https://www.youtube.com/c/Nemesis_lol/videos
[2022-12-30 17:48:34] <!%Nimlaya> monafi peepoArrive
[2022-12-30 17:48:43] <!%Nimlaya> need to check food peepoLeave
[2022-12-30 17:49:06] <@^Nightbot> Join my discord: https://discord.com/invite/lolnemesis
[2022-12-30 18:08:25] <%qbaumi2004> HmmSwing
[2022-12-30 18:19:23] <!%Deceiver_euw> And after shower?
[2022-12-30 18:20:37] <%qbaumi2004> sitt
[2022-12-30 18:21:10] <@^Nightbot> Join my discord: https://discord.com/invite/lolnemesis
[2022-12-30 18:24:58] <!%Nimlaya> HmmL
[2022-12-30 18:25:18] <k0l3raba> hi nim Wavegers
[2022-12-30 18:25:26] <k0l3raba> more new colors MmmHmm ?
[2022-12-30 18:27:05] <@^Nightbot> Youtube: https://www.youtube.com/c/Nemesis_lol/videos
[2022-12-30 18:28:05] <@^Nightbot> Join my discord: https://discord.com/invite/lolnemesis
[2022-12-30 18:30:17] <@^Nightbot> 🌎Get Exclusive NordVPN deal here ↣ https://nordvpn.com/nemesis It’s risk- free with Nord’s 30-day money back guarantee! 👍
[2022-12-30 18:32:41] <!%Nimlaya> @k0l3raba, Hey Kole WaveGers .. Ye I'm switching it up a little Gladgers
[2022-12-30 18:34:10] <!%j0sh1g4> change monkaW
[2022-12-30 18:35:09] <@^Nightbot> Join my discord: https://discord.com/invite/lolnemesis
[2022-12-30 18:36:07] <@^Nightbot> Youtube: https://www.youtube.com/c/Nemesis_lol/videos
[2022-12-30 18:58:42] <pablofrz17> !opgg
[2022-12-30 18:58:42] <@^Nightbot> https://www.op.gg/summoners/kr/small%20champ%20pool
[2022-12-30 19:35:00] <!%j0sh1g4> forsen
[2022-12-30 21:06:21] <%qbaumi2004> HmmSwing
[2022-12-30 21:22:45] <!%Nimlaya> HmmSwing
[2022-12-30 22:22:03] <Felanbird> Robert
[2022-12-30 22:46:06] <%qbaumi2004> HmmSwing
[2022-12-30 22:46:25] <!%j0sh1g4> HmmSwing
[2022-12-30 22:49:06] <@^Nightbot> Join my discord: https://discord.com/invite/lolnemesis
[2022-12-30 23:07:50] <%qbaumi2004> HmmSwing
[2022-12-30 23:16:42] <%Manafy10> MLADY
[2022-12-30 23:24:55] <!%j0sh1g4> SCHIZO
