# Log started: 2022-12-11 00:00:47 +0100
[2022-12-11 00:00:47] <%dumkofp> !merch
[2022-12-11 00:00:47] <@^Nightbot> merch is live NOWWW https://kyedae.shop/
[2022-12-11 01:16:58] <NerDSnipeS> !sens
[2022-12-11 01:16:58] <@^Nightbot> 0.44 800 dpi
[2022-12-11 01:52:27] <novrasa> !sens
[2022-12-11 01:52:27] <@^Nightbot> 0.44 800 dpi
[2022-12-11 01:52:36] <novrasa> !cross
[2022-12-11 02:01:57] <%+KiraLissa> !merch
[2022-12-11 02:01:58] <@^Nightbot> merch is live NOWWW https://kyedae.shop/
[2022-12-11 02:42:30] <KotoCato> E
[2022-12-11 03:21:34] <sillygoose43_> !sens
[2022-12-11 03:21:34] <@^Nightbot> 0.44 800 dpi
[2022-12-11 03:21:39] <sillygoose43_> !crosshair
[2022-12-11 03:21:39] <@^Nightbot> innerlines 1422 #FF7F50 no outlines no errors
[2022-12-11 03:33:53] <cciinddyyy> !record
[2022-12-11 03:33:53] <@^Nightbot> 8W-9L
[2022-12-11 04:59:26] [Notification] ETpulzz subscribed with Prime.
[2022-12-11 06:27:20] <kaitlyn_ig> what was kyedaes fav song
[2022-12-11 06:27:31] <kaitlyn_ig> with mac miller
[2022-12-11 06:30:10] <@^Nightbot> Check out Higround's Gundam Wing drop @ higround.co/kyedae
[2022-12-11 06:31:08] <@^Nightbot> 100 Thieves just launched a new PODCAST NETWORK. Subscribe and watch me on Boomer vs Zoomer on YouTube →  https://www.youtube.com/channel/UCm63ADlzvTyQWAzTzCHxa6A
[2022-12-11 08:31:34] <OnableDown> !time
[2022-12-11 08:31:35] <@^Nightbot> December 10th 2022, 11:31:35 pm PST GMT-08:00
[2022-12-11 08:31:53] <OnableDown> !followage
[2022-12-11 09:41:22] <%+kingjesus19> !peripherals
[2022-12-11 09:41:33] <%+kingjesus19> !commands
[2022-12-11 09:41:33] <@^Nightbot> @kingjesus19 -> The bot commands for this channel are available at https://nightbot.tv/t/kyedae/commands
[2022-12-11 09:45:06] <@^Nightbot> Check out Higround's Gundam Wing drop @ higround.co/kyedae
[2022-12-11 09:46:04] <@^Nightbot> Come check out Boomer vs Zoomer! A new podcast I’ll be hosting with Peter Park →  https://www.youtube.com/channel/UCm63ADlzvTyQWAzTzCHxa6A
[2022-12-11 09:52:34] <notshadow_rl> !settings
[2022-12-11 09:52:34] <@^Nightbot> all low, yellow outlines, everything off
[2022-12-11 09:57:55] <notshadow_rl> !commands
[2022-12-11 09:57:55] <@^Nightbot> @notshadow_rl -> The bot commands for this channel are available at https://nightbot.tv/t/kyedae/commands
[2022-12-11 11:39:24] <lilm0phead> !height
[2022-12-11 11:39:24] <@^Nightbot> 5'10
[2022-12-11 12:26:57] <alex97yt__> !crosshair
[2022-12-11 12:26:57] <@^Nightbot> innerlines 1422 #FF7F50 no outlines no errors
