# Log started: 2022-12-11 14:43:10 +0100
[2022-12-11 14:43:10] <@+Sery_Bot> Sery_Bot has joined seryboBan
[2022-12-11 14:43:11] <@%^StreamElements> Canniny is now live! Streaming Just Chatting: Tokyo ♡ Packing. Trip tmr !sr
[2022-12-11 14:43:23] VIEWERS: 0
[2022-12-11 14:43:23] ~Tokyo ♡ Packing. Trip tmr !sr (Just Chatting)~
[2022-12-11 14:43:37] <%wynotz> CanniArrive
[2022-12-11 14:43:41] <%$matticheese> canninyCannikii
[2022-12-11 14:43:47] <%zacky__park> canninyHey canninyHey
[2022-12-11 14:43:51] <%sleeper_az> yo what up canni
[2022-12-11 14:43:54] <%ssvolkii> hello everyone gentlemen michaa7Kowai michaa7Kowai michaa7Kowai michaa7Kowai
[2022-12-11 14:43:58] <%DrFrankifly> Must have been a hell of a party… Hi Canniny!!!
[2022-12-11 14:43:58] <+goromajima127> canninySing
[2022-12-11 14:44:09] [Notification] wynotz subscribed at Tier 1. They've subscribed for 10 months! [canninyComfy]
[2022-12-11 14:44:10] <@%^StreamElements> canninyCannikii canninyCannikii @wynotz Thanks for subscribing!! I love you!! Muah! canninyCannikii canninyCannikii canninyCannikii
[2022-12-11 14:44:46] <%sleeper_az> lol it was dubbed
[2022-12-11 14:45:23] VIEWERS: 28
[2022-12-11 14:46:13] <%sleeper_az> it's like anime when it's in another language you can see their lips moving but they're not talking
[2022-12-11 14:46:17] <%zetsurin__> CanniHey
[2022-12-11 14:46:40] <%Sarge890> CanniHey
[2022-12-11 14:46:42] [Notification] cartmen96 subscribed with Prime. They've subscribed for 9 months! [Hello cutie]
[2022-12-11 14:46:42] <@%^StreamElements> canninyCannikii canninyCannikii @cartmen96 Thanks for subscribing!! I love you!! Muah! canninyCannikii canninyCannikii canninyCannikii
[2022-12-11 14:46:45] [Notification] talynFarscape79 subscribed at Tier 1. They've subscribed for 5 months, currently on a 5 month streak! [hello nice woman canninyLove canninyLove]
[2022-12-11 14:46:46] <@%^StreamElements> canninyCannikii canninyCannikii @talynFarscape79 Thanks for subscribing!! I love you!! Muah! canninyCannikii canninyCannikii canninyCannikii
[2022-12-11 14:46:51] <%wynotz> PogU
[2022-12-11 14:47:08] <+mozuku_hiroking> hello my name is hiroki,live in tokyo,like to cook,have two birds and one dog (#^.^#)nice to meet u
[2022-12-11 14:47:12] BITS: Belvarna (5000)
[2022-12-11 14:47:12] <!%$Belvarna> Cheer5000
[2022-12-11 14:47:12] <@%^StreamElements> DineroTaps Belvarna : 5000 bits DineroTaps
[2022-12-11 14:47:23] VIEWERS: 28
[2022-12-11 14:47:25] <%zhubajie_> hello DemonGirL.... Gloups and Saper chat
[2022-12-11 14:47:43] <@%^StreamElements> Follow my socials ✨💛💗 https://linktr.ee/canniny 💗💛✨
[2022-12-11 14:47:51] BITS: zhubajie_ (200)
[2022-12-11 14:47:51] <%zhubajie_> darthk34Dhalsim luis16RUPIA Cheer100 Cheer100
[2022-12-11 14:47:51] <@%^StreamElements> DineroTaps zhubajie_ : 200 bits DineroTaps
[2022-12-11 14:48:35] <%zhubajie_> jwongWIGGLE
[2022-12-11 14:48:50] <$チナリ (tinali99)> こんばんは
[2022-12-11 14:49:23] VIEWERS: 39
[2022-12-11 14:51:23] VIEWERS: 39
[2022-12-11 14:51:29] <%irutadive> xur
[2022-12-11 14:51:45] <%DrFrankifly> Hi Kalashi!!!
[2022-12-11 14:52:02] <bohicars> hello good morning from the U.S.
[2022-12-11 14:52:24] <%zhubajie_> o__0! BeLvarna BrutAL gift ixiBALROB
[2022-12-11 14:53:07] <%zhubajie_> HypeAwww HypeCry HypePat HypeNom HypeEvil HypeSeemsGood HypeHai HypeSleep HypeReading HypeReading HypeRage HypeFail HypeHands2 HypeCool HypeOoh HypeLurk HypeLove1 HypeHands1 HypeCheer HypeBLEH HypeLUL HypeLUL HypeLUL HypeHeh
[2022-12-11 14:53:23] VIEWERS: 70
[2022-12-11 14:53:35] <%megamonkey56> !sr
[2022-12-11 14:53:36] <@%^Nightbot> Song request $5  https://streamelements.com/canniny/tip *Canni can skip anything
[2022-12-11 14:53:46] <%megamonkey56> CanniFat
[2022-12-11 14:53:49] <%zhubajie_> dont touch Pupa
[2022-12-11 14:54:03] <%DrSius> i see spy family goodies Pog
[2022-12-11 14:54:10] <!%Belvarna> canninyHype
[2022-12-11 14:54:17] <%megamonkey56> Pog
[2022-12-11 14:54:24] <%megamonkey56> modCheck
[2022-12-11 14:54:27] <%zhubajie_> unboxing!!!!
[2022-12-11 14:54:45] <%megamonkey56> AYAYA
[2022-12-11 14:54:53] <%zhubajie_> oosuiPogo
[2022-12-11 14:55:23] VIEWERS: 64
[2022-12-11 14:55:43] <%DrSius> 𓁹‿𓁹
[2022-12-11 14:55:47] <%zhubajie_> :O
[2022-12-11 14:55:58] <%megamonkey56> girlysHeh
[2022-12-11 14:56:00] <@%소라뿐인타카 (toobashy)> Pog
[2022-12-11 14:56:32] <%DrSius> so much plastic for a smol anya LULW
[2022-12-11 14:56:57] <%DrSius> 𓁹‿𓁹 heh
[2022-12-11 14:57:00] <%wynotz> decapitated
[2022-12-11 14:57:07] <%zhubajie_> eeveelScared pooLurk_HF
[2022-12-11 14:57:10] <%punished_warrior> canninyClap
[2022-12-11 14:57:19] <%$matticheese> canninyClap
[2022-12-11 14:57:19] <%megamonkey56> girlysHeh
[2022-12-11 14:57:23] VIEWERS: 64
[2022-12-11 14:57:27] <%punished_warrior> canninyHey all
[2022-12-11 14:57:27] <%Puffpastryy> anya
[2022-12-11 14:57:28] <%Puffpastryy> uwu
[2022-12-11 14:57:32] <%punished_warrior> I like that head more
[2022-12-11 14:57:39] <%Puffpastryy> hi lovlies canninyHug
[2022-12-11 14:58:01] <%Puffpastryy> CanniHey
[2022-12-11 14:58:14] <%zhubajie_> canninyPause canninyMonka canninyGiveHat canninyEgg
[2022-12-11 14:58:16] <%Puffpastryy> yeah, its been busy 😭
[2022-12-11 14:58:18] <%megamonkey56> canninyPrayge get well soon puff
[2022-12-11 14:58:28] <%DrSius> puff was too busy posting dgen Giggles
[2022-12-11 14:58:37] <%punished_warrior> Oh puff is around. Around the NSFW channel LUL
[2022-12-11 14:58:50] <%megamonkey56> Giggles
[2022-12-11 14:58:55] <%Puffpastryy> @punished_warrior canninyLUL
[2022-12-11 14:59:00] <%Puffpastryy> @punished_warrior rofl
[2022-12-11 14:59:02] <%DrSius> big and looks better Pog
[2022-12-11 14:59:07] <%zhubajie_> giant
[2022-12-11 14:59:18] <macks2710> coz big Always better xD
[2022-12-11 14:59:22] <%DrSius> the noodle stopper eyes are scary
[2022-12-11 14:59:23] VIEWERS: 76
[2022-12-11 14:59:24] <Reggie_i8> very cute
[2022-12-11 14:59:33] <%Puffpastryy> big one has the right facial expression
[2022-12-11 14:59:46] <%zhubajie_> canninySit
[2022-12-11 14:59:50] <@%소라뿐인타카 (toobashy)> !new @macks2710
[2022-12-11 14:59:50] <@%^Nightbot> macks2710 welcome new chatter CanniHey
[2022-12-11 15:00:15] <@%^StreamElements> Welcome new pewple! Canniki will always love you, hold you tight, hold your back, hold your buttt and pick up soap for you. canninyCannikii
[2022-12-11 15:00:19] <@%^Nightbot> Canniny will draw Twitch/Discord EMOTES for 30$ each. DM her on !discord for more info.
[2022-12-11 15:00:27] <%Puffpastryy> x3
[2022-12-11 15:00:43] <@%소라뿐인타카 (toobashy)> monkaW
[2022-12-11 15:00:46] <%punished_warrior> Isn’t is 2 am for joobashy
[2022-12-11 15:00:46] <%DrSius> anya died monkaW
[2022-12-11 15:00:48] <%wynotz> KEKW
[2022-12-11 15:00:58] <%zhubajie_> platform not good?
[2022-12-11 15:01:11] <%zhubajie_> cooL
[2022-12-11 15:01:11] <%DrSius> AYAYA
[2022-12-11 15:01:12] <%punished_warrior> Man that’s CUTE
[2022-12-11 15:01:13] <%HelsingSenpai> canninyClap
[2022-12-11 15:01:15] <@%^Nightbot> If you want to learn some more about Canniny, type !info.
[2022-12-11 15:01:19] <@%소라뿐인타카 (toobashy)> canninyAw
[2022-12-11 15:01:24] Viewerstats (14:43-15:01): avg:48 min:0 max:76 [10/_0+28+0+11+0+31−6+0+12+0]
[2022-12-11 15:01:24] VIEWERS: 76
[2022-12-11 15:01:31] <%zhubajie_> hahahahaha
[2022-12-11 15:01:52] <%punished_warrior> BecuZ weeb
[2022-12-11 15:02:02] <%DrSius> CanniPoint weeb
[2022-12-11 15:02:02] <!%Belvarna> need one with the shocked expression when she ready someones mind
[2022-12-11 15:02:07] <%Puffpastryy> canninyClap dumplings
[2022-12-11 15:02:19] <%$matticheese> Yum dumplings
[2022-12-11 15:02:43] <@%^StreamElements> Follow my socials ✨💛💗 https://linktr.ee/canniny 💗💛✨
[2022-12-11 15:02:58] <%DrSius> yor eyeBrows
[2022-12-11 15:03:04] <!%Belvarna> same
[2022-12-11 15:03:08] <%punished_warrior> Kappa
[2022-12-11 15:03:24] VIEWERS: 84
[2022-12-11 15:03:30] <%punished_warrior> 🧢
[2022-12-11 15:03:30] <%Puffpastryy> normieees
[2022-12-11 15:03:30] <%HelsingSenpai> normal assassin canninyKaLUL
[2022-12-11 15:03:32] <%Puffpastryy> LUL true
[2022-12-11 15:03:49] <%DrSius> loid best Gayge
[2022-12-11 15:04:04] <%+LonelyBirdie69> !subs
[2022-12-11 15:04:30] <%punished_warrior> Gona take a nap. Cya another day everyone canninyHey
[2022-12-11 15:04:36] <%CosyToastie> CanniHey  hi canni and chat
[2022-12-11 15:04:37] <%DrSius> cya boxer CanniBye
[2022-12-11 15:04:44] <%DrSius> @CosyToastie CanniHey
[2022-12-11 15:05:00] <%CosyToastie> what are wer packing for?
[2022-12-11 15:05:16] <%DrSius> @CosyToastie week long vacation to okinawa NODDERS
[2022-12-11 15:05:29] VIEWERS: 84
[2022-12-11 15:05:31] <%CosyToastie> canninyPog
[2022-12-11 15:05:39] <%megamonkey56> canninyPause okinawa
[2022-12-11 15:05:40] <%CosyToastie> I always wanted to go there
[2022-12-11 15:05:55] <%WingNow> anya Pog
[2022-12-11 15:06:22] <%CosyToastie> ANYA
[2022-12-11 15:06:22] <%DrSius> yor can stab me anyday
[2022-12-11 15:06:29] <%+albinodingo> canninyKISS canninyKISS canninyKISS
[2022-12-11 15:06:29] <%CosyToastie> I just noticed the boxes
[2022-12-11 15:06:46] <%WingNow> NODDERS
[2022-12-11 15:06:54] <%CosyToastie> dgen channel has been much better lately did you noticer
[2022-12-11 15:06:56] [Raid] 88 raiders from zep_aki have joined!
[2022-12-11 15:07:03] <%DrSius> PogU zep raid
[2022-12-11 15:07:10] <%DrSius> welcome raiders canninyHype
[2022-12-11 15:07:20] <%WingNow> hi raiders canninyHype canninyHype canninyHype
[2022-12-11 15:07:23] <mrmcbeak> I love her accent
[2022-12-11 15:07:28] <%Puffpastryy> canninyHype canninyHype
[2022-12-11 15:07:29] VIEWERS: 88
[2022-12-11 15:07:38] <%+coolkickass> hi
[2022-12-11 15:07:42] <%DrSius> NODDERS zep is cool
[2022-12-11 15:07:44] [Info] This room is no longer in followers-only mode.
[2022-12-11 15:07:44] <%Vorb1s> canninyHype canninyHype canninyHype canninyHype canninyHype
[2022-12-11 15:08:11] <%CosyToastie> new friends are always nice
[2022-12-11 15:08:18] <%+coolkickass> canninyClap
[2022-12-11 15:08:20] <mrmcbeak> 8:09am here
[2022-12-11 15:08:32] <%DrSius> CanniFat too bad
[2022-12-11 15:08:32] <%Puffpastryy> canninyAWO
[2022-12-11 15:08:38] <%CosyToastie> I can see your bones right now
[2022-12-11 15:08:44] <%WingNow> CanniFat
[2022-12-11 15:08:50] <lil_sencha_cake> hello everyone willshayLurk
[2022-12-11 15:08:56] <%DrSius> i'll show you my bone gachiHYPER
[2022-12-11 15:09:02] <@%Doobashy> Joske
[2022-12-11 15:09:06] <%DrSius> delete that message :)
[2022-12-11 15:09:13] <lil_sencha_cake> where is Cani going tmrw chat?
[2022-12-11 15:09:19] <@%소라뿐인타카 (toobashy)> CanniNom
[2022-12-11 15:09:25] <%DrSius> @lil_sencha_cake okinawa canninyPog
[2022-12-11 15:09:29] VIEWERS: 88
[2022-12-11 15:09:39] <@%Doobashy> hayo CanniHey
[2022-12-11 15:09:40] <nezumiwheel> VoHiYo
[2022-12-11 15:09:48] <%DrSius> hokkaido CanniShake no thanks
[2022-12-11 15:09:51] <mrmcbeak> Cute dog you have
[2022-12-11 15:09:54] <@%소라뿐인타카 (toobashy)> !new @nezumiwheel
[2022-12-11 15:09:55] <@%^Nightbot> nezumiwheel welcome new chatter CanniHey
[2022-12-11 15:09:55] <@%Doobashy> !dog
[2022-12-11 15:09:56] <@%^Nightbot> Kalashi is a black shiba dog, born July 16th 2021. Met mommy on Sep 15th. Check Kalashi's IG : https://www.instagram.com/shiba.kalashi
[2022-12-11 15:09:57] <%DrSius> !weather hokkaido
[2022-12-11 15:10:01] <@%^StreamElements> Weather for Hokkaido, JP: Light snow with a temperature of -2.5 C (27.6 F). Wind is blowing from the North-West at 6.55 kph (4.07 mph) and the humidity is 36%
[2022-12-11 15:10:04] <%CosyToastie> it's snowing here today
[2022-12-11 15:10:07] <%DrSius> -2.5C monkaS
[2022-12-11 15:10:07] <%megamonkey56> yikes
[2022-12-11 15:10:11] <%+coolkickass> canninyKISS
[2022-12-11 15:10:16] <@%Doobashy> winter festival Pog
[2022-12-11 15:10:20] <%WingNow> so cold  CanniShake
[2022-12-11 15:10:23] <@%Doobashy> !burp
[2022-12-11 15:10:27] <@%^StreamElements> Canniny has burped 94 times.
[2022-12-11 15:10:28] <Circuit_Cyber> burp
[2022-12-11 15:10:33] <%DrSius> CanniFat kalashi had a good meal ay
[2022-12-11 15:10:39] <%+LonelyBirdie69> widepeepoHappy
[2022-12-11 15:10:39] <%Puffpastryy> aw kalashii
[2022-12-11 15:10:41] <mrmcbeak> what breed is it
[2022-12-11 15:10:43] <%megamonkey56> widepeepoHappy
[2022-12-11 15:10:47] <%Puffpastryy> @mrmcbeak shiba inu
[2022-12-11 15:10:56] <%+coolkickass> kalashi
[2022-12-11 15:11:01] <nezumiwheel> DansGame
[2022-12-11 15:11:03] <%CosyToastie> we leaving him with apollo LUL
[2022-12-11 15:11:10] <%megamonkey56> canninyHug
[2022-12-11 15:11:13] <%DrSius> nah jay will handle it LUL
[2022-12-11 15:11:22] <%WingNow> jay NODDERS
[2022-12-11 15:11:28] <%DrSius> apollo is beta Giggles
[2022-12-11 15:11:29] VIEWERS: 140
[2022-12-11 15:11:33] <%megamonkey56> Apollo never been the same since he lost the battle Sadge
[2022-12-11 15:11:35] <@%Doobashy> Potany the winter festival is Sapporo is cancelled this year canninySadge
[2022-12-11 15:11:35] <%CosyToastie> Kalashi will eat him
[2022-12-11 15:11:37] <%megamonkey56> canninySadge
[2022-12-11 15:11:58] <%megamonkey56> canninyPause
[2022-12-11 15:12:04] <%DrSius> tenga shape canninySUS
[2022-12-11 15:12:14] <@%Doobashy> Saved they delayed it
[2022-12-11 15:12:16] <%megamonkey56> canninySit
[2022-12-11 15:12:22] <%WingNow> canninySit
[2022-12-11 15:12:33] <%DrSius> and then you bought a tenga too canninyNOTED
[2022-12-11 15:12:37] <@%Doobashy> 4th Feb - 11th 2023 peepoSnow
[2022-12-11 15:13:13] <%megamonkey56> canninyPause
[2022-12-11 15:13:17] <%DrSius> KEKW
[2022-12-11 15:13:18] <@%Doobashy> gacha tenga Pog
[2022-12-11 15:13:18] <%WingNow> canninyPause
[2022-12-11 15:13:23] <%CosyToastie> tenga gac ha, lets go
[2022-12-11 15:13:30] <%megamonkey56> canninyTHIS
[2022-12-11 15:13:30] VIEWERS: 140
[2022-12-11 15:13:34] [Info] This room is now in followers-only mode.
[2022-12-11 15:13:40] <%WingNow> KEKW
[2022-12-11 15:13:41] <%CosyToastie> but what did we get
[2022-12-11 15:13:59] <mrmcbeak> How old is your dog?
[2022-12-11 15:14:04] <%DrSius> !kalashi
[2022-12-11 15:14:04] <@%^Nightbot> Kalashi is a black shiba dog, born July 16th 2021. Met mommy on Sep 15th. Check Kalashi's IG : https://www.instagram.com/shiba.kalashi
[2022-12-11 15:14:04] <@%Doobashy> !dog @mrmcbeak
[2022-12-11 15:14:11] <%megamonkey56> canninyTHIS
[2022-12-11 15:14:17] <@%Doobashy> canninyHmm
[2022-12-11 15:14:19] <%Puffpastryy> ah I know these, seen on aliexpress the ads
[2022-12-11 15:14:22] <%DrSius> that's a tenga KEKW
[2022-12-11 15:14:22] <%megamonkey56> LUL
[2022-12-11 15:14:22] <lil_sencha_cake> what is this
[2022-12-11 15:14:22] <%Puffpastryy> it looks like an onahole
[2022-12-11 15:14:23] <nezumiwheel> LUL
[2022-12-11 15:14:24] <%Puffpastryy> PepeFlushed
[2022-12-11 15:14:26] <%WingNow> KEKW 󠀀
[2022-12-11 15:14:33] <mrmcbeak> !dog
[2022-12-11 15:14:33] <@%^Nightbot> Kalashi is a black shiba dog, born July 16th 2021. Met mommy on Sep 15th. Check Kalashi's IG : https://www.instagram.com/shiba.kalashi
[2022-12-11 15:14:37] <%DrSius> tenga without the packaging KEKW
[2022-12-11 15:14:37] <%CosyToastie> bit small
[2022-12-11 15:14:39] <@%소라뿐인타카 (toobashy)> canninyHmm
[2022-12-11 15:14:44] <nezumiwheel> yyjHmm
[2022-12-11 15:14:44] <%megamonkey56> nice and tight Giggles
[2022-12-11 15:14:50] <Gluesticky> shamed :\
[2022-12-11 15:14:53] <Areximacha> Uhhh you want it to be tight.
[2022-12-11 15:14:56] <@%Doobashy> thumb? can it even fit KEKW
[2022-12-11 15:15:00] <@%소라뿐인타카 (toobashy)> !new @Gluesticky
[2022-12-11 15:15:00] <@%^Nightbot> Gluesticky welcome new chatter CanniHey
[2022-12-11 15:15:03] <%$matticheese> canninyHmm
[2022-12-11 15:15:05] <@%Doobashy> it can Pog
[2022-12-11 15:15:06] <%WingNow> canninyGood
[2022-12-11 15:15:07] <%Puffpastryy> canninyTenseSmile
[2022-12-11 15:15:07] <%megamonkey56> Giggles
[2022-12-11 15:15:18] <%+coolkickass> thumbhall？
[2022-12-11 15:15:22] <yes_i_am_kazuma_0> I love this streamer LUL Hi BTW
[2022-12-11 15:15:25] <lil_sencha_cake> bro disgusten
[2022-12-11 15:15:25] <Areximacha> luvelyCringe
[2022-12-11 15:15:30] VIEWERS: 140
[2022-12-11 15:15:40] <%megamonkey56> good deal NODDERS
[2022-12-11 15:15:43] <%$matticheese> That’s a little small
[2022-12-11 15:15:47] <%WingNow> KEKW
[2022-12-11 15:15:58] <%DrSius> it's perfect size for me
[2022-12-11 15:16:01] <%DrSius> oh canninySadge
[2022-12-11 15:16:07] <%CosyToastie> kalashi new chew toy
[2022-12-11 15:16:07] <mrmcbeak> You know I was gonna get a Brittnay and name her Brittney.
[2022-12-11 15:16:13] <@%^StreamElements> Canni doesn’t save VODs, if you can help her make CLIPs to save all the good memories, and post it on discord #clip
[2022-12-11 15:16:16] <@%Doobashy> peepoPat Sius
[2022-12-11 15:16:28] <The_Maestro10_> wtf ??
[2022-12-11 15:16:29] <%DrSius> true OMEGALUL
[2022-12-11 15:16:32] <%WingNow> NODDERS
[2022-12-11 15:16:36] <%megamonkey56> 5Head
[2022-12-11 15:16:37] <yes_i_am_kazuma_0> I need two of those miyuuEyes
[2022-12-11 15:16:39] BITS: rabidone434 (250)
[2022-12-11 15:16:39] <%$rabidone434> Cheer250 The smaller the hole, the tighter the experience. *wink* *wink*
[2022-12-11 15:16:39] <@%^StreamElements> DineroTaps rabidone434 : 250 bits DineroTaps
[2022-12-11 15:16:45] <%Puffpastryy> the perfect texture
[2022-12-11 15:16:50] <@%소라뿐인타카 (toobashy)> !new @The_Maestro10_
[2022-12-11 15:16:50] <@%^Nightbot> The_Maestro10_ welcome new chatter CanniHey
[2022-12-11 15:16:59] <%CosyToastie> it doesn't work if you can't fit in the hole
[2022-12-11 15:17:12] <The_Maestro10_> @toobashy hey
[2022-12-11 15:17:13] <%+coolkickass> kalashihall canninyMOOKAY
[2022-12-11 15:17:24] <%WingNow> kalashi will destroy that easily, can throw it away KEKW
[2022-12-11 15:17:26] <The_Maestro10_> i just woke up and i see this.
[2022-12-11 15:17:28] <mrmcbeak> brb 5 commercials
[2022-12-11 15:17:29] <%megamonkey56> did hye try with lube?
[2022-12-11 15:17:31] VIEWERS: 140
[2022-12-11 15:17:35] <%DrSius> Pog a free toy for jay
[2022-12-11 15:17:41] <%megamonkey56> Pog
[2022-12-11 15:17:43] <@%^StreamElements> Follow my socials ✨💛💗 https://linktr.ee/canniny 💗💛✨
[2022-12-11 15:17:50] <%WingNow> Pog
[2022-12-11 15:17:50] <4nonn66_shinonn> なにこれ？
[2022-12-11 15:17:50] <@%Doobashy> Potany don't ruin the tenga shrine
[2022-12-11 15:17:55] <%CosyToastie> hahahah
[2022-12-11 15:17:59] <%megamonkey56> Potany
[2022-12-11 15:18:04] <The_Maestro10_> @4nonn66_shinonn ?
[2022-12-11 15:18:05] BITS: rabidone434 (250)
[2022-12-11 15:18:05] <%$rabidone434> Cheer250 Where are you going for your trip?
[2022-12-11 15:18:05] <@%^StreamElements> DineroTaps rabidone434 : 250 bits DineroTaps
[2022-12-11 15:18:09] <%megamonkey56> the shrine is scared Potany
[2022-12-11 15:18:12] <%+coolkickass> kalashitenga canninyKaJail
[2022-12-11 15:18:14] <%megamonkey56> sacred
[2022-12-11 15:18:25] <@%Doobashy> throw it NODDERS
[2022-12-11 15:18:25] <!%Belvarna> add to the shrine
[2022-12-11 15:18:26] <%DrSius> give jay
[2022-12-11 15:18:36] <The_Maestro10_> what is that ?
[2022-12-11 15:18:37] <%WingNow> throw it NODDERS
[2022-12-11 15:18:39] <@%Doobashy> WutFace it makes weird sounds
[2022-12-11 15:18:50] <nezumiwheel> asmr stream
[2022-12-11 15:18:52] <%DrSius> Muted
[2022-12-11 15:18:52] <%megamonkey56> LUL
[2022-12-11 15:18:53] <%Puffpastryy> CanniShy
[2022-12-11 15:18:55] <@%Doobashy> HUH
[2022-12-11 15:18:58] <yes_i_am_kazuma_0> miyuuOletteGao miyuuOletteGao miyuuOletteGao
[2022-12-11 15:19:02] <nezumiwheel> yyjHmm
[2022-12-11 15:19:02] <%DrSius> hell no i'm muting this shit
[2022-12-11 15:19:02] <mrmcbeak> back. Hate commercials
[2022-12-11 15:19:06] <@%소라뿐인타카 (toobashy)> DansGame
[2022-12-11 15:19:09] <The_Maestro10_> i love this noise…
[2022-12-11 15:19:10] <@%Doobashy> DansGame
[2022-12-11 15:19:13] <%Puffpastryy> needs more lubrication
[2022-12-11 15:19:15] <%megamonkey56> widepeepoSad
[2022-12-11 15:19:19] <%+coolkickass> take lotion canninyPog
[2022-12-11 15:19:25] <@%Doobashy> I feel violated
[2022-12-11 15:19:26] <yes_i_am_kazuma_0> miyuuJam miyuuJam miyuuJam
[2022-12-11 15:19:26] BITS: rabidone434 (250)
[2022-12-11 15:19:26] <%$rabidone434> Are we doing Tenga ASMR now? Cheer250
[2022-12-11 15:19:27] <@%^StreamElements> DineroTaps rabidone434 : 250 bits DineroTaps
[2022-12-11 15:19:28] <%WingNow> canninyThink
[2022-12-11 15:19:31] VIEWERS: 140
[2022-12-11 15:19:34] <The_Maestro10_> that remember me something
[2022-12-11 15:19:39] <%Puffpastryy> canninyTenseSmile
[2022-12-11 15:19:54] <%WingNow> lol
[2022-12-11 15:20:08] <@%소라뿐인타카 (toobashy)> HUH
[2022-12-11 15:20:12] <@%Doobashy> Saved
[2022-12-11 15:20:14] <%megamonkey56> ddHuh
[2022-12-11 15:20:15] <%WingNow> HUH
[2022-12-11 15:20:28] <yes_i_am_kazuma_0> miyuuPuke1 miyuuPuke2 miyuuPuke3 miyuuSlotsPOG
[2022-12-11 15:20:50] <%OdinPops> canninyCannikii
[2022-12-11 15:21:02] <yes_i_am_kazuma_0> miyuuThisisfine
[2022-12-11 15:21:31] <The_Maestro10_> where is she ?
[2022-12-11 15:21:33] VIEWERS: 142
[2022-12-11 15:21:51] <@%Doobashy> ran away NODDERS
[2022-12-11 15:21:53] <yes_i_am_kazuma_0> she is sitting on the chair, can't you see
[2022-12-11 15:22:39] <@%Doobashy> canninyBlankie
[2022-12-11 15:22:46] <The_Maestro10_> @yes_i_am_kazuma_0 oh shit, she isn’t cute anymore
[2022-12-11 15:22:58] <%CosyToastie> kalashiii
[2022-12-11 15:23:01] <@%Doobashy> Potany how dare you
[2022-12-11 15:23:07] <@%Doobashy> that goose is cute Smadge
[2022-12-11 15:23:24] <@%소라뿐인타카 (toobashy)> kinda flat canninyThink
[2022-12-11 15:23:25] <The_Maestro10_> @doobashy hmm..
[2022-12-11 15:23:27] <yes_i_am_kazuma_0> @the_maestro10_ cute NODDERS
[2022-12-11 15:23:32] VIEWERS: 142
[2022-12-11 15:24:14] <@%Doobashy> @toobashy so canninySUS
[2022-12-11 15:24:14] <The_Maestro10_> @yes_i_am_kazuma_0 excuse me if i can’t understand everything, i’m French and my english isn’t perfect
[2022-12-11 15:24:14] <@%소라뿐인타카 (toobashy)> canninyTenseSmile nothing
[2022-12-11 15:24:15] <yes_i_am_kazuma_0> @the_maestro10_ no worries colasePat
[2022-12-11 15:24:34] <The_Maestro10_> @yes_i_am_kazuma_0 okay
[2022-12-11 15:24:45] <@%Doobashy> Anya sitting on top of Anya canninyHmm
[2022-12-11 15:24:52] <4nonn66_shinonn> だれもいない
[2022-12-11 15:25:23] <yes_i_am_kazuma_0> miyuuSmug
[2022-12-11 15:25:25] <@%소라뿐인타카 (toobashy)> good boy PETTHEKALASHI
[2022-12-11 15:25:33] VIEWERS: 158
[2022-12-11 15:25:48] <@%Doobashy> Pog
[2022-12-11 15:25:52] <%+hippohighcount> greetings everyone canninyHey, nice sunday to the bashyfam canninyLove
[2022-12-11 15:25:59] <swampninja1000> kalashnikov inc
[2022-12-11 15:26:01] <@%Doobashy> hippo CanniHey
[2022-12-11 15:26:18] <%Marco_Redivivo> tyongC1 tyongC2
[2022-12-11 15:26:54] <yes_i_am_kazuma_0> Kalashiii you good?
[2022-12-11 15:26:57] <%+coolkickass> CanniJuice
[2022-12-11 15:27:15] <+PeculiarPear> its very quiet here tmikageLurking
[2022-12-11 15:27:25] <@%소라뿐인타카 (toobashy)> !new @PeculiarPear
[2022-12-11 15:27:25] <@%^Nightbot> PeculiarPear welcome new chatter CanniHey
[2022-12-11 15:27:33] VIEWERS: 169
[2022-12-11 15:28:18] <%sinloehal> hi tell how yesterday was? somebody fight or kiss or nothing?
[2022-12-11 15:29:08] <%+manny88o> Hello beautiful how are you doing today
[2022-12-11 15:29:08] <%CosyToastie> @sinloehal whaaat
[2022-12-11 15:29:13] <%rabidone434> Fine, 500 Yen Shit smart size toy ASMR. Cheer250q
[2022-12-11 15:29:15] <k0himflodur> hello canniny and chat canninyHey
[2022-12-11 15:29:24] <yes_i_am_kazuma_0> welcome back
[2022-12-11 15:29:27] <@%소라뿐인타카 (toobashy)> CanniFat
[2022-12-11 15:29:28] <%+manny88o> canninyKISS canninyKISS canninyKISS canninyKISS canninyKISS canninyKISS canninyKISS canninyKISS canninyKISS canninyKISS canninyKISS canninyKISS
[2022-12-11 15:29:29] <yes_i_am_kazuma_0> shyeno1Tongue shyeno1Tongue shyeno1Tongue
[2022-12-11 15:29:33] VIEWERS: 169
[2022-12-11 15:30:28] <%zhubajie_> good appetiff canniny eeveelLick eeveelNom tinnueSheeppoke
[2022-12-11 15:30:47] <%zhubajie_> HOT
[2022-12-11 15:30:51] <yes_i_am_kazuma_0> shyeno1Tongue shyeno1Tongue shyeno1Tongue shyeno1Tongue shyeno1Tongue
[2022-12-11 15:31:00] <4nonn66_shinonn> からそお！
[2022-12-11 15:31:00] <%zhubajie_> Spice!!!
[2022-12-11 15:31:05] <%vinski_one> Hi Canniny, hi everyone canninyHey canninyHype
[2022-12-11 15:31:07] <%Puffpastryy> 😋 chili oil
[2022-12-11 15:31:37] Viewerstats (15:03-15:31): avg:132 min:84 max:169 [15/84+0+4+0+52+0+0+0+0+2+0+16+11+0+0]
[2022-12-11 15:31:37] VIEWERS: 169
[2022-12-11 15:31:43] <@%Doobashy> CanniFat I miss tha sauce
[2022-12-11 15:31:47] <%zhubajie_> rubbKEKW ixiCheers
[2022-12-11 15:31:56] <%Puffpastryy> canninySadge
[2022-12-11 15:32:12] <%+coolkickass> canninyComfy
[2022-12-11 15:32:25] <%zhubajie_> canniny is wonderfuL!
[2022-12-11 15:32:43] <@%^StreamElements> Follow my socials ✨💛💗 https://linktr.ee/canniny 💗💛✨
[2022-12-11 15:32:51] <%+coolkickass> canninySing
[2022-12-11 15:32:51] <%WingNow> @k0himflodur @vinski_one canninyHey
[2022-12-11 15:32:55] <+PeculiarPear> this room is awesome aia0iGaming aia0iGaming
[2022-12-11 15:33:10] <%WingNow> canniJAM
[2022-12-11 15:33:14] <%zhubajie_> sorana1Xxxx sorana1Xxxx sorana1Xxxx sorana1SMUG
[2022-12-11 15:33:24] <%vinski_one> @wingnow canninyHey
[2022-12-11 15:33:35] VIEWERS: 169
[2022-12-11 15:34:15] <Areximacha> mukbang strim?
[2022-12-11 15:34:21] <%+coolkickass> FeelsAhhMan
[2022-12-11 15:34:25] <@%Doobashy> ask randoms NODDERS
[2022-12-11 15:34:25] <@%소라뿐인타카 (toobashy)> canninyHmm
[2022-12-11 15:34:27] <%zhubajie_> ?
[2022-12-11 15:34:40] <@%소라뿐인타카 (toobashy)> KEKW
[2022-12-11 15:34:44] <%zhubajie_> ah!
[2022-12-11 15:35:11] <%WingNow> don't think bring it, too many stuffs KEKW
[2022-12-11 15:35:33] <mars_pumpkin> i ate rice
[2022-12-11 15:35:35] VIEWERS: 167
[2022-12-11 15:36:06] <mars_pumpkin> do u still go to school
[2022-12-11 15:36:10] <@%Doobashy> canninyTenseSmile so heavy already
[2022-12-11 15:36:28] <%WingNow> yep  canninyTenseSmile
[2022-12-11 15:36:41] <@%Doobashy> is the suitcase check in or carry on
[2022-12-11 15:36:47] <%WingNow> you better hand carry
[2022-12-11 15:36:51] <%WingNow> they may break it
[2022-12-11 15:36:51] <mars_pumpkin> take a selfie
[2022-12-11 15:37:02] <%+coolkickass> PowerUpL TTours PowerUpR
[2022-12-11 15:37:04] <@%소라뿐인타카 (toobashy)> monkaW wing
[2022-12-11 15:37:45] VIEWERS: 171
[2022-12-11 15:37:46] <%WingNow> not meaning that KEKW
[2022-12-11 15:37:47] <mars_pumpkin> hi
[2022-12-11 15:37:48] <~%Canniny> Chatting its monday
[2022-12-11 15:37:49] <@%Doobashy> youshould
[2022-12-11 15:37:51] <%WingNow> youshould
[2022-12-11 15:37:56] <@%소라뿐인타카 (toobashy)> Chatting
[2022-12-11 15:38:13] <%WingNow> it is suggested by the airport LUL
[2022-12-11 15:38:18] <%+jothepoet> konnichiwa canni canninyKISS
[2022-12-11 15:38:19] <~%Canniny> Chatting i went to school ate rice and i just back from school
[2022-12-11 15:38:33] <@%Doobashy> oh there is more KEKL
[2022-12-11 15:38:38] <mars_pumpkin> i thought u would be graduated by now
[2022-12-11 15:38:44] <%$matticheese> I want a Polaroid camera one day
[2022-12-11 15:38:49] <%WingNow> KEKW
[2022-12-11 15:38:55] <@%Doobashy> I saw it but somehow taught its a different person haha
[2022-12-11 15:39:06] <~%Canniny> Chatting i went to school for eating rice
[2022-12-11 15:39:18] <@%Doobashy> Pog that sounds like a nice school
[2022-12-11 15:39:30] <@%소라뿐인타카 (toobashy)> canninyFat
[2022-12-11 15:39:34] <mars_pumpkin> ur pup looks like elon musk
[2022-12-11 15:39:45] <@%소라뿐인타카 (toobashy)> canninyWhat
[2022-12-11 15:39:45] VIEWERS: 171
[2022-12-11 15:39:51] <4nonn66_shinonn> 学食いいね！
[2022-12-11 15:39:54] <~%Canniny> Chatting and i took a selfie, yes elon is my dog
[2022-12-11 15:39:57] <@%Doobashy> Kalashi owns twitter Poggerinos
[2022-12-11 15:39:59] <+warlike_o_o> teviniO teviniO teviniO
[2022-12-11 15:40:16] <@%Doobashy> DinkDonk Kalashi give us all checkmarks
[2022-12-11 15:40:28] <%WingNow> lol
[2022-12-11 15:40:35] <mars_pumpkin> heh
[2022-12-11 15:40:38] <%WingNow> !elon
[2022-12-11 15:40:42] <%+coolkickass> InklingJAM
[2022-12-11 15:40:54] <@%Doobashy> KEKL Wing
[2022-12-11 15:40:59] <%WingNow> KEKW
[2022-12-11 15:41:26] <@%Doobashy> Elon Kalashi Musk canninyNOTED
[2022-12-11 15:41:37] <%+coolkickass> WatchingStream
[2022-12-11 15:41:53] VIEWERS: 171
[2022-12-11 15:42:08] <%+coolkickass> canninyLIFE
[2022-12-11 15:42:08] <%$matticheese> Dgen life
[2022-12-11 15:42:09] <@%Doobashy> NODDERS
[2022-12-11 15:42:12] <%+jothepoet> Canni gonna Date Elon Mah! LUL the chinese Elon on insta
[2022-12-11 15:42:13] <+warlike_o_o> et1231KISS et1231KISS et1231KISS et1231QQ
[2022-12-11 15:42:17] <4nonn66_shinonn> おっぱい星人笑笑
[2022-12-11 15:42:17] <%walrus577> widepeepoSit
[2022-12-11 15:42:19] <%+coolkickass> canninyLIFE canninyLIFE
[2022-12-11 15:42:37] <%zhubajie_> I just ate vanilla flan and now small coffee milk with small cigarette
[2022-12-11 15:42:41] <@%Doobashy> I got lost KEKW
[2022-12-11 15:42:47] <%+coolkickass> booba canninyThink
[2022-12-11 15:42:49] <@%Doobashy> it's such a maze
[2022-12-11 15:43:27] <%zhubajie_> sorana1Xxxx sorana1Xxxx sorana1Xxxx
[2022-12-11 15:43:41] [Notification] NashTvirus subscribed at Tier 1. They've subscribed for 48 months!
[2022-12-11 15:43:41] <@%^StreamElements> canninyCannikii canninyCannikii @NashTvirus Thanks for subscribing!! I love you!! Muah! canninyCannikii canninyCannikii canninyCannikii
[2022-12-11 15:43:45] <@%Doobashy> PogU
[2022-12-11 15:43:49] <%WingNow> PogU
[2022-12-11 15:43:54] VIEWERS: 178
[2022-12-11 15:43:56] <%walrus577> SNIFFA
[2022-12-11 15:43:57] <%+coolkickass> Blankies BLANKIESP
[2022-12-11 15:44:06] <@%Doobashy> Nash don't un alive her D:
[2022-12-11 15:44:09] <%zhubajie_> UF!!!
[2022-12-11 15:44:25] <%NashTvirus> canninyClap
[2022-12-11 15:44:29] <%zhubajie_> fast eating o__0!
[2022-12-11 15:44:37] <%WingNow> cursed dolls? canninyMonka
[2022-12-11 15:45:12] <@%^Nightbot> Canniny will draw Twitch/Discord EMOTES for 30$ each. DM her on !discord for more info.
[2022-12-11 15:45:41] <%WingNow> canninyTenseSmile
[2022-12-11 15:45:53] VIEWERS: 178
[2022-12-11 15:45:56] <@%Doobashy> needy boy
[2022-12-11 15:46:33] <%zhubajie_> damn the bird always comes destroying father's garden....im busy sorana1ROAR sorana1ROAR sorana1ROAR
[2022-12-11 15:46:43] <%+coolkickass> PETTHEKALASHI
[2022-12-11 15:46:59] <@%Doobashy> CanniKnife
[2022-12-11 15:47:13] <%Puffpastryy> TenseSmile
[2022-12-11 15:47:33] <%$aciddreamss> elloo elloo from new yorkkk Canni and all my bashy bros! canninyWAIFU canninyHype canninyHype
[2022-12-11 15:47:44] <%WingNow> LUL
[2022-12-11 15:47:44] <@%^StreamElements> Follow my socials ✨💛💗 https://linktr.ee/canniny 💗💛✨
[2022-12-11 15:47:50] <@%Doobashy> @aciddreamss CanniHey
[2022-12-11 15:47:53] VIEWERS: 188
[2022-12-11 15:47:58] <@%Doobashy> whats that canninyHmm
[2022-12-11 15:48:11] <%WingNow> driving japan train
[2022-12-11 15:48:12] <%$aciddreamss> llol
[2022-12-11 15:48:19] <@%Doobashy> ohh canninyNOTED
[2022-12-11 15:48:30] <%+coolkickass> SpeedL SadgeJam SpeedR
[2022-12-11 15:48:34] <%Puffpastryy> lool, wild
[2022-12-11 15:48:39] <@%Doobashy> HUH
[2022-12-11 15:48:40] <%WingNow> @aciddreamss canninyHey
[2022-12-11 15:48:43] <%WingNow> wtf HUH
[2022-12-11 15:48:43] <@%Doobashy> wtf is that snake KEKL
