# Log started: 2022-12-06 23:35:58 +0100
[2022-12-06 23:35:58] ~Rainbow Six Siege / R6S Y7S4 |【VTuber】!merch !SolarRaid #mature #GiveItToMomo #sponsored (Tom Clancy's Rainbow Six Siege)~
[2022-12-06 23:35:58] Joining #momo..
[2022-12-06 23:35:58] You have joined #momo
[2022-12-06 23:35:58] VIEWERS: 714
[2022-12-06 23:37:04] VIEWERS: 714
[2022-12-06 23:37:10] <%+yuri_hyuaga> !lurk
[2022-12-06 23:37:35] <%curs3d_wraith> i once slept 15 and a half hours i was just dead until i woke up
[2022-12-06 23:38:03] <%+yuri_hyuaga> I'm just lurking but here. heyo everyone
[2022-12-06 23:38:26] <kennethsolt> la hee la hee la hee
[2022-12-06 23:38:29] <vacantSolution> nice
[2022-12-06 23:38:32] <%+Flamquill> adoreAwoo
[2022-12-06 23:39:05] VIEWERS: 671
[2022-12-06 23:39:27] <%DJPikachu118> teas ready
[2022-12-06 23:39:51] <%jackjumbo> quick chat scare momo into shooting her gun
[2022-12-06 23:39:52] <%+AllTheZibas> adoreOwO
[2022-12-06 23:40:08] <%+ArcticWaste> adoreAwoo
[2022-12-06 23:40:10] [Points] ardistop redeemed BIIIIG STREEETCH! (1 000)
[2022-12-06 23:40:22] <%Ratholos666> adoreK adoreK2 adoreK3
[2022-12-06 23:40:26] <%curs3d_wraith> adoreOwO
[2022-12-06 23:41:00] <Arch_Fluffy> ouchies
[2022-12-06 23:41:05] VIEWERS: 671
[2022-12-06 23:41:45] <%jackjumbo> is ash still broken
[2022-12-06 23:42:03] <%+swervinghawk202> adoreSnap adoreSnap adoreSnap
[2022-12-06 23:42:37] <%DJPikachu118> ouch
[2022-12-06 23:42:40] <@%octal9> reset the timer
[2022-12-06 23:43:05] VIEWERS: 680
[2022-12-06 23:43:12] <@%octal9> Strykur, do you have any more copies of the requisite  accident forms? Last I heard heavy was all out
[2022-12-06 23:43:43] <%jackjumbo> got it so on average momo somehow injures herself on her desk
[2022-12-06 23:44:35] <%+ArcticWaste> monkaW
[2022-12-06 23:44:42] <gallianw> Nice flank
[2022-12-06 23:44:57] <%curs3d_wraith> Very nice
[2022-12-06 23:45:00] [Usernotice] yuri_hyuaga is paying forward the Gift they got from MidasTheAlchemist to the community!
[2022-12-06 23:45:00] [Usernotice] yuri_hyuaga is gifting 1 Tier 1 Subs to Momo's community! They've gifted a total of 5 in the channel!
[2022-12-06 23:45:01] [Notification] yuri_hyuaga gifted a Tier 1 sub to tentac0la! tentac0la has subscribed for 2 months!
[2022-12-06 23:45:05] VIEWERS: 680
[2022-12-06 23:45:27] <%yuri_hyuaga> well I tried to scare her but alerts off haha
[2022-12-06 23:45:32] <%electrode> LUL
[2022-12-06 23:45:35] <%+ArcticWaste> D:
[2022-12-06 23:45:41] <germendetrigo> MYAAA PetTheMomo MomoLove
[2022-12-06 23:45:44] <@%Strykur> @yuri_hyuaga sub notis dont make a sound strykuNODDERS
[2022-12-06 23:45:44] <%+AllTheZibas> adoreRIP
[2022-12-06 23:45:55] <%+kuroamukira> merry christmas
[2022-12-06 23:46:06] <%+AllTheZibas> bye mii
[2022-12-06 23:46:10] <%yuri_hyuaga> welp I still helped someone sub
[2022-12-06 23:46:16] <Anrex_Zekai> Momo I'm glad to have discovered your channel, your cute & funny energy makes my day & I hope your streams will forever bring happiness to everyone.
[2022-12-06 23:46:26] <%+Flamquill> LUL
[2022-12-06 23:46:26] <%+AllTheZibas> KEKW
[2022-12-06 23:46:31] <%aphybug> adoreSmug
[2022-12-06 23:46:37] [Points] ItsTrim_ redeemed Awooo! (1 500)
[2022-12-06 23:46:55] <%+ArcticWaste> MomoClap
[2022-12-06 23:46:56] <%+Rexinator> thank you for the stream Momo
[2022-12-06 23:47:00] <%+yukito26> adoreLove
[2022-12-06 23:47:00] <%+AllTheZibas> adoreLick
[2022-12-06 23:47:01] <Arch_Fluffy> Clap Clap Clap Clap
[2022-12-06 23:47:04] <germendetrigo> VirtualHug VirtualHug VirtualHug
[2022-12-06 23:47:04] <%$Zoiyya> MomoClap
[2022-12-06 23:47:05] <%yuri_hyuaga> adoreHug adoreLove adoreHug adoreLove
[2022-12-06 23:47:05] VIEWERS: 665
[2022-12-06 23:47:07] <%+Flamquill> Clap
[2022-12-06 23:47:09] <@%octal9> !solarraid
[2022-12-06 23:47:09] <@^StreamElements> Wanna check out R6 Y7 S4 with us? Lick the Link!!! https://ubi.li/zgGbf
[2022-12-06 23:47:14] <germendetrigo> Clap
[2022-12-06 23:47:15] <@%octal9> <3
[2022-12-06 23:47:16] <%yuri_hyuaga> xD
[2022-12-06 23:47:17] <%curs3d_wraith> adoreLove adoreLove adoreLove
[2022-12-06 23:47:19] <%+yukito26> adoreOwO
[2022-12-06 23:47:50] <nsher3> Hi momo & chat sutoWoke
[2022-12-06 23:48:06] <%MurasameTepes> adoreLove adoreLove adoreLove adoreLove adoreLove adoreLove adoreLove
[2022-12-06 23:48:11] <%+AllTheZibas> MomoClap NODDERS
[2022-12-06 23:48:14] <%+skylord157> I hope you have a great rest of the day momo adoreLove adoreLove adoreLove adoreLove
[2022-12-06 23:48:20] <%$DarkestDemonn> !FFRP
[2022-12-06 23:48:20] <@Robo_Momo> Momo plays on Forgotten Fables RP!!! Come join in the Conan Exiles roleplay!!! https://discord.gg/tvmmQNeKsh
[2022-12-06 23:48:22] <%wolf_master615> adoreLove adoreLove adoreLove adoreLove adoreLove adoreLove
[2022-12-06 23:48:29] <%+Flamquill> adoreLove adoreLove adoreLove adoreLove adoreLove
[2022-12-06 23:48:30] <germendetrigo> MomoLove PetTheMomo
[2022-12-06 23:48:33] <%aphybug> adoreLove
[2022-12-06 23:48:35] <%thumper302> adoreLove adoreLove adoreLove adoreLove adoreLove adoreLove
[2022-12-06 23:48:45] <%yuri_hyuaga> adoreLove adoreLove adoreLove adoreLove adoreLove
[2022-12-06 23:49:04] <%+Rexinator> what is the Conan Exile Roleplay server? do you need to own any games or no?
[2022-12-06 23:49:06] VIEWERS: 665
[2022-12-06 23:49:45] <%electrode> rev modCheck
[2022-12-06 23:49:57] <%electrode> he could crack my nuts
[2022-12-06 23:49:58] <%$DarkestDemonn> @Rexinator Forgotten Fables is a roleplay/Pvp server Momo owns, all are welcome
[2022-12-06 23:50:01] <%electrode> I mean uhhh
[2022-12-06 23:50:03] <@%octal9> !ffrp @Rexinator
[2022-12-06 23:50:03] <@Robo_Momo> Momo plays on Forgotten Fables RP!!! Come join in the Conan Exiles roleplay!!! https://discord.gg/tvmmQNeKsh
[2022-12-06 23:50:08] <%+cawi> gaming
[2022-12-06 23:50:23] <%electrode> ya if miss uzu is available, she can take my spot adoreLove
[2022-12-06 23:50:26] <%electrode> I'm getting on though
[2022-12-06 23:50:41] [Raid] 110 raiders from Miisty have joined!
[2022-12-06 23:50:46] <+arctic_pride> miistyWave miistyWave miistyWave miistyWave miistyWave miistyWave miistyWave miistyWave miistyWave miistyWave miistyWave miistyWave miistyWave miistyWave
[2022-12-06 23:50:47] <%Wecoyote99> junior404Padoru junior404Padoru junior404Padoru junior404Padoru junior404Padoru
[2022-12-06 23:50:47] <@%Strykur> miistyWave miistyWave miistyWave
[2022-12-06 23:50:47] <echofivebravo80> TombRaid TombRaid TombRaid TombRaid TombRaid TombRaid
[2022-12-06 23:50:48] <%electrode> RABBIT RAIDDDD
[2022-12-06 23:50:51] <+Detroit> miistyWave
[2022-12-06 23:50:51] <%ppraet> miistyWave henlo
[2022-12-06 23:50:51] <@%octal9> miistyWave miistyWave miistyWave miistyWave miistyWave
[2022-12-06 23:50:53] <Lisa_MiLo> miistyWave miistyWave miistyWave miistyWave miistyWave miistyWave miistyWave miistyWave
[2022-12-06 23:50:54] <$ShapeShyphter> miistySit
[2022-12-06 23:50:54] <Merrifield> miistyWave miistyWave miistyWave miistyWave
[2022-12-06 23:50:56] <+TheBusNinja> miistyBongo miistyBongo miistyBongo miistyBongo miistyBongo
[2022-12-06 23:50:58] <+pinkyjoyful> miistyWave miistyWave miistyWave miistyWave miistyWave miistyWave miistyWave miistyWave miistyWave miistyWave miistyWave miistyWave miistyWave miistyWave
[2022-12-06 23:51:00] <echofivebravo80> miistyWave miistyWave miistyWave miistyWave miistyWave
[2022-12-06 23:51:04] <%Miisty> thank you so much for playing with me today ;; ;;
[2022-12-06 23:51:06] <Merrifield> miistySit
[2022-12-06 23:51:06] VIEWERS: 626
[2022-12-06 23:51:06] ~Only the cute join |【VTuber】!merch  #mature #GiveItToMomo (Tom Clancy's Rainbow Six Siege)~
[2022-12-06 23:51:08] <IncompleteBiped> miistyDance miistyDance miistyDance miistyDance miistyDance miistyDance miistyDance miistyCool
[2022-12-06 23:51:09] <jace_thehopefulauthor> miistyWave miistyLove miistyWave miistyLove miistyWave miistyLove miistyWave miistyLove miistyWave miistyLove miistyWave miistyLove miistyWave miistyLove miistyWave miistyLove miistyWave miistyLove miistyWave miistyLove miistyWave miistyLove miistyWave miistyLove miistyWave
[2022-12-06 23:51:13] <@%Strykur> PLAY MORE SHIT TOGETHER YOU TWO
[2022-12-06 23:51:13] [Notification] Fluffy_Sugar subscribed at Tier 1. They've subscribed for 10 months! [10 months of space cat!]
[2022-12-06 23:51:15] <@%Strykur> strykuPoutC
[2022-12-06 23:51:17] <%R3dWolph> oh hi am raider now
[2022-12-06 23:51:23] <%cannaaaa> @Miisty adoreLove
[2022-12-06 23:51:31] <%$DarkestDemonn> Oh speaking of Conan; Momo, I almost blubbered like a bish at Neif's wedding! adoreLove adoreLove
[2022-12-06 23:51:39] <%+ArcticWaste> miistyHug
[2022-12-06 23:51:52] <$ShapeShyphter> miistyShy
[2022-12-06 23:51:53] <@%octal9> omg
[2022-12-06 23:51:54] <@%octal9> raid song?!
[2022-12-06 23:52:06] <%goalierb> Raid song
[2022-12-06 23:52:08] <%ridd_762mm> SingsNote adoreThumbsUp
[2022-12-06 23:52:11] <%+ArcticWaste> We lucky few
[2022-12-06 23:52:12] <SukiSekine> momomomomomomomomomomomomomomo
[2022-12-06 23:52:26] <+pinkyjoyful> Cold mayhaps made shrink HypeWho
[2022-12-06 23:52:28] <%+Rexinator> ok, thanks for the info, if I get the game I'll join the server
[2022-12-06 23:52:32] <%Miisty> @cannaaaa it was nice meeting you too !
[2022-12-06 23:52:34] <germendetrigo> VirtualHug SingsNote bleedPurple SingsNote <3 SingsNote MYAAA PetTheMomo MomoLove
[2022-12-06 23:52:40] <Lisa_MiLo> miistyDance miistyDance miistyDance
[2022-12-06 23:52:42] <@%octal9> adoreSing miistyDance adoreSing miistyDance adoreSing miistyDance
[2022-12-06 23:52:43] <@%Grothmar9> miistyDance miistyDance miistyDance
[2022-12-06 23:52:46] <Arch_Fluffy> witchuWiggly
[2022-12-06 23:52:49] <%aphybug> adoreWaddle
[2022-12-06 23:52:50] <%ridd_762mm> temperature and humidity would do it :)
[2022-12-06 23:52:50] <%+ArcticWaste> ratJAM
[2022-12-06 23:52:53] <+TheBusNinja> miistyDance miistyDance miistyDance miistyDance
[2022-12-06 23:52:56] <%+AllTheZibas> adoreWiggle adoreSing
[2022-12-06 23:52:56] <echofivebravo80> miistyDance miistyBongo miistyDance miistyBongo miistyBongo miistyBongo miistyDance
[2022-12-06 23:52:58] <Lisa_MiLo> guyjudgePls guyjudgePls guyjudgePls
[2022-12-06 23:52:59] <AegonHD> mothJam
[2022-12-06 23:52:59] <%ppraet> miistyDance adoreWiggle miistyDance adoreWiggle miistyDance adoreWiggle
[2022-12-06 23:53:00] <%$DarkestDemonn> adoreWiggle strykuWiggle adoreWiggle strykuWiggle adoreWiggle strykuWiggle
[2022-12-06 23:53:01] <%cannaaaa> adoreWiggle
[2022-12-06 23:53:01] <DedlokPM> miistyWave miistyDance miistyWave miistyDance miistyWave miistyDance miistyWave miistyDance miistyWave miistyDance miistyWave miistyDance miistyWave miistyDance miistyWave miistyDance miistyWave miistyDance
[2022-12-06 23:53:10] VIEWERS: 626
[2022-12-06 23:53:10] <+goldengryphin> zentreJAMMIE zentreJAMMIE zentreJAMMIE zentreJAMMIE zentreJAMMIE zentreJAMMIE
[2022-12-06 23:53:13] <Lisa_MiLo> aurons7JAM aurons7JAM aurons7JAM
[2022-12-06 23:53:18] <%Snevos> adoreWiggle adoreWiggle adoreWiggle adoreWiggle adoreWiggle
[2022-12-06 23:53:19] <%rattlesara> adoreWaddle adoreWaddle adoreWaddle adoreWaddle adoreWaddle
[2022-12-06 23:53:26] <+pinkyjoyful> miistyDance miistyDance miistyDance miistyDance miistyDance miistyDance miistyDance
[2022-12-06 23:53:26] <%funbucket227> adoreWaddle adoreWaddle adoreWaddle adoreWiggle adoreWiggle adoreWiggle adoreLove adoreLove adoreLove
[2022-12-06 23:53:31] <+Wolf_Rex_7420> yocciJammer lumituJam yocciJammer lumituJam
[2022-12-06 23:53:35] <@%Grothmar9> miistyDance miistyDance miistyDance miistyDance miistyDance
[2022-12-06 23:53:39] <jace_thehopefulauthor> miistyDance pixcatDance miistyDance pixcatDance miistyDance pixcatDance miistyDance pixcatDance miistyDance pixcatDance miistyDance pixcatDance miistyDance
[2022-12-06 23:53:40] <Lisa_MiLo> miistyDance miistyDance miistyDance miistyDance miistyDance
[2022-12-06 23:53:40] <%SunDevil56> MomoWiggle adoreWiggle adoreTailW MomoWiggle adoreWiggle adoreTailW MomoWiggle adoreWiggle adoreTailW
[2022-12-06 23:53:40] <%curs3d_wraith> adoreWaddle adoreWaddle adoreWaddle adoreWaddle
[2022-12-06 23:53:44] <Arch_Fluffy> catJAM catJAM catJAM
[2022-12-06 23:53:44] <Gudges> miistyDance miistyDance miistyDance
[2022-12-06 23:53:44] <@%Strykur> strykuWiggle
[2022-12-06 23:53:51] <%+ArcticWaste> MomoJam
[2022-12-06 23:53:51] <echofivebravo80> nyyRun nyyShake nyyRun nyyShake nyyRun nyyShake nyyRun nyyShake nyyRun
[2022-12-06 23:53:54] <%thumper302> adoreWiggle demond67Musicnote adoreSing demond67Musicnote adoreWiggle
[2022-12-06 23:53:58] <+goldengryphin> milkymilkyRave milkymilkyRave milkymilkyRave milkymilkyRave apriNodders apriNodders honeygobJam honeygobJam ellyvRave ellyvRave ellyvRave ellyvRave
[2022-12-06 23:54:00] <echofivebravo80> nyyDance nyyDance nyyDance nyyDance
[2022-12-06 23:54:01] <dayv23> nihmunNumicheer camziRave shyyRave pmelBotlove ironmouseWiggly rosedoJam
[2022-12-06 23:54:06] <echofivebravo80> r3dxveHoy r3dxveYah r3dxveHoy r3dxveYah r3dxveHoy r3dxveYah
[2022-12-06 23:54:16] <germendetrigo> zentreJAMMIE auteruDance apriDance ironmouseWiggly
[2022-12-06 23:54:19] <%+AllTheZibas> adoreWiggle adoreWiggle adoreWiggle adoreWiggle adoreWiggle adoreWiggle adoreWiggle adoreWiggle adoreWiggle adoreWiggle adoreWiggle adoreWiggle
[2022-12-06 23:54:21] <@%octal9> LUL
[2022-12-06 23:54:22] <%R3dWolph> LMAO
[2022-12-06 23:54:22] <@%Strykur> waitaminute
[2022-12-06 23:54:23] <+Detroit> miistyHug
[2022-12-06 23:54:25] <kennethsolt> wow so perfect sweet Momo
[2022-12-06 23:54:25] <tempt_me1> apriNodders apriNodders
[2022-12-06 23:54:26] <%$Zoiyya> catJAM
[2022-12-06 23:54:28] <%Miisty> omfg
[2022-12-06 23:54:28] <%+LisekilisGEWP> adoreWiggle
[2022-12-06 23:54:29] <%Miisty> LOL
[2022-12-06 23:54:29] <$ShapeShyphter> miistyDance miistyDance miistyDance miistyDance
[2022-12-06 23:54:31] <Lisa_MiLo> Woohoo! miistyDance miistyDance miistyDance
[2022-12-06 23:54:33] <TheyCallMeJammin> thecro96Cheers thecro96Cheers thecro96Cheers thecro96Cheers thecro96Cheers
[2022-12-06 23:54:35] <%$alphess_luna> adoreLove adoreLove adoreLove
[2022-12-06 23:54:35] <$ShapeShyphter> This is so great
[2022-12-06 23:54:36] <%MrLeahcim> adoreWaddle adoreWiggle adoreWaddle adoreWiggle adoreWaddle adoreWiggle adoreWaddle adoreWiggle adoreWaddle adoreWiggle adoreWaddle adoreWiggle
[2022-12-06 23:54:39] <%cannaaaa> adoreWiggle adoreWiggle adoreWiggle adoreWiggle
[2022-12-06 23:54:41] <%daviey_alex> MomoJam MomoWiggle adoreWiggle nagDs ratJAM
[2022-12-06 23:54:41] <+pinkyjoyful> HypeWho HypeWho HypeWho HypeWho
[2022-12-06 23:54:51] <%MrLeahcim> MomoWiggle MomoWiggle MomoWiggle MomoWiggle MomoWiggle
[2022-12-06 23:54:52] <keti4444> we love  you momo
[2022-12-06 23:54:54] <echofivebravo80> lindsfryAHHH lindsfryJESTCHA
[2022-12-06 23:54:59] <jace_thehopefulauthor> pixcatDance SilverJammies pixcatDance SilverJammies pixcatDance SilverJammies pixcatDance SilverJammies pixcatDance SilverJammies pixcatDance SilverJammies pixcatDance SilverJammies pixcatDance SilverJammies pixcatDance
[2022-12-06 23:55:04] <%funbucket227> adoreHug adoreHug adoreHug
[2022-12-06 23:55:09] <%MrLeahcim> PetTheMomo PetTheMomo PetTheMomo PetTheMomo PetTheMomo
[2022-12-06 23:55:10] VIEWERS: 686
[2022-12-06 23:55:14] <@%Strykur> kyosTHINK
[2022-12-06 23:55:16] <Arch_Fluffy> headBang headBang headBang headBang headBang
[2022-12-06 23:55:17] <dayv23> haruchiHueggly ironmouseWiggly haruchiHueggly ironmouseWiggly haruchiHueggly ironmouseWiggly haruchiHueggly
[2022-12-06 23:55:19] <kennethsolt> bravo bravo bravo bravo bravo bravo bravo
[2022-12-06 23:55:29] <%cannaaaa> adoreWaddle adoreWaddle adoreWaddle
[2022-12-06 23:55:32] <Lisa_MiLo> guyjudgeWiggle guyjudgeWiggle guyjudgeWiggle
[2022-12-06 23:55:33] <%+Flamquill> adoreWiggle adoreWiggle adoreWiggle adoreWiggle adoreWiggle adoreWiggle
[2022-12-06 23:55:39] <echofivebravo80> lindsfryJESTCHA lindsfryAHHH lindsfryJESTCHA
[2022-12-06 23:55:41] <@%octal9> you heard her, go follow
[2022-12-06 23:55:47] <+TheBusNinja> strykuClap strykuClap strykuClap
[2022-12-06 23:55:47] <%ridd_762mm> Clap Clap
[2022-12-06 23:55:50] <%+Flamquill> MomoClap
[2022-12-06 23:55:50] <%Miisty> you are so damn cute, thank you for that
[2022-12-06 23:55:50] <tatsuya1021> hello and good afternoon Momo! i hope your day has been as amazingly wonderful day! adoreLove momitoxLove rikkuLove
[2022-12-06 23:55:51] <%ppraet> MomoClap MomoClap MomoClap MomoClap MomoClap
[2022-12-06 23:55:51] <Kezigo> how did u invite friends because i can't
[2022-12-06 23:55:51] <%Miisty> omg
[2022-12-06 23:55:51] <%+AllTheZibas> MomoClap adoreLove
[2022-12-06 23:55:52] <%$Zoiyya> MomoClap
[2022-12-06 23:55:57] <@%octal9> MomoClap MomoClap MomoClap
[2022-12-06 23:55:58] <Lisa_MiLo> aurons7HYPE
[2022-12-06 23:55:59] <%yuri_hyuaga> adoreHug adoreHug adoreHug
[2022-12-06 23:56:01] <@%Grothmar9> @Kezigo Keep at it
[2022-12-06 23:56:01] <%LordConan81> adoreLove adoreLove miistyLove miistyLove miistyHug miistyHug
[2022-12-06 23:56:02] <%cannaaaa> adoreWiggle adoreWiggle adoreWiggle
[2022-12-06 23:56:04] <%$DarkestDemonn> MomoClap
[2022-12-06 23:56:06] <germendetrigo> VirtualHug VirtualHug VirtualHug VirtualHug
[2022-12-06 23:56:06] <%$jacobking329> adoreGiggle sprixeHeart adoreGiggle
[2022-12-06 23:56:08] <@%Grothmar9> We eventually got it to work
[2022-12-06 23:56:08] <%diamondkinghill> Clap
[2022-12-06 23:56:08] <%cannaaaa> peepoHappy
[2022-12-06 23:56:10] <Gudges> miistyYay miistyDance
[2022-12-06 23:56:10] <%MrLeahcim> NezukoJam NezukoJam NezukoJam NezukoJam NezukoJam
[2022-12-06 23:56:12] <%SunDevil56> LUL MomoClap
[2022-12-06 23:56:14] <@%Strykur> catJAM
[2022-12-06 23:56:14] <%Miisty> NOOOOOOOOOOOO
[2022-12-06 23:56:16] <@%octal9> OMEGALUL
[2022-12-06 23:56:17] <%yuri_hyuaga> I enjoy it and your stream
[2022-12-06 23:56:25] <keti4444> lol it was awesome
[2022-12-06 23:56:25] <@%Grothmar9> YASSSSSSSSSSSSSSS
[2022-12-06 23:56:27] <%Miisty> I mean..
[2022-12-06 23:56:28] <@%Strykur> NezukoJam NezukoJam NezukoJam
[2022-12-06 23:56:32] <echofivebravo80> GivePLZ DoritosChip DoritosChip DoritosChip DoritosChip DoritosChip DoritosChip DoritosChip
[2022-12-06 23:56:34] <@%octal9> miistyDance
[2022-12-06 23:56:35] <%Miisty> *cough*
[2022-12-06 23:56:43] <@%Strykur> MomoDance MomoDance MomoDance
[2022-12-06 23:56:45] <Cylodr> miistyDance miistyDance miistyDance
[2022-12-06 23:56:46] <%+ArcticWaste> ratJAM
[2022-12-06 23:56:48] <%+Ocean_Whitewolf> miistyDance miistyDance
[2022-12-06 23:56:48] <tatsuya1021> @octal9 hey chief, i hope your day has been as awesome as you are! enigma7 adoreLove
[2022-12-06 23:56:53] <kennethsolt> perfect
[2022-12-06 23:56:54] <%cannaaaa> adoreSnap
[2022-12-06 23:56:56] <keti4444> wow
[2022-12-06 23:56:56] <Gudges> Miisty is choking 'On Water' again...
[2022-12-06 23:56:59] <%+Fluffy_Sugar> She was gonna say no, but then she realized it was the Momo rendition
[2022-12-06 23:57:02] <@%octal9> @tatsuya1021 adoreHug
[2022-12-06 23:57:10] VIEWERS: 686
[2022-12-06 23:57:15] <@%Strykur> SNIFFA
[2022-12-06 23:57:19] <tatsuya1021> halosRainbow
[2022-12-06 23:57:24] <%MrLeahcim> rooOld  rooC  rooNom  rooOld  rooC  rooNom rooOld  rooC  rooNom
[2022-12-06 23:58:07] <Arch_Fluffy> catJAM
[2022-12-06 23:58:09] <echofivebravo80> nyyDance nyyShake nyyDance nyyShake nyyDance
[2022-12-06 23:58:10] <%cannaaaa> adoreWiggle adoreWiggle
[2022-12-06 23:58:18] <%+ArcticWaste> ratJAM ratJAM ratJAM ratJAM
[2022-12-06 23:58:18] <@%Strykur> HAV GOOD VACATION MIINTY
[2022-12-06 23:58:19] <%electrode> adoreWiggle adoreWiggle adoreWiggle adoreWiggle adoreWiggle adoreWiggle adoreWiggle adoreWiggle adoreWiggle adoreWiggle adoreWiggle adoreWiggle
[2022-12-06 23:58:20] <%$jacobking329> adoreWiggle adoreWiggle adoreWiggle adoreWiggle
[2022-12-06 23:58:22] <%$Zoiyya> MomoWiggle
[2022-12-06 23:58:28] <%+TallinNightwing> adoreWiggle
[2022-12-06 23:58:28] <echofivebravo80> r3dxveYayroll r3dxveLine r3dxveYayroll r3dxveLine r3dxveYayroll r3dxveLine r3dxveYayroll r3dxveLine r3dxveYayroll
[2022-12-06 23:58:38] <TheyCallMeJammin> thecro96Cheers thecro96Cheers thecro96Cheers
[2022-12-06 23:58:43] <%MrLeahcim> suunDJ ciroenDj suunDJ ciroenDj suunDJ ciroenDj suunDJ ciroenDj suunDJ ciroenDj suunDJ ciroenDj
[2022-12-06 23:58:53] <echofivebravo80> nyyWorm nyyHip
[2022-12-06 23:58:58] <%electrode> OH on r6s LUL
[2022-12-06 23:59:10] VIEWERS: 661
[2022-12-06 23:59:13] <%electrode> I dont think I have it downloaded LUL
[2022-12-06 23:59:20] <%MrLeahcim> marzzCheer marzzLesGo marzzCheer marzzLesGo marzzCheer marzzLesGo marzzCheer marzzLesGo
[2022-12-06 23:59:20] <Guildias0> veiRave camziRave veiRave camziRave veiRave camziRave
[2022-12-06 23:59:25] <%SunDevil56> MomoWiggle momoSway adoreWiggle MomoDance MomoJam MomoWiggle momoSway adoreWiggle MomoDance MomoJam MomoWiggle momoSway adoreWiggle MomoDance MomoJam
[2022-12-06 23:59:25] <%+Flamquill> adoreWiggle adoreWiggle adoreWiggle adoreWiggle adoreWiggle
[2022-12-06 23:59:36] <+TheWanderingFalcon> The purr is soul healing
[2022-12-06 23:59:38] <%MrLeahcim> rooRave rooRave rooRave rooRave rooRave
[2022-12-06 23:59:40] <+Kwaidan313> @Momo Hello. Hope you dont mind.. in my pokemon S/V game, I choose the green kitty and named it after you.. "Momo" :)
[2022-12-06 23:59:40] <%puptime>* doroLove skatP doroDerp themffNotes mystickPride
[2022-12-06 23:59:42] <%+AllTheZibas> MomoBlop rrrrrAAAA
[2022-12-06 23:59:43] [Points] Ocean_Whitewolf redeemed Headpat the Momo (5 000)
[2022-12-06 23:59:49] <Lisa_MiLo> miistyDance miistyDance miistyDance
[2022-12-06 23:59:49] <%thumper302> adoreComfy adoreComfy adoreComfy
[2022-12-06 23:59:53] <%ppraet> MomoBlop RRRRAWP?
