# Log started: 2022-12-23 09:08:25 +0100
[2022-12-23 09:08:25] <%timotapanidj> !xp
[2022-12-23 09:08:25] <@^Fossabot> @timotapanidj XP per Hour Addon -> https://www.curseforge.com/wow/addons/per-hour/
[2022-12-23 10:18:58] <%+yeeh22> dogArrive
[2022-12-23 10:20:08] <@^Fossabot>* Check out my youtube channel here: https://www.youtube.com/channel/UCf-5nkCm0Mldj5xwq8wca_g?sub_confirmation=1
[2022-12-23 10:20:15] <%+yeeh22> 1m xp in 30mins with AV YEP SALAMI
[2022-12-23 10:20:28] <@^Fossabot> My socials: https://twitter.com/Jokereed | https://www.instagram.com/jokerdttv | https://www.tiktok.com/@jokerd_tv
[2022-12-23 10:20:50] <@^Fossabot> Discord: https://discord.gg/jokerdtv
[2022-12-23 10:29:07] <%+yeeh22> modCheck
[2022-12-23 10:33:35] <vhetno> modCheck
[2022-12-23 10:35:45] <%+yeeh22> Well KEKBye
[2022-12-23 11:23:18] <ScorpY0> lil bro took another day off?
[2022-12-23 11:23:44] <@^Fossabot> https://streamlabs.com/jokerdtv/merch New LIRLY merch! Lirly the best.
[2022-12-23 11:23:59] <@^Fossabot>* Check out my youtube channel here: https://www.youtube.com/channel/UCf-5nkCm0Mldj5xwq8wca_g?sub_confirmation=1
[2022-12-23 11:24:14] <@^Fossabot> My socials: https://twitter.com/Jokereed | https://www.instagram.com/jokerdttv | https://www.tiktok.com/@jokerd_tv
[2022-12-23 11:24:31] <@^Fossabot> Discord: https://discord.gg/jokerdtv
[2022-12-23 11:37:59] <Jedroskoi> Not streaming everyday 12 hours a day KEKW
[2022-12-23 12:11:46] <PoggestofChampions> "see you tomorrow, boys" PogO
[2022-12-23 14:47:35] <%Myndtricks> !perhour
[2022-12-23 14:47:36] <@^Fossabot> @Myndtricks XP per Hour Addon -> https://www.curseforge.com/wow/addons/per-hour/
[2022-12-23 15:57:02] <ngl85> !vpn
[2022-12-23 22:09:44] <YOSEFSAA7> !Playlist
[2022-12-23 22:10:18] <@^Fossabot>* Check out my youtube channel here: https://www.youtube.com/channel/UCf-5nkCm0Mldj5xwq8wca_g?sub_confirmation=1
[2022-12-23 22:10:39] <@^Fossabot> My socials: https://twitter.com/Jokereed | https://www.instagram.com/jokerdttv | https://www.tiktok.com/@jokerd_tv
[2022-12-23 22:10:54] <@%theruxemburg> LULE
[2022-12-23 22:10:59] <YOSEFSAA7> dude
[2022-12-23 22:11:01] <@^Fossabot> Discord: https://discord.gg/jokerdtv
[2022-12-23 22:11:05] <YOSEFSAA7> there was this playlist
[2022-12-23 22:11:05] <YOSEFSAA7> forsenY
[2022-12-23 22:11:09] <YOSEFSAA7> forsenY i cant fucking find it
[2022-12-23 22:11:42] <@%theruxemburg> techno?
[2022-12-23 22:11:46] <YOSEFSAA7> possibly
[2022-12-23 22:11:51] <@%theruxemburg> retrowave synthwave?
[2022-12-23 22:11:56] <YOSEFSAA7> forsenThink im not sure
[2022-12-23 22:11:59] <YOSEFSAA7> do u have the techno one
[2022-12-23 22:12:07] <@%theruxemburg> !techno
[2022-12-23 22:12:07] <@^Fossabot> My Techno Playlist on Spotify - https://open.spotify.com/playlist/36y7SSs8wmFJGDZ73IyUGe?si=18735ac00e5841c3
[2022-12-23 22:12:58] <@^Fossabot> https://streamlabs.com/jokerdtv/merch New LIRLY merch! Lirly the best.
[2022-12-23 22:16:19] <@^Fossabot>* Check out my youtube channel here: https://www.youtube.com/channel/UCf-5nkCm0Mldj5xwq8wca_g?sub_confirmation=1
[2022-12-23 22:40:30] <@^Fossabot> My socials: https://twitter.com/Jokereed | https://www.instagram.com/jokerdttv | https://www.tiktok.com/@jokerd_tv
[2022-12-23 22:41:02] <@^Fossabot> Discord: https://discord.gg/jokerdtv
