# Log started: 2022-12-07 17:33:16 +0100
[2022-12-07 17:33:16] ~Drops - Naraka Domination - !Millionpugs- !Prime - !Nordvpn - !Chair - !GF - !Charity (Naraka: Bladepoint)~
[2022-12-07 17:33:16] Joining #orzanel..
[2022-12-07 17:33:16] VIEWERS: 495
[2022-12-07 17:33:16] You have joined #orzanel
[2022-12-07 17:33:20] <dez_C> LUL 2 keys now
[2022-12-07 17:33:28] <dez_C> go to chest
[2022-12-07 17:33:58] VIEWERS: 486
[2022-12-07 17:34:07] <dez_C> can be jades, weapons or money
[2022-12-07 17:34:11] <dez_C> RNG
[2022-12-07 17:35:11] <@^Nightbot> In need of a gaming chair or other gaming peripherals? Check out https://arozzi.se/ and use the code "orzanel" for 10% discount!
[2022-12-07 17:35:12] <%+zepiranga> its a supermarket :D
[2022-12-07 17:35:16] <dez_C> thats the point, it notifies lobby someone got a key and people can camp your cave
[2022-12-07 17:35:18] <@%$superreiska> all that loot TriHard
[2022-12-07 17:35:36] <@%stevie__ray_vaughan> i camp my gf's cave NODDERS
[2022-12-07 17:35:43] <dez_C> keys/caves are RNG so many times over
[2022-12-07 17:35:58] VIEWERS: 486
[2022-12-07 17:36:00] <@%Joe773> Evening Boys
[2022-12-07 17:36:26] <@%$superreiska> Joe Kissahomie
[2022-12-07 17:36:31] <@%Joe773> Super Kissahomie
[2022-12-07 17:36:35] <@%stevie__ray_vaughan> Joe Kissahomie UKayChamp
[2022-12-07 17:36:41] <@%Joe773> Stevie Susge Kissahomie
[2022-12-07 17:36:59] <@%Joe773> !duel @superreiska 69
[2022-12-07 17:36:59] <@^StreamElements> @superreiska, @Joe773 wants to duel you for 69 Copper, you can !accept or !deny within 2 minutes
[2022-12-07 17:37:07] <@^Nightbot> Do you enjoy this stream? you can support by subscribing and gain access to the channel's emotes. Subscribers get no ads while watching the stream! Amazon prime users get a free monthly twitch subscription by linking  their amazon account with twitch.Click on this link or scroll down below the channel https://www.twitch.tv/subs/orzanel
[2022-12-07 17:37:24] <@%$superreiska> !accept
[2022-12-07 17:37:24] <@^StreamElements>* superreiska won the Duel vs joe773 PogChamp superreiska won 69 Copper FeelsGoodMan
[2022-12-07 17:37:30] <@%Joe773> POGGERS
[2022-12-07 17:37:30] <@%$superreiska> peepoShy
[2022-12-07 17:37:47] <@%$superreiska> There are no losers in 69 between homies Gayge
[2022-12-07 17:37:53] <@%Joe773> NOPERS
[2022-12-07 17:37:58] VIEWERS: 486
[2022-12-07 17:38:06] <@^Nightbot> Check out my youtube channel https://www.youtube.com/user/orzyrox for tank reviews, guides or just really great games!
[2022-12-07 17:38:11] <@%Joe773> what to eat Hmm
[2022-12-07 17:38:26] <@%$superreiska> peepoPizza  peepoFood
[2022-12-07 17:38:31] <xMrKamil> F
[2022-12-07 17:38:37] <xMrKamil> was a good run
[2022-12-07 17:38:46] <@%Joe773> pizza 🍕 mati?
[2022-12-07 17:38:55] <@%$superreiska> Can't go wrong with it
[2022-12-07 17:38:56] <dez_C> gotta 1 2 dodge and repeat
[2022-12-07 17:39:04] <~%Orzanel> !social
[2022-12-07 17:39:04] <@^Nightbot> Dont miss any updates, follow the social media sites https://www.facebook.com/Orzanel.twitch , https://twitter.com/Orzanel , https://www.instagram.com/orzanel_twitch , Discord https://discord.gg/N3DMFzK
[2022-12-07 17:39:05] <xMrKamil> nah just stayed in one place for too long
[2022-12-07 17:39:06] <~%Orzanel> !youtube
[2022-12-07 17:39:06] <@^Nightbot> https://www.youtube.com/user/orzyrox
[2022-12-07 17:39:16] <@%$superreiska> Thanks for the stream Orzy
[2022-12-07 17:39:18] <@%Joe773> cya Bois take care.
[2022-12-07 17:39:19] <dez_C> ggz
[2022-12-07 17:39:19] <@%$superreiska> take care all KKool
[2022-12-07 17:39:21] <@%stevie__ray_vaughan> peepoBye ty strim
[2022-12-07 17:39:31] <@%Joe773> ended cause I joined Sadge
[2022-12-07 17:39:37] <@%stevie__ray_vaughan> NODDERS
[2022-12-07 17:39:58] VIEWERS: 486
[2022-12-07 17:40:03] <@%$superreiska> sadKEK
[2022-12-07 17:40:26] <@%$superreiska> So just seeing Joe makes Orzy finish early? gachiHYPER
[2022-12-07 17:40:39] <@%Joe773> monkaS
[2022-12-07 17:40:52] <@%$superreiska> peepoShy  peepoCute
[2022-12-07 17:41:24] <@%Joe773> maybe if I joined tomorrow first thing the stream would end Hmm
[2022-12-07 17:41:43] <@%$superreiska> Or Orzy would suddenly find a need for quick snek Gayge
[2022-12-07 17:41:58] VIEWERS: 486
[2022-12-07 17:41:59] <@%Joe773> or Golf need to go mechanics KEKW
[2022-12-07 17:42:09] <@%$superreiska> KEKG
[2022-12-07 17:42:31] ~Stream offline~
[2022-12-07 17:42:53] <@%Joe773> cya Reiska Kissahomie
[2022-12-07 17:43:29] <@%$superreiska> Take care Joe Kissahomie
[2022-12-07 17:45:13] <@^Nightbot> Shop online and get World of Tanks rewards! Sign up for MillionPugs here: https://www.millionpugs.com/?ref=Orzanel  Use this link to register and get 3000 bonus pugs on top of your first purchase or use the code "orzanel" if you allready have an account! #ad
[2022-12-07 18:04:02] Viewerstats (17:33-17:39): avg:486 min:486 max:486 [4/486+0+0+0_]
