# Log started: 2022-12-21 00:00:24 +0100
[2022-12-21 00:00:24] <%PoroHappy> RAGEY i just hate epic so much
[2022-12-21 00:00:31] <%PoroHappy> RAGEY make it better
[2022-12-21 00:00:38] <%tichyou> i hate deez nuts RAGEY
[2022-12-21 00:00:43] <%tichyou> THESE
[2022-12-21 00:00:48] <%speedking1994> THESE
[2022-12-21 00:00:53] <%tichyou> THESE pendrive
[2022-12-21 00:00:56] <%tichyou> THESE AsmoXP
[2022-12-21 00:01:03] <%tichyou> THESE Dingogringo
[2022-12-21 00:01:20] <%tichyou> i'll stop right there monkaLaugh
[2022-12-21 00:01:55] <%speedking1994> pepeLaugh
[2022-12-21 00:01:58] <@^StreamElements> この https://discord.gg/vei からディスコードに参加して、私やファンの仲間とチャットしてみてね！ veiYes
[2022-12-21 00:12:12] <%lemirnajic> veiTenkiWiggles
[2022-12-21 00:16:57] <%azzzv> veiTenkiWiggles veiTenkiWiggles
[2022-12-21 00:17:08] <%nabeshima94> veiTenkiWiggles veiTenkiWiggles veiTenkiWiggles
# Log started: 2022-12-21 15:38:14 +0100
[2022-12-21 15:38:14] ~Stream offline~
[2022-12-21 15:38:14] Joining #veibae..
[2022-12-21 15:38:14] You have joined #veibae
[2022-12-21 15:38:19] <%lemirnajic> sodaSpin atsu sodaSpinnu
[2022-12-21 15:38:20] <%CelestialKou> peepoSitti
[2022-12-21 15:40:37] <%dwormir> lemir I took the buss today peepoSitti
[2022-12-21 15:40:58] <%Dusk_N13> Wave Kou, mish veiBASED
[2022-12-21 15:41:04] <%Dusk_N13> Wave dwormir veiBASED
[2022-12-21 15:41:11] <%CelestialKou> Wave DuckerZ _N13 veiBased
[2022-12-21 15:41:14] <%dwormir> Dusk_N13 veiBASED
[2022-12-21 15:43:47] <@%mish_bad> dusk veiBased
[2022-12-21 15:44:09] <+sim_daley> veiGAMBA
[2022-12-21 15:44:16] <!%+Flukey67> Dusk veiBASED
[2022-12-21 15:44:18] <+sim_daley> !give @lemirnajic all
[2022-12-21 15:44:18] <@^StreamElements> sim_daley gave 5400 points to lemirnajic PogChamp
[2022-12-21 15:44:21] <%Dusk_N13> Wave Flukey veiBASED
[2022-12-21 15:44:27] <%CelestialKou> !gamble all
[2022-12-21 15:44:27] <@^StreamElements> @CelestialKou, you dont have any points to roulette FeelsBadMan
[2022-12-21 15:44:32] <%CelestialKou> EHEHE
[2022-12-21 15:45:02] <%guzman_ckg> !slots AnkhaPls
[2022-12-21 15:45:02] <@^StreamElements> @guzman_ckg you got THOSE | docSpin | doctorRun and lost your 1000 points doctorRun
[2022-12-21 15:49:23] <%lemirnajic> where did the buss take u dwormir
[2022-12-21 15:49:44] <%dwormir> home
[2022-12-21 15:50:56] <%lemirnajic> catboyBday welcome home
[2022-12-21 15:51:34] <%lemirnajic> GAMBATIME points
[2022-12-21 15:51:36] <%dwormir> peepoSitti thank
[2022-12-21 15:51:43] <%lemirnajic> !slots all PepegaCredit
[2022-12-21 15:51:43] <@^StreamElements> @lemirnajic you got docFlex | docL | docSpin and lost your 5400 points doctorRun
[2022-12-21 15:51:51] <%lemirnajic> FRICK u doc
[2022-12-21 15:52:10] <%guzman_ckg> !slots docL
[2022-12-21 15:52:10] <@^StreamElements> @guzman_ckg you got docFlex | docPls | THOSE and lost your 1000 points doctorRun
[2022-12-21 15:54:38] <%dwormir> !give lemirnajic 1000 veiSit
[2022-12-21 15:54:38] <@^StreamElements> dwormir gave 1000 points to lemirnajic PogChamp
[2022-12-21 15:54:58] <%lemirnajic> veiGAMBA OOOOH
[2022-12-21 15:55:18] <%lemirnajic> !slots all im getting the juice JuicingUp
[2022-12-21 15:55:18] <@^StreamElements> @lemirnajic you got DoctorPls | THIS | doctorRun and lost your 1000 points doctorRun
[2022-12-21 15:55:25] <%lemirnajic> doctorRun
[2022-12-21 15:55:28] <%M1kaela7> !gamble 2000
[2022-12-21 15:55:29] <@^StreamElements>* M1kaela7 won 2000 points in roulette and now has 29291 points! veiHappy
[2022-12-21 15:55:36] <%M1kaela7> FeelsStrongMan
[2022-12-21 15:56:21] <b0de> lacSit
[2022-12-21 15:57:03] <%lemirnajic> annytfSit
[2022-12-21 15:59:26] <@%Dingogringo> https://www.youtube.com/watch?v=pphdb0jqvh0&themeRefresh=1
[2022-12-21 15:59:30] <@%Dingogringo> docPls
[2022-12-21 15:59:47] <%Aapo_U> doctorDance
[2022-12-21 15:59:54] <%HanniLAN> DoctorPls
[2022-12-21 16:00:45] <@%AsmoXP> doctorDance
[2022-12-21 16:01:37] <%lemirnajic> docJAMMER
[2022-12-21 16:01:53] <%M1kaela7> doctorDance
[2022-12-21 16:02:05] <%Aapo_U> https://youtu.be/W3dDHus8REk the song in this doctorDance
[2022-12-21 16:02:05] BAN: Aapo_U (30s), Aapo_U (30s), Aapo_U (30s), Aapo_U (30s)
[2022-12-21 16:03:19] <@%AsmoXP> DonkPls
[2022-12-21 16:03:21] <%HanniLAN> docJAM
[2022-12-21 16:03:36] <%lemirnajic> monkaSTEER RaveTime
[2022-12-21 16:04:34] <%M1kaela7> LETSGO https://youtu.be/h-rj8HVW3PQ
[2022-12-21 16:04:34] BAN: M1kaela7 (30s), M1kaela7 (30s), M1kaela7 (30s), M1kaela7 (30s)
[2022-12-21 16:05:21] <%Dusk_N13> BANGER
[2022-12-21 16:06:04] <Slaprock> pseudobread Wokege
[2022-12-21 16:07:02] <%Aapo_U> mic off
[2022-12-21 16:07:04] <%Aapo_U> mic on
[2022-12-21 16:07:06] <%Aapo_U> mic off
[2022-12-21 16:07:09] <%Aapo_U> mic on
[2022-12-21 16:07:42] <@%AsmoXP> mask off lebronJAM
[2022-12-21 16:09:14] <%Aapo_U> lebronJAM
[2022-12-21 16:09:23] <%lemirnajic> lebronJAM
[2022-12-21 16:10:41] <%Dusk_N13> lebronJAM
[2022-12-21 16:14:46] <%dwormir> lebronJAM
[2022-12-21 16:35:59] <itsbroke> GokuGriddy
[2022-12-21 16:36:08] <%lemirnajic> Susge
[2022-12-21 16:36:40] <%lemirnajic> Susge TeaTime
[2022-12-21 16:37:17] <%Dusk_N13> Susge lemi Susge TeaTime
[2022-12-21 16:37:32] <%HanniLAN> NikoGriddy
[2022-12-21 16:38:12] <%lemirnajic> Susge TeaTime dusk duck dsuk dust
[2022-12-21 16:39:03] <%dwormir> Susge TeaTime
[2022-12-21 16:51:38] <%lemirnajic> %trivia
[2022-12-21 16:51:39] <@AmazefulBot> [Trivia] An ornamental recess in a wall for a savory egg dish, perhaps the Lorraine kind
[2022-12-21 16:52:00] <%lemirnajic> sodaNk TeaTime hmm
[2022-12-21 16:52:07] <@AmazefulBot> [Trivia] Hint: quic__ _____
[2022-12-21 16:52:17] <%lemirnajic> quiche egg
[2022-12-21 16:52:17] <@AmazefulBot> [Trivia] @lemirnajic quiche egg is close. [Similarity: 56%]
[2022-12-21 16:52:22] <@AmazefulBot> [Trivia] No one answered correctly. FeelsBadMan The answer was: " quiche niche "
[2022-12-21 16:52:42] <%lemirnajic> sodaNk TeaTime isthatsoo
[2022-12-21 16:52:46] <%lemirnajic> %trivia
[2022-12-21 16:52:46] <@AmazefulBot> [Trivia] Featuring an emotional scene set a potter’s wheel,a musical based on what movie opened in London in 2011?
[2022-12-21 16:53:12] <%lemirnajic> laland
[2022-12-21 16:53:16] <@AmazefulBot> [Trivia] Hint: Gh___
[2022-12-21 16:53:22] <%lemirnajic> ghosts
[2022-12-21 16:53:22] <@AmazefulBot> [Trivia] @lemirnajic You answered the question correctly and got 10 points. FeelsGoodMan The answer was " Ghost ". [Similarity: 100%]
[2022-12-21 17:02:20] <ghost_sprite> 👻 🔔
[2022-12-21 17:02:34] <@%AsmoXP> %trivia
[2022-12-21 17:02:35] <@AmazefulBot> [Trivia] In men's Olympic basketball, this Baltic team won bronze in 1992, 1996 & 2000
[2022-12-21 17:02:43] <@%AsmoXP> lithuania
[2022-12-21 17:02:43] <@AmazefulBot> [Trivia] @asmoxp You answered the question correctly and got 10 points. FeelsGoodMan The answer was " Lithuania ". [Similarity: 100%]
[2022-12-21 17:03:22] <%Aapo_U> forsenCD
[2022-12-21 17:03:26] <@%AsmoXP> STFU
[2022-12-21 17:04:28] <ghost_sprite> just google LuL ❗
[2022-12-21 17:04:55] <%Dusk_N13> forsenCD
[2022-12-21 17:07:17] <%lemirnajic> %trivia
[2022-12-21 17:07:17] <@AmazefulBot> [Trivia] British surgeon Thomas Wakley founded this "incisive" medical journal that's still published today
[2022-12-21 17:07:30] <%lemirnajic> sodaHmm
[2022-12-21 17:07:37] <@%AsmoXP> any doctors?
[2022-12-21 17:07:42] <%lemirnajic> whats the name of the surgery cutting thing
[2022-12-21 17:07:48] <@AmazefulBot> [Trivia] Hint: la____
[2022-12-21 17:07:53] <%lemirnajic> lacerate
[2022-12-21 17:07:57] <%lemirnajic> sodaHmm
[2022-12-21 17:08:02] <@AmazefulBot> [Trivia] No one answered correctly. FeelsBadMan The answer was: " lancet "
[2022-12-21 17:08:18] <ghost_sprite> scalpel
[2022-12-21 17:08:24] <@%AsmoXP> cesarean section?
[2022-12-21 17:08:44] <%lemirnajic> NOTED scalpel yeah i think thats it
[2022-12-21 17:08:57] <%lemirnajic> it wasnt the answer anyway
[2022-12-21 17:09:03] <%lemirnajic> %trivia
[2022-12-21 17:09:03] <@AmazefulBot> [Trivia] An 1899 poem that begins, “I know what the caged bird feels” inspired the title of whose 1969 memoirs?
[2022-12-21 17:09:30] <%lemirnajic> napoleon
[2022-12-21 17:09:32] <@AmazefulBot> [Trivia] Hint: Maya _______
[2022-12-21 17:09:40] <@%AsmoXP> maya higa
[2022-12-21 17:09:41] <%lemirnajic> maya higa
[2022-12-21 17:09:47] <@%AsmoXP> FeelsStrongMan
[2022-12-21 17:09:47] <@AmazefulBot> [Trivia] No one answered correctly. FeelsBadMan The answer was: " Maya Angelou "
[2022-12-21 17:09:47] <%lemirnajic> are u
[2022-12-21 17:10:02] <@%AsmoXP> we are FeelsStrongMan
[2022-12-21 17:10:09] <%lemirnajic> FeelsStrongMan
[2022-12-21 17:13:41] <%dezure> !vei
[2022-12-21 17:13:41] <@^StreamElements> is bae
[2022-12-21 17:16:39] <%solusxs> who
[2022-12-21 17:17:09] <%HanniLAN> vei
[2022-12-21 17:17:16] <%DistilledHoney> who?
[2022-12-21 17:17:34] <@%AsmoXP> vei
[2022-12-21 17:18:20] <%Dusk_N13> Wave Solus veiBASED
[2022-12-21 17:18:26] <%solusxs> MenheraSlam
[2022-12-21 17:18:37] <%Aapo_U> !snapchat
[2022-12-21 17:18:37] <@^StreamElements> lol loser
[2022-12-21 17:18:43] <@%AsmoXP> lol
[2022-12-21 17:18:47] <%HanniLAN> loser
[2022-12-21 17:19:17] <%Aapo_U> Kreygasm
[2022-12-21 17:19:26] <%dezure> vei bae
[2022-12-21 17:19:28] <%solusxs> ultram
[2022-12-21 17:19:30] <%dezure> vei is bae
[2022-12-21 17:19:31] <%dezure> vei  is bae
[2022-12-21 17:19:46] <%dezure> vei bae
[2022-12-21 17:19:48] <%Aapo_U> !instagram
[2022-12-21 17:19:48] <@^StreamElements> 4WeirdW
[2022-12-21 17:19:48] <%dezure> vei is bae
[2022-12-21 17:19:50] <%dezure> vei bae
[2022-12-21 17:19:52] <%dezure> vei is bae
[2022-12-21 17:19:54] <%dezure> !vei
[2022-12-21 17:19:54] <@^StreamElements> is bae
[2022-12-21 17:19:57] <%dezure> vei bae
[2022-12-21 17:20:06] <%+veiPls> vei is my bae
[2022-12-21 17:20:20] <@%AsmoXP> saddap juicer
[2022-12-21 17:20:43] <%DistilledHoney> veiPls
[2022-12-21 17:20:46] <%dezure> Okayeg
[2022-12-21 17:20:49] <%Aapo_U> !insta
[2022-12-21 17:20:49] <@^StreamElements> i dont have 1 yet sry
[2022-12-21 17:20:57] <%Aapo_U> oh boy i love gimmick accounts MegaLUL
[2022-12-21 17:21:32] <@%AsmoXP> when the gimmick account snaps veiMonka
[2022-12-21 17:22:51] <%Aapo_U> w/ AsmoXP Great, I just wanna ask first if I can ask a certain question on chatroom first. "Do you think getting called (In another life I probably would have looked at you that way) is an insult?" Followed up with a question depending on the sexuality of who says it
[2022-12-21 17:23:26] <@%AsmoXP> getting called what forsenPossessed
[2022-12-21 17:24:19] <%Aapo_U> In another life I probably would have looked at you that way
[2022-12-21 17:24:34] <%lemirnajic> dont insult me like that wtf
[2022-12-21 17:24:50] <%Aapo_U> AlienCapoeira ⠀ ⠀ ⠀ ⠀ ⠀ ⠀ ⠀ ⠀ ⠀ ⠀ ⠀ ⠀ ⠀ ⠀ ⠀ ⠀ ⠀ ⠀ ⠀ ⠀ ⠀ AlienCapoeira AlienCapoeira ⠀ ⠀ ⠀ ⠀⠀ ⠀ ⠀ ⠀ ⠀ ⠀ ⠀ ⠀ ⠀ ⠀ ⠀ ⠀ ⠀⠀ ⠀ AlienCapoeira AlienCapoeira AlienCapoeira ⠀ ⠀ ⠀ ⠀ ⠀ ⠀ ⠀ ⠀ ⠀ ⠀ ⠀⠀ ⠀⠀ ⠀ ⠀ AlienCapoeira AlienCapoeira AlienCapoeira AlienCapoeira
[2022-12-21 17:24:50] BAN: Aapo_U (15s), Aapo_U (15s), Aapo_U (15s), Aapo_U (15s)
[2022-12-21 17:25:02] <@%AsmoXP> AlienCapoeira
[2022-12-21 17:25:24] <%Dusk_N13> AlienCapoeira
[2022-12-21 17:25:25] <%lemirnajic> AlienCapoeira
[2022-12-21 17:25:31] <%doug_as> AlienCapoeira
[2022-12-21 17:26:09] <!%+Flukey67> AlienCapoeira
[2022-12-21 17:29:55] <Extrahu3> AlienCapoeira
[2022-12-21 17:32:21] <%DistilledHoney> AlienCapoeira
[2022-12-21 17:32:34] <Pichu_345> AlienCapoeira
[2022-12-21 17:33:38] <%solusxs> AlienCapoeira
[2022-12-21 17:34:20] <%HanniLAN> AlienCapoeira
[2022-12-21 17:38:23] [Notification] donta4meow gifted a Tier 1 sub to satanhome! They have given 5 Gift Subs in the channel!
[2022-12-21 17:38:57] <%solusxs> AlienCapoeira 💢
[2022-12-21 17:40:19] <%lemirnajic> AlienCapoeira veiTato AlienCapoeira
[2022-12-21 17:40:50] <%DistilledHoney> AlienCapoeira veiTato AlienCapoeira
[2022-12-21 17:41:30] <%dwormir> AlienCapoeira veiTato AlienCapoeira
[2022-12-21 17:41:38] <%HanniLAN> AlienCapoeira veiTato AlienCapoeira
[2022-12-21 17:50:11] <0verflux> AlienCapoeira
[2022-12-21 17:50:55] <Pichu_345> AlienCapoeira veiTato AlienCapoeira
[2022-12-21 17:53:11] <%Dusk_N13> AlienCapoeira veiTato AlienCapoeira
[2022-12-21 17:54:58] <OmiOhMi> YAAY
[2022-12-21 17:55:53] <%lemirnajic> YAAY
[2022-12-21 17:57:00] <%dwormir> YAAY
[2022-12-21 17:57:33] <OmiOhMi> YAAY lemirnajic
[2022-12-21 17:57:34] <OmiOhMi> YAAY dwormir
[2022-12-21 17:59:58] <%lemirnajic> YAAY ohmi
[2022-12-21 18:00:54] <%dwormir> YAAY ohmi
[2022-12-21 18:02:09] <%DistilledHoney> dwormir hanni CatAHomie
[2022-12-21 18:03:25] <%dwormir> @DistilledHoney Homi
[2022-12-21 18:03:57] <%HanniLAN> honey CatAHomie
[2022-12-21 18:07:43] <%RaggleFraggle> eww vei apologists veiGlare
[2022-12-21 18:08:27] <%lemirnajic> do something about those vei apoligist
[2022-12-21 18:08:28] <%DistilledHoney> raggle veiWiggles fraggle
[2022-12-21 18:08:35] <%lemirnajic> they have gone too far
[2022-12-21 18:08:43] <%RaggleFraggle> DistilledHoney lemirnajic veiSpinnu
[2022-12-21 18:09:05] <%HanniLAN> veiSpin raggle veiSpin
[2022-12-21 18:09:13] <%RaggleFraggle> HanniLAN veiSpin
[2022-12-21 18:10:19] <%lemirnajic> veiSpin raggle sodaSpin
[2022-12-21 18:32:05] <%+darksushi810> veiSpin
[2022-12-21 18:44:38] <%Dusk_N13> veiSpin Raggle
[2022-12-21 19:00:02] <%PoroHappy> veiF
[2022-12-21 19:00:24] <%Dusk_N13> veiPats Poro
[2022-12-21 19:00:46] <%PoroHappy> veiHug Dusk
[2022-12-21 19:01:06] <アイマン (aymankc)> elisFlower PoroHappy
[2022-12-21 19:01:10] <アイマン (aymankc)> elisFlower dusk
[2022-12-21 19:01:13] <%RaggleFraggle> Dusk_N13 DarkKnight PoroHappy aymankc muniBusiness
[2022-12-21 19:01:17] <アイマン (aymankc)> kodypa1SoCute lemi
[2022-12-21 19:01:19] <%RaggleFraggle> darksushi810
[2022-12-21 19:01:24] <%PoroHappy> aymankc veiFlower
[2022-12-21 19:01:27] <アイマン (aymankc)> RaggleFraggle elisHug
[2022-12-21 19:01:31] <%Dusk_N13> Wave ayman veiBASED
[2022-12-21 19:01:32] <%PoroHappy> Raggle veiWiggles
[2022-12-21 19:01:40] <アイマン (aymankc)> honey catKISS
[2022-12-21 19:02:00] <%PoroHappy> FeelsOkayMan don't forget to claim your free game at Epic games
[2022-12-21 19:02:03] <@^StreamElements> この https://discord.gg/vei からディスコードに参加して、私やファンの仲間とチャットしてみてね！ veiYes
[2022-12-21 19:02:21] <%DistilledHoney> ayman CatAHomie
[2022-12-21 19:02:33] <%lemirnajic> legos
[2022-12-21 19:02:41] <%lemirnajic> sodaHmm
[2022-12-21 19:02:46] <%lemirnajic> catboyWave yo ayman
[2022-12-21 19:02:49] <%PoroHappy> CatAHomie 🍯
[2022-12-21 19:02:52] <%PoroHappy> lemi peepoExcitedHug
[2022-12-21 19:02:53] <%lemirnajic> sodaHappy poro
[2022-12-21 19:02:57] <%DistilledHoney> poro CatAHomie
[2022-12-21 19:03:23] <アイマン (aymankc)> hyperKanna
[2022-12-21 19:03:23] <%PoroHappy> peepoPog legos
[2022-12-21 19:03:25] <%CelestialKou> catEXCITE poro poro poro
[2022-12-21 19:03:30] <%PoroHappy> catEXCITE kou kou kou
[2022-12-21 19:03:35] <%+darksushi810> veiOMEGADANCE
[2022-12-21 19:03:36] <%CelestialKou> hyperKanna ayman ayman
[2022-12-21 19:03:42] <%CelestialKou> Honey CatAHomie
[2022-12-21 19:04:35] <アイマン (aymankc)> hyperKanna kou kou kou
[2022-12-21 19:04:58] <!%Atsuelei> weeb wednesday hyperKanna
[2022-12-21 19:05:30] <%DistilledHoney> kou atsu CatAHomie
[2022-12-21 19:05:37] <%CelestialKou> atsu veiSway <#
[2022-12-21 19:05:41] <%CelestialKou> <3
[2022-12-21 19:06:00] <rhadnard> My sub ran off SadgeCry
[2022-12-21 19:06:00] <%DistilledHoney> https://jigsawpuzzles.io/g/be8a2ebb-f495-4dc9-a1ce-ca1d9bb6c245 surprise puzzle veiHYPERZ https://pbs.twimg.com/media/Fht-RW8XoAAJDsZ?format=jpg&name=4096x4096
[2022-12-21 19:06:00] BAN: DistilledHoney (30s), DistilledHoney (30s), DistilledHoney (30s), DistilledHoney (30s)
[2022-12-21 19:06:09] <rhadnard> good afternoon chat
[2022-12-21 19:06:26] <%Dusk_N13> Wave rhadnard veiBASED
[2022-12-21 19:06:53] <rhadnard> catboyWave Dusk_N13
[2022-12-21 19:07:15] <!%Atsuelei> kou veiAw <3
[2022-12-21 19:07:25] <%CelestialKou> rhad elisWave
[2022-12-21 19:08:47] <%DistilledHoney> rhad DankWave
[2022-12-21 19:11:07] <%DistilledHoney> join puzzle now or I'll snap your dick off RAGEY
[2022-12-21 19:11:25] <%lemirnajic> PagMan puzzle
[2022-12-21 19:11:36] <%lemirnajic> MenheraSlam i wasnt lookin
[2022-12-21 19:11:53] <%lemirnajic> Binoculars
[2022-12-21 19:12:27] <dragonicdrago> I GOT BAITED
[2022-12-21 19:12:39] <dragonicdrago> the song was in english HISS
[2022-12-21 19:12:44] <dragonicdrago> veiSipping
[2022-12-21 19:14:01] <rhadnard> catboyWave CelestialKou catboyWave DistilledHoney
[2022-12-21 19:14:12] <%CelestialKou> uhm
[2022-12-21 19:15:02] <%lemirnajic> peepoClap
[2022-12-21 19:15:05] <%DistilledHoney> peepoClap
[2022-12-21 19:15:05] <%PoroHappy> peepoClap
[2022-12-21 19:15:14] <!%+l_Jassim> peepoClap
[2022-12-21 19:15:16] <%lemirnajic> what song
[2022-12-21 19:15:18] <%DistilledHoney> no piece hiders Gladge
[2022-12-21 19:15:19] <%lemirnajic> drago
[2022-12-21 19:15:20] <%PoroHappy> veiNodders good pic
[2022-12-21 19:15:28] <%lemirnajic> Susge
[2022-12-21 19:15:37] <dragonicdrago> i removed it from history and my reccommended veiSipping
[2022-12-21 19:15:43] <%lemirnajic> DansGame i have numbers in my name again
[2022-12-21 19:15:55] <dragonicdrago> do you want to play the other game veiJAMMING
[2022-12-21 19:16:13] <%PoroHappy> DuckMadge stupid numbers
[2022-12-21 19:16:14] <dragonicdrago> !vanish
[2022-12-21 19:16:14] BAN: dragonicdrago (1s), dragonicdrago (1s)
[2022-12-21 19:16:19] <!%+l_Jassim> duckHey
[2022-12-21 19:16:26] <%lemirnajic> MenheraSlam another one
[2022-12-21 19:16:32] <%PoroHappy> duckHey Jassim
[2022-12-21 19:16:35] <%lemirnajic> MenheraSlam this doesnt count joined late
[2022-12-21 19:17:08] <rhadnard> duckHey PoroHappy duckHey l_Jassim
[2022-12-21 19:17:15] <%PoroHappy> rhadnard duckHey
[2022-12-21 19:17:54] <%DistilledHoney> nother?
[2022-12-21 19:18:16] <%PoroHappy> veiYEP
[2022-12-21 19:18:42] <%lemirnajic> veiYEP
[2022-12-21 19:18:54] <%DistilledHoney> https://jigsawpuzzles.io/g/269cc45c-e143-4bb8-8330-0bd1a43af18b veiSit TeaTime here we go https://pbs.twimg.com/media/FiWQnoOWYAIaVzo?format=jpg&name=4096x4096
[2022-12-21 19:18:54] BAN: DistilledHoney (30s), DistilledHoney (30s), DistilledHoney (30s), DistilledHoney (30s)
[2022-12-21 19:19:04] <%Dusk_N13> Wave Jassim veiBASED
[2022-12-21 19:19:29] <%lemirnajic> veiPEEK
[2022-12-21 19:21:03] <dragonicdrago> peepos call me a elite for a reason donkBASED
[2022-12-21 19:21:11] <rhadnard> catboyWave lemirnajic
[2022-12-21 19:21:17] <%lemirnajic> catboyWave rhad
[2022-12-21 19:21:33] <%lemirnajic> peepos call u weeb for the same reason BASADO
[2022-12-21 19:22:27] <dragonicdrago> https://www.youtube.com/watch?v=YnSW8ian29w weebNod RainbowPls
[2022-12-21 19:22:27] BAN: dragonicdrago (30s), dragonicdrago (30s), dragonicdrago (30s), dragonicdrago (30s)
[2022-12-21 19:24:54] <%lemirnajic> peepoClap
[2022-12-21 19:24:56] <%PoroHappy> peepoClap
[2022-12-21 19:24:57] <%DistilledHoney> peepoClap
[2022-12-21 19:24:58] <%CelestialKou> peepoClap
[2022-12-21 19:25:01] <!%+l_Jassim> peepoClap
[2022-12-21 19:25:02] <%lemirnajic> peepoBox AYAYA
[2022-12-21 19:25:18] <%lemirnajic> AYAYAjam uwa uwa
[2022-12-21 19:25:23] <rhadnard> peepoClap
[2022-12-21 19:25:48] <%PoroHappy> squadHips
[2022-12-21 19:26:17] <rhadnard> veiDance veiDance veiDance veiDance veiDance
[2022-12-21 19:26:21] <%PoroHappy> squadHips CaramellForsen veiHips
[2022-12-21 19:26:40] <%lemirnajic> forsen
[2022-12-21 19:26:58] <kiotone> veiPEEK weeb abe veiPEEK
[2022-12-21 19:27:03] <kiotone> veiPEEK weeb bae veiPEEK
[2022-12-21 19:27:05] <kiotone> lacDank
[2022-12-21 19:27:11] <kiotone> veiLurking
[2022-12-21 19:27:14] <%DistilledHoney> wait I think supr played with us there
[2022-12-21 19:27:17] <%Dusk_N13> kiotone, veiBonk
[2022-12-21 19:27:21] <%CelestialKou> veiPEEK kioweeb
[2022-12-21 19:27:22] <!%+l_Jassim> veiDANK
[2022-12-21 19:27:24] <kiotone> @Dusk_N13 asleepyStab
[2022-12-21 19:27:28] <%PoroHappy> kio veiPEEK veiBonk
[2022-12-21 19:27:32] <%DistilledHoney> jassim kiotone CatAHomie
[2022-12-21 19:27:32] <kiotone> @CelestialKou jadezzHI meatysHype
[2022-12-21 19:27:36] <kiotone> @PoroHappy asleepyStab
[2022-12-21 19:27:36] <!%+l_Jassim> veiPEEK
[2022-12-21 19:27:41] <kiotone> @DistilledHoney eazuCuddle
[2022-12-21 19:27:46] <%PoroHappy> Jassim veiPEEK veiBonk
[2022-12-21 19:27:49] <%CelestialKou> @kiotone, veiHYPERZ
[2022-12-21 19:27:52] <%Dusk_N13> WeebsOUT Drago
[2022-12-21 19:28:03] <kiotone> WEEBSINCHAT
[2022-12-21 19:28:15] <kiotone> Weebs
[2022-12-21 19:28:22] <kiotone> SoCute
[2022-12-21 19:28:27] <%DistilledHoney> BedgeTogether ?
[2022-12-21 19:28:34] <kiotone> @DistilledHoney eazuLewd
[2022-12-21 19:28:48] <!%+l_Jassim> Flushed
[2022-12-21 19:29:27] <%lemirnajic> Flushed
[2022-12-21 19:29:29] <%CelestialKou> elisWot
[2022-12-21 19:32:43] <dragonicdrago> https://www.youtube.com/watch?v=9z-B69HhZ0c rare nonweb link RainbowPls
[2022-12-21 19:32:43] BAN: dragonicdrago (30s), dragonicdrago (30s), dragonicdrago (30s), dragonicdrago (30s)
[2022-12-21 19:33:35] <RonaldTheFrog> Howdy people veiOO
[2022-12-21 19:33:35] <%lemirnajic> PianoTime
[2022-12-21 19:33:43] <%lemirnajic> sup ronald
[2022-12-21 19:33:50] <RonaldTheFrog> lemirnajic MenheraSlam
[2022-12-21 19:33:58] <%lemirnajic> MenheraSlam
[2022-12-21 19:34:01] <%CelestialKou> 🐸 elisWave
[2022-12-21 19:34:07] <RonaldTheFrog> CelestialKou Kissahomie
[2022-12-21 19:34:07] <%PoroHappy> peepoExcitedHug 🐸
[2022-12-21 19:34:13] <RonaldTheFrog> poroPls peepoExcitedHug
[2022-12-21 19:34:39] <RonaldTheFrog> !gamble all
[2022-12-21 19:34:39] <@^StreamElements>* RonaldTheFrog went all in and lost every single one of their 2700 points veiCUM
[2022-12-21 19:34:42] <RonaldTheFrog> veiCUM
[2022-12-21 19:34:43] <!%+l_Jassim> ronald veiFlower
[2022-12-21 19:34:47] <RonaldTheFrog> Jassim Kissahomie
[2022-12-21 19:35:02] <%lemirnajic> forsenLaughingAtYou OSFrog
[2022-12-21 19:35:15] <RonaldTheFrog> D:
[2022-12-21 19:35:17] <RonaldTheFrog> FRICK
[2022-12-21 19:36:47] <%dwormir> peepoExcitedHug 🐸
[2022-12-21 19:36:56] <%dwormir> peepoExcitedHug PoroSad
[2022-12-21 19:37:17] <%PoroHappy> peepoExcitedHug dwormir
[2022-12-21 19:38:01] <dragonicdrago> https://www.youtube.com/watch?v=pPuLjkK3OtU RainbowPls
[2022-12-21 19:38:01] BAN: dragonicdrago (30s), dragonicdrago (30s), dragonicdrago (30s), dragonicdrago (30s)
[2022-12-21 19:38:04] <%lemirnajic> RainbowPls
[2022-12-21 19:38:23] <%dwormir> l_Jassim peepoExcitedHug RainbowPls
[2022-12-21 19:38:28] <%lemirnajic> RainbowPls GuitarTime
[2022-12-21 19:38:34] <%lemirnajic> RainbowPls 🥁
[2022-12-21 19:38:41] <!%+l_Jassim> dwormir peepoExcitedHug
[2022-12-21 19:41:38] <dragonicdrago> https://www.youtube.com/watch?v=RnvT712s5pY RainbowPls
[2022-12-21 19:41:39] BAN: dragonicdrago (30s), dragonicdrago (30s), dragonicdrago (30s), dragonicdrago (30s)
[2022-12-21 19:43:07] <%lemirnajic> SpeedL AYAYAjam SpeedR
[2022-12-21 19:43:30] <%dwormir> SpeedL AYAYAjam SpeedR
[2022-12-21 19:46:14] <dragonicdrago> https://www.youtube.com/watch?v=nD9LwQHc1ik RainbowPls
[2022-12-21 19:46:14] BAN: dragonicdrago (30s), dragonicdrago (30s), dragonicdrago (30s), dragonicdrago (30s)
[2022-12-21 19:47:14] <%dwormir> RainbowPls
[2022-12-21 19:48:00] <%lemirnajic> 🥁
[2022-12-21 19:48:04] <%lemirnajic> veiJam GuitarTime
[2022-12-21 19:49:28] <%HanniLAN> !gamble 1%
[2022-12-21 19:49:28] <@^StreamElements>* HanniLAN lost 42851 points in roulette and now has 4242328 points! veiFeelsBadMan
[2022-12-21 19:49:34] <%HanniLAN> !gamble 3%
[2022-12-21 19:49:34] <@^StreamElements>* HanniLAN won 127269 points in roulette and now has 4369597 points! veiHappy
[2022-12-21 19:49:48] <%HanniLAN> !give lemirnajic 3k
[2022-12-21 19:49:48] <@^StreamElements> HanniLAN gave 3000 points to lemirnajic PogChamp
[2022-12-21 19:50:01] <%lemirnajic> its time
[2022-12-21 19:50:05] <%lemirnajic> GAMBATIME
[2022-12-21 19:50:10] <RonaldTheFrog> dwormir Kissahomie
[2022-12-21 19:50:12] <%HanniLAN> veiGAMBA shall we
[2022-12-21 19:50:16] <RonaldTheFrog> dragonicdrago HanniLAN Kissahomie
[2022-12-21 19:50:20] <%HanniLAN> ronald Kissahomie
[2022-12-21 19:50:27] <dragonicdrago> ronald Kissaweeb
[2022-12-21 19:50:41] <%lemirnajic> !slots all veiGAMBA
[2022-12-21 19:50:41] <@^StreamElements> @lemirnajic you got THIS | GETALIFE  | THOSE and lost your 3000 points doctorRun
[2022-12-21 19:50:45] <%lemirnajic> veiF
[2022-12-21 19:50:46] <RonaldTheFrog> Gladge offline chat
[2022-12-21 19:50:53] <dragonicdrago> https://www.youtube.com/watch?v=DJHGbCJ3ilg can you hear me now veiJAMMING RainbowPls
[2022-12-21 19:50:53] BAN: dragonicdrago (30s), dragonicdrago (30s), dragonicdrago (30s), dragonicdrago (30s)
[2022-12-21 19:51:39] <%lemirnajic> what
[2022-12-21 19:51:41] <%HanniLAN> frogman Gladge
[2022-12-21 19:51:49] <%HanniLAN> man dark and darker is so fun
[2022-12-21 19:51:56] <%HanniLAN> !give lemirnajic 3k
[2022-12-21 19:51:56] <@^StreamElements> HanniLAN gave 3000 points to lemirnajic PogChamp
[2022-12-21 19:51:57] <dragonicdrago> yea it is
[2022-12-21 19:52:04] <dragonicdrago> i like ruining people's day
[2022-12-21 19:52:22] <dragonicdrago> highroller is more dangerous tho for a rat like me veiSipping
[2022-12-21 19:52:40] <%lemirnajic> Pog
[2022-12-21 19:52:45] <%lemirnajic> !slots all YAAY
[2022-12-21 19:52:45] <@^StreamElements> @lemirnajic you got THIS | DoctorPls | THIS and lost your 3000 points doctorRun
[2022-12-21 19:52:50] <%HanniLAN> THIS
[2022-12-21 19:52:51] <%lemirnajic> ThisIsFine
[2022-12-21 19:53:07] <dragonicdrago> last song veiNodders then i go eat
[2022-12-21 19:53:32] <%lemirnajic> veiNodders oki
[2022-12-21 19:53:46] <%HanniLAN> !give lemirnajic 3k also last one
[2022-12-21 19:53:46] <@^StreamElements> HanniLAN gave 3000 points to lemirnajic PogChamp
[2022-12-21 19:53:46] <dragonicdrago> maybe harukai mirai monkaHmm
[2022-12-21 19:53:50] <dragonicdrago> or one of the gamusharas
[2022-12-21 19:53:57] <dragonicdrago> sodaHmm
[2022-12-21 19:54:01] <dragonicdrago> decisions
[2022-12-21 19:54:01] <%lemirnajic> made up words
[2022-12-21 19:54:04] <%lemirnajic> not real
[2022-12-21 19:54:24] <dragonicdrago> who are you talking too sodaHmm
[2022-12-21 19:54:26] <%lemirnajic> !slots Prayge Thinking godge Thinking2
[2022-12-21 19:54:26] <@^StreamElements> @lemirnajic you got docFlex | docL | docPls and lost your 1000 points doctorRun
[2022-12-21 19:54:37] <%lemirnajic> to you?
[2022-12-21 19:54:46] <liangyunn> !slots all
[2022-12-21 19:54:46] <@^StreamElements> @liangyunn you got docL | doctorRun | docPls and lost your 2225 points doctorRun
[2022-12-21 19:55:25] <dragonicdrago> https://www.youtube.com/watch?v=uWPbjtsQjGc RainbowPls haruka mirai it is sodaHmm RainbowPls
[2022-12-21 19:55:25] BAN: dragonicdrago (30s), dragonicdrago (30s), dragonicdrago (30s), dragonicdrago (30s)
[2022-12-21 19:55:53] <%lemirnajic> AYAYAjam GuitarTime
[2022-12-21 19:55:56] <%lemirnajic> HYPERVEI
[2022-12-21 19:56:02] <@^StreamElements> Subscribe to my VOD channel: https://bit.ly/VeibaeVODs
[2022-12-21 19:59:50] <%+darksushi810> AINTNOWAY Bitly link
[2022-12-21 20:05:24] <The_Reaper_719> !slots
[2022-12-21 20:05:24] <@^StreamElements> @The_Reaper_719 you got DoctorPls | THOSE | doctorRun and lost your 1000 points doctorRun
[2022-12-21 20:05:25] <%lemirnajic> ppL what do bitlys have ?
[2022-12-21 20:05:51] <dragonicdrago> its a link shortener
[2022-12-21 20:05:54] <dragonicdrago> havent seen one
[2022-12-21 20:05:55] <dragonicdrago> wait
[2022-12-21 20:05:59] <dragonicdrago> HUH
[2022-12-21 20:06:12] <dragonicdrago> i didnt realize there was one here diesofcringe
[2022-12-21 20:06:26] <dragonicdrago> thank god its only a redirect
[2022-12-21 20:06:39] <dragonicdrago> i remember having to click "continue to site"
[2022-12-21 20:07:09] <dragonicdrago> https://www.youtube.com/watch?v=BmOdYW1U5tc RainbowPls
[2022-12-21 20:07:09] BAN: dragonicdrago (30s), dragonicdrago (30s), dragonicdrago (30s), dragonicdrago (30s)
[2022-12-21 20:07:18] <%lemirnajic> NOTED
[2022-12-21 20:08:02] <%lemirnajic> veiSway PianoTime
[2022-12-21 20:10:08] <%solusxs> 700 points and I'll win slots veiCorpa
[2022-12-21 20:10:31] <%CelestialKou> Lemi eavThighs
[2022-12-21 20:10:41] <%lemirnajic> Binoculous kou
[2022-12-21 20:11:05] <%PoroHappy> Flushed
[2022-12-21 20:11:11] <%lemirnajic> Awkward what are u trying to pull here kou
[2022-12-21 20:11:18] <%CelestialKou> nothing
[2022-12-21 20:11:24] <%CelestialKou> doctorRun
[2022-12-21 20:11:31] <%lemirnajic> Susge
[2022-12-21 20:11:38] <%lemirnajic> Binoculous dont mind me then
[2022-12-21 20:12:05] <%Aapo_U> !give solusxs all
[2022-12-21 20:12:05] <@^StreamElements> @Aapo_U, how about you dont do that Keepo
[2022-12-21 20:13:54] <%PoroHappy> !give Aapo_U 700
[2022-12-21 20:13:54] <@^StreamElements> PoroHappy gave 700 points to aapo_u PogChamp
[2022-12-21 20:14:22] <%PoroHappy> !give solusxs 700
[2022-12-21 20:14:22] <@^StreamElements> PoroHappy gave 700 points to solusxs PogChamp
[2022-12-21 20:14:34] <%Aapo_U> !give  solusxs all
[2022-12-21 20:14:35] <@^StreamElements> @Aapo_U, that doesnt look like a valid username Keepo
[2022-12-21 20:14:41] <%Aapo_U> ...
[2022-12-21 20:15:09] <%PoroHappy> Aware shadow banned
[2022-12-21 20:16:42] <%lemirnajic> Aware
[2022-12-21 20:17:10] <Xigbar1800> SilverWave
[2022-12-21 20:20:49] <RonaldTheFrog> Xigbar1800 Kissahomie
[2022-12-21 20:20:58] <%lemirnajic> catboyWave xigbar
[2022-12-21 20:21:31] <Xigbar1800> How you guys doing
[2022-12-21 20:21:44] <Xigbar1800> nihmunNya nihmunNya
[2022-12-21 20:23:26] <!%+l_Jassim> xig veiFlower
[2022-12-21 20:23:39] <Xigbar1800> rikkuFlower jassim@
[2022-12-21 20:24:33] <%CelestialKou> Jassim eavNya
[2022-12-21 20:24:33] <%CelestialKou> !vanish
[2022-12-21 20:24:34] BAN: CelestialKou (1s), CelestialKou (1s)
[2022-12-21 20:24:35] <%CelestialKou> veiSway
[2022-12-21 20:25:14] <!%+l_Jassim> nihmunLeash1 nihmunLeash2 misutaleLeash1 misutaleLeash2
[2022-12-21 20:25:28] <%CelestialKou> eavFlush
[2022-12-21 20:25:44] <%lemirnajic> woof
[2022-12-21 20:25:57] <Xigbar1800> Woof
[2022-12-21 20:26:13] <%Dusk_N13> Wave Xigbar veiBASED
[2022-12-21 20:27:31] <Xigbar1800> Dusk SilverTaps
[2022-12-21 20:31:34] <%lemirnajic> MenheraSlam
[2022-12-21 20:33:07] <%PoroHappy> Xig veiFlower
[2022-12-21 20:36:34] <%+darksushi810> monkaS monkaLaugh monkaMega monkaGIGA monkaW monkaOMEGA MONKAOMEGADANCEBUTFAST
[2022-12-21 20:36:45] <%lemirnajic> peepoS
[2022-12-21 20:37:55] <%PoroHappy> veiScared
[2022-12-21 20:38:33] <!%+l_Jassim> monkaW
[2022-12-21 20:38:36] <%LOKEY_VxH> Good evening gamers Classic
[2022-12-21 20:38:47] <%LOKEY_VxH> hope u all having a nice week so far catsittingverycomfortablearoundacampfirewithitsfriends
[2022-12-21 20:38:50] <!%+l_Jassim> lokey duckHey
[2022-12-21 20:39:55] <%LOKEY_VxH> veiFlower
[2022-12-21 20:40:05] <%CelestialKou> Lokey eavFlower
[2022-12-21 20:40:15] <%PoroHappy> DuckMadge Lokey
[2022-12-21 20:40:22] <%PoroHappy> duckHey hi
[2022-12-21 20:40:37] <@%AsmoXP> I FUCKEN
[2022-12-21 20:40:42] <%LOKEY_VxH> veiFlower 󠀀
[2022-12-21 20:40:47] <@%AsmoXP> MISSED MY TRAIN
[2022-12-21 20:40:57] <%LOKEY_VxH> veiLL rip
[2022-12-21 20:41:00] <%PoroHappy> Deadge
[2022-12-21 20:41:05] <%LOKEY_VxH> next one ocming in a while?
[2022-12-21 20:41:06] <%CelestialKou> unlucky asmo
[2022-12-21 20:41:09] <@%AsmoXP> by next one is coming soon
[2022-12-21 20:41:18] <@%AsmoXP> so its ok
[2022-12-21 20:41:19] <%PoroHappy> PoroSad i bet the train misses you back
[2022-12-21 20:41:21] <%LOKEY_VxH> ok
[2022-12-21 20:41:29] <!%+l_Jassim> ok
[2022-12-21 20:43:09] <%Aapo_U> OuttaPocket
[2022-12-21 20:43:15] <%Aapo_U> how are we ever playing dark and darker now
[2022-12-21 20:43:40] <@%AsmoXP> i will just be an hour later
[2022-12-21 20:43:44] <%Aapo_U> Aware
[2022-12-21 20:43:46] <@%AsmoXP> simple as
[2022-12-21 20:43:54] <%Aapo_U> surely the next train wont delay by 2h
[2022-12-21 20:44:12] <%PoroHappy> veiNodders next train is going to delay 2 hours
[2022-12-21 20:44:14] <RonaldTheFrog> Aapo_U AsmoXP LOKEY_VxH Kissahomie
[2022-12-21 20:44:21] <%Aapo_U> RonaldTheFrog
[2022-12-21 20:44:22] <@%AsmoXP> vulpes3Kiss
[2022-12-21 20:44:26] <%LOKEY_VxH> veiKiss
[2022-12-21 20:44:44] <RonaldTheFrog> asmo HUH
[2022-12-21 20:45:05] <@%AsmoXP> STARE
[2022-12-21 20:45:13] <%lemirnajic> were u sleeping
[2022-12-21 20:46:01] <@%AsmoXP> no i thought it was 10 min later than it was in reality
[2022-12-21 20:46:25] <@%AsmoXP> so i missed it by like 5min
[2022-12-21 20:46:27] <%Dusk_N13> Wave Ronald, Lokey veiBASED
[2022-12-21 20:46:43] <RonaldTheFrog> Dusk_N13 veiBASED
[2022-12-21 20:47:09] <%Aapo_U> not being at the train station 7h earlier SMH
[2022-12-21 20:51:35] <%lemirnajic> SMH
[2022-12-21 20:56:43] <%LOKEY_VxH> catboyWave
[2022-12-21 20:59:44] <!%Atsuelei> veiSpin weeeeee
[2022-12-21 20:59:51] <%tichyou> veiSpin
[2022-12-21 20:59:54] <%lemirnajic> veiSpin
[2022-12-21 20:59:54] <!%+l_Jassim> veiSpin
[2022-12-21 21:00:07] <%+floo0o0> veiSpin
[2022-12-21 21:00:31] <%PoroHappy> veiSpin
[2022-12-21 21:01:09] <D3YVIXD> veiSpin
[2022-12-21 21:01:10] <%TintiIIo> veiSpin
[2022-12-21 21:01:16] <RonaldTheFrog> floo0o0 Atsuelei D3YVIXD Kissahomie
[2022-12-21 21:01:24] <D3YVIXD> ronaldthefrog catboyWave
[2022-12-21 21:01:26] <%+floo0o0> ronald Kissahomie
[2022-12-21 21:03:49] <%solusxs> !slots
[2022-12-21 21:03:49] <@^StreamElements> @solusxs you got docL | THOSE | THIS and lost your 1000 points doctorRun
[2022-12-21 21:03:53] <%solusxs> doctorRun
[2022-12-21 21:03:55] <%Cilfaen> !slots
[2022-12-21 21:03:55] <@^StreamElements> @Cilfaen you got THIS | THIS | doctorRun and lost your 1000 points doctorRun
[2022-12-21 21:04:10] <%Cilfaen> So close to winning THIS time PepeHands
[2022-12-21 21:04:12] <%+floo0o0> doctorRun
[2022-12-21 21:04:19] <%+floo0o0> doctorRun my points now
[2022-12-21 21:04:21] <!%Atsuelei> jassim veiAw
[2022-12-21 21:04:32] <!%+l_Jassim> atsu veiFlower
[2022-12-21 21:05:04] <%Aapo_U> !give solusxs all
[2022-12-21 21:05:04] <@^StreamElements> Aapo_U gave 700 points to solusxs PogChamp
[2022-12-21 21:06:14] <%RaggleFraggle> l_Jassim Atsuelei floo0o0 Cilfaen solusxs D3YVIXD tichyou LOKEY_VxH Aapo_U AsmoXP RonaldTheFrog CelestialKou Xigbar1800 dragonicdrago peepoSled omw to ur mums house
[2022-12-21 21:06:27] <%CelestialKou> @RaggleFraggle, im making you a cookie eavWow
[2022-12-21 21:06:35] <RonaldTheFrog> raggle veiTenkiWiggles the weeb veiTenkiWiggles fraggle veiTenkiWiggles
[2022-12-21 21:06:44] <%tichyou> @RaggleFraggle, peepoSled
[2022-12-21 21:06:50] <%RaggleFraggle> veiWow CelestialKou
[2022-12-21 21:07:06] <%CelestialKou> RaggleFraggle, drop by my room before moms eavSmile
[2022-12-21 21:07:33] <%guzman_ckg> eavSmile
[2022-12-21 21:07:48] <dragonicdrago> isee webs PANIC
[2022-12-21 21:08:03] <%lemirnajic> i see raggle too Binoculars
[2022-12-21 21:08:04] <dragonicdrago> veiLurking cartoon veiJAMMING
[2022-12-21 21:08:09] <!%+l_Jassim> raggle i will prepare tea and sweets for you
[2022-12-21 21:14:42] <ChrisGamingNL333> meow
[2022-12-21 21:15:25] <%Maikatura> !points
[2022-12-21 21:15:25] <@^StreamElements> @Maikatura, Maikatura has 3000 points and is rank 285779/1515251 on the leaderboard.
[2022-12-21 21:15:29] <%Maikatura> !gamble all
[2022-12-21 21:15:29] <@^StreamElements>* veiWow Maikatura went all in and won 3000 points veiHackermans they now have 6000 points veiCorpa
[2022-12-21 21:15:41] <%Maikatura> veiCorpa
[2022-12-21 21:15:46] <%Maikatura> peepoLeave
[2022-12-21 21:16:02] <%CelestialKou> maika gimme all
[2022-12-21 21:16:03] <!%Atsuelei> !points
[2022-12-21 21:16:03] <@^StreamElements> @Atsuelei, Atsuelei has 0 points and is rank 1514933/1515251 on the leaderboard.
[2022-12-21 21:16:19] <%FeelsDonkMan> !points
[2022-12-21 21:16:19] <@^StreamElements> @FeelsDonkMan, FeelsDonkMan has 167517 points and is rank 7535/1515251 on the leaderboard.
[2022-12-21 21:16:21] <!%Atsuelei> !offlinetime
[2022-12-21 21:16:21] <@^StreamElements> Atsuelei has spent  10 months 4 days 17 hours in veibae's offline chat
[2022-12-21 21:16:28] <!%Atsuelei> !watchtime
[2022-12-21 21:16:29] <@^StreamElements> Atsuelei has spent  1 month 19 days 21 hours watching veibae
[2022-12-21 21:16:31] <%Maikatura> !offlinetime
[2022-12-21 21:16:31] <@^StreamElements> Maikatura has spent  4 months 26 days 8 hours in veibae's offline chat
[2022-12-21 21:16:34] <%Maikatura> Aware
[2022-12-21 21:16:41] <%Maikatura> !watchtime
[2022-12-21 21:16:42] <@^StreamElements> Maikatura has spent  11 days 16 hours watching veibae
[2022-12-21 21:16:43] <%FeelsDonkMan> !offlinetime
[2022-12-21 21:16:43] <@^StreamElements> FeelsDonkMan has spent  4 months 19 days 23 hours in veibae's offline chat
[2022-12-21 21:16:44] <%Aapo_U> FeelsDonkMan veiAw
[2022-12-21 21:16:59] <!%+l_Jassim> donk veiWave
[2022-12-21 21:17:09] <%CelestialKou> veiSleep
[2022-12-21 21:17:10] <%Maikatura> Offline chat > watching vei live
[2022-12-21 21:17:12] <%FeelsDonkMan> aapo_u veiHYPERZ
[2022-12-21 21:17:23] <%lemirnajic> erm
[2022-12-21 21:17:24] <%lemirnajic> Tuckahomie kou
[2022-12-21 21:17:28] <!%+l_Jassim> !offlinetime
[2022-12-21 21:17:28] <@^StreamElements> l_Jassim has spent  3 months 20 days 18 hours in veibae's offline chat
[2022-12-21 21:17:30] <%FeelsDonkMan> l_jassim veiWave
[2022-12-21 21:17:42] <%FeelsDonkMan> !watchtime
[2022-12-21 21:17:42] <@^StreamElements> FeelsDonkMan has spent  17 days 17 hours watching veibae
[2022-12-21 21:17:49] <!%+l_Jassim> gn kou Tuckahomie
[2022-12-21 21:18:13] <!%+l_Jassim> !watchtime
[2022-12-21 21:18:14] <@^StreamElements> l_Jassim has spent  22 days 23 hours watching veibae
[2022-12-21 21:18:14] <%Dusk_N13> Wave Donk veiBASED
[2022-12-21 21:18:25] <%Maikatura> | ) ) <- Butt
[2022-12-21 21:18:25] BAN: Maikatura (60s), Maikatura (60s), Maikatura (60s), Maikatura (60s)
[2022-12-21 21:18:34] <%HanniLAN> gn kou Tuckahomie
[2022-12-21 21:18:48] <%FeelsDonkMan> Dusk veiHeart
[2022-12-21 21:19:14] <%lemirnajic> im telling the mods maika SNITCHING
[2022-12-21 21:19:17] <%Dusk_N13> oh
[2022-12-21 21:19:19] <%Dusk_N13> gn Kou Tuckahomie
[2022-12-21 21:19:30] <@^StreamElements> If you're an Amazon Prime member, you can subscribe to support me for FREE with Twitch Prime!
[2022-12-21 21:19:34] <%FeelsDonkMan> atsuelei veiDab
[2022-12-21 21:19:42] <!%+l_Jassim> WeirdChamp snitching
[2022-12-21 21:19:50] [Notification] JUSTmariusz subscribed with Prime. They've subscribed for 23 months, currently on a 2 month streak! [veiRave]
[2022-12-21 21:19:55] <%lemirnajic> veiTato
[2022-12-21 21:19:57] <ChrisGamingNL333> veiTato
[2022-12-21 21:20:03] <%HanniLAN> veiTato
[2022-12-21 21:20:03] <%Maikatura> veiTato
[2022-12-21 21:20:06] <!%+l_Jassim> veiTato veiRave
[2022-12-21 21:20:16] <%Maikatura> I will just slap the mods butt veiGASM
[2022-12-21 21:20:29] <%Maikatura> PawgChamp <- Like this
[2022-12-21 21:20:33] <!%+l_Jassim> Slapahomie
[2022-12-21 21:20:48] <%lemirnajic> WideAmongUsGaySex
[2022-12-21 21:20:53] <ChrisGamingNL333> Flushed
[2022-12-21 21:21:04] <ChrisGamingNL333> !love maikatura
[2022-12-21 21:21:04] <@^StreamElements> The love between ChrisGamingNL333 and maikatura is 11%! veiKiss
[2022-12-21 21:21:08] <ChrisGamingNL333> Flushed
[2022-12-21 21:21:10] <%Maikatura> !love mods
[2022-12-21 21:21:10] <@^StreamElements> The love between Maikatura and mods is 8%! veiKiss
[2022-12-21 21:21:15] <%Maikatura> FRICK Mods
[2022-12-21 21:21:31] <%Maikatura> !love docL
[2022-12-21 21:21:35] <%Maikatura> vulpes3Slam
[2022-12-21 21:21:54] <%Maikatura> !love docL
[2022-12-21 21:21:54] <@^StreamElements> The love between Maikatura and docL is 95%! veiKiss
[2022-12-21 21:22:06] <ChrisGamingNL333> !love chat
[2022-12-21 21:22:06] <@^StreamElements> The love between ChrisGamingNL333 and chat is 48%! veiKiss
[2022-12-21 21:22:26] <%Dusk_N13> veiTato
[2022-12-21 21:22:41] <%Maikatura> !love YOURMOM
[2022-12-21 21:22:41] <@^StreamElements> The love between Maikatura and YOURMOM is 68%! veiKiss
[2022-12-21 21:22:56] <ChrisGamingNL333> Close
[2022-12-21 21:23:29] <%Maikatura> !love veibae
[2022-12-21 21:23:29] <@^StreamElements> The love between Maikatura and veibae is 84%! veiKiss
[2022-12-21 21:23:39] <%Maikatura> WTF This is so wrong
[2022-12-21 21:23:56] <%Maikatura> The love between Maikatura and veibae is 0%! veiKiss *
[2022-12-21 21:24:22] <%Maikatura> veiNOPERS Not parasocial
[2022-12-21 21:24:44] <ChrisGamingNL333> !love veibae
[2022-12-21 21:24:44] <@^StreamElements> The love between ChrisGamingNL333 and veibae is 23%! veiKiss
[2022-12-21 21:24:49] <!%+l_Jassim> veiNodders parasocial
[2022-12-21 21:24:56] <%Dusk_N13> veiNodders parasocial
[2022-12-21 21:28:03] <!%Gorillass_> fadedthanaho
[2022-12-21 21:28:04] <!%Gorillass_> fadedthanaho
[2022-12-21 21:28:04] <!%Gorillass_> fadedthanaho
[2022-12-21 21:28:05] <!%Gorillass_> fadedthanaho
[2022-12-21 21:28:05] <!%Gorillass_> fadedthanaho
[2022-12-21 21:28:13] <%tichyou> shallwe ?
[2022-12-21 21:28:33] <!%+l_Jassim> yodie gang
[2022-12-21 21:28:49] <dragonicdrago> im parasocial to your mom veiDab
[2022-12-21 21:32:00] <JonTunie> veiPEEK
[2022-12-21 21:33:41] <%lemirnajic> my mom doesnt like weebs
[2022-12-21 21:35:41] <%tichyou> that means that your mom doesnt like you either lemi Aware
[2022-12-21 21:35:54] <%lemirnajic> Aware
[2022-12-21 21:36:16] <!%+l_Jassim> veiDespair
[2022-12-21 21:38:02] <!%Atsuelei> hyperKanna webs hyperKanna
[2022-12-21 21:38:09] <%Aapo_U> good thing lemi is a fake weeb
[2022-12-21 21:38:51] <!%+l_Jassim> he is TableLOVE guy
[2022-12-21 21:41:19] <CHEEEEEEEEEeeeeeeeery____> ApuApustaja
[2022-12-21 21:44:08] <%FeelsDonkMan> im a fake weeb too veiSmug
[2022-12-21 21:45:40] <%HanniLAN> weebs widepeepoSad
[2022-12-21 21:47:37] <%PoroHappy> CHILLY weebs
[2022-12-21 21:48:12] <%PoroHappy> @FeelsWeebMan
[2022-12-21 21:48:47] <%PoroHappy> Aware where is it ?
[2022-12-21 21:49:31] <%lemirnajic> @FeeIsWeebMan u mean?
[2022-12-21 21:51:00] <%PoroHappy> I = l LULE
[2022-12-21 21:51:10] <%lemirnajic> SMH denying my weeb just cuz u dont want to admit u like a weeb is unhealthy
[2022-12-21 21:51:12] <%FeelsDonkMan> PagChomp maybe i can take feelsweebman now
[2022-12-21 21:52:06] <%FeelsDonkMan> PoroSad its deactivated
[2022-12-21 21:52:19] <%PoroHappy> PoroSad
[2022-12-21 21:52:35] <%lemirnajic> whats deactivated mean
[2022-12-21 21:52:40] <%lemirnajic> band ? GuitarTime
[2022-12-21 21:52:44] <%FeelsDonkMan> no
[2022-12-21 21:53:09] <%PoroHappy> they can activate it again it's not perma delete
[2022-12-21 21:53:14] <%PoroHappy> veiThink i think
[2022-12-21 21:53:26] <%FeelsDonkMan> yea ur right
[2022-12-21 21:53:30] <%Aapo_U> donk why is forsen speaking so much
[2022-12-21 21:53:42] <%FeelsDonkMan> idk monkaS
[2022-12-21 21:53:46] <9BUGSBUNNYY> pikaHi
[2022-12-21 21:53:55] <9BUGSBUNNYY> FeelsDonkMan, FeelsDankMan Donk
[2022-12-21 21:54:12] <%FeelsDonkMan> 9BUGSBUNNYY, donkWalk
[2022-12-21 21:54:48] <%FeelsDonkMan> talkative clones Aapo_U monkaS
[2022-12-21 21:55:01] <%Aapo_U> this one also constantly mentions the asylum and other clones
[2022-12-21 21:55:11] <%speedking1994> chat veiFlower
[2022-12-21 21:55:15] <%PoroHappy> veiFail he's not forsen
[2022-12-21 21:55:16] <%FeelsDonkMan> forsenS
[2022-12-21 21:55:17] <%lemirnajic> yo speed
[2022-12-21 21:55:19] <9BUGSBUNNYY> not forsen NOPERS
[2022-12-21 21:55:24] <9BUGSBUNNYY> BLUBBERS
[2022-12-21 21:55:27] <!%+l_Jassim> speed veiWave
[2022-12-21 21:55:29] <%PoroHappy> speed bugs veiFlower
[2022-12-21 21:55:31] <9BUGSBUNNYY> BLUBBERS sped ignore
[2022-12-21 21:55:37] <@%Dingogringo> he is just hyper over his new cell
[2022-12-21 21:55:56] <%FeelsDonkMan> HYPERS new asylum cell
[2022-12-21 21:56:00] <@^StreamElements> Subscribe to my VOD channel: https://bit.ly/VeibaeVODs
[2022-12-21 21:56:03] <%speedking1994> lemi jassim poro bugs veiWave PikaWan
[2022-12-21 21:56:08] <9BUGSBUNNYY> FailFish its just his clone
[2022-12-21 21:56:24] <!%+l_Jassim> gn veiSleep
[2022-12-21 21:56:29] <%lemirnajic> gn jassim
[2022-12-21 21:56:31] <%PoroHappy> gn Jassim Tuckahomie
[2022-12-21 21:56:33] <%HanniLAN> gn jassim Tuckahomie
[2022-12-21 21:56:33] <9BUGSBUNNYY> jassmin Slapahomie
[2022-12-21 21:56:54] <%PoroHappy> Hanni peepoExcitedHug
[2022-12-21 21:57:07] <%HanniLAN> poro peepoExcitedHug you doin well?
[2022-12-21 21:57:09] <%speedking1994> gn jassim Tuckahomie
[2022-12-21 21:57:15] <%HanniLAN> speed veiFlower
[2022-12-21 21:57:17] <%speedking1994> hanni rikkuFlower
[2022-12-21 21:57:20] <%PoroHappy> veiNodders good good
[2022-12-21 21:59:00] <@^StreamElements> Check out my YouTube channel! | 私のYouTubeチャンネルをご覧ください！ - https://www.youtube.com/c/VeiTWITCH?sub_confirmation=1
[2022-12-21 21:59:40] <%PoroHappy> catEXCITE late night stream soon
[2022-12-21 22:00:30] <@^StreamElements> my official subreddit: https://www.reddit.com/r/vei RedditGold
[2022-12-21 22:01:41] <%+darksushi810> catEXCITE
[2022-12-21 22:02:30] <The_Reaper_719> !slots 󠀀
[2022-12-21 22:02:30] <@^StreamElements> @The_Reaper_719 you got GETALIFE  | THOSE | docFlex and lost your 1000 points doctorRun
[2022-12-21 22:03:50] <%speedking1994> COPIUm
[2022-12-21 22:04:10] <%Dusk_N13> gn Jassim Tuckahomie
[2022-12-21 22:04:19] <%Dusk_N13> Wave speed veiBASED
[2022-12-21 22:04:26] <%speedking1994> dusk veiBASED
[2022-12-21 22:21:17] <%lemirnajic> veiWiggle
[2022-12-21 22:22:56] <%Dusk_N13> veiWiggle veiWiggle
[2022-12-21 22:23:33] <%speedking1994> veiWiggle veiWiggle veiWiggle
[2022-12-21 22:25:10] <%HanniLAN> veiWiggle veiWiggle veiWiggle veiWiggle
[2022-12-21 22:25:26] <ChrisGamingNL333> veiWiggle veiWiggle veiWiggle
[2022-12-21 22:25:38] <%tichyou> veiWiggle veiWiggle
[2022-12-21 22:25:49] <%floppyze> meow
[2022-12-21 22:26:00] <ChrisGamingNL333> ReallyMad
[2022-12-21 22:27:05] <%speedking1994> floppy veiStare
[2022-12-21 22:27:58] <%floppyze> speed ronn7Scured
[2022-12-21 22:28:04] <%lemirnajic> floppa
[2022-12-21 22:28:13] <ChrisGamingNL333> STFU floppy
[2022-12-21 22:28:21] <%oshhyy> xdd
[2022-12-21 22:28:34] <%Dusk_N13> veiO veiO
[2022-12-21 22:28:39] <%floppyze> Floppas AAAAAAHHH
[2022-12-21 22:28:43] <%speedking1994> oshy Kissaweeb yuniiFlower
[2022-12-21 22:29:02] <ChrisGamingNL333> Oshy floppy dusk speed lemi ellyvFlower
[2022-12-21 22:29:12] <%lemirnajic> catboyWave
[2022-12-21 22:29:18] <%speedking1994> chris misutaleSunflower
[2022-12-21 22:29:22] <%floppyze> chris ronn7Wave
[2022-12-21 22:29:28] <%Dusk_N13> Wave Oshy, Chris, Floppy veiBASED
[2022-12-21 22:29:38] <%oshhyy> chris speedking dusk muniFlower Kissaweeb
[2022-12-21 22:30:09] <%floppyze> dusk snbWave
[2022-12-21 22:30:27] <ChrisGamingNL333> ellyvAww why are all these emotes so cute
[2022-12-21 22:30:30] <@^StreamElements> Amazonプライム会員の方は、私をサポートするサブスクをTwitchプライムより無料で行うことができます!!
[2022-12-21 22:31:14] <%speedking1994> hanyaSquish
[2022-12-21 22:32:38] <%Aapo_U> pendrive are you here modCheck
[2022-12-21 22:32:55] <%Dusk_N13> MenheraDinkDonk pendriver
[2022-12-21 22:33:08] <@%PendrivE> what's up?
[2022-12-21 22:33:18] <%Aapo_U> so the reason why the emotes break is because an emote gets removed
[2022-12-21 22:33:21] <%Aapo_U> i found the removed emote
[2022-12-21 22:33:27] <%Aapo_U> it was homergrind
[2022-12-21 22:33:28] <%Aapo_U> Sadeg
[2022-12-21 22:33:31] <%Aapo_U> https://7tv.app/emotes/639b6f807be1662075f709ec new one
[2022-12-21 22:33:32] BAN: Aapo_U (30s), Aapo_U (30s), Aapo_U (30s), Aapo_U (30s)
[2022-12-21 22:33:33] <MusangLaut> ACTINUP
[2022-12-21 22:34:10] <@%PendrivE> I'm scared to add it monkaDog
[2022-12-21 22:34:13] <@%PendrivE> gonna break again
[2022-12-21 22:34:30] <@^StreamElements> If you're an Amazon Prime member, you can subscribe to support me for FREE with Twitch Prime!
[2022-12-21 22:34:45] <%lemirnajic> there is no way it breaks again
[2022-12-21 22:34:47] <%lemirnajic> trust me
[2022-12-21 22:34:50] <%lemirnajic> im an expert
[2022-12-21 22:34:51] <%tichyou> Cluelessge
[2022-12-21 22:34:53] <%Aapo_U> it wont
[2022-12-21 22:34:53] <%tichyou> Cluelessge 󠀀
[2022-12-21 22:34:54] <%tichyou> Cluelessge
[2022-12-21 22:34:55] <%tichyou> Cluelessge 󠀀
[2022-12-21 22:34:56] <%tichyou> Cluelessge
[2022-12-21 22:34:58] <%Aapo_U> breaks only if someone deletes an added emote
[2022-12-21 22:34:59] <@%PendrivE> funny thing, it's telling me HomerGrind is still there
[2022-12-21 22:35:02] <@%PendrivE> pepeLaugh
[2022-12-21 22:35:04] <%lemirnajic> OMEGADANCEBUTFAST
[2022-12-21 22:35:09] <@%PendrivE> and I need to replace conflict
[2022-12-21 22:35:12] <@%PendrivE> well here we fucking go
[2022-12-21 22:35:18] <%lemirnajic> HomerGrind
[2022-12-21 22:35:19] <%Aapo_U> HomerGrind
[2022-12-21 22:35:20] <@%PendrivE> yup
[2022-12-21 22:35:30] <@%PendrivE> I don't see it again :)
[2022-12-21 22:35:30] <%Dusk_N13> HomerGrind
[2022-12-21 22:35:41] <%lemirnajic> sodaHmm really
[2022-12-21 22:35:53] <%speedking1994> HomerGrind
[2022-12-21 22:35:53] <@%PendrivE> yup, not there for me, restarted chatterino etc pepeLaugh
[2022-12-21 22:36:03] <%lemirnajic> what about webchat
[2022-12-21 22:36:08] <%speedking1994> i can see it veiThink
[2022-12-21 22:36:17] <%lemirnajic> could be ur nightly version if u dont have latest
[2022-12-21 22:36:24] <@%PendrivE> HomerGrind
[2022-12-21 22:36:29] <@%PendrivE> it's there on native
[2022-12-21 22:36:32] <@%PendrivE> omegaluliguess
[2022-12-21 22:36:43] <%speedking1994> veiOMEGADANCEBUTFAST
[2022-12-21 22:37:28] <%Dusk_N13> 1984 its not real on mod's chatterino
[2022-12-21 22:37:52] <%lemirnajic> that is really sad
[2022-12-21 22:37:55] <%Aapo_U> sometimes happens to me too
[2022-12-21 22:37:57] <%Aapo_U> needs like 5 restarts
[2022-12-21 22:37:59] <%Aapo_U> PainChamp
[2022-12-21 22:38:58] <%lemirnajic> classic
[2022-12-21 22:39:19] <%dwormir> Pen catboySalute
[2022-12-21 22:39:21] <%Dusk_N13> for 7tv emotes? veiDANK
[2022-12-21 22:39:43] <%speedking1994> dwormir hanyaSalute
[2022-12-21 22:39:46] <%Dusk_N13> refresh sometimes doesn't work twitch sub emotes for me. that forces me a restart
[2022-12-21 22:39:56] <%dwormir> speedking1994 veiSalute
[2022-12-21 22:39:57] <%lemirnajic> it will be fixed for u tomorrow trust me pen im an expert
[2022-12-21 22:40:05] <%Aapo_U> ye for 7tv emote
[2022-12-21 22:40:52] <%vulpixsi> CatAHomie
[2022-12-21 22:40:58] <%Dusk_N13> Wave V veiBASED
[2022-12-21 22:41:07] <%dwormir> vulpixsi veiSalute
[2022-12-21 22:41:07] <%speedking1994> V CatAHomie
[2022-12-21 22:41:11] <@%PendrivE> we will see veiSalute
[2022-12-21 22:41:23] <%vulpixsi> Wave veiBASED
[2022-12-21 22:41:33] <%vulpixsi> veiFlower pen
[2022-12-21 22:41:42] <@%PendrivE> 🌻 veiOMEGALUL
[2022-12-21 22:41:44] <@%PendrivE> veiSmug
[2022-12-21 22:41:50] <%lemirnajic> veiSlain if it goes wrong i am not actually an expert
[2022-12-21 22:41:55] <%lemirnajic> veiSalute *
[2022-12-21 22:42:01] <%lemirnajic> man i keep messing those up
[2022-12-21 22:42:01] <%dwormir> rooD he ate the flower
[2022-12-21 22:42:10] <%tichyou> pendrive THESE nuts on your face PendrivE
[2022-12-21 22:42:11] <%tichyou> pendrive  THESE nuts on your face PendrivE
[2022-12-21 22:42:12] <%tichyou> pendrive THESE nuts on your face PendrivE
[2022-12-21 22:42:15] <%tichyou> GETALIFE
[2022-12-21 22:42:33] <%speedking1994> :3 tichme veiFlower
[2022-12-21 22:42:36] <%dwormir> Pen is a vegan! He can't drink milk veiCry
[2022-12-21 22:42:47] <%tichyou> DonoWall 🤝 Peace speek
[2022-12-21 22:42:52] <%Dusk_N13> it it goes wrong timeout lemi tmr for any duration u like veiNodders
[2022-12-21 22:43:13] <%speedking1994> nyannF lemi
[2022-12-21 22:43:18] <%lemirnajic> Aware oh
[2022-12-21 22:43:26] <ChrisGamingNL333> Chat
[2022-12-21 22:43:30] <ChrisGamingNL333> Bedge goodnight
[2022-12-21 22:43:33] <%Dusk_N13> Wave teachyou veiBASED
[2022-12-21 22:43:36] <ChrisGamingNL333> You are all very epic Bedge
[2022-12-21 22:43:37] <%speedking1994> gn chris Tuckahomie
[2022-12-21 22:43:38] <%PoroHappy> gn Chris Tuckahomie
[2022-12-21 22:43:40] <%Dusk_N13> gn Chris Tuckahomie
[2022-12-21 22:43:41] <%tichyou> Tuckahomie ChrisGamingNL333
[2022-12-21 22:43:47] <%dwormir> gn ChrisGamingNL333 Tuckahomie
[2022-12-21 22:43:52] <%tichyou> duckHey Dusk_N13 :3
[2022-12-21 22:44:04] <ChrisGamingNL333> Speed poro dusk tich dwormir ellyvHug
[2022-12-21 22:44:34] <%dwormir> veiThink maybe I should also sleep
[2022-12-21 22:45:04] <%lemirnajic> probably yeah
[2022-12-21 22:45:09] <%PoroHappy> veiNodders sleep is good
[2022-12-21 22:45:11] <%lemirnajic> Tuckahomie dwormir
[2022-12-21 22:45:14] <%Dusk_N13> !tuck dwormir
[2022-12-21 22:45:14] <@^StreamElements> You truck dwormir into bed with the power of a V8 engine KKona 👉 🛏 🚚
[2022-12-21 22:45:19] <%PoroHappy> gn dwormir Tuckahomie
[2022-12-21 22:45:28] <%dwormir> Gn chat veiSalute
[2022-12-21 22:45:55] <%speedking1994> gn dwormir Tuckahomie
[2022-12-21 22:49:12] <ChrisGamingNL333> Dwormir BedgeTogether goodnight
[2022-12-21 22:50:54] <buttershooter_> gn dwor veiHugging
[2022-12-21 22:51:18] <%speedking1994> butter yocciFlower
[2022-12-21 22:51:48] <buttershooter_> speed veiHeart
[2022-12-21 22:52:24] <%PoroHappy> 🧈 veiFlower
[2022-12-21 22:52:40] <buttershooter_> Poro veiHugging
[2022-12-21 22:52:51] <%Dusk_N13> Wave butter veiBASED
[2022-12-21 22:53:09] <%speedking1994> !slots WhatIsThisGameAbout
[2022-12-21 22:53:09] <@^StreamElements> @speedking1994 you got docL | docFlex | doctorRun and lost your 1000 points doctorRun
[2022-12-21 22:53:10] <buttershooter_> dusk veiHeart
[2022-12-21 22:55:11] <%ham_cheese_sandwich> Clueless
[2022-12-21 22:55:48] <%Dusk_N13> Wave sandwich veiBASED
[2022-12-21 22:55:59] <%speedking1994> ham yuniiFlower
[2022-12-21 22:59:31] <%ham_cheese_sandwich> 👋 Clueless dusk veiBASED
[2022-12-21 22:59:38] <%ham_cheese_sandwich> speed Clueless 👉 veiFlower
[2022-12-21 23:12:03] <tabordoesnttwitches> ugly ho
[2022-12-21 23:12:10] <%lemirnajic> me?
[2022-12-21 23:12:20] <%Aapo_U> SadCat
[2022-12-21 23:12:21] <%lemirnajic> Sadge
[2022-12-21 23:12:25] <%speedking1994> stopbeingMean to lemi
[2022-12-21 23:12:34] <tabordoesnttwitches> no viebea obv
[2022-12-21 23:12:44] <tabordoesnttwitches> plus u too
[2022-12-21 23:12:52] <%lemirnajic> wtf
[2022-12-21 23:12:56] <%lemirnajic> what i do
[2022-12-21 23:12:58] <%Aapo_U> what do you think of the veiTato emote
[2022-12-21 23:13:08] <%Megrathon> !slot GAMBATIME
[2022-12-21 23:13:08] <@^StreamElements> @Megrathon you got GETALIFE  | docPls | docFlex and lost your 1000 points doctorRun
[2022-12-21 23:13:13] <%Megrathon> docnotL
[2022-12-21 23:13:20] <%speedking1994> WhatIsThisGameAbout
[2022-12-21 23:13:34] <%speedking1994> veiTato
[2022-12-21 23:13:48] <@%AsmoXP> we got a neanderthal in the chat
[2022-12-21 23:14:03] <@%AsmoXP> we have a ice dweller in the chat
[2022-12-21 23:14:40] <@%PendrivE> rock and stone ✊ ⛏
[2022-12-21 23:14:48] <%speedking1994> asmo FloppaL
[2022-12-21 23:14:54] <@%AsmoXP> FloppaL
[2022-12-21 23:15:01] <%tichyou> FloppaCozy asmo :3
[2022-12-21 23:15:06] <@%AsmoXP> :3
[2022-12-21 23:15:08] <%Aapo_U> cock and stone
[2022-12-21 23:15:36] <@%AsmoXP> 🥌
[2022-12-21 23:19:33] <%lemirnajic> kok
[2022-12-21 23:19:41] <%tichyou> kok
[2022-12-21 23:20:00] <%ham_cheese_sandwich> rock and stone! ⛏ 🧔
[2022-12-21 23:20:30] <%ham_cheese_sandwich> lemir jermaWave tich veiWave
[2022-12-21 23:20:40] <%tichyou> duckHey ham :3
[2022-12-21 23:21:02] <%lemirnajic> veiHugging hcsand <3 <3 <3 <3 <3 <3 <3 <3
[2022-12-21 23:24:09] <%PoroHappy> Concerned i'm suddenly really concerned
[2022-12-21 23:24:33] <%ham_cheese_sandwich> Concerned what about poro?
[2022-12-21 23:24:41] <%PoroHappy> Concerned ham ?
[2022-12-21 23:24:51] <%ham_cheese_sandwich> Concerned poro?
[2022-12-21 23:25:21] [Notification] felipioliveira subscribed at Tier 1.
[2022-12-21 23:25:27] <%ham_cheese_sandwich> veiTato
[2022-12-21 23:25:29] <%tichyou> veiTato veiSwipe
[2022-12-21 23:25:33] <%PoroHappy> veiTato
[2022-12-21 23:26:11] <%lemirnajic> veiTato
[2022-12-21 23:26:30] <@%AsmoXP> i am concerned about hard spots in my balls when i fondle them
[2022-12-21 23:26:46] <%tichyou> Concerned
[2022-12-21 23:27:06] <%PoroHappy> veiMonka Asmo go check that
[2022-12-21 23:27:07] <%ham_cheese_sandwich> Concerned
[2022-12-21 23:27:26] <%tichyou> check THIS
[2022-12-21 23:27:30] <%PoroHappy> that doesn't sound cozy
[2022-12-21 23:27:32] <@%AsmoXP> THIS
[2022-12-21 23:27:58] <%Aapo_U> i love feet in my mouth
[2022-12-21 23:28:08] <%Aapo_U> and i love to suck on those toes
[2022-12-21 23:28:22] <%PoroHappy> pogO guy moment
[2022-12-21 23:28:31] <%ham_cheese_sandwich> pogO
[2022-12-21 23:28:34] <%tichyou> pogO
[2022-12-21 23:28:56] <%PoroHappy> forsenCoomer 🦶 GlueTime
[2022-12-21 23:29:25] <@%AsmoXP> do you prefer stinky feet or clean feet aapo
[2022-12-21 23:29:37] <%Aapo_U> hmm
[2022-12-21 23:29:41] <noLiquorPls> YEP dirty
[2022-12-21 23:29:45] <%Aapo_U> clean looks better
[2022-12-21 23:30:02] <%Aapo_U> but ZAMN stinky got that damn addicting odor
[2022-12-21 23:30:12] <noLiquorPls> aapo Exquisite
[2022-12-21 23:30:27] <%lemirnajic> can u clarify when u say stinky
[2022-12-21 23:30:31] <%lemirnajic> u mean fungus stinky
[2022-12-21 23:30:41] <%lemirnajic> or dirt sweat stinky
[2022-12-21 23:30:46] <%PoroHappy> veiHmm after gym stinky ?
[2022-12-21 23:30:59] <noLiquorPls> spoiled milks tinky Kreygasm
[2022-12-21 23:31:13] <%ham_cheese_sandwich> HUHH
[2022-12-21 23:31:17] <%Aapo_U> @PoroHappy Kreygasm
[2022-12-21 23:31:45] <%PoroHappy> he lost LuLeg
[2022-12-21 23:32:37] <%Aapo_U> forsenVent
[2022-12-21 23:33:43] <%tichyou> squadVent
[2022-12-21 23:33:55] <%Aapo_U> legendary under the table stream FeelsStrongMan
[2022-12-21 23:34:02] <%solusxs> INSANECAT
[2022-12-21 23:34:09] <%solusxs> my marbles
[2022-12-21 23:34:12] <%solusxs> ive lost me marbles
[2022-12-21 23:34:14] <%solusxs> INSANECAT
[2022-12-21 23:37:52] <!%Atsuelei> marble THESE
[2022-12-21 23:38:19] <!%Atsuelei> also hi solus YAAY
[2022-12-21 23:38:36] <%Aapo_U> hey solus
[2022-12-21 23:38:50] <%solusxs> INSANECAT AlienCapoeira INSANECAT
[2022-12-21 23:38:56] <%solusxs> i have 2 moods
[2022-12-21 23:39:04] <%PoroHappy> Moodge
[2022-12-21 23:39:10] <%PoroHappy> Atsu veiFlower
[2022-12-21 23:39:16] <%Aapo_U> legendary fixing tech problems stream FeelsStrongMan
[2022-12-21 23:39:18] <%speedking1994> atsu YAAY
[2022-12-21 23:39:18] <%PoroHappy> solus Wave PoroChristmas
[2022-12-21 23:39:33] <%speedking1994> solus MenheraSlam
[2022-12-21 23:40:01] <%solusxs> hi everyone MenheraSlam
[2022-12-21 23:40:06] <%lemirnajic> MenheraSlam
[2022-12-21 23:41:10] <%PoroHappy> forsenPossessedRave
[2022-12-21 23:41:17] <!%Atsuelei> poro speed YAAY
[2022-12-21 23:41:18] <%PoroHappy> forsenPossessedRave 🔔
[2022-12-21 23:41:37] <%Aapo_U> INSANECAT 🔔
[2022-12-21 23:41:44] <%Aapo_U> Jebasted
[2022-12-21 23:42:45] <%Aapo_U> forsenPossessed
[2022-12-21 23:42:51] <%lemirnajic> im goin insane
[2022-12-21 23:42:59] <%solusxs> peepoAwesome
[2022-12-21 23:43:01] <%solusxs> me too
[2022-12-21 23:43:02] <%solusxs> INSANECAT
[2022-12-21 23:43:03] <%lemirnajic> worst background streamer ong
[2022-12-21 23:43:14] <%tichyou> forsenPossessed forsenPossessed forsenPossessed forsenPossessed forsenPossessed forsenPossessed forsenPossessed forsenPossessed forsenPossessed forsenPossessed forsenPossessed forsenPossessed forsenPossessed forsenPossessed forsenPossessed forsenPossessed forsenPossessed forsenPossessed forsenPossessed forsenPossessed forsenPossessed forsenPossessed forsenPossessed forsenPossessed forsenPossessed
[2022-12-21 23:43:14] <%lemirnajic> INSANECAT the bells
[2022-12-21 23:43:19] <%lemirnajic> INSANECAT the sounds
[2022-12-21 23:43:23] <%lemirnajic> INSANECAT the voices
[2022-12-21 23:43:25] <%tichyou> forsenPossessed  forsenPossessed forsenPossessed forsenPossessed forsenPossessed forsenPossessed forsenPossessed forsenPossessed forsenPossessed forsenPossessed forsenPossessed forsenPossessed forsenPossessed forsenPossessed forsenPossessed forsenPossessed forsenPossessed forsenPossessed forsenPossessed forsenPossessed forsenPossessed forsenPossessed forsenPossessed forsenPossessed forsenPossessed
[2022-12-21 23:43:26] <%tichyou> forsenPossessed forsenPossessed forsenPossessed forsenPossessed forsenPossessed forsenPossessed forsenPossessed forsenPossessed forsenPossessed forsenPossessed forsenPossessed forsenPossessed forsenPossessed forsenPossessed forsenPossessed forsenPossessed forsenPossessed forsenPossessed forsenPossessed forsenPossessed forsenPossessed forsenPossessed forsenPossessed forsenPossessed forsenPossessed
[2022-12-21 23:43:27] <%tichyou> forsenPossessed  forsenPossessed forsenPossessed forsenPossessed forsenPossessed forsenPossessed forsenPossessed forsenPossessed forsenPossessed forsenPossessed forsenPossessed forsenPossessed forsenPossessed forsenPossessed forsenPossessed forsenPossessed forsenPossessed forsenPossessed forsenPossessed forsenPossessed forsenPossessed forsenPossessed forsenPossessed forsenPossessed forsenPossessed
[2022-12-21 23:43:28] <%tichyou> forsenPossessed forsenPossessed forsenPossessed forsenPossessed forsenPossessed forsenPossessed forsenPossessed forsenPossessed forsenPossessed forsenPossessed forsenPossessed forsenPossessed forsenPossessed forsenPossessed forsenPossessed forsenPossessed forsenPossessed forsenPossessed forsenPossessed forsenPossessed forsenPossessed forsenPossessed forsenPossessed forsenPossessed forsenPossessed
[2022-12-21 23:43:29] <%tichyou> forsenPossessed  forsenPossessed forsenPossessed forsenPossessed forsenPossessed forsenPossessed forsenPossessed forsenPossessed forsenPossessed forsenPossessed forsenPossessed forsenPossessed forsenPossessed forsenPossessed forsenPossessed forsenPossessed forsenPossessed forsenPossessed forsenPossessed forsenPossessed forsenPossessed forsenPossessed forsenPossessed forsenPossessed forsenPossessed
[2022-12-21 23:43:30] <%tichyou> forsenPossessed forsenPossessed forsenPossessed forsenPossessed forsenPossessed forsenPossessed forsenPossessed forsenPossessed forsenPossessed forsenPossessed forsenPossessed forsenPossessed forsenPossessed forsenPossessed forsenPossessed forsenPossessed forsenPossessed forsenPossessed forsenPossessed forsenPossessed forsenPossessed forsenPossessed forsenPossessed forsenPossessed forsenPossessed
[2022-12-21 23:43:32] <%tichyou> forsenPossessed  forsenPossessed forsenPossessed forsenPossessed forsenPossessed forsenPossessed forsenPossessed forsenPossessed forsenPossessed forsenPossessed forsenPossessed forsenPossessed forsenPossessed forsenPossessed forsenPossessed forsenPossessed forsenPossessed forsenPossessed forsenPossessed forsenPossessed forsenPossessed forsenPossessed forsenPossessed forsenPossessed forsenPossessed
[2022-12-21 23:43:33] <%tichyou> forsenPossessed forsenPossessed forsenPossessed forsenPossessed forsenPossessed forsenPossessed forsenPossessed forsenPossessed forsenPossessed forsenPossessed forsenPossessed forsenPossessed forsenPossessed forsenPossessed forsenPossessed forsenPossessed forsenPossessed forsenPossessed forsenPossessed forsenPossessed forsenPossessed forsenPossessed forsenPossessed forsenPossessed forsenPossessed
[2022-12-21 23:43:34] <%tichyou> forsenPossessed  forsenPossessed forsenPossessed forsenPossessed forsenPossessed forsenPossessed forsenPossessed forsenPossessed forsenPossessed forsenPossessed forsenPossessed forsenPossessed forsenPossessed forsenPossessed forsenPossessed forsenPossessed forsenPossessed forsenPossessed forsenPossessed forsenPossessed forsenPossessed forsenPossessed forsenPossessed forsenPossessed forsenPossessed
[2022-12-21 23:43:35] <%tichyou> forsenPossessed forsenPossessed forsenPossessed forsenPossessed forsenPossessed forsenPossessed forsenPossessed forsenPossessed forsenPossessed forsenPossessed forsenPossessed forsenPossessed forsenPossessed forsenPossessed forsenPossessed forsenPossessed forsenPossessed forsenPossessed forsenPossessed forsenPossessed forsenPossessed forsenPossessed forsenPossessed forsenPossessed forsenPossessed
[2022-12-21 23:43:36] <%tichyou> forsenPossessed  forsenPossessed forsenPossessed forsenPossessed forsenPossessed forsenPossessed forsenPossessed forsenPossessed forsenPossessed forsenPossessed forsenPossessed forsenPossessed forsenPossessed forsenPossessed forsenPossessed forsenPossessed forsenPossessed forsenPossessed forsenPossessed forsenPossessed forsenPossessed forsenPossessed forsenPossessed forsenPossessed forsenPossessed
[2022-12-21 23:43:37] <%tichyou> forsenPossessed forsenPossessed forsenPossessed forsenPossessed forsenPossessed forsenPossessed forsenPossessed forsenPossessed forsenPossessed forsenPossessed forsenPossessed forsenPossessed forsenPossessed forsenPossessed forsenPossessed forsenPossessed forsenPossessed forsenPossessed forsenPossessed forsenPossessed forsenPossessed forsenPossessed forsenPossessed forsenPossessed forsenPossessed
[2022-12-21 23:43:39] <%tichyou> forsenPossessed  forsenPossessed forsenPossessed forsenPossessed forsenPossessed forsenPossessed forsenPossessed forsenPossessed forsenPossessed forsenPossessed forsenPossessed forsenPossessed forsenPossessed forsenPossessed forsenPossessed forsenPossessed forsenPossessed forsenPossessed forsenPossessed forsenPossessed forsenPossessed forsenPossessed forsenPossessed forsenPossessed forsenPossessed
[2022-12-21 23:43:40] <%tichyou> forsenPossessed forsenPossessed forsenPossessed forsenPossessed forsenPossessed forsenPossessed forsenPossessed forsenPossessed forsenPossessed forsenPossessed forsenPossessed forsenPossessed forsenPossessed forsenPossessed forsenPossessed forsenPossessed forsenPossessed forsenPossessed forsenPossessed forsenPossessed forsenPossessed forsenPossessed forsenPossessed forsenPossessed forsenPossessed
[2022-12-21 23:43:41] <%tichyou> forsenPossessed  forsenPossessed forsenPossessed forsenPossessed forsenPossessed forsenPossessed forsenPossessed forsenPossessed forsenPossessed forsenPossessed forsenPossessed forsenPossessed forsenPossessed forsenPossessed forsenPossessed forsenPossessed forsenPossessed forsenPossessed forsenPossessed forsenPossessed forsenPossessed forsenPossessed forsenPossessed forsenPossessed forsenPossessed
[2022-12-21 23:43:43] <%tichyou> forsenPossessed forsenPossessed forsenPossessed forsenPossessed forsenPossessed forsenPossessed forsenPossessed forsenPossessed forsenPossessed forsenPossessed forsenPossessed forsenPossessed forsenPossessed forsenPossessed forsenPossessed forsenPossessed forsenPossessed forsenPossessed forsenPossessed forsenPossessed forsenPossessed forsenPossessed forsenPossessed forsenPossessed forsenPossessed
[2022-12-21 23:43:44] <%tichyou> forsenPossessed  forsenPossessed forsenPossessed forsenPossessed forsenPossessed forsenPossessed forsenPossessed forsenPossessed forsenPossessed forsenPossessed forsenPossessed forsenPossessed forsenPossessed forsenPossessed forsenPossessed forsenPossessed forsenPossessed forsenPossessed forsenPossessed forsenPossessed forsenPossessed forsenPossessed forsenPossessed forsenPossessed forsenPossessed
[2022-12-21 23:43:53] <%lemirnajic> erm
[2022-12-21 23:43:57] <%Kalioc> MYAAAA
[2022-12-21 23:44:05] <%+floo0o0> !erm
[2022-12-21 23:44:10] <%tichyou> duckHey Kalioc :3
[2022-12-21 23:44:11] <%lemirnajic> RAGEY dont join them
[2022-12-21 23:44:16] <%lemirnajic> RAGEY erm counter people
[2022-12-21 23:44:16] <%Kalioc> tichyou :3 atpLook
[2022-12-21 23:44:16] <%tichyou> duckHey lami :3
[2022-12-21 23:44:25] <%tichyou> duckHey floo0o0 SUBprise 3
[2022-12-21 23:44:32] <%tichyou> duckHey floo0o0 :3
[2022-12-21 23:44:34] <%tichyou> *
[2022-12-21 23:44:42] <%speedking1994> !erm veiStare
[2022-12-21 23:44:54] <%lemirnajic> veiMonka 👉 SUBprise
[2022-12-21 23:44:55] <%Kalioc> speed xddkiss
[2022-12-21 23:44:58] <%+floo0o0> tichyou catGazingIntoYourSoul
[2022-12-21 23:44:59] <%lemirnajic> catboyWave tichyou
[2022-12-21 23:45:02] <%+floo0o0> tichyou  catGazingIntoYourSoul
[2022-12-21 23:45:04] <%+floo0o0> tichyou catGazingIntoYourSoul
[2022-12-21 23:45:05] <%+floo0o0> tichyou  catGazingIntoYourSoul
[2022-12-21 23:45:06] <%+floo0o0> tichyou catGazingIntoYourSoul
[2022-12-21 23:45:07] <%speedking1994> floo yocciFlower xddkiss
[2022-12-21 23:45:08] <%+floo0o0> tichyou  catGazingIntoYourSoul
[2022-12-21 23:45:14] <%PoroHappy> floo veiFlower
[2022-12-21 23:45:16] <%tichyou> ForsenLookingAtYourMom
[2022-12-21 23:45:22] <%PoroHappy> Kalioc, peepoExcitedHug
[2022-12-21 23:45:23] <%+floo0o0> speed poro annytfFlower
[2022-12-21 23:45:27] <%tichyou> duckHey poro :3
[2022-12-21 23:45:30] <@^StreamElements> Amazonプライム会員の方は、私をサポートするサブスクをTwitchプライムより無料で行うことができます!!
[2022-12-21 23:45:32] <%Kalioc> Poro dankHug elisFlower
[2022-12-21 23:45:33] <%PoroHappy> tichyou, :3
[2022-12-21 23:45:35] <%speedking1994> kali xddkiss
[2022-12-21 23:45:43] <%Kalioc> !trivia peepoSitti
[2022-12-21 23:45:44] <@^StreamElements> try %trivia Okayeg
[2022-12-21 23:45:48] <%Kalioc> AINTNOWAY
[2022-12-21 23:45:49] <%speedking1994> Okayeg
[2022-12-21 23:45:50] <%Kalioc> %trivia
[2022-12-21 23:45:51] <@AmazefulBot> [Trivia] James Bond
[2022-12-21 23:45:54] <%speedking1994> 007
[2022-12-21 23:45:55] <@AmazefulBot> [Trivia] @speedking1994 You answered the question correctly and got 10 points. FeelsGoodMan The answer was " 007 ". [Similarity: 100%]
[2022-12-21 23:45:57] <%Kalioc> WOOW
[2022-12-21 23:45:57] <%speedking1994> EZ
[2022-12-21 23:46:05] <%Kalioc> %trivia peepoSitti
[2022-12-21 23:46:08] <%speedking1994> 5Head
[2022-12-21 23:46:10] <%Kalioc> Aware
[2022-12-21 23:46:14] <%lemirnajic> PagMan dead
[2022-12-21 23:46:17] <%Kalioc> %trivia peepoSitti
[2022-12-21 23:46:17] <@AmazefulBot> [Trivia] Donate old sneakers to this athletic shoe co.; its Reuse-A-Shoe program turns them into athletic court surfaces
[2022-12-21 23:46:19] <%lemirnajic> nvm
[2022-12-21 23:46:25] <%Kalioc> xddICANT
[2022-12-21 23:46:37] <%Kalioc> nike
[2022-12-21 23:46:37] <@AmazefulBot> [Trivia] @kalioc You answered the question correctly and got 10 points. FeelsGoodMan The answer was " Nike ". [Similarity: 100%]
[2022-12-21 23:47:34] <%EddyAura> peepoSitti TeaTime
[2022-12-21 23:47:42] <%solusxs> peepoSitti 💻 GlueTime
[2022-12-21 23:47:49] <%PoroHappy> eddy veiFlower
[2022-12-21 23:47:51] <%Aapo_U> FeelsOkayMan PianoTime
[2022-12-21 23:47:51] <%solusxs> chat tribute
[2022-12-21 23:48:05] <%PoroHappy> BasedFloppa PianoTime
[2022-12-21 23:48:37] <%EddyAura> poro 🌻 PoroChristmas SnowTime
[2022-12-21 23:48:37] <%PoroHappy> BasedFloppa looks really fancE
[2022-12-21 23:49:08] <%thedarklord000> %trivia
[2022-12-21 23:49:08] <@AmazefulBot> [Trivia] He knocked over the screen concealing the Wizard of Oz
[2022-12-21 23:49:21] <%thedarklord000> tin man
[2022-12-21 23:49:25] <%thedarklord000> courage the lion
[2022-12-21 23:49:28] <%PoroHappy> you're a wizard harry
[2022-12-21 23:49:30] <@^StreamElements> If you're an Amazon Prime member, you can subscribe to support me for FREE with Twitch Prime!
[2022-12-21 23:49:38] <%thedarklord000> scarecrow
[2022-12-21 23:49:38] <@AmazefulBot> [Trivia] Hint: To__
[2022-12-21 23:49:41] <%thedarklord000> toto
[2022-12-21 23:49:41] <@AmazefulBot> [Trivia] @thedarklord000 You answered the question correctly and got 10 points. FeelsGoodMan The answer was " Toto ". [Similarity: 100%]
[2022-12-21 23:49:52] <%thedarklord000> hello offline chatters
[2022-12-21 23:50:01] <%Kalioc> darklord peepoHey
[2022-12-21 23:50:06] <%lemirnajic> hellooooo :3
[2022-12-21 23:50:11] <%speedking1994> darklord veiWave
[2022-12-21 23:50:13] <%PoroHappy> hello veiWave
[2022-12-21 23:50:20] <%thedarklord000> just got done snowblowing the driveway
[2022-12-21 23:50:34] <%thedarklord000> very cold
[2022-12-21 23:50:49] <%+floo0o0> can you blow me next?
[2022-12-21 23:50:50] <%+floo0o0> Flushed
[2022-12-21 23:50:55] <%speedking1994> HUHH
[2022-12-21 23:51:04] <%thedarklord000> are you made of snow
[2022-12-21 23:51:16] <%+floo0o0> I can be anything you want
[2022-12-21 23:51:25] <%thedarklord000> then yes
[2022-12-21 23:51:54] <%+floo0o0> FootMassage SnowTime
