# Log started: 2022-12-29 00:40:48 +0100
[2022-12-29 00:40:48] <iel_ll> !res
[2022-12-29 00:40:49] <@^Fossabot> 1440x1080 | @iel_ll
[2022-12-29 01:51:31] <+ShinmenTakezo6> !sens
[2022-12-29 01:51:32] <@^Fossabot> 0.17 1600 dpi | @ShinmenTakezo6
[2022-12-29 02:58:16] <skighr> !pc
[2022-12-29 02:58:21] <skighr> !speca
[2022-12-29 02:58:27] <skighr> !specs
[2022-12-29 02:58:27] <@^Fossabot> GPU: RTX 3070 Ti | CPU: Ryzen 9 5900X | @skighr
[2022-12-29 03:25:09] <swonjyy> !cross
[2022-12-29 03:38:32] <khaleelkp> !crosshair
[2022-12-29 03:38:32] <@^Fossabot> 0;c;1;s;1;P;c;7;u;000000FF;o;1;m;1;0t;1;0l;2;0v;4;0o;2;0a;1;0f;0;1b;0
[2022-12-29 05:53:44] <!yasmeen4> !sens
[2022-12-29 05:53:44] <@^Fossabot> 0.17 1600 dpi | @yasmeen4
[2022-12-29 07:06:46] <+wlvz_> !sens
[2022-12-29 07:06:46] <@^Fossabot> 0.17 1600 dpi | @wlvz_
[2022-12-29 07:06:52] <+wlvz_> !crosshair
[2022-12-29 07:06:52] <@^Fossabot> 0;c;1;s;1;P;c;7;u;000000FF;o;1;m;1;0t;1;0l;2;0v;4;0o;2;0a;1;0f;0;1b;0
[2022-12-29 07:09:29] <+wlvz_> !res
[2022-12-29 07:09:29] <@^Fossabot> 1440x1080 | @wlvz_
[2022-12-29 12:02:06] <Kuchenmehmet> !earnings
[2022-12-29 12:02:32] <Kuchenmehmet> !dc
[2022-12-29 12:02:32] <@^Fossabot> https://discord.gg/basicallymary | @Kuchenmehmet
[2022-12-29 12:37:19] <Szczepix6> !res
[2022-12-29 12:37:19] <@^Fossabot> 1440x1080 | @Szczepix6
[2022-12-29 13:36:41] <sanguineous01> !crosshair
[2022-12-29 13:36:41] <@^Fossabot> 0;c;1;s;1;P;c;7;u;000000FF;o;1;m;1;0t;1;0l;2;0v;4;0o;2;0a;1;0f;0;1b;0
[2022-12-29 14:15:05] <isakiskayo> !res
[2022-12-29 14:15:05] <@^Fossabot> 1440x1080 | @isakiskayo
[2022-12-29 14:57:04] <isakiskayo> §res
[2022-12-29 14:57:07] <isakiskayo> !res
[2022-12-29 14:57:08] <@^Fossabot> 1440x1080 | @isakiskayo
[2022-12-29 15:08:48] <skighr> !keyboard
[2022-12-29 15:08:48] <@^Fossabot> Logitech G915 TKL (brown switches) | @skighr
[2022-12-29 18:00:53] <aaronshimoi> !keyboard
[2022-12-29 18:00:53] <@^Fossabot> Logitech G915 TKL (brown switches) | @aaronshimoi
[2022-12-29 18:06:41] <mysticbg7> !keyboard
[2022-12-29 18:06:42] <@^Fossabot> Logitech G915 TKL (brown switches) | @mysticbg7
[2022-12-29 18:32:08] <wasd1k> !minecraft
[2022-12-29 18:32:09] <@^Fossabot> If you have a sub on the channel and want to play on a minecraft server then join the discord server !dc you will find the ip in the minecraft channels dinkDonk You must link your twitch account to your discord account to be on the whitelist
[2022-12-29 18:44:27] <Koz0xe> !commands
[2022-12-29 18:44:27] <@^Fossabot> @Koz0xe Channel commands are available at: https://fossabot.com/mary/commands
[2022-12-29 19:57:19] <anahisora> !from
[2022-12-29 19:57:19] <@^Fossabot> Bahrain | @anahisora
[2022-12-29 20:51:35] <%largefilly> AMAME
[2022-12-29 21:10:24] <neizanu> !settings
[2022-12-29 21:10:24] <@^Fossabot> https://clips.twitch.tv/InexpensiveSlickGullJonCarnage-DksKB1VghEdHc8Xa | @neizanu
[2022-12-29 21:10:26] <neizanu> !crosshair
[2022-12-29 21:10:26] <@^Fossabot> 0;c;1;s;1;P;c;7;u;000000FF;o;1;m;1;0t;1;0l;2;0v;4;0o;2;0a;1;0f;0;1b;0
[2022-12-29 21:48:23] <Crey187> !sens
[2022-12-29 21:48:23] <@^Fossabot> 0.17 1600 dpi | @Crey187
[2022-12-29 21:48:36] <Crey187> !mouse
[2022-12-29 21:48:36] <@^Fossabot> Logitech G Pro X Superlight (red) | @Crey187
[2022-12-29 22:15:16] <%viechy> !sens
[2022-12-29 22:15:16] <@^Fossabot> 0.17 1600 dpi | @viechy
[2022-12-29 22:15:22] <%viechy> !cross
[2022-12-29 22:15:25] <%viechy> !crosshair
[2022-12-29 22:15:25] <@^Fossabot> 0;c;1;s;1;P;c;7;u;000000FF;o;1;m;1;0t;1;0l;2;0v;4;0o;2;0a;1;0f;0;1b;0
[2022-12-29 22:27:24] <%viechy> !crosshair
[2022-12-29 22:27:24] <@^Fossabot> 0;c;1;s;1;P;c;7;u;000000FF;o;1;m;1;0t;1;0l;2;0v;4;0o;2;0a;1;0f;0;1b;0
[2022-12-29 23:28:35] <erobbussy> !downtime
[2022-12-29 23:28:35] <@^Fossabot> @erobbussy Mary has been offline for 3 days and 57 minutes
