# Log started: 2022-12-20 00:32:01 +0100
[2022-12-20 00:32:01] <chupipuerco_> !runes
[2022-12-20 00:32:01] <@^Nightbot> AP nunu runes: https://i.imgur.com/dRwTuxe.png
[2022-12-20 00:33:31] <chupipuerco_> !build
[2022-12-20 00:33:31] <@^Nightbot> Dark seal Pen boots Rocketbelt early -> RABADON & VOID STAFF. hourglass/banshee.
[2022-12-20 00:33:37] <~%KeshaEuw> good luck
[2022-12-20 00:33:56] <chupipuerco_> thx bro
[2022-12-20 00:34:01] <chupipuerco_> i love you
[2022-12-20 00:34:05] <~%KeshaEuw> u 2
[2022-12-20 07:05:08] <+dnteqq> !build
[2022-12-20 07:05:08] <@^Nightbot> Dark seal Pen boots Rocketbelt early -> RABADON & VOID STAFF. hourglass/banshee.
[2022-12-20 07:15:19] <%lazybutt_> ROLLING   peepoFinger
[2022-12-20 15:34:15] <%+adumtoridas> @MarBlud Thanks for the gift sub!
[2022-12-20 15:34:25] <%asviii> ROLLING
[2022-12-20 16:16:29] <simonmajster> !opgg
[2022-12-20 16:16:29] <@^Nightbot> https://www.op.gg/multisearch/euw?summoners=kesha%2Cnunu%2Csw4gSwag420666%2Csnow+king%2Cbober+in+traktor
[2022-12-20 16:18:31] <%soqq__> ———————————————————————  TwitchVotes  You have been gifted a subscription. Type !claim to activate——————————————————————
[2022-12-20 17:17:55] <pototakoala> !build
[2022-12-20 17:17:55] <@^Nightbot> Dark seal Pen boots Rocketbelt early -> RABADON & VOID STAFF. hourglass/banshee.
[2022-12-20 18:18:02] <+RlVS_> wlaczaj to kurwo
[2022-12-20 18:50:28] <paddi_is_cool> !build
[2022-12-20 18:50:28] <@^Nightbot> Dark seal Pen boots Rocketbelt early -> RABADON & VOID STAFF. hourglass/banshee.
[2022-12-20 19:36:40] <~%KeshaEuw> '
[2022-12-20 20:20:52] <~%KeshaEuw> sdfsdfsdf
[2022-12-20 20:20:54] <~%KeshaEuw> pgflpålfgdsåplfdgslåpgfdålpdgfpåldfgå
[2022-12-20 20:23:22] <@%Schusser> WeirdChamp
[2022-12-20 20:23:46] <~%KeshaEuw> Shush
[2022-12-20 20:23:50] <~%KeshaEuw> Shush er
[2022-12-20 20:23:57] <~%KeshaEuw> OMEGALUL
[2022-12-20 20:24:11] <@%Schusser> doing the unban request without anyone noticing Shush
[2022-12-20 20:24:13] <@%Schusser> Nice
[2022-12-20 20:24:15] <~%KeshaEuw> @KeshaEuw,
[2022-12-20 20:24:17] <~%KeshaEuw> shhhhhhhhhhhhhhhhhhhhhhh
[2022-12-20 20:24:29] <~%KeshaEuw> they were like 3 months old im never doing them on stream anyway
[2022-12-20 20:24:49] <~%KeshaEuw> accidentally unbanned some luki ooos
[2022-12-20 20:25:09] <@^Nightbot> Check out the discord! BatChest discord.gg/keshaeuw
[2022-12-20 20:25:17] <@%Schusser> BatChest
[2022-12-20 21:17:03] <pototakoala> !build
[2022-12-20 21:17:03] <@^Nightbot> Dark seal Pen boots Rocketbelt early -> RABADON & VOID STAFF. hourglass/banshee.
[2022-12-20 21:44:57] <+HeyitsAlgorithm> !RUNES
[2022-12-20 21:44:57] <@^Nightbot> AP nunu runes: https://i.imgur.com/dRwTuxe.png
[2022-12-20 21:46:20] <+HeyitsAlgorithm> !build
[2022-12-20 21:46:20] <@^Nightbot> Dark seal Pen boots Rocketbelt early -> RABADON & VOID STAFF. hourglass/banshee.
[2022-12-20 23:08:23] [Notification] osebazz subscribed with Prime.
