# Log started: 2022-12-29 00:00:05 +0100
[2022-12-29 00:00:05] VIEWERS: 989
[2022-12-29 00:00:16] <+AdmiralReggie> monkaHmm
[2022-12-29 00:00:21] <+Maverik256> locket on all that HP
[2022-12-29 00:00:28] <+Obliivqt> riven with remover
[2022-12-29 00:00:47] <darothy> locket increase their ehp 1%
[2022-12-29 00:01:21] <Mbubs> Close fight....
[2022-12-29 00:01:25] <%Notes_TFT> Looking like an easy first
[2022-12-29 00:01:26] <Vuxu> they can just ff
[2022-12-29 00:01:37] <+Maverik256> 3000 hp is 1 %?
[2022-12-29 00:02:05] VIEWERS: 989
[2022-12-29 00:02:57] <crsv_dnb> @Notes_TFT you made it happen.
[2022-12-29 00:03:06] <%FullBlownTiltNZ> the health bar is much black lines as green
[2022-12-29 00:03:15] <%Notes_TFT> @Notes_TFT My life was not for nothing
[2022-12-29 00:03:31] <darothy> that no mana taliya is sad
[2022-12-29 00:03:55] <+experiencepoints> 13 win streak jesus
[2022-12-29 00:04:05] VIEWERS: 989
[2022-12-29 00:04:06] <Saahf> brawler urgot monkaW
[2022-12-29 00:04:09] <Ansunas> brwaler a mech?
[2022-12-29 00:04:12] <%ronchohonchoncho> last round
[2022-12-29 00:04:15] <khuala> overflow
[2022-12-29 00:04:17] <RisenSeraph> would mech be useful at all?
[2022-12-29 00:04:18] <+raafhz> brawler sett mecha jax
[2022-12-29 00:04:22] <hi_im_camrunn> renekton is a legendary unit... PogO
[2022-12-29 00:04:26] <darothy> legend spam
[2022-12-29 00:05:16] <huydawn0930> doesn't even matter
[2022-12-29 00:05:28] <%+J4Justin2> will ajmonsta save time?
[2022-12-29 00:05:48] <Langoski> he has 4 GSs
[2022-12-29 00:05:58] <darothy> gs fetish
[2022-12-29 00:06:03] <huydawn0930> giant slayering monkaS
[2022-12-29 00:06:05] VIEWERS: 1 001
[2022-12-29 00:06:06] <+DarkSentry1337> 4 giant slayers to  counter u all game lol
[2022-12-29 00:06:26] <%Notes_TFT> GG!!
[2022-12-29 00:06:27] <huydawn0930> close match
[2022-12-29 00:06:28] <darothy> byue felisha
[2022-12-29 00:06:28] <%NEZEN27> gg
[2022-12-29 00:06:28] <~%saintvicious> !discord
[2022-12-29 00:06:28] <@^StreamElements> Saintvicious' official discord channel! https://discord.gg/5Xtym8N
[2022-12-29 00:06:29] <PlebsFever> gg
[2022-12-29 00:06:29] <%+J4Justin2> byee
[2022-12-29 00:06:29] <Vuxu> ggs
[2022-12-29 00:06:29] <%Notes_TFT> Have a good night
[2022-12-29 00:06:31] <%+RussianAtCuse> gg
[2022-12-29 00:06:31] <%$UserJoe> gg
[2022-12-29 00:06:32] <JustyRaw> pce
[2022-12-29 00:06:33] <%ronchohonchoncho> gg
[2022-12-29 00:06:33] <+experiencepoints> Thanks for streaming!
[2022-12-29 00:06:36] <!freezeTT> laters saint
[2022-12-29 00:06:36] <Hatrednode> say hi to your mum for me
[2022-12-29 00:06:48] <smordansmeterson> gg
[2022-12-29 00:06:53] <%+lestertft> cya
[2022-12-29 00:08:06] <@^StreamElements> Vtuber Model by https://gonzossm.com/
[2022-12-29 00:08:10] VIEWERS: 1 001
[2022-12-29 00:08:35] ~Stream offline~
[2022-12-29 00:16:10] Viewerstats (23:48-00:06): avg:965 min:888 max:1 001 [10/888+41+0+40+16+4+0+0+0+12_]
[2022-12-29 00:26:36] <alomance> !comps
[2022-12-29 00:26:36] <@^StreamElements> Set 8 Comps https://imgur.com/a/qzWaM3E
[2022-12-29 00:27:26] <%beam_forming> !comps
[2022-12-29 00:27:27] <@^StreamElements> Set 8 Comps https://imgur.com/a/qzWaM3E
[2022-12-29 10:23:02] <+the_Coops> @the_Coops yo
[2022-12-29 11:45:13] <+dennot> !comps
[2022-12-29 11:45:13] <@^StreamElements> Set 8 Comps https://imgur.com/a/qzWaM3E
[2022-12-29 13:42:18] <rolnikmrn> !comps
[2022-12-29 13:42:18] <@^StreamElements> Set 8 Comps https://imgur.com/a/qzWaM3E
[2022-12-29 14:51:43] <+matiturbochela> !comps
[2022-12-29 14:51:43] <@^StreamElements> Set 8 Comps https://imgur.com/a/qzWaM3E
[2022-12-29 14:53:33] <mudboy> !comps
[2022-12-29 14:53:33] <@^StreamElements> Set 8 Comps https://imgur.com/a/qzWaM3E
[2022-12-29 16:24:46] <@^StreamElements> saintvicious is now live! Streaming Teamfight Tactics: WE GO CHALLENGER FOR REAL THIS TIME !Comps !thoughts !shorts
[2022-12-29 16:25:23] <@TeamLiquid> The Team Liquid Mobile App is available NOW  liquidplus.adv.gg/a/FGbDLp
[2022-12-29 16:25:26] VIEWERS: 16
[2022-12-29 16:25:26] ~WE GO CHALLENGER FOR REAL THIS TIME !Comps !thoughts !shorts (Teamfight Tactics)~
[2022-12-29 16:25:29] <Rulionn> hello!
[2022-12-29 16:25:29] <+overladenprince> good morning everyone
[2022-12-29 16:26:22] <GageQuitLoL> hi :)
[2022-12-29 16:27:28] VIEWERS: 16
[2022-12-29 16:27:49] <+overladenprince> @saintvicious your cat could easily hit play with all the high level play they see every day
[2022-12-29 16:28:07] <@^StreamElements> Vtuber Model by https://gonzossm.com/
[2022-12-29 16:29:29] VIEWERS: 34
[2022-12-29 16:30:06] <lrredeemable> i love living forge it feels so fun
[2022-12-29 16:31:29] VIEWERS: 34
[2022-12-29 16:31:48] <Dhaos84> thank god you are live!
[2022-12-29 16:32:18] <%k1011> !thoughts
[2022-12-29 16:32:18] <@^StreamElements> Write in to papa saint and he will help you with live advice! https://docs.google.com/forms/d/1jRPhKVLznm0cm9fmeOvLCy8aqG0jYLX9LmsYJ7YYMn0/edit
[2022-12-29 16:32:55] <Dhaos84> @saintvicious How are your games going so far?
[2022-12-29 16:33:20] <ganked> !comps
[2022-12-29 16:33:20] <@^StreamElements> Set 8 Comps https://imgur.com/a/qzWaM3E
[2022-12-29 16:33:21] <Dhaos84> oh its your first'
[2022-12-29 16:33:30] VIEWERS: 34
[2022-12-29 16:35:30] VIEWERS: 88
[2022-12-29 16:37:30] VIEWERS: 88
[2022-12-29 16:38:58] <%TweekieTV> smiteWave
[2022-12-29 16:39:30] <Flatrz> !comps
[2022-12-29 16:39:31] <@^StreamElements> Set 8 Comps https://imgur.com/a/qzWaM3E
[2022-12-29 16:39:31] VIEWERS: 117
[2022-12-29 16:40:18] <%$Mokka66> Good Morning
[2022-12-29 16:41:31] VIEWERS: 117
[2022-12-29 16:43:32] VIEWERS: 117
[2022-12-29 16:44:38] <%+RussianAtCuse> power grid op
[2022-12-29 16:45:19] <+overladenprince> @saintvicious what site do you use to look at win rates?
[2022-12-29 16:45:33] VIEWERS: 117
[2022-12-29 16:45:34] <+overladenprince> thanks
[2022-12-29 16:47:03] <%+J4Justin2> high roller go brrrr
[2022-12-29 16:47:35] VIEWERS: 160
[2022-12-29 16:48:52] <%+J4Justin2> how'd he fail that
[2022-12-29 16:49:35] VIEWERS: 160
[2022-12-29 16:50:22] <+thenayyix> hello saint
[2022-12-29 16:50:45] <+overladenprince> Kimchi diff
[2022-12-29 16:51:12] <%+RussianAtCuse> leblanc falls off so hard
[2022-12-29 16:51:38] Viewerstats (16:25-16:51): avg:89 min:16 max:160 [14/_16+0+18+0+0+54+0+29+0+0+0+43+0+0]
[2022-12-29 16:51:38] VIEWERS: 160
[2022-12-29 16:52:45] <astrolegumes> how are you doing today
[2022-12-29 16:53:23] <Ureiiii> this comp really needs syndra Sadge
[2022-12-29 16:53:40] VIEWERS: 180
[2022-12-29 16:54:03] <astrolegumes> pepeJAM
[2022-12-29 16:54:17] <+overladenprince> need ludens
[2022-12-29 16:54:45] <%+RussianAtCuse> not bad
[2022-12-29 16:54:51] [Notification] Obtuse_Sloth subscribed at Tier 1. They've subscribed for 96 months, currently on a 96 month streak!
[2022-12-29 16:54:53] <astrolegumes> ap is doo doo
[2022-12-29 16:55:06] <%+RussianAtCuse> ap is augment dependent
[2022-12-29 16:55:35] <astrolegumes> true i'm just bad at it
[2022-12-29 16:55:40] VIEWERS: 180
[2022-12-29 16:57:26] <%+elessar__telcontar> o7
[2022-12-29 16:57:28] <+einnasucks> TAIL
[2022-12-29 16:57:42] VIEWERS: 180
[2022-12-29 16:58:05] [Points] J4Justin2 redeemed AMA (25 000)
[2022-12-29 16:58:08] <%+J4Justin2> Best and worst movie you saw released in 2022
[2022-12-29 16:58:28] <%GoofyBrah> ehhh idk man
[2022-12-29 16:58:28] <GrandShow_UA> Nope
[2022-12-29 16:58:30] <%$Mokka66> Bullet Train was fun
[2022-12-29 16:58:33] <%+elessar__telcontar> Wait there where movies?
[2022-12-29 16:58:34] <%GoofyBrah> nothing from 2022 sticks out
[2022-12-29 16:58:46] <%+elessar__telcontar> It’s been to long since a good movie came out
[2022-12-29 16:58:47] <%+RussianAtCuse> think covid delayed all the good ones haha
[2022-12-29 16:58:51] <%GoofyBrah> Bullet train was polarizing. Not a huge fan
[2022-12-29 16:59:10] <silphico> glass onion and everything everywhere all at once were good
[2022-12-29 16:59:13] <Mbubs> How was Avatar?
[2022-12-29 16:59:14] <%+J4Justin2> Was not the best year for cinema
[2022-12-29 16:59:21] <%GoofyBrah> Top Gun?
[2022-12-29 16:59:24] <Mbubs> Glass Onion was entertaining
[2022-12-29 16:59:28] <+einnasucks> I'm looking at a list and I don't even recognize any of these films lol
[2022-12-29 16:59:33] <+i_did_nothing13> The Northman?
[2022-12-29 16:59:37] <%+elessar__telcontar> Besides top gun I don’t remember the last decent movie I saw in the theater
[2022-12-29 16:59:43] VIEWERS: 189
[2022-12-29 16:59:45] <GrandShow_UA> Nope is good
[2022-12-29 17:00:06] <%+elessar__telcontar> Top gun was not great but it was so much better then all the trash it seemed much better
[2022-12-29 17:00:11] <%+J4Justin2> Barbarian and Black Phone I enjoyed
[2022-12-29 17:00:24] <GrandShow_UA> agreed
[2022-12-29 17:01:12] <%GoofyBrah> House of the dragon was the best movie of 2022
[2022-12-29 17:01:24] <%+elessar__telcontar> House of the dragon was fun
[2022-12-29 17:01:33] <Mbubs> lol
[2022-12-29 17:01:44] VIEWERS: 189
[2022-12-29 17:02:14] <+bustingcaps> every game is a duelist game if you're box box enough
[2022-12-29 17:02:21] <%+J4Justin2> Puss in Boots The Last Wish best movie of 2022 KEKW
[2022-12-29 17:02:26] <+Actuality_> Prey was solid
[2022-12-29 17:02:34] <+einnasucks> Get paid gg
[2022-12-29 17:03:15] <+i_did_nothing13> @J4Justin2 TRUE AND REAL
[2022-12-29 17:03:45] VIEWERS: 189
[2022-12-29 17:05:09] <%+divineravnos> morning Saint
[2022-12-29 17:05:47] VIEWERS: 189
[2022-12-29 17:06:04] <bloodelfzz> hey, is ekko, nilah, kaisa, vayne best comp for double trouble, or is there something better
[2022-12-29 17:07:33] <+bustingcaps> your gp is broken, swap him out with another one
[2022-12-29 17:07:48] <+einnasucks> get paid more like get baited aha gotem
[2022-12-29 17:07:50] VIEWERS: 189
[2022-12-29 17:08:00] <+GreatestBeardNA> @einnasucks lololol
[2022-12-29 17:08:08] <@^StreamElements> Vtuber Model by https://gonzossm.com/
[2022-12-29 17:08:30] <+einnasucks> 2g on a loss though
[2022-12-29 17:08:31] <@Wazepas> Getting griefed FeelsGoodMan
[2022-12-29 17:08:35] <%GoofyBrah> He likes holding your hand man
[2022-12-29 17:08:43] <%GoofyBrah> makes em feel secure and safe yaknow
[2022-12-29 17:09:50] VIEWERS: 254
[2022-12-29 17:10:07] <+Arcane_Eli> !gamble all
[2022-12-29 17:10:07] <@^StreamElements>* PogChamp Arcane_Eli went all in and won 800 Saints PogChamp they now have 1600 Saints FeelsGoodMan
[2022-12-29 17:11:50] VIEWERS: 254
[2022-12-29 17:12:04] <+einnasucks> 2 gold better than no gold lol
[2022-12-29 17:12:05] <+i_did_nothing13> last round was 3 gold
[2022-12-29 17:12:11] <+uberspidey> just wait till you kill 6 units and get 6 gold :)
[2022-12-29 17:12:23] <@TeamLiquid> The Team Liquid Mobile App is available NOW  liquidplus.adv.gg/a/FGbDLp
[2022-12-29 17:12:26] <+i_did_nothing13> no you dropped one on lulu near the end
[2022-12-29 17:12:29] <+i_did_nothing13> it went off screen
[2022-12-29 17:13:37] <+einnasucks> I don't think that's how probability works
[2022-12-29 17:13:50] VIEWERS: 268
[2022-12-29 17:13:53] <+uberspidey> what if you get lucky gloves 4-2 Pog
[2022-12-29 17:13:58] <%+divineravnos> Items are super scuffed
[2022-12-29 17:14:51] <+einnasucks> YASSSSSSuo
[2022-12-29 17:14:55] <+uberspidey> 1v9000
[2022-12-29 17:15:04] <!Caligula1> almost 6k dmg HASAKI
[2022-12-29 17:15:42] <%+ithod> LUL
[2022-12-29 17:15:47] <!Caligula1> WHAT
[2022-12-29 17:15:50] <+i_did_nothing13> that dclaw aint do SHIT
[2022-12-29 17:15:50] VIEWERS: 268
[2022-12-29 17:16:21] <Tyyu1166> That augment is the most broken in the game, love it
[2022-12-29 17:16:53] <shortcut1798> the tears gonna make me cry
[2022-12-29 17:17:00] <+i_did_nothing13> We've seen 50 Kayles this game
[2022-12-29 17:17:19] <%k1011> Played re roll spoils ez last night . Last round of game ez made a blitz hook and Grabbed his semira. Was quite funny
[2022-12-29 17:17:50] <!Caligula1> that`s totally 50% PepeLaugh
[2022-12-29 17:17:50] VIEWERS: 289
[2022-12-29 17:17:53] <+einnasucks> this GP aint it
[2022-12-29 17:18:37] <TheHauntedChicken> vayne 2 modCheck
[2022-12-29 17:19:09] <+einnasucks> 5g!\
[2022-12-29 17:19:13] <stunn4> 5 gold pog
[2022-12-29 17:19:14] <+i_did_nothing13> 5g
[2022-12-29 17:19:50] VIEWERS: 289
[2022-12-29 17:20:14] <%+VashTheQuickDraw> kept kayle to swap items later?
[2022-12-29 17:20:19] <JustyRaw> scaling with aug tho
[2022-12-29 17:20:25] <JustyRaw> his kayle gets more ad every round
[2022-12-29 17:20:44] <JustyRaw> oh wrong one nvm
[2022-12-29 17:20:48] <JustyRaw> sorry im pepega
[2022-12-29 17:20:50] <+einnasucks> Supers as well so he's going to hit more 3* eventually
[2022-12-29 17:20:56] <+i_did_nothing13> he thought he had combat training
[2022-12-29 17:21:04] <JustyRaw> @i_did_nothing13 ^ this
[2022-12-29 17:21:50] Viewerstats (16:53-17:21): avg:227 min:180 max:303 [15/180+0+0+9+0+0+0+0+65+0+14+0+21+0+14]
[2022-12-29 17:21:50] VIEWERS: 303
[2022-12-29 17:22:29] <Saahf> PogO
[2022-12-29 17:22:48] <%+jaws98765> is zoe better than lb for the extra hacker? or did you just put her in because you found her?
[2022-12-29 17:23:25] <Saahf> zoe is prankster if you play ekko i think
[2022-12-29 17:23:50] VIEWERS: 303
[2022-12-29 17:24:29] <+einnasucks> Ruunans vayne?
[2022-12-29 17:24:58] <+Arcane_Eli> drop vayne for another hacker
[2022-12-29 17:25:15] <%+siscart> drop vayne for hacker or 8 duelist at 9?
[2022-12-29 17:25:50] VIEWERS: 320
[2022-12-29 17:27:33] <stunn4> 8g
[2022-12-29 17:27:35] <+einnasucks> Rich af
[2022-12-29 17:27:35] <+i_did_nothing13> SHEESH
[2022-12-29 17:27:43] <%+juskasin> and he griefed your items
[2022-12-29 17:27:50] VIEWERS: 320
[2022-12-29 17:28:08] <@^StreamElements> Vtuber Model by https://gonzossm.com/
[2022-12-29 17:28:21] <Saahf> also lets you drop lb ali ekko
[2022-12-29 17:28:24] <Eisbeinmann> Hackersticks
[2022-12-29 17:28:24] <%GoofyBrah> damn whatta swing. from a weak early to a killer mid/late
[2022-12-29 17:28:28] <%+elessar__telcontar> Hacker fiddle would heal so much
[2022-12-29 17:28:59] <+Tiradur> noo 4hacker is absolutly brocken
[2022-12-29 17:29:50] VIEWERS: 320
[2022-12-29 17:30:44] <%GoofyBrah> still a little squishy too. Nilla & fiora 3 would be nice
[2022-12-29 17:31:25] <+einnasucks> Wtf lmao
[2022-12-29 17:31:28] <%GoofyBrah> 2 2* lol
[2022-12-29 17:31:36] <%GoofyBrah> not mad
[2022-12-29 17:31:37] <%Wanqer> EZ
[2022-12-29 17:31:45] <%GoofyBrah> 3* 1 time
[2022-12-29 17:31:50] VIEWERS: 352
[2022-12-29 17:33:20] <astrolegumes> KEKW
[2022-12-29 17:33:22] <astrolegumes> hahaha
[2022-12-29 17:33:22] <%+RussianAtCuse> go ahead and clump
[2022-12-29 17:33:24] <astrolegumes> that was great
[2022-12-29 17:33:26] <Eisbeinmann> Fiddle is hilarious
[2022-12-29 17:33:28] <%GoofyBrah> lol
[2022-12-29 17:33:29] <%+jaws98765> LUL
[2022-12-29 17:33:31] <%+divineravnos> LUL
[2022-12-29 17:33:34] <%GoofyBrah> nice counter play
[2022-12-29 17:33:35] <+i_did_nothing13> FIDDLE ME TIMBERS
[2022-12-29 17:33:36] <%buzzkillergames> gg!
[2022-12-29 17:33:37] <TheHauntedChicken> EZZ
[2022-12-29 17:33:37] <%+elessar__telcontar> LOL
[2022-12-29 17:33:39] <%$UserJoe> That fiddle ult was amazing
[2022-12-29 17:33:39] <+einnasucks> Mistakes were made lol
[2022-12-29 17:33:50] VIEWERS: 352
[2022-12-29 17:33:52] <!Caligula1> gg EZ Clap
[2022-12-29 17:33:52] <headroom1> that was  catJAM
[2022-12-29 17:33:56] <%+elessar__telcontar> smite8 smite8 smite8 smite8
[2022-12-29 17:34:02] <%+elessar__telcontar> smiteGot smiteGot smiteGot smiteGot smiteGot smiteGot
[2022-12-29 17:34:08] <%elvenmagician> ONLY FIDDLESTICKS
[2022-12-29 17:34:10] <%+RussianAtCuse> whats the challenger cutoff?
[2022-12-29 17:35:50] VIEWERS: 352
[2022-12-29 17:36:10] <%+juskasin> that gp augment is broken
[2022-12-29 17:36:13] <JustyRaw> true
[2022-12-29 17:36:16] <%+mcosta27> Should just play 2 fiddle 2 every game
[2022-12-29 17:37:10] <+einnasucks> calm down boxbox
[2022-12-29 17:37:30] <+einnasucks> he's been slamming duelist hard lol
[2022-12-29 17:37:51] VIEWERS: 352
[2022-12-29 17:38:13] <sirgillbates> doesnt yasuo hold ap?
[2022-12-29 17:38:21] <+einnasucks> I only force duelist if I get an early nilah or something
[2022-12-29 17:38:36] <+einnasucks> Or like a few days ago when I got 2 lockets from item augments
[2022-12-29 17:38:39] <headroom1> totally  flex i love it
[2022-12-29 17:38:58] <headroom1> and tg`s are broooken whit duelist
[2022-12-29 17:39:07] <+Themuffwhistler> ap items on urgot? like to farm or what?
[2022-12-29 17:39:32] <+einnasucks> It kinda hurts when you get a lot of lockets but no damage items and just slowly bleed out late lol
[2022-12-29 17:39:51] VIEWERS: 358
[2022-12-29 17:41:22] <Markhaim> Mean Kien Wokege
[2022-12-29 17:41:28] <%+siscart> guy is on lvl 3-2 on champs in the 2-1
[2022-12-29 17:41:35] <+einnasucks> My cat is rolling around like a psychopath on his window perch over literally nothing outside
[2022-12-29 17:41:52] VIEWERS: 358
[2022-12-29 17:42:01] <Markhaim> nothing that you can see
[2022-12-29 17:42:03] <Markhaim> monkaS
[2022-12-29 17:42:18] <+einnasucks> He needs to calm his titties
[2022-12-29 17:43:53] VIEWERS: 354
[2022-12-29 17:43:56] <Eisbeinmann> 3 gold bf inc
[2022-12-29 17:45:53] VIEWERS: 354
[2022-12-29 17:46:21] <+Cl0kiba> zed game?
[2022-12-29 17:46:42] <zhaligkeer> Have you tried the fiora armor/mr augment yet Saint?
[2022-12-29 17:47:54] VIEWERS: 354
[2022-12-29 17:49:24] <+i_did_nothing13> its a big winstreak angle
[2022-12-29 17:49:26] <+BetOnMe__> sheeeeeesh
[2022-12-29 17:49:54] VIEWERS: 385
[2022-12-29 17:50:17] <+Cl0kiba> mirror image busted
[2022-12-29 17:50:28] <Eisbeinmann> mirror image is kinda cool
[2022-12-29 17:51:19] <%+juskasin> Doesnt that augment only work if you have another nilah in?
[2022-12-29 17:51:35] <dalle00> whats the best comp to force every game
[2022-12-29 17:51:55] Viewerstats (17:23-17:51): avg:347 min:303 max:385 [15/303+17+0+0+32+0+0+0+6+0−4+0+0+31+0]
[2022-12-29 17:51:55] VIEWERS: 385
[2022-12-29 17:51:56] <+Arcane_Eli> BFs and Sword only HUH
[2022-12-29 17:52:02] <+Arcane_Eli> I mean belt
[2022-12-29 17:53:38] <+Tiradur> what does your augment do?
[2022-12-29 17:53:55] VIEWERS: 390
[2022-12-29 17:55:33] <%+juskasin> You have half your locket
[2022-12-29 17:55:34] <%$Mokka66> Need anti heal?
[2022-12-29 17:55:55] VIEWERS: 390
[2022-12-29 17:57:55] VIEWERS: 390
[2022-12-29 17:58:29] <+2girls1rat> saint i've been a big fan since 2011 during ur CLG/Curse days.. u are one of my biggest inspirations man! take my prime <3
[2022-12-29 17:58:41] [Notification] 2girls1rat subscribed with Prime.
[2022-12-29 17:59:23] <@TeamLiquid> The Team Liquid Mobile App is available NOW  liquidplus.adv.gg/a/FGbDLp
[2022-12-29 17:59:38] [Notification] Reinglief subscribed with Prime. They've subscribed for 35 months!
[2022-12-29 17:59:45] <+uberspidey> zed with BF as last pick HUH
[2022-12-29 17:59:56] VIEWERS: 414
[2022-12-29 17:59:57] <dalle00> !comps
[2022-12-29 17:59:57] <@^StreamElements> Set 8 Comps https://imgur.com/a/qzWaM3E
[2022-12-29 18:01:47] <+obidylan> !comps
[2022-12-29 18:01:47] <@^StreamElements> Set 8 Comps https://imgur.com/a/qzWaM3E
[2022-12-29 18:01:57] VIEWERS: 414
[2022-12-29 18:03:34] <+Th1ccMike> ur playing 2 gps
[2022-12-29 18:03:35] <stunn4> 2 gp 1 xd
[2022-12-29 18:03:59] <%+divineravnos> Zed MIA
[2022-12-29 18:03:59] VIEWERS: 447
[2022-12-29 18:04:28] <batatayajuu> the tft experience, when noonne uses the unit but you, it never shows up
[2022-12-29 18:04:40] <lolCrazyBear> zed took a vacation
[2022-12-29 18:04:46] <headroom1> lowroll af'
[2022-12-29 18:04:48] <+Arkxantos> zeds on vacation
[2022-12-29 18:05:10] <%+Cale199> mortdog does not approve of the climb
[2022-12-29 18:06:00] VIEWERS: 447
[2022-12-29 18:06:50] <astrolegumes> what a shop lmao
[2022-12-29 18:07:05] <astrolegumes> 4 tier 5 at 8 KEKW
[2022-12-29 18:07:10] <TheHauntedChicken> EZZ get in there gp
[2022-12-29 18:07:18] <%Lochets87> its over gp2
[2022-12-29 18:07:48] <Eisbeinmann> me
[2022-12-29 18:07:50] <stunn4> gp2 diff
[2022-12-29 18:07:52] <%+divineravnos> top 4
[2022-12-29 18:07:52] <pepebored> gp2 dif
[2022-12-29 18:07:54] <+Cl0kiba> bought account
[2022-12-29 18:07:55] <%+sanjisakai> hola everyone ! hola senior vicious !
[2022-12-29 18:07:55] <+Th1ccMike> scouting is cheating NOPERS
[2022-12-29 18:07:59] <+Th1ccMike> NOPERS
[2022-12-29 18:08:00] VIEWERS: 459
[2022-12-29 18:08:08] <@^StreamElements> Vtuber Model by https://gonzossm.com/
[2022-12-29 18:08:08] <%+juskasin> this game is griefign you
[2022-12-29 18:08:22] <%+seanmang> are ya winnin son?
[2022-12-29 18:08:40] <%+sanjisakai> wahou, music is lit (as usual), can i get a link plz ?
[2022-12-29 18:08:50] <~%saintvicious> https://www.youtube.com/watch?v=SlWVRIGgH0c
[2022-12-29 18:08:54] <%+sanjisakai> thanks
[2022-12-29 18:10:00] VIEWERS: 459
[2022-12-29 18:10:11] <+Arcane_Eli> drop zephyr time ratJAM
[2022-12-29 18:10:17] <%+seanmang> GOTTEM
[2022-12-29 18:10:41] <%+seanmang> 1 cost unit KEKW
[2022-12-29 18:10:52] <BigBylan> Nothing wrong with Supers atm boyz
[2022-12-29 18:11:04] <+ussop05> 1 cost> 4 cost XD
[2022-12-29 18:11:14] <lolCrazyBear> you fool you tought u can beat yuumi with perfect positoning?
[2022-12-29 18:12:00] VIEWERS: 480
[2022-12-29 18:13:11] <%+Slush300DC> It looked like zed walked out of ulty
[2022-12-29 18:14:01] VIEWERS: 480
[2022-12-29 18:15:59] <%+rozj_uszony> chain start pretty good for duelists
[2022-12-29 18:15:59] <!%+angahax> The only thing I don’t like about this set is I feel like it’s weird gangplank isn’t part of the Econ trait
[2022-12-29 18:16:05] VIEWERS: 480
[2022-12-29 18:16:15] <%+Rhetorical_1> he has that one augment for econ
[2022-12-29 18:16:28] <!%+angahax> Underground son
[2022-12-29 18:18:06] VIEWERS: 444
[2022-12-29 18:19:41] <headroom1> if you have 2 star units yeah but...
[2022-12-29 18:19:53] <NoRemorse17> !comps
[2022-12-29 18:19:53] <@^StreamElements> Set 8 Comps https://imgur.com/a/qzWaM3E
[2022-12-29 18:20:06] VIEWERS: 446
[2022-12-29 18:22:06] Viewerstats (17:53-18:22): avg:440 min:390 max:480 [15/390+0+0+24+0+33+0+12+0+21+0+0−36+2+19]
[2022-12-29 18:22:06] VIEWERS: 465
[2022-12-29 18:24:06] VIEWERS: 465
[2022-12-29 18:24:20] <headroom1> its a bait
[2022-12-29 18:26:06] VIEWERS: 479
[2022-12-29 18:26:07] <headroom1> wind
[2022-12-29 18:26:13] <Apolonear> wind
[2022-12-29 18:26:17] <%GoofyBrah> wind
[2022-12-29 18:26:28] <+uberspidey> its gotta be wind
[2022-12-29 18:26:47] <headroom1> chat is pog
[2022-12-29 18:28:07] VIEWERS: 479
[2022-12-29 18:28:08] <@^StreamElements> Vtuber Model by https://gonzossm.com/
[2022-12-29 18:29:14] <headroom1> items will come later trust
[2022-12-29 18:29:24] <%GoofyBrah> havent seen 1 yet
[2022-12-29 18:29:32] <headroom1> me too
[2022-12-29 18:29:43] <XELAUT_tv> !comps
[2022-12-29 18:29:44] <@^StreamElements> Set 8 Comps https://imgur.com/a/qzWaM3E
[2022-12-29 18:30:09] VIEWERS: 479
[2022-12-29 18:31:04] <headroom1> samira brawlers sounds good to me
[2022-12-29 18:31:13] <%+seanmang> Recon squid HandsUp
[2022-12-29 18:32:11] VIEWERS: 494
[2022-12-29 18:32:39] <headroom1> pog
[2022-12-29 18:32:53] <headroom1> go 8 trust
[2022-12-29 18:33:55] <johnbarry229> 45 gold!!!!!
[2022-12-29 18:34:03] <+whisperwhipper> tough choice
[2022-12-29 18:34:11] VIEWERS: 513
[2022-12-29 18:35:42] <headroom1> maybe leona over yummi?
[2022-12-29 18:36:13] VIEWERS: 513
[2022-12-29 18:37:47] <+uberspidey> feels like it's worth to save until you're lower
[2022-12-29 18:37:47] <%GoofyBrah> plenty of time to hit fid 2
[2022-12-29 18:38:14] VIEWERS: 545
[2022-12-29 18:40:01] <headroom1> looks ugly not gonna lie
[2022-12-29 18:40:14] VIEWERS: 545
[2022-12-29 18:41:03] <%+seanmang> :(
[2022-12-29 18:41:48] <%GoofyBrah> 3* jax maybe top 4?
[2022-12-29 18:42:15] VIEWERS: 562
[2022-12-29 18:42:18] <fergy123> Jax LUL
[2022-12-29 18:42:22] <fergy123> hes trolling
[2022-12-29 18:42:24] <%+seanmang> sick targeting
[2022-12-29 18:42:24] <%+divineravnos> rip taunt
[2022-12-29 18:42:59] <+nikollasfaleiro> !comps
[2022-12-29 18:42:59] <@^StreamElements> Set 8 Comps https://imgur.com/a/qzWaM3E
[2022-12-29 18:42:59] <%+juskasin> I think it was a pivot into aphelios angle
[2022-12-29 18:43:21] <%GoofyBrah> ded?
[2022-12-29 18:43:22] <stan_truman> looks like titan nerfed too much
[2022-12-29 18:43:34] <!%+angahax> Aaaiiiiieeeeeeee
[2022-12-29 18:43:59] <headroom1> low roll
[2022-12-29 18:44:15] VIEWERS: 562
[2022-12-29 18:44:47] <freestylerq8> !comps
[2022-12-29 18:44:47] <@^StreamElements> Set 8 Comps https://imgur.com/a/qzWaM3E
[2022-12-29 18:45:19] <headroom1> is Verdant gives at speed?
[2022-12-29 18:46:16] VIEWERS: 562
[2022-12-29 18:46:23] <@TeamLiquid> The Team Liquid Mobile App is available NOW  liquidplus.adv.gg/a/FGbDLp
[2022-12-29 18:46:52] <%Lochets87> Would you say bow is to contested at the moment?
[2022-12-29 18:46:56] <headroom1> i was thinking how should be Samira whit wind verdant
[2022-12-29 18:47:20] <headroom1> i see
[2022-12-29 18:47:53] <%GoofyBrah> mascot game lehgooooo :P
[2022-12-29 18:48:08] <@^StreamElements> Vtuber Model by https://gonzossm.com/
[2022-12-29 18:48:16] VIEWERS: 562
[2022-12-29 18:48:56] <%Lochets87> We still doing the duck overlay?
[2022-12-29 18:49:48] <%+juskasin> but i liked when you whipped out your duck.
[2022-12-29 18:49:55] <%GoofyBrah> fk the complainers, we like duck
[2022-12-29 18:50:10] <%GoofyBrah> we complain about people complaining now
[2022-12-29 18:50:10] <rswhee> People are stupid.  I liked the duck
[2022-12-29 18:50:16] VIEWERS: 533
[2022-12-29 18:50:23] <Eisbeinmann> cannot you just project the duck on the tv?
[2022-12-29 18:50:26] <$OneSecondAfter> I liked the TV. The duck was... your call.
[2022-12-29 18:50:31] <%Lochets87> Actully enjoyed duck.
[2022-12-29 18:50:57] <%+da_tejb> who complained about the duck
[2022-12-29 18:51:05] <%+da_tejb> it was kinda nice
[2022-12-29 18:51:24] <%+Slickm0n> Not alistar in over nasus? Just curious why, damage?
[2022-12-29 18:52:16] Viewerstats (18:24-18:52): avg:521 min:465 max:562 [15/465+14+0+0+15+19+0+32+0+17+0+0+0−29+0]
[2022-12-29 18:52:16] VIEWERS: 533
[2022-12-29 18:53:32] <%Lochets87> bramble rank 3 is goodie
[2022-12-29 18:54:09] <%Lochets87> Civil with samira + Janna. whats the weather?
[2022-12-29 18:54:16] VIEWERS: 499
[2022-12-29 18:54:47] <%+Hankovich12> catJAM
[2022-12-29 18:56:16] VIEWERS: 499
[2022-12-29 18:57:33] <Faviti> play sivir for better odds on augment? does it work like that, still learning
[2022-12-29 18:57:46] <Faviti> or is it just 1 and 3 augment
[2022-12-29 18:58:17] VIEWERS: 515
[2022-12-29 18:59:19] <crsv_dnb> pray for lucky gloves and win the lobby
[2022-12-29 18:59:25] <%GoofyBrah> still waiting for the galio sadge
[2022-12-29 19:00:14] <%Lochets87> Is it ever lvl 6 and roll for 2-costs at 3-5?
[2022-12-29 19:00:20] VIEWERS: 515
[2022-12-29 19:01:01] <%GoofyBrah> ayeeeee we're back in the game
[2022-12-29 19:02:12] <headroom1> its fokt
[2022-12-29 19:02:21] VIEWERS: 503
[2022-12-29 19:02:42] <%Lochets87> lol zed 2 at 3-6
[2022-12-29 19:04:21] VIEWERS: 503
[2022-12-29 19:04:33] <therealmubs> jeweled lotus one time
[2022-12-29 19:05:03] <crsv_dnb> roll
[2022-12-29 19:05:07] <%GoofyBrah> ok
[2022-12-29 19:05:11] <crsv_dnb> bb is better for sure
[2022-12-29 19:05:14] <%GoofyBrah> okaaaayyyy
[2022-12-29 19:05:18] <+uberspidey> 10/9 malphites Pog
[2022-12-29 19:05:38] <%GoofyBrah> yeah
[2022-12-29 19:06:21] VIEWERS: 512
[2022-12-29 19:06:41] <%GoofyBrah> that ashe is gonna fkin hurt
[2022-12-29 19:07:00] <crsv_dnb> i like how you were pissed to hit the yuumi because you "had to" full send now KEKW
[2022-12-29 19:07:04] <%GoofyBrah> wow
[2022-12-29 19:07:14] <%GoofyBrah> idk that seemed to go really well for you lol
[2022-12-29 19:08:02] <headroom1> this set greeding items feels bad
[2022-12-29 19:08:08] <@^StreamElements> Vtuber Model by https://gonzossm.com/
[2022-12-29 19:08:22] VIEWERS: 512
[2022-12-29 19:09:05] <headroom1> that was the comeback
[2022-12-29 19:09:24] <headroom1> top 4 max i guess
[2022-12-29 19:09:37] <+rand0m_hero34> Hey Saint, I was the one DMing you on twitter yesterday about being banned here. I still don't know what I did probably 8 years ago, but thanks for the second chance.
[2022-12-29 19:10:05] <%+divineravnos> Give 'em the bonk Nasus
[2022-12-29 19:10:06] <%GoofyBrah> prayge
[2022-12-29 19:10:23] VIEWERS: 547
[2022-12-29 19:10:57] <%GoofyBrah> plz
[2022-12-29 19:10:59] <%GoofyBrah> just 1
[2022-12-29 19:11:11] <%GoofyBrah> 50 gold later..
[2022-12-29 19:11:21] <%Notes_TFT> Ima need you to repay the favor this game Kappa
[2022-12-29 19:11:25] <headroom1> that was fokt
[2022-12-29 19:11:31] <%+elessar__telcontar> 28 gold for 1 yummi :(
[2022-12-29 19:11:37] <%GoofyBrah> Pog
[2022-12-29 19:12:20] <crsv_dnb> is civilian 2 even worth? i most times dont feel the difference
[2022-12-29 19:12:23] VIEWERS: 547
[2022-12-29 19:12:47] <headroom1> whit battery is
[2022-12-29 19:13:21] <%+justafatty> sivir is helping ok
[2022-12-29 19:13:39] <headroom1> free pizza is free pizza you know
[2022-12-29 19:14:26] VIEWERS: 547
[2022-12-29 19:14:36] <%GoofyBrah> hold and drop in?
[2022-12-29 19:14:38] <headroom1> shroud is a 1st
[2022-12-29 19:14:45] <IAmPalOnTheSky> shroud op
[2022-12-29 19:15:45] <%GoofyBrah> you just hit the nuts
[2022-12-29 19:16:15] <%GoofyBrah> how do you cap this? Nunu?
[2022-12-29 19:16:20] <%+divineravnos> What comps does Yummi struggle into? Duelists if Zed gets on her?
[2022-12-29 19:16:26] VIEWERS: 553
[2022-12-29 19:16:33] <%Notes_TFT> smiteKench
[2022-12-29 19:16:41] <headroom1> he is like ei`m 4th let me out
[2022-12-29 19:16:42] <%GoofyBrah> u ok notes?
[2022-12-29 19:16:52] <%Notes_TFT> I have not slept in 24 hours :(
[2022-12-29 19:16:54] <%+J4Justin2> @divineravnos naw galio will punk down zed
[2022-12-29 19:16:57] <%Notes_TFT> im slow brain
[2022-12-29 19:17:06] <stunn4> trying to hide the stream snipe obvious
[2022-12-29 19:17:07] <%GoofyBrah> maybe nap time
[2022-12-29 19:17:16] <%GoofyBrah> Sleep > TFT grind
[2022-12-29 19:17:20] <crsv_dnb> flaming Notes when he helped win the jax game yesterday Sadge
[2022-12-29 19:18:26] VIEWERS: 553
[2022-12-29 19:18:45] <%Notes_TFT> That guy is strong
[2022-12-29 19:19:13] <%+Hankovich12> ratJAM
[2022-12-29 19:19:15] <%GoofyBrah> prayge
[2022-12-29 19:19:27] <airParo> the good music is on today again
[2022-12-29 19:19:29] <airParo> let's go
[2022-12-29 19:19:37] <%GoofyBrah> that leona is yuge
[2022-12-29 19:19:56] <%Notes_TFT> He was just gifted this first
[2022-12-29 19:20:00] <%GoofyBrah> yeah man idk
[2022-12-29 19:20:13] <%GoofyBrah> FF & happy with a 2nd
[2022-12-29 19:20:18] <headroom1> well gg
[2022-12-29 19:20:29] VIEWERS: 553
[2022-12-29 19:20:47] <%Notes_TFT> smitePogs
[2022-12-29 19:21:27] <%GoofyBrah> jeweled gauntlet dif
[2022-12-29 19:21:31] <%GoofyBrah> calling it now
[2022-12-29 19:21:33] <%GoofyBrah> mal carry
[2022-12-29 19:22:05] <%GoofyBrah> LOL
[2022-12-29 19:22:09] <%+seanmang> bent it like beckham
[2022-12-29 19:22:14] <%+seanmang> all the way out the pitch
[2022-12-29 19:22:30] Viewerstats (18:54-19:22): avg:529 min:499 max:580 [15/499+0+16+0−12+0+9+0+35+0+0+6+0+0+27]
[2022-12-29 19:22:30] VIEWERS: 580
[2022-12-29 19:22:47] <%GoofyBrah> Pog
[2022-12-29 19:23:05] <%Notes_TFT> POG
[2022-12-29 19:23:15] <%GoofyBrah> these some good games man
[2022-12-29 19:23:18] <%+divineravnos> this game is so tense
[2022-12-29 19:23:24] <+scatheloke> is star guardian better than 6 mascot here?
[2022-12-29 19:23:32] <%GoofyBrah> no
[2022-12-29 19:23:46] <%+Slush300DC> it's fun when it comes down to 2 solid comps in a positioning battle
[2022-12-29 19:23:53] <%+J4Justin2> yuumi literally heals to full after tanking a taliyah hit
[2022-12-29 19:23:55] <%GoofyBrah> HOOK
[2022-12-29 19:23:58] <+ChillyPenguin1> When nasus stays alive spark does work
[2022-12-29 19:23:59] <%GoofyBrah> lol
[2022-12-29 19:24:31] VIEWERS: 580
[2022-12-29 19:24:53] <%Notes_TFT> GG
[2022-12-29 19:24:54] <%GoofyBrah> GG WP
[2022-12-29 19:24:56] <%JRamZ_> gg
[2022-12-29 19:24:57] <headroom1> get owned pog
[2022-12-29 19:24:57] <%+divineravnos> well played
[2022-12-29 19:24:59] <%buzzkillergames> gg!
[2022-12-29 19:25:01] <%GoofyBrah> whattagame
[2022-12-29 19:25:01] <+Mhoram_> 6 mascot made that diff lol
[2022-12-29 19:25:03] <headroom1> catJAM
[2022-12-29 19:25:04] <!Caligula1> gg EZ
[2022-12-29 19:25:06] <%+Hankovich12> EZ
[2022-12-29 19:25:14] <+irrixias> Tal did 12k damage before she died
[2022-12-29 19:25:32] <%GoofyBrah> That was a fun game to watch
[2022-12-29 19:25:40] <%+seanmang> just played against a blue battery predatory axiom yuumi with BB/GS/JG this is ILLEGAL
[2022-12-29 19:25:41] <+bendobbe> song?
[2022-12-29 19:25:50] <~%saintvicious> https://www.youtube.com/watch?v=Fs97ILqLzBY
[2022-12-29 19:25:57] <+bendobbe> tyvm <3
[2022-12-29 19:26:31] VIEWERS: 580
[2022-12-29 19:28:08] <@^StreamElements> Vtuber Model by https://gonzossm.com/
[2022-12-29 19:28:31] VIEWERS: 580
[2022-12-29 19:29:07] <headroom1> y
[2022-12-29 19:29:10] <%Nikademous> toxic
[2022-12-29 19:29:30] <Papalotapuss> mod him
[2022-12-29 19:29:32] <Papalotapuss> xdd
[2022-12-29 19:29:45] <crsv_dnb> xdd
[2022-12-29 19:30:31] VIEWERS: 580
[2022-12-29 19:31:56] <headroom1> Saint did you listen Miss Monique`s mix for Cercle?
[2022-12-29 19:32:17] <headroom1> yeah but still is pog
[2022-12-29 19:32:31] VIEWERS: 488
[2022-12-29 19:32:33] <headroom1> at least the location idk
[2022-12-29 19:32:56] <%+J4Justin2> HUHH
[2022-12-29 19:33:01] <headroom1> nvm
[2022-12-29 19:33:03] <!Caligula1> HUH
[2022-12-29 19:33:23] <@TeamLiquid> The Team Liquid Mobile App is available NOW  liquidplus.adv.gg/a/FGbDLp
[2022-12-29 19:33:57] <headroom1> ahaha
[2022-12-29 19:33:57] <+whicius> !Comps
[2022-12-29 19:33:57] <@^StreamElements> Set 8 Comps https://imgur.com/a/qzWaM3E
[2022-12-29 19:34:09] <headroom1> well ok i will agree just for you
[2022-12-29 19:34:10] <%+J4Justin2> gotta call out the mid to make them change
[2022-12-29 19:34:32] VIEWERS: 488
[2022-12-29 19:34:32] <IAmPalOnTheSky> cluttered OP
[2022-12-29 19:34:49] <IAmPalOnTheSky> JK though, but I wanna see it XD
[2022-12-29 19:35:02] <headroom1> interesting lets see
[2022-12-29 19:35:04] <IAmPalOnTheSky> I think it used to be 3, with the free units
[2022-12-29 19:35:08] <headroom1> its a tempo augment
[2022-12-29 19:35:16] <Freelancer216> It often costs gold to have the bench filled
[2022-12-29 19:35:32] <IAmPalOnTheSky> I missed it, is it 4 xp now? could be better in the long run
[2022-12-29 19:35:36] <headroom1> forced yieks
[2022-12-29 19:36:36] VIEWERS: 493
[2022-12-29 19:37:26] <IAmPalOnTheSky> OMG it is only 3 xp! why is it so weak. is clear mind 4 or 3?
[2022-12-29 19:37:55] <@%+galactic_pie> saint whats ur opinion on the augment that gives you xp every time you refresh the shop?
[2022-12-29 19:38:08] <%+J4Justin2> Reckless Spending
[2022-12-29 19:38:38] VIEWERS: 493
[2022-12-29 19:39:27] <headroom1> its fokt
[2022-12-29 19:40:27] <headroom1> if you win streak this is the answer
[2022-12-29 19:40:39] VIEWERS: 515
[2022-12-29 19:40:48] <%+Cale199> Ezreal dashing INTO the danger is such a high IQ play
[2022-12-29 19:41:29] <IAmPalOnTheSky> I can't wait till they implement the change for Recons to prioritize dash to the corners away from danger instead of the middle.
[2022-12-29 19:41:31] <tryeu> taliya¿
[2022-12-29 19:41:46] <pwLz> woah 2 items
[2022-12-29 19:41:47] <headroom1> gunblade and its pog if gonna play ez
[2022-12-29 19:41:53] <%+Cale199> what is that augment?
[2022-12-29 19:42:20] <@%RanelPriest> @Cale199 have you not watched LOTR?
[2022-12-29 19:42:25] <@%RanelPriest> the closer you are to danger the farther you are from harm
[2022-12-29 19:42:39] VIEWERS: 560
[2022-12-29 19:42:40] <Papalotapuss> cluttered mind augment
[2022-12-29 19:42:53] <%+Slush300DC> that guy probably sent mortdog a christmas present
[2022-12-29 19:43:28] <%+Cale199> AP samira?
[2022-12-29 19:44:41] VIEWERS: 560
[2022-12-29 19:46:24] <headroom1> make sense but idk
[2022-12-29 19:46:42] VIEWERS: 560
[2022-12-29 19:48:23] <IAmPalOnTheSky> yikes 28 here
[2022-12-29 19:48:42] VIEWERS: 548
[2022-12-29 19:50:08] <IAmPalOnTheSky> double taliyah feels good? huh
[2022-12-29 19:50:42] VIEWERS: 548
[2022-12-29 19:50:52] <headroom1> huge
[2022-12-29 19:50:58] <IAmPalOnTheSky> big hit
[2022-12-29 19:51:00] <headroom1> there is a hope
[2022-12-29 19:51:02] <Bixtonz> "lowroll"
[2022-12-29 19:51:35] <IAmPalOnTheSky> who needs fronline when you have 2 taliyah 2* Kappa
[2022-12-29 19:51:36] <Papalotapuss> annie 1 taliyah 2 xdd
[2022-12-29 19:51:42] <seriouso1> xdd
[2022-12-29 19:51:52] <Freelancer216> there is no way you are going 9 so I think prio on gold is more important
[2022-12-29 19:52:31] <IAmPalOnTheSky> Annie items feelsgood
[2022-12-29 19:52:34] <%+justafatty> cluttered mind is dead now
[2022-12-29 19:52:37] <%+justafatty> you never make it to 9
[2022-12-29 19:52:43] Viewerstats (19:24-19:52): avg:541 min:488 max:580 [15/580+0+0+0−92+0+5+0+22+45+0+0−12+0+7]
[2022-12-29 19:52:43] VIEWERS: 555
[2022-12-29 19:53:11] <Freelancer216> that makes sense
[2022-12-29 19:53:25] <IAmPalOnTheSky> cluttered mind is probably good, but usually you have to hit your 2* frontline units with it :(
[2022-12-29 19:53:27] <%+justafatty> i mean its just ambitious lol
[2022-12-29 19:53:38] <%+justafatty> but you dont have anything else to play for i guess
[2022-12-29 19:53:55] <Yelwah_> YEP CAP
[2022-12-29 19:54:07] <xOkamiyasha> hindsight being what it is, should of bought a 2g unit + carousel unit would of gave you cluttered mind
[2022-12-29 19:54:41] <IAmPalOnTheSky> Cluttered mind goes at end of combat
[2022-12-29 19:54:41] <@%RanelPriest> i was wondering the same because there was a camille in shop
[2022-12-29 19:54:43] VIEWERS: 555
[2022-12-29 19:55:00] <xOkamiyasha> is it end of combat, was pretty sure it was start of turn
[2022-12-29 19:55:00] <melon_kingz> missed taliyah 4 Chatting
[2022-12-29 19:55:27] <xOkamiyasha> ash kk my bad, been educated
[2022-12-29 19:55:41] <@%RanelPriest> no you are right @xOkamiyasha
[2022-12-29 19:55:54] <+lolPoetic> hey, if somebody is trying to hit say like zed 3 and u hold zeds to stop them, is that like not cool?
[2022-12-29 19:56:17] <headroom1> nunu or leona
[2022-12-29 19:56:35] <melon_kingz> i cannot stop playing cat Despairge
[2022-12-29 19:56:44] VIEWERS: 567
[2022-12-29 19:57:03] <@%RanelPriest> @lolPoetic  GIGACHAD always grief - step on people to get to the top
[2022-12-29 19:57:28] <IAmPalOnTheSky> @lolPoetic in theory, its how you probably should play if it doesnt cost you econ.
[2022-12-29 19:57:38] <xOkamiyasha> Leona over ali till 9 for 3 aegis instead of 2 ox?
[2022-12-29 19:57:46] <IAmPalOnTheSky> in practice... people call you a rat because its not fun to not hit your 3* units
[2022-12-29 19:57:52] <tryeu> ekko prob better since prakster isnt it?
[2022-12-29 19:57:56] <%+Slush300DC> I mean one guy said that.
[2022-12-29 19:57:58] <%+kamikazi_34> is the answer 2?
[2022-12-29 19:58:06] <headroom1> jeez i`m whit you dude wtf
[2022-12-29 19:58:10] <IAmPalOnTheSky> I said that Cluttered mind isnt bad... Chatting XD
[2022-12-29 19:58:10] <+Krath3n> who ever listened to chat anyway?
[2022-12-29 19:58:15] <Freelancer216> to be fair it was just me who said that
[2022-12-29 19:58:33] <%buzzkillergames> single handily raising this augments win rate
[2022-12-29 19:58:44] VIEWERS: 567
[2022-12-29 19:59:09] <headroom1> 5head plays dude thats why i`m here catJAM
[2022-12-29 19:59:16] <headroom1> and for the music ofc
[2022-12-29 20:00:01] <melon_kingz> this lobby is so close
[2022-12-29 20:00:29] <Freelancer216> and what better way to learn than be like : " what if you did this sv?" and you go "wtf are you dumb? here's why this wouldn't work"
[2022-12-29 20:00:30] <%+RussianAtCuse> leona 1 is a fake unit
[2022-12-29 20:00:35] <headroom1> hell no whit this 1 star bench
[2022-12-29 20:00:44] VIEWERS: 576
[2022-12-29 20:01:19] <+AdmiralReggie> monkaS
[2022-12-29 20:01:26] <EvaineGG> monkaW
[2022-12-29 20:02:40] <%+RussianAtCuse> windfall diff
[2022-12-29 20:02:46] VIEWERS: 576
[2022-12-29 20:02:57] <headroom1> you did it again man
[2022-12-29 20:03:17] <headroom1> yyou are doing nothing to something this games
[2022-12-29 20:03:18] <+JuveLind> sej?
[2022-12-29 20:03:28] <+JuveLind> spark
[2022-12-29 20:04:41] <!%DeBruce> smiteWave smiteWave smiteWave
[2022-12-29 20:04:44] <spencepai> EZ
[2022-12-29 20:04:46] VIEWERS: 584
[2022-12-29 20:04:48] <headroom1> its a foooorst
[2022-12-29 20:06:08] <%+RussianAtCuse> those augments
[2022-12-29 20:06:35] <!%DeBruce> !gamble 15%
[2022-12-29 20:06:35] <@^StreamElements>* DeBruce lost 46452 Saints in roulette and now has 263233 Saints! FeelsBadMan
[2022-12-29 20:06:40] <+JuveLind> cho
[2022-12-29 20:06:46] <+JuveLind> buy him
[2022-12-29 20:06:47] VIEWERS: 584
[2022-12-29 20:06:51] <!%DeBruce> !gamble 50%
[2022-12-29 20:07:00] <headroom1> damn
[2022-12-29 20:07:05] <headroom1> nice one
[2022-12-29 20:07:07] <johnbarry229> buy a unit
[2022-12-29 20:07:08] <!%DeBruce> !gamble 50%
[2022-12-29 20:07:17] <%+J4Justin2> !gamble all
[2022-12-29 20:07:17] <@^StreamElements>* J4Justin2 went all in and lost every single one of their 1080 Saints LUL
[2022-12-29 20:07:23] <%+Slush300DC> !gamble all
[2022-12-29 20:07:23] <@^StreamElements>* PogChamp Slush300DC went all in and won 42778 Saints PogChamp they now have 85556 Saints FeelsGoodMan
[2022-12-29 20:07:28] <%+ithod> !points
[2022-12-29 20:07:28] <@^StreamElements> @ithod, ithod has 183750 Saints and is rank 69/190495 on the leaderboard.
[2022-12-29 20:07:31] <%+Slickm0n> !gamble all
[2022-12-29 20:07:32] <@^StreamElements>* PogChamp Slickm0n went all in and won 1660 Saints PogChamp they now have 3320 Saints FeelsGoodMan
[2022-12-29 20:07:34] <%+ithod> 69 ayyy
[2022-12-29 20:07:35] <%+joonroot> !gamble all
[2022-12-29 20:07:35] <@^StreamElements>* joonroot went all in and lost every single one of their 5530 Saints LUL
[2022-12-29 20:07:40] <!%DeBruce> !gamble 50%
[2022-12-29 20:07:41] <@^StreamElements>* DeBruce lost 131616 Saints in roulette and now has 131617 Saints! FeelsBadMan
[2022-12-29 20:07:43] <%+joonroot> Sadge
[2022-12-29 20:07:49] <!%DeBruce> I am donating to you plebs
[2022-12-29 20:07:56] <!%DeBruce> get it while its hot
[2022-12-29 20:07:58] <!%DeBruce> LUL
[2022-12-29 20:08:02] <%+J4Justin2> Cluttered Mind just went from a 4.9 AVG to a 4.6 AVG off that one I bet KEKW
[2022-12-29 20:08:04] <%+ithod> i was 1st and i donated everything to the gamble all
[2022-12-29 20:08:07] <%+ithod> Sadge
[2022-12-29 20:08:08] <@^StreamElements> Vtuber Model by https://gonzossm.com/
[2022-12-29 20:08:18] <@%RanelPriest> !gamble all
[2022-12-29 20:08:19] <@^StreamElements>* PogChamp RanelPriest went all in and won 70580 Saints PogChamp they now have 141160 Saints FeelsGoodMan
[2022-12-29 20:08:37] <@%RanelPriest> ez
[2022-12-29 20:08:47] VIEWERS: 584
[2022-12-29 20:09:07] <IAmPalOnTheSky> !gamble all
[2022-12-29 20:09:07] <@^StreamElements>* IAmPalOnTheSky went all in and lost every single one of their 1060 Saints LUL
[2022-12-29 20:09:13] <IAmPalOnTheSky> ez
[2022-12-29 20:09:19] <%+RussianAtCuse> while 5 way contested
[2022-12-29 20:09:19] <!%DeBruce> !gamble all
[2022-12-29 20:09:19] <@^StreamElements>* PogChamp DeBruce went all in and won 131617 Saints PogChamp they now have 263234 Saints FeelsGoodMan
[2022-12-29 20:09:25] <!%DeBruce> crap
[2022-12-29 20:09:31] <@%RanelPriest> now gamble the real money in the prediction
[2022-12-29 20:09:53] <IAmPalOnTheSky> Hold Hands to 8th in channel points?
[2022-12-29 20:09:58] <%+RussianAtCuse> double hoj ie against 5 annie players monka
[2022-12-29 20:10:17] <dalle00> !comps
[2022-12-29 20:10:17] <@^StreamElements> Set 8 Comps https://imgur.com/a/qzWaM3E
[2022-12-29 20:10:29] <IAmPalOnTheSky> Bow is back to being best early start?  Glove feels garbage to go for early game
[2022-12-29 20:10:44] <%+RussianAtCuse> if viego was playable glove would be good
[2022-12-29 20:10:47] <headroom1> if you hit 4 gloves go duelist that shit is broooken
[2022-12-29 20:10:47] VIEWERS: 584
[2022-12-29 20:10:52] <!%DeBruce> prediction wont take my gamba
[2022-12-29 20:10:55] <!%DeBruce> lol
[2022-12-29 20:11:12] <IAmPalOnTheSky> Its a cluttered mind start again POG
[2022-12-29 20:11:17] <+JuthyJ> !comps
[2022-12-29 20:11:17] <@^StreamElements> Set 8 Comps https://imgur.com/a/qzWaM3E
[2022-12-29 20:12:23] <tryeu> wasnt electrocute mecha jax a thing?
[2022-12-29 20:12:48] VIEWERS: 542
[2022-12-29 20:13:22] <%+RussianAtCuse> its only really worth when u get to level 9 and get the free 5 cost
[2022-12-29 20:14:02] <%+RussianAtCuse> birthday presents into level up is the insane broken tech
[2022-12-29 20:14:28] <headroom1> fast  7 for zed and its a forst
[2022-12-29 20:14:49] VIEWERS: 524
[2022-12-29 20:16:10] <%+RussianAtCuse> redemption is good
[2022-12-29 20:16:50] VIEWERS: 524
[2022-12-29 20:17:15] <%+RussianAtCuse> you will regret that next time you re roll yummi shes not coming back
[2022-12-29 20:17:44] <+SEL_531> clump
[2022-12-29 20:17:48] <@%RanelPriest> @RussianAtCuse LUL
[2022-12-29 20:18:12] <%+Slush300DC> taking that win streka from him tho
[2022-12-29 20:18:35] <%+ithod> YEP
[2022-12-29 20:18:35] <+SEL_531> 7 is legit
[2022-12-29 20:18:36] <%+Slush300DC> SEND IT
[2022-12-29 20:18:37] <%DM_MonkeyMan> That may be too crazy saint
[2022-12-29 20:18:42] <+SEL_531> this patch moves fast
[2022-12-29 20:18:42] <+ohemgee254> 3-2 7 go wild
[2022-12-29 20:18:45] <messymazz> No balls
[2022-12-29 20:18:47] <%+Cale199> Crazy is what we do
[2022-12-29 20:18:52] VIEWERS: 524
[2022-12-29 20:18:53] <headroom1> idk but ineed to pee
[2022-12-29 20:19:23] <headroom1> that was huuudge upgrade
[2022-12-29 20:19:25] <+SEL_531> you can streak for a long time now
[2022-12-29 20:19:25] <%DM_MonkeyMan> RIP
[2022-12-29 20:19:29] <headroom1> hooolly
[2022-12-29 20:19:39] <%DM_MonkeyMan> We will look back at this moment
[2022-12-29 20:19:46] <%+kamikazi_34> wait what the fuck did i miss
[2022-12-29 20:20:00] <%buzzkillergames> KEKW
[2022-12-29 20:20:02] <+SEL_531> he should've spent his gold
[2022-12-29 20:20:10] <%Jabbawokkamode> imagine you lose t
[2022-12-29 20:20:22] <+SEL_531> can't teach intelligence
[2022-12-29 20:20:22] <+whisperwhipper> this is a war crime
[2022-12-29 20:20:23] <@TeamLiquid> The Team Liquid Mobile App is available NOW  liquidplus.adv.gg/a/FGbDLp
[2022-12-29 20:20:24] <SpumoniSweats> how do you know how much gold an opponent has?
[2022-12-29 20:20:41] <+SEL_531> 4 underground Susge
[2022-12-29 20:20:44] <%+juskasin> Samira next round
[2022-12-29 20:20:47] <%+juskasin> modCheck
[2022-12-29 20:20:51] <@%RanelPriest> the things lit up on the side of their board @SpumoniSweats
[2022-12-29 20:20:52] VIEWERS: 556
[2022-12-29 20:21:14] <%+juskasin> birthday present into a samira 2
[2022-12-29 20:21:16] <%+juskasin> im calling it
[2022-12-29 20:21:17] <+SEL_531> yasuo is a good unit tho
[2022-12-29 20:21:23] <therealmubs> drop kayle for yasuo?
[2022-12-29 20:21:32] <SpumoniSweats> @RanelPriest ooooohh!! thank you ty
[2022-12-29 20:21:36] <%+RussianAtCuse> our streakkkk
[2022-12-29 20:21:40] <%DM_MonkeyMan> Griefed
[2022-12-29 20:21:40] <@%RanelPriest> @SpumoniSweats each one lit up is 10 gold
[2022-12-29 20:21:53] <therealmubs> i just meant for the round
[2022-12-29 20:22:07] <+SEL_531> losing here is good
[2022-12-29 20:22:10] <+SEL_531> you want to cash out
[2022-12-29 20:22:19] <+seawallaby> What the bing bang boom am I listening to
[2022-12-29 20:22:22] <+SEL_531> but you didnt take 20 hp to the face
[2022-12-29 20:22:35] <%+RussianAtCuse> free jax 3
[2022-12-29 20:22:46] <IAmPalOnTheSky> Saint, what are your thoughts on Threats. With or without the maximum threat augment
[2022-12-29 20:22:51] <headroom1> rough game again
[2022-12-29 20:22:53] Viewerstats (19:54-20:22): avg:560 min:524 max:584 [15/555+12+0+9+0+8+0+0+0−42−18+0+0+32+0]
[2022-12-29 20:22:53] VIEWERS: 556
[2022-12-29 20:23:09] <+SEL_531> viego insane cap
[2022-12-29 20:23:13] <+SEL_531> was in shop
[2022-12-29 20:23:41] <%+RussianAtCuse> morello sona not bad
[2022-12-29 20:24:10] <%DM_MonkeyMan> This is fine
[2022-12-29 20:24:37] <+SEL_531> this guy doesn't know how to spell "contested"
[2022-12-29 20:24:45] <+SEL_531> he's blind and going jax
[2022-12-29 20:24:53] VIEWERS: 569
[2022-12-29 20:25:17] <+SEL_531> isn't woodland vayne kinda op?
[2022-12-29 20:25:29] <%+RussianAtCuse> it looks uncontested
[2022-12-29 20:26:26] <+SEL_531> sell 3 cost renekton for 50 gold?
[2022-12-29 20:26:54] VIEWERS: 569
[2022-12-29 20:27:11] <therealmubs> underground pushes for samira tho
[2022-12-29 20:27:53] <%+RussianAtCuse> good loss
[2022-12-29 20:28:08] <@^StreamElements> Vtuber Model by https://gonzossm.com/
[2022-12-29 20:28:12] <%+RussianAtCuse> fook it sej 5
[2022-12-29 20:28:50] <Aza_Daza> wait i literally blinked
[2022-12-29 20:28:54] VIEWERS: 569
[2022-12-29 20:28:56] <Aza_Daza> where did that sej 2 come from
[2022-12-29 20:29:07] <+whisperwhipper> second seg is from woodland
[2022-12-29 20:29:09] <%DM_MonkeyMan> Incoming 2* morde
[2022-12-29 20:29:22] <Aza_Daza> @whisperwhipper oh right i was confused
[2022-12-29 20:29:39] <%+RussianAtCuse> lmao
[2022-12-29 20:29:59] <%k1011> Double sej with shatter seems op
[2022-12-29 20:30:01] <%+spixxy> @Aza_Daza birthday present augment
[2022-12-29 20:30:54] VIEWERS: 585
[2022-12-29 20:30:54] <%DM_MonkeyMan> Can't even get that KEKW
[2022-12-29 20:30:58] <headroom1> and no chain
[2022-12-29 20:31:01] <headroom1> its fokt
[2022-12-29 20:31:38] <%+RussianAtCuse> ur gonna lose a ton of health
[2022-12-29 20:32:09] <+SEL_531> if the game pities you your units will do like 10x damage
[2022-12-29 20:32:14] <+SEL_531> for no reason
[2022-12-29 20:32:29] <%+RussianAtCuse> fook it one more
[2022-12-29 20:32:32] <+SEL_531> a naked fiddle 1 killed my jax in 2 seconds
[2022-12-29 20:32:41] <+whisperwhipper> riven 3 with redemp Kappa
[2022-12-29 20:32:43] <+SEL_531> my jax 3 with double trouble
[2022-12-29 20:32:50] <headroom1> maaan what a joke
[2022-12-29 20:32:53] <+SEL_531> and like 3000+hp
[2022-12-29 20:32:55] VIEWERS: 585
[2022-12-29 20:33:08] <+SEL_531> the fiddle did 8600 damage
[2022-12-29 20:33:38] <+whisperwhipper> how does that dude have so much health
[2022-12-29 20:33:41] <%+RussianAtCuse> everyone took 1 cost bows
[2022-12-29 20:33:49] <%GoofyBrah> YOLO
[2022-12-29 20:34:00] <+SEL_531> corner fiddle
[2022-12-29 20:34:22] <%DM_MonkeyMan> KEKW
[2022-12-29 20:34:27] <headroom1> and 0 bows
[2022-12-29 20:34:33] <headroom1> idk what to say
[2022-12-29 20:34:53] <%GoofyBrah> idk man
[2022-12-29 20:34:57] VIEWERS: 577
[2022-12-29 20:35:17] <%DM_MonkeyMan> We're doin it
[2022-12-29 20:35:20] <%+RussianAtCuse> the shatter and sureshots is kinda lit
[2022-12-29 20:35:28] <%DM_MonkeyMan> Can you somehow pull a top 4 out of this
[2022-12-29 20:35:32] <%DM_MonkeyMan> KEKW
[2022-12-29 20:35:36] <%DM_MonkeyMan> Now self griefing
[2022-12-29 20:35:37] <%GoofyBrah> KEKW
[2022-12-29 20:35:43] <+Mhoram_> the APM grief
[2022-12-29 20:35:43] <spencepai> Despairge
[2022-12-29 20:35:44] <%GoofyBrah> the self int is the strongest
[2022-12-29 20:35:55] <%+Cale199> tilt angle?
[2022-12-29 20:35:58] <tryeu> no underground
[2022-12-29 20:36:11] <@%RanelPriest> its ok we don't need it  Susge
[2022-12-29 20:36:12] <Aza_Daza> wait does pressing d automatically continue heist
[2022-12-29 20:36:14] <%GoofyBrah> tilted farther and farther with every missed bow
[2022-12-29 20:36:19] <%DM_MonkeyMan> And a reforger
[2022-12-29 20:36:51] <+motskei> !comps
[2022-12-29 20:36:51] <@^StreamElements> Set 8 Comps https://imgur.com/a/qzWaM3E
[2022-12-29 20:36:57] VIEWERS: 577
[2022-12-29 20:37:11] <%GoofyBrah> idk how you win period
[2022-12-29 20:37:32] <%+RussianAtCuse> you want a bow? here is a belt
[2022-12-29 20:37:48] <IAmPalOnTheSky> Dedge :(
[2022-12-29 20:38:06] <IAmPalOnTheSky> You mess with the bow you get the belt
[2022-12-29 20:38:29] <headroom1> wtf are those games yeah
[2022-12-29 20:38:36] <headroom1> but its a fun man
[2022-12-29 20:38:43] <headroom1> that adrenaline yu know
[2022-12-29 20:38:43] <%+RussianAtCuse> thats when win streaking griefs you never get a bow
[2022-12-29 20:38:57] VIEWERS: 602
[2022-12-29 20:40:03] <%+RussianAtCuse> got the worst possible 5 cost with birthday presents too
[2022-12-29 20:40:14] <headroom1> morde
[2022-12-29 20:40:55] <headroom1> i never saw a laser shit vertical
[2022-12-29 20:40:57] VIEWERS: 602
[2022-12-29 20:41:03] <headroom1> is that bad?
[2022-12-29 20:41:33] <headroom1> ok i get it
[2022-12-29 20:41:46] <Fuzzylogic927> true
[2022-12-29 20:41:47] <%+ithod> ya it kinda does
[2022-12-29 20:41:56] <Fuzzylogic927> PSO bb
[2022-12-29 20:42:14] <%+ithod> omg this song
[2022-12-29 20:42:30] <%+ithod> this song reminds me of like an dungeon song
[2022-12-29 20:42:35] <Fuzzylogic927> It was, PSO 2 isn't even that bad honestly.
[2022-12-29 20:42:57] VIEWERS: 602
[2022-12-29 20:43:09] <Fuzzylogic927> at the mercy of mortdog for bow
[2022-12-29 20:43:16] <%+Avarice424> AP ew
[2022-12-29 20:43:26] <Fuzzylogic927> even with ap bow is still good for giant, shit's annoying
[2022-12-29 20:43:41] <%DM_MonkeyMan> smitePog
[2022-12-29 20:43:45] <headroom1> flex is kings games tho so...
[2022-12-29 20:44:07] <%+juskasin> don't leve us I will be stuck watching Cris play Lost Ark
[2022-12-29 20:44:09] <headroom1> i`m packt whit energy drinks so no worrys
[2022-12-29 20:44:44] <headroom1> whaaat
[2022-12-29 20:44:46] <komrade1elessar> same
[2022-12-29 20:44:48] <!%+Evilstrick> Marry her
[2022-12-29 20:44:49] <ValiantVincent> maaaaan I love that shit though
[2022-12-29 20:44:57] VIEWERS: 543
[2022-12-29 20:44:57] <%+da_tejb> is that a bad thing?
[2022-12-29 20:45:02] <ValiantVincent> I be like "teach me Mommy"
[2022-12-29 20:45:08] <headroom1> well gl i will say
[2022-12-29 20:45:24] <+einnasucks> It's actually not surprising how many men are intimidated and threatened by intelligent women :(
[2022-12-29 20:45:36] <+einnasucks> That's why a lot of us feel the need to "dumb ourselves down"
[2022-12-29 20:45:37] <Fuzzylogic927> I mean, too smart no, but too smart with other bad attributes is a nightmare lol, they can make your life horrible.
[2022-12-29 20:45:49] <%+Avarice424> she already knows
[2022-12-29 20:45:50] <!Caligula1> PepeLaugh
[2022-12-29 20:46:00] <!Caligula1> @Avarice424 KEKW
[2022-12-29 20:46:02] <%DM_MonkeyMan> She def already knows
[2022-12-29 20:46:04] <+einnasucks> Yeah, there's that side of the coin lol, but there's also the whole toxic masculinity type as well
[2022-12-29 20:46:05] <%DM_MonkeyMan> She watching right now
[2022-12-29 20:46:23] <headroom1> but gl
[2022-12-29 20:46:38] <+einnasucks> Lol I get you for sure
[2022-12-29 20:46:39] <headroom1> look complex women searching simplicity
[2022-12-29 20:46:45] <ValiantVincent> she's watching the stream like "I KNEW he was dumber than me!"
[2022-12-29 20:46:47] <%+Avarice424> idk I never really feel like im smarter than a girl, or I dont really think about it unless shes talkin flat earth or something
[2022-12-29 20:46:57] VIEWERS: 543
[2022-12-29 20:46:58] [Notification] LlgerZer0 subscribed at Tier 1. They've subscribed for 34 months! [we know what you mean]
[2022-12-29 20:47:04] <!%+Evilstrick> She's gonna think she is talking to a brick
[2022-12-29 20:47:04] <%DM_MonkeyMan> So you're saying she's too 5Head
[2022-12-29 20:47:07] <headroom1> man thats cool
[2022-12-29 20:47:14] <Fuzzylogic927> Just off the cuff with going into detail about a complex subject? lol
[2022-12-29 20:47:19] <headroom1> you gonna talk for every thing whit her
[2022-12-29 20:47:28] <headroom1> its more fun
[2022-12-29 20:47:42] <%+spixxy> I can see why you felt that way LUL
[2022-12-29 20:47:49] <%DM_MonkeyMan> I have not heard of kinetic intelligence before
[2022-12-29 20:47:53] <%GoofyBrah> some things I know I'm smarter than my GF in but there are PLENTY of others that she will mop the floor with my ungabunga brain
[2022-12-29 20:47:55] <+alectft> @spixxy LUL
[2022-12-29 20:48:02] <queen_of_valkyries> lol
[2022-12-29 20:48:04] <+einnasucks> Don't let it discourage you lol
[2022-12-29 20:48:08] <@^StreamElements> Vtuber Model by https://gonzossm.com/
[2022-12-29 20:48:10] <%DM_MonkeyMan> Ahh, I see
[2022-12-29 20:48:29] <%GoofyBrah> just don't be a flat earth mouthbreather and you're fine
[2022-12-29 20:48:31] <headroom1> i find this for good thing so...
[2022-12-29 20:48:53] <%GoofyBrah> WE GOTTA BOW
[2022-12-29 20:48:58] VIEWERS: 551
[2022-12-29 20:49:02] <+einnasucks> Honestly some of the (perceived) smartest people I've met are prone to dumbassery
[2022-12-29 20:49:11] <%+joonroot> how old?
[2022-12-29 20:49:12] <%+Avarice424> me press F and D
[2022-12-29 20:49:13] <Fuzzylogic927> get mortdogged
[2022-12-29 20:49:24] <%GoofyBrah> Bet youre smarter when it comes to TFT than she is
[2022-12-29 20:49:24] <ValiantVincent> @saintvicious is just afraid she'd watch his Stream and tell him all the mistakes he's making Kappa Kappa
[2022-12-29 20:49:34] <%DM_MonkeyMan> KEKW
[2022-12-29 20:49:37] <%+joonroot> you think there is some critical flaw u gonna find out
[2022-12-29 20:49:38] <queen_of_valkyries> ^
[2022-12-29 20:49:45] <hypercro> press the any key
[2022-12-29 20:49:54] <+einnasucks> She wants to review your VODs bro
[2022-12-29 20:49:54] <%GoofyBrah> Oh you're fucked
[2022-12-29 20:49:57] <$armann03> Sounds like your a little intemmidated because she can challenge you intellectually
[2022-12-29 20:49:58] <!%+Evilstrick> She is actually here watching you
[2022-12-29 20:50:06] <%GoofyBrah> Sorry saint, ur the dumb one
[2022-12-29 20:50:09] <+Arcane_Eli> KEKW
[2022-12-29 20:50:12] <%GoofyBrah> GG
[2022-12-29 20:50:13] <!%DeBruce> LUL
[2022-12-29 20:50:14] <headroom1> man i communicated whit one women she knows 6 languages robotic ingeneer and i didnt give a fok dude
[2022-12-29 20:50:14] <%+Rhetorical_1> don't let chatting ruin her
[2022-12-29 20:50:15] <%DM_MonkeyMan> She knows more about my job than I do smiteS
[2022-12-29 20:50:22] <headroom1> and the conversations was fun af
[2022-12-29 20:50:30] <%k1011> She’s here right now
[2022-12-29 20:50:38] <%+Avarice424> hell yea you found a manager
[2022-12-29 20:50:39] <!Caligula1> holy shit KEKW
[2022-12-29 20:50:44] <%+Slush300DC> lol
[2022-12-29 20:50:44] <ValiantVincent> LUL KEKW
[2022-12-29 20:50:45] <+einnasucks> Me video game unga bunga
[2022-12-29 20:50:46] <%DM_MonkeyMan> "Me click start button" KEKW
[2022-12-29 20:50:47] <+BrokenMeats> KEKW
[2022-12-29 20:50:49] <%GoofyBrah> Saint just streams at all hours of the day, problem solved
[2022-12-29 20:50:52] <Eisbeinmann> flaming twitch chat = only value that matters
[2022-12-29 20:50:54] <queen_of_valkyries> smart dialing it back
[2022-12-29 20:50:55] <%+Avarice424> stream go live
[2022-12-29 20:50:56] <+Arcane_Eli> KEKW she's too strong for this world
[2022-12-29 20:50:59] <!Caligula1> me saint SMOrc me stream SMOrc
[2022-12-29 20:51:02] VIEWERS: 551
[2022-12-29 20:51:08] <%+Slush300DC> stream go live, me yell at chat for being stupid
[2022-12-29 20:51:10] <%+Avarice424> shirt on check, stream on go
[2022-12-29 20:51:14] <%+Avarice424> pants optional
[2022-12-29 20:51:32] <queen_of_valkyries> where's your cat? The real star of the show
[2022-12-29 20:51:36] <+einnasucks> COMMUNITY GUIDELINESSSSSSS
[2022-12-29 20:51:48] <%GoofyBrah> sounds like the type of gal who will whip up a quick excel sheet for just about any reason but does a hella good job
[2022-12-29 20:51:49] <%GoofyBrah> respect
[2022-12-29 20:52:00] <!Caligula1> saint i bet all the girls watch you because of kimchi
[2022-12-29 20:52:10] <%GoofyBrah> 3rd O.o
[2022-12-29 20:52:16] <queen_of_valkyries> : D
[2022-12-29 20:52:21] <+Arcane_Eli> 3rd? you have more then a GED KEKW oh no
[2022-12-29 20:52:22] <%+Avarice424> did you 1 up her and  say tyou are grandmaster
[2022-12-29 20:52:30] <+einnasucks> Imagine being able to afford three masters degrees
[2022-12-29 20:52:32] <headroom1> ahahahah
[2022-12-29 20:52:39] <+Rhuid> when I started dating my now wife she was working on her masters and then when she was done she went back for an extra bachelor's degree
[2022-12-29 20:52:43] <!%DeBruce> RB Shojin Sivir for them casts?
[2022-12-29 20:52:53] <%DM_MonkeyMan> Hey that's what I did in college, and played league 8 hours a day KEKW
[2022-12-29 20:53:02] Viewerstats (20:24-20:53): avg:571 min:543 max:602 [15/569+0+0+16+0−8+0+25+0+0−59+0+8+0+0]
[2022-12-29 20:53:02] VIEWERS: 551
[2022-12-29 20:53:07] <%+seanmang> get paid
[2022-12-29 20:53:22] <%+Avarice424> you dual mastered in league AND tft
[2022-12-29 20:53:23] <%+Slush300DC> College was a wow raid days for me.  League didn't even exist.
[2022-12-29 20:53:49] <%GoofyBrah> My GF double majored in college and is going to get her Masters in 2023. I'm over here with my Certificate from the local community college herp-derping my way through life
[2022-12-29 20:53:49] <headroom1> man when i think the oportunities whit girl like that
[2022-12-29 20:53:56] <headroom1> my brain blows for real
[2022-12-29 20:54:00] <headroom1> its cool idk
[2022-12-29 20:54:08] <Fuzzylogic927> degrees are more a measure of determination imo
[2022-12-29 20:54:24] <%GoofyBrah> @Slush300DC College was when I was really into FFXIV... probably why I dropped out...
[2022-12-29 20:55:02] VIEWERS: 544
[2022-12-29 20:55:12] <%+Slush300DC> I didn't play FFXIV at all after beta testing.  Never got super into it.
[2022-12-29 20:55:19] <%GoofyBrah> I had no business in college. Probably should've gone into a trade or something
[2022-12-29 20:55:25] <!Caligula1> mort hates us
[2022-12-29 20:56:01] <headroom1> mort sabotaging the stream to get more viewrs i guess
[2022-12-29 20:56:59] <+bo0ompow> what rank is mort
[2022-12-29 20:57:02] VIEWERS: 544
[2022-12-29 20:57:27] <%GoofyBrah> @Slush300DC Friend got me hooked and I was late for the WOW hype. It was late Panda / early WoD
[2022-12-29 20:58:19] <%+Slush300DC> Pandas was fun.  That was the last full expansion I played
[2022-12-29 20:58:42] <headroom1> what was that dude
[2022-12-29 20:58:49] <headroom1> its cheating
[2022-12-29 20:58:53] <%+Slush300DC> that whole graduating and real life thing kinda puts a damper on hardcore raiding
[2022-12-29 20:59:00] <%GoofyBrah> yeahhhhh
[2022-12-29 20:59:02] VIEWERS: 569
[2022-12-29 21:00:20] <+mcleezus> !comps
[2022-12-29 21:00:20] <@^StreamElements> Set 8 Comps https://imgur.com/a/qzWaM3E
[2022-12-29 21:01:02] VIEWERS: 569
[2022-12-29 21:01:19] <%GoofyBrah> I got offered a spot on a HC static and was going to take a week off work for prog. Went on a first date with my now GF the next day and turned down the offer and quit cold turkey
[2022-12-29 21:01:37] <%GoofyBrah> I do miss it every now and then
[2022-12-29 21:02:38] <+crisppinoys> Def a jax Pivot no?
[2022-12-29 21:03:02] VIEWERS: 580
[2022-12-29 21:03:11] <+Arcane_Eli> lv7 no jaxes, one jax item. Jax pivot Chatting
[2022-12-29 21:03:21] <%GoofyBrah> we're doomed
[2022-12-29 21:05:02] VIEWERS: 580
[2022-12-29 21:07:03] VIEWERS: 592
[2022-12-29 21:07:16] <ulquizzz> sheeeesh
[2022-12-29 21:07:23] <@TeamLiquid> The Team Liquid Mobile App is available NOW  liquidplus.adv.gg/a/FGbDLp
[2022-12-29 21:09:03] VIEWERS: 592
[2022-12-29 21:09:26] <%GoofyBrah> wow and i win the value bet
[2022-12-29 21:09:27] <headroom1> fuck this jeez
[2022-12-29 21:09:58] <%GoofyBrah> gimme my internet points!
[2022-12-29 21:10:43] <%GoofyBrah> it'
[2022-12-29 21:10:50] <%GoofyBrah> apples oh boi
[2022-12-29 21:11:04] VIEWERS: 592
[2022-12-29 21:13:03] <%+jaws98765> is jax 3 essentially mandatory to win lobby? jax 2 just seems like a consistent top 4
[2022-12-29 21:13:05] VIEWERS: 571
[2022-12-29 21:15:06] VIEWERS: 571
[2022-12-29 21:15:09] <headroom1> man this progressive shit sound omegafine
[2022-12-29 21:15:18] <%+seanmang> we predictorino?
[2022-12-29 21:16:01] <headroom1> ramuss and pre lvl?
[2022-12-29 21:16:32] <headroom1> cool
[2022-12-29 21:17:07] VIEWERS: 571
[2022-12-29 21:18:46] <headroom1> ramuss is good cpmbo whit yasuo
[2022-12-29 21:19:07] VIEWERS: 537
[2022-12-29 21:19:45] <headroom1> not yet dude
[2022-12-29 21:20:02] <headroom1> wait a litle until you lose maybe?
[2022-12-29 21:20:16] <+overladenprince> let's hope I didn't blow 3k channel points on this prediction
[2022-12-29 21:20:48] <%GoofyBrah> wow someone is optimistic @overladenprince
[2022-12-29 21:20:53] <%GoofyBrah> lol
[2022-12-29 21:21:08] VIEWERS: 537
[2022-12-29 21:23:10] Viewerstats (20:55-21:23): avg:566 min:537 max:592 [15/544+0+25+0+11+0+12+0+0−21+0+0−34+0+8]
[2022-12-29 21:23:10] VIEWERS: 545
[2022-12-29 21:24:30] <%GoofyBrah> never a bow
[2022-12-29 21:24:41] <%GoofyBrah> you got your 1 bow last game
[2022-12-29 21:24:43] <headroom1> yeAH the new title for the stream
[2022-12-29 21:24:45] <%GoofyBrah> and you wasted it
[2022-12-29 21:24:47] <headroom1> KEKW
[2022-12-29 21:24:47] <%GoofyBrah> so no more for you
[2022-12-29 21:24:57] <%+jaws98765> bows aren't real
[2022-12-29 21:24:58] <%k1011> Bow has been removed
[2022-12-29 21:25:11] VIEWERS: 545
[2022-12-29 21:25:23] <+overladenprince> git good
[2022-12-29 21:25:45] <%GoofyBrah> cuz Apples
[2022-12-29 21:25:48] <%elvenmagician> 2 bows on pve trust
[2022-12-29 21:25:54] <headroom1> he rolled for mf but yeah
[2022-12-29 21:25:59] <%GoofyBrah> 0 gold 43 health
[2022-12-29 21:26:00] <%+jaws98765> gold is fake, just like bows
[2022-12-29 21:26:01] <+overladenprince> donkey roll GIGACHAD
[2022-12-29 21:26:07] <%+jaws98765> it's just a bait
[2022-12-29 21:26:30] <%+juskasin> that 1 cash can give you the bow you need
[2022-12-29 21:26:34] <%GoofyBrah> are you gonna take the 10 gold cash this time?
[2022-12-29 21:27:11] VIEWERS: 539
[2022-12-29 21:27:29] <+Lasagna1011> Somethiing i recommend if you ever get a aegis crest
[2022-12-29 21:27:35] <+einnasucks> Yo growth spurt lulu is kinda pog, I'm dumping on this lobby with it rn
[2022-12-29 21:28:04] <headroom1> and spark
[2022-12-29 21:28:08] <@^StreamElements> Vtuber Model by https://gonzossm.com/
[2022-12-29 21:28:09] <panchos8812> one more bow
[2022-12-29 21:28:20] <+Lasagna1011> is death laser chogath, with 5 aegis and Dclaw you can get almsot to 1500 damage laser
[2022-12-29 21:28:48] <panchos8812> Rammus 2 kinda good
[2022-12-29 21:28:49] <headroom1> im a god
[2022-12-29 21:28:49] <%GoofyBrah> good loss good loss
[2022-12-29 21:28:50] <headroom1> ahahah
[2022-12-29 21:29:12] VIEWERS: 539
[2022-12-29 21:30:03] <panchos8812> this board doesnt look that bad
[2022-12-29 21:30:13] <headroom1> holly shit that cc
[2022-12-29 21:30:40] <%GoofyBrah> now we get the samira nice
[2022-12-29 21:31:02] <%GoofyBrah> go 9 i guess yeah
[2022-12-29 21:31:05] <+Lasagna1011> Somethiing i recommend if you ever get a aegis crest.  is death laser chogath, with 5 aegis and Dclaw you can get almsot to 1500 damage laser
[2022-12-29 21:31:12] VIEWERS: 539
[2022-12-29 21:31:39] <%GoofyBrah> collector dif
[2022-12-29 21:31:40] <%+ithod> YEP
[2022-12-29 21:32:06] <%GoofyBrah> its a first
[2022-12-29 21:32:11] <%GoofyBrah> finally hit 2x bows
[2022-12-29 21:32:43] <%+juskasin> Get out of underground?
[2022-12-29 21:32:45] <%GoofyBrah> LOL
[2022-12-29 21:32:49] <%GoofyBrah> for the boys
[2022-12-29 21:32:50] <KyngAsh> just hit
[2022-12-29 21:32:52] <ChoiiBoy> lol
[2022-12-29 21:32:52] <%+YetiteY> wtf
[2022-12-29 21:32:53] <panchos8812> just hit
[2022-12-29 21:33:12] VIEWERS: 567
[2022-12-29 21:33:12] <zirbeli> nunu or janna over sona and thats your board?
[2022-12-29 21:33:14] <+overladenprince> because you are the king of the underground that's why
[2022-12-29 21:34:58] <headroom1> ofc dude 2 bows and shit
[2022-12-29 21:35:06] <headroom1> omega high roll
[2022-12-29 21:35:12] VIEWERS: 567
[2022-12-29 21:35:23] <%TheZim> would a 2nd urgot give another 30% atk speed or is it locked to 1 aura?
[2022-12-29 21:35:54] <headroom1> dude fuck this nunu
[2022-12-29 21:36:39] <%GoofyBrah> tough round
[2022-12-29 21:37:16] VIEWERS: 578
[2022-12-29 21:37:19] <zirbeli> but you have no money to roll... well hard choice
[2022-12-29 21:37:59] <+overladenprince> NUNU DIFF BB
[2022-12-29 21:38:43] <!KayvinhNguyen> wsup sexy
[2022-12-29 21:39:17] VIEWERS: 578
[2022-12-29 21:39:27] <%GoofyBrah> obviously its another urgot
[2022-12-29 21:40:04] <+MeniteTom> Leona over VI
[2022-12-29 21:40:05] <%+Cale199> is stun gun better if aphelios has no items?
[2022-12-29 21:41:06] <%+juskasin> This urgot has been so disappointing with treasure chests lo
[2022-12-29 21:41:10] <%+juskasin> !gamble all
[2022-12-29 21:41:10] <@^StreamElements>* juskasin went all in and lost every single one of their 4300 Saints LUL
[2022-12-29 21:41:17] VIEWERS: 578
[2022-12-29 21:41:26] <Markhaim> bless you
[2022-12-29 21:41:32] <%DM_MonkeyMan> !gamble 10000
[2022-12-29 21:41:32] <@^StreamElements>* DM_MonkeyMan lost 10000 Saints in roulette and now has 396290 Saints! FeelsBadMan
[2022-12-29 21:41:41] <!%DeBruce> bless
[2022-12-29 21:41:48] <!Caligula1> blees you
[2022-12-29 21:42:18] <%+VashTheQuickDraw> !points
[2022-12-29 21:42:18] <@^StreamElements> @VashTheQuickDraw, VashTheQuickDraw has 504095 Saints and is rank 7/190523 on the leaderboard.
[2022-12-29 21:42:22] <+overladenprince> is that a bad thing?
[2022-12-29 21:42:22] <codapog> do you like Samira this set?
[2022-12-29 21:42:25] <%GoofyBrah> samira got 2 tapped by talyah
[2022-12-29 21:42:27] <%+juskasin> Your ugot smurfed
[2022-12-29 21:42:32] <%+juskasin> wrapped around and hit his entire team
[2022-12-29 21:43:17] VIEWERS: 587
[2022-12-29 21:43:30] <%+juskasin> gotta change gun
[2022-12-29 21:44:34] <+MeniteTom> Chagne gu
[2022-12-29 21:45:03] <codapog> it's ok stungun big plays
[2022-12-29 21:45:17] VIEWERS: 597
[2022-12-29 21:46:23] <headroom1> redemption baby lets gooo
[2022-12-29 21:46:32] <%GoofyBrah> GG
[2022-12-29 21:46:41] <+overladenprince> THANKS FOR THE FREE CHANNEL POINTS LOSERS
[2022-12-29 21:46:59] <astrolegumes> cya
[2022-12-29 21:46:59] <%+VashTheQuickDraw> gg
[2022-12-29 21:47:00] <headroom1> peace
[2022-12-29 21:47:02] <%+ithod> cya
[2022-12-29 21:47:04] <panchos8812> ggs
[2022-12-29 21:47:06] <+overladenprince> peace
[2022-12-29 21:47:11] <%DM_MonkeyMan> Gonna raid the ark degen cris?
[2022-12-29 21:47:17] VIEWERS: 597
[2022-12-29 21:47:44] ~Stream offline~
[2022-12-29 21:48:08] <@^StreamElements> Vtuber Model by https://gonzossm.com/
[2022-12-29 21:53:19] Viewerstats (21:25-21:45): avg:564 min:539 max:597 [11/545−6+0+0+28+0+11+0+0+9+10_]
