# Log started: 2022-12-20 00:00:03 +0100
[2022-12-20 00:00:03] <DfltCtrls> @chipotleisepic OMEGALUL
[2022-12-20 00:00:10] <ms___ana> aimin for the starrs fr
[2022-12-20 00:00:20] <+yo_dude77> just pass that on the ground?
[2022-12-20 00:00:24] <@^Nightbot> Check out Prod's Twitter https://twitter.com/ProdCM_?s=20
[2022-12-20 00:00:25] <Handless_MVP> Hahahhaha
[2022-12-20 00:00:33] VIEWERS: 1 356
[2022-12-20 00:00:37] <TTww11ccee> y the pass?
[2022-12-20 00:00:52] <+axepect> bruhhh its just back and forth lmaoo
[2022-12-20 00:01:13] <DfltCtrls> RAMOS GIGACHAD
[2022-12-20 00:01:20] <DfltCtrls> xqck
[2022-12-20 00:01:37] <+yo_dude77> pass that
[2022-12-20 00:01:46] <+yo_dude77> scoring from that angle is crazy
[2022-12-20 00:01:54] <DfltCtrls> where is he kicking to LUL
[2022-12-20 00:02:00] <@leoncru> spanish commentary is so much better than english
[2022-12-20 00:02:07] <TTww11ccee> NOOOO
[2022-12-20 00:02:18] <TTww11ccee> capsap attack sucks
[2022-12-20 00:02:26] <+yo_dude77> why yall shooting at the worst angles??
[2022-12-20 00:02:31] <Handless_MVP> almost as prods defence xD
[2022-12-20 00:02:34] VIEWERS: 1 356
[2022-12-20 00:02:38] <imdonewithlife13> HOLY DHITY
[2022-12-20 00:02:38] <monk10x> ns
[2022-12-20 00:02:38] <@^Nightbot> Prod has hit 16890 nice shots.
[2022-12-20 00:02:39] <wiitrainer> imagine
[2022-12-20 00:02:48] <+axepect> awwww imagine
[2022-12-20 00:02:48] <TTww11ccee> @Handless_MVP exactly T_T
[2022-12-20 00:02:53] <+jamessd321> its gotta be the worst fifa game ive ever seen
[2022-12-20 00:02:54] <rittrekakaboi> Guy never crosses from the wings KEKW
[2022-12-20 00:03:21] <DfltCtrls> PepeLaugh
[2022-12-20 00:03:27] <@leoncru> IM GONNA BREAK MY MONITOR, I SWAER
[2022-12-20 00:03:45] <@leoncru> krassi the OG fifa goat
[2022-12-20 00:03:51] <Ttonmyd> Fr
[2022-12-20 00:04:02] <classicdude0604> MESIIIIIIIIIIIIIIIIIIIIIIIII
[2022-12-20 00:04:03] <wiitrainer> ns
[2022-12-20 00:04:03] <@^Nightbot> Prod has hit 16891 nice shots.
[2022-12-20 00:04:03] <TTww11ccee> NOO WAY
[2022-12-20 00:04:03] <imdonewithlife13> MESSI MAGIC
[2022-12-20 00:04:05] <attack1912> ANKARA MESSI
[2022-12-20 00:04:06] <@leoncru> ANKARA MESSI
[2022-12-20 00:04:09] <imdonewithlife13> MESSI MAGICCCCCCCCC MESSI MAGIC
[2022-12-20 00:04:10] <drewww3686> EZ
[2022-12-20 00:04:10] <ms___ana> THE GOAT
[2022-12-20 00:04:10] <+khawaz_> SIUUUUUUUUUUUUUUUUUUUUUUUUUUUUUUUUUUU
[2022-12-20 00:04:13] <rittrekakaboi> ANAKARA MESSI
[2022-12-20 00:04:13] <chipotleisepic> MESSI BETTER
[2022-12-20 00:04:13] <classicdude0604> ANKARA ANKARA MESSI GOALLLLLLLLLL
[2022-12-20 00:04:13] <%+loctopg> ANKARA MESSI
[2022-12-20 00:04:22] <drewww3686> BRO CLIPPED IT OMEGALUL
[2022-12-20 00:04:22] <alvinrll> messii mesiii messi messi messii messi messii
[2022-12-20 00:04:23] <%+loctopg> golgoglgoglgogl
[2022-12-20 00:04:23] <+yo_dude77> off
[2022-12-20 00:04:26] <j3sus_000> ANKARA MESSI
[2022-12-20 00:04:27] <tropiciana> WWWW
[2022-12-20 00:04:30] <yvesduck> yoo psg is winning
[2022-12-20 00:04:31] <theonlymohvmed> The goat aftre ronaldo ofc
[2022-12-20 00:04:34] VIEWERS: 1 356
[2022-12-20 00:04:35] <tropiciana> MESSIIII
[2022-12-20 00:04:44] <+yo_dude77> woah
[2022-12-20 00:04:47] <TTww11ccee> LMAOO
[2022-12-20 00:04:48] <FlamariousHD> !duo
[2022-12-20 00:04:48] <@^Nightbot> Sapnap
[2022-12-20 00:04:49] <DfltCtrls> D:
[2022-12-20 00:04:49] <@^Nightbot> D:
[2022-12-20 00:04:50] <%ayeitssrayne> LMAOOOO
[2022-12-20 00:04:51] <attack1912> messi against messi
[2022-12-20 00:04:54] <j3sus_000> D:
[2022-12-20 00:04:54] <+yo_dude77> where did that just come from
[2022-12-20 00:04:57] <j3sus_000> WAYTOODANK
[2022-12-20 00:04:58] <TrafalgarLawTTV> !duo
[2022-12-20 00:05:07] <Handless_MVP> worst attack vs worst defence in the gamr xD
[2022-12-20 00:05:10] <j3sus_000> !call
[2022-12-20 00:05:10] <@^Nightbot> Sapnap
[2022-12-20 00:05:13] <@^Nightbot> Check out Prod's Twitter https://twitter.com/ProdCM_?s=20
[2022-12-20 00:05:14] <Mentxlitys> power shot it
[2022-12-20 00:05:17] <DfltCtrls> monkaW
[2022-12-20 00:05:20] <TTww11ccee> Gee gee
[2022-12-20 00:05:25] <+yo_dude77> goallllllllllll
[2022-12-20 00:05:27] <@leoncru> KYLIAN MBAPPEEEEEE
[2022-12-20 00:05:28] <wiitrainer> too good
[2022-12-20 00:05:28] <pollrx> goallll
[2022-12-20 00:05:29] <$YesssChris> Gggs
[2022-12-20 00:05:30] <%ayeitssrayne> SHESH
[2022-12-20 00:05:31] <+youbeezyyy> SIUUUUUUUU
[2022-12-20 00:05:31] <naaaaaye> GEE GEE
[2022-12-20 00:05:31] <ms___ana> sHIT BRO
[2022-12-20 00:05:31] <drewww3686> oh
[2022-12-20 00:05:32] <TTww11ccee> Lcapsap
[2022-12-20 00:05:34] <alvinrll> shheshhhhh
[2022-12-20 00:05:36] <j3sus_000> MBAPPEEEEEEE
[2022-12-20 00:05:37] <redone515> that was like the world cup goal no
[2022-12-20 00:05:37] <@%isleifur637> EZ
[2022-12-20 00:05:38] <drewww3686> AGAIN OMEGALUL
[2022-12-20 00:05:38] <%+stwixxyyy> dont throw
[2022-12-20 00:05:39] <pollrx> mbappe with the ez finish
[2022-12-20 00:05:41] <@%HiimHaley_> Your still playing FIFA
[2022-12-20 00:05:43] <j3sus_000> my goooooat BegWan
[2022-12-20 00:05:45] <+yo_dude77> MBAPPE A CARRY IN REAL LIFE AND IN GAME
[2022-12-20 00:05:46] <@%HiimHaley_> How many times have you lost
[2022-12-20 00:05:46] <@%isleifur637> HEY HALEY
[2022-12-20 00:05:53] <tropiciana> DAYMNN
[2022-12-20 00:05:54] <@%HiimHaley_> Hey fur!!
[2022-12-20 00:05:59] <j3sus_000> @hiimhaley_ Like 2
[2022-12-20 00:06:06] <@%HiimHaley_> @j3sus_000 how many has he won
[2022-12-20 00:06:18] <DfltCtrls> MBAPPE TO MBAPPE pepeMeltdown
[2022-12-20 00:06:21] <j3sus_000> @hiimhaley_ only 1 and 2 draws
[2022-12-20 00:06:21] <redone515> he threw
[2022-12-20 00:06:28] <@%HiimHaley_> @j3sus_000 thx
[2022-12-20 00:06:32] <TTww11ccee> itll be a draw after this
[2022-12-20 00:06:34] Viewerstats (23:38-00:06): avg:1 442 min:1 356 max:1 560 [15/1 539+21+0−31−70+0−52+0+28+0−47−32+0+0+34]
[2022-12-20 00:06:34] VIEWERS: 1 390
[2022-12-20 00:06:35] <j3sus_000> BegWan
[2022-12-20 00:06:42] <$HVICTOR3> MBAPPE
[2022-12-20 00:06:46] <+onfoenemslatt> penaldu could never
[2022-12-20 00:06:54] <j3sus_000> @onfoenemslatt RAGEY
[2022-12-20 00:06:55] <%+stwixxyyy> ?
[2022-12-20 00:06:55] <DfltCtrls> KEKW
[2022-12-20 00:06:56] <+yo_dude77> lmaooo
[2022-12-20 00:06:56] <$HVICTOR3> LMFAO
[2022-12-20 00:06:56] <Ttonmyd> jasont2Sleeper
[2022-12-20 00:06:58] <amindk2> Ronaldo better
[2022-12-20 00:06:58] <$HVICTOR3> LMFAO 󠀀
[2022-12-20 00:06:59] <pollrx> wtf
[2022-12-20 00:06:59] <@%HiimHaley_> Lmao
[2022-12-20 00:07:00] <ms___ana> ?
[2022-12-20 00:07:00] <MessyMangos> OMEGALUL
[2022-12-20 00:07:00] <j3sus_000> ?
[2022-12-20 00:07:02] <NasNub> lmaooooo
[2022-12-20 00:07:03] <$HVICTOR3> WORLD CUPPPPPPPPPPP
[2022-12-20 00:07:04] <j3sus_000> wtf was that
[2022-12-20 00:07:04] <pollrx> that shot bro
[2022-12-20 00:07:08] <%+onlyjes> 5 yo finisher
[2022-12-20 00:07:10] <%+stwixxyyy> just like real life
[2022-12-20 00:07:10] <joaop_05> peepoRiot
[2022-12-20 00:07:13] <j3sus_000> weak ass shot
[2022-12-20 00:07:14] <$HVICTOR3> Messi getting bodied rn
[2022-12-20 00:07:16] <pollrx> lmao
[2022-12-20 00:07:21] <$HVICTOR3> MBAPPE
[2022-12-20 00:07:22] <loganD4C> prod get off fifa get on a real game
[2022-12-20 00:07:27] <$HVICTOR3> HOLY
[2022-12-20 00:07:28] <@%HiimHaley_> LMAO
[2022-12-20 00:07:28] <+yo_dude77> woah
[2022-12-20 00:07:31] <$HVICTOR3> Imagine
[2022-12-20 00:07:31] <yvesduck> LMAOOOO
[2022-12-20 00:07:31] <pollrx> LMA
[2022-12-20 00:07:31] <joaop_05> wtf
[2022-12-20 00:07:32] <TTww11ccee> woooow
[2022-12-20 00:07:33] <+gloomVL> wtf
[2022-12-20 00:07:34] <j3sus_000> wtf
[2022-12-20 00:07:37] <pollrx> how
[2022-12-20 00:07:38] <pollrx> lmaoo
[2022-12-20 00:07:41] <+yo_dude77> lucky mofo
[2022-12-20 00:07:42] <j3sus_000> that was a good goal
[2022-12-20 00:07:49] <@%HiimHaley_> sapnap to good
[2022-12-20 00:07:50] <$HVICTOR3> OH SHIT
[2022-12-20 00:07:55] <+brian_loser> aint no way
[2022-12-20 00:07:56] <+onfoenemslatt> penalduuu penalduu
[2022-12-20 00:07:56] <$HVICTOR3> THAT WAS IT
[2022-12-20 00:07:59] <j3sus_000> but luckily it was off-side
[2022-12-20 00:08:00] <pollrx> goalie punching air rn
[2022-12-20 00:08:02] <MessyMangos> OMEGALUL 󠀀
[2022-12-20 00:08:02] <DfltCtrls> DONARUMMA GIGACHAD
[2022-12-20 00:08:02] <TTww11ccee> Lcapsap
[2022-12-20 00:08:02] <@%HiimHaley_> unlucky
[2022-12-20 00:08:12] <pollrx> oh
[2022-12-20 00:08:13] <tropiciana> OMEGALUL
[2022-12-20 00:08:14] <@%ceo__saydu> is he getting back on val
[2022-12-20 00:08:15] <@%HiimHaley_> Sapnap?????
[2022-12-20 00:08:15] <$HVICTOR3> LMFAO
[2022-12-20 00:08:16] <TTww11ccee> he has no stamina
[2022-12-20 00:08:19] <j3sus_000> why
[2022-12-20 00:08:20] <DfltCtrls> DONARUMMA HOLY GIGACHAD
[2022-12-20 00:08:20] <NasNub> LMAO
[2022-12-20 00:08:21] <pollrx> LMAOO
[2022-12-20 00:08:23] <Handless_MVP> bro tavkle what arr u doin
[2022-12-20 00:08:27] <tropiciana> huuh
[2022-12-20 00:08:35] VIEWERS: 1 390
[2022-12-20 00:08:38] <j3sus_000> idk how he kicks so bad
[2022-12-20 00:08:38] <exodval> @ceo__saydu stfu
[2022-12-20 00:08:39] <@%HiimHaley_> LMAO
[2022-12-20 00:08:40] <%+stwixxyyy> bro
[2022-12-20 00:08:42] <pollrx> LMFAOOOO
[2022-12-20 00:08:42] <s1nt_ax> insane gameplay
[2022-12-20 00:08:42] <TTww11ccee> WOOOOOOOAAAAAAHHH
[2022-12-20 00:08:44] <@leoncru> Accélération, virgule, petit-pont, frappe Kylian Mbappé
[2022-12-20 00:08:46] <@%ceo__saydu> @exodval ur mom
[2022-12-20 00:08:48] <drewww3686> NAHHH AINTNOWAY
[2022-12-20 00:08:53] <@%HiimHaley_> LEON prodvalNice
[2022-12-20 00:08:59] <ms___ana> sub in bro
[2022-12-20 00:08:59] <TTww11ccee> he run out of stamina then shoots
[2022-12-20 00:08:59] <j3sus_000> do some sub
[2022-12-20 00:09:06] <@leoncru> @HiimHaley_ Hey saevidLOVE
[2022-12-20 00:09:07] <TTww11ccee> smh
[2022-12-20 00:09:12] <@leoncru> PEN REF
[2022-12-20 00:09:13] <exodval> @ceo__saydu ur a 15 yr american kid
[2022-12-20 00:09:13] <+yo_dude77> thats a pen
[2022-12-20 00:09:13] <@leoncru> REFEREE
[2022-12-20 00:09:16] <+yo_dude77> bro what
[2022-12-20 00:09:18] <+yo_dude77> pen
[2022-12-20 00:09:19] <@%HiimHaley_> What
[2022-12-20 00:09:23] <+Boltinoh> VAR?
[2022-12-20 00:09:24] <NasNub> penalty*
[2022-12-20 00:09:25] <joaop_05> modCheck
[2022-12-20 00:09:28] <TTww11ccee> GEE GEE
[2022-12-20 00:09:30] <DfltCtrls> PAID BY PSG TO BEAT PSG KEKW
[2022-12-20 00:09:30] <@leoncru> THE REF IS LAHOZ
[2022-12-20 00:09:34] <@leoncru> WTF IS THIS
[2022-12-20 00:09:34] <@%ceo__saydu> @exodval 17*
[2022-12-20 00:09:35] <+khawaz_> RIGGED JUST LIKE THE WORLD CUP
[2022-12-20 00:09:38] <@leoncru> ANKARA
[2022-12-20 00:09:40] <TTww11ccee> we go next
[2022-12-20 00:09:41] <ms___ana> bRIBED REF
[2022-12-20 00:09:43] <+yo_dude77> where was the pen bro
[2022-12-20 00:09:45] <joaop_05> @khawaz_ weirdChamp
[2022-12-20 00:09:47] <%+Reven472> my guy is playing fifa
[2022-12-20 00:09:56] <icyicicy> chat does anyone know if hes gonna play valo tonight?
[2022-12-20 00:10:03] <TTww11ccee> too late T_T
[2022-12-20 00:10:05] <classicdude0604> ANKARA MESSIIIIIIIIII
[2022-12-20 00:10:06] <joaop_05> MESSIII
[2022-12-20 00:10:07] <Handless_MVP> bro
[2022-12-20 00:10:08] <tsgames> MESSI THE GOAT
[2022-12-20 00:10:08] <TTww11ccee> NOOOO
[2022-12-20 00:10:09] <MessyMangos> boutta pull a france
[2022-12-20 00:10:11] <@^Nightbot> Check out Prod's Twitter https://twitter.com/ProdCM_?s=20
[2022-12-20 00:10:11] <@leoncru> LMAO
[2022-12-20 00:10:13] <TTww11ccee> KEKW
[2022-12-20 00:10:13] <%+Reven472> ankara messi ankara messi
[2022-12-20 00:10:20] <@%isleifur637> SAPNAAP KEKW
[2022-12-20 00:10:24] <@leoncru> stall stall stall
[2022-12-20 00:10:25] <TTww11ccee> wtf
[2022-12-20 00:10:29] <@leoncru> WTF
[2022-12-20 00:10:32] <Baver_Sayan> @reven472 turk musun la
[2022-12-20 00:10:34] VIEWERS: 1 390
[2022-12-20 00:10:38] <j3sus_000> bro
[2022-12-20 00:10:42] <Handless_MVP> bro is doing his hardest to throw
[2022-12-20 00:10:44] <Baver_Sayan> abi messi better
[2022-12-20 00:10:46] <DfltCtrls> MESSI AND MBAPPE VS MESSI AND MBAPPE pepeMeltdown
[2022-12-20 00:10:49] <+juMi0_> !call
[2022-12-20 00:10:49] <@leoncru> Messi > Messi
[2022-12-20 00:10:50] <@^Nightbot> Sapnap
[2022-12-20 00:10:53] <+axepect> LMAOOO
[2022-12-20 00:10:53] <TTww11ccee> HIS PLAYERS R IN SO BAD CONDITION
[2022-12-20 00:10:54] <DfltCtrls> EZ
[2022-12-20 00:10:57] <+7uhlevin> lol nooo
[2022-12-20 00:11:03] <j3sus_000> Messi > Messi
[2022-12-20 00:11:03] <+axepect> Wrod
[2022-12-20 00:11:06] <j3sus_000> no doubt
[2022-12-20 00:11:08] <+7uhlevin> mesi mesi mesi
[2022-12-20 00:11:13] <jissky> messi
[2022-12-20 00:11:15] <tsgames> Messi is clear of Messi
[2022-12-20 00:11:15] <joaop_05> GOAT
[2022-12-20 00:11:16] <tropiciana> LMAO
[2022-12-20 00:11:17] <DfltCtrls> PSG > PSG
[2022-12-20 00:11:23] <Handless_MVP> to many messies gee gee
[2022-12-20 00:11:24] <Baver_Sayan> ibnemsi messi ankara messi Ankara messi
[2022-12-20 00:11:26] <DfltCtrls> FeelsOkayMan
[2022-12-20 00:11:28] <icyicicy> valorant
[2022-12-20 00:11:28] <tropiciana> GG
[2022-12-20 00:11:29] <TTww11ccee> valo
[2022-12-20 00:11:30] <imdonewithlife13> pay up
[2022-12-20 00:11:32] <DfltCtrls> peepoGlad
[2022-12-20 00:11:35] <icyicicy> valo
[2022-12-20 00:11:54] <+TheKingSC> FORT
[2022-12-20 00:11:57] <joaop_05> FORTNITE 💀
[2022-12-20 00:11:58] <imdonewithlife13> wait pay UP
[2022-12-20 00:12:02] <imdonewithlife13> PAY UP THE BET BRO
[2022-12-20 00:12:03] <tropiciana> pointss
[2022-12-20 00:12:03] <TTww11ccee> shiii
[2022-12-20 00:12:03] <rebox393> ??
[2022-12-20 00:12:04] <@%ceo__saydu> i just got here
[2022-12-20 00:12:04] <imdonewithlife13> PAY UP THE BET
[2022-12-20 00:12:05] <@%ceo__saydu> wtf
[2022-12-20 00:12:09] <Handless_MVP> what
[2022-12-20 00:12:11] <icyicicy> i just fucking started????
[2022-12-20 00:12:12] <+axepect> aww okay
[2022-12-20 00:12:14] <Handless_MVP> why end ?
[2022-12-20 00:12:15] <yvesduck> damn
[2022-12-20 00:12:16] <%+stwixxyyy> no
[2022-12-20 00:12:20] <@%isleifur637> BYE
[2022-12-20 00:12:20] <@leoncru> @PROD I'll show you some tricks next time I have 100+ hours in FIFA 23
[2022-12-20 00:12:20] <yvesduck> das quick
[2022-12-20 00:12:22] <Handless_MVP> bro
[2022-12-20 00:12:22] <joaop_05> W fifa stream
[2022-12-20 00:12:23] <icyicicy> you fucking pig
[2022-12-20 00:12:35] VIEWERS: 1 390
[2022-12-20 00:12:56] <TTww11ccee> DUDE RAIDED AN OFFLINE STREAMER
[2022-12-20 00:13:17] <TTww11ccee> NotLikeThis NotLikeThis NotLikeThis
[2022-12-20 00:13:17] ~Stream offline~
[2022-12-20 00:13:19] <j3sus_000> wait he went off?
[2022-12-20 00:13:36] <TTww11ccee> @j3sus_000 yes
[2022-12-20 00:13:36] <j3sus_000> or it just crashed?
[2022-12-20 00:13:53] <j3sus_000> @ttww11ccee thks see ya BegWan BegWan
[2022-12-20 00:15:12] <@^Nightbot> Check out Prod's Twitter https://twitter.com/ProdCM_?s=20
[2022-12-20 00:36:48] Viewerstats (00:08-00:10): avg:1 390 min:1 390 max:1 390 [2/1 390+0_]
[2022-12-20 01:41:26] <sparzeur8705> !crosshair
[2022-12-20 01:41:26] <@^Nightbot> 0;c;1;s;1;P;c;8;u;006FFFFF;b;1;f;0;0l;4;0v;3;0g;1;0o;1;0a;1;0f;0;1b;0;S;b;1;c;8;t;006FFFFF
[2022-12-20 01:54:32] <separalno> !sens
[2022-12-20 01:54:32] <@^Nightbot> separalno ,  0.5 800 DPI, 1.1 SCOPED
[2022-12-20 01:54:36] <separalno> !crosshair
[2022-12-20 01:54:37] <@^Nightbot> 0;c;1;s;1;P;c;8;u;006FFFFF;b;1;f;0;0l;4;0v;3;0g;1;0o;1;0a;1;0f;0;1b;0;S;b;1;c;8;t;006FFFFF
[2022-12-20 01:55:46] <separalno> !sens
[2022-12-20 01:55:46] <@^Nightbot> separalno ,  0.5 800 DPI, 1.1 SCOPED
[2022-12-20 02:29:53] <ben_dover6529> !sens
[2022-12-20 02:29:54] <@^Nightbot> ben_dover6529 ,  0.5 800 DPI, 1.1 SCOPED
[2022-12-20 04:56:56] <%YoRival> !discord
[2022-12-20 04:56:56] <@^Nightbot> @YoRival, join the discord here! -> https://discord.gg/prod
[2022-12-20 05:59:40] <+m1lkkid> !sens
[2022-12-20 05:59:41] <@^Nightbot> m1lkkid ,  0.5 800 DPI, 1.1 SCOPED
[2022-12-20 06:20:41] <buffoon12345> !crosshair
[2022-12-20 06:20:41] <@^Nightbot> 0;c;1;s;1;P;c;8;u;006FFFFF;b;1;f;0;0l;4;0v;3;0g;1;0o;1;0a;1;0f;0;1b;0;S;b;1;c;8;t;006FFFFF
[2022-12-20 07:17:38] <dampaul99> !crosshair
[2022-12-20 07:17:38] <@^Nightbot> 0;c;1;s;1;P;c;8;u;006FFFFF;b;1;f;0;0l;4;0v;3;0g;1;0o;1;0a;1;0f;0;1b;0;S;b;1;c;8;t;006FFFFF
[2022-12-20 07:29:44] <brayanperros09> !sens
[2022-12-20 07:29:44] <@^Nightbot> brayanperros09 ,  0.5 800 DPI, 1.1 SCOPED
[2022-12-20 07:40:01] <%Lebb> prod go live 🥺
[2022-12-20 08:17:18] <hio1027> !sens
[2022-12-20 08:17:18] <@^Nightbot> hio1027 ,  0.5 800 DPI, 1.1 SCOPED
[2022-12-20 08:18:19] <hio1027> !res
[2022-12-20 08:18:19] <@^Nightbot> 1920x1080
[2022-12-20 08:29:32] <hio1027> !croshhair
[2022-12-20 08:30:53] <hio1027> !corsshair
[2022-12-20 08:31:01] <hio1027> !crosshair
[2022-12-20 08:31:02] <@^Nightbot> 0;c;1;s;1;P;c;8;u;006FFFFF;b;1;f;0;0l;4;0v;3;0g;1;0o;1;0a;1;0f;0;1b;0;S;b;1;c;8;t;006FFFFF
[2022-12-20 09:26:54] <+seabornepanther> !rank
[2022-12-20 09:26:59] <@^Nightbot> @seabornepanther PROD is Immortal 1 (34 RR)
[2022-12-20 13:24:37] <izerrroval> !sens
[2022-12-20 13:24:37] <@^Nightbot> izerrroval ,  0.5 800 DPI, 1.1 SCOPED
[2022-12-20 14:33:18] <Legende_Blackk> !commands
[2022-12-20 14:33:18] <@^Nightbot> @Legende_Blackk -> The bot commands for this channel are available at https://nightbot.tv/t/prod/commands
[2022-12-20 14:33:18] <@^StreamElements> @Legende_Blackk, You can find a list of all Commands here https://StreamElements.com/prod-2713/commands
[2022-12-20 15:05:26] <igo98k> ! mouse
[2022-12-20 15:49:08] <Morchi> !sens
[2022-12-20 15:49:08] <@^Nightbot> Morchi ,  0.5 800 DPI, 1.1 SCOPED
[2022-12-20 16:10:24] <delta_1608> !sens
[2022-12-20 16:10:24] <@^Nightbot> delta_1608 ,  0.5 800 DPI, 1.1 SCOPED
[2022-12-20 16:12:01] <Dazem> !rank
[2022-12-20 16:12:10] <@^Nightbot> @Dazem Error Connecting To Remote Server
[2022-12-20 16:12:15] <Dazem> !tracker
[2022-12-20 16:42:53] <@%isleifur637> !watchtime
[2022-12-20 16:42:53] <@^StreamElements> isleifur637 has spent  4 days 9 hours watching prod
[2022-12-20 17:07:46] <Deian69> !playlist
[2022-12-20 17:07:46] <@^Nightbot> Try: !playlist1, !playlist2, or !playlist3
[2022-12-20 17:07:50] <Deian69> !playlist 1
[2022-12-20 17:07:57] <Deian69> !playlist1
[2022-12-20 17:07:57] <@^Nightbot> https://open.spotify.com/playlist/7rcRkTZsVif6ToNMj919It?si=cdde78c8e9e747da
[2022-12-20 17:08:08] <Deian69> !playlist2
[2022-12-20 17:08:08] <@^Nightbot> https://open.spotify.com/playlist/0nhC9LBp2gbKFyv3ZyZinS?si=eb1264e75a2e489f
[2022-12-20 17:08:18] <Deian69> !playlist3
[2022-12-20 17:08:18] <@^Nightbot> https://open.spotify.com/playlist/5t7t52JLzhI14klfz3lZMJ?si=7864e8ccf1ad4912
[2022-12-20 17:08:33] <Deian69> !spotify
[2022-12-20 17:08:33] <@^Nightbot> https://open.spotify.com/playlist/7rcRkTZsVif6ToNMj919It?si=cdde78c8e9e747da
[2022-12-20 17:33:35] <manTo16> !sens
[2022-12-20 17:33:35] <@^Nightbot> manTo16 ,  0.5 800 DPI, 1.1 SCOPED
[2022-12-20 17:49:09] [Notification] Ventrixxd_ subscribed at Tier 1. They've subscribed for 5 months!
[2022-12-20 18:21:36] <mil0_valo> !sens
[2022-12-20 18:21:36] <@^Nightbot> mil0_valo ,  0.5 800 DPI, 1.1 SCOPED
[2022-12-20 18:21:38] <mil0_valo> !crosshair
[2022-12-20 18:21:39] <@^Nightbot> 0;c;1;s;1;P;c;8;u;006FFFFF;b;1;f;0;0l;4;0v;3;0g;1;0o;1;0a;1;0f;0;1b;0;S;b;1;c;8;t;006FFFFF
[2022-12-20 18:43:00] <itsPxstaa> !sens
[2022-12-20 18:43:00] <@^Nightbot> itsPxstaa ,  0.5 800 DPI, 1.1 SCOPED
[2022-12-20 18:55:13] <babanassss> !sens
[2022-12-20 18:55:13] <@^Nightbot> babanassss ,  0.5 800 DPI, 1.1 SCOPED
[2022-12-20 18:56:49] <oct____> !crosshair
[2022-12-20 18:56:49] <@^Nightbot> 0;c;1;s;1;P;c;8;u;006FFFFF;b;1;f;0;0l;4;0v;3;0g;1;0o;1;0a;1;0f;0;1b;0;S;b;1;c;8;t;006FFFFF
[2022-12-20 19:14:22] <+reeide> !crosshair
[2022-12-20 19:14:22] <@^Nightbot> 0;c;1;s;1;P;c;8;u;006FFFFF;b;1;f;0;0l;4;0v;3;0g;1;0o;1;0a;1;0f;0;1b;0;S;b;1;c;8;t;006FFFFF
[2022-12-20 19:14:26] <BeyonderVAL> !playlist1
[2022-12-20 19:14:26] <@^Nightbot> https://open.spotify.com/playlist/7rcRkTZsVif6ToNMj919It?si=cdde78c8e9e747da
[2022-12-20 19:29:06] <ElKlappy> !sens
[2022-12-20 19:29:06] <@^Nightbot> ElKlappy ,  0.5 800 DPI, 1.1 SCOPED
[2022-12-20 19:59:26] <falsy> !sens
[2022-12-20 19:59:26] <@^Nightbot> falsy ,  0.5 800 DPI, 1.1 SCOPED
[2022-12-20 19:59:34] <falsy> !crosshair
[2022-12-20 19:59:34] <@^Nightbot> 0;c;1;s;1;P;c;8;u;006FFFFF;b;1;f;0;0l;4;0v;3;0g;1;0o;1;0a;1;0f;0;1b;0;S;b;1;c;8;t;006FFFFF
[2022-12-20 20:18:59] <kryyyzx> !sens
[2022-12-20 20:18:59] <@^Nightbot> kryyyzx ,  0.5 800 DPI, 1.1 SCOPED
[2022-12-20 20:25:33] <ayzek1337> !sens
[2022-12-20 20:25:33] <@^Nightbot> ayzek1337 ,  0.5 800 DPI, 1.1 SCOPED
[2022-12-20 21:00:32] <dumber> !crosshair
[2022-12-20 21:00:32] <@^Nightbot> 0;c;1;s;1;P;c;8;u;006FFFFF;b;1;f;0;0l;4;0v;3;0g;1;0o;1;0a;1;0f;0;1b;0;S;b;1;c;8;t;006FFFFF
[2022-12-20 21:11:10] <dejvidd5> !sens
[2022-12-20 21:11:10] <@^Nightbot> dejvidd5 ,  0.5 800 DPI, 1.1 SCOPED
[2022-12-20 22:05:53] <+szybki_sierpowy> !settings
[2022-12-20 22:05:53] <@^Nightbot> https://clips.twitch.tv/CloudyGloriousWallabyHumbleLife-vYKYNxGDGvz7AnOf
[2022-12-20 22:46:10] <0nfirex> !crosshair
[2022-12-20 22:46:10] <@^Nightbot> 0;c;1;s;1;P;c;8;u;006FFFFF;b;1;f;0;0l;4;0v;3;0g;1;0o;1;0a;1;0f;0;1b;0;S;b;1;c;8;t;006FFFFF
[2022-12-20 23:48:06] <+rascital> !subcount
[2022-12-20 23:48:07] <@^Nightbot> prod currently has 971 subscribers.
[2022-12-20 23:48:42] <vrquack404> !crosshair
[2022-12-20 23:48:42] <@^Nightbot> 0;c;1;s;1;P;c;8;u;006FFFFF;b;1;f;0;0l;4;0v;3;0g;1;0o;1;0a;1;0f;0;1b;0;S;b;1;c;8;t;006FFFFF
[2022-12-20 23:57:34] <zayroxxfps> !sens
[2022-12-20 23:57:34] <@^Nightbot> zayroxxfps ,  0.5 800 DPI, 1.1 SCOPED
