# Log started: 2022-12-13 00:03:08 +0100
[2022-12-13 00:03:08] <%speedking1994> sam catKISS
[2022-12-13 01:02:00] <%+gabrimarzia> peepoArrive
[2022-12-13 01:02:13] <%+gabrimarzia> GIGACHAD
[2022-12-13 01:02:22] <%+gabrimarzia> peepoLeave
[2022-12-13 01:02:49] <%Dusk_N13> hi and bye gabri dankWave
[2022-12-13 01:07:45] <%+gabrimarzia> FrootPeek
[2022-12-13 01:07:56] <%+gabrimarzia> peepoArrive
[2022-12-13 01:08:04] <%+gabrimarzia> wotty
[2022-12-13 01:08:13] <%+gabrimarzia> peepoLeave
[2022-12-13 02:32:42] <%KevinTheDude_> @dusk_n13 catPunchU
[2022-12-13 02:33:16] <%KevinTheDude_> back me to thinking apriNodders
[2022-12-13 02:33:19] <%KevinTheDude_> Thinkge Thinking FroogDance yayApex Thinking2 󠀀 󠀀
[2022-12-13 02:33:45] <%Dusk_N13> Thinkge Thinking FroogDance Kebin catp UltraMad Thinking2
[2022-12-13 02:35:39] <%KevinTheDude_> Thinkge Thinking catPunchU dusk Thinking2 󠀀
[2022-12-13 02:35:46] <%KevinTheDude_> Thinkge Thinking FroogDance yayApex Thinking2 󠀀 󠀀
[2022-12-13 02:55:35] <%ChipX123> apriDance
[2022-12-13 02:56:32] <%KevinTheDude_> @ChipX123 catPunchU no dancing
[2022-12-13 02:57:12] <%Dusk_N13> Thinkge Thinking FroogDance Thinking2 󠀀 󠀀
[2022-12-13 02:57:32] <%KevinTheDude_> while here you can only think about FROOG playing apex apriNodders
[2022-12-13 02:57:36] <%KevinTheDude_> Thinkge Thinking FroogDance yayApex Thinking2 󠀀 󠀀
[2022-12-13 03:02:18] <%Dusk_N13> NOIDONTTHINKSO
[2022-12-13 03:02:26] <%Dusk_N13> Thinkge Thinking apriDance Thinking2 󠀀 󠀀
[2022-12-13 03:02:59] <%Siesta0022> Thinkge Thinking froogHD  Thinking2 󠀀 󠀀
[2022-12-13 03:12:48] <%+gabrimarzia> ewApex
[2022-12-13 03:18:28] <%+zombJay> yayApex
[2022-12-13 03:18:42] <%speedking1994> ewApex
[2022-12-13 03:34:01] <VladosFire54> froograin SoSnowy SnowTime RainTime
[2022-12-13 03:40:38] <%KevinTheDude_> Thinkge Thinking FroogDance yayApex Thinking2 󠀀 󠀀 󠀀
[2022-12-13 03:42:28] <+ModulatingForce> froogHD
[2022-12-13 03:43:11] <%KevinTheDude_> @modulatingforce catPunchU
[2022-12-13 03:43:17] <%KevinTheDude_> Thinkge Thinking FroogDance yayApex Thinking2 󠀀 󠀀 󠀀
[2022-12-13 03:43:44] <%Dusk_N13> Thinkge  Thinking apriDance Thinking2 󠀀 󠀀
[2022-12-13 03:44:09] <+ModulatingForce> ApriBap kevinthedude_ FroogBoop
[2022-12-13 03:44:57] <%KevinTheDude_> @modulatingforce you- apriBonk  apriSpooked -me
[2022-12-13 03:45:11] <%KevinTheDude_> dusk catPunchU
[2022-12-13 03:45:35] <%KevinTheDude_> Thinkge Thinking FroogDance yayApex Thinking2 󠀀 󠀀 󠀀
[2022-12-13 03:45:55] <%Dusk_N13> catp Kebin
[2022-12-13 03:46:04] <asinloo> Bedge
[2022-12-13 03:46:47] <%KevinTheDude_> dusk catPunchU
[2022-12-13 03:46:51] <%KevinTheDude_> @asinloo catPunchU
[2022-12-13 03:53:05] <%KevinTheDude_> Thinkge Thinking FroogDance yayApex Thinking2 󠀀 󠀀 󠀀
[2022-12-13 03:54:03] <%Dusk_N13> catp Kebin apriDance
[2022-12-13 03:55:13] <%KevinTheDude_> Thinkge Thinking FroogDance yayApex Thinking2 󠀀 󠀀 󠀀 󠀀
[2022-12-13 03:56:02] <%Dusk_N13> Thinkge Thinking apriDance is 1st for the new outfit stream Thinking2 󠀀 󠀀 󠀀 󠀀
[2022-12-13 04:00:49] <%KevinTheDude_> Thinkge Thinking FroogDance yayApex Thinking2 󠀀 󠀀 󠀀 󠀀 󠀀
[2022-12-13 04:00:53] <%KevinTheDude_> @dusk_n13 catPunchU
[2022-12-13 04:01:38] <%Dusk_N13> catp Kebin UltraMad let her enjoy being 1st
[2022-12-13 04:03:52] <%KevinTheDude_> UltraMad she enjoys apex @dusk_n13 catPunchU
[2022-12-13 04:04:12] <%Dusk_N13> that will be later UltraMad catp Kebin
[2022-12-13 04:04:41] <%KevinTheDude_> UltraMad no
[2022-12-13 04:04:51] <%KevinTheDude_> catPunchU @dusk_n13
[2022-12-13 04:13:30] <ham_cheese_sandwich> Clueless TeaTime
[2022-12-13 04:25:01] <VladosFire54> Wokege ham_cheese_sandwich TeaTime , kevinthedude_  miyuuComfy
[2022-12-13 04:25:11] <ham_cheese_sandwich> vlados Wokege
[2022-12-13 04:32:35] <%KevinTheDude_> @vladosfire54 @ham_cheese_sandwich catPunchU
[2022-12-13 04:32:47] <ham_cheese_sandwich> kevin 🤛 😡
[2022-12-13 04:33:08] <%KevinTheDude_> ApriBap @ham_cheese_sandwich
[2022-12-13 04:33:14] <ham_cheese_sandwich> Fruma
[2022-12-13 05:00:07] <%KevinTheDude_> FROOG 🤙  I've just had this Calypso  it is fuckin' minging Paradise Punch Lemonade. It is fuckin' minging! Suck ya dad!
[2022-12-13 05:00:53] <%$SamGoldman> Minging
[2022-12-13 05:01:02] <%KevinTheDude_> Minging apriNodders
[2022-12-13 05:01:13] <%Dusk_N13> Sam Apripet
[2022-12-13 05:01:43] <%$SamGoldman> Dusk Minging
[2022-12-13 06:10:19] <%KevinTheDude_> Thinkge Thinking FroogDance yayApex Thinking2 󠀀 󠀀 󠀀 󠀀 󠀀
[2022-12-13 06:29:29] <%iffiie> Thinkge  Thinking apriPeek  Thinking2
[2022-12-13 06:30:12] <%+Nanu991> Thinkge Thinking historyfroog Thinking2
[2022-12-13 06:31:04] <%iffiie> hi nanu apriPet
[2022-12-13 06:34:47] <%Dusk_N13> Thinkge Thinking apriPeek Thinking2
[2022-12-13 06:35:21] <%iffiie> dusk  catKISS
[2022-12-13 06:38:40] <%Dusk_N13> iffiie catKISS
[2022-12-13 06:42:50] <%KevinTheDude_> Thinkge Thinking FroogDance yayApex Thinking2 󠀀 󠀀 󠀀 󠀀 󠀀 󠀀
[2022-12-13 06:43:31] <%Dusk_N13> Thinkge Thinking catp Kebin Thinking2
[2022-12-13 06:56:43] <%KevinTheDude_> FROOG 🤙  I've just had this Calypso  it is fuckin' minging Paradise Punch Lemonade. It is fuckin' minging! Suck ya dad!
[2022-12-13 06:59:44] <ham_cheese_sandwich> FROOGDVD
[2022-12-13 07:36:28] <%$SamGoldman> Fruma
[2022-12-13 07:36:38] <%KevinTheDude_> Sam UltraMad catPunchU
[2022-12-13 07:36:44] <%KevinTheDude_> @ham_cheese_sandwich catPunchU
[2022-12-13 07:38:50] <%+Nanu991> @KevinTheDude_, catPunchU
[2022-12-13 07:41:04] <%KevinTheDude_> @nanu991 catPunchU
[2022-12-13 07:42:07] <%$SamGoldman> wtf kabin Smadge
[2022-12-13 07:42:14] <@%epicbro795> kevin
[2022-12-13 07:42:15] <@%epicbro795> catKISS
[2022-12-13 07:42:56] <%KevinTheDude_> @epicbro795 veiWave catPunchU apriLove
[2022-12-13 07:43:12] <%KevinTheDude_> Thinkge Thinking FroogDance yayApex Thinking2 󠀀 󠀀 󠀀 󠀀 󠀀
[2022-12-13 07:43:13] <@%epicbro795> love you too homie catPunchU
[2022-12-13 07:43:19] <%KevinTheDude_> apriNodders
[2022-12-13 07:46:50] <%iffiie> catPunchU kebin
[2022-12-13 07:47:33] <%iffiie> samge epic  catKISS
[2022-12-13 07:50:07] <@%epicbro795> @iffiie catKISS
[2022-12-13 08:08:11] <%KevinTheDude_> @iffiie catPunchU
[2022-12-13 08:18:06] <%iffiie> @KevinTheDude_  catKISS
[2022-12-13 08:18:16] <%iffiie> catPunchU
[2022-12-13 08:26:09] <+stanch76> epicbro795, catKISS
[2022-12-13 08:26:15] <@%epicbro795> @stanch76 catKISS
[2022-12-13 08:26:18] <+stanch76> SamGoldman, catKISS
[2022-12-13 08:26:21] <+stanch76> kevin catPunchU
[2022-12-13 08:26:50] <%KevinTheDude_> @stanch76 catPunchU
[2022-12-13 08:26:55] <%KevinTheDude_> @samgoldman catPunchU
[2022-12-13 08:29:52] <%Dusk_N13> catKISS epicbro, stanch
[2022-12-13 08:30:00] <+stanch76> Dusk_N13, catKISS
[2022-12-13 08:30:07] <@%epicbro795> dusk catKISS
[2022-12-13 08:58:15] <%KevinTheDude_> Thinkge Thinking FroogDance yayApex Thinking2 󠀀 󠀀 󠀀 󠀀 󠀀 󠀀
[2022-12-13 09:01:10] <%Dusk_N13> Thinkge Thinking apriDance Thinking2 󠀀 󠀀
[2022-12-13 10:41:45] <%KevinTheDude_> FROOG 🤙  I've just had this Calypso  it is fuckin' minging Paradise Punch Lemonade. It is fuckin' minging! Suck ya dad! it’s minging! it’s fuckin’ minging!
[2022-12-13 11:20:29] <lemirnajic> ApriPls
[2022-12-13 12:13:05] <asinloo> Wokege
[2022-12-13 12:14:00] <%Rene_san_> Hello @asinloo apriPet
[2022-12-13 12:15:27] <asinloo> dankWave Rene_san_
[2022-12-13 13:11:15] [Notification] seanr1995 subscribed at Tier 1.
[2022-12-13 14:45:30] <%Phantasma__> froogHop
[2022-12-13 14:48:17] <asinloo> froogHop
[2022-12-13 14:55:08] <VladosFire54> froogCheems froogHop
[2022-12-13 15:25:36] <AFennec> froogHop
[2022-12-13 15:36:34] <ham_cheese_sandwich> froogHop
[2022-12-13 16:16:32] <%viice___> apriDance
[2022-12-13 16:26:51] <%tyskStefan> apriPeek
[2022-12-13 17:37:03] <%iffiie> tysk apriPet apriPet
[2022-12-13 17:46:05] <%KevinTheDude_> FROOG 🤙  I've just had this Calypso  it is fuckin' minging Paradise Punch Lemonade. It is fuckin' minging! Suck ya dad! it’s minging! it’s fuckin’ minging! 󠀀
[2022-12-13 18:18:47] <%$SamGoldman> Minging peepoTalk
[2022-12-13 18:19:46] <VladosFire54> peepoTalkbutpeepoisnottalking
[2022-12-13 18:19:58] <VladosFire54> edennSleep
[2022-12-13 18:23:23] <%KevinTheDude_> FROOG 🤙  I've just had this Calypso  it is fuckin' minging Paradise Punch Lemonade. It is fuckin' minging! Suck ya dad! it’s minging! it’s fuckin’ minging! 󠀀 󠀀
[2022-12-13 19:01:42] <ChrisGamingNL333> INSANECAT
[2022-12-13 19:06:29] <%KevinTheDude_> Chris ApriBap
[2022-12-13 19:06:43] <ChrisGamingNL333> kevin SilverBonk
[2022-12-13 19:06:45] <ChrisGamingNL333> kevin  SilverBonk
[2022-12-13 19:06:48] <ChrisGamingNL333> kevin SilverBonk
[2022-12-13 19:06:55] <ChrisGamingNL333> where the fuck did my badge go peepoWTF
[2022-12-13 19:06:58] <ChrisGamingNL333> kevin SilverBonk
[2022-12-13 19:07:01] <ChrisGamingNL333> kevin  SilverBonk
[2022-12-13 19:07:02] <ChrisGamingNL333> kevin SilverBonk
[2022-12-13 19:07:25] <%KevinTheDude_> OMEGADANCEBUTFAST
[2022-12-13 19:07:37] <%KevinTheDude_> Chris catPunchU
[2022-12-13 19:07:39] <%KevinTheDude_> Chris catPunchU 󠀀
[2022-12-13 19:07:40] <%KevinTheDude_> Chris catPunchU
[2022-12-13 19:07:42] <%KevinTheDude_> Chris catPunchU 󠀀
[2022-12-13 19:07:43] <%KevinTheDude_> Chris catPunchU
[2022-12-13 19:07:43] <ChrisGamingNL333> kevin catPunchU
[2022-12-13 19:07:44] <ChrisGamingNL333> kevin  catPunchU
[2022-12-13 19:07:45] <%KevinTheDude_> Chris catPunchU 󠀀
[2022-12-13 19:07:46] <ChrisGamingNL333> kevin catPunchU
[2022-12-13 19:07:46] <%KevinTheDude_> Chris catPunchU
[2022-12-13 19:07:47] <ChrisGamingNL333> kevin  catPunchU
[2022-12-13 19:07:48] <%KevinTheDude_> Chris catPunchU 󠀀
[2022-12-13 19:07:49] <ChrisGamingNL333> kevin catPunchU
[2022-12-13 19:07:49] <%KevinTheDude_> Chris catPunchU
[2022-12-13 19:07:50] <ChrisGamingNL333> kevin  catPunchU
[2022-12-13 19:07:50] <%KevinTheDude_> Chris catPunchU 󠀀
[2022-12-13 19:07:52] <%KevinTheDude_> Chris catPunchU
[2022-12-13 19:07:52] <ChrisGamingNL333> kevin catPunchU
[2022-12-13 19:07:53] <ChrisGamingNL333> kevin  catPunchU
[2022-12-13 19:07:53] <%KevinTheDude_> Chris catPunchU 󠀀
[2022-12-13 19:07:54] <ChrisGamingNL333> kevin catPunchU
[2022-12-13 19:07:54] <%KevinTheDude_> Chris catPunchU
[2022-12-13 19:07:55] <@%epicbro795> WAYTOODANK
[2022-12-13 19:07:55] <ChrisGamingNL333> kevin  catPunchU
[2022-12-13 19:07:56] <%KevinTheDude_> Chris catPunchU 󠀀
[2022-12-13 19:07:59] <%KevinTheDude_> monkaW
[2022-12-13 19:08:02] <ChrisGamingNL333> hi epic dankWave
[2022-12-13 19:08:04] <ChrisGamingNL333> kevin catPunchU
[2022-12-13 19:08:06] <ChrisGamingNL333> kevin  catPunchU
[2022-12-13 19:08:11] <%KevinTheDude_> hey epic veiWave
[2022-12-13 19:08:11] <@%epicbro795> what in sam hell is happening here
[2022-12-13 19:08:15] <%KevinTheDude_> @epicbro795 catPunchU
[2022-12-13 19:08:18] <ChrisGamingNL333> D:
[2022-12-13 19:08:23] <ChrisGamingNL333> dont punch epic ReallyMad
[2022-12-13 19:08:26] <ChrisGamingNL333> kevin catPunchU
[2022-12-13 19:08:28] <ChrisGamingNL333> kevin  catPunchU
[2022-12-13 19:08:29] <ChrisGamingNL333> kevin catPunchU
[2022-12-13 19:08:31] <ChrisGamingNL333> KEKW
[2022-12-13 19:08:34] <%KevinTheDude_> Chris ReallyMad make me catPunchU
[2022-12-13 19:08:40] <ChrisGamingNL333> kevin catPunchU
[2022-12-13 19:08:44] <%KevinTheDude_> Chris catPunchU
[2022-12-13 19:08:47] <ChrisGamingNL333> kevin  catPunchU
[2022-12-13 19:08:51] <%KevinTheDude_> Chris froogun
[2022-12-13 19:09:04] <ChrisGamingNL333> kevin catPunchU
[2022-12-13 19:09:08] <ChrisGamingNL333> SilverGun kevin
[2022-12-13 19:09:20] <%$SamGoldman> @epicbro795 my hell? D:
[2022-12-13 19:09:26] <@%epicbro795> @SamGoldman yes
[2022-12-13 19:09:27] <%KevinTheDude_> Chris 💥 froogun
[2022-12-13 19:09:33] <ChrisGamingNL333> zentreLurk
[2022-12-13 19:09:34] <ChrisGamingNL333> dodged
[2022-12-13 19:09:37] <ChrisGamingNL333> EZ
[2022-12-13 19:09:48] <ChrisGamingNL333> 💥 SilverGun kevin
[2022-12-13 19:10:04] <%KevinTheDude_> Chris nihmunGratata dodge this
[2022-12-13 19:10:09] <ChrisGamingNL333> Lurkge
[2022-12-13 19:10:12] <ChrisGamingNL333> EZ
[2022-12-13 19:10:17] <%KevinTheDude_> AYOOO
[2022-12-13 19:10:22] <ChrisGamingNL333> SilverYandere kevin
[2022-12-13 19:10:23] <%KevinTheDude_> is that Sam?  PauseChamp
[2022-12-13 19:10:31] <%KevinTheDude_> @samgoldman catPunchU
[2022-12-13 19:10:35] <ChrisGamingNL333> peepoSit sam do you want to help me beat kevin
[2022-12-13 19:10:37] <%KevinTheDude_> baomoteYandere
[2022-12-13 19:11:22] <%KevinTheDude_> rikkuFlex gl with that
[2022-12-13 19:12:10] <ChrisGamingNL333> maybe i could beat you with the thing im building in minecraft right now
[2022-12-13 19:24:07] <%KevinTheDude_> NOIDONTTHINKSO
[2022-12-13 19:24:14] <ChrisGamingNL333> zentreYes
[2022-12-13 19:24:39] <ChrisGamingNL333> im building zen right now and currently working on the sword zentreYes
[2022-12-13 19:25:41] <%KevinTheDude_> zeb Pag
[2022-12-13 19:25:51] <%KevinTheDude_> build wideFrootMASTURBATION77769420GANGSHITNOMOREFORTNITE19DOLLERFORTNITECARD
[2022-12-13 19:25:59] <ChrisGamingNL333> Awkward
[2022-12-13 19:26:03] <ChrisGamingNL333> i already built froograin
[2022-12-13 19:26:08] <ChrisGamingNL333> Okayeg
[2022-12-13 19:27:04] <ChrisGamingNL333> i built vei 375 blocks tall, i built froog with the leaf umbrella 200 blocks tall, im gonna build zen 375 blocks tall
[2022-12-13 19:32:29] <ChrisGamingNL333> im probably gonna build mel as 315 blocks and mousey at 300 and haruka 375 blocks and nyan 325 blocks and silver 375 blocks eventually
[2022-12-13 19:32:44] <ChrisGamingNL333> i hope ill be finished with all of this by the end of the year SilverPray but idk
[2022-12-13 19:38:47] <%KevinTheDude_> Hmm I hope ur building Pablo
[2022-12-13 19:41:40] <ChrisGamingNL333> D:
[2022-12-13 19:41:48] <ChrisGamingNL333> i forgor about pablo SadgeCry
[2022-12-13 19:42:30] <ChrisGamingNL333> ill maybe put pablo on her head, depends if i have room or not
[2022-12-13 19:45:55] <%KevinTheDude_> UltraMad how dare you!!!!!! Pablo is the actual streamer!!!! UltraMad
[2022-12-13 19:52:27] <asinloo> COPIUM
[2022-12-13 20:07:44] <ham_cheese_sandwich> Clueless TeaTime
[2022-12-13 20:55:08] <%$SamGoldman> !downtime
[2022-12-13 20:55:09] <@^StreamElements> @SamGoldman, apricot has been offline for  2 days 16 hours
[2022-12-13 20:55:16] <%$SamGoldman> FeelsWeakMan
[2022-12-13 20:55:25] <+stanch76> SamGoldman, catKISS
[2022-12-13 20:55:25] <ham_cheese_sandwich> Aware TeaTime
[2022-12-13 20:55:32] <+stanch76> peepoSad downtime
[2022-12-13 20:55:36] <%$SamGoldman> @stanch76 catKISS apriPet
[2022-12-13 20:55:43] <+stanch76> catPunchU go live
[2022-12-13 20:55:51] <%$SamGoldman> GOLIVERIGHTNOWMADGE
[2022-12-13 20:56:07] <ham_cheese_sandwich> ReallyMad !
[2022-12-13 20:56:19] <+stanch76> ReallyMad grrrr! this really grinds my gears
[2022-12-13 20:57:19] <%$SamGoldman> UltraMad
[2022-12-13 20:57:43] <%$SamGoldman> Madge
[2022-12-13 20:57:46] <%$SamGoldman> Smadge
[2022-12-13 20:57:50] <%$SamGoldman> peepoFine
[2022-12-13 20:58:00] <%$SamGoldman> peepoLeave
[2022-12-13 20:58:26] <%$SamGoldman> peepoArrive
[2022-12-13 20:58:38] <%$SamGoldman> still no stream? CEASE
[2022-12-13 20:58:41] <ham_cheese_sandwich> welcome back Clueless TeaTime
[2022-12-13 20:58:50] <%$SamGoldman> Smadge
[2022-12-13 20:58:58] <%$SamGoldman> peepoSad
[2022-12-13 20:59:07] <%$SamGoldman> peepoRiot
[2022-12-13 20:59:34] <ham_cheese_sandwich> monkaU
[2022-12-13 21:00:14] <%$SamGoldman> apriStare
[2022-12-13 21:00:40] <ham_cheese_sandwich> Stare
[2022-12-13 21:03:27] <%$SamGoldman> wideFrootMASTURBATION77769420GANGSHITNOMOREFORTNITE19DOLLERFORTNITECARD
[2022-12-13 21:04:12] <ham_cheese_sandwich> OhGodItsZentreyaRunningThroughTwitchDotTVTakeCoverAsShehasCollabIntentions
[2022-12-13 21:04:34] <ChrisGamingNL333> peepoArrive
[2022-12-13 21:04:35] <ChrisGamingNL333> no stream
[2022-12-13 21:04:37] <ChrisGamingNL333> peepoLeave
[2022-12-13 21:04:40] <ChrisGamingNL333> peepoArrive
[2022-12-13 21:04:44] <ChrisGamingNL333> offline chat Gladge
[2022-12-13 21:09:57] <%$SamGoldman> i love offline chat FeelsStrongMan
[2022-12-13 21:18:26] <%speedking1994> CaliforniaFroot
[2022-12-13 21:27:19] <+stanch76> offline chat catKISS
[2022-12-13 21:27:23] <+stanch76> wtf
[2022-12-13 21:27:26] <+stanch76> that emote is so cool
[2022-12-13 21:27:28] <+stanch76> Aprishake
[2022-12-13 21:27:30] <+stanch76> apriStare
[2022-12-13 21:27:34] <+stanch76> apriStare tssk
[2022-12-13 21:27:56] <+stanch76> SpeedL apriStare SpeedR
[2022-12-13 21:30:15] <%Rene_san_> Hi @stanch76 apriHug apriPet
[2022-12-13 21:30:26] <+stanch76> Rene_san_ Apripet
[2022-12-13 21:30:27] <+stanch76> catKISS
[2022-12-13 21:30:50] <%Rene_san_> hello @SamGoldman apriHug apriPet
[2022-12-13 21:33:57] <ChrisGamingNL333> SilverBlankies
[2022-12-13 21:33:57] <%$SamGoldman> rene catKISS
[2022-12-13 21:35:02] <ChrisGamingNL333> apriStare
[2022-12-13 21:35:28] <%Rene_san_> @ChrisGamingNL333 SilverHug apriHug apriPet
[2022-12-13 21:35:46] <ChrisGamingNL333> Rene_san_ SilverHug Apripet
[2022-12-13 21:38:44] <+stanch76> apriStare ☝ akthually
[2022-12-13 21:38:52] <+stanch76> someone pls put nerd glasses
[2022-12-13 21:39:02] <+stanch76> and buck teeth
[2022-12-13 21:54:08] <ChrisGamingNL333> Nerdge
[2022-12-13 21:54:40] <ChrisGamingNL333> Okayeg i go sleep goodnight
[2022-12-13 21:54:43] <ChrisGamingNL333> Bedge
[2022-12-13 21:55:57] <%$SamGoldman> goodnight chris redfield apriPet
[2022-12-13 22:02:39] <%iffiie> gn chris apriPet
[2022-12-13 22:03:15] <ChrisGamingNL333> sam iffiie SilverHug
[2022-12-13 22:36:52] [Notification] xXNaMeLeZz subscribed with Prime.
[2022-12-13 22:37:28] <%$SamGoldman> new primer LETSGO
[2022-12-13 22:37:41] <%$SamGoldman> Fruma
[2022-12-13 22:37:45] <%iffiie> LETSGO
[2022-12-13 22:47:02] <%iffiie> bedge tim gn duuds  catKISS apriBedge
[2022-12-13 23:05:34] <%$SamGoldman> @iffiie goodnight catKISS apriHug
[2022-12-13 23:46:11] [Notification] epicbro795 subscribed at Tier 1. They've subscribed for 30 months, currently on a 30 month streak! [Mobilizing fireteam for Operation, uh... Babydog? Why does this say "Babydog?" I must have forgotten to reboot the strike name generator... Operation "Babydog?" Well, it has a certain ring to it, huh? Yes... "Babydog." Well, the strike protocol is already running. Can't stop it now. Devrim? Yes, sorry. Fireteam "Babydog" the Taken are polluting the EDZ. We need to determine the source of - Haha! - I'm sorry, I can't... Stand-by, fireteam.]
[2022-12-13 23:53:29] <%Rene_san_> @epicbro795 apriHug apriPet
[2022-12-13 23:54:02] <@%epicbro795> @Rene_san_ Apripet apriHug
