# Log started: 2022-12-21 15:40:30 +0100
[2022-12-21 15:40:30] ~WE GO CHALLENGER FOR REAL THIS TIME !Comps !thoughts !shorts (Teamfight Tactics)~
[2022-12-21 15:40:30] Joining #saintvicious..
[2022-12-21 15:40:31] You have joined #saintvicious
[2022-12-21 15:40:31] VIEWERS: 483
[2022-12-21 15:41:52] <yahari0> catJAM
[2022-12-21 15:41:55] VIEWERS: 483
[2022-12-21 15:42:22] <%+DuelLinksGuy> nunu
[2022-12-21 15:42:24] <%Shizoko> nunu
[2022-12-21 15:43:17] <suslumann> senna sucks
[2022-12-21 15:43:19] <%Shizoko> it couldnt kill lee 2
[2022-12-21 15:43:55] VIEWERS: 483
[2022-12-21 15:44:53] <%Shizoko> nasus still doin less damage than gp, is nasus sucks
[2022-12-21 15:45:55] VIEWERS: 491
[2022-12-21 15:46:11] <%jebem> 3 star guardian at 9 isn’t bad too
[2022-12-21 15:47:25] <%Shizoko> he has scoped weapons but jax at frontline lel
[2022-12-21 15:47:38] <+pinkpuffles> this malphite augment seems really good
[2022-12-21 15:47:55] VIEWERS: 491
[2022-12-21 15:48:22] <@^StreamElements> Vtuber Model by https://gonzossm.com/
[2022-12-21 15:49:35] <%Gizmo_Stuff> fiddle kinda nice too bad
[2022-12-21 15:49:53] <%+DuelLinksGuy> nunu save us
[2022-12-21 15:49:57] VIEWERS: 581
[2022-12-21 15:50:30] <%+Tesuani> Needed nunu 2 probably
[2022-12-21 15:51:14] <%Shizoko> that colours man so beautiful
[2022-12-21 15:51:21] <+Avarice424> kimchi peepoHappy
[2022-12-21 15:51:25] <paaaauli> lil fluff ball :‘)
[2022-12-21 15:51:26] <%Gizmo_Stuff> smiteSmug
[2022-12-21 15:51:50] <%Shizoko> u gonna make me get a cat
[2022-12-21 15:51:57] VIEWERS: 581
[2022-12-21 15:52:19] <%Shizoko> when we gonna feed kimchi
[2022-12-21 15:53:58] VIEWERS: 581
[2022-12-21 15:55:15] <spoonerj24> Yumi comp again?
[2022-12-21 15:55:59] VIEWERS: 617
[2022-12-21 15:56:46] <!%DeBruce> if you get Makeshift that's going to be an OP front line
[2022-12-21 15:56:47] <%+Codename_Duchess> if you want to climb its almost always yuumi comp
[2022-12-21 15:57:19] <%Shizoko> if u want to climb u need to play good with natural rolls
[2022-12-21 15:57:43] <Saahf> he has the atk speed lee aug
[2022-12-21 15:57:59] VIEWERS: 479
[2022-12-21 15:58:42] <+Avarice424> strong lad
[2022-12-21 15:59:59] VIEWERS: 479
[2022-12-21 16:02:00] VIEWERS: 479
[2022-12-21 16:03:45] <bighomieb85> hey man thanks to u n this music im plat 1
[2022-12-21 16:04:00] VIEWERS: 466
[2022-12-21 16:04:06] <bighomieb85> ty
[2022-12-21 16:04:20] <+Avarice424> oops
[2022-12-21 16:04:31] <Markhaim> @bighomieb85 demoted from diamond? Sadge
[2022-12-21 16:04:40] <+hoyhoyhoyboy> kekw
[2022-12-21 16:05:25] <+Avarice424> gamers
[2022-12-21 16:05:26] <bighomieb85> shhhhhh
[2022-12-21 16:05:31] <bighomieb85> lol
[2022-12-21 16:06:01] VIEWERS: 466
[2022-12-21 16:07:42] <+Avarice424> they took the tempo seriously
[2022-12-21 16:08:01] VIEWERS: 490
[2022-12-21 16:08:22] <@^StreamElements> Vtuber Model by https://gonzossm.com/
[2022-12-21 16:09:14] <!%+xtygerrx> yea
[2022-12-21 16:09:57] <Markhaim> @Avarice424 this lobby is rushing. definitely rushing not dragging.
[2022-12-21 16:10:03] VIEWERS: 490
[2022-12-21 16:10:14] <+Avarice424> monkaW
[2022-12-21 16:10:47] <!%+xtygerrx> that was am interesting rolldown
[2022-12-21 16:10:55] <%Shizoko> is it ever mord over samira if u cant find sureshots
[2022-12-21 16:11:17] <+Avarice424> senna 1 monkaW
[2022-12-21 16:11:52] <Saahf> 5 zacs but not 1 senna Sadge
[2022-12-21 16:12:04] Viewerstats (15:41-16:12): avg:510 min:466 max:617 [16/483+0+8+0+90+0+0+36−138+0+0−13+0+24+0+17]
[2022-12-21 16:12:04] VIEWERS: 507
[2022-12-21 16:12:33] <Markhaim> thats illegal
[2022-12-21 16:12:34] <+Avarice424> VALUE
[2022-12-21 16:12:38] <Markhaim> in some countries
[2022-12-21 16:12:56] <!%+xtygerrx> the six gold into making econ Pog
[2022-12-21 16:12:59] <+VermillionNoel> Urgot is like. I gotchu bro
[2022-12-21 16:13:00] <panchos8812> saved
[2022-12-21 16:13:13] <@%+Sammyraii> Saved
[2022-12-21 16:13:35] <+PkKing11> mascot Zac is really good isn't it?
[2022-12-21 16:13:52] <%Shizoko> janna and urgot was good hits
[2022-12-21 16:14:04] VIEWERS: 507
[2022-12-21 16:15:28] <@TeamLiquid> The Team Liquid Mobile App is available NOW  liquidplus.adv.gg/a/FGbDLp
[2022-12-21 16:16:04] VIEWERS: 507
[2022-12-21 16:17:02] <+Avarice424> 1% of the time it works every time
[2022-12-21 16:17:17] <+hoyhoyhoyboy> urgot will push you to 9
[2022-12-21 16:17:29] <+hoyhoyhoyboy> 2 urgots will push you to lvl 18
[2022-12-21 16:17:31] <+hoyhoyhoyboy> ez money
[2022-12-21 16:18:04] VIEWERS: 507
[2022-12-21 16:18:14] <%Shizoko> KEKW
[2022-12-21 16:18:27] <+Avarice424> surfs up
[2022-12-21 16:18:30] <%Shizoko> samira player dead too
[2022-12-21 16:18:57] <Markhaim> does Leona farm gold?
[2022-12-21 16:19:11] <Markhaim> yea thats what i thougth
[2022-12-21 16:19:14] <+Avarice424> rat gamer
[2022-12-21 16:19:17] <!%+xtygerrx> do it for the money
[2022-12-21 16:19:35] <panchos8812> this cc is too much
[2022-12-21 16:19:36] <%Shizoko> 2 urgot brooooken
[2022-12-21 16:19:52] <!%+xtygerrx> its a win out
[2022-12-21 16:19:55] <%+RussianAtCuse> urgot our savior
[2022-12-21 16:19:59] <%Shizoko> 7 win streak, i never thought that
[2022-12-21 16:20:05] VIEWERS: 507
[2022-12-21 16:20:06] <spoonerj24> Looking like a W
[2022-12-21 16:21:12] <GovindaJaturanon> buuuhrroken
[2022-12-21 16:21:15] <+Avarice424> weird game for sure
[2022-12-21 16:21:16] <%Shizoko> this set lits, may u share link of it
[2022-12-21 16:22:05] VIEWERS: 499
[2022-12-21 16:22:16] <%Shizoko> that zephyr hit zac that was unlucky
[2022-12-21 16:24:06] VIEWERS: 517
[2022-12-21 16:25:18] <+Avarice424> we take those
[2022-12-21 16:25:24] <lolCrazyBear> you dont  its gg
[2022-12-21 16:25:29] <+Avarice424> from that early game we take it all day
[2022-12-21 16:25:35] <%Shizoko> u need to pass vi
[2022-12-21 16:25:37] <Markhaim> what a comp
[2022-12-21 16:25:43] <%Shizoko> that slow hits hard
[2022-12-21 16:25:57] <+Avarice424> farming underground until tft 2
[2022-12-21 16:26:06] VIEWERS: 538
[2022-12-21 16:26:13] <enemy1216> 222
[2022-12-21 16:26:17] <+speedyhughes> i am now an urgot believer
[2022-12-21 16:27:40] <theantft> !comps
[2022-12-21 16:27:40] <@^StreamElements> Set 8 Comps https://imgur.com/a/qzWaM3E
[2022-12-21 16:28:06] VIEWERS: 538
[2022-12-21 16:28:22] <@^StreamElements> Vtuber Model by https://gonzossm.com/
[2022-12-21 16:28:41] <%Obtuse_Sloth> Tricia!
[2022-12-21 16:30:08] VIEWERS: 538
[2022-12-21 16:30:23] <GovindaJaturanon> diviSpin
[2022-12-21 16:32:08] VIEWERS: 469
[2022-12-21 16:32:09] <Markhaim> ashe/yasuo reroll Pog
[2022-12-21 16:34:08] VIEWERS: 469
[2022-12-21 16:36:09] VIEWERS: 469
[2022-12-21 16:36:11] <Markhaim> how massive is it?
[2022-12-21 16:36:34] <@%+Sammyraii> PartyParrot PartyParrot
[2022-12-21 16:38:09] VIEWERS: 481
[2022-12-21 16:40:09] VIEWERS: 481
[2022-12-21 16:41:09] <joefantastic_> will you beat annie2?
[2022-12-21 16:42:11] Viewerstats (16:14-16:42): avg:501 min:469 max:538 [15/507+0+0+0−8+18+21+0+0−69+0+0+12+0+7]
[2022-12-21 16:42:11] VIEWERS: 488
[2022-12-21 16:42:28] <joefantastic_> 7 wouldnt have saved you
[2022-12-21 16:43:06] <Markhaim> 2 underground Sadge
[2022-12-21 16:44:11] VIEWERS: 488
[2022-12-21 16:44:27] <Markhaim> how did your last yuumi game go? KEKW
[2022-12-21 16:44:45] <Markhaim> Sona come back!
[2022-12-21 16:45:53] <joefantastic_> What can you uild to counter yuumi late?
[2022-12-21 16:46:11] VIEWERS: 507
[2022-12-21 16:46:36] <+Avarice424> kimchi
[2022-12-21 16:47:01] <Markhaim> dont say hop until you rolled 80 gold trying to find 3rd Samira
[2022-12-21 16:47:04] <Markhaim> monka
[2022-12-21 16:47:25] <TheHauntedChicken> PogO
[2022-12-21 16:47:44] <+Avarice424> holy that ali
[2022-12-21 16:47:47] <+Avarice424> goin to war
[2022-12-21 16:48:11] VIEWERS: 507
[2022-12-21 16:48:22] <@^StreamElements> Vtuber Model by https://gonzossm.com/
[2022-12-21 16:49:57] <kaziriz> offensive lux augment is insane if tempoing
[2022-12-21 16:50:12] VIEWERS: 519
[2022-12-21 16:50:24] <%ayyylmaoshin> yo Saint, much love
[2022-12-21 16:51:48] <kaziriz> spark ekko?
[2022-12-21 16:52:12] VIEWERS: 519
[2022-12-21 16:52:40] <DoogTheMushroom> now the asol just needs some damage
[2022-12-21 16:52:50] <!%+xtygerrx> that ez augment actually seems broken
[2022-12-21 16:52:51] <Markhaim> ok this Ez aug is preeeeetty good
[2022-12-21 16:53:38] <!%+xtygerrx> its a better portable forge in a way though, gives you a free gold and ornn item every round. for a tier 1 hero aug
[2022-12-21 16:53:48] <+Avarice424> thats a big boi
[2022-12-21 16:54:03] <Luis39091> i think you need 4 sureshot
[2022-12-21 16:54:09] <+MeniteTom> Saint lagging or is it me?
[2022-12-21 16:54:14] VIEWERS: 519
[2022-12-21 16:54:18] <Markhaim> its you
[2022-12-21 16:54:20] <+Avarice424> stream is good for me
[2022-12-21 16:54:29] <euclid908> 1star frontline
[2022-12-21 16:54:48] [Notification] consumelegumes subscribed with Prime.
[2022-12-21 16:55:01] <%ayyylmaoshin> !cris
[2022-12-21 16:55:06] <%ayyylmaoshin> FeelsBadMan
[2022-12-21 16:55:36] <+ThePantsManX> asol in the ahole
[2022-12-21 16:55:54] <lolbreeze> manazane asol claps
[2022-12-21 16:56:14] VIEWERS: 531
[2022-12-21 16:56:48] <!%+xtygerrx> it feels like the aug has lucky glove odds and gives them items they can use
[2022-12-21 16:57:30] <+Avarice424> coulda gone worse
[2022-12-21 16:58:14] VIEWERS: 537
[2022-12-21 16:58:38] <MasterSodaLol> is the free ez item rlly not worth running late?
[2022-12-21 16:58:54] <MasterSodaLol> could ditch vi?
[2022-12-21 16:59:17] <+Avarice424> not losin aegis in this lobby
[2022-12-21 16:59:36] <!%+xtygerrx> ezreal does not one shot their whole board
[2022-12-21 16:59:49] <HNTuUu> Fidd 3
[2022-12-21 16:59:56] <DoogTheMushroom> fiddle 3 sub challenge again
[2022-12-21 16:59:59] <+Arcane_Eli> saint and being contested by 14ppl in the same lobby for some random off meta build Kappa
[2022-12-21 17:00:14] VIEWERS: 537
[2022-12-21 17:00:29] <+Avarice424> KEKW
[2022-12-21 17:00:32] <DoogTheMushroom> fiddle 3 gang
[2022-12-21 17:00:43] <MasterSodaLol> actually missed a youtuber
[2022-12-21 17:00:49] <HNTuUu> Ekko is fake
[2022-12-21 17:00:50] <halcyoninae> mort is telling you something
[2022-12-21 17:00:52] <coral_reef> the game is hard baiting you
[2022-12-21 17:01:34] <+Avarice424> more fiddle NODDERS
[2022-12-21 17:02:16] VIEWERS: 602
[2022-12-21 17:02:26] <@TeamLiquid> The Team Liquid Mobile App is available NOW  liquidplus.adv.gg/a/FGbDLp
[2022-12-21 17:02:35] <DoogTheMushroom> believe in the dream
[2022-12-21 17:02:58] <MasterSodaLol> can urgot ever give neeko?
[2022-12-21 17:02:59] <%Shizoko> 10 in pool, u cant hit if someone got 2
[2022-12-21 17:04:16] VIEWERS: 602
[2022-12-21 17:04:45] <tryeu> lux carry opi?
[2022-12-21 17:04:49] <MasterSodaLol> annie 3
[2022-12-21 17:06:08] <kaziriz> @tryeu called it!
[2022-12-21 17:06:18] <Luis39091> is it tho
[2022-12-21 17:06:18] <+klizmata22> gachiBASS  gachiBASS  gachiBASS  gachiBASS  gachiBASS  gachiBASS
[2022-12-21 17:06:18] VIEWERS: 602
[2022-12-21 17:06:54] <Im4nuI> !Comps
[2022-12-21 17:06:54] <@^StreamElements> Set 8 Comps https://imgur.com/a/qzWaM3E
[2022-12-21 17:07:33] <halcyoninae> tunic ost hell yea
[2022-12-21 17:08:00] <lolbreeze> dclaw aphelios
[2022-12-21 17:08:00] <lolbreeze> nocap
[2022-12-21 17:08:18] VIEWERS: 532
[2022-12-21 17:08:22] <@^StreamElements> Vtuber Model by https://gonzossm.com/
[2022-12-21 17:08:41] <+Avarice424> Clap
[2022-12-21 17:08:48] <enemy1216> 2221
[2022-12-21 17:08:50] <%Shizoko> gg wp
[2022-12-21 17:08:56] <+zak_vvv> zakvvv1GG
[2022-12-21 17:09:01] <suslumann> what u played last?
[2022-12-21 17:09:04] <+speedyhughes> is viego not viable anymore saint?
[2022-12-21 17:09:18] <Markhaim> maybe the reason is you cant hit Samira-2 on 4-1 while rerolling yuumi
[2022-12-21 17:09:18] <%Shizoko> que said no
[2022-12-21 17:09:20] <Markhaim> KEKW
[2022-12-21 17:09:48] <Markhaim> true
[2022-12-21 17:09:55] <kaziriz> didn't fumble the ball
[2022-12-21 17:09:58] <kaziriz> gg
[2022-12-21 17:10:20] VIEWERS: 532
[2022-12-21 17:11:04] <Markhaim> JG shieldbreaker
[2022-12-21 17:11:28] <Markhaim> idk boxbox did it today
[2022-12-21 17:12:04] <gianniwon> !comps
[2022-12-21 17:12:05] <@^StreamElements> Set 8 Comps https://imgur.com/a/qzWaM3E
[2022-12-21 17:12:21] Viewerstats (16:44-17:12): avg:537 min:488 max:602 [15/488+19+0+12+0+0+12+6+0+65+0+0−70+0+0]
[2022-12-21 17:12:21] VIEWERS: 532
[2022-12-21 17:13:28] <plop04> wait this shop PogO
[2022-12-21 17:13:38] <+KlaviKyle> ap comps always hit a critical mass eventually and just fuck everything
[2022-12-21 17:14:21] VIEWERS: 514
[2022-12-21 17:14:34] <+KlaviKyle> I was gonna say, I think syndra caps pretty hard if you have money
[2022-12-21 17:15:26] <+boohoo222> When you play aggressive lobbies do you also have to go aggressive?
[2022-12-21 17:15:26] <Markhaim> Sona-2 and losing?
[2022-12-21 17:15:27] <Markhaim> monka
[2022-12-21 17:16:21] VIEWERS: 545
[2022-12-21 17:18:21] VIEWERS: 545
[2022-12-21 17:19:10] <zine3123> what is the augment?
[2022-12-21 17:20:01] <Markhaim> send Lulu to back line
[2022-12-21 17:20:08] <r_c_wellinger_rugrat> !comps
[2022-12-21 17:20:08] <@^StreamElements> Set 8 Comps https://imgur.com/a/qzWaM3E
[2022-12-21 17:20:14] <+KlaviKyle> @zine3123 poppy support augment
[2022-12-21 17:20:19] <!%DeBruce> big angry cow
[2022-12-21 17:20:22] VIEWERS: 551
[2022-12-21 17:20:37] <+cavemandi> huge cow O:
[2022-12-21 17:21:00] <+Avarice424> AP Saint monkaW
[2022-12-21 17:21:02] <+cavemandi> wow huge
[2022-12-21 17:21:09] <+cavemandi> big lvl 6 roll
[2022-12-21 17:21:50] <+Avarice424> the brawler raka
[2022-12-21 17:22:14] <+Avarice424> win spree Clap
[2022-12-21 17:22:23] VIEWERS: 551
[2022-12-21 17:24:24] VIEWERS: 559
[2022-12-21 17:25:44] <lolCrazyBear> today is a good day
[2022-12-21 17:25:46] <!%+angahax> Quit hacking son
[2022-12-21 17:25:54] <+siscart> that lulu itens tho
[2022-12-21 17:26:20] <+Avarice424> hell of a glove
[2022-12-21 17:26:25] VIEWERS: 559
[2022-12-21 17:26:29] <lolCrazyBear> lulu smurf
[2022-12-21 17:27:10] <+siscart> maybe lux over sona for spell pls star guardian?
[2022-12-21 17:27:11] <+Avarice424> bf sword modCheck
[2022-12-21 17:27:51] <EgzekutorWiader> 4heart better than 4spell and sg?
[2022-12-21 17:28:22] <@^StreamElements> Vtuber Model by https://gonzossm.com/
[2022-12-21 17:28:26] VIEWERS: 567
[2022-12-21 17:28:35] <+KlaviKyle> star guardian very important
[2022-12-21 17:30:13] <+Diddydan> @saintvicious you ever go camille renegades, been winning a lot with it
[2022-12-21 17:30:26] VIEWERS: 567
[2022-12-21 17:32:05] <+Avarice424> lux 2 Pog
[2022-12-21 17:32:23] <+Avarice424> ruh roh
[2022-12-21 17:32:26] VIEWERS: 567
[2022-12-21 17:33:33] <%Shizoko> lb over sona?
[2022-12-21 17:33:39] <%Shizoko> if u dont care about heart
[2022-12-21 17:33:44] <+KlaviKyle> what's weather?
[2022-12-21 17:33:54] <+KlaviKyle> if it's good you can do 6 slingers with janna
[2022-12-21 17:34:26] VIEWERS: 575
[2022-12-21 17:36:30] VIEWERS: 575
[2022-12-21 17:36:56] <+KlaviKyle> holy shit his galiio is yoked
[2022-12-21 17:37:18] <%+Codename_Duchess> clapio is back baby
[2022-12-21 17:37:23] <%Yondura> KEKW
[2022-12-21 17:37:24] <%Shizoko> wtf its op
[2022-12-21 17:37:25] <+siscart> galio carry
[2022-12-21 17:37:26] <+siscart> kekw
[2022-12-21 17:37:29] <+jakk_tv> you got justice punched rip
[2022-12-21 17:37:58] <+Avarice424> clappio is back
[2022-12-21 17:38:31] VIEWERS: 553
[2022-12-21 17:38:39] <%+Cale199> it feels like giant slayer is required to win these days
[2022-12-21 17:38:52] <+KlaviKyle> zoe
[2022-12-21 17:39:04] <%Shizoko> there is no zoe
[2022-12-21 17:39:06] <+KlaviKyle> she is prankster and gadget
[2022-12-21 17:39:12] <+KlaviKyle> might be better than leona
[2022-12-21 17:40:31] VIEWERS: 553
[2022-12-21 17:40:37] <!%+angahax> Ff
[2022-12-21 17:41:27] <+YesJansan> !comps
[2022-12-21 17:41:27] <@^StreamElements> Set 8 Comps https://imgur.com/a/qzWaM3E
[2022-12-21 17:42:31] Viewerstats (17:14-17:42): avg:555 min:514 max:575 [15/514+31+0+6+0+8+0+8+0+0+8+0−22+0+0]
[2022-12-21 17:42:31] VIEWERS: 553
[2022-12-21 17:43:13] <%Shizoko> easy
[2022-12-21 17:43:14] <Eisbeinmann> just win
[2022-12-21 17:44:31] VIEWERS: 553
[2022-12-21 17:44:40] <+73hHun73r> Is this the Tunic Soundtrack?
[2022-12-21 17:46:28] <+thenickferno78> Me Pred
[2022-12-21 17:46:31] VIEWERS: 500
[2022-12-21 17:47:09] <%ayyylmaoshin> i kinda miss Phantom tho
[2022-12-21 17:48:22] <@^StreamElements> Vtuber Model by https://gonzossm.com/
[2022-12-21 17:48:31] VIEWERS: 500
[2022-12-21 17:49:26] <@TeamLiquid> The Team Liquid Mobile App is available NOW  liquidplus.adv.gg/a/FGbDLp
[2022-12-21 17:50:32] VIEWERS: 510
[2022-12-21 17:50:42] <+truegranted> !thoughts
[2022-12-21 17:50:42] <@^StreamElements> Write in to papa saint and he will help you with live advice! https://docs.google.com/forms/d/1jRPhKVLznm0cm9fmeOvLCy8aqG0jYLX9LmsYJ7YYMn0/edit
[2022-12-21 17:51:15] <+Diddydan> Sadge
[2022-12-21 17:51:26] <%ayyylmaoshin> KEKW
[2022-12-21 17:51:34] <FooBarBazQuux> Leverage high income to improve life LUL
[2022-12-21 17:51:49] <+almostpositive> i think hes onto something with the hookers actually
[2022-12-21 17:51:49] <!freezeTT> lots of downtime in between boulders as well
[2022-12-21 17:51:50] <+Diddydan> just buy your friends 4Head
[2022-12-21 17:51:51] <+truegranted> is civilian good haven't played it? @saintvicious
[2022-12-21 17:52:01] <+Ris747> Maybe he meant climbing into his chair in the morning to play TFT?
[2022-12-21 17:52:03] <FooBarBazQuux> I think the strategy is to go to the same places and make a point of talking to people who you see there all the time
[2022-12-21 17:52:05] <%Shizoko> make peoples life better, its a start for socializing
[2022-12-21 17:52:06] <Sheshantol> Bouldering and rock climbing people seem chill AF
[2022-12-21 17:52:14] <halcyoninae> I have to go to my bouldering gym at like 6a or 9p so the people there don't talk to me jfc
[2022-12-21 17:52:35] VIEWERS: 532
[2022-12-21 17:52:52] <!freezeTT> record yourself talking to a girl and watch it over and over again... that'll show you
[2022-12-21 17:53:10] <FooBarBazQuux> Just IRL stream and watch the VODs
[2022-12-21 17:53:16] <FooBarBazQuux> That will for sure work
[2022-12-21 17:53:31] <+truegranted> is civilian good haven't played it? @saintvicious
[2022-12-21 17:53:42] <%Shizoko> he is playing right now
[2022-12-21 17:53:58] <FooBarBazQuux> @truegranted Why don't you wait around to find out...
[2022-12-21 17:54:34] <Saahf> damn you got more bows this game than i had in 4
[2022-12-21 17:54:35] VIEWERS: 532
[2022-12-21 17:54:36] <%+Cale199> 3 giant slayers lets go
[2022-12-21 17:54:52] <%Shizoko> why do you have like 14 million bows
[2022-12-21 17:56:35] VIEWERS: 544
[2022-12-21 17:57:20] <%+RussianAtCuse> visage slightly higher win rate by like .5 lmao
[2022-12-21 17:58:36] VIEWERS: 544
[2022-12-21 17:59:06] <FooBarBazQuux> You really have to go to the same places often and make a point of talking to the other people who are there all the time.
[2022-12-21 17:59:30] <%Shizoko> be honest on dating apps, some girls like that also. write your introvert personality
[2022-12-21 17:59:37] <+dLiciousness> there is never anyone else in my bedroom @FooBarBazQuux :(
[2022-12-21 17:59:54] <+Theschuss> Also - always good to ask people about what their favorite thing to do is and why
[2022-12-21 17:59:56] <FooBarBazQuux> @dLiciousness well money can fix that
[2022-12-21 18:00:12] <+Theschuss> most people never get to talk about what they like
[2022-12-21 18:00:14] <%Shizoko> well a sex with feels is better than sex with money
[2022-12-21 18:00:30] <+dLiciousness> i didnt know you could fuck money
[2022-12-21 18:00:33] <+dLiciousness> the paper or the metal kind?
[2022-12-21 18:00:38] VIEWERS: 552
[2022-12-21 18:00:49] <%Shizoko> its just better not overrating it
[2022-12-21 18:00:52] [Notification] Bigdayed subscribed with Prime.
[2022-12-21 18:00:55] <FooBarBazQuux> I've never used the dating apps, so I can't really comment on that
[2022-12-21 18:00:56] <+Theschuss> how current is your tetanus booster?
[2022-12-21 18:00:56] <%Shizoko> i like ons s
[2022-12-21 18:01:15] <+Theschuss> most humans are absolutely trash at communication, so don't feel bad about being bad
[2022-12-21 18:01:32] <FooBarBazQuux> I feel like the dating apps only work well if you're some gigachad
[2022-12-21 18:01:37] <%Shizoko> i was introverted as fuck, dating app changed that a lot
[2022-12-21 18:01:43] <%+Cale199> most people can talk, only internet people are weird about it
[2022-12-21 18:01:45] <+Theschuss> Yep, and each person is a sample size of one
[2022-12-21 18:01:45] <%Shizoko> if u are tall dating apps are really good
[2022-12-21 18:02:08] <+Theschuss> @Cale199 are they listening and responding or simply waiting to talk?
[2022-12-21 18:02:08] <FooBarBazQuux> yeah I guess it helps if you're >6'
[2022-12-21 18:02:37] <+Theschuss> very few people are good at actually having a discussion or active listening, most just wait to talk about what they want to talk about
[2022-12-21 18:02:40] VIEWERS: 552
[2022-12-21 18:02:41] <%+RussianAtCuse> have you heard about that cold front coming in
[2022-12-21 18:02:56] <%+Cale199> @Theschuss depends, most people have a chat but theres some people who dont even liste
[2022-12-21 18:02:56] <NovaPixel> i saw a mudcrab the other day
[2022-12-21 18:03:05] <%+rolfkip> If you think most people can talk you should work with software engineers smiteLaugh
[2022-12-21 18:03:11] <%+ithod> KEKW
[2022-12-21 18:03:17] <+Theschuss> LOL, so true
[2022-12-21 18:03:25] <huydawn0930> senna 3 Wokege
[2022-12-21 18:03:33] <%+rolfkip> Effective communication is tough man definitely a skill to be developed
[2022-12-21 18:03:33] <%+RussianAtCuse> i hate that augment feel like i troll my positioning
[2022-12-21 18:03:40] <%Shizoko> watch some interesting stuff on youtube and talk about that its not that hard imho
[2022-12-21 18:03:45] <+Theschuss> Also, effective communication for one group is different than for another
[2022-12-21 18:04:00] <%+Th3_Captain> Would you ever re-roll there to see if you could get a 5 cost?
[2022-12-21 18:04:10] <+Theschuss> the main thing in getting better at social stuff is just practice and positivity
[2022-12-21 18:04:16] <+Theschuss> you can screw up a lot if you're positive
[2022-12-21 18:04:42] VIEWERS: 552
[2022-12-21 18:04:46] <%Shizoko> just move on to next
[2022-12-21 18:04:49] <Saahf> the hero augments always stay the same cost when rerolling YEP
[2022-12-21 18:04:49] <%Shizoko> yeah some people are dicks and assholes but it shouldnt uncourage you
[2022-12-21 18:05:43] <%+rolfkip> Yeah most important first solve for communication is don’t be a dick, personal victory first before interpersonal
[2022-12-21 18:06:07] <%Shizoko> that personal victory feels so good at start of these kinda circumstances
[2022-12-21 18:06:42] VIEWERS: 560
[2022-12-21 18:08:09] <+Theschuss> A lot of people are just misinterpreted. As someone pointed out - people like software engineers often don't have very good social filters
[2022-12-21 18:08:21] <+Theschuss> so while they may appear to be super-rude, they just don't know how to communicate
[2022-12-21 18:08:22] <@^StreamElements> Vtuber Model by https://gonzossm.com/
[2022-12-21 18:08:25] <r_c_wellinger_rugrat> civ only goes up to 3? Am I misreading?
[2022-12-21 18:08:42] VIEWERS: 560
[2022-12-21 18:10:43] VIEWERS: 570
[2022-12-21 18:11:08] <%Shizoko> yea 3 civ is max, it gives 10 mana
[2022-12-21 18:11:32] <%+Codename_Duchess> this poor zac 1. thrown to slaughter every round. lol
[2022-12-21 18:11:34] <r_c_wellinger_rugrat> ty!
[2022-12-21 18:12:46] Viewerstats (17:44-18:12): avg:542 min:500 max:570 [15/553−53+0+10+22+0+12+0+8+0+0+8+0+10+0]
[2022-12-21 18:12:46] VIEWERS: 570
[2022-12-21 18:14:47] VIEWERS: 570
[2022-12-21 18:14:55] <%+rolfkip> When I play bad early/mid and roll 7 I feel like I’m always only ever looking for Samira/taliyah
[2022-12-21 18:15:05] <%+rolfkip> Nothing else can save the game? Idk
[2022-12-21 18:15:47] <%jaydolIar> what do you think about double senna and staying 2 sureshot? could have opened up sivir and aph slots for urgot
[2022-12-21 18:16:47] VIEWERS: 570
[2022-12-21 18:18:47] VIEWERS: 531
[2022-12-21 18:19:01] <%+ithod> Surely
[2022-12-21 18:19:05] <sirgillbates> hold hands 7/8?
[2022-12-21 18:19:26] <+way_back> why not 8 yummi players asmonL
[2022-12-21 18:19:28] <%+rolfkip> Mascot is hold hands 1/2 smiteLaugh
[2022-12-21 18:19:37] <%jaydolIar> take the yuumi players down
[2022-12-21 18:19:55] <@%+Sammyraii> smite8
[2022-12-21 18:20:48] VIEWERS: 531
[2022-12-21 18:21:26] <%+ithod> Kapp
[2022-12-21 18:21:29] <+Arcane_Eli> 10/10
[2022-12-21 18:21:29] <+ThePantsManX> wait wtf that was you?
[2022-12-21 18:21:29] <RaQziom> Acting!
[2022-12-21 18:21:29] <FooBarBazQuux> No diff
[2022-12-21 18:21:37] <+Avarice424> voice actor for female characters saint arc incoming
[2022-12-21 18:21:42] <+ScarBaDar> lets gooo
[2022-12-21 18:21:53] <+ThePantsManX> young boys yea
[2022-12-21 18:21:55] <RaQziom> they are
[2022-12-21 18:21:55] <+Avarice424> idk about a lot but some yea
[2022-12-21 18:22:01] <+Ech0phantom> Not just in anime
[2022-12-21 18:22:04] <Ohsimouse> Bart was a 50 year old woman
[2022-12-21 18:22:05] <%+Codename_Duchess> bart simpson is voiced by a woman
[2022-12-21 18:22:06] <+Arcane_Eli> YEP especially younger ones
[2022-12-21 18:22:08] <+Ech0phantom> Pretty much all preteen boys are voiced by women
[2022-12-21 18:22:10] <%Nikademous> Bart Simpson is a women I'm pretty sure
[2022-12-21 18:22:13] <+human0id3> goku is an old ladt lol
[2022-12-21 18:22:16] <%+rolfkip> Veronica Taylor Pog
[2022-12-21 18:22:18] <RaQziom> Goku is voice by a woman
[2022-12-21 18:22:21] <+way_back> Family guy Meg is actually a women voice
[2022-12-21 18:22:23] <RaQziom> even old Goku tho
[2022-12-21 18:22:24] <RaQziom> lol
[2022-12-21 18:22:27] <+Ech0phantom> Timmy Turner in Fairly Oddparents too
[2022-12-21 18:22:27] <+Avarice424> dont let your dreams be dreams
[2022-12-21 18:22:49] VIEWERS: 531
[2022-12-21 18:22:52] <+way_back> you can do anything you set your mind too
[2022-12-21 18:23:05] <+Theschuss> wait, is this suddenly a fanfic?
[2022-12-21 18:23:05] <%+Cale199> you could be zoe's new voice actress
[2022-12-21 18:23:12] <+Avarice424> oh I'm thinkin
[2022-12-21 18:23:14] <%+ithod> YEP thinking
[2022-12-21 18:23:15] <Ohsimouse> on the flip side, John Roberts does Linda on bobs burgers
[2022-12-21 18:23:31] <%julesSuperHD> !comps
[2022-12-21 18:23:31] <@^StreamElements> Set 8 Comps https://imgur.com/a/qzWaM3E
[2022-12-21 18:23:35] <%+Magister187> you as Goku's wife AYAYA
[2022-12-21 18:23:37] <+Arcane_Eli> you can be the chick in my favorite henta- hen, like a chicken Kappa
[2022-12-21 18:23:44] <+Ech0phantom> Aim higher, be the new Ahri voice actor
[2022-12-21 18:23:53] <+Avarice424> hold up
[2022-12-21 18:23:56] <%+v3gasborn> let's hear the moan
[2022-12-21 18:23:58] <Ohsimouse> do we have to think about it?
[2022-12-21 18:24:02] <RowaNdaaBoat> please no
[2022-12-21 18:24:02] <RaQziom> must buy
[2022-12-21 18:24:03] <Ohsimouse> what if we don't wanna
[2022-12-21 18:24:03] <+dLiciousness> oh yeha baby I'm thinking about it alright
[2022-12-21 18:24:10] <@%+Sammyraii> SUSSY
[2022-12-21 18:24:13] <+Avarice424> it was right in front of us this whole time
[2022-12-21 18:24:17] <%Nikademous> plot twist u r the chick I'm banging
[2022-12-21 18:24:28] <%+uberspidey> @Nikademous Kreygasm
[2022-12-21 18:24:34] <+llano210> I can see it now. Enjoying some quality "content" and being like "Is that Saint?"
[2022-12-21 18:24:41] <+ThePantsManX> what do you think is the easier sell on a date: "i play video games" or "i voice act women in hentai games"
[2022-12-21 18:24:52] VIEWERS: 544
[2022-12-21 18:24:57] <+Avarice424> my anime waifu was saint the whole time tppowerHeresTommy
[2022-12-21 18:25:42] <+Arcane_Eli> @ThePantsManX the I talk to myslelf while playing games with a a bunch of people watching me discussing my future hentai career.
[2022-12-21 18:25:50] <+Arcane_Eli> is probably the goto on a first daye
[2022-12-21 18:25:53] <+Arcane_Eli> date*
[2022-12-21 18:26:22] <@^StreamElements> Feel free to follow/subscribe to Saintvicious at: https://twitter.com/lolstvicious , https://www.facebook.com/LoLSaintvicious , https://www.instagram.com/saintviciouslol , https://www.youtube.com/user/saintvicious676
[2022-12-21 18:26:54] VIEWERS: 544
[2022-12-21 18:28:02] <FooBarBazQuux> hitting everything here, holy moly
[2022-12-21 18:28:05] <%+Cale199> !gamble 420
[2022-12-21 18:28:05] <+Ech0phantom> @Arcane_Eli a hustle's a hustle, get the bag
[2022-12-21 18:28:06] <@^StreamElements>* Cale199 won 420 Saints in roulette and now has 22038 Saints! FeelsGoodMan
[2022-12-21 18:28:22] <@^StreamElements> Vtuber Model by https://gonzossm.com/
[2022-12-21 18:28:34] <FooBarBazQuux> I usually hit my yummi 2 around stage 7
[2022-12-21 18:28:54] VIEWERS: 552
[2022-12-21 18:30:30] [Notification] jakk_tv subscribed with Prime. They've subscribed for 17 months! [smiteHype]
[2022-12-21 18:30:41] <%ayyylmaoshin> !gamble all
[2022-12-21 18:30:41] <@^StreamElements>* ayyylmaoshin went all in and lost every single one of their 6830 Saints LUL
[2022-12-21 18:30:45] <%ayyylmaoshin> damn
[2022-12-21 18:30:56] VIEWERS: 563
[2022-12-21 18:31:21] <%Shizoko> !gamble 2500
[2022-12-21 18:31:21] <%+jakk_tv> we in there
[2022-12-21 18:31:21] <@^StreamElements>* Shizoko won 2500 Saints in roulette and now has 15880 Saints! FeelsGoodMan
[2022-12-21 18:31:37] <%+TheGrot> Saint you're my favorite streamer so you're the only one I'll forgive for playing Yuumi
[2022-12-21 18:32:16] <%+TheGrot> FAIR
[2022-12-21 18:32:20] <trashman99> is kimchi forcing you to play yuumi?
[2022-12-21 18:32:35] <@%+Sammyraii> !slots
[2022-12-21 18:32:35] <@^StreamElements> @Sammyraii you got BibleThump | BibleThump | OpieOP and lost your 100 Saints LUL
[2022-12-21 18:32:44] <trashman99> this song is giving me the chilly willies
[2022-12-21 18:32:45] <+Ech0phantom> GP with the cast from downtown to win the round
[2022-12-21 18:32:45] <%+jakk_tv> !gamble all
[2022-12-21 18:32:45] <@^StreamElements>* jakk_tv went all in and lost every single one of their 77630 Saints LUL
[2022-12-21 18:32:56] VIEWERS: 563
[2022-12-21 18:33:01] <sirgillbates> isnt there only like 200 masters
[2022-12-21 18:33:02] <%+rolfkip> Just like dating smiteLaugh
[2022-12-21 18:33:06] <%+rolfkip> Directly related to rank
[2022-12-21 18:33:07] <+Avarice424> gotta impress boxbox
[2022-12-21 18:33:15] <%+oxykill> I’m impressed
[2022-12-21 18:33:20] <+BestAlphey> wow youre only like top 100, such trash LUL
[2022-12-21 18:33:41] <%jaydolIar> is leveling to 8 a bigger spike than 3 staring everything?
[2022-12-21 18:33:44] <trashman99> IE not better?
[2022-12-21 18:33:52] <%Shizoko> he has jg
[2022-12-21 18:33:55] <%+seanmang> IE JG doesnt work like that anymore
[2022-12-21 18:34:02] <trashman99> oh, I see. Thanks friends
[2022-12-21 18:34:42] <%+rolfkip> pepeD
[2022-12-21 18:34:45] <%+seanmang> donkey punch galio is awesome
[2022-12-21 18:34:57] VIEWERS: 577
[2022-12-21 18:36:09] <+Avarice424> galio dont give a fuck
[2022-12-21 18:36:26] <@TeamLiquid> The Team Liquid Mobile App is available NOW  liquidplus.adv.gg/a/FGbDLp
[2022-12-21 18:36:27] <%+rolfkip> Actually a yuumi on every round
[2022-12-21 18:36:39] <trashman99> is there any yuumi counter out there
[2022-12-21 18:36:57] VIEWERS: 577
[2022-12-21 18:38:20] <+TheLoho> !thoughts
[2022-12-21 18:38:20] <@^StreamElements> Write in to papa saint and he will help you with live advice! https://docs.google.com/forms/d/1jRPhKVLznm0cm9fmeOvLCy8aqG0jYLX9LmsYJ7YYMn0/edit
[2022-12-21 18:38:31] <@%Adventureness> hm
[2022-12-21 18:38:46] <%+seanmang> @trashman99 play yuumi
[2022-12-21 18:38:54] <trashman99> griefed into oblivion
[2022-12-21 18:38:57] VIEWERS: 577
[2022-12-21 18:39:22] <%Gizmo_Stuff> RAT
[2022-12-21 18:39:23] <+Avarice424> yuumi 4 Pog
[2022-12-21 18:39:39] <%AerialSnack> is Blue Battery good enough to not need need blue buff for yuumi?
[2022-12-21 18:39:40] [Notification] Adventureness subscribed at Tier 1. They've subscribed for 92 months! [lurk hello]
[2022-12-21 18:39:59] <%+seanmang> oh we hit!
[2022-12-21 18:40:06] <trashman99> bada bing bada boom
[2022-12-21 18:40:07] <@%Adventureness> you stream when im like sleeping or going to work lol
[2022-12-21 18:40:24] <@%Adventureness> YEAH THATS NOT EST
[2022-12-21 18:40:26] <@%Adventureness> KEKW
[2022-12-21 18:40:30] <lolCrazyBear> 92 months holy
[2022-12-21 18:40:31] <RaQziom> one of us
[2022-12-21 18:40:32] <@%Adventureness> me
[2022-12-21 18:40:34] <%+seanmang> chumps
[2022-12-21 18:40:39] <@%Adventureness> WHO HERE LIVES ON EAST COASTY
[2022-12-21 18:40:40] <%+kamikazi_34> all the best people
[2022-12-21 18:40:41] <%+Sintajin> prime time for eu streaming
[2022-12-21 18:40:42] <@%Adventureness> i work in 2hrs LOL
[2022-12-21 18:40:43] <%Th3Utopian> Me :)
[2022-12-21 18:40:46] <%AerialSnack> @kamikazi_34 false
[2022-12-21 18:40:48] <@%Adventureness> WE GOT A SOUL
[2022-12-21 18:40:48] <%Gizmo_Stuff> Me :)
[2022-12-21 18:40:50] <@%Adventureness> LETS GO
[2022-12-21 18:40:50] <%DM_MonkeyMan> Me EST
[2022-12-21 18:40:51] <@%Adventureness> 2
[2022-12-21 18:40:52] <@%Adventureness> 3
[2022-12-21 18:40:58] VIEWERS: 600
[2022-12-21 18:41:02] <%+rolfkip> West coast reporting in smiteShades
[2022-12-21 18:41:02] <%Th3Utopian> I watch while I am at work though.
[2022-12-21 18:41:10] <%Nikademous> u work at 3pm?
[2022-12-21 18:41:13] <@%Adventureness> @Th3Utopian I WISH
[2022-12-21 18:41:17] <@%Adventureness> no 2pm
[2022-12-21 18:41:22] <@%Adventureness> 2-10:30
[2022-12-21 18:41:22] <%Th3Utopian> Go work IT @Adventureness
[2022-12-21 18:41:28] <%Nikademous> what do u do?
[2022-12-21 18:41:29] <@%Adventureness> maybe
[2022-12-21 18:41:35] <@%Adventureness> assistant GM at a fast food place
[2022-12-21 18:41:37] <%+jakk_tv> est gang
[2022-12-21 18:41:42] <@%Adventureness> former GM
[2022-12-21 18:41:43] <%Nikademous> I see
[2022-12-21 18:41:57] <@%Adventureness> took demotion for same pay and less stress =]
[2022-12-21 18:42:00] <trashman99> @Adventureness former GM? did u derank?
[2022-12-21 18:42:04] <trashman99> too many bot 4s
[2022-12-21 18:42:05] <@%Adventureness> @trashman99 above but yes
[2022-12-21 18:42:21] <@%Adventureness> est gang is best gang
[2022-12-21 18:42:41] <%Th3Utopian> Kinda cold in EST rn tho ngl.
[2022-12-21 18:42:53] <@%Adventureness> yeah its barely hitting 40 for me
[2022-12-21 18:42:54] <lolCrazyBear> also this ornn item on jax is bonkers
[2022-12-21 18:42:58] Viewerstats (18:14-18:42): avg:562 min:531 max:600 [15/570+0−39+0+0+13+0+8+11+0+14+0+0+23+0]
[2022-12-21 18:42:58] VIEWERS: 600
[2022-12-21 18:43:22] <@%Adventureness> dont wanna work but dinero :(
[2022-12-21 18:44:07] <%+jakk_tv> what fast food place
[2022-12-21 18:44:15] <%+jakk_tv> I must judge you
[2022-12-21 18:44:58] <%+Cale199> do anima poses not troll fights?
[2022-12-21 18:45:00] VIEWERS: 611
[2022-12-21 18:45:15] <lolCrazyBear> just hit
[2022-12-21 18:45:17] <ItssJaah> we highrollin
[2022-12-21 18:45:19] <@%Adventureness> oops sorry i was responding to msgs. @jakk_tv roy rogers
[2022-12-21 18:45:36] <geilerHarry> is anima really worth it instead of leona?
[2022-12-21 18:45:45] <%+jakk_tv> bro idek where the fuck a roy rogers is by me except on like parkway rest stops
[2022-12-21 18:46:21] <lolCrazyBear> jax guy is going first
[2022-12-21 18:46:35] <%Th3Utopian> Time for Nunu 3 wincon
[2022-12-21 18:46:42] <@%Adventureness> @jakk_tv are you in jersey
[2022-12-21 18:46:44] <@%Adventureness> LOL
[2022-12-21 18:46:48] <%+jakk_tv> yep googled both are parkway rest stops going into south jersey
[2022-12-21 18:46:55] <@%Adventureness> LOL
[2022-12-21 18:47:00] VIEWERS: 611
[2022-12-21 18:47:11] <lolCrazyBear> ok nvm you are to good
[2022-12-21 18:47:23] <euclid908> riven over vayne
[2022-12-21 18:47:24] <@%Adventureness> @jakk_tv haha anoher fellow new jerseyian
[2022-12-21 18:47:54] <Papalotapuss> gs PogO
[2022-12-21 18:47:55] <%+jakk_tv> I've narrowed down both of your potential employers with the word parkway how does that make you feel
[2022-12-21 18:47:58] <+priiincer> gs mf
[2022-12-21 18:48:13] <euclid908> riven over vayne
[2022-12-21 18:48:22] <@^StreamElements> Vtuber Model by https://gonzossm.com/
[2022-12-21 18:48:50] <%+jakk_tv> bro I'm looking at the actual map there ARE only two wtf
[2022-12-21 18:49:02] VIEWERS: 611
[2022-12-21 18:49:13] <@%Adventureness> @jakk_tv yeah im one of the 2
[2022-12-21 18:49:16] <@%Adventureness> lol
[2022-12-21 18:49:32] <@%Adventureness> and my employer owns both KEKW
[2022-12-21 18:49:36] <+Arcane_Eli> @jakk_tv go visit and then yall get married and we got a perfect Hallmark christmas special
[2022-12-21 18:49:43] <@%Adventureness> KEKW
[2022-12-21 18:50:04] <%+jakk_tv> I don't think I've ever bothered to stop at roy rodgers in my life I just remembered seeing the signs
[2022-12-21 18:50:09] <lolCrazyBear> this galio is also tanky af
[2022-12-21 18:50:26] <@%Adventureness> @jakk_tv yeah i didnt either till i started working there
[2022-12-21 18:50:26] <ItssJaah> urgot way better then anima
[2022-12-21 18:50:27] <%+sanjisakai> Hello everyone ! Hello Mister Vicious !
[2022-12-21 18:50:42] <%+jakk_tv> @Arcane_Eli too much work
[2022-12-21 18:50:55] <+Avarice424> nunu steamrollin
[2022-12-21 18:51:03] VIEWERS: 611
[2022-12-21 18:51:10] <ItssJaah> and making it so u dont get sej'd
[2022-12-21 18:51:14] <@%Adventureness> @Arcane_Eli it is when you arent near south jersey KEKW
[2022-12-21 18:51:21] <%+jakk_tv> @jakk_tv is it any good? be honest. rest stop mcdonalds are usually pretty high quality so I'm hoping it's the same on your end
[2022-12-21 18:51:22] <@%Adventureness> how you even know im a guy or girl Kappa
[2022-12-21 18:51:37] <+Arcane_Eli> it's 2022 it don't matter homie
[2022-12-21 18:51:43] <@%Adventureness> @jakk_tv depends on time of day. if you get fresh food its for sure good
[2022-12-21 18:52:05] <@%Adventureness> roast beef usually good, chicken is so-so, i never really eat burgers
[2022-12-21 18:52:12] <@%Adventureness> chicken fresh > sitting
[2022-12-21 18:52:29] <%+jakk_tv> I wanna try the spicy chicken
[2022-12-21 18:52:43] <%+jakk_tv> next time I head south to visit the shore friends I'll make it a point
[2022-12-21 18:52:50] <+priiincer> where did winout term come from?
[2022-12-21 18:52:51] [Notification] Cooley945 subscribed at Tier 1. They've subscribed for 118 months! [Almost 10 year sub?]
[2022-12-21 18:52:58] <@%Adventureness> @jakk_tv thats my go to
[2022-12-21 18:53:05] VIEWERS: 619
[2022-12-21 18:53:06] <@%Adventureness> cooley you missed my 92 KEKW
[2022-12-21 18:53:25] <lolCrazyBear> you guys are loyal loyal nice to see
[2022-12-21 18:53:30] <@%+Cooley945> Noooo I’m sorry
[2022-12-21 18:53:47] <@%Adventureness> @Cooley945 all good hope the holidays are well
[2022-12-21 18:54:08] <@%+Cooley945> It’s been a while! I got excited when I saw your name 😂
[2022-12-21 18:54:10] <%+jakk_tv> the biscuits look like popeye clones
[2022-12-21 18:54:12] <@%Adventureness> @jakk_tv do it. never hurts to try :)
[2022-12-21 18:54:18] <tryeu> gg¿?
[2022-12-21 18:54:51] <@%Adventureness> @jakk_tv i like those too. its tenders = spicy > roast beef> biscuits> mashed/fries> anything else tbh
[2022-12-21 18:55:00] <ItssJaah> how tf
[2022-12-21 18:55:02] <ItssJaah> did ur galio
[2022-12-21 18:55:05] VIEWERS: 600
[2022-12-21 18:55:06] <ItssJaah> end up top right corner
[2022-12-21 18:55:07] <@%Adventureness> im not into the burgers that much. we got one with ham lol
[2022-12-21 18:55:07] <ItssJaah> what
[2022-12-21 18:55:16] <%jaydolIar> your galio dipped
[2022-12-21 18:55:16] <ItssJaah> ima clip
[2022-12-21 18:55:33] <+Avarice424> we weren't paying him enough
[2022-12-21 18:55:57] <%+jakk_tv> I'll stick to the chicken most burger places are ass
[2022-12-21 18:56:18] <ItssJaah> https://clips.twitch.tv/SingleFunClipzM4xHeh-zSPnd8AU5w_Gs7kt
[2022-12-21 18:56:20] <ItssJaah> lmao wtf
[2022-12-21 18:56:29] <ItssJaah> he legit just dipped
[2022-12-21 18:56:34] <ItssJaah> did not want to face the ja
[2022-12-21 18:56:41] <@%Adventureness> @Cooley945 haah =
[2022-12-21 18:56:43] <@%Adventureness> =]
[2022-12-21 18:56:50] <@%Adventureness> always good to see the old subs
[2022-12-21 18:57:00] <%jaydolIar> the galio got creeped blocked
[2022-12-21 18:57:03] <%jaydolIar> mort diff
[2022-12-21 18:57:05] VIEWERS: 600
[2022-12-21 18:57:49] <+TheLoho> !thoughts
[2022-12-21 18:57:49] <@^StreamElements> Write in to papa saint and he will help you with live advice! https://docs.google.com/forms/d/1jRPhKVLznm0cm9fmeOvLCy8aqG0jYLX9LmsYJ7YYMn0/edit
[2022-12-21 18:58:00] <@%Adventureness> @jakk_tv honestly yeah. if you go to the one in brick ask for chicken from the back (we sell less than the other store) in case. ours sometimes sits. other store has higher volume
[2022-12-21 18:58:03] <%+jakk_tv> @Adventureness how are the shakes
[2022-12-21 18:58:55] <@%Adventureness> @Adventureness handmade. hard ice cream spun in store lol. you watch us suffer scooping ice cream when its not thawed enough lol
[2022-12-21 18:59:01] <%+Magister187> that is a good question
[2022-12-21 18:59:06] VIEWERS: 600
[2022-12-21 18:59:20] <%+jakk_tv> @Adventureness this is the way the shakes don't taste nearly as good without the suffering
[2022-12-21 18:59:30] <%+Magister187> perspective helps
[2022-12-21 18:59:57] <+saintrangerr> yeah.. my filter is pretty elusive
[2022-12-21 19:00:11] <+wasabisoiboi> what saint say stupid shit? never!
[2022-12-21 19:00:29] <@%Adventureness> @Adventureness yeah they are good. im not a big shake person but for fast food i think they are good
[2022-12-21 19:01:06] VIEWERS: 600
[2022-12-21 19:01:42] <%+jakk_tv> next time I'm in bayville it's happening
[2022-12-21 19:02:20] <@%Adventureness> @jakk_tv ayyyye
[2022-12-21 19:02:56] <%+TheGrot> I always play underground but that's also because it's an easy transition into animas
[2022-12-21 19:03:01] <+priiincer> at the start of your league career did you see yourself where you are now?
[2022-12-21 19:03:06] <%+TheGrot> you can put MF items on ezreal 2 and it does pretty decent
[2022-12-21 19:03:06] VIEWERS: 542
[2022-12-21 19:03:19] <%+TheGrot> lvl 6 vayne, kayle, ezreal, vi, riven, nasus
[2022-12-21 19:03:27] <%+J4Justin2> Stronger KEKW
[2022-12-21 19:03:38] <+priiincer> at the start of your league career did you see yourself where you are now?
[2022-12-21 19:04:23] <%+TheGrot> anima squad emblem ezreal could be okay if you get it as well
[2022-12-21 19:05:01] <spisepind> hey saint, i want to be like you, you are my idol
[2022-12-21 19:05:06] <%+J4Justin2> Yeah but Anima Squad go smiteUwu
[2022-12-21 19:05:07] VIEWERS: 542
[2022-12-21 19:05:21] <spisepind> :(
[2022-12-21 19:05:25] <+Avarice424> well shit im already there then
[2022-12-21 19:05:36] <%+J4Justin2> Saints Batman Arc
[2022-12-21 19:07:07] VIEWERS: 542
[2022-12-21 19:07:35] <hypnnitya> !Comps
[2022-12-21 19:07:35] <@^StreamElements> Set 8 Comps https://imgur.com/a/qzWaM3E
[2022-12-21 19:08:04] <%+J4Justin2> Clutch Collector
[2022-12-21 19:08:12] <+priiincer> bezos comp?
[2022-12-21 19:08:22] <@^StreamElements> Vtuber Model by https://gonzossm.com/
[2022-12-21 19:09:07] VIEWERS: 526
[2022-12-21 19:10:41] <%noname313> Does Binary work before or after ez?
[2022-12-21 19:11:06] <%jaydolIar> loaded dice would have been nice for samira and aph
[2022-12-21 19:11:07] VIEWERS: 526
[2022-12-21 19:11:34] <Papalotapuss> ahse may be bad, but lux deals negative dmg
[2022-12-21 19:12:40] <ItssJaah> Samira
[2022-12-21 19:12:41] <+priiincer> samira
[2022-12-21 19:12:53] <ItssJaah> kayle Prayge
[2022-12-21 19:13:07] <ItssJaah> trust next shop
[2022-12-21 19:13:07] Viewerstats (18:45-19:13): avg:578 min:526 max:619 [15/611+0+0+0+8−19+0+0+0−58+0+0−16+0+17]
[2022-12-21 19:13:07] VIEWERS: 543
[2022-12-21 19:13:10] <ItssJaah> shes in there
[2022-12-21 19:13:30] <ItssJaah> my first or 8th ass would roll here for kayle xd
[2022-12-21 19:14:22] <%+J4Justin2> One More!
[2022-12-21 19:15:08] VIEWERS: 543
[2022-12-21 19:15:25] <ItssJaah> goooood loss
[2022-12-21 19:15:29] <%+J4Justin2> Great loss
[2022-12-21 19:16:34] <ItssJaah> 50 gold from underground and win out
[2022-12-21 19:16:54] <angu88> this ezreal augment is broken
[2022-12-21 19:17:10] VIEWERS: 533
[2022-12-21 19:17:16] <+Arcane_Eli> yeah both of EZ augments pretty solid
[2022-12-21 19:17:24] <+Arcane_Eli> ezreal*
[2022-12-21 19:19:06] <%+J4Justin2> dishsoapPrayge
[2022-12-21 19:19:11] <joffimeister> !comps
[2022-12-21 19:19:11] <@^StreamElements> Set 8 Comps https://imgur.com/a/qzWaM3E
[2022-12-21 19:19:11] VIEWERS: 533
[2022-12-21 19:19:39] <%+J4Justin2> Pog
[2022-12-21 19:19:56] <+Arcane_Eli> at least that randuin hit fiddles
[2022-12-21 19:20:12] <ItssJaah> samira 2 would be insane here
[2022-12-21 19:21:12] VIEWERS: 550
[2022-12-21 19:21:30] <ItssJaah> its a win out
[2022-12-21 19:22:29] <ItssJaah> Samira 3 Wokege
[2022-12-21 19:23:12] VIEWERS: 550
[2022-12-21 19:23:26] <@TeamLiquid> The Team Liquid Mobile App is available NOW  liquidplus.adv.gg/a/FGbDLp
[2022-12-21 19:24:06] <ItssJaah> ur items are actually insane
[2022-12-21 19:24:21] <+Arcane_Eli> another component as well I think?
[2022-12-21 19:24:25] <GenericGuy2G> Why do Samira's shots fire out of her thigh
[2022-12-21 19:24:46] <trashman99> she shoots hips?
[2022-12-21 19:24:52] <%+J4Justin2> Shoot it from the hip
[2022-12-21 19:25:08] <GenericGuy2G> Like, legit, those shot animations are not from anywhere near her gun.
[2022-12-21 19:25:13] VIEWERS: 550
[2022-12-21 19:25:50] <sirgillbates> saint what do you think is the best way to improve in tft?
[2022-12-21 19:26:43] <GenericGuy2G> Same way you get better at anything. Practice and study.
[2022-12-21 19:27:17] VIEWERS: 550
[2022-12-21 19:27:20] <+WonderHowTo> no way
[2022-12-21 19:28:01] <%noname313> What if we get another cashout?
[2022-12-21 19:28:22] <@^StreamElements> Vtuber Model by https://gonzossm.com/
[2022-12-21 19:29:19] VIEWERS: 559
[2022-12-21 19:30:01] <%+rolfkip> Guy has 6 taliyah
[2022-12-21 19:31:20] VIEWERS: 559
[2022-12-21 19:32:08] <Saahf> not spark for fiddle?
[2022-12-21 19:33:21] VIEWERS: 573
[2022-12-21 19:33:40] <+Arcane_Eli> uhhh monkaW
[2022-12-21 19:33:43] <+priiincer> 9 aegis
[2022-12-21 19:34:16] <Eulogyi> such comfy music
[2022-12-21 19:34:34] <+priiincer> if you can get taliyah to target nunu and wiff ult
[2022-12-21 19:34:39] <+WonderHowTo> oh shit jax almost went off
[2022-12-21 19:35:21] VIEWERS: 573
[2022-12-21 19:36:08] <+priiincer> if you can get taliyah to target nunu and wiff ult
[2022-12-21 19:36:16] <darothy> wats weeather do
[2022-12-21 19:36:16] <+priiincer> might help
[2022-12-21 19:36:18] <!%+xtygerrx> coulda been double arch fiddle, maybe that gets close to one shotting
[2022-12-21 19:36:29] <+Arcane_Eli> @darothy ad/ap per few sec
[2022-12-21 19:36:45] <!%+xtygerrx> nvm LUL
[2022-12-21 19:37:01] <darothy> ah
[2022-12-21 19:37:22] VIEWERS: 573
[2022-12-21 19:38:27] <%jaydolIar> give fiddle janna buff
[2022-12-21 19:38:33] <+Arcane_Eli> imo gotta move frontline away from taliyah to angle her ult
[2022-12-21 19:38:37] <%+DuelLinksGuy> imagine zhonyas fiddle
[2022-12-21 19:39:05] <Lunasa1> !comps
[2022-12-21 19:39:05] <@^StreamElements> Set 8 Comps https://imgur.com/a/qzWaM3E
[2022-12-21 19:39:22] VIEWERS: 580
[2022-12-21 19:39:38] <%Gizmo_Stuff> nice try
[2022-12-21 19:39:53] <darothy> telayah
[2022-12-21 19:39:58] <+speedyhughes> this man is a temp genius!
[2022-12-21 19:40:01] <+speedyhughes> temp*
[2022-12-21 19:40:05] <+speedyhughes> tempo*
[2022-12-21 19:41:23] VIEWERS: 580
[2022-12-21 19:41:26] <+twojojciec69> !comps
[2022-12-21 19:41:26] <@^StreamElements> Set 8 Comps https://imgur.com/a/qzWaM3E
[2022-12-21 19:43:17] <~%saintvicious> twitch.tv/triciaisabirdy
[2022-12-21 19:43:27] Viewerstats (19:15-19:43): avg:559 min:533 max:580 [15/543−10+0+17+0+0+0+9+0+14+0+0+7+0+0]
[2022-12-21 19:43:27] VIEWERS: 580
[2022-12-21 19:43:41] <%+kamikazi_34> finally paying you for the tft coaching?
[2022-12-21 19:43:43] <+priiincer> RIZZvicious?
[2022-12-21 19:44:01] <+priiincer> LOL
[2022-12-21 19:44:21] <whynotU4> this is master lobbys?
[2022-12-21 19:44:22] <+priiincer> youre smilingggg
[2022-12-21 19:44:24] <%Zedaine112> if it wasn't for Saint, I would've never known what Rizz was.
[2022-12-21 19:44:44] <+priiincer> love to hear it
[2022-12-21 19:44:44] <%Zedaine112> keeping boomers like me up with the hip lingo
[2022-12-21 19:45:27] VIEWERS: 580
[2022-12-21 19:45:33] <%AerialSnack> Is this phantasy star online music?
[2022-12-21 19:46:09] <+priiincer> JG gp?
[2022-12-21 19:47:02] <+uldumarr> It’s vault crackin’ time keaneEz
[2022-12-21 19:47:25] <%+Rhuid> winning with underground? is such a thing possible?
[2022-12-21 19:47:28] VIEWERS: 505
[2022-12-21 19:48:22] <@^StreamElements> Vtuber Model by https://gonzossm.com/
[2022-12-21 19:49:00] <+uldumarr> 5 UG?! monkaW
[2022-12-21 19:49:06] <%+TheGrot> Saint I just lost a game because Mortdog gave me 7 negatron claoks
[2022-12-21 19:49:28] <+z3nVi> !comps
[2022-12-21 19:49:29] <@^StreamElements> Set 8 Comps https://imgur.com/a/qzWaM3E
[2022-12-21 19:49:29] VIEWERS: 499
[2022-12-21 19:50:00] <+RMX_DZOK> if you playin threats, what's the best carry in your opinion in 5-8 lvsl
[2022-12-21 19:51:12] <%AerialSnack> I hate how any points over 10 you get are wasted
[2022-12-21 19:51:28] <%+mintyhippo67> are these all final fantasy remixes
[2022-12-21 19:51:31] VIEWERS: 514
[2022-12-21 19:53:02] <+priiincer> whats your type in girls
[2022-12-21 19:53:28] <+Actuality_> yuck
[2022-12-21 19:53:29] <+priiincer> perfect 2022 answer
[2022-12-21 19:53:31] VIEWERS: 514
[2022-12-21 19:53:36] <Jaydbhai> Hey hey! Did you have the food stream today?
[2022-12-21 19:53:45] <%TweekieTV> !comps
[2022-12-21 19:53:45] <@^StreamElements> Set 8 Comps https://imgur.com/a/qzWaM3E
[2022-12-21 19:53:46] <%+joonroot> no guinsoo hoj?
[2022-12-21 19:53:49] <Jaydbhai> Ah cool!
[2022-12-21 19:54:09] <Jaydbhai> Had my last meeting of the year... Feels good to be on holiday!
[2022-12-21 19:54:25] <%+mintyhippo67> triple level to loss streak hold my beer
[2022-12-21 19:54:28] <%+mintyhippo67> Sadge
[2022-12-21 19:54:31] <ToadHermit> bro how tf do i play sona carry
[2022-12-21 19:54:32] <+priiincer> does the yuumi comp annoy you
[2022-12-21 19:55:11] <%AerialSnack> @ToadHermit just hit
[2022-12-21 19:55:28] <ToadHermit> i feel like its good im just trash with it
[2022-12-21 19:55:32] <+priiincer> @ToadHermit braler start with lulu into yuumi into sona
[2022-12-21 19:55:32] VIEWERS: 514
[2022-12-21 19:57:33] VIEWERS: 568
[2022-12-21 19:57:36] <%+rolfkip> Celeste soundtrack?
[2022-12-21 19:59:24] <+yaboijaytf> is guardbreaker ever used in comps at the current time?
[2022-12-21 19:59:36] VIEWERS: 568
[2022-12-21 20:00:36] <goidenphoenix> last whisper on urgot boss?
[2022-12-21 20:01:36] VIEWERS: 568
[2022-12-21 20:02:09] <+partyskip> !comps
[2022-12-21 20:02:09] <@^StreamElements> Set 8 Comps https://imgur.com/a/qzWaM3E
[2022-12-21 20:03:38] VIEWERS: 575
[2022-12-21 20:03:40] <+haardly> !song
[2022-12-21 20:03:41] <@^StreamElements> The current song is Shania Twain - That Don't Impress Me Much
[2022-12-21 20:03:41] <@^StreamElements> @haardly failed to get the current song.
[2022-12-21 20:04:04] <%Gizmo_Stuff> doesnt ekko jump away from rammus tho?
[2022-12-21 20:04:12] <%AerialSnack> @Gizmo_Stuff my thoughts too
[2022-12-21 20:04:54] <+priiincer> CASH MONEY
[2022-12-21 20:04:56] <%Gizmo_Stuff> so much money lol
[2022-12-21 20:04:58] <%AerialSnack> you just farmed over 10 gold that round lmao
[2022-12-21 20:05:19] <+priiincer> stone
[2022-12-21 20:05:33] <+priiincer> stone plate ekko?
[2022-12-21 20:05:38] VIEWERS: 575
[2022-12-21 20:05:43] <goidenphoenix> items on urgot > sivir?
[2022-12-21 20:06:32] <%+Rhuid> rammus 3 over sej?
[2022-12-21 20:07:38] VIEWERS: 591
[2022-12-21 20:08:22] <@^StreamElements> Vtuber Model by https://gonzossm.com/
[2022-12-21 20:09:39] VIEWERS: 591
[2022-12-21 20:10:10] <Axucel> blitz hook
[2022-12-21 20:10:26] <@TeamLiquid> The Team Liquid Mobile App is available NOW  liquidplus.adv.gg/a/FGbDLp
[2022-12-21 20:10:31] <goidenphoenix> sensei pls explain y items on sivir instead of urggy. ty
[2022-12-21 20:11:02] <goidenphoenix> higher damage I thought
[2022-12-21 20:11:27] <goidenphoenix> and more atk spd for casts
[2022-12-21 20:11:41] VIEWERS: 606
[2022-12-21 20:13:42] Viewerstats (19:45-20:13): avg:558 min:499 max:606 [15/580−75−6+15+0+0+54+0+0+7+0+16+0+15+0]
[2022-12-21 20:13:42] VIEWERS: 606
[2022-12-21 20:15:28] <%+mintyhippo67> leona over nunu?
[2022-12-21 20:15:43] VIEWERS: 606
[2022-12-21 20:16:54] <%+kamikazi_34> ekko griefed
[2022-12-21 20:17:17] <%+rolfkip> My teams zed vs your teams zed every time I swear
[2022-12-21 20:17:43] VIEWERS: 616
[2022-12-21 20:18:34] <%Gizmo_Stuff> GG
[2022-12-21 20:18:37] <NovaaChron0> !comps
[2022-12-21 20:18:38] <@^StreamElements> Set 8 Comps https://imgur.com/a/qzWaM3E
[2022-12-21 20:18:40] <%+VashTheQuickDraw> gg
[2022-12-21 20:18:45] <!%+angahax> Lata
[2022-12-21 20:18:46] <Jaydbhai> Cool! For sure! GGs
[2022-12-21 20:18:47] <%+seanmang> ONE MORE
[2022-12-21 20:18:47] <%+VashTheQuickDraw> laters
[2022-12-21 20:18:50] <CaptMapleSyrup> ONE MORE GAME
[2022-12-21 20:18:50] <%+seanmang> RUN IT BACK
[2022-12-21 20:18:52] <%Gizmo_Stuff> Tha run back!
[2022-12-21 20:18:56] <%+VashTheQuickDraw> yeah!
[2022-12-21 20:18:58] <!%+xtygerrx> saints addicted
[2022-12-21 20:18:59] <%+bustingcaps> Pog\
[2022-12-21 20:19:13] <%Gizmo_Stuff> LUL
[2022-12-21 20:19:15] <%$UserJoe> I'd say the 50min is accurate lol
[2022-12-21 20:19:26] <+priiincer> you lowkey look like andrew tate
[2022-12-21 20:19:29] <%+bustingcaps> Just be late 5head
[2022-12-21 20:19:37] BAN: priiincer (600s)
[2022-12-21 20:19:38] <%Gizmo_Stuff> fashionably late
[2022-12-21 20:19:43] VIEWERS: 616
[2022-12-21 20:19:43] <%$UserJoe> I bet with that traffic.
[2022-12-21 20:20:56] <%AerialSnack> what's the opener?
[2022-12-21 20:21:43] VIEWERS: 616
[2022-12-21 20:22:14] <jsanity92> !comps
[2022-12-21 20:22:14] <@^StreamElements> Set 8 Comps https://imgur.com/a/qzWaM3E
[2022-12-21 20:22:50] <itsblaise88> xddyummi
[2022-12-21 20:23:43] VIEWERS: 607
[2022-12-21 20:25:43] VIEWERS: 607
[2022-12-21 20:27:43] VIEWERS: 607
[2022-12-21 20:29:43] VIEWERS: 488
[2022-12-21 20:31:43] VIEWERS: 488
[2022-12-21 20:32:22] <+priiincer> why did i get timed out?
[2022-12-21 20:32:38] <wag1bulds> @priiincer you know why lil bro you compared his look to that of a scumbag
[2022-12-21 20:32:49] <+priiincer> wow
[2022-12-21 20:33:12] <+priiincer> thought it was for something serious mb
[2022-12-21 20:33:19] BAN: priiincer (600s)
[2022-12-21 20:33:26] <+Arcane_Eli> oddoneGreen
[2022-12-21 20:33:43] VIEWERS: 509
[2022-12-21 20:35:44] VIEWERS: 509
[2022-12-21 20:37:46] VIEWERS: 509
[2022-12-21 20:39:36] <krolpejas> recon for +2 range
[2022-12-21 20:39:46] VIEWERS: 522
[2022-12-21 20:41:48] VIEWERS: 522
[2022-12-21 20:42:20] <+uldumarr> It's threat time bb PowerUpL keaneSmile PowerUpR
[2022-12-21 20:43:24] <+priiincer> im being silenced by the matrix
[2022-12-21 20:43:48] Viewerstats (20:15-20:43): avg:557 min:488 max:616 [15/606+10+0+0−9+0+0−119+0+21+0+0+13+0+14]
[2022-12-21 20:43:48] VIEWERS: 536
[2022-12-21 20:43:48] <%+Rhetorical_1> natural the rammus ez pz
[2022-12-21 20:44:22] <runawaywolf> how much does velkoz 3* ult do?
[2022-12-21 20:44:25] [Notification] priiincer subscribed with Prime.
[2022-12-21 20:44:33] <VVXVY> velkoz be zappin
[2022-12-21 20:44:44] <runawaywolf> cheers!
[2022-12-21 20:45:09] <%+Rhetorical_1> hit for sure at 8 and then you can put in your SGs LUL
[2022-12-21 20:45:12] <%+Rhetorical_1> tat augment was brutal
[2022-12-21 20:45:19] <%+Rhetorical_1> augment choices*
[2022-12-21 20:45:46] VIEWERS: 536
[2022-12-21 20:47:46] VIEWERS: 555
[2022-12-21 20:48:20] <@^StreamElements> Vtuber Model by https://gonzossm.com/
[2022-12-21 20:49:09] <wag1bulds> gg
[2022-12-21 20:49:46] VIEWERS: 555
[2022-12-21 20:50:21] <iditinahujloh> are we just chilling or hardchilling?
[2022-12-21 20:50:32] <vrasp> bing chilling
[2022-12-21 20:51:46] VIEWERS: 555
[2022-12-21 20:52:09] <%FaxoNNAL> !comps
[2022-12-21 20:52:09] <@^StreamElements> Set 8 Comps https://imgur.com/a/qzWaM3E
[2022-12-21 20:52:24] <TwoShivs> !comps
[2022-12-21 20:52:24] <@^StreamElements> Set 8 Comps https://imgur.com/a/qzWaM3E
[2022-12-21 20:53:00] <%+uberspidey> ratJAM
[2022-12-21 20:53:18] <+Aykon_> u getting zephryd cost me 10 lp Deadge
[2022-12-21 20:53:24] <%+Rhetorical_1> LOL he actually left
[2022-12-21 20:53:47] VIEWERS: 589
[2022-12-21 20:54:51] <!%+angahax> Lata
[2022-12-21 20:54:53] <%+Rhetorical_1> doh
[2022-12-21 20:54:55] <+Jarikayy> one more...
[2022-12-21 20:54:55] <%+uberspidey> KEKW
[2022-12-21 20:54:56] <%+Nightan11> rip
[2022-12-21 20:54:56] <%Gizmo_Stuff> 1 more LUL
[2022-12-21 20:54:59] <%+RussianAtCuse> anotha one
[2022-12-21 20:55:01] <%DM_MonkeyMan> KEKW
[2022-12-21 20:55:03] <%Gizmo_Stuff> GG
[2022-12-21 20:55:03] <%+priiincer> ggs
[2022-12-21 20:55:04] <%$UserJoe> Later
[2022-12-21 20:55:04] <%+Rhetorical_1> later saint
[2022-12-21 20:55:06] <paaaauli> KEKW
[2022-12-21 20:55:09] [Usernotice] The raid has been canceled.
[2022-12-21 20:55:09] <%WFSUnotorious> ggs
[2022-12-21 20:55:10] <paaaauli> GGS
[2022-12-21 20:55:22] <%+iasportsman> aesahtft
[2022-12-21 20:55:22] <@MachinegunNorm> later
[2022-12-21 20:55:26] <%+iasportsman> see ya saint
[2022-12-21 20:55:49] VIEWERS: 589
[2022-12-21 20:57:51] VIEWERS: 589
[2022-12-21 20:58:31] ~Stream offline~
[2022-12-21 21:12:03] <%TweekieTV> !comps
[2022-12-21 21:12:03] <@^StreamElements> Set 8 Comps https://imgur.com/a/qzWaM3E
[2022-12-21 21:13:56] Viewerstats (20:45-20:55): avg:563 min:536 max:589 [6/536+19+0+0+34+0_]
[2022-12-21 22:40:22] <imJackedBaby> !comps
[2022-12-21 22:40:23] <@^StreamElements> Set 8 Comps https://imgur.com/a/qzWaM3E
[2022-12-21 23:05:59] <+Killzya2fast> !comps
[2022-12-21 23:06:00] <@^StreamElements> Set 8 Comps https://imgur.com/a/qzWaM3E
[2022-12-21 23:43:29] <+Fredlnho> !comps
[2022-12-21 23:43:29] <@^StreamElements> Set 8 Comps https://imgur.com/a/qzWaM3E
