# Log started: 2022-12-30 07:45:07 +0100
[2022-12-30 07:45:07] <iok__> !sens
[2022-12-30 07:45:07] <@%^StreamElements> 400 DPI.  17 sens. 6800 eDPI (sens times DPI)
[2022-12-30 14:57:18] <aganso> !900p
[2022-12-30 16:54:28] <%SirTryhard7> emongL
[2022-12-30 17:06:59] <@%^StreamElements> Emongg is now live! Streaming Overwatch 2: [DROPS ENABLED] NOW PLAYING SOME GAMES
[2022-12-30 17:07:24] <just4thedropz> Lezduit
[2022-12-30 17:07:27] <squidnugget9000> Sup Y’all
[2022-12-30 17:07:33] <zxty5> SSSsss SSSsss SSSsss SSSsss SSSsss SSSsss
[2022-12-30 17:07:37] <turnipsarecool65> hi
[2022-12-30 17:07:37] <%mya_lynn> The king has arrived daltooMyking
[2022-12-30 17:07:38] <%little_baby_uwu> ollaaa
[2022-12-30 17:07:40] <REVizfoREVer> ayyy
[2022-12-30 17:07:42] <cakegurlll> hola
[2022-12-30 17:07:43] <rayoverwat> heyyyy
[2022-12-30 17:07:49] <Martas_man> Hi
[2022-12-30 17:07:51] VIEWERS: 53
[2022-12-30 17:07:51] ~[DROPS ENABLED] NOW PLAYING SOME GAMES (Overwatch 2)~
[2022-12-30 17:10:02] <squidnugget9000> Which Emongg we seeing today Tankmongg or Suppmong
[2022-12-30 17:10:12] <lochlan345> Daddy chill
[2022-12-30 17:10:29] <Martas_man> Squid1 Squid2 Squid3 Squid2 Squid4
[2022-12-30 17:10:43] <%Nennai> emongDesk snorlaxDumper catJAM snorlaxDumper emongDesk snorlaxDumper catJAM snorlaxDumper emongDesk snorlaxDumper catJAM snorlaxDumper emongDesk snorlaxDumper catJAM snorlaxDumper emongDesk snorlaxDumper catJAM snorlaxDumper emongDesk snorlaxDumper catJAM snorlaxDumper emongDesk snorlaxDumper catJAM snorlaxDumper emongDesk snorlaxDumper catJAM snorlaxDumper emongDesk snorlaxDumper catJAM snorlaxDumper emongDesk
[2022-12-30 17:10:52] <%+yokai_7> emongComfy emongComfy
[2022-12-30 17:10:53] <REVizfoREVer> suppmong
[2022-12-30 17:10:57] <cakegurlll> DxCat
[2022-12-30 17:11:01] <%missdebbie3> emongDesk emongDesk emongDesk emongDesk emongDesk
[2022-12-30 17:11:01] <%little_baby_uwu> jezus that scared me lol
[2022-12-30 17:11:06] <Martas_man> PowerUpL TheIlluminati  PowerUpR
[2022-12-30 17:11:15] <VaporeonWave> good morning slayers
[2022-12-30 17:11:20] <+H_Fuller> hello Emongg, hello Chat!
[2022-12-30 17:11:20] <Lucipurrgames2020> Good morning/evening everyone!! I hope everyone has a great day or night!! MercyWing1 PinkMercy MercyWing2
[2022-12-30 17:11:21] <+PROPHECY__LIVE> bruh
[2022-12-30 17:11:21] <%+P01S0N_IV> PauseChamp  hey chat emongH
[2022-12-30 17:11:23] <descent_live> Fortnite
[2022-12-30 17:11:24] <+PROPHECY__LIVE> 8 ads????
[2022-12-30 17:11:25] <%+Mechsu> emongBLANKIES
[2022-12-30 17:11:26] <%$TheNastyFridge> Hello cute chat emongH
[2022-12-30 17:11:27] <rayoverwat> where do i see my watchtime
[2022-12-30 17:11:28] <%$TheNastyFridge> @P01S0N_IV Ivy emongH
[2022-12-30 17:11:29] <whipsurmom69> flatsAYAYA
[2022-12-30 17:11:31] <cakegurlll> hello everyone <3
[2022-12-30 17:11:31] <+H_Fuller> @PROPHECY__LIVE make sure you click on each one to further support the stimmer!
