# Log started: 2022-12-09 02:02:48 +0100
[2022-12-09 02:02:48] VIEWERS: 0
[2022-12-09 02:02:48] ~[DROPS✔️] [Grandmaster Hamster] Broken Sleep ✔️ Hamster🐹 Ready for action ✔️✨🧡 ✨🧡NEVER WINNING  [ Vtuber ]✨🧡!throne (Overwatch 2)~
[2022-12-09 02:03:02] <@%^StreamElements> BallinDani is now live! Streaming Overwatch 2: [DROPS✔️] [Grandmaster Hamster] Broken Sleep ✔️ Hamster🐹 Ready for action ✔️✨🧡 ✨🧡NEVER WINNING  [ Vtuber ]✨🧡!throne
[2022-12-09 02:03:07] <ratprime66> RaccAttack
[2022-12-09 02:04:00] <ratprime66> ratJAM ing
[2022-12-09 02:04:01] <~%BallinDani> I LOVE THIS EMOTE
[2022-12-09 02:04:03] <~%BallinDani> LMAO
[2022-12-09 02:04:13] <ratprime66> Which emote?
[2022-12-09 02:04:34] <~%BallinDani> RaccAttack
[2022-12-09 02:04:44] <%CharlottePosting> im gay
[2022-12-09 02:04:48] VIEWERS: 2
[2022-12-09 02:04:54] <~%BallinDani> fuck. me too.
[2022-12-09 02:04:58] <ratprime66> My favorite raccoon themed emote RaccAttack
[2022-12-09 02:05:02] <ratprime66> Homosexuality :O
[2022-12-09 02:05:17] <%VerySppooky> cvnkaDancy
[2022-12-09 02:06:11] <ratprime66> Queue times too speedy
[2022-12-09 02:06:39] <wagononfire> dani its 1 am KEKW
[2022-12-09 02:06:48] Viewerstats (02:02-02:06): avg:1 min:0 max:2 [3/_0+2+0]
[2022-12-09 02:06:48] VIEWERS: 2
[2022-12-09 02:07:17] <%QrAveline> howdy
[2022-12-09 02:07:25] <%ilyseila> meow
[2022-12-09 02:07:31] <ratprime66> Sits
[2022-12-09 02:07:40] <%VerySppooky> Sits
[2022-12-09 02:07:48] <wagononfire> i was about to go to sleep then i saw the kobile jotification so i thoughvi should say hi Sits
[2022-12-09 02:07:55] <%ilyseila> i am staying with nat
[2022-12-09 02:07:55] <%QrAveline> Today's been meh but just chilling at this point
[2022-12-09 02:08:01] <%ilyseila> its good name
[2022-12-09 02:08:07] <%ilyseila> seila good online id
[2022-12-09 02:08:48] VIEWERS: 2
[2022-12-09 02:08:48] <ratprime66> I’m a little sad, I need dropped flute and now the foot joint is loose and keeps falling off NotLikeThis
[2022-12-09 02:10:29] <wagononfire> anyway good luck with game and hve a fun stream nini Sits bejj
[2022-12-09 02:10:47] <ratprime66> Doom a little strong
[2022-12-09 02:10:48] VIEWERS: 3
[2022-12-09 02:11:21] <ratprime66> They wanted a canonical doomfist that can fight tracer, genji, and Winston and win RaccAttack
[2022-12-09 02:12:38] <%ilyseila> if its stuck
[2022-12-09 02:12:48] VIEWERS: 9
[2022-12-09 02:13:20] <Mixvi> dani be ballin?
[2022-12-09 02:13:22] <Mixvi> but
[2022-12-09 02:13:28] <Mixvi> i be bawlin
[2022-12-09 02:13:57] <Mixvi> what are these clowns on about
[2022-12-09 02:14:19] <%VerySppooky> idunno
[2022-12-09 02:14:48] VIEWERS: 9
[2022-12-09 02:16:48] VIEWERS: 7
[2022-12-09 02:17:01] <%CharlottePosting> @ratprime66 @VerySppooky alinee4Wave
[2022-12-09 02:17:18] <%VerySppooky> charlot cvnkaRats
[2022-12-09 02:17:49] <ratprime66> Doom seems real strong
[2022-12-09 02:17:57] <ratprime66> Rats
[2022-12-09 02:18:19] <%VerySppooky> eskaySad
[2022-12-09 02:18:48] VIEWERS: 7
[2022-12-09 02:18:58] <ratprime66> !song
[2022-12-09 02:18:59] <@%^StreamElements> ▶️ Avril Lavigne - "I'm with You" -> open.spotify.com/track/1jlG3KJ3gdYmhfuySFfpO1
[2022-12-09 02:19:05] <ratprime66> NOTED
[2022-12-09 02:20:02] <ratprime66> heheCat
[2022-12-09 02:20:48] VIEWERS: 8
[2022-12-09 02:21:17] <ratprime66> Kissibg :O
[2022-12-09 02:21:51] <!%UnitedHVC> old people xqcOld
[2022-12-09 02:22:48] VIEWERS: 8
[2022-12-09 02:22:55] <ratprime66> Old people do be, like, above the age of others
[2022-12-09 02:23:19] <@%^StreamElements> Something cool or funny happen?🐹Remember to use (!)clip - without the brackets to save it for a youtube video! <3 thank you
[2022-12-09 02:23:21] <%$caitlinmccvoice> i heard forehead kissies were needed ~ hello
[2022-12-09 02:24:48] <%TheDrobbit> How is the ball feeling today?
[2022-12-09 02:24:49] VIEWERS: 7
[2022-12-09 02:25:33] <Delta00038> Hello friend
[2022-12-09 02:26:06] <%TheDrobbit> I dont really know what i’m supposed to do being a ball main… im so lost
[2022-12-09 02:26:19] <ratprime66> Quite a bit gaming
[2022-12-09 02:26:33] <Delta00038> lol Im new to this channel XD
[2022-12-09 02:26:53] VIEWERS: 7
[2022-12-09 02:27:26] <ratprime66> Well welcome
[2022-12-09 02:28:37] <Delta00038> thank you
[2022-12-09 02:28:53] VIEWERS: 15
[2022-12-09 02:29:46] <%AWildKumaCub> !song
[2022-12-09 02:29:47] <@%^StreamElements> ▶️ Avril Lavigne - "Wish You Were Here" -> open.spotify.com/track/5XHf9PBxxHmJFuiDkGNIOA
[2022-12-09 02:30:18] <%+Valcanix> Sits Hamter prime and ready
[2022-12-09 02:30:29] <%AWildKumaCub> Heya Dani. ballin45Love I'm good. I've just been tired from work. I go in an hour early due to the holidays and I get tired more often lol
[2022-12-09 02:30:31] <ratprime66> Weaponized hamster
[2022-12-09 02:30:37] <%+Valcanix> new pins arrived SitsWiggle
[2022-12-09 02:30:45] <%AWildKumaCub> correction, 3 hours early
[2022-12-09 02:30:53] VIEWERS: 15
[2022-12-09 02:30:58] <%+Valcanix> doing arma op but will have stream open o7
[2022-12-09 02:31:47] <ratprime66> I really have started to love kiriko’s character more and more
[2022-12-09 02:32:53] VIEWERS: 13
[2022-12-09 02:33:50] [Raid] 9 raiders from Goofygoobere have joined!
[2022-12-09 02:34:09] <ratprime66> Welcome welcome alle
[2022-12-09 02:34:16] <+Gaspy_Official> FLAAAAAAAAT BOOOOOARD RAAAAID!
[2022-12-09 02:34:22] <+Goofygoobere> FLAAAAAAAAT BOOOOOARD RAAAAID!
[2022-12-09 02:34:49] <@%^StreamElements> OI ❓ YOU HAVEN'T JOINED DANI'S SERVER❓ WHAT'S WRONG WITH YOU❓ Join here!: https://discord.gg/F6JjdbVSb4
[2022-12-09 02:34:53] VIEWERS: 13
[2022-12-09 02:36:07] <ratprime66> Get em next time
[2022-12-09 02:36:13] <!%UnitedHVC> the shit talk is real 💀
[2022-12-09 02:36:53] Viewerstats (02:08-02:36): avg:9 min:2 max:22 [15/2+1+6+0−2+0+1+0−1+0+8+0−2+0+9]
[2022-12-09 02:36:53] VIEWERS: 22
[2022-12-09 02:38:14] <@%+jesthral> good evening yall
[2022-12-09 02:38:27] <ratprime66> Angry gamers
[2022-12-09 02:38:29] <ratprime66> Be angry
[2022-12-09 02:38:40] <AnakinsLostHand> goofyg40Wahh
[2022-12-09 02:38:46] <@%+jesthral> im doing good
[2022-12-09 02:38:51] <@%+jesthral> how you doing?
[2022-12-09 02:38:53] VIEWERS: 22
[2022-12-09 02:40:26] <ratprime66> Ramatra just sorta standing around
[2022-12-09 02:40:53] VIEWERS: 22
[2022-12-09 02:40:56] <%AWildKumaCub> 🧍🏾
[2022-12-09 02:41:12] <@%+jesthral> poor ramatra the underpowered boy
[2022-12-09 02:41:17] <ratprime66> Ramatra reminds me of like, the other tanks but like, just a little tired
[2022-12-09 02:41:28] <ratprime66> Like he just lumbering around like a sleepy bear
[2022-12-09 02:41:29] <@%+jesthral> depresso tank bless him
[2022-12-09 02:42:11] <ratprime66> I haven’t heard his interactions, but like, anything in his voice is
[2022-12-09 02:42:17] <ratprime66> Mhmm
[2022-12-09 02:42:53] VIEWERS: 25
[2022-12-09 02:44:53] VIEWERS: 25
[2022-12-09 02:45:49] <%AWildKumaCub> Dani with the great movement, as always.
[2022-12-09 02:46:53] VIEWERS: 35
[2022-12-09 02:46:55] <ratprime66> Literally rolling the enemy team wdym
[2022-12-09 02:47:09] <%TheDrobbit> Is the new map in rotation in comp?
[2022-12-09 02:48:10] <%TheDrobbit> Is kinda ball friendly isnt it?
[2022-12-09 02:48:53] VIEWERS: 35
[2022-12-09 02:50:23] <%AWildKumaCub> wow that sombra really just did that
[2022-12-09 02:50:27] <ratprime66> They throwing all those ults deary lord
[2022-12-09 02:50:52] <%AWildKumaCub> their voice coms must be wild right now
[2022-12-09 02:50:58] VIEWERS: 29
[2022-12-09 02:52:58] VIEWERS: 29
[2022-12-09 02:52:59] <%TheDrobbit> And fun rollouts as well
[2022-12-09 02:53:19] <@%^StreamElements> Something cool or funny happen?🐹Remember to use (!)clip - without the brackets to save it for a youtube video! <3 thank you
[2022-12-09 02:53:21] <%TheDrobbit> Would love to watch you playing it
[2022-12-09 02:54:58] VIEWERS: 39
[2022-12-09 02:55:56] <ratprime66> Kiriko saves are crazy
[2022-12-09 02:56:54] <%AWildKumaCub> popCat
[2022-12-09 02:56:59] VIEWERS: 39
[2022-12-09 02:57:33] <%AWildKumaCub> Okay, I have to sleep as I also popCat haha. Goodnight Dani, ratqueen, everyone. ^^
[2022-12-09 02:58:40] <%TheDrobbit> Sweet dreams @awildkumacub
[2022-12-09 02:58:59] VIEWERS: 30
[2022-12-09 03:00:59] VIEWERS: 30
[2022-12-09 03:01:09] <%TheDrobbit> Gg go next
[2022-12-09 03:01:34] <%TheDrobbit> ballin45Dip
[2022-12-09 03:02:45] <%TheDrobbit> People paying their fustrations with the said bad character
[2022-12-09 03:02:59] VIEWERS: 32
[2022-12-09 03:03:11] [Raid] 252 raiders from Deku have joined!
[2022-12-09 03:03:25] <+ReapingBandit> HypeLove1 HypeLove1
[2022-12-09 03:03:29] <ratprime66> Hi hi alll
[2022-12-09 03:03:41] <+Myque__> dekWave
[2022-12-09 03:03:43] <%TheDrobbit> Hello people!!!! ballin45Hi ballin45Coffee
[2022-12-09 03:03:45] <Dragon_Ow2> hello
[2022-12-09 03:03:51] <GhostieFTP> hi :)
[2022-12-09 03:03:52] <chloehatesyouuu> GayPride
[2022-12-09 03:03:57] <Deku> daniLove
[2022-12-09 03:04:11] <%TheDrobbit> ballin45Love ballin45Sip
[2022-12-09 03:04:37] <Deku> dogshit games
[2022-12-09 03:04:39] <Deku> this patch is trash
[2022-12-09 03:04:49] <@%^StreamElements> OI ❓ YOU HAVEN'T JOINED DANI'S SERVER❓ WHAT'S WRONG WITH YOU❓ Join here!: https://discord.gg/F6JjdbVSb4
[2022-12-09 03:04:54] <+moonbeam_moloch> dekLurk
[2022-12-09 03:04:59] VIEWERS: 32
[2022-12-09 03:05:25] <%TheDrobbit> We need the “hang in there” poster but with a hammster LOL
[2022-12-09 03:06:51] <ratprime66> Hopefully it doesn’t take an entire season for the next balance patch RaccAttack
[2022-12-09 03:06:59] Viewerstats (02:38-03:06): avg:38 min:22 max:159 [15/22+0+3+0+10+0−6+0+10+0−9+0+2+0+127]
[2022-12-09 03:06:59] VIEWERS: 159
[2022-12-09 03:08:59] VIEWERS: 159
[2022-12-09 03:10:59] VIEWERS: 142
[2022-12-09 03:12:36] <ratprime66> Full hold next round EZ
[2022-12-09 03:12:42] <%VerySppooky> all my frens are talking about the game awards abd idk what going on NODDERS
[2022-12-09 03:12:59] VIEWERS: 142
[2022-12-09 03:13:08] <%VerySppooky> BIGTRANS
[2022-12-09 03:14:12] <SteanEIements>* has been forgotten by BallinDani
[2022-12-09 03:14:30] <ratprime66> BIGGAY
[2022-12-09 03:14:52] <ratprime66> Okay maybe no full hold RaccAttack
[2022-12-09 03:14:56] <SteanEIements> i will be in london over the weekend
[2022-12-09 03:14:59] VIEWERS: 142
[2022-12-09 03:16:59] VIEWERS: 134
[2022-12-09 03:17:03] <%TheDrobbit> He is Sadge
[2022-12-09 03:18:19] <ratprime66> I’m not a big fan of the green, it’s not very nice for my eyes
[2022-12-09 03:18:59] <@%+jesthral> ooh yeah more khaki camo
[2022-12-09 03:19:04] VIEWERS: 137
[2022-12-09 03:19:06] <kbuyek> 760603503495 minute ads
[2022-12-09 03:19:18] <~%BallinDani> !ad
[2022-12-09 03:19:19] <@%^StreamElements> To avoid interruptions mid game, I run an ad while in q, twitch forces pre-rolls and mid-rolls now, so I'm looking for the best viewing experience for everyone 🥺Thanks for understanding. ballin45Love
[2022-12-09 03:19:19] <@%+jesthral> subs save lives
[2022-12-09 03:19:25] <~%BallinDani> im sorry ;-;
[2022-12-09 03:19:37] <~%BallinDani> should only be 1.30?
[2022-12-09 03:19:48] <~%BallinDani> IK IT STILL SUCKS :<
[2022-12-09 03:20:09] <%VerySppooky> who didnt want ads?
[2022-12-09 03:20:13] <%VerySppooky> in chat?
[2022-12-09 03:20:19] <kbuyek> imagine if i made 1.30 a minute
[2022-12-09 03:20:51] [Points] TheDrobbit redeemed Ad Time (200)
[2022-12-09 03:20:52] <@%+jesthral> 18hr streams
[2022-12-09 03:20:57] <@%+jesthral> 1.30 a min
[2022-12-09 03:21:04] VIEWERS: 137
[2022-12-09 03:22:20] <%VerySppooky> NOTED
[2022-12-09 03:22:44] <@%+jesthral> lordy
[2022-12-09 03:22:50] <@%+jesthral> now thats cash
[2022-12-09 03:22:50] <ratprime66> Rolling in the big bucks
[2022-12-09 03:23:00] <ratprime66> Wealthy hampter
[2022-12-09 03:23:01] <@%+jesthral> dani rich rich
[2022-12-09 03:23:04] VIEWERS: 140
[2022-12-09 03:23:19] <@%^StreamElements> Something cool or funny happen?🐹Remember to use (!)clip - without the brackets to save it for a youtube video! <3 thank you
[2022-12-09 03:23:55] <ratprime66> Florida NotLikeThis
[2022-12-09 03:24:05] <kbuyek> like yo everytime u use the ad on the poor af viewers you make easy money
[2022-12-09 03:24:10] <@%+jesthral> dani
[2022-12-09 03:24:15] <@%+jesthral> what is the florida of ireland
[2022-12-09 03:24:29] <%jessie_been_here> yooo dani
[2022-12-09 03:24:33] <ratprime66> Ez 0.002 cents
[2022-12-09 03:25:04] VIEWERS: 140
[2022-12-09 03:25:16] <ratprime66> I mean, you’ll be a whole cent richer by the end of stream!
[2022-12-09 03:25:39] <ratprime66> Rolling in your singular coin
[2022-12-09 03:26:05] <%TheDrobbit> Time to wear the richy skin
[2022-12-09 03:27:04] VIEWERS: 137
[2022-12-09 03:29:04] VIEWERS: 137
[2022-12-09 03:29:15] <SteanEIements> Message has been censored by BallinDani
[2022-12-09 03:30:15] <ratprime66> Hamsteribg
[2022-12-09 03:31:04] <%FATALHERMIT> i lost my plan for my essay tomorrow and made a better one in 45 minutes
[2022-12-09 03:31:05] VIEWERS: 132
[2022-12-09 03:31:06] <%FATALHERMIT> eskayNyoom
[2022-12-09 03:31:18] <ratprime66> Nice nice
[2022-12-09 03:31:22] <%FATALHERMIT> channelling my inner lucio main <
[2022-12-09 03:31:29] <%FATALHERMIT> SPEED BOOOOST! LETSGO
[2022-12-09 03:31:48] <kbuyek> million doollla question be a slave or slave owner
[2022-12-09 03:32:10] <%FATALHERMIT> no other alternative? @kbuyek
[2022-12-09 03:32:19] <%FATALHERMIT> slave owner but treat them like people?
[2022-12-09 03:33:09] VIEWERS: 132
[2022-12-09 03:33:11] <ratprime66> Well it doesn’t say you have to stay a slave owner
[2022-12-09 03:33:36] <%FATALHERMIT> can i adopt all of them?
[2022-12-09 03:34:44] <ratprime66> At least UI has numbers again
[2022-12-09 03:34:49] <@%^StreamElements> OI ❓ YOU HAVEN'T JOINED DANI'S SERVER❓ WHAT'S WRONG WITH YOU❓ Join here!: https://discord.gg/F6JjdbVSb4
[2022-12-09 03:35:05] <kbuyek> @FATALHERMIT NO
[2022-12-09 03:35:09] VIEWERS: 135
[2022-12-09 03:35:11] <%FATALHERMIT> i was used to the QR codes though @ratprime66
[2022-12-09 03:35:23] <%TheDrobbit> Nice hold ballin45Dip
[2022-12-09 03:35:45] <ratprime66> Just put a qr scanner in your eye
[2022-12-09 03:36:17] <%TheDrobbit> I refuse to play doomfist
[2022-12-09 03:36:19] <ratprime66> Dani like one of those music snobs who are dislike popular music for being popular RaccAttack RaccAttack RaccAttack
[2022-12-09 03:36:52] <ratprime66> Hmm, if it’s not Sunday is gaming banned
[2022-12-09 03:37:04] <ratprime66> Or is it just that you’re required to game on sunday
[2022-12-09 03:37:09] Viewerstats (03:08-03:37): avg:138 min:132 max:159 [15/159−17+0+0−8+3+0+3+0−3+0−5+0+3+0]
[2022-12-09 03:37:09] VIEWERS: 135
[2022-12-09 03:37:51] <ratprime66> The hog
[2022-12-09 03:37:53] <ratprime66> The hooks
[2022-12-09 03:37:57] <ratprime66> The heals
[2022-12-09 03:39:04] <kbuyek> im at 99 percent for ramtra skin
[2022-12-09 03:39:09] VIEWERS: 126
[2022-12-09 03:39:23] <%FATALHERMIT> wait, there's a ramtra skin? i probably already have it
[2022-12-09 03:39:31] <%FATALHERMIT> i love you all
[2022-12-09 03:39:35] <%FATALHERMIT> hydrate yall
[2022-12-09 03:39:43] <ratprime66> Ramtra skin just not showing up for me in drops heheCat
[2022-12-09 03:39:53] <%FATALHERMIT> KEKW
[2022-12-09 03:40:02] <%FATALHERMIT> SOOOOOOO CUTE
[2022-12-09 03:40:45] <%FATALHERMIT> so embarassing for your team to find out you have human emotions somnus1Hehe
[2022-12-09 03:41:09] VIEWERS: 126
[2022-12-09 03:41:15] <ratprime66> Emotions NotLikeThis NotLikeThis NotLikeThis
[2022-12-09 03:41:35] <%FATALHERMIT> im in shitposting mood after working for 8 hours on school stuff
[2022-12-09 03:41:40] <kbuyek> clipppppped
[2022-12-09 03:41:46] <%FATALHERMIT> i dont want to count the hours
[2022-12-09 03:43:09] VIEWERS: 126
[2022-12-09 03:43:22] <ratprime66> Gamin. Gfgff
[2022-12-09 03:43:51] <%FATALHERMIT> <3
[2022-12-09 03:44:34] <%TheDrobbit> Do you watch Rapida?
[2022-12-09 03:44:43] <ratprime66> I know some aquariums have YouTube channels so we can watch jellyfishes
[2022-12-09 03:45:09] VIEWERS: 130
[2022-12-09 03:45:24] <ratprime66> Otter
[2022-12-09 03:45:25] <ratprime66> Ong
[2022-12-09 03:45:27] <ratprime66> Omg
[2022-12-09 03:45:45] <ratprime66> Monkey!! With the drip
[2022-12-09 03:46:50] <ratprime66> I’m a little peckish but I shouldn’t keep eating clementines O_o
[2022-12-09 03:47:09] VIEWERS: 130
[2022-12-09 03:47:36] <ratprime66> THEYRE RIGHT TBERE AND AM LZY
[2022-12-09 03:49:09] VIEWERS: 127
[2022-12-09 03:51:09] VIEWERS: 119
[2022-12-09 03:52:47] <ratprime66> Sneaky ball
[2022-12-09 03:52:57] <ratprime66> *sneaky bright pink ball
[2022-12-09 03:52:58] <%FATALHERMIT> you could also act cute and distract their backline
[2022-12-09 03:53:09] VIEWERS: 119
[2022-12-09 03:53:32] <%FATALHERMIT> augHi  hi mercy! *crouches up and down*
[2022-12-09 03:53:49] <kbuyek> ima do sum zzzzz's and cant joi next stream gatta work out
[2022-12-09 03:54:10] <~%BallinDani> !ad
[2022-12-09 03:54:10] <@%^StreamElements> To avoid interruptions mid game, I run an ad while in q, twitch forces pre-rolls and mid-rolls now, so I'm looking for the best viewing experience for everyone 🥺Thanks for understanding. ballin45Love
[2022-12-09 03:55:09] VIEWERS: 115
[2022-12-09 03:56:36] <%TheDrobbit> “Whats this guy digging” Thats what she sId
[2022-12-09 03:57:09] VIEWERS: 120
[2022-12-09 03:57:49] <%FATALHERMIT> im drained from my 50 hours weeks
[2022-12-09 03:57:53] <%FATALHERMIT> but im still going strong
[2022-12-09 03:57:58] <%FATALHERMIT> eskayNyoom
[2022-12-09 03:59:09] VIEWERS: 120
[2022-12-09 04:00:54] <+TiggerTime666> my current problem with ow2 is i hate playing the game alone. also i hate the entire push war game mode
[2022-12-09 04:00:58] <ratprime66> Soljourn ult can be so strong
[2022-12-09 04:01:09] VIEWERS: 122
[2022-12-09 04:01:20] <+TiggerTime666> 3 second slow on the ult
[2022-12-09 04:01:52] <%TheDrobbit> Doom buffs were absurd
[2022-12-09 04:02:08] [Points] ratprime66 redeemed Hydrate! (500)
[2022-12-09 04:03:09] VIEWERS: 122
[2022-12-09 04:03:27] <+TiggerTime666> the doom buffs were needed as he was easily the worst tank before them. and even after them. he's certainly a bit on the strong side but he's no stronger than season 1 d.va or zarya
[2022-12-09 04:04:43] <%TheDrobbit> People that not actually play the game making the patches
[2022-12-09 04:05:09] VIEWERS: 122
[2022-12-09 04:07:09] Viewerstats (03:39-04:07): avg:122 min:115 max:130 [15/126+0+0+4+0−3−8+0−4+5+0+2+0+0−2]
[2022-12-09 04:07:09] VIEWERS: 120
[2022-12-09 04:08:20] <ratprime66> <3 be sure yall stretch , unclench jaw,  fix posture, and rest eyes for a little. It’s easy to forget these simple things charlo124L
[2022-12-09 04:08:36] <~%BallinDani> !ad
[2022-12-09 04:08:36] <@%^StreamElements> To avoid interruptions mid game, I run an ad while in q, twitch forces pre-rolls and mid-rolls now, so I'm looking for the best viewing experience for everyone 🥺Thanks for understanding. ballin45Love
[2022-12-09 04:09:09] VIEWERS: 120
[2022-12-09 04:10:32] <+TiggerTime666> the mistake with the current doom changes is that they all landed at once. if OW2 made balancing changes more often then every 3 months then it might not be so crazy if he had 1 of those buffs coming out on a biweekly schedule to see how he felt after each one.
[2022-12-09 04:11:09] VIEWERS: 120
[2022-12-09 04:11:12] <ratprime66> Digging montage!!
[2022-12-09 04:12:15] <%FATALHERMIT> dani, any plans for a chrismas outfit/accessory for your vtuber? augNoted
[2022-12-09 04:12:24] <%FATALHERMIT> the fans demand to know
[2022-12-09 04:13:00] <%FATALHERMIT> i too would dislike christmas if i were a gift to the world like you NOTED
[2022-12-09 04:13:09] VIEWERS: 118
[2022-12-09 04:14:41] <%+Valcanix> Sits hamter prime and ready
[2022-12-09 04:15:09] VIEWERS: 118
[2022-12-09 04:15:12] <+TiggerTime666> lol the soldiers name is slam
[2022-12-09 04:15:25] <%+Valcanix> slam his butt Sits
[2022-12-09 04:15:57] <%+Valcanix> Sits hamter prime and ready Sits hamter prime and ready Sits hamter prime and ready Sits hamter prime and ready
[2022-12-09 04:17:09] VIEWERS: 118
[2022-12-09 04:17:58] <%+Valcanix> one 7 out of 10 games with the squad today. was pretty awesome. kirko and lucio still solid picks. Clense is just too strong
[2022-12-09 04:18:08] <%+Valcanix> won*
[2022-12-09 04:19:03] <%+Valcanix> and was losing my voice today so calls hurt my throat aquaCry
[2022-12-09 04:19:09] VIEWERS: 116
[2022-12-09 04:19:41] <%TheDrobbit> Gona sleep. Gl in your games ballin45Love
[2022-12-09 04:20:06] <%+Valcanix> like ANA was just countered almost immediately when i saw her picked
[2022-12-09 04:20:09] <%TheDrobbit> ballin45Blankie
[2022-12-09 04:20:18] <%+Valcanix> its just using suzu at the right time
[2022-12-09 04:20:21] <%+Valcanix> rikkuFlower
[2022-12-09 04:20:28] <%+Valcanix> bye drobbit
[2022-12-09 04:20:31] <%+Valcanix> here flower
[2022-12-09 04:20:34] <+TiggerTime666> what do you think about ramattra?
[2022-12-09 04:21:09] VIEWERS: 108
[2022-12-09 04:21:25] <%+Valcanix> probably just need to time your transform as ram. like you need to be the one coordinating your team for pushes
[2022-12-09 04:21:51] <%+Valcanix> and use you grav pull to knock flying mercys/pharahs/echos out the sky
[2022-12-09 04:22:23] <%+Valcanix> lol song rikkuRaveblin
[2022-12-09 04:22:55] <$AbrahamLincuhh> HOLY SMOKES IS THAT THEE BALLINDANI THAT PLAYS THE HAMSTER CHARACTER IN OVERWATCH THEN CHAT CALLS HER CUTE abraha115Love abraha115Love abraha115Love
[2022-12-09 04:23:07] <%+Valcanix> catNODDING
[2022-12-09 04:23:09] <%+Valcanix> yus
[2022-12-09 04:23:09] VIEWERS: 108
[2022-12-09 04:23:16] <%+Valcanix> also welcome here flower rikkuFlower
[2022-12-09 04:23:19] <@%^StreamElements> Something cool or funny happen?🐹Remember to use (!)clip - without the brackets to save it for a youtube video! <3 thank you
[2022-12-09 04:23:46] <$AbrahamLincuhh> No u flower @valcanix alinee4Flower alinee4Flower
[2022-12-09 04:23:51] [Points] Valcanix redeemed Make me say something in VC (2 000) [in the walls]
[2022-12-09 04:24:02] <%+Valcanix> catNODDING
[2022-12-09 04:24:24] <$AbrahamLincuhh> I’m doing better than how I was two days ago
[2022-12-09 04:24:26] <$AbrahamLincuhh> Hby
[2022-12-09 04:25:01] <%+Valcanix> if the walls call helped someone your welcome lol
[2022-12-09 04:25:09] VIEWERS: 114
[2022-12-09 04:25:40] <%+Valcanix> i always do it in a quickplay if we are making calls. just call out normally then go "in the walls" KEKW
[2022-12-09 04:25:55] <%+Valcanix> @AbrahamLincuhh thx fren
[2022-12-09 04:26:05] <%+Valcanix> aicHEART
[2022-12-09 04:27:09] VIEWERS: 114
[2022-12-09 04:27:21] <$AbrahamLincuhh> Ok it’s time for me to go back to work
[2022-12-09 04:27:24] <$AbrahamLincuhh> BYE DANI AND CHAT
[2022-12-09 04:27:28] <$AbrahamLincuhh> abraha115Love abraha115Love
[2022-12-09 04:27:29] <%+Valcanix> LESS GOOOOOOO
[2022-12-09 04:27:37] <%+Valcanix> rubeeWave
[2022-12-09 04:28:19] <%+Valcanix> im on the grind to get out of Gold 5 rn
[2022-12-09 04:28:24] <%+Valcanix> the games have actually been ok
[2022-12-09 04:28:32] <%+Valcanix> like they are challenging but we win
[2022-12-09 04:28:50] <%+Valcanix> catNODDING definetly
[2022-12-09 04:29:08] <%+Valcanix> like i had to jump of BAP so many times to switch to moira on OT payload
[2022-12-09 04:29:09] VIEWERS: 114
[2022-12-09 04:29:45] <%+Valcanix> but kirkio is just fun to play so i play her anyway with the lucio combo
[2022-12-09 04:30:19] <%+Valcanix> then our Doom is just so happy with the buff that he will just mess up their lines KEKW
[2022-12-09 04:30:50] <%+Valcanix> catNODDING he mained in season 1 but played him less cause he was tricky
[2022-12-09 04:30:58] <%+Valcanix> he mained him in ow1 aswell
[2022-12-09 04:31:09] VIEWERS: 109
[2022-12-09 04:31:15] [Points] ReapingBandit redeemed Ad Time (200)
[2022-12-09 04:31:26] <+TiggerTime666> ive been playing doom as my tank of choice for OW2 he's just the most fun
[2022-12-09 04:31:32] <~%BallinDani> !ad
[2022-12-09 04:31:33] <@%^StreamElements> To avoid interruptions mid game, I run an ad while in q, twitch forces pre-rolls and mid-rolls now, so I'm looking for the best viewing experience for everyone 🥺Thanks for understanding. ballin45Love
[2022-12-09 04:31:34] <%+Valcanix> yee deffo
[2022-12-09 04:31:45] <~%BallinDani> @TiggerTime666 real
[2022-12-09 04:31:49] <%+Valcanix> doom is fun but i dont play tank so much
[2022-12-09 04:31:58] <%+Valcanix> usually i pick monke or orisa
[2022-12-09 04:32:38] <%+Valcanix> if my team ever notice a ball or orisa we do sometimes switch to sombra to stop the overextends and punish
[2022-12-09 04:33:09] VIEWERS: 109
[2022-12-09 04:33:10] <%+Valcanix> rikkuBin dig
[2022-12-09 04:33:37] <%+Valcanix> yeah shes very situational. not the best tbh
[2022-12-09 04:33:58] <%+Valcanix> its why its a sometimes pick like the best she has is the hack and even that was nerfed
[2022-12-09 04:34:35] <%+Valcanix> we dig Sits
[2022-12-09 04:34:42] <%+Valcanix> Sits hamter prime and readySits hamter prime and readySits hamter prime and ready
[2022-12-09 04:34:49] <@%^StreamElements> OI ❓ YOU HAVEN'T JOINED DANI'S SERVER❓ WHAT'S WRONG WITH YOU❓ Join here!: https://discord.gg/F6JjdbVSb4
[2022-12-09 04:34:57] <%+Valcanix> beepboop rikkuRoll
[2022-12-09 04:35:09] VIEWERS: 105
[2022-12-09 04:35:13] <!%+KLOmegalul> why do you have 100 viewers
[2022-12-09 04:35:14] <!%+KLOmegalul> what happened
[2022-12-09 04:35:20] <%+Valcanix> always EU catNODDING
[2022-12-09 04:35:29] <!%+KLOmegalul> large
[2022-12-09 04:35:30] <%+Valcanix> @KLOmegalul rikkuFlower
[2022-12-09 04:35:37] <+TiggerTime666> sombra was quite the menace before her hack changes though. when she was chain hacking tanks for the whole game
[2022-12-09 04:35:53] <%+Valcanix> @TiggerTime666 mhm true catNODDING
[2022-12-09 04:36:07] <!%+KLOmegalul> you got some suspicious 7tv emote
[2022-12-09 04:36:11] <%+Valcanix> tracer a better flanker
[2022-12-09 04:36:11] <!%+KLOmegalul> SitHere
[2022-12-09 04:36:20] <%+Valcanix> Sits
[2022-12-09 04:36:22] <%+Valcanix> we sit
[2022-12-09 04:36:27] <!%+KLOmegalul> Sits
[2022-12-09 04:36:32] <%+Valcanix> those are my thighs IRL ngl
[2022-12-09 04:36:50] <%+Valcanix> god blessed me with good thighs but wrong sex KEKW
[2022-12-09 04:37:04] <%+Valcanix> Sits hamter prime and ready Sits hamter prime and ready Sits hamter prime and ready
[2022-12-09 04:37:09] Viewerstats (04:09-04:37): avg:113 min:105 max:120 [15/120+0−2+0+0−2−8+0+6+0+0−5+0−4+0]
[2022-12-09 04:37:09] VIEWERS: 105
[2022-12-09 04:37:52] [Usernotice] jesthral is gifting 3 Tier 1 Subs to BallinDani's community! They've gifted a total of 95 in the channel!
[2022-12-09 04:37:52] [Notification] jesthral gifted a Tier 1 sub to Meowalia!
[2022-12-09 04:37:52] [Notification] jesthral gifted a Tier 1 sub to yJaBrutus!
[2022-12-09 04:37:52] [Notification] jesthral gifted a Tier 1 sub to SirGhostyBoy!
[2022-12-09 04:38:04] <%+Valcanix> POGGIES omg
[2022-12-09 04:38:13] <%+Valcanix> @jesthral rikkuFlower
[2022-12-09 04:38:16] <+ReapingBandit> HypeLove1 HypeLove1
[2022-12-09 04:38:19] <%+Valcanix> dink donk
[2022-12-09 04:38:23] <@%+jesthral> much love chat
[2022-12-09 04:38:28] <%+Valcanix> ring the bell catNODDING
[2022-12-09 04:38:28] <@%+jesthral> 92 was so ugly looking
[2022-12-09 04:38:53] <%+Valcanix> im too poor to sub i just Sits and watch
[2022-12-09 04:38:55] <@%+jesthral> !song
[2022-12-09 04:38:59] <@%^StreamElements> ▶️ Avril Lavigne - "I Love You" -> open.spotify.com/track/1Tl0YVT3Br2AIqYT3VlEdo
[2022-12-09 04:39:06] <@%+jesthral> it truly is always avril
[2022-12-09 04:39:09] VIEWERS: 110
[2022-12-09 04:40:12] <%+Valcanix> Sits hamter prime and ready Sits hamter prime and ready Sits hamter prime and readySits hamter prime and ready Sits hamter prime and ready Sits hamter prime and ready
[2022-12-09 04:40:46] <%+Valcanix> i hate ball sometimes. just sits on me Sadge
[2022-12-09 04:41:00] <@%+jesthral> ball good round character
[2022-12-09 04:41:09] VIEWERS: 110
[2022-12-09 04:41:10] <+ReapingBandit> low elo rein is such a nightmare
[2022-12-09 04:41:16] <%+Valcanix> ball just fun and good for grabbing aggro
[2022-12-09 04:41:52] <@%+jesthral> what buffs would make sense for ball
[2022-12-09 04:42:03] <%+Valcanix> more health KEKW
[2022-12-09 04:42:49] <%+Valcanix> more DMG per bullet? bit much ?
[2022-12-09 04:43:09] VIEWERS: 104
[2022-12-09 04:43:18] <@%+jesthral> ballin 'not like the other girls' dani
[2022-12-09 04:44:01] <%+Valcanix> other Girls : dva Dani: we ballin rikkuRoll
[2022-12-09 04:44:21] <@%+jesthral> we're going to need a rolling emote tbh
[2022-12-09 04:44:23] <+TiggerTime666> what if they reduced the deploy time on his mines?
[2022-12-09 04:45:04] <%+Valcanix> sombra is a meh counter but buffing sombra makes her good against everyone else
[2022-12-09 04:45:14] VIEWERS: 100
[2022-12-09 04:45:29] <%+Valcanix> like you can hack ball out of ball no ?
[2022-12-09 04:45:51] <%+Valcanix> the he just hamter in mech
[2022-12-09 04:45:53] <%+Valcanix> Sits hamter prime and ready Sits hamter prime and ready Sits hamter prime and readySits hamter prime and ready Sits hamter prime and ready Sits hamter prime and ready
[2022-12-09 04:46:04] <@%+jesthral> ballin45Sip
[2022-12-09 04:47:08] <%+Valcanix> we sit Sits
[2022-12-09 04:47:14] VIEWERS: 100
[2022-12-09 04:47:58] <+TiggerTime666> what if for ball targets that were slammmed took 10% more damage from ball for a short duration
[2022-12-09 04:48:27] <@%+jesthral> what if slammed targets fall through map
[2022-12-09 04:48:43] <%+Valcanix> what if ball bigger
[2022-12-09 04:48:54] <%+Valcanix> size of map
[2022-12-09 04:48:54] <@%+jesthral> b i g g e r
[2022-12-09 04:49:02] <@%+jesthral> smaller?
[2022-12-09 04:49:08] <@%+jesthral> like lil tiny ball
[2022-12-09 04:49:12] <%+Valcanix> omg
[2022-12-09 04:49:14] VIEWERS: 100
[2022-12-09 04:49:19] <%+Valcanix> there was a mode like that
[2022-12-09 04:49:19] <@%+jesthral> actual hampter size
[2022-12-09 04:49:34] <%+Valcanix> like i would get my ball to 1 hp and i would just be so tiny
[2022-12-09 04:50:16] <@%+jesthral> had scrimmies today
[2022-12-09 04:50:20] <@%+jesthral> and just felt bad for ramatra
[2022-12-09 04:50:30] <@%+jesthral> dude cannot do a tap
[2022-12-09 04:50:30] <%+Valcanix> i get comfy in bed. probs will sleep but will try and chat as much as i can Sits
[2022-12-09 04:50:48] <@%+jesthral> we were trying him out for the craic
[2022-12-09 04:50:57] <@%+jesthral> no craic was had
[2022-12-09 04:51:14] VIEWERS: 98
[2022-12-09 04:52:18] <@%+jesthral> doomfist is the guy rn
[2022-12-09 04:52:39] <@%+jesthral> also new backline is kiriko ana
[2022-12-09 04:52:47] <@%+jesthral> absolutely demolishes
[2022-12-09 04:53:14] VIEWERS: 98
[2022-12-09 04:53:19] <@%^StreamElements> Something cool or funny happen?🐹Remember to use (!)clip - without the brackets to save it for a youtube video! <3 thank you
[2022-12-09 04:53:59] <@%+jesthral> ball yo-yo skin when?
[2022-12-09 04:54:46] <%+Valcanix> Fireball
[2022-12-09 04:55:15] VIEWERS: 104
[2022-12-09 04:55:15] <%+Valcanix> rikkuFlower
[2022-12-09 04:55:26] <%+Valcanix> here flower new followers
[2022-12-09 04:56:15] <%+Valcanix> !song
[2022-12-09 04:56:16] <@%^StreamElements> ▶️ Enter Shikari, WARGASM (UK) - "The Void Stares Back" -> open.spotify.com/track/77mpqKN60xRdFiLo1SmMlo
[2022-12-09 04:56:26] <%VerySppooky> PizzaTime !!!!
[2022-12-09 04:56:34] <+TiggerTime666> watermelon ball skin  grapple is a vine and his mines are seeds
[2022-12-09 04:56:53] <%+Valcanix> @verysppooky rikkuFlower
[2022-12-09 04:57:19] VIEWERS: 109
[2022-12-09 04:57:29] <%+Valcanix> rikkuFlower new follower
[2022-12-09 04:57:50] <@%+jesthral> 900 soon wowee
[2022-12-09 04:57:50] <%FATALHERMIT> @VerySppooky hessaLove
[2022-12-09 04:58:04] <%+Valcanix> @fatalhermit rikkuFlower
[2022-12-09 04:58:05] <%VerySppooky> fatal twilPogcrazy
[2022-12-09 04:58:26] <%VerySppooky> valcanix eskayHeart
[2022-12-09 04:59:11] <%+Valcanix> I have many flower rikkuSit
[2022-12-09 04:59:20] VIEWERS: 109
[2022-12-09 05:00:57] <xx_strelizia_xx1727> Ayo Suppp✌🏻
[2022-12-09 05:01:01] <%VerySppooky> i leave goobye peepoJuice
[2022-12-09 05:01:13] <@%+jesthral> goobye
[2022-12-09 05:01:22] VIEWERS: 97
[2022-12-09 05:03:23] VIEWERS: 89
[2022-12-09 05:03:27] <%+Valcanix> i must sleep. bye gamers rikkuRoll
[2022-12-09 05:03:32] <~%BallinDani> !ad
[2022-12-09 05:03:32] <@%^StreamElements> To avoid interruptions mid game, I run an ad while in q, twitch forces pre-rolls and mid-rolls now, so I'm looking for the best viewing experience for everyone 🥺Thanks for understanding. ballin45Love
[2022-12-09 05:03:48] <@%+jesthral> gn gn!
[2022-12-09 05:03:56] <@%+jesthral> you and the tracer go wild
[2022-12-09 05:04:07] <@%+jesthral> yum an ad
[2022-12-09 05:04:18] <@%+jesthral> frikin love ads
[2022-12-09 05:04:35] <~%BallinDani> ur getting ads???
[2022-12-09 05:04:36] <~%BallinDani> wtf
[2022-12-09 05:04:48] <@%+jesthral> nah i joke, i could never get an ad
[2022-12-09 05:04:49] <@%^StreamElements> OI ❓ YOU HAVEN'T JOINED DANI'S SERVER❓ WHAT'S WRONG WITH YOU❓ Join here!: https://discord.gg/F6JjdbVSb4
[2022-12-09 05:05:24] VIEWERS: 89
[2022-12-09 05:05:57] <@%+jesthral> lmao
[2022-12-09 05:07:25] Viewerstats (04:39-05:07): avg:100 min:89 max:110 [15/110+0−6−4+0+0−2+0+6+5+0−12−8+0+5]
[2022-12-09 05:07:25] VIEWERS: 94
[2022-12-09 05:09:02] <xx_strelizia_xx1727> U very gud as hamster, keep it up✌🏻🤍
[2022-12-09 05:09:25] VIEWERS: 94
[2022-12-09 05:10:02] <@phecda> veiSpy
[2022-12-09 05:10:17] <%FATALHERMIT> should i buy dwarf fortress and let it swallow my life?
[2022-12-09 05:10:24] <@phecda> @FATALHERMIT Join me..
[2022-12-09 05:10:42] <@phecda> @FATALHERMIT It does have a deep learning curve tho. But losing is fun! tippiComfy
[2022-12-09 05:10:44] <%FATALHERMIT> @FATALHERMIT im not surprised charlo124Hehe
[2022-12-09 05:11:10] <@phecda> How do you not know Dwarf Fortress
[2022-12-09 05:11:10] <spaceukko> helloes
[2022-12-09 05:11:10] <@phecda> veiD
[2022-12-09 05:11:24] <@phecda> The hit game from 25 years ago which got a modern Steam release a few days ago
[2022-12-09 05:11:25] VIEWERS: 91
[2022-12-09 05:12:00] <@phecda> Go make a tavern and get cats drunk or something veiD
[2022-12-09 05:12:21] <%FATALHERMIT> @phecda actual gameplay example @BallinDani
[2022-12-09 05:12:50] <@phecda> @phecda Get attacked by an angry eagle, have it kill your citizen next to a statue and summon the spirit of death
[2022-12-09 05:13:10] <@phecda> Or fell a tree in the tutorial and have silt drop on the dwarfs' head and kill em
[2022-12-09 05:13:25] VIEWERS: 91
[2022-12-09 05:13:33] <@%+jesthral> cleanse so good and fair
[2022-12-09 05:14:01] <@phecda> I won't tell people to spend money on gacha games, smh. I spend money so others don't javoGiggle
[2022-12-09 05:14:25] <%FATALHERMIT> my hero! @phecda cdbrWOW
[2022-12-09 05:14:41] <@phecda> @FATALHERMIT My wallet will hurt in january when the next character I need releases
[2022-12-09 05:14:44] <@phecda> I want her on A6
[2022-12-09 05:15:25] VIEWERS: 93
[2022-12-09 05:16:19] <%FATALHERMIT> it had ASCII graphics iirc
[2022-12-09 05:16:52] <%FATALHERMIT> now they even added BUTTONS!
[2022-12-09 05:17:03] <@phecda> An irl friend asked me to carry him in a dungeon today, he did 314k damage!
[2022-12-09 05:17:09] <@phecda> I did 19 million.
[2022-12-09 05:17:12] <@phecda> KEKW
[2022-12-09 05:17:25] VIEWERS: 95
[2022-12-09 05:17:58] <spaceukko> ana no important kill
[2022-12-09 05:19:18] <@phecda> The difference between a level 54 new player at like 15k rating and a veteran is so big veiOMEGALUL It's hilarious
[2022-12-09 05:19:25] VIEWERS: 95
[2022-12-09 05:21:22] <spaceukko> doomfists feel so weird no
[2022-12-09 05:21:25] VIEWERS: 91
[2022-12-09 05:21:32] <spaceukko> its like no cooldowns
[2022-12-09 05:22:11] <@phecda> I should probably sleep. It's 5:22am tippiS
[2022-12-09 05:22:44] <@phecda> !sombra
[2022-12-09 05:22:45] <@%^StreamElements> i cry
[2022-12-09 05:22:53] <@phecda> javoGiggle
[2022-12-09 05:23:19] <@%^StreamElements> Something cool or funny happen?🐹Remember to use (!)clip - without the brackets to save it for a youtube video! <3 thank you
[2022-12-09 05:23:25] VIEWERS: 91
[2022-12-09 05:25:30] VIEWERS: 91
[2022-12-09 05:27:30] VIEWERS: 90
[2022-12-09 05:29:30] VIEWERS: 90
[2022-12-09 05:29:30] <~%BallinDani> !ad
[2022-12-09 05:29:31] <@%^StreamElements> To avoid interruptions mid game, I run an ad while in q, twitch forces pre-rolls and mid-rolls now, so I'm looking for the best viewing experience for everyone 🥺Thanks for understanding. ballin45Love
[2022-12-09 05:30:22] <%FATALHERMIT> you should hire him to build your gaming burrow
[2022-12-09 05:30:43] <@%+jesthral> big rust energy
[2022-12-09 05:31:30] VIEWERS: 90
[2022-12-09 05:31:45] <+amsquall> amogus
[2022-12-09 05:32:06] <%FATALHERMIT> i just pictured lauren coming home, opening the trap door in there and finding you going full degen mode for a subathon somnus1Hehe
[2022-12-09 05:32:11] <+amsquall> im bing chilling jk
[2022-12-09 05:33:30] VIEWERS: 91
[2022-12-09 05:35:30] VIEWERS: 87
[2022-12-09 05:37:30] Viewerstats (05:09-05:37): avg:91 min:87 max:95 [15/94−3+0+2+2+0−4+0+0−1+0+0+1−4+0]
[2022-12-09 05:37:30] VIEWERS: 87
[2022-12-09 05:39:30] VIEWERS: 79
[2022-12-09 05:39:51] <%$Ms_Smnth> Dani cute
[2022-12-09 05:39:51] <@%^StreamElements> MrDestructoid DO NOT CALL THE HAMSTER CUTE MrDestructoid
[2022-12-09 05:41:05] <+amsquall> !song
[2022-12-09 05:41:06] <@%^StreamElements> ▶️ Enter Shikari - "Radiate" -> open.spotify.com/track/2L5nTtd9Pm39mGbhXNN9Jk
[2022-12-09 05:41:17] <+amsquall> ah i thought this sounded familiar
[2022-12-09 05:41:30] VIEWERS: 79
[2022-12-09 05:41:48] <+amsquall> ik ik ik
[2022-12-09 05:43:30] VIEWERS: 79
[2022-12-09 05:45:30] VIEWERS: 81
[2022-12-09 05:46:05] <%$Ms_Smnth> sorry to say, but you have a solid sleep schedule
[2022-12-09 05:46:32] <%jessie_been_here> yooo
[2022-12-09 05:46:35] <+kzr_nvd> itsdepYep itsdepYep
[2022-12-09 05:46:53] <+kzr_nvd> ahoy hoy nkoHi
[2022-12-09 05:46:58] <+kzr_nvd> fatalhermit sent me here
[2022-12-09 05:47:06] <%jessie_been_here> i was just playing doom and he is so fun now
[2022-12-09 05:47:11] <%jessie_been_here> unfairly fun
[2022-12-09 05:47:22] <~%BallinDani> !ad
[2022-12-09 05:47:22] <@%^StreamElements> To avoid interruptions mid game, I run an ad while in q, twitch forces pre-rolls and mid-rolls now, so I'm looking for the best viewing experience for everyone 🥺Thanks for understanding. ballin45Love
[2022-12-09 05:47:22] <%FATALHERMIT> hi kzr!! augLove
[2022-12-09 05:47:30] <+kzr_nvd> hiii fatal
[2022-12-09 05:47:30] VIEWERS: 81
[2022-12-09 05:47:37] <%$Ms_Smnth> im not gonna stop untill you accept it
[2022-12-09 05:47:49] <%jessie_been_here> ads reasonable
[2022-12-09 05:47:54] <+kzr_nvd> no worries
[2022-12-09 05:47:55] <%$Ms_Smnth> then im never gonna stop
[2022-12-09 05:47:56] <%$Ms_Smnth> hehe
[2022-12-09 05:48:05] <%FATALHERMIT> i will fight at your sides @Ms_Smnth
[2022-12-09 05:48:13] <%FATALHERMIT> dani cute dani cute! charlo124Hehe
[2022-12-09 05:48:13] <@%^StreamElements> MrDestructoid DO NOT CALL THE HAMSTER CUTE MrDestructoid
[2022-12-09 05:48:18] <%$Ms_Smnth> Chat agains the cutie streamer
[2022-12-09 05:48:24] <+kzr_nvd> I see u can get a Dr Disrepectskin when u order from borger world
[2022-12-09 05:48:27] <%$Ms_Smnth> who will come out ontop
[2022-12-09 05:49:19] <%jessie_been_here> whats he trying to do?
[2022-12-09 05:49:30] VIEWERS: 81
[2022-12-09 05:49:41] <+kzr_nvd> lol that was from the Ad that I was watching
[2022-12-09 05:50:37] <%$Ms_Smnth> isn't your lucio from last game
[2022-12-09 05:50:41] <%$Ms_Smnth> or am i trippin
[2022-12-09 05:51:00] <+kzr_nvd> I wonder if they named him after Richard Hammond? nkoThink
[2022-12-09 05:51:08] <%$Ms_Smnth> oh lmfao
[2022-12-09 05:51:24] <%$Ms_Smnth> I mean he is a hampter
[2022-12-09 05:51:30] VIEWERS: 78
[2022-12-09 05:51:31] <+kzr_nvd> ^
[2022-12-09 05:53:19] <@%^StreamElements> Something cool or funny happen?🐹Remember to use (!)clip - without the brackets to save it for a youtube video! <3 thank you
[2022-12-09 05:53:27] <%$Ms_Smnth> Gtg. Have a fun stream and stay cute
[2022-12-09 05:53:30] VIEWERS: 78
[2022-12-09 05:54:33] <+kzr_nvd> laterz @Ms_Smnth nkoHi
[2022-12-09 05:55:30] VIEWERS: 81
[2022-12-09 05:56:09] <+kzr_nvd> Eyyy, u haz a Hyperx keyboard with red switches tooo nkoHypers
[2022-12-09 05:57:16] <+kzr_nvd> ya it says that under your system specs
[2022-12-09 05:57:19] <%FATALHERMIT> kzr can hear the difference dug
[2022-12-09 05:57:21] <%FATALHERMIT> duh
[2022-12-09 05:57:30] VIEWERS: 81
[2022-12-09 05:57:31] <+kzr_nvd> Uhhh. ya... that too nkoCool
[2022-12-09 05:59:30] VIEWERS: 78
[2022-12-09 06:00:35] <+kzr_nvd> wow that mercy's really slippery
[2022-12-09 06:01:30] VIEWERS: 78
[2022-12-09 06:03:30] VIEWERS: 78
[2022-12-09 06:03:35] <%CharlottePosting> hiii
[2022-12-09 06:03:36] <%CharlottePosting> fuck
[2022-12-09 06:03:36] <+shyex> he was top 150 no ?
[2022-12-09 06:04:14] <+shyex> Oh my bad .
[2022-12-09 06:04:18] <%CharlottePosting> I finished my final essay 1 minute before it was due
[2022-12-09 06:05:30] VIEWERS: 79
[2022-12-09 06:06:13] <%CharlottePosting> real
[2022-12-09 06:06:20] <%CharlottePosting> how long did you go last night
[2022-12-09 06:06:20] <+kzr_nvd> Hi @CharlottePosting nkoHi
[2022-12-09 06:06:28] <%CharlottePosting> hi @kzr_nvd alinee4Wave
[2022-12-09 06:07:12] <+kzr_nvd> awww I love that wave emote lilyzNOD
[2022-12-09 06:07:30] Viewerstats (05:39-06:07): avg:79 min:78 max:81 [15/79+0+0+2+0+0−3+0+3+0−3+0+0+1+0]
[2022-12-09 06:07:30] VIEWERS: 79
[2022-12-09 06:07:38] <%CharlottePosting> BIGTRANS
[2022-12-09 06:07:45] <%CharlottePosting> true
[2022-12-09 06:09:02] <%CharlottePosting> i hope meeting family went well the other night
[2022-12-09 06:09:06] <%CharlottePosting> i dont remember days
[2022-12-09 06:09:29] <%CharlottePosting> everything has been so blended together so hopefully it wasnt awhile ago
[2022-12-09 06:09:31] VIEWERS: 75
[2022-12-09 06:11:15] <spaceukko> spinKitty
[2022-12-09 06:11:18] <%FATALHERMIT> @CharlottePosting i dont remember how long i worked this week
[2022-12-09 06:11:22] <%FATALHERMIT> ive*
[2022-12-09 06:11:30] <%FATALHERMIT> i dont want to care too
[2022-12-09 06:11:33] VIEWERS: 75
[2022-12-09 06:11:43] <spaceukko> top 5 hamster
[2022-12-09 06:11:55] <%FATALHERMIT> back to lurking auriia1Lurk
[2022-12-09 06:12:02] <%CharlottePosting> jesus christ, girl
[2022-12-09 06:12:06] <spaceukko> true
[2022-12-09 06:12:07] <%CharlottePosting> absolutely insane
[2022-12-09 06:12:10] <spaceukko> best hamster
[2022-12-09 06:13:34] VIEWERS: 74
[2022-12-09 06:14:21] <+kzr_nvd> ight, i gotta get going.
[2022-12-09 06:14:35] <+kzr_nvd> have a gud strim all nkoLove nkoHi nkoLeave
[2022-12-09 06:15:30] <~%BallinDani> !ad
[2022-12-09 06:15:30] <@%^StreamElements> To avoid interruptions mid game, I run an ad while in q, twitch forces pre-rolls and mid-rolls now, so I'm looking for the best viewing experience for everyone 🥺Thanks for understanding. ballin45Love
[2022-12-09 06:15:35] VIEWERS: 74
[2022-12-09 06:16:54] <spaceukko> minecraft in 8k
[2022-12-09 06:17:31] <spaceukko> that light from welding is so annoying
[2022-12-09 06:17:35] VIEWERS: 74
[2022-12-09 06:17:45] <spaceukko> especially when someone is not warning peeps without mask about it
[2022-12-09 06:17:46] [Points] MusicalGlaceon redeemed Hydrate! (500)
[2022-12-09 06:18:49] <@MusicalGlaceon> after i sleep tonight i will be great
[2022-12-09 06:19:35] VIEWERS: 79
[2022-12-09 06:20:16] <@MusicalGlaceon> men loving tunnels? sounds sus
[2022-12-09 06:20:27] <spaceukko> I once almost went to get miner profession
[2022-12-09 06:21:02] <@MusicalGlaceon> wee woo
[2022-12-09 06:21:21] <spaceukko> has he found any diamonds yet
[2022-12-09 06:21:35] VIEWERS: 69
[2022-12-09 06:22:45] <@MusicalGlaceon> !cute
[2022-12-09 06:22:45] <@%^StreamElements> dani is a cutie
[2022-12-09 06:23:19] <@%^StreamElements> Something cool or funny happen?🐹Remember to use (!)clip - without the brackets to save it for a youtube video! <3 thank you
[2022-12-09 06:23:35] VIEWERS: 69
[2022-12-09 06:24:25] <spaceukko> I got so annoyed yesterday from goofy matchmakings and was considering going back to paladins
[2022-12-09 06:24:50] <spaceukko> but paladins matchmaking is even worse
[2022-12-09 06:25:35] VIEWERS: 69
[2022-12-09 06:27:35] VIEWERS: 67
[2022-12-09 06:28:20] <@MusicalGlaceon> mercy helping dani out of a tight spot eh ;3
[2022-12-09 06:29:39] VIEWERS: 67
[2022-12-09 06:31:39] VIEWERS: 65
[2022-12-09 06:32:16] <@%+jesthral> !switch
[2022-12-09 06:32:16] <@%^StreamElements> Dani has been told to get off ball/bastion 20 times!
[2022-12-09 06:32:25] <RedWolfNaora> redwol35Hi redwol35Hi redwol35Hi redwol35Heart redwol35Heart redwol35Heart
[2022-12-09 06:33:26] <%mak__ow> alinee4Flower
[2022-12-09 06:33:40] VIEWERS: 65
[2022-12-09 06:35:40] VIEWERS: 66
[2022-12-09 06:36:18] <RedWolfNaora> redwol35Angy redwol35Angy redwol35Angy
[2022-12-09 06:37:39] <~%BallinDani> !ad
[2022-12-09 06:37:39] <@%^StreamElements> To avoid interruptions mid game, I run an ad while in q, twitch forces pre-rolls and mid-rolls now, so I'm looking for the best viewing experience for everyone 🥺Thanks for understanding. ballin45Love
[2022-12-09 06:37:42] Viewerstats (06:09-06:37): avg:70 min:65 max:79 [15/75+0−1+0+0+5−10+0+0−2+0−2+0+1+0]
[2022-12-09 06:37:42] VIEWERS: 66
[2022-12-09 06:38:41] <@%chickensquawk> irl mincraft
[2022-12-09 06:39:21] <@%chickensquawk> splatoon 3 won multiplayer game of the year and im laughing
[2022-12-09 06:39:45] VIEWERS: 66
[2022-12-09 06:39:52] <@%chickensquawk> oh not move to it its not as good
[2022-12-09 06:40:10] <@%chickensquawk> its got far more netcode issues than overwatch ever had
[2022-12-09 06:40:43] <@%chickensquawk> uh i still scrim and stuff, depression and a bit of pokemon sprinkled in
[2022-12-09 06:40:46] <@%chickensquawk> and minecraft
[2022-12-09 06:41:45] VIEWERS: 65
[2022-12-09 06:42:05] <@%chickensquawk> uh well our team have historically been like playing comp game with the same people for 2 hours tbh lol
[2022-12-09 06:42:53] <@%chickensquawk> lucio otp
[2022-12-09 06:43:38] <@%chickensquawk> our folk were complaining about losing rank at start of season but  sure it's w/e
[2022-12-09 06:43:45] VIEWERS: 65
[2022-12-09 06:45:26] <doomfisturmom> THANK YOUUUU
[2022-12-09 06:45:38] <doomfisturmom> your really good at this game jeez
[2022-12-09 06:45:45] VIEWERS: 65
[2022-12-09 06:45:51] <doomfisturmom> YOU GOT THIS
[2022-12-09 06:45:55] <haattm_> yoo gm.
[2022-12-09 06:45:58] <doomfisturmom> WHOOOOO
[2022-12-09 06:46:01] <@%chickensquawk> she learned everything she knows from minecraft bedrock edition
[2022-12-09 06:46:15] <doomfisturmom> is that mean or nice
[2022-12-09 06:46:28] <@%chickensquawk> minecraft is a good game wdym
[2022-12-09 06:46:47] <doomfisturmom> how long of a stream are you doing
[2022-12-09 06:47:11] <doomfisturmom> OKKKK THANK YOUUUUUUU
[2022-12-09 06:47:45] VIEWERS: 64
[2022-12-09 06:48:17] <@%chickensquawk> so doomfist is a thing
[2022-12-09 06:49:45] VIEWERS: 61
[2022-12-09 06:50:13] <@%chickensquawk> tracer also a monster
[2022-12-09 06:51:01] <+magestuus> cringe
[2022-12-09 06:51:45] VIEWERS: 61
[2022-12-09 06:52:46] <%JustJaylaT> AAAAAAAAAAAAA
[2022-12-09 06:53:00] <%JustJaylaT> Work is nearly over for the week!!!!
[2022-12-09 06:53:19] <@%^StreamElements> Something cool or funny happen?🐹Remember to use (!)clip - without the brackets to save it for a youtube video! <3 thank you
[2022-12-09 06:53:26] <%JustJaylaT> My week has been a bit icky but cute streamers make it better eskayShy
[2022-12-09 06:53:45] VIEWERS: 70
[2022-12-09 06:53:53] [Points] chickensquawk redeemed Make me say something in VC (2 000) [one of the lenses of my glasses fell into the toilet bowl]
[2022-12-09 06:55:45] VIEWERS: 70
[2022-12-09 06:56:08] <@%chickensquawk> that was gonna be a tts but i was like ah good enough
[2022-12-09 06:57:21] <@%chickensquawk> i had to fish it out it sounded like a coin hitting the floor
[2022-12-09 06:57:29] <%JustJaylaT> Wew its home time. I might be back when i get home ballin45Dip
[2022-12-09 06:57:36] <@%chickensquawk> and then i put my glasses on again later and there was a missing glass
[2022-12-09 06:57:44] <@%chickensquawk> so it somehow wasn't flushed away
[2022-12-09 06:57:46] VIEWERS: 69
[2022-12-09 06:58:03] <%JustJaylaT> Ill try queen <3 you too
[2022-12-09 06:59:21] <~%BallinDani> !ad
[2022-12-09 06:59:21] <@%^StreamElements> To avoid interruptions mid game, I run an ad while in q, twitch forces pre-rolls and mid-rolls now, so I'm looking for the best viewing experience for everyone 🥺Thanks for understanding. ballin45Love
[2022-12-09 06:59:46] VIEWERS: 68
[2022-12-09 07:00:46] <@%chickensquawk> seeing the rock is interesting
[2022-12-09 07:01:46] VIEWERS: 68
[2022-12-09 07:01:54] <@%chickensquawk> i just got a set of armenian earth pigments today and an american pipestone.
[2022-12-09 07:02:44] <@%chickensquawk> imagine the effort those people put into carving houses into cliff faces
[2022-12-09 07:03:46] VIEWERS: 66
[2022-12-09 07:03:59] <@%chickensquawk> cold i think
[2022-12-09 07:05:09] <@%chickensquawk> yeah cause old fridges were basically just cellars. i think kitchens used to be in the basement?
[2022-12-09 07:05:46] VIEWERS: 66
[2022-12-09 07:06:53] <@%chickensquawk> looks like a rust build
[2022-12-09 07:07:46] Viewerstats (06:39-07:07): avg:66 min:61 max:70 [15/66−1+0+0−1−3+0+9+0−1−1+0−2+0+0]
[2022-12-09 07:07:46] VIEWERS: 66
[2022-12-09 07:08:21] <%$bloo_the_shrimp> wsp
[2022-12-09 07:09:34] [Notification] AbrahamLincuhh subscribed at Tier 1. They've subscribed for 4 months! [BBNO 🧀  is here again]
[2022-12-09 07:09:46] VIEWERS: 63
[2022-12-09 07:09:54] <%$AbrahamLincuhh> Weee woooo
[2022-12-09 07:10:02] <~%BallinDani> !subhype
[2022-12-09 07:10:02] <@%^StreamElements> Thank you for the sub <3 ballin45Hype ballin45Love ballin45Hype ballin45Love ballin45Hype ballin45Love ballin45Hype ballin45Love ballin45Hype ballin45Love ballin45Hype ballin45Love ballin45Hype ballin45Love ballin45Hype ballin45Love ballin45Hype ballin45Love ballin45Hype ballin45Love ballin45Hype ballin45Love ballin45Hype ballin45Love ballin45Hype ballin45Love ballin45Hype ballin45Love ballin45Hype ballin45Love ballin45Hype ballin45Love ballin45Hype ballin45Love ballin45Hype ballin45Love
[2022-12-09 07:10:20] <%$AbrahamLincuhh> Yuppp always doing fantastic
[2022-12-09 07:10:27] <%$AbrahamLincuhh> I hope you are doing good too
[2022-12-09 07:10:29] <%$AbrahamLincuhh> Smile
[2022-12-09 07:11:46] VIEWERS: 65
[2022-12-09 07:13:46] VIEWERS: 65
[2022-12-09 07:15:46] VIEWERS: 67
[2022-12-09 07:17:46] VIEWERS: 67
[2022-12-09 07:18:59] <%$AbrahamLincuhh> Oof
[2022-12-09 07:19:14] <%$AbrahamLincuhh> NOOOOOOOOOOOOOOOOOO
[2022-12-09 07:19:32] <%$AbrahamLincuhh> next one EZ WIN
[2022-12-09 07:19:34] <%$AbrahamLincuhh> TRUST
[2022-12-09 07:19:46] VIEWERS: 67
[2022-12-09 07:19:51] <%$AbrahamLincuhh> WTF
[2022-12-09 07:19:59] <%$AbrahamLincuhh> ive used cement before
[2022-12-09 07:20:03] <%$AbrahamLincuhh> not fun
[2022-12-09 07:20:38] <%$AbrahamLincuhh> what are they doing
[2022-12-09 07:21:02] <%$AbrahamLincuhh> as one would say A SECRET TUNNEL
[2022-12-09 07:21:42] <%$AbrahamLincuhh> SECRET TUNNEL
[2022-12-09 07:21:46] VIEWERS: 65
[2022-12-09 07:22:03] <%$AbrahamLincuhh> love that song from avatar
[2022-12-09 07:22:51] <%$AbrahamLincuhh> HOLY
[2022-12-09 07:23:03] <~%BallinDani> !ad
[2022-12-09 07:23:03] <@%^StreamElements> To avoid interruptions mid game, I run an ad while in q, twitch forces pre-rolls and mid-rolls now, so I'm looking for the best viewing experience for everyone 🥺Thanks for understanding. ballin45Love
[2022-12-09 07:23:19] <@%^StreamElements> Something cool or funny happen?🐹Remember to use (!)clip - without the brackets to save it for a youtube video! <3 thank you
[2022-12-09 07:23:26] [Points] AbrahamLincuhh redeemed Hydrate! (500)
[2022-12-09 07:23:41] <%$AbrahamLincuhh> idk when the last time you drank wa wa
[2022-12-09 07:23:47] VIEWERS: 65
[2022-12-09 07:24:14] <%$AbrahamLincuhh> ok good
[2022-12-09 07:24:56] <%$AbrahamLincuhh> thats not a secret tunnel WTF I CAN SEE THE ENTRANCE
[2022-12-09 07:25:50] VIEWERS: 65
[2022-12-09 07:25:53] <%$AbrahamLincuhh> Wee
[2022-12-09 07:25:55] <%$AbrahamLincuhh> to the
[2022-12-09 07:25:57] <%$AbrahamLincuhh> Woooo
[2022-12-09 07:26:23] <%$AbrahamLincuhh> Oh noooo
[2022-12-09 07:26:56] <%$AbrahamLincuhh> OW does not want you to succeed today
[2022-12-09 07:26:59] <%$AbrahamLincuhh> SMH MY HEAD
[2022-12-09 07:27:51] VIEWERS: 66
[2022-12-09 07:27:52] <+peekaayfire> just had such a fun ball game on Ilios :D
[2022-12-09 07:29:02] <+peekaayfire> ha! my trio is finally learning how to play around my ball (on certain maps)
[2022-12-09 07:29:51] VIEWERS: 61
[2022-12-09 07:30:05] <%$AbrahamLincuhh> are they like dying
[2022-12-09 07:30:06] <+peekaayfire> LUL classic
[2022-12-09 07:31:51] VIEWERS: 61
[2022-12-09 07:33:51] VIEWERS: 66
[2022-12-09 07:35:13] <%$AbrahamLincuhh> BRUH
[2022-12-09 07:35:51] VIEWERS: 66
[2022-12-09 07:36:25] <~%BallinDani> !ad
[2022-12-09 07:36:25] <@%^StreamElements> To avoid interruptions mid game, I run an ad while in q, twitch forces pre-rolls and mid-rolls now, so I'm looking for the best viewing experience for everyone 🥺Thanks for understanding. ballin45Love
[2022-12-09 07:37:51] Viewerstats (07:09-07:37): avg:65 min:61 max:67 [15/63+2+0+2+0+0−2+0+0+1−5+0+5+0+0]
[2022-12-09 07:37:51] VIEWERS: 66
[2022-12-09 07:38:24] <%$AbrahamLincuhh> WAT THE HEK
[2022-12-09 07:38:40] <%$AbrahamLincuhh> ayo this music kinda bumpin
[2022-12-09 07:39:12] <%$AbrahamLincuhh> nope
[2022-12-09 07:39:51] VIEWERS: 66
[2022-12-09 07:39:57] <%$AbrahamLincuhh> WAT THE HEK
[2022-12-09 07:41:08] <%$AbrahamLincuhh> so true
[2022-12-09 07:41:51] VIEWERS: 71
[2022-12-09 07:43:21] <%$AbrahamLincuhh> guraPls guraPls guraPls guraPls
[2022-12-09 07:43:51] VIEWERS: 71
[2022-12-09 07:45:19] <%$AbrahamLincuhh> oh nooo
[2022-12-09 07:45:51] VIEWERS: 69
[2022-12-09 07:47:51] VIEWERS: 69
[2022-12-09 07:49:51] VIEWERS: 66
[2022-12-09 07:50:24] <%$AbrahamLincuhh> squad goals
[2022-12-09 07:51:51] VIEWERS: 69
[2022-12-09 07:52:36] <redturnado18> Nice to meet you too!
[2022-12-09 07:53:32] <%JustJaylaT> Dani has the vibes playing tonight
[2022-12-09 07:53:51] VIEWERS: 69
[2022-12-09 07:54:00] <%$AbrahamLincuhh> so true
[2022-12-09 07:54:58] <%JustJaylaT> He got melted
[2022-12-09 07:55:51] VIEWERS: 69
[2022-12-09 07:57:51] VIEWERS: 63
[2022-12-09 07:58:20] <~%BallinDani> !ad
[2022-12-09 07:58:21] <@%^StreamElements> To avoid interruptions mid game, I run an ad while in q, twitch forces pre-rolls and mid-rolls now, so I'm looking for the best viewing experience for everyone 🥺Thanks for understanding. ballin45Love
[2022-12-09 07:58:23] <%$AbrahamLincuhh> ratJAM ratJAM ratJAM
[2022-12-09 07:59:21] <grace_wrath> Hole
[2022-12-09 07:59:44] <%$AbrahamLincuhh> brb dani ima get a snack
[2022-12-09 07:59:51] VIEWERS: 63
[2022-12-09 07:59:54] <%JustJaylaT> As much as watching ow while playing ow is confusing the Dani vibes are too good
[2022-12-09 08:00:09] <grace_wrath> I am sleeping don’t bother me
[2022-12-09 08:01:51] VIEWERS: 62
[2022-12-09 08:02:25] <%JustJaylaT> ballin45Love
[2022-12-09 08:03:51] VIEWERS: 62
[2022-12-09 08:03:57] <grace_wrath> I love this cute vtuber with death metal in the background lmfao
[2022-12-09 08:04:17] <the_h4ppyc4mper> Favorite soda
[2022-12-09 08:04:59] <the_h4ppyc4mper> No I’m American what’s it taste like
[2022-12-09 08:05:31] <the_h4ppyc4mper> Ahh I see
[2022-12-09 08:05:51] VIEWERS: 64
[2022-12-09 08:07:51] Viewerstats (07:39-08:07): avg:66 min:62 max:71 [15/66+5+0−2+0−3+3+0+0−6+0−1+0+2+0]
[2022-12-09 08:07:51] VIEWERS: 64
[2022-12-09 08:08:09] <the_h4ppyc4mper> Coke a cola
[2022-12-09 08:08:28] <+peekaayfire> ive never seen anyone write coke a cola xD i love it
[2022-12-09 08:08:35] <the_h4ppyc4mper> I believe so
[2022-12-09 08:08:43] <the_h4ppyc4mper> Ours is super sweet
[2022-12-09 08:09:02] <the_h4ppyc4mper> What’s your main
[2022-12-09 08:09:36] <%$AbrahamLincuhh> k im back
[2022-12-09 08:09:45] <the_h4ppyc4mper> Nice
[2022-12-09 08:09:51] VIEWERS: 58
[2022-12-09 08:10:46] <+peekaayfire> :D
[2022-12-09 08:11:04] <~%BallinDani> !ad
[2022-12-09 08:11:05] <@%^StreamElements> To avoid interruptions mid game, I run an ad while in q, twitch forces pre-rolls and mid-rolls now, so I'm looking for the best viewing experience for everyone 🥺Thanks for understanding. ballin45Love
[2022-12-09 08:11:07] <the_h4ppyc4mper> Nice
[2022-12-09 08:11:51] VIEWERS: 58
[2022-12-09 08:12:16] <the_h4ppyc4mper> What we watching
[2022-12-09 08:13:12] <%$AbrahamLincuhh> idk how he welded that without protection
[2022-12-09 08:13:23] <%$AbrahamLincuhh> IT HURTS WHEN THE SPARKS HIT YOU
[2022-12-09 08:13:51] VIEWERS: 58
[2022-12-09 08:15:33] <%$AbrahamLincuhh> wait thats kinda cool
[2022-12-09 08:15:43] <%JustJaylaT> I played 1 game of quick play and now im tilted shmoopleEyes
[2022-12-09 08:15:51] VIEWERS: 59
[2022-12-09 08:16:09] <%JustJaylaT> Yeah imma play hades
[2022-12-09 08:16:27] <%$AbrahamLincuhh> cause tunnels are cool
[2022-12-09 08:16:37] <spaceukko> he got bored of minecraft
[2022-12-09 08:16:51] <the_h4ppyc4mper> What is the thing that you think is funny about Americans
[2022-12-09 08:17:07] <%JustJaylaT> minecraft doesnt have welders
[2022-12-09 08:17:19] <spaceukko> @JustJaylaT mods
[2022-12-09 08:17:20] <the_h4ppyc4mper> Good answer
[2022-12-09 08:17:27] <%JustJaylaT> true
[2022-12-09 08:17:51] VIEWERS: 59
[2022-12-09 08:18:38] <the_h4ppyc4mper> Potatoes
[2022-12-09 08:18:43] <%$AbrahamLincuhh> people eat corned beef on saint patrick's day
[2022-12-09 08:18:45] <%$AbrahamLincuhh> ???????
[2022-12-09 08:18:47] <%$AbrahamLincuhh> WTF
[2022-12-09 08:19:07] <%JustJaylaT> Thats not even Aussie irish
[2022-12-09 08:19:51] VIEWERS: 69
[2022-12-09 08:19:59] <spaceukko> only thing about ireland I know is Guinnes and Gary Moore
[2022-12-09 08:20:14] <the_h4ppyc4mper> Yeah everything is green but if you wear green pubs give some free drinks
[2022-12-09 08:20:18] <+ReapingBandit> european ppl sitting here like WutFace WutFace
[2022-12-09 08:20:20] <spaceukko> he was guitar legend
[2022-12-09 08:21:42] <the_h4ppyc4mper> Thoughts on rammattra
[2022-12-09 08:21:51] VIEWERS: 69
[2022-12-09 08:22:51] <zornamix> hi dani
[2022-12-09 08:22:54] <zornamix> im finally here
[2022-12-09 08:23:00] <the_h4ppyc4mper> Least favorite character to go against
[2022-12-09 08:23:19] <@%^StreamElements> Something cool or funny happen?🐹Remember to use (!)clip - without the brackets to save it for a youtube video! <3 thank you
[2022-12-09 08:23:36] <+peekaayfire> i just played into lucio, zen, orisa as ball and it was tough as heck
[2022-12-09 08:23:51] VIEWERS: 70
[2022-12-09 08:23:54] <zornamix> my ball has been improving and im glad
[2022-12-09 08:25:01] <+peekaayfire> discords me and i FRY
[2022-12-09 08:25:35] <zornamix> did u get raided again btw
[2022-12-09 08:25:51] VIEWERS: 70
[2022-12-09 08:26:00] <+peekaayfire> hamster looks like a gumball in this skin xD
[2022-12-09 08:26:18] <the_h4ppyc4mper> Could you play some AC/DC or is it not allowed
[2022-12-09 08:27:51] VIEWERS: 72
[2022-12-09 08:28:22] <zornamix> sojourn player saying ez not surprised
[2022-12-09 08:28:27] <~%BallinDani> !ad
[2022-12-09 08:28:27] <@%^StreamElements> To avoid interruptions mid game, I run an ad while in q, twitch forces pre-rolls and mid-rolls now, so I'm looking for the best viewing experience for everyone 🥺Thanks for understanding. ballin45Love
[2022-12-09 08:28:58] <zornamix> it aint giving me an ad
[2022-12-09 08:29:02] <zornamix> am i just lucky or something
[2022-12-09 08:29:27] <zornamix> cause im not even subbed
[2022-12-09 08:29:38] <spaceukko> big brain movement
[2022-12-09 08:29:51] VIEWERS: 64
[2022-12-09 08:29:55] <zornamix> ok nevermind i got an ad
[2022-12-09 08:30:15] <%JustJaylaT> Yeah she hadnt hit run yet
[2022-12-09 08:30:30] [Points] zornamix redeemed TTS (2 000) [weewoo its me and its part 2 of spending 2 thousand channel points for text to speech]
[2022-12-09 08:30:42] <%$AbrahamLincuhh> EZ
[2022-12-09 08:31:13] <zornamix> i did tts
[2022-12-09 08:31:46] [Points] JustJaylaT redeemed Pets (5 500)
[2022-12-09 08:31:51] VIEWERS: 64
[2022-12-09 08:32:08] <zornamix> monkey
[2022-12-09 08:32:16] <the_h4ppyc4mper> Have you ever watched the hoof gp is a channel that trims cow hoofs and is satisfying
[2022-12-09 08:32:16] <zornamix> Nevermind hamster time
[2022-12-09 08:32:26] <%JustJaylaT> Im gonna lurk for a bit. Have good games Dani ballin45Dip
[2022-12-09 08:32:32] <%JustJaylaT> !lurk
[2022-12-09 08:32:32] <@%^StreamElements> Thank you for the lurk JustJaylaT. If you need to mute, please mute the tab and not my stream. See you soon!
[2022-12-09 08:33:07] <KoalityTV> BANGER
[2022-12-09 08:33:22] [Notification] JustJaylaT gifted a Tier 1 sub to KoalityTV! They have given 45 Gift Subs in the channel! KoalityTV has subscribed for 7 months!
[2022-12-09 08:33:24] <%KoalityTV> neck deep right?
[2022-12-09 08:33:33] <%KoalityTV> AYO @JustJaylaT :D :D :D
[2022-12-09 08:33:37] <%$AbrahamLincuhh> WEEE WOOO
[2022-12-09 08:33:37] <%JustJaylaT> ballin45Love
[2022-12-09 08:33:41] <zornamix> weewoo
[2022-12-09 08:33:43] <%KoalityTV> WEE WOO
[2022-12-09 08:33:47] <%JustJaylaT> Okee now im lurking
[2022-12-09 08:33:50] <%$AbrahamLincuhh> HOLY SNAP ITS KOALITYTV
[2022-12-09 08:33:51] VIEWERS: 67
[2022-12-09 08:33:52] <%$AbrahamLincuhh> !subhype
[2022-12-09 08:33:52] <@%^StreamElements> Thank you for the sub <3 ballin45Hype ballin45Love ballin45Hype ballin45Love ballin45Hype ballin45Love ballin45Hype ballin45Love ballin45Hype ballin45Love ballin45Hype ballin45Love ballin45Hype ballin45Love ballin45Hype ballin45Love ballin45Hype ballin45Love ballin45Hype ballin45Love ballin45Hype ballin45Love ballin45Hype ballin45Love ballin45Hype ballin45Love ballin45Hype ballin45Love ballin45Hype ballin45Love ballin45Hype ballin45Love ballin45Hype ballin45Love ballin45Hype ballin45Love
[2022-12-09 08:34:03] <zornamix> cya jayla
[2022-12-09 08:34:12] <%KoalityTV> @AbrahamLincuhh ayo!
[2022-12-09 08:34:22] <the_h4ppyc4mper> Smexy plays
[2022-12-09 08:34:37] <%KoalityTV> Ngl Ive been having fun with OW22 tank idk why
[2022-12-09 08:34:49] <@%^StreamElements> OI ❓ YOU HAVEN'T JOINED DANI'S SERVER❓ WHAT'S WRONG WITH YOU❓ Join here!: https://discord.gg/F6JjdbVSb4
[2022-12-09 08:35:04] <zornamix> im so glad balls getting buffed
[2022-12-09 08:35:51] VIEWERS: 67
[2022-12-09 08:37:03] <%emessar> Hello dani and chat daniHi SoSnowy
[2022-12-09 08:37:13] <the_h4ppyc4mper> The balls ult should be were it gets spikes and dose hella damage and dose tick damage like junker queen
[2022-12-09 08:37:28] <zornamix> alec did a qna and someone asked if balls getting changes and alec said hes at the top of the list
[2022-12-09 08:37:38] <zornamix> but im not sure if its buffs
[2022-12-09 08:37:51] Viewerstats (08:09-08:37): avg:64 min:58 max:72 [15/58+0+0+1+0+10+0+1+0+2−8+0+3+0+1]
[2022-12-09 08:37:51] VIEWERS: 68
[2022-12-09 08:38:49] <%emessar> I'm good. How are you? How was your visit with mama ball?
[2022-12-09 08:39:19] <zornamix> gonna eat so ima lurk
[2022-12-09 08:39:22] <zornamix> !lurk
[2022-12-09 08:39:23] <@%^StreamElements> Thank you for the lurk zornamix. If you need to mute, please mute the tab and not my stream. See you soon!
[2022-12-09 08:39:51] VIEWERS: 68
[2022-12-09 08:41:56] VIEWERS: 69
[2022-12-09 08:43:56] VIEWERS: 69
[2022-12-09 08:44:15] <~%BallinDani> !ad
[2022-12-09 08:44:15] <@%^StreamElements> To avoid interruptions mid game, I run an ad while in q, twitch forces pre-rolls and mid-rolls now, so I'm looking for the best viewing experience for everyone 🥺Thanks for understanding. ballin45Love
[2022-12-09 08:44:42] <%$AbrahamLincuhh> what are these ads you talkith about
[2022-12-09 08:45:56] VIEWERS: 68
[2022-12-09 08:45:59] <%$AbrahamLincuhh> this kind of a long tunnel
[2022-12-09 08:46:04] <%emessar> I don't konw exactly what's going on, but I say just eyeball it hullobKEK
[2022-12-09 08:47:28] <zornamix> ok im back
[2022-12-09 08:47:40] <%$AbrahamLincuhh> WB @zornamix
[2022-12-09 08:47:45] <zornamix> ty
[2022-12-09 08:47:56] VIEWERS: 68
[2022-12-09 08:48:09] <%$AbrahamLincuhh> WTF
[2022-12-09 08:48:14] <zornamix> what did she say
[2022-12-09 08:48:43] <zornamix> that triggered kiriko
[2022-12-09 08:49:06] <zornamix> idk what a one trick is
[2022-12-09 08:49:15] <zornamix> im new to ow dont judge me
[2022-12-09 08:49:37] <%$AbrahamLincuhh> when someone plays only one hero
[2022-12-09 08:49:43] <zornamix> oh
[2022-12-09 08:49:45] <%$AbrahamLincuhh> its applies to a lot of games
[2022-12-09 08:49:56] VIEWERS: 67
[2022-12-09 08:50:14] <zornamix> i might make doom my secondary just incase ball doesnt work
[2022-12-09 08:50:29] <the_h4ppyc4mper> I play mercy, brig, and rammattra
[2022-12-09 08:51:05] <zornamix> rams fun af
[2022-12-09 08:51:56] VIEWERS: 67
[2022-12-09 08:52:04] <zornamix> yeah hes so good rn
[2022-12-09 08:52:33] <zornamix> doom
[2022-12-09 08:53:00] <zornamix> i wanna change my name but i already used my free name change
[2022-12-09 08:53:19] <@%^StreamElements> Something cool or funny happen?🐹Remember to use (!)clip - without the brackets to save it for a youtube video! <3 thank you
[2022-12-09 08:53:57] VIEWERS: 58
[2022-12-09 08:54:27] <the_h4ppyc4mper> I like rammattra because he looks cool and I don’t have to deal with shields
[2022-12-09 08:54:51] <the_h4ppyc4mper> And hitting multiple targets
[2022-12-09 08:55:52] <zornamix> this guy
[2022-12-09 08:55:57] VIEWERS: 58
[2022-12-09 08:56:05] <zornamix> is making me mad
[2022-12-09 08:56:28] <zornamix> dont disrespect the hamster
[2022-12-09 08:57:09] <zornamix> yeah cause their lil asses cant live 1 second without using a good character
[2022-12-09 08:57:24] <%mak__ow> alinee4Flower
[2022-12-09 08:57:26] <+peekaayfire> 9 million dpi bastion damn
[2022-12-09 08:57:30] <+peekaayfire> baptiste**
[2022-12-09 08:57:36] <%$AbrahamLincuhh> Mak Stare
[2022-12-09 08:57:42] <%mak__ow> Lincuhh Stare
[2022-12-09 08:57:50] <%mak__ow> Lincuhh dude go sleep wth Bedge Madge !
[2022-12-09 08:57:58] VIEWERS: 59
[2022-12-09 08:57:59] <%$AbrahamLincuhh> what is sleep
[2022-12-09 08:58:01] <zornamix> this guys an actual troll
[2022-12-09 08:58:16] <%mak__ow> yeah i dont know that either @abrahamlincuhh
[2022-12-09 08:58:22] <%mak__ow> never heard of that
[2022-12-09 08:58:33] <zornamix> this is why i feel bad for ball players
[2022-12-09 08:58:42] <+peekaayfire> that guy needs his tank to carry him lmao HES boosted
[2022-12-09 08:58:49] <%mak__ow> what is this man's attitude
[2022-12-09 08:59:09] <+peekaayfire> dani will just 1v9 np :)
[2022-12-09 08:59:22] <%$AbrahamLincuhh> DAMN DANI HIT HIM WITH THE WHO ARE YOU
[2022-12-09 08:59:24] <%$AbrahamLincuhh> SHEEEEEEEESH
[2022-12-09 08:59:35] <zornamix> just stop complaining and play the game
[2022-12-09 08:59:39] <zornamix> its not that hard
[2022-12-09 08:59:47] <+peekaayfire> private profile andy
[2022-12-09 08:59:55] <%mak__ow> alinee4Flower
[2022-12-09 09:00:00] <%mak__ow> hard games at times
[2022-12-09 09:00:02] VIEWERS: 59
[2022-12-09 09:00:12] <zornamix> what?
[2022-12-09 09:00:19] <%mak__ow> LMAO
[2022-12-09 09:00:25] <zornamix> i don get it
[2022-12-09 09:00:28] <%mak__ow> AND HE HAS THE AUDACITY TO COMOLAIN
[2022-12-09 09:00:30] <%mak__ow> LMAO
[2022-12-09 09:00:34] <%mister__raf> hi Dani hi chat ❤️❤️❤️❤️
[2022-12-09 09:00:46] <zornamix> i dont get it
[2022-12-09 09:00:56] <%mak__ow> beginning of season...
[2022-12-09 09:01:00] <%mak__ow> shit's rough
[2022-12-09 09:01:34] <~%BallinDani> !ad
[2022-12-09 09:01:34] <@%^StreamElements> To avoid interruptions mid game, I run an ad while in q, twitch forces pre-rolls and mid-rolls now, so I'm looking for the best viewing experience for everyone 🥺Thanks for understanding. ballin45Love
[2022-12-09 09:01:52] <%emessar> Do you think they should give ball some skins that have other small animals instead of a hamster? Like a bunny skin or guinea pig or something like that.
[2022-12-09 09:01:52] <zornamix> i dont understand lol
[2022-12-09 09:02:02] VIEWERS: 58
[2022-12-09 09:02:36] <zornamix> but that guys a bitch
[2022-12-09 09:03:10] <zornamix> does he get carried or smth
[2022-12-09 09:03:18] <zornamix> and complains
[2022-12-09 09:04:02] VIEWERS: 58
[2022-12-09 09:04:49] <@%^StreamElements> OI ❓ YOU HAVEN'T JOINED DANI'S SERVER❓ WHAT'S WRONG WITH YOU❓ Join here!: https://discord.gg/F6JjdbVSb4
[2022-12-09 09:06:02] VIEWERS: 59
[2022-12-09 09:07:24] <%mak__ow> guys help my school lunch is literally rubber alinee4Cry
[2022-12-09 09:07:59] <spaceukko> I had free school lunches so I did not complain
[2022-12-09 09:08:02] Viewerstats (08:39-09:08): avg:63 min:58 max:69 [15/68+1+0−1+0−1+0−9+0+1+0−1+0+1+4]
[2022-12-09 09:08:02] VIEWERS: 63
[2022-12-09 09:08:23] <%mak__ow> @spaceukko so do i, since were from the same country
[2022-12-09 09:08:24] <zornamix> also my brother had a dumb game: so he was playing cassidy and soldier and someone started shit talking him for doing nothing when he doesnt play them and then when he lost the person  said he wasnt mad when he was just being toxic af to him and sent him a friend request lmao
[2022-12-09 09:08:34] <%mak__ow> but this food is disgusting LMAO
[2022-12-09 09:08:52] <zornamix> its school lunch dont expect anything good
[2022-12-09 09:09:45] <%mister__raf> meow
[2022-12-09 09:09:50] <%mak__ow> meow
[2022-12-09 09:09:51] <zornamix> mow
[2022-12-09 09:09:53] <spaceukko> @mak__ow rubber potatoes?
[2022-12-09 09:10:02] VIEWERS: 63
[2022-12-09 09:10:05] <%mak__ow> rubber potatoes with rubber meat sauce YEP
[2022-12-09 09:10:19] <%mak__ow> the classic
[2022-12-09 09:10:21] <spaceukko> @mak__ow I mean its not even the worst
[2022-12-09 09:10:33] <%mak__ow> i mean yeah but this doesnt taste like anything
[2022-12-09 09:10:44] <%mak__ow> and im hungry as fuck
[2022-12-09 09:11:08] <%mak__ow> makes me sad
[2022-12-09 09:12:03] VIEWERS: 65
[2022-12-09 09:12:39] <zornamix> i got mario kart yesterday and its fun af
[2022-12-09 09:14:07] VIEWERS: 65
[2022-12-09 09:14:17] <%firewitchYalena> 02Hype
[2022-12-09 09:15:16] <%mister__raf> ballin45Sip
[2022-12-09 09:15:37] <%firewitchYalena> good! it's time for Breakfast wit Dani, my fav morning show
[2022-12-09 09:15:38] <zornamix> @firewitchYalena ballin45Hi
[2022-12-09 09:16:07] VIEWERS: 64
[2022-12-09 09:16:10] <%mister__raf> omg a Dani themed cooking show where she puts chips in a sandwich
[2022-12-09 09:16:28] <~%BallinDani> !ad
[2022-12-09 09:16:28] <@%^StreamElements> To avoid interruptions mid game, I run an ad while in q, twitch forces pre-rolls and mid-rolls now, so I'm looking for the best viewing experience for everyone 🥺Thanks for understanding. ballin45Love
[2022-12-09 09:17:11] <%mister__raf> Dani cute
[2022-12-09 09:17:11] <@%^StreamElements> MrDestructoid DO NOT CALL THE HAMSTER CUTE MrDestructoid
[2022-12-09 09:18:07] VIEWERS: 64
[2022-12-09 09:18:22] <%mister__raf> ballin45No
[2022-12-09 09:18:27] <%firewitchYalena> !truth sorry Dani
[2022-12-09 09:18:27] <@%^StreamElements> Dani is a cutie <3
[2022-12-09 09:18:57] <%mister__raf> if noone got me I know Yalena got me
[2022-12-09 09:20:07] VIEWERS: 64
[2022-12-09 09:20:31] <zornamix> i wanna play comp but playing ball in comp is so hard
[2022-12-09 09:21:28] <zornamix> that is true
[2022-12-09 09:21:29] <zornamix> i am new'
[2022-12-09 09:22:07] VIEWERS: 61
[2022-12-09 09:22:44] <the_h4ppyc4mper> I feel like rammattra would be better in comp
[2022-12-09 09:22:56] <+shocki3> have u seen his bunker lol
[2022-12-09 09:23:01] <zornamix> you dont needa advertise a pen smh
[2022-12-09 09:23:19] <@%^StreamElements> Something cool or funny happen?🐹Remember to use (!)clip - without the brackets to save it for a youtube video! <3 thank you
[2022-12-09 09:23:25] <+shocki3> no your watching the tunnel he is building to it
[2022-12-09 09:23:29] <zornamix> oh its the soldier again
[2022-12-09 09:23:38] <+shocki3> from house to bunker
[2022-12-09 09:24:07] VIEWERS: 58
[2022-12-09 09:24:16] <zornamix> he got ball tutorials
[2022-12-09 09:26:07] VIEWERS: 58
[2022-12-09 09:28:07] VIEWERS: 56
[2022-12-09 09:28:36] <%$marshmallowcaryatid> ballin45Hi
[2022-12-09 09:28:46] <@%caveman_ow> Daniiiii SitsWiggle
[2022-12-09 09:29:27] <@%caveman_ow> Ye I'm doin okie cavema54Heart
[2022-12-09 09:29:34] <@%caveman_ow> How is the you?
[2022-12-09 09:29:46] <zornamix> @caveman_ow ballin45Hi
[2022-12-09 09:29:50] [Points] caveman_ow redeemed TTS (2 000) [Also did you know chat that Dani is cute?]
[2022-12-09 09:30:03] <zornamix> yeah ik
[2022-12-09 09:30:05] <@%caveman_ow> @zornamix ulnabaWave
[2022-12-09 09:30:07] VIEWERS: 56
[2022-12-09 09:30:08] <%$marshmallowcaryatid> true!
[2022-12-09 09:30:28] [Notification] Hey_im_V_ subscribed at Tier 1. They've subscribed for 14 months! [hello]
[2022-12-09 09:30:55] <@%caveman_ow> wee woo ballin45Hype
[2022-12-09 09:31:00] <%+Hey_im_V_> jesus has it been that long
[2022-12-09 09:31:00] <zornamix> wee woo
[2022-12-09 09:31:02] <%+Hey_im_V_> thats crazty
[2022-12-09 09:31:20] <%$marshmallowcaryatid> i still need to go to bed... lol
[2022-12-09 09:31:48] <%+Hey_im_V_> go sleeb :)
[2022-12-09 09:32:00] <%+Hey_im_V_> okay i gotta go make dindin have a nice stream dani
[2022-12-09 09:32:03] <%+Hey_im_V_> good luck wif games
[2022-12-09 09:32:07] VIEWERS: 55
[2022-12-09 09:33:03] <@%caveman_ow> cavema54Cozy
[2022-12-09 09:33:15] <@%caveman_ow> a
[2022-12-09 09:33:28] <@%caveman_ow> oh hecc
[2022-12-09 09:33:34] <@%caveman_ow> grats on 900
[2022-12-09 09:33:41] <@%caveman_ow> voidas2Hyperjam
[2022-12-09 09:34:07] VIEWERS: 55
[2022-12-09 09:34:11] <@%caveman_ow> 1k by 2023 on god frfr
[2022-12-09 09:34:49] <@%^StreamElements> OI ❓ YOU HAVEN'T JOINED DANI'S SERVER❓ WHAT'S WRONG WITH YOU❓ Join here!: https://discord.gg/F6JjdbVSb4
[2022-12-09 09:34:59] <~%BallinDani> !ad
[2022-12-09 09:35:00] <@%^StreamElements> To avoid interruptions mid game, I run an ad while in q, twitch forces pre-rolls and mid-rolls now, so I'm looking for the best viewing experience for everyone 🥺Thanks for understanding. ballin45Love
[2022-12-09 09:36:07] VIEWERS: 52
[2022-12-09 09:38:07] Viewerstats (09:10-09:38): avg:59 min:52 max:65 [15/63+2+0−1+0+0−3−3+0−2+0−1+0−3+0]
[2022-12-09 09:38:07] VIEWERS: 52
[2022-12-09 09:38:07] <xHeav3n> nich21Love flatsHi
[2022-12-09 09:38:24] <xHeav3n> flatsAYAYA flatsH
[2022-12-09 09:40:07] VIEWERS: 58
[2022-12-09 09:42:07] VIEWERS: 58
[2022-12-09 09:43:54] <the_h4ppyc4mper> Could you play thunderstruck by AC/DC
[2022-12-09 09:44:07] VIEWERS: 56
[2022-12-09 09:46:07] VIEWERS: 56
[2022-12-09 09:48:07] VIEWERS: 56
[2022-12-09 09:50:07] VIEWERS: 57
[2022-12-09 09:50:30] <hiro_gamez> HEY again dani
[2022-12-09 09:50:58] <hiro_gamez> im having a wonderful day how about yourself
[2022-12-09 09:51:51] <hiro_gamez> i bought a game and ive been addicted
[2022-12-09 09:52:07] VIEWERS: 57
[2022-12-09 09:52:16] <hiro_gamez> slime rancher 2
[2022-12-09 09:52:44] [Points] hiro_gamez redeemed Hydrate! (500)
[2022-12-09 09:53:36] <hiro_gamez> oh now i have a question. do you have a favorite game to unwind and just relax in and if so what game?
[2022-12-09 09:54:07] VIEWERS: 53
[2022-12-09 09:54:25] <hiro_gamez> id believe overwatch its tons of fun and i like stardew
[2022-12-09 09:55:23] <hiro_gamez> i need a bubble hamster skin now
[2022-12-09 09:56:07] VIEWERS: 53
[2022-12-09 09:58:07] VIEWERS: 52
[2022-12-09 09:58:47] <@%caveman_ow> It's mining bitcoin cavema54Angy
[2022-12-09 10:00:07] VIEWERS: 52
[2022-12-09 10:02:07] VIEWERS: 55
[2022-12-09 10:04:07] VIEWERS: 55
[2022-12-09 10:04:43] <zornamix> oh goxlr is good
[2022-12-09 10:06:07] VIEWERS: 57
[2022-12-09 10:07:53] <zornamix> alr
[2022-12-09 10:08:04] <hiro_gamez> HungryPaimon
[2022-12-09 10:08:07] Viewerstats (09:40-10:08): avg:55 min:52 max:58 [15/58+0−2+0+0+1+0−4+0−1+0+3+0+2+0]
[2022-12-09 10:08:07] VIEWERS: 57
[2022-12-09 10:08:15] <zornamix> thas fine
[2022-12-09 10:08:53] <~%BallinDani> We're dippin' in ballin45Dip ballin45Dip ballin45Dip ballin45Dip
[2022-12-09 10:09:06] <~%BallinDani> We're dippin' in PogChamp
[2022-12-09 10:09:59] <xHeav3n> BibleThump
[2022-12-09 10:10:12] VIEWERS: 56
[2022-12-09 10:12:12] VIEWERS: 56
[2022-12-09 10:12:52] ~Stream offline~
[2022-12-09 10:38:18] Viewerstats (10:10-10:10): avg:56 min:56 max:56 [1/56_]
