# Log started: 2022-12-15 17:01:12 +0100
[2022-12-15 17:01:12] ~New MMO !dune coming soon | !dune #ad (Just Chatting)~
[2022-12-15 17:01:12] Joining #anniefuchsia..
[2022-12-15 17:01:12] You have joined #anniefuchsia
[2022-12-15 17:01:12] VIEWERS: 1 557
[2022-12-15 17:01:20] <@%^Nightbot> 13e generatie Intel® Core™ desktop processors. Beyond Performance. https://wehy.pe/t/108/anniefuchsia
[2022-12-15 17:01:24] <dayvklar> Pog
[2022-12-15 17:01:25] <%Geoffku> this video is much higher quality annie
[2022-12-15 17:01:30] <%Sne4ky79> @bestinshotz no but you can get at twitch.tv/naowh
[2022-12-15 17:01:34] <tuamoh> @pxslip I only have Frank's books in my shelf. People around the internet haven't really... recommended the latter ones. LUL
[2022-12-15 17:01:44] <+Madrhyk> thx pxslip btw :)
[2022-12-15 17:01:48] <dayvklar> peepoClap
[2022-12-15 17:01:59] <%pxslip> @tuamoh I would join the rest of the internet in that opinion. They are...underwhelming
[2022-12-15 17:02:12] <~%AnnieFuchsia> twitch.tv/naowh
[2022-12-15 17:02:15] <@%^Nightbot> Stream, create, and compete at the highest levels with industry-leading features and  the latest hybrid architecture with 13th Gen Intel® Core™ desktop processors https://wehy.pe/t/107/anniefuchsia #ad
[2022-12-15 17:02:23] <%drzaius30> noawh YEP
[2022-12-15 17:02:26] <+XxTheRisenxX> someone watches asmongold
[2022-12-15 17:02:28] <fudjsjwjrntnx> Hello 👋
[2022-12-15 17:02:40] <%+drcthulu> going for world first achievement 100% stream?
[2022-12-15 17:02:40] <%pxslip> I pretend that Hunters and Sandworms of Dune don't exist
[2022-12-15 17:02:49] <%Geoffku> all this art is cool af Pog
[2022-12-15 17:02:52] <tuamoh> @pxslip Okay, good to know haha!
[2022-12-15 17:02:54] <%drzaius30> 2 ships
[2022-12-15 17:03:00] <Hoffen__> In the sky LUL
[2022-12-15 17:03:00] <%drzaius30> YEP
[2022-12-15 17:03:05] VIEWERS: 1 557
[2022-12-15 17:03:06] <%Geoffku> Binoculars
[2022-12-15 17:03:08] <dayvklar> Binoculars
[2022-12-15 17:03:09] <%drzaius30> Binoculars
[2022-12-15 17:03:24] <dayvklar> Pog
[2022-12-15 17:03:33] <Zzarcore> Fuchsia* environment
[2022-12-15 17:03:36] <+gobdokon> Bino killers
[2022-12-15 17:03:46] <tuamoh> Ornithopter vs. velociraptor... who would win?
[2022-12-15 17:03:54] <%drzaius30> ornithopters seem to crash like fallout 4 vertibirds anniesSole
[2022-12-15 17:04:01] <%Geoffku> YEP
[2022-12-15 17:04:10] <%bYTEfROG> copter drop event
[2022-12-15 17:04:16] <%Captain_Nuggetz> pvp warcrates? anniesHmm
[2022-12-15 17:04:40] <%+drcthulu> PVP airdrops
[2022-12-15 17:04:41] <Anraeth> !dune
[2022-12-15 17:04:41] <@%^Nightbot> Sign up for the Dune: Awakening beta: https://wehy.pe/t/105/anniefuchsia
[2022-12-15 17:04:58] <%lukeng89> ah-rack-is
[2022-12-15 17:05:02] <tombaldneckbears> Annie ❤️❤️❤️
[2022-12-15 17:05:05] VIEWERS: 1 594
[2022-12-15 17:05:16] <tuamoh> Water and plants, yummy
[2022-12-15 17:05:21] <%Geoffku> yes
[2022-12-15 17:05:25] <%drzaius30> LUL
[2022-12-15 17:05:27] <%Geoffku> I didn't know how to type that out LUL
[2022-12-15 17:05:30] <Hoffen__> LUL
[2022-12-15 17:05:30] <%lukeng89> :D
[2022-12-15 17:05:39] <RyinTwitch> Wokege
[2022-12-15 17:05:42] <dayvklar> Wokege
[2022-12-15 17:05:44] <tuamoh> You'll love the movie LUL
[2022-12-15 17:05:50] <%drzaius30> fancy apartment
[2022-12-15 17:06:04] <%TaeKwonJerry> Wo-Kage
[2022-12-15 17:06:06] <%+drcthulu> also its orni-thopter not hornythopter
[2022-12-15 17:06:07] <7up9down> !dune
[2022-12-15 17:06:08] <@%^Nightbot> Sign up for the Dune: Awakening beta: https://wehy.pe/t/105/anniefuchsia
[2022-12-15 17:06:14] <pygomaniac> Looks like a lot of sand would blow into that room
[2022-12-15 17:06:16] <%Geoffku> a-tree-deez anniesDude
[2022-12-15 17:06:20] <grillat23> <2
[2022-12-15 17:06:29] <tuamoh> At-tray-deez
[2022-12-15 17:06:29] <%Geoffku> but then you said atreides wrong again LULW
[2022-12-15 17:06:32] <%PanicRush> xdd
[2022-12-15 17:06:32] <%Caredotz> its a condo
[2022-12-15 17:06:34] <%+zerosanity22> condo?
[2022-12-15 17:06:34] <%Bloodmatch> hmm
[2022-12-15 17:06:35] <%drzaius30> @AnnieFuchsia anniesGasp
[2022-12-15 17:06:38] <%sleighher> if you aren't playing either am I
[2022-12-15 17:06:39] <%+zerosanity22> townhome
[2022-12-15 17:06:42] <%Taylor131313> nuts?
[2022-12-15 17:06:44] <%Geoffku> a-tree-deez
[2022-12-15 17:06:49] <%+zerosanity22> timeshare
[2022-12-15 17:06:52] <%+drcthulu> a-trey-deez
[2022-12-15 17:06:53] <%Geoffku> Pog
[2022-12-15 17:07:06] VIEWERS: 1 594
[2022-12-15 17:07:12] <%Bitfrost9> only smol humans maybe
[2022-12-15 17:07:22] <Hoffen__> MonsterTime
[2022-12-15 17:07:29] <%NOOBATRON100000> spice is the most important thing in the universe it makes space travel possible
[2022-12-15 17:07:38] <%PanicRush> spice is a resource
[2022-12-15 17:07:38] <%Bloodmatch> spice is like dust that's refined
[2022-12-15 17:07:40] <%NOOBATRON100000> and makes u see da fuchaaa
[2022-12-15 17:07:42] <%TaeKwonJerry> Spice powered boom cannons.
[2022-12-15 17:08:01] <%Bitfrost9> so spice is like the equivalent of oil in the dune universe?
[2022-12-15 17:08:02] <%drzaius30> pro longs life makes space travel possible NOTED
[2022-12-15 17:08:06] <%+drcthulu> spice is made by the worms of Arakis and needed to make space travel possible, so the spacing guild can plot hyperspace jumps
[2022-12-15 17:08:09] <%sleighher> I dont think my computer can handle dune and wow
[2022-12-15 17:08:09] <%Bloodmatch> power fuel
[2022-12-15 17:08:12] <Hoffen__> Storage of spice
[2022-12-15 17:08:20] <+Tzakol_original> spice come from melange and byproduct of sandworm excrement
[2022-12-15 17:08:23] <%Wardrick7> no, it means this is protecting storehouses of spices
[2022-12-15 17:08:25] <%Taylor131313> anniesWrite
[2022-12-15 17:08:27] <%TaeKwonJerry> Spice is the worm poop.
[2022-12-15 17:08:31] <%Chr1s_t0pheR> Spice Travel ;)
[2022-12-15 17:08:34] <+Tzakol_original> and*a
[2022-12-15 17:08:35] <%Geoffku> worm poop DansGame
[2022-12-15 17:08:36] <%sleighher> someone hasnt read the books LOL
[2022-12-15 17:08:43] <pygomaniac> The best spice comes from the meat man
[2022-12-15 17:08:44] <%epicpockettroll> dune lore is quite amazing actually
[2022-12-15 17:08:48] <%sleighher> ahh
[2022-12-15 17:08:50] <%$Hasan_Lurker> peepoPooPoo
[2022-12-15 17:08:52] <%The_Moonlover> spice girls LUL
[2022-12-15 17:08:57] <%mystlineid> Read the books everyone, you will not regret it
[2022-12-15 17:09:00] <+Tzakol_original> this universe is 10000 years in earths history
[2022-12-15 17:09:01] <%Geoffku> so much stuff has been inspired by dune
[2022-12-15 17:09:06] VIEWERS: 1 571
[2022-12-15 17:09:06] <%TaeKwonJerry> Mistborne universe would make a good game as well.
[2022-12-15 17:09:06] <@%^Nightbot>* For stream hightlights, cosplays and vlogs, check out Annie's youtube! anniesHype youtube.com/anniefuchsia anniesHi
[2022-12-15 17:09:09] <%Lordreblik> I watched the movie and then hours and hours of YouTube lore videos
[2022-12-15 17:09:09] <%drzaius30> Pog
[2022-12-15 17:09:11] <%sleighher> ohh popcorn
[2022-12-15 17:09:15] <%Emersin__> !dune
[2022-12-15 17:09:15] <@%^Nightbot> Sign up for the Dune: Awakening beta: https://wehy.pe/t/105/anniefuchsia
[2022-12-15 17:09:17] <%+drcthulu> The spacing guild navigators have evolved to the point where they have to be suspended in a spice rich atmosphere or they'll die
[2022-12-15 17:09:19] <%drzaius30> PopCorn
[2022-12-15 17:09:24] <%Sne4ky79> the books was great and movie has well
[2022-12-15 17:09:25] <%RavenNerd> imagine reading anniesYikes
[2022-12-15 17:09:43] <7up9down> dune doesent have warhammer 40k level of lore, but it is close
[2022-12-15 17:09:44] <tuamoh> The lore started building about 60 years ago... so there's loads of stuff. LUL
[2022-12-15 17:09:47] <Hoffen__> Like getting 100% achievements in a MASSIVE game? KEKW
[2022-12-15 17:09:48] <+SethnKatjia> its about bloodline manipulation to produce a god like ruler, in game the Bene Gesserit will rule
[2022-12-15 17:09:52] <%Bitfrost9> there was a time i was really dedicated to WoW lore. good times XD
[2022-12-15 17:09:58] <%sleighher> books were great the movie eh
[2022-12-15 17:10:09] <~%AnnieFuchsia> https://wehy.pe/t/105/anniefuchsia
[2022-12-15 17:10:10] <~%AnnieFuchsia> https://wehy.pe/t/105/anniefuchsia
[2022-12-15 17:10:10] <~%AnnieFuchsia> https://wehy.pe/t/105/anniefuchsia
[2022-12-15 17:10:11] <@%^Nightbot>* Stay updated and notified by following Annie on Twitter twitter.com/anniefuchsia anniesHype
[2022-12-15 17:10:11] <~%AnnieFuchsia> https://wehy.pe/t/105/anniefuchsia
[2022-12-15 17:10:16] <%drzaius30> @Wardrick7 anniesGasp
[2022-12-15 17:10:26] <%drzaius30> how dare you poke me
[2022-12-15 17:10:28] <%mystlineid> The Books are amazing and the movie from Denis was very good, David Lynch version is different but good kind of different, a Lynch kind of different KEKW
[2022-12-15 17:10:32] <7up9down> books are great, mini series is awesome too, 6 tv movies, original movie and denis reboot
[2022-12-15 17:10:39] <%Wardrick7> @drzaius30 anniesPoint
[2022-12-15 17:10:40] <+Tzakol_original> the books imo are much more descriptive
[2022-12-15 17:10:42] <nekrojiji> As far as I know there are three types of storyies wth wars between Humas and Machines ....  Matrix - where the machines won, Dune where the humans won and Termiantor where the war is still onging
[2022-12-15 17:10:48] <%mystlineid> Not a big fan of the mini series
[2022-12-15 17:10:48] <%Geoffku> more art Pog
[2022-12-15 17:10:49] <tuamoh> @mystlineid Lynch kind of different is really good description LUL
[2022-12-15 17:10:57] <%Sne4ky79> @mystlineid so true
[2022-12-15 17:11:05] <%bYTEfROG> *look at that mount
[2022-12-15 17:11:06] VIEWERS: 1 571
[2022-12-15 17:11:06] <%drzaius30> YEP
[2022-12-15 17:11:06] <grillat23> anniesHI
[2022-12-15 17:11:08] <@%^Nightbot>* Psssst ༼ຈل͜├┬┴┬┴ yes, you! Wanna lurk on Annie? I hear her lurkagram has a lot of selfies instagram.com/anniefuchsia anniesSmug
[2022-12-15 17:11:16] <%Geoffku> open up the screenshot one Pog
[2022-12-15 17:11:25] <tuamoh> Those characters looked like The Old Republic sith :o
[2022-12-15 17:11:29] <%PanicRush> Pog
[2022-12-15 17:11:33] <+Databur> hmmmmmmm suspect that looks so good
[2022-12-15 17:11:38] <%Sebbzie> That looks so good
[2022-12-15 17:11:40] <@%skibbatv> Pog jeez
[2022-12-15 17:11:44] <%Geoffku> YEP
[2022-12-15 17:11:47] <%PanicRush> i want this as desktop background
[2022-12-15 17:11:50] <%Geoffku> Leo took this? PogU
[2022-12-15 17:11:54] <%mystlineid> prerendered for sure though
[2022-12-15 17:11:59] <%bYTEfROG> !dune
[2022-12-15 17:11:59] <tuamoh> Can you link this picture?
[2022-12-15 17:11:59] <@%^Nightbot> Sign up for the Dune: Awakening beta: https://wehy.pe/t/105/anniefuchsia
[2022-12-15 17:12:00] <%Bloodmatch> new cannon competition anniesHmm
[2022-12-15 17:12:11] <tuamoh> Or what is the resolution?
[2022-12-15 17:12:35] <%Bloodmatch> 2k?
[2022-12-15 17:12:36] <tuamoh> Good enough for me
[2022-12-15 17:12:40] <%Collnaris> these are screenshots not artwork?
[2022-12-15 17:12:45] <%Geoffku> she just yoinked their nft D:
[2022-12-15 17:12:47] <tuamoh> Very Pog
[2022-12-15 17:12:48] Viewerstats (17:03-17:11): avg:1 577 min:1 557 max:1 594 [5/1 557+37+0−23+0]
# Log closed: 2022-12-15 17:12:48 +0100
-
# Log started: 2022-12-15 17:15:24 +0100
[2022-12-15 17:15:24] ~New MMO !dune coming soon | !dune #ad (Just Chatting)~
[2022-12-15 17:15:24] Joining #anniefuchsia..
[2022-12-15 17:15:24] You have joined #anniefuchsia
[2022-12-15 17:15:24] VIEWERS: 1 551
[2022-12-15 17:15:26] <%RavenNerd> nice
[2022-12-15 17:15:30] <%+rymere1983> why does something so big need teeth when it just swallows everything
[2022-12-15 17:15:36] <%Taylor131313> lunaPeek
[2022-12-15 17:15:41] <%drzaius30> lunaPeek ?
[2022-12-15 17:15:42] <tuamoh> AFK people from Limsa Lominsa
[2022-12-15 17:15:48] VIEWERS: 1 551
[2022-12-15 17:15:52] <Hoffen__> Building
[2022-12-15 17:15:53] <%Sne4ky79> portal?
[2022-12-15 17:15:57] <%Geoffku> looks like he's building
[2022-12-15 17:15:57] <%Turbopumper> build mode Pog
[2022-12-15 17:16:01] <%drzaius30> building feature ?
[2022-12-15 17:16:06] <%drzaius30> Pog
[2022-12-15 17:16:10] <@%^Nightbot> 13e generatie Intel® Core™ desktop processors. Beyond Performance. https://wehy.pe/t/108/anniefuchsia
[2022-12-15 17:16:25] <%Geoffku> I built it :)
[2022-12-15 17:16:49] <%drzaius30> possible dungeon
[2022-12-15 17:17:04] <%mystlineid> Im guessing this game will borrow alot of stuff that Conan Exiles has to offer with the building system atleast
[2022-12-15 17:17:05] <%PanicRush> Pog
[2022-12-15 17:17:09] <tuamoh> Streamer halo lights version 9000
[2022-12-15 17:17:09] <%Geoffku> Pog
[2022-12-15 17:17:11] <Hoffen__> That's me Pog
[2022-12-15 17:17:19] <chorobix> Hi chat, what is name of this game?
[2022-12-15 17:17:24] <%drzaius30> LUL
[2022-12-15 17:17:27] <%sleighher> Dune
[2022-12-15 17:17:28] <%Geoffku> reminds me of the goku vs vegeta pic LULW
[2022-12-15 17:17:34] <%drzaius30> !dune
[2022-12-15 17:17:34] <@%^Nightbot> Sign up for the Dune: Awakening beta: https://wehy.pe/t/105/anniefuchsia
[2022-12-15 17:17:34] <%bYTEfROG> !dune
[2022-12-15 17:17:40] <~%AnnieFuchsia> https://wehy.pe/t/105/anniefuchsia
[2022-12-15 17:17:41] <~%AnnieFuchsia> https://wehy.pe/t/105/anniefuchsia
[2022-12-15 17:17:41] <~%AnnieFuchsia> https://wehy.pe/t/105/anniefuchsia
[2022-12-15 17:17:41] <~%AnnieFuchsia> https://wehy.pe/t/105/anniefuchsia
[2022-12-15 17:17:46] <Hoffen__> The Force Awakens 2.0 Pog
[2022-12-15 17:17:48] VIEWERS: 1 551
[2022-12-15 17:17:52] <%drzaius30> Spam anniesGasp
[2022-12-15 17:18:06] <tuamoh> Dune: En jättekul vakning
[2022-12-15 17:18:23] <Hoffen__> Dune is the Lord of the Rings of Sci-fi
[2022-12-15 17:18:28] <%Geoffku> Star Wars, Game of Thrones, Wheel of Time, etc. all influenced by Dune YEP
[2022-12-15 17:18:49] <%drzaius30> it looks like it going to cross platform should be good for population YEP
[2022-12-15 17:18:50] [Points] sleighher redeemed Mad (4 000)
[2022-12-15 17:19:01] <tuamoh> Yup, Tatooine is basically Arrakis
[2022-12-15 17:19:15] <%Turbopumper> looks broken YEP
[2022-12-15 17:19:21] <namori__> Isnt this an RTS or no?
[2022-12-15 17:19:23] <%Geoffku> Binoculars
[2022-12-15 17:19:27] <%Turbopumper> monkaW it's an ambush
[2022-12-15 17:19:27] <%PanicRush> Binoculars
[2022-12-15 17:19:29] <tuamoh> Survival MMO
[2022-12-15 17:19:31] <%drzaius30> Binoculars
[2022-12-15 17:19:35] <%Sne4ky79> mmo @namori__
[2022-12-15 17:19:45] <%sleighher> I like the open world but most games like that aren't doing very well
[2022-12-15 17:19:48] VIEWERS: 1 515
[2022-12-15 17:19:48] <namori__> @Sne4ky79 As thanks!
[2022-12-15 17:20:04] <tuamoh> That is so sick
[2022-12-15 17:20:26] <%Taylor131313> looks really good
[2022-12-15 17:20:30] <%drzaius30> @sleighher the open world is never usually the problem its the lack of fun things to do in them
[2022-12-15 17:20:38] <%sleighher> I want to see the character creation
[2022-12-15 17:20:41] <%PanicRush> hope we'll get a beta soon
[2022-12-15 17:20:45] <tuamoh> Also a lot depends on the amount of players who can share a server
[2022-12-15 17:20:48] <%+Ms7Mido> !dune
[2022-12-15 17:20:48] <@%^Nightbot> Sign up for the Dune: Awakening beta: https://wehy.pe/t/105/anniefuchsia
[2022-12-15 17:21:04] <%Geoffku> hope you're sponsored to play it when it comes out Prayge
[2022-12-15 17:21:10] <~%AnnieFuchsia> https://wehy.pe/t/105/anniefuchsia
[2022-12-15 17:21:10] <~%AnnieFuchsia> https://wehy.pe/t/105/anniefuchsia
[2022-12-15 17:21:10] <~%AnnieFuchsia> https://wehy.pe/t/105/anniefuchsia
[2022-12-15 17:21:11] <+XxTheRisenxX> I see this game being like release of WoW
[2022-12-15 17:21:15] <%Collnaris> looks really good
[2022-12-15 17:21:23] <tuamoh> I wonder if 100 people per server is the capacity limit for these kinds of games? If everyone is building...
[2022-12-15 17:21:31] <%Taylor131313> LETSGO
[2022-12-15 17:21:34] <%Taylor131313> meow
[2022-12-15 17:21:34] <%Geoffku> meow
[2022-12-15 17:21:38] <%sleighher> If you play it then I will
[2022-12-15 17:21:39] <%drzaius30> Add dune to the list YEP
[2022-12-15 17:21:40] <%Taylor131313> time for a cat walk
[2022-12-15 17:21:46] <%PanicRush> meow
[2022-12-15 17:21:48] VIEWERS: 1 515
[2022-12-15 17:21:52] <%Bitfrost9> i absolutely love desert aesthetics in fantasy. really should get into the dune universe
[2022-12-15 17:21:59] <%Geoffku> ending stream inc BLUBBERS
[2022-12-15 17:22:05] <%PanicRush> BLUBBERS
[2022-12-15 17:22:13] <@%Mongbat25> donkWalk peepoLuna
[2022-12-15 17:22:16] <tuamoh> I hate sand. It's coarse and it gets everywhere.
[2022-12-15 17:22:21] <%mystlineid> Got a feeling this will be Conan Exiles 2.0 tbh but with Dune instead of Conan, hope they will prove me wrong :D
[2022-12-15 17:22:31] <%sleighher> start reading lady LOL
[2022-12-15 17:22:44] <tuamoh> Annie book club incoming. Starting with Dune.
[2022-12-15 17:22:47] <%Turbopumper> I wonder if survival games will make a comeback. Blizz is also making a survival game
[2022-12-15 17:22:49] <%mystlineid> But if the game disappoints ill just read the books again to feel better xD
[2022-12-15 17:22:56] <%Geoffku> and some games get stuck in development hell Sadge
[2022-12-15 17:23:01] <%drzaius30> anniesHmm
[2022-12-15 17:23:03] <tuamoh> 6 for reading
[2022-12-15 17:23:05] <%Geoffku> 6 books by frank
[2022-12-15 17:23:05] <%PanicRush> anniesHmm
[2022-12-15 17:23:07] <tuamoh> Rest don't exist LUL
[2022-12-15 17:23:09] <+Khonshu__> 6 main
[2022-12-15 17:23:10] <%Geoffku> he died before the 7th
[2022-12-15 17:23:12] <@%Mongbat25> Book reading club nights on discord Kappa
[2022-12-15 17:23:18] <%sleighher> Hebert wrote 6
[2022-12-15 17:23:19] <%Geoffku> then his son wrote 20 more
[2022-12-15 17:23:32] <%drzaius30> @Geoffku peepoChrist
[2022-12-15 17:23:36] <%sleighher> this alot
[2022-12-15 17:23:40] <%PanicRush> peepoChrist 20 more
[2022-12-15 17:23:41] <%Geoffku> they're considered pretty bad KEKLEO
[2022-12-15 17:23:46] <%sleighher> there is * alot
[2022-12-15 17:23:48] VIEWERS: 1 494
[2022-12-15 17:23:53] <%drzaius30> @Geoffku ouch
[2022-12-15 17:24:00] <%Taylor131313> movie night LETSGO
[2022-12-15 17:24:04] <%Geoffku> LETSGO
[2022-12-15 17:24:06] <%mystlineid> Watch the lynch movies first KEKW
[2022-12-15 17:24:12] <+Kaiwr> The movie cover the half of the first book
[2022-12-15 17:24:13] <nate47> really only need to rea the first one
[2022-12-15 17:24:13] <D00mSparkle> watch the original movie first
[2022-12-15 17:24:14] <%drzaius30> movie night 🍿
[2022-12-15 17:24:15] <%Sne4ky79> LETSGO
[2022-12-15 17:24:22] <%Bloodmatch> worm food
[2022-12-15 17:24:24] <%drzaius30> thats always so lame
[2022-12-15 17:24:27] <%PanicRush> anniesM
[2022-12-15 17:24:28] <%+Quaestio426> !dune
[2022-12-15 17:24:28] <@%^Nightbot> Sign up for the Dune: Awakening beta: https://wehy.pe/t/105/anniefuchsia
[2022-12-15 17:24:31] <%bYTEfROG> it sounds a bit like survival+eve online economy
[2022-12-15 17:24:32] <burnie_ttv> trick is no never logout
[2022-12-15 17:24:39] <tuamoh> Loads of stuff in lots of pages
[2022-12-15 17:24:43] <%Geoffku> I never finished the book LULW
[2022-12-15 17:24:51] BITS: LegendTater (500)
[2022-12-15 17:24:51] <%$LegendTater> Cheer500 #onionGang
[2022-12-15 17:24:55] <%drzaius30> Oldge
[2022-12-15 17:24:59] <%+Boreall> 1984 lol
[2022-12-15 17:25:00] <tuamoh> You can easily skip the Lynch movie
[2022-12-15 17:25:04] <%Geoffku> 80s
[2022-12-15 17:25:04] <%jachiulukrob> I wonder how they will portray the main character?
[2022-12-15 17:25:04] <%Bloodmatch> 80s
[2022-12-15 17:25:04] <%PanicRush> 80s
[2022-12-15 17:25:05] <%Sne4ky79> there is a 2nd dune movie coming out right?
[2022-12-15 17:25:05] <%drzaius30> 80s
[2022-12-15 17:25:05] <%sleighher> old lol yes
[2022-12-15 17:25:05] <D00mSparkle> 80's
[2022-12-15 17:25:11] <%sleighher> 1980s
[2022-12-15 17:25:16] <%mystlineid> its the 80's and David Lynch
[2022-12-15 17:25:16] <%The_Moonlover> just book the book LUL
[2022-12-15 17:25:18] <%+Ms7Mido> just watched the latest one and you are good
[2022-12-15 17:25:28] <tuamoh> Oh no
[2022-12-15 17:25:29] <+XxTheRisenxX> first one 84 new one 2021
[2022-12-15 17:25:33] <+Kaiwr> David Lynch dont like his own movie ^^
[2022-12-15 17:25:36] <%sleighher> I read the books in Junior High School
[2022-12-15 17:25:37] <+Legion24pl> there ia a 80 one, dune 2000 that was a folp and  the new one
[2022-12-15 17:25:44] <%dwsmiley> If it's any6thing like Coonan Exiles, then yes, you can be killed while offline
[2022-12-15 17:25:45] <%Geoffku> nope last year LULW
[2022-12-15 17:25:47] <%sleighher> 2 years
[2022-12-15 17:25:48] VIEWERS: 1 494
[2022-12-15 17:25:50] <%drzaius30> hella recent YEP
[2022-12-15 17:25:50] <Coffeeraptor> isnt there also a mini series?
[2022-12-15 17:25:58] <tuamoh> Last Christmas I gave you... sand.
[2022-12-15 17:25:59] <%+Boreall> She streams WoW all day her sense of time is distorted
[2022-12-15 17:26:05] <Coffeeraptor> or is that the one from lynch?
[2022-12-15 17:26:07] <tuamoh> Mini series is the movie cut in parts
[2022-12-15 17:26:08] <%drzaius30> coming i think ?
[2022-12-15 17:26:11] <%Bloodmatch> dunno that
[2022-12-15 17:26:13] <%Taylor131313> what is time
[2022-12-15 17:26:14] <%drzaius30> True KEKW
[2022-12-15 17:26:26] <+ravennl> There is a serie coming as well
[2022-12-15 17:26:30] <%Geoffku> xdd
[2022-12-15 17:26:30] <+Aronah1982> Sandmas?
[2022-12-15 17:26:30] <Mindfury_> There are old miniseries
[2022-12-15 17:26:35] <%drzaius30> Anakin easter egg for sue LUL
[2022-12-15 17:26:37] <%Bloodmatch> anniesWrite
[2022-12-15 17:26:37] <Mindfury_> but there is also a new mini series coming up
[2022-12-15 17:26:43] <%drzaius30> sure *
[2022-12-15 17:26:43] <+Kaiwr> A serie about a certain aspect of the universe is coming
[2022-12-15 17:26:44] <Mindfury_> 10000 years in the past
[2022-12-15 17:26:45] <+Tzakol_original> part 2 of dune releases in 2023
[2022-12-15 17:26:48] <tuamoh> Yeah, HBO is making a series yup... with Villeneuve.
[2022-12-15 17:26:51] <%Taylor131313> I see Maya MYAAA
[2022-12-15 17:27:04] <Mindfury_> Sisterhood of Dunes, back story of the Bene Gesserit
[2022-12-15 17:27:08] <%PanicRush> where maya? Binoculars
[2022-12-15 17:27:16] <%drzaius30> looks like they are going full franchise YEP
[2022-12-15 17:27:23] <tuamoh> TV series set in the 'Dune' universe which centers on the lives of the Bene Gesserit."
[2022-12-15 17:27:24] <+Tzakol_original> 10000 years in earth future
[2022-12-15 17:27:26] <Mindfury_> 10000 year in the future, teh movie
[2022-12-15 17:27:28] <%Turbopumper> 10000 years ago so about the time illidan was imprisoned
[2022-12-15 17:27:30] <%Geoffku> it's futuristic
[2022-12-15 17:27:35] <%Collnaris> worms used to be that size YEP
[2022-12-15 17:27:43] <%prophet_astrid> !dune
[2022-12-15 17:27:43] <@%^Nightbot> Sign up for the Dune: Awakening beta: https://wehy.pe/t/105/anniefuchsia
[2022-12-15 17:27:49] VIEWERS: 1 450
[2022-12-15 17:27:50] <%Taylor131313> I have worms that size in my garden, wdym
[2022-12-15 17:27:54] <%Geoffku> monkaW
[2022-12-15 17:27:55] <+Kaiwr> Dune Sisterhood is the name of the serie
[2022-12-15 17:27:57] <+Tzakol_original> space guild come from earth
[2022-12-15 17:27:57] <tuamoh> Dune: The Sisterhood,
[2022-12-15 17:27:57] <%drzaius30> could be like stat wars same tech for 100000 plus years LUL
[2022-12-15 17:28:08] <%+Ms7Mido> monkaW
[2022-12-15 17:28:13] <%Taylor131313> I feel like I want one to use as mount
[2022-12-15 17:28:13] <not_rupert> Madge We have to kill them now
[2022-12-15 17:28:17] <%PanicRush> huge worms or tiny humans?
[2022-12-15 17:28:17] <%wiggze> kill all worms
[2022-12-15 17:28:23] <%Tenivir> just kill em all now
[2022-12-15 17:28:26] <Coffeeraptor> they cant eat me if i eat them first EZ
[2022-12-15 17:28:33] <%lesterofsmeg2> Morning Annie hope your day is going well
[2022-12-15 17:28:34] <%PanicRush> maybe worms are regular size and humans just shrunk?
[2022-12-15 17:28:36] <%drzaius30> but we need to harvest them for space travel and drugs
[2022-12-15 17:28:39] <Hoffen__> Worms with AI implants monkaW
[2022-12-15 17:28:39] <%Zarbos> Love ur shirt!
[2022-12-15 17:28:43] <Mindfury_> very little tech in Dune though, because of the Butlarian Jihad (AI Robot War and robots in the share of men are now prohibited)
[2022-12-15 17:28:53] <%Taylor131313> BLUBBERS
[2022-12-15 17:28:57] <+Haapppyyyyy> Is sweden cold rn?
[2022-12-15 17:28:57] <%PanicRush> BLUBBERS
[2022-12-15 17:29:00] <%Bitfrost9> nooo if you start killing them now, they start to mobilize and evolve to dune size
[2022-12-15 17:29:08] <%Taylor131313> !weather stockholm
[2022-12-15 17:29:08] <@%^Nightbot> Weather for Stockholm: Conditions are Partly Cloudy with a temperature of 11F (-12C). The wind is blowing from the W at 3mph (5km/h) and the current humidity is 82%.
[2022-12-15 17:29:09] <not_rupert> Pog
[2022-12-15 17:29:11] <tuamoh> A Dune book a day
[2022-12-15 17:29:11] <%drzaius30> and you don't read so
[2022-12-15 17:29:12] <%Taylor131313> -12 monkaW
[2022-12-15 17:29:14] <%Tenivir> -20 yesterday and -15 today where i live @Haapppyyyyy
[2022-12-15 17:29:14] <%Taylor131313> don't go out annie
[2022-12-15 17:29:15] <%Geoffku> she forgot book was a word earlier btw PepeLaugh
[2022-12-15 17:29:16] <%Sne4ky79> @Haapppyyyyy yeah its 17C
[2022-12-15 17:29:18] <%Turbopumper> totally Kappa
[2022-12-15 17:29:21] <%drzaius30> reality gone YEP
[2022-12-15 17:29:27] <%Regnory> pepeW
[2022-12-15 17:29:29] <%drzaius30> @Geoffku true KEKW
[2022-12-15 17:29:30] <%Bitfrost9> still gotta read stormlight archives before dune ^^
[2022-12-15 17:29:32] <%Bloodmatch> slow reader anniesSole
[2022-12-15 17:29:35] <%Sne4ky79> -17C
[2022-12-15 17:29:35] <%+zerosanity22> than further further into the future they become reapers from mass effect
[2022-12-15 17:29:45] <+Haapppyyyyy> @Sne4ky79 isent that hot?
[2022-12-15 17:29:48] <+Kritusdk> !dune
[2022-12-15 17:29:48] <@%^Nightbot> Sign up for the Dune: Awakening beta: https://wehy.pe/t/105/anniefuchsia
[2022-12-15 17:29:49] <%+rymere1983> its a sci-fi
[2022-12-15 17:29:49] VIEWERS: 1 450
[2022-12-15 17:30:12] <tuamoh> Did you Swedish youngsters ever read the Åke book series? LUL
[2022-12-15 17:30:12] <%PanicRush> @zerosanity22 but reapers existed before humanity anniesHmm
[2022-12-15 17:30:13] <not_rupert> TheIlluminati But what about the pyramids?
[2022-12-15 17:30:18] <%Geoffku> dune is basically considered sci-fantasy
[2022-12-15 17:30:19] <@%^Nightbot> Sign up for the Dune: Awakening beta: https://wehy.pe/t/105/anniefuchsia
[2022-12-15 17:30:23] <%Bitfrost9> it will be*
[2022-12-15 17:30:24] <prophet_regret> Dune books take place thousand of years ahead of our current time
[2022-12-15 17:30:25] <+Legion24pl> Computers are forbidden that's why you need navigators to calculate space travel routes and they need spice to do that
[2022-12-15 17:30:27] <%Sne4ky79> @Haapppyyyyy -17C i missed the - LUL
[2022-12-15 17:30:27] <%Turbopumper> there are buildings like that in new world monkaHmm
[2022-12-15 17:30:28] <%PanicRush> true
[2022-12-15 17:30:30] <Hoffen__> KKona
[2022-12-15 17:30:33] <%Regnory> monkaS
[2022-12-15 17:30:35] <Mindfury_> true facts
[2022-12-15 17:30:39] <%PanicRush> maybe worms are regular size and humans just shrunk? @AnnieFuchsia
[2022-12-15 17:30:40] <@%Mongbat25> AlienPls3
[2022-12-15 17:30:41] <%Imperial23> Hi Annie! anniesLurk
[2022-12-15 17:30:44] <%decrode> my roommate unironically believes that LUL
[2022-12-15 17:30:48] <%Tenivir> makes so much sense to build a couple pyramids and then leave NODDERS
[2022-12-15 17:30:48] <%drzaius30> how KKona of you
[2022-12-15 17:30:52] <%Bloodmatch> its true stargate confirmed LUL
[2022-12-15 17:30:55] <%+Ms7Mido> KKona  true i was there when it happened
[2022-12-15 17:31:05] <%Bitfrost9> honey i shrunk the population
[2022-12-15 17:31:08] <Hoffen__> Ant-Man arc Pog
[2022-12-15 17:31:08] <+Makerash> 5Head theory
[2022-12-15 17:31:09] <%Geoffku> that would be a pog twist
[2022-12-15 17:31:11] <@%^Nightbot> 13e generatie Intel® Core™ desktop processors. Beyond Performance. https://wehy.pe/t/108/anniefuchsia
[2022-12-15 17:31:12] <%Turbopumper> I mean when you think about it... Dinos used to be huge but now they're just smol birds
[2022-12-15 17:31:20] <tuamoh> TRUEING
[2022-12-15 17:31:20] <+Haapppyyyyy> @Sne4ky79 ahh, makes sense now xD
[2022-12-15 17:31:21] <%drzaius30> @decrode My step dad drops this shit occasionally spends to much time on youtube LUL
[2022-12-15 17:31:22] <%decrode> hell yeah TheIlluminati
[2022-12-15 17:31:23] <%+zerosanity22> @panicrush kill trip
[2022-12-15 17:31:30] <%+Ms7Mido> monkaW
[2022-12-15 17:31:31] <not_rupert> LULW I believe in miracles
[2022-12-15 17:31:43] <%+Ndiesel1> hey 👋🏾, I haven't been here in a while
[2022-12-15 17:31:45] <%lilithstormy> wasnt there suppose to be one more twitch drop for fireworks toy or is that over? and hello everyone\
[2022-12-15 17:31:49] <+Legion24pl> same with cats
[2022-12-15 17:31:50] VIEWERS: 1 471
[2022-12-15 17:31:50] <%Bitfrost9> humans also used to be much bigger in the past right?
[2022-12-15 17:31:52] <%Geoffku> or the present if you're annie
[2022-12-15 17:31:53] <%Geoffku> peepoGiggle
[2022-12-15 17:31:54] <tuamoh> Birds are just soy dinos
[2022-12-15 17:31:54] <%bennet_r> peepoGiggle
[2022-12-15 17:31:56] <goldengoatin> And Chickens would rule the world????
[2022-12-15 17:31:56] <%bYTEfROG> in the future? peepoGiggle
[2022-12-15 17:31:56] <@%Mongbat25> Does the world become flat in the future anniesThink
[2022-12-15 17:32:09] <%Bitfrost9> anthropology studies
[2022-12-15 17:32:11] <tuamoh> Elon Musk made the pyramids, the Internet says so
[2022-12-15 17:32:13] <@%^Nightbot> Stream, create, and compete at the highest levels with industry-leading features and  the latest hybrid architecture with 13th Gen Intel® Core™ desktop processors https://wehy.pe/t/107/anniefuchsia #ad
[2022-12-15 17:32:15] <%+Ms7Mido> we are actually getting weaker humans used to be way bigger and stronger 5Head
[2022-12-15 17:32:16] <%Geoffku> KKona TRUE
[2022-12-15 17:32:19] <%PanicRush> KKonaW
[2022-12-15 17:32:19] <%drzaius30> because desert = pyramids not a stretch YEP
[2022-12-15 17:32:26] <+Aronah1982> This is sounding more and more like a conspiracy channel :P
[2022-12-15 17:32:27] <Hoffen__> There is a RTS Dune game in early-access called Dune: Spice Wars
[2022-12-15 17:32:28] <%+Ndiesel1> oh okay  😂
[2022-12-15 17:32:30] <+LazyCasanova> hmmMeeting
[2022-12-15 17:32:30] <Mindfury_> we know we shrink in the future, that's what all the little men in UFOs are, future humans
[2022-12-15 17:32:35] <%+Quaestio426> @Ms7Mido and way dumber
[2022-12-15 17:32:37] <%PanicRush> yes
[2022-12-15 17:32:44] <%Tenivir> we did not use to be way bigger
[2022-12-15 17:32:48] <%Tenivir> maybe more muscle yes but not bigger
[2022-12-15 17:32:50] <%matti2498> @lilithstormy i think its only on the race to world first streams
[2022-12-15 17:32:51] <%+Ms7Mido> @Ms7Mido forgot about that one true KEKW
[2022-12-15 17:32:51] <%Regnory> Will we become smoll?! D:
[2022-12-15 17:32:55] <%Regnory> WHAT IS THIS CONVO
[2022-12-15 17:32:57] <%bennet_r> wee got bigger because of better  nutrition
[2022-12-15 17:33:05] <tuamoh> They also had a band back in the day. Dune Spice Girls: Spice Up Your Arrakis
[2022-12-15 17:33:09] <%drzaius30> chat staring to derail into conspiracy territory very fast LUL
[2022-12-15 17:33:09] <@%^Nightbot> FFXIV Online's free trial includes content up to the first expansion Heavensward, until level 60, with unlimited game time! Check it out here: https://wehy.pe/t/103/anniefuchsia
[2022-12-15 17:33:15] <%Geoffku> there a dune RTS in the 90s too BBoomer played the demo as a kid
[2022-12-15 17:33:17] <%Bitfrost9> wait we do?
[2022-12-15 17:33:24] <%Taylor131313> we do?
[2022-12-15 17:33:27] <~%AnnieFuchsia> https://wehy.pe/t/105/anniefuchsia
[2022-12-15 17:33:27] <~%AnnieFuchsia> https://wehy.pe/t/105/anniefuchsia
[2022-12-15 17:33:27] <~%AnnieFuchsia> https://wehy.pe/t/105/anniefuchsia
[2022-12-15 17:33:33] <%Sne4ky79> @anniefuchsia https://store.steampowered.com/app/1605220/Dune_Spice_Wars/
[2022-12-15 17:33:35] <+Aronah1982> Dune were books before the films released
[2022-12-15 17:33:35] <%PanicRush> i visited some medieval castles in czech and poland and they had small doors as well, tour guide said its becasue the average height back then was 140-150cm
[2022-12-15 17:33:35] <%+Ms7Mido> cuz we are gamers  EZWink
[2022-12-15 17:33:37] <%+Jonrei29> MM what?
[2022-12-15 17:33:42] <%Regnory> Wait do we play MMO? I thought we played Collector games? @AnnieFuchsia PepeLaugh
[2022-12-15 17:33:45] <tuamoh> What if Spice Girls' entire lore is based on Dune after all? Spice Up Your Life etc? Hidden messages about the Spice Wars?
[2022-12-15 17:33:50] VIEWERS: 1 443
[2022-12-15 17:33:54] <%drzaius30> Multi millions online YEP
[2022-12-15 17:33:54] <%Geoffku> a book a day COPIUM
[2022-12-15 17:33:56] <%Regnory> ¨KEKW
[2022-12-15 17:34:05] <%Taylor131313> COPIUM
[2022-12-15 17:34:05] <%Tenivir> any good mmo is a collector game
[2022-12-15 17:34:07] <@%^Nightbot> CORSAIR Annie is proudly sponsored by Corsair! Check out the weekly deals (and support Annie!) by clicking: https://cor.sr/AnnieDeals CORSAIR
[2022-12-15 17:34:11] <%+Jonrei29> collect all the sand Pog
[2022-12-15 17:34:12] <humbleHiro> only spice
[2022-12-15 17:34:15] <%Taylor131313> NOIDONTTHINKSO
[2022-12-15 17:34:18] <%Geoffku> I'm gonna yoink all your shit when you're offline
[2022-12-15 17:34:19] <%drzaius30> kekw
[2022-12-15 17:34:19] <%PanicRush> and then Annie logs out for a month xdd
[2022-12-15 17:34:19] <%Regnory> @AnnieFuchsia monkaS
[2022-12-15 17:34:19] <%+Ms7Mido> rust mmo Pog
[2022-12-15 17:34:21] <%drzaius30> KEKW
[2022-12-15 17:34:27] <not_rupert> PagMan Working for free
[2022-12-15 17:34:28] <tuamoh> Scary Spice, Baby Spice, Sport Spice, Posh Spice, Arrakis Spice?
[2022-12-15 17:34:28] <%Geoffku> GIGACHAD
[2022-12-15 17:34:33] <%Bitfrost9> how many people in chat do you trust with this Annie?
[2022-12-15 17:34:47] <%Regnory> @AnnieFuchsia I will make you pay me with corsair items peepoGiggle
[2022-12-15 17:34:53] <%Taylor131313> HUH
[2022-12-15 17:34:53] <%PanicRush> xddx
[2022-12-15 17:34:56] <%Geoffku> NOIDONTTHINKSO
[2022-12-15 17:34:59] <%PanicRush> NOIDONTTHINKSO
[2022-12-15 17:35:01] <%Sebbzie> And sign a contract
[2022-12-15 17:35:06] <%drzaius30> NOIDONTTHINKSO
[2022-12-15 17:35:09] <%+Ndiesel1> my head isn't in a great place this morning, I literally just everything this morning in a house fire and I'm just trying to get my head in a good place 😔😔
[2022-12-15 17:35:13] <%Geoffku> how ironic coming from convicted criminal thief Annie PogO
[2022-12-15 17:35:16] <+Aronah1982> The NSA has nice questionairs, just ask them :)
[2022-12-15 17:35:21] <%+Quaestio426> 0 tendency of stealing ok
[2022-12-15 17:35:22] <tuamoh> Annie's sand giveaway YAY
[2022-12-15 17:35:22] <%Regnory> @AnnieFuchsia YA WANT US TO WORK?! D:
[2022-12-15 17:35:24] <%lesterofsmeg2> lol
[2022-12-15 17:35:27] <%drzaius30> rob guild bank NOTED
[2022-12-15 17:35:28] <Vynsas> Mob Boss Annie
[2022-12-15 17:35:34] <%matti2498> whats the salary
[2022-12-15 17:35:37] <%Taylor131313> exploiting free work from subs Sadge
[2022-12-15 17:35:42] <%Bitfrost9> damn even the apocalypse can't save me from capitalism
[2022-12-15 17:35:44] <%Regnory> No way peepoSweden
[2022-12-15 17:35:51] VIEWERS: 1 443
[2022-12-15 17:35:52] <%drzaius30> LUL
[2022-12-15 17:36:05] <%Taylor131313> HUH
[2022-12-15 17:36:06] <%Regnory> Salary: Food and Corsair Items NOTED
[2022-12-15 17:36:08] <@%Mongbat25> !hug everyone
[2022-12-15 17:36:08] <@%^Annies_Bot>* Mongbat25 gave everyone a big big hug! Go ahead and spread some love! anniesH anniesL
[2022-12-15 17:36:08] <%drzaius30> "food" Susge
[2022-12-15 17:36:08] <%Tenivir> 2 whole meals PogU
[2022-12-15 17:36:09] <%matti2498> only 2
[2022-12-15 17:36:09] <+Makerash> Space Slavery TrollDespair
[2022-12-15 17:36:09] <%Geoffku> HUH
[2022-12-15 17:36:10] <%PanicRush> Pog SIGN ME UP
[2022-12-15 17:36:11] <tuamoh> Celery is a vegetable
[2022-12-15 17:36:15] <%jessilynnxo> slavery
[2022-12-15 17:36:16] <%drzaius30> we have a river wtf
[2022-12-15 17:36:18] <%+Boreall> Meals of food are my favorite kind of meals
[2022-12-15 17:36:19] <%Taylor131313> as long as it's not toilet water or used cat water
[2022-12-15 17:36:20] <not_rupert> FeelsDankMan More than i have now, sounds good
[2022-12-15 17:36:24] <%c0rb4> have a tendancy of eating stuff when im bored if the food runs out you'd probably have no stuff instead of double LUL
[2022-12-15 17:36:36] <%PanicRush> its a sand river NODDERS @AnnieFuchsia
[2022-12-15 17:36:38] <matti2498> oh thank you oh mighty one
[2022-12-15 17:36:42] <%PanicRush> a river of sand
[2022-12-15 17:36:42] <%Geoffku> water is super rare on arrakis that's why they have to preserve the moisture on their skin
[2022-12-15 17:36:43] <tuamoh> No water? 0/10 IGN
[2022-12-15 17:37:01] <+Aronah1982> So the whole world turns into a arabic wasteland...
[2022-12-15 17:37:02] <%Regnory> @AnnieFuchsia Btw I was in the shower.. Could you give me a quick reference of what the game is gonna be like? celiHmm
[2022-12-15 17:37:06] <%drzaius30> a river of sand on the planet covered in sand NOTED
[2022-12-15 17:37:09] <+MiddleAgedDann> When you log out i'm gonna build a massive fort around you then make you pay me 5 sand and 2 water to let you out
[2022-12-15 17:37:09] <@%Mongbat25> There is obviously a device to turn sand into water :)
[2022-12-15 17:37:15] <+Legion24pl> so a pyramid scheme in a world of sand....if we learned one thing from Egypt slavery gets things done
[2022-12-15 17:37:24] <%c0rb4> thats probably the smart move OMEGALUL
[2022-12-15 17:37:26] <%PanicRush> she thinks he wont eat sand and stone LULW
[2022-12-15 17:37:30] <tuamoh> You can easily eat stones, they just hurt... a lot.
[2022-12-15 17:37:30] <%PanicRush> Clueless
[2022-12-15 17:37:30] <not_rupert> CiGrip no edibles? Im out
[2022-12-15 17:37:41] <%drzaius30> sand drugs worms EZ
[2022-12-15 17:37:46] <%Regnory> Rust MMO NOTED
[2022-12-15 17:37:47] <%drzaius30> summarised EZ
[2022-12-15 17:37:51] VIEWERS: 1 532
[2022-12-15 17:37:52] <%Geoffku> sand NOTED
[2022-12-15 17:37:58] <%Bitfrost9> there is sand confirmed
[2022-12-15 17:38:03] <%Geoffku> sand sand sand sand sand NOTED
[2022-12-15 17:38:24] <not_rupert> DansGame No sand in cities
[2022-12-15 17:38:29] <%Regnory> monkaS
[2022-12-15 17:38:32] <%Petricorpse> Cute
[2022-12-15 17:38:32] <+Makerash> monkaW
[2022-12-15 17:38:36] <tuamoh> But do they eat sand?
[2022-12-15 17:38:37] <%Sne4ky79> sand and more sand NOTED
[2022-12-15 17:38:42] <%+zerosanity22> they can eat deez
[2022-12-15 17:38:43] <milktea2050> "i don't like sand"- anakin skywalker
[2022-12-15 17:38:50] <%+Ms7Mido> NOTED
[2022-12-15 17:39:00] <%Geoffku> fullscreen modCheck
[2022-12-15 17:39:15] <%Ex7raOne> fullscreen ModCheck
[2022-12-15 17:39:20] <%PanicRush> halfscreen modCheck
[2022-12-15 17:39:26] <%+Ms7Mido> fullscreen modCheck
[2022-12-15 17:39:40] <%Bitfrost9> is this Ahn qiraj?
[2022-12-15 17:39:48] <catbrgz> Think my friend works on that game
[2022-12-15 17:39:51] VIEWERS: 1 532
[2022-12-15 17:39:55] <%Geoffku> monkaW
[2022-12-15 17:39:57] <Mindfury_> hornitopters nice, design is based on new movie
[2022-12-15 17:40:04] <%+Ms7Mido> monkaW
[2022-12-15 17:40:06] <%Collnaris> game looks really great
[2022-12-15 17:40:07] <%Regnory> monkaW worm
[2022-12-15 17:40:09] <Mindfury_> worms, or maker, or shai hulud
[2022-12-15 17:40:12] <milktea2050> why do i get anthem vibes from this
[2022-12-15 17:40:19] <%c0rb4> lol easiest pvp chest, was only a horde warlock pet there then chest dropped on us like wtf OMEGALUL
[2022-12-15 17:40:28] <%Regnory> Was that the worm thats gonna eat Annie a lot? PepeLaugh
[2022-12-15 17:40:37] <%matti2498> i hope Hans Zimmer worked on the game soundtrack too
[2022-12-15 17:40:51] <~%AnnieFuchsia> https://wehy.pe/t/105/anniefuchsia
[2022-12-15 17:40:51] <~%AnnieFuchsia> https://wehy.pe/t/105/anniefuchsia
[2022-12-15 17:40:52] <~%AnnieFuchsia> https://wehy.pe/t/105/anniefuchsia
[2022-12-15 17:40:57] <+raltpeter> But will it dethrone WOW... lol
[2022-12-15 17:41:12] <Mindfury_> it might dethrone SWTOR lol
[2022-12-15 17:41:13] <%+Ms7Mido> do we know when the beta is bte
[2022-12-15 17:41:18] <+raltpeter> haha yep
[2022-12-15 17:41:20] <PrimeSeeker> a
[2022-12-15 17:41:45] <%Geoffku> they're moving PogU
[2022-12-15 17:41:48] <+raltpeter> everyone is always looking out for the eventual "wow killer"
[2022-12-15 17:41:51] VIEWERS: 1 449
[2022-12-15 17:41:53] <milktea2050> looks like  a 2024 2025 mmo
[2022-12-15 17:41:59] <Mindfury_> So like Conan Exiles I imagine?
[2022-12-15 17:42:03] <%+Ms7Mido> crossplay  Pog
[2022-12-15 17:42:15] <%Bitfrost9> hopefully crossplay too. no way my pc can run this smoothly XD
[2022-12-15 17:42:30] <PrimeSeeker> this game is the same as war frame
[2022-12-15 17:42:40] <@%Mongbat25> June 2024 inc Kappa
[2022-12-15 17:42:46] <+raltpeter> Do we know any game engine inf or pc spec reqs
[2022-12-15 17:42:55] <%Geoffku> read the books COPIUM HOLY
[2022-12-15 17:43:01] <+justbartgaming> 'audio'books xd
[2022-12-15 17:43:14] <+Aronah1982> 5.1?
[2022-12-15 17:43:16] <+raltpeter> ah, yeah that looks really pretty
[2022-12-15 17:43:17] <giver90> HI BABY GOT ONLY FAN ?
[2022-12-15 17:43:18] <%+Ms7Mido> it has to be
[2022-12-15 17:43:22] <%Bitfrost9> if there is a beta sign up, there should be pc spec requirements yeah?
[2022-12-15 17:43:33] <%drzaius30> @giver90 sure PepeLaugh
[2022-12-15 17:43:35] <milktea2050> there is going to be a dune part 2 movie  right?
[2022-12-15 17:43:41] <Mindfury_> yes
[2022-12-15 17:43:44] <%drzaius30> !onlyfans
[2022-12-15 17:43:45] <@%^Nightbot> onlyfans.com/anniefuchsia 171 people have been Jebaited
[2022-12-15 17:43:51] <%PanicRush> is there anything on steam page?
[2022-12-15 17:43:51] VIEWERS: 1 449
[2022-12-15 17:43:52] <+raltpeter> true good point
[2022-12-15 17:43:53] <%bennet_r> maybe on steam?
[2022-12-15 17:44:01] <%pxslip> Did I come back to reference to the David Lynch Dune movie? Cause that is a trip and a half
[2022-12-15 17:44:10] <%TankenFunk> @drzaius30 Gottem PepeLaugh
[2022-12-15 17:44:10] <%Geoffku> ye there's a part 2 coming
[2022-12-15 17:44:16] <+Tzakol_original> 2023
[2022-12-15 17:44:19] <+Kaiwr> They just finished shooting the part 2
[2022-12-15 17:44:21] <@%Mongbat25> lunaPeek valaer1Boops human
[2022-12-15 17:44:25] <%PanicRush> meow
[2022-12-15 17:44:32] <%+elwigg> Before or after Riot mmo
[2022-12-15 17:44:35] <%Collnaris> looks really good for a MMO
[2022-12-15 17:44:38] <+raltpeter> okay sounds good
[2022-12-15 17:44:39] <%Collnaris> graphics wise
[2022-12-15 17:44:42] <%Bitfrost9> damn my pc doesnt have high enough tba
[2022-12-15 17:44:48] <%Regnory> Annie is not ready yet NOTED
[2022-12-15 17:44:48] <not_rupert> PauseChamp will it be on windows?
[2022-12-15 17:44:52] <%Geoffku> just download more TBA
[2022-12-15 17:44:54] <+raltpeter> I'm thinking about just comparing it to the Matrix requirements for PC
[2022-12-15 17:44:59] <arieuh> is this game coming out today?
[2022-12-15 17:45:04] <%+Ms7Mido> honestly this looks more promising than AOC KEKW
[2022-12-15 17:45:06] <+raltpeter> A fair unreal 5 test
[2022-12-15 17:45:12] <~%AnnieFuchsia> https://wehy.pe/t/105/anniefuchsia
[2022-12-15 17:45:14] <@%^Nightbot> Sign up for the Dune: Awakening beta: https://wehy.pe/t/105/anniefuchsia
[2022-12-15 17:45:14] <~%AnnieFuchsia> https://wehy.pe/t/105/anniefuchsia
[2022-12-15 17:45:17] <%Collnaris> hopefully early 2023
[2022-12-15 17:45:18] <arieuh> ahh i see
[2022-12-15 17:45:27] <+PonnieJonnie> Soon(tm)
[2022-12-15 17:45:28] <Batlike> YASSSS !!!!
[2022-12-15 17:45:39] <Batlike> It is great
[2022-12-15 17:45:42] <%Collnaris> do they have classes
[2022-12-15 17:45:46] <%Geoffku> are you House Atreides or House Harkkonen Annie Hmmm
[2022-12-15 17:45:46] <%Taylor131313> BLUBBERS
[2022-12-15 17:45:50] <%Taylor131313> but yeah BLUBBERS
[2022-12-15 17:45:51] <%Geoffku> NOOOO
[2022-12-15 17:45:52] Viewerstats (17:15-17:45): avg:1 488 min:1 443 max:1 551 [16/1 551+0−36+0−21+0−44+0+21−28+0+89+0−83+0+33]
[2022-12-15 17:45:52] VIEWERS: 1 482
[2022-12-15 17:45:52] <%Regnory> BLUBBERS
[2022-12-15 17:45:52] <%+Ms7Mido> BLUBBERS
[2022-12-15 17:45:54] <%Caredotz> ty for streaming
[2022-12-15 17:45:54] <%Wardrick7> anyways PepeHands
[2022-12-15 17:45:55] <%bYTEfROG> anyways BLUBBERS
[2022-12-15 17:45:57] <%TankenFunk> wait I just got here BLUBBERS
[2022-12-15 17:45:57] <%PanicRush> BLUBBERS
[2022-12-15 17:45:59] <%+Ms7Mido> BLUBBERS  󠀀
[2022-12-15 17:46:00] <%Geoffku> BLUBBERS
[2022-12-15 17:46:01] <arieuh> enjoy annie!
[2022-12-15 17:46:03] <%Collnaris> food loeyaFAT
[2022-12-15 17:46:04] <%decrode> ojhypeP /
[2022-12-15 17:46:06] <%Taylor131313> thanks for streaming BLUBBERS
[2022-12-15 17:46:08] <%Sne4ky79> Thank you for the stream
[2022-12-15 17:46:09] <%Regnory> @AnnieFuchsia What if I can't wait till trmw? BLUBBERS
[2022-12-15 17:46:09] <milktea2050> Enjoy
[2022-12-15 17:46:09] <@%^Nightbot> 13e generatie Intel® Core™ desktop processors. Beyond Performance. https://wehy.pe/t/108/anniefuchsia
[2022-12-15 17:46:14] <%NoName6834> BLUBBERS I just woke up
[2022-12-15 17:46:15] <%+LtNond> <3 <3 <3 <3 <3
[2022-12-15 17:46:15] <%drzaius30> Time to see the sis BLUBBERS
[2022-12-15 17:46:19] <%Collnaris> Raid Pog
[2022-12-15 17:46:23] <@%Mongbat25> Takecare Annie & chat anniesHug
[2022-12-15 17:46:26] <%NOOBATRON100000> BLUBBERS tommorow is a lie
[2022-12-15 17:46:27] <%Geoffku> Pog
[2022-12-15 17:46:31] <%whizakaz> Raid Pog
[2022-12-15 17:46:33] <%+Ms7Mido> Pog
[2022-12-15 17:46:38] <%Geoffku> full clear day 1 for sure
[2022-12-15 17:46:39] <%Collnaris> time to traid me all the tier pieces Pog
[2022-12-15 17:46:40] <%xvagbadgex> goodmorning! anniesSmooch
[2022-12-15 17:46:41] <%Regnory> @AnnieFuchsia When is raid at saturday tho? monkaS
[2022-12-15 17:46:41] <%Geoffku> COPIUM
[2022-12-15 17:46:45] <%c0rb4> thx again for taking me intoi the guild i have 1 mission left to exalted anniesH  @AnnieFuchsia
[2022-12-15 17:46:54] <%illusionrapids> An open world of SAND. Could use an old vga monitor with 256 colors, because the game only needs like 4. :D
[2022-12-15 17:46:58] <+raltpeter> lol this warlock wants in haha
[2022-12-15 17:47:00] <%drzaius30> !dune
[2022-12-15 17:47:00] <@%^Nightbot> Sign up for the Dune: Awakening beta: https://wehy.pe/t/105/anniefuchsia
[2022-12-15 17:47:00] <%Turbopumper> you mean I can't get carried for free? monkaHmm
[2022-12-15 17:47:08] <@%^Nightbot> Stream, create, and compete at the highest levels with industry-leading features and  the latest hybrid architecture with 13th Gen Intel® Core™ desktop processors https://wehy.pe/t/107/anniefuchsia #ad
[2022-12-15 17:47:08] <+vluggejaapie89> elitist andy here
[2022-12-15 17:47:09] <%PanicRush> i tried and failed anniesSole
[2022-12-15 17:47:17] <%Makkan780> i ahve doen 15 hours m+ and got 1 upgrade LULW
[2022-12-15 17:47:18] <%Collnaris> can i buy a boost?
[2022-12-15 17:47:19] <+Tzakol_original> source of info ---  dune fandom com/ wiki/ Dune_Wiki
[2022-12-15 17:47:35] <%Geoffku> I got cut Sadge
[2022-12-15 17:47:35] <%Taylor131313> the raid must be purged monkaW
[2022-12-15 17:47:36] <%Collnaris> this is just normal saturday right?
[2022-12-15 17:47:37] <%TankenFunk> I'll do my best BLUBBERS
[2022-12-15 17:47:39] <~%AnnieFuchsia> https://wehy.pe/t/105/anniefuchsia
[2022-12-15 17:47:39] <~%AnnieFuchsia> https://wehy.pe/t/105/anniefuchsia
[2022-12-15 17:47:40] <%NoName6834> no tree and stream ending early PepeHands
[2022-12-15 17:47:40] <~%AnnieFuchsia> https://wehy.pe/t/105/anniefuchsia
[2022-12-15 17:47:45] <%Taylor131313> yes normal
[2022-12-15 17:47:45] <+vluggejaapie89> 1mil for a spot? @AnnieFuchsia
[2022-12-15 17:47:48] <%Regnory> @AnnieFuchsia Saturday time period esti? Hmmm Gotta go to movie teatre also.. Sadge
[2022-12-15 17:47:52] VIEWERS: 1 482
[2022-12-15 17:48:00] <%+Ms7Mido> KEKW
[2022-12-15 17:48:00] <%Geoffku> -1mil LULE
[2022-12-15 17:48:00] <%Collnaris> i'll take 1mill
[2022-12-15 17:48:03] <%Taylor131313> pay me
[2022-12-15 17:48:05] <+vluggejaapie89> bruh
[2022-12-15 17:48:06] <%TankenFunk> paying 20 silver for a spot
[2022-12-15 17:48:06] <%bYTEfROG> @vluggejaapie89 deal, send me the gold
[2022-12-15 17:48:10] <+vluggejaapie89> u doing me dirty
[2022-12-15 17:48:10] <%PanicRush> i will take 1mil and free my spot
[2022-12-15 17:48:16] <%Regnory> 7pm NOTED I will be there then!
[2022-12-15 17:48:19] <%drzaius30> KEKW
[2022-12-15 17:48:27] <not_rupert> PepeHands I don't have 1 mil
[2022-12-15 17:48:28] <%Collnaris> I'll take the 1mill and see if i can get him in LULE
[2022-12-15 17:48:34] <%Taylor131313> meow meow
[2022-12-15 17:48:35] <%xvagbadgex> awwww
[2022-12-15 17:48:36] <%drzaius30> LUL
[2022-12-15 17:48:37] <%Geoffku> 1mil for a normal raid spot NAAAAAAAAAAH
[2022-12-15 17:48:37] <%+drcthulu> Yeah I was watching Asmongold and they were chain wiping on the last boss
[2022-12-15 17:48:42] <%Collnaris> no prommises ofc
[2022-12-15 17:48:44] <%Captain_Nuggetz> ill take 1 mil to not carry you at all
[2022-12-15 17:48:45] <%+drcthulu> so normal isn't easy
[2022-12-15 17:48:46] <+vluggejaapie89> jk im 67
[2022-12-15 17:48:48] <%OJ_Hype> morning annie nymnSmug
[2022-12-15 17:48:50] <%+Ms7Mido> @Geoffku KEKW 󠀀
[2022-12-15 17:48:50] <%xvagbadgex> she wants the mil
[2022-12-15 17:48:51] <%drzaius30> lunaPeek
[2022-12-15 17:48:59] <%bennet_r> say hi to your sister and enjoy the evening. Good night peepoBye
[2022-12-15 17:49:00] <%OJ_Hype> wait what OMEGALUL
[2022-12-15 17:49:02] <%+Ms7Mido> <3
[2022-12-15 17:49:03] <%OJ_Hype> i literally just showed up
[2022-12-15 17:49:03] <%drzaius30> @OJ_Hype shes leaving YEP
[2022-12-15 17:49:06] <%Taylor131313> bye Annie enjoy sister time peepoBye
[2022-12-15 17:49:06] <@%^Nightbot> CORSAIR Annie is proudly sponsored by Corsair! Check out the weekly deals (and support Annie!) by clicking: https://cor.sr/AnnieDeals CORSAIR
[2022-12-15 17:49:07] <%Collnaris> cya later
[2022-12-15 17:49:08] <%+Ms7Mido> peepoBye
[2022-12-15 17:49:08] <%NoName6834> peepoBye
[2022-12-15 17:49:09] <%Wardrick7> peepoBye
[2022-12-15 17:49:09] <%bYTEfROG> Thank you Annie peepoBye
[2022-12-15 17:49:10] <%Bitfrost9> enjoy your dinner Annie!
[2022-12-15 17:49:11] <%c0rb4> bye annie you too thx for today! <2
[2022-12-15 17:49:11] <~%AnnieFuchsia> !instagram
[2022-12-15 17:49:11] <%Collnaris> OJ right on time
[2022-12-15 17:49:11] <@%^Nightbot> instagram.com/anniefuchsia . Type !socialmedia for other social media.
[2022-12-15 17:49:12] <%Regnory> BLUBBERS See yaaa
[2022-12-15 17:49:12] <%+Chryterion> Enjoy your evening peepoBye
[2022-12-15 17:49:12] <%PanicRush> peepoBye
[2022-12-15 17:49:12] <not_rupert> peepoBye <2
[2022-12-15 17:49:13] <%+armenx3m> peepoBye
[2022-12-15 17:49:14] <%Taylor131313> ah it's OJ's fault, i see Smadge
[2022-12-15 17:49:14] <%drzaius30> rip OJ KEKW
[2022-12-15 17:49:15] <%Geoffku> OJ making her leave once again PepeLaugh
[2022-12-15 17:49:16] <~%AnnieFuchsia> https://instagram.com/anniefuchsia
[2022-12-15 17:49:16] <~%AnnieFuchsia> https://instagram.com/anniefuchsia
[2022-12-15 17:49:17] <%Regnory> peepoBye
[2022-12-15 17:49:17] <~%AnnieFuchsia> https://instagram.com/anniefuchsia
[2022-12-15 17:49:17] <%OJ_Hype> annie what is this timing
[2022-12-15 17:49:24] <@%Mongbat25> OJ_Hype is here peepoRun
[2022-12-15 17:49:24] <%Regnory> LIKE ALL HER PICTURES! Madge
[2022-12-15 17:49:26] <%TankenFunk> I enjoyed my stay BLUBBERS
[2022-12-15 17:49:27] <%decrode> get fucked oyay
[2022-12-15 17:49:29] <%RavenNerd> anniesH2 great stream
[2022-12-15 17:49:34] <%OJ_Hype> Smadge
[2022-12-15 17:49:37] <arieuh> enjoy enjoy!
[2022-12-15 17:49:38] <%Geoffku> put up that christmas tree annie
[2022-12-15 17:49:40] <%Collnaris> cya
[2022-12-15 17:49:40] <%Wardrick7> peepoBye
[2022-12-15 17:49:41] <%Geoffku> gonna be 9 days
[2022-12-15 17:49:43] <%Regnory> peepoBye
[2022-12-15 17:49:43] <%Taylor131313> babaii peepoBye
[2022-12-15 17:49:43] <%Sundis86> Bye
[2022-12-15 17:49:43] <%ifjtvili> cya
[2022-12-15 17:49:43] <%Geoffku> peepoBye
[2022-12-15 17:49:44] <%bennet_r> peepoBye
[2022-12-15 17:49:44] <%PneumaWHU> peepoBye
[2022-12-15 17:49:44] <%NoName6834> she goes off when na wakes up Sadge
[2022-12-15 17:49:45] <%PanicRush> peepoBye baiii
[2022-12-15 17:49:46] <%Bloodmatch> byeee
[2022-12-15 17:49:48] <@%Mongbat25> takecare all anniesHug
[2022-12-15 17:49:48] <%+Chryterion> peepoBye
[2022-12-15 17:49:49] <%NOOBATRON100000> peepoBye
[2022-12-15 17:49:49] <%OJ_Hype> stop having dinner at 9am
[2022-12-15 17:49:52] VIEWERS: 1 482
[2022-12-15 17:49:53] <%OJ_Hype> makes no sense
[2022-12-15 17:49:54] <%RobbyRob1234> anniesCHEER anniesCHEER anniesCHEER
[2022-12-15 17:49:55] <%TaeKwonJerry> Aww... came back to watch the stream end from work.
[2022-12-15 17:49:59] <%TaeKwonJerry> Have a good evening Annie!
[2022-12-15 17:50:00] <%drzaius30> peepoBye
[2022-12-15 17:50:03] <~%AnnieFuchsia> FIREWORKS PROGRESS RAID
[2022-12-15 17:50:08] <%PanicRush> monkaS
[2022-12-15 17:50:12] <%Collnaris> I LOVE ALL CAPS
[2022-12-15 17:50:12] <%drzaius30> YEP CAPS
[2022-12-15 17:50:13] <%OJ_Hype> already finished it
[2022-12-15 17:50:14] <@%^Nightbot>* For stream hightlights, cosplays and vlogs, check out Annie's youtube! anniesHype youtube.com/anniefuchsia anniesHi
[2022-12-15 17:50:16] <%OJ_Hype> nymnSmug
[2022-12-15 17:50:19] <%JurgenRapp> Oj scared her away  anniesDude
[2022-12-15 17:50:22] <%Collnaris> now raid Pog
[2022-12-15 17:50:28] <%Collnaris> naowh
[2022-12-15 17:50:28] <%PanicRush> but i already have fireworks monkaS
[2022-12-15 17:50:30] <%+Ndiesel1> Have a good day!
[2022-12-15 17:50:31] <@%Mongbat25> !raid
[2022-12-15 17:50:31] <@%^Nightbot> anniesHypers ANNIE RAID anniesHypers ANNIE RAID anniesHypers ANNIE RAID anniesHypers ANNIE RAID anniesHypers ANNIE RAID anniesHypers ANNIE RAID anniesHypers ANNIE RAID anniesHypers ANNIE RAID anniesHypers ANNIE RAID anniesHypers ANNIE RAID anniesHypers ANNIE RAID anniesHypers ANNIE RAID anniesHypers ANNIE RAID anniesHypers
[2022-12-15 17:50:33] <%Collnaris> right now
[2022-12-15 17:50:34] <%Geoffku> WutFace music
[2022-12-15 17:50:36] <%drzaius30> Annie you raided the wrong noawh Kappa
[2022-12-15 17:50:37] <%decrode> if not now, when
[2022-12-15 17:50:40] <%PanicRush> monkaW wow music
[2022-12-15 17:50:49] <%Geoffku> where dune theme
[2022-12-15 17:50:57] [Points] JurgenRapp redeemed Moo (3 000)
[2022-12-15 17:50:57] <%$trax314> anniesH anniesH
[2022-12-15 17:51:00] <%drzaius30> !raid2
[2022-12-15 17:51:00] <@%^Nightbot> TombRaid ANNIE RAID TombRaid ANNIE RAID TombRaid ANNIE RAID TombRaid ANNIE RAID TombRaid ANNIE RAID TombRaid ANNIE RAID TombRaid ANNIE RAID TombRaid ANNIE RAID TombRaid
[2022-12-15 17:51:08] <@%^Nightbot>* Stay updated and notified by following Annie on Twitter twitter.com/anniefuchsia anniesHype
[2022-12-15 17:51:18] <%PanicRush> anniesRIOT FIREWORKS PROGRESS RAID anniesRIOT FIREWORKS PROGRESS RAID anniesRIOT FIREWORKS PROGRESS RAID anniesRIOT FIREWORKS PROGRESS RAID anniesRIOT FIREWORKS PROGRESS RAID anniesRIOT FIREWORKS PROGRESS RAID
[2022-12-15 17:51:22] <@%Mongbat25> https://www.twitch.tv/naowh
[2022-12-15 17:51:39] <%NoName6834> BLUBBERS
[2022-12-15 17:51:53] VIEWERS: 1 482
[2022-12-15 17:51:54] <%Taylor131313> BLUBBERS
[2022-12-15 17:51:56] <%drzaius30> peepoJAMMER
[2022-12-15 17:51:59] <%Geoffku> BLUBBERS
[2022-12-15 17:52:08] <@%^Nightbot>* Psssst ༼ຈل͜├┬┴┬┴ yes, you! Wanna lurk on Annie? I hear her lurkagram has a lot of selfies instagram.com/anniefuchsia anniesSmug
[2022-12-15 17:52:10] <%PanicRush> i didnt have electricity shutdowns since saturday and it happened again Sadge
[2022-12-15 17:52:18] ~Stream offline~
[2022-12-15 17:52:22] <%Taylor131313> Sadeg
[2022-12-15 17:52:23] <%Geoffku> is he listening to 30 seconds to mars
[2022-12-15 17:52:29] <%drzaius30> Sadeg
[2022-12-15 17:52:32] <%Wardrick7> dankHug
[2022-12-15 17:52:55] <%PanicRush> wonder for how long, maybe will get it back after 7pm
[2022-12-15 17:53:03] <%PanicRush> if not then after 9
[2022-12-15 17:53:12] <%drzaius30> just three more days of work anniesHypers
[2022-12-15 17:53:25] <%Geoffku> got ads DansGame
[2022-12-15 17:54:00] <%drzaius30> no more training people no more 10 hour days going to be so good
[2022-12-15 17:54:59] <%OJ_Hype> i found a new twitch adblock addon that actually works
[2022-12-15 17:55:16] <%OJ_Hype> Twitch Adblock Plus
[2022-12-15 17:55:25] <%Geoffku> Basedge
[2022-12-15 17:57:01] <%drzaius30> i need a new one for youtube
[2022-12-15 17:57:13] <%drzaius30> got a fucking taco bell ad earlier
[2022-12-15 17:57:25] <%Geoffku> ublock origin has always worked for youtube
[2022-12-15 17:57:31] <%drzaius30> im Australian we don't even have that shit here
[2022-12-15 17:58:00] <%Geoffku> wut
[2022-12-15 17:58:05] <%Geoffku> oh taco bell
[2022-12-15 18:03:02] <%OJ_Hype> LULW
[2022-12-15 18:03:02] <%NoName6834> Sadge no explosive diarrhea for aussies peepoPooPoo
[2022-12-15 18:04:08] <%PanicRush> i dunno why i am getting german ads LULW
[2022-12-15 18:04:21] <%PanicRush> and before that i had danish ads
[2022-12-15 18:06:35] <%$Hasan_Lurker> BLUBBERS now what
[2022-12-15 18:07:14] <@%Mongbat25> PauseChamp OJ_Hype
[2022-12-15 18:07:39] <%NoName6834> BLUBBERS woke up to no tree and stream ending Smadge
[2022-12-15 18:08:56] <@%^Annies_Bot> anniesDiamond New tweet from AnnieFuchsia: "Not a bad year #TwitchRecap https://t.co/NZOKrcBicW" - a few seconds ago
[2022-12-15 18:11:57] <%drzaius30> start mission Marines immediately killed by grenade classic Halo FeelsStrongMan
[2022-12-15 18:13:25] <%NoName6834> so many hours on lost ark and she'll probably never play it again anniesAbsoluteDisaster
[2022-12-15 18:13:34] <%Geoffku> got 389 pants EZ
[2022-12-15 18:14:56] <@%Mongbat25> I got lost ark on mine as well and pretty sure only time I watched it was Annie streams
[2022-12-15 18:15:11] <%drzaius30> On mine for Annie and Asmon
[2022-12-15 18:15:23] <%drzaius30> was surprised it beat ff
[2022-12-15 18:15:44] <%drzaius30> it must be real close
[2022-12-15 18:15:57] Viewerstats (17:47-17:49): avg:1 482 min:1 482 max:1 482 [2/1 482+0_]
[2022-12-15 18:16:24] <%NoName6834> lost ark as 3rd for me ff was 2nd
[2022-12-15 18:18:54] <@%Mongbat25> warcraft hearthstone lostark Justchatting
[2022-12-15 18:20:30] <@%Mongbat25> Hours moded 3k Susge
[2022-12-15 18:20:40] <%NoName6834> Modding
[2022-12-15 18:20:42] <%Geoffku> Modding
[2022-12-15 18:21:00] <%drzaius30> Modding
[2022-12-15 18:21:14] <%PanicRush> my categories were wow lost ark league and ff14
[2022-12-15 18:21:24] <@%Mongbat25> Does anyone have a correct number for chanels modded says 14 but hear every says theirs is wrong
[2022-12-15 18:21:26] <%PanicRush> in that order
[2022-12-15 18:22:45] <%$Hasan_Lurker> people who aren't mods see 2 channels modded Shruge
[2022-12-15 18:25:07] <%Taylor131313> I think this tank forgor how to tank FeelsDankMan
[2022-12-15 18:25:28] <%PanicRush> relatable FeelsDankMan
[2022-12-15 18:25:43] <%drzaius30> i had a tank in MSQ roulette no job stone was using tank stance like a cooldown
[2022-12-15 18:25:59] <%PanicRush> djd
[2022-12-15 18:26:02] <@%Mongbat25> WICKED
[2022-12-15 18:26:08] <%PanicRush> WICKED
[2022-12-15 18:26:37] <%drzaius30> other dps kept trying to explain to stop mashing his stance on and off i gave up LUL
[2022-12-15 18:27:21] <%PanicRush> did you bully him? anniesToxic
[2022-12-15 18:27:32] <%drzaius30> no i tanked as bard KEKW
[2022-12-15 18:28:11] <%PanicRush> sh
[2022-12-15 18:28:29] <%PanicRush> you did that while bullying him?
[2022-12-15 18:29:28] <%drzaius30> nope it was start of stream i was watching Annie and chat YEP
[2022-12-15 18:30:24] <%drzaius30> no job stone in and was a level 60 free trial dudes a lost cause
[2022-12-15 18:33:52] <%Taylor131313> I AM GOD KING SKOVALD COCKBedge
[2022-12-15 18:33:54] <%Taylor131313> see you in 5 minutes
[2022-12-15 18:35:15] <%NoName6834> @drzaius30 they never listen
[2022-12-15 18:36:04] <%drzaius30> @drzaius30 YEP which is why it should mandatory to have a job stone in plus 30 content
[2022-12-15 18:41:03] <%NoName6834> zepla doing same thing I was thinking of doing Hmmm
[2022-12-15 18:41:23] <%JurgenRapp> peepoPooPoo
[2022-12-15 18:41:47] <%drzaius30> @NoName6834 Not you as well anniesGasp
[2022-12-15 18:43:38] <%drzaius30> Moving to Oceanic is unfortunately not an option for me
[2022-12-15 18:43:50] <%drzaius30> low pvp population Sadge
[2022-12-15 18:44:05] <%NoName6834> I want to start raiding and na hours are better anniesSole
[2022-12-15 18:44:17] <%drzaius30> Ah you should then
[2022-12-15 18:44:43] <%drzaius30> Can always make an alt or comeback later for lich
[2022-12-15 18:45:54] <%drzaius30> Also im assuming not until 6.4 raids come out ?
[2022-12-15 18:47:19] <%$Hasan_Lurker> YEP
[2022-12-15 18:53:17] <%NoName6834> yeah I was going to make an alt
[2022-12-15 18:55:49] <%NoName6834> a bun boy xddcoptercute
[2022-12-15 18:56:40] <%drzaius30> we need xdd race from ff9
[2022-12-15 18:57:21] <%NoName6834> Never played it Clueless
[2022-12-15 18:57:30] <%drzaius30> Its my fav
[2022-12-15 18:58:04] <%drzaius30> 4,6,9 and 10 YEP
[2022-12-15 18:58:15] <%NoName6834> I've heard good things FeelsOkayMan
[2022-12-15 18:58:35] <%drzaius30> Might be getting a remake ConcernFroge
[2022-12-15 18:58:47] <%NoName6834> I played a couple of hours of 4
[2022-12-15 18:59:20] <%NoName6834> think I made it up to the king reveal or whatever
[2022-12-15 18:59:30] <%drzaius30> part of the charm is the pre rendered backgrounds for 9, won't be the same Sadge
[2022-12-15 18:59:52] <%drzaius30> @NoName6834 Cagnazzo boss fight ?
[2022-12-15 19:00:09] <%drzaius30> pretty sure he is the next trial in ff14
[2022-12-15 19:01:17] <%NoName6834> @drzaius30 dankHug
[2022-12-15 19:01:48] <%NoName6834> Shruge was like 7 years ago
[2022-12-15 19:02:13] <%NoName6834> was the ds port on steam
[2022-12-15 19:06:00] <%PanicRush> electricity up, its m+ time LETSGO
[2022-12-15 19:07:55] <%drzaius30> @NoName6834 oof
[2022-12-15 19:08:13] <%drzaius30> i hate the 3d remake
[2022-12-15 19:08:44] <%drzaius30> PSP 2d version was the best Basedge
[2022-12-15 19:09:00] <%NoName6834> yeah I tried the psp version on emulator and liked the look more
[2022-12-15 19:09:33] <%drzaius30> its clean and the effects for spells and abilities are Pog
[2022-12-15 19:37:30] <%OJ_Hype> love random dragon riding dcs docPls
[2022-12-15 19:40:36] <%PanicRush> 1028 m+ score now
[2022-12-15 19:44:33] <%Taylor131313> AAAA
[2022-12-15 19:44:40] <%Makkan780> love when you get this stupid strafe bug in a m+
[2022-12-15 19:44:48] <%Makkan780> and nothign i do remove it
[2022-12-15 19:45:14] <%PanicRush> for me the only thing that fixes strafe bug is a full game restart
[2022-12-15 19:45:16] <%Taylor131313> do you use blizzard UI or
[2022-12-15 19:45:16] <%Makkan780> this game is so shit
[2022-12-15 19:45:20] <%Makkan780> yes
[2022-12-15 19:45:31] <%Taylor131313> found the issue xdd
[2022-12-15 19:45:46] <%Makkan780> this game is so fakking shit
[2022-12-15 19:45:55] <%PanicRush> is it time to give another try to my +10 nokhud key? anniesSole
[2022-12-15 19:46:08] <%PanicRush> maybe this time i will time it
[2022-12-15 19:46:15] <%Taylor131313> hell nah fuck nokhud
[2022-12-15 19:46:26] <%Taylor131313> just attempted a +12, didn't go well xdd
[2022-12-15 19:47:23] <%PanicRush> what are your options? xddx
[2022-12-15 19:47:42] <%Taylor131313> uninstall? xdd
[2022-12-15 19:47:49] <%Makkan780> ye
[2022-12-15 19:47:54] <%Makkan780> game is shit anyways
[2022-12-15 19:48:10] <%PanicRush> is that why you are offline? xddgarlic
[2022-12-15 19:48:23] <%Makkan780> relesed liek 6 months early
[2022-12-15 19:48:36] <%Makkan780> even vanilla didnt have this many bugs
[2022-12-15 19:48:43] <%Makkan780> so bad
[2022-12-15 19:48:53] <%PanicRush> you know whats a cool mmorpg with little to no bugs and super fun gameplay?
[2022-12-15 19:48:57] <%PanicRush> guild dwars 2
[2022-12-15 19:49:02] <%PanicRush> wars* not dwars
[2022-12-15 19:49:06] <%Makkan780> never played and never willl
[2022-12-15 19:49:06] <%PanicRush> and it has warriors
[2022-12-15 19:49:12] <%PanicRush> why not?
[2022-12-15 19:49:39] <%Makkan780> jsut no interest in it
[2022-12-15 19:49:51] <%PanicRush> hmm, sad, its really fun
[2022-12-15 19:58:06] <%$Hasan_Lurker> Smadge play runescape
[2022-12-15 20:24:37] <%Taylor131313> fuck this, I'm done for today
[2022-12-15 20:25:13] <%PanicRush> Sadge
[2022-12-15 20:25:24] <%PanicRush> my jade serpent groupdisbanded at 1st boss
[2022-12-15 20:25:30] <%PanicRush> gonna try ruby pools 11 now
[2022-12-15 20:26:36] <%Taylor131313> I guess sleep deprivation is also starting to hit since i'm doing dumb mistakes too
[2022-12-15 20:28:41] <%Taylor131313> getting all 10s done plus one 11 and a 13 depleto is a-ok for today I suppose
[2022-12-15 20:30:00] <%PanicRush> whats your score now?
[2022-12-15 20:30:19] <%Taylor131313> 1230 something
[2022-12-15 20:36:12] <%PanicRush> well, ruby group also disbanded
[2022-12-15 20:36:23] <%Taylor131313> where?
[2022-12-15 20:36:33] <%PanicRush> pretty much at start
[2022-12-15 20:36:40] <%PanicRush> trash before the 1st boss
[2022-12-15 20:36:46] <%PanicRush> healer failed the invis pot skip
[2022-12-15 20:36:49] <%Taylor131313> at least you didn't get to the actual hard part xdd
[2022-12-15 20:37:13] <%PanicRush> dunno if i should try finding another group for some +10 or just give up
[2022-12-15 20:40:11] <%$Hasan_Lurker> xddgarlic
[2022-12-15 21:03:33] <%NoName6834> xddcute xddCOCKING ayayaxdd xddnerd xddshy xdd531531205982039582309582590382509285580950923509385092590820 xddgarlic xddx xdd xddcoptercute
[2022-12-15 21:03:39] <%NoName6834> NotLikeThis
[2022-12-15 21:03:50] <%Taylor131313> just join us xdd531531205982039582309582590382509285580950923509385092590820
[2022-12-15 21:03:55] <%Taylor131313> surrender xdd531531205982039582309582590382509285580950923509385092590820
[2022-12-15 21:04:13] <%NoName6834> ayayaxdd
[2022-12-15 21:04:19] <%+Chryterion> https://www.wowhead.com/news/chris-metzen-joining-warcraft-leadership-team-as-creative-advisor-330540 Pog
[2022-12-15 21:54:36] <%OJ_Hype> got my 2-set HandsUp
[2022-12-15 22:06:04] <@%^Annies_Bot> anniesDiamond New tweet from AnnieFuchsia: "Most watched female streamer of the week 😳" - a few seconds ago
[2022-12-15 22:07:20] <%Grinikth> anniesHype
[2022-12-15 22:07:30] <%$Hasan_Lurker> EZ Clap
[2022-12-15 22:07:42] <%$Hasan_Lurker> Sadge Ammo 2nd
[2022-12-15 22:12:08] <%Collnaris> peepoPog
[2022-12-15 22:12:11] <%NoName6834> anniesHypers
[2022-12-15 22:12:12] <@%^Nightbot> anniesHypers
[2022-12-15 22:21:42] <%$loppish91> chriz metzen back to wow Pog
[2022-12-15 22:22:27] <%Teno20> Thrallamu?
[2022-12-15 22:27:56] <%bYTEfROG> Dragonriding beats hot tub meta, twitch is healing peepoLife
[2022-12-15 22:34:25] <%$Hasan_Lurker> Death
[2022-12-15 22:52:52] <+Jaammeesss> !weakaura
[2022-12-15 22:52:52] <@%^Nightbot> Elite/rares tracker: https://wago.io/9o2DUdr9t, Event tracker: https://wago.io/DFEventTracker, Dragonriding: https://wago.io/dmui-dragonriding
[2022-12-15 23:01:12] <%Maxwro> !discord
[2022-12-15 23:01:12] <@%^Nightbot> Join our discord server anniesHype https://discord.gg/anniefuchsia
[2022-12-15 23:15:27] <%NoName6834> Death
[2022-12-15 23:58:51] <%JurgenRapp> @AnnieFuchsia More hours watched than Amouranth that's crazy, HWPO.  FeelsStrongMan now come to Brazil
