# Log started: 2022-12-25 00:00:17 +0100
[2022-12-25 00:00:17] <@^Nightbot> Lok’tar! No more lag in Orgrimmar with Kingston FURY --> https://link.method.gg/fragnance-kingston-fury-renegadenvme
[2022-12-25 00:00:38] <JohnnyCarBonn> !best
[2022-12-25 00:00:38] <@^Nightbot> 56,8%
[2022-12-25 00:01:09] VIEWERS: 1 495
[2022-12-25 00:01:12] <@^Nightbot> Certified by Discord & Teamspeak, the HyperX QuadCast S has a built-in Pop Filter and features an anti-vibration shock mount. Communicate effectively with your Guild & Raid Groups using a Microphone trusted by Thousands --> https://link.method.gg/fragnance-hyperx-qcs
[2022-12-25 00:01:43] <%+devilbride> !song
[2022-12-25 00:01:43] <@^Moobot> @devilbride Thrice - Deadbolt
[2022-12-25 00:02:11] <@^Nightbot> BRAND NEW Method merchandise! Check out the collection --> https://link.method.gg/fragnance-shop
[2022-12-25 00:02:17] <JoooN16> !best
[2022-12-25 00:02:17] <@^Nightbot> 56,8%
[2022-12-25 00:03:07] <%+devilbride> Prayge Prayge Prayge Prayge Prayge
[2022-12-25 00:03:07] <@^Moobot> Use your twitchprime to get the subperks for free SeemsGood
[2022-12-25 00:03:09] <@^Nightbot> Method class and boss guides are now available for patch 9.2.5, including recommended talents, covenants, tier sets and more --> https://link.method.gg/fragnance-guides
[2022-12-25 00:03:09] VIEWERS: 1 531
[2022-12-25 00:03:37] <%+Misasam> Prayge for prog
[2022-12-25 00:03:37] <@^Moobot> TheIlluminati Like/subscribe/follow Fragnance on: https://twitter.com/fragnancewow | https://www.youtube.com/user/JimmyLandqvist
[2022-12-25 00:03:47] <!%MegCantPlay> Prayge
[2022-12-25 00:03:57] <@+SanyaLitvyak> man getting drunk and sobering up within the same day is wild shit
[2022-12-25 00:04:11] <!%MegCantPlay> @SanyaLitvyak its unpleasant i had an accidental nap
[2022-12-25 00:04:18] <@+SanyaLitvyak> KEKW
[2022-12-25 00:04:48] <@+SanyaLitvyak> new best COPIUM
[2022-12-25 00:04:58] <%+devilbride> LETSGO LETSGO Prayge Prayge
[2022-12-25 00:05:09] VIEWERS: 1 531
[2022-12-25 00:05:16] <%+Misasam> if ppl just would stop dying monkaS
[2022-12-25 00:05:35] <%jordanking95> LOL frag's face
[2022-12-25 00:05:47] <+CrimsonBadmojo> i felt that ^^
[2022-12-25 00:05:47] <!%MegCantPlay> the saddest chicken dipper eater ive ever seen
[2022-12-25 00:05:53] <@+SanyaLitvyak> OMEGALUL
[2022-12-25 00:05:55] <dannelen> God jul m8
[2022-12-25 00:05:57] <%jordanking95> are u eating chicken nuggets?
[2022-12-25 00:06:03] <BlackFox_4> !best
[2022-12-25 00:06:03] <@^Nightbot> 56,8%
[2022-12-25 00:06:04] <%+devilbride> Guess everyone of us viewers can feel the pain
[2022-12-25 00:06:17] <%+TonyChopper94> sitting there with jeans and eating & progressing Sadge Jmy
[2022-12-25 00:06:32] <%+Misasam> does someone know the actual pull count?
[2022-12-25 00:06:34] <nazw99> progressing christmans eve Sagde
[2022-12-25 00:06:44] <@+SanyaLitvyak> !editcom !best 52.5%
[2022-12-25 00:06:45] <@^Nightbot> @SanyaLitvyak -> The command "!best" has been edited successfully.
[2022-12-25 00:06:56] <@+SanyaLitvyak> @Misasam main method stream has it
[2022-12-25 00:06:57] <whatisgrassxd> Only two healing?
[2022-12-25 00:07:06] <@+SanyaLitvyak> 218
[2022-12-25 00:07:06] <%+Misasam> ah, ty sanya
[2022-12-25 00:07:06] <@+SanyaLitvyak> pulls
[2022-12-25 00:07:09] Viewerstats (23:39-00:07): avg:1 516 min:1 437 max:1 622 [15/1 437+0+0+185+0−113+22+0+0+0−36+0+36+0−25]
[2022-12-25 00:07:09] VIEWERS: 1 506
[2022-12-25 00:07:28] <%+Misasam> i hope they get to p3 soon. Prayge
[2022-12-25 00:07:48] <%+Misasam> looks a bit frustrating dealing with p1 and some p2
[2022-12-25 00:07:51] <@+SanyaLitvyak> where khat
[2022-12-25 00:07:54] <@+SanyaLitvyak> Sadge
[2022-12-25 00:07:59] <PracticeRiku> God jul mate
[2022-12-25 00:08:33] <!%MegCantPlay> did you just inhale 14 chicken dippers in 30s
[2022-12-25 00:08:46] <@+SanyaLitvyak> he bloodlusted yea
[2022-12-25 00:08:49] <@+SanyaLitvyak> irl
[2022-12-25 00:08:50] <@%smokywow> @PracticeRiku o/
[2022-12-25 00:09:04] <NazariHD> god jul <3
[2022-12-25 00:09:09] VIEWERS: 1 506
[2022-12-25 00:09:26] <%Vlaxter> jmy making the OT in xmas, bik paycheck! fraggyHmm
[2022-12-25 00:09:27] [Notification] SanyaLitvyak subscribed with Prime. They've subscribed for 37 months! [pooog]
[2022-12-25 00:09:30] <+LennyMow> LUL wtf
[2022-12-25 00:09:31] <PracticeRiku> o/
[2022-12-25 00:09:54] <%jordanking95> now it's BDGG vs Method I guess
[2022-12-25 00:10:05] <%+TonyChopper94> god bless
[2022-12-25 00:10:21] <+LennyMow> man wants u to sleep with fight on wtf
[2022-12-25 00:10:36] <!%MegCantPlay> oh he will be fighting
[2022-12-25 00:10:46] <!%MegCantPlay> im robbed of my xmas
[2022-12-25 00:10:50] <@%+SanyaLitvyak> OMEGALUL
[2022-12-25 00:10:58] <%Vlaxter> now do we get some mythic+ Kappa
[2022-12-25 00:11:07] <%jordanking95> merry chrismen
[2022-12-25 00:11:07] <%+Misasam> at least u have grimbo meg
[2022-12-25 00:11:09] VIEWERS: 1 461
[2022-12-25 00:11:12] <%jordanking95> happy chrisler jimy
[2022-12-25 00:11:20] <!%MegCantPlay> @Misasam main man in my life PepeHands
[2022-12-25 00:11:30] <@%+SanyaLitvyak> Sadge wtf do i do now
[2022-12-25 00:11:31] <%+devilbride> gn8
[2022-12-25 00:11:34] <%jordanking95> wait what did he say
[2022-12-25 00:11:38] <%jordanking95> what discussion
[2022-12-25 00:11:42] <%jordanking95> with whom
[2022-12-25 00:11:46] <!%MegCantPlay> about raiding hours tomoz prob
[2022-12-25 00:12:52] <%+devilbride> have a gn8 chat. cya 2mrow
[2022-12-25 00:13:09] VIEWERS: 1 461
[2022-12-25 00:13:49] ~Stream offline~
[2022-12-25 00:14:34] <~%Fragnance> nnnnn
[2022-12-25 00:26:25] <+Der_rockler> !best
[2022-12-25 00:26:25] <@^Nightbot> 52.5%
[2022-12-25 00:37:14] Viewerstats (00:09-00:11): avg:1 483 min:1 461 max:1 506 [2/1 506−45_]
[2022-12-25 00:57:23] [Notification] tmAwkward subscribed at Tier 1.
[2022-12-25 00:57:23] <@^Moobot> THANK YOU FOR SUBBING, tmAwkward! AND WELCOME TO THE HOOD HOMEE ;j NaM PogChamp fraggyHYPERS fraggyLOVE SourPls NaM PogChamp fraggyLOVE fraggyHYPERS SourPls PepePls ;j
[2022-12-25 01:04:38] <Razorlord> !talents
[2022-12-25 01:04:39] <@^Nightbot> https://media.discordapp.net/attachments/626873652394328084/1041147070100291674/image.png?width=932&height=467 , shorturl.at/efgxZ cleave dot build
[2022-12-25 01:29:20] [Notification] marumaru0010 subscribed with Prime.
[2022-12-25 01:29:20] <@^Moobot> THANK YOU FOR SUBBING, marumaru0010! AND WELCOME TO THE HOOD HOMEE ;j NaM PogChamp fraggyHYPERS fraggyLOVE SourPls NaM PogChamp fraggyLOVE fraggyHYPERS SourPls PepePls ;j
[2022-12-25 03:01:19] [Notification] An anonymous user gifted a Tier 1 sub to JohnnyCarBonn!
[2022-12-25 03:05:21] <%JohnnyCarBonn> !discord
[2022-12-25 03:05:22] <@^Moobot> @JohnnyCarBonn @JohnnyCarBonn Join the community :)) . https://discord.gg/fragnance , For subs, Discord > User Settings > Connections > Connect Twitch and join "The Hood". Server syncs with new twitch accounts within an hour. Be sure to read #Welcome
[2022-12-25 03:18:23] <preparedaf> !talents
[2022-12-25 03:18:23] <@^Nightbot> https://media.discordapp.net/attachments/626873652394328084/1041147070100291674/image.png?width=932&height=467 , shorturl.at/efgxZ cleave dot build
[2022-12-25 04:41:42] <+Bunuh> kuk
[2022-12-25 04:42:25] [Notification] rindioh gifted a Tier 1 sub to Bunuh! This is their first Gift Sub in the channel! Bunuh has subscribed for 4 months!
[2022-12-25 06:43:21] <%+4leraa> !wa
[2022-12-25 06:43:31] <%+4leraa> !discord
[2022-12-25 06:43:31] <@^Moobot> @4leraa @4leraa Join the community :)) . https://discord.gg/fragnance , For subs, Discord > User Settings > Connections > Connect Twitch and join "The Hood". Server syncs with new twitch accounts within an hour. Be sure to read #Welcome
[2022-12-25 06:48:43] <%+4leraa> !ui
[2022-12-25 06:48:43] <@^Nightbot> Sub perks. Type !discord for more information
[2022-12-25 10:35:27] <%+devilbride> Good Morning Jmy ☕ fraggyLOVE  Good Luck for Today <3
[2022-12-25 11:12:30] <@%Tragidysgirl24> Good Morning, Merry Christmas fraggyLOVE
[2022-12-25 12:13:02] <MissCamelt0e> !talents
[2022-12-25 12:13:02] <@^Nightbot> https://media.discordapp.net/attachments/626873652394328084/1041147070100291674/image.png?width=932&height=467 , shorturl.at/efgxZ cleave dot build
[2022-12-25 13:27:22] [Notification] NyuYua subscribed at Tier 1.
[2022-12-25 13:27:22] <@^Moobot> THANK YOU FOR SUBBING, NyuYua! AND WELCOME TO THE HOOD HOMEE ;j NaM PogChamp fraggyHYPERS fraggyLOVE SourPls NaM PogChamp fraggyLOVE fraggyHYPERS SourPls PepePls ;j
[2022-12-25 16:19:22] <LoqcDerEchte> !ui
[2022-12-25 16:19:22] <@^Nightbot> Sub perks. Type !discord for more information
[2022-12-25 16:51:22] <%+devilbride> Prayge LETSGO  Cmon guys.. Bring it home fraggyLOVE
[2022-12-25 20:15:43] <kdyuk> !music
[2022-12-25 20:15:46] <kdyuk> !playlist
[2022-12-25 20:15:47] <@^Moobot> @kdyuk #Sweetspot, my spotify playlist. Requires Spotify though! http://open.spotify.com/user/jimmpyy/playlist/6wUV2gAg3ZMAG6zWPNzL1p Enjoy.
[2022-12-25 20:19:08] <%+devilbride> wb Jmy fraggyLOVE  Good Luck for now <3
[2022-12-25 20:20:09] <@^Nightbot> BRAND NEW Method merchandise! Check out the collection --> https://link.method.gg/fragnance-shop
[2022-12-25 22:42:16] Disconnected
[2022-12-25 22:42:16] Attempting to reconnect in 1 seconds.. (1/∞)
[2022-12-25 22:42:17] Connecting to
[2022-12-25 22:42:29] Joining #fragnance..
[2022-12-25 22:43:16] Joining #fragnance..
[2022-12-25 22:43:16] You have joined #fragnance
