# Log started: 2022-12-30 00:00:04 +0100
[2022-12-30 00:00:04] [Notification] Colagizmo subscribed with Prime.
[2022-12-30 00:01:49] [Notification] grspiv subscribed with Prime.
[2022-12-30 00:16:47] [Notification] kazyxoo subscribed at Tier 1.
[2022-12-30 00:18:31] [Notification] hoodson subscribed at Tier 1.
[2022-12-30 00:23:58] [Usernotice] VelenteneCEO converted from a Prime sub to a Tier 1 sub!
[2022-12-30 00:30:32] [Notification] kuakreformed subscribed at Tier 1.
[2022-12-30 00:35:57] [Notification] RodylolTV subscribed with Prime. They've subscribed for 29 months!
[2022-12-30 00:39:56] <Kotcheb> !displate
[2022-12-30 00:39:56] <@Echo_Esports> Echo, WoW, Diablo, Cute cats? Cant make up your mind? With code: ECHORWF you don't need to! Check out exclusive offers during the RWF at echogg.ly/displate/Naowh
[2022-12-30 00:43:11] [Notification] Kotcheb subscribed at Tier 1.
[2022-12-30 00:43:22] <%Kotcheb> hi
[2022-12-30 00:44:39] <%xyruuz> !patreon
[2022-12-30 00:44:40] <@%^StreamElements> You can now support Naowh through Patreon: https://patreon.com/naowh Gain access to NaowhUI Installer and profiles, Mythic+ routes, Talent Builds and much more. Connect your Patreon with Discord wait for it to SYNC and gain access to unique channels.
[2022-12-30 00:46:18] [Notification] eLementK_ subscribed at Tier 1.
[2022-12-30 00:52:28] [Notification] Callmesval subscribed at Tier 1.
[2022-12-30 01:05:46] [Notification] pootsmcgee508 subscribed with Prime.
[2022-12-30 01:08:59] [Notification] archaskr subscribed with Prime.
[2022-12-30 01:10:49] [Notification] Patricker75 subscribed at Tier 1.
[2022-12-30 01:20:17] <mesterdmeen> !ui
[2022-12-30 01:20:17] <@%^StreamElements> NaowhUI is available on Patreon (www.patreon.com/naowh) or thru Twitch Prime/Normal sub. After you sub, go to Discord: https://discord.gg/naowh, connect your Discord with Patreon/Twitch via settings, then wait 30-60 minutes for it to SYNC.
[2022-12-30 01:27:14] [Notification] morfa11 subscribed with Prime.
[2022-12-30 01:47:32] [Notification] sugarkiss_ subscribed with Prime.
[2022-12-30 02:00:52] [Notification] Verskelt subscribed with Prime. They've subscribed for 15 months!
[2022-12-30 02:06:34] [Notification] Hoverbolly subscribed with Prime.
[2022-12-30 02:07:07] [Notification] talalala9444 subscribed at Tier 1.
[2022-12-30 02:24:41] [Notification] Blackl1st subscribed with Prime. They've subscribed for 22 months!
[2022-12-30 02:38:02] [Notification] StevStreams subscribed at Tier 1.
[2022-12-30 02:48:36] [Notification] MaybeNovembre subscribed with Prime.
[2022-12-30 03:25:33] [Notification] Zyxyz322 subscribed at Tier 1.
[2022-12-30 03:41:55] [Notification] kompanymusic subscribed with Prime.
[2022-12-30 03:42:22] [Notification] TyferiieL subscribed with Prime.
[2022-12-30 05:03:22] [Notification] noobishnerd subscribed at Tier 1.
[2022-12-30 05:04:06] <%noobishnerd> !ui
[2022-12-30 05:04:07] <@%^StreamElements> NaowhUI is available on Patreon (www.patreon.com/naowh) or thru Twitch Prime/Normal sub. After you sub, go to Discord: https://discord.gg/naowh, connect your Discord with Patreon/Twitch via settings, then wait 30-60 minutes for it to SYNC.
[2022-12-30 05:11:37] [Notification] lisaronald587 subscribed with Prime.
[2022-12-30 05:26:55] [Notification] MantaKekoa subscribed at Tier 1.
[2022-12-30 05:54:27] [Notification] jiancan7878 gifted a Tier 1 sub to qinyinke! They have given 59 Gift Subs in the channel! qinyinke has subscribed for 4 months!
[2022-12-30 06:17:40] [Notification] lockhem_tv subscribed with Prime. They've subscribed for 18 months!
[2022-12-30 06:32:01] [Notification] hunttsmen subscribed with Prime.
[2022-12-30 06:38:33] [Notification] Bazazar subscribed with Prime.
[2022-12-30 06:43:55] [Notification] Baktrick subscribed with Prime.
[2022-12-30 07:14:44] [Notification] An anonymous user gifted a Tier 1 sub to WYD6! WYD6 has subscribed for 14 months!
[2022-12-30 07:21:14] [Notification] 무화과나무 subscribed at Tier 1.
[2022-12-30 07:49:56] [Notification] mb0325 subscribed at Tier 1.
[2022-12-30 07:56:02] [Notification] 엔조무에테 subscribed at Tier 1.
[2022-12-30 08:05:39] [Notification] ExceedSC subscribed at Tier 1.
[2022-12-30 08:44:46] [Notification] An anonymous user gifted a Tier 1 sub to amireptile!
[2022-12-30 08:51:30] [Notification] TCL_Aden subscribed with Prime.
[2022-12-30 08:59:44] [Notification] muzze1994 subscribed at Tier 1.
[2022-12-30 09:14:16] [Notification] Buguse subscribed with Prime.
[2022-12-30 09:34:51] <Vexrin> i
[2022-12-30 10:21:54] [Notification] Nyanalol subscribed with Prime.
[2022-12-30 10:25:48] [Notification] waabix subscribed with Prime.
[2022-12-30 10:50:28] [Notification] sacrife subscribed at Tier 1.
[2022-12-30 10:51:00] [Notification] dannYzeE subscribed at Tier 1.
[2022-12-30 11:06:54] [Notification] casiel31 subscribed at Tier 1.
[2022-12-30 11:25:16] [Notification] chimpli subscribed at Tier 1.
[2022-12-30 11:26:05] <%chimpli> !dc
[2022-12-30 11:26:27] <%chimpli> !discord
[2022-12-30 11:26:27] <@%^StreamElements> https://discord.gg/naowh
[2022-12-30 11:26:28] <@Echo_Esports> Join the Echo Community Discord now! echogg.ly/discord
[2022-12-30 11:39:31] [Notification] Syel_ subscribed with Prime.
[2022-12-30 11:50:03] [Notification] ClosingAce subscribed at Tier 1.
[2022-12-30 11:52:07] [Notification] lucaaaaaaaaaaaaaaaa subscribed at Tier 1. They've subscribed for 17 months!
[2022-12-30 11:56:22] [Notification] classicusername01 subscribed with Prime.
[2022-12-30 11:58:58] [Notification] twoliss subscribed at Tier 1.
[2022-12-30 12:10:00] [Notification] 공구일일공팔 subscribed at Tier 1.
[2022-12-30 12:19:31] [Notification] Sput9k subscribed at Tier 1.
[2022-12-30 12:23:15] [Notification] lindblom9 subscribed with Prime.
[2022-12-30 12:29:02] [Notification] 3005volt subscribed at Tier 1.
[2022-12-30 12:51:49] <imKingu> !ui
[2022-12-30 12:51:50] <@%^StreamElements> NaowhUI is available on Patreon (www.patreon.com/naowh) or thru Twitch Prime/Normal sub. After you sub, go to Discord: https://discord.gg/naowh, connect your Discord with Patreon/Twitch via settings, then wait 30-60 minutes for it to SYNC.
[2022-12-30 12:58:14] [Notification] imKingu subscribed at Tier 1.
[2022-12-30 13:00:02] [Notification] SweitzTV subscribed with Prime.
[2022-12-30 13:22:25] <vailqt22> !plater
[2022-12-30 13:23:38] [Notification] Redkiros0 subscribed with Prime.
[2022-12-30 13:46:33] <%Sunnny_x> !discord
[2022-12-30 13:46:33] <@%^StreamElements> https://discord.gg/naowh
[2022-12-30 13:46:33] <@Echo_Esports> Join the Echo Community Discord now! echogg.ly/discord
[2022-12-30 13:51:58] [Notification] NoSkills88 subscribed at Tier 1.
[2022-12-30 13:54:30] [Notification] BenMelodi subscribed at Tier 1. They've subscribed for 3 months!
[2022-12-30 13:56:02] <PianistShadow> !commands
[2022-12-30 13:56:02] <@%^StreamElements> @PianistShadow, You can find a list of all Commands here https://StreamElements.com/naowh/commands
[2022-12-30 13:58:45] <%+Naaay> !discord
[2022-12-30 13:58:45] <@%^StreamElements> https://discord.gg/naowh
[2022-12-30 13:58:45] <@Echo_Esports> Join the Echo Community Discord now! echogg.ly/discord
[2022-12-30 14:01:23] [Notification] Selyn_Kisaragi subscribed with Prime.
[2022-12-30 14:15:46] [Notification] TheBamf subscribed with Prime.
[2022-12-30 14:19:36] [Notification] SchwestaRazziert subscribed with Prime.
[2022-12-30 14:31:40] [Notification] Ziruan subscribed at Tier 1.
[2022-12-30 14:43:12] [Notification] ronkenpops subscribed at Tier 1.
[2022-12-30 14:44:52] [Notification] thatsleepyshaman subscribed with Prime.
[2022-12-30 14:48:04] [Notification] Nephico subscribed at Tier 1.
[2022-12-30 14:50:04] [Notification] savagejohn93 subscribed at Tier 1.
[2022-12-30 14:52:30] [Notification] Znake_DK subscribed with Prime.
[2022-12-30 14:53:23] [Notification] cAptnYauli subscribed with Prime.
[2022-12-30 14:55:28] [Notification] wodkaoss1 subscribed with Prime.
[2022-12-30 14:58:44] [Notification] blasphemian__ subscribed at Tier 1.
[2022-12-30 15:00:23] <%+Flipeled> !ui
[2022-12-30 15:00:23] <@%^StreamElements> NaowhUI is available on Patreon (www.patreon.com/naowh) or thru Twitch Prime/Normal sub. After you sub, go to Discord: https://discord.gg/naowh, connect your Discord with Patreon/Twitch via settings, then wait 30-60 minutes for it to SYNC.
[2022-12-30 15:05:40] <k1wadawg> !plater
[2022-12-30 15:05:44] <k1wadawg> !displate
[2022-12-30 15:05:45] <@Echo_Esports> Echo, WoW, Diablo, Cute cats? Cant make up your mind? With code: ECHORWF you don't need to! Check out exclusive offers during the RWF at echogg.ly/displate/Naowh
[2022-12-30 15:05:59] <k1wadawg> !plates
[2022-12-30 15:35:54] [Notification] mRm_94 subscribed with Prime.
[2022-12-30 15:44:45] [Notification] skodam8 subscribed at Tier 1.
[2022-12-30 15:50:09] <Cadje> !ui
[2022-12-30 15:50:09] <@%^StreamElements> NaowhUI is available on Patreon (www.patreon.com/naowh) or thru Twitch Prime/Normal sub. After you sub, go to Discord: https://discord.gg/naowh, connect your Discord with Patreon/Twitch via settings, then wait 30-60 minutes for it to SYNC.
[2022-12-30 16:17:33] [Notification] Azdr3k subscribed with Prime.
[2022-12-30 16:18:04] [Notification] Deathcorez subscribed with Prime.
[2022-12-30 16:18:06] [Notification] MrStealYaWaifu subscribed with Prime.
[2022-12-30 16:18:41] <%+Azdr3k> !displate
[2022-12-30 16:18:41] <@Echo_Esports> Echo, WoW, Diablo, Cute cats? Cant make up your mind? With code: ECHORWF you don't need to! Check out exclusive offers during the RWF at echogg.ly/displate/Naowh
[2022-12-30 16:21:47] [Notification] M7md11_ subscribed with Prime.
[2022-12-30 16:37:50] [Notification] jeannine622 subscribed at Tier 1.
[2022-12-30 17:08:16] [Notification] pluplumi subscribed at Tier 1. They've subscribed for 5 months!
[2022-12-30 17:11:55] [Notification] wraaith subscribed at Tier 1. They've subscribed for 21 months, currently on a 2 month streak! [happy holiday]
[2022-12-30 17:15:16] [Notification] moonyeaaah subscribed with Prime.
[2022-12-30 17:26:29] [Notification] Aahrox subscribed with Prime.
[2022-12-30 17:26:43] <%Aahrox> sophro1Pingu
[2022-12-30 17:35:34] [Notification] zqard subscribed with Prime.
[2022-12-30 17:43:07] [Notification] Xortth subscribed with Prime. They've subscribed for 31 months!
[2022-12-30 17:48:09] <%+andertonz> !ui
[2022-12-30 17:48:10] <@%^StreamElements> NaowhUI is available on Patreon (www.patreon.com/naowh) or thru Twitch Prime/Normal sub. After you sub, go to Discord: https://discord.gg/naowh, connect your Discord with Patreon/Twitch via settings, then wait 30-60 minutes for it to SYNC.
[2022-12-30 17:51:56] [Notification] Ghost_of_Aiur subscribed with Prime.
[2022-12-30 18:08:42] [Notification] Aradiaa subscribed at Tier 1.
[2022-12-30 18:20:13] [Notification] Nek_78 subscribed at Tier 1.
[2022-12-30 18:23:43] <%Nek_78> !ui
[2022-12-30 18:23:44] <@%^StreamElements> NaowhUI is available on Patreon (www.patreon.com/naowh) or thru Twitch Prime/Normal sub. After you sub, go to Discord: https://discord.gg/naowh, connect your Discord with Patreon/Twitch via settings, then wait 30-60 minutes for it to SYNC.
[2022-12-30 18:30:10] [Notification] i_yooz_i subscribed with Prime.
[2022-12-30 18:30:42] [Notification] L0pedogg subscribed at Tier 1.
[2022-12-30 18:34:21] [Notification] leyara3 subscribed with Prime.
[2022-12-30 18:34:36] [Notification] lilstew1982 subscribed with Prime.
[2022-12-30 18:57:57] [Notification] Radaurudi subscribed with Prime.
[2022-12-30 18:58:58] [Notification] mbsz4503 subscribed at Tier 1.
[2022-12-30 19:15:58] <%+Naaay> !DISCORD
[2022-12-30 19:15:58] <@%^StreamElements> https://discord.gg/naowh
[2022-12-30 19:25:50] [Notification] LeZags subscribed with Prime. They've subscribed for 28 months!
[2022-12-30 19:36:34] [Notification] kirbe4 subscribed at Tier 1.
[2022-12-30 19:48:56] <+BaGhiri> !playlist
[2022-12-30 20:23:45] <Matariel16> !wa
[2022-12-30 20:24:25] <Matariel16> !ui
[2022-12-30 20:24:26] <@%^StreamElements> NaowhUI is available on Patreon (www.patreon.com/naowh) or thru Twitch Prime/Normal sub. After you sub, go to Discord: https://discord.gg/naowh, connect your Discord with Patreon/Twitch via settings, then wait 30-60 minutes for it to SYNC.
[2022-12-30 20:26:05] [Notification] miirza93 subscribed with Prime.
[2022-12-30 20:41:23] [Notification] stazvald subscribed with Prime.
[2022-12-30 20:44:17] [Notification] ChucklesSoftly subscribed with Prime.
[2022-12-30 20:47:53] [Notification] Fejsko subscribed at Tier 1.
[2022-12-30 20:48:39] [Notification] husker444 subscribed with Prime.
[2022-12-30 20:48:49] [Notification] Schnoopy84 subscribed at Tier 1.
[2022-12-30 20:49:01] <%+husker444> !ui
[2022-12-30 20:49:02] <@%^StreamElements> NaowhUI is available on Patreon (www.patreon.com/naowh) or thru Twitch Prime/Normal sub. After you sub, go to Discord: https://discord.gg/naowh, connect your Discord with Patreon/Twitch via settings, then wait 30-60 minutes for it to SYNC.
[2022-12-30 21:05:10] [Usernotice] Kerbeross converted from a Prime sub to a Tier 1 sub!
[2022-12-30 21:11:50] [Usernotice] 420MadMF is continuing the Gift Sub they got from crankhead91!
[2022-12-30 21:12:13] [Notification] Tobiishy subscribed with Prime.
[2022-12-30 21:12:28] <%+Tobiishy> !ui
[2022-12-30 21:12:29] <@%^StreamElements> NaowhUI is available on Patreon (www.patreon.com/naowh) or thru Twitch Prime/Normal sub. After you sub, go to Discord: https://discord.gg/naowh, connect your Discord with Patreon/Twitch via settings, then wait 30-60 minutes for it to SYNC.
[2022-12-30 21:13:21] [Notification] s0branier subscribed at Tier 1. They've subscribed for 9 months!
[2022-12-30 21:46:19] [Notification] jok4er69 subscribed with Prime.
[2022-12-30 21:48:55] <%+dgentilts> !ui
[2022-12-30 21:48:55] <@%^StreamElements> NaowhUI is available on Patreon (www.patreon.com/naowh) or thru Twitch Prime/Normal sub. After you sub, go to Discord: https://discord.gg/naowh, connect your Discord with Patreon/Twitch via settings, then wait 30-60 minutes for it to SYNC.
[2022-12-30 22:13:14] [Notification] Ogge098 subscribed with Prime. They've subscribed for 27 months!
[2022-12-30 22:22:02] [Notification] Blabyone subscribed at Tier 1.
[2022-12-30 22:23:25] [Notification] IceCleaveR subscribed at Tier 1.
[2022-12-30 22:28:49] <+slyzeo> !plater
[2022-12-30 22:28:56] <+slyzeo> !ui
[2022-12-30 22:28:57] <@%^StreamElements> NaowhUI is available on Patreon (www.patreon.com/naowh) or thru Twitch Prime/Normal sub. After you sub, go to Discord: https://discord.gg/naowh, connect your Discord with Patreon/Twitch via settings, then wait 30-60 minutes for it to SYNC.
[2022-12-30 22:29:39] [Notification] Jhurr subscribed with Prime.
[2022-12-30 22:30:10] [Notification] slyzeo subscribed at Tier 1. They've subscribed for 8 months, currently on a 1 month streak!
[2022-12-30 22:30:13] <%+slyzeo> ui
[2022-12-30 22:30:15] <%+slyzeo> !ui
[2022-12-30 22:30:15] <@%^StreamElements> NaowhUI is available on Patreon (www.patreon.com/naowh) or thru Twitch Prime/Normal sub. After you sub, go to Discord: https://discord.gg/naowh, connect your Discord with Patreon/Twitch via settings, then wait 30-60 minutes for it to SYNC.
[2022-12-30 22:36:34] [Notification] 0202bader subscribed at Tier 1.
[2022-12-30 22:52:08] [Notification] Ruhrkrieger subscribed with Prime.
[2022-12-30 23:04:56] [Notification] elbastianmoli subscribed with Prime.
[2022-12-30 23:05:30] [Notification] oiManiac subscribed with Prime.
[2022-12-30 23:06:48] [Notification] vadikosik subscribed at Tier 1.
[2022-12-30 23:31:32] [Notification] Lukeymeister subscribed at Tier 1.
[2022-12-30 23:39:53] [Notification] Serix17 subscribed at Tier 1.
[2022-12-30 23:40:30] [Notification] irrelephanted subscribed at Tier 1.
[2022-12-30 23:42:00] [Notification] Jinx_2 subscribed with Prime.
[2022-12-30 23:42:08] [Notification] tehgnz subscribed with Prime.
[2022-12-30 23:43:50] <%+tehgnz> !displate
[2022-12-30 23:43:51] <@Echo_Esports> Echo, WoW, Diablo, Cute cats? Cant make up your mind? With code: ECHORWF you don't need to! Check out exclusive offers during the RWF at echogg.ly/displate/Naowh
[2022-12-30 23:44:20] [Notification] simpakung1 subscribed with Prime.
[2022-12-30 23:47:05] [Notification] drupnir subscribed at Tier 1.
[2022-12-30 23:54:52] [Notification] absolutioniv subscribed with Prime.
