# Log started: 2022-12-26 11:50:36 +0100
[2022-12-26 11:50:36] <@^StreamElements> danehearth is now live! Streaming Hearthstone: Short Birthday Stream
[2022-12-26 11:51:05] <+Xeno_wild> Morning you all catJAM
[2022-12-26 11:51:09] <smackaveliiii> NOT TAKING NO TIME! IM HERE LAD!
[2022-12-26 11:51:38] VIEWERS: 8
[2022-12-26 11:51:38] ~Short Birthday Stream (Hearthstone)~
[2022-12-26 11:53:38] VIEWERS: 8
[2022-12-26 11:54:59] <Psyderman> dane merry christmas
[2022-12-26 11:55:24] <Psyderman> my birthday's tomorrow, bad time to have a birthday LUL
[2022-12-26 11:55:38] VIEWERS: 8
[2022-12-26 11:55:52] <smackaveliiii> @Psyderman almost santa
[2022-12-26 11:55:54] <@Duje200> Merry xmas and happs birthday
[2022-12-26 11:57:39] VIEWERS: 40
[2022-12-26 11:57:54] <@Duje200> Yooo
[2022-12-26 11:58:06] <@Duje200> how was ur xmas
[2022-12-26 11:58:11] <Ciranta> Hello there
[2022-12-26 11:58:19] <Psyderman> did you get anything interesting for christmas dane?
[2022-12-26 11:58:19] <@Duje200> what did ya get?
[2022-12-26 11:58:27] <Just_Like_Honey> Birthday? Does this means Dane Hearthstone Jesus?
[2022-12-26 11:58:39] <@Duje200> Pog socks
[2022-12-26 11:58:45] <Psyderman> i got a box of the new MTG set and pulled real good
[2022-12-26 11:58:55] <%zantomun> daneHello /
[2022-12-26 11:58:59] <lornez_> i wear 3 pairs of socks
[2022-12-26 11:59:07] <Psyderman> urza
[2022-12-26 11:59:10] <+Tentacular_Moth> happy birthday :)
[2022-12-26 11:59:27] <i_roxas_> Sup dane
[2022-12-26 11:59:32] <Psyderman> it's like a $45ish mythic in canadian
[2022-12-26 11:59:39] VIEWERS: 60
[2022-12-26 11:59:49] <@Duje200> i used to work on -20*c
[2022-12-26 12:00:00] <@Duje200> it was horrible
[2022-12-26 12:00:15] <@^Nightbot> Check out latest YouTube video: Did Banning Tome Really Stop Discard Lock? - https://youtu.be/Nud4buNR-7A
[2022-12-26 12:00:31] <Psyderman> well standard has fallen off hard even the company has admitted it due to corona virus and not supporting standard tournaments
[2022-12-26 12:00:32] [Notification] Ciranta subscribed at Tier 1. They've subscribed for 3 months! [Happy birthday dane <3]
[2022-12-26 12:00:39] <Psyderman> mostly cards are based off commander nowadays LUL
[2022-12-26 12:00:41] <@Duje200> im excited 4 my next job
[2022-12-26 12:00:45] <Psyderman> and old formats
[2022-12-26 12:01:02] <Psyderman> 100 card singleton format
[2022-12-26 12:01:41] VIEWERS: 60
[2022-12-26 12:01:43] <Psyderman> 40, normal games are 20 so life is doubled
[2022-12-26 12:03:41] VIEWERS: 76
[2022-12-26 12:03:47] <%dumbgamerboy> Yalrighla?
[2022-12-26 12:04:55] <%+jaraxxusn1> hello hope you had a good christmas dane and chat
[2022-12-26 12:05:22] <+Guidoxten> hi dane! happy bday!
[2022-12-26 12:05:42] VIEWERS: 76
[2022-12-26 12:06:14] <@Duje200> my best gaming moment this year was playing chadius turn 1 in duels
[2022-12-26 12:06:40] <@Duje200> via tresures
[2022-12-26 12:07:02] <tolisios> Omg Dane FeelsBirthdayMan
[2022-12-26 12:07:10] <@Duje200> my drs was 1/1  cost 1
[2022-12-26 12:07:28] <+Tentacular_Moth> rag but targeted
[2022-12-26 12:07:35] <tolisios> you finally turned 11 LUL
[2022-12-26 12:07:37] <@Duje200> no hunter
[2022-12-26 12:07:43] VIEWERS: 102
[2022-12-26 12:08:28] <tolisios> EZ Clap
[2022-12-26 12:09:24] <calin2110> hey dane happy birthday
[2022-12-26 12:09:26] <calin2110> and happy holidays
[2022-12-26 12:09:43] VIEWERS: 121
[2022-12-26 12:10:01] <@Duje200> i also managed 2 play a chadius turn 5 in wild ranked on rogue on discard lock meta
[2022-12-26 12:10:01] <Psyderman> death knight just doesn't have the card pool to compete in wild
[2022-12-26 12:10:34] [Notification] FireMakX subscribed at Tier 1. They've subscribed for 59 months! [Happy Holidays and have a Happy Birthday]
[2022-12-26 12:10:43] [Usernotice] Whiteh0rn is gifting 1 Tier 1 Subs to danehearth's community! They've gifted a total of 1 in the channel!
[2022-12-26 12:10:43] [Notification] Whiteh0rn gifted a Tier 1 sub to DerfelKadarn!
[2022-12-26 12:10:55] <how2getrsi> Hey Dane, just wondering about what the fuck you say at the first 3 seconds on your YouTube videos this year as well, hbd
[2022-12-26 12:10:59] <Whiteh0rn> cheers
[2022-12-26 12:11:29] <D4RLY_CZ> Happy 50th birthday! Kapp
[2022-12-26 12:11:29] <a_new_username> happy birthday :)
[2022-12-26 12:11:31] <isaac5205> "you alright lad"
[2022-12-26 12:11:33] <how2getrsi> Oh I see LUL
[2022-12-26 12:11:43] VIEWERS: 121
[2022-12-26 12:11:50] <CharString88> You've misspelled Boxing
[2022-12-26 12:11:51] <Psyderman> i remember dane explained it in like a single video who knows how long ago LUL
[2022-12-26 12:12:06] <~%danehearth> !alrightla
[2022-12-26 12:13:13] BITS: swx_play_hs (100)
[2022-12-26 12:13:13] <swx_play_hs> Cheer100
[2022-12-26 12:13:43] VIEWERS: 121
[2022-12-26 12:14:21] <isaac5205> mana biscuit varden?
[2022-12-26 12:15:43] Viewerstats (11:51-12:15): avg:71 min:8 max:132 [13/_8+0+0+32+20+0+16+0+26+19+0+0+11]
[2022-12-26 12:15:43] VIEWERS: 132
[2022-12-26 12:17:04] <happyandsmiling> i am a bit late but happy bday dane! :)
[2022-12-26 12:17:24] <%newguytd> happy birthday mate
[2022-12-26 12:17:44] VIEWERS: 132
[2022-12-26 12:18:01] <styrique> you were on the naughty list for playing plaguespreader ?
[2022-12-26 12:18:35] <D4RLY_CZ> What  is yours typical Christmas food?
[2022-12-26 12:19:43] <a_new_username> do you make eggnog today
[2022-12-26 12:19:44] VIEWERS: 134
[2022-12-26 12:20:23] <+myspulin24> nice RNG
[2022-12-26 12:20:48] <%$grognardish> Happy Birthday lad!
[2022-12-26 12:21:22] <%+ledyhd> Happy birthday Dane!!
[2022-12-26 12:21:45] VIEWERS: 134
[2022-12-26 12:22:46] <%+jaraxxusn1> its dane birthday right! happy birthday young man
[2022-12-26 12:23:07] <%zantomun> happy 18th dane now you can check out all those age-gated games on steam like doom
[2022-12-26 12:23:11] <billippe> happy birthday to jesus lil bro :D
[2022-12-26 12:23:15] <vickssan> Merry Christmas Dane ^^
[2022-12-26 12:23:19] <+ehrman__> I wish you all the best Birthday boy!
[2022-12-26 12:23:41] <Costellar7> FeelsBirthdayMan
[2022-12-26 12:23:46] VIEWERS: 134
[2022-12-26 12:23:53] <@Duje200> Lunacy pog
[2022-12-26 12:24:08] <calin2110> MUSIC LOUDER! it's korn!
[2022-12-26 12:24:46] <+ehrman__> Calin is right!
[2022-12-26 12:25:12] <%$grognardish> I hope your birthday never got lumped into Xmas, the timing on that one is tricky
[2022-12-26 12:25:27] <HeafyMetal> Best of wishes Dane heafymHeart heafymHorns heafymHeart heafymHorns
[2022-12-26 12:25:46] VIEWERS: 134
[2022-12-26 12:26:38] <Plebber> happy birthday la
[2022-12-26 12:27:19] <@Duje200> insted of wallets you can sell socks now
[2022-12-26 12:27:47] VIEWERS: 134
[2022-12-26 12:28:28] <@Duje200> neptulon? cringe
[2022-12-26 12:28:37] <KuroMaw> happy birthday!
[2022-12-26 12:28:46] <%$grognardish> Need white Reeboks for the whole 'dad doddering about in the garden' look
[2022-12-26 12:29:41] <vickssan> What is this deck @danehearth Christmas Present deck? Kappa
[2022-12-26 12:29:48] VIEWERS: 205
[2022-12-26 12:30:34] <$Yelxor_Cruz> !read
[2022-12-26 12:30:39] <Plebber> what you drinking there lad
[2022-12-26 12:30:42] <d3nnna> slam's the one that does 2
[2022-12-26 12:31:48] VIEWERS: 205
[2022-12-26 12:32:39] <RedactedVirus> yooo happy birthday lad!
[2022-12-26 12:33:11] <Plebber> too much value
[2022-12-26 12:33:14] <justdealwithlt69> what a deck pog
[2022-12-26 12:33:37] <%$grognardish> You're basically poking them to death with a hot stick
[2022-12-26 12:33:48] VIEWERS: 226
[2022-12-26 12:35:07] <@Duje200> LUL
[2022-12-26 12:35:12] <+jayfreedom> priest has to be raging at this lol
[2022-12-26 12:35:20] <vickssan> How can you make every jank deck look fun LUL
[2022-12-26 12:35:48] VIEWERS: 226
[2022-12-26 12:35:56] <@Duje200> Easy
[2022-12-26 12:36:08] <Costellar7> gg
[2022-12-26 12:36:31] <%+JHT98> Happy Birthday mate!
[2022-12-26 12:36:44] <narvoxx> Imagine making big priest go “this is bullshit” with non meta deck
[2022-12-26 12:37:30] <%+JHT98> Can’t believe you’re playing this shite game during a time of celebration Kappa
[2022-12-26 12:37:36] <%theSatyriceon> Happy birthday master Dane! any nice gifts you've gotten?
[2022-12-26 12:37:48] VIEWERS: 243
[2022-12-26 12:37:51] <@Duje200> he got socks
[2022-12-26 12:37:57] <@Duje200> Pog
[2022-12-26 12:38:11] <+Noran_99> Happy birthday Dane, don't think I'm on the same timezone to usually watch the streams but I'm a big fan of the YouTube vids
[2022-12-26 12:38:21] <+dnsmcbr> I got some of them Heat Holders socks
[2022-12-26 12:38:31] <+dnsmcbr> I am 100% down for socks with a tog rating
[2022-12-26 12:38:33] <@Duje200> next year we all send him year worth of underwear
[2022-12-26 12:38:57] <%theSatyriceon> socks are indeed valuable
[2022-12-26 12:39:04] <@^Nightbot> Check out latest YouTube video: Did Banning Tome Really Stop Discard Lock? - https://youtu.be/Nud4buNR-7A
[2022-12-26 12:39:48] VIEWERS: 243
[2022-12-26 12:41:26] <calin2110> is this doom music
[2022-12-26 12:41:45] <+dnsmcbr> not looking good NotLikeThis
[2022-12-26 12:41:48] VIEWERS: 225
[2022-12-26 12:42:05] <$Yelxor_Cruz> are the 40 cards worth it for just 5 HP?
[2022-12-26 12:42:33] <hs_spike> hello
[2022-12-26 12:42:38] <hs_spike> how you doing?
[2022-12-26 12:42:45] <early_crillman> happy bday dane tobiasL
[2022-12-26 12:42:52] <hs_spike> happy b day
[2022-12-26 12:42:56] <abspacer> missdu9Excited
[2022-12-26 12:43:12] <pHawkGambit> whats this deck archetype called?
[2022-12-26 12:43:15] <abspacer> ramsGirl
[2022-12-26 12:43:26] <Emilejson> HAPPY BIRTHDAY! emilejHype emilejHype emilejHype
[2022-12-26 12:43:50] VIEWERS: 225
[2022-12-26 12:43:54] <abspacer> ramsCheers missro28CHEER missro28GlowSticks
[2022-12-26 12:44:26] <%$Kawatek> Ayyy lad Happy Christmas
[2022-12-26 12:44:43] <%$Kawatek> How was your day yesterday?
[2022-12-26 12:45:41] <%$Kawatek> hahahaha the gift that keeps on giving
[2022-12-26 12:45:52] Viewerstats (12:17-12:45): avg:188 min:132 max:243 [15/132+2+0+0+0+0+71+0+21+0+17+0−18+0+3]
[2022-12-26 12:45:52] VIEWERS: 228
[2022-12-26 12:46:29] <%$Kawatek> just booked my tickets for the NYC trip, that's about it. But twas a good day indeed
[2022-12-26 12:46:35] <!%ApacheCox> I a lot of Warhammer Kreygasm
[2022-12-26 12:47:19] <%+JHT98> Eh that’s cool!
[2022-12-26 12:47:23] <%+JHT98> Kappa
[2022-12-26 12:47:53] VIEWERS: 228
[2022-12-26 12:48:08] <!%ApacheCox> yes you assemble and paint it yourself
[2022-12-26 12:49:10] <%+ledyhd> Gahz priest POGGERS
[2022-12-26 12:49:18] <%+JHT98> Oh you’ve upgraded his minions
[2022-12-26 12:49:20] <%+JHT98> Lmao
[2022-12-26 12:49:53] VIEWERS: 228
[2022-12-26 12:50:03] <%+JHT98> Oh no
[2022-12-26 12:50:03] <RedactedVirus> LUL
[2022-12-26 12:50:07] <%+JHT98> daneSad daneSad daneSad
[2022-12-26 12:50:09] <%+ledyhd> that is a lARGE gahz
[2022-12-26 12:50:09] <+dnsmcbr> quick maffs Pepega
[2022-12-26 12:50:36] <tm_war> at least its dead
[2022-12-26 12:50:51] <%+ledyhd> Copium oon that coiler
[2022-12-26 12:51:34] <Biel_St4r> @ApacheCox what faction do you collect?
[2022-12-26 12:51:53] VIEWERS: 228
[2022-12-26 12:53:00] <!%ApacheCox> @biel_st4r my main army is necrons but I try to have all the kill teams too
[2022-12-26 12:53:53] VIEWERS: 243
[2022-12-26 12:54:00] <%theSatyriceon> did the winrate go up after you removed the concoction legendary?
[2022-12-26 12:54:10] <vickssan> There is no christmas for the toxic lads in HS
[2022-12-26 12:55:00] <vickssan> imagine playing Big Priest and Even Shaman on Christmas
[2022-12-26 12:55:04] <vickssan> Sad individuals
[2022-12-26 12:55:30] <Nudnud9> sustodian strikes again
[2022-12-26 12:55:55] VIEWERS: 227
[2022-12-26 12:56:55] <Xenth1s> @vickssan big priest is easter special
[2022-12-26 12:56:58] <Nudnud9> LUL
[2022-12-26 12:57:55] <doingtheobvious> The cats faffing about?
[2022-12-26 12:57:56] VIEWERS: 227
[2022-12-26 12:57:58] <Biel_St4r> @ApacheCox that's cool! I believe necrons are strong and fun on tabletop currently
[2022-12-26 12:58:37] [Notification] Tentacular_Moth subscribed with Prime. They've subscribed for 10 months! [have a good birthday!]
[2022-12-26 12:58:55] [Notification] TshuWon subscribed with Prime.
[2022-12-26 12:59:22] <!%ApacheCox> is it your birthday today?
[2022-12-26 12:59:56] VIEWERS: 238
[2022-12-26 13:00:16] <@^Nightbot> Check out latest YouTube video: Did Banning Tome Really Stop Discard Lock? - https://youtu.be/Nud4buNR-7A
[2022-12-26 13:00:29] <%+LinkYas> Greetings lad. Have a Great day. daneHappy LuvSign daneHappy
[2022-12-26 13:01:56] VIEWERS: 238
[2022-12-26 13:02:07] <Nudnud9> loatheb is shy please be nice to him
[2022-12-26 13:02:24] <Xenth1s> i think putting order in court int othis deck would help Kappa
[2022-12-26 13:03:00] <Nudnud9> OUTTA DA KITCHEN AND INTO DA FRYIN PAN
[2022-12-26 13:03:30] <%+JHT98> He’s mega fuming
[2022-12-26 13:03:58] VIEWERS: 274
[2022-12-26 13:04:37] <%+JHT98> Lovely
[2022-12-26 13:04:40] <%+JHT98> daneWait daneWait daneWait daneWait
[2022-12-26 13:04:43] <%+JHT98> daneFin daneFin daneFin daneFin
[2022-12-26 13:04:47] <doingtheobvious> Pew pew pew
[2022-12-26 13:04:51] <Nudnud9> opponent misplayed a lot they deserve it
[2022-12-26 13:04:53] <%theSatyriceon> beautiful
[2022-12-26 13:04:55] <abspacer> hobbsFire hobbsFire hobbsFire hobbsFire
[2022-12-26 13:05:01] <abspacer> what a firework
[2022-12-26 13:05:03] <%$grognardish> lordy
[2022-12-26 13:05:04] <+neuroghast_> sexy
[2022-12-26 13:05:29] <%+LinkYas> Nice firework … DarkMode HSWP DarkMode
[2022-12-26 13:05:35] <RedactedVirus> there's also the DK hero
[2022-12-26 13:05:58] VIEWERS: 283
[2022-12-26 13:06:00] <Xenth1s> cant wait for 1 mana ress for priest sooner or later
[2022-12-26 13:06:10] <%theSatyriceon> Is this deck better without the concoction legendary?
[2022-12-26 13:06:16] <%zantomun> daneJamming
[2022-12-26 13:06:40] <yoavsnake> CatJam
[2022-12-26 13:06:55] <%theSatyriceon> I'm seriously  considering crafting it with my last dust daneS
[2022-12-26 13:07:07] <%$grognardish> I love the deck...'hold on... wait a sec... not yet... almost there... jeez hold on dude... one more... ' BOOM
[2022-12-26 13:07:15] <%+JHT98> Putricide is a great card in general honestly it’s a good one to have around
[2022-12-26 13:07:26] <@Duje200> did we win the shaman game?
[2022-12-26 13:07:35] <%+JHT98> @duje200 we did indeed
[2022-12-26 13:07:42] <@Duje200> PogU
[2022-12-26 13:07:58] VIEWERS: 280
[2022-12-26 13:08:10] <@Duje200> PogU
[2022-12-26 13:08:21] <%$grognardish> daaaaaaaaaaaaaamn
[2022-12-26 13:08:29] <stvvre> Poooound
[2022-12-26 13:09:11] <%zantomun> stuff tastes so much better out of mason jars
[2022-12-26 13:09:22] <tm_war> or get smaller hands
[2022-12-26 13:09:48] [Usernotice] ApacheCox is gifting 5 Tier 1 Subs to danehearth's community! They've gifted a total of 39 in the channel!
[2022-12-26 13:09:48] [Notification] ApacheCox gifted a Tier 1 sub to Guidoxten! Guidoxten has subscribed for 2 months!
[2022-12-26 13:09:48] [Notification] ApacheCox gifted a Tier 1 sub to MadRaigo! MadRaigo has subscribed for 15 months!
[2022-12-26 13:09:48] [Notification] ApacheCox gifted a Tier 1 sub to mendax2014! mendax2014 has subscribed for 9 months!
[2022-12-26 13:09:48] [Notification] ApacheCox gifted a Tier 1 sub to Plebber! Plebber has subscribed for 7 months!
[2022-12-26 13:09:49] [Notification] ApacheCox gifted a Tier 1 sub to vickssan!
[2022-12-26 13:09:58] VIEWERS: 277
[2022-12-26 13:10:07] <!%ApacheCox> merry Christmas lad
[2022-12-26 13:10:09] <@Duje200> Moar gifts PogU
[2022-12-26 13:10:16] <tm_war> undead beast
[2022-12-26 13:10:20] <%+JHT98> That’s a nice one
[2022-12-26 13:10:33] <Xenth1s> makes 0 sense for it to be beast btf
[2022-12-26 13:10:34] <%zantomun> also think i was asleep when i got my gift sub a few nights ago, thanks cointrary if you're here
[2022-12-26 13:10:49] <doingtheobvious> All the totems from RR are beast undead iirc
[2022-12-26 13:10:53] <%+Guidoxten> omg thank you @ApacheCox
[2022-12-26 13:10:55] <%+Guidoxten> !!
[2022-12-26 13:11:36] <%+JHT98> Opponent is in big trouble
[2022-12-26 13:12:00] VIEWERS: 277
[2022-12-26 13:12:08] <smackaveliiii> @JHT98 YEP COCK
[2022-12-26 13:12:09] <@Duje200> Lul
[2022-12-26 13:12:46] <BigBlueBottle> Thats gotta be a randomly generated
[2022-12-26 13:13:38] <@Duje200> Drink 1 in my name Dane
[2022-12-26 13:14:01] VIEWERS: 248
[2022-12-26 13:14:16] <+daaaveyy> happy birthday you 40th as well. huge!
[2022-12-26 13:14:39] <tm_war> and the concoctions are very versatile
[2022-12-26 13:14:49] <@Duje200> Dane is 25
[2022-12-26 13:14:49] <%+Guidoxten> just needs a random juggernaught for a great birthday
[2022-12-26 13:14:55] <+daaaveyy> you seeing friends fam later?
[2022-12-26 13:15:25] <@Duje200> i doubt hes older then 25
[2022-12-26 13:16:00] <+daaaveyy> I'm guessing 33
[2022-12-26 13:16:02] Viewerstats (12:47-13:16): avg:249 min:227 max:283 [15/228+0+0+15−16+0+11+0+36+9−3−3+0−29+0]
[2022-12-26 13:16:02] VIEWERS: 248
[2022-12-26 13:16:41] <+daaaveyy> 35
[2022-12-26 13:16:46] <KaldR_23> tell us lad
[2022-12-26 13:17:10] <@Duje200> Hes 25
[2022-12-26 13:17:17] <+daaaveyy> 19
[2022-12-26 13:17:33] <@Duje200> oof
[2022-12-26 13:17:33] <BigBlueBottle> Are you older than Kilber?
[2022-12-26 13:17:39] <+daaaveyy> cheers 🍻
[2022-12-26 13:17:48] <@Duje200> How old is kibler?
[2022-12-26 13:17:51] <KaldR_23> XDDD
[2022-12-26 13:17:57] <Whiteh0rn> Kripp?
[2022-12-26 13:18:02] <HegelianCope> you bloody whaat kripp isn't 36+?
[2022-12-26 13:18:02] <RedactedVirus> Kripp is 35
[2022-12-26 13:18:03] VIEWERS: 248
[2022-12-26 13:18:16] <%$grognardish> He looks like your dad, he's lived hard
[2022-12-26 13:18:17] <smackaveliiii> older than krippler FeelsOkayMan Clap
[2022-12-26 13:18:20] <kwitsky> but definitely more handsome
[2022-12-26 13:18:20] <@Duje200> Remeber when kripp used 2 play hs?
[2022-12-26 13:18:32] <%zantomun> now he autoplays it daneSad
[2022-12-26 13:18:33] <+daaaveyy> LUL Duje
[2022-12-26 13:18:37] <BigBlueBottle> If youre older than 35 people will just say youre 40 :)
[2022-12-26 13:19:11] <Shiny_Magikarp> anybody here think I can hit legend with a 4 horsemen paladin deck? been grinding this month but running into a wall in plat. anybody else try it?
[2022-12-26 13:19:11] <@Duje200> Did you hear from mike?
[2022-12-26 13:19:12] <%zantomun> never seen a ginger go grey
[2022-12-26 13:20:03] VIEWERS: 274
[2022-12-26 13:20:08] <+aequitoast> have a great birthday dane
[2022-12-26 13:20:19] <%+JHT98> You’re already white though lad
[2022-12-26 13:20:23] <%+JHT98> Oh wait the hair colour
[2022-12-26 13:20:27] <%+JHT98> 4Head
[2022-12-26 13:21:48] <@Duje200> LULE
[2022-12-26 13:22:03] VIEWERS: 286
[2022-12-26 13:22:07] <Jallar33> !code
[2022-12-26 13:22:07] <@^Nightbot> Dane will give you the code later after this game Kappa He has said that line 14 times pepeLaugh
[2022-12-26 13:22:22] <%+JHT98> Boosting against death knight again
[2022-12-26 13:22:24] <+HatoriHanZolo> Happy Birthday!
[2022-12-26 13:22:34] <%zantomun> i used to have the blood knight tabard in wow on my warrior, no idea how i got it, just was in my inventory one day. didnt lose access to it until warlords of draenor
[2022-12-26 13:22:38] <%zantomun> astalor wearing it reminded me of it
[2022-12-26 13:22:39] <@Duje200> yeah did he text you happy bday?
[2022-12-26 13:22:42] <~%danehearth> AAEBAaIHCPoO3K8CkuQDnfAD+4oEt7MEzKAF4qQFC8QB3+MCtIYD5dED4t0D590D9p8E958E36AF4KAFwaEFAA==
[2022-12-26 13:22:56] <SirLetopisez> Happy birthday, lad! Have been watching you literally for years, you're the best hearthstone streamer there is. Best wishes and have a happy day (and a year) <3
[2022-12-26 13:23:03] <@Duje200> il post this in discord
[2022-12-26 13:24:03] VIEWERS: 286
[2022-12-26 13:24:09] <tm_war> hey look a better sprint
[2022-12-26 13:24:14] <emkry> happy bday dane!! :D hope u have a good day!!
[2022-12-26 13:24:16] <warchasers371> Happy bday, lad! Bonzer
[2022-12-26 13:24:20] <tm_war> 7
[2022-12-26 13:24:34] <%+JHT98> It’s 5
[2022-12-26 13:24:50] <tm_war> its been a while
[2022-12-26 13:25:04] <MagnaEclipsis> it's a mtg foretell sprint
[2022-12-26 13:26:03] VIEWERS: 291
[2022-12-26 13:26:06] <warchasers371> !song
[2022-12-26 13:27:20] <ohbluddyhell> hey Dane, happy birthday mate
[2022-12-26 13:27:51] <%zantomun> or in opening hand
[2022-12-26 13:28:03] VIEWERS: 291
[2022-12-26 13:29:25] <warkreymon> happy birthday dane, love your content since wild was a thing etchyLovePride etchyLovePride PotFriend
[2022-12-26 13:29:48] <베리럭스타스미아 (ohj445)> what's loatheb he says
[2022-12-26 13:30:03] VIEWERS: 291
[2022-12-26 13:30:07] <%$goljef> Heavy Birthday, Dane. Enjoy the Day.
[2022-12-26 13:30:10] <%zantomun> peace
[2022-12-26 13:30:13] <%$grognardish> gee gee
[2022-12-26 13:30:14] <KaldR_23> birthday bro
[2022-12-26 13:30:15] <%zantomun> is shenmue on 28th?
[2022-12-26 13:30:17] <tm_war> bye happy bday
[2022-12-26 13:30:18] <%zantomun> or tomorrow
[2022-12-26 13:30:18] <베리럭스타스미아 (ohj445)> enjoy the rest of your bday bro
[2022-12-26 13:30:19] <drinksinhell> Happy birthday!
[2022-12-26 13:30:19] <joskagyerek3> deqnkaBye
[2022-12-26 13:30:20] <%dumbgamerboy> cya lad
[2022-12-26 13:30:22] <@Duje200> have fun
[2022-12-26 13:30:26] <happyandsmiling> have a good one la
[2022-12-26 13:30:31] <%BajaVicuna> bye
[2022-12-26 13:30:33] <+aequitoast> cya
[2022-12-26 13:32:03] VIEWERS: 291
[2022-12-26 13:32:43] ~Stream offline~
[2022-12-26 13:46:04] Viewerstats (13:18-13:30): avg:281 min:248 max:291 [7/248+26+12+0+5+0+0_]
[2022-12-26 14:20:13] <Damwaso> cya
[2022-12-26 14:50:32] [Notification] Tr011bert subscribed with Prime. They've subscribed for 70 months!
# Log closed: 2022-12-27 00:27:14 +0100
-
