# Log started: 2022-12-05 14:19:31 +0100
[2022-12-05 14:19:31] ~ｐｅｅｎ (Just Chatting)~
[2022-12-05 14:19:31] Joining #carmilllia..
[2022-12-05 14:19:31] You have joined #carmilllia
[2022-12-05 14:19:31] VIEWERS: 586
[2022-12-05 14:19:36] <%+Posh_Cat> Oh cool
[2022-12-05 14:19:56] <%lorenzoteague> I missed the picnic.... lol
[2022-12-05 14:20:38] VIEWERS: 586
[2022-12-05 14:21:01] <$Krivan48> Looks crap
[2022-12-05 14:21:48] <$Krivan48> But I wonder what the 6k look like
[2022-12-05 14:21:49] <%PervertMonster> I bet their air tastes good
[2022-12-05 14:22:09] <%lorenzoteague> Looks like someplace I'd land on after my boat sank. LMAO
[2022-12-05 14:22:28] <pilotjericho> I loved how starting the picnic stream by banning Richard so he's pissed while Millie enjoys a sunny day and drinking wine.
[2022-12-05 14:22:38] VIEWERS: 572
[2022-12-05 14:23:48] <%Any_name> 🦀 milliJUMP Richard is gone milliJUMP 🦀
[2022-12-05 14:23:52] <pilotjericho> It's like blowing off a coworker then taking the day to enjoy yourself. chubsBoxcat
[2022-12-05 14:23:57] <$Krivan48> Who's richard
[2022-12-05 14:24:43] VIEWERS: 572
[2022-12-05 14:25:06] <$Krivan48> Guess he was bad at trolling cuz I didnt seen him
[2022-12-05 14:26:43] VIEWERS: 564
[2022-12-05 14:27:07] <$Krivan48> Switzerland always has good things
[2022-12-05 14:27:22] <%lorenzoteague> Geez!!! Now this is some Train travel!!
[2022-12-05 14:27:27] <bartivism> Howdy!! HeyGuys
[2022-12-05 14:28:05] <$Krivan48> Looks bulky
[2022-12-05 14:28:32] [Points] Krivan48 redeemed TTS (900) [Bruh]
[2022-12-05 14:28:43] VIEWERS: 564
[2022-12-05 14:28:44] [Points] PervertMonster redeemed TTS (900) [Gotta get some lotion on that train]
[2022-12-05 14:28:46] <%lorenzoteague> Hey, AMTRAK...... Take some notes here!! milliLOLBUN milliLOLBUN milliLOLBUN
[2022-12-05 14:28:58] <nas601> hello fuwachWave fuwachWave
[2022-12-05 14:29:21] <nas601> fine TQ fuwachYay
[2022-12-05 14:29:23] <@%STEEEEEEELE> milliHiBun
[2022-12-05 14:29:34] <%lorenzoteague> @steeeeeeele milliHiBun
[2022-12-05 14:30:22] <@%STEEEEEEELE> milliBlankies
[2022-12-05 14:30:29] [Points] Cleric_in_a_box redeemed TTS (900) [Noodle Train in Cumming]
[2022-12-05 14:30:33] <%PervertMonster> @STEEEEEEELE milliHiBun
[2022-12-05 14:30:44] VIEWERS: 554
[2022-12-05 14:31:22] <pilotjericho> Mildew yellow
[2022-12-05 14:31:27] <bigbosco> this room is  like a shitty teleporter that takes 10 hours to get to just one location LUL
[2022-12-05 14:31:31] [Points] STEEEEEEELE redeemed TTS (900) [its yellow so the cum stains blend in]
[2022-12-05 14:31:42] <%lorenzoteague> milliLOLBUN milliLOLBUN milliLOLBUN
[2022-12-05 14:32:36] <%Mr_Ru> Free gum under the table too!
[2022-12-05 14:32:49] VIEWERS: 554
[2022-12-05 14:33:02] <%Mr_Ru> It's unironically the Backrooms color scheme monkaS
[2022-12-05 14:33:35] <%Mr_Ru> iseenuPog
[2022-12-05 14:33:42] <$Krivan48> 2.0? New look of milly? This is nice early Christmas
[2022-12-05 14:34:18] [Points] lorenzoteague redeemed Sound Alert: NICE BONK (1 000)
[2022-12-05 14:34:18] <pilotjericho> chubsGasm
[2022-12-05 14:34:29] <$Krivan48> zoneSmug
[2022-12-05 14:34:38] <@%STEEEEEEELE> milliPlsrember
[2022-12-05 14:34:49] VIEWERS: 554
[2022-12-05 14:34:55] <pilotjericho> even better then Minecraft Millie?
[2022-12-05 14:35:11] <%Mr_Ru> How tempting is it to have the fringe go over both eyes, Noodle style?
[2022-12-05 14:35:23] <~%Carmilllia> milliCultist Donate to Carmilllia's cult or get smitten milliGUNBOOM streamelements.com/carmilllia/tip milliSparkles
[2022-12-05 14:35:57] <~%Carmilllia> https://twitter.com/Mell_Steele_
[2022-12-05 14:36:24] <%Mr_Ru> The expressions list is really cute
[2022-12-05 14:36:24] <%lorenzoteague> okay o7
[2022-12-05 14:36:33] <!%Spudsie4047> milliJUMP milliJUMP milliJUMP milliJUMP milliJUMP
[2022-12-05 14:36:49] VIEWERS: 554
[2022-12-05 14:37:10] <~%Carmilllia> milliPepechu
[2022-12-05 14:37:16] <~%Carmilllia> lov u guys
[2022-12-05 14:37:23] <@%STEEEEEEELE> milliLuvBun
[2022-12-05 14:38:14] <%$gamerootz> catJAM
[2022-12-05 14:38:31] <@%STEEEEEEELE> milliJUMP milliJUMP milliJUMP milliJUMP milliJUMP milliJUMP milliJUMP milliJUMP milliJUMP milliJUMP milliJUMP milliJUMP milliJUMP milliJUMP milliJUMP milliJUMP milliJUMP milliJUMP milliJUMP milliJUMP milliJUMP milliJUMP milliJUMP milliJUMP milliJUMP milliJUMP milliJUMP milliJUMP milliJUMP milliJUMP milliJUMP milliJUMP milliJUMP milliJUMP milliJUMP milliJUMP milliJUMP milliJUMP milliJUMP milliJUMP milliJUMP milliJUMP milliJUMP milliJUMP milliJUMP milliJUMP milliJUMP milliJUMP milliJUMP milliJUMP
[2022-12-05 14:38:35] <~%Carmilllia> milliJUMP milliJUMP milliJUMP milliJUMP milliJUMP milliJUMP milliJUMP milliJUMP
[2022-12-05 14:38:36] <%$gamerootz> vioSPIN vioSPIN vioSPIN vioSPIN
[2022-12-05 14:38:49] VIEWERS: 554
[2022-12-05 14:39:08] <%$gamerootz> milliJUMP milliJUMP milliJUMP milliJUMP
[2022-12-05 14:39:44] <%PervertMonster> milliJUMP milliJUMP milliJUMP milliJUMP milliJUMP milliJUMP milliJUMP milliJUMP milliJUMP milliJUMP milliJUMP milliJUMP
[2022-12-05 14:40:03] <%$gamerootz> really good music
[2022-12-05 14:40:16] <$Krivan48> Yo hold up, there are over 500 now
[2022-12-05 14:40:30] <%$gamerootz> 🤔
[2022-12-05 14:40:33] <%Mr_Ru> milliShuffle milliShuffle milliShuffle milliShuffle milliShuffle
[2022-12-05 14:40:49] VIEWERS: 554
[2022-12-05 14:41:14] <%PervertMonster> milliJUMP milliJUMP milliJUMP milliJUMP milliJUMP milliJUMP milliJUMP milliJUMP milliJUMP milliJUMP milliJUMP milliJUMP
[2022-12-05 14:41:28] <%$gamerootz> milliJUMP milliShuffle milliJUMP milliShuffle milliJUMP milliShuffle milliJUMP milliShuffle
[2022-12-05 14:41:46] <@%STEEEEEEELE> milliFURIOUS milliBlankies milliFURIOUS milliBlankies milliFURIOUS milliBlankies milliFURIOUS milliBlankies milliFURIOUS milliBlankies milliFURIOUS milliBlankies milliFURIOUS milliBlankies milliFURIOUS milliBlankies milliFURIOUS milliBlankies milliFURIOUS milliBlankies milliFURIOUS milliBlankies milliFURIOUS milliBlankies milliFURIOUS milliBlankies milliFURIOUS milliBlankies milliFURIOUS milliBlankies milliFURIOUS milliBlankies milliFURIOUS milliBlankies milliFURIOUS milliBlankies milliFURIOUS
[2022-12-05 14:42:25] <%$gamerootz> that animation of Milly in the background is super cool
[2022-12-05 14:42:49] VIEWERS: 546
[2022-12-05 14:43:27] <%$gamerootz> wth that scared me lol
[2022-12-05 14:43:41] <%Mr_Ru> milliSparkles milliBlankies milliSparkles milliBlankies milliSparkles milliBlankies milliSparkles
[2022-12-05 14:43:44] <%PervertMonster> milliPepechu milliPepechu milliPepechu
[2022-12-05 14:43:48] <%$gamerootz> milliPepechu milliPepechu milliPepechu
[2022-12-05 14:43:48] <@%STEEEEEEELE> milliBlankies milliBlankies milliBlankies milliBlankies
[2022-12-05 14:43:59] <%$gamerootz> welcome back Milly
[2022-12-05 14:44:02] <%Mr_Ru> PepoDance PepoDance PepoDance PepoDance PepoDance PepoDance PepoDance
[2022-12-05 14:44:09] <bradyrex888> hi
[2022-12-05 14:44:18] <@%STEEEEEEELE> PowerUpL milliOBun PowerUpR
[2022-12-05 14:44:27] <%$gamerootz> PowerUpL milliOBun PowerUpR
[2022-12-05 14:44:36] <pilotjericho> laz fell off
[2022-12-05 14:44:44] <%PervertMonster> PowerUpL milliOBun PowerUpR
[2022-12-05 14:44:49] VIEWERS: 546
[2022-12-05 14:44:56] <%$gamerootz> Milo snatched bunny away
[2022-12-05 14:45:17] <%$gamerootz> imagine getting generic brand
[2022-12-05 14:45:33] <bradyrex888> kiss a homie goodnight
[2022-12-05 14:45:37] <~%Carmilllia> Want to buy Milo milliMilo or Milly milliShuffle a gift? Check out --> https://thronegifts.com/u/carmillllia
[2022-12-05 14:45:42] <%$gamerootz> the taste milliKEKW
[2022-12-05 14:45:52] <%Mr_Ru> Most times the store brand is enough
[2022-12-05 14:46:28] <%$gamerootz> I want to make eggnog and rum this month that taste so good
[2022-12-05 14:46:38] <%Mr_Ru> Kraken Rum is nice too
[2022-12-05 14:46:49] VIEWERS: 538
[2022-12-05 14:47:16] <%$gamerootz> spooky month I miss it already
[2022-12-05 14:48:09] <%$gamerootz> gotem milliKEKW
[2022-12-05 14:48:21] <bradyrex888> deez nuts gotem
[2022-12-05 14:48:50] VIEWERS: 538
[2022-12-05 14:49:05] <%Mr_Ru> this feels like the start of an indie horror game
[2022-12-05 14:49:15] <%Mr_Ru> haunted train
[2022-12-05 14:49:22] <%$gamerootz> spooky train
[2022-12-05 14:49:51] <%$gamerootz> I'm scared milliPepechu
[2022-12-05 14:50:02] <%Mr_Ru> coquiPANIC hurry!
[2022-12-05 14:50:05] <$Krivan48> scary
[2022-12-05 14:50:08] [Points] sigamigs redeemed Hi <3 (50)
[2022-12-05 14:50:17] <%$gamerootz> I can see Milly doing these tik toks
[2022-12-05 14:50:54] Viewerstats (14:19-14:50): avg:556 min:529 max:586 [17/586+0−14+0−8+0−10+0+0+0+0+0−8+0−8+0−9]
[2022-12-05 14:50:54] VIEWERS: 529
[2022-12-05 14:51:19] <+DeltaSlime> well that sure IS a moment to join stream to
[2022-12-05 14:52:00] <%$gamerootz> smoking the zaza milliGUNBOOM
[2022-12-05 14:52:24] <%$leo_coelho> this is the right use of a voice changer
[2022-12-05 14:52:40] <%$leo_coelho> a normal day in Straya?
[2022-12-05 14:52:41] <%$gamerootz> just a normal day in Australia
[2022-12-05 14:52:44] <$TheHouseOfCthulhu> Hey @Carmilllia
[2022-12-05 14:52:54] <+DeltaSlime> kangaroo on a metal gear solid mission
[2022-12-05 14:52:56] <~%Carmilllia> Subscribe! Milli's emotes will make you will cum in a millisecond! milliBlankies milliHelloThere milliShuffle milliJUMP milliFURIOUS milliHiBun milliBlushBun milliLuvBun milliOBun milliNyaaBun milliBUTTERSTEP milliTOMATO milliMilo milliSheesh milliAngry milliWat milliKEKW milliShine milliGUNBOOM milliLOLBUN milliSADBUN milliCoolbun milliLETSGOBUN milliPlsrember milliCaveman milliAyaya milliJoey milliKINGRATSKUNK milliCultist milliGOLDENCULTIST milliHEARTOFGOLD milliGOLDENGUN milliLETSRAGE
[2022-12-05 14:52:56] VIEWERS: 529
[2022-12-05 14:53:21] <%$leo_coelho> Millie you have one of those hats IRL?
[2022-12-05 14:53:21] <$Krivan48> Kangaroo wanted some laughs
[2022-12-05 14:53:21] <$TheHouseOfCthulhu> How are you doing hun?
[2022-12-05 14:53:31] [Points] DeltaSlime redeemed Hi <3 (50)
[2022-12-05 14:53:46] <%$gamerootz> bear chilling
[2022-12-05 14:54:00] <+DeltaSlime> bear living better than me
[2022-12-05 14:54:01] <%$leo_coelho> ah time to watch cocaine bear trailer again, been doing it all the time
[2022-12-05 14:54:04] <2O49> recognize a country difficulty: story mode
[2022-12-05 14:54:15] <%$gamerootz> big Brain milliPlsrember
[2022-12-05 14:54:36] <subnautica203> hi
[2022-12-05 14:54:39] <%lorenzoteague> Sorry, I was looking at Steele's work!! TOTALLY AWESOME!!
[2022-12-05 14:54:50] <@%STEEEEEEELE> milliBlushBun
[2022-12-05 14:54:57] <%$leo_coelho> look, it us, Chat
[2022-12-05 14:54:59] VIEWERS: 529
[2022-12-05 14:55:04] <%$gamerootz> fuck that pole milliNyaaBun
[2022-12-05 14:55:05] <%lorenzoteague> @leo_coelho lol
[2022-12-05 14:55:24] <%Mr_Ru> peonypWEH
[2022-12-05 14:55:26] <KyleDropEmOff_23> crumpWobblereindeer crumpO crumpO
[2022-12-05 14:55:31] <KyleDropEmOff_23> crumpWobblereindeer crumpIeself
[2022-12-05 14:55:35] <%$gamerootz> jumpscare
[2022-12-05 14:55:40] <%$LanceCharleson> HORSE JUMPSCARE
[2022-12-05 14:56:03] <%$leo_coelho> nice, you have sheep that need a border collie?
[2022-12-05 14:56:06] <+DeltaSlime> i knew a border collie that knew left from right
[2022-12-05 14:56:07] <%$gamerootz> sheep hearder dog 🤔
[2022-12-05 14:56:15] <$Krivan48> Eyy its Luna
[2022-12-05 14:56:40] <%$leo_coelho> woa this is pretty place
[2022-12-05 14:56:45] <%$gamerootz> that scurry
[2022-12-05 14:56:45] <%Mr_Ru> can depend on their colour tho. I heard the brown collies are harder for sheep to see
[2022-12-05 14:56:47] <+FormerOrc> that cat is one meal away from mudering them
[2022-12-05 14:56:47] <%lorenzoteague> Never skated!! lol
[2022-12-05 14:56:51] <subnautica203> I would freek
[2022-12-05 14:56:54] <+DeltaSlime> panthers in the zoo sometimes get emotional support dogs, thats pretty cute
[2022-12-05 14:56:55] <$Krivan48> dang canada has good view
[2022-12-05 14:56:59] VIEWERS: 537
[2022-12-05 14:57:06] <%$gamerootz> I seen this lol
[2022-12-05 14:57:15] <%Mr_Ru> milliShuffle milliShuffle milliShuffle
[2022-12-05 14:57:19] <%$leo_coelho> when chat and streamer meet
[2022-12-05 14:57:20] <%$gamerootz> milliAngry
[2022-12-05 14:57:24] <KyleDropEmOff_23> crumpKek
[2022-12-05 14:57:35] <%lorenzoteague> milliBlankies milliBlankies milliBlankies
[2022-12-05 14:57:35] <%$leo_coelho> how many metrics?
[2022-12-05 14:57:37] <%$gamerootz> ayo
[2022-12-05 14:57:41] <subnautica203> nanana I have anxiety about that
[2022-12-05 14:57:44] <+DeltaSlime> about 40 meters
[2022-12-05 14:57:53] <%$leo_coelho> dayum
[2022-12-05 14:57:58] <%$leo_coelho> LOL
[2022-12-05 14:58:00] <%$leo_coelho> that one
[2022-12-05 14:58:10] <+DeltaSlime> i play a lotta dnd, so i know 3 feet are about 1 meter
[2022-12-05 14:58:11] <%$leo_coelho> GET WRECK
[2022-12-05 14:58:16] <%$gamerootz> dumbasses lol
[2022-12-05 14:58:20] <%lorenzoteague> SUNK
[2022-12-05 14:58:37] <CalmDownChillOut> monkaS
[2022-12-05 14:58:37] <%$gamerootz> yo that is cool
[2022-12-05 14:58:37] <%lorenzoteague> NOT THE BABY?!? shyyEyes shyyEyes shyyEyes
[2022-12-05 14:58:41] <+DeltaSlime> ayo what dat mouth do
[2022-12-05 14:58:51] <%$leo_coelho> feesh
[2022-12-05 14:58:51] <%$gamerootz> vioSPIN vioSPIN vioSPIN
[2022-12-05 14:58:57] <CalmDownChillOut> My right ear enjoys this
[2022-12-05 14:58:59] VIEWERS: 537
[2022-12-05 14:59:14] <%$gamerootz> I always kiss the homie goodnight
[2022-12-05 14:59:20] <+DeltaSlime> is it gay to kiss the homies goodnight tho?
[2022-12-05 14:59:24] <%$leo_coelho> that is odd
[2022-12-05 14:59:25] <$Krivan48> Green com
[2022-12-05 14:59:46] <%$leo_coelho> good homies spoon in bed yo
[2022-12-05 14:59:51] <%$gamerootz> vioPOG
[2022-12-05 15:00:06] <%lorenzoteague> That seems so wrong...... lol
[2022-12-05 15:00:07] <%Mr_Ru> treat her like-
[2022-12-05 15:00:13] <subnautica203> I wanna eat it
[2022-12-05 15:00:18] <+DeltaSlime> it ain't gay until the balls touch
[2022-12-05 15:00:43] <%$gamerootz> a cookie milliLETSGOBUN
[2022-12-05 15:00:59] VIEWERS: 543
[2022-12-05 15:01:05] <goatw0rm> Massacre FeelsWeirdMan
[2022-12-05 15:01:15] <%$gamerootz> brutal
[2022-12-05 15:01:17] <subnautica203> I wanna do that
[2022-12-05 15:01:43] <%$gamerootz> cat milliSADBUN
[2022-12-05 15:01:48] <%lorenzoteague> KITTY
[2022-12-05 15:01:59] [Points] leo_coelho redeemed TTS (900) [if that is fucked, imagine what SCARGOT thinks "like COME ON MAN,  you gonna eat ME?"]
[2022-12-05 15:02:11] <%$gamerootz> yeet
[2022-12-05 15:02:35] <%lorenzoteague> shyyRave shyyRave shyyRave shyyRave
[2022-12-05 15:02:49] <%$gamerootz> flying spiders when please would be my wish milliFURIOUS
[2022-12-05 15:02:56] <%$leo_coelho> straya, a magic place, magic like Mordor
[2022-12-05 15:02:59] VIEWERS: 534
[2022-12-05 15:03:10] <subnautica203> gotta love crazy bird's
[2022-12-05 15:03:17] <%Mr_Ru> milliSADBUN
[2022-12-05 15:03:24] <%$gamerootz> dam she flinging them arms like why
[2022-12-05 15:03:32] <%lorenzoteague> milliLOLBUN milliLOLBUN milliLOLBUN
[2022-12-05 15:03:52] <%$gamerootz> I would eat
[2022-12-05 15:03:54] <%$leo_coelho> my brain broke at cake
[2022-12-05 15:04:10] <subnautica203> wa
[2022-12-05 15:04:11] <+DeltaSlime> issa baby
[2022-12-05 15:04:17] <goatw0rm> Stare
[2022-12-05 15:04:27] <%$leo_coelho> it will be much scarier when it actually moves
[2022-12-05 15:04:34] <%$gamerootz> yo that wedding dress tho!!
[2022-12-05 15:04:43] <captain_keppy> heyo lumituJam
[2022-12-05 15:04:47] <%lorenzoteague> EPICNESS
[2022-12-05 15:04:55] <%$leo_coelho> this is a fun wedding to go
[2022-12-05 15:04:59] VIEWERS: 534
[2022-12-05 15:05:07] <+DeltaSlime> luckily it wasnt a murderhobo dnd party
[2022-12-05 15:05:08] <$Krivan48> This is the most wholesome thing i have ever watched
[2022-12-05 15:05:11] <%$gamerootz> I just did milliLETSGOBUN
[2022-12-05 15:05:30] <%$gamerootz> ayo milliWat
[2022-12-05 15:06:02] <%$leo_coelho> Carmi laughing, but crying inside
[2022-12-05 15:06:10] <%$leo_coelho> FABIO LION
[2022-12-05 15:06:22] <%$gamerootz> catJAM
[2022-12-05 15:06:33] <+DeltaSlime> mf-er taunting
[2022-12-05 15:06:42] <%lorenzoteague> LMAO
[2022-12-05 15:06:48] <%$gamerootz> milliKEKW
[2022-12-05 15:06:49] [Points] Mr_Ru redeemed Sound Alert: NICE BONK (1 000)
[2022-12-05 15:06:59] VIEWERS: 525
[2022-12-05 15:07:13] <%lorenzoteague> shyyEyes milliLOLBUN
[2022-12-05 15:07:49] <%$gamerootz> cute
[2022-12-05 15:07:52] <%$LanceCharleson> awww
[2022-12-05 15:07:59] <subnautica203> I have thalasophobia
[2022-12-05 15:08:34] <%lorenzoteague> About right..... milliBlankies
[2022-12-05 15:08:41] <%$gamerootz> hell naw the ocean is scary
[2022-12-05 15:08:41] <+DeltaSlime> i love the ocean
[2022-12-05 15:08:45] <%$leo_coelho> define "sea monster"
[2022-12-05 15:08:55] <%$LanceCharleson> OH SHIT
[2022-12-05 15:09:04] VIEWERS: 525
[2022-12-05 15:09:06] <$Krivan48> What was that
[2022-12-05 15:09:08] <goatw0rm> *Skyrim battle music*
[2022-12-05 15:09:08] <%$leo_coelho> wosps
[2022-12-05 15:09:08] <%$gamerootz> imagine your in the middle of the ocean and you look down with two giant eyes look at you
[2022-12-05 15:09:12] <CalmDownChillOut> Hornets? idk
[2022-12-05 15:09:13] <captain_keppy> YOU DUMBASS
[2022-12-05 15:09:26] <%$LanceCharleson> KEKW
[2022-12-05 15:09:33] <%lorenzoteague> ironmouseWTF
[2022-12-05 15:09:37] <mielitta> hi hi Millie and chat~ mielit1Comfy
[2022-12-05 15:09:40] <subnautica203> god dam
[2022-12-05 15:09:47] <%$gamerootz> Steele should play it
[2022-12-05 15:10:27] <~%Carmilllia> Subscribe! Milli's emotes will make you will cum in a millisecond! milliBlankies milliHelloThere milliShuffle milliJUMP milliFURIOUS milliHiBun milliBlushBun milliLuvBun milliOBun milliNyaaBun milliBUTTERSTEP milliTOMATO milliMilo milliSheesh milliAngry milliWat milliKEKW milliShine milliGUNBOOM milliLOLBUN milliSADBUN milliCoolbun milliLETSGOBUN milliPlsrember milliCaveman milliAyaya milliJoey milliKINGRATSKUNK milliCultist milliGOLDENCULTIST milliHEARTOFGOLD milliGOLDENGUN milliLETSRAGE
[2022-12-05 15:10:46] <%$gamerootz> the search bots they had are scary asf
[2022-12-05 15:10:52] <captain_keppy> @carmilllia ok
[2022-12-05 15:10:53] <!%Spudsie4047> ah yes i remember the screaming kid
[2022-12-05 15:11:04] VIEWERS: 525
[2022-12-05 15:11:06] <%$leo_coelho> MUSICAL WAR OF THE WORLDS IS BASED
[2022-12-05 15:11:15] [Notification] captain_keppy subscribed at Tier 1.
[2022-12-05 15:11:20] <%$LanceCharleson> shiaWiggle shiaWiggle shiaWiggle
[2022-12-05 15:11:28] <%$LanceCharleson> "I'm goin in..."
[2022-12-05 15:11:31] <%$gamerootz> sussy baka 🤔
[2022-12-05 15:11:33] <%Mr_Ru> milliShuffle milliShuffle milliShuffle
[2022-12-05 15:11:34] <%lorenzoteague> Miasion: IMPOSSIBLE LOL
[2022-12-05 15:11:49] <%alloy101> oh your still streaming
[2022-12-05 15:11:54] <%$leo_coelho> @lorenzoteague lol
[2022-12-05 15:12:01] <%captain_keppy> AAAAAAUUUUUUGH milliOBun
[2022-12-05 15:12:05] <%$LanceCharleson> KEKW
[2022-12-05 15:12:17] <%$gamerootz> I love it
[2022-12-05 15:12:24] <%$LanceCharleson> baby
[2022-12-05 15:12:29] <%$leo_coelho> that tree is fugged
[2022-12-05 15:12:38] <%captain_keppy> you're right i did cum with your emotes Thanks Carm milliLuvBun
[2022-12-05 15:12:40] <goatw0rm> HUH
[2022-12-05 15:12:40] <%$gamerootz> never wanted to smack a tree before
[2022-12-05 15:12:43] <%$LanceCharleson> Oh
[2022-12-05 15:12:43] <%lorenzoteague> shyyEyes
[2022-12-05 15:12:44] <+DeltaSlime> go back to sleep woody
[2022-12-05 15:12:46] <!%Spudsie4047> milliSheesh
[2022-12-05 15:12:47] <%$leo_coelho> woody demands human sacrifices
[2022-12-05 15:12:47] <mielitta> pls go back to sleep woody mielit1Gun
[2022-12-05 15:12:47] <%captain_keppy> NOOOOOOOOOO
[2022-12-05 15:12:48] <%$LanceCharleson> shiaS
[2022-12-05 15:12:54] <%captain_keppy> KILL IT
[2022-12-05 15:12:54] <subnautica203> burn it
[2022-12-05 15:12:58] <%PervertMonster> I wish it started screaming
[2022-12-05 15:12:59] <%alloy101> It must burn
[2022-12-05 15:13:01] <%lorenzoteague> milliGUNBUN
[2022-12-05 15:13:03] <%$gamerootz> destroy it
[2022-12-05 15:13:04] VIEWERS: 525
[2022-12-05 15:13:06] <%$leo_coelho> "feed me seymor"
[2022-12-05 15:13:06] <KyleDropEmOff_23> crumpSuffer crumpUuu
[2022-12-05 15:13:09] <%alloy101> I would walk RIGHT BACK OUT!
[2022-12-05 15:13:09] <%Mr_Ru> "The seed of your sin, GERMINATES within you"
[2022-12-05 15:13:10] [Points] darrenthebaron1 redeemed Hi <3 (50)
[2022-12-05 15:13:26] <%$gamerootz> he is like me fr fr
[2022-12-05 15:13:29] <goatw0rm> KEKW
[2022-12-05 15:13:41] <%alloy101> Big brain
[2022-12-05 15:13:45] <%$LanceCharleson> Sick idea
[2022-12-05 15:13:47] <OliviaMonroe> this guy actually is big brain
[2022-12-05 15:13:50] <lorenzoteague> KEKW
[2022-12-05 15:13:56] <%captain_keppy> BOOP
[2022-12-05 15:14:01] <%$gamerootz> the sea puppy
[2022-12-05 15:14:01] <subnautica203> I want it
[2022-12-05 15:14:06] <%$leo_coelho> Grandma Monroe! yooo
[2022-12-05 15:14:09] <OliviaMonroe> HI!!! back from vacay so excited to see you
[2022-12-05 15:14:11] <%Mr_Ru> Seal videos are blessed
[2022-12-05 15:14:11] <%$gamerootz> Milly did it milliGUNBOOM
[2022-12-05 15:14:21] <%lorenzoteague> @oliviamonroe o7
[2022-12-05 15:14:27] <%captain_keppy> Don't nut in front of Olivia again
[2022-12-05 15:14:31] <%$LanceCharleson> "...Fock.
[2022-12-05 15:14:32] <OliviaMonroe> I got some vitamin D sunshineeeeee
[2022-12-05 15:14:44] <%$gamerootz> nice lol
[2022-12-05 15:14:58] <OliviaMonroe> LMAO
[2022-12-05 15:15:04] VIEWERS: 516
[2022-12-05 15:15:07] <exxjob> sheeeee
[2022-12-05 15:15:10] <%$leo_coelho> you been doing some weird colonoscopies
[2022-12-05 15:15:11] <%lorenzoteague> milliSheesh milliSheesh milliSheesh
[2022-12-05 15:15:13] <+DeltaSlime> me when diarrhea
[2022-12-05 15:15:15] <%Mr_Ru> That what good macaroni sound like
[2022-12-05 15:15:16] <%captain_keppy> I'M WARNING YOU CARM I'M NOT CLEANING UP AFTER YOUR NUT
[2022-12-05 15:15:18] <%$gamerootz> true
[2022-12-05 15:15:18] <%$LanceCharleson> HUH
[2022-12-05 15:15:21] <goatw0rm> 🥶
[2022-12-05 15:15:27] <darrenthebaron1> BING CHILLING
[2022-12-05 15:15:27] <CalmDownChillOut> 🥶
[2022-12-05 15:15:28] <%$LanceCharleson> BRAINFREEZE
[2022-12-05 15:15:50] <%$leo_coelho> gyaru is based
[2022-12-05 15:15:51] <%$gamerootz> club penguin remake when
[2022-12-05 15:15:56] <%lorenzoteague> milliShine
[2022-12-05 15:15:58] <%Mr_Ru> milliShine
[2022-12-05 15:15:59] <%$LanceCharleson> MILLIE'S EYES BE LIKE
[2022-12-05 15:16:02] <%$gamerootz> milliWat
[2022-12-05 15:16:04] <subnautica203> smegal
[2022-12-05 15:16:15] <OliviaMonroe> LOL
[2022-12-05 15:16:24] <goatw0rm> Stare
[2022-12-05 15:16:24] <%$leo_coelho> LOL
[2022-12-05 15:16:28] <%$gamerootz> lol
[2022-12-05 15:16:30] <+DeltaSlime> model tryna help out
[2022-12-05 15:16:34] <mielitta> 👁️ 👄 👁️
[2022-12-05 15:16:36] <%$LanceCharleson> NAILED IT
[2022-12-05 15:16:40] <+no_daddy_not_the_belt> Would
[2022-12-05 15:16:44] <%$leo_coelho> xd
[2022-12-05 15:16:46] <OliviaMonroe> GOT IT IN ONE
[2022-12-05 15:16:46] <%lorenzoteague> milliBlushBun JESUS CHRIST!! LOL
[2022-12-05 15:16:46] <!%Spudsie4047> OH GOD IS THAT A BULGE milliWat
[2022-12-05 15:16:47] <%$LanceCharleson> KEKW
[2022-12-05 15:16:51] [Points] Zenguppy redeemed TTS (900) [and then his dick fell off]
[2022-12-05 15:16:51] <%$leo_coelho> milliShuffle milliShuffle milliShuffle milliShuffle milliShuffle
[2022-12-05 15:16:54] <%$LanceCharleson> On it :V
[2022-12-05 15:16:55] <%Mr_Ru> milliShine_HF milliShine
[2022-12-05 15:16:56] <+DeltaSlime> my mother when i forget to take the chicken out the freezer
[2022-12-05 15:16:58] <%$gamerootz> Wednesday Addams wishes she could be Milly lol
[2022-12-05 15:17:04] <%$LanceCharleson> You have beautiful eyes BTW no meme
[2022-12-05 15:17:04] VIEWERS: 516
[2022-12-05 15:17:14] <subnautica203> on it
[2022-12-05 15:17:20] <%$gamerootz> chicken went bad?
[2022-12-05 15:17:36] <%lorenzoteague> EWWWWW!!! milliLETSGOBUN
[2022-12-05 15:17:43] [Points] leo_coelho redeemed TTS (900) [Milo wondering where he failed when raising Millie]
[2022-12-05 15:17:59] <%lorenzoteague> @leo_coelho LMAO
[2022-12-05 15:17:59] <Pipiro> maci3AAA
[2022-12-05 15:18:01] <OliviaMonroe> having blue eyes pepeHands
[2022-12-05 15:18:12] <goatw0rm> catJAM
[2022-12-05 15:18:17] <exxjob> FishMoley
[2022-12-05 15:18:17] <%$leo_coelho> thicc
[2022-12-05 15:18:20] <+DeltaSlime> oh lawd she comin
[2022-12-05 15:18:20] [Points] gamerootz redeemed TTS (900) [thicc]
[2022-12-05 15:18:23] <CalmDownChillOut> @OliviaMonroe PepeHands
[2022-12-05 15:18:34] <OliviaMonroe> PepeHands
[2022-12-05 15:18:41] <@%STEEEEEEELE> PepeHands
[2022-12-05 15:18:42] <OliviaMonroe> she called me creepy
[2022-12-05 15:18:42] <!%Spudsie4047> that would inhale kirby by accident LUL
[2022-12-05 15:18:43] <%$LanceCharleson> Lady Axolotls really do be thicc huh
[2022-12-05 15:18:45] <%$gamerootz> blue eyes are creepy tbh
[2022-12-05 15:18:46] <@%STEEEEEEELE> milliSADBUN
[2022-12-05 15:18:51] <goatw0rm> Stare
[2022-12-05 15:18:55] <OliviaMonroe> @gamerootz PepeHands
[2022-12-05 15:18:56] <CalmDownChillOut> Stare
[2022-12-05 15:18:58] <%$leo_coelho> blue eyes are amazing, but Hazel eyes? they are awesome
[2022-12-05 15:19:03] <mielitta> ooooh i love these
[2022-12-05 15:19:04] VIEWERS: 522
[2022-12-05 15:19:08] <+DeltaSlime> i have grey eyes, so they reflect the sky, if it's clear they are bluish
[2022-12-05 15:19:09] <%lorenzoteague> True!! My dad had Blue eyes!!! lol
[2022-12-05 15:19:10] <%$gamerootz> @oliviamonroe sorry sadge milliSADBUN
[2022-12-05 15:19:12] <goatw0rm> T
[2022-12-05 15:19:22] <%$LanceCharleson> AAA-
[2022-12-05 15:19:25] <CalmDownChillOut> KEKW
[2022-12-05 15:19:32] <darrenthebaron1> vore
[2022-12-05 15:19:47] <%$LanceCharleson> CEASE
[2022-12-05 15:19:48] <%$gamerootz> now sort them milliKEKW
[2022-12-05 15:19:49] <CalmDownChillOut> Okay, they're not skittles or not all skittles
[2022-12-05 15:19:49] <%Mr_Ru> Taste the fucking rainbow
[2022-12-05 15:19:50] <OliviaMonroe> are they shooting it in???
[2022-12-05 15:19:51] <%$leo_coelho> isnt that tik tok so successful they making a real game over it?
[2022-12-05 15:19:52] <%lorenzoteague> REAL CANDY CRUSH!! LOL
[2022-12-05 15:19:54] <%$LanceCharleson> I'M GETTING SICK FROM TOO MUCH CANDY
[2022-12-05 15:19:54] <OliviaMonroe> ooo cookie!!!
[2022-12-05 15:20:12] <%$gamerootz> cummy snowman lol
[2022-12-05 15:20:17] <%lorenzoteague> YES!!
[2022-12-05 15:20:18] <OliviaMonroe> doesn't seem too hard!!
[2022-12-05 15:20:18] <%$LanceCharleson> YeaI think you could!
[2022-12-05 15:20:30] <%$gamerootz> yes plz
[2022-12-05 15:20:30] <%$leo_coelho> you can do anything if you set yer mind to it, lets go keel snowmen!
[2022-12-05 15:20:32] <CalmDownChillOut> Melt Marshmellow on it POGGERS
[2022-12-05 15:20:38] <CalmDownChillOut> Marshmallow
[2022-12-05 15:20:40] <%+NickM72> dead frosty... nice
[2022-12-05 15:20:42] <%$gamerootz> sugar cookies are the best
[2022-12-05 15:20:46] <CalmDownChillOut> I can't spell LUL
[2022-12-05 15:20:55] <goatw0rm> huh
[2022-12-05 15:20:56] <%$LanceCharleson> WHAT
[2022-12-05 15:21:04] Viewerstats (14:52-15:21): avg:527 min:516 max:543 [15/529+0+8+0+6−9+0−9+0+0+0−9+0+6+0]
[2022-12-05 15:21:04] VIEWERS: 522
[2022-12-05 15:21:09] <%Meatslinkie> Millie I got the most beautiful blue eyes you'll ever see.
[2022-12-05 15:21:10] <%$gamerootz> worst pokemon game
[2022-12-05 15:21:12] <goatw0rm> pepeJAM
[2022-12-05 15:21:14] <%lorenzoteague> QUALITY GAME!! 😂👍
[2022-12-05 15:21:39] <goatw0rm> FeelsBadMan
[2022-12-05 15:21:42] <%$leo_coelho> pumping so many features even Cyberpunk 2077 cant compete
[2022-12-05 15:21:42] <%$LanceCharleson> 1.1 BILLION????
[2022-12-05 15:21:45] <%$gamerootz> Nintendo get your shit right
[2022-12-05 15:22:11] <%$leo_coelho> if you slap "pokemon" on any game it breaks sales records
[2022-12-05 15:22:11] [Points] evilkingyuan redeemed Hi <3 (50)
[2022-12-05 15:22:16] <goatw0rm> catJAM
[2022-12-05 15:22:16] <%$gamerootz> I feel bad who ever bought that game
[2022-12-05 15:22:29] <%$leo_coelho> lol
[2022-12-05 15:22:33] <Zenguppy> they only making baby games its fine
[2022-12-05 15:22:34] <%lorenzoteague> Nintendo: SUCKERS!!! milliLOLBUN milliLOLBUN milliLOLBUN
[2022-12-05 15:22:36] <%$LanceCharleson> REMEMBER STEELE
[2022-12-05 15:22:38] <%$LanceCharleson> REMEMBER
[2022-12-05 15:22:42] <%$gamerootz> remember
[2022-12-05 15:22:43] <Vallhaine> RIGHT CLICK A POINT TO SEE THE LAYER NAME, KIDS
[2022-12-05 15:23:04] VIEWERS: 514
[2022-12-05 15:23:04] <%$gamerootz> fyp milliGUNBOOM
[2022-12-05 15:23:05] <goatw0rm> HUH
[2022-12-05 15:23:05] <mielitta> oh
[2022-12-05 15:23:11] <%$leo_coelho> what insertion videos?
[2022-12-05 15:23:21] <%lorenzoteague> ironmouseWTF ironmouseWTF ironmouseWTF
[2022-12-05 15:23:21] <%$gamerootz> wtf
[2022-12-05 15:23:41] <%$leo_coelho> lesaLambe lesaLambe lesaLambe lesaLambe lesaLambe lesaLambe
[2022-12-05 15:23:41] <%$gamerootz> Milly algorithm bis built different
[2022-12-05 15:24:03] <%lorenzoteague> comdosPug comdosPug comdosPug comdosPug
[2022-12-05 15:24:16] <%$gamerootz> lmao
[2022-12-05 15:24:19] <%$leo_coelho> gamagaNodders gamagaNodders gamagaNodders gamagaNodders gamagaNodders
[2022-12-05 15:24:32] <%$leo_coelho> thank god
[2022-12-05 15:24:49] <%lorenzoteague> LMAO
[2022-12-05 15:24:51] <%$gamerootz> and then ... not safe milliKEKW
[2022-12-05 15:24:56] <%$leo_coelho> nininZoom youtube safe
[2022-12-05 15:25:04] VIEWERS: 514
[2022-12-05 15:25:07] <%Meatslinkie> Or could do Media share playlist?
[2022-12-05 15:25:07] <2O49> ai overlord torture
[2022-12-05 15:25:14] <fuzzybear117> peen
[2022-12-05 15:25:21] <%$gamerootz> 🤔
[2022-12-05 15:25:22] <+DeltaSlime> now ask yourself why she has that...
[2022-12-05 15:25:25] <%lorenzoteague> Stop it, Steele...... milliKEKW milliKEKW milliKEKW
[2022-12-05 15:26:03] <%$leo_coelho> money
[2022-12-05 15:26:06] <%$gamerootz> good question
[2022-12-05 15:26:24] <+DeltaSlime> so you were saying youtube is safe?
[2022-12-05 15:26:48] <%lorenzoteague> milliAyaya
[2022-12-05 15:27:04] VIEWERS: 514
[2022-12-05 15:27:04] <%$LanceCharleson> ewwwww
[2022-12-05 15:27:05] <%$leo_coelho> he swallow a fish
[2022-12-05 15:27:07] <%$gamerootz> salt water is nasty
[2022-12-05 15:27:14] <!%Spudsie4047> LUL
[2022-12-05 15:27:47] <%lorenzoteague> milliLOLBUN
[2022-12-05 15:27:52] <%$gamerootz> awww
[2022-12-05 15:28:06] <+DeltaSlime> mood
[2022-12-05 15:28:10] <fuzzybear117> mood
[2022-12-05 15:28:13] <%$gamerootz> mood
[2022-12-05 15:28:16] <%$LanceCharleson> based
[2022-12-05 15:28:26] <%$LanceCharleson> KEKW
[2022-12-05 15:28:33] <%$LanceCharleson> milliKEKW milliKEKW milliKEKW milliKEKW milliKEKW milliKEKW
[2022-12-05 15:28:33] <%$gamerootz> that sounded wet
[2022-12-05 15:28:33] <+DeltaSlime> me when constipation
[2022-12-05 15:28:34] <%lorenzoteague> milliSADBUN
[2022-12-05 15:28:39] <%$LanceCharleson> NOOOOOOO
[2022-12-05 15:28:44] <wfox4000> dick?
[2022-12-05 15:28:49] <wfox4000> pog
[2022-12-05 15:29:07] VIEWERS: 514
[2022-12-05 15:29:23] <%lorenzoteague> LMAO
[2022-12-05 15:29:25] <%$leo_coelho> senegal?
[2022-12-05 15:29:26] <%$gamerootz> I like this game
[2022-12-05 15:29:40] <%lorenzoteague> milliBlankies milliBlankies milliBlankies milliBlankies
[2022-12-05 15:30:02] <evilkingyuan> 2020Shhh
[2022-12-05 15:30:03] <~%Carmilllia> milliCultist join the cults discord discord.com/invite/WRx7AA9r6e
[2022-12-05 15:30:05] <%lorenzoteague> WTF
[2022-12-05 15:30:08] <%$gamerootz> don't do Jesus like that
[2022-12-05 15:30:08] <%$LanceCharleson> ***
[2022-12-05 15:30:08] <+DeltaSlime> aw fuck yea, nail me to this cross
[2022-12-05 15:30:13] <%$LanceCharleson> KEKW
[2022-12-05 15:30:28] <%$LanceCharleson> It's tha clip ya ordered bby
[2022-12-05 15:30:46] <%$gamerootz> oh wow
[2022-12-05 15:30:47] <%lorenzoteague> milliKEKW milliKEKW milliKEKW
[2022-12-05 15:31:08] VIEWERS: 514
[2022-12-05 15:31:08] <%lorenzoteague> shyyEyes shyyEyes shyyEyes shyyEyes shyyEyes
[2022-12-05 15:31:17] <%$gamerootz> milliWat
[2022-12-05 15:31:27] <%lorenzoteague> OH NO!!!!
[2022-12-05 15:31:38] <%$gamerootz> milliKEKW
[2022-12-05 15:31:46] <%lorenzoteague> ironmouseWTF ironmouseWTF ironmouseWTF ironmouseWTF
[2022-12-05 15:31:49] <%$LanceCharleson> jallLOOKER jallLOOKER jallLOOKER jallLOOKER jallLOOKER jallLOOKER
[2022-12-05 15:31:57] <!%Spudsie4047> milliWat
[2022-12-05 15:32:00] <+DeltaSlime> me looking respectfully
[2022-12-05 15:32:07] <%$leo_coelho> milliKEKW milliKEKW milliKEKW
[2022-12-05 15:32:11] <%$Sleepy__Slime> meuwwMango
[2022-12-05 15:32:11] <%$LanceCharleson> You look FINE THO
[2022-12-05 15:32:16] <faolan123> didnt know your model was so accurate
[2022-12-05 15:32:25] <%$LanceCharleson> OOP
[2022-12-05 15:32:27] <%$gamerootz> bruh
[2022-12-05 15:32:38] <%lorenzoteague> MEL BROOKS WANTS THAT JOKE BACK!! LOL
[2022-12-05 15:32:49] <%$LanceCharleson> NOOOOO
[2022-12-05 15:32:57] <+DeltaSlime> aw hell naw, he deepthroating that dog
[2022-12-05 15:33:05] <%$gamerootz> based dad
[2022-12-05 15:33:09] VIEWERS: 514
[2022-12-05 15:33:11] <howlingmonkey91> lol
[2022-12-05 15:33:12] <+DeltaSlime> dad didnt skip a beat
[2022-12-05 15:33:27] <%lorenzoteague> ironmouseWTF
[2022-12-05 15:34:06] <howlingmonkey91> oh my god lol
[2022-12-05 15:34:07] <$sigamigs> olivia50Hehe olivia50Hoho
[2022-12-05 15:34:07] <%$LanceCharleson> HOLY SHIT
[2022-12-05 15:34:07] <%$gamerootz> try harder lol
[2022-12-05 15:34:11] <%$leo_coelho> this is how vtuber collabs look behind cameras
[2022-12-05 15:34:19] <%lorenzoteague> DAMNNNNNNNNNNNN milliLOLBUN milliLOLBUN milliLOLBUN
[2022-12-05 15:34:31] <%$LanceCharleson> NOOOOO NOT THE SCICCORS
[2022-12-05 15:34:32] <%$Sleepy__Slime> First try!
[2022-12-05 15:34:45] <%lorenzoteague> @leo_coelho 😂😂👏👏👏
[2022-12-05 15:34:48] <%$gamerootz> they getting down catJAM
[2022-12-05 15:34:50] <%$LanceCharleson> milliBlankies milliBlankies milliBlankies milliBlankies milliBlankies milliBlankies
[2022-12-05 15:34:56] <$sigamigs> lavenderCowJAM lavenderCowJAM lavenderCowJAM
[2022-12-05 15:35:05] <oxymoronhere> P e e n
[2022-12-05 15:35:09] VIEWERS: 492
[2022-12-05 15:35:16] <%$leo_coelho> BALDOGGO
[2022-12-05 15:35:18] <%$gamerootz> dog built different
[2022-12-05 15:35:22] <+DeltaSlime> he got that receding hairline
[2022-12-05 15:35:55] <%lorenzoteague> shyyEyes shyyEyes shyyEyes shyyEyes shyyEyes
[2022-12-05 15:36:00] <%$LanceCharleson> AYOOOO????
[2022-12-05 15:36:02] <%$Sleepy__Slime> meuwwMango
[2022-12-05 15:36:07] <%$gamerootz> 🤔
[2022-12-05 15:36:09] <%$leo_coelho> B A S E D
[2022-12-05 15:36:11] <$sigamigs> wow
[2022-12-05 15:36:18] <+DeltaSlime> i love throwing curveballs at irrational people
[2022-12-05 15:36:33] <%$gamerootz> wtf
[2022-12-05 15:36:34] <%$LanceCharleson> OH  NO
[2022-12-05 15:36:48] <%$leo_coelho> CARMI IS BROKEN AGAIN
[2022-12-05 15:36:48] <%lorenzoteague> OMFG!! I DED!!! milliLOLBUN milliLOLBUN milliLOLBUN milliLOLBUN milliLOLBUN
[2022-12-05 15:37:09] VIEWERS: 492
[2022-12-05 15:37:22] <%$gamerootz> this is pretty good tbh milliKEKW
[2022-12-05 15:37:55] <%lorenzoteague> THAT WAS TOO EPIC!!! 👏👏👏👏👏👏👏👏
[2022-12-05 15:37:55] <%$leo_coelho> HIT DDAT SWEET FOLLOW BUTTON
[2022-12-05 15:38:23] <%$Sleepy__Slime> milliCaveman
[2022-12-05 15:38:23] <%$gamerootz> you know what I mean milliGUNBOOM
[2022-12-05 15:39:09] VIEWERS: 499
[2022-12-05 15:39:10] <%$gamerootz> dam turned into a smoke Machine
[2022-12-05 15:39:43] <%lorenzoteague> milliLOLBUN milliLOLBUN milliLOLBUN
[2022-12-05 15:39:45] <%$leo_coelho> oh lord
[2022-12-05 15:39:51] <+DeltaSlime> he stroking his cat until she coom
[2022-12-05 15:40:28] <%$leo_coelho> !lurk
[2022-12-05 15:40:51] <2O49> theyre conditioning you
[2022-12-05 15:41:09] VIEWERS: 499
[2022-12-05 15:41:16] <%$Sleepy__Slime> meuwwDERP
[2022-12-05 15:41:29] <$sigamigs> lavenderHoho
[2022-12-05 15:41:34] <%lorenzoteague> YOU'RE GETTING GROOMED!! milliSheesh milliSheesh milliSheesh
[2022-12-05 15:42:29] <~%Carmilllia> milliCultist Subscribe to Carmilllia on youtube.com/channel/UCXIVVOCFubK8xFV-kq_SRdQ for highlight videos and shorts.
[2022-12-05 15:42:31] <%lorenzoteague> kawaiigWildin kawaiigWildin kawaiigWildin kawaiigWildin
[2022-12-05 15:42:42] <+DeltaSlime> you can stick velcro to that guys back
[2022-12-05 15:43:09] VIEWERS: 499
[2022-12-05 15:43:27] <%lorenzoteague> shyyRave shyyRave shyyRave shyyRave
[2022-12-05 15:44:35] <%lorenzoteague> WOW
[2022-12-05 15:45:09] VIEWERS: 499
[2022-12-05 15:45:11] <%multi_42> @PervertMonster thanks for the gift sub! milliHiBun
[2022-12-05 15:45:37] <~%Carmilllia> Want to buy Milo milliMilo or Milly milliShuffle a gift? Check out --> https://thronegifts.com/u/carmillllia
[2022-12-05 15:45:41] <%PervertMonster> @multi_42 milliHiBun
[2022-12-05 15:45:54] <%lorenzoteague> shyyNodders shyyNodders shyyNodders shyyNodders
[2022-12-05 15:47:02] <$sigamigs> what is happening rn
[2022-12-05 15:47:09] VIEWERS: 499
[2022-12-05 15:48:04] <%lorenzoteague> OMG LOL
[2022-12-05 15:48:24] <+DeltaSlime> i am getting physically aggressive
[2022-12-05 15:48:48] <mielitta> D:
[2022-12-05 15:48:59] <%lorenzoteague> KILL THIS FOOL!! milliLETSGOBUN milliLETSGOBUN milliLETSGOBUN milliLETSGOBUN
[2022-12-05 15:49:09] VIEWERS: 499
[2022-12-05 15:49:11] <+DeltaSlime> it is now turning to illness
[2022-12-05 15:49:18] <+DeltaSlime> that's foul
[2022-12-05 15:49:20] <+DeltaSlime> naaaaaaaaaaaaah
[2022-12-05 15:49:36] <%Meatslinkie> Millie have you heard of Kay's cooking?
[2022-12-05 15:49:45] <+bonnie095> This has to be some form of a torture method somewhere in the world
[2022-12-05 15:49:45] <%captain_keppy> Did you lose your right eye ot do you still have both?
[2022-12-05 15:49:52] <mielitta> can u make this with the sugar cookies:)
[2022-12-05 15:50:00] <+bonnie095> LUL
[2022-12-05 15:50:32] <%captain_keppy> so he lose your eye ashek9KEKW
[2022-12-05 15:50:54] <+DeltaSlime> that the kinda "magic potion" you make as a kid with nearly empty shampoo bottles
[2022-12-05 15:50:56] <+Jon3themon88> Also in real life you wear your hair like that lol
[2022-12-05 15:50:58] <WorldWideWeeb> BOOBA
[2022-12-05 15:50:58] <%$leo_coelho> a xmas present even
[2022-12-05 15:51:03] <%$Sleepy__Slime> milliCaveman
[2022-12-05 15:51:09] Viewerstats (15:23-15:51): avg:504 min:492 max:514 [15/514+0+0+0+0+0−22+0+7+0+0+0+0+0+0]
[2022-12-05 15:51:09] VIEWERS: 499
[2022-12-05 15:51:41] <%lorenzoteague> GOD HELP THIS BROTHER!!! milliLOLBUN milliLOLBUN milliLOLBUN milliLOLBUN milliLOLBUN
[2022-12-05 15:52:01] <%$Sleepy__Slime> milliSheesh
[2022-12-05 15:52:05] <%$leo_coelho> milliShuffle milliShuffle milliShuffle milliShuffle milliShuffle milliShuffle Zone knows us
[2022-12-05 15:52:09] <%lorenzoteague> 😎👍 milliPlsrember
[2022-12-05 15:52:09] <+Jinxfall> zoneShrug
[2022-12-05 15:52:09] <%captain_keppy> milliShuffle
[2022-12-05 15:52:22] <+DeltaSlime> i was not feeling too well before, this aint helping fs fs
[2022-12-05 15:52:39] <%captain_keppy> rigger losed your eye, NOTED
[2022-12-05 15:52:46] <+DeltaSlime> she making a fucking bioweapon
[2022-12-05 15:52:58] <mielitta> thanks for stream~!
[2022-12-05 15:53:00] <%$leo_coelho> thanks for the stream!
[2022-12-05 15:53:01] <KyleDropEmOff_23> crumpWobblereindeer crumpIeself crumpO crumpHeart
[2022-12-05 15:53:04] <faolan123> its cooming
[2022-12-05 15:53:06] <+DeltaSlime> thank you for stream chanivLOVE chanivLOVE chanivLOVE
[2022-12-05 15:53:08] <%captain_keppy> thx
[2022-12-05 15:53:08] <~%Carmilllia> !social
[2022-12-05 15:53:08] <~%Carmilllia> http://beacons.ai/carmilllia
[2022-12-05 15:53:09] VIEWERS: 499
[2022-12-05 15:53:11] <!%Spudsie4047> bye bye milliLuvBun
[2022-12-05 15:53:12] <$sigamigs> bye bye milly
[2022-12-05 15:53:17] <caddyshot> byee
[2022-12-05 15:53:21] <%$leo_coelho> bye carmi, bye Steele, bye chat!
[2022-12-05 15:53:24] <%captain_keppy> *explodes*
[2022-12-05 15:53:34] [Points] DeltaSlime redeemed Bye Bye<3 (50)
[2022-12-05 15:53:41] <%lorenzoteague> Millly & Steele, thanks for the stream!! Have a good sleep!! o7
[2022-12-05 15:53:45] <+Tomkii3> Have a good day!!! <3
[2022-12-05 15:53:51] [Points] sigamigs redeemed Bye Bye<3 (50)
[2022-12-05 15:53:57] <%captain_keppy> C A T milliBlushBun milliLuvBun
[2022-12-05 15:53:57] <%lorenzoteague> @leo_coelho o7
[2022-12-05 15:54:01] <~%Carmilllia> !social
[2022-12-05 15:54:01] <~%Carmilllia> http://beacons.ai/carmilllia
[2022-12-05 15:54:03] [Points] mielitta redeemed Bye Bye<3 (50)
[2022-12-05 15:54:05] [Points] Meatslinkie redeemed Bye Bye<3 (50)
[2022-12-05 15:54:05] [Points] lorenzoteague redeemed Bye Bye<3 (50)
[2022-12-05 15:54:06] <~%Carmilllia> http://beacons.ai/carmilllia
[2022-12-05 15:54:06] <+no_daddy_not_the_belt> bye bye
[2022-12-05 15:54:08] <%$leo_coelho> o7
[2022-12-05 15:54:08] [Points] Tomkii3 redeemed Bye Bye<3 (50)
[2022-12-05 15:54:09] <~%Carmilllia> http://beacons.ai/carmilllia
[2022-12-05 15:54:09] [Points] Sleepy__Slime redeemed Bye Bye<3 (50)
[2022-12-05 15:54:13] <%$LanceCharleson> Aight, ta fer the  stream Millie!
[2022-12-05 15:54:13] [Points] captain_keppy redeemed Bye Bye<3 (50)
[2022-12-05 15:54:15] [Points] Jon3themon88 redeemed Bye Bye<3 (50)
[2022-12-05 15:54:16] [Points] LanceCharleson redeemed Bye Bye<3 (50)
[2022-12-05 15:54:17] [Points] leo_coelho redeemed Bye Bye<3 (50)
[2022-12-05 15:54:26] [Points] PervertMonster redeemed Bye Bye<3 (50)
[2022-12-05 15:54:27] <%$Sleepy__Slime> milliSADBUN
[2022-12-05 15:54:37] <+machacha_fulgrim> take care Milly raelhuJammies
[2022-12-05 15:54:38] [Points] no_daddy_not_the_belt redeemed Bye Bye<3 (50)
[2022-12-05 15:54:43] [Points] machacha_fulgrim redeemed Bye Bye<3 (50)
[2022-12-05 15:54:50] <%lorenzoteague> STAY GOLDEN, CULT MATES!! milliCultist milliAyaya
[2022-12-05 15:55:09] VIEWERS: 491
[2022-12-05 15:55:28] <mielitta> have a good one everyone~
[2022-12-05 15:55:29] <~%Carmilllia> milliCultist join the cults discord discord.com/invite/WRx7AA9r6e
[2022-12-05 15:55:40] <%captain_keppy> D O G G O
[2022-12-05 15:55:48] <%captain_keppy> A W A K E N
[2022-12-05 15:56:21] <+Tomkii3> Moira//
[2022-12-05 15:56:22] <%lorenzoteague> BYE, MILO!! milliMilo milliMilo milliMilo
[2022-12-05 15:56:27] <+Tomkii3> Moika??
[2022-12-05 15:56:50] <%$leo_coelho> Moika is haws
[2022-12-05 15:56:55] [Points] FlexRR_85 redeemed Hi <3 (50)
[2022-12-05 15:56:58] <%$LanceCharleson> Hello what's this?
[2022-12-05 15:56:59] <%$leo_coelho> it is yotube safe
[2022-12-05 15:57:02] <WorldWideWeeb> BOOBA
[2022-12-05 15:57:08] <%$LanceCharleson> O
[2022-12-05 15:57:09] VIEWERS: 475
[2022-12-05 15:57:23] <$sigamigs> lavenderCowJAM lavenderCowJAM lavenderCowJAM lavenderCowJAM
[2022-12-05 15:57:24] <%$LanceCharleson> milliShuffle milliShuffle milliShuffle milliShuffle milliShuffle milliShuffle milliShuffle milliShuffle milliShuffle milliShuffle milliShuffle milliShuffle
[2022-12-05 15:57:37] <@%STEEEEEEELE> slight107Nervous slight107Nervous slight107Nervous slight107Nervous slight107Nervous slight107Nervous
[2022-12-05 15:57:37] <%lorenzoteague> NAISU milliJUMP milliJUMP milliJUMP milliJUMP milliJUMP milliJUMP milliJUMP
[2022-12-05 15:57:38] <+Tomkii3> papifuJAM papifuJAM papifuJAM papifuJAM
[2022-12-05 15:57:39] <+machacha_fulgrim> I remember this animation
[2022-12-05 15:57:42] <%$leo_coelho> he also did a 360° video of moika dancing for us to enjoy
[2022-12-05 15:57:45] <LXXIVthMockingjay> What's this?
[2022-12-05 15:58:02] <%$leo_coelho> Millie BASED
[2022-12-05 15:58:09] <$Krivan48> Well this video is burning
[2022-12-05 15:58:15] <%$LanceCharleson> Audience status: SLAYED
[2022-12-05 15:58:16] <LXXIVthMockingjay> Dem Heels
[2022-12-05 15:58:29] <%$LanceCharleson> Woah
[2022-12-05 15:58:36] <LXXIVthMockingjay> ty
[2022-12-05 15:58:36] <@%STEEEEEEELE> milliShuffle milliShuffle milliShuffle milliShuffle milliShuffle milliShuffle milliShuffle milliShuffle milliShuffle milliShuffle milliShuffle milliShuffle milliShuffle milliShuffle milliShuffle milliShuffle milliShuffle milliShuffle milliShuffle milliShuffle milliShuffle milliShuffle milliShuffle milliShuffle milliShuffle milliShuffle milliShuffle milliShuffle milliShuffle milliShuffle milliShuffle milliShuffle milliShuffle milliShuffle milliShuffle milliShuffle milliShuffle milliShuffle
[2022-12-05 15:58:45] <%lorenzoteague> He did this for MELODY 2 years old!!! DAMN!!
[2022-12-05 15:59:06] <LXXIVthMockingjay> @lorenzoteague Old School
[2022-12-05 15:59:09] VIEWERS: 475
[2022-12-05 15:59:19] <%$leo_coelho> pmelNosebleed pmelNosebleed pmelNosebleed
[2022-12-05 15:59:22] <%$LanceCharleson> Absolutely SICK
[2022-12-05 15:59:31] <LXXIVthMockingjay> All about the thighs sis
[2022-12-05 16:00:00] <~%Carmilllia> milliJUMP feeling full bodied milliJUMP milliJUMP feeling full bodied milliJUMP milliJUMP feeling full bodied milliJUMP milliJUMP feeling full bodied milliJUMP milliJUMP feeling full bodied milliJUMP
[2022-12-05 16:00:02] <~%Carmilllia> milliJUMP feeling full bodied milliJUMP
[2022-12-05 16:00:02] <+no_daddy_not_the_belt> Gonna need the link for... emm.. science.
[2022-12-05 16:00:09] <%lorenzoteague> 😎👍
[2022-12-05 16:00:14] <~%Carmilllia> https://www.youtube.com/watch?v=yahcmltC3ZA&ab_channel=Moikaloop
[2022-12-05 16:00:23] <$FlexRR_85> milliJUMP feeling full bodied  milliJUMP   milliJUMP  feeling full bodied  milliJUMP   milliJUMP  feeling full bodied  milliJUMP   milliJUMP  feeling full bodied  milliJUMP   milliJUMP  feeling full bodied  milliJUMP
[2022-12-05 16:00:35] <zman_319> milliJUMP feeling full bodied milliJUMP
[2022-12-05 16:00:46] <+TracyMc2> <3 <3 <3
[2022-12-05 16:00:53] <%$LanceCharleson> CYAAAAA
[2022-12-05 16:00:57] <%$leo_coelho> milliShine milliShine milliShine
[2022-12-05 16:00:59] <mielitta> the way doggy started to wag their tail BegWan
[2022-12-05 16:01:01] <+machacha_fulgrim> callie34Necocallie
[2022-12-05 16:01:06] <zman_319> tobsDELAMA tobsDELAMA tobsDELAMA
[2022-12-05 16:01:08] <%lorenzoteague> Later, miss..... o7
[2022-12-05 16:01:09] VIEWERS: 482
[2022-12-05 16:01:15] <+Tomkii3> jermaPain
[2022-12-05 16:01:21] <+machacha_fulgrim> she had poopy internet but it's good now
[2022-12-05 16:03:09] VIEWERS: 482
[2022-12-05 16:03:26] <+loveisgreen1997> !peensize
[2022-12-05 16:03:39] ~Stream offline~
[2022-12-05 16:10:21] <~%Carmilllia> milliCultist Subscribe to Carmilllia on youtube.com/channel/UCXIVVOCFubK8xFV-kq_SRdQ for highlight videos and shorts.
[2022-12-05 16:21:15] Viewerstats (15:53-16:01): avg:484 min:475 max:499 [5/499−8−16+0+7_]
