# Log started: 2022-12-15 16:58:16 +0100
[2022-12-15 16:58:16] ~Stream offline~
[2022-12-15 16:58:16] Joining #apricot..
[2022-12-15 16:58:16] You have joined #apricot
[2022-12-15 17:31:37] <ham_cheese_sandwich> Clueless TeaTime
[2022-12-15 20:14:59] <%speedking1994> Fruma
[2022-12-15 20:47:02] <lemirnajic> Fruma
[2022-12-15 21:06:57] <%Rene_san_> Fruma
[2022-12-15 21:09:09] <an7onio_777> Fruma
[2022-12-15 21:14:20] <ham_cheese_sandwich> Fruma
[2022-12-15 21:41:56] <ChrisGamingNL333> SilverBlankies
[2022-12-15 21:58:34] <%$SamGoldman> !merch
[2022-12-15 21:58:34] <@^StreamElements> Get your limited Froot Plushie, body pillow, mug, hat, shirts and more here https://apricot.vshojo.com/
[2022-12-15 21:58:41] <%$SamGoldman> apriPoggers
[2022-12-15 21:58:46] <%$SamGoldman> !discord
[2022-12-15 21:58:46] <@^StreamElements> Join the sub discord via Discord Connections in your settings
[2022-12-15 21:58:55] <%$SamGoldman> apriPoggers apriPoggers
[2022-12-15 21:58:59] <%$SamGoldman> !collab
[2022-12-15 21:59:04] <%$SamGoldman> Stare
[2022-12-15 21:59:12] <%$SamGoldman> apriStare
[2022-12-15 22:00:13] <%iffiie> !discord
[2022-12-15 22:00:13] <@^StreamElements> Join the sub discord via Discord Connections in your settings
[2022-12-15 22:00:24] <%iffiie> apriPoggers
[2022-12-15 22:01:20] <%$SamGoldman> omg we have a discord???
[2022-12-15 22:01:23] <%$SamGoldman> since when???
[2022-12-15 22:01:29] <%$SamGoldman> WOOW
[2022-12-15 22:16:50] <%iffiie> what is a discord  Clueless  TeaTime
[2022-12-15 22:36:13] <+DanneMM> Any offline chatters? :D
[2022-12-15 22:36:47] <ChrisGamingNL333> Maybe
[2022-12-15 22:36:50] <ChrisGamingNL333> PauseChamp
[2022-12-15 22:37:15] <ChrisGamingNL333> Bedge
[2022-12-15 22:38:10] <%$SamGoldman> modCheck
[2022-12-15 22:38:48] <ChrisGamingNL333> Sam CEASE
[2022-12-15 22:38:54] <ChrisGamingNL333> Bedge
[2022-12-15 22:40:03] <%$SamGoldman> no apriBedge CEASE WAKE UP dinkDonk
[2022-12-15 22:40:28] <+DanneMM> GOLIVERIGHTNOWMADGE
[2022-12-15 22:40:51] <+DanneMM> apriHehe apriHehe apriHehe apriHehe apriHehe apriHehe
[2022-12-15 22:41:31] <%$SamGoldman> soon Prayge
[2022-12-15 22:42:08] <%$SamGoldman> hopefuly she will feel better today Prayge
[2022-12-15 22:43:20] <+DanneMM> apriBegone Stress apriBegone
[2022-12-15 22:49:18] <%$SamGoldman> apriPet
[2022-12-15 22:49:42] <%$SamGoldman> apriPet apriPet
[2022-12-15 22:49:42] <%$SamGoldman> apriPet apriPet apriPet
[2022-12-15 22:49:44] <%$SamGoldman> apriPet apriPet apriPet apriPet
[2022-12-15 22:49:47] <%$SamGoldman> apriPet apriPet apriPet apriPet apriPet
[2022-12-15 22:49:48] <%$SamGoldman> apriPet apriPet apriPet apriPet
[2022-12-15 22:49:50] <%$SamGoldman> apriPet apriPet apriPet
[2022-12-15 22:49:53] <%$SamGoldman> apriPet apriPet
[2022-12-15 22:49:54] <%$SamGoldman> apriPet
[2022-12-15 22:52:39] <%seipsych> Rest up Froot apriLove
[2022-12-15 22:53:38] <%$SamGoldman> seip apriStare
[2022-12-15 22:54:12] <%seipsych> apriPeek
[2022-12-15 22:54:55] <%$SamGoldman> i can see u seip CEASE
[2022-12-15 22:55:20] <%seipsych> Ohhhh right, it's a multi-day minecraft thing isn't it? Well, hope she got good rest if so
[2022-12-15 22:55:39] <%$SamGoldman> HUH
[2022-12-15 22:55:52] <%$SamGoldman> i wasnt expecting that
[2022-12-15 22:56:38] <%seipsych> Wasn't the minecraft event/'aliver' tournament a multi-day thing? I wasn't able to catch the whole thing, so maybe Im dum
[2022-12-15 22:56:55] <+DanneMM> Yes, Froot is still alive
[2022-12-15 22:57:48] <%$SamGoldman> seip are u drunk? SUSSY
[2022-12-15 22:58:29] <%seipsych> Nah, I don't drink, just suffering from momentary stupidity
[2022-12-15 22:58:43] <%seipsych> or chronic, whichever LUL
[2022-12-15 22:58:45] <+DanneMM> modCheck
[2022-12-15 22:59:22] <%seipsych> modcheck why?
[2022-12-15 22:59:52] <%$SamGoldman> stay still seip
[2022-12-15 22:59:59] <%$SamGoldman> apriBonk
[2022-12-15 23:00:09] <%$SamGoldman> ok now u are good
[2022-12-15 23:00:18] <%seipsych> apriBoo
[2022-12-15 23:00:48] <%$SamGoldman> peepoS
[2022-12-15 23:00:51] <%$SamGoldman> wtf man
[2022-12-15 23:01:03] <%seipsych> @SamGoldman apriPet apriLove
[2022-12-15 23:01:20] <%$SamGoldman> u made me poop my pants Smadge
[2022-12-15 23:01:44] <%seipsych> Shitless? No Feces?
[2022-12-15 23:02:08] <%$SamGoldman> dont say sh1t CEASE
[2022-12-15 23:02:18] <%$SamGoldman> chibidokiBonk
[2022-12-15 23:02:30] <%seipsych> apriOwO
[2022-12-15 23:03:15] <%$SamGoldman> watch your language young man UltraMad
[2022-12-15 23:03:32] <%seipsych> I'm pretty sure I'm older than you tho tbh LUL
[2022-12-15 23:03:55] <%$SamGoldman> thats worse!
[2022-12-15 23:03:56] <%seipsych> Oldge
[2022-12-15 23:04:24] <%$SamGoldman> Oldge lauwibBonk im sorry oldman
[2022-12-15 23:04:30] <%$SamGoldman> apriBonk
[2022-12-15 23:04:43] <%seipsych> NOOOO MY JOINTS!
[2022-12-15 23:04:49] <%seipsych> NO NOT MY LIGMA!
[2022-12-15 23:05:07] <%iffiie> LIGMA  THIS
[2022-12-15 23:05:16] <%seipsych> OH! OH I AM VERY VULNERABLE THERE OH THER GO THE PIANO LESSONS OH I CANT REMEMBER MY DAD!
[2022-12-15 23:05:24] <%seipsych> OWWWWWW
[2022-12-15 23:05:27] <%$SamGoldman> HUH
[2022-12-15 23:05:39] <%iffiie> HUH
[2022-12-15 23:05:42] <%$SamGoldman> ok dont ligma THAT
[2022-12-15 23:05:54] <%seipsych> MODS Sam's Hitting Me!!!
[2022-12-15 23:05:57] <%iffiie> NOTED
[2022-12-15 23:06:16] <%seipsych> THE PAIN..... UBEARABLE
[2022-12-15 23:06:19] <%seipsych> fuk
[2022-12-15 23:06:25] <%seipsych> UNBEARABLE!
[2022-12-15 23:06:39] <%$SamGoldman> dont say fuk CEASE
[2022-12-15 23:06:43] <%$SamGoldman> say frick
[2022-12-15 23:06:47] <%seipsych> f....
[2022-12-15 23:06:48] <%iffiie> un niamocBig ?
[2022-12-15 23:06:50] <%$SamGoldman> chibidokiBonk
[2022-12-15 23:06:51] <%seipsych> uk
[2022-12-15 23:07:17] <%$SamGoldman> un dogJAM
[2022-12-15 23:07:27] <%seipsych> catKISS
[2022-12-15 23:07:36] <%iffiie> untigerable  Shruge
[2022-12-15 23:07:42] <%seipsych> NOTED
[2022-12-15 23:07:49] <%Ahroyale> apriNodders apriNodders apriNodders
[2022-12-15 23:08:35] <%$SamGoldman> no no no no
[2022-12-15 23:08:46] <%$SamGoldman> dogJAM is a bear
[2022-12-15 23:08:54] <%$SamGoldman> ReallyMad
[2022-12-15 23:08:59] <%seipsych> Oh Sam, dunno if you saw, but Froot ended up staying for the event thing yesterday and had a lot of fun/felt better by the end.
[2022-12-15 23:09:33] <%iffiie> im pretty sure  dogJAM is a liger yokaiHmm
[2022-12-15 23:10:37] <%$SamGoldman> im happy for her
[2022-12-15 23:10:45] <%$SamGoldman> i was a bit worried
[2022-12-15 23:10:55] <%$SamGoldman> i had to take a nap
[2022-12-15 23:10:59] <%seipsych> Yeah, She pushes herself A LOT more than I'd expect
[2022-12-15 23:11:06] <%$SamGoldman> my headache was massive
[2022-12-15 23:11:15] <%$SamGoldman> like 33°C here, its a fricking hell
[2022-12-15 23:11:17] <%seipsych> Ah, no worries man. Awww Hope you were able to shake it off
[2022-12-15 23:11:44] <%$SamGoldman> apriPet
[2022-12-15 23:11:53] <%$SamGoldman> red froog soon lesgo
[2022-12-15 23:11:54] <%seipsych> apriPet apriLove
[2022-12-15 23:11:55] <%iffiie> oh was she feeling sick or smth
[2022-12-15 23:12:06] <%iffiie> @SamGoldman yokaiSweat
[2022-12-15 23:12:18] <%seipsych> she had a panic attack before stream cuz of computer/game not working, but Haruka helped her
[2022-12-15 23:12:21] <%$SamGoldman> before the strim she had a panik attack
[2022-12-15 23:12:24] <%iffiie> missed the last srim
[2022-12-15 23:12:37] <%$SamGoldman> apriPet
[2022-12-15 23:12:41] <%iffiie> oh frick
[2022-12-15 23:12:47] <%+vollick8> FroogPat
[2022-12-15 23:12:52] <%seipsych> no worries Iffie! apriPet
[2022-12-15 23:12:58] <%iffiie> apriPet apriPet
[2022-12-15 23:13:16] <%iffiie> timezones   widepeepoSad
[2022-12-15 23:13:22] <%seipsych> agreed
[2022-12-15 23:13:37] <%seipsych> You feeling better tho Sam?
[2022-12-15 23:13:47] <%iffiie> good she was feeeling better panik attack suck
[2022-12-15 23:14:03] <%$SamGoldman> right now, yes
[2022-12-15 23:14:08] <%$SamGoldman> but we will see
[2022-12-15 23:14:08] <%iffiie> i cant write
[2022-12-15 23:14:28] <%iffiie> get better sam or  ReallyMad
[2022-12-15 23:14:41] <%seipsych> Hope it stays away, Headaches suck to deal with
[2022-12-15 23:14:42] <%$SamGoldman> UltraMad or else what
[2022-12-15 23:15:21] <%$SamGoldman> finish ur threat
[2022-12-15 23:15:31] <%iffiie> kamich10Pew  dogJAM ill shoot this liger
[2022-12-15 23:15:32] <%$SamGoldman> or i will make u sak ur dad
[2022-12-15 23:15:51] <%$SamGoldman> what liger? modCheck
[2022-12-15 23:15:56] <%iffiie> CEASE no sak u dad
[2022-12-15 23:16:02] <%$SamGoldman> NOPERS
[2022-12-15 23:16:22] <%$SamGoldman> NO U sak ur dad and mom UltraMad
[2022-12-15 23:16:26] <%$SamGoldman> Minging
[2022-12-15 23:17:11] <%iffiie> British sak u bro   Smadge
[2022-12-15 23:17:55] <%seipsych> apriLove apriLurk
[2022-12-15 23:18:09] <%$SamGoldman> using the British card? thats low dude
[2022-12-15 23:18:21] <%$SamGoldman> froogun time to die
[2022-12-15 23:18:30] <%iffiie> Deadge
[2022-12-15 23:18:38] <%$SamGoldman> NOOOO
[2022-12-15 23:18:48] <%$SamGoldman> -1 friend FeelsWeakMan
[2022-12-15 23:18:54] <%$SamGoldman> peepoSad
[2022-12-15 23:19:03] <%$SamGoldman> peepoSad ?
[2022-12-15 23:19:13] <%$SamGoldman> no more peepoSad ? D:
[2022-12-15 23:19:16] <%$SamGoldman> NOOOO
[2022-12-15 23:19:18] <%iffiie> apriBoo why did you kill me samge
[2022-12-15 23:19:25] <%$SamGoldman> im sorry CEASE
[2022-12-15 23:19:39] <%iffiie> Wokege
[2022-12-15 23:19:43] <%$SamGoldman> FROOG forced me to do it
[2022-12-15 23:19:49] <%seipsych> NOOOO No Murder CEASE
[2022-12-15 23:19:50] <%$SamGoldman> not my fault CEASE
[2022-12-15 23:20:01] <%$SamGoldman> seip did it NODDERS
[2022-12-15 23:20:09] <%$SamGoldman> hes acting very sus
[2022-12-15 23:20:12] <%$SamGoldman> SUSSY
[2022-12-15 23:20:14] <%seipsych> Eh, waitaminute, Froot'll just Ressurect you. All Good apriLove
[2022-12-15 23:20:31] <%+vollick8> apriOwO
[2022-12-15 23:20:32] <%iffiie> i had this weird dream that sam shot me  Wokege
[2022-12-15 23:20:55] <%$SamGoldman> yeah... just a dream... Saved
[2022-12-15 23:21:00] <%$SamGoldman> Clueless
[2022-12-15 23:21:14] <%iffiie> Clueless  TeaTime
[2022-12-15 23:21:17] <dandotwitch> Oh...did Froot oversleep?
[2022-12-15 23:21:38] <%$SamGoldman> i cant see teatime Hmm
[2022-12-15 23:21:55] <%iffiie> SUSSY
[2022-12-15 23:21:59] <%seipsych> Sleeping, yes, that's assuming a sleep schedule
[2022-12-15 23:23:10] <%$SamGoldman> fruuts sleep schedule KEKW
[2022-12-15 23:23:40] <%seipsych> Aight guys... thx for the derping and fun, but I gotta lurk for a bit apriLurk See ya in a bit maybe apriLove apriPet
[2022-12-15 23:24:01] <%$SamGoldman> not MAYBE CEASE
[2022-12-15 23:24:06] <%iffiie> sei apriPet apriPet
[2022-12-15 23:24:11] <%seipsych> apriBoo
[2022-12-15 23:24:44] <bladekill3> Froot are you ok?
[2022-12-15 23:24:52] <%iffiie> i have to apriBedge  gn have a good one apriPet apriHug
[2022-12-15 23:25:02] <%seipsych> apriHug
[2022-12-15 23:25:33] <%anifan89> apriOwO
[2022-12-15 23:25:45] <+RubyRose2077> wake up Froot you late girl
[2022-12-15 23:25:58] <%$SamGoldman> goodnight @iffiie catKISS
[2022-12-15 23:27:34] <+KahPyvara> nyannSadge
[2022-12-15 23:27:47] <+Max255PL> nyannSadge
[2022-12-15 23:28:06] <bideojames_> dinkDonk ) ) ) ) Bedge
[2022-12-15 23:29:00] <+MyGrilledCheeseisCold> dinkDonk ) ) ) ) Bedge
[2022-12-15 23:29:01] <%$SamGoldman> apriBedge lemme rest u fools
[2022-12-15 23:29:57] <ghostoftom> Is Froot okay?
[2022-12-15 23:30:21] <+DanneMM> I hope so
[2022-12-15 23:30:30] <%$SamGoldman> she is probably sleeping
[2022-12-15 23:30:32] <%$SamGoldman> maybe
[2022-12-15 23:30:35] <%$SamGoldman> Shruge
[2022-12-15 23:30:54] <+Max255PL> same, I hope she's just really sleepy nyannSadge
[2022-12-15 23:30:56] <element132456> froot get on right now
[2022-12-15 23:31:02] <%$SamGoldman> think positively
[2022-12-15 23:31:13] <%$SamGoldman> elements brother apriPoggers
[2022-12-15 23:31:58] <element132456> ok froot can you please get on the nyanners longest aliver we are waiting
[2022-12-15 23:32:05] BAN: element132456 (1s), element132456 (1s)
[2022-12-15 23:32:22] <@%ElementCo_27> 1. she's not even in chat 2. stop making demands
[2022-12-15 23:33:05] <element132456> ok will do sorry i just really want her to get on sorry
[2022-12-15 23:33:58] <%Ahroyale> dinkDonk ) ) ) ) Bedge
[2022-12-15 23:35:49] <%$SamGoldman> in the meantime... !merch
[2022-12-15 23:35:50] <@^StreamElements> Get your limited Froot Plushie, body pillow, mug, hat, shirts and more here https://apricot.vshojo.com/
[2022-12-15 23:36:01] <%$SamGoldman> buy fruuts merch! dinkDonk
[2022-12-15 23:36:09] <%$SamGoldman> coolest merch ever!
[2022-12-15 23:36:09] <@^StreamElements> Get your limited Froot Plushie, body pillow, mug, hat, shirts and more here https://apricot.vshojo.com/
[2022-12-15 23:36:52] <@%ElementCo_27> wait does it just do that when someone says the word
[2022-12-15 23:36:54] <@%ElementCo_27> merch
[2022-12-15 23:36:54] <@^StreamElements> Get your limited Froot Plushie, body pillow, mug, hat, shirts and more here https://apricot.vshojo.com/
[2022-12-15 23:36:57] <@%ElementCo_27> OMEGADANCEBUTFAST
[2022-12-15 23:37:09] <@%ElementCo_27> honestly kinda big brain
[2022-12-15 23:37:12] <%$SamGoldman> mug
[2022-12-15 23:37:12] <@^StreamElements> Get your limited Froot Plushie, body pillow, mug, hat, shirts and more here https://apricot.vshojo.com/
[2022-12-15 23:37:17] <%$SamGoldman> hat
[2022-12-15 23:37:23] <@%ElementCo_27> plushie
[2022-12-15 23:37:23] <@^StreamElements> Get your limited Froot Plushie, body pillow, mug, hat, shirts and more here https://apricot.vshojo.com/
[2022-12-15 23:37:27] <%$SamGoldman> apriLUL
[2022-12-15 23:37:31] <@%ElementCo_27> pillow
[2022-12-15 23:37:34] <%KevinTheDude_> froot
[2022-12-15 23:37:35] <@%ElementCo_27> body pillow
[2022-12-15 23:37:35] <@^StreamElements> Get your limited Froot Plushie, body pillow, mug, hat, shirts and more here https://apricot.vshojo.com/
[2022-12-15 23:37:42] <%KevinTheDude_> Hmm
[2022-12-15 23:37:48] <@%ElementCo_27> thats pretty nifty
[2022-12-15 23:37:51] <%KevinTheDude_> @streamelements catPunchU
[2022-12-15 23:38:08] <%$SamGoldman> actual GIGAFROOT move
[2022-12-15 23:38:23] <%Ahroyale> hat
[2022-12-15 23:38:23] <@^StreamElements> Get your limited Froot Plushie, body pillow, mug, hat, shirts and more here https://apricot.vshojo.com/
[2022-12-15 23:38:33] <%Ahroyale> apriHic
[2022-12-15 23:39:05] <%KevinTheDude_> limited
[2022-12-15 23:39:14] <%KevinTheDude_> apriDadMug
[2022-12-15 23:39:17] <%KevinTheDude_> NOPERS
[2022-12-15 23:40:03] <%$SamGoldman> the plushie is super cute!
[2022-12-15 23:40:03] <@^StreamElements> Get your limited Froot Plushie, body pillow, mug, hat, shirts and more here https://apricot.vshojo.com/
[2022-12-15 23:40:13] <%$SamGoldman> I cant wait for mine to arrive! CEASE
[2022-12-15 23:40:18] <%$SamGoldman> heCrazy
[2022-12-15 23:43:34] [Notification] stanch76 gifted a Tier 1 sub to azzzv! They have given 2 Gift Subs in the channel!
[2022-12-15 23:43:53] <stanch76> FROOG
[2022-12-15 23:47:29] <%$SamGoldman> lesgo
[2022-12-15 23:47:42] <%$SamGoldman> holy gifter GIGACHAD
[2022-12-15 23:49:15] <%speedking1994> Hmm plushie
[2022-12-15 23:49:15] <@^StreamElements> Get your limited Froot Plushie, body pillow, mug, hat, shirts and more here https://apricot.vshojo.com/
[2022-12-15 23:49:18] <%speedking1994> OMEGADANCEBUTFAST
[2022-12-15 23:49:45] <%$SamGoldman> it just works Shruge
[2022-12-15 23:55:48] <%KevinTheDude_> mug
[2022-12-15 23:55:48] <@^StreamElements> Get your limited Froot Plushie, body pillow, mug, hat, shirts and more here https://apricot.vshojo.com/
[2022-12-15 23:57:54] <%KevinTheDude_> keychain
[2022-12-15 23:57:55] <@^StreamElements> Get your limited Froot Plushie, body pillow, mug, hat, shirts and more here https://apricot.vshojo.com/
[2022-12-15 23:57:59] <%KevinTheDude_> WICKED
