# Log started: 2022-12-30 00:10:42 +0100
[2022-12-30 00:10:42] <%XQzYou> nyannWiggle
[2022-12-30 00:47:38] [Notification] NaumTD subscribed at Tier 1. They've subscribed for 30 months! [Chatitha]
[2022-12-30 00:48:08] <%speedking1994> nyannHype
[2022-12-30 01:39:02] [Notification] veciouswolf subscribed with Prime.
[2022-12-30 01:39:03] <@^Moobot> Thanks for subbing, veciouswolf! <3 <3 <3
[2022-12-30 02:02:28] [Notification] biobug2099 subscribed with Prime.
[2022-12-30 02:02:28] <@^Moobot> Thank you for subbing, biobug2099! <3
[2022-12-30 03:28:56] [Notification] namesare_tough subscribed with Prime.
[2022-12-30 03:28:56] <@^Moobot> Thank you for subbing, namesare_tough! <3
[2022-12-30 04:01:18] [Notification] The_1Muffin subscribed with Prime. They've subscribed for 18 months!
[2022-12-30 04:04:22] [Points] alienzenten redeemed Discord passsss (1 000) [alienzen]
[2022-12-30 04:04:53] [Points] alienzenten redeemed Discord passsss (1 000) [alienzen]
[2022-12-30 08:06:13] BAN: QuiGannJa
[2022-12-30 09:30:00] <%XQzYou> nyannComfy
[2022-12-30 12:48:13] <%Dusk_N13> nyannWiggle
[2022-12-30 12:57:43] [Points] freastylar redeemed Discord passsss (1 000) [freastylar#5298]
[2022-12-30 15:26:17] <%speedking1994> nyannWiggle
[2022-12-30 18:35:47] [Notification] iStoic subscribed at Tier 1.
[2022-12-30 18:35:47] <@^Moobot> Thank you for subbing, iStoic! <3
[2022-12-30 18:43:34] <%Extrahu3> nyannWiggle
[2022-12-30 18:56:49] <damiani21> muniSip
[2022-12-30 20:47:23] [Notification] Rajesch subscribed with Prime.
[2022-12-30 20:47:23] <@^Moobot> Thank you for subbing, Rajesch! <3
[2022-12-30 20:47:40] <BigGeordieUK> annytfPrime
[2022-12-30 20:58:16] <%XQzYou> nyannWiggle
[2022-12-30 22:22:23] <%+HanniLAN> nyannWiggle
[2022-12-30 22:22:43] <%speedking1994> nyannWiggle
[2022-12-30 23:15:40] <STONED_KlRBY> nyannStare
[2022-12-30 23:18:37] <%Extrahu3> nyannStare nyannYou nyannMilk
[2022-12-30 23:37:33] <%aluminummuffin> nyannWiggle nyannWiggle nyannWiggle nyannWiggle
[2022-12-30 23:44:50] <wall_plant> nyannCatte
[2022-12-30 23:49:31] <%NoSaveData> nyannWiggle nyannWiggle nyannWiggle
