# Log started: 2022-12-11 02:39:05 +0100
[2022-12-11 02:39:05] <%bdiMATTIES> b
[2022-12-11 03:08:18] <!%4tw0ne> c
[2022-12-11 03:56:36] <%bdiMATTIES> d
[2022-12-11 04:24:31] <%$Ispewonu> @Nightbot great work! this is awesome!
[2022-12-11 04:25:05] <%$Ispewonu> @4tw0ne Huge Grats on this work!
[2022-12-11 04:25:24] <%$Ispewonu> !vod-directory
[2022-12-11 04:25:24] <@%^Nightbot> Ispewonu, If there's something you want to watch from Big Dumb Builds Season 3, (Full VoDs, Totems, Advancements etc), Visit the updated VOD directory made by 4tw0ne || https://bit.ly/3Luo3TB
[2022-12-11 04:29:31] <!%4tw0ne> peepoClap
[2022-12-11 07:57:39] <%Snopro> !discord
[2022-12-11 07:57:39] <@%^Nightbot> Join the Official Bamily discord here https://discord.gg/348ksFxf3P
[2022-12-11 10:23:32] <+NorthCandle> !commands
[2022-12-11 10:26:31] <+NorthCandle> !death1
[2022-12-11 10:26:31] <@%^Nightbot> World#1 Death : https://youtu.be/GkUlakN8eN0
[2022-12-11 10:26:35] <+NorthCandle> !death
[2022-12-11 10:27:10] <+NorthCandle> !death2
[2022-12-11 10:27:10] <@%^Nightbot> World#2 Death : https://youtu.be/nL5fs8DVX74
[2022-12-11 13:32:28] <%Lady_Hinata_U> bamHello HeyGuys good morning
[2022-12-11 13:57:15] <%$Ispewonu> firstt
[2022-12-11 14:00:34] <%Lady_Hinata_U> nope
[2022-12-11 14:51:31] <+elPork> yo
[2022-12-11 15:00:31] <%Lady_Hinata_U> HeyGuys
[2022-12-11 15:04:45] <%$Ispewonu> bamHeart bamHeart bamHeart bamHeart bamHeart bamHeart bamHeart bamHeart
[2022-12-11 15:10:03] <%$OmIAm> daveguyMLADY
[2022-12-11 15:13:30] <!%4tw0ne> vargFrenwave bamHug bamHearts
[2022-12-11 15:17:29] <+killercartman> modCheck Bams modCheck Bams
[2022-12-11 15:19:58] <!%4tw0ne> Vod-directory now has all farms/Projects caught up as well! vargVibe CrabPls
[2022-12-11 15:20:02] <%JGoodmen> bamHello bamHyd bamHearts
[2022-12-11 15:23:12] <Stegmurmulis> MLADY
[2022-12-11 15:28:24] <@%CedKilleur> MLADY cedGasm
[2022-12-11 15:29:42] <%$JSmitty1900> bamBanana
[2022-12-11 15:29:47] <%TheTrustin> bamBanana
[2022-12-11 15:29:51] <%$Bilxx1> Mornin Bamily
[2022-12-11 15:29:53] <%HammyInTheWall> bamBanana
[2022-12-11 15:29:55] <!%4tw0ne> peepoClap bamBanana
[2022-12-11 15:29:56] <%Sir_Pubulous> bamHH bamHH bamHH bamHH bamHH bamHH bamHH bamHello
[2022-12-11 15:30:00] <%Aussie_Melly> bamHearts bamHello bamHello bamHello bamHearts
[2022-12-11 15:30:15] <%bananasEveryday> bamBanana
[2022-12-11 15:30:15] <the1reader> hi king
[2022-12-11 15:30:15] <%JGoodmen> bamBanana
[2022-12-11 15:30:22] <%AnabolicFrolic88> bamHearts bamHearts bamHearts bamHearts bamHearts bamHearts bamHearts bamHello Haha2020
[2022-12-11 15:30:34] <%$Goode_Cheeseburgers> 8rh
[2022-12-11 15:30:36] <litzfire_> bamHypers
[2022-12-11 15:30:38] <%+GeorgieDoDa> Leggo!
[2022-12-11 15:30:42] <fabbi42> catJAM
[2022-12-11 15:30:45] <%$Goode_Cheeseburgers> 8th
[2022-12-11 15:30:49] <%+yelxo> Mownin bamily
[2022-12-11 15:30:53] <%SquattingDolphin> bamBang bamBang bamBang bamBang bamBang
[2022-12-11 15:30:53] <%+busterhwk> bamWiggle bamWiggle bamWiggle bamWiggle
[2022-12-11 15:30:54] <%+LocalFBI_Agent> bamHH bamHH bamHH bamHH
[2022-12-11 15:30:58] <%OragamiSwamy> /wave
[2022-12-11 15:31:01] <%SquattingDolphin> bamWiggle bamWiggle bamWiggle
[2022-12-11 15:31:02] <Avoidsya> hi spartiniVibing
[2022-12-11 15:31:02] <%$Goode_Cheeseburgers> bamBang bamBang bamBang bamBang bamBang
[2022-12-11 15:31:03] <%$edosilthehunter> PepegaShake  PepegaShake  bamGiggle  bamGiggle  PepegaShake  PepegaShake  bamGiggle  bamGiggle  PepegaShake  PepegaShake
[2022-12-11 15:31:04] <%AnabolicFrolic88> 1/8th
[2022-12-11 15:31:05] <%SquattingDolphin> bamHello bamHello bamHello
[2022-12-11 15:31:06] <%$Goode_Cheeseburgers> cakez7Rub cakez7Rub cakez7Rub cakez7Rub cakez7Rub
[2022-12-11 15:31:10] <%+busterhwk> gradRave gradRave gradRave gradRave
[2022-12-11 15:31:10] [Announcement] <Nightbot> New Fire YouTube Video 7 Days A Week! Weekly World Update Every Monday! Go hit that subscribe button : http://youtube.com/@JBams
[2022-12-11 15:31:17] <%$thumper1110> Gm bamHH bamHearts bamHH bamHearts bamHH bamHearts bamHH bamHearts bamHH bamHearts bamHH bamHearts bamHH bamHearts bamHH bamHearts bamHH
[2022-12-11 15:31:27] <muixua> hello everybody <3 <3 <3
[2022-12-11 15:31:27] <%this_is_clem_fandango_> bamHello bamHello bamHello
[2022-12-11 15:31:39] <%$edosilthehunter> bamHello bamHello bamHearts bamHearts bamHello bamHello bamHello bamHearts bamHearts bamHello bamHello
[2022-12-11 15:31:41] <tmheals> !today
[2022-12-11 15:31:42] <@%^Nightbot> We finished the Hungry Hungry Hippos build above the new mega storage room that will auto-sort a 1000+ different blocks  bamHH   While it continues to sort every item Jon has saved, he is covering the area with a kids play mat to match the theme in this area.  bamYes
[2022-12-11 15:31:43] <%$Goode_Cheeseburgers> alinityMacarena alinityShy alinityMacarena alinityShy alinityMacarena alinityMacarena alinityShy alinityMacarena alinityShy alinityMacarena alinityShy alinityMacarena alinityMacarena alinityShy
[2022-12-11 15:31:43] <%SquattingDolphin> bam0 bam0 bam0
[2022-12-11 15:32:01] <%SquattingDolphin> bamHearts bamHearts bamHearts
[2022-12-11 15:32:16] <%famous_jitt27> bam1 bam2 bam3
[2022-12-11 15:32:33] <%+busterhwk> bam1 bamOmega bam3
[2022-12-11 15:32:33] <%famous_jitt27> bamHH bamHH bamHH bamHH bamHH
[2022-12-11 15:32:40] <%$Goode_Cheeseburgers> valeriaBAT valeriaWTF2 novani4Booty bamBam
[2022-12-11 15:32:42] <%Th3_only_Blubbu> bamHello bamHello bamHello bamHello bamHello
[2022-12-11 15:32:44] <%$edosilthehunter> forsenPls  forsenPls  forsenPls  PETTHECED  PETTHECED  PETTHECED
[2022-12-11 15:32:49] <%+busterhwk> bamBang bamBang bamBang bamBang bamBang
[2022-12-11 15:33:01] <%$Goode_Cheeseburgers> I'm high asf chat... can you tell
[2022-12-11 15:33:02] <%+busterhwk> bamHello bamHello bamHello
[2022-12-11 15:33:27] <%famous_jitt27> Yeah sir
[2022-12-11 15:33:28] <!%+Aenashi> Morning bamily
[2022-12-11 15:33:31] <%+busterhwk> alienPls
[2022-12-11 15:33:32] <%$Goode_Cheeseburgers> bamBang bamBang bamBang bamBang bamBang
[2022-12-11 15:33:33] <%$edosilthehunter> its 830 in the morning Goode! jeepers man LUL
[2022-12-11 15:33:35] <%$Goode_Cheeseburgers> 72
[2022-12-11 15:33:38] <%$dentydenterson> @goode_cheeseburgers everybody knows..
[2022-12-11 15:33:38] <%CBRRider1> 72
[2022-12-11 15:33:41] <%+busterhwk> alienPls alienPls alienPls
[2022-12-11 15:33:59] <%$edosilthehunter> 72!
[2022-12-11 15:34:01] <%JGoodmen> alienPls OH alienPls OH alienPls OH alienPls OH alienPls OH alienPls OH alienPls OH alienPls OH alienPls OH alienPls OH alienPls OH alienPls OH alienPls OH alienPls OH alienPls OH alienPls OH alienPls OH alienPls OH alienPls OH alienPls OH
[2022-12-11 15:34:02] <%+busterhwk> alienPls OH alienPls OH alienPls OH alienPls OH alienPls OH alienPls OH alienPls OH alienPls OH alienPls OH alienPls OH alienPls OH alienPls OH alienPls OH
[2022-12-11 15:34:05] <%$Goode_Cheeseburgers> get lose chat
[2022-12-11 15:34:07] <%JGoodmen> alienPls OH alienPls OH alienPls OH alienPls OH alienPls OH alienPls OH alienPls OH alienPls OH alienPls OH alienPls OH alienPls OH alienPls OH alienPls OH alienPls OH alienPls OH alienPls OH alienPls OH alienPls OH alienPls OH alienPls OH 󠀀
[2022-12-11 15:34:10] <%+busterhwk> alienPls OH alienPls OH alienPls OH alienPls OH alienPls OH alienPls OH alienPls OH alienPls OH alienPls OH alienPls OH alienPls OH alienPls OH alienPls OH alienPls OH alienPls OH alienPls OH alienPls OH alienPls OH alienPls OH alienPls OH alienPls OH alienPls OH alienPls OH alienPls OH alienPls OH alienPls OH
[2022-12-11 15:34:10] <%$Goode_Cheeseburgers> loose
[2022-12-11 15:34:13] <%bananasEveryday> bamBang bamBang bamBang
[2022-12-11 15:34:15] <%TasjaG> alienPls OH alienPls OH alienPls OH alienPls OH alienPls OH alienPls OH alienPls OH alienPls OH alienPls OH alienPls OH alienPls OH alienPls OH alienPls OH alienPls OH alienPls OH alienPls OH alienPls OH alienPls OH alienPls OH alienPls OH
[2022-12-11 15:34:15] <%JGoodmen> alienPls OH alienPls OH alienPls OH alienPls OH alienPls OH alienPls OH alienPls OH alienPls OH alienPls OH alienPls OH alienPls OH alienPls OH alienPls OH alienPls OH alienPls OH alienPls OH alienPls OH alienPls OH alienPls OH alienPls OH
[2022-12-11 15:34:19] <!%Kaladas_> LETS GOOOOO CHAT!
[2022-12-11 15:34:19] <%bananasEveryday> oh
[2022-12-11 15:34:25] <%$Goode_Cheeseburgers> bamBang bamBang bamBang bamBang
[2022-12-11 15:34:25] <%TasjaG> bamHH bamHH bamHH
[2022-12-11 15:34:26] <%+busterhwk> bamWiggle bamWiggle bamWiggle bamWiggle
[2022-12-11 15:34:29] <%Th3_only_Blubbu> bamBang bamBang bamBang bamBang bamBang
[2022-12-11 15:34:29] <!%Kaladas_> alienPls OH alienPls OH alienPls OH alienPls OH alienPls OH alienPls OH alienPls OH alienPls OH alienPls OH alienPls OH alienPls OH alienPls OH alienPls OH alienPls OH alienPls OH alienPls OH alienPls OH alienPls OH alienPls OH alienPls OH
[2022-12-11 15:34:33] <%$Goode_Cheeseburgers> lego
[2022-12-11 15:34:35] <%bananasEveryday> alienPls OH alienPls OH alienPls OH alienPls OH alienPls OH alienPls OH alienPls OH alienPls OH alienPls OH alienPls OH alienPls OH alienPls OH alienPls OH alienPls OH alienPls OH alienPls OH alienPls OH alienPls OH alienPls OH alienPls OH
[2022-12-11 15:34:37] <%+kr00lik> bamHH bamHH bamHH bamHH
[2022-12-11 15:34:37] <!%Kaladas_> Happy Sunday!
[2022-12-11 15:34:41] <!%Kaladas_> alienPls OH alienPls OH alienPls OH alienPls OH alienPls OH alienPls OH alienPls OH alienPls OH alienPls OH alienPls OH alienPls OH alienPls OH alienPls OH alienPls OH alienPls OH alienPls OH alienPls OH alienPls OH alienPls OH alienPls OH
[2022-12-11 15:34:42] <%$edosilthehunter> bamBang bamBang bamWiggle bamWiggle bamBang bamBang bamWiggle bamOmega
[2022-12-11 15:34:45] <%+busterhwk> alienPls
[2022-12-11 15:34:50] <%+busterhwk> alienPls OH alienPls OH alienPls OH alienPls OH alienPls OH alienPls OH alienPls OH alienPls OH alienPls OH alienPls OH alienPls OH alienPls OH alienPls OH alienPls OH alienPls OH alienPls OH alienPls OH alienPls OH alienPls OH alienPls OH alienPls OH alienPls OH alienPls OH alienPls OH alienPls OH alienPls OH
[2022-12-11 15:34:52] <%JGoodmen> bamBang OH bamBang OH bamBang OH bamBang OH bamBang OH bamBang OH bamBang OH bamBang OH bamBang OH bamBang OH bamBang OH bamBang OH bamBang OH bamBang OH bamBang OH bamBang OH
[2022-12-11 15:34:54] <!%Kaladas_> alienPls OH alienPls OH alienPls OH alienPls OH alienPls OH alienPls OH alienPls OH alienPls OH alienPls OH alienPls OH alienPls OH alienPls OH alienPls OH alienPls OH alienPls OH alienPls OH alienPls OH alienPls OH alienPls OH alienPls OH
[2022-12-11 15:34:58] <%TasjaG> alienPls OH alienPls OH alienPls OH alienPls OH alienPls OH alienPls OH alienPls OH alienPls OH alienPls OH alienPls OH alienPls OH alienPls OH alienPls OH alienPls OH alienPls OH alienPls OH alienPls OH alienPls OH alienPls OH alienPls OH
[2022-12-11 15:34:59] <%$Goode_Cheeseburgers> nerrrrds
[2022-12-11 15:35:00] <%+busterhwk> bamBang bamBang bamBang bamBang bamBang
[2022-12-11 15:35:04] <%+busterhwk> alienPls OH alienPls OH alienPls OH alienPls OH alienPls OH alienPls OH alienPls OH alienPls OH alienPls OH alienPls OH alienPls OH alienPls OH alienPls OH
[2022-12-11 15:35:12] <%$Goode_Cheeseburgers> was that a skin flute
[2022-12-11 15:35:13] <!%Kaladas_> alienPls OH alienPls OH alienPls OH alienPls OH alienPls OH alienPls OH alienPls OH alienPls OH alienPls OH alienPls OH alienPls OH alienPls OH alienPls OH alienPls OH alienPls OH alienPls OH alienPls OH alienPls OH alienPls OH alienPls OH
[2022-12-11 15:35:14] <SaltyGoldfish01> alienPls alienPls alienPls alienPls alienPls alienPls alienPls alienPls
[2022-12-11 15:35:18] <!%Kaladas_> LETS GOOOO CHAT
[2022-12-11 15:35:30] <%TasjaG> bamHello bamHeart
[2022-12-11 15:35:30] <%$Goode_Cheeseburgers> bamAYAYA bamAYAYA bamAYAYA bamAYAYA bamAYAYA bamAYAYA
[2022-12-11 15:35:30] <%CBRRider1> last
[2022-12-11 15:35:34] <%Be_Afraid_326> bamHi bamHi bamHi bamHeart chelid1Wave chelid1Heart2 chelid1Heart2 chelid1Heart2
[2022-12-11 15:35:34] <!%Kaladas_> bamHearts Jon bamHearts
[2022-12-11 15:35:34] <%$edosilthehunter> TSTSTSTSSTSTTS
[2022-12-11 15:35:38] <muixua> <3 <3
[2022-12-11 15:35:38] <%+busterhwk> bamHello
[2022-12-11 15:35:41] <%triton_fps> hi
[2022-12-11 15:35:44] <%Denbrew> GOOD MORNING BAMS
[2022-12-11 15:35:47] [Notification] qf_psycho subscribed with Prime. They've subscribed for 22 months! [22 months with daddyyyyyyyy keep up the good work! lllllllllllllllllllllllllllllllllllllllllllllllllllllllllllllllllllllllllllllllllllllllllrrrrrrrrrrrrrrrrrrrrrrrrrrrrrrrrrrrrrrrrrrrrrrrrrrrrrrrrrrrrrrrrrrrrrrrrrrrrrrrrrrrrrrrrrrrrrrrrrreeeeeeeeeeeeeeeeeeeeeeeeeeeeeeeeeeeeeeeeeeeeeeeeeeeeeeeeeeeeeeeeeeeeeeeeeeeeeeeeeeeeeeeeeeeeeeeeeeeeeeeeeeeeeeeeeeeeeeeeeeeeeeeeeeeeeeeeeeeeeeeeeeeeeeeee]
[2022-12-11 15:35:47] <@%$bartmantv> Welcome back to the bamily qf_psycho subscribed for twenty two months :o bamHype bamHeart bamHappy PrimeYouDontSay
[2022-12-11 15:35:51] <atscovillle> catJAMJAM popCat catJAMJAM popCat catJAMJAM popCat catJAMJAM popCat catJAMJAM popCat catJAMJAM popCat catJAMJAM popCat catJAMJAM popCat catJAMJAM popCat catJAMJAM popCat catJAMJAM popCat catJAMJAM popCat
[2022-12-11 15:35:53] <SaltyGoldfish01> good morning boss <3
[2022-12-11 15:35:53] <%+LocalFBI_Agent> bamHello bamHello bamHello bamHello
[2022-12-11 15:35:55] <@%MrSelenix> bamHeart bamHeart bamHype bamHappy bamHeart bamHeart
[2022-12-11 15:35:59] <@%CedKilleur> Sunday??? bamS
[2022-12-11 15:36:00] <%$Goode_Cheeseburgers> bamHello morning dick face bamHearts
[2022-12-11 15:36:04] <%TasjaG> gooooood morning Bams and chat bamHug
[2022-12-11 15:36:05] <%Denbrew> 854
[2022-12-11 15:36:06] <%$qf_psycho> SCAMMMMMEDDDDDDDDDD
[2022-12-11 15:36:08] <@%CedKilleur> 800 and fuck bamThink
[2022-12-11 15:36:08] <%+busterhwk> but what happened yesterday?
[2022-12-11 15:36:08] <%+ms_crafty_> morning bams and bamily
[2022-12-11 15:36:14] <%triton_fps> wow
[2022-12-11 15:36:15] <!%Kaladas_> @tasjag bamHello
[2022-12-11 15:36:18] <%$edosilthehunter> got rekt nerd
[2022-12-11 15:36:25] <%$edosilthehunter> Im new to it
[2022-12-11 15:36:26] <%Moldy_Cheese> 800 and fuck comes after 800 and shit
[2022-12-11 15:36:29] <%Be_Afraid_326> bamHi bamHi bamHi bamHeart chelid1Wave chelid1Heart2 chelid1Heart2 chelid1Heart2 @Kaladas_ @Goode_Cheeseburgers @Denbrew @LocalFBI_Agent @CedKilleur @TasjaG
[2022-12-11 15:36:29] <%+ms_crafty_> hello Meatball
[2022-12-11 15:36:34] <%Mach424> OMEGALUL
[2022-12-11 15:36:35] <%+LocalFBI_Agent> KEKW
[2022-12-11 15:36:40] <%+LocalFBI_Agent> @Be_Afraid_326 bamHello
[2022-12-11 15:36:44] <%Mach424> Clap
[2022-12-11 15:36:44] <%orangecreamsicle3> monkaS
[2022-12-11 15:36:46] <%+busterhwk> PETTHECED PETTHECED PETTHECED
[2022-12-11 15:36:46] <%$OmIAm> Hahahahaha PETTHECED
[2022-12-11 15:36:47] <%+busterhwk> PETTHECED PETTHECED
[2022-12-11 15:36:48] <%Mach424> PETTHECED
[2022-12-11 15:36:48] <%Moldy_Cheese> PETTHEGODDAMNCEDCHAT
[2022-12-11 15:36:49] <%+busterhwk> PETTHECED
[2022-12-11 15:36:50] <@%CedKilleur> Be_Afraid_326 bamHello
[2022-12-11 15:36:50] <%$Goode_Cheeseburgers> @be_afraid_326 bamHearts HeyGuys bamHello bamHello
[2022-12-11 15:36:50] <%TasjaG> PETTHECED bamHeart
[2022-12-11 15:36:51] <%orangecreamsicle3> KEKW
[2022-12-11 15:36:54] <%Be_Afraid_326> bamHi bamHi @Mach424 @OmIAm
[2022-12-11 15:36:55] <%+LocalFBI_Agent> PETTHECED
[2022-12-11 15:36:56] <%orangecreamsicle3> PETTHECED
[2022-12-11 15:36:57] <%$Goode_Cheeseburgers> PETTHECED
[2022-12-11 15:37:00] <%TasjaG> PETTHECED PETTHECED PETTHECED
[2022-12-11 15:37:02] <%Mach424> !doge
[2022-12-11 15:37:02] <@%^Nightbot> The black one is Roi, the white one is Chewy: http://i.imgur.com/tr8VSxX.png
[2022-12-11 15:37:08] <%Mach424> RIP Roi bamHearts
[2022-12-11 15:37:09] <kindleboy18> PETTHEGODDAMNCED
[2022-12-11 15:37:09] <%$OmIAm> Be_Afraid_326: bamHello
[2022-12-11 15:37:12] <%$Goode_Cheeseburgers> bamBang bamA
[2022-12-11 15:37:12] <%Denbrew> thanks amanda
[2022-12-11 15:37:15] <SaltyGoldfish01> Errrmaaandaaa <<3
[2022-12-11 15:37:15] <%+busterhwk> bamA
[2022-12-11 15:37:17] <!%4tw0ne> PetTheAmanda
[2022-12-11 15:37:46] <atscovillle> PETTHECED PETTHECED PETTHECED PETTHECED
[2022-12-11 15:37:46] <%$Goode_Cheeseburgers> bamA bamBang
[2022-12-11 15:37:46] <%Mach424> listened to the end of the stream yesterday rest easy Roi
[2022-12-11 15:37:48] <@%CedKilleur> KEKW true
[2022-12-11 15:37:49] <%+busterhwk> bamHearts bamHearts bamHearts bamHearts bamHearts
[2022-12-11 15:37:49] <%Hambbage> G'monin' Bams and Bamily!
[2022-12-11 15:37:57] <%arkwelm> tarded?
[2022-12-11 15:37:58] <%$Goode_Cheeseburgers> reeeeeeeing
[2022-12-11 15:37:59] <%+yelxo> How’d the kiddos take the news?
[2022-12-11 15:38:00] <%Mach424> bamHearts
[2022-12-11 15:38:04] <%Be_Afraid_326> chelid1Wave chelid1Heart3 chelid1Heart3 chelid1Heart3 chelid1Heart2 chelid1Heart2 chelid1Heart2 chelid1Heart chelid1Heart chelid1Heart chelid1HEEart bamHello bamHeart @4tw0ne
[2022-12-11 15:38:04] <%$qf_psycho> bams scammedddddd
[2022-12-11 15:38:05] <%Denbrew> holy bams you look so much better than you did in that short!!!
[2022-12-11 15:38:12] <@%CedKilleur> I hope they're chillin together
[2022-12-11 15:38:13] <%$paige_elouise2> hey nerds
[2022-12-11 15:38:19] <$rackyjacks> Howsy
[2022-12-11 15:38:25] <%$OmIAm> CedKilleur / JonBams - the shorts recently have been great.
[2022-12-11 15:38:29] <!%4tw0ne> @Be_Afraid_326 vargFrenwave bamHug bamHearts bamHearts bamHearts bamHearts bamHearts bamHearts bamHearts bamPog2
[2022-12-11 15:38:40] <%Be_Afraid_326> chelid1Wave chelid1Heart3 chelid1Heart3 bamHello bamHeart @paige_elouise2
[2022-12-11 15:38:41] <%Hambbage> bamHearts bamHearts bamHearts Roi bamHearts bamHearts bamHearts
[2022-12-11 15:38:43] <@%CedKilleur> @OmIAm the views on the shorts are crazy too
[2022-12-11 15:38:45] <%$Goode_Cheeseburgers> bro this build is done. move onto the lighthouse Kappa
[2022-12-11 15:38:45] <%$paige_elouise2> happy first day of the week
[2022-12-11 15:38:45] <%TasjaG> Just wztched the short: what a difference
[2022-12-11 15:38:56] <%bananasEveryday> lookin good!
[2022-12-11 15:38:58] <%$paige_elouise2> @be_afraid_326 bamHello bamOK bamHello bamOK bamHello bamOK bamHello
[2022-12-11 15:39:02] <%Denbrew> did you strech your cam back then
[2022-12-11 15:39:05] <%$OmIAm> CedKilleur: I hadn't looked.  I've been interacting with them though.
[2022-12-11 15:39:13] <fabbi42> whos that meatball?
[2022-12-11 15:39:13] <%$the_shambone> pic with no shirt or it didnt happen
[2022-12-11 15:39:15] <!%4tw0ne> I really dont know why you hated it so much
[2022-12-11 15:39:16] <TMMOOF> Wow bro!! Congrats!!!
[2022-12-11 15:39:18] <%bananasEveryday> you can hear a difference in your voice
[2022-12-11 15:39:18] <%Mach424> KEKW
[2022-12-11 15:39:19] <%this_is_clem_fandango_> damn dood, you look amazingly good!
[2022-12-11 15:39:20] <%$paige_elouise2> !today
[2022-12-11 15:39:20] <@%^Nightbot> We finished the Hungry Hungry Hippos build above the new mega storage room that will auto-sort a 1000+ different blocks  bamHH   While it continues to sort every item Jon has saved, he is covering the area with a kids play mat to match the theme in this area.  bamYes
[2022-12-11 15:39:22] <@%CedKilleur> @JonBams THIS WAS EXACTLY A YEAR AGO
[2022-12-11 15:39:28] <%$OmIAm> Jonbams: Congrats.  Seriously.
[2022-12-11 15:39:28] <%$RedDawn449> Jon you've inspired me lately... I went and bought a guitar yesterday to learn
[2022-12-11 15:39:30] <%$Goode_Cheeseburgers> like your face
[2022-12-11 15:39:32] <%Hambbage> You look great, but let's admit that clock was damn sexy!
[2022-12-11 15:39:32] <%+yelxo> It’s nuts how much weight you have lost buddy
[2022-12-11 15:39:40] <%$doodlebop16> that's impressive
[2022-12-11 15:39:42] <%Denbrew> Clap it up for bams
[2022-12-11 15:39:44] <@%CedKilleur> 981st intro today BTW bois, so close to 1000 cedGasm
[2022-12-11 15:39:48] <%$Mackapoot> I missed it :(
[2022-12-11 15:39:52] <LuffiiPuffii> @JonBams Dont want to bother u, but is there a point in time u will start a new map exept from dying in this one ?
[2022-12-11 15:39:56] BITS: TasjaG (200)
[2022-12-11 15:39:56] <%TasjaG> bamCheer100 bamCheer100 congrats!
[2022-12-11 15:40:04] <%CBRRider1> see what good comes from a mayo slap @jonbams  lets gooooo
[2022-12-11 15:40:04] <%+ms_crafty_> we have another intro
[2022-12-11 15:40:09] <%$edosilthehunter> go to 1001
[2022-12-11 15:40:11] <!%Chelidda> You're a rockstar, Jon :) I love seeing old clips, it's inspiring to see the difference!
[2022-12-11 15:40:13] <%$Goode_Cheeseburgers> horrific, and terror
[2022-12-11 15:40:13] [Announcement] <Nightbot> New Fire YouTube Video 7 Days A Week! Weekly World Update Every Monday! Go hit that subscribe button : http://youtube.com/@JBams
[2022-12-11 15:40:15] <@%CedKilleur> exactly ms_crafty_
[2022-12-11 15:40:20] <%Denbrew> unscamm the sub from earlier bams
[2022-12-11 15:40:24] <%Lady_Hinata_U> HYPERCLAP HYPERCLAP
[2022-12-11 15:40:30] <%Denbrew> also tts is paused
[2022-12-11 15:40:30] <@%CedKilleur> bamScam UNSCAM SUB
[2022-12-11 15:40:48] [Notification] Dave282life subscribed at Tier 1. They've subscribed for 70 months! [70 filthy phucking months! When he sits on the jar and it breaks he pulls glass shards out of his arse and i came everywhere ¡¡¡¡¡¡¡¡¡¡¡¡¡¡¡¡¡¡¡¡¡¡¡¡¡¡¡¡¡¡¡¡¡¡¡¡¡¡¡¡¡¡¡¡¡¡¡¡¡¡¡¡¡¡¡¡¡¡¡¡¡¡¡¡¡¡¡¡¡¡¡¡¡¡¡¡¡¡¡¡¡¡¡¡¡¡¡¡¡¡¡¡]
[2022-12-11 15:40:48] <@%$bartmantv> bamHype bamHeart Dave282life has returned! Seventy months! bamHeart bamHappy bamHeart bamHype bamSellout
[2022-12-11 15:40:49] <%$edosilthehunter> Im here cause I dont like what you do LUL
[2022-12-11 15:40:50] <%Be_Afraid_326> chelid1Wave chelid1Heart3 chelid1Heart3 chelid1Heart3 chelid1Heart2 chelid1Heart2 chelid1Heart2 chelid1Heart chelid1Heart chelid1Heart chelid1HEEart bamHello bamHeart @Chelidda @Lady_Hinata_U
[2022-12-11 15:40:52] <%$Goode_Cheeseburgers> @chelidda sup nerd bamHearts cakez7D
[2022-12-11 15:40:55] <!%Chelidda> bamHeart bamHeart bamHeart bamHeart bamHeart bamHeart bamHeart bamHeart bamHeart bamHug bamHeart bamHug bamHeart bamHeart bamHeart bamHeart bamHeart bamHug bamHug bamHug bamHug bamHug bamHeart bamHeart bamHeart bamHeart bamHug bamHug bamHug bamHug bamHug bamHeart bamHeart bamHeart bamHeart bamHeart bamHug bamHug bamHug bamHeart bamHeart bamHeart bamHeart bamHeart bamHeart bamHeart bamHug bamHeart bamHeart bamHeart bamHeart
[2022-12-11 15:40:56] <@%MrSelenix> bamHeart bamHeart bamHype bamHappy bamHeart bamHeart
[2022-12-11 15:41:14] <!%Chelidda> Be_Afraid_326 , Goode_Cheeseburgers bamHug chelid1H3 bamHug chelid1H3 bamHug chelid1H3 bamHug bamHype bamHype bamHype
[2022-12-11 15:41:18] <%$Goode_Cheeseburgers> unhinged
[2022-12-11 15:41:19] <%$qf_psycho> Finally bams lol
[2022-12-11 15:41:21] <%Denbrew> Hows POE bams?
[2022-12-11 15:41:30] <@%CedKilleur> sometimes it just fall on your feet
[2022-12-11 15:41:40] <@%CedKilleur> peepoLeave
[2022-12-11 15:41:55] <xSYKx> just joined. what happenin
[2022-12-11 15:41:56] [Notification] Klorkin9 subscribed with Prime. They've subscribed for 17 months! [17 months? that's almost a full year]
[2022-12-11 15:41:56] <@%$bartmantv> Welcome back to the bamily Klorkin9 subscribed for seventeen months :o bamHype bamHeart bamHappy PrimeRlyTho
[2022-12-11 15:41:57] <%$edosilthehunter> Them glass shards get you every time
[2022-12-11 15:42:08] <!%Chelidda> bamHeart bamHeart bamHeart bamHeart bamHeart bamHeart bamHeart bamHeart bamHeart bamHug bamHeart bamHug bamHeart bamHeart bamHeart bamHeart bamHeart bamHug bamHug bamHug bamHug bamHug bamHeart bamHeart bamHeart bamHeart bamHug bamHug bamHug bamHug bamHug bamHeart bamHeart bamHeart bamHeart bamHeart bamHug bamHug bamHug bamHeart bamHeart bamHeart bamHeart bamHeart bamHeart bamHeart bamHug bamHeart bamHeart bamHeart bamHeart
[2022-12-11 15:42:08] <@%MrSelenix> bamHeart bamHeart bamHype bamHappy bamHeart bamHeart
[2022-12-11 15:42:12] <%Denbrew> any totems today??
[2022-12-11 15:42:15] [Notification] jeffgaming069 subscribed at Tier 1. They've subscribed for 24 months, currently on a 4 month streak! [ayeee got that diamond badge alienPls]
[2022-12-11 15:42:15] <@%$bartmantv> jeffgaming069 has been supporting the stream for twenty four months give them some love! bamHeart bamHeart bamHappy bamHeart bamHeart bamSellout
[2022-12-11 15:42:17] <!%Chelidda> bamHeart bamHeart bamHeart bamHeart bamHeart bamHeart bamHeart bamHeart bamHeart bamHug bamHeart bamHug bamHeart bamHeart bamHeart bamHeart bamHeart bamHug bamHug bamHug bamHug bamHug bamHeart bamHeart bamHeart bamHeart bamHug bamHug bamHug bamHug bamHug bamHeart bamHeart bamHeart bamHeart bamHeart bamHug bamHug bamHug bamHeart bamHeart bamHeart bamHeart bamHeart bamHeart bamHeart bamHug bamHeart bamHeart bamHeart bamHeart
[2022-12-11 15:42:17] <@%MrSelenix> bamHeart bamHeart bamHype bamHappy bamHeart bamHeart
[2022-12-11 15:42:17] <%infxmhc2> gooooooooooooood morning bamily bamHello
[2022-12-11 15:42:18] <%$qf_psycho> What Are you working on
[2022-12-11 15:42:23] <%$paige_elouise2> !today
[2022-12-11 15:42:23] <@%^Nightbot> We finished the Hungry Hungry Hippos build above the new mega storage room that will auto-sort a 1000+ different blocks  bamHH   While it continues to sort every item Jon has saved, he is covering the area with a kids play mat to match the theme in this area.  bamYes
[2022-12-11 15:42:26] <$rackyjacks> Kanye has entered the chat
[2022-12-11 15:42:31] <%Be_Afraid_326> bamHi bamHearts bamHearts bamHearts @infxmhc2
[2022-12-11 15:42:37] <cozyjozie69> oooookkkaaaaayyy duuuuuuuuuude
[2022-12-11 15:42:41] <MarsterB> Jon won’t it be more time efficient if you place torches at the bottom of this mountain you digging and then you only have to mine the sandstone?
[2022-12-11 15:42:46] <%infxmhc2> @be_afraid_326 bamHello bamHearts bamHearts bamHearts bamHearts bamHearts
[2022-12-11 15:42:46] <%Denbrew> how long until someone complains about bams not having a becon
[2022-12-11 15:42:54] <%$Goode_Cheeseburgers> aliens can put a satellite up my ass
[2022-12-11 15:43:02] <@%CedKilleur> Yup, I saw it
[2022-12-11 15:43:07] <%$Goode_Cheeseburgers> alienPls
[2022-12-11 15:43:14] <%$OmIAm> I still can't figure out if it's seeking attention or actual insanity.
[2022-12-11 15:43:30] [Notification] ZeroMostel subscribed at Tier 1. They've subscribed for 34 months, currently on a 34 month streak!
[2022-12-11 15:43:30] <@%$bartmantv> bamHype bamHeart ZeroMostel has returned! Thirty four months! bamHeart bamHappy bamHeart bamHype bamSellout
[2022-12-11 15:43:31] <%TasjaG> keep the sand?
[2022-12-11 15:43:31] <cozyjozie69> Ooooooooooooof
[2022-12-11 15:43:40] <!%Chelidda> bamHeart bamHeart bamHeart bamHeart bamHeart bamHeart bamHeart bamHeart bamHeart bamHug bamHeart bamHug bamHeart bamHeart bamHeart bamHeart bamHeart bamHug bamHug bamHug bamHug bamHug bamHeart bamHeart bamHeart bamHeart bamHug bamHug bamHug bamHug bamHug bamHeart bamHeart bamHeart bamHeart bamHeart bamHug bamHug bamHug bamHeart bamHeart bamHeart bamHeart bamHeart bamHeart bamHeart bamHug bamHeart bamHeart bamHeart bamHeart
[2022-12-11 15:43:40] <@%MrSelenix> bamHeart bamHeart bamHype bamHappy bamHeart bamHeart
[2022-12-11 15:43:40] <%TasjaG> bamHeart bamHeart bamHeart
[2022-12-11 15:43:44] <%bananasEveryday> too much fame
[2022-12-11 15:43:49] <cozyjozie69> He's off the meds
[2022-12-11 15:44:12] <cozyjozie69> divorce
[2022-12-11 15:44:15] <%$Goode_Cheeseburgers> there is nothing wrong with walking the edge of insanity. you just gotta know how to walk the edge of a glass
[2022-12-11 15:44:19] <%$OmIAm> Well, he's *DEFINITELY* getting the attention, if that's what he's seeking.
[2022-12-11 15:44:30] <@%CedKilleur> I'd blow up the house
[2022-12-11 15:44:31] <%Denbrew> i appologize early for the smackdown the eagles lay on kritter today
[2022-12-11 15:44:32] <!%+Aenashi> It doesn’t have to be meds or fame. People can just be crazy
[2022-12-11 15:44:32] <%+yelxo> His mom’s death. Paid for the surgery and she died on the table
[2022-12-11 15:44:38] <%kylexy3> LUL
[2022-12-11 15:44:45] <cozyjozie69> His fault for marrying a Kardashian
[2022-12-11 15:44:46] <%$Goode_Cheeseburgers> bro I'd fuck her mom
[2022-12-11 15:44:56] <%$Goode_Cheeseburgers> been there done it
[2022-12-11 15:45:09] <!%+Aenashi> He has always been crazy. Remember the line “George w bush hates white people” at a charity event?  Dude is just not all there
[2022-12-11 15:45:09] <%+anonymouskoalas> Did you catch the Army Navy game?
[2022-12-11 15:45:15] <%TasjaG> @jonbams Movie review time? I saw you watched one on letterboxd yesterday
[2022-12-11 15:45:36] <%TasjaG> bamHH
[2022-12-11 15:46:15] <%$Goode_Cheeseburgers> I got cheated on once so I fucked her best friend and her mom noooo Kappa
[2022-12-11 15:46:34] <sammers428> bamHH
[2022-12-11 15:46:40] <%Denbrew> how many stars
[2022-12-11 15:46:47] <+BrutusHammerfist> what rating did you give it?
[2022-12-11 15:47:00] <%Denbrew> i watched home alone last night
[2022-12-11 15:47:16] [Notification] prostetnicv subscribed with Prime. They've subscribed for 11 months!
[2022-12-11 15:47:16] <@%$bartmantv> Welcome back to the bamily prostetnicv subscribed for eleven months :o bamHype bamHeart bamHappy PrimeRlyTho
[2022-12-11 15:47:19] <%$Goode_Cheeseburgers> my plan took like 5 months too conceive tho Kreygasm
[2022-12-11 15:47:19] <%TasjaG> bamHeart bamHeart bamHeart
[2022-12-11 15:47:19] <@%CedKilleur> Why? Denbrew
[2022-12-11 15:47:23] <@%MrSelenix> bamHeart bamHeart bamHype bamHappy bamHeart bamHeart
[2022-12-11 15:47:24] <!%Chelidda> bamHeart bamHeart bamHeart bamHeart bamHeart bamHeart bamHeart bamHeart bamHeart bamHug bamHeart bamHug bamHeart bamHeart bamHeart bamHeart bamHeart bamHug bamHug bamHug bamHug bamHug bamHeart bamHeart bamHeart bamHeart bamHug bamHug bamHug bamHug bamHug bamHeart bamHeart bamHeart bamHeart bamHeart bamHug bamHug bamHug bamHeart bamHeart bamHeart bamHeart bamHeart bamHeart bamHeart bamHug bamHeart bamHeart bamHeart bamHeart
[2022-12-11 15:47:35] <+WunUP> Stars are not created equal in @JonBams world
[2022-12-11 15:47:36] <%Denbrew> CedKilleur wifes pick
[2022-12-11 15:47:42] <%$Goode_Cheeseburgers> Christmas movies NOPE
[2022-12-11 15:47:49] <%TasjaG> I finally watched Barbarian last night bamHH
[2022-12-11 15:48:00] <@%CedKilleur> Makes sense
[2022-12-11 15:48:11] <%+bubblesgut> wild shit
[2022-12-11 15:48:19] <%$Goode_Cheeseburgers> maybe home alone at the most
[2022-12-11 15:48:20] <%Klorkin9> There was a lot of horror this year
[2022-12-11 15:48:31] <%EmNHenDad> Morning Bamily!
[2022-12-11 15:48:40] <%EmNHenDad> bamHeart bamHeart bamHeart bamHello bamHello bamHello
[2022-12-11 15:48:41] <%$the_shambone> highly reccomend theanimated movie 'klaus'
