# Log started: 2022-12-14 00:00:10 +0100
[2022-12-14 00:00:10] VIEWERS: 132
[2022-12-14 00:00:14] <@%^Nightbot>* If you want stream updates, or you just want someone to talk to, join my Discord community here: https://discord.gg/d7d59VnNS7 ᕙ(^▿^-ᕙ)
[2022-12-14 00:01:21] <rodrigo19silva> clean vault
[2022-12-14 00:01:46] <Hunor_exe> Can we even be on the same session if I'm in europe?
[2022-12-14 00:02:10] VIEWERS: 141
[2022-12-14 00:02:55] <%GarmrUSAF> if you had to choose one , spats or skirts?
[2022-12-14 00:03:05] <@%Gibster99> Probably consensually
[2022-12-14 00:03:18] <@%Gibster99> It's got pvp
[2022-12-14 00:03:18] <%panignis> europeans experts on stealing gold
[2022-12-14 00:03:24] <@%Gibster99> Why would latency not matter.
[2022-12-14 00:04:10] VIEWERS: 141
[2022-12-14 00:04:13] <@%Gibster99> Yea but you're shooting cannonballs
[2022-12-14 00:04:15] <@%Gibster99> And fighting people
[2022-12-14 00:04:40] <racoon99> It's probably because the time to kill is quite long and ships are big targets for cannons, but missing your pistol shots would be annoying
[2022-12-14 00:05:02] <@%Gibster99> There's like 0 chance they're matching you with people in EU unless it's matching cross regions in a party
[2022-12-14 00:05:41] <VWWWWWWWWWWWWWWWWWWWWV> proced1Hello proced1Hello
[2022-12-14 00:05:54] <@%Gibster99> I wanna ban your for your username
[2022-12-14 00:05:57] <@%Gibster99> LOL
[2022-12-14 00:06:00] <VWWWWWWWWWWWWWWWWWWWWV> LUL
[2022-12-14 00:06:12] VIEWERS: 141
[2022-12-14 00:06:12] <VWWWWWWWWWWWWWWWWWWWWV> ahoy!
[2022-12-14 00:06:14] <VWWWWWWWWWWWWWWWWWWWWV> A: yes
[2022-12-14 00:07:09] <%$british_nep> holy heck that username hurt my eyes when i saw it musicmommyOMEGALUL
[2022-12-14 00:07:25] <@%Gibster99> It still hurts mine
[2022-12-14 00:07:29] <VWWWWWWWWWWWWWWWWWWWWV> crewmates also somewhat new to the game, i gather?
[2022-12-14 00:07:52] <%$british_nep> @Gibster99 same xD
[2022-12-14 00:08:12] VIEWERS: 141
[2022-12-14 00:08:24] <VWWWWWWWWWWWWWWWWWWWWV> enjoyable to watch for the SoT veterans all the same. reminds us of our roots SeemsGood
[2022-12-14 00:08:50] <rodrigo19silva> watch the birds
[2022-12-14 00:09:06] <VWWWWWWWWWWWWWWWWWWWWV> thats any game though
[2022-12-14 00:09:14] <rodrigo19silva> the loot might be in a birds
[2022-12-14 00:09:27] <Buyout91> what's a "backseater" on a ship?
[2022-12-14 00:09:43] <Buyout91> a crow-nester?
[2022-12-14 00:09:47] <VWWWWWWWWWWWWWWWWWWWWV> yep. what's different about this one is that 'discovery' is a big part of enjoyment
[2022-12-14 00:10:07] <rodrigo19silva> water
[2022-12-14 00:10:15] VIEWERS: 134
[2022-12-14 00:10:18] <@%Wloos> part of the beauty of SoT is figuring out mechanics as a group.
[2022-12-14 00:10:28] <rodrigo19silva> the ship
[2022-12-14 00:10:33] <rodrigo19silva> @AriannaFoxton
[2022-12-14 00:10:42] <VWWWWWWWWWWWWWWWWWWWWV> OMG NEVER LOWER THE ANCHOR Kappa
[2022-12-14 00:11:39] <terra_live5> brb
[2022-12-14 00:12:05] <Hunor_exe> am i tripping or u guys are sinking
[2022-12-14 00:12:14] <rodrigo19silva> what the ship
[2022-12-14 00:12:15] Viewerstats (23:44-00:12): avg:140 min:132 max:155 [15/140+0+0+10+0+5−23+0+0+9+0+0+0−7+0]
[2022-12-14 00:12:15] VIEWERS: 134
[2022-12-14 00:12:36] <@%Wloos> LEAKERS
[2022-12-14 00:12:40] <Hunor_exe> Your welcome!:DD
[2022-12-14 00:12:56] <%GarmrUSAF> nice save Hunor
[2022-12-14 00:13:02] <Hunor_exe> Ty:D
[2022-12-14 00:13:05] <@%Wloos> 🙋‍♂️
[2022-12-14 00:13:08] <@%Wloos> right here
[2022-12-14 00:13:10] <%panignis> amongus
[2022-12-14 00:13:10] <@%Wloos> present
[2022-12-14 00:13:28] <Hunor_exe> Have you guys done a fortress before?
[2022-12-14 00:13:45] <@%Wloos> the gamer drip if sweater and joggers
[2022-12-14 00:14:02] <Hunor_exe> See? when u sell u couldnve sank
[2022-12-14 00:14:09] <VWWWWWWWWWWWWWWWWWWWWV> one more scallion away from sinking
[2022-12-14 00:14:20] VIEWERS: 154
[2022-12-14 00:14:22] <@%Wloos> 🤝 musicmommyWicked Dandy
[2022-12-14 00:14:24] <%GarmrUSAF> NOT AGAIN!!!
[2022-12-14 00:14:40] <@%Wloos> comfy gang
[2022-12-14 00:15:07] <@%^Nightbot>* If you want stream updates, or you just want someone to talk to, join my Discord community here: https://discord.gg/d7d59VnNS7 ᕙ(^▿^-ᕙ)
[2022-12-14 00:16:20] VIEWERS: 154
[2022-12-14 00:16:31] <%panignis> wwww
[2022-12-14 00:16:39] <Hunor_exe> :3
[2022-12-14 00:16:39] <%GarmrUSAF> wwww
[2022-12-14 00:16:50] <%+Kinetik42> and now I'm getting flashbacks to FFXI
[2022-12-14 00:16:57] <@%Wloos> did no one hear that?
[2022-12-14 00:16:59] <VWWWWWWWWWWWWWWWWWWWWV> nope, W is the widest character so alas it was little more than a troll SeemsGood
[2022-12-14 00:17:00] <@%Wloos> LMAO
[2022-12-14 00:17:41] <%panignis> LUL
[2022-12-14 00:17:54] <!%$Internet_Fail> widepeepoHappy
[2022-12-14 00:18:20] VIEWERS: 150
[2022-12-14 00:18:20] <@%Gibster99> F
[2022-12-14 00:18:47] <@%Wloos> that's so sad
[2022-12-14 00:18:47] <Hunor_exe> fishing is so boring but that title that gives u is the rarest in the game im pretty sure
[2022-12-14 00:18:51] <@%Wloos> it doesn't
[2022-12-14 00:18:53] <@%Wloos> yea
[2022-12-14 00:18:55] <@%Gibster99> Maybe you get level 2
[2022-12-14 00:18:59] <@%Gibster99> You won't get max
[2022-12-14 00:19:07] <@%Wloos> you have to find stuff (actions)
[2022-12-14 00:19:26] <@%Wloos> you actually only get emissary value
[2022-12-14 00:19:26] <@%Gibster99> Selling increases too I'm pretty sure
[2022-12-14 00:19:28] <@%Gibster99> Just not a lot
[2022-12-14 00:19:30] <@%Wloos> no rang up
[2022-12-14 00:19:35] <KishiAlpha> F
[2022-12-14 00:19:39] <@%Wloos> the rank up is different
[2022-12-14 00:20:15] <Hunor_exe> im level 70 in gold hoarders i think
[2022-12-14 00:20:20] VIEWERS: 150
[2022-12-14 00:20:32] <@%Wloos> you get the emissary weekly ladder points
[2022-12-14 00:20:54] <@%Gibster99> bro I don't even know what tf that is LOL
[2022-12-14 00:21:23] <rodrigo19silva> you need 50 on 3 of them to get pirate legend
[2022-12-14 00:21:30] <Hunor_exe> yes yes
[2022-12-14 00:21:37] <@%Wloos> I saw it on the video and bro had 3 million
[2022-12-14 00:21:43] <@%Wloos> it's so ridiculous
[2022-12-14 00:22:20] VIEWERS: 145
[2022-12-14 00:22:45] <%panignis> sus
[2022-12-14 00:23:06] <Hunor_exe> true
[2022-12-14 00:23:11] <Hunor_exe> its true
[2022-12-14 00:23:15] <rustedbartender> it true
[2022-12-14 00:23:28] <@%Wloos> oh I don't think anyone would actually think that when seeing it nowadays no?
[2022-12-14 00:23:30] <%+Celebrant23> thats the most gamer thing ive heard today
[2022-12-14 00:23:36] <rustedbartender> and never trust a wight flag\
[2022-12-14 00:23:52] <Hunor_exe> @Wloos I think that XD
[2022-12-14 00:23:58] <@%Wloos> wow
[2022-12-14 00:24:02] <rustedbartender> @Wloos nowadays no nut in the past
[2022-12-14 00:24:06] <The_Witchmaker> gotta call the bout wild subs Kappa
[2022-12-14 00:24:21] VIEWERS: 147
[2022-12-14 00:24:29] <Hunor_exe> Also the white flag is either a friendly or a kill everyone flag too
[2022-12-14 00:24:41] <@%Wloos> oh my god
[2022-12-14 00:24:47] [Points] GarmrUSAF redeemed Bring The Cat Back (700)
[2022-12-14 00:24:51] <@%Wloos> why is the SoT community so extreme
[2022-12-14 00:25:02] <@%Wloos> either the kindest or the most unhinged pvp
[2022-12-14 00:25:26] <%GarmrUSAF> i feel like flags are not actually meaning anything
[2022-12-14 00:25:47] <@%Gibster99> God
[2022-12-14 00:25:50] <Captain_Charlie_Foxtrot> i cant tell if the SoT or Vtuber twitter community is more unhinged
[2022-12-14 00:25:51] <@%Gibster99> Imagine custom flags
[2022-12-14 00:25:51] <VWWWWWWWWWWWWWWWWWWWWV> kids and no lifers equip rainbow for humor/irony that obviously misses the mark with sane humans in 2022 but it's not widely recognized as you describe
[2022-12-14 00:26:04] <@%Wloos> I would LOVE custom flags
[2022-12-14 00:26:17] <Hunor_exe> Quick fact: the sloops is the fastest headwind with the sails turned ahead of the wind
[2022-12-14 00:26:20] <@%Wloos> a lotta people are still pretty young too
[2022-12-14 00:26:25] VIEWERS: 147
[2022-12-14 00:27:12] <Captain_Charlie_Foxtrot> old pirates rise up
[2022-12-14 00:27:46] <!%NiteAssassin_> musicmommyLurk
[2022-12-14 00:28:25] VIEWERS: 164
[2022-12-14 00:28:26] <!%$Internet_Fail> musicmommyLickR
[2022-12-14 00:28:52] <Hunor_exe> its like Kill everyone or friendly: rainbow flag, white, repaper, athena flag. Everything else: u just started playing XD
[2022-12-14 00:29:07] <%Burnty__> Ari saviseLove2 morning, am up from bedge musicmommySleep
[2022-12-14 00:29:40] <%+MaplePrism_> It's Killjoy & Raze, Riot's been building up their relationship in lore for like 2 years so the kiss was a huge deal
[2022-12-14 00:30:07] <@%Wloos> People don't understand themselves
[2022-12-14 00:30:09] <@%^Nightbot>* If you want stream updates, or you just want someone to talk to, join my Discord community here: https://discord.gg/d7d59VnNS7 ᕙ(^▿^-ᕙ)
[2022-12-14 00:30:17] <@%Wloos> A lot of posturing
[2022-12-14 00:30:25] VIEWERS: 164
[2022-12-14 00:30:40] <Hunor_exe> im avoiding twitter at all cost
[2022-12-14 00:30:50] <@%Wloos> I'm still kind of in an irl bubble
[2022-12-14 00:31:01] <%panignis> walit, people use twitter for something else besides watching nsfw artists?
[2022-12-14 00:31:03] <@%Wloos> People in real life are so chill and work with each other
[2022-12-14 00:31:49] <@%Wloos> but I guess people don't really truly talk openly about stuff irl
[2022-12-14 00:32:25] VIEWERS: 164
[2022-12-14 00:32:26] <Hunor_exe> Are you guys planning leaving?
[2022-12-14 00:32:31] <@%Gibster99> Cybersecurity twitter is huge
[2022-12-14 00:32:33] <@%Wloos> Same on polisci and compspci bros
[2022-12-14 00:32:42] <%GarmrUSAF> do you remember?
[2022-12-14 00:32:55] <@%Wloos> Do y'all share news with each other?
[2022-12-14 00:32:57] <@%Wloos> Okay not true
[2022-12-14 00:33:01] <@%Wloos> Photography twitter is tiny
[2022-12-14 00:33:24] <%Burnty__> I'll miss you saviseCri
[2022-12-14 00:33:27] <@%Wloos> musicmommyWave
[2022-12-14 00:33:28] <~%AriannaFoxton> !discord
[2022-12-14 00:33:28] <@%^Nightbot>* https://discord.gg/d7d59VnNS7
[2022-12-14 00:33:30] <@%Wloos> !collab
[2022-12-14 00:33:30] <@%^Nightbot> Today we're playing with: Dandy www.twitch.tv/Dandyfloss Swat www.twitch.tv/TheSwatKnight Be sure to check them out!!! musicmommyHyperNod
[2022-12-14 00:33:33] <%Dandyfloss> what a bunch of nerds
[2022-12-14 00:33:36] [Points] Internet_Fail redeemed Headpat (700)
[2022-12-14 00:33:41] <@%Wloos> 🤓 thanks
[2022-12-14 00:33:42] <Hunor_exe> !discord
[2022-12-14 00:33:42] <@%^Nightbot>* https://discord.gg/d7d59VnNS7
[2022-12-14 00:33:52] <%panignis> musicmommyWicked
[2022-12-14 00:33:53] <@%Wloos> Get food and gn yall
[2022-12-14 00:34:00] <%panignis> yes i'm special
[2022-12-14 00:34:01] <Hunor_exe> I'm interested in joining
[2022-12-14 00:34:03] <%panignis> musicmommyWicked
[2022-12-14 00:34:14] <Spazards> THey're bombing the gay boat
[2022-12-14 00:34:25] VIEWERS: 161
[2022-12-14 00:34:26] <@%Wloos> It's tradition to bomb ur boat
[2022-12-14 00:34:44] <@%Wloos> 🤷
[2022-12-14 00:34:46] <grampvevo> arson
[2022-12-14 00:34:48] <Hunor_exe> Ah nevermind I thought we can join to play with you
[2022-12-14 00:34:57] <+vivorr> ceremor?
[2022-12-14 00:34:59] <%panignis> LUL
[2022-12-14 00:35:07] <grampvevo> raid jo mama
[2022-12-14 00:35:08] <~%AriannaFoxton> !discord
[2022-12-14 00:35:08] <@%^Nightbot>* https://discord.gg/d7d59VnNS7
[2022-12-14 00:35:24] <@%Wloos> We chill a lot around there
[2022-12-14 00:35:30] <@%Wloos> tho I've kinda become a meme and art share bot
[2022-12-14 00:35:40] <@%Wloos> musicmommyVibe
[2022-12-14 00:35:52] <+vivorr> didnt cermor raid u onnce before?
[2022-12-14 00:36:05] <!%$Internet_Fail> musicmommyVibe musicmommyVibe musicmommyVibe
[2022-12-14 00:36:08] <@%Wloos> Sorry
[2022-12-14 00:36:12] <@%Wloos> that's me shidding
[2022-12-14 00:36:16] <jeyLark> Just how hungry are you?
[2022-12-14 00:36:21] <Buyout91> the rumbling monkaS
[2022-12-14 00:36:25] VIEWERS: 161
[2022-12-14 00:36:40] <%panignis> oh oh the neighbor doing things  musicmommyZoom
[2022-12-14 00:36:53] <@%Wloos> Devour it
[2022-12-14 00:37:00] <@%Wloos> U 2 chat
[2022-12-14 00:37:09] <%+svensonidis> take care y'all
[2022-12-14 00:37:09] <@%Wloos> stretch, walk, and eat it up
[2022-12-14 00:37:10] <jeyLark> Nvm, I was trying to make a joke referring to the rumbling.
[2022-12-14 00:37:36] <@%Wloos> OH
[2022-12-14 00:37:38] <jeyLark> Well at least you don't have to explain your jokes
[2022-12-14 00:37:45] <@%Wloos> That went over my head
[2022-12-14 00:37:45] <%unidentified_greenninja> bye bye ari musicmommyWave have a great rest of the day musicmommyHeadpat hope it is possible to join some day musicmommyWicked
[2022-12-14 00:37:46] <@%Wloos> giga rumbling belly
[2022-12-14 00:37:48] <@%Wloos> !raid2
[2022-12-14 00:37:48] <@%^Nightbot> musicmommyDance ARIANNA RAID musicmommyCheer ARIANNA RAID musicmommyDance ARIANNA RAID musicmommyCheer ARIANNA RAID musicmommyDance ARIANNA RAID musicmommyCheer ARIANNA RAID musicmommyDance ARIANNA RAID musicmommyCheer ARIANNA RAID musicmommyDance
[2022-12-14 00:37:52] <%GuidedWharf772> musicmommyWave musicmommyWave musicmommyWave
[2022-12-14 00:37:53] <@%Wloos> !rave
[2022-12-14 00:37:53] <@%^Nightbot> musicmommyDance ARIANNA RAVE musicmommyDance ARIANNA RAVE musicmommyDance ARIANNA RAVE musicmommyDance ARIANNA RAVE   musicmommyDance ARIANNA RAVE musicmommyDance ARIANNA RAVE musicmommyDance
[2022-12-14 00:38:00] <!%NiteAssassin_> @Wloos IO lol
[2022-12-14 00:38:13] [Points] unidentified_greenninja redeemed Headpat (700)
[2022-12-14 00:38:13] <!%$Internet_Fail> @Wloos musicmommyOMEGALUL
[2022-12-14 00:38:16] <@%Wloos> NO
[2022-12-14 00:38:18] <@%Wloos> NOT OHIO
[2022-12-14 00:38:18] <%unidentified_greenninja> musicmommyWave
[2022-12-14 00:38:25] VIEWERS: 141
[2022-12-14 00:38:29] <Hunor_exe> Byee
[2022-12-14 00:38:31] <+Espoon99> byebye
[2022-12-14 00:38:33] <@%Wloos> Take care everyone
[2022-12-14 00:38:35] <+ScionStoneley> Cya folks
[2022-12-14 00:40:25] VIEWERS: 141
[2022-12-14 00:41:05] ~Stream offline~
[2022-12-14 00:42:25] Viewerstats (00:14-00:38): avg:154 min:141 max:164 [13/154+0−4+0−5+2+0+17+0+0−3+0−20_]
[2022-12-14 00:43:16] [Info] This room is now in emote-only mode.
[2022-12-14 00:43:16] [Info] This room is now in subscribers-only mode.
[2022-12-14 00:57:11] [Points] Harmacist_Gaming redeemed Headpat (700)
[2022-12-14 18:57:06] [Info] This room is no longer in emote-only mode.
[2022-12-14 18:57:07] [Info] This room is no longer in subscribers-only mode.
[2022-12-14 19:01:38] <@%mercykyun> musicmommyCheer musicmommyCheer musicmommyCheer
[2022-12-14 19:01:41] [Points] vecto_ redeemed first (69)
[2022-12-14 19:01:44] <%Fluffy_Dragon_> musicmommyCheer musicmommyCheer musicmommyCheer
[2022-12-14 19:01:53] <%Eaaxon> heyooo musicmommyCheer musicmommyCheer musicmommyCheer
[2022-12-14 19:02:03] <%LossyInput> musicmommyJam
[2022-12-14 19:02:12] <%LossyInput> musicmommyHyperNod musicmommyHyperNod musicmommyHyperNod
[2022-12-14 19:02:24] <~%AriannaFoxton> musicmommyCheer musicmommyHyperNod musicmommyCheer musicmommyHyperNod musicmommyCheer
[2022-12-14 19:02:45] <+AKAJWalker> hinagaTwerkamongus hinagaTwerkamongus hinagaTwerkamongus hinagaTwerkamongus hinagaTwerkamongus hinagaTwerkamongus
[2022-12-14 19:02:55] BITS: AKAJWalker (69)
[2022-12-14 19:02:55] <+AKAJWalker> cheer69 don die
[2022-12-14 19:03:09] VIEWERS: 16
[2022-12-14 19:03:09] ~CAPTAIN, ITS WEDNESDAY | !discord !spotify !supps (Music)~
[2022-12-14 19:03:33] <%Ilies45> hello Miss Ari!
[2022-12-14 19:03:42] <$AKAJWalker> ironro3JAM ironro3JAM ironro3JAM ironro3JAM ironro3JAM
[2022-12-14 19:03:48] <!%NiteAssassin_> musicmommyCheer musicmommyCheer musicmommyCheer
[2022-12-14 19:03:48] <$AKAJWalker> preepyWiggle preepyWiggle preepyWiggle preepyWiggle
[2022-12-14 19:03:58] <%+S_Green_> musicmommyJam musicmommyJam musicmommyJam musicmommyJam
[2022-12-14 19:04:04] <$AKAJWalker> hinagaTwerkamongus hinagaTwerkamongus hinagaTwerkamongus hinagaTwerkamongus
[2022-12-14 19:04:29] <Kamikaze17> !boner
[2022-12-14 19:04:29] <@%^Nightbot> bonePls ratJAM bonePls ratJAM bonePls ratJAM bonePls ratJAM bonePls ratJAM bonePls ratJAM bonePls ratJAM bonePls ratJAM bonePls ratJAM
[2022-12-14 19:04:34] <%LossyInput> musicmommyVibe
[2022-12-14 19:04:55] <%panignis> musicmommyHyperNod musicmommyHyperNod musicmommyHyperNod musicmommyHyperNod
[2022-12-14 19:05:10] VIEWERS: 19
[2022-12-14 19:05:16] <%LossyInput> musicmommyDance musicmommyDance musicmommyDance
[2022-12-14 19:05:30] <%LossyInput> track name?
[2022-12-14 19:05:45] <~%AriannaFoxton> Clarx - Voodoo People
[2022-12-14 19:06:18] <%LossyInput> tyty
[2022-12-14 19:07:14] VIEWERS: 19
[2022-12-14 19:07:23] <Kamikaze17> WOH!
[2022-12-14 19:07:29] <%LossyInput> musicmommyWave
[2022-12-14 19:07:37] <Kamikaze17> is that THE Arianna Foxton!?
[2022-12-14 19:07:39] <@%mercykyun> WOH!!!
[2022-12-14 19:07:54] <~%AriannaFoxton> loud outside so i stay muted a little longer
[2022-12-14 19:07:55] <%Ilies45> beans
[2022-12-14 19:08:33] <@%mercykyun> musicmommyNom musicmommyNom musicmommyNom
[2022-12-14 19:08:43] <@%Aamanes> WOH
[2022-12-14 19:09:00] <@%mercykyun> Hey Aamanes
[2022-12-14 19:09:14] VIEWERS: 34
[2022-12-14 19:09:20] <%Ilies45> geting ready emotionally for work
[2022-12-14 19:09:32] <%Ilies45> feelin' the vibes
[2022-12-14 19:09:55] <@%mercykyun> Happy humpday Ari
[2022-12-14 19:10:07] <felt_if> Yoo I love this song, heck yeah
[2022-12-14 19:10:10] [Notification] PROJECTFAP subscribed at Tier 1. They've subscribed for 10 months! [Yo]
[2022-12-14 19:10:45] <%PROJECTFAP> Anything interesting ?
[2022-12-14 19:11:02] <%PROJECTFAP> K
[2022-12-14 19:11:08] <%Ilies45> bing chilling
[2022-12-14 19:11:14] VIEWERS: 34
[2022-12-14 19:11:54] <!%$Internet_Fail> musicmommyDance
[2022-12-14 19:12:20] <@%Aamanes> @mercykyun Hey Mercy <3
[2022-12-14 19:12:23] <%Glaceonsamus> hello everyone. musicmommyVibe musicmommyVibe
[2022-12-14 19:13:14] VIEWERS: 42
[2022-12-14 19:13:19] <%Ilies45> yo yo
[2022-12-14 19:13:37] <!%NiteAssassin_> @internet_fail musicmommyLickL musicmommyLickL musicmommyLickL
[2022-12-14 19:13:48] <!%$Internet_Fail> @NiteAssassin_ musicmommyLickR musicmommyLickR musicmommyLickR
[2022-12-14 19:14:27] <%Ilies45> feeling better
[2022-12-14 19:14:46] <%Ilies45> did you slept enough my dood
[2022-12-14 19:14:48] <@%Aamanes> musicmommyHeadpat
[2022-12-14 19:15:05] <%Ilies45> oof
[2022-12-14 19:15:07] <@%^Nightbot>* If you want stream updates, or you just want someone to talk to, join my Discord community here: https://discord.gg/d7d59VnNS7 ᕙ(^▿^-ᕙ)
[2022-12-14 19:15:14] VIEWERS: 42
[2022-12-14 19:15:27] <%EcXscariot> ey yooo ariiii
[2022-12-14 19:15:41] <%Ilies45> yeah, the sensation of feeling fresh after a 10 min nap compared to the sensation of feeling like a corpse after a 3 hour nap
[2022-12-14 19:16:03] <%EcXscariot> oh no
[2022-12-14 19:16:08] <%Ilies45> hardbass
[2022-12-14 19:16:12] <%EcXscariot> the music dealer running out of tracks
[2022-12-14 19:16:16] <%+svensonidis> the voodoo people mix earlier was cool
[2022-12-14 19:16:36] <%EcXscariot> nvm we still have supply. keep the demand coming
[2022-12-14 19:16:48] <%LossyInput> @Ilies45 musicmommyHyperNod opa opa pidaras
[2022-12-14 19:17:06] <%dermitplan> hoi
[2022-12-14 19:17:14] Viewerstats (19:03-19:17): avg:31 min:16 max:47 [8/_16+3+0+15+0+8+0+5]
[2022-12-14 19:17:14] VIEWERS: 47
[2022-12-14 19:17:28] [Points] KaiLyle redeemed Hydrate! (400)
[2022-12-14 19:17:50] <%dermitplan> good over all, thanks. And u guys?
[2022-12-14 19:17:51] <%Ilies45> @LossyInput tripalosky
[2022-12-14 19:18:18] <%Ilies45> what music genre is this?
[2022-12-14 19:18:18] <%Fluffy_Dragon_> musicmommyVibe
[2022-12-14 19:18:30] <%Ilies45> kinda reminds me of dubstep
[2022-12-14 19:18:36] <%Ilies45> kinda
[2022-12-14 19:18:58] <%dermitplan> Ok, i will join u all
[2022-12-14 19:19:11] <!%TheSwatKnight> musicmommyJam
[2022-12-14 19:19:19] VIEWERS: 50
[2022-12-14 19:19:35] <%RistinRitarit> whiskeyWiggle whiskeyWiggle whiskeyWiggle whiskeyWiggle whiskeyWiggle
[2022-12-14 19:19:38] <%Ilies45> you haven't streamed war thunder in some time
[2022-12-14 19:19:45] <thatone_quietguy> hi
[2022-12-14 19:19:54] [Points] the_kage__ redeemed Bring The Cat Back (700)
[2022-12-14 19:19:59] <!%TheSwatKnight> annihilating a burger right now
[2022-12-14 19:20:05] <%+svensonidis> @TheSwatKnight ostrichHi
[2022-12-14 19:20:15] <!%$Internet_Fail> musicmommyNom
[2022-12-14 19:20:17] <!%harunadess> musicmommyNom
[2022-12-14 19:20:21] <%Ilies45> @TheSwatKnight envy
[2022-12-14 19:20:31] <%+Studibrudis> musicmommyDance musicmommyDance
[2022-12-14 19:20:33] <!%TheSwatKnight> swatBlank
[2022-12-14 19:20:34] <!%$Internet_Fail> Haruna musicmommyHeadpat musicmommyHeadpat musicmommyHeadpat
[2022-12-14 19:20:47] <!%NiteAssassin_> @harunadess musicmommyHeadpat musicmommyHeadpat musicmommyHeadpat musicmommyHeadpat
[2022-12-14 19:21:18] <%Ilies45> the only thing I'm annihilating is my sanity
[2022-12-14 19:21:19] VIEWERS: 50
[2022-12-14 19:21:25] <!%harunadess> @Internet_Fail musicmommyShy
[2022-12-14 19:21:29] <%dermitplan> I had knuckle from the pig today
[2022-12-14 19:21:30] <!%harunadess> @NiteAssassin_ musicmommyShy
[2022-12-14 19:21:38] <@%Aamanes> @TheSwatKnight Guten Abend
[2022-12-14 19:21:38] <%Ilies45> war thunder be like
[2022-12-14 19:21:55] <@%Aamanes> @harunadess haruna29Heart
[2022-12-14 19:22:08] <!%NiteAssassin_> haruna29Hypers haruna29Hypers haruna29Hypers
[2022-12-14 19:22:17] <@%Aamanes> !so @TheSwatKnight
[2022-12-14 19:22:17] [Announcement] <Nightbot> Huge thanks to TheSwatKnight they were playing: Sea of Thieves, go check them out here: twitch.tv/TheSwatKnight
[2022-12-14 19:22:38] <@%Aamanes> Alright, probably gonna be lurking for a while
[2022-12-14 19:22:46] <hermitclad> was good?
[2022-12-14 19:22:47] <@%Aamanes> gonna watch the match at a colleague's place
[2022-12-14 19:22:58] <@%Aamanes> Ya
[2022-12-14 19:23:17] <!%harunadess> @harunadess d4rkevLove
[2022-12-14 19:23:17] <%dermitplan> U got udon noodles with wat in it?
[2022-12-14 19:23:19] VIEWERS: 68
[2022-12-14 19:23:44] <@%Aamanes> I mean in terms of weird parts, i like beef tongue
[2022-12-14 19:23:53] <@%mercykyun> musicmommyDance musicmommyDance musicmommyDance
[2022-12-14 19:24:03] <@%Aamanes> Depends which part of the tongue you get
[2022-12-14 19:24:11] <@%Aamanes> tip isn't that chewy
[2022-12-14 19:24:18] <!%TheSwatKnight> goose liver swatGasm
[2022-12-14 19:24:29] <@%Aamanes> @TheSwatKnight Pork Liver too
[2022-12-14 19:24:45] <%Ilies45> we make soup using cow stomach
[2022-12-14 19:25:00] <%Ilies45> a lot of people don't like the texture more than the taste
[2022-12-14 19:25:05] <%Ilies45> I don't mind either
[2022-12-14 19:25:13] <%LossyInput> musicmommyVibe
[2022-12-14 19:25:15] <%Xan09> musicmommyJam musicmommyJam musicmommyJam
[2022-12-14 19:25:19] VIEWERS: 68
[2022-12-14 19:25:30] <!%$Internet_Fail> musicmommyVibe
[2022-12-14 19:25:39] <!%NiteAssassin_> musicmommyVibe kanagoJam
[2022-12-14 19:25:42] <@%Aamanes> Aight
[2022-12-14 19:25:43] <%+MaplePrism_> Hey Ari Hey chat musicmommyWave
[2022-12-14 19:25:44] <@%Aamanes> !lurk
[2022-12-14 19:25:44] <@%^Nightbot>* Aamanes is a stalker! Arianna kinda likes it though... (⁄ ⁄•⁄ω⁄•⁄ ⁄)
[2022-12-14 19:27:17] <%Ilies45> musicmommyCheer musicmommyDance musicmommyCheer musicmommyDance musicmommyCheer musicmommyDance musicmommyCheer musicmommyDance musicmommyCheer musicmommyDance musicmommyDance musicmommyCheer musicmommyDance musicmommyCheer musicmommyDance musicmommyCheer musicmommyDance musicmommyCheer musicmommyDance musicmommyCheer musicmommyDance musicmommyDance musicmommyCheer musicmommyDance musicmommyCheer musicmommyDance
[2022-12-14 19:27:19] VIEWERS: 67
[2022-12-14 19:27:31] <%dermitplan> Ask someone reliable in ur community to reminde u (not me)^^
[2022-12-14 19:27:31] <%+svensonidis> would you still call this d&b? or is it more of a dubstep?
[2022-12-14 19:28:15] <%dermitplan> Deffinetly Jes
[2022-12-14 19:29:16] <%Ilies45> random question Miss Ari but what is your favorite season
[2022-12-14 19:29:19] VIEWERS: 67
[2022-12-14 19:29:55] <Kamikaze17> spoken like a true Canadian (I assume?)
[2022-12-14 19:30:00] <%LossyInput> musicmommyHyperNod winter good
[2022-12-14 19:30:10] <@%^Nightbot>* If you want stream updates, or you just want someone to talk to, join my Discord community here: https://discord.gg/d7d59VnNS7 ᕙ(^▿^-ᕙ)
[2022-12-14 19:30:41] <%Ilies45> w women
[2022-12-14 19:30:50] <%Ilies45> a true women of culture
[2022-12-14 19:30:59] <%LossyInput> winter is great because if you're too cold you can always put on more cozy stuff, summer sucks because there's only so much you can take off before it becomes public indecency
[2022-12-14 19:31:00] [Points] Ilies45 redeemed Random Ari Noise (7 000)
[2022-12-14 19:31:19] VIEWERS: 75
[2022-12-14 19:31:25] <%Ilies45> @LossyInput you can take off your skin
[2022-12-14 19:31:31] <%Ilies45> fun for the whole family
[2022-12-14 19:31:36] <%LossyInput> @LossyInput musicmommyZoom
[2022-12-14 19:31:45] <%dermitplan> Hot shower is epic
[2022-12-14 19:31:55] <%Xan09> Take off enough to keep cool and suddenly it's public indecency smh musicmommyOMEGALUL
[2022-12-14 19:32:05] <Kamikaze17> here the temperature may have dropped, but it finally is that proper winter dry-ish cold with some snow in the background and not that less pleasant humid cold without any snow
[2022-12-14 19:32:37] <%Ilies45> random ari noise Kappa
[2022-12-14 19:33:02] <%Ilies45> a classic
[2022-12-14 19:33:10] <%dermitplan> After ur heaten up turn the lever harly in the other direction for icy feeling. Thats the best way tho shower for me.
[2022-12-14 19:33:19] VIEWERS: 75
[2022-12-14 19:33:19] [Points] svensonidis redeemed Headpat (700)
[2022-12-14 19:34:45] <Michelleki0> Hello Ari and chat
[2022-12-14 19:34:54] <Mint_Tea__> let's gooooo cowgirlLetsGo
[2022-12-14 19:35:05] <+TheAngryFishy> nemuFishRun nemuFishRun nemuFishRun
[2022-12-14 19:35:14] <%Ilies45> ward thunder
[2022-12-14 19:35:17] <%LossyInput> musicmommyHyperNod ksp
[2022-12-14 19:35:19] VIEWERS: 75
[2022-12-14 19:35:23] <Mint_Tea__> hi. I slept like shit cowgirlJam
[2022-12-14 19:35:26] <Kamikaze17> plus I love when at this time of the year I take 30+ minute walks with only a t-shirt on the upper body and look at all the confused/terrified expressions of passerbys LUL
[2022-12-14 19:35:40] <%Ilies45> I mean
[2022-12-14 19:36:16] <%Ilies45> your choices are either suffer in top tier, pretend to be a drunken pirate or hunt innocent wildlife
[2022-12-14 19:36:30] <+TheAngryFishy> oh god not lop tier
[2022-12-14 19:36:33] <+TheAngryFishy> anything but that
[2022-12-14 19:36:58] <Mint_Tea__> my pillow is slightly flat and I'm a side sleeper so my neck was bent,  my stomach hurt at 4am. usually at that time. and I can't stop thinking about MatPat from GameTheory saying he simultaneously whipped and nae naed
[2022-12-14 19:37:19] VIEWERS: 89
[2022-12-14 19:37:29] <Mint_Tea__> how... what does that mean
[2022-12-14 19:37:44] <theeldencheese> foxyjoLIGHTS foxyjoLIGHTS foxyjoLIGHTS foxyjoLIGHTS
[2022-12-14 19:37:48] <theeldencheese> vibe time
[2022-12-14 19:39:19] VIEWERS: 86
[2022-12-14 19:40:30] <%Ilies45> epic 100
[2022-12-14 19:40:39] <%Ilies45> timeless pice
[2022-12-14 19:41:19] VIEWERS: 86
[2022-12-14 19:41:31] <!%TheSwatKnight> FoodComaKnight here musicmommyDed  send help
[2022-12-14 19:41:55] <Kamikaze17> Burger 1 Swat 0, or can we call this a tie?
[2022-12-14 19:42:27] <%dermitplan> @TheSwatKnight Throw green smoke for medevac
[2022-12-14 19:42:47] [Usernotice] Ilies45 is gifting 1 Tier 1 Subs to AriannaFoxton's community! They've gifted a total of 1 in the channel!
[2022-12-14 19:42:48] [Notification] Ilies45 gifted a Tier 1 sub to Espoon99!
[2022-12-14 19:42:50] <%Ilies45> bang
[2022-12-14 19:43:19] VIEWERS: 92
[2022-12-14 19:43:31] BITS: Ilies45 (200)
[2022-12-14 19:43:31] <%Ilies45> Cheer200 here's some bits too
[2022-12-14 19:43:44] <%LossyInput> @Kamikaze17 it's a phyrric victory for swat
[2022-12-14 19:43:54] <!%TheSwatKnight> ^
[2022-12-14 19:44:09] <@%mercykyun> musicmommyDed musicmommyDed food coma
[2022-12-14 19:44:19] <!%TheSwatKnight> the burgers existence has ended so clearly I won... but at what cost musicmommyDed
[2022-12-14 19:44:19] <%LossyInput> the burger will be digested, but at what cost musicmommyDed
[2022-12-14 19:44:29] <%LossyInput> damn jinx
[2022-12-14 19:44:30] <!%TheSwatKnight> @LossyInput swatW
[2022-12-14 19:44:55] <Kamikaze17> why are we still here, just to suffer?
[2022-12-14 19:45:08] <@%^Nightbot>* If you want stream updates, or you just want someone to talk to, join my Discord community here: https://discord.gg/d7d59VnNS7 ᕙ(^▿^-ᕙ)
[2022-12-14 19:45:19] VIEWERS: 92
[2022-12-14 19:45:31] <%Ilies45> beans
[2022-12-14 19:47:19] Viewerstats (19:19-19:47): avg:75 min:50 max:96 [15/50+0+18+0−1+0+8+0+0+14−3+0+6+0+4]
[2022-12-14 19:47:19] VIEWERS: 96
[2022-12-14 19:48:02] <%JustDodgeBro> musicmommyCheer musicmommyCheer musicmommyCheer
[2022-12-14 19:49:19] VIEWERS: 96
[2022-12-14 19:49:25] <%JustDodgeBro> musicmommyCheer musicmommyCheer musicmommyCheer
[2022-12-14 19:49:28] <%panignis> musicmommyHyperNod musicmommyHyperNod musicmommyHyperNod musicmommyHyperNod
[2022-12-14 19:50:24] <@%mercykyun> musicmommyCheer musicmommyCheer musicmommyCheer
[2022-12-14 19:51:06] <%JustDodgeBro> musicmommyDance
[2022-12-14 19:51:11] <!%$Internet_Fail> musicmommyDance
[2022-12-14 19:51:19] VIEWERS: 98
[2022-12-14 19:51:20] <%+tengyoyo> love those 80s remixs musicmommyHyperNod musicmommyHyperNod musicmommyHyperNod
[2022-12-14 19:51:53] <%panignis> musicmommyHyperNod musicmommyHyperNod musicmommyHyperNod musicmommyHyperNod
[2022-12-14 19:52:20] <ladylyme> tireds4Party tireds4Party tireds4Party tireds4Party
[2022-12-14 19:52:33] <ladylyme> came in with my volume maxed, ow
[2022-12-14 19:52:52] <%dermitplan> @ladylyme Blasted
[2022-12-14 19:52:59] <ladylyme> @ladylyme tireds4Cry
[2022-12-14 19:53:24] VIEWERS: 98
[2022-12-14 19:53:34] <theeldencheese> zotakuPOWER zotakuPOWER zotakuPOWER zotakuPOWER
[2022-12-14 19:53:37] <%+svensonidis> ...ensiferum?!
[2022-12-14 19:54:14] <%Ilies45> may I have some words of encouragement for someone who's suffering at top tier?
[2022-12-14 19:54:20] [Points] TheAngryFishy redeemed Bring The Cat Back (700)
[2022-12-14 19:54:27] <theeldencheese> this makes me wanna listen to the Diggy Diggy Hole remix
[2022-12-14 19:54:31] <!%TheSwatKnight> musicmommyJam
[2022-12-14 19:54:37] <%Ilies45> omegalul
[2022-12-14 19:54:37] <%dermitplan> Oh, sounds interesting, can i have the name of it please?
[2022-12-14 19:54:48] <~%AriannaFoxton> Broken Minds, D-Frek - Wanderer
[2022-12-14 19:54:49] <%pml103> but there is no stab low tier
[2022-12-14 19:55:08] <!%TheSwatKnight> M4 Sherman says hello
[2022-12-14 19:55:11] <+TheAngryFishy> This song reminds me of Ragnarock
[2022-12-14 19:55:22] <%dermitplan> I apreciate that, thanks.
[2022-12-14 19:55:23] <%+svensonidis> ensiferum - wanderer
[2022-12-14 19:55:24] VIEWERS: 100
[2022-12-14 19:55:25] <!%TheSwatKnight> 1 plane stab but if you're below 25km/h works like a charm in game
[2022-12-14 19:55:32] <%+svensonidis> well, originally
[2022-12-14 19:55:59] <!%TheSwatKnight> way too good actually but hey don't ask Gaijin to model things accurately, that is a hopeless endeavor anyway swatW
[2022-12-14 19:56:11] <!%TheSwatKnight> wait a second
[2022-12-14 19:56:13] <!%TheSwatKnight> arrival on earth?
[2022-12-14 19:56:32] <!%TheSwatKnight> musicmommyZoom
[2022-12-14 19:56:34] <~%AriannaFoxton> Dr Peacock, Sefa - Incoming
[2022-12-14 19:56:39] <The_Bread_Eater> Transformers Theme?
[2022-12-14 19:56:49] <!%TheSwatKnight> yep swatW
[2022-12-14 19:56:50] <%Ilies45> autobots let's roll out
[2022-12-14 19:57:06] <!%TheSwatKnight> I've watched the first Transformers too many times
[2022-12-14 19:57:08] <The_Bread_Eater> PogChamp PogChamp PogChamp PogChamp
[2022-12-14 19:57:15] <The_Bread_Eater> @TheSwatKnight Same
[2022-12-14 19:57:17] <theeldencheese> anyone see that new transformers trailer?
[2022-12-14 19:57:24] VIEWERS: 100
[2022-12-14 19:57:40] <theeldencheese> foxyjoLIGHTS foxyjoLIGHTS foxyjoLIGHTS
[2022-12-14 19:57:40] <!+Fugi> oh are transformer remixes back in style now?
[2022-12-14 19:57:48] <!%TheSwatKnight> they better be
[2022-12-14 19:57:55] <sonderval> You got the touch!
[2022-12-14 19:58:04] [Points] ThumbBro redeemed Hydrate! (400)
[2022-12-14 19:58:06] <!%TheSwatKnight> steve jablonsky wrote some absolute bangers for the movies
[2022-12-14 19:58:13] <%dermitplan> @theeldencheese Nope, i dont like the pop up of the animalbots...
[2022-12-14 19:58:20] [Points] khajimahal redeemed Bring The Cat Back (700)
[2022-12-14 19:58:23] <theeldencheese> leaflitNotlikethis
[2022-12-14 19:58:24] <%khajimahal> catJAMJAM  catJAMJAM  catJAMJAM
[2022-12-14 19:58:28] <%khajimahal> catJAM  catJAM  catJAM
[2022-12-14 19:58:43] <%khajimahal> catJAMJAM  catJAMJAM  catJAMJAM
[2022-12-14 19:58:50] <!+Fugi> life's good!
[2022-12-14 19:58:57] <The_Bread_Eater> Sad Cat Dance Ari?
[2022-12-14 19:59:09] <%$ThumbBro> catJAMJAM  catJAMJAM  catJAMJAMcatJAMJAM  catJAMJAM  catJAMJAM
[2022-12-14 19:59:11] <!%TheSwatKnight> @Fugi saw your new tool on Twitter yesterday, should probably download that today swatThink
[2022-12-14 19:59:22] <%unidentified_greenninja> aririri, it is i musicmommyWave how we doing musicmommyThink
[2022-12-14 19:59:22] <!%$Internet_Fail> musicmommyJam
[2022-12-14 19:59:24] <%YouHaveCaptainDiabeetus> what a sursprise Kappa
[2022-12-14 19:59:24] VIEWERS: 106
[2022-12-14 19:59:40] <livinson8> ad-dicks-ted KEKW
[2022-12-14 19:59:40] <@%mercykyun> eros4K eros4K eros4K
[2022-12-14 19:59:40] <%dermitplan> Tonight ... musicmommyJam
[2022-12-14 19:59:43] <theeldencheese> wooooo!!!!
[2022-12-14 19:59:48] [Points] unidentified_greenninja redeemed Headpat (700)
[2022-12-14 20:00:05] <!+Fugi> @TheSwatKnight it's all web based and works on existing vods :)
[2022-12-14 20:00:07] <theeldencheese> gooddoRAVE gooddoRAVE gooddoRAVE gooddoRAVE
[2022-12-14 20:00:07] <%khajimahal> catJAMJAM  catJAMJAM  catJAMJAM  catJAMJAM  catJAMJAM  catJAMJAM
[2022-12-14 20:00:13] <@%^Nightbot>* If you want stream updates, or you just want someone to talk to, join my Discord community here: https://discord.gg/d7d59VnNS7 ᕙ(^▿^-ᕙ)
[2022-12-14 20:00:27] <The_Bread_Eater> I honestly prefer the normal version of this song
[2022-12-14 20:00:38] <!%TheSwatKnight> @Fugi ah you absolute genius perfect swatW
[2022-12-14 20:00:52] <%khajimahal> catJAMJAM  catJAMJAM  catJAMJAM
[2022-12-14 20:01:03] <Kamikaze17> catJAMJAM
[2022-12-14 20:01:24] VIEWERS: 106
[2022-12-14 20:02:04] <!%TheSwatKnight> musicmommyJam
[2022-12-14 20:02:20] <%Ilies45> the internet is being a bit fucky wacky
[2022-12-14 20:02:20] <!%$Internet_Fail> RainbowPls
[2022-12-14 20:02:22] <@%mercykyun> Hopefully in the next couple of weeks I can finally raise hell with Ari when I’m on vacation musicmommyUwU musicmommyUwU musicmommyUwU
[2022-12-14 20:02:31] <%Ilies45> the stream freezes a lot for me
[2022-12-14 20:02:44] <%Ilies45> anyway, I have to go to work anyway
[2022-12-14 20:02:46] <@%mercykyun> Oh shit.
[2022-12-14 20:02:49] <sonderval> HMS Full of Seamen
[2022-12-14 20:02:54] <%Ilies45> have a great day with your addiction
[2022-12-14 20:03:04] <%Ilies45> I mean, you fun game!
[2022-12-14 20:03:10] <theeldencheese> leaflitLul
[2022-12-14 20:03:20] <@%mercykyun> Basically my vacation starts on Friday and I’m back at work on the 2nd of next year
[2022-12-14 20:03:24] VIEWERS: 106
[2022-12-14 20:03:28] <%YouHaveCaptainDiabeetus> HMS Canada? keep it simple? Kappa
[2022-12-14 20:03:37] <!%TheSwatKnight> ^
[2022-12-14 20:03:39] <%unidentified_greenninja> just came to say hi so i will go for a hour or so musicmommyWave
[2022-12-14 20:03:48] <!%TheSwatKnight> just like your actual country then
[2022-12-14 20:03:49] <!%TheSwatKnight> perfect
[2022-12-14 20:03:52] <The_Bread_Eater> I can no longer think of SoT without remembering the Fortnite Battlepass Sea Shanty
[2022-12-14 20:03:56] <%YouHaveCaptainDiabeetus> it would be even more accurate Kappa
[2022-12-14 20:04:06] <Hunor_exe> Hey
[2022-12-14 20:04:15] <Hunor_exe> I'm playing sea of thieves too!:D
[2022-12-14 20:04:16] <theeldencheese> love pirate songs
[2022-12-14 20:04:21] <!%harunadess> hmcs source 1.6 haruna29Smug
[2022-12-14 20:04:32] <%dermitplan> I like the musicvid of this a lot ^^
[2022-12-14 20:04:57] <livinson8> :|
[2022-12-14 20:05:16] <%dermitplan> Thats new
[2022-12-14 20:05:24] <livinson8> just got back with some food and immediately get hit with ads. LUL
[2022-12-14 20:05:24] VIEWERS: 110
[2022-12-14 20:05:24] ~CAPTAIN, ITS WEDNESDAY | !discord !spotify !supps (Sea of Thieves)~
[2022-12-14 20:05:55] <The_Bread_Eater> Currently sitting through ads
[2022-12-14 20:06:03] <~%AriannaFoxton> buy a sub
[2022-12-14 20:06:10] <%dermitplan> The soundwave cruiser
[2022-12-14 20:06:10] <~%AriannaFoxton> KEKW
[2022-12-14 20:06:19] <livinson8> how does Twitch time the ads? KEKW
[2022-12-14 20:06:21] <Kamikaze17> The Dark Vibe
[2022-12-14 20:06:33] <!%TheSwatKnight> just buy a sub swatSellout
[2022-12-14 20:06:34] <theeldencheese> leaflitLul
[2022-12-14 20:06:42] <theeldencheese> just sub. git gud
[2022-12-14 20:06:50] <Kamikaze17> sub diff
[2022-12-14 20:06:51] <+JayBusch> Just give Jeff Bezos your money, ez
[2022-12-14 20:07:00] [Notification] srLndCS gifted a Tier 1 sub to livinson8! This is their first Gift Sub in the channel!
[2022-12-14 20:07:06] <%srLndCS> no ads
[2022-12-14 20:07:17] <Kamikaze17> pocketSwat
[2022-12-14 20:07:18] <theeldencheese> woooow. not enabling unhealthy behavior??
[2022-12-14 20:07:22] <%livinson8> @srLndCS thx :D
[2022-12-14 20:07:24] VIEWERS: 108
[2022-12-14 20:07:47] <@%mercykyun> Yeah my boy Harmy needs sleep. He stayed up late yet again kanagoBonk kanagoBonk kanagoBonk
[2022-12-14 20:07:50] <Hunor_exe> Arianna do you have a fix crew or can I join?:)
[2022-12-14 20:07:55] <+JayBusch> I mean, you’re not wrong
[2022-12-14 20:08:01] <The_Bread_Eater> Size Matters
[2022-12-14 20:08:13] <+JayBusch> Colors are important
[2022-12-14 20:08:18] [Points] Harmacist_Gaming redeemed Kiss or Spit (4 000)
[2022-12-14 20:08:32] <Hunor_exe> Ah okay thats fine
[2022-12-14 20:08:32] <%srLndCS> HARM go sleep
[2022-12-14 20:08:41] <!%$Harmacist_Gaming> Im just lurkin, Im exhausted
[2022-12-14 20:08:43] <@%mercykyun> HARM GO TO BED!!! I SEE YOU! YOU GOOBER!!!
[2022-12-14 20:08:51] <!%$Harmacist_Gaming> Awww
[2022-12-14 20:08:57] <!%$Harmacist_Gaming> OOOOOOOOOOOOOOOOOOO
[2022-12-14 20:09:01] <!%$Harmacist_Gaming> SIGN ME UP MY BOY
[2022-12-14 20:09:09] <%totalyausername> That woke him up LUL
[2022-12-14 20:09:20] <@%mercykyun> !so @harmacist_gaming here’s your shoutout now go bedge
[2022-12-14 20:09:20] [Announcement] <Nightbot> Huge thanks to harmacist_gaming they were playing: Call of Duty: Modern Warfare II, go check them out here: twitch.tv/harmacist_gaming
[2022-12-14 20:09:25] VIEWERS: 108
[2022-12-14 20:09:50] <!%NiteAssassin_> @harmacist_gaming musicmommyLickL musicmommyLickL musicmommyLickL
[2022-12-14 20:10:15] <%GerardDG> Activate his alarmclock
[2022-12-14 20:10:23] <Kamikaze17> the medieval urge to choose violence
[2022-12-14 20:10:26] <@%mercykyun> Water board him musicmommyOMEGALUL musicmommyOMEGALUL musicmommyOMEGALUL
[2022-12-14 20:10:38] <%YouHaveCaptainDiabeetus> it's a tale as old as time, I'm afraid
[2022-12-14 20:10:45] <%livinson8> i thought the "i hate _______" meme was just a meme.
[2022-12-14 20:11:13] <!%$Harmacist_Gaming> @mercykyun musicmommyShy musicmommyShy
[2022-12-14 20:11:25] VIEWERS: 108
[2022-12-14 20:11:44] <!%$Harmacist_Gaming> @NiteAssassin_ musicmommyShy musicmommyShy Kissahomie
[2022-12-14 20:11:59] <!%$Internet_Fail> @Harmacist_Gaming Kissahomie
[2022-12-14 20:12:14] <%YouHaveCaptainDiabeetus> TheSwat "Ejaculate and evacuate" Knight
[2022-12-14 20:12:16] <%Arthandir> Evening Music Mommy and RantKnight
[2022-12-14 20:12:17] <!%$Harmacist_Gaming> @Internet_Fail Kissahomie
[2022-12-14 20:12:24] <%Arthandir> Also hekki harm
[2022-12-14 20:13:12] <%Arthandir> Those two are terrible together. The terrible jokes
[2022-12-14 20:13:15] <%Arthandir> They buuurn
[2022-12-14 20:13:25] VIEWERS: 102
[2022-12-14 20:14:11] <%$british_nep> nep is here!
[2022-12-14 20:14:23] <%+zero00_ffp> Moin everyone and @Arthandir thank you very much for the Gift sub yesterday
[2022-12-14 20:14:27] <%dermitplan> Mission failed
[2022-12-14 20:14:31] [Points] british_nep redeemed Headpat (700)
[2022-12-14 20:14:36] <%Arthandir> "steer right" he says... Starbord! Not right!
[2022-12-14 20:14:44] <The_Bread_Eater> NEEEEEEEEEEEEEEEEP
[2022-12-14 20:14:45] <%$british_nep> heyo my college has been cancelled for the week musicmommyHypers
[2022-12-14 20:15:06] <The_Bread_Eater> Nice
[2022-12-14 20:15:06] <@%^Nightbot>* If you want stream updates, or you just want someone to talk to, join my Discord community here: https://discord.gg/d7d59VnNS7 ᕙ(^▿^-ᕙ)
[2022-12-14 20:15:06] <%Arthandir> And Swat calls himself a nordlicht. Channel your inner nautical terms
[2022-12-14 20:15:25] VIEWERS: 102
[2022-12-14 20:15:30] <%Arthandir> @AriannaFoxton Starbord is right when looking towards the bow of the ship
[2022-12-14 20:15:36] <%Arthandir> Port is left
[2022-12-14 20:16:25] <%Arthandir> Dis be pirate streem, we need nautical terms!
[2022-12-14 20:16:30] <%dermitplan> TheSniperSwatKnight
[2022-12-14 20:16:54] <%dermitplan> No TheSniperSwatKnightPirate
[2022-12-14 20:17:01] <%$british_nep> swat musicmommyLickL
[2022-12-14 20:17:13] <%Arthandir> musicmommyHypers Yay
[2022-12-14 20:17:25] Viewerstats (19:49-20:17): avg:103 min:96 max:110 [15/96+2+0+2+0+6+0+0+4−2+0+0−6+0+3]
[2022-12-14 20:17:25] VIEWERS: 105
[2022-12-14 20:17:49] <%$british_nep> ayo swat isle
[2022-12-14 20:17:56] <%Arthandir> Lets get that booty!
[2022-12-14 20:19:25] VIEWERS: 105
[2022-12-14 20:19:26] <%$british_nep> ari got some strength
[2022-12-14 20:19:30] <%$british_nep> damn
[2022-12-14 20:20:13] <%Arthandir> Proud of you both for now using nautical terms!
[2022-12-14 20:20:14] <@%mercykyun> Hi nep
[2022-12-14 20:20:21] <%$british_nep> @mercykyun musicmommyLickL musicmommyLickL
[2022-12-14 20:20:23] <%$british_nep> musicmommyWave
[2022-12-14 20:20:32] <%Arthandir> swatPat musicmommyHeadpat
[2022-12-14 20:20:56] <%$british_nep> @mercykyun hru today!
[2022-12-14 20:21:25] VIEWERS: 105
[2022-12-14 20:21:27] <%Arthandir> A boat he calls it. Does it have a captain? If so its a ship!
[2022-12-14 20:22:03] <%dermitplan> Thats what he think
[2022-12-14 20:22:04] <%$british_nep> id called that a ship
[2022-12-14 20:22:04] <+TheAngryFishy> to anger the navy always call it a boat
[2022-12-14 20:22:33] <@%mercykyun> @british_nep sooo tired, dude idk how but my body feels drained
[2022-12-14 20:22:37] <%$british_nep> thats a mistake ari
[2022-12-14 20:22:44] <%srLndCS> is it small? its a boat. is it bigger, its a ship
[2022-12-14 20:22:45] <%$british_nep> when you go forward the barrel will expload
[2022-12-14 20:22:50] <%$british_nep> explode
[2022-12-14 20:23:06] <%Arthandir> @srLndCS Nope. The distinction literally is: does it have a captain.
[2022-12-14 20:23:09] <%$british_nep> me and koi made the mistake the other day lmao
[2022-12-14 20:23:19] <%$british_nep> @mercykyun musicmommyHeadpat musicmommyHeadpat
[2022-12-14 20:23:25] VIEWERS: 105
[2022-12-14 20:23:33] <%Arthandir> If it has a captain even a patrol-boat is a ship, if there is no captain, an aircraft carrier is a boat
[2022-12-14 20:23:55] <%$british_nep> british spices
[2022-12-14 20:23:59] <%$british_nep> all soggy
[2022-12-14 20:24:26] <%$british_nep> we dont need em
[2022-12-14 20:24:28] <!%$Internet_Fail> Nep! musicmommyWave musicmommyHeadpat musicmommyHeadpat
[2022-12-14 20:24:35] <%$british_nep> @Internet_Fail musicmommyLickL musicmommyLickL
[2022-12-14 20:24:55] <%$british_nep> i hate jamie oliver
[2022-12-14 20:25:25] VIEWERS: 101
[2022-12-14 20:25:26] <%$british_nep> @Internet_Fail hruuu
[2022-12-14 20:26:21] <%srLndCS> @Arthandir depends on the context. military ships are categorized that way. civil ships are the size or what its used for
[2022-12-14 20:26:28] <@%mercykyun> Fooyoooh musicmommyGasm
[2022-12-14 20:26:44] <%Arthandir> Ari has the zoomies it seems
[2022-12-14 20:26:50] <!%$Internet_Fail> @Internet_Fail Doing good musicmommyVibe
[2022-12-14 20:27:01] <%$british_nep> @Internet_Fail musicmommyHeadpat haruna29HyperBlankies
[2022-12-14 20:27:25] VIEWERS: 101
[2022-12-14 20:27:29] <%Arthandir> @Arthandir Fair
[2022-12-14 20:27:44] <%dermitplan> Ok, go to bed again, and think of the question why humans have to sleep before sleeping, gn.
[2022-12-14 20:27:56] <Minhdotdot> mama noodles?
[2022-12-14 20:27:59] <%$nebnacnud> I think the grunt that old guys make when they stand up out of chairs is pretty universal
[2022-12-14 20:28:21] <@%mercykyun> First time I heard aiyaaa was Uncle in Jackie Chan animated series. Oh also “one more thing” but heavily accented musicmommyOMEGALUL musicmommyOMEGALUL musicmommyOMEGALUL
[2022-12-14 20:28:36] <%livinson8> musicmommyLickR raging339Balls musicmommyLickL
[2022-12-14 20:28:36] <%srLndCS> but if not sure, call it a ship :D mens simple, call it big mens happy
[2022-12-14 20:28:55] <%Arthandir> @Arthandir For civilian, a ship indeed is defined as "a large, ocean-going vessel". The military also *tends* to go with "bigger = ship" but thats mainly because bigger ships need a captain to run the crew in regards to chain of command i guess?
[2022-12-14 20:28:58] <Sapuchi> Hello :3
[2022-12-14 20:29:03] <%Arthandir> In any case, i stand somewhat corrected
[2022-12-14 20:29:15] <Sapuchi> Yes or just Sap :3
[2022-12-14 20:29:15] <Michelleki0> We dont have mama's or papa's in Denmark, it's just mor and far.
[2022-12-14 20:29:21] <%Arthandir> Still a good rule of thumb tho
[2022-12-14 20:29:27] <Sapuchi> Your model is so pretty sailor318Heart
[2022-12-14 20:29:29] VIEWERS: 109
[2022-12-14 20:29:34] <%srLndCS> yeah i think its right that way
[2022-12-14 20:30:09] <@%^Nightbot>* If you want stream updates, or you just want someone to talk to, join my Discord community here: https://discord.gg/d7d59VnNS7 ᕙ(^▿^-ᕙ)
[2022-12-14 20:30:19] <%srLndCS> i know someone in the german navy and he told me, they have boats, and when you tell their crew its only a boat you can realy good annoy them :D
[2022-12-14 20:30:53] <%$derpslack1> Morning Ari, hope the day and voyaging are going great
[2022-12-14 20:31:08] <Sapuchi> I love sea of thieves, it's so much fun with a group :3
[2022-12-14 20:31:15] <%$british_nep> bro what just happened
[2022-12-14 20:31:22] <%$british_nep> ari said kaboom
[2022-12-14 20:31:25] <!%$Internet_Fail> kanagoFire cptdandyFire
[2022-12-14 20:31:28] <%$british_nep> and my pc turned off
[2022-12-14 20:31:30] VIEWERS: 109
[2022-12-14 20:31:43] <%Arthandir> girldmBakoom
[2022-12-14 20:31:57] <%$british_nep> it was like kaboo-
[2022-12-14 20:31:59] <%$british_nep> it cut off
[2022-12-14 20:32:30] <%Arthandir> Mermaider!
[2022-12-14 20:33:08] <Sapuchi> this game is so relaxing widepeepoHappy
[2022-12-14 20:33:16] <%$british_nep> i only like playing sea of thieves with people
[2022-12-14 20:33:20] <%$derpslack1> skull fort or galleon
[2022-12-14 20:33:22] <%$british_nep> it scares me when im by myself
[2022-12-14 20:33:30] <%Arthandir> Ari be like "I really dig this ship"
[2022-12-14 20:33:30] VIEWERS: 109
[2022-12-14 20:33:32] <Sapuchi> same british
[2022-12-14 20:33:37] <%$derpslack1> and sea of thieves is such an amazing vibe with friends peepoHappy
[2022-12-14 20:33:47] <%$british_nep> i only play with frens
[2022-12-14 20:33:49] <%$derpslack1> I need to play it again with friends
[2022-12-14 20:33:59] <Sapuchi> I don have frens Sadge
[2022-12-14 20:34:06] <Sapuchi> so i don play it Sadge
[2022-12-14 20:34:20] <%$derpslack1> @Sapuchi clioaiHeadpat
[2022-12-14 20:34:35] <@%D4RKEVA0204> Guten Abend
[2022-12-14 20:34:44] <%$derpslack1> sup Eva
[2022-12-14 20:34:45] <%Arthandir> Easy. Just walk up to someone, handcuff yourself to them and inform them that you are frens now, @Sapuchi
[2022-12-14 20:34:50] <%Arthandir> Its the big-brain move
[2022-12-14 20:35:02] <Sapuchi> @Arthandir I don have handcuffs widepeepoSad
[2022-12-14 20:35:30] VIEWERS: 109
[2022-12-14 20:35:54] <Sapuchi> Is this your first time playing Arianna? :3
[2022-12-14 20:35:58] [Notification] srLndCS gifted a Tier 1 sub to Sapuchi! They have given 2 Gift Subs in the channel!
[2022-12-14 20:36:08] <%srLndCS> take sub when no fren
[2022-12-14 20:36:15] <@%D4RKEVA0204> pretty new in when she started
[2022-12-14 20:36:19] <@%D4RKEVA0204> not pretty new in game time d4rkevDerp
[2022-12-14 20:36:20] <%Sapuchi> NO WAY
[2022-12-14 20:36:38] <%Sapuchi> @srLndCS Thank you so much widepeepoHappy
[2022-12-14 20:36:52] <%Arthandir> Quick, use the handcuffs now!
[2022-12-14 20:36:55] <%Arthandir> Now is your chance
[2022-12-14 20:37:06] <%$british_nep> crash into the island
[2022-12-14 20:37:09] <%$british_nep> aww
[2022-12-14 20:37:15] <%$derpslack1> ooh grade 3 poggers
[2022-12-14 20:37:16] <%$derpslack1> and ye
[2022-12-14 20:37:30] VIEWERS: 109
[2022-12-14 20:38:09] <%Sapuchi> I think there is a story you can play where you follow along captain jack sparrow but I dont know how :o
[2022-12-14 20:38:14] <%Arthandir> @AriannaFoxton Remember to write it down as well. Only then does fucking around and finding out become science
[2022-12-14 20:38:15] <%$british_nep> thats more than i have in sea of thieves rn
[2022-12-14 20:38:19] <%$british_nep> i only got 1k
[2022-12-14 20:38:21] <%$british_nep> lmao
[2022-12-14 20:38:27] <@%D4RKEVA0204> you guys doing a story mode now or watcha doin?
[2022-12-14 20:38:33] <%$derpslack1> it depends on your grade and the other persons grade
[2022-12-14 20:38:34] <%$british_nep> evaaaa
[2022-12-14 20:38:39] <%$british_nep> @D4RKEVA0204 musicmommyLickL musicmommyLickL
[2022-12-14 20:38:44] <@%D4RKEVA0204> id be down
[2022-12-14 20:38:50] <%$british_nep> @D4RKEVA0204 hruu
[2022-12-14 20:38:53] <@%D4RKEVA0204> if you got a slot
[2022-12-14 20:38:56] <@%D4RKEVA0204> nep d4rkevPat
[2022-12-14 20:39:07] <%$derpslack1> good morning Eva how you doing
[2022-12-14 20:39:15] <%Sapuchi> you can still play on a sloop with 3 people :3
[2022-12-14 20:39:30] VIEWERS: 114
[2022-12-14 20:39:59] <%Arthandir> Sloop probably comes from the netherlands anyway
[2022-12-14 20:40:29] <%Sapuchi> Another fellow german?! musicmommyWow
[2022-12-14 20:40:35] <!%NiteAssassin_> haruna29Comfies
[2022-12-14 20:40:47] <@%D4RKEVA0204> i am currently finished with eating
[2022-12-14 20:40:59] <%RistinRitarit> suviPadoruSpin suviPadoruSpin suviPadoruSpin suviPadoruSpin
[2022-12-14 20:41:10] <%$british_nep> @NiteAssassin_ musicmommyLickL musicmommyLickL musicmommyLickL
[2022-12-14 20:41:18] <%Sapuchi> gallione i think
[2022-12-14 20:41:20] <%Sapuchi> yis
[2022-12-14 20:41:25] <@%mercykyun> Eva good seeing you again
[2022-12-14 20:41:30] VIEWERS: 114
[2022-12-14 20:41:47] <@%D4RKEVA0204> mercy d4rkevPat
[2022-12-14 20:41:55] <@%D4RKEVA0204> na you dont need to do that for me
[2022-12-14 20:42:14] <%$derpslack1> took the words right out of my mouth KEKW
[2022-12-14 20:42:22] <@%mercykyun> musicmommyOMEGALUL musicmommyOMEGALUL musicmommyOMEGALUL
[2022-12-14 20:42:56] <%RistinRitarit> Name the boat after Jean-Charles Pichegru....
[2022-12-14 20:43:30] VIEWERS: 111
[2022-12-14 20:43:55] <!%NiteAssassin_> @british_nep musicmommyLickL musicmommyLickL musicmommyLickL
[2022-12-14 20:45:07] <@%^Nightbot>* If you want stream updates, or you just want someone to talk to, join my Discord community here: https://discord.gg/d7d59VnNS7 ᕙ(^▿^-ᕙ)
[2022-12-14 20:45:18] <!%$Internet_Fail> More Music! musicmommyHypers musicmommyHypers musicmommyHypers
[2022-12-14 20:45:22] <%Sapuchi> catJAM  catJAM  catJAM
[2022-12-14 20:45:24] <%RistinRitarit> Or Jan Willem de Winter... after the that French Brigadier general who captured Dutch navy with cavalry only...
[2022-12-14 20:45:30] VIEWERS: 111
[2022-12-14 20:45:31] <%Sapuchi> pepeDS  pepeDS  pepeDS  pepeDS
[2022-12-14 20:45:40] <%Arthandir> The RanterSpice
[2022-12-14 20:46:10] <%RistinRitarit> whiskeyWiggle whiskeyWiggle whiskeyWiggle whiskeyWiggle whiskeyWiggle
[2022-12-14 20:47:11] <@%D4RKEVA0204> but yeah ari, no need to get me in musicmommyUwU i do have early morning work and im kinda trying to fall asleep before 3am KEKW
[2022-12-14 20:47:18] <%Arthandir> It goes hork hork hork!
[2022-12-14 20:47:30] Viewerstats (20:19-20:47): avg:108 min:101 max:114 [15/105+0+0−4+0+8+0+0+0+0+5+0−3+0+0]
[2022-12-14 20:47:30] VIEWERS: 111
[2022-12-14 20:47:59] <!%NiteAssassin_> musicmommyZoom
[2022-12-14 20:48:03] [Points] MrRhinotheawesome redeemed Confetti (300)
[2022-12-14 20:48:09] <%RistinRitarit> ....Sittin on your face huh? Swattom I believe Whiskey could help you with that if you asked her... whiskeySmug
[2022-12-14 20:48:14] <%MrRhinotheawesome> HypeWave
[2022-12-14 20:48:35] <%$british_nep> nep will lurk for a lil
[2022-12-14 20:48:41] <%$british_nep> have fun being pirates
[2022-12-14 20:48:42] <%MrRhinotheawesome> I am fantastic how are you today?
[2022-12-14 20:48:43] <%$british_nep> !lurk
[2022-12-14 20:48:43] <@%^Nightbot>* british_nep is a stalker! Arianna kinda likes it though... (⁄ ⁄•⁄ω⁄•⁄ ⁄)
[2022-12-14 20:48:50] <!%$Internet_Fail> musicmommyNom
[2022-12-14 20:49:02] <@%mercykyun> musicmommyNom musicmommyNom musicmommyNom
[2022-12-14 20:49:05] <!+Kimie_VT> Ari ily
[2022-12-14 20:49:20] <%Dandyfloss> ARI
[2022-12-14 20:49:22] <%Dandyfloss> PLS
[2022-12-14 20:49:30] VIEWERS: 118
[2022-12-14 20:49:33] <%Dandyfloss> how are you so obsessed with this lmao
[2022-12-14 20:49:36] <!+Kimie_VT> LMAO
[2022-12-14 20:49:39] <%MrRhinotheawesome> AH
[2022-12-14 20:49:40] <%+Espoon99> HAHAHHA
[2022-12-14 20:49:41] <%Dandyfloss> monkaS
[2022-12-14 20:49:42] <@%mercykyun> !so @dandyfloss
[2022-12-14 20:49:42] <@%D4RKEVA0204> LMAO
[2022-12-14 20:49:42] [Announcement] <Nightbot> Huge thanks to dandyfloss they were playing: Elden Ring, go check them out here: twitch.tv/dandyfloss
[2022-12-14 20:49:53] <@%mercykyun> musicmommyOMEGALUL musicmommyOMEGALUL musicmommyOMEGALUL
[2022-12-14 20:49:54] <%srLndCS> wtf
[2022-12-14 20:50:08] <%srLndCS> musicmommyOMEGALUL musicmommyOMEGALUL musicmommyOMEGALUL musicmommyOMEGALUL musicmommyOMEGALUL
[2022-12-14 20:50:08] <%+Espoon99> hahaha rowboat stuck xD
[2022-12-14 20:50:14] <%RistinRitarit> That's what happens when you try to fucke the boat.... LUL
[2022-12-14 20:50:15] <%Dandyfloss> cursed boat
[2022-12-14 20:50:35] <%Dandyfloss> heyo swat cptdandySalute
[2022-12-14 20:50:49] <%GarmrUSAF> Garmr has arrived! is that a new ship you have?
[2022-12-14 20:51:07] <%RistinRitarit> X
[2022-12-14 20:51:11] <%GarmrUSAF> X
[2022-12-14 20:51:30] VIEWERS: 118
[2022-12-14 20:52:16] [Notification] mercykyun gifted a Tier 1 sub to Kimie_VT! They have given 26 Gift Subs in the channel! Kimie_VT has subscribed for 8 months!
[2022-12-14 20:52:17] <%GarmrUSAF> no number 3 or 4 today?
[2022-12-14 20:52:26] <!%+Kimie_VT> Ah ty so much @mercykyun <3
[2022-12-14 20:52:54] <%+M00NPICKLE> yo, hows it going?
[2022-12-14 20:53:30] VIEWERS: 93
[2022-12-14 20:54:01] <@%mercykyun> Dammit Ari
[2022-12-14 20:55:14] <@%D4RKEVA0204> there were chests very high up no?
[2022-12-14 20:55:28] <@%mercykyun> @kimie_vt musicmommyHeadpat musicmommyHeadpat musicmommyHeadpat
[2022-12-14 20:55:30] VIEWERS: 124
[2022-12-14 20:56:08] <%HinamiMel> hi ari!!!
[2022-12-14 20:56:13] <%HinamiMel> ari
[2022-12-14 20:56:26] <%HinamiMel> i hav new nem, do you likey??
[2022-12-14 20:56:55] <%HinamiMel> musicmommyHyperNod
[2022-12-14 20:57:02] <%HinamiMel> yus
[2022-12-14 20:57:11] <%HinamiMel> it me ^-^
[2022-12-14 20:57:19] <Michelleki0> mario
[2022-12-14 20:57:30] VIEWERS: 127
[2022-12-14 20:57:32] <%HinamiMel> there is a lack of ys
[2022-12-14 20:57:50] <%HinamiMel> chris pratt is so bad T^T
[2022-12-14 20:57:55] <%HinamiMel> it is the voice
[2022-12-14 20:57:59] <%DragonXPhoenix13> !lurk On my lunch break
[2022-12-14 20:57:59] <@%^Nightbot>* DragonXPhoenix13 is a stalker! Arianna kinda likes it though... (⁄ ⁄•⁄ω⁄•⁄ ⁄)
[2022-12-14 20:57:59] <%RistinRitarit> The Original or the new meme? or The Assassins creed Mario+
[2022-12-14 20:58:01] <Michelleki0> saviseLaugh saviseLaugh
[2022-12-14 20:58:13] <@%Wloos> I guess they couldn't really find anyone else
[2022-12-14 20:58:16] <%HinamiMel> he isnt even trying T^T
[2022-12-14 20:58:26] <%$british_nep> @Wloos musicmommyLickL
[2022-12-14 20:58:27] <@%Wloos> the dubs for that movie tho
[2022-12-14 20:58:35] <@%Wloos> like other Hollywood actors
[2022-12-14 20:58:55] <@%Wloos> They're very picky about using huge names
[2022-12-14 20:59:09] <@%mercykyun> I mean Jack black as bowser
[2022-12-14 20:59:30] VIEWERS: 127
[2022-12-14 20:59:34] <Michelleki0> twitch's really unhappy, there's so many pixels, i guess it's the game
[2022-12-14 20:59:37] <@%Wloos> and Mario is THE character to have a Hollywood actor on if you're doing this marketing
[2022-12-14 20:59:42] <%GerardDG> Jack Black has done a ton of roles like that
[2022-12-14 20:59:47] <@%Wloos> jack black I agree with
[2022-12-14 20:59:53] <%RistinRitarit> Who's the actor for Luigi?
[2022-12-14 20:59:58] <%HinamiMel> the jp mario dub is light yagami's voice
[2022-12-14 21:00:01] <%HinamiMel> Mamoru Miyano
[2022-12-14 21:00:04] <%RistinRitarit> ...or does Luigi even appear in the movie?
[2022-12-14 21:00:09] <@%Wloos> isn't it the guy from Sunny in Philadelphia
[2022-12-14 21:00:13] <@%^Nightbot>* If you want stream updates, or you just want someone to talk to, join my Discord community here: https://discord.gg/d7d59VnNS7 ᕙ(^▿^-ᕙ)
[2022-12-14 21:00:33] <%RistinRitarit> Jim Carrey as Luigi!
[2022-12-14 21:00:34] <@%Wloos> ROGERS
[2022-12-14 21:00:34] <Michelleki0> saviseLaugh saviseLaugh
[2022-12-14 21:00:45] <%DragonXPhoenix13> They got Luigi as the damsel in distress
[2022-12-14 21:00:49] <@%Wloos> really? wow
[2022-12-14 21:00:54] <%RistinRitarit> Not really but that would be cool...
[2022-12-14 21:01:07] <@%Wloos> Jim Carrey can actually do voices no?
[2022-12-14 21:01:08] <%HinamiMel> i dont remembee luigy but he isnt bad
[2022-12-14 21:01:18] <@%Wloos> Man was the Grinch
[2022-12-14 21:01:27] <@%mercykyun> I was just about to say, I don’t think I ever say Jim Carey do any voice acting work
[2022-12-14 21:01:30] VIEWERS: 127
[2022-12-14 21:01:36] <@%mercykyun> Guess I spoke too soon
[2022-12-14 21:01:42] <%RistinRitarit> Apparently Luigis voice actor is somebody called Charlie Day
[2022-12-14 21:01:54] <%YouHaveCaptainDiabeetus> ari, the line is "I love it when a plan comes together"
[2022-12-14 21:01:59] <%GerardDG> Also Robotnik, but I guess that wasn't voice acting
[2022-12-14 21:02:05] <@%Wloos> Based
[2022-12-14 21:02:13] <@%mercykyun> I thought you were gonna bring up the grinch with the HUUUUGEEE dumpy musicmommyOMEGALUL musicmommyOMEGALUL musicmommyOMEGALUL
[2022-12-14 21:02:17] <Michelleki0> come to denmark, i got a 320/60 Mbps connection
[2022-12-14 21:02:18] <@%Wloos> PROTECT UR PRESENTS
[2022-12-14 21:02:23] <@%Wloos> RISE UP
[2022-12-14 21:03:12] <@%Wloos> sandwich?
[2022-12-14 21:03:29] <@%Wloos> burning stuff is the classic
[2022-12-14 21:03:30] VIEWERS: 125
[2022-12-14 21:03:37] <@%mercykyun> Not the banana!!!
[2022-12-14 21:03:40] <Michelleki0> saviseLaugh saviseLaugh  gg swat
[2022-12-14 21:03:56] <schmerik0> he forgor
[2022-12-14 21:03:57] <@%Wloos> navigating and cooking is tricky
[2022-12-14 21:04:10] <%GarmrUSAF> so is this ship your own or another rental?
[2022-12-14 21:04:15] <%srLndCS> and that kids, is how the ship burned down and everyone died
[2022-12-14 21:04:25] <@%Wloos> I did that with reheating carne asada
[2022-12-14 21:04:30] <@%Wloos> oh yup
[2022-12-14 21:04:38] <@%mercykyun> ariann13OMEGALUL ariann13OMEGALUL ariann13OMEGALUL
[2022-12-14 21:04:49] <@%Wloos> I fucked a tea pot over like that
[2022-12-14 21:04:59] <@%mercykyun> DAMMIT MOBILE TWITCH!!!
[2022-12-14 21:05:06] <%GarmrUSAF> sheeesh
[2022-12-14 21:05:07] <@%Wloos> f
[2022-12-14 21:05:30] <Michelleki0> i dont think i've ever burnt food b4
[2022-12-14 21:05:30] VIEWERS: 125
[2022-12-14 21:05:32] <%+M00NPICKLE> my grandma set her toaster on fire a couple months ago
[2022-12-14 21:05:33] <@%Wloos> winnable
[2022-12-14 21:05:45] <@%Wloos> how?
[2022-12-14 21:05:55] <@%Wloos> that stuff turns off by itself no?
[2022-12-14 21:06:23] <@%Wloos> it's been fine with me
[2022-12-14 21:06:25] <%+M00NPICKLE> its really old and the thing that holds it down broke so she just wedged it down withn a spatula and forgot about it
[2022-12-14 21:06:37] <@%Wloos> just gotta tell the friends to stop trolling
[2022-12-14 21:06:47] <@%Wloos> and putting more and more on the grill
[2022-12-14 21:06:56] <@%mercykyun> I heated 2 hot pockets (aka hot bussies) on styrofoam plate and microwaved it
[2022-12-14 21:07:03] <@%mercykyun> Shit melted
[2022-12-14 21:07:06] <@%Wloos> it's very nice
[2022-12-14 21:07:19] <@%Wloos> and it has a harpoon on top
[2022-12-14 21:07:24] <%KRAB_NATION> HypeWave HypeWave HypeWave
[2022-12-14 21:07:25] <%+M00NPICKLE> the sovereigns make selling so easy, its really nice
[2022-12-14 21:07:30] VIEWERS: 118
[2022-12-14 21:07:40] <%GarmrUSAF> well i guess that answers my question lol
[2022-12-14 21:07:41] <%KRAB_NATION> chilling and grilling how u doing :D
[2022-12-14 21:08:00] <@%Wloos> grilling? mmmmmm
[2022-12-14 21:08:01] <%+M00NPICKLE> i bought myself a sloop for easy selling when im solo. i named it sloop dogg
[2022-12-14 21:08:25] <%KRAB_NATION> LUL
[2022-12-14 21:08:36] <%GarmrUSAF> pretty based
[2022-12-14 21:08:36] <@%Wloos> is your ship dank green and has flowery aesthetic?
[2022-12-14 21:08:42] <%KRAB_NATION> i grill the gooooooooood foooooooooood
[2022-12-14 21:08:51] <Michelleki0> im honestly disappointed, i thought that the thunderstorm would have more power to it.
[2022-12-14 21:09:14] <@%Wloos> ohhh
[2022-12-14 21:09:26] <%+M00NPICKLE> @Michelleki0 storms are pretty chill near islands, they get real spicy out at sea though
[2022-12-14 21:09:30] VIEWERS: 118
[2022-12-14 21:09:36] <@%Wloos> that's the most reasonable way I've heard of something catching fire
[2022-12-14 21:09:53] <Michelleki0> hmm i see @M00NPICKLE
[2022-12-14 21:09:59] <@%Wloos> oh nice
[2022-12-14 21:10:16] <%+M00NPICKLE> amazing
[2022-12-14 21:10:33] <%KRAB_NATION> krabnaKRABBRUHH
[2022-12-14 21:10:44] <%GarmrUSAF> my first guess would be a hersheys bar
[2022-12-14 21:10:49] <Michelleki0> you can explode an egg inside a microwave oven
[2022-12-14 21:11:10] <%+M00NPICKLE> we have microwave, but why not macrowave?
[2022-12-14 21:11:30] VIEWERS: 118
[2022-12-14 21:11:33] <%KRAB_NATION> iam ready freddy
[2022-12-14 21:11:35] <KishiAlpha> dam ari i still remember the time you had 80K gold
[2022-12-14 21:11:48] <!%$Internet_Fail> Naval?
[2022-12-14 21:11:51] <@%mercykyun> !so @theswatknight
[2022-12-14 21:11:52] [Announcement] <Nightbot> Huge thanks to theswatknight they were playing: Sea of Thieves, go check them out here: twitch.tv/theswatknight
[2022-12-14 21:12:13] <@%D4RKEVA0204> ari when she says that shes not addicted
[2022-12-14 21:12:16] <@%D4RKEVA0204> also ari
[2022-12-14 21:12:33] <%Nobl3TeamChief> sifaveBongo yoo
[2022-12-14 21:12:39] <@%mercykyun> Hey Ari cruuvo did bring out a good point… when is Ari playing Fortnite? musicmommyNoted musicmommyNoted musicmommyNoted
[2022-12-14 21:12:43] <@%Wloos> the way I see it, you'd be playing games anyway
[2022-12-14 21:13:06] <@%D4RKEVA0204> ari didnt read my message before kanagoDespair
[2022-12-14 21:13:11] <@%Wloos> I'm down
[2022-12-14 21:13:25] <@%D4RKEVA0204> @Wloos yeah. im not complaining musicmommyUwU sea of thieves is stuff i can vibe to perfectly
[2022-12-14 21:13:30] VIEWERS: 118
[2022-12-14 21:13:38] <%+M00NPICKLE> gotta head to work now. thanks for the fun stream and good luck with the rest of it
[2022-12-14 21:13:45] <@%D4RKEVA0204> "but yeah ari, no need to get me in  musicmommyUwU   i do have early morning work and im kinda trying to fall asleep before 3am KEKW "
[2022-12-14 21:13:51] <@%Wloos> take care moon
[2022-12-14 21:14:07] <@%Wloos> oh I also missed that
[2022-12-14 21:14:10] <@%D4RKEVA0204> id love to play
[2022-12-14 21:14:16] <@%Wloos> sloop it up
[2022-12-14 21:14:18] <@%D4RKEVA0204> but ive been tired recently around 1pm. which is not good
[2022-12-14 21:14:54] <@%Wloos> I prefer the brigantine just because I don't have to manage 3 sails
[2022-12-14 21:15:06] <@%^Nightbot>* If you want stream updates, or you just want someone to talk to, join my Discord community here: https://discord.gg/d7d59VnNS7 ᕙ(^▿^-ᕙ)
[2022-12-14 21:15:22] <%GarmrUSAF> i feel like a galleon needs more than 4 people
[2022-12-14 21:15:30] VIEWERS: 120
[2022-12-14 21:15:31] <Michelleki0> are there ships of the line (200+ cannons) in the game saviseLaugh
[2022-12-14 21:15:36] <@%Wloos> eh actually idk
[2022-12-14 21:15:46] <@%Wloos> Brigantine feels manageable
[2022-12-14 21:15:56] <@%Wloos> but I love how the Galleon feels
[2022-12-14 21:16:00] <@%Wloos> it's very epic
[2022-12-14 21:16:55] <Michelleki0> disney stick saviseLaugh saviseLaugh saviseLaugh
[2022-12-14 21:16:58] <@%Wloos> you are a lil
[2022-12-14 21:17:02] <@%Wloos> a wee bit
[2022-12-14 21:17:30] Viewerstats (20:49-21:17): avg:119 min:93 max:127 [15/118+0−25+31+3+0+0−2+0−7+0+0+0+2+2]
[2022-12-14 21:17:30] VIEWERS: 122
[2022-12-14 21:18:13] <!%$Internet_Fail> musicmommyZoom musicmommyZoom musicmommyZoom
[2022-12-14 21:18:18] <%YouHaveCaptainDiabeetus> she was a good ship o7
[2022-12-14 21:18:36] <%GarmrUSAF> checking if my understanding of the treasure compass mechanic is correct, it points towards the nearest treasure, right?
[2022-12-14 21:18:45] <%srLndCS> german u boat 1943 colorized
[2022-12-14 21:19:30] VIEWERS: 122
[2022-12-14 21:19:32] <%GarmrUSAF> very original Swat
[2022-12-14 21:21:30] VIEWERS: 126
[2022-12-14 21:21:32] <@%Wloos> I'd love that overkill
[2022-12-14 21:21:57] <@%Wloos> roll up on a galleon and see 3 people cannon themselves onto ur ship
[2022-12-14 21:22:18] <@%Wloos> wait no, to their ship
[2022-12-14 21:22:20] <%+OccamsNinja> Euromom
[2022-12-14 21:22:34] <%GarmrUSAF> Euroswat
[2022-12-14 21:22:38] <@%Wloos> oh I like that one
[2022-12-14 21:23:15] <@%Wloos> weird
[2022-12-14 21:23:30] VIEWERS: 126
[2022-12-14 21:23:37] <@%Wloos> I guess captain ships don't let you customize by default unlike base ship
[2022-12-14 21:23:54] <%+OccamsNinja> yes
[2022-12-14 21:24:13] <@%Wloos> it fits cause well he's a knight
[2022-12-14 21:24:19] <@%Wloos> right:)
[2022-12-14 21:24:25] <%GarmrUSAF> i mean..... is it predictable if it's fitting?
[2022-12-14 21:25:06] <%+OccamsNinja> make everything hot pink
[2022-12-14 21:25:30] VIEWERS: 124
[2022-12-14 21:26:01] <%GarmrUSAF> so the Merkel would be appropriate?
[2022-12-14 21:27:30] VIEWERS: 124
[2022-12-14 21:28:11] <@%Wloos> any progress on Ari ship name?
[2022-12-14 21:28:41] <@%Wloos> musicmommyWicked musicmommyWicked musicmommyWicked musicmommyWicked musicmommyWicked musicmommyWicked musicmommyWicked musicmommyWicked musicmommyWicked musicmommyWicked musicmommyWicked
[2022-12-14 21:28:52] <%supergeorge18> musicmommyWow
[2022-12-14 21:29:00] <%+OccamsNinja> Eurosub with Swats piloting
[2022-12-14 21:29:30] VIEWERS: 121
[2022-12-14 21:29:49] <@%Wloos> BINOCULARS
[2022-12-14 21:30:08] <@%^Nightbot>* If you want stream updates, or you just want someone to talk to, join my Discord community here: https://discord.gg/d7d59VnNS7 ᕙ(^▿^-ᕙ)
[2022-12-14 21:30:09] <@%Wloos> ye I was about to say
[2022-12-14 21:30:14] <@%Wloos> I love that about this game
[2022-12-14 21:30:26] <@%Wloos> adds to my immersion
[2022-12-14 21:30:39] <jeyLark> Are you now only allowed to play Eurobeat on the Eurosloop?
[2022-12-14 21:30:45] <@%Wloos> musicmommyOMEGALUL
[2022-12-14 21:30:54] <@%Wloos> nice touch
[2022-12-14 21:31:14] <%+OccamsNinja> spyglass not binoculars
[2022-12-14 21:31:30] VIEWERS: 121
[2022-12-14 21:31:44] <@%Wloos> ye ye spyglass. I just love the binoculars emote
[2022-12-14 21:32:06] <@%Wloos> using toilet paper rolls to musicmommyInspect
[2022-12-14 21:33:22] <%+OccamsNinja> I want a C'thulu skull
[2022-12-14 21:33:30] VIEWERS: 131
[2022-12-14 21:33:49] <@%Wloos> I'm vain enough to leave sentimental reminders, but the skull would stick out so hard musicmommyOMEGALUL
[2022-12-14 21:34:03] <@%Wloos> actually if you get cthulu
[2022-12-14 21:34:09] <@%Wloos> I want Predator or Alien
[2022-12-14 21:34:37] <@%Wloos> that's a good idea
[2022-12-14 21:35:12] <%+OccamsNinja> Then ship out
[2022-12-14 21:35:30] VIEWERS: 131
[2022-12-14 21:37:11] <%+OccamsNinja> Hes the creepy uncle that wont leave
[2022-12-14 21:37:30] VIEWERS: 133
[2022-12-14 21:37:40] <@%Wloos> you think of you reload it wipes?
[2022-12-14 21:37:47] <@%Wloos> and you don't have to do it
[2022-12-14 21:38:28] <$luckylugnut115> hi Arianna
[2022-12-14 21:38:47] <%Burnty__> savisePeekkk
[2022-12-14 21:38:54] <@%Wloos> time to get Swat on the Koi powerleveling slot
[2022-12-14 21:39:30] VIEWERS: 133
[2022-12-14 21:39:33] <@%Wloos> musicmommyLurk burnty
[2022-12-14 21:40:10] <%+OccamsNinja> Swat needs to apologize for making Ari wet
[2022-12-14 21:40:24] <@%D4RKEVA0204> @Wloos there is... a powerleveling slot?
[2022-12-14 21:40:26] <@%Wloos> musicmommyThink
[2022-12-14 21:40:35] <@%D4RKEVA0204> gotta accept sir stevenson
[2022-12-14 21:40:41] <@%D4RKEVA0204> smh
[2022-12-14 21:40:48] <@%Wloos> oh I mean the part where you hop on as Koi finishes a solo run
[2022-12-14 21:41:01] <@%D4RKEVA0204> ahh
[2022-12-14 21:41:30] VIEWERS: 133
[2022-12-14 21:41:51] [Points] GarmrUSAF redeemed Stretch! (600)
[2022-12-14 21:41:58] <%+OccamsNinja> Ocean Truckers
[2022-12-14 21:42:05] <@%Wloos> musicmommyOMEGALUL musicmommyOMEGALUL musicmommyOMEGALUL musicmommyOMEGALUL musicmommyOMEGALUL
[2022-12-14 21:42:32] <@%Wloos> I like that analogy
[2022-12-14 21:43:13] <@%Wloos> I wish the sails had an obscene amount of options
[2022-12-14 21:43:28] <@%Wloos> but I guess it's on the paid stuff
[2022-12-14 21:43:30] VIEWERS: 129
[2022-12-14 21:43:42] <@%Wloos> bro
[2022-12-14 21:43:47] <@%Wloos> those don't exist anymore
[2022-12-14 21:44:03] <@%Wloos> or maybe they do, but idk where
[2022-12-14 21:44:59] <@%Wloos> OH it's a unique object for "Lost Shipment" quests
[2022-12-14 21:45:03] <@%Wloos> 1 per run
[2022-12-14 21:45:07] <@%^Nightbot>* If you want stream updates, or you just want someone to talk to, join my Discord community here: https://discord.gg/d7d59VnNS7 ᕙ(^▿^-ᕙ)
[2022-12-14 21:45:13] <@%Wloos> merchant alliance quest I think
[2022-12-14 21:45:30] VIEWERS: 115
[2022-12-14 21:46:03] <%+OccamsNinja> Ari cant read confirmed
[2022-12-14 21:46:07] <@%Wloos> it's a very nice skin line
[2022-12-14 21:46:19] <@%Wloos> Ruined
[2022-12-14 21:46:45] <@%Wloos> Ruined skinline for recent
[2022-12-14 21:47:00] <@%Wloos> Irelia has so many skins dude
[2022-12-14 21:47:18] <NaokiAzul> bongoTap AlienPls
[2022-12-14 21:47:30] Viewerstats (21:19-21:47): avg:125 min:115 max:133 [15/122+4+0−2+0−3+0+10+0+2+0+0−4−14+0]
[2022-12-14 21:47:30] VIEWERS: 115
[2022-12-14 21:49:30] VIEWERS: 121
[2022-12-14 21:49:40] <%+OccamsNinja> I wanna make my ship 40K themed
[2022-12-14 21:51:30] VIEWERS: 121
[2022-12-14 21:51:47] <%+OccamsNinja> Yes Ari you are
[2022-12-14 21:52:16] <%+OccamsNinja> musicmommyOMEGALUL musicmommyOMEGALUL musicmommyOMEGALUL musicmommyOMEGALUL musicmommyOMEGALUL musicmommyOMEGALUL musicmommyOMEGALUL
[2022-12-14 21:52:47] <KishiAlpha> @Wloos there is no better way to fix your game, just make more skins KEKW
[2022-12-14 21:52:59] <@%Wloos> honestly tho
[2022-12-14 21:53:10] <NaokiAzul> kanagoFast
[2022-12-14 21:53:11] <@%Wloos> good skins and I'll be happy
[2022-12-14 21:53:20] <@%Wloos> drip chaser
[2022-12-14 21:53:30] VIEWERS: 115
[2022-12-14 21:53:39] <@%Wloos> brb tho I'm gunna relax with some chores
[2022-12-14 21:55:12] <%+OccamsNinja> Moon passerbys
[2022-12-14 21:55:30] VIEWERS: 115
[2022-12-14 21:57:30] VIEWERS: 110
[2022-12-14 21:57:57] <%unidentified_greenninja> i am back musicmommyWave
[2022-12-14 21:58:23] <%+OccamsNinja> ? I never left
[2022-12-14 21:58:51] <%unidentified_greenninja> ah a sloop today, ye missing some crew musicmommyThink
[2022-12-14 21:59:30] VIEWERS: 110
[2022-12-14 22:01:00] <%unidentified_greenninja> oh you can buy a galleon musicmommyWicked
[2022-12-14 22:01:27] <Michelleki0> Electro goose
[2022-12-14 22:01:30] VIEWERS: 114
[2022-12-14 22:02:42] <Michelleki0> saviseLaugh saviseLaugh
[2022-12-14 22:02:45] <@%D4RKEVA0204> a big chest Kappa
[2022-12-14 22:03:16] <NaokiAzul> POGSLIDE
[2022-12-14 22:03:30] VIEWERS: 114
[2022-12-14 22:04:03] <%+OccamsNinja> You'll never find a chest bigger than the one you already got
[2022-12-14 22:05:25] <@%D4RKEVA0204> oh right ari wasnt with us when we had that one LUL
[2022-12-14 22:05:30] VIEWERS: 114
[2022-12-14 22:05:46] <%srLndCS> this is fine
[2022-12-14 22:05:50] <%srLndCS> delivery made
[2022-12-14 22:07:30] VIEWERS: 114
[2022-12-14 22:09:30] VIEWERS: 109
[2022-12-14 22:10:24] <NaokiAzul> That sounds sus noto2dOgey
[2022-12-14 22:11:32] VIEWERS: 109
[2022-12-14 22:12:50] <saucskeucheesa> It's Waifu Wednesday everyone. Yayeaaahhh!!!
[2022-12-14 22:13:13] <KishiAlpha> everyday is waifu day for me too KEKW
[2022-12-14 22:13:20] <%+OccamsNinja> Get him a qipao in his colors
[2022-12-14 22:13:33] VIEWERS: 105
[2022-12-14 22:13:38] <NaokiAzul> Let's gooo kanagoWoo
[2022-12-14 22:13:45] <KishiAlpha> you mean white and blue KEKW
[2022-12-14 22:15:06] <@%^Nightbot>* If you want stream updates, or you just want someone to talk to, join my Discord community here: https://discord.gg/d7d59VnNS7 ᕙ(^▿^-ᕙ)
[2022-12-14 22:15:14] <KishiAlpha> blue eyes and white skin KEKW
[2022-12-14 22:15:16] [Notification] Antimony_AP subscribed at Tier 1. They've subscribed for 7 months! [Are ya winning Aria]
[2022-12-14 22:15:33] VIEWERS: 105
[2022-12-14 22:15:34] <%Antimony_AP> Poggggg
[2022-12-14 22:16:41] <NaokiAzul> noto2dOmegalul
[2022-12-14 22:17:06] <+vanishing2013> ironmouseWiggly ironmouseWiggly Is that a pirate i see
[2022-12-14 22:17:33] Viewerstats (21:49-22:17): avg:112 min:105 max:121 [15/121+0−6+0−5+0+4+0+0+0−5+0−4+0+0]
[2022-12-14 22:17:33] VIEWERS: 105
[2022-12-14 22:19:35] VIEWERS: 112
[2022-12-14 22:21:23] <%Beulena> we slooping it up?
[2022-12-14 22:21:38] VIEWERS: 112
[2022-12-14 22:22:18] <@%D4RKEVA0204> well im gonna head off d4rkevLove
[2022-12-14 22:22:21] <@%D4RKEVA0204> have fun you 2
[2022-12-14 22:23:41] VIEWERS: 112
[2022-12-14 22:24:01] <%+OccamsNinja> Ari just hanging out
[2022-12-14 22:24:11] <NaokiAzul> Take care Eva kanagoSalute
[2022-12-14 22:25:22] <%+OccamsNinja> Jedi mind trick
[2022-12-14 22:25:24] <NaokiAzul> "It just works" kanagoSmug
[2022-12-14 22:25:41] VIEWERS: 112
[2022-12-14 22:27:41] VIEWERS: 112
[2022-12-14 22:29:41] VIEWERS: 124
[2022-12-14 22:31:41] VIEWERS: 124
[2022-12-14 22:32:24] <+TheHisag> !song
[2022-12-14 22:33:15] <~%AriannaFoxton> Teminite - Raise The Black Flag
[2022-12-14 22:33:37] <NaokiAzul> Wb noto2dCheer
[2022-12-14 22:33:41] VIEWERS: 124
[2022-12-14 22:33:47] <@%Aamanes> WOH
[2022-12-14 22:34:07] <@%Aamanes> WIR HABEN GEWONNEN
[2022-12-14 22:34:08] <@%+Cruuvo> Wokge
[2022-12-14 22:34:15] <%unidentified_greenninja> is it possible to join at some point musicmommyThink
[2022-12-14 22:34:26] <@%Gibster99> Merchant grinding?
[2022-12-14 22:34:40] <%unidentified_greenninja> okay
[2022-12-14 22:34:48] <%unidentified_greenninja> sounds fair
[2022-12-14 22:34:58] <Angelic_Wraith> Hello
[2022-12-14 22:35:07] <%unidentified_greenninja> makes sense
[2022-12-14 22:35:41] VIEWERS: 95
[2022-12-14 22:35:47] <@%Aamanes> Throwback to that sloop just like yours that I put on fire then made off with it while on fire
[2022-12-14 22:36:30] <@%Gibster99> 5Head
[2022-12-14 22:37:05] <ladylyme> @Aamanes just put the heating on
[2022-12-14 22:37:08] <ladylyme> no biggie
[2022-12-14 22:37:24] [Notification] Aamanes gifted a Tier 1 sub to ladylyme! They have given 502 Gift Subs in the channel! ladylyme has subscribed for 11 months!
[2022-12-14 22:37:36] <%ladylyme> musicmommyCheer
[2022-12-14 22:37:41] VIEWERS: 101
[2022-12-14 22:37:48] <@%Gibster99> Did you get 50 gold hoarders?
[2022-12-14 22:38:26] <%+OccamsNinja> Turn in your chest for max rep
[2022-12-14 22:38:59] <@%Gibster99> You can store them in each barrel now
[2022-12-14 22:39:12] <@%Gibster99> If you do the opposite of taking
[2022-12-14 22:39:21] <@%Wloos> you can do the opposite but store ye
[2022-12-14 22:39:41] VIEWERS: 101
[2022-12-14 22:39:44] <@%Wloos> oh yeye
[2022-12-14 22:40:11] <@%Gibster99> Uhh
[2022-12-14 22:40:19] <@%Gibster99> If you're grinding merchants set it to that
[2022-12-14 22:40:29] <@%Gibster99> Because it only goes up for their stuff
[2022-12-14 22:40:43] <@%Gibster99> Won't get bonus gold for turning in chests
[2022-12-14 22:40:54] <Mint_Tea__> I returned
[2022-12-14 22:41:03] <Mint_Tea__> I got a flipper zero
[2022-12-14 22:41:06] <@%Gibster99> It's usually the place you start the quest
[2022-12-14 22:41:10] <@%Wloos> ye, it's kinda Sadge that it's loot specific
[2022-12-14 22:41:11] <@%Gibster99> 8/10
[2022-12-14 22:41:23] <Mint_Tea__> prayersBLANKETDANCE inisBlankie
[2022-12-14 22:41:24] <%+OccamsNinja> My brother once boarded a galleon that had 5-6 explosive barrels below deck
[2022-12-14 22:41:42] VIEWERS: 110
[2022-12-14 22:41:43] <@%Wloos> the gold hoarder chests are just cooler
[2022-12-14 22:41:53] <@%Gibster99> There's a more fun merchants quest
[2022-12-14 22:41:58] <@%Gibster99> I guess it's not unlocked for you yet
[2022-12-14 22:42:08] <@%Gibster99> You search for a lost ship
[2022-12-14 22:42:17] <@%Gibster99> On a given trade route
[2022-12-14 22:42:31] <@%Wloos> oh ye that's the one for the sail you were looking at
[2022-12-14 22:42:33] <@%Gibster99> Been grinding those
[2022-12-14 22:42:47] <@%Wloos> that's the captain's cabin quest
[2022-12-14 22:42:54] <@%Gibster99> Yea
[2022-12-14 22:43:23] <@%Wloos> that's what the 1st kind dude set me out to find solo
[2022-12-14 22:43:34] <@%Wloos> I did not find that shit
[2022-12-14 22:43:43] VIEWERS: 110
[2022-12-14 22:43:48] <@%Gibster99> It's kinda hard at first
[2022-12-14 22:43:51] <@%Gibster99> But there's a pattern
[2022-12-14 22:43:59] <@%Wloos> is it a seagull thing?
[2022-12-14 22:44:18] <@%Gibster99> Yea
[2022-12-14 22:44:22] <@%Gibster99> You gotta find clues usually
[2022-12-14 22:44:26] <@%Wloos> yes ofc
[2022-12-14 22:44:28] <@%Gibster99> Which give you the captains key
[2022-12-14 22:44:32] <@%Wloos> mmmm
[2022-12-14 22:44:35] <@%Gibster99> Or you can just rush and find the shipwreck
[2022-12-14 22:44:43] <@%Wloos> ohhhh
[2022-12-14 22:44:43] <@%Gibster99> It's typically at the end of the trade route
[2022-12-14 22:44:50] <@%Gibster99> But you make like no money
[2022-12-14 22:44:52] <@%Wloos> musicmommyNoted
[2022-12-14 22:44:55] <@%Gibster99> It's practically a vault quest
[2022-12-14 22:45:01] <@%Gibster99> But different mechanics
[2022-12-14 22:45:06] <@%^Nightbot>* If you want stream updates, or you just want someone to talk to, join my Discord community here: https://discord.gg/d7d59VnNS7 ᕙ(^▿^-ᕙ)
[2022-12-14 22:45:30] <%+OccamsNinja> Thanks for that Ari I was eating
[2022-12-14 22:45:46] VIEWERS: 98
[2022-12-14 22:45:47] <@%Wloos> I'm definitely gunna try and solo finish one
[2022-12-14 22:45:59] <%+OccamsNinja> Oreos
[2022-12-14 22:46:08] <@%Gibster99> I'm gonna hop on soon if you wanna join
[2022-12-14 22:46:18] <@%Wloos> also, I've bound everything to an accessible keybind and I love it so much more than the radial menu
[2022-12-14 22:46:26] <@%Wloos> I'm down
[2022-12-14 22:46:34] <%+OccamsNinja> I think I made the better choice
[2022-12-14 22:46:48] <@%Wloos> just finished chores and stuff I wanted to do
[2022-12-14 22:47:08] <@%Wloos> and my in ears just died
[2022-12-14 22:47:08] <@%Gibster99> bottles you can't jump
[2022-12-14 22:47:46] Viewerstats (22:19-22:47): avg:109 min:95 max:124 [15/112+0+0+0+0+12+0+0−29+6+0+9+0−12+0]
[2022-12-14 22:47:46] VIEWERS: 98
[2022-12-14 22:48:13] <@%Gibster99> Do we run a sloop or a brig?
[2022-12-14 22:49:30] <%+OccamsNinja> can you usethe water pump for fires to get water for it?
[2022-12-14 22:49:46] VIEWERS: 98
[2022-12-14 22:49:47] <@%Gibster99> ye
[2022-12-14 22:51:18] <@%Gibster99> Rain will get the cloth wet btw
[2022-12-14 22:51:46] VIEWERS: 103
[2022-12-14 22:53:46] VIEWERS: 103
[2022-12-14 22:54:21] <%srLndCS> he was on that walkway
[2022-12-14 22:55:46] VIEWERS: 98
[2022-12-14 22:57:47] VIEWERS: 98
[2022-12-14 22:59:21] <vietdragongx> :) <3
[2022-12-14 22:59:22] <%ladylyme> Sea of Thieves makes me want waffles...
[2022-12-14 22:59:41] <%ladylyme> I dunno
[2022-12-14 22:59:44] <%ladylyme> Just makes me want waffles
[2022-12-14 22:59:47] VIEWERS: 91
[2022-12-14 23:00:28] <!%$Internet_Fail> musicmommyDance musicmommyDance
[2022-12-14 23:01:10] <@%^Nightbot>* If you want stream updates, or you just want someone to talk to, join my Discord community here: https://discord.gg/d7d59VnNS7 ᕙ(^▿^-ᕙ)
[2022-12-14 23:01:16] <%+OccamsNinja> Dont tread on me
[2022-12-14 23:01:29] <%ladylyme> *no step on snek*
[2022-12-14 23:01:51] VIEWERS: 91
[2022-12-14 23:02:00] <%ladylyme> I like the one where it says "don't tread on me - unless you're *goes off listing the groups they grovel to*"
[2022-12-14 23:02:23] <%ladylyme> I can send it if you want lol, kinda humorous
[2022-12-14 23:03:52] VIEWERS: 86
[2022-12-14 23:04:00] <%+OccamsNinja> Is it drunk?
[2022-12-14 23:04:55] <@%Gibster99> Yours might have been vault door
[2022-12-14 23:05:54] VIEWERS: 86
[2022-12-14 23:06:27] <Rensem_> the key is easy to get and worth your blue coins
[2022-12-14 23:06:41] <Deltatygr> those chests, initially are more for the cosmetics that the tomes can unlock for you.
[2022-12-14 23:06:55] <Kiav> Would you like to know the answer? or naw
[2022-12-14 23:07:30] <Kiav> doubloons!
[2022-12-14 23:07:38] <Kiav> Hope that helps jog the memory
[2022-12-14 23:07:44] <!%$Internet_Fail> Is not tiny, is average
[2022-12-14 23:07:56] VIEWERS: 91
[2022-12-14 23:08:27] <%+OccamsNinja> Every word you say just makes it so much worse
[2022-12-14 23:09:56] VIEWERS: 91
[2022-12-14 23:11:56] VIEWERS: 91
[2022-12-14 23:13:07] [Notification] kuhndogvt subscribed at Tier 1. They've subscribed for 2 months!
[2022-12-14 23:13:56] VIEWERS: 104
[2022-12-14 23:13:58] <Jarchon> i thought swat's gonna say he's got a pretty okay-ish kink
[2022-12-14 23:15:29] <Kiav> you're enjooooying the gaaaaame
[2022-12-14 23:15:51] <@%Gibster99> I hate those quests
[2022-12-14 23:15:56] VIEWERS: 104
[2022-12-14 23:16:11] <@%AGoJyt_> do the drop tech with plants
[2022-12-14 23:16:17] <Jarchon> it's okay, the game's becoming your fetish
[2022-12-14 23:16:33] <%unidentified_greenninja> merchants are a pain to grind
[2022-12-14 23:16:57] <@%AGoJyt_> unsubbing
[2022-12-14 23:16:59] <Rensem_> merchant will become easy money grind later on
[2022-12-14 23:17:12] [Notification] pml103 subscribed at Tier 1. They've subscribed for 4 months!
[2022-12-14 23:17:13] <%GarmrUSAF> "pirates aren't a fetish" uuhhhh yeahhhh about that
[2022-12-14 23:17:56] Viewerstats (22:49-23:17): avg:96 min:86 max:110 [15/98+5+0−5+0−7+0−5+0+5+0+0+13+0+6]
[2022-12-14 23:17:56] VIEWERS: 110
[2022-12-14 23:18:36] <Rensem_> ooo do the shipwreck quest
[2022-12-14 23:18:53] <%+lootermoan> musicmommyNoted musicmommyHeadpat
[2022-12-14 23:19:11] <Kiav> shipwrecks quests are super fun
[2022-12-14 23:19:12] <%GarmrUSAF> tag reveal on 1k active viewers?
[2022-12-14 23:19:56] VIEWERS: 110
[2022-12-14 23:21:56] VIEWERS: 110
[2022-12-14 23:22:57] [Usernotice] pml103 is gifting 20 Tier 1 Subs to AriannaFoxton's community! They've gifted a total of 76 in the channel!
[2022-12-14 23:22:58] [Notification] pml103 gifted a Tier 1 sub to Bommlon1!
[2022-12-14 23:22:58] [Notification] pml103 gifted a Tier 1 sub to HighCaliberTree!
[2022-12-14 23:22:58] [Notification] pml103 gifted a Tier 1 sub to Phialkupp! Phialkupp has subscribed for 2 months!
[2022-12-14 23:22:58] [Notification] pml103 gifted a Tier 1 sub to nexter____! nexter____ has subscribed for 3 months!
[2022-12-14 23:22:58] [Notification] pml103 gifted a Tier 1 sub to jaws_plays! jaws_plays has subscribed for 2 months!
[2022-12-14 23:22:58] [Notification] pml103 gifted a Tier 1 sub to Tyrant84! Tyrant84 has subscribed for 3 months!
[2022-12-14 23:22:58] [Notification] pml103 gifted a Tier 1 sub to Beery77! Beery77 has subscribed for 3 months!
[2022-12-14 23:22:58] [Notification] pml103 gifted a Tier 1 sub to xander_dk! xander_dk has subscribed for 3 months!
[2022-12-14 23:22:58] [Notification] pml103 gifted a Tier 1 sub to pytvetjama! pytvetjama has subscribed for 4 months!
[2022-12-14 23:22:58] [Notification] pml103 gifted a Tier 1 sub to coyote_blin!
[2022-12-14 23:22:58] [Notification] pml103 gifted a Tier 1 sub to schlomian! schlomian has subscribed for 2 months!
[2022-12-14 23:22:58] [Notification] pml103 gifted a Tier 1 sub to arjayylmao!
[2022-12-14 23:22:58] [Notification] pml103 gifted a Tier 1 sub to Royos! Royos has subscribed for 3 months!
[2022-12-14 23:22:58] [Notification] pml103 gifted a Tier 1 sub to HankyPrankyy!
[2022-12-14 23:22:58] [Notification] pml103 gifted a Tier 1 sub to jeyLark!
[2022-12-14 23:22:58] [Notification] pml103 gifted a Tier 1 sub to Overlord_Commander! Overlord_Commander has subscribed for 2 months!
[2022-12-14 23:22:58] [Notification] pml103 gifted a Tier 1 sub to Pas_Spartan! Pas_Spartan has subscribed for 2 months!
[2022-12-14 23:22:59] [Notification] pml103 gifted a Tier 1 sub to Forecs!
[2022-12-14 23:22:59] [Notification] pml103 gifted a Tier 1 sub to bogan_wombat_aus!
[2022-12-14 23:22:59] [Notification] pml103 gifted a Tier 1 sub to HarukaDunois!
[2022-12-14 23:23:06] <%wehata> musicmommyCheer musicmommyCheer
[2022-12-14 23:23:10] <%GarmrUSAF> 20 closer now
[2022-12-14 23:23:15] <Frostmoon532> realvrLUL
[2022-12-14 23:23:19] <%unidentified_greenninja> sheesh
[2022-12-14 23:23:23] <Jarchon> the forbidden texts
[2022-12-14 23:23:25] <+TheDGsaga> Ahoy Captain!
[2022-12-14 23:23:26] <%YouHaveCaptainDiabeetus> "But what I do have are a very particular set of kinks, kinks I have acquired over a very long career."
[2022-12-14 23:23:27] <!%$Internet_Fail> Lets Go!
[2022-12-14 23:23:29] <+TheDGsaga> How u doing?
[2022-12-14 23:23:56] VIEWERS: 110
[2022-12-14 23:24:00] <%YouHaveCaptainDiabeetus> what ari, it's a classic
[2022-12-14 23:24:19] <%pml103> it's not very usuall
[2022-12-14 23:25:33] <Jarchon> i feel like getting the joke? but it's so british
[2022-12-14 23:25:56] VIEWERS: 98
[2022-12-14 23:26:58] <%GarmrUSAF> the front fell off
[2022-12-14 23:27:56] VIEWERS: 98
[2022-12-14 23:29:12] <@%Gibster99> PantsGrab I caught it
[2022-12-14 23:29:48] <@%AGoJyt_> PantsGrab
[2022-12-14 23:29:55] <@%Gibster99> I think Wloos and I were just there LOL
[2022-12-14 23:29:56] VIEWERS: 107
[2022-12-14 23:30:09] <@%^Nightbot>* If you want stream updates, or you just want someone to talk to, join my Discord community here: https://discord.gg/d7d59VnNS7 ᕙ(^▿^-ᕙ)
[2022-12-14 23:31:56] VIEWERS: 107
[2022-12-14 23:33:56] VIEWERS: 101
[2022-12-14 23:33:58] <@%Gibster99> musicmommyGun
[2022-12-14 23:34:53] <UNCLE> UNCL7
[2022-12-14 23:35:05] <@%Gibster99> Not really lmao
[2022-12-14 23:35:11] <VonCleebo> kurumiiNODDERS Yoho ho yo! kurumiiO
[2022-12-14 23:35:17] <UNCLE> YEE APPRECIATE U :3
[2022-12-14 23:35:56] VIEWERS: 103
[2022-12-14 23:36:40] <VonCleebo> Ooooohhhhh in the navyyyyyy! We sail the seven seas! aruuuSing kurumiiSing
[2022-12-14 23:37:56] VIEWERS: 103
[2022-12-14 23:38:00] <@%Gibster99> Did you get the key?
[2022-12-14 23:38:08] <Michelleki0> is swat going to sing Rotes Gummiboot
[2022-12-14 23:38:15] <@%Gibster99> The clues are directing you to a captains key
[2022-12-14 23:38:18] <@%Gibster99> Not to the ship
[2022-12-14 23:38:29] <@%Gibster99> If you don't have they key
[2022-12-14 23:38:33] <@%Gibster99> The ship isn't worth looting
[2022-12-14 23:38:50] <@%Gibster99> Like a vault
[2022-12-14 23:38:53] <@%Gibster99> The clues point you to it
[2022-12-14 23:39:14] <@%Gibster99> Yea just follow the clues is enough
[2022-12-14 23:39:56] VIEWERS: 103
[2022-12-14 23:40:47] <@%Gibster99> Seagulls in B11
[2022-12-14 23:40:53] <@%Gibster99> Or around
[2022-12-14 23:41:14] <@%Gibster99> Could be different I don't think I've found all the permutations yet
[2022-12-14 23:41:31] <VonCleebo> nagiquNodders nagiquNodders nagiquNodders nagiquNodders Love the music
[2022-12-14 23:41:48] <VonCleebo> nihmunHypernums
[2022-12-14 23:41:56] VIEWERS: 105
[2022-12-14 23:42:24] <%+tautomer2> Hey everyone, hope you're all having a good wednesday
[2022-12-14 23:42:29] <VonCleebo> Its spiking my endorphin drunk brain
[2022-12-14 23:43:02] <%+DeathFreakk> wasserschwein is another german word for capybara
[2022-12-14 23:43:04] <VonCleebo> @tautomer2 yakiiLove
[2022-12-14 23:43:56] VIEWERS: 105
[2022-12-14 23:44:32] <!%$Internet_Fail> musicmommyVibe I'll be the first to go musicmommyDed musicmommyDed musicmommyDed
[2022-12-14 23:45:07] <@%^Nightbot>* If you want stream updates, or you just want someone to talk to, join my Discord community here: https://discord.gg/d7d59VnNS7 ᕙ(^▿^-ᕙ)
[2022-12-14 23:45:56] VIEWERS: 118
[2022-12-14 23:46:04] <@%Gibster99> It's just a breadcrumb
[2022-12-14 23:46:09] <@%Gibster99> Just go to the place it says
[2022-12-14 23:46:17] <@%Gibster99> The rest of it doesn't really matter
[2022-12-14 23:46:23] <@%Gibster99> Unless it says they talked to someone
[2022-12-14 23:47:56] Viewerstats (23:19-23:47): avg:106 min:98 max:118 [15/110+0+0−12+0+9+0−6+2+0+0+2+0+13+0]
[2022-12-14 23:47:56] VIEWERS: 118
[2022-12-14 23:48:13] <curliejoes> Follow <3
[2022-12-14 23:48:56] <@%+Cruuvo> musicmommyWow
[2022-12-14 23:49:56] VIEWERS: 113
[2022-12-14 23:50:03] <%+Killer_Alien1> musicmommyWave musicmommyJam
[2022-12-14 23:50:47] <%GarmrUSAF> joke's on you swat i'd wear the maid dress without you telling me to
[2022-12-14 23:51:25] <@%Gibster99> Uhh
[2022-12-14 23:51:27] <@%Gibster99> Find the ship
[2022-12-14 23:51:30] <@%Gibster99> The key fits
[2022-12-14 23:51:43] <@%Gibster99> Did they give another clue?
[2022-12-14 23:51:56] VIEWERS: 113
[2022-12-14 23:52:07] <@%Gibster99> Just go between where you are and the end
[2022-12-14 23:52:23] <@%Gibster99> It's not
[2022-12-14 23:52:25] <@%Gibster99> Kids game
[2022-12-14 23:53:07] <@%Gibster99> It's almost always very close to the last island on the map
[2022-12-14 23:53:15] <%KappaToast> ratJAM
[2022-12-14 23:53:56] VIEWERS: 113
[2022-12-14 23:54:04] <@%Gibster99> Once I have the key I just always book it to the last island
[2022-12-14 23:54:06] <@%Gibster99> And find the seagulls
[2022-12-14 23:54:50] <@%Gibster99> No
[2022-12-14 23:54:52] <@%Gibster99> It's a door
[2022-12-14 23:55:26] <RemiDaYeen> The key apparently doesn't work if you grab the manifest first, open the captain's cabin before touching the manifest
[2022-12-14 23:56:01] VIEWERS: 110
[2022-12-14 23:56:04] <@%Gibster99> No
[2022-12-14 23:56:19] <@%Gibster99> The key isn't possible to be retrieved if you take the manifest
[2022-12-14 23:56:26] <@%Gibster99> Like the clues to find the key despawn
[2022-12-14 23:56:32] <RemiDaYeen> Oh okay, it's in that order
[2022-12-14 23:56:56] <@%Gibster99> I have found the ship
[2022-12-14 23:56:57] <@%Gibster99> And marked it
[2022-12-14 23:57:01] <@%Gibster99> Then went and found the key
[2022-12-14 23:57:07] <RemiDaYeen> I was misinformed then, but yeah, definitely find the key before the shipwreck
[2022-12-14 23:57:41] <RemiDaYeen> I was just passing by, I'll be back later, you guys have fun
[2022-12-14 23:58:01] VIEWERS: 110
[2022-12-14 23:58:51] <@%Gibster99> If the key is a side quest to retrieve
[2022-12-14 23:59:01] <@%Gibster99> You fail it if you pickup the manifest before finding the key
[2022-12-14 23:59:07] <@%Gibster99> No
[2022-12-14 23:59:09] <@%Gibster99> It's good
[2022-12-14 23:59:56] <@%Gibster99> Did you get the manifest?
