# Log started: 2022-12-08 00:24:00 +0100
[2022-12-08 00:24:00] ~Stream offline~
[2022-12-08 00:24:00] Joining #maggiekarp_..
[2022-12-08 00:24:00] You have joined #maggiekarp_
[2022-12-08 02:41:48] <~%maggiekarp_> PandesaL0000 has followed! :)
[2022-12-08 03:01:37] <~%maggiekarp_> medjaustine has followed! :)
[2022-12-08 03:24:38] <~%maggiekarp_> jhonquizon has followed! :)
[2022-12-08 04:34:29] <~%maggiekarp_> orpheus_04 has followed! :)
[2022-12-08 05:28:25] <~%maggiekarp_> ian222223344 has followed! :)
[2022-12-08 06:48:52] <~%maggiekarp_> hu663r5 has followed! :)
[2022-12-08 07:05:47] <~%maggiekarp_> chaziro has followed! :)
[2022-12-08 07:13:56] <!%9MiMoSa> !watchtime
[2022-12-08 07:14:01] <!%9MiMoSa> !hours
[2022-12-08 07:14:05] <!%9MiMoSa> !nvm
[2022-12-08 07:15:05] <@^Nightbot> Come join Magu's discord and interact with the community! VoHiYo https://discord.gg/xYzjFNDP3e
[2022-12-08 07:16:04] <@^Nightbot> Stay connected with me @ https://www.facebook.com/Magukarp  ♡ https://twitter.com/magukarp ♡  https://www.instagram.com/magukarp/ ♡ https://www.tiktok.com/@magukarp  ♡ https://www.youtube.com/c/Maggiekarp ♡
[2022-12-08 07:44:42] <~%maggiekarp_> phenom4s3 has followed! :)
[2022-12-08 07:47:37] <~%maggiekarp_> mmsfaker has followed! :)
[2022-12-08 08:02:07] <~%maggiekarp_> l3raindead2507 has followed! :)
[2022-12-08 08:02:54] <@%Riataro> !watchtime
[2022-12-08 08:02:54] <@^StreamElements> Riataro has spent 0 secs watching maggiekarp_
[2022-12-08 08:05:43] <@%Riataro> !watchtime
[2022-12-08 08:05:43] <@^StreamElements> Riataro has spent 0 secs watching maggiekarp_
[2022-12-08 08:06:21] <@%Riataro> !test
[2022-12-08 08:06:22] <@^StreamElements> Riataro has spent 0 secs watching maggiekarp_
[2022-12-08 08:06:56] <@%Riataro> !test
[2022-12-08 08:06:56] <@^StreamElements> Riataro has spent 1/0 watching maggiekarp_
[2022-12-08 08:11:12] <@%Riataro> !watchtime
[2022-12-08 08:11:12] <@^StreamElements> Riataro has spent 0 secs watching maggiekarp_
[2022-12-08 08:11:34] <@%Riataro> !test
[2022-12-08 08:11:34] <@^StreamElements> Riataro has spent 1/0 watching maggiekarp_
[2022-12-08 08:12:26] <@%Riataro> !test
[2022-12-08 08:12:26] <@^StreamElements> Riataro has spent 0 secs watching maggiekarp_
[2022-12-08 08:15:05] <@^Nightbot> Come join Magu's discord and interact with the community! VoHiYo https://discord.gg/xYzjFNDP3e
[2022-12-08 08:16:03] <@^Nightbot> Stay connected with me @ https://www.facebook.com/Magukarp  ♡ https://twitter.com/magukarp ♡  https://www.instagram.com/magukarp/ ♡ https://www.tiktok.com/@magukarp  ♡ https://www.youtube.com/c/Maggiekarp ♡
[2022-12-08 08:18:41] <@%Riataro> !watchtime
[2022-12-08 08:18:41] <@^StreamElements> Riataro has spent 0 secs watching maggiekarp_
[2022-12-08 08:19:01] <@%Riataro> !watchtime
[2022-12-08 08:19:02] <@^StreamElements> Riataro has spent 0 secs watching maggiekarp_
[2022-12-08 08:19:16] <@%Riataro> !watchtime2
[2022-12-08 08:20:15] <@%Riataro> !watchtime2
[2022-12-08 08:20:16] <@^Streamlabs> * @Riataro has watched the stream for 811.17 hours.
[2022-12-08 08:22:11] <@%Riataro> !watchtime
[2022-12-08 08:22:12] <@^StreamElements> Riataro has spent 0 secs watching maggiekarp_
[2022-12-08 08:22:30] <@%Riataro> !watchtime2
[2022-12-08 08:22:52] <@%Riataro> !watchtime
[2022-12-08 08:23:06] <@%Riataro> !watchtime
[2022-12-08 08:23:25] <@%Riataro> !watchtime
[2022-12-08 08:23:32] <@%Riataro> !watchtime
[2022-12-08 08:23:35] <@%Riataro> !watchtime2
[2022-12-08 08:23:43] <@%Riataro> !watchtime2
[2022-12-08 08:24:05] <@%Riataro> !watchtime
[2022-12-08 08:24:06] <@^Streamlabs> * @Riataro has watched the stream for 837.18 hours.
[2022-12-08 08:24:39] <@%Riataro> !watchtime
[2022-12-08 08:24:39] <@^Streamlabs> @Riataro has watched the stream for 1161.60 hours.
[2022-12-08 08:24:43] <@%Riataro> !tophours
[2022-12-08 08:25:09] <@%Riataro> !tophours
[2022-12-08 08:25:09] <@^Streamlabs> Top 10 Hours: 1. maggiekarp_ (1304.17), 2. streamlabs (1301.75), 3. commanderroot (1255.00), 4. evade_gg (1227.00), 5. nightbot (1211.58), 6. virgoproz (1196.33), 7. 9mimosa (1188.83), 8. streamelements (1163.58), 9. riataro (1161.60), 10. valentinaaiko (1075.58).
[2022-12-08 08:26:56] <@%Riataro> !subs
[2022-12-08 08:26:56] <@^Nightbot> 366 people are currently subscribed.
[2022-12-08 08:30:06] <@^Nightbot> Come join Magu's discord and interact with the community! VoHiYo https://discord.gg/xYzjFNDP3e
[2022-12-08 08:32:09] <~%maggiekarp_> meepmerp_ph has followed! :)
[2022-12-08 09:37:41] <~%maggiekarp_> rotobox77 has followed! :)
[2022-12-08 12:55:24] <%shycodelix> !watchtime
[2022-12-08 12:55:24] <@^Streamlabs> @shycodelix has watched the stream for 233.33 hours.
[2022-12-08 13:00:08] <@^Nightbot> Come join Magu's discord and interact with the community! VoHiYo https://discord.gg/xYzjFNDP3e
