# Log started: 2022-12-15 16:58:22 +0100
[2022-12-15 16:58:22] ~Stream offline~
[2022-12-15 16:58:22] Joining #akiwoo..
[2022-12-15 16:58:22] You have joined #akiwoo
[2022-12-15 18:09:28] <%kalleila> $cookie
[2022-12-15 18:09:28] <@%Supibot> kalleila, Your daily cookie: Before the beginning of great brilliance, there must be chaos.
[2022-12-15 18:10:28] <%kalleila> xdd666
[2022-12-15 18:10:28] <@^akiwoobot> xdd
[2022-12-15 18:10:32] <@%jimmydorry> xdd
[2022-12-15 19:30:41] <%palapula> Clueless one day ill be awake for an aki stream
[2022-12-15 19:31:16] <%+Skrillz> pala you are a great founder tbhbriThumbsUP
[2022-12-15 19:31:36] <%palapula> SadCatClown founder and vod boy reporting in
[2022-12-15 19:31:43] <%+Skrillz> VOD BOY Copege
[2022-12-15 19:31:54] <%+Skrillz> you totally watch the vods Clueless
[2022-12-15 19:33:42] <%palapula> Saved yeah totally, i dont watch them ever
[2022-12-15 19:34:56] <%palapula> !watchtime
[2022-12-15 19:34:56] <@%^StreamElements> palapula has spent  13 days 14 hours watching akiwoo
[2022-12-15 19:35:18] <%palapula> OMEGAROLL 13 days of watchtime and like 100 messages total
[2022-12-15 19:37:07] <%OkayDonutsVRC> flyzicSquish
[2022-12-15 19:50:46] <%yeahalexander> $cl palapula
[2022-12-15 19:50:46] <@%Supibot> yeahalexander, That user has sent 84 chat lines in this channel so far.
[2022-12-15 19:50:50] <%yeahalexander> zealrySlain
[2022-12-15 19:51:35] <%palapula> roflgatorGiggles vod boy life
[2022-12-15 19:51:54] <%yeahalexander> zealrySlain i get like 100-200 messages per day
[2022-12-15 19:56:47] <%palapula> i should just start typing in the vod chat 4Head
[2022-12-15 19:59:39] <%Liv_3> $cl
[2022-12-15 19:59:40] <@%Supibot> liv_3, You have sent 1 028 chat lines in this channel so far.
[2022-12-15 20:00:04] <%Liv_3> did i really Hmmm
[2022-12-15 20:00:17] <%palapula> $clm
[2022-12-15 20:00:40] <%palapula> 🍋 ✊
[2022-12-15 20:00:45] <%Liv_3> 🍋 ✊
[2022-12-15 20:00:52] <%Liv_3> CLM
[2022-12-15 20:02:29] <ImZ_loading> meow
[2022-12-15 20:05:07] <%Nessetxe> EricLamontRobbinsJr CLM
[2022-12-15 20:15:50] <%yeahalexander> Nessetxe TTours
[2022-12-15 20:15:55] <%+Skrillz> $cookie
[2022-12-15 20:15:58] <%+Skrillz> peepoGaze ....
[2022-12-15 20:16:04] <%yeahalexander> can i fuck your gf please mokoBaoBao
[2022-12-15 20:16:28] <%Ildsll> can they fuck ur gf skills? xqcI
[2022-12-15 20:16:35] <%+Skrillz> tbhbriNope
[2022-12-15 20:16:56] <%Nessetxe> sure aleg
[2022-12-15 20:17:04] <%Ildsll> im sry alex fenrir109Sad
[2022-12-15 20:17:06] <%Nessetxe> just let me watch
[2022-12-15 20:17:12] <%Ildsll> $cookie
[2022-12-15 20:17:12] <@%Supibot> ildsll, Your daily cookie: Stop procrastinating - starting tomorrow.
[2022-12-15 20:17:12] <%yeahalexander> edennBlush
[2022-12-15 20:17:14] <%Nessetxe> ILiketoWatch
[2022-12-15 20:17:34] <%yeahalexander> tomorrow night ok?
[2022-12-15 20:17:37] <%yeahalexander> edennBlush
[2022-12-15 20:17:39] <%Nessetxe> ok
[2022-12-15 20:17:56] <%yeahalexander> edennBlush tell her to bring thigh highs
[2022-12-15 20:17:59] <%+Skrillz> tbhbriEPot POOOOOOOOOOOOT
[2022-12-15 20:18:07] <%yeahalexander> pspOt
[2022-12-15 20:18:07] <%Ildsll> that was ur cookie btw
[2022-12-15 20:18:14] <%Ildsll> tbhbriEPot
[2022-12-15 20:18:22] <%+Skrillz> thanks ildsll but i will not stop procrastinating
[2022-12-15 20:18:53] <%Ildsll> RAGEY stop right meow
[2022-12-15 20:19:04] <%+Skrillz> stop what right meow
[2022-12-15 20:19:11] <%TreyTX> meow
[2022-12-15 20:19:39] <%Liv_3> meow
[2022-12-15 20:20:59] <%Ildsll> xqcPeepo i forgor
[2022-12-15 20:21:28] <%TreyTX> $cookie
[2022-12-15 20:21:29] <@%Supibot> treytx, Your daily cookie: Never miss a chance to keep your mouth shut.
[2022-12-15 20:21:34] <%TreyTX> oh
[2022-12-15 20:21:38] <%TreyTX> OK
[2022-12-15 20:21:46] <%Liv_3> meow 󠀀
[2022-12-15 20:22:03] <%Ildsll> new mute Pog
[2022-12-15 20:22:05] <%TreyTX> guess im a mute today
[2022-12-15 20:26:41] <%CryyoMelt> $cookie
[2022-12-15 20:26:42] <@%Supibot> cryyomelt, Your daily cookie: Never give up. You're not a failure if you don't give up.
[2022-12-15 20:28:54] <%TreyTX> @CryyoMelt, tbhbriNuzzles
[2022-12-15 20:33:55] <%CryyoMelt> i feel like my cookie is shit talking me
[2022-12-15 20:34:43] <%TreyTX> same
[2022-12-15 21:08:55] <%kalleila> !watchtime
[2022-12-15 21:08:55] <@%^StreamElements> kalleila has spent  9 days 17 hours watching akiwoo
[2022-12-15 21:11:14] <%hatewatcher_skumpot> !watchtime
[2022-12-15 21:11:14] <@%^StreamElements> hatewatcher_skumpot has spent  9 hours 40 mins watching akiwoo
[2022-12-15 21:13:14] <%Liv_3> !watchtime
[2022-12-15 21:13:14] <@%^StreamElements> Liv_3 has spent  5 days 5 hours watching akiwoo
[2022-12-15 21:13:30] <%Ildsll> !watchtime
[2022-12-15 21:13:30] <@%^StreamElements> Ildsll has spent  15 days 2 hours watching akiwoo
[2022-12-15 21:13:41] <%kalleila> ds WAYTOOCUTE
[2022-12-15 21:13:53] <%Ildsll> biggest fan tbhbriNod
[2022-12-15 21:14:13] <%kalleila> Clueless surely you were there every minute of that
[2022-12-15 21:15:04] <%Ildsll> ofc
[2022-12-15 21:15:20] <%Ildsll> don't u remember i used to mod for her
[2022-12-15 21:15:21] <%Ildsll> twice
[2022-12-15 21:15:22] <%Liv_3> Hmmm
[2022-12-15 21:15:39] <%Ildsll> with peepoGaze iskrillzzz
[2022-12-15 21:15:53] <%+Skrillz> who
[2022-12-15 21:16:17] <%Ildsll> fellow retired mod :) /
[2022-12-15 21:17:17] <%kalleila> hi fellow ex-cops FeelsStrongMan
[2022-12-15 21:18:05] <%kalleila> ds banned me immediately smh
[2022-12-15 21:18:43] <%+Skrillz> fellow retired moderators :) /
[2022-12-15 21:20:06] <%kalleila> is that ex lasershieldvr mod skrillz?? catEXCITE omg big fan
[2022-12-15 21:20:23] <%+Skrillz> thank you i used to be a moderator myself
[2022-12-15 21:20:37] <%+Skrillz> the life got too hard
[2022-12-15 21:21:00] <%kalleila> oh wait akiwooSus you aren't iSkrillzzz nevermind 💅
[2022-12-15 21:21:22] <%+Skrillz> cgeSIT oh.
[2022-12-15 21:21:53] <%kalleila> ya. akiwooSit
[2022-12-15 21:29:06] <ImZ_loading> meow 󠀀
[2022-12-15 21:32:54] <%Nessetxe> meow z
[2022-12-15 21:33:00] <ImZ_loading> meow nesse
[2022-12-15 21:33:17] <%TreyTX> riveru2Cube
[2022-12-15 23:30:54] <!%JBusta__> $cookie
[2022-12-15 23:31:12] <!%JBusta__> nothing huh lll
[2022-12-15 23:50:59] <miindgeek> $cookie
[2022-12-15 23:51:00] <@%Supibot> miindgeek, Your daily cookie: Keep it simple. The more you say, the less people remember.
[2022-12-15 23:51:41] <%FL4SH33> $cookie
[2022-12-15 23:51:42] <@%Supibot> fl4sh33, You already opened or gifted a fortune cookie today. You can get another one at midnight UTC, which is in 1h, 8m.
[2022-12-15 23:51:46] <%FL4SH33> FeelsDankMan
