# Log started: 2023-01-04 01:55:36 +0100
[2023-01-04 01:55:36] <KumotsuneSV> !discord
[2023-01-04 01:55:36] <@%^Streamlabs> hey come check out the Discord! https://discord.gg/2GJtmftGHk
[2023-01-04 04:39:46] <Coco_Wren> !pp
[2023-01-04 04:39:47] <@%^Streamlabs> Coco_Wren, your pp is 11.8 inches! ezeggLong1 ezeggLongs2 ezeggLongs3 ezeggLongs4
[2023-01-04 22:13:34] <%Jaccquee> hey guess what
[2023-01-04 22:13:43] <%Jaccquee> Joe Mama hahahhahhahahahahahhahahhaha
# Log closed: 2023-01-04 22:26:30 +0100
-
# Log started: 2023-01-04 22:27:31 +0100
[2023-01-04 22:27:31] ~Stream offline~
[2023-01-04 22:27:31] Joining #overezeggs..
[2023-01-04 22:27:32] You have joined #overezeggs
[2023-01-04 23:22:16] <%$nemafow> ezeggChaos ezeggChaos ezeggChaos
[2023-01-04 23:22:55] <%$nemafow> Update stream name/topic NODDERS
[2023-01-04 23:33:34] <~%OverEzEggs> ezeggYou NEM
[2023-01-04 23:34:00] <~%OverEzEggs> ezeggYou STINKY
[2023-01-04 23:34:01] <@%^Streamlabs> OverEzEggs no ur stinkier ezeggGun
[2023-01-04 23:37:51] <%$nemafow> ezeggMonkaeggs
[2023-01-04 23:38:18] <%$nemafow> ezeggYou legend
