# Log started: 2023-01-04 09:25:09 +0100
[2023-01-04 09:25:09] <%AemenNae> sp4zieHeya
[2023-01-04 09:25:34] VIEWERS: 11
[2023-01-04 09:25:34] ~Morning TFT :) | New !Video on utubb (Teamfight Tactics)~
[2023-01-04 09:25:49] <Moccis> henlo
[2023-01-04 09:25:58] <%$razeldaz> henlopsies
[2023-01-04 09:26:20] <$Guajolotl> Oh boy it's Spuzie times!
[2023-01-04 09:26:29] <$Guajolotl> Henlo from México, chat!
[2023-01-04 09:27:19] <flugge00> Wow that was a disturbing ad. Some weird doll/machine killing stuff. I just wanted to see my spuz in calm :)
[2023-01-04 09:27:34] VIEWERS: 11
[2023-01-04 09:28:20] <%+snuggleduo> Good morning everyone!!
[2023-01-04 09:29:34] VIEWERS: 75
[2023-01-04 09:29:51] <$Guajolotl> Today is a good day. Fthey nerf yuumi or today
[2023-01-04 09:30:01] [Notification] GarrukIsOnFire subscribed at Tier 1. They've subscribed for 40 months, currently on a 2 month streak! [its been a stressful day @Sp4zie and chat. happy to see spedge is live, even if i have to be up in 6ish hours]
[2023-01-04 09:30:14] <$Guajolotl> ...aaaaand my keyboard went full flesk
[2023-01-04 09:30:50] <%NeptuneCha4n> @AemenNae sp4zieHeya
[2023-01-04 09:31:05] <doktor808> I feel very free to say Hi!
[2023-01-04 09:31:12] <%NeptuneCha4n> @GarrukIsOnFire POGGIES garruuuuk
[2023-01-04 09:31:29] <%GarrukIsOnFire> @NeptuneCha4n henlopsies mai fren sp4zieHeya sp4zieBundlea sp4zieLovea
[2023-01-04 09:31:34] VIEWERS: 75
[2023-01-04 09:31:48] <%NeptuneCha4n> @GarrukIsOnFire i hope the rest of the week gets better <3
[2023-01-04 09:32:23] <%Bearacus> sp4zieHeya
[2023-01-04 09:32:36] <bluberrey> hey chat!
[2023-01-04 09:32:50] <%GarrukIsOnFire> @GarrukIsOnFire fuck I hope so sp4zieRip
[2023-01-04 09:33:34] VIEWERS: 75
[2023-01-04 09:33:53] <Ferdinand9vv> Morning chat
[2023-01-04 09:33:56] <%GarrukIsOnFire> @AemenNae sp4zieHeya
[2023-01-04 09:34:40] <%PROUDOFBB> Hej
[2023-01-04 09:34:48] <%GarrukIsOnFire> @Sp4zie hej
[2023-01-04 09:34:55] <imweszzz> Morning peeps and spuz
[2023-01-04 09:34:57] <%$k0n4z> Good Morning Ladies and Gentlemen sp4zieSip sp4zieHeya
[2023-01-04 09:35:04] [Notification] denisoqd subscribed at Tier 1. They've subscribed for 14 months!
[2023-01-04 09:35:05] <%rdu3u> sp4zieHeya sp4zieHeya sp4zieHeya
[2023-01-04 09:35:06] <$Guajolotl> Hej Dave!
[2023-01-04 09:35:10] [Notification] materschief subscribed at Tier 1. They've subscribed for 55 months! [well, there is the 55th month. good morning to you all <3]
[2023-01-04 09:35:10] <%denisoqd> sp4zieHeya sp4zieHeya sp4zieHeya
[2023-01-04 09:35:11] <%GarrukIsOnFire> sp4zieHeya
[2023-01-04 09:35:13] <bluberrey> hey spedge
[2023-01-04 09:35:13] <~%Sp4zie> sp4zieHeya
[2023-01-04 09:35:17] <%AemenNae> sp4zieHeya
[2023-01-04 09:35:19] <xslowpokes> good morning :)
[2023-01-04 09:35:27] <$Guajolotl> Feed the chat your sandwich, sir!
[2023-01-04 09:35:31] <Moccis> henlo jonas
[2023-01-04 09:35:34] VIEWERS: 75
[2023-01-04 09:35:34] <%GarrukIsOnFire> @Sp4zie mega wave thread sp4zieHeya
[2023-01-04 09:35:42] <~%Sp4zie> NOM
[2023-01-04 09:35:44] <%+Fierce117> sp4zieHeya sp4zieHeya good morning
[2023-01-04 09:35:46] <$Guajolotl> Thank you
[2023-01-04 09:35:52] <%GarrukIsOnFire> @Sp4zie -SY
[2023-01-04 09:35:57] <%AemenNae> prince136NOM
[2023-01-04 09:36:03] <~%Sp4zie> @GarrukIsOnFire banned
[2023-01-04 09:36:05] <+thisisapancake> leverpastej :)
[2023-01-04 09:36:05] <St0rmy66> ok i need to know what in the sammitch
[2023-01-04 09:36:11] <%GarrukIsOnFire> @AemenNae henlopsies fren sp4zieHeya
[2023-01-04 09:36:21] <$Guajolotl> Match found? Pog?
[2023-01-04 09:36:24] <~%Sp4zie> @thisisapancake YES!
[2023-01-04 09:36:25] <bluberrey> bumm
[2023-01-04 09:36:29] <~%Sp4zie> Nice call
[2023-01-04 09:36:30] <%AemenNae> @garrukisonfire sp4zieHeya hej!
[2023-01-04 09:36:46] <$Guajolotl> Legend says he will speak once he finished the eternal sandwich
[2023-01-04 09:36:51] <Tiggars> Good morning and happy new years
[2023-01-04 09:36:58] <%AemenNae> pulseeWOBB
[2023-01-04 09:37:04] <%GarrukIsOnFire> @Sp4zie sp4zieLul this has already made my day infinitely better, thank you sp4zieLul
[2023-01-04 09:37:06] <%Delicioussaw> I'm grabbing my bass to wang on this song ! gm everyone
[2023-01-04 09:37:14] <%AemenNae> pulseeBOUNCE
[2023-01-04 09:37:20] <$Guajolotl> @Delicioussaw Bass bros!
[2023-01-04 09:37:25] <%+snuggleduo> I gotta go to the supermarket to get the ingridients for a birthday cake! Today my boyfriend turns 32! Pray for me and with a bit of luck I will not burn the cake xD
[2023-01-04 09:37:34] VIEWERS: 164
[2023-01-04 09:37:38] <$Guajolotl> @snuggleduo Good caking friend!
[2023-01-04 09:37:45] <%Delicioussaw> @Guajolotl jarraa! lfg
[2023-01-04 09:37:56] <St0rmy66> i'm stealing the term caking
[2023-01-04 09:38:00] <%GarrukIsOnFire> @AemenNae HENLOPSIES FREN sp4zieLovea sp4zieHeya sp4zieDance
[2023-01-04 09:38:33] <$Guajolotl> Kai'sa?
[2023-01-04 09:38:36] <Tiggars> belveth is pretty up there
[2023-01-04 09:38:38] <%AemenNae> POGGIES
[2023-01-04 09:38:42] <%GarrukIsOnFire> !video
[2023-01-04 09:38:42] <@^Moobot> @GarrukIsOnFire Check out the latest video by Mrs editor -> https://www.youtube.com/watch?v=MnhUq_w60S0
[2023-01-04 09:38:42] <+thisisapancake> duelist seju or zoe
[2023-01-04 09:38:48] <%GarrukIsOnFire> @GarrukIsOnFire SIGNAL BOOST
[2023-01-04 09:38:59] <St0rmy66> lasercorp heart for 9 lasercorp?
[2023-01-04 09:39:01] <Gondroval> laaaaaser
[2023-01-04 09:39:06] <%rdu3u> 9 lasercorps
[2023-01-04 09:39:11] <Tildoo> goooood morning Spedge! You sound a little sick, all good?
[2023-01-04 09:39:11] <$Guajolotl> Laserspedge
[2023-01-04 09:39:18] <imweszzz> I have never seen 9 lasers yet
[2023-01-04 09:39:18] <%GarrukIsOnFire> i havent played TFt in so long i have zero clue whats happening
[2023-01-04 09:39:34] VIEWERS: 164
[2023-01-04 09:39:40] <+AA_Kazuka> 9 lasercorp is pretty bonkers, you just need a sword now
[2023-01-04 09:39:54] <St0rmy66> 9 lasers suk but it's cool to see it anyway
[2023-01-04 09:39:57] <%rdu3u> WutFace
[2023-01-04 09:39:58] <%+Wulfrykk> Just received push up notification :< what a delay
[2023-01-04 09:40:09] [Notification] Maccan65 gifted a Tier 1 sub to MacYodaNL! They have given 590 Gift Subs in the channel! MacYodaNL has subscribed for 54 months!
[2023-01-04 09:40:10] <Tiggars> do you go supers with this then?
[2023-01-04 09:40:10] <@^Moobot> Share your clips from the stream, post your food pics and hang with the community while the stream is offline! All over at: https://discord.gg/sp4zie
[2023-01-04 09:40:34] <%Jarone__> Henlo Mister strimmer sp4zieHeya
[2023-01-04 09:40:55] <Tiggars> oh i might have missed your opinion on supers
[2023-01-04 09:41:01] <%baterixSF> hej everyone
[2023-01-04 09:41:02] <%$1keeneye1> Hello everybody sp4zieHeya
[2023-01-04 09:41:16] <$PloppendeshSnekfeeesh> Henlopsiez all! :D
[2023-01-04 09:41:18] <%Maccan65> Again LUL
[2023-01-04 09:41:28] <%AemenNae> sp4zieForced
[2023-01-04 09:41:34] VIEWERS: 222
[2023-01-04 09:41:52] <+AA_Kazuka> !rank
[2023-01-04 09:41:52] <%Maccan65> Back to work cya later maybe prince136COMFY sp4zieHeya
[2023-01-04 09:41:52] <@^Moobot> @AA_Kazuka Sp4zie is currently: DIAMOND IV - 0 LP
[2023-01-04 09:42:20] <%$1keeneye1> or rageblade?
[2023-01-04 09:42:50] <%GarrukIsOnFire> @Maccan65 sp4zieHeya sp4zieHeya
[2023-01-04 09:43:14] <St0rmy66> 4 duelist is already way better than rageblade anyway
[2023-01-04 09:43:17] <%afrokakashi> good morning :D
[2023-01-04 09:43:34] VIEWERS: 222
[2023-01-04 09:44:18] <imweszzz> Duellist jawist!
[2023-01-04 09:44:36] <Skeptik127> I kinda like cats
[2023-01-04 09:44:41] <%afrokakashi> going well! and hoping you win all your games today!
[2023-01-04 09:44:42] [Notification] PloppendeshSnekfeeesh subscribed with Prime. They've subscribed for 22 months!
[2023-01-04 09:45:00] <%$PloppendeshSnekfeeesh> Yay! New year, new subscription, new me!
[2023-01-04 09:45:25] <St0rmy66> welcome with PRIME!
[2023-01-04 09:45:34] VIEWERS: 248
[2023-01-04 09:45:41] <%byebuu> sp4zieHeya sp4zieHeya sp4zieHeya
[2023-01-04 09:46:15] <%$PloppendeshSnekfeeesh> sp4zieHeya
[2023-01-04 09:46:32] <comfy_potato> my favorit  time of the day! :D work is fun again
[2023-01-04 09:47:14] [Notification] ROB1NSON subscribed with Prime.
[2023-01-04 09:47:33] <imweszzz> Reroll
[2023-01-04 09:47:38] <St0rmy66> sunfire is a bit better cause rammus innately has extra armor anyway. but i'm a scrub so i trust you instead
[2023-01-04 09:47:39] VIEWERS: 248
[2023-01-04 09:47:39] <imweszzz> Hej
[2023-01-04 09:47:42] <%Mila_noice> hi spuz!  hi chat!  sp4zieHeya
[2023-01-04 09:47:45] <Zpyr0> good morning dave LUL
[2023-01-04 09:48:09] <$carli346> PogBones PogBones PogBones Sup Spuz
[2023-01-04 09:49:13] <%$StanglebornSugflesktorn> goooooood mooooornin people! sp4zieHeya
[2023-01-04 09:49:17] <+TheGreat_EmuWar> Rammi
[2023-01-04 09:49:39] Viewerstats (09:25-09:49): avg:144 min:11 max:288 [13/_11+0+64+0+0+0+89+0+58+0+26+0+40]
[2023-01-04 09:49:39] VIEWERS: 288
[2023-01-04 09:50:45] <imweszzz> @St0rmy66 I think before you make the decision you should scout. I personally think sunfire feels better, but if you don't need anti heal and the enemy runs a lot of AD bramble would be better if you need antiheal or they have a lot of AP just slam sunfire
[2023-01-04 09:50:56] <+AIKSvartGult> cyrusHEY
[2023-01-04 09:51:00] <$Tebrevet> Happy humpday!
[2023-01-04 09:51:05] <$Ferus_xD> Is it raining at your place? In Berlin it is raining and the music fits perfectly.
[2023-01-04 09:51:31] <+Seeravv> whats up gangsters, have a lovely morning!
[2023-01-04 09:51:33] <Tiggars> might want glove for last whisper
[2023-01-04 09:51:39] VIEWERS: 288
[2023-01-04 09:52:31] <%$StanglebornSugflesktorn> !song
[2023-01-04 09:53:03] <Tiggars> hoping for good items from those wolves
[2023-01-04 09:53:35] <imweszzz> @Sp4zie Spuz have you tried duellist Zoe?
[2023-01-04 09:53:39] VIEWERS: 342
[2023-01-04 09:54:09] <%wronggparty> I cant believe that its been 5 weeks and they havent brought out a patch yet
[2023-01-04 09:54:45] <+Unit4to> its worth it
[2023-01-04 09:55:08] <imweszzz> Obliterate poggies!
[2023-01-04 09:55:23] <Charyptis> man you gotta go morde
[2023-01-04 09:55:23] <@^Moobot> Follow Sp4zie on twitter for stream upates, giveaways & unimportant dribble: http://www.twitter.com/sp4zie
[2023-01-04 09:55:23] <Tiggars> aren't you contested on lazer corps?
[2023-01-04 09:55:31] <WafflePoros> @wronggparty all of RIOT is on a break til the  11th
[2023-01-04 09:55:32] <%$1keeneye1> Oh Morde might be fun
[2023-01-04 09:55:33] <Charyptis> yessss
[2023-01-04 09:55:39] VIEWERS: 342
[2023-01-04 09:55:59] <imweszzz> @Tiggars It doesn't matter that much, since you don't need any 3* at all.
[2023-01-04 09:56:15] [Notification] herr_ausragendd subscribed with Prime.
[2023-01-04 09:56:27] <Tiggars> don't want sword for edge of night?
[2023-01-04 09:56:30] <Plepsss> Clogged nose man is back!
[2023-01-04 09:56:35] <%wronggparty> @WafflePoros why all of em XD, with a game like this you could just have a small team there right?
[2023-01-04 09:56:35] <%$1keeneye1> Morde carry with BT and some tanky items?
[2023-01-04 09:56:37] <%$herr_ausragendd> @Sp4zie  good morning mr Sp4z
[2023-01-04 09:56:41] <imweszzz> @Sp4zie Spuz you could slam JG on Morde now
[2023-01-04 09:56:55] <WafflePoros> @wronggparty Cuz it's company policy
[2023-01-04 09:57:05] <%wronggparty> @WafflePoros
[2023-01-04 09:57:18] [Notification] weirdspambuisnessman subscribed at Tier 1. They've subscribed for 3 months! [hey dave, i have been mailing you]
[2023-01-04 09:57:20] <%wronggparty> @WafflePoros no i get that, just an odd choice
[2023-01-04 09:57:33] <imweszzz> SPAT!
[2023-01-04 09:57:39] VIEWERS: 365
[2023-01-04 09:57:41] <imweszzz> No :C we aren't gonna get it :C
[2023-01-04 09:57:47] <Tiggars> chain for edge?
[2023-01-04 09:58:07] <imweszzz> Edge is necessary if you carry Zed
[2023-01-04 09:58:34] <Charyptis> yess
[2023-01-04 09:58:39] <imweszzz> @Sp4zie Morello Morde is decent ye
[2023-01-04 09:58:48] <Zyle_Chaos> moj!
[2023-01-04 09:58:50] <Charyptis> or stride?
[2023-01-04 09:59:09] <chrushclown> Gud morning everyone
[2023-01-04 09:59:34] <Tiggars> well he'll be in the back line won't he? thought he needed the survivability
[2023-01-04 09:59:35] <Micoolsoft> you already have omni on zed so dont need bt
[2023-01-04 09:59:39] VIEWERS: 365
[2023-01-04 09:59:46] <Tiggars> nice
[2023-01-04 10:00:24] <J0CK3_DT> !rank
[2023-01-04 10:00:25] <@^Moobot> @J0CK3_DT Sp4zie is currently: DIAMOND IV - 0 LP
[2023-01-04 10:00:29] <Zyle_Chaos> got some spuuz in ur nuze?
[2023-01-04 10:01:08] <haoerd> this your favorite little legend?
[2023-01-04 10:01:17] <%thereeldoge> Morning spedgemobile, how are you
[2023-01-04 10:01:23] <Tiggars> could be worse ^^'
[2023-01-04 10:01:36] <$carli346> Hope u great spuz SeemsGood SeemsGood SeemsGood
[2023-01-04 10:01:39] VIEWERS: 438
[2023-01-04 10:02:12] <Tiggars> zed kinda popping off
[2023-01-04 10:02:30] <%wronggparty> aphelios for lb?
[2023-01-04 10:02:35] <%wronggparty> or ekko for prankster
[2023-01-04 10:02:40] <Charyptis> the chat xd
[2023-01-04 10:02:44] <+belastingfraude> Goodmorning Spuz! Yesterday I moved to Ireland, life is exciting and scary. Any words of advice?
[2023-01-04 10:03:32] <Charyptis> Look for Aphel for Senna?
[2023-01-04 10:03:35] BITS: thankyoufortheprimee (300)
[2023-01-04 10:03:35] <%$thankyoufortheprimee> Cheer300 Hey Dave, I also have some spooze in my noose. Get well soon
[2023-01-04 10:03:36] <imweszzz> @Sp4zie That round is pure positioning . If your Zed hits Yuumi you win
[2023-01-04 10:03:39] VIEWERS: 438
[2023-01-04 10:03:47] <%$1keeneye1> and ekko 2 star would be better than leblanc no?
[2023-01-04 10:03:56] <Zyle_Chaos> NotLikeThis LUL LUL LUL
[2023-01-04 10:03:59] <+TheGreat_EmuWar> Spuz in a noose?
[2023-01-04 10:04:02] <+TheGreat_EmuWar> Thats not very nice
[2023-01-04 10:04:13] <%+NiennaVanir> sp4zieHeya
[2023-01-04 10:04:18] <~%Sp4zie> sp4ziePrime PRIME sp4ziePrime
[2023-01-04 10:04:25] <imweszzz> Zed actually smurfing PogChamp
[2023-01-04 10:04:32] <Charyptis> duelist spat??
[2023-01-04 10:05:04] <%AemenNae> imagine talking this early
[2023-01-04 10:05:44] VIEWERS: 413
[2023-01-04 10:06:01] <%wronggparty> LOOOLLL
[2023-01-04 10:06:05] <Tiggars> ?"
[2023-01-04 10:06:11] <Charyptis> hooool
[2023-01-04 10:06:11] <Tiggars> ?!
[2023-01-04 10:06:11] <%wronggparty> balancexD
[2023-01-04 10:06:12] <imweszzz> 1v9 Baby CoolCat
[2023-01-04 10:06:15] <%thereeldoge> Balanced LD
[2023-01-04 10:06:27] <Tiggars> i guess bt is pretty good on zed ^^'
[2023-01-04 10:06:33] <halfypoo> zac is better prolly
[2023-01-04 10:06:54] <imweszzz> Syndra is such a busted unit imo
[2023-01-04 10:06:54] <+AA_Kazuka> This ingame chat is going ham
[2023-01-04 10:06:56] <%thereeldoge> @Tiggars Not to its fullest potential, he has hackers :)
[2023-01-04 10:07:09] <+Ikarit> good morning chat good morning spuz zeplaQtea have a nice cup of coffee
[2023-01-04 10:07:16] <%AemenNae> COPIUM
[2023-01-04 10:07:49] VIEWERS: 413
[2023-01-04 10:08:41] <Tiggars> @thereeldoge yeah that's true ^^
[2023-01-04 10:09:19] <mhirmhir> 1HP AND A DREAM
[2023-01-04 10:09:19] <%AemenNae> monkaS
[2023-01-04 10:09:21] <%AemenNae> HEJ
[2023-01-04 10:09:23] <Nooberost> MOJ
[2023-01-04 10:09:26] <WafflePoros> EZ   Clap
[2023-01-04 10:09:35] <+Ikarit> Clap
[2023-01-04 10:09:40] <%Jarone__> POGSLIDE
[2023-01-04 10:09:41] <halfypoo> did asol even do anything in the last fight?
[2023-01-04 10:09:47] <syrzex101> Pogen
[2023-01-04 10:09:53] VIEWERS: 457
[2023-01-04 10:09:55] <%$1keeneye1> Believe
[2023-01-04 10:09:58] <%$1keeneye1> I do
[2023-01-04 10:10:02] [Notification] Decksays subscribed with Prime. They've subscribed for 54 months!
[2023-01-04 10:10:03] <Charyptis> morde difify
[2023-01-04 10:10:09] <syrzex101> Believe spuz
[2023-01-04 10:10:16] <%+Decksays> morning Spedge
[2023-01-04 10:10:19] <%$1keeneye1> Lets go
[2023-01-04 10:10:19] <@^Moobot> Enjoying your time here? Why not hit that follow button? Then you won't miss out next time we're LIVE sp4zieLove
[2023-01-04 10:10:24] <%AemenNae> EZ
[2023-01-04 10:10:24] <Nooberost> Clap
[2023-01-04 10:10:27] <%wronggparty> clutched it
[2023-01-04 10:10:27] <Tiggars> nice
[2023-01-04 10:10:28] <%AemenNae> never in doubt
[2023-01-04 10:10:29] <imweszzz> Top 4 GG :)
[2023-01-04 10:10:36] <mhirmhir> Clap
[2023-01-04 10:10:39] <Tiggars> pray
[2023-01-04 10:11:05] <Charyptis> items ofr asol next?
[2023-01-04 10:11:11] <imweszzz> I actually think that is weaker, since Asol doesn't prock laser
[2023-01-04 10:11:25] <WafflePoros> XD
[2023-01-04 10:11:25] <+Ikarit> ntntnt
[2023-01-04 10:11:25] <%+RaiGo97> F
[2023-01-04 10:11:26] <%$1keeneye1> gg
[2023-01-04 10:11:26] <mhirmhir> gg
[2023-01-04 10:11:26] <%thereeldoge> NUNU tu stronk
[2023-01-04 10:11:26] <Elusive_Pie> nt nt
[2023-01-04 10:11:28] <Charyptis> gggg
[2023-01-04 10:11:35] <%Jarone__> EZ Clap
[2023-01-04 10:11:39] <%thereeldoge> not bad at all
[2023-01-04 10:11:40] <%+Decksays> we take those Clap
[2023-01-04 10:11:52] <Tiggars> a speeding nunu is hard to catch up to with melee champions ^^'
[2023-01-04 10:11:54] VIEWERS: 467
[2023-01-04 10:12:02] <Tiggars> hey top 4, not bad
[2023-01-04 10:12:10] <%AemenNae> pivot to a new one
[2023-01-04 10:12:13] <%+Decksays> Clap
[2023-01-04 10:12:13] <$JontePluppFontFleskLupp> I'm in desperate need for a taxation
[2023-01-04 10:12:22] <J0CK3_DT> Clap
[2023-01-04 10:12:25] <+RoloFanatic> *golf clap*
[2023-01-04 10:12:56] <Beershadow> TAX?
[2023-01-04 10:12:58] <imweszzz> I actually think Morde with AP items is better. If Morde almost 1 shots everyone it's so easy for Zed to clean up. And Morde 2 especially is tanky enough to always get 1 cast.
[2023-01-04 10:13:00] <%Heifty> where is the 300k plantie diamond tax? Kapp
[2023-01-04 10:13:23] <%GarrukIsOnFire> sp4zieChair sp4zie6head sp4zieChair sp4zieJazz sp4zieChair sp4zieDab sp4zieChair sp4zieBone sp4zieChair sp4zieSip sp4zieChair sp4zieChef sp4zieChair sp4ziePork sp4zieChair sp4zieForced sp4zieChair sp4zieButt sp4zieChair sp4zieArmy sp4zieChair sp4ziePrime sp4zieChair sp4zieHey sp4zieChair sp4zieLul sp4zieChair sp4zieGasm sp4zieChair sp4zieLovea sp4zieChair sp4zieBundlea sp4zieChair sp4zieDance sp4zieChair sp4zieJam sp4zieChair sp4zieHeya sp4zieChair
[2023-01-04 10:13:30] <%GarrukIsOnFire> sp4zieChair sp4zie6head sp4zieChair sp4zieJazz sp4zieChair sp4zieDab sp4zieChair sp4zieBone sp4zieChair sp4zieSip sp4zieChair sp4zieChef sp4zieChair sp4ziePork sp4zieChair sp4zieForced sp4zieChair sp4zieButt sp4zieChair sp4zieArmy sp4zieChair sp4ziePrime sp4zieChair sp4zieHey sp4zieChair sp4zieLul sp4zieChair sp4zieGasm sp4zieChair sp4zieChair sp4zieLovea sp4zieChair sp4zieBundlea sp4zieChair sp4zieHeya sp4zieChair sp4zieDance sp4zieChair
[2023-01-04 10:13:31] <%+sillydance> sp4zieChair sp4zieChair
[2023-01-04 10:13:35] <%+Decksays> I'm so very happy you have a plantie
[2023-01-04 10:13:52] <doktor808> dabdabdab
[2023-01-04 10:13:54] VIEWERS: 467
[2023-01-04 10:13:58] <$packypacky> Hey Spuz HeyGuys  Hope you doin' well HeyGuys
[2023-01-04 10:14:28] <syrzex101> Next plan for vaycay spuz ?
[2023-01-04 10:15:23] <ragnarock32> How are the renovations going?
[2023-01-04 10:15:30] <grigglez> Hey Sp4zie! Just wanted to say thank you for all your content over the years and the stream! Not able to catch it very often but always appreciated! <3
[2023-01-04 10:15:54] VIEWERS: 451
[2023-01-04 10:16:11] <bluberrey> spuzzie community wholesome as ever
[2023-01-04 10:16:21] <syrzex101> You sound sexy
[2023-01-04 10:16:33] <$packypacky> Yeah that voice tho Kreygasm
[2023-01-04 10:16:39] <bluberrey> @syrzex101 smooth morning jazz radio
[2023-01-04 10:16:39] <vurran7> hejhej morning!
[2023-01-04 10:16:47] [Notification] Aronatom68 subscribed with Prime. They've subscribed for 3 months! [Thanks for the all the entertainment you gave me in all these years sp4zieLovea sp4zieLovea]
[2023-01-04 10:16:59] <Skeptik127> ive been here before lengedary adcarry and still loving it
[2023-01-04 10:17:09] <Skeptik127> legendary*
[2023-01-04 10:17:17] <$JontePluppFontFleskLupp> SingsNote   sp4zieJazz_SG as suggested I paid my tax,  now go all in on Mecha:Jax   SingsNote
[2023-01-04 10:17:49] [Notification] heraut_ subscribed with Prime. They've subscribed for 7 months, currently on a 3 month streak! [Let's just hope the coughs don't arrive. I have coughed my lungs out of my body at least twice this past week. sp4zieRip sp4zieRip sp4zieRip]
[2023-01-04 10:17:54] VIEWERS: 451
[2023-01-04 10:18:54] <%KAP3NHO4KA> Morning everyone sp4zieHeya
[2023-01-04 10:18:59] <TheLastEloBender> good Morning spedge i am sick so can actually catch a stream for once
[2023-01-04 10:19:54] Viewerstats (09:51-10:19): avg:412 min:288 max:491 [15/288+54+0+23+0+73+0−25+0+44+10+0−16+0+40]
[2023-01-04 10:19:54] VIEWERS: 491
[2023-01-04 10:19:55] <J0CK3_DT> Tie :)
[2023-01-04 10:20:38] <Phooshie> sp4zieHey Spuz & Chat!
[2023-01-04 10:21:11] <%morrmajster> took afk just so i can sit here instead
[2023-01-04 10:21:43] <%Xiantus> Greetings D4ve I am here to pay my oldschool tax for the quality entertainment sp4zieLove
[2023-01-04 10:21:44] <%morrmajster> afk in tft mr strimmer
[2023-01-04 10:21:46] <%+Decksays> finally have an early morning schedule here in NA. Hope to catch you streaming more frequently!
[2023-01-04 10:21:54] VIEWERS: 491
[2023-01-04 10:22:21] <Ferdinand9vv> hi spedge. do you have a favorite comp from the new set?
[2023-01-04 10:22:35] <%mitloo> Goodmorning guys!
[2023-01-04 10:22:36] <codezerotsu> early wake up stream? pog
[2023-01-04 10:22:39] <bluberrey> have you been to ski resorts outside Sweden spucc?
[2023-01-04 10:23:37] <%+rawxi> I went to trysil, that was nice
[2023-01-04 10:23:40] [Notification] Wildasen subscribed at Tier 1. They've subscribed for 14 months!
[2023-01-04 10:23:42] <%cleeveee> really needed a sp4zie stream today
[2023-01-04 10:23:48] [Notification] Darkbulle_Kullerklimp subscribed at Tier 1. They've subscribed for 48 months! [Happy new year guys, Whats new chat? We have 2 new kittens now!]
[2023-01-04 10:23:54] VIEWERS: 476
[2023-01-04 10:24:32] <%cleeveee> Been home all week, burned out
[2023-01-04 10:24:55] <%$Wildasen> How has the weather been so far in 2023, it has only been raining in DK :(
[2023-01-04 10:25:02] <g00mba_gg> good morning =) greetings from germany <3
[2023-01-04 10:25:13] <fotisdovas> @Sp4zie i came again, just to hear you call Galio -> the 'Birdler'
[2023-01-04 10:25:32] <Phooshie> @Wildasen Not true, it was very nice and sunny at my spot yesterday on my bday! :)
[2023-01-04 10:25:32] <@^Moobot> Subscribe to the YouTube channel for the weekly video that sometimes comes out weekly: http://www.youtube.com/sp4zie
[2023-01-04 10:25:54] VIEWERS: 476
[2023-01-04 10:26:20] <%$Wildasen> @Wildasen Glad to hear your birthday could bring out the sun! Happy b day
[2023-01-04 10:26:54] <BenTheFreakS> Good Morning my DUUUDZ
[2023-01-04 10:27:08] <Tyrekon> How do you end up with 50 gold at 3-2?
[2023-01-04 10:27:17] <Phooshie> @Wildasen Thank you! but today it's raining. :(
[2023-01-04 10:27:30] <fotisdovas> oh bro, you did deliver. i'm still laughing to the sound of that word in my head
[2023-01-04 10:27:31] <%+Decksays> sp4zieChair sp4zieChair sp4zieChair sp4zieChair
[2023-01-04 10:27:37] <BenTheFreakS> @Phooshie perfectly for playing games :D
[2023-01-04 10:27:49] <palldec> @Sp4zie I am watching old videos and I really miss the mickey mouse
[2023-01-04 10:27:59] VIEWERS: 501
[2023-01-04 10:28:51] <Phooshie> @BenTheFreakS Exactly! raining just means I feel good and cozy about sitting indoor gaming :D
[2023-01-04 10:28:51] <Ferdinand9vv> The new youtube vid is a certified hood classic
[2023-01-04 10:29:24] <%mitloo> Since when do we have singing in the background music? New playlist?
[2023-01-04 10:29:47] <caxo__> hoooooooooi
[2023-01-04 10:29:51] <BenTheFreakS> @Phooshie yeah when ur not sick <:D but actually im already feelin better but im still at home for the rest of the week ^^
[2023-01-04 10:29:59] VIEWERS: 530
[2023-01-04 10:30:05] <Ghiu_> how is putzies day going
[2023-01-04 10:30:19] <caxo__> putzie
[2023-01-04 10:31:07] <%$FatedToFail> Henlo people. Do we a slight cold here?
[2023-01-04 10:31:20] <BenTheFreakS> Play Viego hadoken
[2023-01-04 10:31:26] <!%CGPils> Hey there Spuutzi
[2023-01-04 10:31:37] <Plepsss> Spuz, what are your thoughts on snus as a swede?
[2023-01-04 10:31:38] <420Iarsolofswag> doesnt work with threat
[2023-01-04 10:31:40] <BenTheFreakS> @CGPils Hello People :D
[2023-01-04 10:31:42] <%oliware> He doesnt know
[2023-01-04 10:31:45] <%oliware> "non threat"
[2023-01-04 10:31:46] <%Krait_Damoss> it does
[2023-01-04 10:31:49] <%oliware> it says
[2023-01-04 10:31:50] <%AemenNae> KEKW
[2023-01-04 10:31:51] <ZnickzZ> It does :D
[2023-01-04 10:31:51] <Akkragh> It says non-threat champion
[2023-01-04 10:31:57] <%AemenNae> dyslexia strikes again
[2023-01-04 10:31:59] VIEWERS: 530
[2023-01-04 10:32:03] <%+Decksays> SAVED
[2023-01-04 10:32:21] <%bluberrey> @CGPils hello people!
[2023-01-04 10:32:21] <%Bearacus> never doudted
[2023-01-04 10:32:24] <BenTheFreakS> Senna Op NOTED
[2023-01-04 10:33:04] <WafflePoros> naaaaaah
[2023-01-04 10:33:11] <%$Wildasen> Havent seen much of this set yet, how is it?
[2023-01-04 10:33:14] <BenTheFreakS> Get the items on Aphelios and get a new senna
[2023-01-04 10:33:14] <%+Decksays> oooo da 1%
[2023-01-04 10:33:19] <WafflePoros> Aphe on 4-1
[2023-01-04 10:33:27] <WafflePoros> Streamer luck Madge
[2023-01-04 10:33:32] <sebroskii> no
[2023-01-04 10:33:59] VIEWERS: 583
[2023-01-04 10:34:00] <Joeri4> maybe some attack speed?
[2023-01-04 10:34:17] <%+Decksays> ooo forge?
[2023-01-04 10:34:30] <%wronggparty> "placing two of the same NON THREAT champions gives these NON THREAT champions increased attack speed and damage incase they are NON THREAT for champions who are NON THREAT. This only counts for champions who are non threat"
[2023-01-04 10:34:32] <Joeri4> triforce is good overall for aphelios
[2023-01-04 10:35:00] <%+Decksays> tri force adds to ult burst too yeah?
[2023-01-04 10:35:44] <@%MacYodaNL> sp4zieBundlea HEJ
[2023-01-04 10:35:54] <@%MacYodaNL> modCheck MACCAN?
[2023-01-04 10:35:59] VIEWERS: 583
[2023-01-04 10:36:03] <%GarrukIsOnFire> HYPERS Get your Civlian on TODAY! ☎️ Call 004-17-17-CIVI for the best deal. PauseChamp But there's MORE, if you call within the hour you get a FREE "Root: A Bio Package", good for 3 automatic victories! sp4ziePlantie
[2023-01-04 10:36:04] <%+Decksays> oh hey
[2023-01-04 10:36:10] <%$StanglebornSugflesktorn> HEJ sp4zieHeya @MacYodaNL
[2023-01-04 10:36:17] <@%MacYodaNL> GARR YaniU K
[2023-01-04 10:36:24] BITS: codezerotsu (300)
[2023-01-04 10:36:24] <%codezerotsu> Cheer300 thanks for all the amazing content of the years! got me through some tough times. Still watching the ranked struggles where we played against each other. Cheers!
[2023-01-04 10:36:26] <@%MacYodaNL> @StanglebornSugflesktorn sp4zieHeya
[2023-01-04 10:36:30] <Omligon> !playlist
[2023-01-04 10:36:30] <@^Moobot> @Omligon Current playlist: https://open.spotify.com/playlist/597avdsU0EaVNEMrvKB2Cc?si=d769b604ac89480a
[2023-01-04 10:36:31] <%GarrukIsOnFire> @MacYodaNL Y sp4zieOo DA MAI FREN
[2023-01-04 10:36:35] <%Xiantus> @MacYodaNL, rooCult
[2023-01-04 10:36:43] <@%MacYodaNL> @Xiantus macyodSaber
[2023-01-04 10:37:13] <fotisdovas> probably birdler is the best frontline
[2023-01-04 10:37:16] <fotisdovas> xaxaxaa
[2023-01-04 10:37:18] <fotisdovas> sorry
[2023-01-04 10:37:27] <hesuos> thats why hes the goat
[2023-01-04 10:37:48] <Super33cl> Epic Moments Possible Trivia: DId you know that theres an epic moment that spedge plays against the now Fnatic support Rhuckz ? (I need to confirm that  LUL )
[2023-01-04 10:37:51] <%AemenNae> @MacYodaNL mr mod sir sp4zieArmy
[2023-01-04 10:38:01] VIEWERS: 600
[2023-01-04 10:38:13] <@%MacYodaNL> @AemenNae sp4zieArmy mr Train conducter and Massive Memer sir
[2023-01-04 10:38:15] <+alyxgothotbuns> Good morning o/
[2023-01-04 10:38:23] <Super33cl> also. good moorning LUL
[2023-01-04 10:38:51] <+alyxgothotbuns> I just got a twitch ad for a Bentley Continental - how many folks watching Twitch are buying Bentleys...?
[2023-01-04 10:39:08] <%+Decksays> MOJ... I mean HEJ
[2023-01-04 10:39:14] <@%MacYodaNL> @alyxgothotbuns i just bought 2 last week, why?
[2023-01-04 10:39:35] <%AemenNae> pic Moments Possible Trivia: DId you know that theres an epic moment that spedge plays against the legend, Buskola?
[2023-01-04 10:40:01] <caxo__> you could've gone pro spuz, legendary adcarry
[2023-01-04 10:40:04] VIEWERS: 600
[2023-01-04 10:40:05] <@%MacYodaNL> @AemenNae NO WAY POGGIES
[2023-01-04 10:40:07] <%mitloo> back in the day when you were on the ranked grind
[2023-01-04 10:40:28] <!%CGPils> @Sp4zie we also did some 5v5 ranked against stuff like SK and Fnatic with CG
[2023-01-04 10:40:31] <WafflePoros> 4 ace PauseChamp
[2023-01-04 10:40:32] <+CallMeDawe> Morning Spuz! <3 *U*
[2023-01-04 10:40:54] <%+mikmonmedia> Cg ind LEC ?
[2023-01-04 10:40:54] <@^Moobot> Share your clips from the stream, post your food pics and hang with the community while the stream is offline! All over at: https://discord.gg/sp4zie
[2023-01-04 10:40:54] <+UsernameLaura> Goodmorning everyone!
[2023-01-04 10:41:02] <@%MacYodaNL> @CGPils hey Pils, mogguh!
[2023-01-04 10:41:07] <!%CGPils> bonjourno
[2023-01-04 10:41:20] <%+Decksays> @cgpils too bad you couldn't play against NA CG while they were still formed
[2023-01-04 10:41:34] <palldec> CG next winner of worlds? :D
[2023-01-04 10:41:37] <@%MacYodaNL> @CGPils prince136HUG  for USUS
[2023-01-04 10:41:48] <clorgclot> i think you roll, only 1 star units
[2023-01-04 10:42:00] [Notification] Tobzennn subscribed at Tier 1. They've subscribed for 22 months! [Happy new year Dave sp4zieLovea]
[2023-01-04 10:42:08] VIEWERS: 626
[2023-01-04 10:42:11] <%AemenNae> @MacYodaNL surely you'd rather hug pils
[2023-01-04 10:42:28] <@%MacYodaNL> @AemenNae yeah but i do that all the time when he's here
[2023-01-04 10:42:44] <@%MacYodaNL> AFter all Pils is the inventor of the Jashe > Jungle Ashe
[2023-01-04 10:43:08] <%AemenNae> your CG knowledge is too strong KEKW
[2023-01-04 10:43:23] <@%MacYodaNL> Epic moments 100
[2023-01-04 10:43:55] <%+Decksays> Ah a timeless classic one! There was so many memes that came from 100
[2023-01-04 10:43:55] <stig0911> Goodmorgen Spedge and everyone else<3
[2023-01-04 10:44:09] VIEWERS: 626
[2023-01-04 10:45:00] <%Jathlene> Good morning babes! :D <3
[2023-01-04 10:45:07] <%ANutty> another person is going surshot will be hard to manage
[2023-01-04 10:45:58] <Gopeto21> your 1 hp
[2023-01-04 10:46:09] VIEWERS: 672
[2023-01-04 10:46:12] <stig0911> I cant follow TFT anymore its way to fast for me, to many cinematics :(((
[2023-01-04 10:46:13] <Cowsalots> big
[2023-01-04 10:46:18] <%+Decksays> HEJ
[2023-01-04 10:46:18] <+CallMeDawe> MOJ
[2023-01-04 10:47:06] <+Brashinga> Wait, it changed both aphelios' abilities
[2023-01-04 10:47:10] <Cowsalots> Mord bonk
[2023-01-04 10:47:46] <JJayMax> Better
[2023-01-04 10:47:52] <floofdoggtv> inanely better than 4 ox agreeedge
[2023-01-04 10:48:06] <+alyxgothotbuns> HEJ
[2023-01-04 10:48:09] VIEWERS: 672
[2023-01-04 10:48:11] <%AemenNae> the plural is Aphelioi
[2023-01-04 10:48:22] <%TheUrps> Good Morning Population of the Internet
[2023-01-04 10:48:22] <%+Decksays> Big if true! HEJ
[2023-01-04 10:48:40] <Imilka> Hey, long time since last time i've been here. Happy new year!
[2023-01-04 10:48:50] <MasqyArt> no both are stuns
[2023-01-04 10:48:52] <anxiousgamer97> I hope you know you’re a strong an amazing person I hope you keep in mind that you’re loved and appreciated I know this is just a random message but I hope you achieve everything you want to in life from the bottom of my heart I’m so incredibly proud of you and don’t forget to smile
[2023-01-04 10:48:53] <Nichale15> both aph have the same ability
[2023-01-04 10:49:03] <floofdoggtv> The gun is the same for both aphelioses, u cant have two differend guns sadly
[2023-01-04 10:49:06] <+Zeqalox> Hello Spuzie
[2023-01-04 10:49:19] <%+Decksays> I have the HEJ ready
[2023-01-04 10:49:19] <+Zeqalox> How u doin
[2023-01-04 10:49:29] <Joeri4> he has aphelios cant hit 3 star right
[2023-01-04 10:49:49] <%+Decksays> someone else has aphelios?
[2023-01-04 10:50:09] Viewerstats (10:21-10:50): avg:577 min:476 max:695 [15/491−15+0+25+29+0+53+0+17+0+26+0+46+0+23]
[2023-01-04 10:50:09] VIEWERS: 695
[2023-01-04 10:50:12] <%$Wildasen> too stronk
[2023-01-04 10:50:20] <+UsernameLaura> LOL
[2023-01-04 10:50:21] <+UsernameLaura> GG
[2023-01-04 10:50:21] <%+Chechtta> Clap
[2023-01-04 10:50:22] <Nichale15> POGGERS
[2023-01-04 10:50:22] <%AemenNae> EZ Clap
[2023-01-04 10:50:26] <%+Decksays> FIRST
[2023-01-04 10:50:26] <%LordJaws> hahahah
[2023-01-04 10:50:26] <fotisdovas> xaxa wp
[2023-01-04 10:50:28] <%+Chechtta> EZ Clap
[2023-01-04 10:50:28] <%Jarone__> Clap Clap
[2023-01-04 10:50:29] <%$Wildasen> He was afraid of you
[2023-01-04 10:50:29] <%thereeldoge> E Z SURR
[2023-01-04 10:50:29] <%+CallMeDawe> EZ
[2023-01-04 10:50:29] <%$JJoensuu> sp4zieGg
[2023-01-04 10:50:31] <%+rawxi> surr to surrshots
[2023-01-04 10:50:31] <Cowsalots> kaalinCatdance kaalinCatdance
[2023-01-04 10:50:32] <+alyxgothotbuns> NOICE
[2023-01-04 10:50:34] <%bluberrey> sp4zieForced
[2023-01-04 10:50:37] <Feathered_Kettle> Gege
[2023-01-04 10:50:46] <Mr_Rubb> GG
[2023-01-04 10:50:49] <+Zeqalox> Glad you made your way back to league :)
[2023-01-04 10:51:03] <%+Decksays> Diamond D4ve showing the strimmer luck
[2023-01-04 10:51:11] <%mitloo> sp4zieCheer
[2023-01-04 10:51:24] <%+w0ndr_woman> Hello good morning ☕️
[2023-01-04 10:51:36] <%tbt_prosperity> sp4zieChair  strim? Noïce
[2023-01-04 10:51:50] <+Talis_Redstar> 3 supers, zed carry with scope and RFC is carrying for me hard
[2023-01-04 10:52:09] VIEWERS: 695
[2023-01-04 10:53:13] <freezeruni> same
[2023-01-04 10:53:28] <%bluberrey> sick spucc, or some allergies?
[2023-01-04 10:53:32] <@%MacYodaNL> Lucky your little legend already has a scarf
[2023-01-04 10:53:33] <+Talis_Redstar> its 3 su pers 6 duelist
[2023-01-04 10:53:34] <%+w0ndr_woman> Just got here, kids playing and I’m having my coffee, what did I miss? 👀
[2023-01-04 10:53:59] <@%MacYodaNL> @w0ndr_woman we're just wanging out
[2023-01-04 10:54:02] <%AemenNae> are the kids past the nazgul phase?
[2023-01-04 10:54:09] VIEWERS: 695
[2023-01-04 10:54:17] <@%MacYodaNL> my kid is having a shower, getting ready for work
[2023-01-04 10:54:33] <%AemenNae> your kid is about to retire yoda
[2023-01-04 10:54:39] <GeneralExtreme> Just finnished watched the movies again, good stuff.
[2023-01-04 10:54:40] <%tbt_prosperity> Burn
[2023-01-04 10:54:41] <%+w0ndr_woman> 4 years and the other one 9 months, they are both in nazgul face….
[2023-01-04 10:54:46] <@%MacYodaNL> Suuuuure
[2023-01-04 10:54:52] <zteeek> hey spuzie what rank are u currently? :)
[2023-01-04 10:54:56] <J0CK3_DT> Excited about Hogwartz Legacy?
[2023-01-04 10:54:58] <%AemenNae> !rank
[2023-01-04 10:54:59] <@^Moobot> @AemenNae Sp4zie is currently: DIAMOND IV - 53 LP
[2023-01-04 10:55:04] <@%MacYodaNL> @w0ndr_woman i feel ya
[2023-01-04 10:55:20] <%AemenNae> AAAAAAAAAAAAA
[2023-01-04 10:55:27] <@%MacYodaNL> and edit that on
[2023-01-04 10:55:30] <@%MacYodaNL> !mentalhealth
[2023-01-04 10:55:30] <@^Moobot> @MacYodaNL Current mental health status: https://clips.twitch.tv/DifferentDarkOysterTakeNRG-VCMkRdB6UOlM31_P
[2023-01-04 10:55:30] <+KeithLennon> No way
[2023-01-04 10:55:32] <%TheUrps> Never heard the term nazgûl phase but it's oddly fitting
[2023-01-04 10:55:32] <%$Darkbulle_Kullerklimp> dude, its so wierd, when i was younger i always was like "Hell, yeah, nosespray and its done!" Now I know that shit is addicting! and I'm afraid to use it xD
[2023-01-04 10:55:33] <%+w0ndr_woman> Yep they like to scream for no reason 🤷🏽‍♀️
[2023-01-04 10:55:33] <%+Decksays> so CG when they play league for it
[2023-01-04 10:55:46] <%bluberrey> ahh yess. that scream complemented my morning coffee well
[2023-01-04 10:55:46] [Notification] Pallekuling_Fleskefuling subscribed at Tier 1. They've subscribed for 51 months!
[2023-01-04 10:55:57] <@%MacYodaNL> brb
[2023-01-04 10:55:57] <@^Moobot> Follow Sp4zie on twitter for stream upates, giveaways & unimportant dribble: http://www.twitter.com/sp4zie
[2023-01-04 10:56:00] <Ashramonee> why are you going to Thailand without the bundle? monkaHmm
[2023-01-04 10:56:09] <%+Decksays> for it? got it... English please xD
[2023-01-04 10:56:09] VIEWERS: 606
[2023-01-04 10:56:20] <%wronggparty> are you planning to do a playthrough of hogwarts legacy?
[2023-01-04 10:56:31] <%jope89> I get to experience the nazgul phase of kids this christmass yay o)
[2023-01-04 10:56:35] <%$codezerotsu> cörp
[2023-01-04 10:56:37] <Ser0toniin> gooooooood morning Spuz! ser0to1Love
[2023-01-04 10:56:38] <%$FatedToFail> So she will take over the stream for 2 weeks? sp4zieBundle hype
[2023-01-04 10:56:41] <DeiDeDei> ugh terf games
[2023-01-04 10:57:01] <%AemenNae> if it didnt stop tibia, it won't stop that KEKW
[2023-01-04 10:57:03] <Ashramonee> oh right, two weeks of Boondel streams incoming! Kappa
[2023-01-04 10:57:05] <%$sheeperpeeper> To be honest I think you would get a lot of viewers with that game
[2023-01-04 10:57:09] <%$sheeperpeeper> It's really hyped
[2023-01-04 10:57:12] <Imilka> PIVOT
[2023-01-04 10:57:15] <%+w0ndr_woman> Also fun fact when u have kids, they own the big tv while your stuck watching stream on your phone 👍🏽
[2023-01-04 10:57:35] <%TheUrps> Just let bundle take over the stream for several weeks and you're good to go D4ve
[2023-01-04 10:57:44] <+ZhoganCS> hogwartz legacy would get you ALOT of viewers i think, crazy how many hp fans there are
[2023-01-04 10:57:47] <%tbt_prosperity> catJAM
[2023-01-04 10:57:49] <%thereeldoge> dogJAM
[2023-01-04 10:57:50] <%+rawxi> sp4zieJam
[2023-01-04 10:57:54] <Ashramonee> catJAM
[2023-01-04 10:57:58] <%+Somulus> sp4zieJam sp4zieJam sp4zieJam
[2023-01-04 10:57:58] <%bluberrey> sp4zieJam sp4zieJam sp4zieDance sp4zieDance sp4zieDance
[2023-01-04 10:57:59] <%AemenNae> sp4zieJam
[2023-01-04 10:57:59] <Ser0toniin> prince136DANCE prince136DANCE prince136DANCE prince136DANCE prince136DANCE prince136DANCE prince136DANCE
[2023-01-04 10:58:02] <%+w0ndr_woman> sp4zieJam sp4zieJam sp4zieJam
[2023-01-04 10:58:03] <%TheUrps> LISTEN
[2023-01-04 10:58:04] <%Cinnamen> sp4zieJam sp4zieJam sp4zieJam sp4zieJam
[2023-01-04 10:58:06] <%$codezerotsu> sp4zieJam sp4zieJam sp4zieJam
[2023-01-04 10:58:07] <%TheUrps> D: no listen
[2023-01-04 10:58:07] <DMerciful> BAAAANGER
[2023-01-04 10:58:07] <%tbt_prosperity> Peepwood muting the stream KEKW
[2023-01-04 10:58:09] VIEWERS: 606
[2023-01-04 10:58:14] <legoatoom> What house will you be in sp4zie?
[2023-01-04 10:58:15] <memovich53> SHEEEEEESH
[2023-01-04 10:58:16] <Karai16> HEJ
[2023-01-04 10:58:27] <%tbt_prosperity> Oh no its Podevan, im such a pleb
[2023-01-04 10:58:35] <%+rawxi> it's levioooosa not leviosaaa
[2023-01-04 10:58:36] <Plepsss> Hufflepuff
[2023-01-04 10:58:38] <%wronggparty> hufflepuff thu
[2023-01-04 10:58:52] <Super33cl> Throwing them Wingardium Lafkioska
[2023-01-04 10:59:00] <%XerorTtv> Spuz is defo Hufflepuff vibe
[2023-01-04 10:59:04] [Notification] karleeek subscribed with Prime.
[2023-01-04 10:59:19] <+SponLive> @DeiDeDei i guess its just our corner of the internet that isnt hyped for that game sp4zieRip sp4zieRip
[2023-01-04 10:59:22] <Ser0toniin> i like Ravenclaw toooo because of Luna <3
[2023-01-04 10:59:23] <Imilka> ravenclaw are also creative
[2023-01-04 10:59:40] <J0CK3_DT> Have you not done the test on pottermore?
[2023-01-04 10:59:45] <Super33cl> what would be the spedge spell ?
[2023-01-04 10:59:47] <%+NiennaVanir> Take a pottermore test
[2023-01-04 10:59:58] <Mimimionlymimi> hufflepuff is a good house
[2023-01-04 11:00:01] <Ser0toniin> @Super33cl SNIRKEN SNORKEN FLESKENPORKEN!
[2023-01-04 11:00:05] <%+NiennaVanir> I’m a ravenclaw with a unicorn patronus xD
[2023-01-04 11:00:09] VIEWERS: 635
[2023-01-04 11:00:12] <Plepsss> @Super33cl Maximus Fleskus
[2023-01-04 11:00:14] <%mitloo> Fleskgardium leviosa
[2023-01-04 11:00:15] <%AemenNae> you're 100% a hufflepuff
[2023-01-04 11:00:16] <%AemenNae> sorry
[2023-01-04 11:00:17] <%tbt_prosperity> @Sp4zie NGL, the podevan POV was hella funny in the video KEKW
[2023-01-04 11:00:34] <%Cinnamen> Sp4zie
[2023-01-04 11:00:40] <%Cinnamen> s patronus is definitely a FEESH
[2023-01-04 11:00:42] <legoatoom> If you do the test on stream you can only find out what wand best fits you.
[2023-01-04 11:00:51] <%tbt_prosperity> LUL
[2023-01-04 11:00:52] <legoatoom> also*
[2023-01-04 11:00:57] <Super33cl> Expecto Flesktorum ?
[2023-01-04 11:00:58] <%AemenNae> sp4zieFish1
[2023-01-04 11:01:01] <%mitloo> sp4zieFish3 sp4zieFish3
[2023-01-04 11:01:14] <%+rawxi> spatula modCheck
[2023-01-04 11:01:16] <%+karleeek> I hope you have a fantastic day today @Sp4zie and chat sp4ziePork
[2023-01-04 11:01:41] <GeneralExtreme> Vi stands for FEESH
[2023-01-04 11:01:41] <%tbt_prosperity> FI, stands for... FISH
[2023-01-04 11:01:45] <%tbt_prosperity> damn
[2023-01-04 11:01:55] <%tbt_prosperity> @GeneralExtreme Hi superior mind
[2023-01-04 11:02:03] <%tbt_prosperity> LUL
[2023-01-04 11:02:09] VIEWERS: 635
[2023-01-04 11:02:17] <GeneralExtreme> @tbt_prosperity Salutations Fellow Mindlord
[2023-01-04 11:03:54] <+Larugos> MOJ
[2023-01-04 11:04:10] VIEWERS: 635
[2023-01-04 11:04:22] <%tbt_prosperity> @Sp4zie Im sure RIOT would find a way to flesk it up and put 6 icons that looks exactly the same KEKW
[2023-01-04 11:04:43] <%+rawxi> ask and you shall receive
[2023-01-04 11:04:49] <%+Defendership> Spaz I can't remember, did you ever play Valheim?
[2023-01-04 11:04:51] <+wimpiesworld> MOJ
[2023-01-04 11:05:07] [Notification] Defendership subscribed at Tier 1. They've subscribed for 16 months, currently on a 15 month streak!
[2023-01-04 11:05:38] <%AemenNae> @Defendership he did not. can see all games played here:
[2023-01-04 11:05:39] <%AemenNae> !gamelist
[2023-01-04 11:05:40] <@^Moobot> @AemenNae Searchable list of ALL GAMES PLAYED on stream here: https://twitchtracker.com/sp4zie/games
[2023-01-04 11:06:02] <Plepsss> Skibidibop yesyesyes
[2023-01-04 11:06:04] <Plepsss> :D
[2023-01-04 11:06:10] VIEWERS: 658
[2023-01-04 11:06:13] <%+Defendership> ty Moobot!
[2023-01-04 11:06:23] <%tbt_prosperity> That tune is weird
[2023-01-04 11:06:47] <Duh_Vett> I just had a prankster do its thing, and they still focused the her and ignored the dummy, how would that happen? sadge
[2023-01-04 11:06:50] <%tbt_prosperity> I do agree
[2023-01-04 11:07:20] <Duh_Vett> was three prankster too
[2023-01-04 11:07:29] <Duh_Vett> i say bug
[2023-01-04 11:07:40] <GeneralExtreme> Knusk
[2023-01-04 11:08:02] <GeneralExtreme> Have you seen all the Fantstic Best movies Spuuzeh?
[2023-01-04 11:08:08] <GeneralExtreme> Beast*
[2023-01-04 11:08:10] VIEWERS: 658
[2023-01-04 11:08:24] <%GarrukIsOnFire> alright im off to bed, have good night @Sp4zie and chat sp4zieHeya sp4zieLovea
[2023-01-04 11:08:59] <%tbt_prosperity> @GarrukIsOnFire enjoy resting and night
[2023-01-04 11:10:01] <%wronggparty> agreed
[2023-01-04 11:10:07] <%wronggparty> last one stank
[2023-01-04 11:10:09] <!%CGZinck> oi oin!
[2023-01-04 11:10:10] VIEWERS: 668
[2023-01-04 11:10:15] <!%CGZinck> no ski trip? :O
[2023-01-04 11:10:19] [Notification] IamTobiToo subscribed at Tier 1. They've subscribed for 19 months! [:D]
[2023-01-04 11:10:21] <%tbt_prosperity> @CGZinck Helloooo sp4zieHeya
[2023-01-04 11:10:23] <GeneralExtreme> Yeah felt the same, miss the good old Harry Potter wibes, sadly dont get that with movies anymore :(
[2023-01-04 11:10:47] <%IamTobiToo> good morning everyone
[2023-01-04 11:10:58] <%+Decksays> @cgzinck !
[2023-01-04 11:10:58] <%tbt_prosperity> @IamTobiToo sp4zieHey
[2023-01-04 11:10:58] <@^Moobot> Enjoying your time here? Why not hit that follow button? Then you won't miss out next time we're LIVE sp4zieLove
[2023-01-04 11:11:13] <$DrejjFejjLingonbae> oh hey there, all!
[2023-01-04 11:11:52] [Notification] Saphura subscribed with Prime. They've subscribed for 2 months!
[2023-01-04 11:11:55] <pinhoo> heart
[2023-01-04 11:12:03] <%+Decksays> alright Spedge imma head to work. Enjoy your ski trip!
[2023-01-04 11:12:07] <%AemenNae> YOLO
[2023-01-04 11:12:09] <%$Big_Big58> Hello! my lil sister made me Kanelbullar! they were ok I guess ahahah they looked good though
[2023-01-04 11:12:15] VIEWERS: 668
[2023-01-04 11:12:15] <%tbt_prosperity> I miss snow Sadge freakin global warming
[2023-01-04 11:12:21] <+Tobywestside> @IamTobiToo yo, but i am Tobi too
[2023-01-04 11:12:25] <SiSo94> Mr Editor pr Ms Editor put me in the Youtube Video
[2023-01-04 11:12:29] <%+Decksays> farewell chat
[2023-01-04 11:12:43] <@%MacYodaNL> @Decksays have a guuden
[2023-01-04 11:12:50] <xTsuguteru> EGG
[2023-01-04 11:12:51] <%AemenNae> DONT DO IT
[2023-01-04 11:12:52] <%XerorTtv> EGG!
[2023-01-04 11:12:52] <TheRoyaleC4t> ÄÄÄÄGGG
[2023-01-04 11:12:53] <%AemenNae> NOOOOOOO
[2023-01-04 11:12:53] <+Cobyka> Need to do it!
[2023-01-04 11:12:54] <%+alexmaci_96> FOR YOUTUBE
[2023-01-04 11:12:55] <%AemenNae> I VETO
[2023-01-04 11:12:55] <SiSo94> Tkae IT
[2023-01-04 11:12:55] <+farmerbobik> EGG POGGIES
[2023-01-04 11:12:55] <%TheUrps> EGGG!
[2023-01-04 11:12:56] <%+RaiGo97> EEEEGGG
[2023-01-04 11:12:56] <+Noel4991> eff
[2023-01-04 11:12:56] <%+Somulus> EEEGGGGGG
[2023-01-04 11:12:56] <Feathered_Kettle> YESSS
[2023-01-04 11:12:58] <%Kalaydre> EGG
[2023-01-04 11:12:58] <Glemman> Egg
[2023-01-04 11:12:58] <ZazusX> it`s and 8th :D
[2023-01-04 11:12:58] <@%MacYodaNL> DEW IT
[2023-01-04 11:12:58] <that_office_guy> *Do it!
[2023-01-04 11:12:58] <WafflePoros> DO IT
[2023-01-04 11:12:58] <SNAKEBABY> ÄGGG!!
[2023-01-04 11:12:58] <Super33cl> DO ET
[2023-01-04 11:12:58] <1001JD> EGG
[2023-01-04 11:12:59] <%$Big_Big58> EGGGGGGGG
[2023-01-04 11:12:59] <+ItsThatMicky> brucegGoosetwerk brucegGoosetwerk brucegGoosetwerk brucegGoosetwerk brucegGoosetwerk brucegGoosetwerk
[2023-01-04 11:13:00] <+Martiraz> EEEEEGG
[2023-01-04 11:13:00] <%rdu3u> EEEEEEEEEEEGGGGGGGGGGG
[2023-01-04 11:13:01] <Feathered_Kettle> COME ON
[2023-01-04 11:13:01] <+Cobyka> FO CONTENT!
[2023-01-04 11:13:01] <%KarlAbj> EGG
[2023-01-04 11:13:01] <$ownin> NOOOOO
[2023-01-04 11:13:03] <%AemenNae> MY RIGHT AS A REGULAR MEANS I GET A VETO, SAY NO
[2023-01-04 11:13:03] <%$chubbytheboi> EGG
[2023-01-04 11:13:04] <%ziojoepie> stand united or roll
[2023-01-04 11:13:05] <wallfix> DONT
[2023-01-04 11:13:06] <%$chubbytheboi> EGG!!!
[2023-01-04 11:13:07] <%KarlAbj> NO
[2023-01-04 11:13:08] <%+Defendership> Spazie do not deny your DESTINY
[2023-01-04 11:13:09] <XZAERT> stand for Win, egg for fun
[2023-01-04 11:13:09] <%KarlAbj> EGG
[2023-01-04 11:13:09] <chrushclown> AJOO LE EGG
[2023-01-04 11:13:10] <WafflePoros> EGG HYPERS
[2023-01-04 11:13:10] <Imilka> igonre chat
[2023-01-04 11:13:10] <%$chubbytheboi> EGG!!!!
[2023-01-04 11:13:10] <Feathered_Kettle> THIS IS THE TIME
[2023-01-04 11:13:11] <SiSo94> GlitchCat  take
[2023-01-04 11:13:12] <pinhoo> Stand
[2023-01-04 11:13:13] <+Cobyka> EGG CELENT!
[2023-01-04 11:13:13] <%KarlAbj> OR BUSKANUSK
[2023-01-04 11:13:14] <%$Wildasen> EGG
[2023-01-04 11:13:15] <Glemman> EGGG
[2023-01-04 11:13:15] <@%MacYodaNL> Clap
[2023-01-04 11:13:16] <%$JohnLeeSwagger> EGG
[2023-01-04 11:13:16] <%+Defendership> 🥚🥚🥚🥚🥚🥚
[2023-01-04 11:13:16] <%AemenNae> nt i tried to fight it
[2023-01-04 11:13:17] <%+Somulus> YEEEEEES
[2023-01-04 11:13:18] <%$JohnLeeSwagger> EGG TIME
[2023-01-04 11:13:18] <+Martiraz> Egg!!!!!
[2023-01-04 11:13:19] <%rdu3u> sp4ziePork sp4ziePork sp4ziePork sp4ziePork sp4ziePork
[2023-01-04 11:13:20] <Feathered_Kettle> WE LOVE YOU
[2023-01-04 11:13:20] <%KarlAbj> POGGERS Clap HE DID IT
[2023-01-04 11:13:20] <%+Decksays> EGG
[2023-01-04 11:13:21] <%$JohnLeeSwagger> EEEEGGGGGG
[2023-01-04 11:13:21] <+Martiraz> Woooooo
[2023-01-04 11:13:22] <@%MacYodaNL> POGGIES HELLO OTOOOB
[2023-01-04 11:13:23] <%+w0ndr_woman> Eggggggg
[2023-01-04 11:13:25] <%Kalaydre> soraka in for camille?
[2023-01-04 11:13:27] <%Cinnamen> Soraka in Camille out?
[2023-01-04 11:13:28] <%$JohnLeeSwagger> POG
[2023-01-04 11:13:29] <%AemenNae> at least you have the HP to lose :
[2023-01-04 11:13:30] <%+alexmaci_96> YOU HAVE A TWITCH CHAT AND A YOUTUBE CHANNEL. DON'T FORGET IT @Sp4zie
[2023-01-04 11:13:30] <%AemenNae> :)
[2023-01-04 11:13:31] <%+rawxi> camille out
[2023-01-04 11:13:31] <Ferdinand9vv> EEEGGGGG
[2023-01-04 11:13:34] <+Sandeon> At least this way you can blame us if you go 8th
[2023-01-04 11:13:35] <%+rawxi> noice
[2023-01-04 11:13:36] <%KarlAbj> @MacYodaNL TIME ME OUT OLD MAN
[2023-01-04 11:13:39] <%$Big_Big58> don't blame us! u choose it!
[2023-01-04 11:13:43] <%XerorTtv> POGGIES
[2023-01-04 11:13:45] <xTsuguteru> time to go from hero to ZERO with EGG
[2023-01-04 11:13:50] <ZazusX> how to go from 1 to 8 in 6 rounds tutorial @Sp4zie
[2023-01-04 11:13:51] <!%CGZinck> such a good stand united XD
[2023-01-04 11:13:51] <@%MacYodaNL> @KarlAbj name the right prize
[2023-01-04 11:13:52] <%+Defendership> E🥚🥚 4 SPED🥚
[2023-01-04 11:13:55] <!%CGZinck> painful
[2023-01-04 11:14:03] <%KarlAbj> for EGG seconds
[2023-01-04 11:14:10] <%rdu3u> EGG diff
[2023-01-04 11:14:10] [Notification] MansTTV subscribed at Tier 1. They've subscribed for 7 months! [EGG sp4ziePog]
[2023-01-04 11:14:14] <Nork7> YT, content incoming PogChamp
[2023-01-04 11:14:18] [Notification] DearTed2 subscribed with Prime. They've subscribed for 20 months! [E G G C E L L E N T !]
[2023-01-04 11:14:18] VIEWERS: 701
[2023-01-04 11:14:26] BAN: KarlAbj (888s)
[2023-01-04 11:14:33] <XZAERT> fiddle over sej
[2023-01-04 11:14:36] <%AemenNae> it's not even content anymore, it's be a repeat vid KEKW
[2023-01-04 11:14:40] DELETED: AemenNae (it's not even content anymore, it's be a repeat vid KEKW)
[2023-01-04 11:14:47] <%AemenNae> OMEGALUL sorry yoda
[2023-01-04 11:14:48] <XZAERT> losing ox force for annie
[2023-01-04 11:14:55] <@%MacYodaNL> Maccan send his regards @AemenNae KEKW
[2023-01-04 11:15:00] <+Sandeon> Could replace Annie with a better spellslinger, like Taliyah or janna
[2023-01-04 11:15:02] <%AemenNae> @DearTed2 ted POGGERS
[2023-01-04 11:15:02] <Feathered_Kettle> Need dmg on that lb, damn
[2023-01-04 11:15:12] <%$JohnLeeSwagger> <Message was remåååved by @macyodanl >
[2023-01-04 11:15:16] <%AemenNae> @MacYodaNL I dunno what's got into me, I'm going against the meme
[2023-01-04 11:15:32] <%DearTed2> @AemenNae POGGIES
[2023-01-04 11:15:45] <@%MacYodaNL> @DearTed2 sp4zieArmy
[2023-01-04 11:15:45] <xTsuguteru> i love bullying mr strimmer
[2023-01-04 11:15:45] <Plepsss> put jg on lb
[2023-01-04 11:15:45] <flugge00> Is that 8 on the egg the UI in the game? That looks trash!
[2023-01-04 11:15:50] <TheBestHero_> morning everyone
[2023-01-04 11:15:53] <%KarlAbj> @DearTed2 THE ONE AND ONLY
[2023-01-04 11:15:57] <%DearTed2> @MacYodaNL sp4zieDab
[2023-01-04 11:15:58] <%AemenNae> @DearTed2 I hope all your vampire kids are doing well
[2023-01-04 11:16:06] <+Cobyka> load the HEjs!
[2023-01-04 11:16:18] VIEWERS: 701
[2023-01-04 11:16:27] <%$JohnLeeSwagger> MOI
[2023-01-04 11:16:29] <XZAERT> ali > sej 100%
[2023-01-04 11:16:31] <TheNorthDude> THE EGG
[2023-01-04 11:16:33] <%Cinnamen> Isn't Alistar a better Aegis in there for Ox Force?
[2023-01-04 11:16:46] <%DearTed2> @AemenNae Well they have a diet of only 100% Brute blood so they're doing well, soon they will haunt all future V Rising streams
[2023-01-04 11:16:53] [Announcement] <MacYodaNL> CHAT, LOAD UP THE HEJ'S AND MOJ'S
[2023-01-04 11:17:09] <TheBestHero_> loading...
[2023-01-04 11:17:15] <XZAERT> sej didnt even cast this round so
[2023-01-04 11:17:18] <%$Wildasen> 74 health will last i think
[2023-01-04 11:17:25] <%XerorTtv> MOJ 'n' HEJ
[2023-01-04 11:17:50] <Thas3p> Oh no, Sp4zie is playing egg again..
[2023-01-04 11:17:59] <chrushclown> egg v egg
[2023-01-04 11:18:00] <The_Sunal> another egg Pog
[2023-01-04 11:18:06] <%+rawxi> pregg
[2023-01-04 11:18:11] <%+Defendership> Awww dang we have an old fashioned Scramble on our hands
[2023-01-04 11:18:11] <+Tobywestside> scrambled
[2023-01-04 11:18:20] VIEWERS: 711
[2023-01-04 11:18:27] <%$chubbytheboi> eif!
[2023-01-04 11:18:56] [Notification] MaesterFlaeskerSpupunkel subscribed with Prime. They've subscribed for 34 months!
[2023-01-04 11:19:00] <Feathered_Kettle> Can you sell the egg?
[2023-01-04 11:19:15] <%XerorTtv> YOU HAVE IONIC
[2023-01-04 11:19:18] <!%CGZinck> SPARK
[2023-01-04 11:19:19] <!%CGZinck> PLZ
[2023-01-04 11:19:20] <Feathered_Kettle> Rooood
[2023-01-04 11:19:24] <!%CGZinck> Backseat must
[2023-01-04 11:19:31] <XZAERT> you need upgrades
[2023-01-04 11:19:31] <ZazusX> you need damahe
[2023-01-04 11:19:35] <!%CGZinck> Spark on fiddle or FF
[2023-01-04 11:19:50] <WafflePoros> KEKW
[2023-01-04 11:19:50] <iceeffusion> pain.
[2023-01-04 11:19:51] <%$chubbytheboi> xD
[2023-01-04 11:19:52] <+AA_Kazuka> KEKW
[2023-01-04 11:19:52] <%+alexmaci_96> Nicuh
[2023-01-04 11:19:54] <@%MacYodaNL> FF
[2023-01-04 11:19:57] <%XerorTtv> Double sparks OMEGALUL
[2023-01-04 11:19:57] <Feathered_Kettle> Jeeeeez
[2023-01-04 11:20:07] <!%CGZinck> Double spark is good with one on fiddle one on annie
[2023-01-04 11:20:22] <Feathered_Kettle> Zinck is riiight spark on fiddle
[2023-01-04 11:20:22] Viewerstats (10:52-11:20): avg:665 min:606 max:711 [15/695+0−89+0+29+0+0+23+0+10+0+33+0+10+0]
[2023-01-04 11:20:22] VIEWERS: 711
[2023-01-04 11:20:38] <@%MacYodaNL> Thats why Zinck is almost Master and Spuuz is just Diamond D4ve
[2023-01-04 11:21:11] <%$chubbytheboi> @MacYodaNL Way to kick a man while he has an egg
[2023-01-04 11:21:15] <MiLee3d> that’s a lvl 3 fiddol game
[2023-01-04 11:21:26] <WafflePoros> PauseChamp
[2023-01-04 11:21:28] <Feathered_Kettle> THIS IS THE TIME
[2023-01-04 11:21:29] <%$Wildasen> Its happening!
[2023-01-04 11:21:33] <+Tobywestside> eggcellent news
[2023-01-04 11:21:38] <+Cobyka> Prep the thumbnail
[2023-01-04 11:21:40] <+Sandeon> I once picked egg at 100 hp. I died before uit hatched
[2023-01-04 11:21:40] <@%MacYodaNL> @chubbytheboi thats why im a mod KEKW
[2023-01-04 11:21:42] <iceeffusion> you get 2 truns on the egg if you win?
[2023-01-04 11:21:44] <%LoLEnigmaa> Just here to say Im here
[2023-01-04 11:21:56] <XZAERT> @iceeffusion Yep
[2023-01-04 11:21:58] <iceeffusion> ty
[2023-01-04 11:22:00] <%LoLEnigmaa> sp4zieDab sp4zieDab sp4zieDab
[2023-01-04 11:22:13] <@%MacYodaNL> @LoLEnigmaa sp4zieHeya
[2023-01-04 11:22:16] <$Tebrevet> your indecisiveness is stressing me Mr. D4ve
[2023-01-04 11:22:18] <TheNorthDude> Get tali item in carusel?
[2023-01-04 11:22:24] <XZAERT> Ionic backline all planned EZ
[2023-01-04 11:22:25] VIEWERS: 733
[2023-01-04 11:22:25] <Thas3p> egg
[2023-01-04 11:22:26] <%$chubbytheboi> EGG PPAYOUT!!!!
[2023-01-04 11:22:30] <WafflePoros> dmg modCheck
[2023-01-04 11:22:30] <Ashramonee> PauseChamp
[2023-01-04 11:22:32] <Thas3p> egg!!
[2023-01-04 11:22:32] <iceeffusion> TIME TO GET DIZZY
[2023-01-04 11:22:38] <+Tobywestside> MOI
[2023-01-04 11:22:38] <XZAERT> Dizzy Spuzzy incoming
[2023-01-04 11:22:43] <+pinecone42> hello team :)
[2023-01-04 11:22:43] <%$Benjeetoe> EGG
[2023-01-04 11:22:44] <iceeffusion> MOI
[2023-01-04 11:22:47] <+Cobyka> MasterMoi!
[2023-01-04 11:22:50] <%+w0ndr_woman> Lets gooo
[2023-01-04 11:22:55] <Ashramonee> cue the hype music for fast APM
[2023-01-04 11:22:58] <$Tebrevet> warmogs fiddle?
[2023-01-04 11:23:00] <Thas3p> spellslinger fiddle?
[2023-01-04 11:23:00] <+Brashinga> Renegade fiddle
[2023-01-04 11:23:07] <+farmerbobik> third shojin Pog
[2023-01-04 11:23:09] <Thas3p> pogn't
[2023-01-04 11:23:28] <iceeffusion> wait what
[2023-01-04 11:23:28] <%$Wildasen> KEKW
[2023-01-04 11:23:28] <%$chubbytheboi> remover POG
[2023-01-04 11:23:30] <XZAERT> Death dance fiddle!
[2023-01-04 11:23:30] <%TheUrps> very pogn't
[2023-01-04 11:23:32] <iceeffusion> thats actualy good on fid
[2023-01-04 11:23:35] <darkav1411> is this an eiff?
[2023-01-04 11:23:36] <%XerorTtv> MOJ
[2023-01-04 11:23:36] <%tbt_prosperity> POGN'T
[2023-01-04 11:23:37] <!%CGZinck> Death dance fiddle... sounds pog
[2023-01-04 11:23:39] <TheBestHero_> yo the stream lagged so hard for me when you opened the egg loot hahahaha
[2023-01-04 11:23:40] <WafflePoros> remover  is  Pog
[2023-01-04 11:23:41] <%+CallMeDawe> MOJ
[2023-01-04 11:23:42] <Feathered_Kettle> MOJ
[2023-01-04 11:23:50] <%$JohnLeeSwagger> MOI
[2023-01-04 11:24:11] <%AemenNae> KEKW
[2023-01-04 11:24:12] <XZAERT> KEKW
[2023-01-04 11:24:13] <%+CallMeDawe> KEKW
[2023-01-04 11:24:13] <WafflePoros> EZ
[2023-01-04 11:24:15] <%tbt_prosperity> KEKW
[2023-01-04 11:24:18] <XZAERT> EZ Clap
[2023-01-04 11:24:18] <%$Wildasen> Almost jynxed it
[2023-01-04 11:24:18] <+pinecone42> not close :)
[2023-01-04 11:24:18] <Feathered_Kettle> LMAO
[2023-01-04 11:24:18] <@%MacYodaNL> #notevenclose
[2023-01-04 11:24:18] <darkav1411> KEKW
[2023-01-04 11:24:23] <%$chubbytheboi> Ez win, no pressure
[2023-01-04 11:24:25] VIEWERS: 733
[2023-01-04 11:24:27] <%AemenNae> a good win with only a little bit of pee
[2023-01-04 11:24:55] <%$chubbytheboi> Rip Annie 2 dream
[2023-01-04 11:24:57] <!%CGZinck> leona ionic is nuts too
[2023-01-04 11:25:13] <!%CGZinck> janna=
[2023-01-04 11:25:39] <+Martiraz> Payout behind the cow
[2023-01-04 11:25:46] <XZAERT> PogChamp
[2023-01-04 11:25:50] <Feathered_Kettle> Yooooooooo
[2023-01-04 11:25:51] <darkav1411> POG
[2023-01-04 11:25:54] <%+w0ndr_woman> sp4zieLovea
[2023-01-04 11:25:55] <Moccis> streamer luck
[2023-01-04 11:25:59] <%+CallMeDawe> GO BIG OR GO HOME
[2023-01-04 11:25:59] <@^Moobot> Subscribe to the YouTube channel for the weekly video that sometimes comes out weekly: http://www.youtube.com/sp4zie
[2023-01-04 11:26:00] <!%CGZinck> interesting game LUL
[2023-01-04 11:26:18] <xTsuguteru> what did spuz get from egg?
[2023-01-04 11:26:18] <Nork7> AYO what?
[2023-01-04 11:26:22] <xTsuguteru> i was getting ice cream
[2023-01-04 11:26:22] <XZAERT> taliyah annie > soraka urgot prob
[2023-01-04 11:26:25] VIEWERS: 783
[2023-01-04 11:26:32] <+Brashinga> GS fiddle?
[2023-01-04 11:26:33] <Feathered_Kettle> Giant?
[2023-01-04 11:26:41] <%Kalaydre> alistar and urgot out, taliyah annie in
[2023-01-04 11:26:43] <+Brashinga> oh wait nvm
[2023-01-04 11:26:45] <Moccis> MOI
[2023-01-04 11:26:55] <darkav1411> MOJ?
[2023-01-04 11:27:16] <XZAERT> Those are the items KEKW
[2023-01-04 11:27:44] <%AemenNae> NOTED golden egg not meta
[2023-01-04 11:27:45] <%$Wildasen> HYPERS top 3 bby
[2023-01-04 11:28:22] <ejices> Morde instead of Urgot? Good items for him
[2023-01-04 11:28:25] VIEWERS: 783
[2023-01-04 11:29:10] <XZAERT> Items on fiddle
[2023-01-04 11:29:12] <%$sweetlemonade65> Hello fellow sweds enjoyers & mister Dave sp4zieHeya
[2023-01-04 11:29:14] <MiLee3d> items on fid
[2023-01-04 11:29:17] <$sithlordmcgee> Boomer mod modCheck
[2023-01-04 11:29:29] <%thereeldoge> Hand should have been on fiddle
[2023-01-04 11:29:32] <Thas3p> pretty nusky
[2023-01-04 11:29:36] <%AemenNae> EGG
[2023-01-04 11:29:36] <XZAERT> EZ Clap
[2023-01-04 11:29:41] <%TheUrps> what an Egg gamer
[2023-01-04 11:29:43] <%$chubbytheboi> EGG !!!
[2023-01-04 11:29:43] <+Cobyka> EGGCELENT!
[2023-01-04 11:29:44] <darkav1411> EGG EZ
[2023-01-04 11:29:48] <DjCruiserx> Lots of units
[2023-01-04 11:29:51] <lakasas> just spam fiddle full board kak
[2023-01-04 11:29:51] <+Voksenfisk> NEED ANOTHER EGG
[2023-01-04 11:29:52] <XZAERT> OX SPAT
[2023-01-04 11:29:52] <DjCruiserx> Lots of 5 cost unit XD
[2023-01-04 11:29:54] <Mangocean> UTUBEEE
[2023-01-04 11:29:55] <!%CGZinck> OX :O
[2023-01-04 11:29:56] <XZAERT> Sadge
[2023-01-04 11:29:57] <%+w0ndr_woman> Im sweating
[2023-01-04 11:29:59] <%$chubbytheboi> ADMIN FIDDLE
[2023-01-04 11:30:02] <!%CGZinck> Px fprce ekko
[2023-01-04 11:30:05] <WafflePoros> KEKW
[2023-01-04 11:30:06] <kaw_kaw> This is going eggxactly how I thought it would.
[2023-01-04 11:30:07] <X1X0S> KEKW
[2023-01-04 11:30:07] <!%CGZinck> ox force ekko*
[2023-01-04 11:30:17] <%thereeldoge> ROOOOOIND :D
[2023-01-04 11:30:17] <DjCruiserx> More 5 cost on bench !
[2023-01-04 11:30:20] <XZAERT> Just let syndra toss in fiddle from bench
[2023-01-04 11:30:25] VIEWERS: 829
[2023-01-04 11:30:26] <+farmerbobik> do u need sona?
[2023-01-04 11:30:35] <+farmerbobik> ah spellslinger
[2023-01-04 11:30:43] <xTsuguteru> you put in the leblanc right?
[2023-01-04 11:30:49] <xTsuguteru> then throw the second fiddle from bench
[2023-01-04 11:31:00] <+KeithLennon> ez
[2023-01-04 11:31:02] <Ashramonee> Sadge
[2023-01-04 11:31:04] <XZAERT> Cursed crown :(
[2023-01-04 11:31:04] <+Tobywestside> its a thord
[2023-01-04 11:31:05] <+Cobyka> NEEEIIi
[2023-01-04 11:31:06] <%AemenNae> egg turd
[2023-01-04 11:31:07] <+pinecone42> gg game
[2023-01-04 11:31:07] <%thereeldoge> GEGE
[2023-01-04 11:31:10] <@%MacYodaNL> nt nt nt
[2023-01-04 11:31:11] <%+alexmaci_96> It's a turd
[2023-01-04 11:31:11] <darkav1411> aw
[2023-01-04 11:31:16] <%+w0ndr_woman> Gege
[2023-01-04 11:31:18] <xTsuguteru> egg is a turd
[2023-01-04 11:31:21] <Nork7> Why is Egg trashmobil?
[2023-01-04 11:31:24] <@%MacYodaNL> Turd Egg
[2023-01-04 11:31:25] <glitchC4t> Admin spat outplay Kappa
[2023-01-04 11:31:32] <Xavien_Rethus> i can *hear* the edited in sounds
[2023-01-04 11:31:39] <Thas3p> super stronk
[2023-01-04 11:31:39] <Xavien_Rethus> is this what twitch is like
[2023-01-04 11:31:39] <%$BasUutGrunn> good morning :>
[2023-01-04 11:31:46] <%+rawxi> stand united might have beaten them but egg content is Spectacular
[2023-01-04 11:31:46] <javerino> giant slayer would have made the diff
[2023-01-04 11:31:53] <xTsuguteru> there was ox force spat maybe???
[2023-01-04 11:32:11] <Feathered_Kettle> Maybe gs on fiddle
[2023-01-04 11:32:18] <javerino> gg tho ! nice egg gameplay
[2023-01-04 11:32:25] VIEWERS: 829
[2023-01-04 11:32:29] <GreyWind77> fart
[2023-01-04 11:32:36] <%AemenNae> mine was always mush
[2023-01-04 11:32:37] <xTsuguteru> zinck is almost master rank????
[2023-01-04 11:32:38] <%XerorTtv> fart
[2023-01-04 11:32:38] <spooks_hs> There was a GS on zac boss when you took locket
[2023-01-04 11:32:48] <Xavien_Rethus> dont hate me i just got here
[2023-01-04 11:33:01] <!%CGZinck> @xTsuguteru I've been D1 for like 100 games, SUPER stuck LUL
[2023-01-04 11:33:21] <MindokRuvaak> they must have nerfed the egg, cus when I got it last set I got two tactician crowns
[2023-01-04 11:33:51] <+Sandeon> @MindokRuvaak Its got a loot table
[2023-01-04 11:33:55] <%AemenNae> spuz got egg last set and it wasnt that good either
[2023-01-04 11:33:58] <iceeffusion> 1 radiant, 1 ornn and 1 normal
[2023-01-04 11:33:59] <%AemenNae> it's no fortune 11 loss streak
[2023-01-04 11:34:01] <maubyyyyyy> HIIIIII SPEDGEEEE LOVEEE YOUUUUUUU
[2023-01-04 11:34:08] <+Sandeon> sometimes you get two crowns, sometimes you get like 200 gold
[2023-01-04 11:34:25] VIEWERS: 779
[2023-01-04 11:34:30] <%$sweetlemonade65> sick at the game you mean ? sp4zie6head
[2023-01-04 11:35:01] <xTsuguteru> 3 renegade? wokege
[2023-01-04 11:35:01] <$Tebrevet> camille for renegade?
[2023-01-04 11:35:02] <iceeffusion> kaisa gaming?
[2023-01-04 11:35:04] <Thas3p> I feel like when inting for payouts, underground could be better
[2023-01-04 11:35:17] <5alamander_> !follow
[2023-01-04 11:35:17] <@^Moobot> @5alamander_ Enjoying your time here? Why not hit that follow button? Then you won't miss out next time we're LIVE sp4zieLove
[2023-01-04 11:35:34] <wallfix> knife edge jax good
[2023-01-04 11:35:34] <XZAERT> March reroll PogChamp
[2023-01-04 11:35:36] <maubyyyyyy> forgeeee!!!!!!
[2023-01-04 11:35:43] <B1dvig> March POGGERS
[2023-01-04 11:35:44] <+crispysnowball> March op
[2023-01-04 11:35:57] <XZAERT> I mean march is perfect for jax, you're stuck on level 7 for superlong
[2023-01-04 11:36:23] <maubyyyyyy> GET WELL SOON SPEDGE <3 <3 <3
[2023-01-04 11:36:25] VIEWERS: 779
[2023-01-04 11:36:39] <maubyyyyyy> KEEP SAFE EVERYDAY <3 <3 <3
[2023-01-04 11:36:50] [Notification] Miss_Margo subscribed at Tier 1. They've subscribed for 31 months! [Hi Sp4zie, good to see you live in the new year. You sound a bit sick, did you party too hard? sp4zieDance]
[2023-01-04 11:37:07] <$CazzeCazim> !video
[2023-01-04 11:37:08] <@^Moobot> @CazzeCazim Check out the latest video by Mrs editor -> https://www.youtube.com/watch?v=MnhUq_w60S0
[2023-01-04 11:37:16] <%LoLEnigmaa> @Sp4zie what is your augment?
[2023-01-04 11:37:37] <+TheViperXiX> @Sp4zie no talk wiith zinck?
[2023-01-04 11:37:40] <XZAERT> March is perfect for rerolling 3 costs
[2023-01-04 11:37:42] <%ANutty> mecha in shop
[2023-01-04 11:38:10] <XZAERT> But living forge is more BatChest
[2023-01-04 11:38:23] <%$JohnLeeSwagger> @sp4zie What is your opinion on leverpastej?
[2023-01-04 11:38:26] <+crispysnowball> It might not be the strongest but i enjoy running threats so much
[2023-01-04 11:38:27] VIEWERS: 765
[2023-01-04 11:38:46] <%+berntzone> keep it to english
[2023-01-04 11:38:47] <+Tobywestside> @Sp4zie what's your favourite comp so far?
[2023-01-04 11:38:48] <%$sweetlemonade65> Draven mecha pretty good sp4zie6head
[2023-01-04 11:38:51] <Arniebot> what rank are you in TFT spuz?
[2023-01-04 11:38:59] <XZAERT> !rank
[2023-01-04 11:38:59] <%AemenNae> !RANK
[2023-01-04 11:39:00] <@^Moobot> @XZAERT Sp4zie is currently: DIAMOND IV - 70 LP
[2023-01-04 11:39:09] <%LoLEnigmaa> @Sp4zie what is your augment?
[2023-01-04 11:39:09] <%$JohnLeeSwagger> POG me too
[2023-01-04 11:39:27] <%+berntzone> you've always been a diamond in my eyes @Sp4zie
[2023-01-04 11:39:28] <XZAERT> Another bow PogChamp
[2023-01-04 11:39:36] <ThatTreeTho> Keep it to english in the counting
[2023-01-04 11:40:30] VIEWERS: 775
[2023-01-04 11:40:41] <XZAERT> Lulu EZ
[2023-01-04 11:40:51] <B1dvig> Edge
[2023-01-04 11:40:52] <XZAERT> Edge of night
[2023-01-04 11:40:55] <wallfix> edge
[2023-01-04 11:40:55] <iceeffusion> eon
[2023-01-04 11:40:56] <%+JustaurasLTU> Edge of Knight
[2023-01-04 11:41:27] <XZAERT> Blitz 💰
[2023-01-04 11:41:27] <@^Moobot> Share your clips from the stream, post your food pics and hang with the community while the stream is offline! All over at: https://discord.gg/sp4zie
[2023-01-04 11:41:36] <%+JustaurasLTU> But a temporary one, not as consistent as qss
[2023-01-04 11:41:40] <TheRoyaleC4t> it would be very sad for your carry getting ccd during his imunity thats why
[2023-01-04 11:41:51] <maubyyyyyy> have a great stream spuzzz much love from the Philippines <3 <3 <3
[2023-01-04 11:41:51] <DMerciful> spEdge of night
[2023-01-04 11:42:10] <jorgob1999> check admin?
[2023-01-04 11:42:31] VIEWERS: 775
[2023-01-04 11:42:51] <XZAERT> Bow on jax needs to be RFC hto
[2023-01-04 11:43:06] <ThatTreeTho> Threat game? PogChamp
[2023-01-04 11:44:08] <XZAERT> 😸
[2023-01-04 11:44:22] <DjCruiserx> jax with stacking aug :)
[2023-01-04 11:44:35] VIEWERS: 798
[2023-01-04 11:44:38] <%$Wildasen> HYPERS Last augment guaranteed to be prismatic
[2023-01-04 11:44:40] <XZAERT> @DjCruiserx didn't get it offered
[2023-01-04 11:45:00] <DjCruiserx> @XZAERT XD hoping for the RR :>
[2023-01-04 11:45:12] <XZAERT> @DjCruiserx only 2 star augments ^^
[2023-01-04 11:45:14] <%XerorTtv> @Wildasen how?
[2023-01-04 11:45:20] <DjCruiserx> @XZAERT true dat
[2023-01-04 11:45:47] <%$Wildasen> @XerorTtv Its the only outcome after prismatic-hero
[2023-01-04 11:46:13] <Thas3p> nah after ten turns my guy
[2023-01-04 11:46:22] <Thas3p> you get it at wolves I think
[2023-01-04 11:46:23] <%+Chechtta> How would you rank Aurelion as a solo unit?
[2023-01-04 11:46:35] VIEWERS: 798
[2023-01-04 11:47:34] <DeFrakke> 'Morning Spuz
[2023-01-04 11:47:45] <XZAERT> Soraka holds it later
[2023-01-04 11:48:03] <Ashramonee> what does the umbrella icon do?
[2023-01-04 11:48:16] <DjCruiserx> @Ashramonee shows what janna bonus is
[2023-01-04 11:48:27] <DjCruiserx> it changes every game
[2023-01-04 11:48:34] <Ashramonee> aha, thanks!
[2023-01-04 11:48:35] VIEWERS: 815
[2023-01-04 11:49:57] <+Sandeon> Sona gives heart
[2023-01-04 11:50:06] <XZAERT> SORAKA
[2023-01-04 11:50:09] <iceeffusion> bt?
[2023-01-04 11:50:09] <XZAERT> =)
[2023-01-04 11:50:13] <+Sandeon> what's the Fiora for?
[2023-01-04 11:50:18] <XZAERT> Soraka > Sona
[2023-01-04 11:50:20] <jorgob1999> soraka in and blitz?
[2023-01-04 11:50:22] <W4rch3st> soraka for sona ň
[2023-01-04 11:50:27] <jorgob1999> for admin and heart
[2023-01-04 11:50:28] <W4rch3st> an blitz for admin
[2023-01-04 11:50:35] Viewerstats (11:22-11:50): avg:785 min:733 max:829 [15/733+0+50+0+46+0−50+0−14+10+0+23+0+17+0]
[2023-01-04 11:50:35] VIEWERS: 815
[2023-01-04 11:51:00] <XZAERT> Soraka + blitz and it's a first
[2023-01-04 11:51:11] <W4rch3st> roll
[2023-01-04 11:51:12] <DjCruiserx> time for rr :3
[2023-01-04 11:51:19] <%rdu3u> rr
[2023-01-04 11:51:28] <+lellogiane> egg??
[2023-01-04 11:51:32] <MiLee3d> roll
[2023-01-04 11:51:33] <W4rch3st> reeeroolll
[2023-01-04 11:51:35] <iceeffusion> ROLL
[2023-01-04 11:51:41] <Thas3p> roll for egg?
[2023-01-04 11:51:42] <%+JustaurasLTU> roll for egg
[2023-01-04 11:51:42] <raizerlax> Woodland charm
[2023-01-04 11:51:59] <W4rch3st> good value
[2023-01-04 11:52:12] <%baterixSF> woodland seems weak
[2023-01-04 11:52:35] VIEWERS: 815
[2023-01-04 11:52:49] <W4rch3st> renekton for blitz and soraka in evenutaly gg
[2023-01-04 11:53:10] <XZAERT> It's 100% soraka and blitz over renekton sona
[2023-01-04 11:53:14] <wallfix> keep soraka for admin
[2023-01-04 11:54:05] <%+JustaurasLTU> Why you play rene instead of admin blitz?
[2023-01-04 11:54:19] <XZAERT> Ok those suck
[2023-01-04 11:54:23] <XZAERT> KEKW
[2023-01-04 11:54:35] <+Cobyka> Moi
[2023-01-04 11:54:35] VIEWERS: 826
[2023-01-04 11:54:35] <wallfix> well, lowroll
[2023-01-04 11:54:45] <%$Ballalajkatajta> EGGGGGG
[2023-01-04 11:54:47] <XZAERT> Load up the moist
[2023-01-04 11:54:59] <jorgob1999> EGG
[2023-01-04 11:55:27] <Moccis> MOI
[2023-01-04 11:55:29] <+Cobyka> MOI!
[2023-01-04 11:55:30] <%XerorTtv> Moj
[2023-01-04 11:55:31] <wallfix> MOI
[2023-01-04 11:55:32] <+Cobyka> HEJ!
[2023-01-04 11:55:33] <DSHodini> hej
[2023-01-04 11:55:35] <%LordJaws> Moj!
[2023-01-04 11:55:41] <Moccis> MOI!
[2023-01-04 11:55:44] <wallfix> is mecha worth putting in?
[2023-01-04 11:55:52] <OlafdaVinci> Hello spuz, what do you think about the mascot meta? I personally find it annoying.
[2023-01-04 11:55:59] <XZAERT> @wallfix Nop, only worth in draven reroll comp
[2023-01-04 11:56:10] <Moccis> MOO
[2023-01-04 11:56:32] <Thas3p> "Offhand Carry"
[2023-01-04 11:56:32] <@^Moobot> Follow Sp4zie on twitter for stream upates, giveaways & unimportant dribble: http://www.twitter.com/sp4zie
[2023-01-04 11:56:33] <Moccis> MOI
[2023-01-04 11:56:35] VIEWERS: 826
[2023-01-04 11:56:39] <%$KvakerlakKakerlak> Good day fine people sp4zieLovea sp4zieHey
[2023-01-04 11:56:40] <Ashramonee> MOJ
[2023-01-04 11:56:40] <%XerorTtv> MOJ
[2023-01-04 11:56:46] <%baterixSF> moj
[2023-01-04 11:56:51] <Hakuna_Matities> I need help with specs. Is upgrading gtx 1650 super to gtx 1660 super worth the extra $100?
[2023-01-04 11:56:58] <%ANutty> taliah next in?
[2023-01-04 11:57:15] <%+Chechtta> !playlist
[2023-01-04 11:57:16] <@^Moobot> @Chechtta Current playlist: https://open.spotify.com/playlist/597avdsU0EaVNEMrvKB2Cc?si=d769b604ac89480a
[2023-01-04 11:57:27] <XZAERT> Morello is better
[2023-01-04 11:57:50] <%PeterThePooBear> is Spuz getting sick?
[2023-01-04 11:58:12] <LeftFromNexus> why don you try to clear with spear this year ? :P
[2023-01-04 11:58:26] <XZAERT> WHAT A SHOP
[2023-01-04 11:58:30] <%+JustaurasLTU> Buy boooth
[2023-01-04 11:58:31] <%+JustaurasLTU> nooo
[2023-01-04 11:58:32] <Pachachue> JUST buy it
[2023-01-04 11:58:33] <jorgob1999> both
[2023-01-04 11:58:35] VIEWERS: 826
[2023-01-04 11:58:36] <+farmerbobik> just buy
[2023-01-04 11:58:36] <XZAERT> Just click riven
[2023-01-04 11:58:36] <%Heifty> Just buy
[2023-01-04 11:58:37] <+Sandeon> just buy the rivens
[2023-01-04 11:58:38] <jorgob1999> you can get riven
[2023-01-04 11:58:39] <xXnlamersXx> just buy riven
[2023-01-04 11:58:41] <nightley98> buy it
[2023-01-04 11:58:42] <XZAERT> KEKW
[2023-01-04 11:58:43] <+Sandeon> it'll combine automatically
[2023-01-04 11:58:53] <%+JustaurasLTU> He saved it
[2023-01-04 11:58:54] <%Heifty> KEKW
[2023-01-04 11:58:57] <%+JustaurasLTU> KEKW
[2023-01-04 11:59:09] <wallfix> wp streamer
[2023-01-04 11:59:19] <%AemenNae> diamond level shop skills
[2023-01-04 11:59:30] <Thas3p> very potenty
[2023-01-04 11:59:42] <%XerorTtv> @Hakuna_Matities Yes, but if you can find a 3050 around the same price as 1660 super, then go for 3050
[2023-01-04 11:59:44] <%Heifty> Underground KEKW
[2023-01-04 11:59:53] <+Cobyka> MOII
[2023-01-04 11:59:55] <+Cobyka> YEAH
[2023-01-04 11:59:59] <Thas3p> uhmm
[2023-01-04 12:00:07] <Gopeto21> the nun
[2023-01-04 12:00:10] <Thas3p> is that a lvl 3 taliyah?
[2023-01-04 12:00:18] <wallfix> yeah, sona 2 is kinda strong
[2023-01-04 12:00:22] <Thas3p> big oof
[2023-01-04 12:00:35] VIEWERS: 846
[2023-01-04 12:01:12] <SirSpam4lot> What a name on the taliyah guy
[2023-01-04 12:01:15] <ThatTreeTho> Is tali ult technically AoE damage?
[2023-01-04 12:01:16] <%Jarone__> @Hakuna_Matities It's all up to you, if you want a few more frames and can mis the 100$ I guess it's worth. But can't really give you advice this is a decision you have to make on your own bud
[2023-01-04 12:01:20] <ThatTreeTho> So redemption?
[2023-01-04 12:01:30] <XZAERT> Wait 6-1 and send it
[2023-01-04 12:01:40] [Notification] Ner4dus subscribed at Tier 1. They've subscribed for 30 months! [Hello Spuz! long time no see sp4zieHeya]
[2023-01-04 12:01:47] <%+mikmonmedia> Bamsefarfar sp4ziePog
[2023-01-04 12:02:24] <!%CGZinck> :P
[2023-01-04 12:02:35] VIEWERS: 872
[2023-01-04 12:02:38] <%Jarone__> sp4zieRip zinck
[2023-01-04 12:02:41] <Nic3_Guy112> @CGZinck top 10 anime betrayls D:
[2023-01-04 12:02:46] <XZAERT> Postion center vs taliyah prob and dont greed lee sin item value
[2023-01-04 12:03:27] <Rsan> @cgzinck b4tymeHEY
[2023-01-04 12:03:30] <Tiggars> what's the jankiest comp you've tried out so far this set? any standouts?
[2023-01-04 12:03:50] <XZAERT> Might get remover
[2023-01-04 12:03:58] <%LoLEnigmaa> hope you get the remover
[2023-01-04 12:04:23] <XZAERT> Shroud Pog
[2023-01-04 12:04:23] <Thas3p> shroud pretty big
[2023-01-04 12:04:27] <+Cobyka> Hej
[2023-01-04 12:04:30] <DSHodini> Hej
[2023-01-04 12:04:31] <Thas3p> MOJ
[2023-01-04 12:04:31] <%TheUrps> Moj
[2023-01-04 12:04:35] VIEWERS: 872
[2023-01-04 12:04:38] <XZAERT> ok level for aegis rpob
[2023-01-04 12:04:39] <%+JustaurasLTU> HEJ
[2023-01-04 12:04:42] <Tiggars> Moj
[2023-01-04 12:04:42] <%+JustaurasLTU> MOJ
[2023-01-04 12:04:43] <kojoshogunu> HEJ
[2023-01-04 12:04:48] <%+Defendership> HEJ
[2023-01-04 12:04:54] <Thas3p> The guy is sweatin
[2023-01-04 12:04:57] <KatarinaBDSM> MOJ
[2023-01-04 12:04:57] <+Cobyka> He keeps getting away with it! :D
[2023-01-04 12:05:00] <$takadoari> BIIIIIIIG HEJ
[2023-01-04 12:05:01] <WafflePoros> Just  too  EZ
[2023-01-04 12:05:13] <Thas3p> nt
[2023-01-04 12:05:19] <WafflePoros> rolled
[2023-01-04 12:05:22] <ftMajin> balanced YEP
[2023-01-04 12:05:24] <%+mikmonmedia> Taliyah is a champ
[2023-01-04 12:05:41] <Thas3p> THERE SHE IS!
[2023-01-04 12:06:27] <%AemenNae> Clap
[2023-01-04 12:06:28] <%Jarone__> sp4zieGg
[2023-01-04 12:06:34] <%Ner4dus> sadge
[2023-01-04 12:06:35] <%$sweetlemonade65> sp4zieGg
[2023-01-04 12:06:35] VIEWERS: 884
[2023-01-04 12:06:37] <%XerorTtv> sp4zieGg
[2023-01-04 12:06:37] <%LoLEnigmaa> ggg
[2023-01-04 12:06:38] <Moccis> GG
[2023-01-04 12:06:39] <%$KvakerlakKakerlak> Clap
[2023-01-04 12:06:40] [Notification] Y0umeee subscribed with Prime.
[2023-01-04 12:06:41] <+ShaxOnii> 9 lvl power spike
[2023-01-04 12:06:42] <DSHodini> GG
[2023-01-04 12:06:52] <%$chubbytheboi> 3* 4 cost is just too giga highroll to beat :(
[2023-01-04 12:07:13] <+Vaylo> D3zie
[2023-01-04 12:07:24] <jorgob1999> I just like the dudes name
[2023-01-04 12:07:32] <OlafdaVinci> Hej Spuz, what do you think about the current mascot meta? I personally find it annoying
[2023-01-04 12:08:14] <+IAmNotAfk> what is top 3 comp
[2023-01-04 12:08:35] <!StProphet> HeyGuys
[2023-01-04 12:08:40] VIEWERS: 884
[2023-01-04 12:08:52] <%$StanglebornSugflesktorn> k
[2023-01-04 12:08:54] <%$StanglebornSugflesktorn> KEKW
[2023-01-04 12:08:55] <%+DJNazale> the dude reminds me of the big lebowski. Man that was good
[2023-01-04 12:09:00] <%EventHorizon_uwu> KEKW name
[2023-01-04 12:09:09] <%$StanglebornSugflesktorn> thats not very keep it to english in the chat
[2023-01-04 12:09:16] <%$StanglebornSugflesktorn> D:
[2023-01-04 12:09:19] <%+mikmonmedia> Skal du skiide?
[2023-01-04 12:09:19] <+ShaxOnii> sadge :*(
[2023-01-04 12:09:19] <%+Defendership> gg spedg, have a good one
[2023-01-04 12:09:21] <Kjeellefar> D:
[2023-01-04 12:09:27] <!%CGZinck> Have a nice trip 🐙
[2023-01-04 12:09:39] <+bobbayunga> Have a nice trip!! When are you back?
[2023-01-04 12:09:40] <+Sandeon> have fun
[2023-01-04 12:09:43] <%+mikmonmedia> Was is das
[2023-01-04 12:09:48] <%$StanglebornSugflesktorn> you take care of your self spedge! We will be here and we love you sp4zieLovea sp4zieLovea
[2023-01-04 12:09:54] <+ShaxOnii> POGU
[2023-01-04 12:09:58] <%+mikmonmedia> NIceu
[2023-01-04 12:10:04] <Super33cl> oh look, professional spedge
[2023-01-04 12:10:13] <Super33cl> cant wait for u to mess it up somehow Kappa
[2023-01-04 12:10:14] <%+mikmonmedia> Good ideru
[2023-01-04 12:10:22] <Hrafnborn> is this the year you start snowboarding?
[2023-01-04 12:10:24] <+IAmNotAfk> when is the vlog starting
[2023-01-04 12:10:30] [Notification] GooseAnimator subscribed at Tier 1. They've subscribed for 37 months! [37 HYPERS]
[2023-01-04 12:10:35] <%+Y0umeee> Wish you the best of snow possible sp4zieCheer
[2023-01-04 12:10:35] <Thas3p> enjoy your trip good man
[2023-01-04 12:10:35] <%EventHorizon_uwu> Enjoy vacay
[2023-01-04 12:10:40] VIEWERS: 848
[2023-01-04 12:10:44] <%$StanglebornSugflesktorn> POGGERS
[2023-01-04 12:10:46] <%$StanglebornSugflesktorn> POG
[2023-01-04 12:10:46] <Thas3p> PogChamp
[2023-01-04 12:10:48] <%+mikmonmedia> POGU
[2023-01-04 12:10:50] <%$KvakerlakKakerlak> POGGIES
[2023-01-04 12:10:51] <Super33cl> 1 hour vid? Pog
[2023-01-04 12:10:53] <+andrebardela> PGGERS
[2023-01-04 12:10:58] <%+mikmonmedia> 24 hours vid?
[2023-01-04 12:11:05] <%$StanglebornSugflesktorn> yay
[2023-01-04 12:11:13] <Super33cl> hooooly. gonna watch it with GF LUL
[2023-01-04 12:11:14] <katsumiire> POGGERS
[2023-01-04 12:11:21] <Super33cl> should do it for the IRL
[2023-01-04 12:11:25] <%audr_in> have fun!!
[2023-01-04 12:11:25] <Super33cl> GF prefers IRL content
[2023-01-04 12:11:32] <iceeffusion> 24 hour stream when? if ever?
[2023-01-04 12:11:34] <%LordJaws> Enjoy!
[2023-01-04 12:11:35] <@^Moobot> Subscribe to the YouTube channel for the weekly video that sometimes comes out weekly: http://www.youtube.com/sp4zie
[2023-01-04 12:11:35] <%$KvakerlakKakerlak> @StanglebornSugflesktorn that is a nice name my friend sp4zieLovea
[2023-01-04 12:11:59] <%$StanglebornSugflesktorn> @KvakerlakKakerlak thank you! When the namechange was a thing <3
[2023-01-04 12:11:59] <%XerorTtv> I want to go skiing aswell but I got exams Sadge
[2023-01-04 12:12:09] <%$StanglebornSugflesktorn> @XerorTtv grown up things
[2023-01-04 12:12:10] <%$Gr4das> sp4zieDo sp4zieOo sp4zieOo sp4zieOo sp4zieItz
[2023-01-04 12:12:11] <%audr_in> sp4zieDo sp4zieOo sp4zieOo sp4zieItz
[2023-01-04 12:12:12] <%wi1son21> sp4zieDo sp4zieOo sp4zieItz sp4zieDab sp4zieArmy
[2023-01-04 12:12:12] <Plepsss> doooze
[2023-01-04 12:12:12] <%$StanglebornSugflesktorn> DOOOZE
[2023-01-04 12:12:13] <%LoLEnigmaa> sp4zieDo sp4zieOo sp4zieOo sp4zieOo sp4zieItz
[2023-01-04 12:12:15] <%$sweetlemonade65> sp4zieDo sp4zieOo sp4zieItz
[2023-01-04 12:12:16] <%Cinnamen> a dooze
[2023-01-04 12:12:16] <%LordJaws> sp4zieDo sp4zieOo sp4zieOo sp4zieItz
[2023-01-04 12:12:18] <%AemenNae> sp4zieDo sp4zieOo sp4zieItz sp4zieHeya
[2023-01-04 12:12:19] <%$StanglebornSugflesktorn> sp4zieDo sp4zieOo sp4zieOo sp4zieItz
[2023-01-04 12:12:21] <%$KvakerlakKakerlak> sp4zieDo sp4zieOo sp4zieItz
[2023-01-04 12:12:26] <Thas3p> booze
[2023-01-04 12:12:40] <%rdu3u> sp4zieHeya sp4zieDo sp4zieOo sp4zieItz sp4zieLove
[2023-01-04 12:12:40] VIEWERS: 848
[2023-01-04 12:12:45] <%+Fierce117> Have a safe trip
[2023-01-04 12:12:46] <%$StanglebornSugflesktorn> Cya people sp4zieLove
[2023-01-04 12:12:48] <$ollivermilion> sp4zieFishbutt sp4zieFishbutt
[2023-01-04 12:12:51] <%+Fierce117> sp4zieHeya
[2023-01-04 12:12:58] <%$StanglebornSugflesktorn> love you spedge
[2023-01-04 12:13:01] <~%Sp4zie> <3
[2023-01-04 12:13:26] <Super33cl> bye everyone!
[2023-01-04 12:14:40] VIEWERS: 848
[2023-01-04 12:15:09] ~Stream offline~
[2023-01-04 12:20:40] Viewerstats (11:52-12:12): avg:849 min:815 max:884 [11/815+11+0+0+20+26+0+12+0−36+0_]
