# Log started: 2023-01-08 22:40:10 +0100
[2023-01-08 22:40:10] ~Meatman  |  Not Dumpster :) (Hearthstone)~
[2023-01-08 22:40:10] Joining #meatihs..
[2023-01-08 22:40:10] You have joined #meatihs
[2023-01-08 22:40:10] VIEWERS: 1 138
[2023-01-08 22:40:11] <@%DanTheGreat94> wtf
[2023-01-08 22:40:12] <girthySenpai> don't know how real that is
[2023-01-08 22:40:15] <%Tenpe> KEKW
[2023-01-08 22:40:16] <@%DanTheGreat94> heeelllloooo
[2023-01-08 22:40:24] <@%$Raptorheart> I wanna cum buckets, answer Madge
[2023-01-08 22:40:26] <+macrophalluss> if you had to choose between saving someone's life at work and never playing Hearthstone again what would you pick
[2023-01-08 22:40:27] <@%DanTheGreat94> i need to perform tomorrow
[2023-01-08 22:40:27] <%+GameOn__> carrrots make u see in dark
[2023-01-08 22:40:28] <+colonelbleezy> he drank too much mt dew as a kid he needs to know
[2023-01-08 22:40:28] <jean_peuplusdutout> how is that a silly question?
[2023-01-08 22:40:33] <%StepToMyGroove> is vanessa actually a good card in this deck?
[2023-01-08 22:40:35] <@%MightyKingPin> you want to get someone pregnant @DanTheGreat94 ?
[2023-01-08 22:40:38] <%funkyjakey> Eating bananas produce more juice for your nuts. Zinc essentially.
[2023-01-08 22:40:40] <kingfares6> "there are no dumb questions"
[2023-01-08 22:40:40] <jean_peuplusdutout> sperm count is a thing
[2023-01-08 22:40:45] <+reaperonetho> not only he work for free but also he got points scammed
[2023-01-08 22:40:47] <girthySenpai> meati is it true pineapple makes u cum alot
[2023-01-08 22:40:50] <@%DanTheGreat94> nah i want to shoot a shitload in someones face @MightyKingPin
[2023-01-08 22:40:52] <@%DanTheGreat94> :D
[2023-01-08 22:40:54] <!%+shanevapid> They don’t even teach you how to produce a lot of sperm in medical school smh
[2023-01-08 22:40:59] <%+GameOn__> KEKW
[2023-01-08 22:41:04] <%+GameOn__> OMEGALUL
[2023-01-08 22:41:08] <+xRainManK> @DanTheGreat94 Hell Yeah
[2023-01-08 22:41:14] <@^StreamElements> Meatman has a new YouTube editor! 10-20 minute stream highlights EVERY DAY! Go Sub for free now  |  https://www.youtube.com/channel/UCNTyue8kUsRARvIzE6ZhRTg
[2023-01-08 22:41:15] <@%DanTheGreat94> dude
[2023-01-08 22:41:15] <%funkyjakey> eating more tomatoes produces more blood.
[2023-01-08 22:41:18] <+xRainManK> I DO
[2023-01-08 22:41:26] <@%MightyKingPin> you could see that he was reading your shit @DanTheGreat94
[2023-01-08 22:41:27] <Capo800> the answer is actually the same to both, to drink it
[2023-01-08 22:41:28] <marvak7> @danthegreat94 obviously you watch to much porn
[2023-01-08 22:41:31] <teleblock> people who are having trouble getting pregnant or worry about this
[2023-01-08 22:41:32] <+reaperonetho> @DanTheGreat94 i would pay the bets in reverse, just to scam others ppl too
[2023-01-08 22:41:32] <+Morgrym> I do FeelsBadMan
[2023-01-08 22:41:36] <porschekurdo> how do I get the most pee in my balls
[2023-01-08 22:41:47] <@%DanTheGreat94> xD
[2023-01-08 22:41:48] <%+GameOn__> how can i have  more depth to my finger nails. like depth as in measurement. i want deep nails xD
[2023-01-08 22:41:52] <%+GameOn__> Kappa
[2023-01-08 22:41:54] <%+dierwolf_> Hey How are you ?
[2023-01-08 22:41:55] <+Looting_Loui> Quality of sperms is more important than quantity anyway
[2023-01-08 22:41:55] <sgleezy> Celery
[2023-01-08 22:41:57] <kingfares6> that was really funny
[2023-01-08 22:41:58] VIEWERS: 1 172
[2023-01-08 22:41:59] <jean_peuplusdutout> some people are sterile because their spermatozoid density is too low right?
[2023-01-08 22:42:05] <itachouille> mayonnaise
[2023-01-08 22:42:07] <!%+shanevapid> I hope mom n dad are still here
[2023-01-08 22:42:15] <@%DanTheGreat94> increase your sperm load hell yeah
[2023-01-08 22:42:23] <@%$Raptorheart> @jean_peuplusdutout spermatozoid was my favorite new Pokemon in Violet
[2023-01-08 22:42:25] <%Tenpe> stop doing drugs
[2023-01-08 22:42:39] <NeonReas> HRT
[2023-01-08 22:42:47] <@%DanTheGreat94> hmm all the things he just said are not playing in my favor then
[2023-01-08 22:42:49] <+xcesme> meati I am a rogue
[2023-01-08 22:42:52] <girthySenpai> sperm injection?
[2023-01-08 22:42:53] <supercourage666> It’s usually stop beating your meat 🥩, that would do it
[2023-01-08 22:42:53] <+macrophalluss> i'm a big fan of sperm injection
[2023-01-08 22:42:54] <+xRainManK> @DanTheGreat94 I don't really care about producing more sperm, but I am okay with shooting a big load KEKW
[2023-01-08 22:42:59] <%funkyjakey> 1. do not wank 2. eat healthy. 3. eat fruit like banana. 4. eat organic seamoss.
[2023-01-08 22:43:02] <@%DanTheGreat94> exactly
[2023-01-08 22:43:11] <girthySenpai> injection someone else's sperm into my balls? hmmmm
[2023-01-08 22:43:14] <@%$Raptorheart> How did PocketTrain get that Cutlass skin?
[2023-01-08 22:43:35] <jean_peuplusdutout> @girthySenpai what if that someone else did the same thing?
[2023-01-08 22:43:36] <Korvgrillaren> AYAYAjam
[2023-01-08 22:43:37] <teleblock> catJAM
[2023-01-08 22:43:37] <%+GameOn__> @funkyjakey POGGERS
[2023-01-08 22:43:37] <marvak7> sperm injection? WutFace we want to be injection sperm ourselfs not have sperm injected into us
[2023-01-08 22:43:44] <@%DanTheGreat94> chat ask stupid questions
[2023-01-08 22:43:52] <+macrophalluss> can I get a referral for some sperm injection
[2023-01-08 22:43:52] <@%DanTheGreat94> they are gonna get refunded surely
[2023-01-08 22:43:53] <@%DanTheGreat94> :D
[2023-01-08 22:43:56] <teleblock> catJAM catJAM
[2023-01-08 22:43:58] VIEWERS: 1 172
[2023-01-08 22:44:05] <@%MightyKingPin> cmonBruh
[2023-01-08 22:44:07] <!%+shanevapid> I kinda like Pocket’s hammer warrior.
[2023-01-08 22:44:10] <girthySenpai> @jean_peuplusdutout it would break the whole matrix SeriousSloth
[2023-01-08 22:44:13] <@%DanTheGreat94> ^^
[2023-01-08 22:44:53] <%funkyjakey> why are u rank 5? didn't u just win. scammed !!!
[2023-01-08 22:45:05] <%+GameOn__> did i just hear 'load' PepeLaugh
[2023-01-08 22:45:14] <jean_peuplusdutout> pogfish
[2023-01-08 22:45:26] <@%$Raptorheart> He's gonna bladeflurry Pog
[2023-01-08 22:45:31] <+reaperonetho> is it worth to make a ghost this turn?
[2023-01-08 22:45:41] <%funkyjakey> incoming brawl
[2023-01-08 22:45:52] <Sisifix> @reaperonetho if no ghost, he dont have to brawl
[2023-01-08 22:45:57] <teleblock> the sounds morbid? but how do you tell if it's the man or woman's fault for infertility?
[2023-01-08 22:45:58] VIEWERS: 1 133
[2023-01-08 22:46:03] <+reaperonetho> he has to brawl this
[2023-01-08 22:46:07] <Sisifix> 6-6 is fine ya
[2023-01-08 22:46:38] <jean_peuplusdutout> KEKW
[2023-01-08 22:46:40] <%Tenpe> KEKW
[2023-01-08 22:46:41] <Lully87> KEKW
[2023-01-08 22:46:41] <+reaperonetho> is pockettrain the best player ever?
[2023-01-08 22:46:42] <marvak7> @teleblock have someone else fuck your wife and see what happens
[2023-01-08 22:46:42] <girthySenpai> Fffff
[2023-01-08 22:46:42] <itachouille> LUL LUL LUL
[2023-01-08 22:46:44] <%funkyjakey> kek
[2023-01-08 22:46:45] <girthySenpai> NotLikeThis NotLikeThis NotLikeThis
[2023-01-08 22:46:45] <%Camel3227> LUL
[2023-01-08 22:46:46] <Sisifix> i was like he will burn it
[2023-01-08 22:46:47] <Sisifix> no way
[2023-01-08 22:46:49] <jean_peuplusdutout> I knew it
[2023-01-08 22:47:00] <Sisifix> so unlikely that to happen omg
[2023-01-08 22:47:00] <girthySenpai> legend 5 GYAAAT
[2023-01-08 22:47:09] <girthySenpai> icu meatman
[2023-01-08 22:47:11] <%+iTerko> shield slam
[2023-01-08 22:47:12] <%funkyjakey> pocket train needs to uninstall game
[2023-01-08 22:47:13] <+xRainManK> KEKBye
[2023-01-08 22:47:13] <%Tenpe> EZ Clap
[2023-01-08 22:47:14] <@^StreamElements> Play Yumon with Meatman's exclusive cards to support my channel! https://app.yumon.world/creators/meatiHS/booster
[2023-01-08 22:47:15] <simr_hs> counter deck KEKW
[2023-01-08 22:47:22] <+reaperonetho> shield slam into concede
[2023-01-08 22:47:23] <%StepToMyGroove> bash
[2023-01-08 22:47:28] <chrisvel89> Einsteinstone
[2023-01-08 22:47:29] <@%MightyKingPin> Bash ?
[2023-01-08 22:47:49] <infinite_penguins> he can't drag bash to face at 1 mana no?
[2023-01-08 22:47:55] <%funkyjakey> show
[2023-01-08 22:47:59] VIEWERS: 1 133
[2023-01-08 22:48:00] <girthySenpai> sjow
[2023-01-08 22:48:06] <girthySenpai> END HIMMMM
[2023-01-08 22:48:08] <teleblock> @meatihs the sounds morbid? but how do you tell if it's the man or woman's fault for infertility?
[2023-01-08 22:48:10] <%funkyjakey> SJOW
[2023-01-08 22:48:15] <%Ruukii_HS> meatiKing
[2023-01-08 22:48:26] [Points] kingfares6 redeemed Meatboy (200)
[2023-01-08 22:48:29] <%funkyjakey> ITS SJOW
[2023-01-08 22:48:46] <+reaperonetho> is anyone else watching Forsen struggling playing a child game?
[2023-01-08 22:48:47] <rawita86> @meatihs at sjows stream you still have rank 11, it is not a joke
[2023-01-08 22:49:00] <jean_peuplusdutout> what questions? Kappa
[2023-01-08 22:49:16] <girthySenpai> @meatihs what's a good sperm count like
[2023-01-08 22:49:18] <%chasaaaaam> Because he puts it into the shitbox? Or what kind of questions?
[2023-01-08 22:49:20] <%Tenpe> being physically active increases sperm count?
[2023-01-08 22:49:30] <!%+shanevapid> You try to work it out, like maybe they’re putting it in the wrong hole
[2023-01-08 22:49:32] <@$Raptorheart> oral only
[2023-01-08 22:49:34] <+bosen7> it can get Very Expensive, try'n to have kids for some families
[2023-01-08 22:49:35] <starwarz1> contact with plastic causes low sperm.
[2023-01-08 22:49:36] <MrPongoPongo> why are you rank 11 on sjow stream?
[2023-01-08 22:49:37] <%+Rowdypotato> Like are you a raging alcohol and smoke like a chimney lmao
[2023-01-08 22:49:38] <+xcesme> KEKW
[2023-01-08 22:49:42] <+xcesme> thats only in the UK
[2023-01-08 22:49:44] <zetee123> wtf lol
[2023-01-08 22:49:47] <jean_peuplusdutout> or using the wrong hole Kappa
[2023-01-08 22:49:47] <Alaric_Neuro> LUL
[2023-01-08 22:49:48] <girthySenpai> NotLikeThis
[2023-01-08 22:49:49] <%funkyjakey> lolwut
[2023-01-08 22:49:59] VIEWERS: 1 133
[2023-01-08 22:50:05] <DaggettTheAngryBeaver> funny, it's the same type of people who "accidentally" get pregnant LUL
[2023-01-08 22:50:09] <%+GameOn__> or thinking completing an achievement grants a kid peepoClown
[2023-01-08 22:50:09] <Reelys> You mean not enough or not at all? The fuck
[2023-01-08 22:50:31] <%jwpaps> whats rogue percentage in top 50 lol
[2023-01-08 22:50:35] <%jwpaps> like 80%
[2023-01-08 22:50:35] <+bosen7> if they are not hooking up and cannot figure out why there not Preggo. then they dont need to be raising kids
[2023-01-08 22:51:12] [Points] DanTheGreat94 redeemed Song Request (15 000) [Carly Rae Jepsen - I Really Like You]
[2023-01-08 22:51:15] <girthySenpai> meati u ever seen someone with an apple stuck in their butt
[2023-01-08 22:51:28] <teleblock> ^
[2023-01-08 22:51:29] <+xRainManK> @girthySenpai What kind of question is that
[2023-01-08 22:51:32] <Reelys> sus
[2023-01-08 22:51:32] <@%DanTheGreat94> sjow vs sjower
[2023-01-08 22:51:44] <bzdyo> @DanTheGreat94  3Head
[2023-01-08 22:51:54] <girthySenpai> @xrainmank it's something a 911 dispatcher got called for once so I wanted to see how common that is
[2023-01-08 22:51:55] <Alaric_Neuro> @bosen7 Seems like a good policy for the medical community to adopt generally SeemsGood
[2023-01-08 22:51:57] <Sisifix> if he has putrice, its over this turn probably
[2023-01-08 22:51:58] <+reaperonetho> he's gonna play putricide get 10 concs and win the game
[2023-01-08 22:52:01] VIEWERS: 1 110
[2023-01-08 22:52:04] <%revelin55> my woman used an app that told her the best days to have sex were based on it guessing her period and it worked lol
[2023-01-08 22:52:04] <marvak7> @xrainmank he obviously has an apple stuck up his ass
[2023-01-08 22:52:10] <+xRainManK> @marvak7 KEKW
[2023-01-08 22:52:11] <%+GameOn__> Clap
[2023-01-08 22:52:19] <%+GameOn__> 🍑
[2023-01-08 22:52:27] <%chasaaaaam> How does a sextoy get stuck? Pls explain the anatomy of that one
[2023-01-08 22:52:28] <@%DanTheGreat94> and an android ? @MeatiHS
[2023-01-08 22:52:31] <carroths> because an appe a day keeps the doctor away
[2023-01-08 22:52:36] <jean_peuplusdutout> a pumpkin maybe?
[2023-01-08 22:52:41] <Prof_J_Moriarty> @chasaaaaam +++
[2023-01-08 22:52:46] <!%+shanevapid> What did u do with the sex toy after u got it out of their butt
[2023-01-08 22:52:55] <%+GameOn__> 🍑 🚗
[2023-01-08 22:52:57] <jean_peuplusdutout> @shanevapid licking it
[2023-01-08 22:52:58] <+xRainManK> @shanevapid sanitize it obviously
[2023-01-08 22:53:03] <dave9004> old man Sjow
[2023-01-08 22:53:04] <@%DanTheGreat94> shane behave
[2023-01-08 22:53:31] <tru3dil3mm4> Copy again?
[2023-01-08 22:53:33] <Reelys> @shanevapid Put it on a display
[2023-01-08 22:53:39] <Born_of_Fruit> @MeatiHS what's the funniest term you've heard for a body part?
[2023-01-08 22:53:48] <+JackRazR> Binoculars
[2023-01-08 22:53:55] <+reaperonetho> is Shadow of demise the best legendary printed for rogue in a while?
[2023-01-08 22:54:01] VIEWERS: 1 110
[2023-01-08 22:54:16] <@$Raptorheart> https://clips.twitch.tv/AuspiciousEasyRuffBibleThump-tocDJcE8_-bI2jua
[2023-01-08 22:54:49] <Comp_94> since your cant measure pain .. does screaming louder actually gives u treatment priority ? ;d
[2023-01-08 22:55:02] <+reaperonetho> look at this poor rogue forced to play a 5/5 for 5 mana
[2023-01-08 22:55:03] <Comp_94> if obviously there are no serious conditions
[2023-01-08 22:55:06] <+JackRazR> peepoShortOnAGoose  peepoShortOnAGoose
[2023-01-08 22:55:07] <girthySenpai> kitche30Dance
[2023-01-08 22:55:11] <teleblock> catJAM
[2023-01-08 22:55:18] <jean_peuplusdutout> Kappa
[2023-01-08 22:55:28] <@$Raptorheart> Carly is one of the hottest fish on the planet
[2023-01-08 22:55:31] <starwarz1> Taylor swift is better
[2023-01-08 22:55:33] <%+GameOn__> KappaRoss
[2023-01-08 22:55:33] <@%DanTheGreat94> she is like a 6 though
[2023-01-08 22:55:43] <%+GameOn__> scatman john i rate better
[2023-01-08 22:55:54] <%+GameOn__> him or aqua
[2023-01-08 22:55:54] <jean_peuplusdutout> she's hotter for sure
[2023-01-08 22:55:56] <+Mesar_> Nah she has some really good stuff but it's just not popular
[2023-01-08 22:56:03] VIEWERS: 1 151
[2023-01-08 22:56:05] <%Ybretsev> A friend of mine directed a commercial with her in Japan. She was a really nice person.
[2023-01-08 22:56:08] <chainsbotdk> !deck
[2023-01-08 22:56:08] <@^StreamElements> Try ![class] for Specific class e.g. !Priest, !Warrior
[2023-01-08 22:56:15] <chainsbotdk> !rogue
[2023-01-08 22:56:15] <@^StreamElements> AAECAaIHBqH5A+2ABLezBMygBeigBeKkBQy9gAT2nwT3nwT7pQT03QT13QT87QTBgwXdoAXfoAXgoAXBoQUA
[2023-01-08 22:56:17] <+xRainManK> Just hit it
[2023-01-08 22:56:24] <+JackRazR> Stronge  Jammies
[2023-01-08 22:56:36] <+reaperonetho> easy
[2023-01-08 22:56:37] <maboidannyp> wz
[2023-01-08 22:56:43] <%rexmkh> skillful aim
[2023-01-08 22:56:47] <Sisifix> draw and get spike
[2023-01-08 22:56:49] <idiamondmani> It’s not the best outcome chat
[2023-01-08 22:56:52] <jean_peuplusdutout> 3-3 makes door cost 0 Pog
[2023-01-08 22:56:55] <girthySenpai> giving sjow some COCS
[2023-01-08 22:57:01] <kingfares6> 500 meat against you
[2023-01-08 22:57:01] <huntstv> @MeatiHS so some time ago there was a guy I remember that moved from the UK to US. When he was doing his paperwork for getting his US drivers lisence, the person at the counter seeing that he's not from US asks if he needs a translator
[2023-01-08 22:57:18] <+xRainManK> @huntstv KEKWait
[2023-01-08 22:57:41] <+uno_acaso> or maybe we die
[2023-01-08 22:57:43] <+reaperonetho> @huntstv classic US citizen
[2023-01-08 22:57:43] <%+GameOn__> KEKWait
[2023-01-08 22:58:04] VIEWERS: 1 151
[2023-01-08 22:58:35] <jean_peuplusdutout> lots of cocs
[2023-01-08 22:58:38] <+reaperonetho> edwin?
[2023-01-08 22:58:43] <Sisifix> prep potion belt
[2023-01-08 22:58:44] <+JackRazR> i would like to see a match between sjow and jarla, roping every turns, it would be amazing to watch, like 1 hour per game
[2023-01-08 22:58:49] <@$Raptorheart> @huntstv I'm here for me fuckin' drivers liscense how ya doin' nit understandin' me fuckin' english reel now?
[2023-01-08 22:59:10] <huntstv> @huntstv LOL
[2023-01-08 22:59:29] <+Nyvill> hey i saw you posting a comment yesterday about mulligan with HSreplay, don't you think some mulligans turn out really questionable if you stick to it 1:1?
[2023-01-08 22:59:45] <jean_peuplusdutout> FAK
[2023-01-08 22:59:47] <+uno_acaso> quack
[2023-01-08 22:59:50] <+xRainManK> DeadGe
[2023-01-08 22:59:51] <jean_peuplusdutout> SO LAKY
[2023-01-08 22:59:55] <gosamigo> DuckerZ
[2023-01-08 23:00:06] VIEWERS: 1 183
[2023-01-08 23:00:08] <magnatex07> lol
[2023-01-08 23:00:40] <@$Raptorheart> turn 9 what is this game
[2023-01-08 23:00:48] <%+chuuwire> there's always hope meatman
[2023-01-08 23:00:54] <+uno_acaso> he is palying the big boy before us, we deadge
[2023-01-08 23:00:55] <+JackRazR> oh he is roping ResidentSleeper
[2023-01-08 23:00:58] <euchid> astalor will get nerfed into the ground
[2023-01-08 23:01:05] <+reaperonetho> u don't
[2023-01-08 23:01:14] <%+RealKT> Got out rogue'd
[2023-01-08 23:01:14] <@^StreamElements> Meatman has a new YouTube editor! 10-20 minute stream highlights EVERY DAY! Go Sub for free now  |  https://www.youtube.com/channel/UCNTyue8kUsRARvIzE6ZhRTg
[2023-01-08 23:01:16] <$jimmy_neutr0nn> SJOW is 13 on her stream and 16 on ur stream, why?
[2023-01-08 23:01:18] <jean_peuplusdutout> SCAMMED
[2023-01-08 23:01:32] <%chasaaaaam> Just play slow. That wins games aparent
[2023-01-08 23:01:57] <@$Raptorheart> exact to astolor no matter what Sadge
[2023-01-08 23:02:04] <%zNevi> lost to slow? ok
[2023-01-08 23:02:06] VIEWERS: 1 230
[2023-01-08 23:02:17] <%wemersoide> @MeatiHS man you gotta use your coc
[2023-01-08 23:02:19] <teleblock> are there dentists in the UK?
[2023-01-08 23:02:22] <+BCake047> u didnt have the calmness of Slow
[2023-01-08 23:02:30] <%rexmkh> sometimes you just get bad hands
[2023-01-08 23:02:32] <%chasaaaaam> Turn three put out the scribe?
[2023-01-08 23:02:39] <@$Raptorheart> 3Head
[2023-01-08 23:02:39] <idiamondmani> When both graveyards are card 25 and 26 there’s almost nothing you can do in a mirror
[2023-01-08 23:02:42] <%+RealKT> not covered
[2023-01-08 23:02:50] <+cinnamonchair> DENTISTS ARE EVIL;
[2023-01-08 23:02:53] <teleblock> oh
[2023-01-08 23:03:05] <@$Raptorheart> My people
[2023-01-08 23:03:08] <girthySenpai> kitche30Arm2 meatiKing kitche30Arm1
[2023-01-08 23:03:10] <%+chuuwire> It's ok us americans don't believe in diets
[2023-01-08 23:03:11] <girthySenpai> kitche30RAGE kitche30RAGE kitche30RAGE kitche30RAGE kitche30RAGE kitche30RAGE
[2023-01-08 23:03:14] <+cinnamonchair> KILL ALL DENTISTS
[2023-01-08 23:03:17] <%funkyjakey> dentists are cheap if you look after ur teeth
[2023-01-08 23:03:19] <+darkweiss> that doesn't sound good
[2023-01-08 23:03:21] <%chasaaaaam> Same!! 10years
[2023-01-08 23:03:28] <sebtoday> !deck
[2023-01-08 23:03:28] <@^StreamElements> Try ![class] for Specific class e.g. !Priest, !Warrior
[2023-01-08 23:03:33] <sebtoday> !rogue
[2023-01-08 23:03:33] <@^StreamElements> AAECAaIHBqH5A+2ABLezBMygBeigBeKkBQy9gAT2nwT3nwT7pQT03QT13QT87QTBgwXdoAXfoAXgoAXBoQUA
[2023-01-08 23:03:35] <girthySenpai> 300 pounds
[2023-01-08 23:03:38] <+Rennman8> @MeatiHS I'm all in with my points so please win or I will unsub
[2023-01-08 23:03:40] <+cinnamonchair> LAST TIME A DENTIST WENT IN MY MOUTH I BIT HIS FINGER OFF EVIL MAN
[2023-01-08 23:03:41] <girthySenpai> that's wild
[2023-01-08 23:03:42] <Hebceb8> does she have to pay?
[2023-01-08 23:03:43] <+reaperonetho> what is a feeling?
[2023-01-08 23:03:51] <+reaperonetho> oh filling
[2023-01-08 23:03:55] <%funkyjakey> lol
[2023-01-08 23:03:56] <@%DanTheGreat94> imma head to sleeo
[2023-01-08 23:03:58] <+BCake047> we pay 20 bucks for fillings LUL
[2023-01-08 23:03:59] <@%DanTheGreat94> i need it
[2023-01-08 23:04:05] <@%DanTheGreat94> goodnight you plebs
[2023-01-08 23:04:06] <+xparz> The British teeth meme is real :(
[2023-01-08 23:04:08] VIEWERS: 1 230
[2023-01-08 23:04:09] <@%DanTheGreat94> <3
[2023-01-08 23:04:10] <Hebceb8> i do fillings for free. got to be a pretty lady tho
[2023-01-08 23:04:14] <bzdyo> Every dentist in the UK is a scammer, you hear it here KEKW
[2023-01-08 23:04:14] <+JackRazR> coronaS
[2023-01-08 23:04:16] <Hebceb8> im not a dentist
[2023-01-08 23:04:18] <Prof_J_Moriarty> Zero in germany
[2023-01-08 23:04:19] <teleblock> I'm crying
[2023-01-08 23:04:34] <%chasaaaaam> 300 is so cheap!!! Come to Switzerland and youd be glad to pay 300!!! For that they won’t even look into your mouth
[2023-01-08 23:04:36] <DaggettTheAngryBeaver> yeah, here in Germany basic fillings are free, if you want something special it costs a lot
[2023-01-08 23:04:39] <Vexeer1985> yep, UK prices are highly unreasonable for dentist treatment, pretty much the same in US as well afaik
[2023-01-08 23:04:48] <caderlee> Have to pay 100$ in Canada, that's with good insurance
[2023-01-08 23:05:01] <%+chuuwire> yep^
[2023-01-08 23:05:13] <%funkyjakey> get your teeth done when u go holiday.....
[2023-01-08 23:05:14] <girthySenpai> xD
[2023-01-08 23:05:20] <+JackRazR> 130 in italy for fillings
[2023-01-08 23:05:27] <!%+WickedMayhem15> $2500 for crown last year
[2023-01-08 23:05:34] <+BCake047> DEUTSCHLAND DatSheffy
[2023-01-08 23:05:42] <huntstv> so then the reason us americans don't have bad teeth is because we're already used to getting screwed by the healthcare industry?
[2023-01-08 23:05:49] <%wemersoide> why dentists are not free in uk? we study uk's health care model here in brazil and it's such a role model for our health care. We are a fcked up country , but we have free dentists here Kappa
[2023-01-08 23:05:49] <%chasaaaaam> @wickedmayhem15 you from switzerland or what???
[2023-01-08 23:05:59] <%funkyjakey> in Vietnam I paid like 30 dollars for a bunch of stuff
[2023-01-08 23:06:08] VIEWERS: 1 230
[2023-01-08 23:06:49] <%+chuuwire> being an american living in Canada I can tell you that the quality of health care in Canada is shit in comparison to the US.
[2023-01-08 23:06:54] <%zNevi> in spain full reconstruction of a teeth is prob around 80 to 100
[2023-01-08 23:07:03] <teleblock> @meatihs Jace or abusive in dh
[2023-01-08 23:07:16] <XaturesHS> So i have a quetion UK In Eu Or Na i Actilly Dont know?MeatiHS So Were Do You Play Hs From Now From the servers
[2023-01-08 23:07:26] <Prof_J_Moriarty> Yes, here in germany it's pretty good.
[2023-01-08 23:07:27] <Hebceb8> i feel like it is here but u never get an appointment
[2023-01-08 23:07:29] <%chasaaaaam> Its the nuts in Switzerland but costs a fortune
[2023-01-08 23:07:36] <girthySenpai> it's coming
[2023-01-08 23:07:37] <Hebceb8> like u always wait forever
[2023-01-08 23:07:38] <+RioTango> Quality of care in the US is good… just expensive
[2023-01-08 23:07:40] <%chasaaaaam> But that is fine cause we all have fortunes
[2023-01-08 23:07:43] <DaggettTheAngryBeaver> it's never really good... it's good here in Germany, unless you need to see a specialist... then the waiting times are killing you. Sometimes literally.
[2023-01-08 23:07:45] <%+Bjerke98> Norway got all covered up EXEPT Teeth thats a fortune
[2023-01-08 23:07:56] <Prof_J_Moriarty> @DaggettTheAngryBeaver True
[2023-01-08 23:07:59] <%rexmkh> GIGACHAD
[2023-01-08 23:08:09] VIEWERS: 1 193
[2023-01-08 23:08:12] <LemonBirdHS> In Finland we have good national healthcare for free compared to other countries. Still we complain how shit it is :D
[2023-01-08 23:08:21] <yyyuuu001> North america dentist is just full of scams I thinl
[2023-01-08 23:08:52] <%funkyjakey> yeah grave
[2023-01-08 23:09:32] <breakfast_boi21> DH YEP
[2023-01-08 23:09:36] <%zNevi> In spain is good but waiting times are the worst even with private healthcare
[2023-01-08 23:09:37] <+xRainManK> self lethal
[2023-01-08 23:09:39] <girthySenpai> LUL
[2023-01-08 23:09:42] <%funkyjakey> kek rip
[2023-01-08 23:09:44] <Hebceb8> u can heal
[2023-01-08 23:09:45] <%Alpr1010> need taunt
[2023-01-08 23:09:46] <+uno_acaso> we don't
[2023-01-08 23:09:46] <Hebceb8> bottom right
[2023-01-08 23:09:46] <%chasaaaaam> Nice what he got up hos ass
[2023-01-08 23:09:48] <%Alpr1010> where taunt
[2023-01-08 23:09:52] <FrenchFreeze> antique healbot modCheck
[2023-01-08 23:09:53] <euchid> taunt
[2023-01-08 23:09:54] <+xRainManK> bottom riight for heals
[2023-01-08 23:09:54] <eivin_> prep cpnsede ? Č
[2023-01-08 23:09:56] <eivin_> @MeatiHS
[2023-01-08 23:09:58] <!crocovijk> do we have a hazy coc
[2023-01-08 23:10:00] <%+iTerko> 1/4 into random heal card
[2023-01-08 23:10:00] <!crocovijk> somewhere
[2023-01-08 23:10:05] <Hebceb8> u can get to 30hp with bottom right
[2023-01-08 23:10:06] <%chasaaaaam> He def did not have s sextoy up his ass. Good cards
[2023-01-08 23:10:10] Viewerstats (22:41-23:10): avg:1 168 min:1 110 max:1 230 [15/1 172+0−39+0+0−23+0+41+0+32+47+0+0−37+0]
[2023-01-08 23:10:10] VIEWERS: 1 193
[2023-01-08 23:10:11] <eivin_> prep concede >
[2023-01-08 23:10:14] <%+3yez> astalor was the only way i think
[2023-01-08 23:10:14] <malfi007> taunt from potion
[2023-01-08 23:10:26] <!crocovijk> coc into hazy coc
[2023-01-08 23:10:30] <!crocovijk> but w/e
[2023-01-08 23:10:44] <+JackRazR> win or lose still 5
[2023-01-08 23:10:45] <%Alpr1010> with all the stuff rogue can do, blizzard now needs to print lifesteal and taunt into their style
[2023-01-08 23:11:04] <%rexmkh> mods, how about that prediction?
[2023-01-08 23:11:12] <%funkyjakey> @alpr1010 looooool
[2023-01-08 23:11:19] <Armatrix24> +
[2023-01-08 23:11:26] [Notification] schneidovicc subscribed with Prime. They've subscribed for 5 months!
[2023-01-08 23:11:29] <supercourage666> Is frost DK still s tier ?
[2023-01-08 23:11:32] <yyyuuu001> Taiwan is good
[2023-01-08 23:11:37] <yyyuuu001> basically free
[2023-01-08 23:11:39] <fendiyz> in romania its good
[2023-01-08 23:11:53] <%chasaaaaam> Swiss is awesome! Just costs a fortune. But that is fine cause we all have fortune
[2023-01-08 23:12:03] <%funkyjakey> people complain too much about health care. 100 years ago you would dying of the plague.
[2023-01-08 23:12:04] <@$Raptorheart> Yes USA\
[2023-01-08 23:12:08] <+JackRazR> here
[2023-01-08 23:12:10] <%chasaaaaam> No waiting in Swiss
[2023-01-08 23:12:10] <+kahdgar> lol not even USA
[2023-01-08 23:12:10] VIEWERS: 1 152
[2023-01-08 23:12:10] <@thegame___na> ppl complain, but essentially all western healthcare is an example of a modern miracle
[2023-01-08 23:12:10] <+JackRazR> italy
[2023-01-08 23:12:12] <!Frommytv> switzerland, mostly
[2023-01-08 23:12:13] <Born_of_Fruit> Australia
[2023-01-08 23:12:13] <+IluvatarHS> austria
[2023-01-08 23:12:15] <%+izverceanu> yes, Romania
[2023-01-08 23:12:17] <fendiyz> In romania
[2023-01-08 23:12:19] <%jwpaps> germany
[2023-01-08 23:12:19] <supercourage666> Vietnam 🇻🇳, it’s same day
[2023-01-08 23:12:20] <%SankKhew> Yes Malaysia
[2023-01-08 23:12:20] <morezart> Africa
[2023-01-08 23:12:22] <kingfares6> germany
[2023-01-08 23:12:23] <bongoman__> if you are rich
[2023-01-08 23:12:26] <bongoman__> easy
[2023-01-08 23:12:28] <Alaric_Neuro> the fk Raptor? We wait 6 hours to see an Emergency room doctor....
[2023-01-08 23:12:29] <DaggettTheAngryBeaver> here in Germany you can always see a doctor... like a GP.... but specialists have long waiting times
[2023-01-08 23:12:29] <Vexeer1985> funnily Romania, yeah
[2023-01-08 23:12:30] <%+n0rry> japan
[2023-01-08 23:12:32] <miscojonesbro> bro in spain if I'm sick and i need to see a doctor i go to the CAP and I'm done in 40 mins
[2023-01-08 23:12:32] <JeardinePH> germany meati
[2023-01-08 23:12:32] <!Mikitko> I can go on same day in slovakia
[2023-01-08 23:12:32] <Prof_J_Moriarty> Just a basic doctor? Literally the next day. But a specialist takes his time.
[2023-01-08 23:12:33] <%chasaaaaam> Switzerland
[2023-01-08 23:12:34] <+zvm8> zambia
[2023-01-08 23:12:37] <+zvm8> :P
[2023-01-08 23:12:37] <krakovich> Tunisia
[2023-01-08 23:12:40] <%funkyjakey> UK you can see the doctor the same day. go AE and wait 6 hours
[2023-01-08 23:12:49] <+JackRazR> im used to do
[2023-01-08 23:13:01] <TWITCH__________AD_BLOCK> medical industry is biggest scam. just eat go for a fruit diet heals everything
[2023-01-08 23:13:02] <%jwpaps> I can get a specialist same day in germany or like next day latest there is a website for it
[2023-01-08 23:13:07] <+JackRazR> i dont even call before to go, i just go after work
[2023-01-08 23:13:08] <+eerdandi> Italy
[2023-01-08 23:13:12] <breakfast_boi21> Are there countries that don’t have ER’s though?
[2023-01-08 23:13:20] <KlappHS> With free health care u have tons of hours bc it’s very saturated in Argentina
[2023-01-08 23:13:22] <@thegame___na> jesus christ weeks/years wait time?
[2023-01-08 23:13:28] <fendiyz> a few years? really ?
[2023-01-08 23:13:30] <breakfast_boi21> Like if you’re dying you get treated anywhere
[2023-01-08 23:13:35] <%jwpaps> few years wtf hahaha
[2023-01-08 23:13:56] <Prof_J_Moriarty> Find a free dermatologist is hard in germany.
[2023-01-08 23:13:57] <bongoman__> as a doctor too? or can you jump the queue?
[2023-01-08 23:14:11] VIEWERS: 1 152
[2023-01-08 23:14:12] <kingfares6> do you add ppl if they play against you?
[2023-01-08 23:14:13] <%jwpaps> how is it if you just pay privately?
[2023-01-08 23:14:17] <+JackRazR> why we dont play with new hero skins?
[2023-01-08 23:14:24] <!%+shanevapid> In a few years you will have learned to live with your ailment
[2023-01-08 23:14:29] <breakfast_boi21> Meati self medicates Kappa
[2023-01-08 23:14:42] <+jsrock08> My dad was a doc, he was a terrible patient. lol
[2023-01-08 23:14:43] <Prof_J_Moriarty> So it's a scam or not worth the service?
[2023-01-08 23:14:48] <DaggettTheAngryBeaver> it's all in the definition of emergency... of course everybody who needs it get emergency treatment, the problem aren't the emergencies, it's more the "it needs to be done at some point in near future" things that have waiting times of month...
[2023-01-08 23:14:58] <%kreypee> Can you write yourself a prescription? @meatihs
[2023-01-08 23:16:06] <supercourage666> What does struck off mean
[2023-01-08 23:16:09] <+JackRazR> concede
[2023-01-08 23:16:12] VIEWERS: 1 113
[2023-01-08 23:16:17] <FrenchFreeze> you have your healing card now, better late than never
[2023-01-08 23:16:31] <Born_of_Fruit> do you know what the most common reasons are for being struck off?
[2023-01-08 23:16:44] <+uno_acaso> the cikos guy... i see... the italian highroller
[2023-01-08 23:17:04] <Barburas> @supercourage666 struck off the medical register - so cannot practice medicine
[2023-01-08 23:17:06] <+JackRazR> cikos italian?
[2023-01-08 23:17:15] <@^StreamElements> Play Yumon with Meatman's exclusive cards to support my channel! https://app.yumon.world/creators/meatiHS/booster
[2023-01-08 23:17:17] <abinadec> hey guys, if i wanna buy a bundle to get into competetive, what should i buy ?
[2023-01-08 23:17:19] <Prof_J_Moriarty> Have you ever had a pharmaceutical rep try to talk you into a product? @MeatiHS
[2023-01-08 23:17:20] <+reaperonetho> cykos sound greeck
[2023-01-08 23:17:28] <EquaLiZe90> hello chat and streamer :) nice to see u again (didnt play or watch HS for a year) :)
[2023-01-08 23:17:31] <breakfast_boi21> Yep dh
[2023-01-08 23:17:41] <%rexmkh> mods, please update the prediction. we want to bet on more games
[2023-01-08 23:17:49] <+uno_acaso> yeah, cikos is italian, i know him XD
[2023-01-08 23:17:55] <ripperss> !decklist
[2023-01-08 23:17:56] <%Meertzi> can u refresh client so ur rank updates
[2023-01-08 23:18:12] VIEWERS: 1 113
[2023-01-08 23:18:23] <%chasaaaaam> Must work on weak minds
[2023-01-08 23:18:31] <Alaric_Neuro> They wouldn't do it if it didn't work. It's like advertising.
[2023-01-08 23:18:35] <+jsrock08> @MeatiHS My dad would come home every so often with his TONS of pens. Do you get a lot of pens still?
[2023-01-08 23:18:43] <girthySenpai> Overall, the most common type of case was dishonesty (48 cases), either in order to obtain or keep employment or in the role of a doctor.
[2023-01-08 23:18:55] <girthySenpai> that's just the first thing I saw pop up meatman
[2023-01-08 23:19:27] <supercourage666> What is having trouble swallowing a sign of ?
[2023-01-08 23:19:32] <hd_yoggurty> demo. hunter duel clueless
[2023-01-08 23:19:52] <Born_of_Fruit> @supercourage666 being a bad gf/bf
[2023-01-08 23:19:59] <breakfast_boi21> That’s exactly what a dishonest person would say Kappa
[2023-01-08 23:20:00] <%chasaaaaam> Did sheit ever hit your fan???
[2023-01-08 23:20:12] VIEWERS: 1 093
[2023-01-08 23:20:24] <bongoman__> @supercourage666 a big d/ck
[2023-01-08 23:20:53] <girthySenpai> Figures show 334 doctors were struck off since January 2016. The Medical Practitioners Tribunal Service probed 143 cases in 2020, banning 43 doctors and suspending 52.
[2023-01-08 23:21:15] <@^StreamElements> Meatman has a new YouTube editor! 10-20 minute stream highlights EVERY DAY! Go Sub for free now  |  https://www.youtube.com/channel/UCNTyue8kUsRARvIzE6ZhRTg
[2023-01-08 23:21:26] <+JackRazR> WHAT
[2023-01-08 23:21:36] <hd_yoggurty> meatman play hs
[2023-01-08 23:21:52] <@thegame___na> @hd_yoggurty easy buddy
[2023-01-08 23:22:09] <+monsieur_s2ab1> marvel snap time Pog
[2023-01-08 23:22:12] VIEWERS: 1 093
[2023-01-08 23:22:34] <%Fatbruno666> meatiAYAYA
[2023-01-08 23:22:49] <DaggettTheAngryBeaver> @monsieur_s2ab1 yesterday in pockets channel, now here... do you really have nothing better to do than going to HS streams and telling them to play Snap?!?
[2023-01-08 23:22:53] <hd_yoggurty> hs streamer refuses to do his job kekl breaking news
[2023-01-08 23:22:58] <!%+shanevapid> Someone died meatman. It wasn’t fair to that person either
[2023-01-08 23:23:12] <SmokinWiseMysticalTrees> "The greatest day in your life and mine is when we take total responsibility for our attitudes. That's the day we truly grow up."- Wise Mystical Tree
[2023-01-08 23:23:22] <+unicornjeans> Hey man, good to see you, been a couple of years
[2023-01-08 23:23:46] <Born_of_Fruit> @daggetttheangrybeaver good call out
[2023-01-08 23:24:16] VIEWERS: 1 106
[2023-01-08 23:24:29] <%funkyjakey> wait ? who died ?
[2023-01-08 23:24:31] <%chasaaaaam> Fix the problem not the blame
[2023-01-08 23:24:43] <%chasaaaaam> Its very human reaction to fix blame
[2023-01-08 23:24:56] <%Fatbruno666> Someone must always take the blame in the end
[2023-01-08 23:24:58] <Zuranthium> please inspect my blood
[2023-01-08 23:25:10] <+ShootyGoBang> please inspect my meat
[2023-01-08 23:25:13] <+JackRazR> it was a disaster tho
[2023-01-08 23:25:13] <Inn0x> It’s to try see if there is anything that can be done to try prevent it happening  again and learning I think
[2023-01-08 23:25:25] <+unicornjeans> Whats new in hearthstone, looks like a lot - Concoction, Manathirst, Infuse?
[2023-01-08 23:26:02] <%funkyjakey> Kim John jung would agree, sometimes it's ok for people d
[2023-01-08 23:26:15] <girthySenpai> in the article I was reading it said the most important thing a doctor can do to avoid any type of disciplinary action is "document document document"
[2023-01-08 23:26:15] <Born_of_Fruit> @unicornjeans what isn't new is Rogue still cheating bulk mana
[2023-01-08 23:26:17] VIEWERS: 1 106
[2023-01-08 23:26:27] <%Ruukii_HS> Dance  Dance
[2023-01-08 23:26:57] <+monsieur_s2ab1> i think in here us already more people plays snap than this garbage LUL
[2023-01-08 23:27:03] <croydo> @meatihs how do I treat paronychia
[2023-01-08 23:27:09] <hd_yoggurty> actually when i was young i when to an hospital when i was young to have a blood analysis and the Guy who did it   missed 11 times since it was harder cuz im over wheighted and since that day im scared as fuck everetime i do boood analyse
[2023-01-08 23:27:14] <+JackRazR> yeah say it to the parents of the person who died
[2023-01-08 23:27:16] <%chasaaaaam> This deck seems quite hard to play
[2023-01-08 23:27:49] <DaggettTheAngryBeaver> @monsieur_s2ab1 why are you constantly hanging around in HS Channels to tell everybody how bad HS and how superior Snap is? Are you a terrible marvel fanboy or on their payroll?
[2023-01-08 23:27:52] <hd_yoggurty> man that Phone autocorrector
[2023-01-08 23:28:00] <Inn0x> It needs to be investigated to try prevent it happening again though
[2023-01-08 23:28:02] <clyxid> b4 every operation u kinda sign anyway that if u got overrun by a truck during operation its not doctors fault lol
[2023-01-08 23:28:12] <!%+shanevapid> Simping for a comic book card game for babies
[2023-01-08 23:28:14] <hd_yoggurty> kekleo
[2023-01-08 23:28:14] <%chasaaaaam> The parents don’t get anything from having the blame fixed
[2023-01-08 23:28:17] VIEWERS: 1 152
[2023-01-08 23:28:32] <CitrusRooibos> have you seen  Five Days at Memorial TV show ?
[2023-01-08 23:29:35] <+franc_noirs> my dad called me a failed discharge Sadge
[2023-01-08 23:29:36] <%chasaaaaam> But that is fixing the problem. How can we prevent is good not who is at fault?! That creates atmosphere if fear to admit to mistakes
[2023-01-08 23:29:38] <bihom> I have failed discharge all the time and my wife still blames me
[2023-01-08 23:29:45] <%+PineappleTrainWreck> i have a discharge in my weiner
[2023-01-08 23:29:48] <+JackRazR> sure CoolStoryBob
[2023-01-08 23:29:48] <girthySenpai> @franc_noirs BibleThump BibleThump BibleThump
[2023-01-08 23:30:00] <+colonelbleezy> KEKW
[2023-01-08 23:30:17] VIEWERS: 1 108
[2023-01-08 23:31:06] <Nystrianzia> How do you improve the outcome when the patient died?
[2023-01-08 23:31:43] <pikl2r> the thing about punishment is that its not really designed to be reactive. its proactive.
[2023-01-08 23:31:57] <Nystrianzia> Dont you have process FMEA then?
[2023-01-08 23:32:01] <Empathful> What did the blood test show?
[2023-01-08 23:32:18] VIEWERS: 1 108
[2023-01-08 23:32:42] <Empathful> Fair enough
[2023-01-08 23:32:43] <@$Raptorheart> It says here your blood is 85% Heinz ketchup
[2023-01-08 23:32:55] <!%+shanevapid> Yeah that person might be haunting the chat
[2023-01-08 23:33:10] <%chasaaaaam> Is the blue girl really a card you should run????
[2023-01-08 23:33:12] <ArmsOfMichelleObama> Hey everyone, hope you're having a better day than I am
[2023-01-08 23:33:28] <%chasaaaaam> @armsofmichelleobama oh no whats up?!?
[2023-01-08 23:33:37] <fly1ngcat> u can
[2023-01-08 23:33:41] <@thegame___na> we can get them both down with step i think
[2023-01-08 23:33:56] <fly1ngcat> the buff bonespike putricide
[2023-01-08 23:34:20] VIEWERS: 1 063
[2023-01-08 23:34:35] <+JackRazR> monkaW
[2023-01-08 23:34:39] <+datfrogger> 9/11 monkaW
[2023-01-08 23:34:39] <weakends_hs> 9/11???
[2023-01-08 23:34:41] <+Softcorps_dn> never forget
[2023-01-08 23:34:42] <+ShootyGoBang> 9/11? monkaS
[2023-01-08 23:34:44] <weakends_hs> monkaW
[2023-01-08 23:34:46] <%timocrx> monkaS
[2023-01-08 23:34:50] <BlasterWand> how many concoctions are there?
[2023-01-08 23:34:53] <!%+shanevapid> Oh no that reminds me of that terrible tragedy
[2023-01-08 23:34:58] <iflippditot> 5
[2023-01-08 23:35:17] <+Softcorps_dn> @BlasterWand dmg, draw, kill, summon, add card to hand
[2023-01-08 23:36:14] <@$Raptorheart> Justice Pog
[2023-01-08 23:36:16] <Zuranthium> small cocs
[2023-01-08 23:36:22] VIEWERS: 1 063
[2023-01-08 23:37:04] <+datfrogger> de_stroyed
[2023-01-08 23:37:14] <+JackRazR> Madge
[2023-01-08 23:37:16] <fly1ngcat> 9 11 and twin towers
[2023-01-08 23:37:17] <+datfrogger> 9/11 twin towers prevail
[2023-01-08 23:37:17] <fly1ngcat> KEKW
[2023-01-08 23:37:21] <!%+shanevapid> Never forget
[2023-01-08 23:37:38] <Quniverse> thanks bush
[2023-01-08 23:38:22] VIEWERS: 1 079
[2023-01-08 23:38:43] <Apuhc5> Hello guys
[2023-01-08 23:38:50] <!%+shanevapid> I remember when having a goofy cowboy for a president was the worst of our problems.
[2023-01-08 23:38:51] <Quniverse> people need a focus point
[2023-01-08 23:38:54] <breakfast_boi21> Yeah but I think they get credited too much to
[2023-01-08 23:38:55] <@thegame___na> they are leaders. it comes with the job description
[2023-01-08 23:38:59] <!%+shanevapid> Better days
[2023-01-08 23:39:01] <+GiveJ4ckieChocolate> 100%
[2023-01-08 23:39:16] <pickledradish123> yeah no one wants to blame themselves just blame everything on the biggest head
[2023-01-08 23:39:20] <+JackRazR> peepoS
[2023-01-08 23:39:22] <!%awayland001> Leaders should give up the right to blame others …..
[2023-01-08 23:39:34] <bihom> blaming Tories is always correct
[2023-01-08 23:39:35] <%chasaaaaam> God save the king?????
[2023-01-08 23:40:06] <Quniverse> TheIlluminati
[2023-01-08 23:40:21] <!XyoJun> It is easier to put the blame on others than to dig deep and reflect
[2023-01-08 23:40:22] Viewerstats (23:12-23:40): avg:1 105 min:1 063 max:1 152 [15/1 152+0−39+0−20+0+13+0+46−44+0−45+0+16+0]
[2023-01-08 23:40:22] VIEWERS: 1 079
[2023-01-08 23:40:30] <+colonelbleezy> meati told me to inject sperm into me to increase my spermies and now i have a rash
[2023-01-08 23:40:37] <!XyoJun> So yeah, we need to have the awareness to reflect first
[2023-01-08 23:40:56] <!%+shanevapid> I blame Meatman for my low sperm count
[2023-01-08 23:41:01] <!XyoJun> Empathy?
[2023-01-08 23:41:07] <Vexeer1985> ^
[2023-01-08 23:41:16] <@^StreamElements> Meatman has a new YouTube editor! 10-20 minute stream highlights EVERY DAY! Go Sub for free now  |  https://www.youtube.com/channel/UCNTyue8kUsRARvIzE6ZhRTg
[2023-01-08 23:41:19] <xsneakerheadx94> fuk working for someone else start you own business
[2023-01-08 23:41:24] <Quniverse> amiable
[2023-01-08 23:41:33] <caderlee> magnanimity?
[2023-01-08 23:41:35] <Kassio_Az> supportive?
[2023-01-08 23:42:10] <!XyoJun> Same. I enjoyed working at my current WFH settings, take the time to meet other colleagues IRL
[2023-01-08 23:42:22] VIEWERS: 994
[2023-01-08 23:42:25] <xsneakerheadx94> stephleeRagingbear
[2023-01-08 23:42:38] <+JackRazR> peepoChat
[2023-01-08 23:43:58] <!XyoJun> I had a colleague who never reflected on their own mistakes, and others including me were only the one listening to her ranting etc. but yeah, good relationship with other colleagues
[2023-01-08 23:44:22] VIEWERS: 994
[2023-01-08 23:45:08] <iflippditot> when does dumpster start for you?
[2023-01-08 23:45:51] <caradepeido1> !deck
[2023-01-08 23:45:51] <@^StreamElements> Try ![class] for Specific class e.g. !Priest, !Warrior
[2023-01-08 23:45:55] <+Desolateimp> What’s gp?
[2023-01-08 23:45:58] <caradepeido1> !rogue
[2023-01-08 23:45:58] <@^StreamElements> AAECAaIHBqH5A+2ABLezBMygBeigBeKkBQy9gAT2nwT3nwT7pQT03QT13QT87QTBgwXdoAXfoAXgoAXBoQUA
[2023-01-08 23:46:16] <domtrsk> @meatihs You wanted to be GP from start ?
[2023-01-08 23:46:22] VIEWERS: 1 033
[2023-01-08 23:46:39] <+gavbro6> I was wondering the same thing @desolateimp is it a physician?
[2023-01-08 23:47:05] <%Stevekot2000> why is Meati calling here Lady S'Feno?? isn't it Lady S'Theno?
[2023-01-08 23:47:15] <@^StreamElements> Play Yumon with Meatman's exclusive cards to support my channel! https://app.yumon.world/creators/meatiHS/booster
[2023-01-08 23:47:16] <%Stevekot2000> *her
[2023-01-08 23:48:00] <iflippditot> how do they win from here?
[2023-01-08 23:48:22] VIEWERS: 1 033
[2023-01-08 23:48:47] <+roadpapattes> hit then shadow step before spell
[2023-01-08 23:49:39] <iflippditot> oh right, sinful
[2023-01-08 23:50:22] VIEWERS: 1 048
[2023-01-08 23:50:43] <+gavbro6> What is a gp meati!
[2023-01-08 23:50:56] <rayquinox> Has standard ever been more “wild”?
[2023-01-08 23:51:09] <rayquinox> This is so ridiculous
[2023-01-08 23:51:14] <%RudolfTV> @gavbro6 General Practitioner
[2023-01-08 23:51:26] <%+breathing_life> Could you have shadowstepped one of the 3/2s and then used 2mana spell on the other to make you’re only minion the stealth?
[2023-01-08 23:51:35] <bihom> I want to seed your loaf :)
[2023-01-08 23:51:42] <!%+shanevapid> What is this? Medieval Times?
[2023-01-08 23:51:45] <girthySenpai> Jebaited Jebaited Jebaited
[2023-01-08 23:51:50] <%RudolfTV> @MeatiHS How are you so thin when you're always eating? LUL
[2023-01-08 23:51:53] <+JackRazR> Eating at midnight so healthy
[2023-01-08 23:52:22] VIEWERS: 1 018
[2023-01-08 23:52:40] <petropo19> Hello Meati i fin around rank 2000 every season. How can i go to top 500?
[2023-01-08 23:52:48] <+JackRazR> Oh 1 hour less sorry
[2023-01-08 23:52:53] <%lamamaycry> you calling us fat?
[2023-01-08 23:53:01] <inskyaaa> You look like a guy who can eat just about anything, and not gain any weight
[2023-01-08 23:53:32] <%+sjoerdkoe> don't lose helps aswell
[2023-01-08 23:53:42] <%Durrrrr> @MeatiHS I requested a song the other day but stream was ending, can you play it? It's Like a Villain- Bad Omens
[2023-01-08 23:54:09] <iflippditot> follow me, follow me, follow follow follow me
[2023-01-08 23:54:09] <%Durrrrr> thank you
[2023-01-08 23:54:22] VIEWERS: 1 018
[2023-01-08 23:54:26] <+gavbro6> Is the path to becoming a GP similar to the one in America? I know here you have 4 years college 4 years of medical school and residency afterwards
[2023-01-08 23:54:47] <+uno_acaso> is that deck so broken?
[2023-01-08 23:54:54] <+uno_acaso> or it is just counter
[2023-01-08 23:55:26] <+JackRazR> AUTT
[2023-01-08 23:55:51] <metalspawnes> kitchenStone
[2023-01-08 23:55:56] <ArmsOfMichelleObama> I hope everyone has a great day and a prosperous life. Best of luck with the stream, Meati; keep up the good work man and thank you for all the entertainment
[2023-01-08 23:55:57] <jayhuang456> yo meaty
[2023-01-08 23:56:21] <jayhuang456> holy
[2023-01-08 23:56:22] VIEWERS: 991
[2023-01-08 23:56:32] <@$Raptorheart> OMEGALU V E R L OMEGALUL A D
[2023-01-08 23:56:51] <jayhuang456> wait i thought it was give all minions
[2023-01-08 23:56:53] <jayhuang456> tf
[2023-01-08 23:57:17] <%+RealKT> mediocre turn 6 in todays game
[2023-01-08 23:57:17] <+uno_acaso> don't think so
[2023-01-08 23:57:21] <!m0nty> imagine thinking a 12/12 turn 6 wins you games OMEGALUL
[2023-01-08 23:57:24] <jayhuang456> is that big mac
[2023-01-08 23:57:30] <jayhuang456> i got mcdonalds
[2023-01-08 23:57:38] <jayhuang456> 2 mcchicken sprite and fries for 1.09$
[2023-01-08 23:57:41] <+Ramanujoke> the bread speaks monkaW
[2023-01-08 23:57:58] <%+sjoerdkoe> bloodlust from COC
[2023-01-08 23:58:02] <+colonelbleezy> it means they fertilize it with grade a cow poop
[2023-01-08 23:58:22] VIEWERS: 991
[2023-01-08 23:58:22] <+jsrock08> ded
[2023-01-08 23:58:39] <+uno_acaso> if he doesn't kill u he at least plays reno so it is lost i think
[2023-01-08 23:58:51] <+logor55> @meatihs What's the best deck for a returning player to hit the ladder?
[2023-01-08 23:59:02] <LuigiCAPETOSO> always the same cards
[2023-01-08 23:59:02] [Points] SteveFrenchHS redeemed Song Request (15 000) [burn mf - five finger death punch]
[2023-01-08 23:59:07] <iflippditot> rough
[2023-01-08 23:59:15] <@SteveFrenchHS> peepoClown
[2023-01-08 23:59:20] <simr_hs> skillful brand
[2023-01-08 23:59:50] <+Sirhambone88> !deck
[2023-01-08 23:59:50] <@^StreamElements> Try ![class] for Specific class e.g. !Priest, !Warrior
