# Log started: 2023-01-10 00:03:16 +0100
[2023-01-10 00:03:16] <%cecibaa> OMEGALULiguess LMAO Naruge Lurk monkaMath
[2023-01-10 00:04:25] <%cecibaa> im gonna accidentally use the second emote so much Smoge
[2023-01-10 00:04:43] <%cecibaa> !gamble all
[2023-01-10 00:04:44] <@%^StreamElements>* PogChamp cecibaa went all in and won 8595 Nuoc Coins PogChamp they now have 17190 Nuoc Coins FeelsGoodMan
[2023-01-10 00:15:20] <@%fabriisio> ceci pogg
[2023-01-10 00:15:34] <@%fabriisio> and yea im for sure gonna forget too LUL
[2023-01-10 00:15:56] <@%fabriisio> !gamble 1000 ariaH
[2023-01-10 00:15:56] <@%^StreamElements>* fabriisio lost 1000 Nuoc Coins in roulette and now has 28000 Nuoc Coins! FeelsBadMan
[2023-01-10 00:16:03] <@%fabriisio> ariaHUH
[2023-01-10 00:26:11] <%endlesslogfile> !watchtime
[2023-01-10 00:26:11] <@%^StreamElements> endlesslogfile has spent  9 days 8 hours watching ariasaki
[2023-01-10 01:07:41] <@%fabriisio> !gamble 1000 ariaPeace
[2023-01-10 01:07:41] <@%^StreamElements>* fabriisio won 1000 Nuoc Coins in roulette and now has 29000 Nuoc Coins! FeelsGoodMan
[2023-01-10 01:07:49] <@%fabriisio> ariaPeace W NOTED
[2023-01-10 01:18:44] <%cecibaa> !gamble 7190
[2023-01-10 01:18:44] <@%^StreamElements>* cecibaa won 7190 Nuoc Coins in roulette and now has 24380 Nuoc Coins! FeelsGoodMan
[2023-01-10 01:18:49] <%cecibaa> celiNice
[2023-01-10 01:21:54] <@%fabriisio> celiNice
[2023-01-10 01:32:40] <%cecibaa> ThumbsUp
[2023-01-10 01:45:28] <%+Sparemaple> ThumbsUp
[2023-01-10 02:19:50] <@%fabriisio> Awkward
[2023-01-10 02:20:09] <@%fabriisio> Saved
[2023-01-10 02:20:19] <malakai37> tohruSway BANGER REEEE
[2023-01-10 06:03:53] <@%fabriisio> !gamble 1000 bukiDance
[2023-01-10 06:03:53] <@%^StreamElements>* fabriisio won 1000 Nuoc Coins in roulette and now has 30000 Nuoc Coins! FeelsGoodMan
[2023-01-10 06:03:58] <@%fabriisio> ThumbsUp
[2023-01-10 06:07:26] <malakai37> GoodMorning POCHITAAA ThisIsFine
[2023-01-10 06:23:07] <%Whimstaff> monkaGIGAftPokimane
[2023-01-10 06:25:41] <Lumiinos1ty> BOBA
[2023-01-10 06:25:49] <@%fabriisio> monkaGIGAftPokimane
[2023-01-10 06:26:26] <%+Sparemaple> monkaGIGAftPokimane
[2023-01-10 06:27:18] <malakai37> BOBA
[2023-01-10 06:35:21] <@%fabriisio> !gamble 1000 BOBA
[2023-01-10 06:35:21] <@%^StreamElements>* fabriisio won 1000 Nuoc Coins in roulette and now has 31000 Nuoc Coins! FeelsGoodMan
[2023-01-10 06:37:31] <%+Sparemaple> !gamble 50% BOBA
[2023-01-10 06:37:32] <@%^StreamElements>* Sparemaple won 1707 Nuoc Coins in roulette and now has 5121 Nuoc Coins! FeelsGoodMan
[2023-01-10 06:37:43] <@%fabriisio> BOBA buff
[2023-01-10 06:37:51] <wintermelonb0ba> someone say boba
[2023-01-10 06:38:20] <%+Sparemaple> ppPoof
[2023-01-10 06:38:55] <@%fabriisio> ICANT
[2023-01-10 06:47:04] <@%jojoppa> !points
[2023-01-10 06:47:04] <@%^StreamElements> @jojoppa, jojoppa has 304965 Nuoc Coins and is rank 7/627916 on the leaderboard.
[2023-01-10 07:03:22] <@Fitti> 600th
[2023-01-10 07:04:07] <@%fabriisio> 600th
[2023-01-10 07:17:02] <Lumiinos1ty> 600th
[2023-01-10 07:19:12] <raliu31> !gamble all
[2023-01-10 08:13:34] <raliu31> !gamble  all
[2023-01-10 08:13:37] <raliu31> natsuSlam
[2023-01-10 08:15:54] <TriCat> !gamble all
[2023-01-10 08:15:54] <@%^StreamElements>* TriCat went all in and lost every single one of their 900 Nuoc Coins LUL
[2023-01-10 08:15:56] <TriCat> ariaD
[2023-01-10 08:18:58] <raliu31> !gamble all
[2023-01-10 08:18:58] <@%^StreamElements>* raliu31 went all in and lost every single one of their 3070 Nuoc Coins LUL
[2023-01-10 14:47:59] Disconnected
[2023-01-10 14:47:59] Attempting to reconnect in 1 seconds.. (1/∞)
[2023-01-10 14:48:00] Connecting to
[2023-01-10 14:48:27] Joining #ariasaki..
[2023-01-10 14:48:28] You have joined #ariasaki
[2023-01-10 14:56:20] <yuukiii09> ariaD
[2023-01-10 15:36:29] <%endlesslogfile> ariaD
[2023-01-10 15:39:37] Disconnected
[2023-01-10 15:39:37] Attempting to reconnect in 1 seconds.. (1/∞)
[2023-01-10 15:39:38] Connecting to
[2023-01-10 15:40:05] Joining #ariasaki..
[2023-01-10 15:40:06] You have joined #ariasaki
[2023-01-10 16:20:58] Disconnected
[2023-01-10 16:20:58] Attempting to reconnect in 1 seconds.. (1/∞)
[2023-01-10 16:20:59] Connecting to
[2023-01-10 16:21:25] Joining #ariasaki..
[2023-01-10 16:21:26] You have joined #ariasaki
[2023-01-10 16:43:58] Disconnected
[2023-01-10 16:43:58] Attempting to reconnect in 1 seconds.. (1/∞)
[2023-01-10 16:43:59] Connecting to
[2023-01-10 16:44:26] Joining #ariasaki..
[2023-01-10 16:44:26] You have joined #ariasaki
[2023-01-10 17:04:24] Disconnected
[2023-01-10 17:04:24] Attempting to reconnect in 1 seconds.. (1/∞)
[2023-01-10 17:04:25] Connecting to
[2023-01-10 17:04:51] Joining #ariasaki..
[2023-01-10 17:04:52] You have joined #ariasaki
[2023-01-10 17:18:12] Disconnected
[2023-01-10 17:18:12] Attempting to reconnect in 1 seconds.. (1/∞)
[2023-01-10 17:18:13] Connecting to
[2023-01-10 17:18:14] Disconnected (Failed to complete login)
[2023-01-10 17:18:14] Attempting to reconnect in 5 seconds.. (2/∞)
[2023-01-10 17:18:19] Connecting to
[2023-01-10 17:18:48] Joining #ariasaki..
[2023-01-10 17:18:48] You have joined #ariasaki
[2023-01-10 17:48:36] Disconnected
[2023-01-10 17:48:36] Attempting to reconnect in 1 seconds.. (1/∞)
[2023-01-10 17:48:37] Connecting to
[2023-01-10 17:49:04] Joining #ariasaki..
[2023-01-10 17:49:04] You have joined #ariasaki
[2023-01-10 18:09:22] Disconnected
[2023-01-10 18:09:22] Attempting to reconnect in 1 seconds.. (1/∞)
[2023-01-10 18:09:23] Connecting to
[2023-01-10 18:09:24] Disconnected (Failed to complete login)
[2023-01-10 18:09:24] Attempting to reconnect in 5 seconds.. (2/∞)
[2023-01-10 18:09:29] Connecting to
[2023-01-10 18:09:57] Joining #ariasaki..
[2023-01-10 18:09:57] You have joined #ariasaki
[2023-01-10 20:39:35] <@%fabriisio> !gamble 1000 BOBA
[2023-01-10 20:39:35] <@%^StreamElements>* fabriisio lost 1000 Nuoc Coins in roulette and now has 30000 Nuoc Coins! FeelsBadMan
[2023-01-10 20:42:54] <%cecibaa> !gamble 50%
[2023-01-10 20:42:54] <@%^StreamElements>* cecibaa lost 12190 Nuoc Coins in roulette and now has 12190 Nuoc Coins! FeelsBadMan
[2023-01-10 20:43:03] <%cecibaa> dankCrayon
[2023-01-10 20:43:49] <@%fabriisio> DonkCrayon
[2023-01-10 20:49:29] <axrtiyy> ours
[2023-01-10 20:58:51] <%cecibaa> 600th
[2023-01-10 21:01:54] <@%fabriisio> peepoShrekSit EntireShrekMovie
# Log started: 2023-01-10 22:43:49 +0100
[2023-01-10 22:43:49] ~Stream offline~
[2023-01-10 22:43:49] Joining #ariasaki..
[2023-01-10 22:43:49] You have joined #ariasaki
