# Log started: 2023-01-10 15:09:14 +0100
[2023-01-10 15:09:14] Disconnected
[2023-01-10 15:09:14] Attempting to reconnect in 1 seconds.. (1/∞)
[2023-01-10 15:09:15] Connecting to
[2023-01-10 15:10:05] Joining #gammainkk..
[2023-01-10 15:10:05] You have joined #gammainkk
[2023-01-10 15:56:52] Disconnected
[2023-01-10 15:56:52] Attempting to reconnect in 1 seconds.. (1/∞)
[2023-01-10 15:56:53] Connecting to
[2023-01-10 15:56:54] Disconnected (Failed to complete login)
[2023-01-10 15:56:54] Attempting to reconnect in 5 seconds.. (2/∞)
[2023-01-10 15:56:59] Connecting to
[2023-01-10 15:57:50] Joining #gammainkk..
[2023-01-10 15:57:50] You have joined #gammainkk
[2023-01-10 17:24:31] Disconnected
[2023-01-10 17:24:31] Attempting to reconnect in 1 seconds.. (1/∞)
[2023-01-10 17:24:32] Connecting to
[2023-01-10 17:25:22] Joining #gammainkk..
[2023-01-10 17:25:23] You have joined #gammainkk
# Log closed: 2023-01-11 15:04:43 +0100
-
