# Log started: 2023-01-06 00:09:52 +0100
[2023-01-06 00:09:52] <+GRIZZ_________> ajaja yrgeFak
[2023-01-06 00:11:14] <@%rizzthakid> !donate
[2023-01-06 00:11:14] <@%^Nightbot> rizzthakid - https://streamlabs.com/chrisnxtdoor/tip
[2023-01-06 03:27:22] <fxckdre> !title
[2023-01-06 03:27:22] <@%^Nightbot> @fxckdre -> Twitch's API returned an error. Try again later.
[2023-01-06 04:18:18] <fxckdre> !title
[2023-01-06 04:18:18] <@%^Nightbot> @fxckdre -> Twitch's API returned an error. Try again later.
[2023-01-06 04:57:24] <@%Exstaticss> lol
[2023-01-06 05:19:26] <@%unusuallyblack> lol
[2023-01-06 05:30:12] <fxckdre> !title
[2023-01-06 05:30:12] <@%^Nightbot> @fxckdre -> Twitch's API returned an error. Try again later.
[2023-01-06 05:33:32] <ZenTheAnarchist> !segually
[2023-01-06 05:33:32] <@%^Nightbot> she😩 feelin 😩 me😩segually😩
[2023-01-06 05:47:15] <+Stevie_________> losCLB losCLB losCLB
[2023-01-06 10:57:09] <@%Thx202> hey lol
[2023-01-06 10:57:25] <@%Thx202> hey lol
[2023-01-06 10:57:29] <@%Thx202> i see you fidel
[2023-01-06 10:58:03] <@%Thx202> W me
[2023-01-06 10:58:03] <@%^Nightbot> W
[2023-01-06 10:58:25] <@%Thx202> I BOOMED HIM
[2023-01-06 21:17:18] <@%gabempd> HEYY OFFLINE CHAT
[2023-01-06 21:17:20] <@%gabempd> did yuou miss me
# Log started: 2023-01-06 21:36:50 +0100
[2023-01-06 21:36:50] ~Stream offline~
[2023-01-06 21:36:50] Joining #chrisnxtdoor..
[2023-01-06 21:36:50] You have joined #chrisnxtdoor
[2023-01-06 22:57:45] [Notification] Eric__TV subscribed at Tier 1. They've subscribed for 5 months!
[2023-01-06 23:55:01] <%deuceify> 👀
[2023-01-06 23:58:57] <@%gabempd> damn w sub
