# Log started: 2023-01-01 00:00:25 +0100
[2023-01-01 00:00:25] <@^Nightbot> https://record.secure.acraffiliates.com/_0O7EGPDP6B13MuxhxRpFuGNd7ZgqdRLk/1/ open in incognito
[2023-01-01 00:03:17] <%lordxlrd1> укуу
[2023-01-01 00:03:19] <%lordxlrd1> erewrew
[2023-01-01 00:03:50] <%P2NTS> a
[2023-01-01 00:04:52] <slaydog333> o
[2023-01-01 00:05:10] <@^Nightbot> discord.gg/sinatraa
[2023-01-01 00:23:53] <CaioLuist> hi
[2023-01-01 00:24:29] <CaioLuist> hi
[2023-01-01 00:27:54] <ponPengu> !settings
[2023-01-01 00:27:54] <@^Nightbot> https://clips.twitch.tv/SpinelessBlitheRavenDatBoi-GJrbPHugRcin7fFh For more info: https://grrt.co/Sinatraa-Settings
[2023-01-01 00:43:20] <i8bloo> !playlist1
[2023-01-01 00:43:38] <i8bloo> !playlist
[2023-01-01 00:43:38] <@^Nightbot> Try !rap !pop !classics !kpop !zest !christmas
[2023-01-01 00:43:43] <i8bloo> !classics
[2023-01-01 00:43:44] <@^Nightbot> https://open.spotify.com/user/vswon1/playlist/6A3FGpXtP1Ry2I49TyKoUe
[2023-01-01 00:45:12] <@^Nightbot> https://record.secure.acraffiliates.com/_0O7EGPDP6B13MuxhxRpFuGNd7ZgqdRLk/1/ open in incognito
[2023-01-01 00:46:08] <@^Nightbot> The alias you set this command to be of, !nordvpn, does not exist.
[2023-01-01 00:47:35] <$CharlieMomo> !rap
[2023-01-01 00:47:35] <@^Nightbot> https://open.spotify.com/playlist/0Zm6U4JJLAzkX9afHzhkVn
[2023-01-01 00:58:40] <%poppinwon> LOL
[2023-01-01 01:15:13] <%tristenbhola> !commands
[2023-01-01 01:15:13] <@^Nightbot> @tristenbhola -> The bot commands for this channel are available at https://nightbot.tv/t/sinatraa/commands
[2023-01-01 01:15:26] <o7_wolf> );
[2023-01-01 01:16:07] <@^Nightbot> https://record.secure.acraffiliates.com/_0O7EGPDP6B13MuxhxRpFuGNd7ZgqdRLk/1/ open in incognito
[2023-01-01 01:16:20] <ryanthep00h> !time
[2023-01-01 01:16:20] <@^Nightbot> December 31st 2022, 6:16:20 pm CST GMT-06:00
[2023-01-01 01:18:48] <しむへい (tanaka090)> hi
[2023-01-01 01:25:20] <hinqy> w
[2023-01-01 01:36:22] <Acegunner145> !rap
[2023-01-01 01:36:22] <@^Nightbot> https://open.spotify.com/playlist/0Zm6U4JJLAzkX9afHzhkVn
[2023-01-01 01:41:17] <urlocalhanimeboy> !sens
[2023-01-01 01:41:17] <@^Nightbot> 0.387 800 dpi
[2023-01-01 01:41:54] <yalan270> aaa
[2023-01-01 01:45:11] <@^Nightbot> https://record.secure.acraffiliates.com/_0O7EGPDP6B13MuxhxRpFuGNd7ZgqdRLk/1/ open in incognito
[2023-01-01 01:46:08] <@^Nightbot> The alias you set this command to be of, !nordvpn, does not exist.
[2023-01-01 01:54:15] <CorruptIsBored> e
[2023-01-01 01:54:25] <CorruptIsBored> eeeee
[2023-01-01 02:07:19] <lumizx> o
[2023-01-01 02:09:38] <fateful_val> !owsettings
[2023-01-01 02:09:38] <@^Nightbot> default
[2023-01-01 02:09:45] <fateful_val> !owsens
[2023-01-01 02:09:45] <@^Nightbot> 6.0 800 dpi (9.0 on genji + tracer)
[2023-01-01 02:14:16] <fateful_val> !owcrosshair
[2023-01-01 02:14:16] <@^Nightbot> Pink 1-8-7 100%
[2023-01-01 02:14:53] <fateful_val> !owsens
[2023-01-01 02:14:53] <@^Nightbot> 6.0 800 dpi (9.0 on genji + tracer)
[2023-01-01 02:15:11] <@^Nightbot> https://record.secure.acraffiliates.com/_0O7EGPDP6B13MuxhxRpFuGNd7ZgqdRLk/1/ open in incognito
[2023-01-01 02:16:07] <@^Nightbot> The alias you set this command to be of, !nordvpn, does not exist.
[2023-01-01 02:17:07] <@^Nightbot> discord.gg/sinatraa
[2023-01-01 02:22:12] <husky_val> !sens
[2023-01-01 02:22:12] <@^Nightbot> 0.387 800 dpi
[2023-01-01 02:22:49] <1annnlll> !gym
[2023-01-01 02:22:51] <1annnlll> !workout
[2023-01-01 02:22:51] <@^Nightbot> https://www.twitch.tv/videos/1538110614
[2023-01-01 02:22:54] <1annnlll> !routine
[2023-01-01 02:25:33] <perroacuatico12> !crosshair
[2023-01-01 02:25:33] <@^Nightbot> 1313 Cyan Outlines: On | 0;s;1;P;c;5;o;1;0t;1;0l;3;0a;1;0f;0;1b;0;S;c;5;s;1.178
[2023-01-01 02:39:04] <歪粉絲 (iyanu0110)> VoHiYo
[2023-01-01 02:44:09] <mxercs_> !playlist
[2023-01-01 02:44:09] <@^Nightbot> Try !rap !pop !classics !kpop !zest !christmas
[2023-01-01 02:44:13] <mxercs_> !rap
[2023-01-01 02:44:14] <@^Nightbot> https://open.spotify.com/playlist/0Zm6U4JJLAzkX9afHzhkVn
[2023-01-01 02:45:12] <@^Nightbot> https://record.secure.acraffiliates.com/_0O7EGPDP6B13MuxhxRpFuGNd7ZgqdRLk/1/ open in incognito
[2023-01-01 02:46:07] <@^Nightbot> The alias you set this command to be of, !nordvpn, does not exist.
[2023-01-01 02:47:07] <@^Nightbot> discord.gg/sinatraa
[2023-01-01 02:54:20] <+hunterfps10> !video
[2023-01-01 02:55:01] <+hunterfps10> !cfg
[2023-01-01 02:55:02] <+hunterfps10> !videosettings
[2023-01-01 02:55:02] <@^Nightbot> Low Everything. Check out my full settings here: https://grrt.co/Sinatraa-Video-Settings
[2023-01-01 02:58:09] <ve7_> !crosshair
[2023-01-01 02:58:09] <@^Nightbot> 1313 Cyan Outlines: On | 0;s;1;P;c;5;o;1;0t;1;0l;3;0a;1;0f;0;1b;0;S;c;5;s;1.178
[2023-01-01 03:00:08] <드로쉬 (drowsy_20)> !sens
[2023-01-01 03:00:08] <@^Nightbot> 0.387 800 dpi
[2023-01-01 03:00:14] <드로쉬 (drowsy_20)> !corsshair
[2023-01-01 03:00:18] <드로쉬 (drowsy_20)> !res
[2023-01-01 03:00:19] <@^Nightbot> 1920x1080. Check out my full settings here: https://grrt.co/Sinatraa-Res
[2023-01-01 03:00:32] <드로쉬 (drowsy_20)> !corshair
[2023-01-01 03:00:44] <드로쉬 (drowsy_20)> !crosshair
[2023-01-01 03:00:44] <@^Nightbot> 1313 Cyan Outlines: On | 0;s;1;P;c;5;o;1;0t;1;0l;3;0a;1;0f;0;1b;0;S;c;5;s;1.178
[2023-01-01 03:01:16] <@^Nightbot> https://record.secure.acraffiliates.com/_0O7EGPDP6B13MuxhxRpFuGNd7ZgqdRLk/1/ open in incognito
[2023-01-01 03:02:16] <@^Nightbot> The alias you set this command to be of, !nordvpn, does not exist.
[2023-01-01 03:03:11] <@^Nightbot> discord.gg/sinatraa
[2023-01-01 03:08:56] <wadetriv> !crosshair
[2023-01-01 03:08:56] <@^Nightbot> 1313 Cyan Outlines: On | 0;s;1;P;c;5;o;1;0t;1;0l;3;0a;1;0f;0;1b;0;S;c;5;s;1.178
[2023-01-01 03:10:03] <wadetriv> !crosshair
[2023-01-01 03:10:03] <@^Nightbot> 1313 Cyan Outlines: On | 0;s;1;P;c;5;o;1;0t;1;0l;3;0a;1;0f;0;1b;0;S;c;5;s;1.178
[2023-01-01 03:24:21] <+trassos_scott> !mouse
[2023-01-01 03:24:21] <@^Nightbot> Logitech G Pro X Superlight. For more info: https://grrt.co/Sinatraa-Mouse
[2023-01-01 03:25:31] <itscarvinx> PogU
[2023-01-01 03:29:57] <RaidenRX78> cool
[2023-01-01 03:30:13] <@^Nightbot> https://record.secure.acraffiliates.com/_0O7EGPDP6B13MuxhxRpFuGNd7ZgqdRLk/1/ open in incognito
[2023-01-01 03:48:15] <husky_val> !sens
[2023-01-01 03:48:15] <@^Nightbot> 0.387 800 dpi
[2023-01-01 03:50:07] <husky_val> !sens
[2023-01-01 03:50:07] <@^Nightbot> 0.387 800 dpi
[2023-01-01 03:50:28] <bradyfps_> !keyboard
[2023-01-01 03:50:28] <@^Nightbot> https://bit.ly/SinatraaKeyboard
[2023-01-01 03:56:38] <1lylix> !playlist
[2023-01-01 03:56:38] <@^Nightbot> Try !rap !pop !classics !kpop !zest !christmas
[2023-01-01 03:56:43] <1lylix> !classics
[2023-01-01 03:56:43] <@^Nightbot> https://open.spotify.com/user/vswon1/playlist/6A3FGpXtP1Ry2I49TyKoUe
[2023-01-01 04:00:22] <@^Nightbot> https://record.secure.acraffiliates.com/_0O7EGPDP6B13MuxhxRpFuGNd7ZgqdRLk/1/ open in incognito
[2023-01-01 04:01:16] <@^Nightbot> The alias you set this command to be of, !nordvpn, does not exist.
[2023-01-01 04:10:53] <+flumplestiltski> !commands
[2023-01-01 04:10:53] <@^Nightbot> @flumplestiltski -> The bot commands for this channel are available at https://nightbot.tv/t/sinatraa/commands
[2023-01-01 04:19:08] <orua> !crosshair
[2023-01-01 04:19:08] <@^Nightbot> 1313 Cyan Outlines: On | 0;s;1;P;c;5;o;1;0t;1;0l;3;0a;1;0f;0;1b;0;S;c;5;s;1.178
[2023-01-01 04:23:00] <AustinZiggs> !crossair
[2023-01-01 04:23:02] <AustinZiggs> !crosshair
[2023-01-01 04:23:02] <@^Nightbot> 1313 Cyan Outlines: On | 0;s;1;P;c;5;o;1;0t;1;0l;3;0a;1;0f;0;1b;0;S;c;5;s;1.178
[2023-01-01 04:24:06] <AustinZiggs> !crosshair
[2023-01-01 04:24:06] <@^Nightbot> 1313 Cyan Outlines: On | 0;s;1;P;c;5;o;1;0t;1;0l;3;0a;1;0f;0;1b;0;S;c;5;s;1.178
[2023-01-01 04:46:18] <+domo_val> !setup
[2023-01-01 04:46:26] <+domo_val> !keyboard
[2023-01-01 04:46:26] <@^Nightbot> https://bit.ly/SinatraaKeyboard
[2023-01-01 04:52:57] <imsotoasty> !sens
[2023-01-01 04:52:57] <@^Nightbot> 0.387 800 dpi
[2023-01-01 04:52:58] <imsotoasty> !crosshair
[2023-01-01 04:52:58] <@^Nightbot> 1313 Cyan Outlines: On | 0;s;1;P;c;5;o;1;0t;1;0l;3;0a;1;0f;0;1b;0;S;c;5;s;1.178
[2023-01-01 05:10:08] <dalowm> !song
[2023-01-01 05:10:08] <@^Nightbot> "ETC" - Legend Yae
[2023-01-01 05:11:30] <sleazyosu> !crosshair
[2023-01-01 05:11:31] <@^Nightbot> 1313 Cyan Outlines: On | 0;s;1;P;c;5;o;1;0t;1;0l;3;0a;1;0f;0;1b;0;S;c;5;s;1.178
[2023-01-01 05:15:10] <@^Nightbot> https://record.secure.acraffiliates.com/_0O7EGPDP6B13MuxhxRpFuGNd7ZgqdRLk/1/ open in incognito
[2023-01-01 05:26:28] <eduuale> !crosshair
[2023-01-01 05:26:29] <@^Nightbot> 1313 Cyan Outlines: On | 0;s;1;P;c;5;o;1;0t;1;0l;3;0a;1;0f;0;1b;0;S;c;5;s;1.178
[2023-01-01 05:35:21] <드로쉬 (drowsy_20)> !crosshair
[2023-01-01 05:35:21] <@^Nightbot> 1313 Cyan Outlines: On | 0;s;1;P;c;5;o;1;0t;1;0l;3;0a;1;0f;0;1b;0;S;c;5;s;1.178
[2023-01-01 06:37:17] <+ohRTS> !crosshair
[2023-01-01 06:37:17] <@^Nightbot> 1313 Cyan Outlines: On | 0;s;1;P;c;5;o;1;0t;1;0l;3;0a;1;0f;0;1b;0;S;c;5;s;1.178
[2023-01-01 06:44:34] <x_ronaldo> ggs
[2023-01-01 06:47:00] <BobbyMonoBy> !commands
[2023-01-01 06:47:00] <@^Nightbot> @BobbyMonoBy -> The bot commands for this channel are available at https://nightbot.tv/t/sinatraa/commands
[2023-01-01 06:49:06] <@^Nightbot> The alias you set this command to be of, !nordvpn, does not exist.
[2023-01-01 07:04:26] <Vicdah> !sens
[2023-01-01 07:04:26] <@^Nightbot> 0.387 800 dpi
[2023-01-01 07:07:03] <puetabut> !time
[2023-01-01 07:07:04] <@^Nightbot> January 1st 2023, 12:07:04 am CST GMT-06:00
[2023-01-01 07:07:43] <puetabut> !time
[2023-01-01 07:07:43] <@^Nightbot> January 1st 2023, 12:07:43 am CST GMT-06:00
[2023-01-01 07:18:41] <+ShenroniousFPS> !mouse
[2023-01-01 07:18:41] <@^Nightbot> Logitech G Pro X Superlight. For more info: https://grrt.co/Sinatraa-Mouse
[2023-01-01 07:18:43] <+ShenroniousFPS> !mousepad
[2023-01-01 07:18:43] <@^Nightbot> g640. Check it out here: https://grrt.co/Sinatraa-Mousepad
[2023-01-01 07:18:45] <+ShenroniousFPS> !sens
[2023-01-01 07:18:45] <@^Nightbot> 0.387 800 dpi
[2023-01-01 07:18:48] <+ShenroniousFPS> !crosshair
[2023-01-01 07:18:48] <@^Nightbot> 1313 Cyan Outlines: On | 0;s;1;P;c;5;o;1;0t;1;0l;3;0a;1;0f;0;1b;0;S;c;5;s;1.178
[2023-01-01 07:18:56] <+ShenroniousFPS> !settings
[2023-01-01 07:18:56] <@^Nightbot> https://clips.twitch.tv/SpinelessBlitheRavenDatBoi-GJrbPHugRcin7fFh For more info: https://grrt.co/Sinatraa-Settings
[2023-01-01 07:24:28] <klawerachx> !owsens
[2023-01-01 07:24:28] <@^Nightbot> 6.0 800 dpi (9.0 on genji + tracer)
[2023-01-01 07:42:53] <nakhalal> HUHH
[2023-01-01 07:44:39] <%candymorningstar> !cocksize
[2023-01-01 07:44:39] <@^Nightbot> candymorningstar ?
[2023-01-01 07:45:10] <@^Nightbot> https://record.secure.acraffiliates.com/_0O7EGPDP6B13MuxhxRpFuGNd7ZgqdRLk/1/ open in incognito
[2023-01-01 07:46:06] <@^Nightbot> The alias you set this command to be of, !nordvpn, does not exist.
[2023-01-01 07:51:44] <BobbyyFPS> !sens
[2023-01-01 07:51:44] <@^Nightbot> 0.387 800 dpi
[2023-01-01 07:58:59] <kittenthecool1> !crosshair
[2023-01-01 07:58:59] <@^Nightbot> 1313 Cyan Outlines: On | 0;s;1;P;c;5;o;1;0t;1;0l;3;0a;1;0f;0;1b;0;S;c;5;s;1.178
[2023-01-01 08:00:48] <+amonu_> !rap
[2023-01-01 08:00:48] <@^Nightbot> https://open.spotify.com/playlist/0Zm6U4JJLAzkX9afHzhkVn
[2023-01-01 08:01:14] <@^Nightbot> https://record.secure.acraffiliates.com/_0O7EGPDP6B13MuxhxRpFuGNd7ZgqdRLk/1/ open in incognito
[2023-01-01 08:02:12] <@^Nightbot> The alias you set this command to be of, !nordvpn, does not exist.
[2023-01-01 08:03:09] <@^Nightbot> discord.gg/sinatraa
[2023-01-01 08:10:56] <Etherz_> !sens
[2023-01-01 08:10:56] <@^Nightbot> 0.387 800 dpi
[2023-01-01 08:11:09] <Etherz_> !crosshair
[2023-01-01 08:11:09] <@^Nightbot> 1313 Cyan Outlines: On | 0;s;1;P;c;5;o;1;0t;1;0l;3;0a;1;0f;0;1b;0;S;c;5;s;1.178
[2023-01-01 08:15:10] <@^Nightbot> https://record.secure.acraffiliates.com/_0O7EGPDP6B13MuxhxRpFuGNd7ZgqdRLk/1/ open in incognito
[2023-01-01 08:30:00] <AustinZiggs> !crosshair
[2023-01-01 08:30:00] <@^Nightbot> 1313 Cyan Outlines: On | 0;s;1;P;c;5;o;1;0t;1;0l;3;0a;1;0f;0;1b;0;S;c;5;s;1.178
[2023-01-01 08:40:12] <saber_alter18> !kpop
[2023-01-01 08:40:12] <@^Nightbot> https://open.spotify.com/playlist/6zhdNOd1QWbr1HONPojeX2
[2023-01-01 08:45:09] <trungaaaaa1> !mouse
[2023-01-01 08:45:09] <@^Nightbot> Logitech G Pro X Superlight. For more info: https://grrt.co/Sinatraa-Mouse
[2023-01-01 08:45:28] <trungaaaaa1> !keyboard
[2023-01-01 08:45:28] <@^Nightbot> https://bit.ly/SinatraaKeyboard
[2023-01-01 08:46:02] <trungaaaaa1> !mousepad
[2023-01-01 08:46:02] <@^Nightbot> g640. Check it out here: https://grrt.co/Sinatraa-Mousepad
[2023-01-01 08:46:06] <@^Nightbot> https://record.secure.acraffiliates.com/_0O7EGPDP6B13MuxhxRpFuGNd7ZgqdRLk/1/ open in incognito
[2023-01-01 08:47:06] <@^Nightbot> The alias you set this command to be of, !nordvpn, does not exist.
[2023-01-01 08:48:06] <@^Nightbot> discord.gg/sinatraa
[2023-01-01 08:54:30] <trungaaaaa1> !girlfriend
[2023-01-01 09:06:29] <1m_Blaze> sup
[2023-01-01 09:08:50] <%candymorningstar> !gf
[2023-01-01 09:08:51] <@^Nightbot> https://www.twitch.tv/emmyuh
[2023-01-01 09:10:50] <Vybehehe> !sens
[2023-01-01 09:10:50] <@^Nightbot> 0.387 800 dpi
[2023-01-01 10:04:29] <ItsVepo> !rap
[2023-01-01 10:04:30] <@^Nightbot> https://open.spotify.com/playlist/0Zm6U4JJLAzkX9afHzhkVn
[2023-01-01 10:28:27] <+tonison_> !settings
[2023-01-01 10:28:27] <@^Nightbot> https://clips.twitch.tv/SpinelessBlitheRavenDatBoi-GJrbPHugRcin7fFh For more info: https://grrt.co/Sinatraa-Settings
[2023-01-01 10:29:31] <+tonison_> !crosshair
[2023-01-01 10:29:31] <@^Nightbot> 1313 Cyan Outlines: On | 0;s;1;P;c;5;o;1;0t;1;0l;3;0a;1;0f;0;1b;0;S;c;5;s;1.178
[2023-01-01 10:30:09] <@^Nightbot> https://record.secure.acraffiliates.com/_0O7EGPDP6B13MuxhxRpFuGNd7ZgqdRLk/1/ open in incognito
[2023-01-01 10:31:07] <@^Nightbot> The alias you set this command to be of, !nordvpn, does not exist.
[2023-01-01 10:31:36] <rizzleval_> !crosshair
[2023-01-01 10:31:36] <@^Nightbot> 1313 Cyan Outlines: On | 0;s;1;P;c;5;o;1;0t;1;0l;3;0a;1;0f;0;1b;0;S;c;5;s;1.178
[2023-01-01 10:57:55] <+ibertini> !playlist
[2023-01-01 10:57:55] <@^Nightbot> Try !rap !pop !classics !kpop !zest !christmas
[2023-01-01 10:58:01] <+ibertini> !rap
[2023-01-01 10:58:01] <@^Nightbot> https://open.spotify.com/playlist/0Zm6U4JJLAzkX9afHzhkVn
[2023-01-01 10:59:39] <1Billal1> !playlist
[2023-01-01 10:59:39] <@^Nightbot> Try !rap !pop !classics !kpop !zest !christmas
[2023-01-01 10:59:51] <1Billal1> !classic
[2023-01-01 10:59:59] <1Billal1> !classics
[2023-01-01 11:00:00] <@^Nightbot> https://open.spotify.com/user/vswon1/playlist/6A3FGpXtP1Ry2I49TyKoUe
[2023-01-01 11:00:13] <@^Nightbot> https://record.secure.acraffiliates.com/_0O7EGPDP6B13MuxhxRpFuGNd7ZgqdRLk/1/ open in incognito
[2023-01-01 11:01:10] <@^Nightbot> The alias you set this command to be of, !nordvpn, does not exist.
[2023-01-01 11:02:05] <izoAIM> !sens
[2023-01-01 11:02:05] <@^Nightbot> 0.387 800 dpi
[2023-01-01 11:05:49] <xoe___> !sens
[2023-01-01 11:05:49] <@^Nightbot> 0.387 800 dpi
[2023-01-01 11:05:55] <xoe___> !apexsens
[2023-01-01 11:59:48] <%mohalel_e> !discord
[2023-01-01 11:59:49] <@^Nightbot> discord.gg/sinatraa
[2023-01-01 12:24:55] <newpattira6923> d
[2023-01-01 12:42:08] <Void_Orb> !rap
[2023-01-01 12:42:08] <@^Nightbot> https://open.spotify.com/playlist/0Zm6U4JJLAzkX9afHzhkVn
[2023-01-01 12:45:07] <James2191999> Silverhand
[2023-01-01 12:46:05] <@^Nightbot> https://record.secure.acraffiliates.com/_0O7EGPDP6B13MuxhxRpFuGNd7ZgqdRLk/1/ open in incognito
[2023-01-01 12:47:05] <@^Nightbot> The alias you set this command to be of, !nordvpn, does not exist.
[2023-01-01 13:07:22] <ItsVepo> !rap
[2023-01-01 13:07:22] <@^Nightbot> https://open.spotify.com/playlist/0Zm6U4JJLAzkX9afHzhkVn
[2023-01-01 13:33:04] <xmatchew> !playlist
[2023-01-01 13:33:04] <@^Nightbot> Try !rap !pop !classics !kpop !zest !christmas
[2023-01-01 13:33:07] <xmatchew> !rap
[2023-01-01 13:33:07] <@^Nightbot> https://open.spotify.com/playlist/0Zm6U4JJLAzkX9afHzhkVn
[2023-01-01 14:16:11] <jack1e16> !sens
[2023-01-01 14:16:12] <@^Nightbot> 0.387 800 dpi
[2023-01-01 14:16:15] <jack1e16> !settings
[2023-01-01 14:16:15] <@^Nightbot> https://clips.twitch.tv/SpinelessBlitheRavenDatBoi-GJrbPHugRcin7fFh For more info: https://grrt.co/Sinatraa-Settings
[2023-01-01 14:16:16] <jack1e16> !res
[2023-01-01 14:16:17] <@^Nightbot> 1920x1080. Check out my full settings here: https://grrt.co/Sinatraa-Res
[2023-01-01 14:16:23] <jack1e16> !rawinput
[2023-01-01 14:16:26] <jack1e16> !raw
[2023-01-01 14:16:59] <jack1e16> !crosshai4r
[2023-01-01 14:17:01] <jack1e16> !crosshair
[2023-01-01 14:17:01] <@^Nightbot> 1313 Cyan Outlines: On | 0;s;1;P;c;5;o;1;0t;1;0l;3;0a;1;0f;0;1b;0;S;c;5;s;1.178
[2023-01-01 14:21:14] <yDani34> a
[2023-01-01 14:30:35] <speztl> !sens
[2023-01-01 14:30:35] <@^Nightbot> 0.387 800 dpi
[2023-01-01 14:30:51] <speztl> !keyboard
[2023-01-01 14:30:51] <@^Nightbot> https://bit.ly/SinatraaKeyboard
[2023-01-01 14:31:08] <@^Nightbot> https://record.secure.acraffiliates.com/_0O7EGPDP6B13MuxhxRpFuGNd7ZgqdRLk/1/ open in incognito
[2023-01-01 14:32:09] <@^Nightbot> The alias you set this command to be of, !nordvpn, does not exist.
[2023-01-01 14:33:06] <@^Nightbot> discord.gg/sinatraa
[2023-01-01 14:54:33] <NihiIum> !crosshair
[2023-01-01 14:54:34] <@^Nightbot> 1313 Cyan Outlines: On | 0;s;1;P;c;5;o;1;0t;1;0l;3;0a;1;0f;0;1b;0;S;c;5;s;1.178
[2023-01-01 15:24:38] [Notification] Spy_Ron subscribed with Prime. They've subscribed for 18 months!
[2023-01-01 15:25:46] <bxnxs_> !crosshair
[2023-01-01 15:25:46] <@^Nightbot> 1313 Cyan Outlines: On | 0;s;1;P;c;5;o;1;0t;1;0l;3;0a;1;0f;0;1b;0;S;c;5;s;1.178
[2023-01-01 15:34:25] <kanbantyan> !sens
[2023-01-01 15:34:25] <@^Nightbot> 0.387 800 dpi
[2023-01-01 15:36:15] <kanbantyan> !sens
[2023-01-01 15:36:15] <@^Nightbot> 0.387 800 dpi
[2023-01-01 15:36:32] <jxn2en> !settings
[2023-01-01 15:36:32] <@^Nightbot> https://clips.twitch.tv/SpinelessBlitheRavenDatBoi-GJrbPHugRcin7fFh For more info: https://grrt.co/Sinatraa-Settings
[2023-01-01 15:40:21] <Je7zval> !crosshair
[2023-01-01 15:40:21] <@^Nightbot> 1313 Cyan Outlines: On | 0;s;1;P;c;5;o;1;0t;1;0l;3;0a;1;0f;0;1b;0;S;c;5;s;1.178
[2023-01-01 16:10:47] <marvinn322> ,
[2023-01-01 16:14:48] <ironqwq> FBCatch
[2023-01-01 16:15:10] <@^Nightbot> https://record.secure.acraffiliates.com/_0O7EGPDP6B13MuxhxRpFuGNd7ZgqdRLk/1/ open in incognito
[2023-01-01 16:42:04] <+majic_JR> !headset
[2023-01-01 16:42:04] <@^Nightbot> JBL Quantum ONE – Experience hyper-accurate, immersive sound that reveals every detail of the world around you—so you can rise to the top. Check it out here: https://grrt.co/Sinatraa-Headset
[2023-01-01 16:42:14] <+majic_JR> !headphones
[2023-01-01 16:45:12] <@^Nightbot> https://record.secure.acraffiliates.com/_0O7EGPDP6B13MuxhxRpFuGNd7ZgqdRLk/1/ open in incognito
[2023-01-01 16:46:08] <@^Nightbot> The alias you set this command to be of, !nordvpn, does not exist.
[2023-01-01 17:53:24] <ovhazvo> !sens
[2023-01-01 17:53:24] <@^Nightbot> 0.387 800 dpi
[2023-01-01 18:12:23] <kaysenval> !crosshair
[2023-01-01 18:12:23] <@^Nightbot> 1313 Cyan Outlines: On | 0;s;1;P;c;5;o;1;0t;1;0l;3;0a;1;0f;0;1b;0;S;c;5;s;1.178
[2023-01-01 18:17:58] <wofy2> !sens
[2023-01-01 18:17:58] <@^Nightbot> 0.387 800 dpi
[2023-01-01 18:48:59] <NihiIum> !crosshair
[2023-01-01 18:48:59] <@^Nightbot> 1313 Cyan Outlines: On | 0;s;1;P;c;5;o;1;0t;1;0l;3;0a;1;0f;0;1b;0;S;c;5;s;1.178
[2023-01-01 19:06:24] <FluffsXB> hi
[2023-01-01 19:12:17] <cmp1exity> !crosshair
[2023-01-01 19:12:18] <@^Nightbot> 1313 Cyan Outlines: On | 0;s;1;P;c;5;o;1;0t;1;0l;3;0a;1;0f;0;1b;0;S;c;5;s;1.178
[2023-01-01 19:45:40] <Yukosize> !height
[2023-01-01 19:45:40] <@^Nightbot> 184.1cm
[2023-01-01 20:08:56] <iYano_11> !kpop
[2023-01-01 20:08:57] <@^Nightbot> https://open.spotify.com/playlist/6zhdNOd1QWbr1HONPojeX2
[2023-01-01 20:09:23] <iYano_11> !playlist
[2023-01-01 20:09:23] <@^Nightbot> Try !rap !pop !classics !kpop !zest !christmas
[2023-01-01 20:09:26] <iYano_11> !pop
[2023-01-01 20:09:26] <@^Nightbot> https://open.spotify.com/playlist/39hnnbsmTqdMSQavjNvD8T
[2023-01-01 20:14:33] <AGRXMON> !playlist
[2023-01-01 20:14:33] <@^Nightbot> Try !rap !pop !classics !kpop !zest !christmas
[2023-01-01 20:14:43] <AGRXMON> !rap
[2023-01-01 20:14:43] <@^Nightbot> https://open.spotify.com/playlist/0Zm6U4JJLAzkX9afHzhkVn
[2023-01-01 20:15:12] <@^Nightbot> https://record.secure.acraffiliates.com/_0O7EGPDP6B13MuxhxRpFuGNd7ZgqdRLk/1/ open in incognito
[2023-01-01 20:16:08] <@^Nightbot> The alias you set this command to be of, !nordvpn, does not exist.
[2023-01-01 20:16:20] <AGRXMON> !pop
[2023-01-01 20:16:20] <@^Nightbot> https://open.spotify.com/playlist/39hnnbsmTqdMSQavjNvD8T
[2023-01-01 20:17:08] <@^Nightbot> discord.gg/sinatraa
