# Log started: 2023-01-06 03:35:36 +0100
[2023-01-06 03:35:36] <@%ai000n> !toponline
[2023-01-06 03:35:43] <@%ai000n> !online
[2023-01-06 03:35:51] <@%ai000n> !top online
[2023-01-06 03:35:51] <@%^StreamElements> Top 5 Minutes spent watching the Stream: 1. komemos (138320), 2. streamlabs (137170), 3. streamelements (132670), 4. lilremini (132310), 5. commanderroot (129270)
[2023-01-06 07:50:36] <%+CaptureTheWorld> komemoDinkDonk
[2023-01-06 07:52:36] <!%sus0REO> !raiden
[2023-01-06 07:52:36] <@^Streamlabs> talent priority : burst > skill https://clips.twitch.tv/PeacefulGiftedNigiriRedCoat-Uj2hpg-aTHNt2T9W
[2023-01-06 08:37:10] <!%Lei_0016> !top online
[2023-01-06 08:37:10] <@%^StreamElements> Top 5 Minutes spent watching the Stream: 1. komemos (138320), 2. streamlabs (137170), 3. streamelements (132670), 4. lilremini (132310), 5. commanderroot (129270)
[2023-01-06 08:37:16] <!%Lei_0016> Hmmge
[2023-01-06 08:37:40] <!%Lei_0016> !watchtime
[2023-01-06 08:37:40] <@%^StreamElements> Lei_0016 has spent  16 days 18 hours watching komemos
[2023-01-06 09:10:16] <@^Streamlabs> Zhongli approves you yawsbb!
[2023-01-06 09:32:01] <%+CaptureTheWorld> !watchtime
[2023-01-06 09:32:01] <@%^StreamElements> CaptureTheWorld has spent  28 days 21 hours watching komemos
[2023-01-06 10:00:02] <!%sonnym0ore> !gamble all
[2023-01-06 10:00:02] <@%^StreamElements>* sonnym0ore went all in and lost every single one of their 90 Baguettes LUL
[2023-01-06 10:04:11] <!%Lei_0016> !gamble 2k
[2023-01-06 10:04:12] <@%^StreamElements>* Lei_0016 won 2000 Baguettes in roulette and now has 7000 Baguettes! FeelsGoodMan
[2023-01-06 10:04:16] <!%Lei_0016> LETSGO
[2023-01-06 10:47:43] <%+CaptureTheWorld> congrats lei
[2023-01-06 12:56:56] <@^Streamlabs> Thank you llhgsabanka for loving Qiqi!
[2023-01-06 13:44:34] <%bellejasminne> !gamble 500
[2023-01-06 13:44:34] <@%^StreamElements>* bellejasminne lost 500 Baguettes in roulette and now has 4120 Baguettes! FeelsBadMan
[2023-01-06 13:44:51] <%bellejasminne> !gamble 1000
[2023-01-06 13:49:07] <%bellejasminne> !gamble 500
[2023-01-06 13:49:07] <@%^StreamElements>* bellejasminne won 500 Baguettes in roulette and now has 4620 Baguettes! FeelsGoodMan
[2023-01-06 14:49:53] <!%Lei_0016> POGGIES
[2023-01-06 21:04:14] <%iAoffy111> !watchtime
[2023-01-06 21:04:15] <@%^StreamElements> iAoffy111 has spent  14 days 8 hours watching komemos
# Log started: 2023-01-06 21:35:59 +0100
[2023-01-06 21:35:59] ~Stream offline~
[2023-01-06 21:35:59] Joining #komemos..
[2023-01-06 21:35:59] You have joined #komemos
