# Log started: 2023-01-07 00:18:55 +0100
[2023-01-07 00:18:55] <vostinks> !specs
[2023-01-07 00:18:55] <@%^Streamlabs> Intel i9-12900K | MSI MAG Z690 Tomahawk WiFi | 32GB Mushkin Redline 3600mhz | Mushkin Enhanced Pilot-E 1TB SSD | EVGA RTX 3090 FTW3 | Lian-Li PC-O11 Dynamic mid | DeepCool CASTLE 360EX RGB | Phanteks Revolt Pro 1000W
[2023-01-07 00:40:58] Disconnected
[2023-01-07 00:40:58] Attempting to reconnect in 1 seconds.. (1/∞)
[2023-01-07 00:40:59] Connecting to
[2023-01-07 00:41:05] Joining #pengu..
[2023-01-07 00:41:05] You have joined #pengu
[2023-01-07 01:06:51] <+xuAfenn> !res
[2023-01-07 01:06:52] <@%^Streamlabs> 1080p | 16:9 | 90 FOV
[2023-01-07 01:07:03] <+xuAfenn> !graphics
[2023-01-07 01:07:03] <@%^Streamlabs> xuAfenn - Pick a game :) | !VSettings / !Asettings / !Ssettings ( Valorant / Apex / Siege )
[2023-01-07 01:07:18] <+xuAfenn> !Ssettings
[2023-01-07 01:07:18] <@%^Streamlabs> xuAfenn - December 10th: bit.ly/3n8E3Ab -- ( Playing on Vulkan ) ( Graphic settings don't change, only !Ssens / !Res tend to )
[2023-01-07 05:23:31] [Notification] kiizler subscribed at Tier 1.
[2023-01-07 08:22:16] <mogyi1w> !Ssens
[2023-01-07 08:22:16] <@%^Streamlabs> mogyi1w - 800 DPI | 5 - 5 | ADS’s : 58 | 98 | 100 | 102 | 103 | 104 | Opacity 100% | Green | Multiplier; Default
[2023-01-07 09:17:51] [Notification] gustavadaa subscribed with Prime.
[2023-01-07 10:08:01] <+SwiftArcher06> !commands
[2023-01-07 10:08:02] <@%^Streamlabs> streamlabs.com/pengu/cloudbot
[2023-01-07 10:24:43] <helloneibot> !res
[2023-01-07 10:24:43] <@%^Streamlabs> 1080p | 16:9 | 90 FOV
[2023-01-07 10:24:46] <helloneibot> !sens
[2023-01-07 10:24:46] <@%^Streamlabs> helloneibot - Pick a game :) | !VSens / !Asens / !Ssens. ( Valorant / Apex / Siege )
[2023-01-07 10:24:50] <helloneibot> !Ssens
[2023-01-07 10:24:50] <@%^Streamlabs> helloneibot - 800 DPI | 5 - 5 | ADS’s : 58 | 98 | 100 | 102 | 103 | 104 | Opacity 100% | Green | Multiplier; Default
[2023-01-07 10:25:00] <helloneibot> !settings
[2023-01-07 10:25:00] <@%^Streamlabs> helloneibot - Pick a game :) | !VSettings / !Asettings / !Ssettings ( Valorant / Apex / Siege )
[2023-01-07 10:25:05] <helloneibot> !Ssettings
[2023-01-07 10:25:05] <@%^Streamlabs> helloneibot - December 10th: bit.ly/3n8E3Ab -- ( Playing on Vulkan ) ( Graphic settings don't change, only !Ssens / !Res tend to )
[2023-01-07 10:58:09] Disconnected
[2023-01-07 10:58:09] Attempting to reconnect in 1 seconds.. (1/∞)
[2023-01-07 10:58:10] Connecting to
[2023-01-07 10:58:11] Disconnected (Failed to complete login)
[2023-01-07 10:58:11] Attempting to reconnect in 5 seconds.. (2/∞)
[2023-01-07 10:58:16] Connecting to
[2023-01-07 10:58:17] Disconnected (Failed to complete login)
[2023-01-07 10:58:17] Attempting to reconnect in 5 seconds.. (3/∞)
[2023-01-07 10:58:22] Connecting to
[2023-01-07 10:58:28] Joining #pengu..
[2023-01-07 10:58:28] You have joined #pengu
[2023-01-07 15:02:26] <vesinal74> !commands
[2023-01-07 15:02:26] <@%^Streamlabs> streamlabs.com/pengu/cloudbot
[2023-01-07 15:04:24] <vesinal74> Ssens!
[2023-01-07 15:04:30] <vesinal74> Sens!
[2023-01-07 15:04:39] <vesinal74> !sens
[2023-01-07 15:04:39] <@%^Streamlabs> vesinal74 - Pick a game :) | !VSens / !Asens / !Ssens. ( Valorant / Apex / Siege )
[2023-01-07 15:04:49] <vesinal74> !Ssens
[2023-01-07 15:04:49] <@%^Streamlabs> vesinal74 - 800 DPI | 5 - 5 | ADS’s : 58 | 98 | 100 | 102 | 103 | 104 | Opacity 100% | Green | Multiplier; Default
[2023-01-07 15:05:10] <vesinal74> !keybinds
[2023-01-07 15:05:10] <@%^Streamlabs> Pengu uses default keybinds. ( Q & E for Leaning, C for crouching, toggle on both ) ) (( Aim-Down-Sights is on HOLD ))
[2023-01-07 15:05:21] <vesinal74> !display
[2023-01-07 15:05:22] <@%^Streamlabs> 1080p | 16:9 | 90 FOV
[2023-01-07 15:05:27] <vesinal74> !graphics
[2023-01-07 15:05:28] <@%^Streamlabs> vesinal74 - Pick a game :) | !VSettings / !Asettings / !Ssettings ( Valorant / Apex / Siege )
[2023-01-07 15:05:35] <vesinal74> !ssettings
[2023-01-07 15:05:36] <@%^Streamlabs> vesinal74 - December 10th: bit.ly/3n8E3Ab -- ( Playing on Vulkan ) ( Graphic settings don't change, only !Ssens / !Res tend to )
[2023-01-07 16:53:38] <jRell823> !SENS
[2023-01-07 16:53:39] <@%^Streamlabs> jRell823 - Pick a game :) | !VSens / !Asens / !Ssens. ( Valorant / Apex / Siege )
[2023-01-07 16:53:43] <jRell823> !SSENS
[2023-01-07 16:53:43] <@%^Streamlabs> jRell823 - 800 DPI | 5 - 5 | ADS’s : 58 | 98 | 100 | 102 | 103 | 104 | Opacity 100% | Green | Multiplier; Default
[2023-01-07 16:54:08] <jRell823> !FOV
[2023-01-07 16:54:09] <@%^Streamlabs> 90 ( might swap to 85 )
[2023-01-07 16:54:15] <jRell823> !resolution
[2023-01-07 16:54:15] <@%^Streamlabs> 1080p | 16:9 | 90 FOV
[2023-01-07 16:54:22] <jRell823> !res
[2023-01-07 16:56:48] <jRell823> !sens
[2023-01-07 16:56:48] <@%^Streamlabs> jRell823 - Pick a game :) | !VSens / !Asens / !Ssens. ( Valorant / Apex / Siege )
[2023-01-07 16:56:50] <jRell823> !ssens
[2023-01-07 16:56:50] <@%^Streamlabs> jRell823 - 800 DPI | 5 - 5 | ADS’s : 58 | 98 | 100 | 102 | 103 | 104 | Opacity 100% | Green | Multiplier; Default
[2023-01-07 17:07:05] <youmattiii343> charm!
[2023-01-07 17:07:28] <youmattiii343> !charm
[2023-01-07 17:07:28] <@%^Streamlabs> youmattiii343 - Pengu's charm is still available ! To get it, Subscribe & link Twitch to your platform of choice ( drops-register.ubi.com ) NOTE: It can take up to 48 hours to receive your charm penguH
[2023-01-07 17:45:43] <Mmmzie> !settings
[2023-01-07 17:45:43] <@%^Streamlabs> Mmmzie - Pick a game :) | !VSettings / !Asettings / !Ssettings ( Valorant / Apex / Siege )
[2023-01-07 17:45:53] <Mmmzie> !Ssettings
[2023-01-07 17:45:53] <@%^Streamlabs> Mmmzie - December 10th: bit.ly/3n8E3Ab -- ( Playing on Vulkan ) ( Graphic settings don't change, only !Ssens / !Res tend to )
[2023-01-07 18:39:32] <IconicalHD> !charm
[2023-01-07 18:39:32] <@%^Streamlabs> IconicalHD - Pengu's charm is still available ! To get it, Subscribe & link Twitch to your platform of choice ( drops-register.ubi.com ) NOTE: It can take up to 48 hours to receive your charm penguH
[2023-01-07 19:17:33] <+DarkDomah1992> !ssens
[2023-01-07 19:17:33] <@%^Streamlabs> DarkDomah1992 - 800 DPI | 5 - 5 | ADS’s : 58 | 98 | 100 | 102 | 103 | 104 | Opacity 100% | Green | Multiplier; Default
[2023-01-07 19:35:31] <StrawberryFPS> !followage
[2023-01-07 19:35:32] <@%^Streamlabs> StrawberryFPS has been following pengu for 4 years 9 months.
[2023-01-07 23:51:34] <zefetry> !sens
[2023-01-07 23:51:34] <@%^Streamlabs> zefetry - Pick a game :) | !VSens / !Asens / !Ssens. ( Valorant / Apex / Siege )
[2023-01-07 23:51:46] <zefetry> !ssens
[2023-01-07 23:51:46] <@%^Streamlabs> zefetry - 800 DPI | 5 - 5 | ADS’s : 58 | 98 | 100 | 102 | 103 | 104 | Opacity 100% | Green | Multiplier; Default
