# Log started: 2023-01-05 08:36:48 +0100
[2023-01-05 08:36:48] <+niintaa> !armory
[2023-01-05 08:36:48] <@^Nightbot> https://worldofwarcraft.com/en-gb/character/eu/twisting-nether/Jimbones
[2023-01-05 10:33:31] <+Bernablaw> !profile
[2023-01-05 12:29:03] <+Bernablaw> !armory
[2023-01-05 12:29:03] <@^Nightbot> https://worldofwarcraft.com/en-gb/character/eu/twisting-nether/Jimbones
[2023-01-05 14:42:14] [Notification] ImamMalekBruce subscribed with Prime.
[2023-01-05 14:42:15] <@^Moobot> THANK YOU FOR SUBBING, ImamMalekBruce! AND WELCOME TO THE HOOD HOMEE ;j NaM PogChamp fraggyHYPERS fraggyLOVE SourPls NaM PogChamp fraggyLOVE fraggyHYPERS SourPls PepePls ;j
[2023-01-05 14:42:44] <%+ImamMalekBruce> !ui
[2023-01-05 14:42:44] <@^Nightbot> Sub perks. Type !discord for more information
[2023-01-05 14:42:47] <%+ImamMalekBruce> !discord
[2023-01-05 14:42:47] <@^Moobot> @ImamMalekBruce @ImamMalekBruce Join the community :)) . https://discord.gg/fragnance , For subs, Discord > User Settings > Connections > Connect Twitch and join "The Hood". Server syncs with new twitch accounts within an hour. Be sure to read #Welcome
[2023-01-05 15:59:45] <thezippow> !playlist
[2023-01-05 15:59:46] <@^Moobot> @thezippow #Sweetspot, my spotify playlist. Requires Spotify though! http://open.spotify.com/user/jimmpyy/playlist/6wUV2gAg3ZMAG6zWPNzL1p Enjoy.
[2023-01-05 16:00:23] <@^Nightbot> Lok’tar! No more lag in Orgrimmar with Kingston FURY --> https://link.method.gg/fragnance-kingston-fury-renegadenvme
[2023-01-05 16:01:16] <@^Nightbot> Certified by Discord & Teamspeak, the HyperX QuadCast S has a built-in Pop Filter and features an anti-vibration shock mount. Communicate effectively with your Guild & Raid Groups using a Microphone trusted by Thousands --> https://link.method.gg/fragnance-hyperx-qcs
[2023-01-05 17:24:54] <adilyaxo> !PLAYLIST
[2023-01-05 17:24:55] <@^Moobot> @adilyaxo #Sweetspot, my spotify playlist. Requires Spotify though! http://open.spotify.com/user/jimmpyy/playlist/6wUV2gAg3ZMAG6zWPNzL1p Enjoy.
[2023-01-05 17:39:58] [Notification] thomillaTV subscribed with Prime. They've subscribed for 56 months!
[2023-01-05 18:24:16] <Highmuul> !settings
[2023-01-05 19:08:17] <Ap4ie> !ui
[2023-01-05 19:08:17] <@^Nightbot> Sub perks. Type !discord for more information
[2023-01-05 19:21:32] [Notification] rektzo_ subscribed with Prime. They've subscribed for 71 months!
[2023-01-05 20:06:58] <Uranie_> !wa
[2023-01-05 20:08:18] <Uranie_> !ui
[2023-01-05 20:08:18] <@^Nightbot> Sub perks. Type !discord for more information
[2023-01-05 20:08:22] <Uranie_> !discord
[2023-01-05 20:08:23] <@^Moobot> @Uranie_ @Uranie_ Join the community :)) . https://discord.gg/fragnance , For subs, Discord > User Settings > Connections > Connect Twitch and join "The Hood". Server syncs with new twitch accounts within an hour. Be sure to read #Welcome
[2023-01-05 20:34:07] [Notification] Cowboy_Joe subscribed at Tier 1.
[2023-01-05 20:34:07] <@^Moobot> THANK YOU FOR SUBBING, Cowboy_Joe! AND WELCOME TO THE HOOD HOMEE ;j NaM PogChamp fraggyHYPERS fraggyLOVE SourPls NaM PogChamp fraggyLOVE fraggyHYPERS SourPls PepePls ;j
[2023-01-05 20:36:49] [Notification] Hiki_xD subscribed at Tier 1. They've subscribed for 7 months!
