# Log started: 2023-01-10 15:09:14 +0100
[2023-01-10 15:09:14] Disconnected
[2023-01-10 15:09:14] Attempting to reconnect in 1 seconds.. (1/∞)
[2023-01-10 15:09:15] Connecting to
[2023-01-10 15:09:26] Joining #jhinxx_..
[2023-01-10 15:09:26] You have joined #jhinxx_
[2023-01-10 15:56:52] Disconnected
[2023-01-10 15:56:52] Attempting to reconnect in 1 seconds.. (1/∞)
[2023-01-10 15:56:53] Connecting to
[2023-01-10 15:56:54] Disconnected (Failed to complete login)
[2023-01-10 15:56:54] Attempting to reconnect in 5 seconds.. (2/∞)
[2023-01-10 15:56:59] Connecting to
[2023-01-10 15:57:11] Joining #jhinxx_..
[2023-01-10 15:57:11] You have joined #jhinxx_
[2023-01-10 17:24:31] Disconnected
[2023-01-10 17:24:31] Attempting to reconnect in 1 seconds.. (1/∞)
[2023-01-10 17:24:32] Connecting to
[2023-01-10 17:24:43] Joining #jhinxx_..
[2023-01-10 17:24:43] You have joined #jhinxx_
[2023-01-10 19:40:23] <virtusbro12> !viewmodel
# Log closed: 2023-01-11 15:04:43 +0100
-
