# Log started: 2023-01-11 00:00:02 +0100
[2023-01-11 00:00:02] <@%sansaburo> @Blovmag @xitah99 2 people on the ban list
[2023-01-11 00:00:03] <raylx79> do you guys play rein ?
[2023-01-11 00:00:05] <GIRLinMaleBody> x111 payout for cas
[2023-01-11 00:00:10] <kasper93> we need to do rank check with opinions like that
[2023-01-11 00:00:20] <generalvonroom> @raylx79 ofc GIGACHAD
[2023-01-11 00:00:39] <raylx79> I mean the ones saying sigma is more annoying then Orisa
[2023-01-11 00:00:45] <arrow112233> Wow game with no orisa
[2023-01-11 00:01:20] <raylx79> AINTNOWAY
[2023-01-11 00:01:23] <xPokesterx> mercy tech LUL
[2023-01-11 00:01:27] <kasper93> ?????
[2023-01-11 00:01:29] <@%sansaburo> lhcloudyMEKW
[2023-01-11 00:01:32] <IridescentAmphibian> kirikoDespair
[2023-01-11 00:01:34] <%ian11232324> AINTNOWAY
[2023-01-11 00:01:56] VIEWERS: 373
[2023-01-11 00:02:26] <MakV2> whos dis tryna mirror cloudy
[2023-01-11 00:02:37] <GIRLinMaleBody> raaj
[2023-01-11 00:02:58] <MakV2> another rein otp?
[2023-01-11 00:03:04] <%$ianJNL> guy sounds like forsen
[2023-01-11 00:03:27] <@%sansaburo> no guys its Raajaro
[2023-01-11 00:03:29] <xPokesterx> MTD
[2023-01-11 00:03:42] <%xitah99> outplayed
[2023-01-11 00:03:44] <xPokesterx> mercy res just keeps flipping this game
[2023-01-11 00:03:45] <raylx79> all your snipers try to play more unhinged to win mirror LUL
[2023-01-11 00:03:45] <xPokesterx> so boring
[2023-01-11 00:03:47] <IridescentAmphibian> diffed
[2023-01-11 00:03:48] <%MintJamz> You can get on top of that as Rein
[2023-01-11 00:03:57] VIEWERS: 373
[2023-01-11 00:04:03] <raylx79> PoroSad
[2023-01-11 00:04:08] <@%sansaburo> they just GIGACHAD snipers
[2023-01-11 00:04:10] <arrow112233> Remeber time when claudy was best rein
[2023-01-11 00:04:19] <raylx79> @sansaburo real
[2023-01-11 00:04:31] <%MintJamz> You can, I tested it
[2023-01-11 00:04:39] <kasper93> MTD
[2023-01-11 00:05:03] <+Blovmag> Mercy Sojourn Orisa in every game
[2023-01-11 00:05:10] <%MintJamz> within 3 secs
[2023-01-11 00:05:28] <MakV2> mtf
[2023-01-11 00:05:30] <MakV2> mtd
[2023-01-11 00:05:42] <IridescentAmphibian> peepoSad
[2023-01-11 00:05:51] <GIRLinMaleBody> maybe u shouldnt ask for raaj to mirror Keepo
[2023-01-11 00:05:52] <raylx79> PoroSad
[2023-01-11 00:05:57] VIEWERS: 380
[2023-01-11 00:05:57] <%islviking> no its bot mtd ur mercy advandoned you
[2023-01-11 00:05:58] <Beastehh> stop playing like a pussy
[2023-01-11 00:05:59] <+FlaccidSssnake> does that mean this is raajaros stream now?
[2023-01-11 00:06:04] <%xitah99> Your sj needs to do the clickitty thing more often
[2023-01-11 00:06:14] <MakV2> raaj educational stream
[2023-01-11 00:06:19] <MakV2> unranked to top1
[2023-01-11 00:06:46] <homelesswithoutthem> Huge cleanse
[2023-01-11 00:07:06] <+FlaccidSssnake> who is better rein unsaltedsalt or raaj?
[2023-01-11 00:07:16] <grafn123> whats this hanzo doing in this game xD
[2023-01-11 00:07:42] <@%sansaburo> thats mtd
[2023-01-11 00:07:44] <Beastehh> GAPPED
[2023-01-11 00:07:57] VIEWERS: 380
[2023-01-11 00:08:15] <@%sansaburo> again
[2023-01-11 00:08:36] <boumsy_boy> you held paraiso last point for 4 minutes i’m sure u can win 4 team fights
[2023-01-11 00:08:53] <%xitah99> their kiriko just gonna ult
[2023-01-11 00:09:03] <GIRLinMaleBody> one more
[2023-01-11 00:09:09] <%islviking> I BEALIVE
[2023-01-11 00:09:15] <%islviking> I HAVE FAITH
[2023-01-11 00:09:44] <%ian11232324> why arent they pushing u with kiriko ult?
[2023-01-11 00:09:52] <Beastehh> GOTEEM
[2023-01-11 00:09:53] <GIRLinMaleBody> AJAX
[2023-01-11 00:09:57] VIEWERS: 380
[2023-01-11 00:09:58] <@%sansaburo> AJAX
[2023-01-11 00:10:00] <%islviking> GOD IS HERE
[2023-01-11 00:10:02] <Sshpongled> AJAX
[2023-01-11 00:10:03] <GIRLinMaleBody> eeeeasy
[2023-01-11 00:10:04] <wiltsu__> AJAX
[2023-01-11 00:10:06] <Beastehh> GGEZ
[2023-01-11 00:10:06] <MakV2> no way
[2023-01-11 00:10:08] <@%songjacked> EZ
[2023-01-11 00:10:13] <MakV2> ITS TO EZZZZZZZZZZ
[2023-01-11 00:10:13] <%ian11232324> why didnt they run you over with kiriko ult?
[2023-01-11 00:10:14] <xPokesterx> raaj is pissed
[2023-01-11 00:10:16] <%xitah99> GG EZ
[2023-01-11 00:10:17] <%+Aceattack> what a dog fight
[2023-01-11 00:10:17] <Sora_l> wp wp
[2023-01-11 00:10:24] <%islviking> wepe mistah cloudeh
[2023-01-11 00:10:25] <KnocksFPS> That was a comeback and a half
[2023-01-11 00:10:31] <@%sansaburo> Pog TOP500
[2023-01-11 00:10:31] <%xitah99> yeah their kiriko ult sucked I think
[2023-01-11 00:10:44] <grafn123> tru
[2023-01-11 00:10:52] <MakV2> kiriko saved u like 20 times
[2023-01-11 00:10:52] <Sshpongled> FeelsStrongMan  Clap
[2023-01-11 00:11:18] <arrow112233> O orisa no problem
[2023-01-11 00:11:19] <GIRLinMaleBody> supports doing their job KEKWait
[2023-01-11 00:11:43] <mickji1> thank u
[2023-01-11 00:11:45] <GIRLinMaleBody> how come we almost never que to yazan
[2023-01-11 00:11:52] <%MintJamz> Supports carry by not making mistakes in high elo
[2023-01-11 00:11:54] <@%sansaburo> ask for duo
[2023-01-11 00:11:57] VIEWERS: 392
[2023-01-11 00:12:00] <@%sansaburo> EZ
[2023-01-11 00:12:06] <@%sansaburo> !duo
[2023-01-11 00:12:06] <@^Nightbot> try !group
[2023-01-11 00:12:12] <@%sansaburo> !group
[2023-01-11 00:12:13] <@^Nightbot> Cloudy Bingo Raajaro and MrCatFlip
[2023-01-11 00:12:15] <finboda> why he haistad vittued u peepoSad
[2023-01-11 00:12:26] <@%sansaburo> group lol
[2023-01-11 00:12:52] <Sora_l> Vittu is such a wonderful word to hear
[2023-01-11 00:12:53] <finboda> stopbeingMean maybe let him win once
[2023-01-11 00:13:10] <GIRLinMaleBody> he has
[2023-01-11 00:13:17] <%$MetalysisYT> WORST TANK?
[2023-01-11 00:13:18] [Notification] owbeer subscribed at Tier 1. They've subscribed for 15 months!
[2023-01-11 00:13:33] <GIRLinMaleBody> jq
[2023-01-11 00:13:35] <monkeydnewtie> HeyGuys HeyGuys
[2023-01-11 00:13:50] <%$MetalysisYT> SIG IS SO OVERRATED LOL
[2023-01-11 00:13:57] VIEWERS: 392
[2023-01-11 00:14:11] <xPokesterx> sig = poke = noobs
[2023-01-11 00:14:46] <agiro01> what the doge cookin? PogChamp with the rank 1
[2023-01-11 00:15:04] <agiro01> time to get the doge
[2023-01-11 00:15:07] <agiro01> dethrone the doge
[2023-01-11 00:15:12] <GIRLinMaleBody> what is ur plan
[2023-01-11 00:15:32] <%islviking> educational rein?
[2023-01-11 00:15:35] <%islviking> plzzz
[2023-01-11 00:15:57] Viewerstats (23:47-00:15): avg:388 min:373 max:417 [15/417+0−26+0+0−9+0−9+0+7+0+0+12+0+0]
[2023-01-11 00:15:57] VIEWERS: 392
[2023-01-11 00:15:59] <Retaliator3> What is Rein?
[2023-01-11 00:16:02] <%$MetalysisYT> TOP 10 WITH NO REIN WILL BE MORE CHALLENGING SINCE REIN IS META PICK
[2023-01-11 00:16:03] <%islviking> yes papa cloudy
[2023-01-11 00:16:06] <%MintJamz> When is Rein
[2023-01-11 00:16:15] <Retaliator3> How is Rein
[2023-01-11 00:16:20] <%islviking> let us pray to reinguy
[2023-01-11 00:16:33] <Retaliator3> Why is rein
[2023-01-11 00:16:48] <%islviking> is reinhardy god?
[2023-01-11 00:16:52] <CammyyRD> Rein has feelings too
[2023-01-11 00:16:53] <%islviking> i tink so
[2023-01-11 00:16:53] <finboda> Chocolate Rein
[2023-01-11 00:17:15] <%islviking> im gonna be like rein when i get old
[2023-01-11 00:17:23] <CammyyRD> I've never been in a game with you it's annoying
[2023-01-11 00:17:31] <CammyyRD> Ive played with most
[2023-01-11 00:17:31] <@%billmcgreezy> Ronny Teahoney, how are you still stremaing.
[2023-01-11 00:17:35] <Retaliator3> Is rein viking?
[2023-01-11 00:17:41] <CammyyRD> I will soon
[2023-01-11 00:17:41] <%xitah99> If you don't play a role for many seasons, do you get deranked until bronze 5 or something?
[2023-01-11 00:17:43] <%islviking> yes
[2023-01-11 00:17:57] VIEWERS: 362
[2023-01-11 00:17:57] <%islviking> he is viking rein when i play him
[2023-01-11 00:18:07] <%islviking> we go crazyyyyy
[2023-01-11 00:18:13] <%mexqi> yooo sup cloudy u doing good?
[2023-01-11 00:18:15] <%islviking> like raiding a village
[2023-01-11 00:18:18] <Retaliator3> When will rein get married?
[2023-01-11 00:18:23] <xPokesterx> nah u stay plat
[2023-01-11 00:18:30] <@%billmcgreezy> rein stay on that grind
[2023-01-11 00:18:30] <CammyyRD> Support is fun
[2023-01-11 00:18:34] <%ian11232324> nah he gm
[2023-01-11 00:18:35] <%+Aceattack> i think they continue to decay but will be interesting to see
[2023-01-11 00:18:36] <GIRLinMaleBody> blizzard trying to ship rein brig
[2023-01-11 00:18:37] <%islviking> rein is gigachad
[2023-01-11 00:18:38] <CammyyRD> I'm main on supps
[2023-01-11 00:18:39] <raylx79> @islviking until you get to the village stables and the horse attacks
[2023-01-11 00:18:41] <CammyyRD> don say that
[2023-01-11 00:18:41] <xPokesterx> i didnt play one role last season and it stayed same rank
[2023-01-11 00:18:41] <%islviking> he no need wife
[2023-01-11 00:18:43] <Retaliator3> Rein has PTSD?
[2023-01-11 00:18:50] <CammyyRD> Boo
[2023-01-11 00:18:55] <xPokesterx> ow is bad
[2023-01-11 00:18:56] <xPokesterx> so
[2023-01-11 00:19:07] <%islviking> @raylx79 we go raid backline like is england
[2023-01-11 00:19:17] <%mexqi> geniunely asking. are you still playing rein when there's echo/bastion on their enemy??
[2023-01-11 00:19:25] <xPokesterx> if u decay more would be funny looking on ur profile
[2023-01-11 00:19:29] <raylx79> @islviking EZ
[2023-01-11 00:19:41] <%islviking> @raylx79 EZ MY BROTHER
[2023-01-11 00:19:51] <GIRLinMaleBody> i dont feel the dmg reduction as bastion turret
[2023-01-11 00:19:52] <%+Aceattack> your visual rank will be silver 5 and your mmr will be masters lol
[2023-01-11 00:19:57] <raylx79> REINLIFE
[2023-01-11 00:19:57] VIEWERS: 362
[2023-01-11 00:20:03] <%islviking> REINLIFE
[2023-01-11 00:20:23] <%islviking> what hero did u start on cloudy
[2023-01-11 00:20:28] <hgr126> just like dafran on diamond tank but queuing into top500 lmao
[2023-01-11 00:20:32] <%xitah99> Imagine not playing for a while and then showing up at a T500 game with a bronze 5 account KEKW
[2023-01-11 00:20:36] <%islviking> veri first ow hero
[2023-01-11 00:20:49] <xPokesterx> KEKW
[2023-01-11 00:20:55] <GIRLinMaleBody> I played hanzo in numbani
[2023-01-11 00:21:03] <@%billmcgreezy> do you remember when ChoHyoBin placed bronze lmao
[2023-01-11 00:21:09] <%islviking> i also mained engi in tf2
[2023-01-11 00:21:09] <m1lkshakey> it's because he's a swede don't lie :D
[2023-01-11 00:21:14] <%ian11232324> i thought zaray was your first
[2023-01-11 00:21:18] <%+Aceattack> for new to ow, torb used to throw armor packs and upgrade turrets
[2023-01-11 00:21:35] <%islviking> why they remove that?
[2023-01-11 00:21:37] <GIRLinMaleBody> it was crazy
[2023-01-11 00:21:38] <cadetoxton> yes, torb usually throws
[2023-01-11 00:21:41] <%ryloop> Cloudy is still streaming LETSGO
[2023-01-11 00:21:44] <@%billmcgreezy> he was really bad
[2023-01-11 00:21:48] <%islviking> figures
[2023-01-11 00:21:50] <@%billmcgreezy> Fuey500 elo terrorist
[2023-01-11 00:21:53] <GIRLinMaleBody> enemy pushes and u ult as torb, easy hold
[2023-01-11 00:21:54] <%ryloop> NOOO
[2023-01-11 00:21:58] VIEWERS: 368
[2023-01-11 00:22:10] <%islviking> torb dead plays of the game?
[2023-01-11 00:22:13] <raylx79> @ryloop unlucky PoroSad
[2023-01-11 00:22:15] <GIRLinMaleBody> throwing 50 armor nowadays could be op
[2023-01-11 00:22:16] <cadetoxton> its very moba
[2023-01-11 00:22:27] <%ryloop> @raylx79 lhcloudyFeelsbadman
[2023-01-11 00:22:34] <GIRLinMaleBody> ye it was aids
[2023-01-11 00:22:39] <%xitah99> "They have a shield generator"
[2023-01-11 00:22:45] <%islviking> most cancer thing ever in ow cloudy
[2023-01-11 00:22:45] <raylx79> catJAM
[2023-01-11 00:22:47] <GIRLinMaleBody> 250 hp sojourn with armor pepeCringe
[2023-01-11 00:22:51] <@%billmcgreezy> cloudy, where can we continue this great conversation about overwatch if your stream ends?
[2023-01-11 00:22:51] <monkeydnewtie> Dragon force <3
[2023-01-11 00:23:06] <@%billmcgreezy> carwarsh em, bitch
[2023-01-11 00:23:18] <GIRLinMaleBody> old sym m2 was going through shields
[2023-01-11 00:23:22] <@%billmcgreezy> !discord
[2023-01-11 00:23:22] <@^Nightbot> https://discord.gg/jd6CZSj8jb
[2023-01-11 00:23:25] <@%billmcgreezy> !youtube
[2023-01-11 00:23:25] <@^Nightbot> SMÄSH THAT LIKE AND SUBSCRIBE BUTTON -> https://www.youtube.com/channel/UC2CV-HWvIrMO4mUnYtNS-7A
[2023-01-11 00:23:26] <~%LhCloudy27> !youtube
[2023-01-11 00:23:29] <%islviking> good ppl
[2023-01-11 00:23:34] <@%billmcgreezy> lol do you guys remember when Sym had projectile shield
[2023-01-11 00:23:36] <%MxlanTV> cloudy wish you a good night later Im out have school tomorrow, enjoyed the stream today
[2023-01-11 00:23:38] <%islviking> in da discord
[2023-01-11 00:23:46] <%+madzebrah> do you still remember old orisa ult
[2023-01-11 00:23:50] <@%billmcgreezy> sym/torb were giga op on console though
[2023-01-11 00:23:53] <%MxlanTV> sure
[2023-01-11 00:23:55] <@%billmcgreezy> okay i have to walk the dog
[2023-01-11 00:23:58] <%MxlanTV> everytime
[2023-01-11 00:23:58] <GIRLinMaleBody> old orisa was few months ago
[2023-01-11 00:24:00] VIEWERS: 390
[2023-01-11 00:24:14] <xPokesterx> seace ur resistence
[2023-01-11 00:24:31] <%+madzebrah> old zarya charge was nuts
[2023-01-11 00:24:37] <raylx79> did anyone ask for bastion ult to be changed
[2023-01-11 00:24:44] <GIRLinMaleBody> no
[2023-01-11 00:24:54] <GIRLinMaleBody> tank was a scary ult
[2023-01-11 00:25:11] <GIRLinMaleBody> new ult is fun
[2023-01-11 00:25:14] <GIRLinMaleBody> but tank would be stronger
[2023-01-11 00:25:22] <%islviking> did you ever play any sport?
[2023-01-11 00:25:25] <%xitah99> bugged version was more fun
[2023-01-11 00:25:26] <raylx79> it was barely useful even when it was bugged LUL
[2023-01-11 00:25:54] <GIRLinMaleBody> it was 1 whole second before the bomb falls
[2023-01-11 00:25:59] <~%LhCloudy27> !discord
[2023-01-11 00:25:59] <@^Nightbot> https://discord.gg/jd6CZSj8jb
[2023-01-11 00:25:59] <%+madzebrah> gege
[2023-01-11 00:26:00] <%ryloop> gege
[2023-01-11 00:26:01] <%islviking> thats a gege
[2023-01-11 00:26:01] VIEWERS: 390
[2023-01-11 00:26:02] <%xitah99> gege
[2023-01-11 00:26:03] <%ryloop> glad i caught the end
[2023-01-11 00:26:07] <%ian11232324> gggggg
[2023-01-11 00:26:07] <%islviking> gege broder
[2023-01-11 00:26:07] <%d1vai> gege lhcloudyLove
[2023-01-11 00:26:07] <wiltsu__> geges
[2023-01-11 00:26:07] <raylx79> geges
[2023-01-11 00:26:08] <%ian11232324> gggggggggggggggggggg
[2023-01-11 00:26:09] <grafn123> gege
[2023-01-11 00:26:13] <%ian11232324> ok bye
[2023-01-11 00:26:14] <%islviking> gege
[2023-01-11 00:26:17] <apollo_x1> <3
[2023-01-11 00:26:29] <%ian11232324> chat Stare where do i go now
[2023-01-11 00:28:02] VIEWERS: 390
[2023-01-11 00:28:37] ~Stream offline~
[2023-01-11 00:30:21] <%Magicturtle12> Stare
[2023-01-11 00:46:17] Viewerstats (00:17-00:26): avg:374 min:362 max:390 [5/362+0+6+22+0_]
[2023-01-11 02:51:52] <w1tgiz> cmonBruh
[2023-01-11 12:48:30] [Notification] SenorLucifer subscribed with Prime.
# Log closed: 2023-01-11 15:04:37 +0100
-
