# Log started: 2023-01-01 03:12:07 +0100
[2023-01-01 03:12:07] <+foobar101010> !mouse
[2023-01-01 03:12:08] <@^Nightbot> Logitech PRO wireless superlight
[2023-01-01 03:12:14] <+foobar101010> !mousepad
[2023-01-01 03:12:14] <@^Nightbot> Equate Gaming Mouse Pad
[2023-01-01 03:12:18] <+foobar101010> !sens
[2023-01-01 03:12:18] <@^Nightbot> 800dpi  0.35 scope 1 ( scope toggle all )
[2023-01-01 03:23:36] <디준이 (dzun_)> !감도
[2023-01-01 03:23:36] <@^Nightbot> 800dpi 0.35  줌 감도 1
[2023-01-01 03:23:42] <디준이 (dzun_)> !마우스
[2023-01-01 03:23:42] <@^Nightbot> 로지텍 G pro wireless superlight
[2023-01-01 03:23:43] <디준이 (dzun_)> !마우스패드
[2023-01-01 03:23:43] <@^Nightbot> Equate Gaming Mouse Pad
[2023-01-01 03:23:46] <디준이 (dzun_)> !키보드
[2023-01-01 03:23:47] <@^Nightbot> 레이저 헌츠맨v2 텐키리스
[2023-01-01 03:23:48] <디준이 (dzun_)> !헤드셋
[2023-01-01 03:23:48] <@^Nightbot> sennheiser game one
[2023-01-01 03:23:49] <디준이 (dzun_)> !설정
[2023-01-01 03:23:49] <@^Nightbot> 렌더링 켜짐 / 나머지 다 낮음
[2023-01-01 03:23:54] <디준이 (dzun_)> !발로란트
[2023-01-01 03:23:56] <디준이 (dzun_)> !그래픽
[2023-01-01 03:23:59] <디준이 (dzun_)> !조준선
[2023-01-01 03:23:59] <@^Nightbot> 1 4 2 2
[2023-01-01 03:24:03] <디준이 (dzun_)> !commands
[2023-01-01 03:24:03] <@^Nightbot> @디준이 -> The bot commands for this channel are available at https://nightbot.tv/t/munchking/commands
[2023-01-01 03:24:08] <디준이 (dzun_)> !주총
[2023-01-01 11:23:47] <+atera6> !res
[2023-01-01 11:23:48] <@^Nightbot> 1440x1080
[2023-01-01 11:23:50] <+atera6> !crosshair
[2023-01-01 11:23:50] <@^Nightbot> 1 4 2 2
[2023-01-01 13:46:18] <suzuvl> !sens
[2023-01-01 13:46:18] <@^Nightbot> 800dpi  0.35 scope 1 ( scope toggle all )
[2023-01-01 13:46:21] <suzuvl> !res
[2023-01-01 13:46:22] <@^Nightbot> 1440x1080
[2023-01-01 13:46:29] <suzuvl> !commands
[2023-01-01 13:46:29] <@^Nightbot> @suzuvl -> The bot commands for this channel are available at https://nightbot.tv/t/munchking/commands
[2023-01-01 15:10:51] <suzuvl> !pc
[2023-01-01 15:43:32] <prxfortune> !settings
[2023-01-01 15:43:44] <prxfortune> !res
[2023-01-01 15:43:45] <@^Nightbot> 1440x1080
