# Log started: 2023-01-11 00:01:38 +0100
[2023-01-11 00:01:38] <washeddorito> Kreygasm
[2023-01-11 00:01:56] VIEWERS: 707
[2023-01-11 00:02:21] <jeaninou> <3
[2023-01-11 00:02:46] <@%^StreamElements>* Join the Discord for all stream updates, live notifications, and to interact with the community! discord.gg/Faith
[2023-01-11 00:03:57] VIEWERS: 668
[2023-01-11 00:05:18] <@%^StreamElements> Remember to follow the stream if you want to see more of Faith <3
[2023-01-11 00:05:46] <@%^StreamElements>* Join the Discord for all stream updates, live notifications, and to interact with the community! discord.gg/Faith
[2023-01-11 00:05:57] VIEWERS: 668
[2023-01-11 00:07:57] VIEWERS: 698
[2023-01-11 00:09:57] VIEWERS: 698
[2023-01-11 00:10:18] <fatimahfrance> <3
[2023-01-11 00:11:57] VIEWERS: 698
[2023-01-11 00:13:57] VIEWERS: 671
[2023-01-11 00:15:57] Viewerstats (23:47-00:15): avg:694 min:668 max:735 [15/696+39−28+0−16+0+16+0−39+0+30+0+0−27+0]
[2023-01-11 00:15:57] VIEWERS: 671
[2023-01-11 00:17:57] VIEWERS: 802
[2023-01-11 00:19:57] VIEWERS: 802
[2023-01-11 00:20:21] <korv25> <3 <3 <3
[2023-01-11 00:21:58] VIEWERS: 837
[2023-01-11 00:23:47] <internetlover24> faithSleep
[2023-01-11 00:24:00] VIEWERS: 837
[2023-01-11 00:25:34] <%martin13464> faithLove faithLove faithLove faithLove faithLove faithLove
[2023-01-11 00:25:55] <@%ohbadmattylacy> natalieWiggle natalieWiggle natalieWiggle natalieWiggle
[2023-01-11 00:26:01] VIEWERS: 837
[2023-01-11 00:26:04] <%martin13464> jmaximPeace jmaximPeace jmaximPeace jmaximPeace jmaximPeace
[2023-01-11 00:26:16] <@%^StreamElements> Remember to follow the stream if you want to see more of Faith <3
[2023-01-11 00:26:23] <%martin13464> looneFull looneFull looneFull looneFull looneFull looneFull
[2023-01-11 00:26:46] <@%^StreamElements>* Join the Discord for all stream updates, live notifications, and to interact with the community! discord.gg/Faith
[2023-01-11 00:27:16] <@%^StreamElements> ❗Check out all of Faith's social medias! ❗ http://www.faithttv.com/ http://www.faithttv.com/ http://www.faithttv.com/ http://www.faithttv.com/
[2023-01-11 00:28:02] VIEWERS: 808
[2023-01-11 00:29:16] <@%^StreamElements> Remember to follow the stream if you want to see more of Faith <3
[2023-01-11 00:29:47] <@%^StreamElements>* Join the Discord for all stream updates, live notifications, and to interact with the community! discord.gg/Faith
[2023-01-11 00:30:02] VIEWERS: 820
[2023-01-11 00:32:03] VIEWERS: 820
[2023-01-11 00:34:04] VIEWERS: 780
[2023-01-11 00:36:07] VIEWERS: 780
[2023-01-11 00:38:07] VIEWERS: 794
[2023-01-11 00:40:07] VIEWERS: 794
[2023-01-11 00:42:10] VIEWERS: 774
[2023-01-11 00:44:12] VIEWERS: 774
[2023-01-11 00:46:17] Viewerstats (00:17-00:46): avg:803 min:774 max:837 [15/802+0+35+0+0−29+12+0−40+0+14+0−20+0+16]
[2023-01-11 00:46:17] VIEWERS: 790
[2023-01-11 00:48:17] VIEWERS: 790
[2023-01-11 00:50:17] VIEWERS: 733
[2023-01-11 00:50:49] [Points] lbcm34 redeemed Unlurk (69)
[2023-01-11 00:51:13] <+Dumbbi69> andypCry
[2023-01-11 00:51:31] <sonyinte> SeemsGood
[2023-01-11 00:52:17] VIEWERS: 733
[2023-01-11 00:53:16] <@%^StreamElements> Remember to follow the stream if you want to see more of Faith <3
[2023-01-11 00:53:46] <@%^StreamElements>* Join the Discord for all stream updates, live notifications, and to interact with the community! discord.gg/Faith
[2023-01-11 00:54:22] VIEWERS: 733
[2023-01-11 00:56:16] <@%^StreamElements> Remember to follow the stream if you want to see more of Faith <3
[2023-01-11 00:56:22] VIEWERS: 704
[2023-01-11 00:57:16] <sonyinte> LUL LUL LUL LUL LUL LUL LUL SeemsGood
[2023-01-11 00:57:32] <Bonecrawl> vixenHA vixenHA vixenHA vixenHA vixenHA vixenHA
[2023-01-11 00:57:42] <sonyinte> SeemsGood SeemsGood SeemsGood SeemsGood SeemsGood
[2023-01-11 00:57:55] <sonyinte> <3 <3 <3
[2023-01-11 00:57:57] <Bonecrawl> juliaTiger juliaTiger juliaTiger juliaTiger juliaTiger juliaTiger juliaTiger
[2023-01-11 00:58:09] <!%dusdtrails> faithSad faithPrayge faithCozy faithSleep
[2023-01-11 00:58:14] <sonyinte> Kreygasm Kreygasm Kreygasm Kreygasm
[2023-01-11 00:58:22] VIEWERS: 704
[2023-01-11 00:58:29] <sonyinte> kaelly2Cute kaelly2Eat
[2023-01-11 00:58:42] <sonyinte> InuyoFace
[2023-01-11 00:58:51] <Bonecrawl> juliaChair juliaChair juliaChair juliaChair juliaChair juliaChair
[2023-01-11 00:59:13] <sonyinte> DxCat
[2023-01-11 00:59:16] <@%^StreamElements> ❗Check out all of Faith's social medias! ❗ http://www.faithttv.com/ http://www.faithttv.com/ http://www.faithttv.com/ http://www.faithttv.com/
[2023-01-11 00:59:42] <sonyinte> PicoMause TheTarFu
[2023-01-11 00:59:43] <basementdwellercheese> imfenn1Riptired imfenn1Riptired imfenn1Riptired imfenn1Riptired imfenn1Riptired
[2023-01-11 00:59:46] <@%^StreamElements> Remember to follow the stream if you want to see more of Faith <3
[2023-01-11 00:59:54] <Bonecrawl> juliaBruh juliaBruh juliaBruh juliaBruh
[2023-01-11 01:00:16] <@%^StreamElements>* Join the Discord for all stream updates, live notifications, and to interact with the community! discord.gg/Faith
[2023-01-11 01:00:24] VIEWERS: 655
[2023-01-11 01:00:33] <sonyinte> Kreygasm
[2023-01-11 01:00:56] <Bonecrawl> vixenLOVE vixenLOVE
[2023-01-11 01:01:02] <sonyinte> NomNom
[2023-01-11 01:01:31] <sonyinte> DxCat NomNom DatSheffy
[2023-01-11 01:02:07] <sonyinte> HolidayCookie
[2023-01-11 01:02:16] <@%^StreamElements> Remember to follow the stream if you want to see more of Faith <3
[2023-01-11 01:02:26] <sonyinte> GlitchCat
[2023-01-11 01:02:26] VIEWERS: 655
[2023-01-11 01:02:32] [Points] zadira_886 redeemed Lurk Mode (69)
[2023-01-11 01:02:46] <@%^StreamElements>* Join the Discord for all stream updates, live notifications, and to interact with the community! discord.gg/Faith
[2023-01-11 01:03:16] <@%^StreamElements> ❗Check out all of Faith's social medias! ❗ http://www.faithttv.com/ http://www.faithttv.com/ http://www.faithttv.com/ http://www.faithttv.com/
[2023-01-11 01:03:35] <sonyinte> HungryPaimon
[2023-01-11 01:03:36] <Bonecrawl> juliaHuh
[2023-01-11 01:04:04] <sonyinte> FallWinning GlitchCat
[2023-01-11 01:04:27] <sonyinte> HolidayCookie GlitchCat
[2023-01-11 01:04:27] VIEWERS: 677
[2023-01-11 01:05:00] <sonyinte> kaelly2Luffy
[2023-01-11 01:05:16] <@%^StreamElements> Remember to follow the stream if you want to see more of Faith <3
[2023-01-11 01:05:40] <sonyinte> kaelly2Chuckthebrave
[2023-01-11 01:05:46] <@%^StreamElements>* Join the Discord for all stream updates, live notifications, and to interact with the community! discord.gg/Faith
[2023-01-11 01:06:10] <sonyinte> kaelly2Girlz kaelly2Chuckthebrave
[2023-01-11 01:06:27] VIEWERS: 677
[2023-01-11 01:06:47] <Bonecrawl> dizzyHype dizzyHype
[2023-01-11 01:06:59] <sonyinte> kaelly2Macronie
[2023-01-11 01:07:16] <@%^StreamElements> ❗Check out all of Faith's social medias! ❗ http://www.faithttv.com/ http://www.faithttv.com/ http://www.faithttv.com/ http://www.faithttv.com/
[2023-01-11 01:07:19] <sonyinte> kaelly2Chuckthebrave kaelly2HYPE
[2023-01-11 01:07:50] <sonyinte> DarkKnight kaelly2Chucknorrisguns
[2023-01-11 01:07:57] [Points] raskhasss redeemed Blaze Break (420)
[2023-01-11 01:08:16] <sonyinte> kaelly2Panda
[2023-01-11 01:08:16] <@%^StreamElements> Remember to follow the stream if you want to see more of Faith <3
[2023-01-11 01:08:27] VIEWERS: 751
[2023-01-11 01:08:46] <@%^StreamElements>* Join the Discord for all stream updates, live notifications, and to interact with the community! discord.gg/Faith
[2023-01-11 01:10:28] VIEWERS: 751
[2023-01-11 01:11:16] <@%^StreamElements> ❗Check out all of Faith's social medias! ❗ http://www.faithttv.com/ http://www.faithttv.com/ http://www.faithttv.com/ http://www.faithttv.com/
[2023-01-11 01:11:18] <+Legion0nFIRE> pvtcor1Lovecorn pvtcor1Lovecorn pvtcor1Lovecorn pvtcor1Lovecorn pvtcor1Lovecorn pvtcor1Lovecorn
[2023-01-11 01:11:46] <@%^StreamElements> Remember to follow the stream if you want to see more of Faith <3
[2023-01-11 01:12:16] <@%^StreamElements>* Join the Discord for all stream updates, live notifications, and to interact with the community! discord.gg/Faith
[2023-01-11 01:12:29] VIEWERS: 689
[2023-01-11 01:14:32] VIEWERS: 719
[2023-01-11 01:16:32] Viewerstats (00:48-01:16): avg:712 min:655 max:790 [15/790−57+0+0−29+0−49+0+22+0+74+0−62+30+0]
[2023-01-11 01:16:32] VIEWERS: 719
[2023-01-11 01:17:49] <!%dusdtrails> faithh2Love
[2023-01-11 01:17:58] <!%dusdtrails> !give Faith all
[2023-01-11 01:17:58] <@%^StreamElements> dusdtrails gave 3000 Alpacas to faith PogChamp
[2023-01-11 01:18:32] VIEWERS: 792
[2023-01-11 01:20:13] [Points] dusdtrails redeemed Blaze Break (420)
[2023-01-11 01:20:16] <@%^StreamElements> Remember to follow the stream if you want to see more of Faith <3
[2023-01-11 01:20:26] <%franke1103> faithCozy faithCozy faithCozy
[2023-01-11 01:20:32] VIEWERS: 792
[2023-01-11 01:20:46] <@%^StreamElements>* Join the Discord for all stream updates, live notifications, and to interact with the community! discord.gg/Faith
[2023-01-11 01:20:47] <!%dusdtrails> peepoNight and Faith faithPrayge faithCozy faithSleep
[2023-01-11 01:22:32] VIEWERS: 809
[2023-01-11 01:23:16] <@%^StreamElements> ❗Check out all of Faith's social medias! ❗ http://www.faithttv.com/ http://www.faithttv.com/ http://www.faithttv.com/ http://www.faithttv.com/
[2023-01-11 01:23:46] <@%^StreamElements> Remember to follow the stream if you want to see more of Faith <3
[2023-01-11 01:24:16] <@%^StreamElements>* Join the Discord for all stream updates, live notifications, and to interact with the community! discord.gg/Faith
[2023-01-11 01:24:32] VIEWERS: 748
[2023-01-11 01:26:34] VIEWERS: 748
[2023-01-11 01:28:34] VIEWERS: 771
[2023-01-11 01:30:37] VIEWERS: 771
[2023-01-11 01:32:08] <~%Faith> <3
[2023-01-11 01:32:39] VIEWERS: 735
[2023-01-11 01:33:07] <!%dusdtrails> faithLove
[2023-01-11 01:34:42] VIEWERS: 735
[2023-01-11 01:35:16] <@%^StreamElements> Remember to follow the stream if you want to see more of Faith <3
[2023-01-11 01:35:46] <@%^StreamElements>* Join the Discord for all stream updates, live notifications, and to interact with the community! discord.gg/Faith
[2023-01-11 01:36:44] VIEWERS: 735
[2023-01-11 01:38:47] VIEWERS: 721
[2023-01-11 01:40:47] VIEWERS: 721
[2023-01-11 01:41:42] <!%acm4dino> Pog
[2023-01-11 01:42:48] VIEWERS: 721
[2023-01-11 01:44:48] VIEWERS: 758
[2023-01-11 01:44:50] <katzefrisstmaus> bodleiDance
[2023-01-11 01:45:37] <katzefrisstmaus> faithBlind
[2023-01-11 01:46:48] Viewerstats (01:18-01:46): avg:754 min:721 max:809 [15/792+0+17−61+0+23+0−36+0+0−14+0+0+37+0]
[2023-01-11 01:46:48] VIEWERS: 758
[2023-01-11 01:47:16] <@%^StreamElements> Remember to follow the stream if you want to see more of Faith <3
[2023-01-11 01:47:46] <@%^StreamElements>* Join the Discord for all stream updates, live notifications, and to interact with the community! discord.gg/Faith
[2023-01-11 01:48:48] VIEWERS: 747
[2023-01-11 01:50:48] VIEWERS: 747
[2023-01-11 01:52:48] VIEWERS: 747
[2023-01-11 01:53:25] [Points] freeworldbaby redeemed Lurk Mode (69)
[2023-01-11 01:54:48] VIEWERS: 758
[2023-01-11 01:56:48] VIEWERS: 758
[2023-01-11 01:58:48] VIEWERS: 728
[2023-01-11 02:00:48] VIEWERS: 728
[2023-01-11 02:02:51] VIEWERS: 740
[2023-01-11 02:03:26] <qegugdkcchc> faithGasm
[2023-01-11 02:04:53] VIEWERS: 740
[2023-01-11 02:06:02] <naxopepega> Kreygasm
[2023-01-11 02:06:28] [Points] qegugdkcchc redeemed Lurk Mode (69)
[2023-01-11 02:06:53] VIEWERS: 753
[2023-01-11 02:08:17] <@%^StreamElements> Remember to follow the stream if you want to see more of Faith <3
[2023-01-11 02:08:53] VIEWERS: 691
[2023-01-11 02:10:53] VIEWERS: 691
[2023-01-11 02:11:50] <snakepplissken> VoHiYo
[2023-01-11 02:12:53] VIEWERS: 726
[2023-01-11 02:14:58] VIEWERS: 726
[2023-01-11 02:16:58] Viewerstats (01:48-02:16): avg:733 min:691 max:758 [15/747+0+0+11+0−30+0+12+0+13−62+0+35+0+0]
[2023-01-11 02:16:58] VIEWERS: 726
[2023-01-11 02:17:09] <+xavii_volajuh> sukebaPipoLove sukebaPipoLove sukebaPipoLove
[2023-01-11 02:18:58] VIEWERS: 717
[2023-01-11 02:20:58] VIEWERS: 726
[2023-01-11 02:22:58] VIEWERS: 726
[2023-01-11 02:24:58] VIEWERS: 736
[2023-01-11 02:26:14] [Points] SoYouzTV redeemed Lurk Mode (69)
[2023-01-11 02:27:02] VIEWERS: 736
[2023-01-11 02:29:02] VIEWERS: 736
[2023-01-11 02:31:03] VIEWERS: 671
[2023-01-11 02:33:03] VIEWERS: 671
[2023-01-11 02:35:03] VIEWERS: 570
[2023-01-11 02:37:03] VIEWERS: 570
[2023-01-11 02:39:03] VIEWERS: 695
[2023-01-11 02:41:03] VIEWERS: 695
[2023-01-11 02:41:10] [Points] ismael262003 redeemed Lurk Mode (69)
[2023-01-11 02:43:03] VIEWERS: 658
[2023-01-11 02:45:03] VIEWERS: 658
[2023-01-11 02:47:03] Viewerstats (02:18-02:47): avg:679 min:570 max:736 [15/717+9+0+10+0+0−65+0−101+0+125+0−37+0−38]
[2023-01-11 02:47:03] VIEWERS: 620
[2023-01-11 02:49:03] VIEWERS: 620
[2023-01-11 02:51:03] VIEWERS: 667
[2023-01-11 02:53:03] VIEWERS: 667
[2023-01-11 02:55:03] VIEWERS: 629
[2023-01-11 02:57:03] VIEWERS: 629
[2023-01-11 02:57:19] <+seanlucero> VoHiYo
[2023-01-11 02:57:39] <+seanlucero> <3
[2023-01-11 02:59:03] VIEWERS: 629
[2023-01-11 02:59:17] <@%^StreamElements> Remember to follow the stream if you want to see more of Faith <3
[2023-01-11 02:59:46] <@%^StreamElements>* Join the Discord for all stream updates, live notifications, and to interact with the community! discord.gg/Faith
[2023-01-11 03:01:03] VIEWERS: 680
[2023-01-11 03:02:16] <@%^StreamElements> Remember to follow the stream if you want to see more of Faith <3
[2023-01-11 03:03:08] VIEWERS: 637
[2023-01-11 03:05:08] VIEWERS: 570
[2023-01-11 03:07:08] VIEWERS: 570
[2023-01-11 03:09:08] VIEWERS: 653
[2023-01-11 03:09:38] [Points] felipesierra27 redeemed Unlurk (69)
[2023-01-11 03:09:47] [Points] felipesierra27 redeemed Unlurk (69)
[2023-01-11 03:09:59] [Points] felipesierra27 redeemed Lurk Mode (69)
[2023-01-11 03:10:03] [Points] felipesierra27 redeemed Lurk Mode (69)
[2023-01-11 03:11:08] VIEWERS: 653
[2023-01-11 03:13:08] VIEWERS: 653
[2023-01-11 03:15:08] VIEWERS: 646
[2023-01-11 03:17:08] Viewerstats (02:49-03:17): avg:636 min:570 max:680 [15/620+47+0−38+0+0+51−43−67+0+83+0+0−7+0]
[2023-01-11 03:17:08] VIEWERS: 646
[2023-01-11 03:19:08] VIEWERS: 661
[2023-01-11 03:21:08] VIEWERS: 661
[2023-01-11 03:22:26] [Points] luke12gg redeemed Lurk Mode (69)
[2023-01-11 03:23:08] VIEWERS: 625
[2023-01-11 03:23:26] [Points] luke12gg redeemed Unlurk (69)
[2023-01-11 03:23:59] <luke12gg> ironmouseBUBIHEAD
[2023-01-11 03:25:08] VIEWERS: 657
[2023-01-11 03:27:08] VIEWERS: 657
[2023-01-11 03:29:09] VIEWERS: 672
[2023-01-11 03:31:09] VIEWERS: 672
[2023-01-11 03:33:09] VIEWERS: 663
[2023-01-11 03:35:09] VIEWERS: 663
[2023-01-11 03:37:09] VIEWERS: 663
[2023-01-11 03:39:14] VIEWERS: 653
[2023-01-11 03:41:14] VIEWERS: 653
[2023-01-11 03:43:14] VIEWERS: 645
[2023-01-11 03:45:14] VIEWERS: 633
[2023-01-11 03:47:14] Viewerstats (03:19-03:47): avg:654 min:625 max:672 [15/661+0−36+32+0+15+0−9+0+0−10+0−8−12+0]
[2023-01-11 03:47:14] VIEWERS: 633
[2023-01-11 03:49:14] VIEWERS: 633
[2023-01-11 03:51:14] VIEWERS: 640
[2023-01-11 03:53:14] VIEWERS: 640
[2023-01-11 03:55:14] VIEWERS: 640
[2023-01-11 03:57:14] VIEWERS: 631
[2023-01-11 03:59:14] VIEWERS: 631
[2023-01-11 04:01:14] VIEWERS: 621
[2023-01-11 04:03:14] VIEWERS: 621
[2023-01-11 04:05:14] VIEWERS: 621
[2023-01-11 04:07:14] VIEWERS: 572
[2023-01-11 04:08:40] <%franke1103> faithCozy faithCozy faithCozy
[2023-01-11 04:09:14] VIEWERS: 572
[2023-01-11 04:11:16] VIEWERS: 632
[2023-01-11 04:13:19] VIEWERS: 632
[2023-01-11 04:15:21] VIEWERS: 614
[2023-01-11 04:16:44] <basketball_bailey> SeemsGood
[2023-01-11 04:17:24] Viewerstats (03:49-04:17): avg:621 min:572 max:640 [15/633+7+0+0−9+0−10+0+0−49+0+60+0−18+8]
[2023-01-11 04:17:24] VIEWERS: 622
[2023-01-11 04:19:24] VIEWERS: 622
[2023-01-11 04:21:24] VIEWERS: 655
[2023-01-11 04:23:24] VIEWERS: 655
[2023-01-11 04:25:26] VIEWERS: 667
[2023-01-11 04:27:29] VIEWERS: 667
[2023-01-11 04:29:30] VIEWERS: 639
[2023-01-11 04:31:31] VIEWERS: 639
[2023-01-11 04:33:32] VIEWERS: 568
[2023-01-11 04:35:34] VIEWERS: 568
[2023-01-11 04:37:34] VIEWERS: 623
[2023-01-11 04:39:34] VIEWERS: 623
[2023-01-11 04:41:17] <drewstar83> HahaSweat
[2023-01-11 04:41:34] VIEWERS: 663
[2023-01-11 04:43:34] VIEWERS: 663
[2023-01-11 04:44:37] <Renatus_____> mikeliveButthead
[2023-01-11 04:45:34] VIEWERS: 663
[2023-01-11 04:46:11] <+VeoWFries> :)
[2023-01-11 04:46:34] <zeroxdeboii> SeemsGood
[2023-01-11 04:46:48] [Points] seneca_squaw redeemed Unlurk (69)
[2023-01-11 04:47:16] <@%^StreamElements> ❗Check out all of Faith's social medias! ❗ http://www.faithttv.com/ http://www.faithttv.com/ http://www.faithttv.com/ http://www.faithttv.com/
[2023-01-11 04:47:34] Viewerstats (04:19-04:47): avg:639 min:568 max:670 [15/622+33+0+12+0−28+0−71+0+55+0+40+0+0+7]
[2023-01-11 04:47:34] VIEWERS: 670
[2023-01-11 04:47:47] <@%^StreamElements> Remember to follow the stream if you want to see more of Faith <3
[2023-01-11 04:48:16] <@%^StreamElements>* Join the Discord for all stream updates, live notifications, and to interact with the community! discord.gg/Faith
[2023-01-11 04:49:02] <winston_game_> <3 <3 <3 <3 <3
[2023-01-11 04:49:39] VIEWERS: 670
[2023-01-11 04:50:16] <@%^StreamElements> Remember to follow the stream if you want to see more of Faith <3
[2023-01-11 04:50:47] <@%^StreamElements>* Join the Discord for all stream updates, live notifications, and to interact with the community! discord.gg/Faith
[2023-01-11 04:51:16] <@%^StreamElements> ❗Check out all of Faith's social medias! ❗ http://www.faithttv.com/ http://www.faithttv.com/ http://www.faithttv.com/ http://www.faithttv.com/
[2023-01-11 04:51:39] VIEWERS: 658
[2023-01-11 04:53:05] <winston_game_> VirtualHug VirtualHug VirtualHug
[2023-01-11 04:53:16] <@%^StreamElements> Remember to follow the stream if you want to see more of Faith <3
[2023-01-11 04:53:41] <winston_game_> bleedPurple bleedPurple
[2023-01-11 04:53:43] VIEWERS: 658
[2023-01-11 04:53:46] <@%^StreamElements>* Join the Discord for all stream updates, live notifications, and to interact with the community! discord.gg/Faith
[2023-01-11 04:55:44] [Points] winston_game_ redeemed Blaze Break (420)
[2023-01-11 04:55:44] VIEWERS: 649
[2023-01-11 04:56:17] <@%^StreamElements> Remember to follow the stream if you want to see more of Faith <3
[2023-01-11 04:56:47] <@%^StreamElements>* Join the Discord for all stream updates, live notifications, and to interact with the community! discord.gg/Faith
[2023-01-11 04:57:44] VIEWERS: 649
[2023-01-11 04:59:44] VIEWERS: 661
[2023-01-11 04:59:47] <armando_sotoo> FallHalp
[2023-01-11 05:01:44] VIEWERS: 643
[2023-01-11 05:03:44] VIEWERS: 643
[2023-01-11 05:05:44] VIEWERS: 604
[2023-01-11 05:07:45] VIEWERS: 604
[2023-01-11 05:09:45] VIEWERS: 648
[2023-01-11 05:11:46] VIEWERS: 648
[2023-01-11 05:13:48] VIEWERS: 656
[2023-01-11 05:15:48] VIEWERS: 704
[2023-01-11 05:17:50] Viewerstats (04:49-05:17): avg:653 min:604 max:704 [15/670−12+0−9+0+12−18+0−39+0+44+0+8+48+0]
[2023-01-11 05:17:50] VIEWERS: 704
[2023-01-11 05:18:29] [Points] 12TopGun12 redeemed Unlurk (69)
[2023-01-11 05:19:50] VIEWERS: 693
[2023-01-11 05:21:50] VIEWERS: 693
[2023-01-11 05:22:32] <gibranforex> <3 <3 <3 <3
[2023-01-11 05:23:54] VIEWERS: 617
[2023-01-11 05:25:08] <Crazydude2751> smidjHype
[2023-01-11 05:25:55] VIEWERS: 617
[2023-01-11 05:26:16] <@%^StreamElements> Remember to follow the stream if you want to see more of Faith <3
[2023-01-11 05:26:47] <@%^StreamElements>* Join the Discord for all stream updates, live notifications, and to interact with the community! discord.gg/Faith
[2023-01-11 05:27:55] VIEWERS: 625
[2023-01-11 05:29:55] VIEWERS: 625
[2023-01-11 05:31:55] VIEWERS: 625
[2023-01-11 05:33:55] VIEWERS: 618
[2023-01-11 05:34:15] <j52022> VoHiYo VoHiYo VoHiYo VoHiYo VoHiYo VoHiYo VoHiYo NotLikeThis NotLikeThis NotLikeThis NotLikeThis NotLikeThis NotLikeThis NotLikeThis NotLikeThis NotLikeThis
[2023-01-11 05:35:55] VIEWERS: 618
[2023-01-11 05:37:55] VIEWERS: 606
[2023-01-11 05:38:46] <user74814719484819481838> PogChamp
[2023-01-11 05:39:55] VIEWERS: 606
[2023-01-11 05:41:58] VIEWERS: 624
[2023-01-11 05:43:35] [Points] daddyissues10 redeemed Lurk Mode (69)
[2023-01-11 05:44:00] VIEWERS: 624
[2023-01-11 05:46:00] VIEWERS: 640
[2023-01-11 05:47:33] <strokingatthemomentt> ;) ;)
[2023-01-11 05:48:00] Viewerstats (05:19-05:48): avg:631 min:606 max:693 [15/693+0−76+0+8+0+0−7+0−12+0+18+0+16+0]
[2023-01-11 05:48:00] VIEWERS: 640
[2023-01-11 05:50:00] VIEWERS: 652
[2023-01-11 05:52:00] VIEWERS: 652
[2023-01-11 05:54:00] VIEWERS: 640
[2023-01-11 05:56:00] VIEWERS: 640
[2023-01-11 05:58:00] VIEWERS: 631
[2023-01-11 06:00:00] VIEWERS: 652
[2023-01-11 06:02:01] VIEWERS: 652
[2023-01-11 06:04:05] VIEWERS: 613
[2023-01-11 06:06:05] VIEWERS: 613
[2023-01-11 06:08:08] VIEWERS: 605
[2023-01-11 06:10:08] VIEWERS: 662
[2023-01-11 06:12:09] VIEWERS: 662
[2023-01-11 06:12:53] <jackturtles3> SMOrc
[2023-01-11 06:13:06] <jackturtles3> <3
[2023-01-11 06:13:57] <jackturtles3> TwitchRPG
[2023-01-11 06:14:09] VIEWERS: 632
[2023-01-11 06:14:17] <@%^StreamElements> Remember to follow the stream if you want to see more of Faith <3
[2023-01-11 06:14:46] <@%^StreamElements>* Join the Discord for all stream updates, live notifications, and to interact with the community! discord.gg/Faith
[2023-01-11 06:15:16] <@%^StreamElements> ❗Check out all of Faith's social medias! ❗ http://www.faithttv.com/ http://www.faithttv.com/ http://www.faithttv.com/ http://www.faithttv.com/
[2023-01-11 06:16:10] VIEWERS: 632
[2023-01-11 06:17:16] <@%^StreamElements> Remember to follow the stream if you want to see more of Faith <3
[2023-01-11 06:17:47] <@%^StreamElements>* Join the Discord for all stream updates, live notifications, and to interact with the community! discord.gg/Faith
[2023-01-11 06:18:10] Viewerstats (05:50-06:18): avg:640 min:605 max:671 [15/652+0−12+0−9+21+0−39+0−8+57+0−30+0+39]
[2023-01-11 06:18:10] VIEWERS: 671
[2023-01-11 06:20:10] VIEWERS: 601
[2023-01-11 06:22:10] VIEWERS: 601
[2023-01-11 06:23:57] <%xbuners> faithGG HeyGuys faithSmart faithLove faithSleep
[2023-01-11 06:24:10] VIEWERS: 618
[2023-01-11 06:25:38] [Points] fuzzyjones2xlc redeemed Blaze Break (420)
[2023-01-11 06:25:57] <%xbuners> pinkxsLurk faithHeadPat
[2023-01-11 06:26:12] VIEWERS: 618
[2023-01-11 06:26:16] <@%^StreamElements> Remember to follow the stream if you want to see more of Faith <3
[2023-01-11 06:26:18] [Points] xbuners redeemed Lurk Mode (69)
[2023-01-11 06:26:22] <@%JaySkott> catJAM
[2023-01-11 06:26:47] <@%^StreamElements>* Join the Discord for all stream updates, live notifications, and to interact with the community! discord.gg/Faith
[2023-01-11 06:27:17] <@%^StreamElements> ❗Check out all of Faith's social medias! ❗ http://www.faithttv.com/ http://www.faithttv.com/ http://www.faithttv.com/ http://www.faithttv.com/
[2023-01-11 06:28:12] VIEWERS: 618
[2023-01-11 06:29:16] <@%^StreamElements> Remember to follow the stream if you want to see more of Faith <3
[2023-01-11 06:29:47] <@%^StreamElements>* Join the Discord for all stream updates, live notifications, and to interact with the community! discord.gg/Faith
[2023-01-11 06:30:13] VIEWERS: 604
[2023-01-11 06:32:15] VIEWERS: 604
[2023-01-11 06:33:55] [Points] dylanchalmers_ redeemed Unlurk (69)
[2023-01-11 06:34:12] <Zlacko123> torkieB1 torkieB2 torkieB3
[2023-01-11 06:34:15] VIEWERS: 654
[2023-01-11 06:34:18] <%xbuners> jellybreeYes
[2023-01-11 06:34:24] <zoo_tokenslawl> cmonBruh
[2023-01-11 06:34:55] <zoo_tokenslawl> Kreygasm
[2023-01-11 06:35:16] <@%^StreamElements> ❗Check out all of Faith's social medias! ❗ http://www.faithttv.com/ http://www.faithttv.com/ http://www.faithttv.com/ http://www.faithttv.com/
[2023-01-11 06:35:47] <@%^StreamElements> Remember to follow the stream if you want to see more of Faith <3
[2023-01-11 06:36:15] VIEWERS: 654
[2023-01-11 06:36:16] <@%^StreamElements>* Join the Discord for all stream updates, live notifications, and to interact with the community! discord.gg/Faith
[2023-01-11 06:38:15] VIEWERS: 654
[2023-01-11 06:38:16] <@%^StreamElements> Remember to follow the stream if you want to see more of Faith <3
[2023-01-11 06:38:46] <@%^StreamElements>* Join the Discord for all stream updates, live notifications, and to interact with the community! discord.gg/Faith
[2023-01-11 06:39:16] <@%^StreamElements> ❗Check out all of Faith's social medias! ❗ http://www.faithttv.com/ http://www.faithttv.com/ http://www.faithttv.com/ http://www.faithttv.com/
[2023-01-11 06:39:21] <jplaysthegame> SeemsGood
[2023-01-11 06:39:39] <jplaysthegame> WutFace WutFace
[2023-01-11 06:40:18] VIEWERS: 633
[2023-01-11 06:41:17] <@%^StreamElements> Remember to follow the stream if you want to see more of Faith <3
[2023-01-11 06:41:47] <@%^StreamElements>* Join the Discord for all stream updates, live notifications, and to interact with the community! discord.gg/Faith
[2023-01-11 06:42:20] VIEWERS: 633
[2023-01-11 06:44:17] <@%^StreamElements> Remember to follow the stream if you want to see more of Faith <3
[2023-01-11 06:44:20] VIEWERS: 644
[2023-01-11 06:46:21] VIEWERS: 644
[2023-01-11 06:48:21] Viewerstats (06:20-06:48): avg:626 min:601 max:654 [15/601+0+17+0+0−14+0+50+0+0−21+0+11+0−21]
[2023-01-11 06:48:21] VIEWERS: 623
[2023-01-11 06:50:21] VIEWERS: 623
[2023-01-11 06:52:21] VIEWERS: 591
[2023-01-11 06:54:23] VIEWERS: 606
[2023-01-11 06:56:23] VIEWERS: 606
[2023-01-11 06:58:26] VIEWERS: 606
[2023-01-11 07:00:26] VIEWERS: 627
[2023-01-11 07:00:47] <jimmyvidivinci> OhMyDog
[2023-01-11 07:02:26] VIEWERS: 627
[2023-01-11 07:04:26] VIEWERS: 627
[2023-01-11 07:06:26] VIEWERS: 619
[2023-01-11 07:08:26] VIEWERS: 574
[2023-01-11 07:10:26] VIEWERS: 574
[2023-01-11 07:12:26] VIEWERS: 574
[2023-01-11 07:14:26] VIEWERS: 614
[2023-01-11 07:16:26] VIEWERS: 614
[2023-01-11 07:18:26] Viewerstats (06:50-07:18): avg:605 min:574 max:627 [15/623−32+15+0+0+21+0+0−8−45+0+0+40+0−15]
[2023-01-11 07:18:26] VIEWERS: 599
[2023-01-11 07:20:14] <~%Faith> I think I got food poisoning from the “medium rare” steak I had that was still breathing NotLikeThis
[2023-01-11 07:20:26] VIEWERS: 599
[2023-01-11 07:21:09] <~%Faith> faithPrayge that I feel better in time for stream I’m supposed to wake up in an hour rip
[2023-01-11 07:21:23] <zoo_tokenslawl> OpieOP
[2023-01-11 07:22:26] VIEWERS: 555
[2023-01-11 07:23:16] <@%^StreamElements> ❗Check out all of Faith's social medias! ❗ http://www.faithttv.com/ http://www.faithttv.com/ http://www.faithttv.com/ http://www.faithttv.com/
[2023-01-11 07:23:48] <@%^StreamElements> Remember to follow the stream if you want to see more of Faith <3
[2023-01-11 07:24:13] <lvl69scizor> <3 <3 <3
[2023-01-11 07:24:17] <@%^StreamElements>* Join the Discord for all stream updates, live notifications, and to interact with the community! discord.gg/Faith
[2023-01-11 07:24:28] VIEWERS: 555
[2023-01-11 07:25:47] [Points] freeworldbaby redeemed Lurk Mode (69)
[2023-01-11 07:26:17] <@%^StreamElements> Remember to follow the stream if you want to see more of Faith <3
[2023-01-11 07:26:31] VIEWERS: 599
[2023-01-11 07:28:31] VIEWERS: 599
[2023-01-11 07:30:31] VIEWERS: 590
[2023-01-11 07:32:31] VIEWERS: 590
[2023-01-11 07:34:31] VIEWERS: 628
[2023-01-11 07:36:31] VIEWERS: 604
[2023-01-11 07:38:31] VIEWERS: 604
[2023-01-11 07:39:41] <%bex4k> NomNom <3
[2023-01-11 07:40:34] VIEWERS: 614
[2023-01-11 07:42:34] VIEWERS: 614
[2023-01-11 07:44:35] VIEWERS: 622
[2023-01-11 07:46:19] <zoo_tokenslawl> MingLee
[2023-01-11 07:46:35] VIEWERS: 622
[2023-01-11 07:48:36] Viewerstats (07:20-07:48): avg:601 min:555 max:628 [15/599−44+0+44+0−9+0+38−24+0+10+0+8+0+0]
[2023-01-11 07:48:36] VIEWERS: 622
[2023-01-11 07:50:36] VIEWERS: 634
[2023-01-11 07:52:36] VIEWERS: 634
[2023-01-11 07:54:36] VIEWERS: 599
[2023-01-11 07:54:49] <+Bayouxx> FortOne
[2023-01-11 07:56:36] VIEWERS: 615
[2023-01-11 07:58:36] VIEWERS: 615
[2023-01-11 08:00:36] VIEWERS: 615
[2023-01-11 08:02:36] VIEWERS: 573
[2023-01-11 08:04:36] VIEWERS: 573
[2023-01-11 08:05:25] <gibranforex> <3 <3 <3 <3 <3
[2023-01-11 08:06:36] VIEWERS: 492
[2023-01-11 08:07:11] <phosphorlque> NotLikeThis SeemsGood
[2023-01-11 08:08:17] <@%^StreamElements> Remember to follow the stream if you want to see more of Faith <3
[2023-01-11 08:08:36] VIEWERS: 612
[2023-01-11 08:08:47] <@%^StreamElements>* Join the Discord for all stream updates, live notifications, and to interact with the community! discord.gg/Faith
[2023-01-11 08:10:36] VIEWERS: 612
[2023-01-11 08:12:04] [Points] tapasa123 redeemed Lurk Mode (69)
[2023-01-11 08:12:14] [Notification] c00ley subscribed with Prime.
[2023-01-11 08:12:14] <@%^StreamElements> c00ley just subscribed PogChamp
[2023-01-11 08:12:38] VIEWERS: 612
[2023-01-11 08:14:38] VIEWERS: 584
[2023-01-11 08:16:34] <shenizmm> LUL
[2023-01-11 08:16:41] VIEWERS: 584
[2023-01-11 08:18:41] Viewerstats (07:50-08:18): avg:595 min:492 max:634 [15/634+0−35+16+0+0−42+0−81+120+0+0−28+0+0]
[2023-01-11 08:18:41] VIEWERS: 584
[2023-01-11 08:20:25] <Psilocybonic> mcswooStretch
[2023-01-11 08:20:41] VIEWERS: 606
[2023-01-11 08:20:42] <lemur_wants_xo> s1mpleJoker s1mpleJoker s1mpleJoker s1mpleJoker s1mpleJoker s1mpleJoker
[2023-01-11 08:20:47] <@%^StreamElements>* Join the Discord for all stream updates, live notifications, and to interact with the community! discord.gg/Faith
[2023-01-11 08:22:02] <harreshxd> ModLove <3 PJSugar
[2023-01-11 08:22:06] <TSP247> SirUwU
[2023-01-11 08:22:41] VIEWERS: 606
[2023-01-11 08:23:17] <@%^StreamElements> ❗Check out all of Faith's social medias! ❗ http://www.faithttv.com/ http://www.faithttv.com/ http://www.faithttv.com/ http://www.faithttv.com/
[2023-01-11 08:23:47] <@%^StreamElements> Remember to follow the stream if you want to see more of Faith <3
[2023-01-11 08:24:17] <@%^StreamElements>* Join the Discord for all stream updates, live notifications, and to interact with the community! discord.gg/Faith
[2023-01-11 08:24:43] VIEWERS: 597
[2023-01-11 08:26:17] <@%^StreamElements> Remember to follow the stream if you want to see more of Faith <3
[2023-01-11 08:26:44] VIEWERS: 597
[2023-01-11 08:26:47] <@%^StreamElements>* Join the Discord for all stream updates, live notifications, and to interact with the community! discord.gg/Faith
[2023-01-11 08:28:47] VIEWERS: 597
[2023-01-11 08:30:47] VIEWERS: 597
[2023-01-11 08:32:39] <canadali12> HeyGuys HeyGuys HeyGuys HeyGuys
[2023-01-11 08:32:47] VIEWERS: 622
[2023-01-11 08:33:15] [Points] canadali12 redeemed Blaze Break (420)
[2023-01-11 08:33:49] <canadali12> cigdemEnayi cigdemEnayi cigdemEnayi cigdemEnayi cigdemEnayi cigdemWhat cigdemSip
[2023-01-11 08:34:02] <canadali12> cigdemW cigdemLUL
[2023-01-11 08:34:47] VIEWERS: 622
[2023-01-11 08:35:17] <@%^StreamElements> ❗Check out all of Faith's social medias! ❗ http://www.faithttv.com/ http://www.faithttv.com/ http://www.faithttv.com/ http://www.faithttv.com/
[2023-01-11 08:35:47] <@%^StreamElements> Remember to follow the stream if you want to see more of Faith <3
[2023-01-11 08:36:17] <@%^StreamElements>* Join the Discord for all stream updates, live notifications, and to interact with the community! discord.gg/Faith
[2023-01-11 08:36:47] VIEWERS: 622
[2023-01-11 08:38:17] <@%^StreamElements> Remember to follow the stream if you want to see more of Faith <3
[2023-01-11 08:38:47] VIEWERS: 608
[2023-01-11 08:38:48] <@%^StreamElements>* Join the Discord for all stream updates, live notifications, and to interact with the community! discord.gg/Faith
[2023-01-11 08:40:47] VIEWERS: 617
[2023-01-11 08:41:58] <sm1rnY111> BibleThump BibleThump BibleThump BibleThump BibleThump
[2023-01-11 08:42:47] VIEWERS: 617
[2023-01-11 08:44:47] VIEWERS: 617
[2023-01-11 08:46:47] VIEWERS: 627
[2023-01-11 08:48:47] Viewerstats (08:20-08:48): avg:611 min:597 max:627 [15/606+0−9+0+0+0+25+0+0−14+9+0+0+10+0]
[2023-01-11 08:48:47] VIEWERS: 627
[2023-01-11 08:50:47] VIEWERS: 639
[2023-01-11 08:52:47] VIEWERS: 639
[2023-01-11 08:54:47] VIEWERS: 623
[2023-01-11 08:56:47] VIEWERS: 623
[2023-01-11 08:58:47] VIEWERS: 623
[2023-01-11 09:00:52] VIEWERS: 598
[2023-01-11 09:02:52] VIEWERS: 598
[2023-01-11 09:04:08] <fizzz369> BibleThump BibleThump BibleThump
[2023-01-11 09:04:54] VIEWERS: 537
[2023-01-11 09:06:57] VIEWERS: 487
[2023-01-11 09:08:30] <%franke1103> faithCozy faithCozy faithCozy
[2023-01-11 09:08:54] <@%^StreamElements>* Join the Discord for all stream updates, live notifications, and to interact with the community! discord.gg/Faith
[2023-01-11 09:08:57] VIEWERS: 487
[2023-01-11 09:09:14] [Points] skull_998 redeemed Lurk Mode (69)
[2023-01-11 09:10:19] [Points] clout477 redeemed Blaze Break (420)
[2023-01-11 09:10:57] VIEWERS: 615
[2023-01-11 09:12:57] VIEWERS: 615
[2023-01-11 09:14:39] [Points] skull_998 redeemed Unlurk (69)
[2023-01-11 09:14:54] [Points] skull_998 redeemed Unlurk (69)
[2023-01-11 09:14:58] VIEWERS: 615
[2023-01-11 09:16:59] VIEWERS: 623
[2023-01-11 09:19:00] Viewerstats (08:50-09:19): avg:596 min:487 max:639 [15/639+0−16+0+0−25+0−61−50+0+128+0+0+8+0]
[2023-01-11 09:19:00] VIEWERS: 623
[2023-01-11 09:21:02] VIEWERS: 602
[2023-01-11 09:22:51] <slushplush12> BibleThump BibleThump BibleThump BibleThump BibleThump BibleThump
[2023-01-11 09:23:02] VIEWERS: 602
[2023-01-11 09:25:02] VIEWERS: 602
[2023-01-11 09:27:02] VIEWERS: 611
[2023-01-11 09:27:12] <Trainwreckstv> <3
[2023-01-11 09:28:28] <monssef_xd> VoHiYo
[2023-01-11 09:29:02] VIEWERS: 611
[2023-01-11 09:29:17] <@%^StreamElements> Remember to follow the stream if you want to see more of Faith <3
[2023-01-11 09:29:40] <frsan1> RaccAttack
[2023-01-11 09:29:47] <@%^StreamElements>* Join the Discord for all stream updates, live notifications, and to interact with the community! discord.gg/Faith
[2023-01-11 09:30:21] <%franke1103> faithUwu faithUwu faithUwu
[2023-01-11 09:30:26] <frsan1> RaccAttack
[2023-01-11 09:31:04] VIEWERS: 560
[2023-01-11 09:31:17] <@%^StreamElements> ❗Check out all of Faith's social medias! ❗ http://www.faithttv.com/ http://www.faithttv.com/ http://www.faithttv.com/ http://www.faithttv.com/
[2023-01-11 09:32:17] <@%^StreamElements> Remember to follow the stream if you want to see more of Faith <3
[2023-01-11 09:32:47] <@%^StreamElements>* Join the Discord for all stream updates, live notifications, and to interact with the community! discord.gg/Faith
[2023-01-11 09:33:06] VIEWERS: 560
[2023-01-11 09:35:07] VIEWERS: 582
[2023-01-11 09:35:17] <@%^StreamElements> Remember to follow the stream if you want to see more of Faith <3
[2023-01-11 09:37:07] VIEWERS: 582
[2023-01-11 09:39:07] VIEWERS: 623
[2023-01-11 09:41:07] VIEWERS: 623
[2023-01-11 09:42:27] <Jemily69> CaitlynS
[2023-01-11 09:43:07] VIEWERS: 583
[2023-01-11 09:45:07] VIEWERS: 583
[2023-01-11 09:47:07] VIEWERS: 583
[2023-01-11 09:49:07] Viewerstats (09:21-09:49): avg:595 min:560 max:627 [15/602+0+0+9+0−51+0+22+0+41+0−40+0+0+44]
[2023-01-11 09:49:07] VIEWERS: 627
[2023-01-11 09:51:07] VIEWERS: 627
[2023-01-11 09:53:07] VIEWERS: 659
[2023-01-11 09:55:07] VIEWERS: 659
[2023-01-11 09:57:09] VIEWERS: 667
[2023-01-11 09:57:39] <!%dusdtrails> faithSad faithHey faithHug2
[2023-01-11 09:57:44] <!%dusdtrails> faithPrayge faithCozy faithSleep <3
[2023-01-11 09:59:11] VIEWERS: 667
[2023-01-11 09:59:17] <@%^StreamElements> Remember to follow the stream if you want to see more of Faith <3
[2023-01-11 09:59:47] <@%^StreamElements>* Join the Discord for all stream updates, live notifications, and to interact with the community! discord.gg/Faith
[2023-01-11 10:01:11] VIEWERS: 686
[2023-01-11 10:02:17] <@%^StreamElements> Remember to follow the stream if you want to see more of Faith <3
[2023-01-11 10:02:47] <@%^StreamElements>* Join the Discord for all stream updates, live notifications, and to interact with the community! discord.gg/Faith
[2023-01-11 10:03:11] VIEWERS: 686
[2023-01-11 10:05:11] VIEWERS: 586
[2023-01-11 10:05:14] [Points] driks4 redeemed Unlurk (69)
[2023-01-11 10:05:19] [Points] driks4 redeemed Lurk Mode (69)
[2023-01-11 10:05:21] [Points] driks4 redeemed Unlurk (69)
[2023-01-11 10:05:23] [Points] driks4 redeemed Lurk Mode (69)
[2023-01-11 10:07:12] VIEWERS: 586
[2023-01-11 10:09:13] VIEWERS: 673
[2023-01-11 10:11:16] VIEWERS: 673
[2023-01-11 10:13:17] VIEWERS: 646
[2023-01-11 10:15:18] VIEWERS: 646
[2023-01-11 10:16:53] <ne_on1410> MaxLOL
[2023-01-11 10:17:18] VIEWERS: 694
[2023-01-11 10:18:06] <%xbuners> NewRecord
[2023-01-11 10:19:18] Viewerstats (09:51-10:19): avg:656 min:586 max:694 [15/627+32+0+8+0+19+0−100+0+87+0−27+0+48+0]
[2023-01-11 10:19:18] VIEWERS: 694
[2023-01-11 10:19:42] [Points] im_txred redeemed Lurk Mode (69)
[2023-01-11 10:20:17] <@%^StreamElements> Remember to follow the stream if you want to see more of Faith <3
[2023-01-11 10:20:30] <%xbuners> LUL LUL
[2023-01-11 10:20:47] <@%^StreamElements>* Join the Discord for all stream updates, live notifications, and to interact with the community! discord.gg/Faith
[2023-01-11 10:21:18] VIEWERS: 714
[2023-01-11 10:22:08] <%xbuners> faithNom faithSip
[2023-01-11 10:23:17] <@%^StreamElements> ❗Check out all of Faith's social medias! ❗ http://www.faithttv.com/ http://www.faithttv.com/ http://www.faithttv.com/ http://www.faithttv.com/
[2023-01-11 10:23:19] VIEWERS: 714
[2023-01-11 10:23:47] <@%^StreamElements> Remember to follow the stream if you want to see more of Faith <3
[2023-01-11 10:23:55] <~%Faith> I’m still food poisoning af :(
[2023-01-11 10:24:17] <@%^StreamElements>* Join the Discord for all stream updates, live notifications, and to interact with the community! discord.gg/Faith
[2023-01-11 10:25:20] VIEWERS: 591
[2023-01-11 10:26:01] <%xbuners> faithHug2 <3
[2023-01-11 10:26:17] <@%^StreamElements> Remember to follow the stream if you want to see more of Faith <3
[2023-01-11 10:26:47] <@%^StreamElements>* Join the Discord for all stream updates, live notifications, and to interact with the community! discord.gg/Faith
[2023-01-11 10:26:54] <%xbuners> faithPrayge
[2023-01-11 10:27:17] <@%^StreamElements> ❗Check out all of Faith's social medias! ❗ http://www.faithttv.com/ http://www.faithttv.com/ http://www.faithttv.com/ http://www.faithttv.com/
[2023-01-11 10:27:21] VIEWERS: 591
[2023-01-11 10:28:51] <%franke1103> faithSad faithSad faithSad faithSad
[2023-01-11 10:29:17] <@%^StreamElements> Remember to follow the stream if you want to see more of Faith <3
[2023-01-11 10:29:21] VIEWERS: 718
[2023-01-11 10:29:47] <@%^StreamElements>* Join the Discord for all stream updates, live notifications, and to interact with the community! discord.gg/Faith
[2023-01-11 10:31:17] <@%^StreamElements> ❗Check out all of Faith's social medias! ❗ http://www.faithttv.com/ http://www.faithttv.com/ http://www.faithttv.com/ http://www.faithttv.com/
[2023-01-11 10:31:23] VIEWERS: 718
[2023-01-11 10:33:04] [Notification] CptKrunch152 subscribed with Prime. They've subscribed for 13 months!
[2023-01-11 10:33:04] <@%^StreamElements> CptKrunch152 just subscribed for 13 months in a row PogChamp
[2023-01-11 10:33:23] VIEWERS: 718
[2023-01-11 10:35:23] VIEWERS: 718
[2023-01-11 10:37:24] VIEWERS: 702
[2023-01-11 10:38:43] <!%dusdtrails> food poison!?! what did Mc Ds do? 😞
[2023-01-11 10:39:26] VIEWERS: 702
[2023-01-11 10:41:28] VIEWERS: 702
[2023-01-11 10:43:28] VIEWERS: 702
[2023-01-11 10:43:45] <~%Faith> @dusdtrails it was an actual restaurant I think but I also threw up the lunch I ate during ASMR so I wasn’t even digesting all day
[2023-01-11 10:43:58] <~%Faith> Makes sense for why I felt so frickin weird with no explanation
[2023-01-11 10:44:01] <%PooBoyTV> pooboyHearts pooboyHearts pooboyHearts
[2023-01-11 10:44:17] <@%^StreamElements> Remember to follow the stream if you want to see more of Faith <3
[2023-01-11 10:44:18] <!%acm4dino> faithPrayge
[2023-01-11 10:44:29] <%PooBoyTV> pooboyShrimp pooboyShrimp pooboyShrimp
[2023-01-11 10:44:38] <~%Faith> I’ll change the go live time when when I can move to my pc but I’m stuck at toilet :(
[2023-01-11 10:44:47] <@%^StreamElements>* Join the Discord for all stream updates, live notifications, and to interact with the community! discord.gg/Faith
[2023-01-11 10:44:53] <~%Faith> I feel so sick what the heck Sadge
[2023-01-11 10:44:58] <!%acm4dino> faithLove @Faith take care of yourself first
[2023-01-11 10:45:28] VIEWERS: 674
[2023-01-11 10:45:59] <!%acm4dino> !give faith all the power ups faithPrayge
[2023-01-11 10:45:59] <@%^StreamElements> acm4dino gave 27600 Alpacas to faith PogChamp
[2023-01-11 10:47:17] <@%^StreamElements> ❗Check out all of Faith's social medias! ❗ http://www.faithttv.com/ http://www.faithttv.com/ http://www.faithttv.com/ http://www.faithttv.com/
[2023-01-11 10:47:28] VIEWERS: 674
[2023-01-11 10:47:47] <@%^StreamElements> Remember to follow the stream if you want to see more of Faith <3
[2023-01-11 10:48:17] <@%^StreamElements>* Join the Discord for all stream updates, live notifications, and to interact with the community! discord.gg/Faith
[2023-01-11 10:48:37] <!%dusdtrails> 😞 I felt bad cuz I fell asleep to heavenly ASMR. sorry you're not feeling well faithSad  Take all the time you need n rest faithHug2 faithPrayge faithCozy
[2023-01-11 10:48:37] <~%Faith> I hope that I can hold down this water faithPrayge
[2023-01-11 10:49:25] <~%Faith> @dusdtrails don’t feel bad, food positing is also such a freak thing I always stick to my same foods :(
[2023-01-11 10:49:28] Viewerstats (10:21-10:49): avg:689 min:591 max:718 [15/714+0−123+0+127+0+0+0−16+0+0+0−28+0+29]
[2023-01-11 10:49:28] VIEWERS: 703
[2023-01-11 10:49:35] <%PooBoyTV> pooboyBigSads pooboyBigSads pooboyBigSads
[2023-01-11 10:49:46] <!%acm4dino> faithPrayge
[2023-01-11 10:50:17] <@%^StreamElements> Remember to follow the stream if you want to see more of Faith <3
[2023-01-11 10:50:47] <@%^StreamElements>* Join the Discord for all stream updates, live notifications, and to interact with the community! discord.gg/Faith
[2023-01-11 10:50:47] <!%dusdtrails> wtb Faith her own personal chef
[2023-01-11 10:51:17] <@%^StreamElements> ❗Check out all of Faith's social medias! ❗ http://www.faithttv.com/ http://www.faithttv.com/ http://www.faithttv.com/ http://www.faithttv.com/
[2023-01-11 10:51:33] VIEWERS: 703
[2023-01-11 10:53:17] <@%^StreamElements> Remember to follow the stream if you want to see more of Faith <3
[2023-01-11 10:53:33] VIEWERS: 691
[2023-01-11 10:53:47] <@%^StreamElements>* Join the Discord for all stream updates, live notifications, and to interact with the community! discord.gg/Faith
[2023-01-11 10:55:35] VIEWERS: 698
[2023-01-11 10:57:36] VIEWERS: 698
[2023-01-11 10:57:58] <+Velvex> bearerBounce bearerBounce
[2023-01-11 10:59:37] VIEWERS: 716
[2023-01-11 11:00:26] <~%Faith> I don’t wanna be a downer to chat so I’m just going to be afk for a min, I can’t even hold down water right now, please send me all the good healthy vibes :(
[2023-01-11 11:01:37] VIEWERS: 716
[2023-01-11 11:02:17] <@%^StreamElements> Remember to follow the stream if you want to see more of Faith <3
[2023-01-11 11:02:45] <!%dusdtrails> faithExcited faithExcited faithExcited faithEZ faithCute faithSmart faithHeadPat
[2023-01-11 11:02:47] <@%^StreamElements>* Join the Discord for all stream updates, live notifications, and to interact with the community! discord.gg/Faith
[2023-01-11 11:03:17] <@%^StreamElements> ❗Check out all of Faith's social medias! ❗ http://www.faithttv.com/ http://www.faithttv.com/ http://www.faithttv.com/ http://www.faithttv.com/
[2023-01-11 11:03:19] <!%dusdtrails> you got this Faith. all healthy vibes be give to you
[2023-01-11 11:03:38] VIEWERS: 695
[2023-01-11 11:04:23] <Joonychu> PotFriend
[2023-01-11 11:04:39] <+owen_w79> fireda7Fire fireda7Fire fireda7Fire fireda7Fire fireda7Fire fireda7Fire fireda7Fire
[2023-01-11 11:05:17] <@%^StreamElements> Remember to follow the stream if you want to see more of Faith <3
[2023-01-11 11:05:38] VIEWERS: 695
[2023-01-11 11:05:47] <@%^StreamElements>* Join the Discord for all stream updates, live notifications, and to interact with the community! discord.gg/Faith
[2023-01-11 11:06:25] <+owen_w79> fireda7Fire fireda7Fire fireda7Fire fireda7Fire fireda7Fire fireda7Fire
[2023-01-11 11:07:17] <@%^StreamElements> ❗Check out all of Faith's social medias! ❗ http://www.faithttv.com/ http://www.faithttv.com/ http://www.faithttv.com/ http://www.faithttv.com/
[2023-01-11 11:07:38] VIEWERS: 695
[2023-01-11 11:08:17] <@%^StreamElements> Remember to follow the stream if you want to see more of Faith <3
[2023-01-11 11:08:47] <@%^StreamElements>* Join the Discord for all stream updates, live notifications, and to interact with the community! discord.gg/Faith
[2023-01-11 11:09:41] VIEWERS: 682
[2023-01-11 11:11:42] VIEWERS: 682
[2023-01-11 11:13:43] VIEWERS: 702
[2023-01-11 11:15:43] VIEWERS: 702
[2023-01-11 11:17:44] VIEWERS: 702
[2023-01-11 11:19:14] <!%dusdtrails> back to work and send out some feel better coupons maybe when I'm off 😮
[2023-01-11 11:19:48] Viewerstats (10:51-11:19): avg:697 min:679 max:716 [15/703−12+7+0+18+0−21+0+0−13+0+20+0+0−23]
[2023-01-11 11:19:48] VIEWERS: 679
[2023-01-11 11:20:43] <+Sharp155> Kreygasm Kreygasm Kreygasm Kreygasm Kreygasm Kreygasm Kreygasm Kreygasm Kreygasm Kreygasm Kreygasm Kreygasm Kreygasm Kreygasm Kreygasm Kreygasm Kreygasm Kreygasm Kreygasm Kreygasm Kreygasm Kreygasm Kreygasm Kreygasm
[2023-01-11 11:21:48] VIEWERS: 679
[2023-01-11 11:23:17] <@%^StreamElements> Remember to follow the stream if you want to see more of Faith <3
[2023-01-11 11:23:47] <@%^StreamElements>* Join the Discord for all stream updates, live notifications, and to interact with the community! discord.gg/Faith
[2023-01-11 11:23:48] VIEWERS: 679
[2023-01-11 11:25:48] VIEWERS: 669
[2023-01-11 11:27:48] VIEWERS: 669
[2023-01-11 11:29:48] VIEWERS: 676
[2023-01-11 11:31:48] VIEWERS: 676
[2023-01-11 11:32:50] <filip_jud3> PJSalt PJSalt
[2023-01-11 11:33:48] VIEWERS: 676
[2023-01-11 11:35:48] VIEWERS: 685
[2023-01-11 11:36:41] <born_to_slay228> HeyGuys HeyGuys
[2023-01-11 11:37:51] VIEWERS: 685
[2023-01-11 11:39:51] VIEWERS: 646
[2023-01-11 11:41:51] VIEWERS: 646
[2023-01-11 11:43:53] VIEWERS: 714
[2023-01-11 11:45:53] VIEWERS: 714
[2023-01-11 11:47:53] VIEWERS: 714
[2023-01-11 11:48:27] <+Micky_4L> yoshi93kieee
[2023-01-11 11:49:54] Viewerstats (11:21-11:49): avg:681 min:646 max:714 [15/679+0−10+0+7+0+0+9+0−39+0+68+0+0−20]
[2023-01-11 11:49:54] VIEWERS: 694
[2023-01-11 11:51:54] VIEWERS: 730
[2023-01-11 11:52:57] <%bryannnxz> faithExcited
[2023-01-11 11:53:17] <@%^StreamElements> Remember to follow the stream if you want to see more of Faith <3
[2023-01-11 11:53:55] VIEWERS: 730
[2023-01-11 11:55:55] VIEWERS: 721
[2023-01-11 11:57:55] VIEWERS: 721
[2023-01-11 11:59:55] VIEWERS: 739
[2023-01-11 12:01:58] VIEWERS: 728
[2023-01-11 12:03:59] VIEWERS: 728
[2023-01-11 12:06:00] VIEWERS: 686
[2023-01-11 12:08:02] VIEWERS: 686
[2023-01-11 12:08:34] <+Micky_4L> yoshi93kieee
[2023-01-11 12:10:02] VIEWERS: 722
[2023-01-11 12:12:03] VIEWERS: 722
[2023-01-11 12:14:04] VIEWERS: 709
[2023-01-11 12:14:42] <rusty_recluse> ammoFroggers ammoFroggers ammoFroggers ammoFroggers ammoFroggers ammoFroggers ammoFroggers ammoFroggers
[2023-01-11 12:16:06] VIEWERS: 709
[2023-01-11 12:18:06] VIEWERS: 650
[2023-01-11 12:18:08] <!%dusdtrails> 🤟 MercyWing1 faithPrayge MercyWing2
[2023-01-11 12:19:48] <!%dusdtrails> 🥗 faithSip🚰
[2023-01-11 12:20:07] Viewerstats (11:51-12:20): avg:708 min:650 max:739 [15/730+0−9+0+18−11+0−42+0+36+0−13+0−59+0]
[2023-01-11 12:20:07] VIEWERS: 650
[2023-01-11 12:20:17] <@%^StreamElements> Remember to follow the stream if you want to see more of Faith <3
[2023-01-11 12:20:47] <@%^StreamElements>* Join the Discord for all stream updates, live notifications, and to interact with the community! discord.gg/Faith
[2023-01-11 12:21:35] <kovski666> cristianaHeartanime
[2023-01-11 12:22:09] VIEWERS: 691
[2023-01-11 12:23:17] <@%^StreamElements> ❗Check out all of Faith's social medias! ❗ http://www.faithttv.com/ http://www.faithttv.com/ http://www.faithttv.com/ http://www.faithttv.com/
[2023-01-11 12:23:47] <@%^StreamElements> Remember to follow the stream if you want to see more of Faith <3
[2023-01-11 12:24:09] VIEWERS: 691
[2023-01-11 12:24:17] <@%^StreamElements>* Join the Discord for all stream updates, live notifications, and to interact with the community! discord.gg/Faith
[2023-01-11 12:26:09] VIEWERS: 708
[2023-01-11 12:28:09] VIEWERS: 708
[2023-01-11 12:30:09] VIEWERS: 700
[2023-01-11 12:32:10] VIEWERS: 700
[2023-01-11 12:34:14] VIEWERS: 718
[2023-01-11 12:35:51] <@%JaySkott> sick streamer?
[2023-01-11 12:36:14] VIEWERS: 718
[2023-01-11 12:38:01] <!%dusdtrails> 🤒🤗💗❤️‍🔥💗💜 <3
[2023-01-11 12:38:14] VIEWERS: 708
[2023-01-11 12:38:17] <@%^StreamElements> Remember to follow the stream if you want to see more of Faith <3
[2023-01-11 12:38:47] <@%^StreamElements>* Join the Discord for all stream updates, live notifications, and to interact with the community! discord.gg/Faith
[2023-01-11 12:40:16] VIEWERS: 708
[2023-01-11 12:42:17] VIEWERS: 721
[2023-01-11 12:43:48] <@%Lam8y> @JaySkott sick of your shit Kappa
[2023-01-11 12:44:17] VIEWERS: 721
[2023-01-11 12:44:52] <@%JaySkott> PepeLaugh
[2023-01-11 12:46:19] VIEWERS: 694
[2023-01-11 12:46:34] <@%JaySkott> hear that lamby? she's talking about you in the vod right now
[2023-01-11 12:47:02] <@%Lam8y> What'd she say angelicHmm
[2023-01-11 12:47:17] <@%^StreamElements> ❗Check out all of Faith's social medias! ❗ http://www.faithttv.com/ http://www.faithttv.com/ http://www.faithttv.com/ http://www.faithttv.com/
[2023-01-11 12:47:26] <@%JaySkott> "People can be normal in chat for so long then they come in and just say fuckin weird shit for no reason" OMEGALUL
[2023-01-11 12:47:29] <@%JaySkott> YOU OMEGALUL
[2023-01-11 12:47:35] <@%Lam8y> woah woah woah
[2023-01-11 12:47:39] <@%Lam8y> that's 100% you
[2023-01-11 12:47:44] <@%JaySkott> meeE??
[2023-01-11 12:47:47] <@%^StreamElements> Remember to follow the stream if you want to see more of Faith <3
[2023-01-11 12:47:54] <@%Lam8y> I aint said no weird shit here cmonBruh
[2023-01-11 12:47:55] <@%Lam8y> YES
[2023-01-11 12:47:56] <@%Lam8y> YOU
[2023-01-11 12:47:57] <@%Lam8y> !!!
[2023-01-11 12:47:57] <@%JaySkott> my brother in christ its you to a T
[2023-01-11 12:48:17] <@%^StreamElements>* Join the Discord for all stream updates, live notifications, and to interact with the community! discord.gg/Faith
[2023-01-11 12:48:18] <@%Lam8y> Find something then Kappa
[2023-01-11 12:48:19] VIEWERS: 694
[2023-01-11 12:48:42] <@%JaySkott> 12/7/2021: Lam8y: Get one of those silicon boob things like gator has and send them a photo of that EZ
[2023-01-11 12:49:02] <@%Lam8y> Nothing weird about that in context cmonBruh
[2023-01-11 12:49:10] <@%JaySkott> mmmmmhmmm
[2023-01-11 12:49:20] <@%JaySkott> PepeLaugh
[2023-01-11 12:50:17] <@%^StreamElements> Remember to follow the stream if you want to see more of Faith <3
[2023-01-11 12:50:19] Viewerstats (12:22-12:50): avg:706 min:691 max:721 [15/691+0+17+0−8+0+18+0−10+0+13+0−27+0+17]
[2023-01-11 12:50:19] VIEWERS: 711
[2023-01-11 12:50:47] <@%^StreamElements>* Join the Discord for all stream updates, live notifications, and to interact with the community! discord.gg/Faith
[2023-01-11 12:51:17] <@%^StreamElements> ❗Check out all of Faith's social medias! ❗ http://www.faithttv.com/ http://www.faithttv.com/ http://www.faithttv.com/ http://www.faithttv.com/
[2023-01-11 12:52:21] VIEWERS: 711
[2023-01-11 12:53:17] <@%^StreamElements> Remember to follow the stream if you want to see more of Faith <3
[2023-01-11 12:53:47] <@%^StreamElements>* Join the Discord for all stream updates, live notifications, and to interact with the community! discord.gg/Faith
[2023-01-11 12:54:22] VIEWERS: 719
[2023-01-11 12:56:22] VIEWERS: 719
[2023-01-11 12:58:24] VIEWERS: 758
[2023-01-11 12:59:52] <!%dusdtrails> faithCozy faithPrayge faithCalm MercyWing1 faithCute MercyWing2
[2023-01-11 13:00:03] <bunfren> ronn7Comfi
[2023-01-11 13:00:24] VIEWERS: 758
[2023-01-11 13:02:17] <@%^StreamElements> Remember to follow the stream if you want to see more of Faith <3
[2023-01-11 13:02:24] VIEWERS: 758
[2023-01-11 13:02:47] <@%^StreamElements>* Join the Discord for all stream updates, live notifications, and to interact with the community! discord.gg/Faith
[2023-01-11 13:04:24] VIEWERS: 738
[2023-01-11 13:04:26] [Points] stein076800 redeemed Unlurk (69)
[2023-01-11 13:06:25] VIEWERS: 738
[2023-01-11 13:07:41] [Points] astolfs24 redeemed Lurk Mode (69)
[2023-01-11 13:07:43] <longlive_zhude> kirbepKnifekirby
[2023-01-11 13:07:54] <%astolfs24> faithCalm faithCalm
[2023-01-11 13:08:17] <@%^StreamElements> Remember to follow the stream if you want to see more of Faith <3
[2023-01-11 13:08:26] VIEWERS: 720
[2023-01-11 13:08:47] <@%^StreamElements>* Join the Discord for all stream updates, live notifications, and to interact with the community! discord.gg/Faith
[2023-01-11 13:10:26] VIEWERS: 720
[2023-01-11 13:11:17] <@%^StreamElements> Remember to follow the stream if you want to see more of Faith <3
[2023-01-11 13:11:47] <@%^StreamElements>* Join the Discord for all stream updates, live notifications, and to interact with the community! discord.gg/Faith
[2023-01-11 13:12:28] VIEWERS: 750
[2023-01-11 13:14:29] VIEWERS: 750
[2023-01-11 13:14:56] <!%dusdtrails> 😮
[2023-01-11 13:16:20] <Lovemetallicinhd> KAPOW
[2023-01-11 13:16:29] VIEWERS: 750
[2023-01-11 13:17:17] <@%^StreamElements> Remember to follow the stream if you want to see more of Faith <3
[2023-01-11 13:17:47] <@%^StreamElements>* Join the Discord for all stream updates, live notifications, and to interact with the community! discord.gg/Faith
[2023-01-11 13:18:29] VIEWERS: 687
[2023-01-11 13:20:29] Viewerstats (12:52-13:20): avg:730 min:687 max:758 [15/711+8+0+39+0+0−20+0−18+0+30+0+0−63+0]
[2023-01-11 13:20:29] VIEWERS: 687
[2023-01-11 13:22:06] [Points] dusdtrails redeemed Blaze Break (420)
[2023-01-11 13:22:29] VIEWERS: 764
[2023-01-11 13:24:01] [Points] legov95 redeemed Unlurk (69)
[2023-01-11 13:24:29] VIEWERS: 764
[2023-01-11 13:26:29] VIEWERS: 808
[2023-01-11 13:28:31] VIEWERS: 808
[2023-01-11 13:28:38] <gabip987> GivePLZ
[2023-01-11 13:30:32] VIEWERS: 789
[2023-01-11 13:32:33] VIEWERS: 789
[2023-01-11 13:34:34] VIEWERS: 816
[2023-01-11 13:36:37] VIEWERS: 816
[2023-01-11 13:36:56] [Points] nickpalle25 redeemed Unlurk (69)
[2023-01-11 13:38:37] VIEWERS: 841
[2023-01-11 13:39:07] [Points] maccheronipasta04 redeemed Lurk Mode (69)
[2023-01-11 13:39:14] [Points] maccheronipasta04 redeemed Unlurk (69)
[2023-01-11 13:40:37] VIEWERS: 841
[2023-01-11 13:42:39] VIEWERS: 821
[2023-01-11 13:44:40] VIEWERS: 821
[2023-01-11 13:46:40] VIEWERS: 795
[2023-01-11 13:48:40] VIEWERS: 795
[2023-01-11 13:50:31] [Points] pkpalipkp redeemed Unlurk (69)
[2023-01-11 13:50:36] [Points] pkpalipkp redeemed Lurk Mode (69)
[2023-01-11 13:50:39] [Points] pkpalipkp redeemed Unlurk (69)
[2023-01-11 13:50:40] Viewerstats (13:22-13:50): avg:806 min:764 max:841 [15/764+0+44+0−19+0+27+0+25+0−20+0−26+0+33]
[2023-01-11 13:50:40] VIEWERS: 828
[2023-01-11 13:50:41] [Points] pkpalipkp redeemed Lurk Mode (69)
[2023-01-11 13:52:41] VIEWERS: 828
[2023-01-11 13:52:41] [Points] bookas__ redeemed Lurk Mode (69)
[2023-01-11 13:54:04] <!%dusdtrails> Spread it like peanut butter jelly, and visualize it. Faith takes away those sad feeling blues.
[2023-01-11 13:54:23] <ramandeepsinghbajwa99999> HeyGuys
[2023-01-11 13:54:38] [Points] bookas__ redeemed Lurk Mode (69)
[2023-01-11 13:54:41] VIEWERS: 845
[2023-01-11 13:56:17] <@%^StreamElements> Remember to follow the stream if you want to see more of Faith <3
[2023-01-11 13:56:43] VIEWERS: 814
[2023-01-11 13:56:47] <@%^StreamElements>* Join the Discord for all stream updates, live notifications, and to interact with the community! discord.gg/Faith
[2023-01-11 13:58:14] [Points] Joe1998_ redeemed Lurk Mode (69)
[2023-01-11 13:58:45] VIEWERS: 814
[2023-01-11 14:00:45] VIEWERS: 847
[2023-01-11 14:01:01] <Jb_McCabe> HypeCheer HypeCheer
[2023-01-11 14:02:47] VIEWERS: 847
[2023-01-11 14:04:47] VIEWERS: 796
[2023-01-11 14:06:47] VIEWERS: 796
[2023-01-11 14:08:49] VIEWERS: 830
[2023-01-11 14:10:07] <V_T_V> HeyGuys
[2023-01-11 14:10:49] VIEWERS: 830
[2023-01-11 14:12:49] VIEWERS: 845
[2023-01-11 14:14:50] VIEWERS: 845
[2023-01-11 14:16:41] [Points] gustav3656 redeemed Lurk Mode (69)
[2023-01-11 14:16:49] [Points] gustav3656 redeemed Unlurk (69)
[2023-01-11 14:16:50] VIEWERS: 785
[2023-01-11 14:18:50] VIEWERS: 785
[2023-01-11 14:18:54] <Bombiillla> PrideCute
[2023-01-11 14:19:19] <Bombiillla> tanBye
[2023-01-11 14:19:35] [Points] gustav3656 redeemed Unlurk (69)
[2023-01-11 14:19:49] [Points] gustav3656 redeemed Lurk Mode (69)
[2023-01-11 14:20:09] <Bombiillla> tanOPEX tanROFL
[2023-01-11 14:20:18] <@%^StreamElements> Remember to follow the stream if you want to see more of Faith <3
[2023-01-11 14:20:47] <@%^StreamElements>* Join the Discord for all stream updates, live notifications, and to interact with the community! discord.gg/Faith
[2023-01-11 14:20:52] Viewerstats (13:52-14:20): avg:819 min:785 max:847 [15/828+17−31+0+33+0−51+0+34+0+15+0−60+0+0]
[2023-01-11 14:20:52] VIEWERS: 785
[2023-01-11 14:21:07] <Bombiillla> jenseBlush
[2023-01-11 14:22:30] <Bombiillla> jessuVibes jenseFrosya
[2023-01-11 14:22:45] <%JayZhuang> <3 <3 <3 <3 <3
[2023-01-11 14:22:52] VIEWERS: 820
[2023-01-11 14:23:17] <@%^StreamElements> ❗Check out all of Faith's social medias! ❗ http://www.faithttv.com/ http://www.faithttv.com/ http://www.faithttv.com/ http://www.faithttv.com/
[2023-01-11 14:23:22] <Bombiillla> seredaNike
[2023-01-11 14:23:35] <%djmbbandie> faithDerpy faithDerpy faithDerpy
[2023-01-11 14:23:48] <@%^StreamElements> Remember to follow the stream if you want to see more of Faith <3
[2023-01-11 14:24:08] <Bombiillla> seredaAngel jenseHYPE
[2023-01-11 14:24:17] <@%^StreamElements>* Join the Discord for all stream updates, live notifications, and to interact with the community! discord.gg/Faith
[2023-01-11 14:24:53] VIEWERS: 820
[2023-01-11 14:25:10] <Bombiillla> wlgHype wlgBall
[2023-01-11 14:25:49] <Bombiillla> wlgPetwlg
[2023-01-11 14:26:06] <Bombiillla> tanVasya
[2023-01-11 14:26:17] <@%^StreamElements> Remember to follow the stream if you want to see more of Faith <3
[2023-01-11 14:26:47] <@%^StreamElements>* Join the Discord for all stream updates, live notifications, and to interact with the community! discord.gg/Faith
[2023-01-11 14:26:49] <DogMagiqueleMatouMateur> PowerUpL tontonBAJ PowerUpR
[2023-01-11 14:26:53] VIEWERS: 859
[2023-01-11 14:27:12] <Bombiillla> tanAaa jessuChefkiss
[2023-01-11 14:27:17] <@%^StreamElements> ❗Check out all of Faith's social medias! ❗ http://www.faithttv.com/ http://www.faithttv.com/ http://www.faithttv.com/ http://www.faithttv.com/
[2023-01-11 14:27:48] <Bombiillla> jessuHype
[2023-01-11 14:28:08] <Bombiillla> miaivuCool jessuJes jessuSu
[2023-01-11 14:28:54] <Bombiillla> jessuBuffl jessuHearthands jessuBuffr
[2023-01-11 14:28:55] VIEWERS: 859
[2023-01-11 14:29:17] <@%^StreamElements> Remember to follow the stream if you want to see more of Faith <3
[2023-01-11 14:29:30] <Bombiillla> jessuCoom
[2023-01-11 14:29:47] <@%^StreamElements>* Join the Discord for all stream updates, live notifications, and to interact with the community! discord.gg/Faith
[2023-01-11 14:29:51] <Bombiillla> jessuBelle
[2023-01-11 14:30:51] <Bombiillla> wlgSmile
[2023-01-11 14:30:55] VIEWERS: 859
[2023-01-11 14:31:17] <@%^StreamElements> ❗Check out all of Faith's social medias! ❗ http://www.faithttv.com/ http://www.faithttv.com/ http://www.faithttv.com/ http://www.faithttv.com/
[2023-01-11 14:31:36] <Bombiillla> wlgMood
[2023-01-11 14:32:17] <@%^StreamElements> Remember to follow the stream if you want to see more of Faith <3
[2023-01-11 14:32:44] <Bombiillla> wlg10
[2023-01-11 14:32:47] <@%^StreamElements>* Join the Discord for all stream updates, live notifications, and to interact with the community! discord.gg/Faith
[2023-01-11 14:32:55] VIEWERS: 820
[2023-01-11 14:33:05] <Bombiillla> tanWTF
[2023-01-11 14:33:33] <Bombiillla> jenseSave
[2023-01-11 14:34:56] VIEWERS: 820
[2023-01-11 14:35:01] <Bombiillla> cirAngy
[2023-01-11 14:35:17] <@%^StreamElements> ❗Check out all of Faith's social medias! ❗ http://www.faithttv.com/ http://www.faithttv.com/ http://www.faithttv.com/ http://www.faithttv.com/
[2023-01-11 14:35:47] <@%^StreamElements> Remember to follow the stream if you want to see more of Faith <3
[2023-01-11 14:35:57] <Bombiillla> AppaK tanBye
[2023-01-11 14:36:17] <@%^StreamElements>* Join the Discord for all stream updates, live notifications, and to interact with the community! discord.gg/Faith
[2023-01-11 14:36:57] VIEWERS: 872
[2023-01-11 14:38:17] <@%^StreamElements> Remember to follow the stream if you want to see more of Faith <3
[2023-01-11 14:38:47] <@%^StreamElements>* Join the Discord for all stream updates, live notifications, and to interact with the community! discord.gg/Faith
[2023-01-11 14:38:58] VIEWERS: 872
[2023-01-11 14:40:58] VIEWERS: 858
[2023-01-11 14:42:11] [Points] aemerxy redeemed Unlurk (69)
[2023-01-11 14:42:59] VIEWERS: 858
[2023-01-11 14:45:00] VIEWERS: 820
[2023-01-11 14:47:00] VIEWERS: 820
[2023-01-11 14:49:01] VIEWERS: 820
[2023-01-11 14:51:02] Viewerstats (14:22-14:51): avg:837 min:785 max:872 [15/820+0+39+0+0−39+0+52+0−14+0−38+0+0−35]
[2023-01-11 14:51:02] VIEWERS: 785
[2023-01-11 14:51:10] <@%ohbadmattylacy> !gamble 666
[2023-01-11 14:51:10] <@%^StreamElements>* ohbadmattylacy lost 666 Alpacas in roulette and now has 437558 Alpacas! FeelsBadMan
[2023-01-11 14:51:26] <!%dusdtrails> !give Faith all
[2023-01-11 14:51:26] <@%^StreamElements> dusdtrails gave 8100 Alpacas to faith PogChamp
[2023-01-11 14:51:30] <~%Faith> Tummy still fkd :(
[2023-01-11 14:52:21] [Points] linkerage redeemed Blaze Break (420)
[2023-01-11 14:53:02] VIEWERS: 785
[2023-01-11 14:53:04] <!%dusdtrails> faithSad
[2023-01-11 14:53:17] <@%^StreamElements> Remember to follow the stream if you want to see more of Faith <3
[2023-01-11 14:53:47] <@%^StreamElements>* Join the Discord for all stream updates, live notifications, and to interact with the community! discord.gg/Faith
[2023-01-11 14:54:15] <spoare> <3
[2023-01-11 14:54:16] <!%dusdtrails> take your time to rest. rerun Faith next best thing and always willing to step in
[2023-01-11 14:55:05] VIEWERS: 850
[2023-01-11 14:55:17] <@%^StreamElements> ❗Check out all of Faith's social medias! ❗ http://www.faithttv.com/ http://www.faithttv.com/ http://www.faithttv.com/ http://www.faithttv.com/
[2023-01-11 14:55:46] [Points] linkerage redeemed Blaze Break (420)
[2023-01-11 14:56:17] <@%^StreamElements> Remember to follow the stream if you want to see more of Faith <3
[2023-01-11 14:56:32] [Points] fireqeeg redeemed Unlurk (69)
[2023-01-11 14:56:41] [Points] fireqeeg redeemed Lurk Mode (69)
[2023-01-11 14:56:48] <@%^StreamElements>* Join the Discord for all stream updates, live notifications, and to interact with the community! discord.gg/Faith
[2023-01-11 14:57:06] VIEWERS: 837
[2023-01-11 14:57:34] <!%dusdtrails> bananas, cereal/ oatmeal, honey, j-ello suppose to help. I wouldn't recommend any caffeine 😞
[2023-01-11 14:59:08] VIEWERS: 837
[2023-01-11 14:59:17] <@%^StreamElements> ❗Check out all of Faith's social medias! ❗ http://www.faithttv.com/ http://www.faithttv.com/ http://www.faithttv.com/ http://www.faithttv.com/
[2023-01-11 14:59:47] <@%^StreamElements> Remember to follow the stream if you want to see more of Faith <3
[2023-01-11 15:01:08] VIEWERS: 824
[2023-01-11 15:03:10] VIEWERS: 791
[2023-01-11 15:04:37] Viewerstats (14:53-15:03): avg:820 min:785 max:850 [6/785+65−13+0−13−33]
# Log closed: 2023-01-11 15:04:37 +0100
-
