# Log started: 2023-01-06 00:14:44 +0100
[2023-01-06 00:14:44] <0ctodonut> !merch
[2023-01-06 00:14:44] <@%^Nightbot> New genshin merch drop! Collaboration with one of the best artist in Genshin community, Alice Vu (https://twitter.com/AliceVu134) https://marpple.shop/tenha
[2023-01-06 09:17:09] <Jalverz> !hutao
[2023-01-06 09:17:09] <@%^Nightbot> Hutao build https://youtu.be/DHvU6WGklu0
[2023-01-06 10:57:38] <%11WMango> VolumeAnim
[2023-01-06 12:32:11] <@%$KiddoKimi> ppL
[2023-01-06 12:33:02] <%RichanXD> Waiting
[2023-01-06 12:34:32] <@%$KiddoKimi> Starege
[2023-01-06 12:35:06] <@%^Nightbot> If you want to see Tenha's stats, you can type !(character's name).
[2023-01-06 12:36:06] <@%^Nightbot> YOU ASKED FOR IT, GO DOWNLOAD NIKKE TODAY https://bit.ly/nikke-Tenha AND USE THE CODE NIKKEmodernia
[2023-01-06 12:50:59] <@%$KiddoKimi> 10 more minutes monkaE
[2023-01-06 12:52:34] <@%$KiddoKimi> https://www.youtube.com/watch?v=KTBR0Q_mdcQ
[2023-01-06 12:52:50] <@%$KiddoKimi> hey YT frogs
[2023-01-06 12:52:59] <@%$KiddoKimi> dont forget to follow tenha at twitch
[2023-01-06 12:53:06] <@%$KiddoKimi> YEP
[2023-01-06 12:53:38] <ikigaishini> tenhaTea
[2023-01-06 12:54:26] <@%FlameBow45_> shaft
[2023-01-06 12:55:05] <@%^Nightbot> If you want to see Tenha's stats, you can type !(character's name).
[2023-01-06 12:56:05] <@%^Nightbot> YOU ASKED FOR IT, GO DOWNLOAD NIKKE TODAY https://bit.ly/nikke-Tenha AND USE THE CODE NIKKEmodernia
[2023-01-06 12:57:11] <%RichanXD> peepoHey
[2023-01-06 13:10:58] <%$clonetech> OhYes
[2023-01-06 13:13:55] <%exosgoddess> !codes
[2023-01-06 13:14:00] <%exosgoddess> modCheck
[2023-01-06 13:15:11] <@%^Nightbot> If you want to see Tenha's stats, you can type !(character's name).
[2023-01-06 13:16:06] <@%^Nightbot> YOU ASKED FOR IT, GO DOWNLOAD NIKKE TODAY https://bit.ly/nikke-Tenha AND USE THE CODE NIKKEmodernia
[2023-01-06 13:16:19] <@%$KiddoKimi> !addcom !codes NS8TUVJYR4UH NSQTVCKYRMDM
[2023-01-06 13:16:19] <@%^Nightbot> @KiddoKimi -> The command "!codes" has been added successfully.
[2023-01-06 13:17:06] <@%^Nightbot> Join the discord to hang out with 420 people! there are 69 active chatters right now! https://discord.gg/CcP6RfA
[2023-01-06 13:17:55] <%exosgoddess> thnks kimii
[2023-01-06 13:20:09] <@%^Nightbot> If you want to see Tenha's stats, you can type !(character's name).
[2023-01-06 13:21:06] <@%^Nightbot> YOU ASKED FOR IT, GO DOWNLOAD NIKKE TODAY https://bit.ly/nikke-Tenha AND USE THE CODE NIKKEmodernia
[2023-01-06 13:23:19] <%RichanXD> SoCute
[2023-01-06 13:32:30] <%RichanXD> pogg
[2023-01-06 13:32:45] <@%$KiddoKimi> !editcom !codes NS8TUVJYR4UH NSQTVCKYRMDM LB8SDUJYQ4V9
[2023-01-06 13:32:45] <@%^Nightbot> @KiddoKimi -> The command "!codes" has been edited successfully.
[2023-01-06 13:32:52] <%$clonetech> xdding
[2023-01-06 13:33:07] <%exosgoddess> Chatting pogg
[2023-01-06 13:35:09] <@%^Nightbot> If you want to see Tenha's stats, you can type !(character's name).
[2023-01-06 13:36:08] <@%^Nightbot> YOU ASKED FOR IT, GO DOWNLOAD NIKKE TODAY https://bit.ly/nikke-Tenha AND USE THE CODE NIKKEmodernia
[2023-01-06 14:04:32] <@%$KiddoKimi> disgust
[2023-01-06 14:05:13] <%RichanXD> disgust
[2023-01-06 14:05:23] <%RichanXD> pogg
[2023-01-06 14:06:07] <@%^Nightbot> If you want to see Tenha's stats, you can type !(character's name).
[2023-01-06 14:10:08] <@%^Nightbot> If you want to see Tenha's stats, you can type !(character's name).
[2023-01-06 14:13:53] <%$clonetech> Essaying
[2023-01-06 14:13:59] <%$clonetech> disgust
[2023-01-06 14:15:10] <@%^Nightbot> If you want to see Tenha's stats, you can type !(character's name).
[2023-01-06 14:16:07] <@%^Nightbot> YOU ASKED FOR IT, GO DOWNLOAD NIKKE TODAY https://bit.ly/nikke-Tenha AND USE THE CODE NIKKEmodernia
[2023-01-06 14:17:06] <@%^Nightbot> Join the discord to hang out with 420 people! there are 69 active chatters right now! https://discord.gg/CcP6RfA
[2023-01-06 14:18:48] <@%$KiddoKimi> !ganyu
[2023-01-06 14:18:49] <@%^Nightbot> GANYU PHONE REVIEW: https://www.youtube.com/watch?v=HfNNMlAH26A || GANYU EARPHONE REVIEW: https://www.youtube.com/watch?v=KjUp3hNAt64
[2023-01-06 14:18:49] <@^StreamElements> Tenha's current Ganyu build : https://youtu.be/Swz4bOmCnks
[2023-01-06 14:20:10] <@%^Nightbot> If you want to see Tenha's stats, you can type !(character's name).
[2023-01-06 14:21:07] <@%^Nightbot> YOU ASKED FOR IT, GO DOWNLOAD NIKKE TODAY https://bit.ly/nikke-Tenha AND USE THE CODE NIKKEmodernia
[2023-01-06 14:27:25] <@%$KiddoKimi> !merch
[2023-01-06 14:27:25] <@%^Nightbot> New genshin merch drop! Collaboration with one of the best artist in Genshin community, Alice Vu (https://twitter.com/AliceVu134) https://marpple.shop/tenha
[2023-01-06 14:28:30] <@%$KiddoKimi> anis can look at me with disgust all day
[2023-01-06 14:29:04] <@%$KiddoKimi> back to dendro domain Despairge
[2023-01-06 14:30:14] <@%^Nightbot> If you want to see Tenha's stats, you can type !(character's name).
[2023-01-06 14:31:08] <@%^Nightbot> YOU ASKED FOR IT, GO DOWNLOAD NIKKE TODAY https://bit.ly/nikke-Tenha AND USE THE CODE NIKKEmodernia
[2023-01-06 14:32:08] <@%^Nightbot> Join the discord to hang out with 420 people! there are 69 active chatters right now! https://discord.gg/CcP6RfA
[2023-01-06 14:53:38] <%Aezif> disgust xddwankge
