# Log started: 2023-01-01 00:34:18 +0100
[2023-01-01 00:34:18] <@^StreamElements> Thank you for following LAZERTURRET81875 :)
[2023-01-01 00:38:44] <@^StreamElements> Thank you for following codyyoung30 :)
[2023-01-01 05:37:17] <@^StreamElements> Thank you for following blackteamint :)
[2023-01-01 08:21:02] <@^StreamElements> Thank you for following Mori_Orion :)
[2023-01-01 09:03:15] <@^StreamElements> Thank you for following szania_ :)
[2023-01-01 10:05:18] <@^StreamElements> Thank you for following 艾米米 (amile1225) :)
[2023-01-01 10:13:49] <Lurkaar> cirComfy
[2023-01-01 10:15:26] <@^StreamElements> Thank you for following AFennec :)
[2023-01-01 10:17:40] <Lurkaar> rikkuDetective
[2023-01-01 10:30:59] <AFennec> geegaSmug
[2023-01-01 10:32:06] <Lurkaar> cirComfy
[2023-01-01 10:33:04] <AFennec> zentreComfy
[2023-01-01 10:59:17] <@^StreamElements> Thank you for following yaboi_akkir3877 :)
[2023-01-01 13:57:11] <%Mouz1i> nininComf
[2023-01-01 18:43:31] <@^StreamElements> Thank you for following HeXhax :)
[2023-01-01 19:09:30] <%Ahmeraa> ninin404
[2023-01-01 19:59:48] <Lurkaar> rooWaddle safe
[2023-01-01 20:00:22] <Lurkaar> ah cirSlain I see
[2023-01-01 20:00:39] <Lurkaar> gn neener batatComf
[2023-01-01 20:00:45] <MegaMook> nininComf
[2023-01-01 20:31:49] <%Mouz1i> nininBlankies
[2023-01-01 20:35:38] <Lurkaar> rooComfies
[2023-01-01 20:38:25] <%Ahmeraa> hey lurkaar what was that conversation you had with yourself earlier nininPeek
[2023-01-01 20:38:35] <Lurkaar> asleepyHehe
[2023-01-01 20:38:56] <Lurkaar> it was me checking the twitter rikkuSit no strim today, pushed back to tuesday I think? forgot already which day
[2023-01-01 20:39:47] <%Ahmeraa> Oh I missed that
[2023-01-01 20:39:49] <%Ahmeraa> Thanks
[2023-01-01 20:39:58] <Lurkaar> batatYee
