# Log started: 2023-01-07 00:37:49 +0100
[2023-01-07 00:37:49] Disconnected
[2023-01-07 00:37:50] Connecting to
[2023-01-07 00:37:51] Disconnected (Failed to complete login)
[2023-01-07 00:37:51] Attempting to reconnect in 5 seconds.. (2/∞)
[2023-01-07 00:37:56] Connecting to
[2023-01-07 00:38:32] Joining #kragiee..
[2023-01-07 00:38:32] You have joined #kragiee
[2023-01-07 01:56:39] <+zk_vro> !sens
[2023-01-07 01:56:39] <@%^Nightbot> OW: 800 DPI & 4 in-game, Genji/Doomfist is 800 DPI & 6 in-game. 37 scoped. / APEX: 1.3 in-game / VALORANT: 0.3 in-game
[2023-01-07 03:07:34] <volksez> !crosshair
[2023-01-07 03:07:34] <@%^Nightbot> https://imgur.com/a/HslpLAv & https://imgur.com/a/OjGl5yz
[2023-01-07 04:02:23] <Wepth> !crosshair
[2023-01-07 04:02:24] <@%^Nightbot> https://imgur.com/a/HslpLAv & https://imgur.com/a/OjGl5yz
[2023-01-07 05:56:04] <+s7arr> !settings
[2023-01-07 05:56:04] <@%^Nightbot> All Low, 100% Render Scale, Reduce Buffering Off, Resolution 1920x1080
[2023-01-07 05:56:11] <+s7arr> !sens
[2023-01-07 05:56:11] <@%^Nightbot> OW: 800 DPI & 4 in-game, Genji/Doomfist is 800 DPI & 6 in-game. 37 scoped. / APEX: 1.3 in-game / VALORANT: 0.3 in-game
[2023-01-07 06:00:28] <@%^Nightbot> Make sure to follow me on social media! https://twitter.com/Kragie & https://www.youtube.com/@kragiee & https://discordapp.com/invite/G8fysyS & https://www.instagram.com/kragieow/
[2023-01-07 07:03:18] <darianGLHF> !sens
[2023-01-07 07:03:18] <@%^Nightbot> OW: 800 DPI & 4 in-game, Genji/Doomfist is 800 DPI & 6 in-game. 37 scoped. / APEX: 1.3 in-game / VALORANT: 0.3 in-game
[2023-01-07 07:10:54] <jun_0823> !sens
[2023-01-07 07:10:55] <@%^Nightbot> OW: 800 DPI & 4 in-game, Genji/Doomfist is 800 DPI & 6 in-game. 37 scoped. / APEX: 1.3 in-game / VALORANT: 0.3 in-game
[2023-01-07 07:39:27] <evilsnow_> !settings
[2023-01-07 07:39:28] <@%^Nightbot> All Low, 100% Render Scale, Reduce Buffering Off, Resolution 1920x1080
[2023-01-07 08:19:13] <+OhTsun> !sens
[2023-01-07 08:19:14] <@%^Nightbot> OW: 800 DPI & 4 in-game, Genji/Doomfist is 800 DPI & 6 in-game. 37 scoped. / APEX: 1.3 in-game / VALORANT: 0.3 in-game
[2023-01-07 09:32:33] <jegal_xo> !sens
[2023-01-07 09:32:33] <@%^Nightbot> OW: 800 DPI & 4 in-game, Genji/Doomfist is 800 DPI & 6 in-game. 37 scoped. / APEX: 1.3 in-game / VALORANT: 0.3 in-game
[2023-01-07 12:56:04] <joachim2207> !playlist
[2023-01-07 12:56:04] <@%^Nightbot> https://open.spotify.com/playlist/0dMnTH0pRi2siKJ4FLA6KZ?si=2c0fb7ab15b941eb
[2023-01-07 13:19:53] <pooge32> !sens
[2023-01-07 13:19:53] <@%^Nightbot> OW: 800 DPI & 4 in-game, Genji/Doomfist is 800 DPI & 6 in-game. 37 scoped. / APEX: 1.3 in-game / VALORANT: 0.3 in-game
[2023-01-07 15:12:44] <archibolddan> !sens
[2023-01-07 15:12:44] <@%^Nightbot> OW: 800 DPI & 4 in-game, Genji/Doomfist is 800 DPI & 6 in-game. 37 scoped. / APEX: 1.3 in-game / VALORANT: 0.3 in-game
[2023-01-07 15:13:20] <archibolddan> !crosshair
[2023-01-07 15:13:20] <@%^Nightbot> https://imgur.com/a/HslpLAv & https://imgur.com/a/OjGl5yz
[2023-01-07 15:15:12] <@%^Nightbot> Make sure to follow me on social media! https://twitter.com/Kragie & https://www.youtube.com/@kragiee & https://discordapp.com/invite/G8fysyS & https://www.instagram.com/kragieow/
[2023-01-07 15:24:05] <Houchoo99> !command
[2023-01-07 15:24:16] <Houchoo99> !crosshair
[2023-01-07 15:24:16] <@%^Nightbot> https://imgur.com/a/HslpLAv & https://imgur.com/a/OjGl5yz
[2023-01-07 17:42:27] <joker7349> !sens
[2023-01-07 17:42:27] <@%^Nightbot> OW: 800 DPI & 4 in-game, Genji/Doomfist is 800 DPI & 6 in-game. 37 scoped. / APEX: 1.3 in-game / VALORANT: 0.3 in-game
[2023-01-07 18:12:52] <akshaykat> !sens
[2023-01-07 18:12:52] <@%^Nightbot> OW: 800 DPI & 4 in-game, Genji/Doomfist is 800 DPI & 6 in-game. 37 scoped. / APEX: 1.3 in-game / VALORANT: 0.3 in-game
[2023-01-07 18:13:10] <akshaykat> !crosshair
[2023-01-07 18:13:11] <@%^Nightbot> https://imgur.com/a/HslpLAv & https://imgur.com/a/OjGl5yz
[2023-01-07 18:15:15] <@%^Nightbot> Make sure to follow me on social media! https://twitter.com/Kragie & https://www.youtube.com/@kragiee & https://discordapp.com/invite/G8fysyS & https://www.instagram.com/kragieow/
[2023-01-07 18:28:49] <+fc99__> !sens
[2023-01-07 18:28:50] <@%^Nightbot> OW: 800 DPI & 4 in-game, Genji/Doomfist is 800 DPI & 6 in-game. 37 scoped. / APEX: 1.3 in-game / VALORANT: 0.3 in-game
[2023-01-07 18:29:12] <x_uncleberry_x> !crosshair
[2023-01-07 18:29:12] <@%^Nightbot> https://imgur.com/a/HslpLAv & https://imgur.com/a/OjGl5yz
[2023-01-07 18:30:21] <@%^Nightbot> Make sure to follow me on social media! https://twitter.com/Kragie & https://www.youtube.com/@kragiee & https://discordapp.com/invite/G8fysyS & https://www.instagram.com/kragieow/
[2023-01-07 19:16:37] <Sebastian_1722> !sens
[2023-01-07 19:16:37] <@%^Nightbot> OW: 800 DPI & 4 in-game, Genji/Doomfist is 800 DPI & 6 in-game. 37 scoped. / APEX: 1.3 in-game / VALORANT: 0.3 in-game
[2023-01-07 21:02:32] <bewjai> !sens
[2023-01-07 21:02:32] <@%^Nightbot> OW: 800 DPI & 4 in-game, Genji/Doomfist is 800 DPI & 6 in-game. 37 scoped. / APEX: 1.3 in-game / VALORANT: 0.3 in-game
[2023-01-07 21:02:36] <bewjai> !crosshair
[2023-01-07 21:02:36] <@%^Nightbot> https://imgur.com/a/HslpLAv & https://imgur.com/a/OjGl5yz
[2023-01-07 21:43:21] <+calin_ow> !commands
[2023-01-07 21:43:21] <@%^Nightbot> @calin_ow -> The bot commands for this channel are available at https://nightbot.tv/t/kragiee/commands
[2023-01-07 21:43:24] <+calin_ow> !sens
[2023-01-07 21:43:25] <@%^Nightbot> OW: 800 DPI & 4 in-game, Genji/Doomfist is 800 DPI & 6 in-game. 37 scoped. / APEX: 1.3 in-game / VALORANT: 0.3 in-game
[2023-01-07 21:45:14] <@%^Nightbot> Make sure to follow me on social media! https://twitter.com/Kragie & https://www.youtube.com/@kragiee & https://discordapp.com/invite/G8fysyS & https://www.instagram.com/kragieow/
[2023-01-07 22:24:45] <+CallMePapaaa94> !sens
[2023-01-07 22:24:45] <@%^Nightbot> OW: 800 DPI & 4 in-game, Genji/Doomfist is 800 DPI & 6 in-game. 37 scoped. / APEX: 1.3 in-game / VALORANT: 0.3 in-game
[2023-01-07 22:27:02] <illicitvibes> !sens
[2023-01-07 22:27:02] <@%^Nightbot> OW: 800 DPI & 4 in-game, Genji/Doomfist is 800 DPI & 6 in-game. 37 scoped. / APEX: 1.3 in-game / VALORANT: 0.3 in-game
[2023-01-07 23:30:18] <Cheesyy404> !crosshair
[2023-01-07 23:30:18] <@%^Nightbot> https://imgur.com/a/HslpLAv & https://imgur.com/a/OjGl5yz
