# Log started: 2023-01-03 00:51:39 +0100
[2023-01-03 00:51:39] <@^StreamElements> Thank you for following synthvawe :)
[2023-01-03 00:51:40] <@^Fossabot> @synthvawe, thank you for following! sunLove
[2023-01-03 00:53:31] <@^Fossabot> New ASMR video for sleep and comfy! -> https://youtu.be/OlwAAKzAXsc
[2023-01-03 01:54:44] <@^StreamElements> Thank you for following TacoDoomforge :)
[2023-01-03 01:54:45] <@^Fossabot> @TacoDoomforge, thank you for following! sunLove
[2023-01-03 01:56:40] <@^Fossabot> YouTube - https://youtube.com/sunshinevrc || TikTok - https://tiktok.com/@sunshinevrc || Twitter - https://twitter.com/sunshinevrc || Instagram - https://instagram.com/sunshine_vrc || Discord - https://www.discord.gg/sunshrine
[2023-01-03 02:02:43] <@^StreamElements> Thank you for following KageCruikshank :)
[2023-01-03 02:02:46] <@^Fossabot> @KageCruikshank, thank you for following! sunLove
[2023-01-03 02:04:07] <@^Fossabot> Check out the pinned tweet! https://twitter.com/sunshine_vrc/status/1577397416805994538
[2023-01-03 02:13:04] <@^StreamElements> Thank you for following moxxie_0 :)
[2023-01-03 02:13:06] <@^Fossabot> @moxxie_0, thank you for following! sunLove
[2023-01-03 04:39:36] <@^StreamElements> Thank you for following kawaii_kirrianna :)
[2023-01-03 04:39:37] <@^Fossabot> @kawaii_kirrianna, thank you for following! sunLove
[2023-01-03 07:52:52] <@^StreamElements> Thank you for following MegaSilver_ :)
[2023-01-03 07:52:53] <@^Fossabot> @MegaSilver_, thank you for following! sunLove
[2023-01-03 08:38:08] <@^StreamElements> Thank you for following wisteriumz :)
[2023-01-03 08:38:09] <@^Fossabot> @wisteriumz, thank you for following! sunLove
[2023-01-03 08:42:15] <@^StreamElements> Thank you for following Maxximooose :)
[2023-01-03 08:42:16] <@^Fossabot> @Maxximooose, thank you for following! sunLove
[2023-01-03 11:51:13] <@^StreamElements> Thank you for following joshua65441_ :)
[2023-01-03 11:51:14] <@^Fossabot> @joshua65441_, thank you for following! sunLove
[2023-01-03 11:52:56] <@^StreamElements> Thank you for following Fr00tLoops_CW :)
[2023-01-03 11:52:59] <@^Fossabot> @Fr00tLoops_CW, thank you for following! sunLove
[2023-01-03 12:15:58] <@^StreamElements> Thank you for following gjen0 :)
[2023-01-03 12:15:59] <@^Fossabot> @gjen0, thank you for following! sunLove
[2023-01-03 12:17:11] <@^Fossabot> New ASMR video for sleep and comfy! -> https://youtu.be/OlwAAKzAXsc
[2023-01-03 14:24:26] <@^StreamElements> Thank you for following rodjers11 :)
[2023-01-03 14:24:27] <@^Fossabot> @rodjers11, thank you for following! sunLove
[2023-01-03 14:25:44] <@^Fossabot> YouTube - https://youtube.com/sunshinevrc || TikTok - https://tiktok.com/@sunshinevrc || Twitter - https://twitter.com/sunshinevrc || Instagram - https://instagram.com/sunshine_vrc || Discord - https://www.discord.gg/sunshrine
