# Log started: 2023-01-03 00:05:22 +0100
[2023-01-03 00:05:22] [Notification] Akzuo subscribed with Prime.
[2023-01-03 00:05:30] <Orangejuicebeani> !headset
[2023-01-03 00:05:30] <@%^StreamElements> Xtrfy H1. https://bit.ly/3EEKD7U
[2023-01-03 00:12:23] <jaxoniscute> Have you met buga
[2023-01-03 00:12:46] <JaummFreitas> !mice
[2023-01-03 00:15:59] <+mts_val> !commands
[2023-01-03 00:16:00] <@%^StreamElements> https://streamelements.com/tenz/commands are whispered to you
[2023-01-03 00:16:08] <ittahs> !gears
[2023-01-03 00:20:17] <mitsuko_valorant> Jsisis
[2023-01-03 00:20:35] <+slipperyr6> !commands
[2023-01-03 00:20:35] <@%^StreamElements> https://streamelements.com/tenz/commands are whispered to you
[2023-01-03 00:31:14] <slayu_> !settings
[2023-01-03 00:33:50] <japonesdafederaal> !mira
[2023-01-03 00:42:43] <+OrangyOtaku> !senstivity
[2023-01-03 00:49:52] <+chiliaaa> !crosshaire
[2023-01-03 00:51:19] <Twentynightzx> !tenz
[2023-01-03 00:51:57] <Twentynightzx> !commands
[2023-01-03 00:51:57] <@%^StreamElements> https://streamelements.com/tenz/commands are whispered to you
[2023-01-03 00:59:47] <WOAHSOWN> !adstoggle
[2023-01-03 00:59:57] <WOAHSOWN> !ads
[2023-01-03 00:59:58] <@%^StreamElements> Advertisements are ran automatically, sorry if it runs at an inconvenient time. To get rid of the ads, you can sub or get Twitch Turbo!
[2023-01-03 01:07:41] <+CanadaGHG> !commands
[2023-01-03 01:07:42] <@%^StreamElements> https://streamelements.com/tenz/commands are whispered to you
[2023-01-03 01:23:21] <martinweeb9> !commands
[2023-01-03 01:23:21] <@%^StreamElements> https://streamelements.com/tenz/commands are whispered to you
[2023-01-03 01:33:56] <oxferd1> !mira
[2023-01-03 01:47:10] <+vversu> !sleeve
[2023-01-03 01:51:05] <GUUHXISSSS> !mira
[2023-01-03 02:01:00] <twjero18> !comandos
[2023-01-03 02:01:22] <twjero18> !commands
[2023-01-03 02:01:22] <@%^StreamElements> https://streamelements.com/tenz/commands are whispered to you
[2023-01-03 02:09:00] <chaprov2> !commands
[2023-01-03 02:09:00] <@%^StreamElements> https://streamelements.com/tenz/commands are whispered to you
[2023-01-03 02:30:27] <ravanged_tv> !gear
[2023-01-03 02:38:03] <+ghosty_hype> !sans
[2023-01-03 02:56:33] <gotaa0> <3
[2023-01-03 03:07:48] <+NohvaAM> !peripherals
[2023-01-03 03:08:07] <toned_o> !settings
[2023-01-03 03:09:03] <david_bast> !cros
[2023-01-03 03:11:51] <+Anttlol_> !vibrance
[2023-01-03 03:11:51] <@%^StreamElements> %50
[2023-01-03 03:13:09] <Gorox__> !cs
[2023-01-03 03:14:59] <sCt3> !commands
[2023-01-03 03:14:59] <@%^StreamElements> https://streamelements.com/tenz/commands are whispered to you
[2023-01-03 03:16:32] <nrglaf> !nvidia
[2023-01-03 03:19:16] <+amorislost> !commands
[2023-01-03 03:19:16] <@%^StreamElements> https://streamelements.com/tenz/commands are whispered to you
[2023-01-03 03:20:05] <+amorislost> !settings
[2023-01-03 03:25:03] <Yonuai> !aimlabs
[2023-01-03 03:25:03] <@%^StreamElements> https://aimlab.pro/TenZ
[2023-01-03 03:33:04] <prodigycapalot> !monitorsettings
[2023-01-03 03:33:18] <prodigycapalot> !commands
[2023-01-03 03:33:18] <@%^StreamElements> https://streamelements.com/tenz/commands are whispered to you
[2023-01-03 03:36:52] <ynwmelvy> !COMMANDS
[2023-01-03 03:36:53] <@%^StreamElements> https://streamelements.com/tenz/commands are whispered to you
[2023-01-03 03:37:56] <rise_ay> !settings
[2023-01-03 03:40:02] <VoidClipzify> !commands
[2023-01-03 03:40:03] <@%^StreamElements> https://streamelements.com/tenz/commands are whispered to you
[2023-01-03 03:44:22] <+g4briel_6> !settings
[2023-01-03 03:46:39] <jayzstarrr> !settings
[2023-01-03 03:51:45] <+ManguiDariel> !cc
[2023-01-03 03:56:35] <+jetyjay_> !commands
[2023-01-03 03:56:35] <@%^StreamElements> https://streamelements.com/tenz/commands are whispered to you
[2023-01-03 04:04:14] <Suntipong_> !mousefeet
[2023-01-03 04:04:25] <Suntipong_> !command
[2023-01-03 04:05:08] <yasn_irgnn> !sensivity
[2023-01-03 04:05:12] <Suntipong_> !command
[2023-01-03 04:08:52] <BradyyVAL> !commands
[2023-01-03 04:08:52] <@%^StreamElements> https://streamelements.com/tenz/commands are whispered to you
[2023-01-03 04:17:59] <ilCondizionatore> !commands
[2023-01-03 04:18:00] <@%^StreamElements> https://streamelements.com/tenz/commands are whispered to you
[2023-01-03 04:29:36] <+draaikofx> !commands
[2023-01-03 04:29:36] <@%^StreamElements> https://streamelements.com/tenz/commands are whispered to you
[2023-01-03 05:26:59] <SrirachaBoii> !setup
[2023-01-03 05:46:46] <PhantomRaider_13> !commands
[2023-01-03 05:46:46] <@%^StreamElements> https://streamelements.com/tenz/commands are whispered to you
[2023-01-03 05:49:30] <+ilyn0ths> A
[2023-01-03 05:49:43] <+ilyn0ths> !crosshaie
[2023-01-03 06:11:29] <ThuXnder_> !command
[2023-01-03 06:14:36] <+DIEG0129> !settings
[2023-01-03 06:17:04] <YaaaYEETgames> !commands
[2023-01-03 06:17:04] <@%^StreamElements> https://streamelements.com/tenz/commands are whispered to you
[2023-01-03 06:29:18] <maturem8> !settings
[2023-01-03 06:37:31] <$FerrLovesRicee> !settings
[2023-01-03 06:38:53] <$FerrLovesRicee> !settings
[2023-01-03 06:42:26] <coolcoolsuibruno> !specs
[2023-01-03 06:42:26] <@%^StreamElements> https://pcpartpicker.com/list/zhRjRT
[2023-01-03 06:42:38] <zPapiGod> !settings
[2023-01-03 06:47:02] <rintarooouuuu> !settings
[2023-01-03 06:52:28] <%+SANTOLV> !settings
[2023-01-03 07:05:23] <ixa111> !commands
[2023-01-03 07:05:24] <@%^StreamElements> https://streamelements.com/tenz/commands are whispered to you
[2023-01-03 07:12:08] <+77MLM> !settings
[2023-01-03 07:19:36] <nephthyes2> !specs
[2023-01-03 07:19:36] <@%^StreamElements> https://pcpartpicker.com/list/zhRjRT
[2023-01-03 07:21:49] <nephthyes2> !headset
[2023-01-03 07:21:49] <@%^StreamElements> Xtrfy H1. https://bit.ly/3EEKD7U
[2023-01-03 07:25:29] <callme_g0d> !rawaccel
[2023-01-03 07:25:29] <@%^StreamElements> HE DOESNT USE IT STOP ASKING
[2023-01-03 07:25:58] <callme_g0d> hi
[2023-01-03 07:29:45] <jose_rvjj> mira
[2023-01-03 07:29:56] <jose_rvjj> crohssair
[2023-01-03 07:36:42] <윤호__ (yunvlrt)> !commads
[2023-01-03 07:37:25] <윤호__ (yunvlrt)> !commands
[2023-01-03 07:37:25] <@%^StreamElements> https://streamelements.com/tenz/commands are whispered to you
[2023-01-03 07:38:05] <covervlrt> !commands
[2023-01-03 07:38:05] <@%^StreamElements> https://streamelements.com/tenz/commands are whispered to you
[2023-01-03 07:40:32] <+baldy_georg> !cc
[2023-01-03 07:41:46] <theyfwluca> hello
[2023-01-03 07:48:39] <+Quevrys> !commands
[2023-01-03 07:48:39] <@%^StreamElements> https://streamelements.com/tenz/commands are whispered to you
[2023-01-03 07:54:17] <+bqdl> !commands
[2023-01-03 07:54:17] <@%^StreamElements> https://streamelements.com/tenz/commands are whispered to you
[2023-01-03 07:56:11] <21louy> !commands
[2023-01-03 07:56:11] <@%^StreamElements> https://streamelements.com/tenz/commands are whispered to you
[2023-01-03 07:57:13] <+bqdl> Mouse
[2023-01-03 08:18:00] <eduardooqyp> !commands
[2023-01-03 08:18:00] <@%^StreamElements> https://streamelements.com/tenz/commands are whispered to you
[2023-01-03 08:19:14] <juc4sh> !commands
[2023-01-03 08:19:14] <@%^StreamElements> https://streamelements.com/tenz/commands are whispered to you
[2023-01-03 08:24:51] <+ryhori> !help
[2023-01-03 08:24:56] <+Flopsicle> !commands
[2023-01-03 08:24:56] <@%^StreamElements> https://streamelements.com/tenz/commands are whispered to you
[2023-01-03 08:25:08] <sinzeku> !commands
[2023-01-03 08:25:08] <@%^StreamElements> https://streamelements.com/tenz/commands are whispered to you
[2023-01-03 08:43:13] <o_oslush> !commands
[2023-01-03 08:43:13] <@%^StreamElements> https://streamelements.com/tenz/commands are whispered to you
[2023-01-03 08:48:59] <itsumut55> !settings
[2023-01-03 09:02:37] <GuphaFN> !commands
[2023-01-03 09:02:37] <@%^StreamElements> https://streamelements.com/tenz/commands are whispered to you
[2023-01-03 09:25:20] <itztyke> !commands
[2023-01-03 09:25:20] <@%^StreamElements> https://streamelements.com/tenz/commands are whispered to you
[2023-01-03 09:26:34] <FIGHT08_> !crosshaitr
[2023-01-03 09:26:52] <FIGHT08_> !crooshair
[2023-01-03 09:27:02] <FIGHT08_> !Crooshair
[2023-01-03 09:59:11] <jayy17> !commands
[2023-01-03 09:59:12] <@%^StreamElements> https://streamelements.com/tenz/commands are whispered to you
[2023-01-03 10:00:00] <ashirplays_> !commands
[2023-01-03 10:00:00] <@%^StreamElements> https://streamelements.com/tenz/commands are whispered to you
[2023-01-03 10:06:18] <yeiu0_0> !mouses
[2023-01-03 10:06:32] <yeiu0_0> !gear
[2023-01-03 10:17:40] <itsSlypse> !commands
[2023-01-03 10:17:40] <@%^StreamElements> https://streamelements.com/tenz/commands are whispered to you
[2023-01-03 10:27:58] <+hornoss> !commands
[2023-01-03 10:27:58] <@%^StreamElements> https://streamelements.com/tenz/commands are whispered to you
[2023-01-03 10:30:40] <+AyakasJoki> !discord
[2023-01-03 10:30:40] <@%^StreamElements> https://discord.com/invite/vnJ9PKu
[2023-01-03 10:49:41] <+1tzsoli> !settings
[2023-01-03 10:50:33] <+Yoshiyuki18> !settings
[2023-01-03 10:51:06] <+Yoshiyuki18> !dc
[2023-01-03 10:51:16] <+Yoshiyuki18> !discord
[2023-01-03 10:51:16] <@%^StreamElements> https://discord.com/invite/vnJ9PKu
[2023-01-03 11:23:58] <truhannes> !settings
[2023-01-03 11:29:39] <ZedoPH> !headset
[2023-01-03 11:29:39] <@%^StreamElements> Xtrfy H1. https://bit.ly/3EEKD7U
[2023-01-03 11:36:49] <MrNykers> !spotify
[2023-01-03 11:36:49] <@%^StreamElements> https://open.spotify.com/playlist/4ycZshf39NhIWhWYbfW0Zy?si=r9UsNxvrSbql0JtBz_RLvA
[2023-01-03 11:36:49] <+tommy21906> !coms
[2023-01-03 11:37:17] <+VSVwnl> !commands
[2023-01-03 11:37:17] <@%^StreamElements> https://streamelements.com/tenz/commands are whispered to you
[2023-01-03 11:40:24] <suitopii> !settings
[2023-01-03 11:41:21] <suitopii> !settings
[2023-01-03 11:44:45] <InstarkZ> !specs
[2023-01-03 11:44:46] <@%^StreamElements> https://pcpartpicker.com/list/zhRjRT
[2023-01-03 11:45:52] <rintarooouuuu> !nvidia
[2023-01-03 11:59:55] <+ぶんたよ (bunta_19)> !Command
[2023-01-03 12:09:24] <KouroshUz> !settings
[2023-01-03 12:29:28] <notsupercoolmudkip> !settings
[2023-01-03 12:29:51] <notsupercoolmudkip> !commands
[2023-01-03 12:29:52] <@%^StreamElements> https://streamelements.com/tenz/commands are whispered to you
[2023-01-03 12:31:35] <pjMCCX> !commands
[2023-01-03 12:31:35] <@%^StreamElements> https://streamelements.com/tenz/commands are whispered to you
[2023-01-03 12:42:22] <huyalili> !mousep[ad
[2023-01-03 13:01:33] [Notification] zitshee subscribed with Prime. They've subscribed for 9 months!
[2023-01-03 13:03:10] <asdfg1266> !commands
[2023-01-03 13:03:10] <@%^StreamElements> https://streamelements.com/tenz/commands are whispered to you
[2023-01-03 13:05:23] <sh4bbiee> !commands
[2023-01-03 13:05:23] <@%^StreamElements> https://streamelements.com/tenz/commands are whispered to you
[2023-01-03 13:05:53] <sh4bbiee> !nvidia
[2023-01-03 13:23:40] <rahulmuthu> !commands
[2023-01-03 13:23:40] <@%^StreamElements> https://streamelements.com/tenz/commands are whispered to you
[2023-01-03 13:32:47] <404horbed> !settings
[2023-01-03 13:34:28] <cepollet> !settings
[2023-01-03 13:46:42] <cepollet> !settings
[2023-01-03 13:50:14] <Harui55> !command
[2023-01-03 13:50:25] <Harui55> !commands
[2023-01-03 13:50:25] <@%^StreamElements> https://streamelements.com/tenz/commands are whispered to you
[2023-01-03 13:53:01] <dusttkid> !settings
[2023-01-03 13:53:15] <+Homilol> !cmd
[2023-01-03 13:53:27] <+Homilol> !commands
[2023-01-03 13:53:28] <@%^StreamElements> https://streamelements.com/tenz/commands are whispered to you
[2023-01-03 13:54:59] <+Homilol> !settings
[2023-01-03 13:58:58] <+goodie_na> !commands
[2023-01-03 13:58:58] <@%^StreamElements> https://streamelements.com/tenz/commands are whispered to you
[2023-01-03 14:07:21] <skitmd> !settings
[2023-01-03 14:22:36] <+sexhyy> !commands
[2023-01-03 14:22:37] <@%^StreamElements> https://streamelements.com/tenz/commands are whispered to you
[2023-01-03 14:41:42] <izjustmagik> !nvidia
[2023-01-03 14:42:00] <izjustmagik> !vibrance
[2023-01-03 14:42:00] <@%^StreamElements> %50
[2023-01-03 14:42:10] <izjustmagik> !digitalvibrance
[2023-01-03 14:48:10] <+Waytez> !settings
[2023-01-03 15:01:06] <+megdanelc> !commands
[2023-01-03 15:01:07] <@%^StreamElements> https://streamelements.com/tenz/commands are whispered to you
[2023-01-03 15:02:45] <+fnxzhao> !commands
[2023-01-03 15:02:45] <@%^StreamElements> https://streamelements.com/tenz/commands are whispered to you
[2023-01-03 15:15:43] <callmetrzyn> !duo
[2023-01-03 15:15:43] <@%^StreamElements> SEN Zekken's alt acc lesgo
[2023-01-03 15:17:10] <Comikazie> !commands
[2023-01-03 15:17:10] <@%^StreamElements> https://streamelements.com/tenz/commands are whispered to you
[2023-01-03 15:36:05] <fazetiniez> !commands
[2023-01-03 15:36:05] <@%^StreamElements> https://streamelements.com/tenz/commands are whispered to you
[2023-01-03 16:04:24] <stepnourii> !wallpaper
[2023-01-03 16:04:24] <@%^StreamElements> Fighting Spirit on Wallpaper Engine
[2023-01-03 16:09:16] <FlixSzn> !commands
[2023-01-03 16:09:16] <@%^StreamElements> https://streamelements.com/tenz/commands are whispered to you
[2023-01-03 16:10:33] <aimlesslul> !cmd
[2023-01-03 16:10:43] <aimlesslul> !commands
[2023-01-03 16:10:43] <@%^StreamElements> https://streamelements.com/tenz/commands are whispered to you
[2023-01-03 16:10:59] <aimlesslul> !cc
[2023-01-03 16:11:42] <pepetur12> !settings
[2023-01-03 16:12:27] <pepetur12> !settings
[2023-01-03 16:14:13] <@%^StreamElements> Feel free to join the Discord! https://discordapp.com/invite/vnJ9PKu
[2023-01-03 16:14:42] <@%^StreamElements> Brand new merch drop just released! Check it out at www.tenz.gg
[2023-01-03 16:15:12] <@%^StreamElements> Make sure to follow my twitter! https://twitter.com/TenZOfficial
[2023-01-03 16:28:13] <Staffing88> !commands
[2023-01-03 16:28:13] <@%^StreamElements> https://streamelements.com/tenz/commands are whispered to you
[2023-01-03 16:29:20] <aimlesslul> !settings
[2023-01-03 16:47:40] <+vichosauvalle1> !mira
[2023-01-03 16:50:32] <ixmnico> !commands
[2023-01-03 16:50:32] <@%^StreamElements> https://streamelements.com/tenz/commands are whispered to you
[2023-01-03 16:51:29] <e_n_t_r_i_x> !settings
[2023-01-03 16:54:23] <+softuu> !wallpaper
[2023-01-03 16:54:23] <@%^StreamElements> Fighting Spirit on Wallpaper Engine
[2023-01-03 16:59:20] <+En10ve> !settings
[2023-01-03 17:07:09] [Notification] Gustavogd01 subscribed with Prime.
[2023-01-03 17:21:13] <jbbmarc> ! Settings
[2023-01-03 17:21:25] <jbbmarc> !settings
[2023-01-03 17:22:34] <senpaiii0902> !sensibility
[2023-01-03 17:32:38] <+paffala02> !commands
[2023-01-03 17:32:39] <@%^StreamElements> https://streamelements.com/tenz/commands are whispered to you
[2023-01-03 17:38:11] <+FeinFN> !settinfs
[2023-01-03 17:38:22] <+FeinFN> !settings
[2023-01-03 17:38:41] <+FeinFN> !commands
[2023-01-03 17:38:41] <@%^StreamElements> https://streamelements.com/tenz/commands are whispered to you
[2023-01-03 17:50:12] <313Tom> !settings
[2023-01-03 17:52:49] <0RESTASSS> !res
[2023-01-03 17:52:49] <@%^StreamElements> 1920x1080 16:9
[2023-01-03 18:09:56] <ITZconso> !setup
[2023-01-03 18:12:10] <tuvaisurtarr> !config
[2023-01-03 18:13:43] <tuvaisurtarr> !commands
[2023-01-03 18:13:43] <@%^StreamElements> https://streamelements.com/tenz/commands are whispered to you
[2023-01-03 18:20:49] <Bleagii> !settings
[2023-01-03 18:23:55] <+darpyy_> !commands
[2023-01-03 18:24:00] <@%^StreamElements> https://streamelements.com/tenz/commands are whispered to you
[2023-01-03 18:34:55] <Rozless> !croshair
[2023-01-03 18:38:45] <jestersux> !commands
[2023-01-03 18:38:45] <@%^StreamElements> https://streamelements.com/tenz/commands are whispered to you
[2023-01-03 18:41:34] <Luval__> !settings
[2023-01-03 18:46:06] <jestersux> !commands
[2023-01-03 18:46:06] <@%^StreamElements> https://streamelements.com/tenz/commands are whispered to you
[2023-01-03 18:48:43] <renzsx> !commands
[2023-01-03 18:48:44] <@%^StreamElements> https://streamelements.com/tenz/commands are whispered to you
[2023-01-03 18:49:03] <king_vrm> !config
[2023-01-03 18:57:56] <robertsein> !settings
[2023-01-03 19:05:17] <YohPain> !sensn
[2023-01-03 19:08:46] <snoopierfire362> !commands
[2023-01-03 19:08:46] <@%^StreamElements> https://streamelements.com/tenz/commands are whispered to you
[2023-01-03 19:09:09] <+ccudge> !corsshair
[2023-01-03 19:09:56] <+BAITmurii> !settings
[2023-01-03 19:10:52] <+BAITmurii> !commands
[2023-01-03 19:10:52] <@%^StreamElements> https://streamelements.com/tenz/commands are whispered to you
[2023-01-03 20:04:27] <its_hao> !yo
[2023-01-03 20:17:26] <lopesvfx> !settings
[2023-01-03 20:45:09] <troger1617> !settings
[2023-01-03 20:46:57] <lavirgule2maestro> !settings
[2023-01-03 20:46:58] <tooppaaaa> mouse!
[2023-01-03 20:47:19] <tooppaaaa> !settings
[2023-01-03 20:53:25] <Barafi> !settings#
[2023-01-03 20:53:46] <Barafi> !settings
[2023-01-03 20:59:35] <Barafi> !graphic
[2023-01-03 20:59:47] <Barafi> !video
[2023-01-03 21:00:45] <xglenn9> !croshair
[2023-01-03 21:01:21] <darixlol> !settings
[2023-01-03 21:04:13] <+Maqqzy> !settings
[2023-01-03 21:09:39] <luestling> !commands
[2023-01-03 21:09:39] <@%^StreamElements> https://streamelements.com/tenz/commands are whispered to you
[2023-01-03 21:13:29] <xGR3ddy> !cs
[2023-01-03 21:13:41] <xGR3ddy> !settings
[2023-01-03 21:13:56] <Savage_l1l> !command
[2023-01-03 21:15:05] <Savage_l1l> !code
[2023-01-03 21:26:15] [Info] This room is now in emote-only mode.
