# Log started: 2023-01-10 15:08:13 +0100
[2023-01-10 15:08:13] Disconnected
[2023-01-10 15:08:13] Attempting to reconnect in 1 seconds.. (1/∞)
[2023-01-10 15:08:14] Connecting to
[2023-01-10 15:09:05] Joining #maxylobes..
[2023-01-10 15:09:05] You have joined #maxylobes
[2023-01-10 15:47:30] Disconnected
[2023-01-10 15:47:30] Attempting to reconnect in 1 seconds.. (1/∞)
[2023-01-10 15:47:31] Connecting to
[2023-01-10 15:47:33] Disconnected (Failed to complete login)
[2023-01-10 15:47:33] Attempting to reconnect in 5 seconds.. (2/∞)
[2023-01-10 15:47:38] Connecting to
[2023-01-10 15:48:27] Joining #maxylobes..
[2023-01-10 15:48:28] You have joined #maxylobes
[2023-01-10 16:47:49] Disconnected
[2023-01-10 16:47:49] Attempting to reconnect in 1 seconds.. (1/∞)
[2023-01-10 16:47:50] Connecting to
[2023-01-10 16:47:51] Disconnected (Failed to complete login)
[2023-01-10 16:47:51] Attempting to reconnect in 5 seconds.. (2/∞)
[2023-01-10 16:47:56] Connecting to
[2023-01-10 16:47:57] Disconnected (Failed to complete login)
[2023-01-10 16:47:57] Attempting to reconnect in 5 seconds.. (3/∞)
[2023-01-10 16:48:02] Connecting to
[2023-01-10 16:48:04] Disconnected (Failed to complete login)
[2023-01-10 16:48:04] Attempting to reconnect in 10 seconds.. (4/∞)
[2023-01-10 16:48:14] Connecting to
[2023-01-10 16:49:04] Joining #maxylobes..
[2023-01-10 16:49:05] You have joined #maxylobes
[2023-01-10 17:04:53] Disconnected
[2023-01-10 17:04:53] Attempting to reconnect in 1 seconds.. (1/∞)
[2023-01-10 17:04:54] Connecting to
[2023-01-10 17:05:44] Joining #maxylobes..
[2023-01-10 17:05:45] You have joined #maxylobes
[2023-01-10 17:37:50] Disconnected
[2023-01-10 17:37:50] Attempting to reconnect in 1 seconds.. (1/∞)
[2023-01-10 17:37:51] Connecting to
[2023-01-10 17:38:44] Joining #maxylobes..
[2023-01-10 17:38:45] You have joined #maxylobes
[2023-01-10 18:04:38] Disconnected
[2023-01-10 18:04:38] Attempting to reconnect in 1 seconds.. (1/∞)
[2023-01-10 18:04:39] Connecting to
[2023-01-10 18:05:30] Joining #maxylobes..
[2023-01-10 18:05:31] You have joined #maxylobes
