# Log started: 2023-01-10 14:47:59 +0100
[2023-01-10 14:47:59] Disconnected
[2023-01-10 14:47:59] Attempting to reconnect in 1 seconds.. (1/∞)
[2023-01-10 14:48:00] Connecting to
[2023-01-10 14:48:18] Joining #kyliebitkin..
[2023-01-10 14:48:19] You have joined #kyliebitkin
[2023-01-10 15:39:37] Disconnected
[2023-01-10 15:39:37] Attempting to reconnect in 1 seconds.. (1/∞)
[2023-01-10 15:39:38] Connecting to
[2023-01-10 15:39:57] Joining #kyliebitkin..
[2023-01-10 15:39:57] You have joined #kyliebitkin
[2023-01-10 16:20:58] Disconnected
[2023-01-10 16:20:58] Attempting to reconnect in 1 seconds.. (1/∞)
[2023-01-10 16:20:59] Connecting to
[2023-01-10 16:21:17] Joining #kyliebitkin..
[2023-01-10 16:21:17] You have joined #kyliebitkin
[2023-01-10 16:43:58] Disconnected
[2023-01-10 16:43:58] Attempting to reconnect in 1 seconds.. (1/∞)
[2023-01-10 16:43:59] Connecting to
[2023-01-10 16:44:17] Joining #kyliebitkin..
[2023-01-10 16:44:18] You have joined #kyliebitkin
[2023-01-10 16:47:14] <flumsen_> peepoWarm
[2023-01-10 17:04:24] Disconnected
[2023-01-10 17:04:24] Attempting to reconnect in 1 seconds.. (1/∞)
[2023-01-10 17:04:25] Connecting to
[2023-01-10 17:04:43] Joining #kyliebitkin..
[2023-01-10 17:04:44] You have joined #kyliebitkin
[2023-01-10 17:06:12] <%aShadowCrafter> kyliebCozy
[2023-01-10 17:18:12] Disconnected
[2023-01-10 17:18:12] Attempting to reconnect in 1 seconds.. (1/∞)
[2023-01-10 17:18:13] Connecting to
[2023-01-10 17:18:14] Disconnected (Failed to complete login)
[2023-01-10 17:18:14] Attempting to reconnect in 5 seconds.. (2/∞)
[2023-01-10 17:18:19] Connecting to
[2023-01-10 17:18:39] Joining #kyliebitkin..
[2023-01-10 17:18:40] You have joined #kyliebitkin
[2023-01-10 17:48:36] Disconnected
[2023-01-10 17:48:36] Attempting to reconnect in 1 seconds.. (1/∞)
[2023-01-10 17:48:37] Connecting to
[2023-01-10 17:48:56] Joining #kyliebitkin..
[2023-01-10 17:48:56] You have joined #kyliebitkin
[2023-01-10 18:09:22] Disconnected
[2023-01-10 18:09:22] Attempting to reconnect in 1 seconds.. (1/∞)
[2023-01-10 18:09:23] Connecting to
[2023-01-10 18:09:24] Disconnected (Failed to complete login)
[2023-01-10 18:09:24] Attempting to reconnect in 5 seconds.. (2/∞)
[2023-01-10 18:09:29] Connecting to
[2023-01-10 18:09:48] Joining #kyliebitkin..
[2023-01-10 18:09:49] You have joined #kyliebitkin
# Log started: 2023-01-10 22:43:40 +0100
[2023-01-10 22:43:40] ~Stream offline~
[2023-01-10 22:43:40] Joining #kyliebitkin..
[2023-01-10 22:43:40] You have joined #kyliebitkin
[2023-01-10 22:58:47] <@%+Sahneee> Bedge
# Log closed: 2023-01-11 15:04:37 +0100
-
