# Log started: 2023-01-09 00:44:05 +0100
[2023-01-09 00:44:05] <Levi_Q7> leviq7GG
[2023-01-09 07:27:03] <olympi> brasil
[2023-01-09 09:20:29] [Notification] viba_1993 subscribed with Prime.
[2023-01-09 10:57:06] <포뇨0 (turck0309)> !age
[2023-01-09 16:13:58] [Notification] icelax05 subscribed with Prime.
[2023-01-09 16:14:49] [Notification] floydchristian subscribed at Tier 1. They've subscribed for 2 months!
[2023-01-09 19:02:13] [Usernotice] BDubbyDubbs is continuing the Gift Sub they got from AMomentOfLovely!
[2023-01-09 19:17:13] <!%bmap72> f
[2023-01-09 20:11:44] [Usernotice] ArvaNode is gifting 1 Tier 1 Subs to MissMikkaa's community! They've gifted a total of 39 in the channel!
[2023-01-09 20:11:45] [Notification] ArvaNode gifted a Tier 1 sub to Eliserie!
[2023-01-09 20:15:07] <mjmow> سلام عليكم ورحمة الله وبركاته
[2023-01-09 22:21:41] BAN: mjmow
[2023-01-09 22:23:20] <!%bmap72> Peace be, blessings to god
[2023-01-09 22:23:24] <!%bmap72> or whatever
[2023-01-09 22:23:39] <%NightSnide> monkaW
[2023-01-09 22:30:35] <@%xblom> mikkaaStab mikkaaStab
[2023-01-09 23:21:28] <!%bmap72> !points
[2023-01-09 23:25:43] <@%K3nzz0> @bmap72 mikkaaHmm
[2023-01-09 23:31:14] [Notification] robospartan117 subscribed with Prime.
