# Log started: 2023-01-08 04:41:02 +0100
[2023-01-08 04:41:02] <%Scotticcus> FlyinJuno Thanks for the gifted sub!
[2023-01-08 04:43:09] <%TheTrueCatMan> np
[2023-01-08 07:01:31] <%patthecatguy> MEN ?
[2023-01-08 07:14:00] <@%adorablemikey> M E N
[2023-01-08 07:24:15] <%TheTrueCatMan> MEN
[2023-01-08 07:24:28] <%TheTrueCatMan> WHEN I SAY MEN YOU SAY MEN
[2023-01-08 07:24:31] <%TheTrueCatMan> MEN
[2023-01-08 07:24:37] <@%adorablemikey> MEN
[2023-01-08 07:24:40] <%TheTrueCatMan> MEN 󠀀
[2023-01-08 07:25:32] <%TheTrueCatMan> oh nvm harbleu is live. peepoVanish
[2023-01-08 07:25:53] <@%^StreamElements> HELP THE STREAMER AND THE EDITORS BY CLIPPING DOPE STUFF PLEASE GAMERS B)
[2023-01-08 07:26:53] <@%^StreamElements> guuWIGGLE FOLLOW THE STREAM guuWIGGLE
[2023-01-08 07:27:09] <%TheTrueCatMan> thetru15Garth
[2023-01-08 07:28:22] <@%adorablemikey> wait
[2023-01-08 07:28:25] <@%adorablemikey> do you have emotes?
[2023-01-08 07:28:27] <@%adorablemikey> Pog
[2023-01-08 07:29:21] <%TheTrueCatMan> nono
[2023-01-08 07:29:27] <%TheTrueCatMan> its a 7tv emote
[2023-01-08 07:29:44] <@%adorablemikey> but it starts with thetru
[2023-01-08 07:30:00] <%TheTrueCatMan> nono
[2023-01-08 07:30:09] <%TheTrueCatMan> just a silly 7tv emote
[2023-01-08 07:38:16] <@%adorablemikey> great
[2023-01-08 07:38:26] <@%adorablemikey> now i've got paul mccartney stuck in my head
[2023-01-08 07:39:26] <%TheTrueCatMan> MAYBE I'M AMAZED BY THE WAY YOU LOVE ME ALL THE TIME pepoJS
[2023-01-08 07:39:35] <@%adorablemikey> you'd think that people would've had enough of silly emotes
[2023-01-08 07:39:41] <@%adorablemikey> i look around me, and i see it isn't so
[2023-01-08 07:39:44] <%TheTrueCatMan> what's wrong with that?
[2023-01-08 07:39:56] <@%adorablemikey> KEKW
[2023-01-08 07:40:05] <%TheTrueCatMan> I'd like to know.
[2023-01-08 07:40:17] <@%adorablemikey> cause here i go
[2023-01-08 07:40:25] <%TheTrueCatMan> guuStare I want to know
[2023-01-08 07:40:29] <@%adorablemikey> AGAINNNNNNNNNNNNN pepoJS
[2023-01-08 07:41:01] <@%adorablemikey> paul was so great
[2023-01-08 07:41:07] <@%adorablemikey> such a petty bitch
[2023-01-08 07:41:20] <@%adorablemikey> "oh john, you don't like my silly love songs?"
[2023-01-08 07:41:30] <@%adorablemikey> fuck you, here's a banger silly love song about silly love songs
[2023-01-08 07:41:59] <%TheTrueCatMan> How Do You Sleep cut pretty deep
[2023-01-08 07:42:34] <%TheTrueCatMan> I don't like paul as a beatle, but I like him as a musician.
[2023-01-08 07:43:06] <@%adorablemikey> the best "beatle" was ringo
[2023-01-08 07:43:12] <@%adorablemikey> he was just glad to go for a ride
[2023-01-08 07:44:53] <@%^StreamElements> guuWIGGLE FOLLOW THE STREAM guuWIGGLE
[2023-01-08 08:22:09] <%$Charlie_the_Cat> Awkward ...
[2023-01-08 08:26:36] <%TheTrueCatMan> very Awkward
[2023-01-08 09:02:25] <%TheTrueCatMan> !dick
[2023-01-08 09:02:25] <@%^StreamElements> TheTrueCatMan has a dick size of 11 inches. YEP
[2023-01-08 11:42:34] <%$Charlie_the_Cat> Awkward ......
[2023-01-08 21:30:14] <%$Charlie_the_Cat> REEEE THE NEW GAME MODE IS SO FUCKING BAD
[2023-01-08 21:30:25] <%$Charlie_the_Cat> REEEE IT MAKES ME SO FUCKING ANGRY
