# Log started: 2023-01-08 19:38:38 +0100
[2023-01-08 19:38:38] <!%WholesomeHomies> Strong and handsome wholes11Sit
[2023-01-08 19:38:48] <tngunnut> Hello
[2023-01-08 19:38:52] <%0815Stalker> ressniWing1 cheymcBoop ressniWing2
[2023-01-08 19:38:59] <%janesat2> cheymcSpin
[2023-01-08 19:39:06] <%jayyc96> Hi Strong And Handsome NODDERS
[2023-01-08 19:39:15] <%jayyc96> cheymcSpin
[2023-01-08 19:39:51] VIEWERS: 11
[2023-01-08 19:39:51] ~I'm Strong and Handsome #ShirtMySurvivor !Throne (Dead by Daylight)~
[2023-01-08 19:40:22] <%$Technicality02> Hi
[2023-01-08 19:40:43] <%Zemrode_> Any hag enjoyers in here yet??
[2023-01-08 19:41:15] <%$Technicality02> I just bought dbd a couple days ago and I’m excited to try it
[2023-01-08 19:41:21] <%janesat2> haggies Pogey
[2023-01-08 19:41:37] <%Zemrode_> Hell yeah Jane!
[2023-01-08 19:41:45] <%janesat2> mellucLaugh
[2023-01-08 19:41:51] VIEWERS: 11
[2023-01-08 19:41:55] <%jayyc96> cheymcWiggle
[2023-01-08 19:42:16] [Announcement] <dave_rua> 5 gifted and Chey plays Hag Kappa
[2023-01-08 19:42:29] <%$Technicality02> cheymcRave cheymcRave cheymcRave
[2023-01-08 19:42:40] [Notification] PureBlueMC subscribed at Tier 3. They've subscribed for 13 months, currently on a 12 month streak! [karaPop]
[2023-01-08 19:42:41] <%TipsyOak> Hello
[2023-01-08 19:42:56] <@%dave_rua> peepoJuice PURE cheymcHype
[2023-01-08 19:42:59] <@%dave_rua> !HYPE
[2023-01-08 19:42:59] <!%^Nightbot> cheymcHype cheymcRave cheymcDolphin cheymcHype cheymcRave cheymcDolphin cheymcHype cheymcRave cheymcDolphin cheymcHype cheymcRave cheymcDolphin cheymcHype cheymcRave cheymcDolphin cheymcHype cheymcRave cheymcDolphin cheymcHype cheymcRave cheymcDolphin
[2023-01-08 19:43:03] <%janesat2> popCat
[2023-01-08 19:43:10] <%FallenAmaterasu> cheymcSip cheymcSip cheymcSip cheymcSip cheymcSip
[2023-01-08 19:43:12] <@%PureBlueMC> peepoJuice DAVE popCat
[2023-01-08 19:43:14] <%jayyc96> INSANECAT
[2023-01-08 19:43:18] <@%dave_rua> cheymcHi Tipsy
[2023-01-08 19:43:22] <$zubra_> leftiTbag
[2023-01-08 19:43:26] <@%dave_rua> Fallen cheymcSip
[2023-01-08 19:43:28] <%conlash_> Hiii cheymcSpin Hope everyone’s having a great day benjyvrHi cheymcRave
[2023-01-08 19:43:36] <%FallenAmaterasu> I can only hear half the stream cheymcCry cheymcCry cheymcCry cheymcCry cheymcCry
[2023-01-08 19:43:53] VIEWERS: 11
[2023-01-08 19:43:59] <%FallenAmaterasu> my headset is broken so only my right side get's sound
[2023-01-08 19:44:07] <%FallenAmaterasu> cheymcFine cheymcFine cheymcFine cheymcFine cheymcFine
[2023-01-08 19:44:09] <@%PureBlueMC> cheymcHug
[2023-01-08 19:44:18] <%FallenAmaterasu> no dbd until later for me
[2023-01-08 19:44:18] <%jayyc96> cheymcSquish
[2023-01-08 19:44:36] <%$Technicality02> Hello
[2023-01-08 19:44:38] <%FallenAmaterasu> how ya doing dave
[2023-01-08 19:44:46] <%janesat2> cheymcSquish_SQ
[2023-01-08 19:45:11] <@%PureBlueMC> I uhh
[2023-01-08 19:45:11] <@%dave_rua> i'm doing great Fallen, how are you!?
[2023-01-08 19:45:16] <!%^Nightbot> Follow Chey on tiktok for more content  https://www.tiktok.com/@cheyttv
[2023-01-08 19:45:21] <@%PureBlueMC> also bought it the other day karaLul
[2023-01-08 19:45:25] <%FallenAmaterasu> @dave_rua doing well
[2023-01-08 19:45:29] <%Zemrode_> Perks? You mean we're not supposed to go perkless? D:
[2023-01-08 19:45:44] <%FallenAmaterasu> only perkless
[2023-01-08 19:45:53] <@%dave_rua> PauseChamp
[2023-01-08 19:45:56] VIEWERS: 12
[2023-01-08 19:46:09] <%FallenAmaterasu> once I am doing with throwing flashlights and dispensing medkits  I will go "perkless"
[2023-01-08 19:46:10] <@%PureBlueMC> cheymcCult
[2023-01-08 19:46:20] <%+Deathstar991> !lurk
[2023-01-08 19:46:20] <!%^Nightbot> cheymcLurk cheymcLurk cheymcLurk cheymcLurk
[2023-01-08 19:46:20] <%$Technicality02> I think it would be cool if they did an scp expansion thing for dbd
[2023-01-08 19:46:21] <@%dave_rua> DinkDonk OILERS Oiler DinkDonk OILERS Oiler DinkDonk OILERS Oiler DinkDonk OILERS Oiler DinkDonk OILERS Oiler DinkDonk OILERS Oiler DinkDonk OILERS Oiler
[2023-01-08 19:46:29] <%Zemrode_> Poor Dan, I hope his dad comes back someday
[2023-01-08 19:46:47] <@%PureBlueMC> peepoClap Any Means peepoClap
[2023-01-08 19:46:58] <%FallenAmaterasu> cause it's like maidenless but it's perks instead
[2023-01-08 19:47:08] <%FallenAmaterasu> @Zemrode_ did he go out to get milk?
[2023-01-08 19:47:13] <%+Deathstar991> Im good thankyou getting ready to dbd my self
[2023-01-08 19:47:25] <%+Deathstar991> how are you
[2023-01-08 19:47:35] <%Zemrode_> Yeah @FallenAmaterasu it was tragic
[2023-01-08 19:47:53] <%nextleveljohnni> We actually want M3gan in DBD let’s be honest
[2023-01-08 19:47:55] <%FallenAmaterasu> @Zemrode_ cheymcCry not like this cheymcCry
[2023-01-08 19:47:59] <%+Deathstar991> uh ok
[2023-01-08 19:48:01] VIEWERS: 12
[2023-01-08 19:48:02] <%+Deathstar991> preggos
[2023-01-08 19:48:10] <%jayyc96> Yes i do
[2023-01-08 19:48:21] <+ghostykatty> I get migraines all the time
[2023-01-08 19:48:24] <@%PureBlueMC> !lurk be back in a bit NODDERS
[2023-01-08 19:48:24] <!%^Nightbot> cheymcLurk cheymcLurk cheymcLurk cheymcLurk
[2023-01-08 19:48:39] <%+Deathstar991> it twas a joke me sorry if it was offensive
[2023-01-08 19:48:49] [Points] TheMajesticChunk redeemed Show Chat some love <3 (100)
[2023-01-08 19:48:51] <%FallenAmaterasu> auroras that is interesting
[2023-01-08 19:48:53] [Points] TheMajesticChunk redeemed SHOW STREAMER LOVE <3 (250)
[2023-01-08 19:48:56] <+ghostykatty> The auras suck.
[2023-01-08 19:48:56] [Points] TheMajesticChunk redeemed Lurking but wanted to say hi :)  (100)
[2023-01-08 19:49:06] <%+Deathstar991> oh my
[2023-01-08 19:49:06] [Points] Hand_Of_Aces redeemed call streamer stinky (500)
[2023-01-08 19:49:07] <HQuinnNat> Hi Chey! cheymcUwU
[2023-01-08 19:49:37] <+Hand_Of_Aces> sry wrong redemption
[2023-01-08 19:49:52] <%nextleveljohnni> Hiya Chey hi chat! cheymcDuck
[2023-01-08 19:49:57] <@^StreamElements> If you want to support the stream further subscribe today https://www.twitch.tv/products/cheymcfly/ticket?ref=below_video_subscribe_button
[2023-01-08 19:50:01] Viewerstats (19:39-19:50): avg:14 min:11 max:31 [6/_11+0+0+1+0+19]
[2023-01-08 19:50:01] VIEWERS: 31
[2023-01-08 19:50:23] <%HeartlessFiend> Pwincess
[2023-01-08 19:50:23] <%jayyc96> cheymcHype cheymcHype
[2023-01-08 19:50:26] <%HeartlessFiend> mcchic3LETSGO
[2023-01-08 19:50:27] <%FallenAmaterasu> I still feel bad for the flash saves vs 7cm
[2023-01-08 19:50:37] <+Hand_Of_Aces> I have work tonight so not fun
[2023-01-08 19:50:42] <%SunLukong> Strong Stream
[2023-01-08 19:50:56] <+Hand_Of_Aces> dollar general store associate
[2023-01-08 19:51:04] <%SunLukong> Indeed
[2023-01-08 19:51:08] <%HeartlessFiend> Buff Chey cheymcEZ
[2023-01-08 19:51:13] <%FallenAmaterasu> Chey is the stwrongest stwremer
[2023-01-08 19:51:23] <%HeartlessFiend> Retail is MISERABLE
[2023-01-08 19:51:24] <+Hand_Of_Aces> true that
[2023-01-08 19:51:40] <%nextleveljohnni> Retail is no fun cheymcCry
[2023-01-08 19:51:45] <%Zemrode_> This is Dan's stream now
[2023-01-08 19:51:48] <%HeartlessFiend> @hand_of_aces Hope your day at work goes well cheymcHug
[2023-01-08 19:52:01] VIEWERS: 43
[2023-01-08 19:52:01] <%HeartlessFiend> So that's how they do it cheymcSmug
[2023-01-08 19:52:12] <+Hand_Of_Aces> I have to balance between doing cashier and restocking
[2023-01-08 19:52:28] <+Hand_Of_Aces> @heartlessfiend  thanks
[2023-01-08 19:52:49] <%HeartlessFiend> Bullying us gullible people ayakas5Cri
[2023-01-08 19:53:23] <@%dave_rua> KEKW
[2023-01-08 19:53:27] <%Zemrode_> Dan, you gotta be ready to give me widdle pogchamps
[2023-01-08 19:53:31] <%HeartlessFiend> KEKW
[2023-01-08 19:53:34] <@%dave_rua> mcmayhSHINY cheymcDuck
[2023-01-08 19:53:37] <%jayyc96> KEKW
[2023-01-08 19:53:51] <HQuinnNat> Eww Dave
[2023-01-08 19:53:59] <@%dave_rua> ITS A SHINY POKEMON
[2023-01-08 19:54:03] <+Hand_Of_Aces> Chey the Slime Tamer Pokemon
[2023-01-08 19:54:04] <%hightec> cheymcDuck
[2023-01-08 19:54:04] <@%dave_rua> Madge
[2023-01-08 19:54:04] VIEWERS: 43
[2023-01-08 19:54:09] <HQuinnNat> Lol
[2023-01-08 19:54:09] <!%^Nightbot> cheymcDolphin cheymcDolphin cheymcDolphin cheymcDolphin
[2023-01-08 19:54:38] <%HeartlessFiend> That's my monster fanfiction cheymcAngry
[2023-01-08 19:55:19] <+Hand_Of_Aces> Grammer shark
[2023-01-08 19:55:37] <%Zemrode_> HAPPY BIRTHDAY CHEY!
[2023-01-08 19:55:41] <%jjjules_> HAPPY BDAY CHEY!!
[2023-01-08 19:55:51] <%jjjules_> lmao
[2023-01-08 19:55:56] <+Hand_Of_Aces> !throne
[2023-01-08 19:55:56] <!%^Nightbot> Chey has joined Throne! https://jointhrone.com/u/chey You can safely and securely order gifts for Chey on her Wishlist or surprise me with any item available on Throne. You can also suggest gifts for her to add to my Wishlist.
[2023-01-08 19:56:06] VIEWERS: 58
[2023-01-08 19:56:06] ~I am Strong and Handsome #ShirtMySurvivor !Throne (Dead by Daylight)~
[2023-01-08 19:56:09] <%jayyc96> HAPPY BDAY cheymcGiggle cheymcGiggle cheymcGiggle
[2023-01-08 19:56:15] <%$mawma_chili> Hi Chey cheymcBlush
[2023-01-08 19:56:17] <%+Phoenixk91> Hey Chey how was your new years?
[2023-01-08 19:56:18] <%HeartlessFiend> KNIGHT GAMING YEA BABY
[2023-01-08 19:56:27] <@^StreamElements> If you are enjoying the stream be sure to follow! :)
[2023-01-08 19:56:35] <HQuinnNat> Happy Unbirthday!
[2023-01-08 19:56:36] <%SunLukong> LUL
[2023-01-08 19:56:37] <%HeartlessFiend> But everyday is your birthday cheymcSmug
[2023-01-08 19:56:38] <%hightec> omg it's your birthday?? peepoHappy
[2023-01-08 19:56:39] <%jayyc96> Second Birthday cheymcPop cheymcPop
[2023-01-08 19:56:42] <%Zemrode_> 2 birthdays a year? That's wild
[2023-01-08 19:56:50] <%+Phoenixk91> Ouch. Feel sry for ya
[2023-01-08 19:57:07] <ughlycoyote> Only the the strongest and handsomest in this stream/chat
[2023-01-08 19:57:10] <%SunLukong> Ace is very strong and handsome
[2023-01-08 19:58:06] VIEWERS: 68
[2023-01-08 19:58:44] <%LostLightning> stream birthday/versary and actual birthday
[2023-01-08 19:59:06] <doglover1500> oH WOWWWW
[2023-01-08 19:59:08] <%hightec> so strong and handsome :)
[2023-01-08 19:59:11] <%SunLukong> Well I can not type anymore
[2023-01-08 19:59:12] <%+Deathstar991> oh my
[2023-01-08 19:59:14] <%SunLukong> cheymcAyaya
[2023-01-08 19:59:18] [Usernotice] TheSilverSentinel is gifting 1 Tier 1 Subs to Chey's community! They've gifted a total of 1 in the channel!
[2023-01-08 19:59:18] [Notification] TheSilverSentinel gifted a Tier 1 sub to HQuinnNat! HQuinnNat has subscribed for 2 months!
[2023-01-08 19:59:21] <%HeartlessFiend> It's true my mummi said I'm very strong and handsome sharkv3Comfy
[2023-01-08 19:59:24] <%jayyc96> cheymcSquish cheymcSquish cheymcSquish
[2023-01-08 19:59:24] <%+kingsassafrass> @ughlycoyote damn... guess i have to leave x7cmpwPet
[2023-01-08 19:59:27] <%+Deathstar991> i can feel my strength beginning to surge
[2023-01-08 19:59:27] <TheSilverSentinel> powerful
[2023-01-08 19:59:34] <%Zemrode_> I don't mean to brag but I am pretty strong, I can move my 2 dogs at once charmi68Cat
[2023-01-08 19:59:34] <%+Deathstar991> so much untapped power
[2023-01-08 19:59:39] <%HQuinnNat> @TheSilverSentinel Thanks for the gift sub! cheymcHug
[2023-01-08 19:59:42] <%+Deathstar991> its over flowing
[2023-01-08 20:00:01] <ughlycoyote> @kingsassafrass excuse, you're like top 1% tier hendsome and strongk, don't even lie to us cheymcBunny
[2023-01-08 20:00:03] <%+kingsassafrass> tunneling is so strong 💪
[2023-01-08 20:00:06] VIEWERS: 68
[2023-01-08 20:00:10] <TheSilverSentinel> he may perchance be feeling a bit wacky
[2023-01-08 20:00:16] <%HQuinnNat> LOL, Poggy!
[2023-01-08 20:00:18] <%jayyc96> Not the tunnel cheymcThicc cheymcThicc
[2023-01-08 20:00:27] <!%^Nightbot> Follow Chey on tiktok for more content  https://www.tiktok.com/@cheyttv
[2023-01-08 20:00:29] <%+kingsassafrass> @ughlycoyote semperturtNou semperturtNou
[2023-01-08 20:00:46] <%randomman55555> Chey you dont need a build to get tunneled Kappa
[2023-01-08 20:00:54] <ughlycoyote> @kingsassafrass cheymcUwU cheymcUwU cheymcUwU
[2023-01-08 20:00:54] <%randomman55555> it just happens x7cmpwSmile
[2023-01-08 20:00:59] [Notification] TheSilverSentinel subscribed with Prime. They've subscribed for 2 months! [cheymcPop]
[2023-01-08 20:00:59] <%ovatix> is Chey the real killer?
[2023-01-08 20:01:19] <%+Phoenixk91> bless you
[2023-01-08 20:01:20] <!%^Nightbot> Want to interact more with the community off-stream? Play some DbD with other chatters? Come join us on the Discord at: https://discord.gg/GRgxBG4
[2023-01-08 20:01:23] <%randomman55555> Bless TBAngel
[2023-01-08 20:01:31] <%SunLukong> Bless You cheymcDuck
[2023-01-08 20:02:06] <%Zemrode_> Average knight gameplay
[2023-01-08 20:02:06] VIEWERS: 75
[2023-01-08 20:02:17] <%TheSilverSentinel> pole vault over the gate, no one ever considers the option
[2023-01-08 20:02:26] <%+kingsassafrass> chey is the best for tunneling lol
[2023-01-08 20:02:35] <%HeartlessFiend> Classic Knight can confirm cheymcSquish
[2023-01-08 20:03:10] <%ovatix> I'm alright! pulling your stream up to fill the silence xD
[2023-01-08 20:03:48] <%HeartlessFiend> KEKW
[2023-01-08 20:03:59] <%jayyc96> KEKW
[2023-01-08 20:04:06] VIEWERS: 75
[2023-01-08 20:04:27] <%ovatix> cheymcCult
[2023-01-08 20:04:29] <%HeartlessFiend> ASMR monster fanfiction reading time cheymcPop
[2023-01-08 20:04:33] <%jayyc96> cheymcCult
[2023-01-08 20:04:34] <%TheSilverSentinel> piglets?!
[2023-01-08 20:04:37] <%SunLukong> LUL
[2023-01-08 20:04:37] <%$mawma_chili> cheymcCult cheymcCult cheymcCult
[2023-01-08 20:04:52] <%Zemrode_> Are naughty little piglets just toes? If so i'm in
[2023-01-08 20:04:55] <ughlycoyote> @mawma_chili droHeart droHeart droHeart
[2023-01-08 20:05:03] <!%$awesometrax> !say Dan, and everyone, please never ever smack your lips when you talk or eat. It is the most cringe thing known to man
[2023-01-08 20:05:03] <%jayyc96> cheymcWut
[2023-01-08 20:05:09] <%ovatix> cheymcFine cheymcFine cheymcFine cheymcFine cheymcFine cheymcFine
[2023-01-08 20:05:19] <%$mawma_chili> @ughlycoyote hiiiii I know you droTbag droTbag
[2023-01-08 20:05:23] <%ovatix> ..... I understand, so it needs to be done more
[2023-01-08 20:05:24] <%HQuinnNat> cheymcFine
[2023-01-08 20:05:26] <tunacant> trax dont tell me how to live my life
[2023-01-08 20:05:32] <%jayyc96> cheymcFine
[2023-01-08 20:05:32] <!%$awesometrax> My dad does that every time he eats and it drives me up the wall
[2023-01-08 20:05:36] <ughlycoyote> @mawma_chili fancy meeting you here, stranger <3
[2023-01-08 20:05:37] <!%$awesometrax> @tunacant LUL LUL
[2023-01-08 20:06:06] VIEWERS: 88
[2023-01-08 20:06:20] <%TheSilverSentinel> can you believe that the next anniversary is less than half a year away
[2023-01-08 20:06:40] <%HeartlessFiend> impersonation is the biggest form of flattery cheymcBlush
[2023-01-08 20:06:40] <%$mawma_chili> @ughlycoyote omg I love lurking in Chey’s streams on the weekend and laughing my ass off while I play Pokémon LUL
[2023-01-08 20:06:57] <@%$XI_marly_XI> hi chey cheymcSquish
[2023-01-08 20:07:01] <%jayyc96> KEKW
[2023-01-08 20:07:01] <@%$XI_marly_XI> hi chat cheymcHug
[2023-01-08 20:07:05] <%$mawma_chili> @chey oh I’ve reached 117 shiny Pokémon cheymcSpin
[2023-01-08 20:07:18] <%jayyc96> Hi Marly! cheymcLove
[2023-01-08 20:07:53] <%TheSilverSentinel> big words from the one calling him flan
[2023-01-08 20:07:57] <ughlycoyote> @mawma_chili yessssss Chey's stream is perfect weekend material (everyday material tbh, but you know)
[2023-01-08 20:07:59] <%Zemrode_> I can't be like Roy, I'm not good at being gullible D:
[2023-01-08 20:08:06] VIEWERS: 88
[2023-01-08 20:08:38] <%HeartlessFiend> @mawma_chili 117 that's impressive!
[2023-01-08 20:08:40] [Points] sweetslover99 redeemed Lurking but wanted to say hi :)  (100)
[2023-01-08 20:08:40] <%TheSilverSentinel> eeeeeew
[2023-01-08 20:08:44] <ughlycoyote> NOT THE MAYO DUNK
[2023-01-08 20:08:47] <ughlycoyote> hands only
[2023-01-08 20:09:02] <%SunLukong> Kiddy Pool full of mayo
[2023-01-08 20:09:04] <!%$awesometrax> Mayo tank?!?!?! cheymcWut cheymcStare
[2023-01-08 20:09:17] <%Zemrode_> You'd just feel really greasy forever after that
[2023-01-08 20:09:18] <%$mawma_chili> @heartlessfiend Thank you!! I’m attempting to get as many as I can without trying to get the dex, ya know?
[2023-01-08 20:09:25] <%$mawma_chili> @chey yes on violet
[2023-01-08 20:10:02] <@%$XI_marly_XI> 7 gave me a shiny spoink. it was super cute cheymcSquish
[2023-01-08 20:10:06] VIEWERS: 90
[2023-01-08 20:10:07] <%princess_drusus> Heyo there! cheymcWiggle
[2023-01-08 20:10:10] <%nextleveljohnni> Chey put an everstone on it so it stops trying to evolve
[2023-01-08 20:10:17] <%HeartlessFiend> Shiny Spoink is adorable!
[2023-01-08 20:10:47] <!%jewlyuh> strong & handsome sunday
[2023-01-08 20:11:03] <!%$awesometrax> !say Strong Evan is... UNRELENTING. Strong. But most importantly, he is unrelenting. With his unrelenting.
[2023-01-08 20:11:40] <%TheSilverSentinel> shiny golduck is a downgrade ngl
[2023-01-08 20:11:52] <%$mawma_chili> ^
[2023-01-08 20:11:52] <!%^Nightbot> ^
[2023-01-08 20:11:55] <%$mawma_chili> Agreed
[2023-01-08 20:12:06] VIEWERS: 94
[2023-01-08 20:12:17] <%Zemrode_> It's been B to stop evolution since the first pokemon game :p
[2023-01-08 20:12:20] <!%$7cmPwincess> !say hateful
[2023-01-08 20:12:56] [Points] 7cmPwincess redeemed TTS (1 000) [hateful]
[2023-01-08 20:13:21] [Points] aarulf redeemed TTS (1 000) [you are strong and handsome]
[2023-01-08 20:13:38] [Points] HeartlessFiend redeemed TTS (1 000) [Strong and handsome and relentless]
[2023-01-08 20:13:55] <!%$awesometrax> Now someone who is truly hateful is the survivors I faced yesterday as Artist who constantly flashlighted my crows away and called me bad after they outplayed me
[2023-01-08 20:13:58] <tunacant> dwights are silly
[2023-01-08 20:14:06] VIEWERS: 94
[2023-01-08 20:14:57] <@^StreamElements> If you want to support the stream further subscribe today https://www.twitch.tv/products/cheymcfly/ticket?ref=below_video_subscribe_button
[2023-01-08 20:15:10] <%+SpacixOne> cheymcWiggle cheymcWiggle cheymcWiggle
[2023-01-08 20:15:12] <%+SpacixOne> cheymcHop cheymcHop cheymcHop
[2023-01-08 20:15:15] <%+SpacixOne> cheymcSpin cheymcSpin cheymcSpin
[2023-01-08 20:15:24] <%TushAvi> cheymcWiggle cheymcBoop cheymcWiggle cheymcBoop cheymcWiggle cheymcBoop
[2023-01-08 20:15:32] <%$mawma_chili> cheymcWiggle cheymcSpin cheymcWiggle cheymcSpin cheymcWiggle cheymcSpin
[2023-01-08 20:15:45] <%HQuinnNat> cheymcWiggle cheymcSpin cheymcWiggle cheymcSpin cheymcWiggle cheymcSpin
[2023-01-08 20:15:45] <%+Phoenixk91> A killer that slugs especially a nurse is annoying to go against.
[2023-01-08 20:15:47] <%jayyc96> cheymcWiggle cheymcBoop cheymcSpin
[2023-01-08 20:16:06] VIEWERS: 99
[2023-01-08 20:16:25] <!%$awesometrax> @Phoenixk91 And yet I'd take a slugging Nurse any day over a Pinhead or Knight.
[2023-01-08 20:16:27] <@^StreamElements> If you are enjoying the stream be sure to follow! :)
[2023-01-08 20:17:12] <%TheSilverSentinel> nea seems to have made it out fine
[2023-01-08 20:17:43] <%HQuinnNat> @Phoenixk91 Id take any other killer over Pinhead
[2023-01-08 20:17:45] <%+Phoenixk91> @awesometrax Pinhead can counter slugging though
[2023-01-08 20:18:06] VIEWERS: 99
[2023-01-08 20:18:49] <%+Phoenixk91> Sometimes I can tell how focused Chey gets when playing LUL
[2023-01-08 20:18:50] <%+Torv__> Remember chat; Identity theft is no joke. The authorities can be relentless in pursuing the perpetrator cheymcBoop
[2023-01-08 20:19:32] <%+zeroatlas1020> Some would even say unrelenting.
[2023-01-08 20:19:42] <%TheSilverSentinel> gen rush
[2023-01-08 20:19:45] <%Zemrode_> Dont tunnel
[2023-01-08 20:19:47] <%jayyc96> Gen rush
[2023-01-08 20:19:47] <%princess_drusus> gen rush
[2023-01-08 20:19:49] <%HQuinnNat> Dont tunnel
[2023-01-08 20:19:49] <%HeartlessFiend> Gen rush ayakas5Mlem
[2023-01-08 20:19:53] <%ovatix> Gen Tunnel
[2023-01-08 20:19:56] <+x1372> pkroseTopSpin
[2023-01-08 20:20:06] Viewerstats (19:52-20:20): avg:78 min:43 max:101 [15/43+0+15+10+0+7+0+13+0+2+4+0+5+0+2]
[2023-01-08 20:20:06] VIEWERS: 101
[2023-01-08 20:20:15] <!%^Nightbot> Want to interact more with the community off-stream? Play some DbD with other chatters? Come join us on the Discord at: https://discord.gg/GRgxBG4
[2023-01-08 20:20:22] <%TheSilverSentinel> has enough power to ignore fashion
[2023-01-08 20:20:33] <%+Phoenixk91> Chey giving fashion advice
[2023-01-08 20:20:38] <%HQuinnNat> Lmao
[2023-01-08 20:20:40] <%jayyc96> KEKW
[2023-01-08 20:20:41] <%HeartlessFiend> The fashion shaming cheymcFeral
[2023-01-08 20:20:49] <+x1372> fashion advice:  ALL GREEN ALL THE TIME
[2023-01-08 20:21:03] <%jayyc96> So just hateful cheymcCult cheymcCult
[2023-01-08 20:21:15] <!%$7cmPwincess> dan is PMSing
[2023-01-08 20:21:36] <%TheSilverSentinel> suuuh dood
[2023-01-08 20:21:40] <%$mawma_chili> droSTINKY ?
[2023-01-08 20:21:57] <!%$awesometrax> It's ok, I often miss both BNP skill checks. Which is why I don't usually bring it
[2023-01-08 20:22:02] <dabestgamer> Hi Chey. Good luck.
[2023-01-08 20:22:06] VIEWERS: 101
[2023-01-08 20:22:09] <%HeartlessFiend> 7 would never tell a lie cheymcHug
[2023-01-08 20:22:18] <%+Phoenixk91> What does pms mean?
[2023-01-08 20:23:18] <!%$awesometrax> It's I'm Not Okay (I Promise)
[2023-01-08 20:23:19] <@%$XI_marly_XI> premenstrual syndrome
[2023-01-08 20:23:26] <%Zemrode_> @Phoenixk91 pepper mentos slap
[2023-01-08 20:23:27] <%ovatix> Styles?
[2023-01-08 20:23:49] <%+zeroatlas1020> Pre-match saltiness
[2023-01-08 20:24:06] VIEWERS: 118
[2023-01-08 20:24:07] <!%jewlyuh> literally yeah, that was me yesterday
[2023-01-08 20:24:10] <%HeartlessFiend> Paper Mario Speedruns? is clearly what it stands for
[2023-01-08 20:24:11] <%Zemrode_> I can't relate :/
[2023-01-08 20:24:59] <%Zemrode_> You can speedrun dbd, you literally submitted a trapper game
[2023-01-08 20:25:01] <%TheSilverSentinel> you ever see people speed run family guy? it's wild
[2023-01-08 20:25:04] <%jayyc96> cheymcDuck
[2023-01-08 20:25:06] <!%$awesometrax> Pretty much screwed
[2023-01-08 20:25:17] [Points] orcanaxt redeemed Bonk The Chey (1 000)
[2023-01-08 20:25:34] <%HeartlessFiend> I will forever be scarred when someone told me it was Shark Week and my gullible ass said I haven't seen shark week in forever cheymcClown
[2023-01-08 20:26:06] VIEWERS: 118
[2023-01-08 20:26:20] <!%jewlyuh> !shark
[2023-01-08 20:26:20] <!%^Nightbot> cheymcRave  baby shark  cheymcRave  shark  cheymcRave  shark  cheymcRave  shark  cheymcRave  shark  cheymcRave
[2023-01-08 20:26:26] <!%$awesometrax> @HeartlessFiend it's ok I didn't realize that was a saying
[2023-01-08 20:26:32] <%BeckiC92> my husband also tracks my time of the month and when it's the 5 days before he knows not to wind me up
[2023-01-08 20:26:50] <%BeckiC92> and if he finds me crying, he knows why
[2023-01-08 20:26:56] <@%$XI_marly_XI> aww
[2023-01-08 20:26:58] <%rayne_allure> I see the green chey :0
[2023-01-08 20:27:22] <@%$XI_marly_XI> my husband is always surprised when i'm on my period aliaSlain
[2023-01-08 20:27:28] <%rayne_allure> raynea1Heart raynea1Heart how are you?
[2023-01-08 20:27:39] <@%$XI_marly_XI> he just forgets that it happens
[2023-01-08 20:27:56] <!%$awesometrax> CHEY NO
[2023-01-08 20:28:06] VIEWERS: 118
[2023-01-08 20:28:14] <!%$awesometrax> SHE DOESN'T WANT PITY HOOKS
[2023-01-08 20:28:27] <%+Phoenixk91> sounds like he's lying LUL
[2023-01-08 20:28:52] <%rayne_allure> I would never leave chey raynea1Drop
[2023-01-08 20:28:53] <%TheSilverSentinel> he literally said he was trying to be a menace right before though
[2023-01-08 20:29:00] <!%$awesometrax> But I guess she has a break pallets challenge
[2023-01-08 20:29:28] <%rayne_allure> No lol
[2023-01-08 20:29:47] <%rayne_allure> If you died by the moonwalk lol
[2023-01-08 20:30:07] VIEWERS: 113
[2023-01-08 20:30:15] <%HeartlessFiend> Little does she know cheymcSmug
[2023-01-08 20:30:19] <!%$awesometrax> Ah makes sense
[2023-01-08 20:31:00] <huffpuffduck> you ARE strong and handsome, as well as wonderful, kind, and amazing
[2023-01-08 20:31:20] <%HeartlessFiend> Dumbnail Toxic!
[2023-01-08 20:31:24] <~%Chey> https://twitter.com/DyllonKG/status/1612169932699209728?s=20
[2023-01-08 20:32:11] VIEWERS: 121
[2023-01-08 20:32:22] <huffpuffduck> Chey RESPECTS
[2023-01-08 20:32:30] <%+Phoenixk91> How u know??
[2023-01-08 20:32:31] <!%bored2tears> BRUH I was so confused seeing his name set as Roy's LUL
[2023-01-08 20:32:45] <%Zemrode_> That is Roy wdym?
[2023-01-08 20:32:47] <huffpuffduck> hi nick! happy birthday weekend
[2023-01-08 20:33:01] <!%bored2tears> Thought somehow Roy was multi-tasking, doing Elden Ring and DbD at the same time LUL
[2023-01-08 20:33:02] <%+zeroatlas1020> Roy's just trying a new accent.
[2023-01-08 20:33:25] <!%bored2tears> @huffpuffduck Thank you, I appreciate it!
[2023-01-08 20:34:03] <!%bored2tears> I know that Rebecca!
[2023-01-08 20:34:05] <+x1372> hmm, quite.
[2023-01-08 20:34:11] VIEWERS: 121
[2023-01-08 20:34:21] <@%dave_rua> KEKW
[2023-01-08 20:34:28] <%Zemrode_> SHYEAH DUDE!
[2023-01-08 20:34:33] <+ghostykatty> Your accent is way better than mine. I sound like an extra in Fargo.
[2023-01-08 20:34:34] <%jayyc96> KEKW
[2023-01-08 20:34:49] <huffpuffduck> i think everyone's accent sounds basic to themselves
[2023-01-08 20:34:57] <!%bored2tears> I know A Drew. Just IRL, not on Steam
[2023-01-08 20:35:28] <!%bored2tears> I now Drew Barryless :(
[2023-01-08 20:35:32] <!%bored2tears> know*
[2023-01-08 20:35:34] <%Zemrode_> Fargo is like the typical Minnasota accent you'd expect
[2023-01-08 20:35:36] <huffpuffduck> roy's accent sounds like he's on a crime investigation podcast, and he's about to witness a crime that he set up
[2023-01-08 20:35:37] <%+zeroatlas1020> Tip at least 20%, more for chocolate or strawberry.
[2023-01-08 20:35:55] <!%bored2tears> L O L
[2023-01-08 20:35:59] <@%$XI_marly_XI> lmaooo
[2023-01-08 20:36:04] <!%$awesometrax> Pinhead's noise when he misses a chain is extremely unsettling
[2023-01-08 20:36:05] <!%bored2tears> Weirdly super accurate read???
[2023-01-08 20:36:13] <%jayyc96> KEKW KEKW
[2023-01-08 20:36:17] VIEWERS: 121
[2023-01-08 20:36:21] <huffpuffduck> oh wait you're not talking to roy rn?
[2023-01-08 20:36:27] <@^StreamElements> If you are enjoying the stream be sure to follow! :)
[2023-01-08 20:36:33] <huffpuffduck> I meant dan
[2023-01-08 20:36:37] <%HQuinnNat> cheymcGiggle
[2023-01-08 20:36:49] <+x1372> d88Feast
[2023-01-08 20:36:54] <%Zemrode_> VOMMY MOMMY! cheymcBlush
[2023-01-08 20:37:18] <%Zemrode_> I hope she has devour and moris you
[2023-01-08 20:38:00] <%TheSilverSentinel> dan does sound like the guy to tamper with the elevator cables
[2023-01-08 20:38:17] VIEWERS: 121
[2023-01-08 20:38:27] <%jayyc96> KEKW KEKW
[2023-01-08 20:38:30] <%Zemrode_> That just explains your weed shop 3 addiction for a bit
[2023-01-08 20:38:31] <%TheSilverSentinel> cheymcStare
[2023-01-08 20:38:35] <%RedPhazon> cheymcD
[2023-01-08 20:38:38] <%+zeroatlas1020> When I played gta as a kid, I would stop at red lights and drive the speed limit
[2023-01-08 20:38:38] <%Zemrode_> Dildos keep showing up in your games
[2023-01-08 20:39:15] <%TheSilverSentinel> one naughty little piglet?
[2023-01-08 20:39:31] <!%$awesometrax> Did you know there's a town in eastern Canada called Dildo?
[2023-01-08 20:39:57] <@^StreamElements> If you want to support the stream further subscribe today https://www.twitch.tv/products/cheymcfly/ticket?ref=below_video_subscribe_button
[2023-01-08 20:40:15] <!%^Nightbot> Want to interact more with the community off-stream? Play some DbD with other chatters? Come join us on the Discord at: https://discord.gg/GRgxBG4
[2023-01-08 20:40:17] VIEWERS: 121
[2023-01-08 20:41:16] <huffpuffduck> honestly if one person cleanses, everyone cleanses
[2023-01-08 20:41:44] <%Zemrode_> Next time I redeem widdle pogchamp can I be naughty widdle piglet instead?
[2023-01-08 20:42:17] VIEWERS: 121
[2023-01-08 20:44:17] VIEWERS: 123
[2023-01-08 20:45:28] <%TheSilverSentinel> she slurped the goo!
[2023-01-08 20:45:59] <%Zemrode_> The forbidden kool-aid D:
[2023-01-08 20:46:05] <%HQuinnNat> Eww cheymcSip
[2023-01-08 20:46:17] VIEWERS: 123
[2023-01-08 20:46:17] <%TheSilverSentinel> @Zemrode_ kool-aid with pulp
[2023-01-08 20:46:34] <huffpuffduck> !throne
[2023-01-08 20:46:34] <!%^Nightbot> Chey has joined Throne! https://jointhrone.com/u/chey You can safely and securely order gifts for Chey on her Wishlist or surprise me with any item available on Throne. You can also suggest gifts for her to add to my Wishlist.
[2023-01-08 20:47:52] <%Zemrode_> We cant say it in chat Dan, its banned :/
[2023-01-08 20:48:17] VIEWERS: 129
[2023-01-08 20:48:32] <!%$7cmPwincess> did u see the streamer i dmed u
[2023-01-08 20:49:26] <@%$XI_marly_XI> lol
[2023-01-08 20:49:26] <!%^Nightbot> cheymcDolphin cheymcDolphin cheymcDolphin cheymcDolphin
[2023-01-08 20:49:29] <!%jewlyuh> hey we do that for vizzey too
[2023-01-08 20:49:33] <%Zemrode_> It's Dan's chat because he is ttv/chey
[2023-01-08 20:50:19] Viewerstats (20:22-20:50): avg:119 min:101 max:129 [15/101+17+0+0−5+8+0+0+0+0+0+2+0+6+0]
[2023-01-08 20:50:19] VIEWERS: 129
[2023-01-08 20:50:27] <%TheSilverSentinel> streamer privlege
[2023-01-08 20:50:54] <%Zemrode_> Why does Chey sound like Buffalo Bill?
[2023-01-08 20:51:04] <%+Torv__> The better Chey escaped cheymcClown
[2023-01-08 20:51:25] <%Zemrode_> HAPPY BIRTHDAY!
[2023-01-08 20:51:28] <@%$XI_marly_XI> Happy birthday chey!
[2023-01-08 20:51:34] <%SunLukong> Merry Christmas
[2023-01-08 20:51:36] <%jayyc96> HAPPY BDAY cheymcSquish cheymcSquish cheymcSquish
[2023-01-08 20:51:37] <@%$XI_marly_XI> !birthday @Chey
[2023-01-08 20:51:37] <!%^Nightbot> Happy Birthday to you! Happy birthday to you! Happy birthday dear @Chey! Happy birthday to you!
[2023-01-08 20:51:38] <doglover1500> HAPPY BIRTHDAY! xD
[2023-01-08 20:51:42] <%BeckiC92> HAPPY BIRTHDAY
[2023-01-08 20:51:51] <%DistinctRider> FeelsBirthdayMan Clap
[2023-01-08 20:51:57] <%+NatOne_AJ> Happy birthday
[2023-01-08 20:52:02] [Points] BeckiC92 redeemed TTS (1 000) [Happy Birthday! cheymcBitties]
[2023-01-08 20:52:06] <%+Torv__> cheymcBitties Happy Birthday cheymcRave
[2023-01-08 20:52:11] <%Zemrode_> If I redeem bring a mori, can you sandbag Dan? He deserves it extra today
[2023-01-08 20:52:13] <barbarian_angel> Happy birthday!
[2023-01-08 20:52:16] <%HQuinnNat> Happy Birthday! cheymcRave
[2023-01-08 20:52:20] VIEWERS: 129
[2023-01-08 20:52:27] <@%$XI_marly_XI> lmaooo
[2023-01-08 20:52:37] <%HQuinnNat> Lol, you started this
[2023-01-08 20:52:38] [Points] Zemrode_ redeemed BRING A MORI (5 000) [Sandbag Dan]
[2023-01-08 20:52:39] <%TheSilverSentinel> cheymcRave Happy cheymcRave Birthday cheymcRave
[2023-01-08 20:53:34] <%bumble_bee_84> Chey!!! cheymcSpin
[2023-01-08 20:53:51] [Usernotice] Torv__ is paying forward the Gift they got from PureBlueMC to the community!
[2023-01-08 20:53:51] [Usernotice] Torv__ is gifting 5 Tier 1 Subs to Chey's community! They've gifted a total of 7 in the channel!
[2023-01-08 20:53:52] [Notification] Torv__ gifted a Tier 1 sub to Satheron2016! Satheron2016 has subscribed for 8 months!
[2023-01-08 20:53:52] [Notification] Torv__ gifted a Tier 1 sub to GhostTownie! GhostTownie has subscribed for 4 months!
[2023-01-08 20:53:52] [Notification] Torv__ gifted a Tier 1 sub to Zeoxin! Zeoxin has subscribed for 2 months!
[2023-01-08 20:53:52] [Notification] Torv__ gifted a Tier 1 sub to charli_xcx_stan! charli_xcx_stan has subscribed for 3 months!
[2023-01-08 20:53:52] [Notification] Torv__ gifted a Tier 1 sub to Fudge_Round_! Fudge_Round_ has subscribed for 2 months!
[2023-01-08 20:54:06] <%Torv__> Totally Birthday Gift Subs cheymcRave cheymcBoop
[2023-01-08 20:54:10] <@%$XI_marly_XI> !hype
[2023-01-08 20:54:10] <!%^Nightbot> cheymcHype cheymcRave cheymcDolphin cheymcHype cheymcRave cheymcDolphin cheymcHype cheymcRave cheymcDolphin cheymcHype cheymcRave cheymcDolphin cheymcHype cheymcRave cheymcDolphin cheymcHype cheymcRave cheymcDolphin cheymcHype cheymcRave cheymcDolphin
[2023-01-08 20:54:15] <%Torv__> Lol
[2023-01-08 20:54:15] <!%^Nightbot> cheymcDolphin cheymcDolphin cheymcDolphin cheymcDolphin
[2023-01-08 20:54:20] <%HQuinnNat> cheymcRave Birthday Subs! cheymcRave
[2023-01-08 20:54:21] VIEWERS: 129
[2023-01-08 20:55:16] <%Torv__> Just need to get some more milk
[2023-01-08 20:56:17] <Reesys> whiskers
[2023-01-08 20:56:22] VIEWERS: 127
[2023-01-08 20:56:27] <@^StreamElements> If you are enjoying the stream be sure to follow! :)
[2023-01-08 20:56:51] [Points] ClayIngersoll redeemed Lurking but wanted to say hi :)  (100)
[2023-01-08 20:58:18] <+buglily> hi hi
[2023-01-08 20:58:22] VIEWERS: 135
[2023-01-08 20:59:13] <barbarian_angel> I’m so glad I got to catch the birthday stream!
[2023-01-08 20:59:42] <huffpuffduck> i also saw Chey throw shack pallet, at least ir wasn't at 4 gens
[2023-01-08 20:59:43] <%TheSilverSentinel> every day is dan's dads birthday? dude must be OLD
[2023-01-08 20:59:58] [Points] ramuneram redeemed TTS (1 000) [Happy Birthday Chey!]
[2023-01-08 21:00:03] <%HQuinnNat> cheymcGiggle
[2023-01-08 21:00:22] VIEWERS: 135
[2023-01-08 21:00:50] <barbarian_angel> I have the perfect present
[2023-01-08 21:00:58] <%+SpacixOne> Omg a new year and new birthday for Chey! Happy 30th Chey!
[2023-01-08 21:01:40] [Points] barbarian_angel redeemed Who's my widdle pogchamp (100 000)
[2023-01-08 21:02:22] VIEWERS: 140
[2023-01-08 21:02:23] <%+SpacixOne> karaLul
[2023-01-08 21:02:43] [Points] huffpuffduck redeemed TTS (1 000) [with the accent talk earlier' 7's accent sounds like an audiobook reader who has to read a boring book, but gets excited at the romantic scenes]
[2023-01-08 21:02:46] <+buglily> cheymcUwU cheymcUwU
[2023-01-08 21:02:55] <barbarian_angel> cheymcUwU cheymcUwU
[2023-01-08 21:02:57] <%Zemrode_> You were muted for that entire pogchamp, you should do it again
[2023-01-08 21:03:04] <barbarian_angel> Ahhhh
[2023-01-08 21:03:09] <barbarian_angel> Two for one
[2023-01-08 21:03:16] <!%$7cmPwincess> !say whos my wittle pogchamp? whos my wittle pogchamp? barbarian_angel is my wittle pogchamp, yes you are. uh. wooh.
[2023-01-08 21:03:27] <%HeartlessFiend> Surfs up baby EZ
[2023-01-08 21:04:19] <barbarian_angel> Thanks @7cmpwincess for the trifecta
[2023-01-08 21:04:22] VIEWERS: 140
[2023-01-08 21:04:48] <huffpuffduck> Chey's accent sounds like the you're in a teen movie where there's a beach scene, and you're the alpha surfer who everyone somehow underestimates even though you have won 12 times in a row
[2023-01-08 21:04:54] <%TheSilverSentinel> huuuuh
[2023-01-08 21:04:57] <@^StreamElements> If you want to support the stream further subscribe today https://www.twitch.tv/products/cheymcfly/ticket?ref=below_video_subscribe_button
[2023-01-08 21:05:06] <%Laureazy> cheymcCozy
[2023-01-08 21:05:10] <%HeartlessFiend> *That's called Cow Tipping HAR HAR HAR* The real besties know where it's from EZ
[2023-01-08 21:05:53] <%TheSilverSentinel> i'd just say chey sounds like shaggy
[2023-01-08 21:05:59] <%HeartlessFiend> NAUR not the valley girl NOOOO
[2023-01-08 21:06:09] <huffpuffduck> :O
[2023-01-08 21:06:15] <huffpuffduck> 7 how dare
[2023-01-08 21:06:15] <%Laureazy> D:
[2023-01-08 21:06:22] <@%$XI_marly_XI> akltriSip
[2023-01-08 21:06:22] VIEWERS: 138
[2023-01-08 21:06:46] <ughlycoyote> THAT SHOW
[2023-01-08 21:06:47] [Points] aarulf redeemed TTS (1 000) [chey is toootally a valley girl]
[2023-01-08 21:06:47] <%TheSilverSentinel> i'd say that's accurate
[2023-01-08 21:06:50] <ughlycoyote> YES HE IS
[2023-01-08 21:07:12] <%BeckiC92> oh man pretentious teen me LOVED that show
[2023-01-08 21:07:22] [Raid] 11 raiders from BoonGroovyPuppet have joined!
[2023-01-08 21:07:29] <+BoonGroovyPuppet> boongrRaided boongrRaided boongrRaided
[2023-01-08 21:07:41] <huffpuffduck> welcome raiders
[2023-01-08 21:07:46] <@%$XI_marly_XI> !so BoonGroovyPuppet
[2023-01-08 21:07:46] <!%^Nightbot> They are awesome. OMG Please check out BoonGroovyPuppet. They just played Dead by Daylight for their previous stream. Just check them out >>>> twitch.tv/BoonGroovyPuppet
[2023-01-08 21:08:09] <@%$XI_marly_XI> welcome everyone! cheymcLove
[2023-01-08 21:08:22] VIEWERS: 138
[2023-01-08 21:08:33] <%Zemrode_> Mean on your birthday? D:
[2023-01-08 21:08:35] <juliacanda> wait i didn't realize that was actually you
[2023-01-08 21:08:45] <juliacanda> i used to watch you when you played among us, I was last game's wesker
[2023-01-08 21:08:47] <%HeartlessFiend> Wholesome and 7 are the sweetest sweeties
[2023-01-08 21:08:47] <juliacanda> ggs
[2023-01-08 21:08:49] <%+zeroatlas1020> They're being mean on her birthday of all days! cheymcCry
[2023-01-08 21:08:53] <%SunLukong> They are a pair of affiliates who like to booly partners cheymcO7
[2023-01-08 21:08:55] <juliacanda> i played so badly yall destroyed me
[2023-01-08 21:09:00] <@%$XI_marly_XI> gg julia!
[2023-01-08 21:09:11] <%HeartlessFiend> AMOGUS!!!!
[2023-01-08 21:09:33] <+BoonGroovyPuppet> had some interesting games today, gotta take care of my girl who has covid boongrRIP boongrRIP boongrRIP
[2023-01-08 21:10:11] <%TheSilverSentinel> built different
[2023-01-08 21:10:22] VIEWERS: 146
[2023-01-08 21:10:25] <%HQuinnNat> Gonna be sad to see Bubba go
[2023-01-08 21:10:47] <%HQuinnNat> True
[2023-01-08 21:10:48] <huffpuffduck> you should do all 5 gens before you resue 7
[2023-01-08 21:11:13] <@%$XI_marly_XI> 7 is so dramatic lol
[2023-01-08 21:11:27] <%HeartlessFiend> Gens before Friends EZ
[2023-01-08 21:12:11] <@%$XI_marly_XI> m1lf
[2023-01-08 21:12:12] <huffpuffduck> i thought it was the female cosmetic because damn
[2023-01-08 21:12:23] VIEWERS: 146
[2023-01-08 21:12:26] <%HeartlessFiend> I hecking love M1lfs! mcchic3LETSGO
[2023-01-08 21:13:09] <!%jewlyuh> no one wants to hang out with chey on her bday :(
[2023-01-08 21:13:18] <@%$XI_marly_XI> unlucky
[2023-01-08 21:13:23] <%HQuinnNat> cheymcCry Poor Chey, np one wants to do gens with her
[2023-01-08 21:14:25] VIEWERS: 146
[2023-01-08 21:14:43] <!%jewlyuh> it was HIMYM
[2023-01-08 21:15:33] <%+kingsassafrass> chey always getting tunneled
[2023-01-08 21:16:10] <%+kingsassafrass> getting tunneled so hard at 5gens even lol
[2023-01-08 21:16:25] VIEWERS: 149
[2023-01-08 21:16:27] <@^StreamElements> If you are enjoying the stream be sure to follow! :)
[2023-01-08 21:17:22] <@%$XI_marly_XI> LOL
[2023-01-08 21:17:22] <!%^Nightbot> cheymcDolphin cheymcDolphin cheymcDolphin cheymcDolphin
[2023-01-08 21:17:29] <%HeartlessFiend> LMAO
[2023-01-08 21:17:45] <!%JamithyYoung> Yes it is LUL
[2023-01-08 21:17:52] <%HQuinnNat> cheymcGiggle
[2023-01-08 21:18:25] <%+kingsassafrass> damn Cheryl's lol
[2023-01-08 21:18:27] VIEWERS: 149
[2023-01-08 21:18:41] <%HeartlessFiend> LMAO
[2023-01-08 21:18:49] <ShadyZenith> was watching both PoVs XD
[2023-01-08 21:19:05] <%+kingsassafrass> chey needs better teammates lol
[2023-01-08 21:19:29] <@%$XI_marly_XI> AHAHAHA
[2023-01-08 21:19:50] <%HeartlessFiend> KEKW
[2023-01-08 21:19:59] <ShadyZenith> was fun to watch :D ggs
[2023-01-08 21:20:23] [Notification] phoenixfire_15 subscribed at Tier 1. They've subscribed for 12 months! [uwu for MY favorite little pogchamp]
[2023-01-08 21:20:27] Viewerstats (20:52-21:20): avg:140 min:127 max:154 [15/129+0−2+8+0+5+0−2+0+8+0+0+3+0+5]
[2023-01-08 21:20:27] VIEWERS: 154
[2023-01-08 21:20:45] <@%$XI_marly_XI> uwu phoenix
[2023-01-08 21:20:49] <%+kingsassafrass> report the Cheryl xD
[2023-01-08 21:20:52] <%jayyc96> cheymcHype cheymcHype cheymcHype
[2023-01-08 21:20:58] <%HeartlessFiend> Congrats on your 1 Year!!!!
[2023-01-08 21:21:12] <@%$XI_marly_XI> !love
[2023-01-08 21:21:12] <!%^Nightbot> cheymcLove cheymcHug cheymcPat cheymcLove cheymcHug cheymcPat cheymcLove cheymcHug cheymcPat cheymcLove cheymcHug cheymcPat
[2023-01-08 21:21:38] <%Zemrode_> Vaporeon is #1
[2023-01-08 21:21:42] <%Zemrode_> Then probably Lopunny
[2023-01-08 21:21:44] <@%$XI_marly_XI> stop zem
[2023-01-08 21:21:53] <@%$XI_marly_XI> lmao
[2023-01-08 21:21:55] <%+kingsassafrass> chey is gonna ban everyone lol
[2023-01-08 21:22:07] <%HeartlessFiend> Everybody knows Purugly is best SMH
[2023-01-08 21:22:20] <%HQuinnNat> Cubone is the best!
[2023-01-08 21:22:27] VIEWERS: 154
[2023-01-08 21:22:28] <%Zemrode_> Ditto just transforms into you, I know what I look like and no thanks
[2023-01-08 21:23:15] <%+kingsassafrass> CHEY!!! This is supposed to be a good Christian minecraft stream!!
[2023-01-08 21:23:25] <%HeartlessFiend> Rate it Dry out of Moist Kappa
[2023-01-08 21:23:34] <%+kingsassafrass> not you talking about boinking pokemon
[2023-01-08 21:23:46] <%+kingsassafrass> 10/10 moist
[2023-01-08 21:24:27] VIEWERS: 161
[2023-01-08 21:24:43] <%BeckiC92> cheymcImbread x7cmpwBread
[2023-01-08 21:25:34] [Raid] 19 raiders from ryo_relentless have joined!
[2023-01-08 21:25:34] <%rayne_allure> ryorelManImBread ryorelManImBread ryorelManImBread  RELENTLESS RAID Man Im Bread! Man Im Bread ryorelManImBread ryorelManImBread ryorelManImBread
[2023-01-08 21:25:44] <Izisery> 😈😈 RELENTLESS RAID 😈😈
[2023-01-08 21:25:45] <%Laureazy> cheymcHype
[2023-01-08 21:25:47] <%HeartlessFiend> RYO!!!!!
[2023-01-08 21:25:54] <%+kingsassafrass> POKOS
[2023-01-08 21:26:01] <!%ryo_relentless> DONT CALL ME OUT OMG
[2023-01-08 21:26:03] <wolfloverarny> Hi Chey how are you doing today 😁
[2023-01-08 21:26:03] <@%$XI_marly_XI> !so @ryo_relentless
[2023-01-08 21:26:04] <!%^Nightbot> They are awesome. OMG Please check out ryo_relentless. They just played Elden Ring for their previous stream. Just check them out >>>> twitch.tv/ryo_relentless
[2023-01-08 21:26:04] <doglover1500> x7cmpwKissing x7cmpwKissing x7cmpwKissing x7cmpwKissing
[2023-01-08 21:26:08] <!%ryo_relentless> lmao first thing i come intoooo helloo
[2023-01-08 21:26:21] <@%$XI_marly_XI> hello cuties! cheymcLove
[2023-01-08 21:26:23] <!%ryo_relentless> it was funn<33
[2023-01-08 21:26:27] VIEWERS: 161
[2023-01-08 21:26:29] <%HeartlessFiend> BLUBBERS NOT THE DBD SERVERS
[2023-01-08 21:26:31] <!%ryo_relentless> i be making that face sometimes
[2023-01-08 21:26:34] <%$aarulf> dbd is such a great game
[2023-01-08 21:26:38] <%+kingsassafrass> Ryooooooo!!! ryorelKiss ryorelKiss
[2023-01-08 21:26:56] <@%$XI_marly_XI> dbd is flawless and never has problem :)
[2023-01-08 21:26:59] <maxthesamurai_wolf> hi chey
[2023-01-08 21:27:09] [Points] maxthesamurai_wolf redeemed SHOW STREAMER LOVE <3 (250)
[2023-01-08 21:27:18] <!%ryo_relentless> lmaoooo
[2023-01-08 21:27:20] <!%ryo_relentless> bruhh
[2023-01-08 21:27:21] <maxthesamurai_wolf> good
[2023-01-08 21:27:40] <%Zemrode_> It was funny
[2023-01-08 21:27:40] <@%$XI_marly_XI> it was funny lol
[2023-01-08 21:27:42] <%HeartlessFiend> I teehee'd a little
[2023-01-08 21:27:51] <%+kingsassafrass> i felt bad for bubba
[2023-01-08 21:27:53] <%jayyc96> Funny LUL
[2023-01-08 21:28:27] VIEWERS: 161
[2023-01-08 21:28:29] <!%ryo_relentless> gonna lrukk, gotta do something for a little then ill be back=)
[2023-01-08 21:28:33] [Points] Bridge_IV redeemed Show Chat some love <3 (100)
[2023-01-08 21:28:40] <@%$XI_marly_XI> have fun roy!
[2023-01-08 21:28:41] <Bridge_IV> wholes11Sit wholes11Sit wholes11Sit
[2023-01-08 21:29:01] <%HeartlessFiend> @ryo_relentless cheymcHug See ya when you get back!
[2023-01-08 21:29:18] <$SirenInsight> Hello Hello~ How is everyone today? ryorelComfy
[2023-01-08 21:29:19] <maxthesamurai_wolf> bimbot2Bimbopewpew bimbot2Bimbopewpew bimbot2Bimbopewpew bimbot2Bimbopewpew bimbot2Bimbopewpew bimbot2Bimbopewpew bimbot2Bimbopewpew bimbot2Bimbopewpew bimbot2Bimbopewpew bimbot2Bimbopewpew bimbot2Bimbopewpew bimbot2Bimbopewpew bimbot2Bimbopewpew bimbot2Bimbopewpew bimbot2Bimbopewpew bimbot2Bimbopewpew bimbot2Bimbopewpew bimbot2Bimbopewpew bimbot2Bimbopewpew bimbot2Bimbopewpew
[2023-01-08 21:29:37] <@%$XI_marly_XI> hi siren! hope you're doing well x7cmpwLove
[2023-01-08 21:29:54] <%$Fudge_Round_> @Torv__ Thanks for the gift sub!
[2023-01-08 21:29:57] <@^StreamElements> If you want to support the stream further subscribe today https://www.twitch.tv/products/cheymcfly/ticket?ref=below_video_subscribe_button
[2023-01-08 21:30:01] [Points] Bridge_IV redeemed SHOW STREAMER LOVE <3 (250)
[2023-01-08 21:30:05] <%HeartlessFiend> Cry and throw up?
[2023-01-08 21:30:13] [Notification] SirenInsight subscribed at Tier 1. They've subscribed for 10 months!
[2023-01-08 21:30:16] <%HeartlessFiend> @SirenInsight Siren! I hope your doing okay! <3
[2023-01-08 21:30:18] <!%^Nightbot> Follow Chey on tiktok for more content  https://www.tiktok.com/@cheyttv
[2023-01-08 21:30:27] VIEWERS: 161
[2023-01-08 21:30:36] <%$SirenInsight> Hiiiii, thank you guys! it's a long month of recovery but I'm getting through! ryorelComfy ryorelComfy
[2023-01-08 21:30:49] <@%$XI_marly_XI> lmaooo
[2023-01-08 21:30:53] <%$SirenInsight> Marly sireni21Carryme Heartless heartl77RatLove
[2023-01-08 21:31:01] <%+kingsassafrass> I'm here for it xD
[2023-01-08 21:31:10] <Bridge_IV> plague is so fun LUL
[2023-01-08 21:31:53] <%+kingsassafrass> cheymcSpin Claudette RAID!! cheymcSpin
[2023-01-08 21:32:07] <Bridge_IV> Hangover stink LUL
[2023-01-08 21:32:18] <%rayne_allure> @kingsassafrass raynea1Moomi raynea1Moomi raynea1Moomi
[2023-01-08 21:32:22] <@%$XI_marly_XI> i'm so glad i finished eating just before this game started lol
[2023-01-08 21:32:27] VIEWERS: 151
[2023-01-08 21:32:28] <Bridge_IV> WOW
[2023-01-08 21:32:30] <Bridge_IV> Hateful
[2023-01-08 21:32:32] <%+kingsassafrass> @rayne_allure cheymcSquish cheymcSquish cheymcSquish
[2023-01-08 21:32:33] <%$SirenInsight> PogChamp
[2023-01-08 21:32:33] <@%$XI_marly_XI> welp
[2023-01-08 21:32:36] <+Elfabet> rooBooli  wowz
[2023-01-08 21:32:56] <Bridge_IV> wholes11Sit wholes11Sit
[2023-01-08 21:33:04] <%HeartlessFiend> Pog Flashlight Save!
[2023-01-08 21:33:10] <%+kingsassafrass> chey is just too stinky cheymcEZ
[2023-01-08 21:33:18] <%Zemrode_> Can I lie and go into Heatley's chat and say I just went against a Claudette named Heatleykills?
[2023-01-08 21:34:03] <%+kingsassafrass> do it Zem cheymcCult
[2023-01-08 21:34:23] <%Zemrode_> @kingsassafrass I'd rather have permission from them before I do it since it's their bit :p
[2023-01-08 21:34:24] <%+kingsassafrass> B1t€h
[2023-01-08 21:34:27] VIEWERS: 151
[2023-01-08 21:35:56] <ughlycoyote> 7 coming in with all the deep cuts today
[2023-01-08 21:36:27] <@^StreamElements> If you are enjoying the stream be sure to follow! :)
[2023-01-08 21:36:27] VIEWERS: 154
[2023-01-08 21:36:36] <%Zemrode_> He only said "no you didn't" not the reaction I wanted >:c
[2023-01-08 21:36:36] <%Zeoxin> @torv_ thanks for the gifted sub :D
[2023-01-08 21:36:37] <%+kingsassafrass> i think chey watched a different hey Arnold than the rest of us...
[2023-01-08 21:38:27] VIEWERS: 154
[2023-01-08 21:38:48] <%Zemrode_> Stoop kids not afraid to leave his stoop
[2023-01-08 21:39:31] [Points] rickydingding redeemed Show Chat some love <3 (100)
[2023-01-08 21:39:34] [Points] rickydingding redeemed SHOW STREAMER LOVE <3 (250)
[2023-01-08 21:39:55] <@%$XI_marly_XI> !love
[2023-01-08 21:39:55] <!%^Nightbot> cheymcLove cheymcHug cheymcPat cheymcLove cheymcHug cheymcPat cheymcLove cheymcHug cheymcPat cheymcLove cheymcHug cheymcPat
[2023-01-08 21:40:14] <%+kingsassafrass> IN PUBLIC?!?
[2023-01-08 21:40:27] VIEWERS: 151
[2023-01-08 21:41:03] <@%$XI_marly_XI> i wanna rewatch avatar again
[2023-01-08 21:41:16] [Points] HQuinnNat redeemed SHOW STREAMER LOVE <3 (250)
[2023-01-08 21:41:18] <%Zemrode_> This nurse needs pressure, shes only the most overpowered killer in the game D:
[2023-01-08 21:41:24] <%+kingsassafrass> maple wood
[2023-01-08 21:42:27] VIEWERS: 151
[2023-01-08 21:42:52] <%Zemrode_> Cheryl, a classic resident evil character
[2023-01-08 21:43:00] <@%$XI_marly_XI> ikr
[2023-01-08 21:43:42] BITS: JustJonBlue (100)
[2023-01-08 21:43:42] <%+JustJonBlue> Cheer100 I meant to say this yesterday during Dan's stream, but "man with a plan or chey with a flan?"
[2023-01-08 21:43:43] <%HQuinnNat> Not the noppers
[2023-01-08 21:44:27] VIEWERS: 156
[2023-01-08 21:44:32] <%HQuinnNat> Wow
[2023-01-08 21:44:46] <%Zemrode_> Wow Chey, you're so bad at this game. 3/3 hooks in the game
[2023-01-08 21:44:59] <%$rickydingding> Wow Chey what’d you do to the killer to make them so mad lol
[2023-01-08 21:45:11] <xxx_shotinthenighttime> suppp
[2023-01-08 21:45:17] <xxx_shotinthenighttime> can we play with u
[2023-01-08 21:45:50] <%+kingsassafrass> chey should change her name to "GenRusher". definitely won't get tunneled
[2023-01-08 21:45:57] <@%$XI_marly_XI> chey is playing with friends rn cheymcLove
[2023-01-08 21:46:16] <xxx_shotinthenighttime> rude ffs
[2023-01-08 21:46:27] VIEWERS: 156
[2023-01-08 21:46:30] <%HeartlessFiend> HUH
[2023-01-08 21:46:31] <%$rickydingding> It’s pretty rude to ask that
[2023-01-08 21:46:45] <+ClayIngersoll> @heartlessfiend hi cutie
[2023-01-08 21:46:55] <%+kingsassafrass> tier 3 for 6 months
[2023-01-08 21:47:02] <%HeartlessFiend> @ClayIngersoll Only calls me cutie when I'm not playing knight Sadge
[2023-01-08 21:47:17] <%HeartlessFiend> Based Nurse!
[2023-01-08 21:47:26] <%HQuinnNat> gross nurse
[2023-01-08 21:47:34] <+ClayIngersoll> @heartlessfiend not true
[2023-01-08 21:47:34] <%+kingsassafrass> how do you know 7? you peeking up nurses skirt???
[2023-01-08 21:48:08] <%HeartlessFiend> KEKW
[2023-01-08 21:48:11] <%+kingsassafrass> KEKW
[2023-01-08 21:48:12] <@%$XI_marly_XI> lmaooo so close
[2023-01-08 21:48:27] VIEWERS: 160
[2023-01-08 21:48:53] <%+JustJonBlue> You have a good time, I gotta go use my two brain cells for a few :3
[2023-01-08 21:48:54] <%Zemrode_> Just be better at the game, it's a skill issue
[2023-01-08 21:49:30] <%+kingsassafrass> byyyyyeeeeee heatleykills xD
[2023-01-08 21:49:46] <%+kingsassafrass> IN PUBLIC
[2023-01-08 21:49:59] <syv4t> so toxic the clam slam
[2023-01-08 21:50:10] <%+kingsassafrass> this nurse is everything i need in life and more lol
[2023-01-08 21:50:27] Viewerstats (21:22-21:50): avg:156 min:151 max:161 [15/154+7+0+0+0−10+0+3+0−3+0+5+0+4+0]
[2023-01-08 21:50:27] VIEWERS: 160
[2023-01-08 21:50:53] <@%$XI_marly_XI> lol
[2023-01-08 21:50:54] <!%^Nightbot> cheymcDolphin cheymcDolphin cheymcDolphin cheymcDolphin
[2023-01-08 21:50:56] <%+kingsassafrass> KEKW
[2023-01-08 21:51:21] <knucklxhead_> chad nurse. tunnel the ttv out PogBones PogBones PogBones PogBones
[2023-01-08 21:51:24] <%rayne_allure> Ppssttt chey raynea1Mug
[2023-01-08 21:51:37] <%rayne_allure> What did the ocean say to the beach? raynea1Drop
[2023-01-08 21:52:27] VIEWERS: 160
[2023-01-08 21:53:05] [Points] ClayIngersoll redeemed Bonk The Chey (1 000)
[2023-01-08 21:53:06] <@%$XI_marly_XI> i love chocolate cereal
[2023-01-08 21:53:27] [Points] rayne_allure redeemed Clown Nose (4 000)
[2023-01-08 21:53:33] <@%$XI_marly_XI> chocolate is so yummy
[2023-01-08 21:53:47] <%rayne_allure> raynea1Heart raynea1Heart
[2023-01-08 21:53:48] <%Zemrode_> I only like chocolate in the form of chocolate chip cookies with hotdogs :/
[2023-01-08 21:53:56] <knucklxhead_> GR I hate tunnellers!!!
[2023-01-08 21:53:59] <%$rickydingding> Chey milk chocolate or dark chocolate?
[2023-01-08 21:54:27] VIEWERS: 150
[2023-01-08 21:54:41] <%$rickydingding> Oooohh mint dark chocolate is good
[2023-01-08 21:54:58] <@^StreamElements> If you want to support the stream further subscribe today https://www.twitch.tv/products/cheymcfly/ticket?ref=below_video_subscribe_button
[2023-01-08 21:55:04] <%rayne_allure> Is 7 going to p100
[2023-01-08 21:55:09] <%rayne_allure> Feng for me
[2023-01-08 21:56:09] <%rayne_allure> Chey pick for me :0 asparagus or Brussel sprouts and Broccoli
[2023-01-08 21:56:27] <@^StreamElements> If you are enjoying the stream be sure to follow! :)
[2023-01-08 21:56:27] VIEWERS: 150
[2023-01-08 21:56:34] <@%$XI_marly_XI> i'm not a veggie person
[2023-01-08 21:56:35] [Points] birbfakes redeemed TTS (1 000) [hello chat.  i am blob.  its me, yer boi, blobby.  sometimes sundays can be a sad day, but the day before is always a sadder day.  mumther. mumther. it's me, yer blob. i require nourishment mumther.  please. i...i...i... i'm so thirsty.  halp. bxte bxte bxte bce bce bce bvuya bvuya yeet yeet dab.  this concludes the testing of the emergency blob system. ᴺᴺᴺᴺᴺᴺᴺᴺᴺᴺᴺᴺ! ᴺᴺᴺᴺᴺᴺᴺᴺᴺᴺᴺᴺ!]
[2023-01-08 21:56:41] <SGTIce> ur koilWut
[2023-01-08 21:57:00] <%birbfakes> NAUR
[2023-01-08 21:57:03] <%birbfakes> it cut off LUL
[2023-01-08 21:57:08] <%birbfakes> HAI
[2023-01-08 21:57:12] <@%$XI_marly_XI> it was too long lol
[2023-01-08 21:57:22] <%birbfakes> it cut off right before i require nourishment LUL
[2023-01-08 21:58:27] VIEWERS: 154
[2023-01-08 21:58:56] <!%+DumbBabyBrad> Birb you creature LUL
[2023-01-08 21:59:21] <!%+DumbBabyBrad> Can I call him a dumb creature? A smelly creature?
[2023-01-08 21:59:54] <+ClayIngersoll> Ew Brad 🤢
[2023-01-08 22:00:09] <!%+DumbBabyBrad> Clay dumbbaYUCK
[2023-01-08 22:00:27] VIEWERS: 154
[2023-01-08 22:00:38] [Points] birbfakes redeemed TTS (1 000) [ᴺᴺᴺᴺᴺᴺᴺᴺᴺᴺᴺᴺ! ᴺᴺᴺᴺᴺᴺᴺᴺᴺᴺᴺᴺ! this is a test of the emergency blob messaging system.  Brad I'm going to kick you in the shin.  It's just because he likes my wife more than me.  This concludes the test. ᴹᴹᴹᴹᴹᴹᴹᴹᴹᴹᴹᴹ! ᴹᴹᴹᴹᴹᴹᴹᴹᴹᴹᴹᴹ! peepeepoopoo]
[2023-01-08 22:00:39] <%HeartlessFiend> Beautiful Brad <3
[2023-01-08 22:01:08] <%birbfakes> you'd hope so LUL
[2023-01-08 22:01:21] <%birbfakes> she's projecting intimacy
[2023-01-08 22:01:29] <%HeartlessFiend> Public Zoo KEKW
[2023-01-08 22:01:30] <just_sabrina_> dwigttPeek
[2023-01-08 22:01:53] <just_sabrina_> Hello Lady Chey x7cmpwShy
[2023-01-08 22:02:12] <%rayne_allure> I’m spinning raynea1Moomi raynea1Moomi
[2023-01-08 22:02:18] <!%+DumbBabyBrad> Fiend ily!
[2023-01-08 22:02:23] <!%+DumbBabyBrad> Birb I can confirm :)
[2023-01-08 22:02:27] VIEWERS: 156
[2023-01-08 22:02:33] <just_sabrina_> just like you
[2023-01-08 22:02:41] <just_sabrina_> fufuO EUGENE!
[2023-01-08 22:03:01] <%Zemrode_> Can we cancel 7 yet?
[2023-01-08 22:03:21] <@%$XI_marly_XI> chey still has to be nice to 7
[2023-01-08 22:03:27] <%kyra_wyatt> hello everyone!!!
[2023-01-08 22:03:35] [Points] ClayIngersoll redeemed TTS (1 000) [I am the blob and I’ll cancel 7]
[2023-01-08 22:03:45] <just_sabrina_> dwigttPout  I dislike 7 now
[2023-01-08 22:04:12] <!%^Nightbot> Want to interact more with the community off-stream? Play some DbD with other chatters? Come join us on the Discord at: https://discord.gg/GRgxBG4
[2023-01-08 22:04:27] VIEWERS: 156
[2023-01-08 22:04:43] [Points] kyra_wyatt redeemed Show Chat some love <3 (100)
[2023-01-08 22:04:43] <just_sabrina_> toxic swf fufuDrama
[2023-01-08 22:05:02] <%Zemrode_> Vizzey doesn't tbag, she just yells devour my titties and runs out D:
[2023-01-08 22:05:06] <just_sabrina_> what? fufuO 7 is mean dwigttPout
[2023-01-08 22:05:23] <SGTIce> #ToxicChey
[2023-01-08 22:05:54] <@%$XI_marly_XI> !toxic
[2023-01-08 22:05:54] <!%^Nightbot> Chey? Toxic? Never Kappa cheymcToxic
[2023-01-08 22:06:27] VIEWERS: 160
[2023-01-08 22:07:02] <%Zemrode_> Dan is the sole payer on wikifeet to keep the site running
[2023-01-08 22:07:12] <%Zemrode_> It was tragic when he went bankrupt for those grippers
[2023-01-08 22:07:33] <%SunLukong> ExTOEdia Agripperate
[2023-01-08 22:07:42] <@%$XI_marly_XI> oh no dan
[2023-01-08 22:07:47] <just_sabrina_> rooBlank
[2023-01-08 22:08:04] <@%$XI_marly_XI> lmaooo
[2023-01-08 22:08:20] [Points] MelLucielle redeemed Lurking but wanted to say hi :)  (100)
[2023-01-08 22:08:22] <%Wispurx> cheymcO7
[2023-01-08 22:08:22] <!%^Nightbot> cheymcO7
[2023-01-08 22:08:27] VIEWERS: 167
[2023-01-08 22:08:34] <@%$XI_marly_XI> hi mel UwU
[2023-01-08 22:08:46] <%Wispurx> "Getting carried by @Chey" how does that sound?
[2023-01-08 22:08:52] <just_sabrina_> its 10 pm
[2023-01-08 22:08:55] <%SunLukong> Careless Wispurz is here cheymcO7
[2023-01-08 22:09:21] <%jayyc96> Piggy!
[2023-01-08 22:09:26] <%DistinctRider> cheymcBoop cheymcBoop cheymcBoop
[2023-01-08 22:09:27] <%jayyc96> cheymcBoop cheymcBoop cheymcBoop
[2023-01-08 22:09:45] <@%$XI_marly_XI> cheymcBoop cheymcBoop cheymcBoop cheymcBoop
[2023-01-08 22:10:11] <l33_stamm08> hi
[2023-01-08 22:10:17] <@%$XI_marly_XI> hi!
[2023-01-08 22:10:27] VIEWERS: 167
[2023-01-08 22:10:33] <l33_stamm08> slayy
[2023-01-08 22:10:56] <%Zemrode_> Catears
[2023-01-08 22:11:03] <%rayne_allure> No blue? raynea1Drop
[2023-01-08 22:11:07] <%rayne_allure> Blue raynea1Heart
[2023-01-08 22:11:22] <just_sabrina_> remember when the rework of pig came out and we had those hackers, you started with the traps and the killer instantly did a gen so all traps were active. That was kinda fun LUL
[2023-01-08 22:11:44] <neok3n> hi chey!
[2023-01-08 22:12:15] <just_sabrina_> she needs PRESSURE x7cmpwDance
[2023-01-08 22:12:27] VIEWERS: 157
[2023-01-08 22:12:38] <neok3n> cheymcBitties cheymcBitties
[2023-01-08 22:13:21] <%Zemrode_> Can't wait for the mori, I dont get to see pig mori often
[2023-01-08 22:14:27] VIEWERS: 157
[2023-01-08 22:15:39] <%Zemrode_> SHATTERED HOPE BABYYYY
[2023-01-08 22:16:04] <%HQuinnNat> Wow
[2023-01-08 22:16:27] <@^StreamElements> If you are enjoying the stream be sure to follow! :)
[2023-01-08 22:16:27] VIEWERS: 159
[2023-01-08 22:17:00] <%Zemrode_> I prefer "because stone cold said so" over "can you smell what the rock is cooking"
[2023-01-08 22:17:02] [Points] rickydingding redeemed TTS (1 000) [We multiply]
[2023-01-08 22:18:28] VIEWERS: 159
[2023-01-08 22:18:32] <%HQuinnNat> cheymcGiggle
[2023-01-08 22:19:06] <%Zemrode_> Dan is new to DBD its okay
[2023-01-08 22:20:27] [Points] birbfakes redeemed TTS (1 000) [this is a test of the blob beatboxing system. ᴮᴰ: . ᴮᴰ: . ᴮᴰ: ᴮᴰ: ᴮᴰ: . ᴹᴹᴺ. ᴹᴺ:  . . ᴹᴹᴺ. ᴹᴺ:  . . bxte bxte bxebxcebxcbebxbxbcbbxbbcbcbbxbbcbcbbxbbcbcbxbcbxbcbbxbbcbcbbxbbcbcbbxbbcbcbxbcbxe hold on I need to go fill the water cooler eplgplgplgplgplgplgplgplgpgpgpgpgp. epgpgpgpgpgpgpg. epgpgpgplgplgpgpgpgpgplgplg.  there we go! all filled! uu? rr? boop.]
[2023-01-08 22:20:30] Viewerstats (21:52-22:20): avg:158 min:150 max:167 [15/160−10+0+4+0+2+0+4+7+0−10+0+2+0+5]
[2023-01-08 22:20:30] VIEWERS: 164
[2023-01-08 22:20:56] <%birbfakes> LUL
[2023-01-08 22:21:18] <%$rickydingding> Bigger
[2023-01-08 22:21:23] <%birbfakes> you're welcome, thank you for adding the blob tts LUL
[2023-01-08 22:21:30] <%HQuinnNat> cheymcGiggle
[2023-01-08 22:21:50] <%HQuinnNat> Dan's all in the bush
[2023-01-08 22:22:19] <%birbfakes> BARBIE IMMA TELL KEN ON YOU
[2023-01-08 22:22:30] VIEWERS: 164
[2023-01-08 22:22:32] <%HQuinnNat> I would leave lol
[2023-01-08 22:24:33] VIEWERS: 164
[2023-01-08 22:25:11] [Points] just_sabrina_ redeemed Perk Roulette (survivor or killer)  (5 000)
[2023-01-08 22:25:25] <@%$XI_marly_XI> almost
[2023-01-08 22:25:42] <!%ryo_relentless> perk rouletteeee
[2023-01-08 22:25:46] <%Zemrode_> No shattered hope, I have been lied to
[2023-01-08 22:25:48] <just_sabrina_> x7cmpwShy
[2023-01-08 22:25:56] <%Zemrode_> This is why I dont trust streamers
[2023-01-08 22:26:03] <!%ryo_relentless> helloo=)
[2023-01-08 22:26:13] <@%$XI_marly_XI> hi roy!
[2023-01-08 22:26:13] <!%ryo_relentless> lmao zem you trust us what chu meann
[2023-01-08 22:26:33] VIEWERS: 158
[2023-01-08 22:26:48] <%HeartlessFiend> But zem we had a moment :c
[2023-01-08 22:26:52] <!%ryo_relentless> make some cafeee
[2023-01-08 22:26:56] <just_sabrina_> is it me or is Cheys Vtuber Face glitching?
[2023-01-08 22:27:01] <!%ryo_relentless> im having another cup right now lol
[2023-01-08 22:27:10] <!%$7cmPwincess> !so chey
[2023-01-08 22:27:12] <!%ryo_relentless> i too k a nap and skipped the gym lol
[2023-01-08 22:27:19] <@%$XI_marly_XI> !so chey
[2023-01-08 22:27:20] <!%^Nightbot> They are awesome. OMG Please check out chey. They just played Dead by Daylight for their previous stream. Just check them out >>>> twitch.tv/chey
[2023-01-08 22:27:21] <just_sabrina_> OH! I see fufuNotes
[2023-01-08 22:27:23] <!%ryo_relentless> !bitch
[2023-01-08 22:27:27] <%Wispurx> !so @Chey
[2023-01-08 22:27:27] <!%ryo_relentless> omg its gone here
[2023-01-08 22:27:48] <just_sabrina_> You can, she is sleeping in here cat tree
[2023-01-08 22:27:52] <@%$XI_marly_XI> luna is such a pretty name
[2023-01-08 22:27:53] <!%ryo_relentless> ...
[2023-01-08 22:27:54] <!%ryo_relentless> im leaving
[2023-01-08 22:27:57] <%LostLightning> Angelmon
[2023-01-08 22:28:10] <%BeeDistracted> lol
[2023-01-08 22:28:10] <!%^Nightbot> cheymcDolphin cheymcDolphin cheymcDolphin cheymcDolphin
[2023-01-08 22:28:12] <%Wispurx> 7's ISP: "We just wanna talk"
[2023-01-08 22:28:13] <%Zemrode_> Digimon is absolutely patamon, have you seen how wide its mouth can open for a boom blaster?
[2023-01-08 22:28:18] <!%ryo_relentless> not this music playing
[2023-01-08 22:28:21] <!%ryo_relentless> after dan asked that
[2023-01-08 22:28:23] <!%WholesomeHomies> deafening is hateful
[2023-01-08 22:28:23] <!%ryo_relentless> what is thisss
[2023-01-08 22:28:24] <@%$XI_marly_XI> ew zem
[2023-01-08 22:28:25] <just_sabrina_> @XI_marly_XI She is named after Luna Lovegood from Harry Potter x7cmpwShy
[2023-01-08 22:28:33] VIEWERS: 158
[2023-01-08 22:28:34] <@%$XI_marly_XI> aww i love that!
[2023-01-08 22:28:36] <!%$7cmPwincess> lady devimo nfor sure
[2023-01-08 22:28:36] <%Zemrode_> @XI_marly_XI Hey im just being realistic
[2023-01-08 22:28:40] <!%$7cmPwincess> devimon*
[2023-01-08 22:28:40] <!%ryo_relentless> lmaoo ohh yall got deafen? im fucking deadd
[2023-01-08 22:28:49] <!%ryo_relentless> the music didnt help though lmaoo
[2023-01-08 22:28:56] <%Zemrode_> Angewomon maybe too actually
[2023-01-08 22:28:58] <@%$XI_marly_XI> LUL
[2023-01-08 22:29:02] <%Zemrode_> Just a straight up angel
[2023-01-08 22:29:04] <!%$7cmPwincess> kyuubimon
[2023-01-08 22:29:05] <!%ryo_relentless> ima make ramen and put an egg in=)
[2023-01-08 22:29:07] <!%ryo_relentless> brb
[2023-01-08 22:29:14] <!%ryo_relentless> \i love kyuubimon
[2023-01-08 22:29:24] <%Zemrode_> Personally though, megaseadramon is my go to
[2023-01-08 22:29:29] <@%$XI_marly_XI> i'm hungry too actually
[2023-01-08 22:29:30] <%jayrsea> good afternoon :3
[2023-01-08 22:29:39] [Points] birbfakes redeemed TTS (1 000) [time to test if the cut-off can make this more cursed. OH NON NON NON NON NON OH NONNON OH NONNON OH NONONONONO OH NON NON NON NON NON OH NON NON NON NON NON OH NON NON NON NON NON OH NON NON NON NON NON OH NON NON NON NON NON OH OH OH NON NON NON NON NON OH NONNON OH NONNON OH OH NON NON NON NON NON OH NONNON OH NONNON OH OH NON NON ¡¡¡¡¡¡¡¡¡¡¡¡¡¡¡¡¡¡¡¡¡¡¡¡¡¡¡¡¡¡¡¡¡¡¡¡¡¡¡¡¡¡¡¡¡¡¡¡¡¡¡¡¡¡¡¡¡¡¡¡¡¡¡¡¡¡¡¡¡¡¡¡¡¡¡¡¡¡¡¡¡¡¡¡¡¡¡¡¡¡¡¡¡¡¡¡¡¡¡¡¡¡¡¡¡¡¡¡¡¡¡¡¡¡¡¡¡¡¡¡¡¡¡¡¡¡¡¡¡¡¡¡¡¡¡¡¡¡¡¡¡¡¡¡¡¡¡¡¡¡¡¡¡¡¡¡¡¡¡¡¡]
[2023-01-08 22:29:41] <@%$XI_marly_XI> hi jay!
[2023-01-08 22:29:52] <%jayrsea> oh nooo she's on a hill
[2023-01-08 22:30:02] <%birbfakes> that'd be a nope LUL
[2023-01-08 22:30:04] <%jayrsea> @xi_marly_xi hewoo cheymcSpin
[2023-01-08 22:30:08] <%birbfakes> blight
[2023-01-08 22:30:10] <%birbfakes> blight pls
[2023-01-08 22:30:16] <!%ryo_relentless> !say she sells seashells at the sea shore
[2023-01-08 22:30:18] <%jayrsea> omggg lul
[2023-01-08 22:30:19] <!%^Nightbot> Follow Chey on tiktok for more content  https://www.tiktok.com/@cheyttv
[2023-01-08 22:30:33] VIEWERS: 158
[2023-01-08 22:30:41] <%jayrsea> KEKL
[2023-01-08 22:30:43] <!%ryo_relentless> lmao chey almost dced
[2023-01-08 22:30:44] <!%ryo_relentless> omg
[2023-01-08 22:30:49] <%Zemrode_> Metalwargreymon isn't real?
[2023-01-08 22:30:49] <@%$XI_marly_XI> i would've done it chey
[2023-01-08 22:30:58] <%Zemrode_> It's wargreymon and blackwargreymon
[2023-01-08 22:31:00] <!%ryo_relentless> marly is being spicy
[2023-01-08 22:31:56] <@%$XI_marly_XI> x7cmpwAyaya
[2023-01-08 22:32:05] <%Wispurx> is he suggesting this blight isnt running infantry belt oak haft? smh
[2023-01-08 22:32:33] VIEWERS: 155
[2023-01-08 22:32:33] [Points] birbfakes redeemed TTS (1 000) [the grass on this Macmillan estate is looking a little dry.  could probably use some watering. I think the sprinkler turn-on is somewhere around here. hmmm. oh there it is. estststststststststststststtsttststststststststststststststs eﬆﬆﬆﬆﬆﬆﬆﬆﬆﬆﬆﬆﬆﬆﬆﬆﬆﬆﬆﬆﬆﬆﬆﬆﬆﬆﬆﬆﬆﬆﬆﬆﬆﬆﬆﬆﬆﬆﬆﬆﬆﬆﬆﬆﬆﬆﬆﬆﬆﬆﬆﬆﬆﬆﬆﬆﬆﬆﬆﬆﬆﬆﬆﬆﬆﬆﬆﬆﬆﬆﬆﬆﬆﬆﬆﬆﬆﬆﬆﬆﬆﬆﬆﬆﬆﬆﬆﬆﬆﬆﬆﬆﬆﬆﬆﬆﬆﬆﬆ much better.]
[2023-01-08 22:32:37] <%birbfakes> @Wispurx imahgine
[2023-01-08 22:33:24] <%Zemrode_> Obviously this is a tombstone blight
[2023-01-08 22:33:28] <%birbfakes> blight is still one of the scariest in the game IMO
[2023-01-08 22:33:42] <%Wispurx> @birbfakes imagine
[2023-01-08 22:34:03] <%Wispurx> Id say after these nurse changes, at a flawless level of play, Blight will be the new strongest
[2023-01-08 22:34:33] VIEWERS: 155
[2023-01-08 22:34:35] <%birbfakes> yeah nowhere to hide if you're in 24m.  @Wispurx depends on if they nerf the new Jenner's, honestly I think new Jenner's is stronger than some of the add-ons that we're losing
[2023-01-08 22:34:45] <%+NotaCat154> Pretty sure he got Mother Daughter Ring Speedge
[2023-01-08 22:34:51] [Points] ClayIngersoll redeemed TTS (1 000) [Obviously the blight is running triple blink and silent bell with a brand new part]
[2023-01-08 22:35:06] <%birbfakes> @ClayIngersoll gh0starNodders
[2023-01-08 22:36:22] <neok3n> he has the hat speed up add ons
[2023-01-08 22:36:27] <@^StreamElements> If you are enjoying the stream be sure to follow! :)
[2023-01-08 22:36:33] VIEWERS: 155
[2023-01-08 22:37:12] <%FallenAmaterasu> could this yun jin be one of my ppl?
[2023-01-08 22:37:41] [Points] birbfakes redeemed TTS (1 000) [wow imagine running basekit lightborn dead hard mettle of man on tombstone blight.  uh oh! stinky! uu? rr? uu? rr?]
[2023-01-08 22:38:06] <%Wispurx> that build is very smile
[2023-01-08 22:38:09] <%birbfakes> oh god that is something else
[2023-01-08 22:38:15] <%HeartlessFiend> OMG IS THAT THE BIG SNORE  Pogey  Pogey
[2023-01-08 22:38:32] <%birbfakes> he should've ran lethal instead of painres so he could get the extra aura time smh my head optimize your build 4head
[2023-01-08 22:38:33] VIEWERS: 151
[2023-01-08 22:38:43] <%HeartlessFiend> ROY POGGIES
[2023-01-08 22:38:56] <%FallenAmaterasu> boot up
[2023-01-08 22:39:07] <%FallenAmaterasu> and show me the flash light saves
[2023-01-08 22:39:12] <%Zemrode_> Can we talk about cursed foods?
[2023-01-08 22:39:44] <%HeartlessFiend> Vegemite Yum Yum
[2023-01-08 22:39:46] <%Zemrode_> Vegemite looks gross
[2023-01-08 22:39:49] <@%$XI_marly_XI> i've never tried it
[2023-01-08 22:39:54] [Points] kittykitala redeemed TTS (1 000) [balls balls balls]
[2023-01-08 22:39:54] <%FallenAmaterasu> vegemite?
[2023-01-08 22:39:56] <@%$XI_marly_XI> i'm scared to
[2023-01-08 22:39:58] <%Zemrode_> Have you seen the snickle yet Dan?
[2023-01-08 22:40:02] <%FallenAmaterasu> I never tried
[2023-01-08 22:40:02] <%LostLightning> Nah surströmming is way more cursed
[2023-01-08 22:40:29] <%HeartlessFiend> I believe so!
[2023-01-08 22:40:33] VIEWERS: 151
[2023-01-08 22:40:45] <%Zemrode_> Dude, monkfish looks cursed, that's one fish I would not touch
[2023-01-08 22:40:45] <@%$XI_marly_XI> ew why would she do that?
[2023-01-08 22:41:00] <%+CodeMango1> Strong Ev- I mean, Chey
[2023-01-08 22:41:09] <!%^Nightbot> Want to interact more with the community off-stream? Play some DbD with other chatters? Come join us on the Discord at: https://discord.gg/GRgxBG4
[2023-01-08 22:41:10] <%HeartlessFiend> Salty seafood is soooo good
[2023-01-08 22:41:21] <just_sabrina_> thank you for the perkroulette x7cmpwShy
[2023-01-08 22:41:32] <@%$XI_marly_XI> i'm judging. 100%
[2023-01-08 22:41:47] <just_sabrina_> ujiiiiiiiiiiii0                    -öä.
[2023-01-08 22:41:47] <%HeartlessFiend> OOOOOH like a clam casino pizza? Those are amazing
[2023-01-08 22:41:56] <%Zemrode_> Chey the kind of person to get seafood pizza and put pineapple on it
[2023-01-08 22:42:02] <%HeartlessFiend> Okay that sounds fire though qwq
[2023-01-08 22:42:03] <just_sabrina_> greetings from Luna
[2023-01-08 22:42:33] VIEWERS: 142
[2023-01-08 22:42:45] <%Zemrode_> District 9 was supposed to get a sequel and i'm glad it didn't
[2023-01-08 22:43:22] <%HeartlessFiend> We're all prawns in a district 9 Sadge
[2023-01-08 22:43:44] <@%$XI_marly_XI> i've never watched that movie :0
[2023-01-08 22:43:56] <%Zemrode_> Cloverfield was just bad
[2023-01-08 22:44:33] VIEWERS: 142
[2023-01-08 22:44:35] <%Zemrode_> Roy you also probably cried about babe, the pig in the city
[2023-01-08 22:44:57] <@^StreamElements> If you want to support the stream further subscribe today https://www.twitch.tv/products/cheymcfly/ticket?ref=below_video_subscribe_button
[2023-01-08 22:45:13] <@%$XI_marly_XI> oh roy..
[2023-01-08 22:45:31] <%HeartlessFiend> Unpopular opinion Jurrassic Park is lame  peepoSmile
[2023-01-08 22:45:42] <%Zemrode_> The bomb shelter one was okay, but only because the cast
[2023-01-08 22:45:55] <@%$XI_marly_XI> jurassic park was a forgettable movie for me
[2023-01-08 22:46:07] <%Zemrode_> Still never seen Jurassic Park D:
[2023-01-08 22:46:26] <%HeartlessFiend> All of them STANK  Madge
[2023-01-08 22:46:33] VIEWERS: 142
[2023-01-08 22:46:40] <just_sabrina_> never watched any of the Jurassic Park movies
[2023-01-08 22:46:49] <%HeartlessFiend> Jurrassic Park more like Jurrassic Shart  Madge
[2023-01-08 22:46:49] [Points] phoenixfire_15 redeemed TTS (1 000) [chey is the best widdle pogchamp. also jurrasic park is wonderful shaking my head]
[2023-01-08 22:47:02] <%Zemrode_> Pretty sure even now, the animatronics are considered some of the best in film
[2023-01-08 22:48:33] VIEWERS: 142
[2023-01-08 22:48:34] <%$sstINgrAy_> cheymcSquish
[2023-01-08 22:48:58] <@%$XI_marly_XI> lmaooo
[2023-01-08 22:49:10] <%Zemrode_> Bacon best topping
[2023-01-08 22:49:22] <%HeartlessFiend> I'd be an anchovie because i'm for exquisite tastes only  INSANECAT
[2023-01-08 22:49:25] <%WolfCanis86> cheymcHi cheymcHi cheymcHi
[2023-01-08 22:49:33] <@%$XI_marly_XI> i would be cheese
[2023-01-08 22:50:00] <@%$charmincharli> EW
[2023-01-08 22:50:11] <%Zemrode_> CHARLI
[2023-01-08 22:50:15] <@%$XI_marly_XI> charli UwU
[2023-01-08 22:50:18] <@%$charmincharli> ZEM
[2023-01-08 22:50:19] <%HeartlessFiend> Charli!!!
[2023-01-08 22:50:26] <@%$charmincharli> marly uwu
[2023-01-08 22:50:33] Viewerstats (22:22-22:50): avg:152 min:142 max:164 [15/164+0−6+0+0−3+0+0−4+0−9+0+0+0+6]
[2023-01-08 22:50:33] VIEWERS: 148
[2023-01-08 22:50:35] <@%$charmincharli> heartless! <3
[2023-01-08 22:50:37] <Bridge_IV> wholes11Rage wholes11Rage wholes11Rage wholes11Rage
[2023-01-08 22:52:05] <%$sstINgrAy_> cheymcRun
[2023-01-08 22:52:33] VIEWERS: 148
[2023-01-08 22:54:12] <niamhwyattxo> Hey chey! Hey chat!
[2023-01-08 22:54:19] <%HeartlessFiend> GOTTEM
[2023-01-08 22:54:30] [Raid] 21 raiders from LillianaQuinn have joined!
[2023-01-08 22:54:31] <+LillianaQuinn> lillia49Raid The Coven Has Arrived lillia49Raid The Coven Has Arrived lillia49Raid The Coven Has Arrived lillia49Raid The Coven Has Arrived lillia49Raid The Coven Has Arrived lillia49Raid
[2023-01-08 22:54:33] VIEWERS: 146
[2023-01-08 22:54:42] <Eula_2063> Hello alizevParty alizevParty alizevParty alizevParty alizevParty alizevParty alizevParty alizevParty alizevParty alizevParty alizevParty
[2023-01-08 22:54:49] <%Zemrode_> See its funny because his name is Eugene, like you-gene
[2023-01-08 22:54:55] <@%$XI_marly_XI> !so LillianaQuinn
[2023-01-08 22:54:55] <!%^Nightbot> They are awesome. OMG Please check out LillianaQuinn. They just played Genshin Impact for their previous stream. Just check them out >>>> twitch.tv/LillianaQuinn
[2023-01-08 22:54:57] <niamhwyattxo> have you been experiencing more bubbas since the leak about him maybe leaving dbd
[2023-01-08 22:54:58] <%Zemrode_> You're welcome for the mansplaining
[2023-01-08 22:55:03] <@%$XI_marly_XI> !welcome
[2023-01-08 22:55:04] <%+CodeMango1> Hi Charli! cheymcPat
[2023-01-08 22:55:04] <!%^Nightbot> Oh hello! Welcome to the wonderful pod squad  cheymcDolphin we hope you  enjoy your stay!  cheymcCozy   cheymcLove
[2023-01-08 22:55:18] <@%$charmincharli> hi mango! MangoTime
[2023-01-08 22:55:20] <+LillianaQuinn> hhai hai cutie how have the games been?
[2023-01-08 22:55:35] <+LillianaQuinn> Yee i do a cozy day every sunday so we did some potion permit and gneshin to just vibe
[2023-01-08 22:55:39] <+LillianaQuinn> I FEEEL THAT
[2023-01-08 22:55:42] <%$rickydingding> !gamble all
[2023-01-08 22:55:42] <@^StreamElements>* PogChamp rickydingding went all in and won 1900 points PogChamp they now have 3800 points FeelsGoodMan
[2023-01-08 22:55:46] <%Zemrode_> I just like blackwargreymon, hes basically the mewtwo of digimon
[2023-01-08 22:55:49] <+LillianaQuinn> DBD is a mixed bag 90%of the time
[2023-01-08 22:55:50] <%Zemrode_> Existential crisis :/
[2023-01-08 22:55:54] <@%$XI_marly_XI> i love potion permit!
[2023-01-08 22:55:57] <%ovatix> !gamble all
[2023-01-08 22:55:58] <@^StreamElements>* PogChamp ovatix went all in and won 1160 points PogChamp they now have 2320 points FeelsGoodMan
[2023-01-08 22:56:27] <@^StreamElements> If you are enjoying the stream be sure to follow! :)
[2023-01-08 22:56:33] VIEWERS: 146
[2023-01-08 22:56:38] <+LillianaQuinn> yeee its one of my mainstays
[2023-01-08 22:56:48] <%KadeVT> yeah the killers have been a bit tunnely lately
[2023-01-08 22:56:52] <+LillianaQuinn> Potion permit is like stardew but your a alchemist
[2023-01-08 22:56:59] <%KadeVT> cheymcHop cheymcHop cheymcHop
[2023-01-08 22:57:12] <+LillianaQuinn> I found you through a friend! I cant stop in much but always enjoy it when i can
[2023-01-08 22:57:33] <%Zemrode_> The answer to the in game chat is obviously Obelisk the tormentor, that dude can smash in both ways cheymcSmug
[2023-01-08 22:57:36] <@%$XI_marly_XI> we appreciate you coming in! cheymcLove
[2023-01-08 22:57:45] <!%FordsGamingChannel> !lurk
[2023-01-08 22:57:45] <!%^Nightbot> cheymcLurk cheymcLurk cheymcLurk cheymcLurk
[2023-01-08 22:58:11] <%$rickydingding> Chey furry confirmed with kuriboh as her answer
[2023-01-08 22:58:33] VIEWERS: 166
[2023-01-08 22:58:46] <+LillianaQuinn> I hate to lurk so soon but i gotta run to the grocery store!
[2023-01-08 22:59:02] <%Zemrode_> Clownge
[2023-01-08 22:59:04] <@%PureBlueMC> Hmm
[2023-01-08 22:59:13] <@%PureBlueMC> Great time to come back to KEKW
[2023-01-08 22:59:19] <@%$XI_marly_XI> lol
[2023-01-08 22:59:19] <!%^Nightbot> cheymcDolphin cheymcDolphin cheymcDolphin cheymcDolphin
[2023-01-08 22:59:20] <@%$charmincharli> bloo uwu
[2023-01-08 22:59:24] <just_sabrina_> bless you
[2023-01-08 22:59:34] <%WolfCanis86> Nekomimi is the correct term
[2023-01-08 22:59:36] <%HQuinnNat> cheymcDuck
[2023-01-08 22:59:48] <@%$charmincharli> cheymcAyaya
[2023-01-08 22:59:49] <%Zemrode_> @charmincharli Master bloo regard? From fosters home for imaginary friends? And they're here???
[2023-01-08 22:59:54] <Eula_2063> You seem interesting so I’ll follow alizevParty alizevParty
[2023-01-08 23:00:02] <%HQuinnNat> cheymcAyaya
[2023-01-08 23:00:10] <%$rickydingding> Name him Fred
[2023-01-08 23:00:11] <@%$charmincharli> @zemrode_ YesYes poo bloo
[2023-01-08 23:00:21] <%HeartlessFiend> Clown  Pogey  Pogey
[2023-01-08 23:00:25] <!%^Nightbot> Follow Chey on tiktok for more content  https://www.tiktok.com/@cheyttv
[2023-01-08 23:00:33] VIEWERS: 164
[2023-01-08 23:00:39] <@%PureBlueMC> Chawi uwu
[2023-01-08 23:00:45] <@%$charmincharli> ddHuh
[2023-01-08 23:01:03] <%BeeDistracted> boaty mcboatface
[2023-01-08 23:01:05] <%HeartlessFiend> Chawi the Blob
[2023-01-08 23:01:21] <!%^Nightbot> Want to interact more with the community off-stream? Play some DbD with other chatters? Come join us on the Discord at: https://discord.gg/GRgxBG4
[2023-01-08 23:01:23] <+NavyPanther15> Hiya Chey and chat, been listening and watching via Quinn's computer
[2023-01-08 23:01:27] <@%$charmincharli> OwO
[2023-01-08 23:01:40] <%HQuinnNat> He has!
[2023-01-08 23:01:40] <Eula_2063> I love DBD a lot and love your model so much and this follow feels worth it shaina9Love alizevParty shaina9Rave
[2023-01-08 23:02:03] <%Zemrode_> This clown is wargreymon???
[2023-01-08 23:02:33] VIEWERS: 164
[2023-01-08 23:03:01] <@%dave_rua> modCheck Chali
[2023-01-08 23:03:10] <%HQuinnNat> Dave!
[2023-01-08 23:03:12] <@%$charmincharli> DAV
[2023-01-08 23:03:17] <@%$charmincharli> ny favorite minion
[2023-01-08 23:03:18] <%Zemrode_> DAVE
[2023-01-08 23:03:28] <@%dave_rua> !hug @charmincharli
[2023-01-08 23:03:28] <!%^Nightbot> dave_rua has hugged charmincharli (4036 hugs have been given)
[2023-01-08 23:03:36] <@%$charmincharli> bored2Love
[2023-01-08 23:04:00] <%$rickydingding> !gamle 50%
[2023-01-08 23:04:00] <@%dave_rua> Quinn, ZEM cheymcHug
[2023-01-08 23:04:13] <%$rickydingding> !gamble 50%
[2023-01-08 23:04:13] <@^StreamElements>* rickydingding lost 1910 points in roulette and now has 1910 points! FeelsBadMan
[2023-01-08 23:04:32] <Eula_2063> Gtg, I have to take a break from watching streams. I’ve been traveling through streamers from raids and getting pretty tired. Have a amazing raid alizevParty alizevParty alizevParty
[2023-01-08 23:04:33] VIEWERS: 161
[2023-01-08 23:04:54] <@%$XI_marly_XI> bless you 7
[2023-01-08 23:05:05] <@%$XI_marly_XI> byebye eula!
[2023-01-08 23:06:33] VIEWERS: 161
[2023-01-08 23:07:52] <@%$XI_marly_XI> i'm learning so much cheymcNotes
[2023-01-08 23:08:33] VIEWERS: 159
[2023-01-08 23:08:34] <@%dave_rua> Nerdge
[2023-01-08 23:08:58] <@%$XI_marly_XI> i had a trivia murder party question asking about how to say pho uwu
[2023-01-08 23:09:09] <just_sabrina_> Bananas in Pajamas x7cmpwDance
[2023-01-08 23:09:10] <%HeartlessFiend> Theres only one banana that matters and that's the Banana Split Show Pog
[2023-01-08 23:09:12] <@%dave_rua> my niece loved Bananas in Pajamas KEKW
[2023-01-08 23:09:18] <TheBrave825> !lurk
[2023-01-08 23:09:18] <!%^Nightbot> cheymcLurk cheymcLurk cheymcLurk cheymcLurk
[2023-01-08 23:09:22] <%nextleveljohnni> I loved bananas in pajamas! x7cmpwBanana
[2023-01-08 23:09:25] <@%dave_rua> I had to watch it while i babysat her
[2023-01-08 23:09:38] <@%$XI_marly_XI> i've never heard of that
[2023-01-08 23:09:57] <@^StreamElements> If you want to support the stream further subscribe today https://www.twitch.tv/products/cheymcfly/ticket?ref=below_video_subscribe_button
[2023-01-08 23:10:06] <@%Liamo_247> i remember all these toons
[2023-01-08 23:10:33] VIEWERS: 159
[2023-01-08 23:10:48] <%janesat2> cheymcSquish_SQ
[2023-01-08 23:11:01] <@%Liamo_247> im amazing how are you?
[2023-01-08 23:11:10] <@%Liamo_247> anyone jackie chan adventures?
[2023-01-08 23:11:14] <@%Liamo_247> Cj
[2023-01-08 23:11:26] <@%$XI_marly_XI> i loved jackie chan adventures!
[2023-01-08 23:11:27] <@%Liamo_247> chicken run was god tier movie
[2023-01-08 23:11:30] <%janesat2> cheymcSquish_SQ cheymcSquish_SQ
[2023-01-08 23:11:46] <%KadeVT> JAAAAAAADDDDEEEEEE
[2023-01-08 23:11:48] <@%dave_rua> !say Bananas in Pyjamas. Are coming down the stairs. Bananas in Pyjamas, Are coming down in pairs
[2023-01-08 23:12:01] <%janesat2> pr manager NODDERS
[2023-01-08 23:12:14] <@%Liamo_247> Reccess obviously
[2023-01-08 23:12:18] <@%$XI_marly_XI> what
[2023-01-08 23:12:24] <@%Liamo_247> Samurai Jack
[2023-01-08 23:12:26] <%$rickydingding> cheymcSquish_SQ
[2023-01-08 23:12:33] VIEWERS: 157
[2023-01-08 23:12:34] <@%PureBlueMC> YES DAN YES
[2023-01-08 23:13:04] <@%$XI_marly_XI> no?
[2023-01-08 23:13:08] <@%Liamo_247> did you ever watch the timone and pumba cartoon?
[2023-01-08 23:13:09] <%$rickydingding> cheymcSquish_SQcheymcSquish_SQ
[2023-01-08 23:13:11] <%janesat2> I don't think so
[2023-01-08 23:13:14] <%$rickydingding> Woops
[2023-01-08 23:13:17] <%janesat2> cheymcSquish_SQ cheymcSquish_SQ
[2023-01-08 23:13:17] <Tbxheavy> !followage
[2023-01-08 23:13:17] <!%^Nightbot> That's going to be a nah from me Tbxheavy.
[2023-01-08 23:13:30] <%$rickydingding> cheymcSquish_SQ cheymcSquish_SQ cheymcSquish_SQ
[2023-01-08 23:13:34] <%$rickydingding> There we go
[2023-01-08 23:13:40] <Tbxheavy> xDD
[2023-01-08 23:14:01] <@%Liamo_247> Total drama island
[2023-01-08 23:14:34] VIEWERS: 157
[2023-01-08 23:14:51] <@%Liamo_247> ive been following Chey since we became amazing friends
[2023-01-08 23:14:52] <%$rickydingding> !gamble 25%
[2023-01-08 23:14:52] <@^StreamElements>* rickydingding lost 482 points in roulette and now has 1448 points! FeelsBadMan
[2023-01-08 23:15:01] <%Monkey_With_Orange> !gamble all
[2023-01-08 23:15:02] <@^StreamElements>* PogChamp Monkey_With_Orange went all in and won 18220 points PogChamp they now have 36440 points FeelsGoodMan
[2023-01-08 23:15:10] <%Monkey_With_Orange> WOOO
[2023-01-08 23:15:12] <!%^Nightbot> Follow Chey on tiktok for more content  https://www.tiktok.com/@cheyttv
[2023-01-08 23:15:14] <@%Liamo_247> Lilo and stitch obviously
[2023-01-08 23:15:39] <@%$XI_marly_XI> 626
[2023-01-08 23:15:45] <@%Liamo_247> 626 yep
[2023-01-08 23:15:54] <@%Liamo_247> the proud family
[2023-01-08 23:15:57] <%FallenAmaterasu> I am sadge that I haven't been able to escape my last few trials for my daly
[2023-01-08 23:15:57] <@%Liamo_247> rugrats
[2023-01-08 23:16:03] <%FallenAmaterasu> feelssadgeman
[2023-01-08 23:16:13] <%KadeVT> Hooker Time
[2023-01-08 23:16:23] <@%Liamo_247> daylight of death
[2023-01-08 23:16:27] <@^StreamElements> If you are enjoying the stream be sure to follow! :)
[2023-01-08 23:16:31] <%KadeVT> cheymcRave cheymcRave cheymcRave
[2023-01-08 23:16:33] VIEWERS: 162
[2023-01-08 23:16:36] [Points] Sophyxiah redeemed Bonk The Chey (1 000)
[2023-01-08 23:16:38] <%KadeVT> i have
[2023-01-08 23:16:49] <%KadeVT> sammination is funnies
[2023-01-08 23:17:05] <%FallenAmaterasu> unalivedbysunlight
[2023-01-08 23:17:05] <@%Liamo_247> sorryyyy :(
[2023-01-08 23:17:43] <Sophyxiah> how are you cutie?
[2023-01-08 23:18:04] <%janesat2> meow
[2023-01-08 23:18:04] <!%^Nightbot> meow :3
[2023-01-08 23:18:15] <Sophyxiah> hi cheymcUwU
[2023-01-08 23:18:33] VIEWERS: 162
[2023-01-08 23:18:57] <@%$charmincharli> OMEGALUL
[2023-01-08 23:19:09] <Sophyxiah> tv just isnt the same anymore i miss all the old shows
[2023-01-08 23:19:12] <%janesat2> Chali cheymcDuck
[2023-01-08 23:19:23] <@%$charmincharli> jane widepeepoHappy
[2023-01-08 23:19:29] <%$rickydingding> Lol nose hair
[2023-01-08 23:19:29] <!%^Nightbot> cheymcDolphin cheymcDolphin cheymcDolphin cheymcDolphin
[2023-01-08 23:19:35] <@%Liamo_247> Hey arnold
[2023-01-08 23:20:11] <!%^Nightbot> Want to interact more with the community off-stream? Play some DbD with other chatters? Come join us on the Discord at: https://discord.gg/GRgxBG4
[2023-01-08 23:20:33] Viewerstats (22:52-23:20): avg:158 min:146 max:166 [15/148−2+0+20−2+0−3+0−2+0−2+0+5+0+0]
[2023-01-08 23:20:33] VIEWERS: 162
[2023-01-08 23:20:52] <@%Liamo_247> they recreated animaniacs
[2023-01-08 23:22:33] VIEWERS: 158
[2023-01-08 23:24:33] VIEWERS: 158
[2023-01-08 23:24:36] <%ovatix> I FUCKING LOVED CODE LYOKO
[2023-01-08 23:24:40] <@%Liamo_247> Aurther was fun
[2023-01-08 23:24:45] <%ovatix> ODD
[2023-01-08 23:24:47] <%ovatix> Yum
[2023-01-08 23:24:48] <%ovatix> er
[2023-01-08 23:24:50] <%ovatix> yumi
[2023-01-08 23:25:42] <@%Liamo_247> anyone say dexters lab?
[2023-01-08 23:25:45] <%ovatix> Aelita
[2023-01-08 23:26:33] VIEWERS: 161
[2023-01-08 23:27:07] <@%$charmincharli> OMEGALUL
[2023-01-08 23:27:09] <%janesat2> LUL
[2023-01-08 23:27:15] <%Flought> O:
[2023-01-08 23:27:16] <@%Liamo_247> Charliiiiiiiii#
[2023-01-08 23:27:28] <@%$charmincharli> liam! bored2Love cheymcSpin
[2023-01-08 23:27:51] <@%Liamo_247> tbf hospitality is a toxic industry
[2023-01-08 23:28:15] <ughlycoyote> @janesat2 fancy seeing you again today <3
[2023-01-08 23:28:33] VIEWERS: 161
[2023-01-08 23:29:34] <%janesat2> @ughlycoyote you too x7cmpwShy x7cmpwLove
[2023-01-08 23:30:02] <@%Liamo_247> peop,
[2023-01-08 23:30:30] <@%Liamo_247> people whistled at me like a dog when i worked at burger king
[2023-01-08 23:30:33] VIEWERS: 158
[2023-01-08 23:30:59] <%WolfCanis86> American cheese is not plastic unless you buy the kind that cost $1.
[2023-01-08 23:31:17] <%StaticSmouse> Omg is that a strong and handsome Chey?
[2023-01-08 23:32:20] [Points] Flought redeemed TTS (1 000) [I am the real slime Wholesome Homies is a false slime all hail the shoulder slime.]
[2023-01-08 23:32:36] <@%dave_rua> D: Flought
[2023-01-08 23:32:37] VIEWERS: 158
[2023-01-08 23:32:38] <%Flought> I enjoy tts
[2023-01-08 23:32:49] <%Flought> @dave_rua stareChamp
[2023-01-08 23:33:07] <@%dave_rua> cheymcStare
[2023-01-08 23:33:21] <%Flought> ppStare
[2023-01-08 23:33:22] <barbarian_angel> I had a cousin that always brought their dog to the family reunion that had my birth name
[2023-01-08 23:33:27] <@%dave_rua> !say If you're happy and you know it. 5 gifted sounds good NODDERS
[2023-01-08 23:33:38] <%janesat2> why are you two staring? cheymcStare
[2023-01-08 23:33:46] [Points] Flought redeemed TTS (1 000) [Happy Birthday Chey]
[2023-01-08 23:33:59] <@%dave_rua> Pog
[2023-01-08 23:33:59] <!%+DumbBabyBrad> Happy birthday Chey
[2023-01-08 23:34:02] <!%ryo_relentless> !birthday
[2023-01-08 23:34:02] <!%^Nightbot> Enter a user to wish a Happy Birthday.
[2023-01-08 23:34:05] <@%$charmincharli> HAPPY BIRTHDAY CHEY!
[2023-01-08 23:34:05] <@%Liamo_247> Wait its your birthday?
[2023-01-08 23:34:06] <%janesat2> LUL
[2023-01-08 23:34:10] <!%ryo_relentless> !happybirthday
[2023-01-08 23:34:11] [Announcement] <dave_rua> HAPPY BIRTHDAY CHEY
[2023-01-08 23:34:13] <~%Chey> NO ITS NOT MY BIRTHDAY
[2023-01-08 23:34:15] <@%$XI_marly_XI> !birthday @Chey
[2023-01-08 23:34:15] <!%^Nightbot> Happy Birthday to you! Happy birthday to you! Happy birthday dear @Chey! Happy birthday to you!
[2023-01-08 23:34:16] <@%$charmincharli> !birthday @chey
[2023-01-08 23:34:19] <!%ryo_relentless> !birthday chey
[2023-01-08 23:34:21] <%janesat2> !birthday Shy
[2023-01-08 23:34:21] <!%^Nightbot> Happy Birthday to you! Happy birthday to you! Happy birthday dear Shy! Happy birthday to you!
[2023-01-08 23:34:23] <@%Liamo_247> Borthdayyyyy
[2023-01-08 23:34:26] <%$andAlexis> happy birthday!!!
[2023-01-08 23:34:32] <!%ryo_relentless> !bitday shay
[2023-01-08 23:34:38] VIEWERS: 166
[2023-01-08 23:34:39] <%FallenAmaterasu> HAPPTY BIIRTHDAY
[2023-01-08 23:34:43] <@%dave_rua> ryo_relentless: !bitday shay
[2023-01-08 23:34:46] <!%+DumbBabyBrad> Roy....
[2023-01-08 23:34:51] <%$andAlexis> everyone we gotta sing happy birthday
[2023-01-08 23:34:55] [Points] Flought redeemed TTS (1 000) [Pour one out for our homie Chey on her birthday.]
[2023-01-08 23:34:58] <@^StreamElements> If you want to support the stream further subscribe today https://www.twitch.tv/products/cheymcfly/ticket?ref=below_video_subscribe_button
[2023-01-08 23:34:58] <@%Liamo_247> ewwwwww a brad
[2023-01-08 23:35:03] <%HeartlessFiend> Wait it's Chey's birthday! We should get some hype trains going!
[2023-01-08 23:35:12] <%janesat2> Brad...
[2023-01-08 23:35:20] <!%+DumbBabyBrad> Liammmmmm
[2023-01-08 23:35:23] <!%+DumbBabyBrad> Jane...
[2023-01-08 23:35:45] <@%$charmincharli> regular show is a trip you'd love it
[2023-01-08 23:35:51] <ughlycoyote> PLEASE watch meat Canyon
[2023-01-08 23:35:53] <@%$charmincharli> BRAD
[2023-01-08 23:35:57] [Points] Flought redeemed TTS (1 000) [Meat Canyon is God]
[2023-01-08 23:35:59] <!%+DumbBabyBrad> CHARLI
[2023-01-08 23:36:02] <ughlycoyote> Hunter is a wholesome gem who draws perfectly normal and regular things
[2023-01-08 23:36:10] <!%ryo_relentless> hi brad!
[2023-01-08 23:36:14] <@%$charmincharli> OMEGALUL
[2023-01-08 23:36:25] <@%dave_rua> B*RD
[2023-01-08 23:36:27] <@^StreamElements> If you are enjoying the stream be sure to follow! :)
[2023-01-08 23:36:38] VIEWERS: 166
[2023-01-08 23:36:39] <!%+DumbBabyBrad> Hi Roy!
[2023-01-08 23:36:43] <!%+DumbBabyBrad> Dov is hateful
[2023-01-08 23:36:59] <@%dave_rua> Bard what did I do?
[2023-01-08 23:37:02] <@%$charmincharli> dav is hateful NODDERS he boolis me
[2023-01-08 23:37:14] <%janesat2> and so are you Brad cheymcFeral
[2023-01-08 23:37:21] <@%PureBlueMC> BRAD
[2023-01-08 23:37:23] <!%+DumbBabyBrad> Jane I am a BABY
[2023-01-08 23:37:27] <!%+DumbBabyBrad> PURE
[2023-01-08 23:37:28] <just_sabrina_> Jane x7cmpwShy
[2023-01-08 23:37:32] <!%+DumbBabyBrad> Dov you know what you did
[2023-01-08 23:37:36] <%janesat2> nah
[2023-01-08 23:37:37] <%HeartlessFiend> Brad is baby <3
[2023-01-08 23:37:43] <%janesat2> Sabrina mellucHeart
[2023-01-08 23:37:49] <!%+DumbBabyBrad> Thank you Fiend <3
[2023-01-08 23:37:56] <!%ryo_relentless> DAVE
[2023-01-08 23:37:58] <!%ryo_relentless> I JUST SAW
[2023-01-08 23:38:00] <!%ryo_relentless> bruh
[2023-01-08 23:38:04] <@%dave_rua> Brad.. I've literally had to deal with people saying things about me. so please DM me what you're talking about it
[2023-01-08 23:38:08] <@%Liamo_247> Jimmy Nutron and Faily odd parents
[2023-01-08 23:38:12] [Points] Flought redeemed TTS (1 000) [Go all in on NFTs]
[2023-01-08 23:38:13] <@%$charmincharli> KEKE
[2023-01-08 23:38:16] <%janesat2> I don't trust people with Dumb in their name NOPERS
[2023-01-08 23:38:33] [Points] phoenixfire_15 redeemed TTS (1 000) [Brad is a stinky smelly boy. We know Phoenix has the superior meg]
[2023-01-08 23:38:33] <ughlycoyote> @Flought I can hear you giggling in my mind
[2023-01-08 23:38:38] VIEWERS: 168
[2023-01-08 23:38:47] <!%+DumbBabyBrad> Okay Phoenix does have the better Meg
[2023-01-08 23:38:49] <@%$charmincharli> phoenix! BirbBlush
[2023-01-08 23:38:53] <@%+phoenixfire_15> KEKW
[2023-01-08 23:38:58] <@%PureBlueMC> Phoenix!! cheymcHug
[2023-01-08 23:39:00] <@%+phoenixfire_15> hi charwi uwu
[2023-01-08 23:39:05] <%janesat2> Mebbies
[2023-01-08 23:39:12] <@%+phoenixfire_15> hi pureblue <33
[2023-01-08 23:39:14] <@%$XI_marly_XI> classic m*n
[2023-01-08 23:39:21] <!%+DumbBabyBrad> Hi Phoenix!
[2023-01-08 23:39:25] <!%+DumbBabyBrad> Hi Marly!
[2023-01-08 23:39:35] <@%$XI_marly_XI> hi brad!
[2023-01-08 23:39:39] <@%+phoenixfire_15> Hi Bard  peepoKiss
[2023-01-08 23:39:50] <%janesat2> Chey you have to be nice
[2023-01-08 23:40:03] <kittykitala> two more days
[2023-01-08 23:40:05] <@%dave_rua> BirbCool phoenix
[2023-01-08 23:40:13] <!%^Nightbot> Want to interact more with the community off-stream? Play some DbD with other chatters? Come join us on the Discord at: https://discord.gg/GRgxBG4
[2023-01-08 23:40:14] <%janesat2> sarcastically
[2023-01-08 23:40:24] <@%+phoenixfire_15> dave  BirbBlush
[2023-01-08 23:40:38] VIEWERS: 168
[2023-01-08 23:40:45] <%janesat2> 7!!
[2023-01-08 23:40:47] <%janesat2> x7cmpwPet x7cmpwPet
[2023-01-08 23:41:02] [Points] bellamee redeemed call streamer stinky (500)
[2023-01-08 23:41:06] <@%$XI_marly_XI> x7cmpwCry
[2023-01-08 23:41:08] <%janesat2> Flan started this
[2023-01-08 23:41:10] <%Flought> x7cmpwCry x7cmpwCry x7cmpwCry x7cmpwCry x7cmpwCry x7cmpwCry x7cmpwCry x7cmpwCry x7cmpwCry x7cmpwCry x7cmpwCry x7cmpwCry x7cmpwCry x7cmpwCry x7cmpwCry x7cmpwCry x7cmpwCry x7cmpwCry x7cmpwCry x7cmpwCry x7cmpwCry x7cmpwCry x7cmpwCry x7cmpwCry
[2023-01-08 23:41:14] <!%jewlyuh> x7cmpwCry x7cmpwCry x7cmpwCry x7cmpwCry x7cmpwCry
[2023-01-08 23:41:15] [Points] ughlycoyote redeemed TTS (1 000) [7 is a fantastic and amazing streamer no sarcasm intended]
[2023-01-08 23:41:17] <just_sabrina_> x7cmpwCry x7cmpwCry x7cmpwCry x7cmpwCry x7cmpwCry x7cmpwCry
[2023-01-08 23:41:17] <@%$charmincharli> x7cmpwCry x7cmpwCry x7cmpwCry
[2023-01-08 23:41:19] <doglover1500> x7cmpwCry x7cmpwCry x7cmpwCry x7cmpwCry x7cmpwCry x7cmpwCry
[2023-01-08 23:41:19] <%janesat2> x7cmpwPet x7cmpwPet x7cmpwPet x7cmpwPet
[2023-01-08 23:41:22] <+NavyPanther15> 7 is fantastic
[2023-01-08 23:41:30] <just_sabrina_> x7cmpwCry x7cmpwCry x7cmpwCry x7cmpwCry x7cmpwCry x7cmpwCry x7cmpwCry x7cmpwCry x7cmpwCry x7cmpwCry x7cmpwCry
[2023-01-08 23:41:37] <@%PureBlueMC> x7cmpwCry x7cmpwCry x7cmpwCry x7cmpwCry x7cmpwCry
[2023-01-08 23:41:48] <%Torv__> Wow Chey, I know it's your birthday and all... but you have to be nice cheymcClown cheymcBoop
[2023-01-08 23:42:27] <+bellamee> I dun like any of you tbh Kappa ralphBrows
[2023-01-08 23:42:29] <%janesat2> you can't lie on internet, that's illegal
[2023-01-08 23:42:38] VIEWERS: 165
[2023-01-08 23:43:52] <%janesat2> @bellamee none of them? cheymcD
[2023-01-08 23:44:24] <+bellamee> ralphUwU
[2023-01-08 23:44:38] VIEWERS: 165
[2023-01-08 23:44:41] <%janesat2> 7 being HATEFUL
[2023-01-08 23:44:48] <%janesat2> mellucPepew
[2023-01-08 23:44:49] <@%$XI_marly_XI> bye chey peepoHappy
[2023-01-08 23:45:04] <ughlycoyote> This betrayal on Chey's birthday smdh
[2023-01-08 23:45:05] <%+iCoerce> 1st hook to death, love it
[2023-01-08 23:45:12] <!%^Nightbot> Follow Chey on tiktok for more content  https://www.tiktok.com/@cheyttv
[2023-01-08 23:45:27] <%janesat2> 7 ON HER BIRTHDAY???
[2023-01-08 23:45:30] <syv4t> thats hateful x7cmpwHug
[2023-01-08 23:45:38] <%janesat2> how dare you
[2023-01-08 23:45:40] <%rayne_allure> Poor chey, I would never leave you raynea1Drop
[2023-01-08 23:46:38] VIEWERS: 165
[2023-01-08 23:46:39] <%janesat2> Chey pss
[2023-01-08 23:46:56] <%janesat2> sandbag them for betraying you
[2023-01-08 23:47:31] <@%$XI_marly_XI> you never learn chey lol
[2023-01-08 23:48:29] <%Torv__> This seems like the type of justification he might of had to use when his Dad left fir milk... and never came back cheymcDolphin
[2023-01-08 23:48:38] VIEWERS: 165
[2023-01-08 23:49:00] <%rayne_allure> I feel like everyone I leave I come back to seeing chey get left behind raynea1Drop
[2023-01-08 23:49:43] <+bellamee> Facebook moms in your area waiting for your sub cheymcUwU
[2023-01-08 23:49:55] <!%$7cmPwincess> https://clips.twitch.tv/DreamySmallSalamanderHeyGirl-MjDV-6wY5IPBepg7
[2023-01-08 23:50:00] <@%$XI_marly_XI> share this if you feel bad for this sad puppy, ignore if you hate puppies
[2023-01-08 23:50:35] <%janesat2> cheymcWut
[2023-01-08 23:50:38] Viewerstats (23:22-23:50): avg:164 min:158 max:178 [15/158+0+3+0−3+0+8+0+2+0−3+0+0+0+13]
[2023-01-08 23:50:38] VIEWERS: 178
[2023-01-08 23:51:11] <@%$XI_marly_XI> my twitter is just retweeted art lol
[2023-01-08 23:51:24] <@%PureBlueMC> A potato??
[2023-01-08 23:51:42] <%rayne_allure> I feel like chey saying he deserves 1k is the same as reminding the teacher they didn’t give you homework. You know it’s the right thing to say but in the end it’s just pain
[2023-01-08 23:52:15] <@%$XI_marly_XI> smh roy
[2023-01-08 23:52:38] VIEWERS: 178
[2023-01-08 23:53:12] <@%$XI_marly_XI> til cheymcNotes
[2023-01-08 23:53:29] <@%PureBlueMC> karaNOTED
[2023-01-08 23:53:56] <@%PureBlueMC> Dan isn't hateful NOPERS
[2023-01-08 23:54:31] <%rayne_allure> Lmao
[2023-01-08 23:54:38] VIEWERS: 168
[2023-01-08 23:54:53] <@%$XI_marly_XI> LOL
[2023-01-08 23:54:53] <!%^Nightbot> cheymcDolphin cheymcDolphin cheymcDolphin cheymcDolphin
[2023-01-08 23:54:55] <@%dave_rua> D:
[2023-01-08 23:54:56] <niamhwyattxo> OMG
[2023-01-08 23:55:00] <%janesat2> !clip
[2023-01-08 23:55:00] <niamhwyattxo> HAHAHAHAHA
[2023-01-08 23:55:00] <@%dave_rua> !clip
[2023-01-08 23:55:00] <!%^Nightbot> https://clips.twitch.tv/AbrasiveOilyMonitorSoonerLater-RpRblcrsMv9nJZTG
[2023-01-08 23:55:06] <%janesat2> LUL
[2023-01-08 23:55:06] <%$aarulf> 7 pls LUL
[2023-01-08 23:55:07] <@%$charmincharli> KEKW
[2023-01-08 23:55:07] <Ourotheboros> hated your trick so much
[2023-01-08 23:55:15] <%janesat2> OMEGALUL
[2023-01-08 23:55:16] <%$aarulf> is 7 being dramatic????
[2023-01-08 23:55:17] <+bellamee> ralphBrows
[2023-01-08 23:55:27] <@%$XI_marly_XI> yes he is lol
[2023-01-08 23:56:27] <@^StreamElements> If you are enjoying the stream be sure to follow! :)
[2023-01-08 23:56:38] VIEWERS: 168
[2023-01-08 23:56:42] <%rayne_allure> This 1 time I made the teacher give me the ultimate look of disappointment lol. They asked where my home where was and I said it’s home. He asked why and I said because it’s called home work so I thought that’s where it belonged raynea1Mug
[2023-01-08 23:56:58] [Points] kittykitala redeemed Clown Nose (4 000)
[2023-01-08 23:56:58] <%janesat2> Hahahha
[2023-01-08 23:56:59] <%+kingsassafrass> cheymcClown cheymcClown cheymcClown
[2023-01-08 23:57:04] <@%PureBlueMC> cheymcClown cheymcClown cheymcClown cheymcClown
[2023-01-08 23:57:06] <%SunLukong> cheymcClown
[2023-01-08 23:57:08] <%rayne_allure> Yeah I got a f for that lol
[2023-01-08 23:57:11] <@%$XI_marly_XI> lmao rayne
[2023-01-08 23:57:12] <%janesat2> cheymcClown cheymcClown
[2023-01-08 23:57:13] <%rayne_allure> cheymcClown cheymcClown cheymcClown
[2023-01-08 23:57:20] <%+kingsassafrass> @rayne_allure why do i belive that's a true story? lol
[2023-01-08 23:57:50] <%rayne_allure> @kingsassafrass it is one lol
[2023-01-08 23:58:01] <%$andAlexis> my friends and i did perk roulette only and we have honestly been escaping more often cheymcClown
[2023-01-08 23:58:39] VIEWERS: 170
[2023-01-08 23:58:39] <%+kingsassafrass> @rayne_allure xD love it
[2023-01-08 23:58:55] <%rayne_allure> I think the only other story that can top that is when I tried to blues couldo into the tv when I was a kid. That tv crash was something
[2023-01-08 23:59:32] <%+kingsassafrass> @rayne_allure omj! you did not! betwee2Lol betwee2Lol betwee2Lol betwee2Lol betwee2Lol
[2023-01-08 23:59:56] <%SunLukong> I got dmed by a hacked twitter of a streamer was much sus
[2023-01-08 23:59:57] <@^StreamElements> If you want to support the stream further subscribe today https://www.twitch.tv/products/cheymcfly/ticket?ref=below_video_subscribe_button
