# Log started: 2023-01-10 09:43:58 +0100
[2023-01-10 09:43:58] <%+PGleo86> tenmaFattocatto tenmaFattocatto tenmaFattocatto
[2023-01-10 15:09:14] Disconnected
[2023-01-10 15:09:14] Attempting to reconnect in 1 seconds.. (1/∞)
[2023-01-10 15:09:15] Connecting to
[2023-01-10 15:10:06] Joining #tenma..
[2023-01-10 15:10:06] You have joined #tenma
[2023-01-10 15:56:52] Disconnected
[2023-01-10 15:56:52] Attempting to reconnect in 1 seconds.. (1/∞)
[2023-01-10 15:56:53] Connecting to
[2023-01-10 15:56:54] Disconnected (Failed to complete login)
[2023-01-10 15:56:54] Attempting to reconnect in 5 seconds.. (2/∞)
[2023-01-10 15:56:59] Connecting to
[2023-01-10 15:57:51] Joining #tenma..
[2023-01-10 15:57:51] You have joined #tenma
[2023-01-10 17:24:31] Disconnected
[2023-01-10 17:24:31] Attempting to reconnect in 1 seconds.. (1/∞)
[2023-01-10 17:24:32] Connecting to
[2023-01-10 17:25:23] Joining #tenma..
[2023-01-10 17:25:23] You have joined #tenma
[2023-01-10 18:23:09] <NeroDBlood> nagDs
[2023-01-10 19:36:40] <Suitwo> nagDs
[2023-01-10 22:37:02] [Notification] Lord_Predator413 subscribed at Tier 1. They've subscribed for 2 months!
# Log closed: 2023-01-11 15:04:43 +0100
-
