# Log started: 2023-01-02 01:00:04 +0100
[2023-01-02 01:00:04] ~Stream offline~
[2023-01-02 01:00:04] Joining #naowh..
[2023-01-02 01:00:04] You have joined #naowh
[2023-01-02 01:00:28] [Usernotice] tanwyfern is gifting 1 Tier 1 Subs to Naowh's community! They've gifted a total of 1 in the channel!
[2023-01-02 01:00:28] [Notification] tanwyfern gifted a Tier 1 sub to clevii_!
[2023-01-02 01:00:40] [Notification] jayqubee subscribed with Prime.
[2023-01-02 01:27:11] [Notification] Bigriggsy subscribed with Prime.
[2023-01-02 01:36:57] [Notification] Moreon___ subscribed at Tier 1. They've subscribed for 3 months, currently on a 3 month streak! [omg]
[2023-01-02 01:55:19] [Notification] callippoo subscribed with Prime.
[2023-01-02 01:56:55] [Notification] cerebris subscribed with Prime.
[2023-01-02 02:02:08] [Notification] thefullalpaca subscribed at Tier 1.
[2023-01-02 02:05:45] [Notification] lucke64 subscribed with Prime.
[2023-01-02 02:09:54] [Notification] amoeba39 subscribed with Prime.
[2023-01-02 02:12:27] <%+amoeba39> !ui
[2023-01-02 02:12:27] <@%^StreamElements> NaowhUI is available on Patreon (www.patreon.com/naowh) or thru Twitch Prime/Normal sub. After you sub, go to Discord: https://discord.gg/naowh, connect your Discord with Patreon/Twitch via settings, then wait 30-60 minutes for it to SYNC.
[2023-01-02 02:39:19] [Notification] flange2point0 subscribed with Prime.
[2023-01-02 04:19:05] [Notification] ShadesReign subscribed with Prime.
[2023-01-02 04:45:00] [Notification] enrise311 subscribed at Tier 1.
[2023-01-02 05:46:59] [Notification] SubadaOne subscribed at Tier 1.
[2023-01-02 06:19:47] [Notification] Getnasty_01 subscribed with Prime.
[2023-01-02 06:38:11] [Notification] 넵핌프 subscribed at Tier 1.
[2023-01-02 06:56:32] [Notification] fsx16 subscribed at Tier 1.
[2023-01-02 07:09:11] [Notification] hwired subscribed with Prime.
[2023-01-02 07:11:20] [Notification] 꺙꺙이 subscribed at Tier 1.
[2023-01-02 07:13:00] [Notification] fwuffify subscribed with Prime.
[2023-01-02 07:37:29] [Notification] serenidy_ subscribed at Tier 1.
[2023-01-02 07:51:03] [Notification] summeraura subscribed with Prime.
[2023-01-02 08:49:02] [Notification] pdub1 subscribed at Tier 1.
[2023-01-02 08:55:20] [Notification] Korpselol subscribed with Prime.
[2023-01-02 09:59:53] [Notification] nyanpyr subscribed with Prime.
[2023-01-02 10:08:36] [Notification] 하이잘드루 subscribed at Tier 1.
[2023-01-02 10:11:46] [Notification] iKerovic subscribed with Prime.
[2023-01-02 10:12:00] [Notification] AverageGuardsman subscribed with Prime.
[2023-01-02 10:38:47] [Notification] spruos subscribed with Prime. They've subscribed for 3 months!
[2023-01-02 10:52:23] [Notification] Zilcio subscribed with Prime.
[2023-01-02 11:08:38] [Notification] flowriss subscribed with Prime.
[2023-01-02 11:40:19] [Notification] cukai2021 gifted a Tier 1 sub to qopjva! They have given 5 Gift Subs in the channel! qopjva has subscribed for 3 months!
[2023-01-02 11:49:25] [Notification] YodaLeRoux subscribed with Prime.
[2023-01-02 12:07:51] [Notification] Ekosyde subscribed at Tier 1. They've subscribed for 11 months!
[2023-01-02 12:18:39] <+Drico94100> !ui
[2023-01-02 12:18:40] <@%^StreamElements> NaowhUI is available on Patreon (www.patreon.com/naowh) or thru Twitch Prime/Normal sub. After you sub, go to Discord: https://discord.gg/naowh, connect your Discord with Patreon/Twitch via settings, then wait 30-60 minutes for it to SYNC.
[2023-01-02 12:19:01] [Notification] Drico94100 subscribed with Prime.
[2023-01-02 12:35:33] [Notification] mobytje subscribed with Prime.
[2023-01-02 12:58:46] <%+Tamalloo> !Patreon
[2023-01-02 12:58:46] <@%^StreamElements> You can now support Naowh through Patreon: https://patreon.com/naowh Gain access to NaowhUI Installer and profiles, Mythic+ routes, Talent Builds and much more. Connect your Patreon with Discord wait for it to SYNC and gain access to unique channels.
[2023-01-02 13:01:25] [Notification] goldrush_117 subscribed with Prime.
[2023-01-02 13:24:57] [Notification] LaCKoSCN subscribed at Tier 1. They've subscribed for 8 months! [Subbed offline cuz I need UI <3]
[2023-01-02 13:44:36] [Notification] Darkr0s subscribed at Tier 1. They've subscribed for 7 months!
[2023-01-02 13:47:38] [Notification] GetGirthed subscribed with Prime.
[2023-01-02 14:38:11] [Notification] hemlucky subscribed with Prime.
[2023-01-02 15:31:51] [Notification] niboz subscribed at Tier 1.
[2023-01-02 15:33:48] [Notification] cemichto subscribed with Prime.
[2023-01-02 15:36:27] [Notification] farrath17 subscribed with Prime.
[2023-01-02 15:50:12] [Notification] raswin_90 subscribed at Tier 1.
[2023-01-02 16:08:14] [Notification] Babblz_ subscribed with Prime.
[2023-01-02 16:30:20] [Notification] Awlden subscribed at Tier 1.
[2023-01-02 16:39:31] [Notification] helunaria subscribed at Tier 1.
[2023-01-02 16:44:19] [Notification] hebby_ subscribed with Prime.
[2023-01-02 16:48:45] [Notification] bwatan33 subscribed with Prime.
[2023-01-02 16:56:49] [Notification] vehirongaming subscribed with Prime.
[2023-01-02 16:57:44] <%+bwatan33> !wa
[2023-01-02 16:58:47] <%+bwatan33> !displate
[2023-01-02 16:58:47] <@Echo_Esports> Echo, WoW, Diablo, Cute cats? Cant make up your mind? With code: ECHORWF you don't need to! Check out exclusive offers during the RWF at echogg.ly/displate/Naowh
[2023-01-02 16:59:29] <%+bwatan33> !patreon
[2023-01-02 16:59:29] <@%^StreamElements> You can now support Naowh through Patreon: https://patreon.com/naowh Gain access to NaowhUI Installer and profiles, Mythic+ routes, Talent Builds and much more. Connect your Patreon with Discord wait for it to SYNC and gain access to unique channels.
[2023-01-02 17:03:28] <%+bwatan33> !patreon
[2023-01-02 17:03:29] <@%^StreamElements> You can now support Naowh through Patreon: https://patreon.com/naowh Gain access to NaowhUI Installer and profiles, Mythic+ routes, Talent Builds and much more. Connect your Patreon with Discord wait for it to SYNC and gain access to unique channels.
[2023-01-02 17:45:36] [Notification] kaitosssss2 subscribed with Prime.
[2023-01-02 17:47:44] [Notification] Kayleen_live subscribed at Tier 1.
[2023-01-02 17:56:52] [Notification] Eizi12 subscribed at Tier 1.
[2023-01-02 17:59:13] <%+ganzokhd> !m+timer
[2023-01-02 18:24:37] [Notification] Dapels subscribed with Prime.
[2023-01-02 18:26:28] [Notification] Ronkurz subscribed with Prime.
[2023-01-02 18:28:03] [Notification] GamingTips subscribed with Prime.
[2023-01-02 18:44:32] [Notification] okurawow subscribed at Tier 1.
[2023-01-02 18:51:17] [Notification] zed1s subscribed at Tier 1.
[2023-01-02 19:00:12] [Notification] hood_tanks subscribed at Tier 1.
[2023-01-02 19:15:30] [Notification] FunctionOfFez subscribed at Tier 1.
[2023-01-02 19:16:54] [Notification] Shilack subscribed at Tier 1.
[2023-01-02 19:23:14] [Notification] MrBierbauch subscribed with Prime.
[2023-01-02 19:29:46] [Notification] Cebrax93 subscribed at Tier 1.
[2023-01-02 19:38:25] [Notification] Ahmoki subscribed with Prime. They've subscribed for 5 months!
[2023-01-02 19:47:01] [Notification] Kelbourg subscribed with Prime.
[2023-01-02 19:48:55] <%+Kelbourg> !profiles
[2023-01-02 19:49:00] <%+Kelbourg> !
[2023-01-02 19:50:37] <%+Kelbourg> !naowhui
[2023-01-02 19:50:37] <@%^StreamElements> NaowhUI ™️ was developed in parternship with pros and elite amateurs to create the first UI designed just for gamers. Formulated with UI elements to give you the boost you need. You only get to play this game one time, you have one life. Take your game to the next level with NaowhUI ™️ . Skills are cheap. NaowhUI ™️ is priceless. When it comes down to it, nothing trumps NaowhUI ™️ .
[2023-01-02 19:51:42] <%+Kelbourg> !ui
[2023-01-02 19:51:42] <@%^StreamElements> NaowhUI is available on Patreon (www.patreon.com/naowh) or thru Twitch Prime/Normal sub. After you sub, go to Discord: https://discord.gg/naowh, connect your Discord with Patreon/Twitch via settings, then wait 30-60 minutes for it to SYNC.
[2023-01-02 19:54:48] [Notification] M0usha subscribed with Prime.
[2023-01-02 19:55:43] [Notification] An anonymous user gifted a Tier 1 sub to FollowSlz! FollowSlz has subscribed for 15 months!
[2023-01-02 20:04:06] [Notification] Fakerdemon subscribed at Tier 1.
[2023-01-02 20:07:06] [Notification] reowys89 subscribed with Prime.
[2023-01-02 20:10:00] [Notification] evil_anyway gifted 3 months of Tier 1 to artemmaks20. They've gifted 7 months in the channel! artemmaks20 has subscribed for 15 months!
[2023-01-02 20:36:17] [Usernotice] boorny31 is continuing the Gift Sub they got from minivipez!
[2023-01-02 20:39:33] [Notification] DavisXYZ subscribed at Tier 1.
[2023-01-02 20:44:32] [Notification] SpeedtraX subscribed at Tier 1.
[2023-01-02 20:48:49] <%+9aleM> !bigwigs
[2023-01-02 20:51:44] [Notification] karstenv2 subscribed at Tier 1.
[2023-01-02 20:52:18] [Notification] F0Rk1LL subscribed with Prime.
[2023-01-02 20:53:09] [Notification] BillRuggles subscribed with Prime.
[2023-01-02 20:54:51] [Notification] jQPPOS subscribed with Prime.
[2023-01-02 21:02:45] [Notification] aoeincom subscribed at Tier 1.
[2023-01-02 21:27:49] [Notification] thepapai subscribed with Prime.
[2023-01-02 21:34:42] [Notification] mahesvara91 subscribed at Tier 1.
[2023-01-02 21:38:27] [Notification] Kankarus subscribed at Tier 1. They've subscribed for 7 months!
[2023-01-02 21:45:31] [Notification] GewruTV subscribed at Tier 1.
[2023-01-02 21:47:10] [Notification] NhycOne subscribed with Prime.
[2023-01-02 21:50:38] [Notification] BR_Kira subscribed at Tier 1.
[2023-01-02 22:15:24] [Notification] Wreeky subscribed at Tier 1.
[2023-01-02 22:20:14] [Notification] hkktrck subscribed at Tier 1.
[2023-01-02 22:53:10] [Notification] tl0ztv subscribed with Prime. They've subscribed for 26 months!
[2023-01-02 22:59:12] [Notification] Marcoslp_ subscribed with Prime. They've subscribed for 4 months!
[2023-01-02 23:30:22] [Notification] Raiyy1337 subscribed with Prime. They've subscribed for 2 months!
[2023-01-02 23:40:01] [Notification] scaredcr0w0 subscribed with Prime.
