# Log started: 2023-01-11 13:27:04 +0100
[2023-01-11 13:27:04] <%+pepeja2> DESPAIR SmokeTime
[2023-01-11 13:38:41] <%+pepeja2> DESPAIR SmokeTime
[2023-01-11 13:40:42] <%Yhoumi> pepeja MLADY
[2023-01-11 13:41:30] <%+pepeja2> Yhoumi MLADY
[2023-01-11 13:41:43] <%+pepeja2> DESPAIR SmokeTime
[2023-01-11 13:56:20] <%+pepeja2> DESPAIR SmokeTime
[2023-01-11 13:57:40] <%Yhoumi> DESPAIR  SmokeTime
[2023-01-11 13:58:53] <%+pepeja2> DESPAIR SmokeTime
[2023-01-11 14:00:16] <@^Nightbot> Check out the YouTube Channel: https://www.youtube.com/channel/UCszkNBncHAQgdP5l8z4OAIA?view_as=subscriber
[2023-01-11 14:03:37] <%Yhoumi> Bedge wake me when he's starting
[2023-01-11 14:04:29] <%+pepeja2> ok brother DESPAIR SmokeTime
[2023-01-11 14:04:48] <justarezognate> catRAVE
[2023-01-11 14:04:56] <justarezognate> the spam begins
[2023-01-11 14:05:01] <%+pepeja2> ok brother DESPAIR SmokeTime
[2023-01-11 14:05:07] <%+pepeja2> DESPAIR SmokeTime
[2023-01-11 14:05:08] <justarezognate> hello there
[2023-01-11 14:05:18] <justarezognate> Aware SmokeTime
[2023-01-11 14:05:29] <justarezognate> catRAVE
[2023-01-11 14:05:40] <%+pepeja2> BLANKIES
[2023-01-11 14:05:47] <+gekyume6> !build
[2023-01-11 14:05:47] <@^Nightbot> Cleaver - Bork/Ravenous - Duskblade
[2023-01-11 14:05:56] <justarezognate> look at this guy here for the build
[2023-01-11 14:05:58] <justarezognate> KEKW
[2023-01-11 14:06:01] <+gekyume6> kekL
[2023-01-11 14:06:03] <+gekyume6> LMAO
[2023-01-11 14:06:05] <+gekyume6> just had to check
[2023-01-11 14:06:09] <+gekyume6> usually building eclipse
[2023-01-11 14:06:15] <justarezognate> we are the offline spammers
[2023-01-11 14:06:18] <justarezognate> welcome welcome
[2023-01-11 14:06:22] <+gekyume6> glad to hear it
[2023-01-11 14:06:23] <+gekyume6> new here
[2023-01-11 14:06:26] <+gekyume6> sen clips of spear
[2023-01-11 14:06:27] <%+pepeja2> blue ball build ok
[2023-01-11 14:06:30] <+gekyume6> love him
[2023-01-11 14:06:40] <%+pepeja2> DESPAIR SmokeTime
[2023-01-11 14:06:45] <justarezognate> Aware SmokeTime
[2023-01-11 14:06:51] <justarezognate> catRAVE
[2023-01-11 14:06:56] <+gekyume6> when will he stream
[2023-01-11 14:07:02] <justarezognate> prob a hour
[2023-01-11 14:07:06] <justarezognate> from now
[2023-01-11 14:07:38] <justarezognate> usually he is online now
[2023-01-11 14:07:42] <justarezognate> looking at us
[2023-01-11 14:07:47] <justarezognate> ik u are here @Spear_Shot
[2023-01-11 14:07:52] <justarezognate> catRAVE
[2023-01-11 14:08:23] <justarezognate> oh yea im on this acc cos i want to watch drututt and he banned my realrezognate acc
[2023-01-11 14:08:39] <justarezognate> catRAVE
[2023-01-11 14:09:23] <justarezognate> catRAVE
[2023-01-11 14:10:31] <justarezognate> catRAVE
[2023-01-11 14:11:42] <justarezognate> catRAVE
[2023-01-11 14:13:00] <%+pepeja2> DESPAIR SmokeTime
[2023-01-11 14:15:38] <justarezognate> catRAVE
[2023-01-11 14:22:43] <justarezognate> catRAVE
[2023-01-11 14:24:06] <justarezognate> catRAVE
[2023-01-11 14:25:06] <@^Nightbot> Check out the YouTube Channel: https://www.youtube.com/channel/UCszkNBncHAQgdP5l8z4OAIA?view_as=subscriber
[2023-01-11 14:27:38] <%Cyborgzx> KEKWait
[2023-01-11 14:28:09] <justarezognate> hello
[2023-01-11 14:28:13] <justarezognate> offline chatterr
[2023-01-11 14:28:16] <justarezognate> catRAVE
[2023-01-11 14:28:41] <justarezognate> Aware SmokeTime
[2023-01-11 14:29:21] <%+pepeja2> DESPAIR SmokeTime
[2023-01-11 14:30:27] <%+pepeja2> !watchtime
[2023-01-11 14:30:27] <@^StreamElements> pepeja2 has spent  2 days 20 hours watching spear_shot
[2023-01-11 14:30:36] <!%+imCrylad> Rookie numbers
[2023-01-11 14:30:44] <%+pepeja2> imCrylad MLADY
[2023-01-11 14:30:47] <!%+imCrylad> !watchtime
[2023-01-11 14:30:48] <@^StreamElements> imCrylad has spent  30 days 16 hours watching spear_shot
[2023-01-11 14:30:53] <%+pepeja2> DESPAIR SmokeTime
[2023-01-11 14:31:01] <!%+imCrylad> @pepeja2 MLADY
[2023-01-11 14:37:33] <justarezognate> Aware SmokeTime
[2023-01-11 14:37:43] <justarezognate> rookies
[2023-01-11 14:37:51] <justarezognate> @imCrylad Sadge
[2023-01-11 14:38:00] <justarezognate> !watchtime
[2023-01-11 14:38:01] <@^StreamElements> justarezognate has spent  20 mins watching spear_shot
[2023-01-11 14:38:07] <justarezognate> wait wrong acc
[2023-01-11 14:38:24] <justarezognate> Madge
[2023-01-11 14:46:11] <justarezognate> Aware SmokeTime
[2023-01-11 14:49:15] <justarezognate> Aware SmokeTime
[2023-01-11 14:49:38] <%G_HanLol> is issa still sleeping? i thought he would start stream at 6 am
[2023-01-11 14:50:10] <@^Nightbot> Check out the YouTube Channel: https://www.youtube.com/channel/UCszkNBncHAQgdP5l8z4OAIA?view_as=subscriber
[2023-01-11 14:55:36] <justarezognate> Aware SmokeTime
[2023-01-11 14:55:44] <justarezognate> @G_HanLol 6 am KEKW
[2023-01-11 14:59:45] <%+pepeja2> DESPAIR SmokeTime
[2023-01-11 15:00:19] <@^Nightbot> Check out the YouTube Channel: https://www.youtube.com/channel/UCszkNBncHAQgdP5l8z4OAIA?view_as=subscriber
[2023-01-11 15:02:41] <%Yhoumi> DESPAIR  SmokeTime
[2023-01-11 15:04:26] <%+pepeja2> where is he Madge
[2023-01-11 15:04:31] <%+pepeja2> late Madge
# Log closed: 2023-01-11 15:04:40 +0100
-
