# Log started: 2023-01-05 00:54:36 +0100
[2023-01-05 00:54:36] <~%maggiekarp_> nojram00 has followed! :)
[2023-01-05 04:35:24] <~%maggiekarp_> derlexanda has followed! :)
[2023-01-05 05:04:07] <~%maggiekarp_> cookiejar1000 has followed! :)
[2023-01-05 05:11:13] <~%maggiekarp_> bluestaroo has followed! :)
[2023-01-05 05:38:33] <~%maggiekarp_> sushiiii_gaming has followed! :)
[2023-01-05 05:42:09] <~%maggiekarp_> nmoth has followed! :)
[2023-01-05 07:04:19] <~%maggiekarp_> spooky_7900 has followed! :)
[2023-01-05 07:13:31] <~%maggiekarp_> invoke98 has followed! :)
[2023-01-05 08:11:04] <~%maggiekarp_> genocidershou has followed! :)
[2023-01-05 08:29:17] <~%maggiekarp_> jannahthingss has followed! :)
[2023-01-05 08:34:12] <~%maggiekarp_> alfonsoalmodovar01 has followed! :)
[2023-01-05 09:06:13] <~%maggiekarp_> kingxworm has followed! :)
[2023-01-05 12:19:17] <~%maggiekarp_> tinethegreat has followed! :)
[2023-01-05 12:20:17] <~%maggiekarp_> dyusivinz has followed! :)
[2023-01-05 14:18:06] <~%maggiekarp_> barz0303 has followed! :)
[2023-01-05 15:07:21] <~%maggiekarp_> Jannnx10 has followed! :)
[2023-01-05 15:08:50] <~%maggiekarp_> casmer17 has followed! :)
[2023-01-05 15:09:57] <~%maggiekarp_> Zywie_ has followed! :)
[2023-01-05 15:52:35] <~%maggiekarp_> monstercocopaw has followed! :)
[2023-01-05 16:08:44] <~%maggiekarp_> mmmortred has followed! :)
[2023-01-05 18:12:05] <~%maggiekarp_> cyntaxx1 has followed! :)
[2023-01-05 18:52:31] <~%maggiekarp_> jolzeee has followed! :)
[2023-01-05 19:04:08] <~%maggiekarp_> earlysuuu has followed! :)
[2023-01-05 20:32:30] <~%maggiekarp_> s3npaip0r0 has followed! :)
[2023-01-05 21:21:39] <~maggiekarp_> repolryu has followed! :)
