# Log started: 2023-01-03 01:58:03 +0100
[2023-01-03 01:58:03] <%niztopia> !eco
[2023-01-03 01:58:03] <@%^StreamElements> Come join us on our 1000+ Slot Eco World. Anyone is welcome. IP: slime.jimbo.dev
[2023-01-03 02:12:26] <%Soso_Ti> catRose
[2023-01-03 02:14:43] <%DDXW> Press the button
[2023-01-03 02:24:26] <@%1divinesecret> mrbongWiggle
[2023-01-03 02:34:28] <%Soso_Ti> !eco
[2023-01-03 02:34:28] <@%^StreamElements> Come join us on our 1000+ Slot Eco World. Anyone is welcome. IP: slime.jimbo.dev
[2023-01-03 04:01:34] <%Watcheka> Pssst 1divinesecret
[2023-01-03 04:01:41] <%Watcheka> You'll be joining Gunbladia, riiight?
[2023-01-03 07:13:55] <!%gunblade00> hypes.
[2023-01-03 08:01:18] <!%gunblade00> hypes.
[2023-01-03 08:17:19] <+cartman558> !discord
[2023-01-03 08:17:19] <@%^StreamElements> discord.gg/ming
[2023-01-03 09:07:10] <!%gunblade00> hypes.
[2023-01-03 10:10:57] <%PB_Jon> The Ming dynasty, officially the Great Ming
[2023-01-03 10:14:53] <!%gunblade00> hypes.
[2023-01-03 15:16:39] <%+dekreate> hi chat
[2023-01-03 17:40:39] [Notification] Papacease subscribed with Prime. They've subscribed for 5 months!
[2023-01-03 19:03:44] <%BendingInk> hi chat
[2023-01-03 22:26:02] [Notification] southaustin512 subscribed with Prime. They've subscribed for 26 months!
