# Log started: 2023-01-04 00:34:32 +0100
[2023-01-04 00:34:32] <jewyyyyyy> still here Sadge
[2023-01-04 01:15:39] <jewyyyyyy> BLANKIES
[2023-01-04 01:25:42] <jewyyyyyy> puppyKISS  puppyKISS  puppyKISS  puppyKISS  puppyKISS  puppyKISS  puppyKISS  puppyKISS  puppyKISS  puppyKISS  puppyKISS  puppyKISS  puppyKISS  puppyKISS
[2023-01-04 01:26:26] <jewyyyyyy> live later COPIUM  COPIUM  COPIUM  COPIUM  COPIUM  COPIUM  COPIUM  COPIUM  COPIUM  COPIUM  COPIUM  COPIUM  COPIUM  COPIUM  COPIUM  COPIUM  COPIUM  COPIUM
[2023-01-04 01:26:47] <jewyyyyyy> !lastseen @a2guapo
[2023-01-04 01:26:57] <jewyyyyyy> Lbot
[2023-01-04 01:27:24] <jewyyyyyy> CRAZY  CRAZY  CRAZY  CRAZY  CRAZY  CRAZY  CRAZY  CRAZY  CRAZY  CRAZY  CRAZY  CRAZY
[2023-01-04 01:28:04] <@%^Nightbot> Subscribe to my new YouTube channel and check out my newest video! | https://www.youtube.com/channel/UCN4_lPQeRaGTWqGy21RDlGQ  a2guapGG
[2023-01-04 01:30:10] <@%^Nightbot> Don't forget to follow my socials!  a2guapLove https://www.youtube.com/channel/UCN4_lPQeRaGTWqGy21RDlGQ  YouTube  |  https://twitter.com/a2guapo2  twitter  |  https://discord.gg/a2guapo  discord  |   https://www.tiktok.com/@a2guapo2  TikTok  |
[2023-01-04 01:38:08] <jewyyyyyy> no.1 offline chatter
[2023-01-04 02:13:14] <jewyyyyyy> i miss guapo Sadge
[2023-01-04 02:55:39] <jewyyyyyy> SadgeCry  SadgeCry  SadgeCry  SadgeCry  SadgeCry
[2023-01-04 03:21:39] <jewyyyyyy> trollSad  trollSad  trollSad  trollSad  trollSad  trollSad  trollSad  trollSad  trollSad  trollSad
[2023-01-04 03:47:44] <jewyyyyyy> WatchingStream  COPIUM
[2023-01-04 04:52:29] <jewyyyyyy> Live soon  COPIUM
[2023-01-04 15:10:42] <bin_ner> sadCat
[2023-01-04 17:30:42] <roxxyvlr> !sens
[2023-01-04 17:30:42] <@%^Nightbot> 1.0 | 400 DPI | scoped 1
[2023-01-04 20:19:37] <eet227> Go live weirdchampion
[2023-01-04 20:40:40] <@^StreamElements> a2guapo is now live! Streaming Grand Theft Auto V: NoPixel WL Jay Hobbs VALORANT LATER | NEW YOUTUBE VIDEO | !newvid !youtube !twitter !meta !bsg
[2023-01-04 20:40:47] <zzpkkk> My brothaaa
[2023-01-04 20:40:51] <penstemon_> Valorant later COPIUM
[2023-01-04 20:40:53] <krizjohns> hi
[2023-01-04 20:40:53] <xcqqqqq> wuapo
[2023-01-04 20:40:54] <!%RigidDT> HEY GUAPO
[2023-01-04 20:40:55] <penguin_goosebuissness> Omg hii
[2023-01-04 20:40:56] <%+porkaye> heyy
[2023-01-04 20:41:05] <Yuuminaa> MY GTA STREAMER
[2023-01-04 20:41:05] <+kennedyshoota> Valorant later COPIUM
[2023-01-04 20:41:05] <%+Draughtmean> yo
[2023-01-04 20:41:06] <@%^Nightbot> CHATTERS! Guapo is asking for his viewers to clip any funny moments or good plays during his streams! Post them in chat AND the discord in the #stream-clips channel!  a2guapLove
[2023-01-04 20:41:06] <d1zzy192> Yo
[2023-01-04 20:41:07] <@%amandaaaaaah> HIII GUAPO
[2023-01-04 20:41:08] <neoosatellite> YOOOO
[2023-01-04 20:41:09] <Xceptionallll> fuck valo ong
[2023-01-04 20:41:10] <@%amandaaaaaah> HI CHAT
[2023-01-04 20:41:13] <penstemon_> COPIUM
[2023-01-04 20:41:16] <zzpkkk> We need hobbs
[2023-01-04 20:41:17] <%jadian_> Yoo
[2023-01-04 20:41:17] <@%Sirclassic> HELLO
[2023-01-04 20:41:18] <%demar334> yooo wassup guapo a2guapHello
[2023-01-04 20:41:18] <%+porkaye> ello amanda o77
[2023-01-04 20:41:18] <%sushiboy93> peepoHey
[2023-01-04 20:41:20] <Xceptionallll> valo ResidentSleeper
[2023-01-04 20:41:21] <d1zzy192> me
[2023-01-04 20:41:22] <krizjohns> f val
[2023-01-04 20:41:24] <zzpkkk> Hobbs>>>
[2023-01-04 20:41:25] <@%amandaaaaaah> what a nice new mic u have Kappa
[2023-01-04 20:41:30] <nutbusterrrrrr> GTA RP 24 hrs lessgo
[2023-01-04 20:41:30] <FwSia> Hi
[2023-01-04 20:41:31] <%zetnogaming> hello guapo and amanda a2guapHello
[2023-01-04 20:41:37] <@%amandaaaaaah> HI PORK HI ZETNO HI CLASSIC
[2023-01-04 20:41:40] <%+porkaye> AINTNOWAY
[2023-01-04 20:41:47] <zzpkkk> L mic
[2023-01-04 20:41:49] <@%Sirclassic> @amandaaaaaah donowall
[2023-01-04 20:41:55] <neoosatellite> yo amaaandaaaaaaaah
[2023-01-04 20:42:02] VIEWERS: 55
[2023-01-04 20:42:02] ~NoPixel WL Jay Hobbs VALORANT LATER | NEW YOUTUBE VIDEO | !newvid !youtube !twitter !meta !bsg (Grand Theft Auto V)~
[2023-01-04 20:42:04] <@%amandaaaaaah> @neoosatellite hiiiiiiii :3
[2023-01-04 20:42:04] <@%mia_2446_> JAY HOBBSSSS
[2023-01-04 20:42:06] <@%amandaaaaaah> MIA <3
[2023-01-04 20:42:06] <Yuuminaa> is the face reveal still a thing?
[2023-01-04 20:42:07] <@%^Nightbot> Subscribe to my new YouTube channel and check out my newest video! | https://www.youtube.com/channel/UCN4_lPQeRaGTWqGy21RDlGQ  a2guapGG
[2023-01-04 20:42:10] <@%Sirclassic> D:
[2023-01-04 20:42:13] <%+porkaye> heyy RigidDT
[2023-01-04 20:42:14] <@%mia_2446_> AMANDA <3
[2023-01-04 20:42:15] <bin_ner> :3
[2023-01-04 20:42:19] <xcqqqqq> !POINT
[2023-01-04 20:42:19] <@%^Nightbot> Guapo has pointed at someone 102 times
[2023-01-04 20:42:21] <%sushiboy93> KEKW
[2023-01-04 20:42:24] <xcqqqqq> peepoPoint
[2023-01-04 20:42:25] <@%Sirclassic> Nerd
[2023-01-04 20:42:31] <penstemon_> !point
[2023-01-04 20:42:40] <%+porkaye> hi mia  Jammies
[2023-01-04 20:42:50] <@%mia_2446_> @porkaye ji Jammies
[2023-01-04 20:43:04] <@%casstheberry> awe
[2023-01-04 20:43:06] <%+porkaye> jiji
[2023-01-04 20:43:08] <@%casstheberry> your helmet is cute
[2023-01-04 20:43:09] <ryctz> :)
[2023-01-04 20:43:11] <@%Sirclassic> hello mia
[2023-01-04 20:43:16] <zzpkkk> Good I missed u
[2023-01-04 20:43:21] <%georgebromanjr> Hi j Hobbs
[2023-01-04 20:43:24] <zzpkkk> And Mr J hobbs
[2023-01-04 20:43:24] <+00stvn> Hello sir jay hobbs
[2023-01-04 20:43:25] <okayvini> Mic didn’t work out?
[2023-01-04 20:43:27] <@%casstheberry> do whatchu want
[2023-01-04 20:43:31] <LilBaymax> why?
[2023-01-04 20:43:31] <ryctz> Hello mr hobbs
[2023-01-04 20:43:32] <zzpkkk> ??
[2023-01-04 20:43:32] <%+porkaye> do u guapo
[2023-01-04 20:43:33] <@%amandaaaaaah> @okayvini it didnt come with the cableeee
[2023-01-04 20:43:34] <zzpkkk> Whyyy
[2023-01-04 20:43:34] <Yuuminaa> do what you feel
[2023-01-04 20:43:36] <@%+clipzy> thank fuck
[2023-01-04 20:43:38] <LilBaymax> why end hto
[2023-01-04 20:43:42] <zzpkkk> No way
[2023-01-04 20:43:44] <@%casstheberry> LMAO
[2023-01-04 20:43:51] <deepeeeeeee> ???
[2023-01-04 20:43:52] <zzpkkk> It’s like u haven’t streamed in for ever
[2023-01-04 20:43:57] <xdj5x> new mic ?
[2023-01-04 20:44:02] VIEWERS: 55
[2023-01-04 20:44:08] <zzpkkk> Only yesterday
[2023-01-04 20:44:11] <@%+clipzy> LMFAO
[2023-01-04 20:44:12] <zzpkkk> After like 3 days
[2023-01-04 20:44:13] <%georgebromanjr> Do another “short” stream (9 hours)
[2023-01-04 20:44:13] <@%casstheberry> chat
[2023-01-04 20:44:17] <1elims> KEKW
[2023-01-04 20:44:19] <@%casstheberry> its holiday season
[2023-01-04 20:44:22] <%amorcat> a2guapLove a2guapLove
[2023-01-04 20:44:24] <@%casstheberry> let him relax:D
[2023-01-04 20:44:25] <zzpkkk> <3 love u tho
[2023-01-04 20:44:31] <@%mia_2446_> hi @casstheberry @clipzy peepoHey
[2023-01-04 20:44:31] <wavvvvvvvv> @casstheberry fr
[2023-01-04 20:44:40] <@%+clipzy> @mia_2446_ peepoHey
[2023-01-04 20:44:42] <@%amandaaaaaah> how are u feeling now, are u still sick? SadgeCry
[2023-01-04 20:44:48] <@%casstheberry> @mia_2446_ hihi uwu
[2023-01-04 20:44:57] <@%+clipzy> when the cable get there? @a2guapo
[2023-01-04 20:45:01] <zzpkkk> Who’s getting kicked out?
[2023-01-04 20:45:10] <@%^Nightbot> Don't forget to follow my socials!  a2guapLove https://www.youtube.com/channel/UCN4_lPQeRaGTWqGy21RDlGQ  YouTube  |  https://twitter.com/a2guapo2  twitter  |  https://discord.gg/a2guapo  discord  |   https://www.tiktok.com/@a2guapo2  TikTok  |
[2023-01-04 20:45:16] <zzpkkk> So your telling me you bought a expensive mic and it didn’t come with everything
[2023-01-04 20:45:26] <%+porkaye> o77 clipzy
[2023-01-04 20:45:33] <@%mia_2446_> owo cass
[2023-01-04 20:45:33] <@%+clipzy> @porkaye o77
[2023-01-04 20:45:50] <@%casstheberry> @mia_2446_ omg thats so cute
[2023-01-04 20:46:00] <@%mia_2446_> :3
[2023-01-04 20:46:01] <mo1st_zherka> Lets goo ur live
[2023-01-04 20:46:02] VIEWERS: 101
[2023-01-04 20:46:13] <zzpkkk> When I saw the live noti I got happy frfr
[2023-01-04 20:46:23] <@%amandaaaaaah> @zzpkkk ^ real
[2023-01-04 20:46:35] <zzpkkk> Never eat a fish sandwich again
[2023-01-04 20:46:45] <+risx_x> hi
[2023-01-04 20:46:47] <LilBaymax> are u gonna say who ur duoing with today
[2023-01-04 20:47:04] <1elims> u got a shure sm7b?
[2023-01-04 20:47:05] <zzpkkk> What time did u eat it cause depends what time u eat fish
[2023-01-04 20:47:09] <+moodSUX> jasont2STURDY
[2023-01-04 20:47:15] <@%mia_2446_> the greatest showman hits diff fr wideVIBE
[2023-01-04 20:47:38] <svdh_> Yo
[2023-01-04 20:47:42] <%+8luedo> yoooo
[2023-01-04 20:47:56] <@%casstheberry> do you have adhd or add
[2023-01-04 20:47:56] <harucanne> theyre rp ing...
[2023-01-04 20:47:57] <@%+clipzy> no bro
[2023-01-04 20:47:58] <@%+clipzy> fk no
[2023-01-04 20:48:02] VIEWERS: 101
[2023-01-04 20:48:06] <@%amandaaaaaah> but this is such a good time to stream sadCat
[2023-01-04 20:48:06] <@%+clipzy> im watching
[2023-01-04 20:48:18] <@%casstheberry> LMAO
[2023-01-04 20:48:19] <zzpkkk> Don’t end
[2023-01-04 20:48:21] <@%casstheberry> do what you want
[2023-01-04 20:48:23] <@%amandaaaaaah> when ur mods are awake :3
[2023-01-04 20:48:24] <%+porkaye> do u guap
[2023-01-04 20:48:24] <zzpkkk> Brooo
[2023-01-04 20:48:28] <@%casstheberry> you'll be back either way
[2023-01-04 20:48:28] <zzpkkk> Why are u ending
[2023-01-04 20:48:33] <%asapfourtwenty> yo :)
[2023-01-04 20:48:33] <rosco2357> it will be better long term
[2023-01-04 20:48:33] <@%amandaaaaaah> SO THERE ISNT JUST ONE MOD ONE WHO HAS TO DO 129285928 STUFF
[2023-01-04 20:48:33] <ryctz> Bruh
[2023-01-04 20:48:35] <%+8luedo> howd you get mod
[2023-01-04 20:48:35] <%xZoidzy> yeah but youre reeaaaaaaaalllllllllllllyyyyyyyyy dedicated viewers are watching rn
[2023-01-04 20:48:37] <zzpkkk> Brooo……
[2023-01-04 20:48:37] <d1zzy192> no war ?
[2023-01-04 20:48:40] <%xZoidzy> be grateful for us
[2023-01-04 20:49:02] <zzpkkk> I think u should meet new people in the server
[2023-01-04 20:49:05] <@%^Nightbot> Subscribe to my new YouTube channel and check out my newest video! | https://www.youtube.com/channel/UCN4_lPQeRaGTWqGy21RDlGQ  a2guapGG
[2023-01-04 20:49:24] <WhosAdm> YOO
[2023-01-04 20:49:33] <harucanne> chat did gg knew jay and ralphie got shot by ballas yesterday
[2023-01-04 20:49:33] <zzpkkk> Future :(
[2023-01-04 20:49:45] <zzpkkk> GG is at war?
[2023-01-04 20:49:50] <zzpkkk> Waitttt
[2023-01-04 20:49:53] <@%casstheberry> okai
[2023-01-04 20:50:00] <zzpkkk> Is jay hobbs a shooter?
[2023-01-04 20:50:02] VIEWERS: 145
[2023-01-04 20:50:03] <@%casstheberry> hope rp fun tho:3
[2023-01-04 20:50:08] <@%^Nightbot> Don't forget to follow my socials!  a2guapLove https://www.youtube.com/channel/UCN4_lPQeRaGTWqGy21RDlGQ  YouTube  |  https://twitter.com/a2guapo2  twitter  |  https://discord.gg/a2guapo  discord  |   https://www.tiktok.com/@a2guapo2  TikTok  |
[2023-01-04 20:50:16] <zzpkkk> Can Mr jay Hobbs handle war?
[2023-01-04 20:50:19] <+moodSUX> Are u on ur new mic @a2guapo
[2023-01-04 20:50:23] <@%casstheberry> @moodSUX no
[2023-01-04 20:50:44] <elyxzvr> sup guaps
[2023-01-04 20:50:45] <@%casstheberry> the tension
[2023-01-04 20:50:45] <harucanne> whos gonna gg war with?
[2023-01-04 20:50:47] <@%casstheberry> could be cut with a knife
[2023-01-04 20:50:51] <ryctz> LUL LUL
[2023-01-04 20:51:01] <+hydr0qc> furry helmet
[2023-01-04 20:51:17] <%+xzdiiego> @harucanne Ballas maybe
[2023-01-04 20:51:22] <zzpkkk> I can’t wait till guapo meets Francis
[2023-01-04 20:51:27] <shinumuhammed> still no face cam wow
[2023-01-04 20:51:29] <@%+clipzy> bro
[2023-01-04 20:51:30] <@%+clipzy> SIT STILL
[2023-01-04 20:51:31] <@%amandaaaaaah> @moodSUX hopefully tomorrow! the cable didnt come with it :o
[2023-01-04 20:51:40] <zzpkkk> We’re ur sexy face
[2023-01-04 20:51:42] <harucanne> @xzdiiego cause they shot jay and ralphie?
[2023-01-04 20:51:44] <xcqqqqq> peepoPoint
[2023-01-04 20:51:47] <xcqqqqq> !point
[2023-01-04 20:51:47] <@%^Nightbot> Guapo has pointed at someone 103 times
[2023-01-04 20:51:56] <%sushiboy93> KEKW
[2023-01-04 20:51:57] <%zetnogaming> xqcDespair
[2023-01-04 20:52:02] VIEWERS: 145
[2023-01-04 20:52:03] <%asapfourtwenty> kurupt9Despair
[2023-01-04 20:52:08] <%+xzdiiego> @harucanne something happened again today. not tryna say 2 much in chat
[2023-01-04 20:52:20] <zzpkkk> Why u letting Hobbs get pressed
[2023-01-04 20:52:28] <harucanne> @xzdiiego think im gonna find out in rp KEKW
[2023-01-04 20:52:29] <ReveiId> yooo
[2023-01-04 20:52:34] <%+xzdiiego> @harucanne youtube
[2023-01-04 20:52:36] <%+xzdiiego> ?
[2023-01-04 20:52:43] <%zetnogaming> chain Pog
[2023-01-04 20:52:47] <!%IshaanG_007> Guapo catKISS
[2023-01-04 20:52:56] <shinumuhammed> i am not watching guapo until he do face cam bye chat
[2023-01-04 20:52:56] <@%amandaaaaaah> ISAAAHN <3
[2023-01-04 20:52:56] <+hydr0qc> GGC OMEGALUL
[2023-01-04 20:52:56] <%zetnogaming> c
[2023-01-04 20:53:00] <%+lasagacat420> is guapo in gg?
[2023-01-04 20:53:01] <@%amandaaaaaah> @shinumuhammed cap
[2023-01-04 20:53:05] <+hydr0qc> GG zero IQ
[2023-01-04 20:53:06] <xcqqqqq> peepoPoint
[2023-01-04 20:53:09] <axelfrOst2o0O> zero iq squad
[2023-01-04 20:53:16] <!%IshaanG_007> amandaaaaa loskylLove
[2023-01-04 20:53:24] <@%amandaaaaaah> how are u ishaaaan?
[2023-01-04 20:53:32] <!%IshaanG_007> I'm good
[2023-01-04 20:53:35] <!%IshaanG_007> kinda sad
[2023-01-04 20:53:43] <%zetnogaming> PogU
[2023-01-04 20:53:44] <!%IshaanG_007> how're youuu
[2023-01-04 20:53:44] <@%+clipzy> LOL
[2023-01-04 20:53:45] <vanzz_69> OMEGALUL
[2023-01-04 20:53:47] <%zetnogaming> damn
[2023-01-04 20:53:48] <zzpkkk> Hahaha
[2023-01-04 20:53:50] <ryctz> KEKW
[2023-01-04 20:53:51] <@%casstheberry> he said its so cutely
[2023-01-04 20:53:52] <@%casstheberry> LMAO
[2023-01-04 20:53:52] [Notification] HairyBalls0924 subscribed at Tier 1. They've subscribed for 7 months, currently on a 7 month streak! [Hai]
[2023-01-04 20:53:53] <zzpkkk> Dammmm
[2023-01-04 20:53:55] <WhosAdm> :(
[2023-01-04 20:54:01] <penstemon_> Jebaited
[2023-01-04 20:54:01] <@%amandaaaaaah> @IshaanG_007 why? ):
[2023-01-04 20:54:01] <!%IshaanG_007> w hairy balls
[2023-01-04 20:54:02] VIEWERS: 145
[2023-01-04 20:54:08] <@%amandaaaaaah> @IshaanG_007 im okieeeeee
[2023-01-04 20:54:08] <%+porkaye> heyyy ishaan WICKED
[2023-01-04 20:54:11] <%asapfourtwenty> kurupt98D
[2023-01-04 20:54:16] <%loskyle> Hi aj
[2023-01-04 20:54:19] <@%amandaaaaaah> HI KYLE
[2023-01-04 20:54:22] <!%IshaanG_007> @amandaaaaaah one of my best friends is moving to another country to study SadgeCry
[2023-01-04 20:54:25] <%loskyle> Hey Amanda
[2023-01-04 20:54:25] <%+porkaye> kyle o7
[2023-01-04 20:54:27] <ryctz> monkaW
[2023-01-04 20:54:32] <!%IshaanG_007> PORKK WICKED
[2023-01-04 20:54:32] <%loskyle> Hey ishaan hey pork
[2023-01-04 20:54:41] <!%IshaanG_007> hi Kyle catKISS
[2023-01-04 20:54:46] <Ir0nyX> Jay Hobbs back
[2023-01-04 20:54:46] <penstemon_> bro cant stand still for more than 2secs
[2023-01-04 20:54:51] <%+sanityybro> who's dumb fuck? isnt that z?
[2023-01-04 20:54:56] <@%amandaaaaaah> @IshaanG_007 oh thats sad ):
[2023-01-04 20:55:03] <%+sanityybro> lowk forgot
[2023-01-04 20:55:04] <%+xzdiiego> hobbs so nice kek
[2023-01-04 20:55:12] <!%IshaanG_007> yea allg tho
[2023-01-04 20:55:12] <%loskyle> I’m so sleepy
[2023-01-04 20:55:12] <!%IshaanG_007> m happy for her
[2023-01-04 20:55:26] <@%casstheberry> LMAOOOOOOOO
[2023-01-04 20:55:27] <WhosAdm> bro griddying so fast
[2023-01-04 20:55:30] <@%+clipzy> no ur not
[2023-01-04 20:55:31] <&%namdosean> !lurk
[2023-01-04 20:55:31] <@%^Nightbot> Thanks For the Lurk <3 😘
[2023-01-04 20:55:31] <amirulhak1m> LOL
[2023-01-04 20:55:32] <@%+clipzy> ur a fivem streamer
[2023-01-04 20:55:33] <!%IshaanG_007> xepaGRIDDY
[2023-01-04 20:55:36] <tippyturner> lol no youre not
[2023-01-04 20:55:37] <NUTbusterrrrrr> You are a GTA streamer
[2023-01-04 20:55:38] <@%amandaaaaaah> ur a variety streamer :3
[2023-01-04 20:55:38] <%xZoidzy> you play whatever is fun and makes you happy
[2023-01-04 20:55:46] <piglel> whats up my part time valorant streamer
[2023-01-04 20:55:46] <@%casstheberry> he's so bored
[2023-01-04 20:55:46] <tippyturner> youre a GOD tier gamer
[2023-01-04 20:55:49] <@%amandaaaaaah> @xZoidzy ^^^^
[2023-01-04 20:55:51] <@%casstheberry> KEKW
[2023-01-04 20:55:52] <%sarajkh> a2guapHello a2guapHello
[2023-01-04 20:55:52] <%loskyle> Hey cass
[2023-01-04 20:55:55] <%+sanityybro> go shoot someone
[2023-01-04 20:55:56] <@%casstheberry> hi kyle
[2023-01-04 20:55:57] <%loskyle> Hey sara
[2023-01-04 20:55:57] <@%+clipzy> ur a variety streamer WHO CANT STAND STILL
[2023-01-04 20:55:58] <@%+clipzy> IN FIVEM
[2023-01-04 20:56:00] <Ir0nyX> you are upcoming XQC
[2023-01-04 20:56:00] <!%IshaanG_007> heylo saraa
[2023-01-04 20:56:00] <@%casstheberry> hru
[2023-01-04 20:56:02] Viewerstats (20:42-20:56): avg:111 min:55 max:145 [8/_55+0+46+0+44+0+0+0]
[2023-01-04 20:56:02] VIEWERS: 145
[2023-01-04 20:56:03] <%loskyle> Hey clipsy
[2023-01-04 20:56:05] <@%^Nightbot> Subscribe to my new YouTube channel and check out my newest video! | https://www.youtube.com/channel/UCN4_lPQeRaGTWqGy21RDlGQ  a2guapGG
[2023-01-04 20:56:07] [Notification] noxin______ subscribed with Prime.
[2023-01-04 20:56:08] <zzpkkk> God tier role player here
[2023-01-04 20:56:10] <@%+clipzy> @loskyle hi
[2023-01-04 20:56:11] <!%IshaanG_007> hi Cass :3
[2023-01-04 20:56:12] <%loskyle> I’m sleepy hru
[2023-01-04 20:56:19] <@%casstheberry> @IshaanG_007 hallo uwu
[2023-01-04 20:56:19] <@%+clipzy> @a2guapo who set up !record
[2023-01-04 20:56:21] <ryctz> LMAO PUSHING THEM
[2023-01-04 20:56:25] <!%IshaanG_007> owo
[2023-01-04 20:56:28] <@%casstheberry> someone has to fill me in on the lore
[2023-01-04 20:56:33] <+0hmiri> hi
[2023-01-04 20:56:34] <@%+clipzy> !record
[2023-01-04 20:56:36] <@%^Nightbot> a2guapo has won 0 games and lost 0 games during this stream. (Data from tracker.gg)
[2023-01-04 20:56:40] <seatrinfps> i missed u cass
[2023-01-04 20:56:41] <%sarajkh> hi kyle and ishaaaaaaaaaan
[2023-01-04 20:56:53] <@%casstheberry> @seatrinfps hehe
[2023-01-04 20:56:56] <!%IshaanG_007> catKISS
[2023-01-04 20:56:56] <%loskyle> @seatrinfps w rizz
[2023-01-04 20:57:08] <@%mia_2446_> hi kyle peepoHey
[2023-01-04 20:57:10] <@%casstheberry> LMAO
[2023-01-04 20:57:11] <kyyyy11> wsg gangalanche
[2023-01-04 20:57:22] <@%casstheberry> while they're being serious
[2023-01-04 20:57:22] <WhosAdm> mike rizzowski
[2023-01-04 20:57:22] <@%+AliinaG> Omg it’s daddy hobbs 😍
[2023-01-04 20:57:22] <!%IshaanG_007> okay i go for now
[2023-01-04 20:57:25] <@%amandaaaaaah> @casstheberry we dont know either :)
[2023-01-04 20:57:26] <!%IshaanG_007> peepoBye
[2023-01-04 20:57:28] <%loskyle> Hey mia
[2023-01-04 20:57:28] <svdh_> Jay hobbs the new real deal
[2023-01-04 20:57:30] <%loskyle> Hey aliina
[2023-01-04 20:57:30] <%+porkaye> hi aliina o77
[2023-01-04 20:57:33] <@%amandaaaaaah> @AliinaG heyy Aliina
[2023-01-04 20:57:33] <@%+AliinaG> Hi
[2023-01-04 20:57:37] <DrillaLasagna> greekReed greekReed greekReed
[2023-01-04 20:57:37] <%RapidIQ> guapooo
[2023-01-04 20:57:40] <@%mia_2446_> Hi Aliina owo
[2023-01-04 20:57:41] <@%+AliinaG> Hi HypeBLEH
[2023-01-04 20:57:52] <@%+AliinaG> K brb need to go into goodwill
[2023-01-04 20:57:56] <@%casstheberry> aliina im planning a trip
[2023-01-04 20:58:00] <@%+AliinaG> Where
[2023-01-04 20:58:02] VIEWERS: 199
[2023-01-04 20:58:13] <@%casstheberry> @AliinaG you better not have been driving i will round house kick you
[2023-01-04 20:58:32] <@%+AliinaG> No I’m parked rn
[2023-01-04 20:58:32] <@%casstheberry> @AliinaG i kinda want to go back to vegas and eat nommy food
[2023-01-04 20:58:35] <simoun2000> tf is this?
[2023-01-04 20:58:52] <@%+clipzy> ty for streaming guapo i was so bored
[2023-01-04 20:58:54] <@%+AliinaG> Aw yay I’ve only been there once @casstheberry
[2023-01-04 20:58:57] <!%rraayne> HEY GUAP a2guapHello
[2023-01-04 20:59:03] <@%+AliinaG> Ok wait brb
[2023-01-04 20:59:06] <%+xzdiiego> LMAOO
[2023-01-04 20:59:11] <%+NSKdesu> wtf did i come to
[2023-01-04 20:59:18] <%loskyle> There’s gotta be a cramp bar for griddying id definitely get a cramp by now
[2023-01-04 20:59:20] <%loskyle> Hey rayne
[2023-01-04 20:59:27] <@%+clipzy> LMAO
[2023-01-04 20:59:32] <@%+clipzy> THE GUY U ROBBED?
[2023-01-04 20:59:39] <!%rraayne> yoo kyle loskylHi loskylLove
[2023-01-04 20:59:44] <%+xzdiiego> i dont think so
[2023-01-04 20:59:48] <zzpkkk> oop
[2023-01-04 20:59:51] <@%casstheberry> LMAO
[2023-01-04 20:59:55] <penstemon_> bro can u please stay still for more than 5secs
[2023-01-04 20:59:57] <%+NSKdesu> is that stewie??
[2023-01-04 21:00:02] VIEWERS: 199
[2023-01-04 21:00:06] <@%mia_2446_> DANCE DANCE
[2023-01-04 21:00:07] <benbradd0ck> bro allergic to standing still LUL
[2023-01-04 21:00:13] <zzpkkk> W marty
[2023-01-04 21:00:17] <@%^Nightbot> CHATTERS! Guapo is asking for his viewers to clip any funny moments or good plays during his streams! Post them in chat AND the discord in the #stream-clips channel!  a2guapLove
[2023-01-04 21:00:21] <@%casstheberry> i feel like he should just take up a persona of a joker
[2023-01-04 21:00:36] <+snooptodd11> !chair
[2023-01-04 21:00:36] <@%^Nightbot> Razer - Iskur X Ergonomic Gaming Chair
[2023-01-04 21:01:11] <@%^Nightbot> Subscribe to my new YouTube channel and check out my newest video! | https://www.youtube.com/channel/UCN4_lPQeRaGTWqGy21RDlGQ  a2guapGG
[2023-01-04 21:01:13] <zebibytes> !mic
[2023-01-04 21:01:13] <@%^Nightbot> Hyper X Cloud II Wireless - Gaming Headset Mic
[2023-01-04 21:01:22] <benbradd0ck> u still sick?
[2023-01-04 21:01:42] <zzpkkk> no way Hobbs asked that
[2023-01-04 21:01:50] <zebibytes> !settings
[2023-01-04 21:01:50] <@%^Nightbot> https://clips.twitch.tv/WildPuzzledPelicanTheThing-_B6zmDeQXyjH2PSE
[2023-01-04 21:02:03] VIEWERS: 236
[2023-01-04 21:02:07] <%+nuggetsui> why are u running in circles mofo
[2023-01-04 21:02:11] <@%^Nightbot> Don't forget to follow my socials!  a2guapLove https://www.youtube.com/channel/UCN4_lPQeRaGTWqGy21RDlGQ  YouTube  |  https://twitter.com/a2guapo2  twitter  |  https://discord.gg/a2guapo  discord  |   https://www.tiktok.com/@a2guapo2  TikTok  |
[2023-01-04 21:02:13] <!%rraayne> LMAOOO
[2023-01-04 21:02:18] <xcqqqqq> LMAOO
[2023-01-04 21:02:19] <@%casstheberry> LMAO
[2023-01-04 21:02:21] <%RapidIQ> LOOOOOL
[2023-01-04 21:02:23] <%sushiboy93> KEKW  KEKW  KEKW
[2023-01-04 21:02:45] <%+xzdiiego> deserved
[2023-01-04 21:02:47] <%+xzdiiego> lmaoo
[2023-01-04 21:02:50] <%+porkaye> LAMAOOOOO
[2023-01-04 21:02:50] <zzpkkk> Nahhh
[2023-01-04 21:02:53] <@%casstheberry> rip the helmet
[2023-01-04 21:03:09] <@%mia_2446_> THE HELMET NOOOO
[2023-01-04 21:03:21] <%sushiboy93> KEKW
[2023-01-04 21:03:25] <vanzz_69> KEKW
[2023-01-04 21:03:27] <@%casstheberry> papa
[2023-01-04 21:03:33] <zzpkkk> That’s crazyy
[2023-01-04 21:03:46] <xcqqqqq> KEKW
[2023-01-04 21:03:59] <%RapidIQ> This guy
[2023-01-04 21:04:00] <!%rraayne> HEEY HEY HEY
[2023-01-04 21:04:03] VIEWERS: 236
[2023-01-04 21:04:04] <@%casstheberry> KEKW
[2023-01-04 21:04:04] <wigglyshub> put dat helmet back on
[2023-01-04 21:04:04] [Notification] Hxzma subscribed at Tier 1. They've subscribed for 3 months, currently on a 3 month streak! [3 month anniversary babe]
[2023-01-04 21:04:06] <vanzz_69> KEKW
[2023-01-04 21:04:07] <%+porkaye> hey! KKona
[2023-01-04 21:04:10] <zzpkkk> Broooo
[2023-01-04 21:04:16] <%RapidIQ> yuhhh
[2023-01-04 21:04:17] <@%casstheberry> what are they all plannign fo?
[2023-01-04 21:04:25] <!%rraayne> danse
[2023-01-04 21:04:35] <%loskyle> Bro stop dancing
[2023-01-04 21:04:37] <@%amandaaaaaah> @casstheberry Shrug
[2023-01-04 21:04:48] <zzpkkk> @a2guapo if u get good at racing  u can be rich
[2023-01-04 21:04:50] <%+xzdiiego> KEKW
[2023-01-04 21:04:57] <@%amandaaaaaah> guapo looks like hes planning for a dance battle atleast :3
[2023-01-04 21:05:00] <ryctz> LMFAO ZACEED
[2023-01-04 21:05:07] <@%^Nightbot> Don't forget to follow my socials!  a2guapLove https://www.youtube.com/channel/UCN4_lPQeRaGTWqGy21RDlGQ  YouTube  |  https://twitter.com/a2guapo2  twitter  |  https://discord.gg/a2guapo  discord  |   https://www.tiktok.com/@a2guapo2  TikTok  |
[2023-01-04 21:05:10] <@%casstheberry> finally
[2023-01-04 21:05:18] <@%casstheberry> he keeps falling
[2023-01-04 21:05:23] <!%rraayne> struggling to land the skips
[2023-01-04 21:05:23] <@%casstheberry> is he clumsy
[2023-01-04 21:05:27] <%+porkaye> dude is bambi
[2023-01-04 21:05:36] <harucanne> adhd rp +1
[2023-01-04 21:05:44] <wigglyshub> lMOOOOOOO
[2023-01-04 21:05:45] <xcqqqqq> LMAO
[2023-01-04 21:05:46] <lordflackou> XD
[2023-01-04 21:05:46] <ch4nce19> OMEGALUL
[2023-01-04 21:05:46] <@%+clipzy> LMFAOO
[2023-01-04 21:05:47] <@%amandaaaaaah> ATTEMPTED MURDER
[2023-01-04 21:05:48] <zzpkkk> Hahahahh
[2023-01-04 21:05:49] <userisherek> LUL
[2023-01-04 21:06:03] VIEWERS: 236
[2023-01-04 21:06:15] <wigglyshub> YO ITS FAST
[2023-01-04 21:06:18] <%+xzdiiego> nahh
[2023-01-04 21:06:24] <%+xzdiiego> he gotta race that
[2023-01-04 21:06:31] <!%rraayne> LOOOOL
[2023-01-04 21:06:32] <@%casstheberry> LMAO
[2023-01-04 21:06:38] <zzpkkk> Fast asll
[2023-01-04 21:06:54] <%+xzdiiego> here we go
[2023-01-04 21:07:05] <xcqqqqq> LMAO
[2023-01-04 21:07:05] <lordflackou> XD
[2023-01-04 21:07:05] <%+porkaye> PepeLaugh
[2023-01-04 21:07:05] <@%^Nightbot> Subscribe to my new YouTube channel and check out my newest video! | https://www.youtube.com/channel/UCN4_lPQeRaGTWqGy21RDlGQ  a2guapGG
[2023-01-04 21:07:09] <sidoygwapo> xD
[2023-01-04 21:07:09] <@%+clipzy> LMFAO
[2023-01-04 21:07:11] <!%rraayne> nt
[2023-01-04 21:07:19] <%RapidIQ> It's like "Don't push the red button" Ofc guapo gnna do it
[2023-01-04 21:07:20] <wigglyshub> this car going against newton wtf
[2023-01-04 21:08:02] <%+xzdiiego> HAHA
[2023-01-04 21:08:02] <!%rraayne> WHAT
[2023-01-04 21:08:02] <+lucaspwnsu> LMAO
[2023-01-04 21:08:02] <@%casstheberry> ?????????????????
[2023-01-04 21:08:02] <harucanne> bro just holding W key
[2023-01-04 21:08:03] <+lucaspwnsu> BLIND
[2023-01-04 21:08:03] VIEWERS: 256
[2023-01-04 21:08:12] <%loskyle> Haha what
[2023-01-04 21:08:36] <morgueborn> BRO PLEASE
[2023-01-04 21:08:42] <@%casstheberry> this guy wants some action
[2023-01-04 21:08:45] <ryctz> LUL LUL LUL LUL LUL
[2023-01-04 21:08:45] <@%casstheberry> antsy
[2023-01-04 21:08:49] <wigglyshub> what are those flames on their body
[2023-01-04 21:08:50] <iianimooii> bro has zoomies
[2023-01-04 21:08:51] <zzpkkk> Your getting me dizzy
[2023-01-04 21:08:56] <+lucaspwnsu> buy repair kits
[2023-01-04 21:08:58] <%loskyle> You need a dog toy
[2023-01-04 21:09:11] <%+porkaye> @wigglyshub their chains are dancin
[2023-01-04 21:09:21] <!%rraayne> WTF
[2023-01-04 21:09:22] <lordflackou> XD
[2023-01-04 21:09:22] <@%casstheberry> ?????????????????????????
[2023-01-04 21:09:23] <%+porkaye> jfc
[2023-01-04 21:09:24] <!%rraayne> HOLY HELL
[2023-01-04 21:09:25] <@%casstheberry> this guy
[2023-01-04 21:09:25] <%+xzdiiego> LULW
[2023-01-04 21:09:26] <+lucaspwnsu> @zzpkkk we begging on discord for gta streams we aint even sub'd
[2023-01-04 21:09:27] <%+nuggetsui> no
[2023-01-04 21:09:27] <xcqqqqq> yes
[2023-01-04 21:09:28] <wigglyshub> yeah
[2023-01-04 21:09:29] <0kylo> nah
[2023-01-04 21:09:30] <+lucaspwnsu> FINISH THE RACE THO
[2023-01-04 21:09:31] <mcglocklinn> HAHAHAHHAHAAH
[2023-01-04 21:09:31] <Leo_4rx> this guy LUL
[2023-01-04 21:09:32] <StarGazer77777> no
[2023-01-04 21:09:32] <zzpkkk> Yess
[2023-01-04 21:09:35] <0kylo> please no more racing
[2023-01-04 21:09:37] <mcglocklinn> UR TOO FUNNY
[2023-01-04 21:09:40] <%+porkaye> heyy rraayne
[2023-01-04 21:09:44] <@%casstheberry> make money
[2023-01-04 21:09:45] <@%casstheberry> idk
[2023-01-04 21:09:46] <vanzz_69> make new friends
[2023-01-04 21:09:47] <zzpkkk> Make freinds broo
[2023-01-04 21:09:48] <killer235undre> not funny
[2023-01-04 21:09:48] <%asapfourtwenty> kurupt98D
[2023-01-04 21:09:49] <%+justembruh> talk to civ bro
[2023-01-04 21:09:49] <!%rraayne> heyy porkaye :D
[2023-01-04 21:09:50] <Tistover> Lol
[2023-01-04 21:09:51] <yuteroo> is Jay Hobbs a member of GG yet
[2023-01-04 21:09:52] <ryctz> Race right
[2023-01-04 21:09:53] <+waseem1996> He wants you to explore the city
[2023-01-04 21:09:55] <%+xzdiiego> RP WITH NEW PEOPLE 4head
[2023-01-04 21:09:55] <strid3r110> you're getting on their nerves with your clown ass lmao
[2023-01-04 21:09:56] <rortair> thahahah
[2023-01-04 21:09:57] <Azhtn> bruh
[2023-01-04 21:09:58] <%loskyle> loskylHype
[2023-01-04 21:09:59] <Khuby> i mean, you pissed them off, of course they are going to want you out the way LUL
[2023-01-04 21:10:00] <+lucaspwnsu> HAHAH
[2023-01-04 21:10:04] <zzpkkk> He wants u to explore the city
[2023-01-04 21:10:04] VIEWERS: 256
[2023-01-04 21:10:05] <%IF_8_IL> kingsg4Crackwiggle kingsg4Crackwiggle
[2023-01-04 21:10:05] <axelfrOst2o0O> get your money up broski
[2023-01-04 21:10:06] <StarGazer77777> bro u don't even complete first lap
[2023-01-04 21:10:10] <harucanne> just dont say gg everytime you do anything
[2023-01-04 21:10:10] <@%^Nightbot> Don't forget to follow my socials!  a2guapLove https://www.youtube.com/channel/UCN4_lPQeRaGTWqGy21RDlGQ  YouTube  |  https://twitter.com/a2guapo2  twitter  |  https://discord.gg/a2guapo  discord  |   https://www.tiktok.com/@a2guapo2  TikTok  |
[2023-01-04 21:10:10] <+lucaspwnsu> no bennys dont crash
[2023-01-04 21:10:10] <wruper> meet new people he mean KEKW
[2023-01-04 21:10:11] <Tistover> a run?
[2023-01-04 21:10:12] <JuiceTheKiid> get a job or sum @a2guapo
[2023-01-04 21:10:20] <+lucaspwnsu> HAHAHAH
[2023-01-04 21:10:21] <liam7100> Meet new people, get a job
[2023-01-04 21:10:23] <chokinhazard> Yo
[2023-01-04 21:10:24] <%+xzdiiego> LMAO
[2023-01-04 21:10:26] <%+xzdiiego> hhes dead
[2023-01-04 21:10:33] <+lucaspwnsu> o SHIT
[2023-01-04 21:10:38] <%asapfourtwenty> rip
[2023-01-04 21:10:39] <%IF_8_IL> sniping ass
[2023-01-04 21:10:39] <!%rraayne> WOOOO
[2023-01-04 21:10:41] <%goldWonton> THAT WAS TERRIBLE
[2023-01-04 21:10:41] <rortair> W lines
[2023-01-04 21:10:43] <@%casstheberry> martys voice is nice
[2023-01-04 21:10:44] <+lucaspwnsu> just wait til u in a race tho
[2023-01-04 21:10:44] <killer235undre> *****
[2023-01-04 21:10:45] <Tistover> ong
[2023-01-04 21:10:49] <depp00tsh> W line
[2023-01-04 21:10:49] <@%casstheberry> chill
[2023-01-04 21:10:52] <!%rraayne> oh shit
[2023-01-04 21:10:53] <%+truer> OMEGALUL
[2023-01-04 21:10:53] <xcqqqqq> LMAO
[2023-01-04 21:10:54] <+lucaspwnsu> HAHAHA
[2023-01-04 21:10:55] <!%rraayne> oh shit......
[2023-01-04 21:10:56] <vanzz_69> OMEGALUL
[2023-01-04 21:10:56] <wigglyshub> yooooooooooo
[2023-01-04 21:10:56] <+lucaspwnsu> LOOOOOOOOOOOOOOOOOOOOOOOOOOOOOOOOOOOOL
[2023-01-04 21:10:56] <%RapidIQ> No fking way
[2023-01-04 21:10:57] <userisherek> LUL LUL LUL LUL
[2023-01-04 21:10:57] <sagittariussgaming> LMFAOOOOOOOOOOOOOO
[2023-01-04 21:10:57] <%+justembruh> OMEGALUL
[2023-01-04 21:10:57] <%+porkaye> no fking way
[2023-01-04 21:10:57] <%+nuggetsui> HAHAHAHAHA
[2023-01-04 21:10:57] <+bigblack_12> LUL
[2023-01-04 21:10:58] <ailingsum> OMEGALUL
[2023-01-04 21:10:58] <@%casstheberry> LMAOOOOOOO
[2023-01-04 21:10:58] <%+xzdiiego> HAHAH
[2023-01-04 21:10:58] <+lucaspwnsu> HAHAHHAHA
[2023-01-04 21:10:58] <zzpkkk> Broooo
[2023-01-04 21:10:58] <NUTbusterrrrrr> RIP
[2023-01-04 21:10:59] <@%+clipzy> LMFAOO
[2023-01-04 21:10:59] <NeverF5> ahahah
[2023-01-04 21:10:59] <sidoygwapo> damn
[2023-01-04 21:10:59] <krizjohns> shit
[2023-01-04 21:10:59] <lordflackou> NO WAY
[2023-01-04 21:11:00] <vanzz_69> KEKW
[2023-01-04 21:11:00] <chokinhazard> OMEGALUL
[2023-01-04 21:11:00] <%asapfourtwenty> LMAOOOO
[2023-01-04 21:11:00] <%loskyle> Bro has never played forza
[2023-01-04 21:11:01] <depp00tsh> Bro
[2023-01-04 21:11:01] <yuteroo> aint no way
[2023-01-04 21:11:01] <liam7100> Wooooooo
[2023-01-04 21:11:01] <%RapidIQ> NO FKING WAY
[2023-01-04 21:11:01] <rortair> @goldWonton why you hating hahah
[2023-01-04 21:11:05] <harucanne> OMEGALUL
[2023-01-04 21:11:05] <@%casstheberry> LMSOOOOOOO
[2023-01-04 21:11:05] <squarehead8> bro run
[2023-01-04 21:11:05] <StarGazer77777> gee ged
[2023-01-04 21:11:05] <alnvf> Nice knowing u
[2023-01-04 21:11:05] <userisherek> u dead
[2023-01-04 21:11:05] <%loskyle> Lmfaoooooo
[2023-01-04 21:11:05] <%RapidIQ> LOOOOOOOOOOOL
[2023-01-04 21:11:05] <%zemog_01> Run
[2023-01-04 21:11:05] <@%casstheberry> NO WAY
[2023-01-04 21:11:07] <%loskyle> Bro
[2023-01-04 21:11:08] <Rellikhb> o7
[2023-01-04 21:11:08] <callmejera> o7
[2023-01-04 21:11:08] <+lucaspwnsu> LMAO
[2023-01-04 21:11:12] <%+justembruh> o7
[2023-01-04 21:11:12] <yuteroo> lol
[2023-01-04 21:11:16] <wigglyshub> W COP
[2023-01-04 21:11:18] <%RapidIQ> holy fk
[2023-01-04 21:11:19] <+lucaspwnsu> hahahahahahahahaaahaha
[2023-01-04 21:11:19] <liam7100> Bro sounds depressed
[2023-01-04 21:11:20] <%+porkaye> holy fk
[2023-01-04 21:11:20] <%loskyle> Sent him flying
[2023-01-04 21:11:20] <userisherek> w
[2023-01-04 21:11:21] <@%casstheberry> they were chill about it tho
[2023-01-04 21:11:22] <%+xzdiiego> w gunner
[2023-01-04 21:11:23] <@%casstheberry> LMAOOOOOOOOO
[2023-01-04 21:11:30] <@%casstheberry> "......  slow it down"
[2023-01-04 21:11:31] <depp00tsh> That cop sounds depressed
[2023-01-04 21:11:35] <yuteroo> sent him 20 feet in the air and gets a warning
[2023-01-04 21:11:49] <wigglyshub> imagine brian there he wouldve impounded dat shit
[2023-01-04 21:11:53] <+lucaspwnsu> that car is badass
[2023-01-04 21:11:54] <@%casstheberry> @depp00tsh sounds like they
[2023-01-04 21:11:58] <@%casstheberry> are having a long day
[2023-01-04 21:12:05] VIEWERS: 336
[2023-01-04 21:12:49] <zzpkkk> Sick car
[2023-01-04 21:13:23] <RaidTheRecycler> Live  Pog
[2023-01-04 21:13:23] <%+xzdiiego> Weirdge
[2023-01-04 21:13:48] <Xceptionallll> your chain now
[2023-01-04 21:13:55] <%+xzdiiego> have u actually tried that ? lmaoo
[2023-01-04 21:13:57] <%goldWonton> COACH Z AND JAY HOBBS FeelsStrongMan
[2023-01-04 21:14:01] <dirtystinkfinger> youre a dog
[2023-01-04 21:14:01] <%RapidIQ> "outside of GG" - "ZACEED u wanna hang out today?"
[2023-01-04 21:14:05] <@%^Nightbot> Subscribe to my new YouTube channel and check out my newest video! | https://www.youtube.com/channel/UCN4_lPQeRaGTWqGy21RDlGQ  a2guapGG
[2023-01-04 21:14:05] VIEWERS: 336
[2023-01-04 21:14:07] <dirtystinkfinger> brokie
[2023-01-04 21:14:11] <+lucaspwnsu> LMAO
[2023-01-04 21:14:11] <liam7100> @rapidiq LUL
[2023-01-04 21:14:15] <%asapfourtwenty> LMAOOO
[2023-01-04 21:14:19] <vanzz_69> drive off
[2023-01-04 21:14:20] <%+xzdiiego> KEKW
[2023-01-04 21:14:25] <squarehead8> drive off
[2023-01-04 21:14:34] <userisherek> actual kid
[2023-01-04 21:14:41] <%goldWonton> bro doing CHILD RP KEKW
[2023-01-04 21:14:41] <%+xzdiiego> ^
[2023-01-04 21:14:41] <Leo_4rx> LMAOO
[2023-01-04 21:14:41] <Xceptionallll> you gonna let him bitch you?
[2023-01-04 21:14:49] <@%casstheberry> i think he's just bored chat
[2023-01-04 21:14:51] <xcqqqqq> snap back to reality
[2023-01-04 21:14:53] <+lucaspwnsu> RESET WITH THE HELMET
[2023-01-04 21:14:54] <B0N0N> -prio
[2023-01-04 21:14:59] <@%casstheberry> LMAO
[2023-01-04 21:15:00] <@%casstheberry> the lean
[2023-01-04 21:15:04] <xcqqqqq> !point
[2023-01-04 21:15:04] <@%^Nightbot> Guapo has pointed at someone 104 times
[2023-01-04 21:15:06] <wruper> COPIUM
[2023-01-04 21:15:08] <%+porkaye> CRODIE
[2023-01-04 21:15:08] <wigglyshub> mfs moonknight
[2023-01-04 21:15:08] <sidoygwapo> LMFAAAOOOOOO
[2023-01-04 21:15:09] <@%^Nightbot> Don't forget to follow my socials!  a2guapLove https://www.youtube.com/channel/UCN4_lPQeRaGTWqGy21RDlGQ  YouTube  |  https://twitter.com/a2guapo2  twitter  |  https://discord.gg/a2guapo  discord  |   https://www.tiktok.com/@a2guapo2  TikTok  |
[2023-01-04 21:15:09] <%+xzdiiego> KEKW Surely
[2023-01-04 21:15:10] <zzpkkk> Crodiesw
[2023-01-04 21:15:11] <%goldWonton> FeelsStrongMan YOU FEEL ME
[2023-01-04 21:15:13] <xcqqqqq> PepeLaugh
[2023-01-04 21:15:15] <%goldWonton> LETS GO
[2023-01-04 21:15:19] <%+xzdiiego> LULW
[2023-01-04 21:15:22] <+lucaspwnsu> TEAMWORK
[2023-01-04 21:15:22] <%asapfourtwenty> OMEGALUL
[2023-01-04 21:15:23] <vanzz_69> ONG
[2023-01-04 21:15:31] <%RapidIQ> ??
[2023-01-04 21:15:31] <ryctz> W
[2023-01-04 21:15:32] <%goldWonton> BRO OMEGALUL
[2023-01-04 21:15:32] <%ImAPharahMain> prospocurity
[2023-01-04 21:15:32] <wigglyshub> broooooooooooooo
[2023-01-04 21:15:33] <xcqqqqq> LMAOO
[2023-01-04 21:15:33] <+lucaspwnsu> LOOOOOOOOOL
[2023-01-04 21:15:34] <Xceptionallll> hes gonna be so mad
[2023-01-04 21:15:34] <liam7100> Bro
[2023-01-04 21:15:34] <12487> OMEGALUL
[2023-01-04 21:15:35] <vanzz_69> KEKW
[2023-01-04 21:15:35] <liam7100> LMAO
[2023-01-04 21:15:36] <%+xzdiiego> NAHHHHHH
[2023-01-04 21:15:39] <callmejera> Yoink
[2023-01-04 21:15:39] <@%notsanity> LMFAOOOOOOOOOOOOOOOOOOOOO
[2023-01-04 21:15:39] <userisherek> ??
[2023-01-04 21:15:39] <zhyperisdead> bro lmao
[2023-01-04 21:15:39] <%+porkaye> what is mans saying
[2023-01-04 21:15:39] <Leo_4rx> this guy LULW
[2023-01-04 21:15:39] <%RapidIQ> NO SHOT
[2023-01-04 21:15:39] <+lucaspwnsu> NO WAY LOL
[2023-01-04 21:15:39] <@%casstheberry> he just stole that car
[2023-01-04 21:15:39] <liam7100> ur so fucking special
[2023-01-04 21:15:40] <%RapidIQ> LOOOOOOOL
[2023-01-04 21:15:41] <+gdagreat> future gonna flip the fuck out
[2023-01-04 21:15:41] <@%casstheberry> im dead
[2023-01-04 21:15:41] <zzpkkk> Hahahahah
[2023-01-04 21:15:41] <adrianrp100> Lmao wtf
[2023-01-04 21:15:41] <raii_za> OMEGALUL OMEGALUL
[2023-01-04 21:15:43] <EyDiiiiiii> OMEGALUL
[2023-01-04 21:15:43] <zzpkkk> I’m deddd
[2023-01-04 21:15:44] <squarehead8> Bro
[2023-01-04 21:15:44] <likemors> KEKW
[2023-01-04 21:15:45] <ch4nce19> PepeLaugh
[2023-01-04 21:15:45] <emp8_> bruh
[2023-01-04 21:15:45] <+lucaspwnsu> CRASHED ALREADY HAHA
[2023-01-04 21:15:46] <+lucaspwnsu> LOOL
[2023-01-04 21:15:48] <%+porkaye> and u fked it
[2023-01-04 21:15:49] <xcqqqqq> PepeLaugh
[2023-01-04 21:15:49] <cash09k> He’s going to shoot you
[2023-01-04 21:15:49] <strid3r110> bruh
[2023-01-04 21:15:50] <@%casstheberry> THEY JUST FIXED ITY
[2023-01-04 21:15:50] <ryctz> Lmfaoo
[2023-01-04 21:15:50] <liam7100> He will just shoot ur ass LMAO
[2023-01-04 21:15:50] <NUTbusterrrrrr> yeah future finna kill u
[2023-01-04 21:15:51] <dirtystinkfinger> oh you a crip now saying crodie
[2023-01-04 21:15:51] <@%casstheberry> YOU FUCK
[2023-01-04 21:15:52] <%+5jacob> new mic?
[2023-01-04 21:15:53] <@%casstheberry> LMAOOO
[2023-01-04 21:15:53] <userisherek> o7
[2023-01-04 21:15:55] <%demar334> bruh
[2023-01-04 21:16:08] VIEWERS: 342
[2023-01-04 21:16:37] <dirtystinkfinger> no
[2023-01-04 21:16:37] <%+xzdiiego> clan
[2023-01-04 21:16:37] <%goldWonton> MANDEM CLAN OMEGALUL
[2023-01-04 21:16:37] <Nizaer> "clan"
[2023-01-04 21:16:37] <+lucaspwnsu> i dont think so. i think tommy t is lol
[2023-01-04 21:16:38] <userisherek> clan
[2023-01-04 21:16:38] <xcqqqqq> AINTNOWAY clan
[2023-01-04 21:16:40] <penstemon_> clan AINTNOWAY
[2023-01-04 21:16:41] <zzpkkk> Clan
[2023-01-04 21:16:41] <%goldWonton> MANDEM TRIBE
[2023-01-04 21:16:42] <userisherek> LUL
[2023-01-04 21:16:44] <%+xzdiiego> gets me everytime
[2023-01-04 21:16:46] <%goldWonton> GULAG TRIBE
[2023-01-04 21:16:48] <wigglyshub> dats tribe
[2023-01-04 21:16:54] <userisherek> @goldwonton LUL
[2023-01-04 21:16:54] <dirtystinkfinger> that was patar
[2023-01-04 21:16:57] <liam7100> That poster Kreygasm
[2023-01-04 21:17:02] <+xcandidstar> Tommy tate is the leader of MANDEM
[2023-01-04 21:17:07] <%goldWonton> BABY RP KEKW
[2023-01-04 21:17:16] <wigglyshub> toddler rp
[2023-01-04 21:17:26] <penstemon_> this adhd RP is on point FeelsStrongMan
[2023-01-04 21:17:34] <%+xzdiiego> KEKW
[2023-01-04 21:17:40] <callmejera> Kappa
[2023-01-04 21:17:40] <+lucaspwnsu> i wanna see the DNF King return
[2023-01-04 21:17:48] <penstemon_> sez the guy robbing paleto 2 days in LULW
[2023-01-04 21:17:52] <StarGazer77777> bit he won't even complete first lap
[2023-01-04 21:18:00] <StarGazer77777> *bet
[2023-01-04 21:18:00] <+lucaspwnsu> LOL
[2023-01-04 21:18:08] VIEWERS: 342
[2023-01-04 21:18:09] <liam7100> Zuck pops one every morning
[2023-01-04 21:18:10] <%asapfourtwenty> POP A MELLY
[2023-01-04 21:18:13] <liam7100> LMAOOO
[2023-01-04 21:18:14] <%+xzdiiego> LULW
[2023-01-04 21:18:15] <%asapfourtwenty> ZUUUUUCK
[2023-01-04 21:18:15] <+lucaspwnsu> sounds like GUAPO feeling better today
[2023-01-04 21:18:35] <killer235undre> y did you just sit inside the car
[2023-01-04 21:19:06] <zzpkkk> Don’t drive off
[2023-01-04 21:19:07] <+lucaspwnsu> guy tweakin lol
[2023-01-04 21:19:14] <userisherek> adhd
[2023-01-04 21:19:16] <@%mia_2446_> Stare
[2023-01-04 21:19:17] <xcqqqqq> PepeLaugh
[2023-01-04 21:19:21] <%RapidIQ> Guapos defo on sumn
[2023-01-04 21:19:21] <vanzz_69> brother u gotta chill
[2023-01-04 21:19:21] <Leo_4rx> bruh KEKW
[2023-01-04 21:19:22] <harucanne> bro cant stop moving LMAO
[2023-01-04 21:19:22] <%loskyle> Bro you’re a fool
[2023-01-04 21:19:22] <zzpkkk> I thought u said your gonna be mature
[2023-01-04 21:19:23] <@%amandaaaaaah> are u starting to get bored of fivem? :0
[2023-01-04 21:19:23] <vanzz_69> KEKW
[2023-01-04 21:19:28] <%loskyle> Tom foolery
[2023-01-04 21:19:28] <wasabi6272> Bro what's happening today with youm
[2023-01-04 21:19:34] <+lucaspwnsu> bro off 1000mg of addy
[2023-01-04 21:19:59] <yuuzuuuuuuuu> wth is this the guapo that plays valo?
[2023-01-04 21:20:00] <harucanne> is he drunk?
[2023-01-04 21:20:02] <%loskyle> !point
[2023-01-04 21:20:02] <@%^Nightbot> Guapo has pointed at someone 105 times
[2023-01-04 21:20:02] <xcqqqqq> FeelsDankMan 👉
[2023-01-04 21:20:08] <callmejera> Im getting dizzy wtf
[2023-01-04 21:20:08] VIEWERS: 385
[2023-01-04 21:20:09] <@%^Nightbot> CHATTERS! Guapo is asking for his viewers to clip any funny moments or good plays during his streams! Post them in chat AND the discord in the #stream-clips channel!  a2guapLove
[2023-01-04 21:20:13] <%zemog_01> Why don’t you get a job as a mechanic? It could be good money
[2023-01-04 21:20:13] <@%+clipzy> bros adhd is insane today
[2023-01-04 21:20:19] <cummybrains> when are we hearing the new mic
[2023-01-04 21:20:20] <%demar334> if j. hobbs don't do ntn, he gone do what he want LUL
[2023-01-04 21:20:33] <@%amandaaaaaah> @yuuzuuuuuuuu yesyes
[2023-01-04 21:20:34] <saturniol> addy or something today
[2023-01-04 21:20:42] <+lucaspwnsu> bro tweaaakin
[2023-01-04 21:20:53] <killer235undre> hi
[2023-01-04 21:21:00] <+hinatv> Stop I’m getting nauseous
[2023-01-04 21:21:06] <@%^Nightbot> Subscribe to my new YouTube channel and check out my newest video! | https://www.youtube.com/channel/UCN4_lPQeRaGTWqGy21RDlGQ  a2guapGG
[2023-01-04 21:21:07] <harucanne> bro drank 20 redbulls today or what?
[2023-01-04 21:21:09] <%goldWonton> what is bro doing
[2023-01-04 21:21:10] <StarGazer77777> how much money in bank J?
[2023-01-04 21:21:15] <%goldWonton> OMEGALUL
[2023-01-04 21:21:19] <cherryslushys> kurupt9DaCat
[2023-01-04 21:21:20] <Leo_4rx> KEKW
[2023-01-04 21:21:23] <xcqqqqq> !point
[2023-01-04 21:21:23] <@%^Nightbot> Guapo has pointed at someone 106 times
[2023-01-04 21:21:37] <%demar334> !point
[2023-01-04 21:21:39] <g5van> OMEGALUL
[2023-01-04 21:21:43] <%goldWonton> HUH IN HIS MOUTH??
[2023-01-04 21:21:49] <Leo_4rx> FeelsDankMan 👉
[2023-01-04 21:21:50] <xcqqqqq> peepoPoint
[2023-01-04 21:21:51] <sidoygwapo> SMELL IT
[2023-01-04 21:22:05] <%goldWonton> FUTURE peepoLove
[2023-01-04 21:22:05] <@%^Nightbot> Don't forget to follow my socials!  a2guapLove https://www.youtube.com/channel/UCN4_lPQeRaGTWqGy21RDlGQ  YouTube  |  https://twitter.com/a2guapo2  twitter  |  https://discord.gg/a2guapo  discord  |   https://www.tiktok.com/@a2guapo2  TikTok  |
[2023-01-04 21:22:06] <g5van> FeelsStrongMan
[2023-01-04 21:22:07] <@%casstheberry> lmao
[2023-01-04 21:22:08] VIEWERS: 385
[2023-01-04 21:22:08] <%+xzdiiego> widepeepoHappy
[2023-01-04 21:22:14] <+lucaspwnsu> marty said i can have it
[2023-01-04 21:22:15] <+lucaspwnsu> l0000000l
[2023-01-04 21:22:16] <%goldWonton> FUTURE A REAL ONE FeelsStrongMan
[2023-01-04 21:22:16] <iianimooii> Didn't you say you got a new mic yesterday?
[2023-01-04 21:22:17] <zzpkkk> Feelsgoodman
[2023-01-04 21:22:22] [Notification] DonLennios subscribed with Prime.
[2023-01-04 21:22:28] <%+xzdiiego> KEKW
[2023-01-04 21:22:31] <zzpkkk> w sub
[2023-01-04 21:22:38] <%+xzdiiego> not the mcm
[2023-01-04 21:22:49] <killer235undre> SeemsGood
[2023-01-04 21:23:12] <%+porkaye> @iianimooii it didnt come w/ the cable so he ordered one
[2023-01-04 21:23:15] <+lucaspwnsu> this car is badass
[2023-01-04 21:23:22] <+lucaspwnsu> remember, no bennys
[2023-01-04 21:23:23] <xcqqqqq> WICKED
[2023-01-04 21:23:23] <zzpkkk> This is one of the fastest cars
[2023-01-04 21:23:29] <%+DonLennios> sick car
[2023-01-04 21:23:37] <ryctz> Wtf
[2023-01-04 21:23:43] <@%casstheberry> zamn
[2023-01-04 21:23:44] <xcqqqqq> WICKED CAR
[2023-01-04 21:23:50] <@%casstheberry> i feel like
[2023-01-04 21:23:54] <%loskyle> bdeoWeenie
[2023-01-04 21:23:54] <@%casstheberry> he gunna get hit
[2023-01-04 21:23:59] <%+xzdiiego> PepeLaugh any sec
[2023-01-04 21:24:04] <strid3r110> impound incoming
[2023-01-04 21:24:04] <%asapfourtwenty> 3 2 1
[2023-01-04 21:24:06] <userisherek> 154
[2023-01-04 21:24:07] <%zetnogaming> xqcMood
[2023-01-04 21:24:11] <harucanne> hes gonna crash watch
[2023-01-04 21:24:12] VIEWERS: 392
[2023-01-04 21:24:14] <%+DonLennios> surely you'll be able to lose the cops in this one right
[2023-01-04 21:24:15] <axelfrOst2o0O> Prayge crash and eject
[2023-01-04 21:24:23] <zzpkkk> This is a good car to race in
[2023-01-04 21:24:30] <xcqqqqq> !watchtime
[2023-01-04 21:24:30] <@^StreamElements> xcqqqqq has spent  1 day 23 hours watching a2guapo
[2023-01-04 21:24:33] <spooder2235> Straight line of death EZ
[2023-01-04 21:24:36] <+lucaspwnsu> !watchtime
[2023-01-04 21:24:36] <@^StreamElements> lucaspwnsu has spent  1 day 1 hour watching a2guapo
[2023-01-04 21:24:40] <zzpkkk> He don’t even got he’s seatbelt on
[2023-01-04 21:24:42] <%loskyle> !watchtime
[2023-01-04 21:24:42] <@^StreamElements> loskyle has spent  1 month 3 days 9 hours watching a2guapo
[2023-01-04 21:24:44] <huntnov> dont use ur mouse while driving
[2023-01-04 21:24:45] <%+xzdiiego> @DonLennios  Clueless
[2023-01-04 21:24:49] <userisherek> he gonna die TearGlove
[2023-01-04 21:25:00] <zzpkkk> Why don’t u use your mouse
[2023-01-04 21:25:02] <strid3r110> die and get car impounded
[2023-01-04 21:25:06] <@%^Nightbot> Don't forget to follow my socials!  a2guapLove https://www.youtube.com/channel/UCN4_lPQeRaGTWqGy21RDlGQ  YouTube  |  https://twitter.com/a2guapo2  twitter  |  https://discord.gg/a2guapo  discord  |   https://www.tiktok.com/@a2guapo2  TikTok  |
[2023-01-04 21:25:08] <rortair> @zzpkkk richard didnt
[2023-01-04 21:25:10] <%zetnogaming> damn u can drive
[2023-01-04 21:25:20] <userisherek> @zetnogaming straight lines
[2023-01-04 21:25:27] <+lucaspwnsu> @zetnogaming he got lucky
[2023-01-04 21:25:46] <%zetnogaming> RIDING ur a good driver
[2023-01-04 21:25:48] <@%casstheberry> i still believe he is one of the better drivers
[2023-01-04 21:25:48] <@%+clipzy> BLANKIES BLANKIES BLANKIES
[2023-01-04 21:25:53] <@%casstheberry> i just think he gets bored
[2023-01-04 21:26:13] Viewerstats (20:58-21:26): avg:301 min:199 max:392 [15/199+0+37+0+0+20+0+80+0+6+0+43+0+7+0]
[2023-01-04 21:26:13] VIEWERS: 392
[2023-01-04 21:26:29] <%chup2s> sup
[2023-01-04 21:26:30] <+lucaspwnsu> he tryna invite future so he dont have to pay for the buyins LOL
[2023-01-04 21:26:39] <@%casstheberry> @chup2s sup
[2023-01-04 21:26:45] <%+xzdiiego> yeah i feel like if hes been in the city a bit longer he would b pretty good
[2023-01-04 21:26:51] <ImAstroBB> Guapo what's good bro
[2023-01-04 21:26:57] <xcqqqqq> PepeLaugh
[2023-01-04 21:27:02] <@%casstheberry> LMAO
[2023-01-04 21:27:02] <%zetnogaming> LUL
[2023-01-04 21:27:11] <xcqqqqq> LUL
[2023-01-04 21:27:12] <sugar69daddy__> !prod
[2023-01-04 21:27:12] <@%^Nightbot> https://twitter.com/a2guapo2/status/1544520797909241856
[2023-01-04 21:27:27] <userisherek> your owner is wild
[2023-01-04 21:27:36] <sugar69daddy__> !guapo
[2023-01-04 21:27:47] <sugar69daddy__> !A2GUAPO
[2023-01-04 21:27:59] <@%casstheberry> ballsack?
[2023-01-04 21:28:04] <@%casstheberry> what he singing
[2023-01-04 21:28:04] <@%^Nightbot> Subscribe to my new YouTube channel and check out my newest video! | https://www.youtube.com/channel/UCN4_lPQeRaGTWqGy21RDlGQ  a2guapGG
[2023-01-04 21:28:13] VIEWERS: 430
[2023-01-04 21:28:22] <%+xzdiiego> lmao
[2023-01-04 21:28:31] <xcqqqqq> FIRE
[2023-01-04 21:28:36] <sugar69daddy__> !rank
[2023-01-04 21:28:37] <@%^Nightbot>* a2guapo is Immortal #2805 on the leaderboard with 318 wins and a Ranked Rating of 256 (Data from tracker.gg)
[2023-01-04 21:28:43] <%Dang2g> came to say hiiii wuapo
[2023-01-04 21:28:44] <%Dang2g> will on marveds today
[2023-01-04 21:28:47] <userisherek> LUL
[2023-01-04 21:28:47] <%Dang2g> best of luck
[2023-01-04 21:28:48] <%RapidIQ> bro got drip
[2023-01-04 21:29:06] <%goldWonton> bro showing his every single outfit KEKW
[2023-01-04 21:29:09] <userisherek> sheesh
[2023-01-04 21:29:14] <%+Maxihm_> damn
[2023-01-04 21:29:31] <userisherek> tyreke actually have decent fits
[2023-01-04 21:29:59] <+kiiojiuv21> Sadge
[2023-01-04 21:30:01] <%+xzdiiego> nahhh thats fked KEKW
[2023-01-04 21:30:08] <%asapfourtwenty> saj
[2023-01-04 21:30:12] <@%^Nightbot> Don't forget to follow my socials!  a2guapLove https://www.youtube.com/channel/UCN4_lPQeRaGTWqGy21RDlGQ  YouTube  |  https://twitter.com/a2guapo2  twitter  |  https://discord.gg/a2guapo  discord  |   https://www.tiktok.com/@a2guapo2  TikTok  |
[2023-01-04 21:30:15] VIEWERS: 430
[2023-01-04 21:30:37] <+lucaspwnsu> HOBBS thats a sick plate
[2023-01-04 21:30:45] <+swaxzy119> no face reveal?
[2023-01-04 21:30:52] <yuteroo> dont want to get towed
[2023-01-04 21:30:56] <ryctz> LUL LUL LUL LUL
[2023-01-04 21:31:05] <@%casstheberry> him being mindful and them being like "???"
[2023-01-04 21:31:08] <wigglyshub> W citizen
[2023-01-04 21:31:09] <@%casstheberry> lmao
[2023-01-04 21:31:10] <+mlg123456678> +1
[2023-01-04 21:31:21] <%sarajkh> @swaxzy119 hes too handsome
[2023-01-04 21:31:21] <%ktrann> Madge
[2023-01-04 21:31:25] <%RapidIQ> Bro dropped out of the sky
[2023-01-04 21:31:32] <Komicality> !uptime
[2023-01-04 21:31:32] <@%^Nightbot> a2guapo has been live for 51 minutes 19 seconds
[2023-01-04 21:31:50] <+hasanoo5> tiktokGG
[2023-01-04 21:31:56] <%+xzdiiego> LMAO
[2023-01-04 21:31:57] <+lucaspwnsu> LMAO
[2023-01-04 21:32:10] <shiraomi> H O B B S
[2023-01-04 21:32:15] <%+DonLennios> h0bbs
[2023-01-04 21:32:18] VIEWERS: 430
[2023-01-04 21:32:28] <geo_ll> Guapo
[2023-01-04 21:32:34] <geo_ll> Say guapo lol
[2023-01-04 21:32:46] <%+xzdiiego> get6 lmao
[2023-01-04 21:32:56] <+lucaspwnsu> its the rim
[2023-01-04 21:33:01] <Tistover> rim cover
[2023-01-04 21:33:02] <hunaiza191> frtingHello hello
[2023-01-04 21:33:10] <jewyyyyyy> Yo
[2023-01-04 21:34:19] <@%casstheberry> LMAOOOOO
[2023-01-04 21:34:20] VIEWERS: 430
[2023-01-04 21:34:24] <+hasanoo5> RESPEC MA CRYPPIN
[2023-01-04 21:34:24] <keneeo> what fish thing?
[2023-01-04 21:34:28] <xcqqqqq> 👉 👈
[2023-01-04 21:34:35] <%+xzdiiego> WeirdDude
[2023-01-04 21:34:40] <keneeo> filet o fish goes STUPID
[2023-01-04 21:35:06] <+sheen_man> OpieOP chillz
[2023-01-04 21:35:06] <@%^Nightbot> Subscribe to my new YouTube channel and check out my newest video! | https://www.youtube.com/channel/UCN4_lPQeRaGTWqGy21RDlGQ  a2guapGG
[2023-01-04 21:35:08] <alnvf> From where?
[2023-01-04 21:35:12] <@%casstheberry> they got so excited about the fillet o fish
[2023-01-04 21:35:13] <%asapfourtwenty> nasty
[2023-01-04 21:35:13] <%goldWonton> TAR TAR Pepega
[2023-01-04 21:35:13] <shiraomi> LOOL
[2023-01-04 21:35:21] <Rapidly> LMAO
[2023-01-04 21:35:25] <%RapidIQ> @casstheberry bonding over tht shit
[2023-01-04 21:35:29] <+lucaspwnsu> HAHAHA
[2023-01-04 21:35:38] <dirtystinkfinger> washed radiant streamer turned gta bot
[2023-01-04 21:36:05] <@%^Nightbot> Don't forget to follow my socials!  a2guapLove https://www.youtube.com/channel/UCN4_lPQeRaGTWqGy21RDlGQ  YouTube  |  https://twitter.com/a2guapo2  twitter  |  https://discord.gg/a2guapo  discord  |   https://www.tiktok.com/@a2guapo2  TikTok  |
[2023-01-04 21:36:13] <%goldWonton> with what money OMEGALUL
[2023-01-04 21:36:18] <+lucaspwnsu> bro cant even buy a repair kit
[2023-01-04 21:36:18] <StarGazer77777> ur broke
[2023-01-04 21:36:18] <geo_ll> That goes crazy
[2023-01-04 21:36:18] <+lucaspwnsu> how u gonna buy a car
[2023-01-04 21:36:21] <wigglyshub> with what money
[2023-01-04 21:36:21] VIEWERS: 420
[2023-01-04 21:36:27] <dirtystinkfinger> can "we"
[2023-01-04 21:37:48] <shiraomi> is this a racing car?
[2023-01-04 21:37:54] <%asapfourtwenty> W driving
[2023-01-04 21:37:56] <%goldWonton> nice
[2023-01-04 21:37:56] <depp00tsh> yea
[2023-01-04 21:37:59] <%goldWonton> W DRIVING
[2023-01-04 21:38:19] <shiraomi> guapo actually good at driving this
[2023-01-04 21:38:22] <%goldWonton> UBER RP KEKW
[2023-01-04 21:38:22] VIEWERS: 420
[2023-01-04 21:38:30] <millershawn16> Natural talent at driving
[2023-01-04 21:38:33] <%goldWonton> this car is nice
[2023-01-04 21:38:36] <%RapidIQ> W
[2023-01-04 21:38:41] <+eXopra> bro actually didnt crash
[2023-01-04 21:38:42] <+Commoner> W driver
[2023-01-04 21:38:42] <shiraomi> holy shit that was smooth
[2023-01-04 21:38:43] <%asapfourtwenty> EZ
[2023-01-04 21:38:44] <%Usbopp> W
[2023-01-04 21:38:47] <+kiiojiuv21> bro how do u know the roads
[2023-01-04 21:38:55] <%goldWonton> OFFLINE GRINDING OMEGALUL
[2023-01-04 21:38:56] <vanzz_69> W DRIVING
[2023-01-04 21:38:57] <depp00tsh> W driving
[2023-01-04 21:38:58] <%+xzdiiego> lol W
[2023-01-04 21:38:58] <StarGazer77777> nice driving
[2023-01-04 21:39:09] <sixpacc_> Get in trunk
[2023-01-04 21:39:11] <geo_ll> @a2guapo do you use the e braco a lot I can tell?
[2023-01-04 21:39:14] <%zemog_01> That new car is nice though shit is fast and barely slides
[2023-01-04 21:39:16] <%Usbopp> Run some races
[2023-01-04 21:39:24] <adrianrp100> Rob it
[2023-01-04 21:39:25] <geo_ll> Break*
[2023-01-04 21:39:31] <squarehead8> bro watching tips and tricks video  BUSSERS
[2023-01-04 21:40:00] <%+xzdiiego> W garlic plug
[2023-01-04 21:40:09] <@%^Nightbot> CHATTERS! Guapo is asking for his viewers to clip any funny moments or good plays during his streams! Post them in chat AND the discord in the #stream-clips channel!  a2guapLove
[2023-01-04 21:40:14] <%asapfourtwenty> EZ
[2023-01-04 21:40:21] <ryctz> W
[2023-01-04 21:40:24] VIEWERS: 378
[2023-01-04 21:40:27] <FlyingBus> vampires dont like you
[2023-01-04 21:40:32] <Jukesxd1> a2garlic
[2023-01-04 21:40:35] <%goldWonton> SERVER RESTART IN 5 monkaW
[2023-01-04 21:40:53] <+dekreate> ooc chat
[2023-01-04 21:41:03] <%goldWonton> he means ooc chat KEKW
[2023-01-04 21:41:05] <@%^Nightbot> Don't forget to follow my socials!  a2guapLove https://www.youtube.com/channel/UCN4_lPQeRaGTWqGy21RDlGQ  YouTube  |  https://twitter.com/a2guapo2  twitter  |  https://discord.gg/a2guapo  discord  |   https://www.tiktok.com/@a2guapo2  TikTok  |
[2023-01-04 21:41:09] <QxLw_> ooc chat
[2023-01-04 21:41:10] <+kiiojiuv21> ooc chat
[2023-01-04 21:41:14] <depp00tsh> OOC chat he meant
[2023-01-04 21:41:51] <%loskyle> meow
[2023-01-04 21:41:56] <%chup2s> PunchTrees
[2023-01-04 21:41:56] <xcqqqqq> uh oh
[2023-01-04 21:41:57] <%goldWonton> TIME TO DIE PagMan
[2023-01-04 21:42:07] <%+xzdiiego> PepeLaugh
[2023-01-04 21:42:07] <@%^Nightbot> Subscribe to my new YouTube channel and check out my newest video! | https://www.youtube.com/channel/UCN4_lPQeRaGTWqGy21RDlGQ  a2guapGG
[2023-01-04 21:42:07] <%loskyle> Hey chups
[2023-01-04 21:42:09] <%goldWonton> BRO IS BEGGING KEKW
[2023-01-04 21:42:19] <%chup2s> hi kyle
[2023-01-04 21:42:24] VIEWERS: 404
[2023-01-04 21:42:34] <%+xzdiiego> KEKW
[2023-01-04 21:42:37] <xcqqqqq> KEKW
[2023-01-04 21:42:47] <%goldWonton> PauseChamp
[2023-01-04 21:43:10] <%goldWonton> DAMN
[2023-01-04 21:43:20] <%+porkaye> W SHOOTER
[2023-01-04 21:43:20] <%goldWonton> SMOKED HIS OG
[2023-01-04 21:43:20] <%+xzdiiego> DAYMN
[2023-01-04 21:43:21] <shiraomi> LMFAOO
[2023-01-04 21:43:21] <%asapfourtwenty> EZ
[2023-01-04 21:43:25] <%+xzdiiego> LMAOO
[2023-01-04 21:43:28] <sidoygwapo> LMAAAAOOOO
[2023-01-04 21:43:33] <%goldWonton> RATCHET monkaW
[2023-01-04 21:43:36] <%loskyle> W
[2023-01-04 21:43:36] <xcqqqqq> RATCHET
[2023-01-04 21:43:36] <%RapidIQ> LOOOOOOL
[2023-01-04 21:43:37] <shiraomi> LMFAOO 󠀀
[2023-01-04 21:43:38] <strid3r110> lmao
[2023-01-04 21:43:41] <+sadistics_> LOL
[2023-01-04 21:43:42] <yuteroo> LMAO
[2023-01-04 21:43:45] <+kiiojiuv21> D:
[2023-01-04 21:43:45] <Leo_4rx> lmao
[2023-01-04 21:43:45] <%RapidIQ> HE SHOT RATCHET NO HESITATION
[2023-01-04 21:43:49] <+toofarbrothatwastoofar> what happened to serious RP
[2023-01-04 21:43:51] <Rafsan4084> Broo
[2023-01-04 21:43:55] <Mr_Doyler> Blooded in PogU
[2023-01-04 21:44:02] <drbadger713> ye
[2023-01-04 21:44:03] <kybellll> @toofarbrothatwastoofar server about to restart
[2023-01-04 21:44:09] <geo_ll> Blooded in lol
[2023-01-04 21:44:10] <%asapfourtwenty> ye
[2023-01-04 21:44:10] <svdh_> Blooded in
[2023-01-04 21:44:14] <wigglyshub> not the shoes
[2023-01-04 21:44:14] <Tistover> blooded in Pog LOL
[2023-01-04 21:44:14] <shiraomi> MEGALUL murder everyone
[2023-01-04 21:44:16] <depp00tsh> @toofarbrothatwastoofar Server restarting for some changes
[2023-01-04 21:44:20] <squarehead8> noway you got blooded in Pog
[2023-01-04 21:44:20] <ryctz> Official member hobbs
[2023-01-04 21:44:24] VIEWERS: 404
[2023-01-04 21:44:31] <dinkytim> @toofarbrothatwastoofar When people say "tsunami" it means the server is restarting
[2023-01-04 21:44:35] <+toofarbrothatwastoofar> ok thought mfs just shooting each other for no reason
[2023-01-04 21:44:40] <sour_offwhite> @kybellll why server shutting down?
[2023-01-04 21:44:41] <%goldWonton> YES Kappa
[2023-01-04 21:44:42] <geo_ll> Ya lol
[2023-01-04 21:44:44] <%ktrann> yes
[2023-01-04 21:44:44] <Mr_Doyler> Future blooded you in EZ
[2023-01-04 21:44:51] <+kiiojiuv21> W
[2023-01-04 21:45:05] <hunaiza191> LOL
[2023-01-04 21:45:09] <@%^Nightbot> Don't forget to follow my socials!  a2guapLove https://www.youtube.com/channel/UCN4_lPQeRaGTWqGy21RDlGQ  YouTube  |  https://twitter.com/a2guapo2  twitter  |  https://discord.gg/a2guapo  discord  |   https://www.tiktok.com/@a2guapo2  TikTok  |
[2023-01-04 21:45:12] <kybellll> @sour_offwhite I have no idea
[2023-01-04 21:45:26] <%goldWonton> Bedge
[2023-01-04 21:45:37] <wigglyshub> whats goin on
[2023-01-04 21:45:40] <WhosAdm> Bedge
[2023-01-04 21:45:41] <xcqqqqq> Bedge
[2023-01-04 21:45:43] <baa_baa_boi> KEKW
[2023-01-04 21:45:43] <+Commoner> no
[2023-01-04 21:45:43] <@%+clipzy> NO
[2023-01-04 21:45:45] <WhosAdm> NO
[2023-01-04 21:45:47] <ryctz> No
[2023-01-04 21:45:47] <shiraomi> VAL
[2023-01-04 21:45:48] <+kiiojiuv21> Bedge
[2023-01-04 21:45:48] <saturniol> NO
[2023-01-04 21:45:49] <%+sanityybro> NAH
[2023-01-04 21:45:49] <%+xzdiiego> NO
[2023-01-04 21:45:49] <saturniol> NOO
[2023-01-04 21:45:49] <EthanHereW> no
[2023-01-04 21:45:50] <%asapfourtwenty> no
[2023-01-04 21:45:50] <cyod1> Log on
[2023-01-04 21:45:51] <jewyyyyyy> NO
[2023-01-04 21:45:51] <%goldWonton> 1 HOUR STREAM PagMan
[2023-01-04 21:45:51] <krizjohns> no
[2023-01-04 21:45:53] <callmejera> Bedge
[2023-01-04 21:45:53] <zzpkkk> Nooo
[2023-01-04 21:45:54] <EyDiiiiiii> NOOOO
[2023-01-04 21:45:54] <zzpkkk> Noooo
[2023-01-04 21:45:55] <zzpkkk> Nooooo
[2023-01-04 21:45:56] <+kiiojiuv21> NOOOO
[2023-01-04 21:45:57] <zzpkkk> Brooooo
[2023-01-04 21:46:02] <cash09k> Server will be up shortly
[2023-01-04 21:46:02] <zzpkkk> L
[2023-01-04 21:46:02] <hoodieszz> Val for a bit maybe
[2023-01-04 21:46:02] <shiraomi> fine get off angy
[2023-01-04 21:46:02] <xcqqqqq> 1 hour stream Sadge
[2023-01-04 21:46:05] <zzpkkk> Don’t enddd
[2023-01-04 21:46:06] <!%IshaanG_007> wait what happen
[2023-01-04 21:46:06] <zzpkkk> Plssss
[2023-01-04 21:46:07] <%+justembruh> Sadge i guess
[2023-01-04 21:46:12] <+Commoner> ResidentSleeper
[2023-01-04 21:46:15] <baa_baa_boi> angy
[2023-01-04 21:46:16] <+Commoner> valorant
[2023-01-04 21:46:16] <zzpkkk> Noooo
[2023-01-04 21:46:17] <+kiiojiuv21> Im watching lil bro WeirdChamp
[2023-01-04 21:46:21] <%ktrann> play with jay won
[2023-01-04 21:46:23] <dirtystinkfinger> youre a bot on val
[2023-01-04 21:46:24] VIEWERS: 383
[2023-01-04 21:46:26] <cyod1> Get ready to queue
[2023-01-04 21:46:26] <%loskyle> Leggo
[2023-01-04 21:46:28] <wigglyshub> queue with yassine
[2023-01-04 21:46:29] <dirtystinkfinger> not even radiant
[2023-01-04 21:46:36] <%loskyle> Val schmal
[2023-01-04 21:46:36] <%zetnogaming> xqcMood
[2023-01-04 21:46:44] <%asapfourtwenty> gravS
[2023-01-04 21:46:50] <dirtystinkfinger> you  re washed
[2023-01-04 21:47:12] <Wickitc> i think so
[2023-01-04 21:47:55] <%chup2s> u raiding roza?
[2023-01-04 21:48:13] [Notification] jasontheweenie subscribed at Tier 1. They've subscribed for 4 months, currently on a 2 month streak! [BatChest]
[2023-01-04 21:48:17] <@%+clipzy> jason ween
[2023-01-04 21:48:19] <shiraomi> BatChest
[2023-01-04 21:48:23] <%loskyle> W Jason
[2023-01-04 21:48:24] <%chup2s> hello jason the wiener
[2023-01-04 21:48:24] VIEWERS: 383
[2023-01-04 21:48:24] <YOUNGBASEDGO> hobbs
[2023-01-04 21:48:25] <Wickitc> commmon jason W
[2023-01-04 21:48:30] <zzpkkk> Valooo so boring
[2023-01-04 21:48:33] <@%+jasontheweenie> jay ween LMAO
[2023-01-04 21:48:36] <%Usbopp> THE SA GUY!
[2023-01-04 21:48:36] <%loskyle> Hey wick
[2023-01-04 21:48:41] <Wickitc> wsg kyle
[2023-01-04 21:48:44] <@%shanks_ttv> Raid me no?
[2023-01-04 21:48:49] <@%shanks_ttv> Let’s play gta together
[2023-01-04 21:48:59] <morgueborn> what happened to the new mic?
[2023-01-04 21:49:00] <+kiiojiuv21> gta W
[2023-01-04 21:49:00] <dirtystinkfinger> new voice box setup or what
[2023-01-04 21:49:00] <moehoehoelfc> What happened
[2023-01-04 21:49:02] <zzpkkk> Poggg gtaaaa
[2023-01-04 21:49:03] <Wickitc> LMAO
[2023-01-04 21:49:05] <@%^Nightbot> Subscribe to my new YouTube channel and check out my newest video! | https://www.youtube.com/channel/UCN4_lPQeRaGTWqGy21RDlGQ  a2guapGG
[2023-01-04 21:49:05] <YOUNGBASEDGO> fye
[2023-01-04 21:49:10] <%loskyle> @wickitc I’m so tired bro
[2023-01-04 21:49:10] <%+lasagacat420> face cam?
[2023-01-04 21:49:14] <%loskyle> Hey ybg
[2023-01-04 21:49:15] <EthanHereW> @clipzy arent you the 445 guy or nah
[2023-01-04 21:49:16] <dirtystinkfinger> dumb dog didnt buy xlr cable
[2023-01-04 21:49:20] <branfw> hi guapo!
[2023-01-04 21:49:20] BAN: EthanHereW (1014981s)
[2023-01-04 21:49:21] <YOUNGBASEDGO> he loskyle
[2023-01-04 21:49:23] <Wickitc> @loskyle get some sleep
[2023-01-04 21:49:25] <saturniol> gonna leaf us PoroSad
[2023-01-04 21:49:27] <%chup2s> why is the whole gang here
[2023-01-04 21:49:33] <jewyyyyyy> SUP @a2guapo
[2023-01-04 21:49:33] <%loskyle> @wickitc id love to but I’m at work
[2023-01-04 21:49:36] <EthanHereW> mb clipzy
[2023-01-04 21:49:37] <Wickitc> wait it didnt come wit it?
[2023-01-04 21:49:39] <Wickitc> wtf
[2023-01-04 21:49:40] <dirtystinkfinger> it should come with 1
[2023-01-04 21:49:40] <@%+clipzy> this is jasons fault
[2023-01-04 21:49:41] <kybellll> @EthanHereW lmaoo
[2023-01-04 21:49:45] <@%+clipzy> idc what anyone says
[2023-01-04 21:49:46] <dirtystinkfinger> but you need an extra for pre amp
[2023-01-04 21:49:47] <@%+clipzy> this 445 shit is JASONS FAULT
[2023-01-04 21:49:47] <Wickitc> @loskyle thats tuff
[2023-01-04 21:49:49] <saturniol> because your not valid
[2023-01-04 21:49:56] <Wickitc> @clipzy 100% 445 guy
[2023-01-04 21:50:02] <%loskyle> @wickitc only 11 more minutes and I’m out
[2023-01-04 21:50:07] <hunaiza191> hello @loskyle katari45O7
[2023-01-04 21:50:07] <YOUNGBASEDGO> clipzy da 445 guy
[2023-01-04 21:50:08] <@%^Nightbot> Don't forget to follow my socials!  a2guapLove https://www.youtube.com/channel/UCN4_lPQeRaGTWqGy21RDlGQ  YouTube  |  https://twitter.com/a2guapo2  twitter  |  https://discord.gg/a2guapo  discord  |   https://www.tiktok.com/@a2guapo2  TikTok  |
[2023-01-04 21:50:14] <Wickitc> @loskyle get some sleep after work
[2023-01-04 21:50:14] <@%+clipzy> @YOUNGBASEDGO yea bro
[2023-01-04 21:50:15] <%chup2s> no bro ur actions have consequences clipzy
[2023-01-04 21:50:17] <@%+clipzy> big ass nipples
[2023-01-04 21:50:18] <@%+clipzy> btw
[2023-01-04 21:50:24] <%chup2s> we know what u are clipzy
[2023-01-04 21:50:24] <%loskyle> @hunaiza191 loskylHi
[2023-01-04 21:50:27] VIEWERS: 383
[2023-01-04 21:50:27] <%chup2s> a furry 445
[2023-01-04 21:50:27] <Wickitc> big nips
[2023-01-04 21:50:31] <zzpkkk> Banned
[2023-01-04 21:50:34] <cyod1> Just wait
[2023-01-04 21:50:36] <ryctz> Band
[2023-01-04 21:50:41] <EUPHORlCA> They're restarting, takes a lil bit
[2023-01-04 21:50:41] <saudjr1> no give it a min
[2023-01-04 21:50:44] <krizjohns> https://youtu.be/SUFxbUv7IkU
[2023-01-04 21:50:44] DELETED: krizjohns (https://youtu.be/SUFxbUv7IkU)
[2023-01-04 21:50:44] <@%^Nightbot> @krizjohns -> ASK A MOD TO POST LINKS. Only Guapo's stream clips will pass auto-mod without permission. [warning]
[2023-01-04 21:50:46] <yourcharisma> restart fivem?
[2023-01-04 21:50:47] <squarehead8> Banned LUL
[2023-01-04 21:50:53] <saturniol> banned Sadge
[2023-01-04 21:50:54] <cyod1> You're in you just gotta wait
[2023-01-04 21:50:56] <%loskyle> @wickitc I’m boutta take the fattest 1hr nap before the gym
[2023-01-04 21:51:01] <Wickitc> W
[2023-01-04 21:51:10] <geo_ll> People are in I do t know?
[2023-01-04 21:51:17] <geo_ll> Dont*
[2023-01-04 21:51:17] <cyod1> Omie got admin prio
[2023-01-04 21:51:18] <tlbusta2> goden ticket
[2023-01-04 21:51:19] <ThiefOfDaylight> other people getting the same thing rn
[2023-01-04 21:51:24] <depp00tsh> Try to queue again
[2023-01-04 21:51:36] <cyod1> That message means you're in you just gotta wait
[2023-01-04 21:51:45] <Wickitc> og shit
[2023-01-04 21:51:55] <saturniol> he paid koil 5000 dollars Kappa
[2023-01-04 21:51:56] <cummybrains> if the little emoji’s r changing means que is fine
[2023-01-04 21:51:57] <Wickitc> if u waited u would been like 2/6
[2023-01-04 21:52:04] <JamalsCamera> bro re queued
[2023-01-04 21:52:14] <%loskyle> Don’t remake
[2023-01-04 21:52:16] <tlbusta2> he gets in first everytime
[2023-01-04 21:52:27] VIEWERS: 378
[2023-01-04 21:52:27] <depp00tsh> @wickitc that loading was bugged
[2023-01-04 21:52:33] <Wickitc> ohhh
[2023-01-04 21:52:35] <Wickitc> aii
[2023-01-04 21:52:53] <JamalsCamera> @depp00tsh It wasn't, he was loading
[2023-01-04 21:53:22] <%goldWonton> react to something bro
[2023-01-04 21:53:26] <owenf1423> @depp00tsh no it wasn’t
[2023-01-04 21:53:33] <Wickitc> jarso?
[2023-01-04 21:53:38] <callmejera> !clips
[2023-01-04 21:53:38] <@%^Nightbot> Guapo is asking for his viewers to clip any funny moments or good plays during his streams!! Post them in here and the discord in the #stream-clips channel a2guapLove
[2023-01-04 21:53:42] <zzpkkk> Broo I wish I had prio like u
[2023-01-04 21:53:45] <depp00tsh> @jamalscamera if it's take too long, it's doesn't queue actually
[2023-01-04 21:53:57] [Notification] dreary_tv subscribed at Tier 1. They've subscribed for 4 months, currently on a 4 month streak! [W]
[2023-01-04 21:54:00] <%goldWonton> 4Head just buy it
[2023-01-04 21:54:05] <owenf1423> @depp00tsh that’s what happens when the server resets
[2023-01-04 21:54:17] <%goldWonton> naaaaah bro is 8 noe
[2023-01-04 21:54:21] <%goldWonton> drippSadge
[2023-01-04 21:54:25] <shiraomi> this gon take forever
[2023-01-04 21:54:26] <ThiefOfDaylight> other person who was stuck on the loading message just got in damn
[2023-01-04 21:54:26] <@%mia_2446_> Jammies
[2023-01-04 21:54:29] VIEWERS: 378
[2023-01-04 21:54:29] <%goldWonton> 9 Aware
[2023-01-04 21:54:39] <EthanHereW> @a2guapo gn lil bro
[2023-01-04 21:54:50] <%goldWonton> cus people with higher prio are joining
[2023-01-04 21:54:57] <Wickitc> ppl with higher prio then u prob
[2023-01-04 21:55:04] <depp00tsh> higher prio
[2023-01-04 21:55:04] <ImAstroBB> When does the XLR cable come in?
[2023-01-04 21:55:04] <svdh_> U were in but you canceled it
[2023-01-04 21:55:06] <@%^Nightbot> Don't forget to follow my socials!  a2guapLove https://www.youtube.com/channel/UCN4_lPQeRaGTWqGy21RDlGQ  YouTube  |  https://twitter.com/a2guapo2  twitter  |  https://discord.gg/a2guapo  discord  |   https://www.tiktok.com/@a2guapo2  TikTok  |
[2023-01-04 21:55:10] <%goldWonton> what if it is full tho bro
[2023-01-04 21:55:12] <owenf1423> u requeued
[2023-01-04 21:55:13] <Wickitc> it might b ful alr tbh
[2023-01-04 21:55:15] <ryctz> You were in bro
[2023-01-04 21:55:27] <%goldWonton> bro why have u been sick for a month now
[2023-01-04 21:55:29] <shiraomi> yeah just dip
[2023-01-04 21:55:32] <Wickitc> u getting on wit sub?
[2023-01-04 21:55:36] <%+xzdiiego> cya later brooo
[2023-01-04 21:55:40] <%goldWonton> PauseChamp
[2023-01-04 21:55:45] <Wickitc> ya
[2023-01-04 21:55:47] <Wickitc> no point tbh
[2023-01-04 21:55:49] <%goldWonton> drippSadge
[2023-01-04 21:55:50] <%zemog_01> Yeah get some rest and stream later bro
[2023-01-04 21:55:54] <%+xzdiiego> ^
[2023-01-04 21:55:59] <Wickitc> shit finna take a min
[2023-01-04 21:56:00] <%goldWonton> valo tonight i guess.... Sadge
[2023-01-04 21:56:04] <@%^Nightbot> Subscribe to my new YouTube channel and check out my newest video! | https://www.youtube.com/channel/UCN4_lPQeRaGTWqGy21RDlGQ  a2guapGG
[2023-01-04 21:56:07] <Wickitc> peace
[2023-01-04 21:56:09] <shiraomi> aight
[2023-01-04 21:56:09] <%goldWonton> valo... drippSadge
[2023-01-04 21:56:10] <+sadistics_> peace
[2023-01-04 21:56:11] <!%rraayne> paeaacee
[2023-01-04 21:56:11] <@%+AliinaG> Are you ending
[2023-01-04 21:56:13] <@%mia_2446_> sadCat
[2023-01-04 21:56:13] <%loskyle> Bye aj
[2023-01-04 21:56:14] <%goldWonton> byee
[2023-01-04 21:56:15] <shiraomi> peace
[2023-01-04 21:56:16] <!%rraayne> o7
[2023-01-04 21:56:18] <@%+clipzy> im gonna be so bored now
[2023-01-04 21:56:18] <zzpkkk> Broooo….
[2023-01-04 21:56:21] <shiraomi> o7
[2023-01-04 21:56:21] <@%+AliinaG> Ok
[2023-01-04 21:56:24] <Wickitc> @clipzy fr
[2023-01-04 21:56:27] <ch4nce19> 9 Pog
[2023-01-04 21:56:29] <%loskyle> Add me back on val remember
[2023-01-04 21:56:31] Viewerstats (21:28-21:56): avg:401 min:378 max:430 [15/430+0+0+0−10+0−42+26+0−21+0+0−5+0+0]
[2023-01-04 21:56:31] VIEWERS: 378
[2023-01-04 21:56:33] <zzpkkk> Those are admins and devs Infront of you?
[2023-01-04 21:56:33] <ryctz> Pog 8
[2023-01-04 21:56:33] <@%+AliinaG> Why don’t you just do val rn then or would you rather later
[2023-01-04 21:56:34] <Wickitc> 9/83?????????
[2023-01-04 21:56:34] <zzpkkk> Hello
[2023-01-04 21:56:36] <ch4nce19> 8 Pog
[2023-01-04 21:56:37] <Wickitc> 8
[2023-01-04 21:56:41] <@%mia_2446_> VALORANT
[2023-01-04 21:56:42] <@%mia_2446_> VALORANT
[2023-01-04 21:56:43] <lordflackou> W
[2023-01-04 21:56:44] <ch4nce19> OMEGALUL
[2023-01-04 21:56:45] <shiraomi> HUH
[2023-01-04 21:56:46] <%goldWonton> OH SHIT
[2023-01-04 21:56:49] <Wickitc> 6
[2023-01-04 21:56:49] <zzpkkk> All those people in front of you are admins and devs
[2023-01-04 21:56:49] <%+xzdiiego> lol
[2023-01-04 21:56:49] <Wickitc> uhoh
[2023-01-04 21:56:49] <%goldWonton> 6
[2023-01-04 21:56:50] <Wickitc> its moving
[2023-01-04 21:56:50] <ch4nce19> Pog 6
[2023-01-04 21:56:52] <ryctz> PogU
[2023-01-04 21:56:56] <dirtystinkfinger> washed val streamer immortal bot
[2023-01-04 21:56:58] <shiraomi> Jebaited
[2023-01-04 21:57:02] <%loskyle> I will not be participating in that activity
[2023-01-04 21:57:02] <Wickitc> higher prio gg
[2023-01-04 21:57:03] <!%rraayne> D:
[2023-01-04 21:57:10] <hunaiza191> D:
[2023-01-04 21:57:10] <@%+clipzy> I WILL
[2023-01-04 21:57:10] <@%+clipzy> ILL HOLD THEM!
[2023-01-04 21:57:14] <k_yre> cant quit at 6
[2023-01-04 21:57:22] <hecla__> Lush rp better
[2023-01-04 21:57:26] <@%+clipzy> now u cant end
[2023-01-04 21:57:27] <!%rraayne> uuuh oh
[2023-01-04 21:57:30] <%goldWonton> 6 6 6 6 6
[2023-01-04 21:57:30] DELETED: hecla__ (Lush rp better)
[2023-01-04 21:57:32] <saturniol> you will get iin
[2023-01-04 21:57:40] <zzpkkk> Does are admins and devs Infront of you @a2guapo
[2023-01-04 21:57:48] <saturniol> i think
[2023-01-04 21:57:58] <@%+clipzy> well now u cant end
[2023-01-04 21:58:00] <@%+clipzy> cause ur abt to get in
[2023-01-04 21:58:05] <@%+AliinaG> a2guapCry
[2023-01-04 21:58:31] <k_yre> 99% quit when theyre about to win big
[2023-01-04 21:58:32] VIEWERS: 289
[2023-01-04 21:58:37] <k_yre> cant leave now
[2023-01-04 21:58:49] <Wickitc> lmao
[2023-01-04 21:58:50] <Wickitc> ggs
[2023-01-04 21:59:08] <+lucaspwnsu> WAS FUN WHILE IT LASTED BOYS
[2023-01-04 21:59:17] <Wickitc> aii
[2023-01-04 21:59:17] <ryctz> PauseChamp
[2023-01-04 21:59:23] <shiraomi> peace
[2023-01-04 21:59:23] <natycrimson> Tf still in que
[2023-01-04 21:59:25] <Wickitc> bro did not end
[2023-01-04 21:59:31] <natycrimson> GG
[2023-01-04 21:59:31] <@%+clipzy> bro didnt even end stream
[2023-01-04 21:59:31] <@%+clipzy> he closed queue
[2023-01-04 21:59:31] <Wickitc> lmao fr
[2023-01-04 21:59:32] <@%mia_2446_> NOOOO
[2023-01-04 21:59:33] <@%+clipzy> closed obs*
[2023-01-04 21:59:34] <hillaryclinton_xo> how u ended like that bro
[2023-01-04 21:59:34] <%+dreary_tv> lmao
[2023-01-04 21:59:35] <%loskyle> Ope
[2023-01-04 21:59:35] <ryctz> ????????
[2023-01-04 21:59:36] <cyod1> Lmao
[2023-01-04 21:59:39] <%loskyle> Lmfao
[2023-01-04 21:59:41] <%+xzdiiego> lol
[2023-01-04 21:59:43] <+lucaspwnsu> hAHAHAHA
[2023-01-04 21:59:43] <natycrimson> NOOOOOO
[2023-01-04 21:59:44] <ReveiId> lmaoo
[2023-01-04 21:59:47] <natycrimson> COME BACKK BRO
[2023-01-04 21:59:49] <+lucaspwnsu> PEACE
[2023-01-04 21:59:51] <natycrimson> WHY U LEAVE
[2023-01-04 21:59:51] [Notification] red_a10 subscribed with Prime. They've subscribed for 2 months, currently on a 1 month streak! [NOOOOOO]
[2023-01-04 22:00:02] <%loskyle> What a guy
[2023-01-04 22:00:02] <+tougebong> what happen
[2023-01-04 22:00:06] <%+xzdiiego> farming channel points for now ig
[2023-01-04 22:00:15] <@%^Nightbot> CHATTERS! Guapo is asking for his viewers to clip any funny moments or good plays during his streams! Post them in chat AND the discord in the #stream-clips channel!  a2guapLove
[2023-01-04 22:00:23] <+lucaspwnsu> no ehs not nightot
[2023-01-04 22:00:23] <lordflackou> he doesnt know
[2023-01-04 22:00:34] VIEWERS: 265
[2023-01-04 22:00:48] <+lucaspwnsu> hell ye
[2023-01-04 22:00:58] <+lucaspwnsu> awe
[2023-01-04 22:01:06] <+tougebong> was is like this the whole stream?
[2023-01-04 22:01:06] <hunaiza191> D:
[2023-01-04 22:01:11] <@%^Nightbot> Subscribe to my new YouTube channel and check out my newest video! | https://www.youtube.com/channel/UCN4_lPQeRaGTWqGy21RDlGQ  a2guapGG
[2023-01-04 22:01:12] <Wickitc> @tougebong no
[2023-01-04 22:01:13] <+lucaspwnsu> na
[2023-01-04 22:01:16] <hunaiza191> :(
[2023-01-04 22:01:17] <Wickitc> he played
[2023-01-04 22:01:21] <+tougebong> ohh ok
[2023-01-04 22:01:46] <%+castusartoriuslucius> Is this ended
[2023-01-04 22:02:10] <@%^Nightbot> Don't forget to follow my socials!  a2guapLove https://www.youtube.com/channel/UCN4_lPQeRaGTWqGy21RDlGQ  YouTube  |  https://twitter.com/a2guapo2  twitter  |  https://discord.gg/a2guapo  discord  |   https://www.tiktok.com/@a2guapo2  TikTok  |
[2023-01-04 22:02:34] VIEWERS: 265
[2023-01-04 22:03:04] ~Stream offline~
[2023-01-04 22:05:07] <@%^Nightbot> Don't forget to follow my socials!  a2guapLove https://www.youtube.com/channel/UCN4_lPQeRaGTWqGy21RDlGQ  YouTube  |  https://twitter.com/a2guapo2  twitter  |  https://discord.gg/a2guapo  discord  |   https://www.tiktok.com/@a2guapo2  TikTok  |
[2023-01-04 22:26:45] Viewerstats (21:58-22:00): avg:277 min:265 max:289 [2/289−24_]
[2023-01-04 23:53:40] <+tfb111> !mouse
[2023-01-04 23:53:40] <@%^Nightbot> Logitech G703 LIGHTSPEED
