# Log started: 2023-01-01 00:57:51 +0100
[2023-01-01 00:57:51] <%TiltControlsABK> !riot
[2023-01-01 00:57:51] <@%^StreamElements> elmoFire FREE FROM THE SHACKLES OF THE STRIMMER WE ARE elmoFire OUR INCLUSION IN CONTENT WILL BE HEARD elmoFire NO LONGER SHALL CHAT SIT BY UNNOTICED elmoFire RISE UP MY BROTHERS, SISTERS, AND NON-BINARY RIOTERS AND TAKE BACK WHAT IS RIGHTFULLY OURS! elmoFire
[2023-01-01 00:58:20] <%TiltControlsABK> !revolution
[2023-01-01 00:58:21] <@%^StreamElements> elmoFire STREAMER IS GONE elmoFire STREAM BELONGS TO CHAT elmoFire VIVA LA REVOLUTION elmoFire
[2023-01-01 00:58:39] <%TiltControlsABK> (need these for a friends stream LUL )
[2023-01-01 00:59:03] <%$TeaHauss> OMEGALUL
[2023-01-01 01:00:46] <%$TeaHauss> may I suggest !rebel WE WILL NOT COMPLY elmoFire LET CHAOS REIGN elmoFire IT IS CHAT'S TIME TO SHINE elmoFire WE ARE FREE CHATTERS NOW elmoFire
[2023-01-01 01:04:42] <%sofishdekat> @StreamElements WICKED nice
[2023-01-01 01:05:04] <%sofishdekat> !love @TeaHauss
[2023-01-01 01:05:04] <@%^StreamElements> sofishdekat and @TeaHauss are 96.4% in love flatsH
[2023-01-01 01:05:09] <%sofishdekat> WICKED
[2023-01-01 01:05:20] <%$TeaHauss> ecin POGGIES
[2023-01-01 01:07:04] <%$TeaHauss> !rebel WE ARE DRIVEN elmoFire WE HAVE THE POWER elmoFire WE ARE REBELS elmoFire WE DEVOUR elmoFire
[2023-01-01 02:12:27] <%sofishdekat> peepoSit
[2023-01-01 02:13:15] <%sofishdekat> !love @Eth213
[2023-01-01 02:13:15] <@%^StreamElements> sofishdekat and @Eth213 are 42.1% in love flatsH
[2023-01-01 02:13:20] <%sofishdekat> Sadge
[2023-01-01 02:13:24] <%Eth213> !love sofishdekat
[2023-01-01 02:13:24] <@%^StreamElements> Eth213 and sofishdekat are 68.8% in love flatsH
[2023-01-01 02:13:33] <%Eth213> Okayge
[2023-01-01 02:13:34] <%sofishdekat> WICKED nice rounding
[2023-01-01 02:54:27] <FrontlineTFT> !discord
[2023-01-01 02:54:27] <@%^StreamElements> Join our Discord community here! - https://discord.gg/flats
[2023-01-01 03:17:05] <%Eth213> !hugr
[2023-01-01 03:17:05] <@%^StreamElements> Eth213 has hugged awcrap flatsH
[2023-01-01 03:17:13] <%Eth213> peepoHappy
[2023-01-01 03:20:12] <%$TeaHauss> WOWERS
[2023-01-01 03:21:04] <%Eth213> how is you TE
[2023-01-01 03:21:33] <%sofishdekat> POGGIES
[2023-01-01 03:21:41] <%sofishdekat> !love eth213
[2023-01-01 03:21:42] <@%^StreamElements> sofishdekat and eth213 are 25.3% in love flatsH
[2023-01-01 03:21:45] <%sofishdekat> Sadge
[2023-01-01 03:22:44] <%Eth213> !love sofishdekat
[2023-01-01 03:22:44] <@%^StreamElements> Eth213 and sofishdekat are 54.8% in love flatsH
[2023-01-01 03:22:47] <%Eth213> Okayge
[2023-01-01 03:23:34] <%sofishdekat> monkaHmm
[2023-01-01 03:23:42] <%sofishdekat> !love TeaHauss
[2023-01-01 03:23:43] <@%^StreamElements> sofishdekat and TeaHauss are 6.6% in love flatsH
[2023-01-01 03:23:49] <%sofishdekat> peepoFinger SE
[2023-01-01 03:24:21] <%Eth213> !love TeaHauss
[2023-01-01 03:24:21] <@%^StreamElements> Eth213 and TeaHauss are 89.5% in love flatsH
[2023-01-01 03:24:53] <%$TeaHauss> LETSGO
[2023-01-01 03:24:57] <%$TeaHauss> !love sofish
[2023-01-01 03:24:57] <@%^StreamElements> TeaHauss and sofish are 33.1% in love flatsH
[2023-01-01 03:25:09] <%$TeaHauss> NOOO
[2023-01-01 03:25:36] <%sofishdekat> WICKED 331% is pretty good.
[2023-01-01 03:25:41] <%Eth213> lol
[2023-01-01 03:25:53] <%$TeaHauss> KEKW
[2023-01-01 03:27:37] <@%^StreamElements> Check out Flats' YouTube channel! https://www.youtube.com/@flats_ow | Most Recent Video: Cats are invading my Overwatch 2 games!! - https://youtu.be/6OF8iJ9VjwY
[2023-01-01 03:28:52] <%+atsBrew> !love TeaHauss
[2023-01-01 03:28:53] <@%^StreamElements> atsBrew and TeaHauss are 24.3% in love flatsH
[2023-01-01 03:28:55] <%+atsBrew> D:
[2023-01-01 03:29:00] <%$TeaHauss> NOOO
[2023-01-01 03:29:05] <%$TeaHauss> !love ats
[2023-01-01 03:29:05] <@%^StreamElements> TeaHauss and ats are 14.7% in love flatsH
[2023-01-01 03:29:16] <%Houdini2812> Smadge
[2023-01-01 03:29:17] <%$TeaHauss> BONKTHEMODS
[2023-01-01 03:29:20] <%sofishdekat> monkaHmm
[2023-01-01 03:29:39] <%sofishdekat> !love ats
[2023-01-01 03:29:39] <@%^StreamElements> sofishdekat and ats are 64.1% in love flatsH
[2023-01-01 03:29:44] <%sofishdekat> NODDERS
[2023-01-01 03:30:19] <%$TeaHauss> FeelsSnowyMan finally
[2023-01-01 03:30:33] <%Houdini2812> !love @StreamElements
[2023-01-01 03:30:33] <@%^StreamElements> Houdini2812 and @StreamElements are 4.4% in love flatsH
[2023-01-01 03:30:42] <%Houdini2812> monkaHmm
[2023-01-01 03:30:59] <%Eth213> !love Houdini2812
[2023-01-01 03:30:59] <@%^StreamElements> Eth213 and Houdini2812 are 94.6% in love flatsH
[2023-01-01 03:31:20] <%Eth213> !love atsBrew
[2023-01-01 03:31:21] <@%^StreamElements> Eth213 and atsBrew are 13.5% in love flatsH
[2023-01-01 03:31:23] <%Eth213> Sadge
[2023-01-01 03:31:43] <%Houdini2812> Sadge
[2023-01-01 03:31:47] <%+atsBrew> Sadge
[2023-01-01 03:31:55] <%Houdini2812> !love atsBrew
[2023-01-01 03:31:55] <@%^StreamElements> Houdini2812 and atsBrew are 38.3% in love flatsH
[2023-01-01 03:32:03] <%Houdini2812> Sadge
[2023-01-01 03:32:07] <%+atsBrew> nono
[2023-01-01 03:32:14] <%+atsBrew> !love Houdini2812
[2023-01-01 03:32:14] <@%^StreamElements> atsBrew and Houdini2812 are 60.1% in love flatsH
[2023-01-01 03:32:17] <%+atsBrew> Prayge
[2023-01-01 03:32:34] <%Houdini2812> PauseChamp
[2023-01-01 03:32:41] <%Houdini2812> !love atsBrew
[2023-01-01 03:32:41] <@%^StreamElements> Houdini2812 and atsBrew are 2.4% in love flatsH
[2023-01-01 03:32:47] <%+atsBrew> Smadge
[2023-01-01 03:32:51] <%Houdini2812> Smadge
[2023-01-01 03:34:22] <%sofishdekat> Smadge
[2023-01-01 03:34:24] <%+Frederic2ec> Smadge
[2023-01-01 03:34:39] <%Eth213> !love Frederic2ec
[2023-01-01 03:34:39] <@%^StreamElements> Eth213 and Frederic2ec are 8.8% in love flatsH
[2023-01-01 03:34:42] <%Eth213> Sadge
[2023-01-01 03:34:43] <%$TeaHauss> PopCorn
[2023-01-01 03:34:49] <%Houdini2812> Smadge
[2023-01-01 03:35:00] <%Houdini2812> !love Smadge
[2023-01-01 03:35:00] <@%^StreamElements> Houdini2812 and Smadge are 6.5% in love flatsH
[2023-01-01 03:35:08] <%Houdini2812> Stare
[2023-01-01 03:35:42] <%Eth213> !love ghost
[2023-01-01 03:35:42] <@%^StreamElements> Eth213 and ghost are 27.1% in love flatsH
[2023-01-01 03:35:44] <%Eth213> Sadge
[2023-01-01 03:36:53] <%Houdini2812> !love MLADY
[2023-01-01 03:36:54] <@%^StreamElements> Houdini2812 and MLADY are 35.4% in love flatsH
[2023-01-01 03:37:04] <%Houdini2812> ppOverheat
[2023-01-01 03:38:07] <@%^StreamElements> Follow me on my various accounts! YouTube: https://www.youtube.com/@flats_ow | Tiktok: https://www.tiktok.com/@flats_ow | Twitter: https://twitter.com/Flats_OW | Instagram: https://instagram.com/Flats_OW | Discord: https://discord.gg/flats
[2023-01-01 03:39:24] <%Houdini2812> !hug Frederic2ec
[2023-01-01 03:39:24] <@%^StreamElements> Frederic2ec has been given a Virtual hug by Houdini2812! flatsH
[2023-01-01 03:39:51] <%Houdini2812> peepoSit
[2023-01-01 03:39:53] <%sofishdekat> !love @Frederic2ec
[2023-01-01 03:39:53] <@%^StreamElements> sofishdekat and @Frederic2ec are 11.6% in love flatsH
[2023-01-01 03:39:56] <%sofishdekat> Sadge
[2023-01-01 03:40:06] <%sofishdekat> looks like my love stops at the border.
[2023-01-01 03:40:58] <%Houdini2812> peepoPats
[2023-01-01 03:41:08] <%Houdini2812> !love sofishdekat
[2023-01-01 03:41:08] <@%^StreamElements> Houdini2812 and sofishdekat are 95.2% in love flatsH
[2023-01-01 03:41:14] <%Houdini2812> WOWERS
[2023-01-01 03:48:38] <%Houdini2812> !love modCheck
[2023-01-01 03:48:39] <@%^StreamElements> Houdini2812 and modCheck are 95.4% in love flatsH
[2023-01-01 03:48:50] <%Houdini2812> WOWERS
[2023-01-01 03:48:57] <%Houdini2812> !love Wokege
[2023-01-01 03:48:57] <@%^StreamElements> Houdini2812 and Wokege are 12.8% in love flatsH
[2023-01-01 03:49:04] <%Houdini2812> Smadge
[2023-01-01 03:49:22] <%Houdini2812> !love widepeepoBlanket nymnCorn
[2023-01-01 03:49:22] <@%^StreamElements> Houdini2812 and widepeepoBlanket nymnCorn are 35.2% in love flatsH
[2023-01-01 03:49:34] <%Houdini2812> SadgeCry
[2023-01-01 03:51:17] <%Houdini2812> !love peepoGiggles
[2023-01-01 03:51:17] <@%^StreamElements> Houdini2812 and peepoGiggles are 25.8% in love flatsH
[2023-01-01 03:51:24] <%Houdini2812> Sadge
[2023-01-01 03:51:31] <%Houdini2812> !love Sadge
[2023-01-01 03:51:42] <%Houdini2812> monkaHmm
[2023-01-01 03:51:48] <%Houdini2812> !love Sadge
[2023-01-01 03:51:48] <@%^StreamElements> Houdini2812 and Sadge are 6.2% in love flatsH
[2023-01-01 03:51:54] <%Houdini2812> Sadge
[2023-01-01 03:51:59] <%Houdini2812> !hugr
[2023-01-01 03:51:59] <@%^StreamElements> Houdini2812 has hugged houdini2812 flatsH
[2023-01-01 03:52:06] <%Houdini2812> monkaHmm
[2023-01-01 03:52:47] <%Houdini2812> !hugr
[2023-01-01 03:52:47] <@%^StreamElements> Houdini2812 has hugged mangotunie flatsH
[2023-01-01 03:53:03] <%Houdini2812> !love Houdini2812
[2023-01-01 03:53:03] <@%^StreamElements> Houdini2812 and Houdini2812 are 35.3% in love flatsH
[2023-01-01 03:53:12] <%Houdini2812> monkaHmm
[2023-01-01 03:53:18] <MangoTunie> monkaHmm
[2023-01-01 03:55:08] <%Houdini2812> !hugr
[2023-01-01 03:55:08] <@%^StreamElements> Houdini2812 has hugged steviexsteve flatsH
[2023-01-01 03:55:20] <%Houdini2812> BLANKIES
[2023-01-01 03:56:07] <%Houdini2812> !hugr
[2023-01-01 03:56:08] <@%^StreamElements> Houdini2812 has hugged timstoppard flatsH
[2023-01-01 03:56:46] <%Houdini2812> pepeD
[2023-01-01 03:57:03] <%Houdini2812> !love peepoSnow SoSnowy
[2023-01-01 03:57:03] <@%^StreamElements> Houdini2812 and peepoSnow SoSnowy are 62.1% in love flatsH
[2023-01-01 03:57:19] <%Houdini2812> snorlaxDumper
[2023-01-01 04:02:08] <%Houdini2812> Bedge
[2023-01-01 04:03:25] <%$TeaHauss> peepoPats
[2023-01-01 04:03:29] <%$TeaHauss> Tuckahomie
[2023-01-01 04:18:33] <%+atsBrew> Tuckahomie houdini
[2023-01-01 04:23:52] <%sofishdekat> happy new years offliners, I'm going to veg out offline peepoLove
[2023-01-01 04:25:31] <%Eth213> take it easy sofish, and happy new year!
[2023-01-01 04:42:40] <%$TeaHauss> pepeD have fun sofish
[2023-01-01 04:59:00] <UpForRed> billyReady
[2023-01-01 06:50:24] [Notification] R4INIXX subscribed at Tier 1.
[2023-01-01 08:31:13] [Notification] NachoPrablem subscribed with Prime.
[2023-01-01 08:38:23] <NichiraN> !sens
[2023-01-01 08:38:23] <@%^StreamElements> 1600DPI, 2.83 sens for tanks, 2.33 for all others. ADS sens 30.0
[2023-01-01 17:14:30] [Notification] trvpl0rd subscribed with Prime.
[2023-01-01 20:13:32] [Notification] MrTwinkles99 subscribed with Prime.
[2023-01-01 20:22:32] <+gaiadasbaum> !dc
[2023-01-01 20:22:39] <+gaiadasbaum> !discord
[2023-01-01 20:22:39] <@%^StreamElements> Join our Discord community here! - https://discord.gg/flats
[2023-01-01 20:55:02] <%Stonks368> Alyo? modCheck
[2023-01-01 21:35:40] <%Eth213> !hugr
[2023-01-01 21:35:40] <@%^StreamElements> Eth213 has hugged silasgc flatsH
[2023-01-01 21:35:49] <%sofishdekat> !hugr
[2023-01-01 21:35:49] <@%^StreamElements> sofishdekat has hugged pokemelon123 flatsH
[2023-01-01 21:36:00] <%sofishdekat> happy new year stonks peepoCheer
[2023-01-01 21:37:40] <%$TeaHauss> peepoCheer
[2023-01-01 21:48:36] <%Stonks368> Happy new Year sofish and tea peepoCheer
[2023-01-01 21:48:45] <%Stonks368> also eth elmoFire
[2023-01-01 21:48:48] <%$TeaHauss> !love stonks
[2023-01-01 21:48:48] <@%^StreamElements> TeaHauss and stonks are 26.5% in love flatsH
[2023-01-01 21:48:54] <%$TeaHauss> NOOO
[2023-01-01 21:52:11] <%Stonks368> NOOO
[2023-01-01 21:52:22] <%Stonks368> !love TeaHauss
[2023-01-01 21:52:22] <@%^StreamElements> Stonks368 and TeaHauss are 26.5% in love flatsH
[2023-01-01 21:52:43] <%Stonks368> I SWEAR TO GOD SE HATES ME. WHAT IS THIS
[2023-01-01 21:52:58] <%Stonks368> Every time....
[2023-01-01 21:56:48] <%Houdini2812> Wokege
[2023-01-01 21:57:00] <%Houdini2812> !hugr
[2023-01-01 21:57:00] <@%^StreamElements> Houdini2812 has hugged todosgamerstv flatsH
[2023-01-01 21:57:28] <%Houdini2812> !love todosgamerstv
[2023-01-01 21:57:28] <@%^StreamElements> Houdini2812 and todosgamerstv are 75.1% in love flatsH
[2023-01-01 22:00:24] <%Houdini2812> WICKED
[2023-01-01 22:05:47] <%Houdini2812> modCheck
[2023-01-01 22:24:46] <%$TeaHauss> OMEGALUL STONKS we got the same exact number
[2023-01-01 22:26:20] <%$TeaHauss> MLADY houdini
[2023-01-01 22:26:25] <%$TeaHauss> !hugr
[2023-01-01 22:26:25] <@%^StreamElements> TeaHauss has hugged streamelements flatsH
[2023-01-01 22:26:32] <%$TeaHauss> STAIR
[2023-01-01 22:33:56] <%Stonks368> @TeaHauss WHAT ARE THE ODDS. I CANT
[2023-01-01 22:34:03] <%Stonks368> STAIR
[2023-01-01 23:46:22] [Notification] tashasmiless subscribed with Prime.
[2023-01-01 23:51:38] <%+atsBrew> !hugr
[2023-01-01 23:51:38] <@%^StreamElements> atsBrew has hugged eth213 flatsH
[2023-01-01 23:51:40] <%+atsBrew> POGGIES
[2023-01-01 23:51:45] <%Eth213> !hugr 󠀀
[2023-01-01 23:51:46] <@%^StreamElements> Eth213 has hugged puffen_penguin flatsH
[2023-01-01 23:51:58] <%Eth213> !love atsBrew
[2023-01-01 23:51:58] <@%^StreamElements> Eth213 and atsBrew are 36.1% in love flatsH
[2023-01-01 23:52:00] <%Eth213> Sadge
[2023-01-01 23:52:58] <%+atsBrew> !love Eth213
[2023-01-01 23:52:58] <@%^StreamElements> atsBrew and Eth213 are 49.8% in love flatsH
[2023-01-01 23:53:02] <%+atsBrew> Susge
