# Log started: 2023-01-08 00:36:20 +0100
[2023-01-08 00:36:20] <mujasy> !index
[2023-01-08 00:36:21] <@^StreamElements> Visit skill4ltu.eu pick up your vehicle and get : Videos, equipment, crew skills, field modification, MoE expectation and more. Chrome extension available! bit.ly/skill4ltu-extension
[2023-01-08 01:01:49] [Notification] madeigan_wotuni subscribed with Prime.
[2023-01-08 04:25:26] <+Peelm_> !bonds
[2023-01-08 04:25:26] <@^StreamElements> Don't know which is the best tank to get with bonds? Look no further because Skill got you covered! youtu.be/3pM3Py_lkqU (June 2022)
[2023-01-08 09:50:59] <imbo_21> !index
[2023-01-08 09:50:59] <@^StreamElements> Visit skill4ltu.eu pick up your vehicle and get : Videos, equipment, crew skills, field modification, MoE expectation and more. Chrome extension available! bit.ly/skill4ltu-extension
[2023-01-08 10:51:27] <%+big_yellow_banana> !santa
[2023-01-08 10:51:27] <@^StreamElements> You can use the code HO23SKILL4LTU to join Skill's team as a Santa Helper (available on EU, NA and ASIA). Article: https://worldoftanks.eu/en/ho2023-santa-helpers/ | Video: https://youtu.be/3baTlIs6G9s | Leaderboard: shorturl.at/bnwF0
[2023-01-08 10:54:47] <%Mimik695> faaaaallllaaassss
[2023-01-08 10:55:04] <%Mimik695> stream ON 11:00 :P
[2023-01-08 11:39:08] <%Mimik695> start stream falllas 12:00
[2023-01-08 11:39:11] <%Mimik695> :p
[2023-01-08 12:46:59] [Notification] janjakuburbanik subscribed at Tier 1. They've subscribed for 8 months!
[2023-01-08 13:40:34] <%+darelock_> skilBush
[2023-01-08 14:16:04] <%ixeedo> skilHi  will skieeeeeel stream today? i need daily dose of skill
[2023-01-08 14:23:07] <lochxx> @ixeedo maybe! couple days ago he said maybe he'll stream to farm some credits :D
[2023-01-08 14:28:49] <%+Eng1xTM> !pugs
[2023-01-08 14:28:49] <@^StreamElements> MillionPugs is a cashback program for gamers! Earn Pugs with orders in one of the over 1.900 partnered brands and use them to buy ingame items, for example premium tanks or gold! Use this link and get 3.000 Pugs on top of your first order: https://creators.millionpugs.com/skill4ltu #AD
[2023-01-08 15:24:24] <hosimc> !bonds
[2023-01-08 15:24:24] <@^StreamElements> Don't know which is the best tank to get with bonds? Look no further because Skill got you covered! youtu.be/3pM3Py_lkqU (June 2022)
[2023-01-08 15:32:24] <%feedmyfriends> !mods
[2023-01-08 15:32:24] <@^StreamElements> This is a familiy picture of the mods, one of the rare occasions when we are allowed to leave the basement BibleThump imgur.com/a/WoA2pZc
[2023-01-08 15:32:32] <%feedmyfriends> !index
[2023-01-08 15:32:32] <@^StreamElements> Visit skill4ltu.eu pick up your vehicle and get : Videos, equipment, crew skills, field modification, MoE expectation and more. Chrome extension available! bit.ly/skill4ltu-extension
# Log started: 2023-01-08 22:40:35 +0100
[2023-01-08 22:40:35] ~Stream offline~
[2023-01-08 22:40:35] Joining #skill4ltu..
[2023-01-08 22:40:35] You have joined #skill4ltu
[2023-01-08 22:43:17] <+moha95elo> !mod
[2023-01-08 22:43:17] <@^StreamElements> MOE mod: shorturl.at/tOUW8 - How to install: shorturl.at/ACN48
[2023-01-08 22:43:57] <+moha95elo> !Mods
[2023-01-08 22:43:57] <@^StreamElements> This is a familiy picture of the mods, one of the rare occasions when we are allowed to leave the basement BibleThump imgur.com/a/WoA2pZc
[2023-01-08 22:45:42] <+moha95elo> !modpack
[2023-01-08 22:45:47] <+moha95elo> !commands
[2023-01-08 22:45:47] <@^StreamElements> Follow these links for a list of commands available in The Baboon Empire moo.bot/r/commands#skill4ltu and streamelements.com/skill4ltu/commands
[2023-01-08 22:46:01] <+moha95elo> !8balls
[2023-01-08 22:46:05] <+moha95elo> !8ball
[2023-01-08 22:46:05] <@^Moobot> @moha95elo Consult the Magic 8-Ball about the future with "!8ball Will Moobot ever love me?"
[2023-01-08 22:46:31] <+moha95elo> !8basll i'm lucky?
[2023-01-08 22:46:46] <+moha95elo> !8ball i'm lucky?
[2023-01-08 22:46:46] <@^Moobot> @moha95elo Magic 8-ball says... the answer to that isn't pretty.
