# Log started: 2023-01-07 00:37:49 +0100
[2023-01-07 00:37:49] Disconnected
[2023-01-07 00:37:49] Attempting to reconnect in 1 seconds.. (1/∞)
[2023-01-07 00:37:50] Connecting to
[2023-01-07 00:37:51] Disconnected (Failed to complete login)
[2023-01-07 00:37:51] Attempting to reconnect in 5 seconds.. (2/∞)
[2023-01-07 00:37:56] Connecting to
[2023-01-07 00:38:43] Joining #dezignful..
[2023-01-07 00:38:44] You have joined #dezignful
[2023-01-07 01:09:07] <@%+Youphoriia> gp live dickhead
[2023-01-07 01:09:14] <@%+Youphoriia> PogO
[2023-01-07 01:09:24] <!%dennessssy> right
[2023-01-07 01:09:31] <!%dennessssy> daltooSmash
[2023-01-07 01:09:37] <@%+Youphoriia> denn he baited us
[2023-01-07 01:09:45] <!%dennessssy> slurps actually live for once
[2023-01-07 01:09:56] <!%dennessssy> so i will be watching AA in the kill feed
[2023-01-07 01:10:00] <@%+Youphoriia> @dennessssy fr
[2023-01-07 01:10:10] <!%dennessssy> they got 1st and 2nd in the last two tourneys
[2023-01-07 01:29:51] <@%+Youphoriia> fronkDinkDonk
[2023-01-07 01:52:31] <drop_the_album> !paddles
[2023-01-07 01:52:31] <@%^StreamElements> built in the control because: built different (2 paddles; jump & crouch)
[2023-01-07 01:53:00] <drop_the_album> !controller
[2023-01-07 01:53:01] <@%^Nightbot> Astro C40, Xbox Layout
[2023-01-07 01:53:19] <drop_the_album> !settingd
[2023-01-07 01:53:24] <drop_the_album> !settings
[2023-01-07 01:53:24] <@%^Nightbot> https://clips.twitch.tv/AgileDifferentClintmullinsThunBeast-UnLy8d7jU_Rx-nXf
[2023-01-07 03:24:12] <Moonz11> !settings
[2023-01-07 03:24:12] <@%^Nightbot> https://clips.twitch.tv/AgileDifferentClintmullinsThunBeast-UnLy8d7jU_Rx-nXf
[2023-01-07 03:26:07] <Moonz11> !controller
[2023-01-07 03:26:07] <@%^Nightbot> Astro C40, Xbox Layout
[2023-01-07 06:10:35] <DrMarlex> !sens
[2023-01-07 06:10:35] <@%^Nightbot> 4-3 Classic | 4 ADS on 2x+ | Zero Deadzone
[2023-01-07 07:45:26] <FSNC_Moe> !controller
[2023-01-07 07:45:26] <@%^Nightbot> Astro C40, Xbox Layout
[2023-01-07 07:45:32] <FSNC_Moe> !roller
[2023-01-07 08:02:06] <Youngseaman741> !sens
[2023-01-07 08:02:06] <@%^Nightbot> 4-3 Classic | 4 ADS on 2x+ | Zero Deadzone
[2023-01-07 12:37:12] <PrinceOzn> !monitor
[2023-01-07 12:37:12] <@%^Nightbot> Asus VG279QM 27”
[2023-01-07 23:09:48] <+DIDZRants> !settings
[2023-01-07 23:09:48] <@%^Nightbot> https://clips.twitch.tv/AgileDifferentClintmullinsThunBeast-UnLy8d7jU_Rx-nXf
