# Log started: 2023-01-07 00:37:49 +0100
[2023-01-07 00:37:49] Disconnected
[2023-01-07 00:37:49] Attempting to reconnect in 1 seconds.. (1/∞)
[2023-01-07 00:37:50] Connecting to
[2023-01-07 00:37:51] Disconnected (Failed to complete login)
[2023-01-07 00:37:51] Attempting to reconnect in 5 seconds.. (2/∞)
[2023-01-07 00:37:56] Connecting to
[2023-01-07 00:38:01] Joining #iddqd..
[2023-01-07 00:38:01] You have joined #iddqd
[2023-01-07 07:20:31] <%GreenJL> iddSit
[2023-01-07 08:02:14] <@%daisy82078> Chat - FYI there won't be a stream tonight, streamer is still sick.
[2023-01-07 08:09:41] <%GreenJL> iddSit
[2023-01-07 08:24:19] <@%daisy82078> !vodnewcode
[2023-01-07 08:24:19] <@%^Fossabot> Ok, we all know that there was a patch for OW2. The patch deleted all the vods that we had on our spreadsheet ready to review during the educational series. But never fear, we are here with a solution. If you have already submitted a vod and it has not been reviewed yet, please fill out the form below. If you have not already submitted a vod, please do not fill out the form! Any questions, please contact @AnoTheHero or @daisy82078. https://forms.gle/5YhJLxoSQ9jNRawr7
[2023-01-07 09:35:45] <%GreenJL> iddLurk
[2023-01-07 10:26:19] <metallist__> !sens
[2023-01-07 10:26:19] <@%^Fossabot>* metallist__ - OVERWATCH SENS: 7, Widowmaker zoom: 30, Ashe zoom: 41, Windows 6/11, DPI 400, Polling 1000 | OW Sens Calc: http://bit.ly/2kg9HNN
[2023-01-07 14:23:26] <%GreenJL> iddSit feel better Mr. Streamer
[2023-01-07 16:39:20] <@%daisy82078> !vodnewcode
[2023-01-07 16:39:20] <@%^Fossabot> Ok, we all know that there was a patch for OW2. The patch deleted all the vods that we had on our spreadsheet ready to review during the educational series. But never fear, we are here with a solution. If you have already submitted a vod and it has not been reviewed yet, please fill out the form below. If you have not already submitted a vod, please do not fill out the form! Any questions, please contact @AnoTheHero or @daisy82078. https://forms.gle/5YhJLxoSQ9jNRawr7
[2023-01-07 20:33:42] <%GreenJL> iddWiggle
[2023-01-07 22:19:09] <%huttslayr> iddSit
