# Log started: 2023-01-09 00:00:02 +0100
[2023-01-09 00:00:02] <Bish_KeK> i kinda suck at it KEKW
[2023-01-09 00:00:05] <penetrator_black> Кочка
[2023-01-09 00:00:06] <%Yuki_Duki> holy shut he actually got them all
[2023-01-09 00:00:09] <!%Neltharr> А я когда в качалку захожу. У меня автоклики
[2023-01-09 00:00:10] <!%Neltharr> XAXAXAAXXAXA
[2023-01-09 00:00:11] <!%bonjour_jourbon> @Par4doXon buy a RX 7900 XTX With cooler problem so you get a discount PepeLaugh
[2023-01-09 00:00:11] <!%Neltharr> KEKW
[2023-01-09 00:00:13] <%Yuki_Duki> fucking chad, les gooo
[2023-01-09 00:00:13] <human_15477> KEKW
[2023-01-09 00:00:14] <!%Neltharr> ХПХАПХПАХПАХПА
[2023-01-09 00:00:16] <purerupted> BRUHMENTS
[2023-01-09 00:00:17] <dropdead_ttv> ахахах
[2023-01-09 00:00:17] <soappanda109> bruh
[2023-01-09 00:00:18] <!%Neltharr> ОТКАТИЛО
[2023-01-09 00:00:18] <green_dragon141> LUL
[2023-01-09 00:00:20] <%Yuki_Duki> BLYAT
[2023-01-09 00:00:20] <!%Neltharr> 100%
[2023-01-09 00:00:21] <Shyrypcheck> @Axel_tv  У меня весь день сегодня такое и не засчитывает
[2023-01-09 00:00:21] <KindZerg> АЪАЪАЪАЪЪФЪЫЪАЪФАЫ
[2023-01-09 00:00:21] <@%^Nightbot> I post content on Youtube daily and would appreciate your subscribtion there ! https://www.youtube.com/c/AxelTV_GG
[2023-01-09 00:00:22] <%recycledserotonin> LUL
[2023-01-09 00:00:22] <1checo> not allowed to be good KEKW
[2023-01-09 00:00:24] <!%Neltharr> Я УВЕРЕН ЧТО ОТКАТ
[2023-01-09 00:00:24] <bullit_86> LUL LUL LUL
[2023-01-09 00:00:26] <!%Neltharr> AXXAXAXAXA
[2023-01-09 00:00:27] <human_15477> suka blyat
[2023-01-09 00:00:32] <%Yuki_Duki> banned from gym for being too good
[2023-01-09 00:00:38] <%+SuperPants229> thats because you got the last one lol
[2023-01-09 00:00:44] <!%Neltharr> Я ЖЕ СКАЗАЛ
[2023-01-09 00:00:46] <!%Neltharr> AXAXAXAXAXXAXAXA
[2023-01-09 00:00:47] <%Yuki_Duki> lost your gym membership, you need to pay nikita for this month too @Axel_tv
[2023-01-09 00:00:49] <!%Neltharr> KEKW
[2023-01-09 00:00:50] <human_15477> KEKW
[2023-01-09 00:00:50] <purerupted> BRUHMENTOUS
[2023-01-09 00:00:56] <1checo> amazing
[2023-01-09 00:00:58] <%Yuki_Duki> NOOOOOOOOOOO
[2023-01-09 00:00:59] <!%Neltharr> У меня 1 в 1 так
[2023-01-09 00:01:05] <coozeee> KEKW
[2023-01-09 00:01:06] <tr1plezet_> Ахахаххахахах
[2023-01-09 00:01:07] <weltechh> @axel_tv Этот вайп провал худший за всю историю
[2023-01-09 00:01:09] <!%Neltharr> KEKW
[2023-01-09 00:01:10] <%recycledserotonin> OMEGALUL
[2023-01-09 00:01:10] <Bish_KeK> LOL what did you do KEKW
[2023-01-09 00:01:11] <KindZerg> всё пизда всему
[2023-01-09 00:01:11] <!%mimikSVK> KEKW
[2023-01-09 00:01:11] <@%Par4doXon> @bonjour_jourbon AMD cards? nah man, thats just even less value than a fucking iGPU KEKW
[2023-01-09 00:01:12] <%Yuki_Duki> nice legs
[2023-01-09 00:01:14] <+sappninsambo> i cant even use gym its registering clicks and ive not touched mouse
[2023-01-09 00:01:14] <!%mimikSVK> !clip
[2023-01-09 00:01:15] <human_15477> Никита наказал
[2023-01-09 00:01:15] <@%^Nightbot> Feel free to check me out on other platforms and keep in touch boiz !Discord - https://discord.gg/KfAkKfV Youtube - https://www.youtube.com/channel/UCkLBXZHUXL6PnpmW6jhC2lA  twittah -  https://twitter.com/axel__tv  TikTok - https://www.tiktok.com/@axeltv_gg?
[2023-01-09 00:01:16] <@%^Nightbot> https://clips.twitch.tv/AntsyTenaciousPelicanTTours-7fMEkZpxO1jJj113
[2023-01-09 00:01:18] <%Yuki_Duki> man turned into pewdiepie with the legs
[2023-01-09 00:01:26] <%Yuki_Duki> !clip
[2023-01-09 00:01:26] VIEWERS: 1 036
[2023-01-09 00:01:27] <@%^Nightbot> https://clips.twitch.tv/PiercingColorfulZucchiniSeemsGood-koa6RuW5bnp4Wp7a
[2023-01-09 00:01:28] <%recycledserotonin> !vova
[2023-01-09 00:01:29] <@%^Nightbot> imagini a functioning game
[2023-01-09 00:01:31] <1PapaNinJAH> u can see ur own ass :tf:
[2023-01-09 00:01:33] <!%Neltharr> @Axel_tv Рестарти. тут пиздец будет
[2023-01-09 00:01:34] <!%ImSoDizz> @Axel_tv шо за хуйня, я токо подошёл
[2023-01-09 00:01:35] <ruttiger_sr> Your upper body is no longer connected to your legs
[2023-01-09 00:01:35] <POLOiRASPAD> flash light is activated with left click in hideout
[2023-01-09 00:01:37] <shadowtet1> тарьков
[2023-01-09 00:01:37] <Shyrypcheck> @weltechh  не, с маяком вайп был пиздец, там всё сервера упали и не работали сто лет, тут ещё дыхабельно, самое главное намёк на сюжет появился
[2023-01-09 00:01:37] <Cyanon_gK> damn, today is one of those days huh?
[2023-01-09 00:01:38] <%Thrillpickle> Game is perfect
[2023-01-09 00:01:39] <doz1337> how unplayable this shit is
[2023-01-09 00:01:40] <%+brinnhild> best game ever
[2023-01-09 00:01:40] <!%Neltharr> Ты не выйдешь из схрона @Axel_tv
[2023-01-09 00:01:41] <knijnik> Селаааа батарейка )
[2023-01-09 00:01:44] <+ZoltTh3B01t> There’s a store called ИНАНС on streets what does this mean? Do you pronounce it as INANS?
[2023-01-09 00:01:45] <tasoeur_entuba> i swear
[2023-01-09 00:01:45] <soappanda109> bsg not play testing any patch speedrun any %
[2023-01-09 00:01:46] <%$onkel_gigla> WTH!?!? im so glad i dont play anymore KEKW
[2023-01-09 00:01:50] <tasoeur_entuba> on my own life
[2023-01-09 00:01:57] <!%bonjour_jourbon> @Par4doXon axeltvEmotionalDamage If AMD card are out of value what about the a770 gpu from intel axeltvTroll
[2023-01-09 00:02:04] <!%Neltharr> @ImSoDizz Забагалась качалка. Откатило. Вылетело
[2023-01-09 00:02:07] <!%Neltharr> И тд
[2023-01-09 00:02:21] <@%Par4doXon> @bonjour_jourbon thats on the same level as AMD cards - useless AF KEKW
[2023-01-09 00:02:25] <%swaineeee> are you doint a 24h?
[2023-01-09 00:02:32] <!%Neltharr> @Axel_tv Рестарти игру. У тебя щас каждый мув будет 228
[2023-01-09 00:02:33] <!%ImSoDizz> StreamerDoesntKnow а, так это я сделал
[2023-01-09 00:02:57] <weltechh> @shyrypcheck тот вайп так не лагал как этот, они быстро устранили … а сейчас же просто играть не возможно, откаты, вечные неработающие квесты и тд, имхо конечно же
[2023-01-09 00:03:06] <human_15477> KEKW
[2023-01-09 00:03:06] <!%Neltharr> AXXAXAXAXAAXXAXAAXAXXAAXXA
[2023-01-09 00:03:08] <!%bonjour_jourbon> PepeLaugh
[2023-01-09 00:03:09] <human_15477> не сегодня
[2023-01-09 00:03:09] <!%Neltharr> ПАХПАХПХАПАХПАХАПХПА
[2023-01-09 00:03:11] <purerupted> nice
[2023-01-09 00:03:11] <soappanda109> ayayayayya
[2023-01-09 00:03:11] <Sakuinaz124> what
[2023-01-09 00:03:11] <!%Neltharr> УСНУЛ
[2023-01-09 00:03:12] <Redline_ru> флексит
[2023-01-09 00:03:13] <%$onkel_gigla> KEKW LUL
[2023-01-09 00:03:14] <!%ImSoDizz> StreamerDoesntKnow
[2023-01-09 00:03:14] <!%Neltharr> НАЕЛСЯ И СПИТ
[2023-01-09 00:03:14] <tasoeur_entuba> RP masturbation
[2023-01-09 00:03:16] <!%Neltharr> [FD{G{FG{F{GDG
[2023-01-09 00:03:17] <%+brinnhild> GAINNNNS
[2023-01-09 00:03:18] <XDkevin8D> LUL
[2023-01-09 00:03:22] <HugooTheOne> no weight pussy :'D
[2023-01-09 00:03:22] <Prelude94> seems that your not gonna gym
[2023-01-09 00:03:23] <penetrator_black> SUBprise
[2023-01-09 00:03:23] <bullit_86> LUL
[2023-01-09 00:03:25] <O2iOn> well, dont think so xd
[2023-01-09 00:03:26] VIEWERS: 1 036
[2023-01-09 00:03:30] <!%mimikSVK> it looks strange
[2023-01-09 00:03:30] <%xSh4d3R> i think youre not allowed to eat while walking in the hideout :D @Axel_tv
[2023-01-09 00:03:34] <%+brinnhild> pvperLoading pvperLoading pvperLoading pvperLoading pvperLoading
[2023-01-09 00:03:36] <!%Neltharr> Бля я в слезы нахуй
[2023-01-09 00:03:36] <soappanda109> gym bugged?
[2023-01-09 00:03:39] <!%Neltharr> XAXAXAXAXAAXXA KEKW
[2023-01-09 00:03:41] <XDkevin8D> All pain no gains
[2023-01-09 00:03:46] <human_15477> @Axel_tv настолько мощный что качается толкая воздух
[2023-01-09 00:03:47] <%+zodman31> Nice game Kappa
[2023-01-09 00:03:48] <!%mimikSVK> guy
[2023-01-09 00:03:52] <!%mimikSVK> damn
[2023-01-09 00:03:59] <soappanda109> classic bsg
[2023-01-09 00:03:59] <!%ImSoDizz> @Axel_tv А классно ты это придумал, а я сразу и не понял. Воздухом же тоже качаться можно  StreamerDoesntKnow
[2023-01-09 00:04:12] <tasoeur_entuba> XDkevin8D you want suck my testosterone ?
[2023-01-09 00:04:14] <%+brinnhild> all pain no gain lol
[2023-01-09 00:04:19] <!%ImSoDizz> StreamerDoesntKnow  StreamerDoesntKnow StreamerDoesntKnow StreamerDoesntKnow StreamerDoesntKnow
[2023-01-09 00:04:24] <!%Neltharr> АККУРАТНО
[2023-01-09 00:04:25] <!%Neltharr> ЩАС 228
[2023-01-09 00:04:26] <%recycledserotonin> LUL
[2023-01-09 00:04:27] <!%Neltharr> ИРЛ
[2023-01-09 00:04:28] <iSnipeLikeJesus> Why is teh audio su ch fucking dog shit now
[2023-01-09 00:04:29] <!%Neltharr> XAAXXAXAAXXA KEKW
[2023-01-09 00:04:30] <!%mimikSVK> but still better then nothing
[2023-01-09 00:04:33] <%+brinnhild> damn better put a splint on that thing
[2023-01-09 00:04:37] <!%bonjour_jourbon> https://clips.twitch.tv/ResoluteDifferentCougarTheRinger-xNLIbARuqz_5yQih
[2023-01-09 00:04:40] <tasoeur_entuba> miss click
[2023-01-09 00:04:41] <nihaw69> what happend to the game
[2023-01-09 00:04:44] <tasoeur_entuba> lost bullet
[2023-01-09 00:04:47] <1PapaNinJAH> I wonder if Nikita see all this stuff?!
[2023-01-09 00:04:53] <!%ImSoDizz> Саня в ирл, застрял в стиралке, после качалки  StreamerDoesntKnow
[2023-01-09 00:05:01] <!%Tiagoonl> its kinda stupid how you getting the debuff
[2023-01-09 00:05:02] <iSnipeLikeJesus> Shouldn't be able to shoot someone 6 times and they don't die either. That's ridiculous
[2023-01-09 00:05:04] <!%Tiagoonl> i dont want to build the gym
[2023-01-09 00:05:12] <@%Par4doXon> @1PapaNinJAH he sees nothing, hears nothing
[2023-01-09 00:05:18] <Shyrypcheck> @Axel_tv  Ожидаем велодорожку, становую, подтягивание там, место много в зале.
[2023-01-09 00:05:23] <human_15477> качалка с каждым траем дает все больше?
[2023-01-09 00:05:26] VIEWERS: 1 023
[2023-01-09 00:05:27] <nihaw69> @1PapaNinJAH he would say its realism
[2023-01-09 00:05:27] <%$sid3line> !song
[2023-01-09 00:05:28] <@%^Nightbot> @sid3line ▶️ Orden Ogan - "Vampire in Ghost Town" -> open.spotify.com/track/1zJ6BuUJ1oE45BFaL35aYx
[2023-01-09 00:05:38] <human_15477> KEKW
[2023-01-09 00:05:39] <!%ImSoDizz> StreamerDoesntKnow
[2023-01-09 00:05:41] <!%mimikSVK> KEKW
[2023-01-09 00:05:42] <!%Neltharr> хитанул
[2023-01-09 00:05:42] <KindZerg> KEKW
[2023-01-09 00:05:44] <~%Axel_tv> !CLIP
[2023-01-09 00:05:44] <!%Neltharr> читосом
[2023-01-09 00:05:44] <+willisavage_> KEKW
[2023-01-09 00:05:44] <penetrator_black> LUL LUL LUL LUL
[2023-01-09 00:05:45] <!%bonjour_jourbon> PepeLaugh
[2023-01-09 00:05:46] <@%^Nightbot> https://clips.twitch.tv/WrongCarelessCurlewThisIsSparta-v9FRomK9CT5EqQRi
[2023-01-09 00:05:47] <Glinka223> StreamerDoesntKnow
[2023-01-09 00:05:48] <soappanda109> @tiagoonl if you just clean up the wall it gets rid of the debuff
[2023-01-09 00:05:48] <1PapaNinJAH> @Par4doXon He should hire some QA staff for this type of shit
[2023-01-09 00:05:51] <bullit_86> NotLikeThis
[2023-01-09 00:05:59] <!%mimikSVK> nice gym
[2023-01-09 00:06:01] <%+brinnhild> axeltvPopcorn
[2023-01-09 00:06:03] <!%Tiagoonl> @soappanda109 but why?? i dont wanna waste my time cleaing up the wall
[2023-01-09 00:06:04] <%recycledserotonin> cheetos gym grind axeltv2077
[2023-01-09 00:06:05] <tasoeur_entuba> Gregory Isaacs Greatest Hits 2022 - The Best Of Gregory Isaacs 500+ Songs
[2023-01-09 00:06:07] <Bish_KeK> everytime i work out im just gonna close the game and relaunch to be safe KEKW KEKW KEKW
[2023-01-09 00:06:08] <1checo> restart
[2023-01-09 00:06:17] <!%ImSoDizz> @Neltharr Что то, а я никогда не видел 11500 ошибку  StreamerDoesntKnow
[2023-01-09 00:06:19] <@%Par4doXon> @1PapaNinJAH there are a lot of things that he should do, but for some strange reason he just refuses to do thing properly
[2023-01-09 00:06:24] <soappanda109> @tiagoonl ask nikhita bro i dont make the game
[2023-01-09 00:06:30] <1checo> broken game NotLikeThis
[2023-01-09 00:06:34] <+willisavage_> it was the cheetos
[2023-01-09 00:06:35] <Shyrypcheck> @ImSoDizz  сегодня фулл день это, качалку запретили
[2023-01-09 00:06:39] <doz1337> @Axel_tv Nikita just trying to say you that he is the boss of the gym
[2023-01-09 00:06:43] <%+brinnhild> hahahaha ait man gn, fuck this boken game xD
[2023-01-09 00:06:44] <!%Neltharr> Пошли в майнкрафт
[2023-01-09 00:06:46] <!%Neltharr> там не вылетает
[2023-01-09 00:06:48] <!%Neltharr> StreamerDoesntKnow StreamerDoesntKnow StreamerDoesntKnow
[2023-01-09 00:06:50] <!%ImSoDizz> StreamerDoesntKnow
[2023-01-09 00:06:53] <Bish_KeK> have a G one Axel bro, was a good strim despite the shitty cheaters
[2023-01-09 00:06:56] <Cyanon_gK> Have a good one Axel! Better luck tomorrow!
[2023-01-09 00:06:58] <soappanda109> @tiagoonl but you do have another option if you dont wanna full build it just letting you know otherwise enjoy mopping bruh
[2023-01-09 00:07:07] <human_15477> бб
[2023-01-09 00:07:07] <!%bonjour_jourbon> Gn  peepoStrong
[2023-01-09 00:07:10] <soappanda109> gg axel
[2023-01-09 00:07:10] <%$sid3line> goodnight @Axel_tv
[2023-01-09 00:07:11] <~%Axel_tv> !socials
[2023-01-09 00:07:11] <@%^Nightbot> youtube - https://www.youtube.com/channel/UCkLBXZHUXL6PnpmW6jhC2lA discord - https://discord.gg/KfAkKfV twitter - https://twitter.com/axel__tv instagram - https://www.instagram.com/axelelez TikTok - https://www.tiktok.com/@axeltv_gg?
[2023-01-09 00:07:12] <%+brinnhild> built different
[2023-01-09 00:07:13] <%+kevxxd> <3
[2023-01-09 00:07:13] <%recycledserotonin> ggs and gn gang axeltvParrot
[2023-01-09 00:07:14] <!%Neltharr> Жоска подкачался
[2023-01-09 00:07:16] <!%Neltharr> 228 ошибками
[2023-01-09 00:07:16] <!%ImSoDizz> Спокойной ночи Сань  StreamerDoesntKnow
[2023-01-09 00:07:18] <%+kevxxd> tweet my clipü haha
[2023-01-09 00:07:18] <tasoeur_entuba> tomorrow glorious all at 9am
[2023-01-09 00:07:27] VIEWERS: 1 023
[2023-01-09 00:07:27] <%Dstruktr> axeltvLove axeltvLove axeltvLove axeltvLove axeltvLove
[2023-01-09 00:07:29] <!%$galKiira> gn #
[2023-01-09 00:07:30] <tasoeur_entuba> what the hole
[2023-01-09 00:07:31] <%+brinnhild> what lvl you at kev now ?
[2023-01-09 00:07:32] <1checo> gg
[2023-01-09 00:07:33] <%+brinnhild> gg gn man
[2023-01-09 00:07:42] <%Dstruktr> HYPER MY MANN
[2023-01-09 00:07:46] <!%ImSoDizz> @galKiira <3
[2023-01-09 00:07:52] <!%$galKiira> @ImSoDizz <3
[2023-01-09 00:07:55] <!%Neltharr> спок нок сань сосань StreamerDoesntKnow
[2023-01-09 00:08:03] <%Dstruktr> Gn strimmer man
[2023-01-09 00:08:03] <seemann47> бб друг
[2023-01-09 00:08:04] <%+kevxxd> 55
[2023-01-09 00:08:05] <!%ImSoDizz> StreamerDoesntKnow ну ты конешн
[2023-01-09 00:08:08] <brute_hu> byyyyyyyye
[2023-01-09 00:08:15] <4exoff88> бб
[2023-01-09 00:08:16] <tasoeur_entuba> cya
[2023-01-09 00:09:27] VIEWERS: 1 023
[2023-01-09 00:09:56] ~Stream offline~
[2023-01-09 00:16:52] <!%$galKiira> !followage
[2023-01-09 00:16:53] <@%^Nightbot> galKiira has been following Axel_tv for 1 year, 2 months, 6 days, 7 hours, 55 minutes, 42 seconds
[2023-01-09 00:20:39] <!%Neltharr> !followage
[2023-01-09 00:20:40] <@%^Nightbot> Neltharr has been following Axel_tv for 1 year, 5 months, 3 weeks, 6 days, 5 hours, 36 minutes, 52 seconds
[2023-01-09 00:21:10] <+Askari_x_> !report Customs
[2023-01-09 00:21:11] <@TarkovHelpBot> @Askari_x_ You have no permission to report goons on this channel
[2023-01-09 00:21:27] <+Askari_x_> !goons
[2023-01-09 00:21:27] <@TarkovHelpBot> @Askari_x_ Goons were reported to be on Customs(1 time) in last 6 hours. The most recent: Customs by axel_tv
[2023-01-09 00:23:35] Viewerstats (23:55-00:07): avg:1 055 min:1 023 max:1 165 [7/1 165−113+0−16+0−13+0_]
[2023-01-09 00:33:25] <kinderys96> !settings
[2023-01-09 00:33:26] <@%^Nightbot> kinderys96 https://clips.twitch.tv/DifficultVivaciousNuggetsOhMyDog-ne9MR9JhmADVU7zx axeltvReady
[2023-01-09 01:06:29] <llDUNN> !settings
[2023-01-09 01:06:29] <@%^Nightbot> llDUNN https://clips.twitch.tv/DifficultVivaciousNuggetsOhMyDog-ne9MR9JhmADVU7zx axeltvReady
[2023-01-09 01:22:34] <ossyuwu> !postfx
[2023-01-09 01:22:34] <@%^Nightbot> https://imgur.com/np7kQ71
[2023-01-09 01:24:19] <ossyuwu> !settings
[2023-01-09 01:24:19] <@%^Nightbot> ossyuwu https://clips.twitch.tv/DifficultVivaciousNuggetsOhMyDog-ne9MR9JhmADVU7zx axeltvReady
[2023-01-09 02:01:46] <grizsdov_> !settings
[2023-01-09 02:01:46] <@%^Nightbot> grizsdov_ https://clips.twitch.tv/DifficultVivaciousNuggetsOhMyDog-ne9MR9JhmADVU7zx axeltvReady
[2023-01-09 02:18:35] <!%$leonikk> !hk
[2023-01-09 02:18:35] <@%^Nightbot> https://imgur.com/a/45ih95c
[2023-01-09 02:35:41] <%$hatsumipdx> !settings
[2023-01-09 02:35:41] <@%^Nightbot> hatsumipdx https://clips.twitch.tv/DifficultVivaciousNuggetsOhMyDog-ne9MR9JhmADVU7zx axeltvReady
[2023-01-09 06:26:48] <przo> !goons
[2023-01-09 06:50:32] <0_0rui> !tatoo
[2023-01-09 06:50:35] <0_0rui> !tattoo
[2023-01-09 06:50:35] <@%^Nightbot> Axel has 3 tattoos, first is a Fleur-De-Lis and the others are https://imgur.com/a/LXRgFdi https://imgur.com/a/Jroe371
[2023-01-09 08:27:37] <mattressss> !goons
[2023-01-09 08:27:38] <@TarkovHelpBot> @mattressss Goons were reported to be on Shoreline(1 time) in last 6 hours. The most recent: Shoreline by kkersanovtv
[2023-01-09 08:30:09] <@%^Nightbot> I post content on Youtube daily and would appreciate your subscribtion there ! https://www.youtube.com/c/AxelTV_GG
[2023-01-09 12:29:39] <dogmeats> !settings
[2023-01-09 12:29:39] <@%^Nightbot> dogmeats https://clips.twitch.tv/DifficultVivaciousNuggetsOhMyDog-ne9MR9JhmADVU7zx axeltvReady
[2023-01-09 12:40:57] <+ADR1AN93> !settings
[2023-01-09 12:40:57] <@%^Nightbot> ADR1AN93 https://clips.twitch.tv/DifficultVivaciousNuggetsOhMyDog-ne9MR9JhmADVU7zx axeltvReady
[2023-01-09 14:18:10] <shap228> !settings
[2023-01-09 14:18:10] <@%^Nightbot> shap228 https://clips.twitch.tv/DifficultVivaciousNuggetsOhMyDog-ne9MR9JhmADVU7zx axeltvReady
[2023-01-09 16:15:38] <%nnamss_> !akm
[2023-01-09 16:15:38] <@%^Nightbot> 12.12 AKM https://i.imgur.com/iMtfYH6.png
[2023-01-09 16:23:27] <Arameria> !settings
[2023-01-09 16:23:28] <@%^Nightbot> Arameria https://clips.twitch.tv/DifficultVivaciousNuggetsOhMyDog-ne9MR9JhmADVU7zx axeltvReady
[2023-01-09 17:22:01] <KingEnexTV> !setup
[2023-01-09 17:22:04] <KingEnexTV> !commands
[2023-01-09 17:22:04] <@%^Nightbot> @KingEnexTV -> The bot commands for this channel are available at https://nightbot.tv/t/axel_tv/commands
[2023-01-09 19:26:45] <haberhlit> !setting
[2023-01-09 19:26:47] <haberhlit> !postfx
[2023-01-09 19:26:47] <@%^Nightbot> https://imgur.com/np7kQ71
[2023-01-09 19:28:41] <haberhlit> !settings
[2023-01-09 19:28:41] <@%^Nightbot> haberhlit https://clips.twitch.tv/DifficultVivaciousNuggetsOhMyDog-ne9MR9JhmADVU7zx axeltvReady
[2023-01-09 19:30:16] <@%^Nightbot> I post content on Youtube daily and would appreciate your subscribtion there ! https://www.youtube.com/c/AxelTV_GG
[2023-01-09 19:31:29] <haberhlit> !dpi
[2023-01-09 19:31:29] <@%^Nightbot> 850 dpi Mouse sens: .31 & Mouse sens when ADS: .27
[2023-01-09 20:31:28] <+TwoTenJack> !commands
[2023-01-09 20:31:28] <@%^Nightbot> @TwoTenJack -> The bot commands for this channel are available at https://nightbot.tv/t/axel_tv/commands
[2023-01-09 20:32:20] <+TwoTenJack> !settingd
[2023-01-09 20:32:27] <+TwoTenJack> !settings
[2023-01-09 20:32:27] <@%^Nightbot> TwoTenJack https://clips.twitch.tv/DifficultVivaciousNuggetsOhMyDog-ne9MR9JhmADVU7zx axeltvReady
[2023-01-09 22:54:23] <razer65a> !settings
[2023-01-09 22:54:24] <@%^Nightbot> razer65a https://clips.twitch.tv/DifficultVivaciousNuggetsOhMyDog-ne9MR9JhmADVU7zx axeltvReady
