# Log started: 2023-01-06 00:08:43 +0100
[2023-01-06 00:08:43] <%MeleeTechie> limesDance
[2023-01-06 00:09:18] <%Samothy_Who> limesDance
[2023-01-06 00:22:11] <%GuppianDragon> limesDance
[2023-01-06 00:52:32] <%nopesorrynothing> limesDance
[2023-01-06 06:15:20] <%WASHED_UP_TWITCHVIEWER> limesDance
[2023-01-06 06:15:36] <%seekingtreasure> limesDance
[2023-01-06 06:37:20] <%MeleeTechie> limesDance
[2023-01-06 14:11:34] <%Keewb> LICKA Born to lick
[2023-01-06 15:44:08] <%GuppianDragon> limesDance
[2023-01-06 15:59:32] [Notification] Ryodragon7 subscribed at Tier 1. They've subscribed for 52 months, currently on a 52 month streak!
[2023-01-06 16:16:28] <%Keewb> limesDance
[2023-01-06 18:47:26] <%MeleeTechie> limesSip
[2023-01-06 19:01:42] <%SoulTea> Early crew limesOwo
[2023-01-06 19:03:49] <%MeleeTechie> limesOwo Hello
[2023-01-06 19:07:04] <%SoulTea> limesHi
[2023-01-06 19:08:52] <%MeleeTechie> limesHi limesLove
[2023-01-06 19:09:44] <galepond> Hello. megaaLurk
[2023-01-06 19:10:13] <%MeleeTechie> Yo limesHug
[2023-01-06 19:16:31] <%FieldMedic4077> limesLurk
[2023-01-06 19:18:17] <%MeleeTechie> limesHi
[2023-01-06 19:18:44] <%FieldMedic4077> limesHi
[2023-01-06 19:21:41] <%Keewb> limesHi
[2023-01-06 19:51:18] <Spinel97> edennToilet yenkoMlem
[2023-01-06 19:58:37] <%MeleeTechie> limesBlep
[2023-01-06 19:59:40] <Spinel97> @meleetechie yenkoMlem yenkoMlem
[2023-01-06 20:01:37] <%SoulTea> Alright boys and girls round it up its canceled
[2023-01-06 20:01:38] <!%Laimubot> tomodachi life instead OF fire or something like that one.
[2023-01-06 20:01:55] <Spinel97> @soultea What?
[2023-01-06 20:02:21] <%SoulTea> https://twitter.com/Laimulicious/status/1611434150484971538
[2023-01-06 20:02:41] <Spinel97> oh
[2023-01-06 20:02:48] <%MeleeTechie> limesFeels aw
[2023-01-06 20:02:53] <Spinel97> I don't have Twitter @soultea
[2023-01-06 20:03:07] <%MeleeTechie> limesComfy
[2023-01-06 20:04:11] <%SoulTea> you dont need twitter to read tweets
[2023-01-06 20:04:11] <@%Kovubot> Interested in the chance of winning an AORUS Model S Gaming PC? Head over to Twitter and check out the deets! Offer available for UK & Ireland only. Special thanks to AORUS/Gigabyte! https://twitter.com/Laimulicious/status/1605639840111988748 limesSip
[2023-01-06 20:06:12] <%GuppianDragon> Time to nap till tomorrows stream limesNap
[2023-01-06 20:06:12] <@%Kovubot> limesPoggers
[2023-01-06 20:06:19] <~%Limealicious> sorry friends I very tire ;-;
[2023-01-06 20:06:23] <~%Limealicious> having trouble staying awake
[2023-01-06 20:06:37] <%GuppianDragon> Rest well @Limealicious limesDance
[2023-01-06 20:06:45] <%seekingtreasure> Is okay. Put yourself in the sock and sleep limesPls
[2023-01-06 20:07:47] <%SoulTea> Get some hot choccy and be comfy limesComfy
[2023-01-06 20:08:09] <%MeleeTechie> limesPat It's okay. go get some good rest limesComfy
[2023-01-06 20:09:22] <%Keewb> limesNap Laimu sleepo
[2023-01-06 20:10:02] <~%Limealicious> Thank you everyone <3
[2023-01-06 20:10:20] <%MeleeTechie> limesHug <3
[2023-01-06 20:26:09] <%Keewb> widepeepoHappy
[2023-01-06 20:26:44] <galepond> teaowlCry Poor ferret girl teaowlHeart Take good rest
[2023-01-06 22:55:13] [Notification] vectormasked subscribed at Tier 1.
