# Log started: 2023-01-10 14:47:59 +0100
[2023-01-10 14:47:59] Disconnected
[2023-01-10 14:47:59] Attempting to reconnect in 1 seconds.. (1/∞)
[2023-01-10 14:48:00] Connecting to
[2023-01-10 14:48:47] Joining #kuugels..
[2023-01-10 14:48:47] You have joined #kuugels
[2023-01-10 15:39:37] Disconnected
[2023-01-10 15:39:37] Attempting to reconnect in 1 seconds.. (1/∞)
[2023-01-10 15:39:38] Connecting to
[2023-01-10 15:40:26] Joining #kuugels..
[2023-01-10 15:40:27] You have joined #kuugels
[2023-01-10 15:48:53] <DailogOW> !gear
[2023-01-10 15:48:53] <@%^StreamElements> https://garmoth.com/character/dnIfCQjHpa
[2023-01-10 15:49:06] <DailogOW> !addons
[2023-01-10 15:49:06] <@%^Nightbot> https://imgur.com/a/XG2gNjn
[2023-01-10 16:20:58] Disconnected
[2023-01-10 16:20:58] Attempting to reconnect in 1 seconds.. (1/∞)
[2023-01-10 16:20:59] Connecting to
[2023-01-10 16:21:46] Joining #kuugels..
[2023-01-10 16:21:52] You have joined #kuugels
[2023-01-10 16:43:58] Disconnected
[2023-01-10 16:43:58] Attempting to reconnect in 1 seconds.. (1/∞)
[2023-01-10 16:43:59] Connecting to
[2023-01-10 16:44:46] Joining #kuugels..
[2023-01-10 16:44:46] You have joined #kuugels
[2023-01-10 17:04:24] Disconnected
[2023-01-10 17:04:24] Attempting to reconnect in 1 seconds.. (1/∞)
[2023-01-10 17:04:25] Connecting to
[2023-01-10 17:05:12] Joining #kuugels..
[2023-01-10 17:05:13] You have joined #kuugels
[2023-01-10 17:18:12] Disconnected
[2023-01-10 17:18:12] Attempting to reconnect in 1 seconds.. (1/∞)
[2023-01-10 17:18:13] Connecting to
[2023-01-10 17:18:14] Disconnected (Failed to complete login)
[2023-01-10 17:18:14] Attempting to reconnect in 5 seconds.. (2/∞)
[2023-01-10 17:18:19] Connecting to
[2023-01-10 17:19:08] Joining #kuugels..
[2023-01-10 17:19:09] You have joined #kuugels
[2023-01-10 17:48:36] Disconnected
[2023-01-10 17:48:36] Attempting to reconnect in 1 seconds.. (1/∞)
[2023-01-10 17:48:37] Connecting to
[2023-01-10 17:49:24] Joining #kuugels..
[2023-01-10 17:49:25] You have joined #kuugels
[2023-01-10 18:09:22] Disconnected
[2023-01-10 18:09:22] Attempting to reconnect in 1 seconds.. (1/∞)
[2023-01-10 18:09:23] Connecting to
[2023-01-10 18:09:24] Disconnected (Failed to complete login)
[2023-01-10 18:09:24] Attempting to reconnect in 5 seconds.. (2/∞)
[2023-01-10 18:09:29] Connecting to
[2023-01-10 18:10:17] Joining #kuugels..
[2023-01-10 18:10:19] You have joined #kuugels
# Log started: 2023-01-10 22:44:08 +0100
[2023-01-10 22:44:08] ~Stream offline~
[2023-01-10 22:44:08] Joining #kuugels..
[2023-01-10 22:44:08] You have joined #kuugels
[2023-01-10 23:06:58] <LeoVF_> !gear
[2023-01-10 23:06:59] <@%^StreamElements> https://garmoth.com/character/dnIfCQjHpa
[2023-01-10 23:44:30] <XxXPikaTchuTXxX> !gear
[2023-01-10 23:44:30] <@%^StreamElements> https://garmoth.com/character/dnIfCQjHpa
