# Log started: 2023-01-10 14:47:59 +0100
[2023-01-10 14:47:59] Disconnected
[2023-01-10 14:47:59] Attempting to reconnect in 1 seconds.. (1/∞)
[2023-01-10 14:48:00] Connecting to
[2023-01-10 14:48:15] Joining #bateson87..
[2023-01-10 14:48:15] You have joined #bateson87
[2023-01-10 15:39:37] Disconnected
[2023-01-10 15:39:37] Attempting to reconnect in 1 seconds.. (1/∞)
[2023-01-10 15:39:38] Connecting to
[2023-01-10 15:39:53] Joining #bateson87..
[2023-01-10 15:39:54] You have joined #bateson87
[2023-01-10 16:20:58] Disconnected
[2023-01-10 16:20:58] Attempting to reconnect in 1 seconds.. (1/∞)
[2023-01-10 16:20:59] Connecting to
[2023-01-10 16:21:13] Joining #bateson87..
[2023-01-10 16:21:14] You have joined #bateson87
[2023-01-10 16:43:58] Disconnected
[2023-01-10 16:43:58] Attempting to reconnect in 1 seconds.. (1/∞)
[2023-01-10 16:43:59] Connecting to
[2023-01-10 16:44:13] Joining #bateson87..
[2023-01-10 16:44:14] You have joined #bateson87
[2023-01-10 17:04:24] Disconnected
[2023-01-10 17:04:24] Attempting to reconnect in 1 seconds.. (1/∞)
[2023-01-10 17:04:25] Connecting to
[2023-01-10 17:04:39] Joining #bateson87..
[2023-01-10 17:04:40] You have joined #bateson87
[2023-01-10 17:18:12] Disconnected
[2023-01-10 17:18:12] Attempting to reconnect in 1 seconds.. (1/∞)
[2023-01-10 17:18:13] Connecting to
[2023-01-10 17:18:14] Disconnected (Failed to complete login)
[2023-01-10 17:18:14] Attempting to reconnect in 5 seconds.. (2/∞)
[2023-01-10 17:18:19] Connecting to
[2023-01-10 17:18:36] Joining #bateson87..
[2023-01-10 17:18:36] You have joined #bateson87
[2023-01-10 17:48:36] Disconnected
[2023-01-10 17:48:36] Attempting to reconnect in 1 seconds.. (1/∞)
[2023-01-10 17:48:37] Connecting to
[2023-01-10 17:48:52] Joining #bateson87..
[2023-01-10 17:48:52] You have joined #bateson87
[2023-01-10 18:09:22] Disconnected
[2023-01-10 18:09:22] Attempting to reconnect in 1 seconds.. (1/∞)
[2023-01-10 18:09:23] Connecting to
[2023-01-10 18:09:24] Disconnected (Failed to complete login)
[2023-01-10 18:09:24] Attempting to reconnect in 5 seconds.. (2/∞)
[2023-01-10 18:09:29] Connecting to
[2023-01-10 18:09:45] Joining #bateson87..
[2023-01-10 18:09:45] You have joined #bateson87
[2023-01-10 18:45:44] <Purposely_> anyone there
[2023-01-10 18:46:31] <Purposely_> @bateson87 answer me
[2023-01-10 21:08:06] <PradaDada> !camera
[2023-01-10 21:08:06] <@%^StreamElements>* Tele Broadcast (Default Height, 0 Zoom)
[2023-01-10 21:08:11] <PradaDada> !commands
[2023-01-10 21:08:11] <@%^StreamElements> @PradaDada, You can find a list of all Commands here https://StreamElements.com/bateson87/commands
# Log started: 2023-01-10 22:43:37 +0100
[2023-01-10 22:43:37] ~Stream offline~
[2023-01-10 22:43:37] Joining #bateson87..
[2023-01-10 22:43:37] You have joined #bateson87
