# Log started: 2023-01-06 10:28:56 +0100
[2023-01-06 10:28:56] [Info] This room is no longer in emote-only mode.
[2023-01-06 10:28:59] [Info] This room is no longer in subscribers-only mode.
[2023-01-06 10:28:59] <@+Sery_Bot> Sery_Bot has joined seryboBan
[2023-01-06 10:29:21] [Points] ASaltyMeatBall redeemed 🏆 FIRST 🏆 (1)
[2023-01-06 10:29:33] <AtrophyAtomic> damnit lol
[2023-01-06 10:29:34] <Hidden_Crab> uwumon2Cry
[2023-01-06 10:29:35] <%Between_the_voids> I am here. on time. I did it ! inkkCool
[2023-01-06 10:30:00] [Notification] heckelchris subscribed at Tier 1. They've subscribed for 20 months!
[2023-01-06 10:30:07] <@^Nightbot> 🛒 GammaInkk x UWU Market Merch 🛒https://uwumarket.us/collections/gammainkk
[2023-01-06 10:30:31] <%Between_the_voids> Hello family inkkFlower
[2023-01-06 10:30:44] VIEWERS: 7
[2023-01-06 10:30:44] ~🦊 Fable 3 ! 🐔  | !merch !wishlist !GG !VIISYN (Just Chatting)~
[2023-01-06 10:31:13] <!%+heckelchris> !throne
[2023-01-06 10:31:13] <@^Nightbot> https://thrn.co/u/gammainkk
[2023-01-06 10:31:28] <%TheEcchiGamer> vexmlkJAMS
[2023-01-06 10:31:47] <%Between_the_voids> inkkRAVE inkkRAVE inkkRAVE inkkRAVE inkkRAVE
[2023-01-06 10:31:54] <AtrophyAtomic> i got a spicy pork noodle bowl, but like they didnt balance it right so it has spice but no flavor *sad*
[2023-01-06 10:32:12] <%+Amigo_Cat> inkkRAVE inkkRAVE inkkRAVE inkkRAVE inkkRAVE inkkRAVE inkkRAVE
[2023-01-06 10:32:14] <%Between_the_voids> @atrophyatomic still sounds delicious
[2023-01-06 10:32:20] <%Between_the_voids> inkkRAVE inkkRAVE inkkRAVE inkkRAVE inkkRAVE inkkRAVE inkkRAVE inkkRAVE inkkRAVE
[2023-01-06 10:32:30] <%+purr_lude> inkkRAVE inkkRAVE inkkRAVE inkkRAVE inkkRAVE inkkRAVE inkkRAVE inkkRAVE inkkRAVE
[2023-01-06 10:32:37] <%Between_the_voids> inkkRAVE inkkRAVE inkkRAVE inkkRAVE inkkRAVE inkkRAVE inkkRAVE inkkRAVE inkkRAVE inkkRAVE inkkRAVE inkkRAVE
[2023-01-06 10:32:38] [Notification] PandaGamingCh subscribed at Tier 1. They've subscribed for 12 months, currently on a 12 month streak! [oh my, a year? that's like,, a lot. i cant count that high. that also means a year of my favourite skunk-fox girl]
[2023-01-06 10:32:38] <%quesopika> GammaHype  GammaHype  GammaHype  GammaHype
[2023-01-06 10:32:45] <AtrophyAtomic> @between_the_voids i mean its good, but i would like to taste the sauce
[2023-01-06 10:32:47] VIEWERS: 7
[2023-01-06 10:32:55] <%Between_the_voids> yo this cover is lit
[2023-01-06 10:33:08] <bre4dness> ellyvRave ellyvRave ellyvRave
[2023-01-06 10:33:08] <ice_colddragon> siaHYPE siaHYPE siaHYPE siaJammies siaJammies siaJammies siaWiggly siaWiggly siaWiggly
[2023-01-06 10:33:09] <%Between_the_voids> @atrophyatomic I'm still jelly you got one :p
[2023-01-06 10:33:16] [Notification] kuroi_hoshi18 subscribed with Prime. They've subscribed for 12 months!
[2023-01-06 10:33:20] <%Between_the_voids> inkkRAVE inkkRAVE inkkRAVE inkkRAVE inkkRAVE inkkRAVE inkkRAVE inkkRAVE inkkRAVE inkkRAVE inkkRAVE inkkRAVE inkkRAVE inkkRAVE inkkRAVE inkkRAVE inkkRAVE inkkRAVE inkkRAVE inkkRAVE inkkRAVE inkkRAVE inkkRAVE inkkRAVE inkkRAVE inkkRAVE inkkRAVE inkkRAVE inkkRAVE inkkRAVE inkkRAVE inkkRAVE inkkRAVE inkkRAVE inkkRAVE inkkRAVE
[2023-01-06 10:33:25] <%quesopika> JAMMIES  JAMMIES  JAMMIES  JAMMIES  JAMMIES  JAMMIES
[2023-01-06 10:33:25] <AtrophyAtomic> siaHYPE siaHYPE siaHYPE siaHYPE siaHYPE siaHYPE siaHYPE siaHYPE siaHYPE siaHYPE siaHYPE siaHYPE siaHYPE siaHYPE siaHYPE siaHYPE siaHYPE siaHYPE
[2023-01-06 10:33:40] <bre4dness> ellyvRave ellyvRave ellyvRave ellyvRave ellyvRave ellyvRave ellyvRave
[2023-01-06 10:33:54] <%Between_the_voids> inkkRAVE inkkRAVE inkkRAVE inkkRAVE inkkRAVE inkkRAVE inkkRAVE inkkRAVE inkkRAVE inkkRAVE inkkRAVE inkkRAVE inkkRAVE inkkRAVE inkkRAVE inkkRAVE inkkRAVE inkkRAVE inkkRAVE inkkRAVE inkkRAVE inkkRAVE inkkRAVE inkkRAVE inkkRAVE inkkRAVE inkkRAVE
[2023-01-06 10:34:10] <qDagon> !merch
[2023-01-06 10:34:10] <@^Nightbot> 🛒 UWU Market Merch 🛒https://uwumarket.us/collections/gammainkk
[2023-01-06 10:34:16] <bre4dness> ellyvWut
[2023-01-06 10:34:18] <%Between_the_voids> I would love to see an entire window full of rainbow
[2023-01-06 10:34:21] <%+Amigo_Cat> inkkRAVE inkkRAVE inkkRAVE inkkRAVE inkkRAVE inkkRAVE inkkRAVE inkkRAVE inkkRAVE inkkRAVE inkkRAVE inkkRAVE inkkRAVE
[2023-01-06 10:34:26] <%+kuroi_hoshi18> inkkRAVE inkkRAVE inkkRAVE inkkRAVE inkkRAVE inkkRAVE inkkRAVE inkkRAVE inkkRAVE
[2023-01-06 10:34:27] <%Between_the_voids> inkkRAVE inkkRAVE inkkRAVE inkkRAVE inkkRAVE inkkRAVE inkkRAVE inkkRAVE inkkRAVE inkkRAVE inkkRAVE inkkRAVE inkkRAVE inkkRAVE inkkRAVE inkkRAVE inkkRAVE inkkRAVE inkkRAVE inkkRAVE inkkRAVE inkkRAVE inkkRAVE inkkRAVE inkkRAVE inkkRAVE inkkRAVE inkkRAVE inkkRAVE inkkRAVE
[2023-01-06 10:34:40] <bre4dness> ellyvRave ellyvRave ellyvRave ellyvRave ellyvRave ellyvRave ellyvRave ellyvRave ellyvRave ellyvRave ellyvRave ellyvRave ellyvRave ellyvRave ellyvRave ellyvRave ellyvRave ellyvRave ellyvRave ellyvRave ellyvRave ellyvRave ellyvRave ellyvRave ellyvRave ellyvRave ellyvRave ellyvHype ellyvRave ellyvHype
[2023-01-06 10:34:47] VIEWERS: 73
[2023-01-06 10:34:51] <%Between_the_voids> inkkRAVE inkkRAVE inkkRAVE inkkRAVE inkkRAVE inkkRAVE inkkRAVE inkkRAVE milkym21Cheer milkym21Cheer milkym21Cheer milkym21Cheer milkym21Cheer milkym21Cheer milkym21Cheer milkym21Cheer milkym21Cheer gothicbunBUNRAVE gothicbunBUNRAVE gothicbunBUNRAVE gothicbunBUNRAVE gothicbunBUNRAVE gothicbunBUNRAVE gothicbunBUNRAVE gothicbunBUNRAVE
[2023-01-06 10:35:22] <%Between_the_voids> basedk3Dab basedk3Dab inkkRAVE inkkRAVE basedk3Dab basedk3Dab inkkRAVE inkkRAVE basedk3Dab basedk3Dab inkkRAVE inkkRAVE basedk3Dab basedk3Dab inkkRAVE inkkRAVE basedk3Dab basedk3Dab inkkRAVE inkkRAVE basedk3Dab basedk3Dab
[2023-01-06 10:35:59] <%Between_the_voids> THIS COVER IS AMAZING!
[2023-01-06 10:36:07] <%Between_the_voids> inkkRAVE inkkRAVE inkkRAVE inkkRAVE inkkRAVE inkkRAVE inkkRAVE inkkRAVE inkkRAVE inkkRAVE inkkRAVE inkkRAVE
[2023-01-06 10:36:14] <AtrophyAtomic> oh this the one with Bring Me The Horizon
[2023-01-06 10:36:21] <~%GammaInkk> OLLOOOOOOOOOO
[2023-01-06 10:36:21] <%Between_the_voids> yuppppp
[2023-01-06 10:36:22] <~%GammaInkk> !DANCE
[2023-01-06 10:36:23] <@^Nightbot> ratJAMJAM peepoJuice Dance ratJAMJAM peepoJuice Dance ratJAMJAM peepoJuice Dance ratJAMJAM peepoJuice Dance ratJAMJAM peepoJuice Dance ratJAMJAM peepoJuice Dance
[2023-01-06 10:36:27] <%Between_the_voids> I love bmth
[2023-01-06 10:36:33] <andrewmayst> Hiii
[2023-01-06 10:36:37] <%Between_the_voids> inkkRAVE inkkRAVE inkkRAVE inkkRAVE inkkRAVE inkkRAVE inkkRAVE inkkRAVE inkkRAVE inkkRAVE inkkRAVE inkkRAVE inkkRAVE inkkRAVE inkkRAVE inkkRAVE inkkRAVE gothicbunBUNRAVE gothicbunBUNRAVE gothicbunBUNRAVE gothicbunBUNRAVE inkkRAVE inkkRAVE inkkRAVE gothicbunBUNRAVE gothicbunBUNRAVE inkkRAVE inkkRAVE gothicbunBUNRAVE gothicbunBUNRAVE inkkRAVE inkkRAVE gothicbunBUNRAVE gothicbunBUNRAVE gothicbunBUNRAVE inkkRAVE inkkRAVE gothicbunBUNRAVE
[2023-01-06 10:36:43] <%Between_the_voids> yoo
[2023-01-06 10:36:46] <ebbykb> Hello
[2023-01-06 10:36:48] VIEWERS: 73
[2023-01-06 10:36:51] <%Between_the_voids> yoooo
[2023-01-06 10:37:04] <%Between_the_voids> inkkRAVE inkkRAVE inkkRAVE inkkRAVE inkkRAVE inkkRAVE inkkRAVE inkkRAVE inkkRAVE inkkRAVE inkkRAVE inkkRAVE inkkRAVE inkkRAVE inkkRAVE inkkRAVE inkkRAVE inkkRAVE inkkRAVE inkkRAVE inkkRAVE inkkRAVE inkkRAVE inkkRAVE inkkRAVE inkkRAVE inkkRAVE inkkRAVE inkkRAVE
[2023-01-06 10:37:06] <ebbykb> inkkPADORU
[2023-01-06 10:37:28] <%Between_the_voids> lol.. ahem... inkkRAVE inkkRAVE inkkRAVE inkkRAVE inkkRAVE inkkRAVE inkkRAVE inkkRAVE inkkRAVE inkkRAVE inkkRAVE inkkRAVE inkkRAVE inkkRAVE inkkRAVE inkkRAVE inkkRAVE inkkRAVE inkkRAVE inkkRAVE inkkRAVE inkkRAVE inkkRAVE inkkRAVE inkkRAVE
[2023-01-06 10:37:30] <bre4dness> inkkPANIC inkkPANIC inkkPANIC inkkPANIC inkkPANIC
[2023-01-06 10:37:30] <%$dynamicbrock> JAMMIES
[2023-01-06 10:37:42] <Jaleninja> I love those emotes
[2023-01-06 10:37:49] <%Between_the_voids> inkkFIREAni inkkFIREAni inkkFIREAni inkkRAVE inkkRAVE inkkRAVE inkkRAVE inkkFIREAni inkkFIREAni inkkFIREAni inkkRAVE inkkRAVE inkkRAVE inkkFIREAni inkkFIREAni inkkFIREAni inkkRAVE inkkRAVE inkkRAVE inkkRAVE inkkRAVE inkkRAVE inkkFIREAni inkkFIREAni inkkRAVE inkkRAVE inkkFIREAni inkkFIREAni inkkFIREAni inkkFIREAni inkkRAVE inkkRAVE inkkRAVE inkkFIREAni inkkFIREAni
[2023-01-06 10:37:54] <omnikiller958> yuehoRave yuehoRave yuehoRave yuehoRave yuehoRave yuehoRave yuehoRave yuehoRave yuehoRave yuehoRave yuehoRave yuehoRave yuehoRave yuehoRave yuehoRave yuehoRave yuehoRave yuehoRave
[2023-01-06 10:38:02] <%+kuroi_hoshi18> inkkRAVE inkkRAVE inkkRAVE inkkRAVE inkkRAVE inkkRAVE inkkRAVE inkkRAVE inkkRAVE inkkRAVE inkkRAVE
[2023-01-06 10:38:12] <%Between_the_voids> yaaassss omniiii kuroi
[2023-01-06 10:38:18] <%Between_the_voids> inkkRAVE inkkRAVE inkkRAVE inkkRAVE inkkRAVE inkkRAVE inkkRAVE inkkRAVE inkkRAVE inkkRAVE inkkRAVE inkkRAVE inkkRAVE inkkRAVE inkkRAVE inkkRAVE inkkRAVE inkkRAVE inkkRAVE inkkRAVE inkkRAVE inkkRAVE inkkRAVE inkkRAVE inkkRAVE inkkRAVE
[2023-01-06 10:38:21] <!%TuroKnifer> @Jaleninja Yeah, Gamma's emotes are top tier
[2023-01-06 10:38:44] <%Between_the_voids> inkkWigglBOI inkkRAVE inkkWigglBOI inkkRAVE inkkWigglBOI inkkRAVE inkkWigglBOI inkkRAVE inkkWigglBOI inkkRAVE inkkWigglBOI inkkRAVE inkkWigglBOI inkkRAVE inkkWigglBOI inkkRAVE inkkWigglBOI inkkRAVE inkkWigglBOI inkkRAVE inkkWigglBOI inkkRAVE inkkWigglBOI inkkRAVE inkkWigglBOI inkkRAVE inkkWigglBOI inkkRAVE inkkWigglBOI inkkRAVE
[2023-01-06 10:38:48] Viewerstats (10:30-10:38): avg:46 min:7 max:73 [5/_7+0+66+0+0]
[2023-01-06 10:38:48] VIEWERS: 73
[2023-01-06 10:39:11] <%Between_the_voids> inkkPANIC inkkPANIC inkkPANIC inkkPANIC inkkPANIC inkkPANIC inkkPANIC inkkPANIC inkkPANIC
[2023-01-06 10:39:14] <bre4dness> inkkPANIC
[2023-01-06 10:39:15] <!%$TuroKnifer> inkkBittieNOM inkkBittieNOM inkkBittieNOM inkkBittieNOM
[2023-01-06 10:39:16] <+BritishTrashPanda> siaHYPE lumituWave siaHYPE lumituWave siaHYPE lumituWave siaHYPE lumituWave siaHYPE lumituWave siaHYPE
[2023-01-06 10:39:17] <!%Tinyhiccup> inkkRAVE inkkRAVE inkkRAVE inkkRAVE inkkRAVE inkkRAVE
[2023-01-06 10:39:20] <%Between_the_voids> inkkRAVE inkkRAVE inkkRAVE inkkRAVE inkkRAVE inkkRAVE inkkRAVE inkkRAVE inkkRAVE inkkRAVE inkkRAVE inkkRAVE inkkRAVE inkkRAVE inkkRAVE inkkRAVE inkkRAVE inkkRAVE
[2023-01-06 10:39:24] <bre4dness> inkkPANIC inkkPANIC
[2023-01-06 10:39:31] <%quesopika> inkkWaveAni inkkWaveAni inkkHeart inkkHeart
[2023-01-06 10:39:32] <%Between_the_voids> HIIIIIIIIIII
[2023-01-06 10:39:35] <+Benqiu> hiii
[2023-01-06 10:39:36] <ebbykb> Hello
[2023-01-06 10:39:37] <omnikiller958> saekokCheer saekokCheer saekokCheer saekokCheer saekokCheer saekokCheer saekokCheer saekokCheer saekokCheer saekokCheer saekokCheer saekokCheer saekokCheer saekokCheer saekokCheer saekokCheer saekokCheer saekokCheer saekokCheer saekokCheer saekokCheer saekokCheer saekokCheer saekokCheer saekokCheer saekokCheer
[2023-01-06 10:39:45] <%$dynamicbrock> hi hi gamma inkkWaveAni
[2023-01-06 10:39:45] <%Between_the_voids> Gama your music is literally top tier!!!!
[2023-01-06 10:39:49] [Notification] ThatVtuberAlex subscribed at Tier 3. They've subscribed for 18 months, currently on a 18 month streak! [HOLY SHIT 18 MONTHS! Only feels like I was here only like a few weeks ago! You've come such a long way in that time and so happy to have been part of it. Okay thats all you get from me for another month, also what are we naming our second baby?]
[2023-01-06 10:39:54] <!%+heckelchris> Good morning gamma
[2023-01-06 10:39:55] <bre4dness> inkkPANIC inkkPANIC inkkPANIC inkkPANIC
[2023-01-06 10:39:55] <%quesopika> inkkLul
[2023-01-06 10:40:04] <%SinsSlender> Hey gammaa inkkWaveAni inkkWaveAni
[2023-01-06 10:40:06] [Announcement] <Nightbot> ✦ Check out our NEW Twitch Vtuber team, VIISYN ✦ https://twitter.com/VIISYN
[2023-01-06 10:40:07] <%quesopika> inkkRAVE inkkRAVE
[2023-01-06 10:40:31] <ebbykb> Hello
[2023-01-06 10:40:45] [Points] BritishTrashPanda redeemed Sound Alert: lAheEe (200)
[2023-01-06 10:40:48] VIEWERS: 73
[2023-01-06 10:40:51] <@%ThatVtuberAlex> YES
[2023-01-06 10:40:51] [Points] BritishTrashPanda redeemed Sound Alert: LA-HEE (400)
[2023-01-06 10:40:53] <%$dynamicbrock> KEKW
[2023-01-06 10:40:58] [Points] BritishTrashPanda redeemed 🌼 Headpats 🌼 (2 000)
[2023-01-06 10:40:59] [Points] Between_the_voids redeemed Sound Alert: lAheEe (200)
[2023-01-06 10:41:04] <@^Nightbot> 🛒 GammaInkk x UWU Market Merch 🛒https://uwumarket.us/collections/gammainkk
[2023-01-06 10:41:05] <+jolc1> Why am I here again?
[2023-01-06 10:41:15] [Points] purr_lude redeemed Sound Alert: LA-HEE (400)
[2023-01-06 10:41:19] [Points] bre4dness redeemed Sound Alert: lAheEe (200)
[2023-01-06 10:41:21] <%Between_the_voids> it's the best place to be
[2023-01-06 10:41:25] [Points] ThatVtuberAlex redeemed Sound Alert: LA-HEE (400)
[2023-01-06 10:41:35] [Points] ThatVtuberAlex redeemed Sound Alert: lAheEe (200)
[2023-01-06 10:41:38] [Points] Amigo_Cat redeemed Sound Alert: LA-HEE (400)
[2023-01-06 10:41:41] <!%+heckelchris> Gamma Iam trying to decide siia is only 19 subs from hitting the 1k goal but I already given 40 do I gift that last or wait and see if others gift first
[2023-01-06 10:41:51] [Points] Between_the_voids redeemed Sound Alert: LA-HEE (400)
[2023-01-06 10:42:01] [Points] E_Z_8 redeemed Sound Alert: lAheEe (200)
[2023-01-06 10:42:05] <@%ThatVtuberAlex> @heckelchris just pretend you didnt give the others
[2023-01-06 10:42:07] [Points] Amigo_Cat redeemed Sound Alert: LA-HEE (400)
[2023-01-06 10:42:08] <%Between_the_voids> inkkPANIC LA HEEEE
[2023-01-06 10:42:13] <@%^StreamElements> ★▬▬▬▬▬▬▬▬▬▬▬▬▬▬▬▬▬▬▬▬▬★ ⠀⠀⠀ ⠀⛩️GammaInkk's social media⛩️ ⠀⠀⠀⠀⠀⠀⠀⠀twitter.com/gammainkk ⠀ ⠀⠀⠀⠀⠀⠀⠀ ⠀⠀⠀⠀⠀⠀⠀ instagram.com/gammainkk ⠀⠀⠀⠀⠀⠀⠀youtube.com/c/GammaInkk⠀⠀⠀⠀⠀ ⠀⠀⠀⠀ ⠀⠀⠀ tiktok.com/@gammainkk ⠀⠀⠀⠀⠀ ⠀⠀⠀⠀⠀⠀ ⠀ discord.gg/kitsunecove ★▬▬▬▬▬▬▬▬▬▬▬▬▬▬▬▬▬▬▬▬▬★
[2023-01-06 10:42:21] [Points] SanPete5 redeemed Sound Alert: LA-HEE (400)
[2023-01-06 10:42:23] <%quesopika> inkkGud inkkGud
[2023-01-06 10:42:27] <%Between_the_voids> Amazing!!!!!!!!!!!
[2023-01-06 10:42:27] <bre4dness> inkkPANIC inkkPANIC
[2023-01-06 10:42:29] <@%ThatVtuberAlex> happy for the weekend!
[2023-01-06 10:42:32] <AtrophyAtomic> Maid Gamma-chan? :o
[2023-01-06 10:42:33] [Points] Amigo_Cat redeemed Sound Alert: LA-HEE (400)
[2023-01-06 10:42:36] <@%ThatVtuberAlex> Kbbq tomorrow and new vape
[2023-01-06 10:42:45] <!%+heckelchris> @thatvtuberalex  yeah but I still got all my bills to pay to
[2023-01-06 10:42:48] VIEWERS: 94
[2023-01-06 10:42:59] [Points] Amigo_Cat redeemed Sound Alert: lAheEe (200)
[2023-01-06 10:43:05] <@%ThatVtuberAlex> @heckelchris trueeeeee im moving too otherwise I would
[2023-01-06 10:43:11] <%Between_the_voids> @thatvtuberalex yoooo you bout the vape life too? inkkLul
[2023-01-06 10:43:15] <@%ThatVtuberAlex> its so good with friends
[2023-01-06 10:43:25] <@%ThatVtuberAlex> @Between_the_voids to get off the death sticks
[2023-01-06 10:43:30] <AtrophyAtomic> Gamma starting to regret the La Hees LUL
[2023-01-06 10:43:37] <%Between_the_voids> How long did it take you to learn blender?
[2023-01-06 10:43:54] <@%ThatVtuberAlex> I like that hair is nice
[2023-01-06 10:43:58] <%Between_the_voids> @thatvtuberalex I feel that. I got fruit loops juice Goin on
[2023-01-06 10:43:59] <%$dynamicbrock> @heckelchris i got this
[2023-01-06 10:44:12] <@%ThatVtuberAlex> @Between_the_voids raspberry for me, custom flavours tomorrow
[2023-01-06 10:44:22] <!%+heckelchris> Ok can 2 people go follow siia on Twitter she is 2 away from 5k and would be great to end on
[2023-01-06 10:44:26] <%Between_the_voids> How do you even start to learn? those textures are pogg
[2023-01-06 10:44:35] [Points] ThatVtuberAlex redeemed Sound Alert: lAheEe (200)
[2023-01-06 10:44:45] <%micky_heaney> inkkFlower inkkComfy
[2023-01-06 10:44:48] VIEWERS: 94
[2023-01-06 10:44:49] <!%$TuroKnifer> @heckelchris we hit the goal!
[2023-01-06 10:44:50] <%Between_the_voids> @thatvtuberalex I love a good raspberry. strawberries too
[2023-01-06 10:44:54] <quontox> are you learning the new blender yet
[2023-01-06 10:45:04] <@%ThatVtuberAlex> @Between_the_voids yessssss
[2023-01-06 10:45:06] <@^Nightbot> 🎁 Gamma's Wishlist 🎁 https://thrn.co/u/gammainkk
[2023-01-06 10:45:08] <FrostiOwl> Can I get a hoiyaaa
[2023-01-06 10:45:10] <!%+heckelchris> @dynamicbrock  you are the best man
[2023-01-06 10:45:25] <@%ThatVtuberAlex> I been trying to do better eyes for my model, I find it hard
[2023-01-06 10:45:36] <@%ThatVtuberAlex> https://twitter.com/siiaTV
[2023-01-06 10:45:39] <@%ThatVtuberAlex> https://twitter.com/siiaTV
[2023-01-06 10:45:40] <@%ThatVtuberAlex> https://twitter.com/siiaTV
[2023-01-06 10:45:40] <%Between_the_voids> hit me with that link and I will:)
[2023-01-06 10:45:50] <%$NekoObito> MAYBE last day
[2023-01-06 10:45:55] <%+XFoxNikosX> Gamma!!!!!!!!!!!!!!!!!
[2023-01-06 10:46:02] <%Between_the_voids> doneeee ^^
[2023-01-06 10:46:10] <%+XFoxNikosX> How are you, hun?
[2023-01-06 10:46:11] <@%ThatVtuberAlex> 1 hour and a half now
[2023-01-06 10:46:12] <%$NekoObito> Just under 1.5 hours now
[2023-01-06 10:46:15] <!%+heckelchris> She is at 1hr 28
[2023-01-06 10:46:32] <@%ThatVtuberAlex> inkkFIREAni
[2023-01-06 10:46:37] <%Between_the_voids> Who going with me?
[2023-01-06 10:46:39] <%BlameTheOnions> miryBow
[2023-01-06 10:46:40] <@%ThatVtuberAlex> !so siia
[2023-01-06 10:46:41] [Announcement] <StreamElements> ══════════════════════════════⠀⠀⠀⠀⠀⠀⠀⠀⠀⠀⠀⠀⠀⠀⠀⠀⠀☆☆ ⠀⠀⠀⠀⠀⠀⠀⠀     ⠀⠀⠀⠀⠀⠀⠀⠀⠀⠀⠀⠀ Check out  ⠀⠀⠀⠀⠀⠀⠀⠀⠀⠀⠀⠀⠀siia                           ⠀⠀⠀⠀⠀⠀⠀http://twitch.tv/siia ~!                                                 ══════════════════════════════
[2023-01-06 10:46:41] [Points] vrBlackbird redeemed Sound Alert: LA-HEE (400)
[2023-01-06 10:46:48] VIEWERS: 121
[2023-01-06 10:46:48] <%Between_the_voids> I'll be right back
[2023-01-06 10:46:53] <@%ThatVtuberAlex> YES
[2023-01-06 10:46:56] <!%$TuroKnifer> SIIA DID SAY if she felt like going longer that 5 days she WOULD!
[2023-01-06 10:46:57] <%$vrBlackbird> do it!
[2023-01-06 10:46:58] <%$dynamicbrock> LUL
[2023-01-06 10:47:08] <%hekiranoten021> hi gamma inkkWaveAni inkkWaveAni
[2023-01-06 10:47:13] <!%$TuroKnifer> SOOO it could be 6+ days
[2023-01-06 10:47:22] <@%ThatVtuberAlex> I mean im all about long thick hair
[2023-01-06 10:47:35] <%BlameTheOnions> chumba2Sip
[2023-01-06 10:47:38] <!%+heckelchris> With @dynamicbrock  help we just unlock a new body pillow and siia said she thinking of going more spicy than her last
[2023-01-06 10:47:39] [Points] black_pheonix22 redeemed Sound Alert: LA-HEE (400)
[2023-01-06 10:47:53] <%$FlintErra> cuuuute
[2023-01-06 10:47:53] <@%ThatVtuberAlex> is on food atm now she brb
[2023-01-06 10:48:02] <!%+heckelchris> @gammainkk  she is brb right now showing cooking videos
[2023-01-06 10:48:33] <quontox> wow, shes really good at cooking
[2023-01-06 10:48:34] [Points] vrBlackbird redeemed Sound Alert: LA-HEE (400)
[2023-01-06 10:48:39] <%+hawkblack103> hiiiiiiii how you doing today?
[2023-01-06 10:48:48] VIEWERS: 121
[2023-01-06 10:48:51] <@%ThatVtuberAlex> I got my sword there too! SirSword
[2023-01-06 10:48:55] <AtrophyAtomic> We were trying to decide hate pokemon types the Viisyn members would be as Gym Leaders in Siia's chat. We decided you were Fire or Fighting.
[2023-01-06 10:49:13] <@%ThatVtuberAlex> did you watch bad batch?
[2023-01-06 10:49:16] <AtrophyAtomic> what pokemon*
[2023-01-06 10:49:25] <quontox> it broke everything else?
[2023-01-06 10:49:32] <%sen0sama> inkkWaveAni inkkTail hi
[2023-01-06 10:49:35] <mdanialsubaru> Hello everyone and Gamma fillyWaves
[2023-01-06 10:49:37] <%+hawkblack103> wow
[2023-01-06 10:49:43] <%$vrBlackbird> inkkLurk  i just finished rewatching season 1 of bad batch
[2023-01-06 10:49:54] <%+hawkblack103> hiiii everyone !!!!
[2023-01-06 10:49:59] <%Between_the_voids> subbed and done ^^
[2023-01-06 10:50:02] <quontox> it doesnt log me out of gmail or youtube
[2023-01-06 10:50:03] <!%+heckelchris> Oh twich has pissed me off  for weeks now I could not sub cos it’s say there was a problem with my iOS payments so I updated removed and re added them gone to bank and orded new cards nothing worked  watched muti YouTube vids on how to and scrolled through google last resort I Emailed twich surrport  5 mins later get replie back they fixed it it was not iOS at all it was a bug on my account that they have been dealing with a load on other peoples too that was preventing the subs for activating
[2023-01-06 10:50:06] <@^Nightbot> 🛒 GammaInkk x UWU Market Merch 🛒https://uwumarket.us/collections/gammainkk
[2023-01-06 10:50:06] <mdanialsubaru> hiii hawk fillyWaves
[2023-01-06 10:50:12] <%$FlintErra> inkkCreepA inkkCreepB inkkCreepC
[2023-01-06 10:50:22] <%Between_the_voids> why we talking bout lovense
[2023-01-06 10:50:25] <mdanialsubaru> oh woah chris kurumiiThink
[2023-01-06 10:50:26] <FrostiOwl> you can save passwords and clear cache seperately
[2023-01-06 10:50:37] <MhokuVerrix> ohowdy howdy itsfir5Hug
[2023-01-06 10:50:53] VIEWERS: 129
[2023-01-06 10:50:58] <%+hawkblack103> you can use note password :)'
[2023-01-06 10:51:04] <@^Nightbot> 🔻Code 'GammaInkk' for 10% OFF🔻 https://gamersupps.gg/?ref=GammaInkk
[2023-01-06 10:51:06] <%BlameTheOnions> kaneko5Sweat
[2023-01-06 10:51:21] <@%ThatVtuberAlex> @FrostiOwl she tried but didnt
[2023-01-06 10:51:23] <bre4dness> inkkPANIC
[2023-01-06 10:51:26] <%+hawkblack103> really?
[2023-01-06 10:51:34] <quontox> whats your mothers maiden name? Kappa
[2023-01-06 10:51:44] <%+hawkblack103> that mess up
[2023-01-06 10:52:09] <%$UwUUwUmi> inkkRAVE inkkRAVE inkkRAVE inkkRAVE
[2023-01-06 10:52:10] <@%ThatVtuberAlex> change the password on your phone Gamma then login again on pc
[2023-01-06 10:52:21] <!%$TuroKnifer> Time machine NODDERS
[2023-01-06 10:52:21] <%+hawkblack103> awwwwwww
[2023-01-06 10:52:41] <%+hawkblack103> i dont think so
[2023-01-06 10:52:50] <%Between_the_voids> did you try 696969?
[2023-01-06 10:52:53] VIEWERS: 129
[2023-01-06 10:53:18] <%BlameTheOnions> shanak1Kek
[2023-01-06 10:53:25] <!%$TuroKnifer> @ThatVtuberAlex ^^^
[2023-01-06 10:53:25] <+sadlynico> can you not change the password on the phone when you still log in or put extra infomation on it for the password reset
[2023-01-06 10:53:28] <%Between_the_voids> THATS COOL!! HUGE HONOR
[2023-01-06 10:54:05] <@%ThatVtuberAlex> ahhhh okay let me do some diggin
[2023-01-06 10:54:32] <@%ThatVtuberAlex> are you logged in on your gmail on your phone browser?
[2023-01-06 10:54:32] <FrostiOwl> Career over PepeHands
[2023-01-06 10:54:36] <%BlameTheOnions> You can't login to your business email? miryDed
[2023-01-06 10:54:53] VIEWERS: 157
[2023-01-06 10:55:07] <%+hawkblack103> phone with Gmail send to code
[2023-01-06 10:55:12] <+BritishTrashPanda> If you finally manage to get it reset? “Your new password cannot be the same as your old password”
[2023-01-06 10:55:40] <%Between_the_voids> you could hire a hacker. fr
[2023-01-06 10:55:52] <!%+heckelchris> Thank you everyone for helping get siia to 5k
[2023-01-06 10:56:04] <%Between_the_voids> fiverr might have a hacker for you
[2023-01-06 10:56:06] <%+hawkblack103> i did google still save password
[2023-01-06 10:56:13] <AtrophyAtomic> Google: "yeah nah"
[2023-01-06 10:56:53] VIEWERS: 157
[2023-01-06 10:57:15] <%Between_the_voids> I hate people
[2023-01-06 10:57:18] <@%ThatVtuberAlex> So you're logged in only on your apple mail app?
[2023-01-06 10:57:20] <AtrophyAtomic> *loads gun*
[2023-01-06 10:57:39] <FrostiOwl> the boomerang
[2023-01-06 10:57:41] <%Between_the_voids> A BIG STICK
[2023-01-06 10:57:41] <%$dynamicbrock> KEKW
[2023-01-06 10:57:49] <+Tarius_Hal> i think that support staff doesn't even know what they are doing
[2023-01-06 10:58:06] <%Between_the_voids> A very angry kangaroo
[2023-01-06 10:58:14] <AtrophyAtomic> *sends a love emu to google*
[2023-01-06 10:58:18] <AtrophyAtomic> live*
[2023-01-06 10:58:19] [Points] godzillamothra12 redeemed Sound Alert: lAheEe (200)
[2023-01-06 10:58:31] [Points] Between_the_voids redeemed Sound Alert: LA-HEE (400)
[2023-01-06 10:58:47] <%Between_the_voids> lmao 🤣 🤣 🤣 🤣 🤣 🤣 🤣
[2023-01-06 10:58:58] VIEWERS: 165
[2023-01-06 10:59:01] [Notification] RealNexusHD subscribed at Tier 1. They've subscribed for 13 months!
[2023-01-06 10:59:06] <%Between_the_voids> yooooo
[2023-01-06 10:59:28] [Points] RealNexusHD redeemed Sound Alert: LA-HEE (400)
[2023-01-06 10:59:29] <!%+heckelchris> I got siia some 18 gold plates earrings from her throne to say thank you for everything this last year I wanted to get you something but everything is out of my price range for this month
[2023-01-06 11:00:10] [Announcement] <Nightbot> ✦ Check out our NEW Twitch Vtuber team, VIISYN ✦ https://twitter.com/VIISYN
[2023-01-06 11:00:48] <@%ThatVtuberAlex> @GammaInkk check mod chat
[2023-01-06 11:00:58] VIEWERS: 165
[2023-01-06 11:01:01] <%quesopika> quick, start recommending gamma cheap shit inkkLul
[2023-01-06 11:01:08] <@^Nightbot> 🛒 GammaInkk x UWU Market Merch 🛒https://uwumarket.us/collections/gammainkk
[2023-01-06 11:01:23] <!%+heckelchris> Also how much for a dildo my god
[2023-01-06 11:01:36] <%$dynamicbrock> LUL
[2023-01-06 11:01:41] <%quesopika> yeah that big ones like 300 bucks right?
[2023-01-06 11:02:06] <!%+heckelchris> Yeah
[2023-01-06 11:02:06] <@^Nightbot> 🔻Code 'GammaInkk' for 10% OFF🔻 https://gamersupps.gg/?ref=GammaInkk
[2023-01-06 11:02:13] <@%^StreamElements> ★▬▬▬▬▬▬▬▬▬▬▬▬▬▬▬▬▬▬▬▬▬★ ⠀⠀⠀ ⠀⛩️GammaInkk's social media⛩️ ⠀⠀⠀⠀⠀⠀⠀⠀twitter.com/gammainkk ⠀ ⠀⠀⠀⠀⠀⠀⠀ ⠀⠀⠀⠀⠀⠀⠀ instagram.com/gammainkk ⠀⠀⠀⠀⠀⠀⠀youtube.com/c/GammaInkk⠀⠀⠀⠀⠀ ⠀⠀⠀⠀ ⠀⠀⠀ tiktok.com/@gammainkk ⠀⠀⠀⠀⠀ ⠀⠀⠀⠀⠀⠀ ⠀ discord.gg/kitsunecove ★▬▬▬▬▬▬▬▬▬▬▬▬▬▬▬▬▬▬▬▬▬★
[2023-01-06 11:02:25] <+BritishTrashPanda> next ffxiv soundalert? “pa-paya. pa-pa-pa-pa-pa-pa-pa-pa-paya”
[2023-01-06 11:02:26] <%Between_the_voids> @quesopika GUM
[2023-01-06 11:02:29] [Points] BritishTrashPanda redeemed Sound Alert: LA-HEE (400)
[2023-01-06 11:02:32] <AtrophyAtomic> My XBOX account got hacked and i was still being charged monthly, and Microsoft Support basically told me if i can't log in they cant help me. I tried to explain "I literally cant log in, my account was hacked with a burner email" and again was told no log in, no help. So i ha. to go to my bank and have them block microsoft from withdrawing fromlmy account.
[2023-01-06 11:02:40] <quontox> what if you clear your cache again
[2023-01-06 11:02:55] [Points] Between_the_voids redeemed Sound Alert: lAheEe (200)
[2023-01-06 11:02:56] <@%ThatVtuberAlex> If you want I can run through it with you on VC just gimme a holla
[2023-01-06 11:02:58] VIEWERS: 165
[2023-01-06 11:03:06] <@^Nightbot> 🎁 Gamma's Wishlist 🎁 https://thrn.co/u/gammainkk
[2023-01-06 11:03:27] <%quesopika> ooh, the chains super cute
[2023-01-06 11:03:27] <%BlameTheOnions> miryDerp
[2023-01-06 11:03:34] <%Between_the_voids> How do you make a 3d model in there ?
[2023-01-06 11:03:36] [Points] Humaneson redeemed Sound Alert: LA-HEE (400)
[2023-01-06 11:04:02] <SoundAlerts> NekoObito played Nya for 0 Bits
[2023-01-06 11:04:29] <quontox> just login 4Head
[2023-01-06 11:04:44] <%$UwUUwUmi> amedolSmort
[2023-01-06 11:04:45] <!%+heckelchris> Oh yeah I checked Fortnite store and almost died they are only doing a colab and have destiny 2 staff in the store
[2023-01-06 11:04:58] VIEWERS: 153
[2023-01-06 11:05:18] <%$SharpOtaku> Ah, everyone’s favorite Aussie fox girl. Hope your doing well
[2023-01-06 11:05:18] <%BlameTheOnions> 4Head
[2023-01-06 11:05:21] <%$UwUUwUmi> siaBOOBA
[2023-01-06 11:05:36] <%Between_the_voids> inkkLOOK
[2023-01-06 11:05:42] <$Domzy> just don't be unable to log in, duh
[2023-01-06 11:05:47] [Points] AtrophyAtomic redeemed Sound Alert: LA-HEE (400)
[2023-01-06 11:06:09] <%Between_the_voids> lol if you keep asking me for Lahee I'll never get to VIP xD
[2023-01-06 11:06:17] <FrostiOwl> Have you tried the password LAHEE69?
[2023-01-06 11:06:24] <%$FlintErra> I swear to god at that point just say to their face that you want to talk to someone competent
[2023-01-06 11:06:38] <%Between_the_voids> xD @frostiowl
[2023-01-06 11:06:50] <AtrophyAtomic> Oh hey Siia has hit over 5k.
[2023-01-06 11:06:58] VIEWERS: 153
[2023-01-06 11:06:58] <%Between_the_voids> YAAAYYYYY I HELP
[2023-01-06 11:07:17] <%quesopika> you know why ill never get VIP?
[2023-01-06 11:07:25] [Points] quesopika redeemed 🦊 Fox Gamma 🦊 (15 000)
[2023-01-06 11:07:39] <%$dynamicbrock> KEKW
[2023-01-06 11:07:40] <quontox> if you cant login, just login 4Head
[2023-01-06 11:07:46] <%quesopika> inkkLul
[2023-01-06 11:07:47] <PhantomFlan> Need help logging into what?
[2023-01-06 11:07:52] <%+XFoxNikosX> It's an adorable fox Gamma!!!!!!!!!!
[2023-01-06 11:08:03] <%Between_the_voids> uuuuu Gama fox is here inkkHeart inkkHeart inkkHeart inkkHeart inkkHeart inkkHeart inkkHeart inkkHeart
[2023-01-06 11:08:18] [Notification] heckelchris gifted a Tier 1 sub to quontox! They have given 25 Gift Subs in the channel! quontox has subscribed for 7 months!
[2023-01-06 11:08:24] <%Between_the_voids> booba doesn't have bone
[2023-01-06 11:08:27] <%$UwUUwUmi> widepeepoHappy
[2023-01-06 11:08:37] <%$dynamicbrock> LUL
[2023-01-06 11:08:44] <%quesopika> inkkRAVE
[2023-01-06 11:08:53] <%Between_the_voids> I'm honestly fine with watching this. I find it interesting
[2023-01-06 11:08:58] Viewerstats (10:40-11:08): avg:136 min:73 max:177 [15/73+21+0+27+0+8+0+28+0+8+0+0−12+0+24]
[2023-01-06 11:08:58] VIEWERS: 177
[2023-01-06 11:09:08] <%quontox> @heckelchris Thanks for the gift sub!
[2023-01-06 11:09:10] [Points] XFoxNikosX redeemed Sound Alert: LA-HEE (400)
[2023-01-06 11:09:21] [Points] quontox redeemed Sound Alert: lAheEe (200)
[2023-01-06 11:09:23] <waffel_wolff> are you a dog person or a cat person
[2023-01-06 11:09:28] <!%heckelchris> @quontox  you are long time viewer it was bugging me not seeing a sub on you
[2023-01-06 11:09:48] <%+XFoxNikosX> !followage
[2023-01-06 11:09:49] <@%^StreamElements> @XFoxNikosX, xfoxnikosx has been following gammainkk for  19 days 23 hours
[2023-01-06 11:09:49] <~%GammaInkk> XFoxNikosX's Follow Age: 19 Day(s)
[2023-01-06 11:10:05] <@^Nightbot> 🛒 GammaInkk x UWU Market Merch 🛒https://uwumarket.us/collections/gammainkk
[2023-01-06 11:10:06] <%quontox> @heckelchris Im just vibing, but thanks for the sub
[2023-01-06 11:10:09] <%SinsSlender> I had such a similar thing w my xbox acc, when i was 10 xbox wouldnt accept my password and i tried over and over, nothing worked they said no you dont own the acc, and other than on my xbox one (now series x) i couldnt log in to a single thing for example twitch wouldnt link my acc cause i couldnt log in, fast forward to last year i got it fixed. Totally unrelated comment im turning 20 this year inkkBonk inkkBonk
[2023-01-06 11:10:12] <AtrophyAtomic> I'm a fox person
[2023-01-06 11:10:13] <$Domzy> Dog cause cats don't like me onigiriMonkaS
[2023-01-06 11:10:14] <%quontox> i mean, snakes are cool
[2023-01-06 11:10:16] <waffel_wolff> cat person
[2023-01-06 11:10:18] <%$dynamicbrock> dogs NODDERS
[2023-01-06 11:10:20] <%Between_the_voids> I like fox
[2023-01-06 11:10:34] <AtrophyAtomic> Hot
[2023-01-06 11:10:58] VIEWERS: 177
[2023-01-06 11:11:11] <+BritishTrashPanda> nah, foxes stinky :D
[2023-01-06 11:11:44] <@%siia> excuse me mam what is LA HEE
[2023-01-06 11:11:54] [Points] quontox redeemed Sound Alert: LA-HEE (400)
[2023-01-06 11:12:05] [Points] NekoObito redeemed Sound Alert: LA-HEE (400)
[2023-01-06 11:12:05] <%SinsSlender> I gave literal documents saying i was the owner they said no, randomly tried it last year and it logged me in inkkF
[2023-01-06 11:12:11] [Points] SinsSlender redeemed Sound Alert: lAheEe (200)
[2023-01-06 11:12:19] <iUzue> pr
[2023-01-06 11:12:21] [Points] f1uffy_unicorns redeemed Sound Alert: LA-HEE (400)
[2023-01-06 11:12:25] <riptechnoblade21> 😁
[2023-01-06 11:12:26] <AtrophyAtomic> That was the thing with my issue, like you have my billing information, you are charging me still. so why do you need me to log in when i can confirm my billing? why do you actively chooselnot to help your consumers?
[2023-01-06 11:12:27] [Points] Zihrune redeemed Sound Alert: lAheEe (200)
[2023-01-06 11:12:31] [Points] Zihrune redeemed Sound Alert: LA-HEE (400)
[2023-01-06 11:12:37] <iUzue> Probably stuck on a rigid script with no other choices
[2023-01-06 11:12:42] [Points] PhantomFlan redeemed Sound Alert: LA-HEE (400)
[2023-01-06 11:12:51] <@%siia> yes
[2023-01-06 11:12:53] <+BritishTrashPanda> @siia :D
[2023-01-06 11:12:56] <%quontox> can we have the 1 hour loop version?
[2023-01-06 11:12:58] VIEWERS: 189
[2023-01-06 11:12:59] <@%siia> play it
[2023-01-06 11:12:59] <%$dynamicbrock> KEKW
[2023-01-06 11:13:01] <+Tarius_Hal> play ittttt
[2023-01-06 11:13:03] [Points] NekoObito redeemed Sound Alert: lAheEe (200)
[2023-01-06 11:13:13] [Points] BritishTrashPanda redeemed Sound Alert: LA-HEE (400)
[2023-01-06 11:13:15] <%Between_the_voids> PLAY . also hiiiii @siia congrats inkkPat
[2023-01-06 11:13:19] <%quontox> streamception
[2023-01-06 11:13:24] [Notification] lillyjack99 subscribed at Tier 1. They've subscribed for 12 months, currently on a 11 month streak! [1 year with Gamma time for another one this year i will top 1% instead of top 2%]
[2023-01-06 11:13:34] <%SinsSlender> Stream-ception
[2023-01-06 11:13:44] <SoundAlerts> monkeydluffy505 played Apex Legends Kraber Sniper Shot for 300 Bits
[2023-01-06 11:13:49] [Points] f1uffy_unicorns redeemed Sound Alert: LA-HEE (400)
[2023-01-06 11:13:50] <%$NekoObito> HI ME!
[2023-01-06 11:13:51] <%Between_the_voids> amaze
[2023-01-06 11:13:53] <%quesopika> omg, i have both streams open with volume on, its crazy
[2023-01-06 11:13:58] <azzythehorse> gamma hi hiiiiii
[2023-01-06 11:13:59] <+Tarius_Hal> someone clip this plese
[2023-01-06 11:14:05] <%brut1musprim3> inkkLurk inkkTail
[2023-01-06 11:14:06] [Points] iUzue redeemed Sound Alert: lAheEe (200)
[2023-01-06 11:14:09] <azzythehorse> cutie cat gamma hilsHeart
[2023-01-06 11:14:10] <%quontox> whos going to click off first?
[2023-01-06 11:14:13] [Points] NekoObito redeemed 🌊 Hydrate 🌊 (1 000)
[2023-01-06 11:14:15] [Points] PhantomFlan redeemed Sound Alert: LA-HEE (400)
[2023-01-06 11:14:16] <%$UwUUwUmi> inkkLurk inkkTail
[2023-01-06 11:14:18] <azzythehorse> how are u hilsPat
[2023-01-06 11:14:27] [Points] NekoObito redeemed Sound Alert: LA-HEE (400)
[2023-01-06 11:14:37] [Points] FrostiOwl redeemed Sound Alert: LA-HEE (400)
[2023-01-06 11:14:42] <%quontox> play the video and itll play on her stream
[2023-01-06 11:14:45] [Points] ThatVtuberAlex redeemed Sound Alert: lAheEe (200)
[2023-01-06 11:14:58] VIEWERS: 189
[2023-01-06 11:14:58] <%Between_the_voids> inkkRAVE inkkRAVE inkkRAVE inkkRAVE inkkRAVE inkkRAVE inkkRAVE inkkRAVE inkkRAVE inkkRAVE inkkRAVE inkkRAVE
[2023-01-06 11:15:06] <@^Nightbot> 🎁 Gamma's Wishlist 🎁 https://thrn.co/u/gammainkk
[2023-01-06 11:15:11] <AtrophyAtomic> Mom and Mom are fighting siaCry
[2023-01-06 11:15:14] <%Between_the_voids> inkkPANIC quieeetttttt
[2023-01-06 11:15:28] [Points] PhantomFlan redeemed Sound Alert: LA-HEE (400)
[2023-01-06 11:15:31] <%Between_the_voids> xD
[2023-01-06 11:15:31] <sonicwailord47> is dis a collab LUL
[2023-01-06 11:15:45] <%Between_the_voids> lahee hee
[2023-01-06 11:15:45] <azzythehorse> Idk wats happening LUL
[2023-01-06 11:15:54] <%$UwUUwUmi> pepeW LA HEEE
[2023-01-06 11:15:56] [Points] azzythehorse redeemed Sound Alert: LA-HEE (400)
[2023-01-06 11:15:58] <%Between_the_voids> best night of my life
[2023-01-06 11:16:15] [Points] azzythehorse redeemed Sound Alert: lAheEe (200)
[2023-01-06 11:16:23] <%Between_the_voids> inkkLurk inkkTail
[2023-01-06 11:16:23] <%$UwUUwUmi> KEKW
[2023-01-06 11:16:28] <Probotect0r> more la hee? XD
[2023-01-06 11:16:33] <%brut1musprim3> inkkLul
[2023-01-06 11:16:44] <@%ThatVtuberAlex> not yet
[2023-01-06 11:16:58] VIEWERS: 203
[2023-01-06 11:17:00] <%Between_the_voids> Give her a bit more
[2023-01-06 11:17:20] <%Between_the_voids> I hope some clipping this
[2023-01-06 11:17:33] [Points] brut1musprim3 redeemed Sound Alert: LA-HEE (400)
[2023-01-06 11:17:38] [Points] brut1musprim3 redeemed Sound Alert: lAheEe (200)
[2023-01-06 11:17:43] [Points] Hidden_Crab redeemed 🌼 Headpats 🌼 (2 000)
[2023-01-06 11:17:48] <%Between_the_voids> @thatvtuberalex can you? my internet not good enough at work
[2023-01-06 11:17:53] [Points] Sylariusz redeemed Sound Alert: LA-HEE (400)
[2023-01-06 11:17:54] <$Domzy> That was beautiful FeelsStrongMan Clap
[2023-01-06 11:17:59] <MoreBlank> How's it going Gamma? I have Siia in another tab, because of the raid. My browser reloads tabs on startup
[2023-01-06 11:18:13] <@%ThatVtuberAlex> @Between_the_voids do what?
[2023-01-06 11:18:32] <%Between_the_voids> Was asking if you could clip this whole streamcetpion momet
[2023-01-06 11:18:49] [Points] AtrophyAtomic redeemed Sound Alert: lAheEe (200)
[2023-01-06 11:18:51] [Points] sonicwailord47 redeemed Sound Alert: LA-HEE (400)
[2023-01-06 11:18:58] VIEWERS: 203
[2023-01-06 11:19:04] <@%TruNoom> SNIFFA did you find a hdmi cable or did you want me to get one??
[2023-01-06 11:19:04] <iUzue> Why do they sound the same to me now?
[2023-01-06 11:19:06] [Points] ThatVtuberAlex redeemed Sound Alert: lAheEe (200)
[2023-01-06 11:19:07] <MoreBlank> ironmouseKEK
[2023-01-06 11:19:15] <@%ThatVtuberAlex> yes its rght
[2023-01-06 11:19:17] <!%$TuroKnifer> career
[2023-01-06 11:19:23] <!%$TuroKnifer> career LUL
[2023-01-06 11:19:36] <%$kiriosthanatos> thanks for explaining lahee to siia gamgam inkkHeart
[2023-01-06 11:20:07] [Announcement] <Nightbot> ✦ Check out our NEW Twitch Vtuber team, VIISYN ✦ https://twitter.com/VIISYN
[2023-01-06 11:20:13] [Points] Probotect0r redeemed Sound Alert: LA-HEE (400)
[2023-01-06 11:20:22] [Points] kiriosthanatos redeemed Sound Alert: lAheEe (200)
[2023-01-06 11:20:35] [Points] Sylariusz redeemed Sound Alert: lAheEe (200)
[2023-01-06 11:20:39] [Points] Masuyuu redeemed Sound Alert: LA-HEE (400)
[2023-01-06 11:20:40] <Probotect0r> "but i feel it in my lahee" this timing of the sound alert xD
[2023-01-06 11:20:40] <%Between_the_voids> Lahee has changed my life.
[2023-01-06 11:20:42] <+BritishTrashPanda> i loved that whole thing siaNOD
[2023-01-06 11:20:42] <%$kiriosthanatos> soken is a  GIGACHAD
[2023-01-06 11:20:58] VIEWERS: 236
[2023-01-06 11:21:04] <@^Nightbot> 🛒 GammaInkk x UWU Market Merch 🛒https://uwumarket.us/collections/gammainkk
[2023-01-06 11:21:08] <%$FlintErra> fluffy inkkPog
[2023-01-06 11:21:14] <AtrophyAtomic> Did anyone clip momland mom fighting?
[2023-01-06 11:21:20] <+Barneylmao> heyo gamma & chat
[2023-01-06 11:21:38] <AtrophyAtomic> mom and mom*
[2023-01-06 11:21:40] <%$lillyjack99> togichSmall togichSmall
[2023-01-06 11:22:13] <@%^StreamElements> ★▬▬▬▬▬▬▬▬▬▬▬▬▬▬▬▬▬▬▬▬▬★ ⠀⠀⠀ ⠀⛩️GammaInkk's social media⛩️ ⠀⠀⠀⠀⠀⠀⠀⠀twitter.com/gammainkk ⠀ ⠀⠀⠀⠀⠀⠀⠀ ⠀⠀⠀⠀⠀⠀⠀ instagram.com/gammainkk ⠀⠀⠀⠀⠀⠀⠀youtube.com/c/GammaInkk⠀⠀⠀⠀⠀ ⠀⠀⠀⠀ ⠀⠀⠀ tiktok.com/@gammainkk ⠀⠀⠀⠀⠀ ⠀⠀⠀⠀⠀⠀ ⠀ discord.gg/kitsunecove ★▬▬▬▬▬▬▬▬▬▬▬▬▬▬▬▬▬▬▬▬▬★
[2023-01-06 11:22:33] <%Between_the_voids> Your hud layout on 14 looks a lot easier to understand compared to this...
[2023-01-06 11:22:40] [Points] NekoObito redeemed Sound Alert: LA-HEE (400)
[2023-01-06 11:22:58] VIEWERS: 236
[2023-01-06 11:23:00] <%$lillyjack99> all good La-hee is importaqnt
[2023-01-06 11:23:07] <%$lillyjack99> important
[2023-01-06 11:23:17] [Points] student117 redeemed Sound Alert: LA-HEE (400)
[2023-01-06 11:24:32] <%Wernazy> UwU
[2023-01-06 11:24:34] <+ScavengerJackal> Binoculars
[2023-01-06 11:24:38] [Points] sonicwailord47 redeemed Sound Alert: LA-HEE (400)
[2023-01-06 11:24:41] <@%ThatVtuberAlex> LEWD inkkLOOK
[2023-01-06 11:24:50] <%Between_the_voids> I can't redeem lahee anymore xD
[2023-01-06 11:24:58] VIEWERS: 204
[2023-01-06 11:24:59] <Probotect0r> no more points, voids?
[2023-01-06 11:25:03] [Points] Probotect0r redeemed Sound Alert: LA-HEE (400)
[2023-01-06 11:25:03] <%quesopika> inkkBlush
[2023-01-06 11:25:05] <@^Nightbot> 🔻Code 'GammaInkk' for 10% OFF🔻 https://gamersupps.gg/?ref=GammaInkk
[2023-01-06 11:25:06] <MoreBlank> Smol fox Gamma is pretty good
[2023-01-06 11:25:15] <%Between_the_voids> like... 5? maybe 6
[2023-01-06 11:25:21] <@%ThatVtuberAlex> check sias strm
[2023-01-06 11:25:22] <@%ThatVtuberAlex> quick
[2023-01-06 11:25:43] [Points] connorball1997 redeemed 🌼 Headpats 🌼 (2 000)
[2023-01-06 11:25:43] <%Between_the_voids> inkkRAVE
[2023-01-06 11:25:47] <%Between_the_voids> yay
[2023-01-06 11:25:50] <%$UwUUwUmi> inkkRAVE
[2023-01-06 11:26:18] <@%ThatVtuberAlex> not an emote
[2023-01-06 11:26:24] <SoundAlerts> connorball1997 played OOF for 0 Bits
[2023-01-06 11:26:24] <@%ThatVtuberAlex> anything
[2023-01-06 11:26:24] BITS: lillyjack99 (500)
[2023-01-06 11:26:24] <%$lillyjack99> Cheer500 Thanks Gamma La-hee exists rent free in my head for at least 2 weeks
[2023-01-06 11:26:25] <%Between_the_voids> :O
[2023-01-06 11:26:26] <MoreBlank> I have her in another tab, that's wild.
[2023-01-06 11:26:29] <%quesopika> thats worrying lmao
[2023-01-06 11:26:29] <%Between_the_voids> inkkPog
[2023-01-06 11:26:31] <Ashardalonn> lol thats worse
[2023-01-06 11:26:42] [Points] Probotect0r redeemed Sound Alert: LA-HEE (400)
[2023-01-06 11:26:47] <!%heckelchris> Chat If everyone goes and gifts 1 sub we can do it right now
[2023-01-06 11:26:50] <Probotect0r> seems appropriate XD
[2023-01-06 11:26:54] [Points] Master_Beta69420 redeemed Sound Alert: lAheEe (200)
[2023-01-06 11:26:58] VIEWERS: 204
[2023-01-06 11:27:00] [Points] Master_Beta69420 redeemed Sound Alert: LA-HEE (400)
[2023-01-06 11:27:00] <%Between_the_voids> I actually hear it now when I wake up and before I go to sleep. no cap
[2023-01-06 11:27:05] <%$lillyjack99> peepoPissi
[2023-01-06 11:27:23] [Points] V3n0m79 redeemed Sound Alert: lAheEe (200)
[2023-01-06 11:27:29] <%Between_the_voids> What have you done to me... xD
[2023-01-06 11:27:35] <MoreBlank> Have beautiful dreams Voids!
[2023-01-06 11:27:39] <%quesopika> inkkRAVE
[2023-01-06 11:27:40] <!%heckelchris> Dam it it just missed another 1 hr and hit drink water
[2023-01-06 11:27:50] <%Between_the_voids> YES. NEEDS DOGGO IN MY NIGHT
[2023-01-06 11:28:08] <%Master_Beta69420> YEAH FRABLE TIME
[2023-01-06 11:28:12] <%Master_Beta69420> also hi
[2023-01-06 11:28:13] <%Between_the_voids> @moreblank oh I do. Me and the Lahee guy dance in the sunset.
[2023-01-06 11:28:19] <%xXMaloeeXx> Super cutie ist live
[2023-01-06 11:28:25] <+Tarius_Hal> She just got another 10 giftsubs siaLaugh
[2023-01-06 11:28:30] <tropiqz_> was that your pet fox
[2023-01-06 11:28:33] [Notification] lillyjack99 gifted a Tier 1 sub to Probotect0r! They have given 7 Gift Subs in the channel!
[2023-01-06 11:28:44] <%Between_the_voids> @moreblank while floating on a magical fox
[2023-01-06 11:28:55] <%Probotect0r> @lillyjack99 Thank you kind gifter inkkHeart
[2023-01-06 11:28:58] VIEWERS: 221
[2023-01-06 11:29:07] <%lillyjack99> togichSmall togichSmall
[2023-01-06 11:29:26] <MoreBlank> @Between_the_voids That's fantastic!
[2023-01-06 11:29:31] [Points] student117 redeemed Sound Alert: LA-HEE (400)
[2023-01-06 11:29:36] <%xXMaloeeXx> @gammainkk why U re so super cute?
[2023-01-06 11:29:40] <%Between_the_voids> @moreblank It is inkkHeart inkkHeart inkkHeart
[2023-01-06 11:29:43] [Points] xXMaloeeXx redeemed Sound Alert: LA-HEE (400)
[2023-01-06 11:29:45] <Rift_Warden> Haven't been here much, but love your content o' Gamma
[2023-01-06 11:29:53] <%$UwUUwUmi> inkkRAVE
[2023-01-06 11:30:08] <@^Nightbot> 🛒 GammaInkk x UWU Market Merch 🛒https://uwumarket.us/collections/gammainkk
[2023-01-06 11:30:16] <%quontox> notice me truenoom
[2023-01-06 11:30:19] <%Between_the_voids> MORE TRUU SCREEAMS
[2023-01-06 11:30:25] <%quontox> im your biggest fan
[2023-01-06 11:30:54] <%quontox> i cant believe your bf is so rich to be buying his fans iphones KEKW
[2023-01-06 11:30:54] <@%ThatVtuberAlex> chicken chaser sound alert when?
[2023-01-06 11:30:58] VIEWERS: 221
[2023-01-06 11:30:58] ~🦊 Fable 3 ! 🐔  | !merch !wishlist !GG !VIISYN (Fable III)~
[2023-01-06 11:31:02] <%Between_the_voids> Because great content isn't enough anymore.. tis very sad
[2023-01-06 11:31:05] <@^Nightbot> 🎁 Gamma's Wishlist 🎁 https://thrn.co/u/gammainkk
[2023-01-06 11:31:05] BITS: lillyjack99 (1500)
[2023-01-06 11:31:05] <%lillyjack99> Cheer1500 this isn´t enough for an Iphone but it gives me the next badge so inkkHeart
[2023-01-06 11:31:26] <%$lillyjack99> inkkKnife inkkKnife
[2023-01-06 11:31:45] <FrostiOwl> 19 dollar fortnite card
[2023-01-06 11:31:52] <%+Zero_gs> ring ring ring ring, banana phone, banana phone
[2023-01-06 11:31:57] BITS: FlintErra (100)
[2023-01-06 11:31:57] <%$FlintErra> Cheer100 This is totally equivalent exchange. gimme the iphone
[2023-01-06 11:32:05] <tropiqz_> I think u walk to a boss then defeat him and that's it
[2023-01-06 11:32:18] <%$FlintErra> KEKW
[2023-01-06 11:32:19] <%xXMaloeeXx> @gammainkk i have to Go See U later :3
[2023-01-06 11:32:19] <%Between_the_voids> Goin on a trip, in our favorite rocket ship
[2023-01-06 11:32:35] <%ozzyfanss> Hi there gamma and chat inkkWaveAni inkkWaveAni inkkTail inkkRAVE
[2023-01-06 11:32:47] <%Between_the_voids> inkkRAVE
[2023-01-06 11:32:47] <Rasser800> Your health is low, do you have any potions? Or food?
[2023-01-06 11:32:54] <%ozzyfanss> How are You today gamma?
[2023-01-06 11:32:56] <%quesopika> that hair is on point inkkLul
[2023-01-06 11:32:58] VIEWERS: 221
[2023-01-06 11:33:02] <%Between_the_voids> @ozzyfanss inkkWaveAni inkkWaveAni
[2023-01-06 11:33:41] <%ozzyfanss> Im fine to ty inkkRAVE callie34Necocallie
[2023-01-06 11:33:52] <%ozzyfanss> Hows it going in the game?
[2023-01-06 11:34:03] <%Between_the_voids> uu spooky
[2023-01-06 11:34:37] <%ozzyfanss> I like the hair You got hehe
[2023-01-06 11:35:02] VIEWERS: 230
[2023-01-06 11:35:33] <%Between_the_voids> Lahee hee
[2023-01-06 11:35:49] [Points] iUzue redeemed Sound Alert: LA-HEE (400)
[2023-01-06 11:36:03] [Points] ThatVtuberAlex redeemed Sound Alert: lAheEe (200)
[2023-01-06 11:36:15] <%Between_the_voids> inkkRAVE inkkRAVE inkkRAVE
[2023-01-06 11:36:34] [Points] skracher34 redeemed 🌼 Headpats 🌼 (2 000)
[2023-01-06 11:36:54] <Hidden_Crab> Ah yes. She now knows the power of gun.
[2023-01-06 11:37:03] VIEWERS: 230
[2023-01-06 11:37:34] <%$lillyjack99> inkkFIREAni inkkFIREAni
[2023-01-06 11:37:38] <$Shaionara_> Gamma over here looking like queen liz the 1st
[2023-01-06 11:37:44] <%Between_the_voids> What level is your magick now?
[2023-01-06 11:38:19] <%Between_the_voids> it breaks the game
[2023-01-06 11:38:24] <%Between_the_voids> lol idk
[2023-01-06 11:38:25] <$Shaionara_> I don't think it'll let you buy it
[2023-01-06 11:38:39] <%$lillyjack99> immortal chicken
[2023-01-06 11:38:41] <Ashardalonn> should be able to kick it, its fable afterall
[2023-01-06 11:38:51] <%Between_the_voids> inkkRUN
[2023-01-06 11:39:03] Viewerstats (11:10-11:39): avg:212 min:177 max:236 [15/177+12+0+14+0+33+0−32+0+17+0+0+9+0+0]
[2023-01-06 11:39:03] VIEWERS: 230
[2023-01-06 11:39:41] <%Between_the_voids> I wish dancing made my gas cheaper
[2023-01-06 11:39:41] <Ashardalonn> and if i try it i get kicked out of the shop
[2023-01-06 11:39:46] <Hidden_Crab> Just remembered. Gun is true equality. Even kids can take lead.
[2023-01-06 11:39:56] <%quontox> poot on her
[2023-01-06 11:40:06] <!Merryweather> inkkPADORU
[2023-01-06 11:40:07] [Announcement] <Nightbot> ✦ Check out our NEW Twitch Vtuber team, VIISYN ✦ https://twitter.com/VIISYN
[2023-01-06 11:40:15] <!Merryweather> kill that lady
[2023-01-06 11:40:19] <!Merryweather> kill her
[2023-01-06 11:40:20] <!Merryweather> i hate her
[2023-01-06 11:40:22] <Ashardalonn> time to buy her shop and make it pricier
[2023-01-06 11:40:27] <%quesopika> lordae3Bradley
[2023-01-06 11:40:46] <!Merryweather> merryDog
[2023-01-06 11:40:48] <%Between_the_voids> @merryweather hiii inkkWaveAni love your comics
[2023-01-06 11:40:51] <%$lillyjack99> tat oos
[2023-01-06 11:41:01] <FrostiOwl> AHHHHHHHHHH
[2023-01-06 11:41:03] VIEWERS: 235
[2023-01-06 11:41:04] <@^Nightbot> 🛒 GammaInkk x UWU Market Merch 🛒https://uwumarket.us/collections/gammainkk
[2023-01-06 11:41:32] [Notification] akninirith gifted a Tier 1 sub to Merryweather! This is their first Gift Sub in the channel! Merryweather has subscribed for 4 months!
[2023-01-06 11:41:59] <!HardcorexHunter> inkkNessie
[2023-01-06 11:42:11] <@%ThatVtuberAlex> !so Merryweather
[2023-01-06 11:42:11] [Announcement] <StreamElements> ══════════════════════════════⠀⠀⠀⠀⠀⠀⠀⠀⠀⠀⠀⠀⠀⠀⠀⠀⠀☆☆ ⠀⠀⠀⠀⠀⠀⠀⠀     ⠀⠀⠀⠀⠀⠀⠀⠀⠀⠀⠀⠀ Check out  ⠀⠀⠀⠀⠀⠀⠀⠀⠀⠀⠀⠀⠀Merryweather                           ⠀⠀⠀⠀⠀⠀⠀http://twitch.tv/Merryweather ~!                                                 ══════════════════════════════
[2023-01-06 11:42:13] <@%^StreamElements> ★▬▬▬▬▬▬▬▬▬▬▬▬▬▬▬▬▬▬▬▬▬★ ⠀⠀⠀ ⠀⛩️GammaInkk's social media⛩️ ⠀⠀⠀⠀⠀⠀⠀⠀twitter.com/gammainkk ⠀ ⠀⠀⠀⠀⠀⠀⠀ ⠀⠀⠀⠀⠀⠀⠀ instagram.com/gammainkk ⠀⠀⠀⠀⠀⠀⠀youtube.com/c/GammaInkk⠀⠀⠀⠀⠀ ⠀⠀⠀⠀ ⠀⠀⠀ tiktok.com/@gammainkk ⠀⠀⠀⠀⠀ ⠀⠀⠀⠀⠀⠀ ⠀ discord.gg/kitsunecove ★▬▬▬▬▬▬▬▬▬▬▬▬▬▬▬▬▬▬▬▬▬★
[2023-01-06 11:42:15] <%Between_the_voids> inkkCreepA inkkCreepB inkkCreepC
[2023-01-06 11:42:15] [Notification] An anonymous user gifted a Tier 1 sub to HardcorexHunter! HardcorexHunter has subscribed for 9 months!
[2023-01-06 11:42:18] <%quontox> your learned your social skills this way?
[2023-01-06 11:42:27] <!%HardcorexHunter> @AnAnonymousGifter Thanks for the gift sub!
[2023-01-06 11:42:28] <%$UwUUwUmi> inkkLul
[2023-01-06 11:42:32] <@%ThatVtuberAlex> get in Gam!
[2023-01-06 11:42:33] <%$lillyjack99> sounds like a twitter bio lul
[2023-01-06 11:42:41] <!%heckelchris> @gammainkk  what is the turtle incident? With siia
[2023-01-06 11:42:56] <%Between_the_voids> stab her in the butt inkkKnife
[2023-01-06 11:43:03] VIEWERS: 235
[2023-01-06 11:43:08] <@%ThatVtuberAlex> hold hands get pregnanate
[2023-01-06 11:43:28] <%Between_the_voids> What did you even do xD
[2023-01-06 11:43:31] [Usernotice] SinsSlender is gifting 1 Tier 1 Subs to GammaInkk's community! They've gifted a total of 1 in the channel!
[2023-01-06 11:43:31] [Notification] SinsSlender gifted a Tier 1 sub to fourFufu! fourFufu has subscribed for 17 months!
[2023-01-06 11:43:34] <%NicoRakshasa> I think it's your outfit
[2023-01-06 11:43:53] <%$lillyjack99> the chickens spreads the news of a belching fox running through the lands
[2023-01-06 11:43:58] <%SinsSlender> Hype train inkkRAVE inkkRAVE
[2023-01-06 11:44:07] <%Between_the_voids> inkkRAVE inkkRAVE inkkRAVE
[2023-01-06 11:44:12] <%bones_tiger> inkkLurk
[2023-01-06 11:44:37] <@%ThatVtuberAlex> ham train
[2023-01-06 11:44:40] <!%HardcorexHunter> inkkRAVE inkkTail
[2023-01-06 11:45:03] VIEWERS: 260
[2023-01-06 11:45:06] <@^Nightbot> 🎁 Gamma's Wishlist 🎁 https://thrn.co/u/gammainkk
[2023-01-06 11:45:53] <+warlike_o_o> aeriyAEREEEE aeriyAEREEEE aeriyAEREEEE
[2023-01-06 11:46:03] <%Between_the_voids> inkkDerp
[2023-01-06 11:46:09] <Ashardalonn> show your nukes
[2023-01-06 11:46:11] <%$lillyjack99> unsubscribe button
[2023-01-06 11:46:15] <%Between_the_voids> inkkKnife
[2023-01-06 11:46:31] <%quesopika> inkkSmug inkkSmug inkkSmug
[2023-01-06 11:46:45] <%quesopika> !cock
[2023-01-06 11:46:45] <@%^StreamElements> COCK COCK COCK COCK COCK COCK COCK COCK COCK COCK COCK COCK COCK COCK COCK COCK COCK
[2023-01-06 11:46:50] <%$lillyjack99> Gamma end her 12inches
[2023-01-06 11:46:51] <%+skracher34> inkkBonk inkkBonk inkkBonk inkkBonk
[2023-01-06 11:46:55] <%$lillyjack99> and
[2023-01-06 11:46:55] <%Between_the_voids> xD
[2023-01-06 11:47:03] VIEWERS: 260
[2023-01-06 11:47:16] <%Between_the_voids> inkkRUN inkkRUN inkkRUN
[2023-01-06 11:47:19] <@%ThatVtuberAlex> Flirt + 69
[2023-01-06 11:47:31] <%Between_the_voids> ^ inkkCool
[2023-01-06 11:47:40] <DirtyyRat> fableeee PogChamp
[2023-01-06 11:48:00] <Ashardalonn> gnomes where a qest in another game
[2023-01-06 11:48:25] <FrostiOwl> Bro get a face tattoo
[2023-01-06 11:49:03] VIEWERS: 277
[2023-01-06 11:49:38] <Ashardalonn> dont remember those
[2023-01-06 11:50:06] <@^Nightbot> 🛒 GammaInkk x UWU Market Merch 🛒https://uwumarket.us/collections/gammainkk
[2023-01-06 11:51:03] VIEWERS: 277
[2023-01-06 11:51:04] <@^Nightbot> 🔻Code 'GammaInkk' for 10% OFF🔻 https://gamersupps.gg/?ref=GammaInkk
[2023-01-06 11:51:15] [Points] TuroKnifer redeemed Sound Alert: LA-HEE (400)
[2023-01-06 11:51:31] [Points] Master_Beta69420 redeemed 🌊 Hydrate 🌊 (1 000)
[2023-01-06 11:51:32] <%Between_the_voids> " Let's start a riot! A riot! Let's start a riot!
[2023-01-06 11:51:34] [Points] skracher34 redeemed Sound Alert: lAheEe (200)
[2023-01-06 11:51:42] <%quontox> KEKW
[2023-01-06 11:51:45] [Points] Master_Beta69420 redeemed Sound Alert: lAheEe (200)
[2023-01-06 11:51:56] [Points] Master_Beta69420 redeemed Sound Alert: lAheEe (200)
[2023-01-06 11:52:08] <%Sabian42> Good ol Stephen Fry
[2023-01-06 11:52:08] <FrostiOwl> Yes you are
[2023-01-06 11:52:16] <%+Zero_gs> he looks like a bitch
[2023-01-06 11:52:27] <%quontox> he would probably spank you
[2023-01-06 11:52:30] [Points] TommZee redeemed 🦊 Fox Gamma 🦊 (15 000)
[2023-01-06 11:52:37] <Ashardalonn> he has a bad gun
[2023-01-06 11:52:40] <%Between_the_voids> inkkLORD
[2023-01-06 11:53:03] VIEWERS: 271
[2023-01-06 11:53:14] <+fawlorn> how is your character serving such c*nt. shes an icon
[2023-01-06 11:53:15] <Thefrein> I'm sure he'll be fine after some rest.
[2023-01-06 11:53:16] <Ashardalonn> an interesting building right here
[2023-01-06 11:53:17] [Points] skracher34 redeemed Sound Alert: LA-HEE (400)
[2023-01-06 11:53:34] <+BritishTrashPanda> Stelhen Fry’s a national treasure
[2023-01-06 11:53:42] <+BritishTrashPanda> *Stephen
[2023-01-06 11:54:03] <Ashardalonn> i buy all ouses, the sooner you buy one the sooner you can buy more
[2023-01-06 11:54:26] <%Between_the_voids> So simple.
[2023-01-06 11:54:34] <%Between_the_voids> poor person
[2023-01-06 11:54:54] <%xXMaloeeXx> i am back
[2023-01-06 11:55:01] <%Between_the_voids> very metal
[2023-01-06 11:55:03] VIEWERS: 271
[2023-01-06 11:55:09] <%Between_the_voids> hoii mal
[2023-01-06 11:55:35] <%xXMaloeeXx> awwww a fluffy kitty
[2023-01-06 11:56:51] <AtrophyAtomic> We all have bones, silly
[2023-01-06 11:56:54] <%Between_the_voids> love
[2023-01-06 11:56:58] <Thefrein> Yes, you have bones. How else would you stay upright?
[2023-01-06 11:57:03] VIEWERS: 276
[2023-01-06 11:57:25] <AtrophyAtomic> Did we put a ring on anyone yet?
[2023-01-06 11:57:33] <%xXMaloeeXx> sorry For call U Kitty when U are Not a Kitty :<
[2023-01-06 11:58:23] [Points] TuroKnifer redeemed Sound Alert: LA-HEE (400)
[2023-01-06 11:58:31] <%Between_the_voids> Gama- I'm not good at decorating.
[2023-01-06 11:58:40] <%Between_the_voids> also gama- builds 3d model
[2023-01-06 11:59:03] VIEWERS: 276
[2023-01-06 11:59:20] <%$vrBlackbird> it updates
[2023-01-06 11:59:23] <%Between_the_voids> you randomly get money
[2023-01-06 11:59:23] <Ashardalonn> you see it in the map room i think
[2023-01-06 11:59:24] <AtrophyAtomic> In Game Decor: Yeah Nah, Blender: Nah Yeah
[2023-01-06 12:00:06] <%Between_the_voids> @atrophyatomic xD
[2023-01-06 12:00:11] [Announcement] <Nightbot> ✦ Check out our NEW Twitch Vtuber team, VIISYN ✦ https://twitter.com/VIISYN
[2023-01-06 12:01:03] VIEWERS: 279
[2023-01-06 12:01:08] <@^Nightbot> 🛒 GammaInkk x UWU Market Merch 🛒https://uwumarket.us/collections/gammainkk
[2023-01-06 12:02:08] <@^Nightbot> 🔻Code 'GammaInkk' for 10% OFF🔻 https://gamersupps.gg/?ref=GammaInkk
[2023-01-06 12:02:14] <FrostiOwl> pepeLost
[2023-01-06 12:02:14] <@%^StreamElements> ★▬▬▬▬▬▬▬▬▬▬▬▬▬▬▬▬▬▬▬▬▬★ ⠀⠀⠀ ⠀⛩️GammaInkk's social media⛩️ ⠀⠀⠀⠀⠀⠀⠀⠀twitter.com/gammainkk ⠀ ⠀⠀⠀⠀⠀⠀⠀ ⠀⠀⠀⠀⠀⠀⠀ instagram.com/gammainkk ⠀⠀⠀⠀⠀⠀⠀youtube.com/c/GammaInkk⠀⠀⠀⠀⠀ ⠀⠀⠀⠀ ⠀⠀⠀ tiktok.com/@gammainkk ⠀⠀⠀⠀⠀ ⠀⠀⠀⠀⠀⠀ ⠀ discord.gg/kitsunecove ★▬▬▬▬▬▬▬▬▬▬▬▬▬▬▬▬▬▬▬▬▬★
[2023-01-06 12:02:19] <oddmanft> hello just joind
[2023-01-06 12:03:03] VIEWERS: 279
[2023-01-06 12:03:06] <@^Nightbot> 🎁 Gamma's Wishlist 🎁 https://thrn.co/u/gammainkk
[2023-01-06 12:03:14] <%$vrBlackbird> maybe they sleep standing up?
[2023-01-06 12:04:10] <%+Zero_gs> foxyjoPLS foxyjoPLS foxyjoPLS foxyjoPLS foxyjoPLS
[2023-01-06 12:04:52] <AtrophyAtomic> this dramatic music. it would be a shame if someone ...
[2023-01-06 12:05:03] VIEWERS: 305
[2023-01-06 12:06:00] <Ashardalonn> renting houses brings in cash fast
[2023-01-06 12:06:14] <%shironeko8973> ^
[2023-01-06 12:06:16] <Ashardalonn> i basically owned everything by midgame
[2023-01-06 12:06:41] <ebbykb> what is the name of the game
[2023-01-06 12:06:43] [Points] AtrophyAtomic redeemed Sound Alert: LA-HEE (400)
[2023-01-06 12:07:03] <tx_shadow> wheres the Rebecca avatar
[2023-01-06 12:07:05] VIEWERS: 305
[2023-01-06 12:07:13] <AtrophyAtomic> Don't move! *immediately moves*
[2023-01-06 12:07:39] <%step_ladder> a fable stream with no technical issue? rare
[2023-01-06 12:08:07] <+gotsytv> is this xbox 360/
[2023-01-06 12:08:21] <%Between_the_voids> Here they come... * puts on reading glasses
[2023-01-06 12:08:30] <+gotsytv> God this feels so nostalgic
[2023-01-06 12:08:49] <Cathomyr> Have you played the other two?
[2023-01-06 12:08:55] <+gotsytv> my guess is rainbow six siege
[2023-01-06 12:08:58] <%+killpillz11> rainbow siege 6 maybe?
[2023-01-06 12:09:07] Viewerstats (11:41-12:09): avg:272 min:235 max:305 [15/235+0+25+0+17+0−6+0+5+0+3+0+26+0−19]
[2023-01-06 12:09:07] VIEWERS: 286
[2023-01-06 12:09:26] <AtrophyAtomic> and she's cute too
[2023-01-06 12:09:27] <%Between_the_voids> Poof and like magick.. there was an actual fox girl
[2023-01-06 12:10:06] <@^Nightbot> 🛒 GammaInkk x UWU Market Merch 🛒https://uwumarket.us/collections/gammainkk
[2023-01-06 12:10:12] <LorianBot> Fun
[2023-01-06 12:10:33] <ebbykb> what's the game about
[2023-01-06 12:10:34] [Points] hawkblack103 redeemed ⛩️ O.G Gamma ⛩️ (15 000)
[2023-01-06 12:11:08] VIEWERS: 286
[2023-01-06 12:11:15] <%Between_the_voids> of course you'd pick that xD
[2023-01-06 12:11:20] <%quesopika> inkkLul inkkLul
[2023-01-06 12:11:33] <%Between_the_voids> inkkSmug
[2023-01-06 12:12:21] <AtrophyAtomic> @ebbykb forming alliances and fundong a revolution.
[2023-01-06 12:12:21] <%$UwUUwUmi> inkkHmm
[2023-01-06 12:12:28] <%Between_the_voids> watching streams on this Samsung fold is amazing
[2023-01-06 12:12:46] <LorianBot> @Between_the_voids nice
[2023-01-06 12:12:53] <%step_ladder> @between_the_voids that's a pricy mobile
[2023-01-06 12:13:08] VIEWERS: 305
[2023-01-06 12:13:12] <%Between_the_voids> @lorianbot I never wanna use anything else.
[2023-01-06 12:13:32] <%Between_the_voids> @step_ladder And yesh.. but it was actually worth it for me.
[2023-01-06 12:13:47] <LorianBot> @Between_the_voids me neither
[2023-01-06 12:13:56] <%xXMaloeeXx> thix model is so cute
[2023-01-06 12:14:24] <%Between_the_voids> @lorianbot inkkRAVE
[2023-01-06 12:14:29] <LorianBot> i like to draw on my samsung fold
[2023-01-06 12:14:30] <%step_ladder> i love this london accent
[2023-01-06 12:14:40] <%quontox> get rough with them, pull their hair and spit on them
[2023-01-06 12:14:52] <AtrophyAtomic> Just how I love my justice... rough~
[2023-01-06 12:14:59] [Notification] ShebertLime subscribed with Prime.
[2023-01-06 12:15:01] <%xXMaloeeXx> do u have made ur avatar on ur own?
[2023-01-06 12:15:07] <@^Nightbot> 🎁 Gamma's Wishlist 🎁 https://thrn.co/u/gammainkk
[2023-01-06 12:15:08] VIEWERS: 305
[2023-01-06 12:15:14] <%Between_the_voids> @lorianbot I thought about doing that. But I mostly just watch content on it.  Good for games tho
[2023-01-06 12:15:44] <%quontox> whats he going to do, arrest you?!?!
[2023-01-06 12:16:04] <%step_ladder> @between_the_voids games on mobile?
[2023-01-06 12:16:04] <Ashardalonn> think i remeber this quests reward
[2023-01-06 12:16:04] <nelsonnnn_> Here have this piece of bread GivePLZ 🍞
[2023-01-06 12:16:13] <AtrophyAtomic> What's he gonna do? Spank me?
[2023-01-06 12:16:32] <%Between_the_voids> @step_ladder LOL yeah. a few gacha games here and there. Emulators too sometimes
[2023-01-06 12:16:52] <%step_ladder> @between_the_voids best gacha are on pc though
[2023-01-06 12:17:08] VIEWERS: 310
[2023-01-06 12:17:20] <LorianBot> @Between_the_voids for the games it feels just right even better than a tablet
[2023-01-06 12:17:25] <%Between_the_voids> @step_ladder oh I agree. But as much as I work, I don't really get to use my pc lately...
[2023-01-06 12:17:29] <%step_ladder> @between_the_voids your choice anyway siaNOD
[2023-01-06 12:17:43] <%step_ladder> @between_the_voids understandable
[2023-01-06 12:17:48] <%quontox> LORE ResidentSleeper
[2023-01-06 12:17:49] <%Between_the_voids> @lorianbot Agreed ^^
[2023-01-06 12:17:54] <%+ShebertLime> holy wall of text batman
[2023-01-06 12:17:57] <%+ShebertLime> how old is this game
[2023-01-06 12:18:13] <%Between_the_voids> @step_ladder ^^
[2023-01-06 12:18:56] <%quontox> kinda weird its just a year before skyrim
[2023-01-06 12:19:08] VIEWERS: 310
[2023-01-06 12:19:25] <%+ShebertLime> i sunk 30 hours into skyrim in two and a half days around new years
[2023-01-06 12:19:29] <%+ShebertLime> still dont know how to feel about it
[2023-01-06 12:19:47] <%Between_the_voids> but... TOS...
[2023-01-06 12:19:59] <%Probotect0r> how lewd
[2023-01-06 12:20:05] <%Probotect0r> *handholding*
[2023-01-06 12:20:07] [Announcement] <Nightbot> ✦ Check out our NEW Twitch Vtuber team, VIISYN ✦ https://twitter.com/VIISYN
[2023-01-06 12:20:14] <AtrophyAtomic> Holding Hands? BEFORE MARRIAGE?!
[2023-01-06 12:20:29] <Ashardalonn> delicious sewer apples
[2023-01-06 12:20:44] <%Between_the_voids> inkkLORD
[2023-01-06 12:21:04] <@^Nightbot> 🛒 GammaInkk x UWU Market Merch 🛒https://uwumarket.us/collections/gammainkk
[2023-01-06 12:21:09] VIEWERS: 305
[2023-01-06 12:21:09] <%quontox> loot goblin gamma
[2023-01-06 12:21:14] <Boom280> Woof?
[2023-01-06 12:21:16] <AtrophyAtomic> Scandal
[2023-01-06 12:22:11] <%Between_the_voids> lol just throwing dirt on him
[2023-01-06 12:22:13] <@%^StreamElements> ★▬▬▬▬▬▬▬▬▬▬▬▬▬▬▬▬▬▬▬▬▬★ ⠀⠀⠀ ⠀⛩️GammaInkk's social media⛩️ ⠀⠀⠀⠀⠀⠀⠀⠀twitter.com/gammainkk ⠀ ⠀⠀⠀⠀⠀⠀⠀ ⠀⠀⠀⠀⠀⠀⠀ instagram.com/gammainkk ⠀⠀⠀⠀⠀⠀⠀youtube.com/c/GammaInkk⠀⠀⠀⠀⠀ ⠀⠀⠀⠀ ⠀⠀⠀ tiktok.com/@gammainkk ⠀⠀⠀⠀⠀ ⠀⠀⠀⠀⠀⠀ ⠀ discord.gg/kitsunecove ★▬▬▬▬▬▬▬▬▬▬▬▬▬▬▬▬▬▬▬▬▬★
[2023-01-06 12:22:20] <%quontox> long johns THIS
[2023-01-06 12:23:06] <%CPP_Engi> leaflitGun
[2023-01-06 12:23:07] <%$UwUUwUmi> eavGun
[2023-01-06 12:23:09] VIEWERS: 305
[2023-01-06 12:23:14] <LorianBot> gun
[2023-01-06 12:23:31] <%Between_the_voids> pew pew
[2023-01-06 12:23:57] <Ashardalonn> dont think your wife will like sharing
[2023-01-06 12:23:58] <faesclaymore> i know just being attractive doesn't mean the genetics were originally godly
[2023-01-06 12:24:42] <%Abso_Zero> damn i haven't thought about this game in years
[2023-01-06 12:24:56] <%Between_the_voids> it's a solid game
[2023-01-06 12:25:01] <%pzyko_ninja> OG Gamma! hows it going cute foxxo? hope u are well
[2023-01-06 12:25:06] <@^Nightbot> 🔻Code 'GammaInkk' for 10% OFF🔻 https://gamersupps.gg/?ref=GammaInkk
[2023-01-06 12:25:09] VIEWERS: 311
[2023-01-06 12:25:18] <Ashardalonn> time to buy the city
[2023-01-06 12:25:44] <Ashardalonn> only if you end this quest the right way
[2023-01-06 12:26:11] <%xXMaloeeXx> i saw ur insta ur sooooooooooo cute <3
[2023-01-06 12:26:29] <%CPP_Engi> leaflitNotlikethis
[2023-01-06 12:26:40] <@%ThatVtuberAlex> @pzyko_ninja NINJA!
[2023-01-06 12:26:50] <Ashardalonn> do you even want that nerd
[2023-01-06 12:26:51] <%Probotect0r> don't take him away from linda, she needs him
[2023-01-06 12:27:07] <%Between_the_voids> idk. he has a nice hat
[2023-01-06 12:27:07] [Points] Neko_Tigress redeemed 🌼 Headpats 🌼 (2 000)
[2023-01-06 12:27:09] VIEWERS: 311
[2023-01-06 12:28:15] <%pzyko_ninja> @ThatVtuberAlex HAI ALEX!
[2023-01-06 12:28:32] <%CPP_Engi> inkkOmegaLul
[2023-01-06 12:28:40] <%Between_the_voids> lol yeah ok
[2023-01-06 12:29:09] VIEWERS: 311
[2023-01-06 12:29:11] <%$UwUUwUmi> ayakazMicrocentimetro
[2023-01-06 12:29:15] <%CPP_Engi> them house conditions ;p;
[2023-01-06 12:29:41] [Points] bre4dness redeemed Sound Alert: LA-HEE (400)
[2023-01-06 12:29:42] <Ashardalonn> you repair it
[2023-01-06 12:29:59] [Points] willrob87 redeemed Sound Alert: lAheEe (200)
[2023-01-06 12:30:08] <@^Nightbot> 🛒 GammaInkk x UWU Market Merch 🛒https://uwumarket.us/collections/gammainkk
[2023-01-06 12:30:14] [Points] KushKoma_ redeemed Sound Alert: LA-HEE (400)
[2023-01-06 12:31:06] <@^Nightbot> 🎁 Gamma's Wishlist 🎁 https://thrn.co/u/gammainkk
[2023-01-06 12:31:09] VIEWERS: 306
[2023-01-06 12:31:20] [Points] Prent___ redeemed Sound Alert: LA-HEE (400)
[2023-01-06 12:31:30] [Points] KushKoma_ redeemed Sound Alert: lAheEe (200)
[2023-01-06 12:31:32] <%CPP_Engi> shrkWoke maximum rent
[2023-01-06 12:31:37] <faesclaymore> people saw what they were not worthy of at all
[2023-01-06 12:31:46] [Points] Between_the_voids redeemed Sound Alert: lAheEe (200)
[2023-01-06 12:31:46] <AtrophyAtomic> Landlords be like...
[2023-01-06 12:31:52] <Ashardalonn> your renting it out, pretty sure its stealing again
[2023-01-06 12:32:08] <Ashardalonn> yes they will still rent it, but you will just be evil
[2023-01-06 12:32:36] <%CPP_Engi> siaWheeze
[2023-01-06 12:32:42] <%$UwUUwUmi> HUH
[2023-01-06 12:32:57] <Sylariusz> geefWtf
[2023-01-06 12:32:59] <%Between_the_voids> milkym21LUL milkym21LUL
[2023-01-06 12:32:59] <%+sam_the_stampede> SNIFFA
[2023-01-06 12:33:05] <AtrophyAtomic> siaPoot
[2023-01-06 12:33:09] VIEWERS: 306
[2023-01-06 12:33:48] [Points] Sekibonki redeemed 🌼 Headpats 🌼 (2 000)
[2023-01-06 12:34:34] <%$Dip_Shidiot> MercyWing1 laynaOHewwo MercyWing2
[2023-01-06 12:35:03] <%+VES_Typh00n> Heya how’s it going!
[2023-01-06 12:35:09] VIEWERS: 310
[2023-01-06 12:35:26] <%Between_the_voids> inkkZOOM
[2023-01-06 12:35:44] BITS: jacksixterror (100)
[2023-01-06 12:35:44] <jacksixterror> Cheer100 aight, this my first gammaink stream, I don't know what to expect
[2023-01-06 12:35:52] <+LilMacAttack55> this is why we read before signing or at least read first sentence
[2023-01-06 12:36:47] <AtrophyAtomic> nonconcentual d&d
[2023-01-06 12:37:09] VIEWERS: 310
[2023-01-06 12:37:31] <+LilMacAttack55> where granny bacon at
[2023-01-06 12:37:51] <+DevXC> LUL
[2023-01-06 12:38:56] <FrostiOwl> EAT HIS ASS 😡
[2023-01-06 12:39:07] <AtrophyAtomic> Ayo
[2023-01-06 12:39:09] Viewerstats (12:11-12:39): avg:305 min:284 max:311 [15/286+19+0+5+0−5+0+6+0+0−5+0+4+0−26]
[2023-01-06 12:39:09] VIEWERS: 284
[2023-01-06 12:39:19] <Sylariusz> the quest designer team had fun with this one
[2023-01-06 12:39:35] DELETED: FrostiOwl (EAT HIS ASS 😡)
[2023-01-06 12:40:00] <AtrophyAtomic> Awoo
[2023-01-06 12:40:05] <Sylariusz> awooga
[2023-01-06 12:40:07] [Announcement] <Nightbot> ✦ Check out our NEW Twitch Vtuber team, VIISYN ✦ https://twitter.com/VIISYN
[2023-01-06 12:40:07] <kingimperial81> Hi gamma!! I just wanted to say you are one of my most favorites to watch, your model and your voice are so cute! Hope you’re having a good stream!
[2023-01-06 12:40:20] <%$UwUUwUmi> inkkFIREAni
[2023-01-06 12:40:22] <+Psymon12> killing all those poor puppies
[2023-01-06 12:40:35] <$Shaionara_> Gamma doing Peta's work
[2023-01-06 12:40:45] <%shyphyre> What kinda game is fable?
[2023-01-06 12:40:58] [Notification] The_Kampfi subscribed at Tier 1. They've subscribed for 6 months! [Hello gamma, cant belief this is already half a year enclasePog thanks for good, aussi entertaiment]
[2023-01-06 12:41:04] [Points] LisaTheFoxx redeemed Sound Alert: LA-HEE (400)
[2023-01-06 12:41:04] <@^Nightbot> 🛒 GammaInkk x UWU Market Merch 🛒https://uwumarket.us/collections/gammainkk
[2023-01-06 12:41:09] VIEWERS: 284
[2023-01-06 12:41:38] <Sylariusz> @shyphyre a pretty casual third-person action game with a morality system
[2023-01-06 12:41:56] <AtrophyAtomic> @shyphyre mostly plotter around forging alliances
[2023-01-06 12:42:13] <%shyphyre> plotter?
[2023-01-06 12:42:13] <@%^StreamElements> ★▬▬▬▬▬▬▬▬▬▬▬▬▬▬▬▬▬▬▬▬▬★ ⠀⠀⠀ ⠀⛩️GammaInkk's social media⛩️ ⠀⠀⠀⠀⠀⠀⠀⠀twitter.com/gammainkk ⠀ ⠀⠀⠀⠀⠀⠀⠀ ⠀⠀⠀⠀⠀⠀⠀ instagram.com/gammainkk ⠀⠀⠀⠀⠀⠀⠀youtube.com/c/GammaInkk⠀⠀⠀⠀⠀ ⠀⠀⠀⠀ ⠀⠀⠀ tiktok.com/@gammainkk ⠀⠀⠀⠀⠀ ⠀⠀⠀⠀⠀⠀ ⠀ discord.gg/kitsunecove ★▬▬▬▬▬▬▬▬▬▬▬▬▬▬▬▬▬▬▬▬▬★
[2023-01-06 12:42:49] <AtrophyAtomic> yeah you know plotter.
[2023-01-06 12:43:09] VIEWERS: 306
[2023-01-06 12:43:11] <cr1t1cull> inkkNessie
[2023-01-06 12:43:15] <%$flamemasterdragon> pasta inkkGud
[2023-01-06 12:43:32] <AtrophyAtomic> sushi?
[2023-01-06 12:43:32] <%$flamemasterdragon> hello how you doing gamma?
[2023-01-06 12:43:48] [Points] TuroKnifer redeemed Sound Alert: LA-HEE (400)
[2023-01-06 12:43:51] <cr1t1cull> a fockin leaver
[2023-01-06 12:43:53] <%shyphyre> lever and lever are the same
[2023-01-06 12:43:59] [Points] ThatVtuberAlex redeemed Sound Alert: lAheEe (200)
[2023-01-06 12:44:10] <%$UwUUwUmi> inkkFIREAni
[2023-01-06 12:44:20] <%Master_Beta69420> I regret drinking that coffee 10 mins ago I wanna go to bed but I cant sleep inkkDred
[2023-01-06 12:45:07] <@^Nightbot> 🎁 Gamma's Wishlist 🎁 https://thrn.co/u/gammainkk
[2023-01-06 12:45:09] VIEWERS: 306
[2023-01-06 12:45:43] <AtrophyAtomic> Getting some noods?
[2023-01-06 12:45:47] <$kisuke_yamamori> hiya gammy ink
[2023-01-06 12:46:13] <%Master_Beta69420> I am very susceptible to caffeine and music and alot of other things
[2023-01-06 12:46:14] <FrostiOwl> ????
[2023-01-06 12:46:15] <PhantomFlan> Yeah, that's a thing
[2023-01-06 12:46:19] <AtrophyAtomic> What's a condom?
[2023-01-06 12:46:25] <%+sam_the_stampede> 🍝 🍝 🍝 🍝
[2023-01-06 12:46:33] <@%ThatVtuberAlex> okies nini evil laugh Gamma! I gotta get some sleepies. busy weekend. Much love and I'll take that condom off your hands inkkSmug
[2023-01-06 12:46:35] <FortsUnderSiege> HUH
[2023-01-06 12:46:36] <PhantomFlan> I forgot that this game had that in it
[2023-01-06 12:46:41] <FortsUnderSiege> what did that say
[2023-01-06 12:46:43] <%+VES_Typh00n> I miss lionhead studios
[2023-01-06 12:46:43] <AtrophyAtomic> More like the Sin of Bust
[2023-01-06 12:46:44] <FortsUnderSiege> wtf
[2023-01-06 12:46:47] <FrostiOwl> Ayo she down bad
[2023-01-06 12:47:01] <@%ThatVtuberAlex> Chicken chaser??
[2023-01-06 12:47:09] VIEWERS: 312
[2023-01-06 12:47:24] <FortsUnderSiege> demon chicken!
[2023-01-06 12:47:36] <FortsUnderSiege> when you poop ou KFC, you get this
[2023-01-06 12:47:52] <kitson86> demon chicken chaysa
[2023-01-06 12:48:00] <franceaustin1110> man this is a blast from the past
[2023-01-06 12:48:00] <AtrophyAtomic> In Fable, Chicken fries you.
[2023-01-06 12:48:46] <franceaustin1110> chicken fried fable
[2023-01-06 12:49:08] <FortsUnderSiege> SMOrc
[2023-01-06 12:49:09] VIEWERS: 312
[2023-01-06 12:49:46] <+Psymon12> this is making me want to go reinstall fable remastered
[2023-01-06 12:50:07] <@^Nightbot> 🛒 GammaInkk x UWU Market Merch 🛒https://uwumarket.us/collections/gammainkk
[2023-01-06 12:51:05] <@^Nightbot> 🔻Code 'GammaInkk' for 10% OFF🔻 https://gamersupps.gg/?ref=GammaInkk
[2023-01-06 12:51:13] VIEWERS: 312
[2023-01-06 12:51:55] <franceaustin1110> lul
[2023-01-06 12:52:01] <%Master_Beta69420> I just gifted my friend on steam 7 hentai games for fun I guess I hope he enjoys them lol
[2023-01-06 12:52:07] <%CPP_Engi> DnD with the homies be like
[2023-01-06 12:53:07] <franceaustin1110> that was hawt
[2023-01-06 12:53:14] VIEWERS: 289
[2023-01-06 12:53:37] <AtrophyAtomic> These guys need to get laid.
[2023-01-06 12:53:45] <Ashardalonn> the world should always have a little cannibalism
[2023-01-06 12:54:38] <%Master_Beta69420> Some shitty ones games my budget was 10 bucks inkkLul
[2023-01-06 12:55:03] <eggroll_2332> new here just wanted to say you have a cute model
[2023-01-06 12:55:06] <franceaustin1110> rekt
[2023-01-06 12:55:10] <Masuyuu> lil rood
[2023-01-06 12:55:14] VIEWERS: 289
[2023-01-06 12:55:17] <PhantomFlan> Destroyed
[2023-01-06 12:55:18] <AtrophyAtomic> get shit on nerds
[2023-01-06 12:55:28] <%+VES_Typh00n> Arthur the Thug! LUL
[2023-01-06 12:55:35] [Points] sam_the_stampede redeemed 🦊 Fox Gamma 🦊 (15 000)
[2023-01-06 12:55:43] [Points] Master_Beta69420 redeemed Sound Alert: lAheEe (200)
[2023-01-06 12:55:45] <franceaustin1110> how did he know
[2023-01-06 12:55:57] [Points] kiriosthanatos redeemed Sound Alert: lAheEe (200)
[2023-01-06 12:56:10] <%$kiriosthanatos> im back and yay fable 3 is working
[2023-01-06 12:56:13] [Points] Probotect0r redeemed Sound Alert: LA-HEE (400)
[2023-01-06 12:56:34] [Points] VES_Typh00n redeemed Sound Alert: LA-HEE (400)
[2023-01-06 12:56:56] [Points] shyphyre redeemed Sound Alert: lAheEe (200)
[2023-01-06 12:57:01] [Points] shyphyre redeemed Sound Alert: LA-HEE (400)
[2023-01-06 12:57:05] <%Between_the_voids> lol it's broke.  buy more lol
[2023-01-06 12:57:14] VIEWERS: 313
[2023-01-06 12:57:47] <AtrophyAtomic> yeah
[2023-01-06 12:57:48] <Ashardalonn> think there is a prompt
[2023-01-06 12:58:16] <AtrophyAtomic> ffxiv condoms when?
[2023-01-06 12:58:42] <%+VES_Typh00n> Awwwhh I miss fable a lot, I really hope playground games does keep it in its roots when they make it
[2023-01-06 12:59:14] VIEWERS: 307
[2023-01-06 12:59:25] <%Probotect0r> do the lahee music xD
[2023-01-06 13:00:08] <%Between_the_voids> inkkRAVE inkkRAVE inkkRAVE inkkRAVE inkkRAVE inkkRAVE inkkRAVE inkkRAVE inkkRAVE inkkRAVE inkkRAVE inkkRAVE inkkRAVE inkkRAVE inkkRAVE inkkRAVE inkkRAVE inkkRAVE inkkRAVE inkkRAVE inkkRAVE inkkRAVE
[2023-01-06 13:00:14] [Announcement] <Nightbot> ✦ Check out our NEW Twitch Vtuber team, VIISYN ✦ https://twitter.com/VIISYN
[2023-01-06 13:00:44] <%Between_the_voids> milkym21Blankies
[2023-01-06 13:01:09] <@^Nightbot> 🛒 GammaInkk x UWU Market Merch 🛒https://uwumarket.us/collections/gammainkk
[2023-01-06 13:01:14] VIEWERS: 307
[2023-01-06 13:02:08] <@^Nightbot> 🔻Code 'GammaInkk' for 10% OFF🔻 https://gamersupps.gg/?ref=GammaInkk
[2023-01-06 13:02:13] <@%^StreamElements> ★▬▬▬▬▬▬▬▬▬▬▬▬▬▬▬▬▬▬▬▬▬★ ⠀⠀⠀ ⠀⛩️GammaInkk's social media⛩️ ⠀⠀⠀⠀⠀⠀⠀⠀twitter.com/gammainkk ⠀ ⠀⠀⠀⠀⠀⠀⠀ ⠀⠀⠀⠀⠀⠀⠀ instagram.com/gammainkk ⠀⠀⠀⠀⠀⠀⠀youtube.com/c/GammaInkk⠀⠀⠀⠀⠀ ⠀⠀⠀⠀ ⠀⠀⠀ tiktok.com/@gammainkk ⠀⠀⠀⠀⠀ ⠀⠀⠀⠀⠀⠀ ⠀ discord.gg/kitsunecove ★▬▬▬▬▬▬▬▬▬▬▬▬▬▬▬▬▬▬▬▬▬★
[2023-01-06 13:02:41] <ronco1210> Hi
[2023-01-06 13:03:08] <@^Nightbot> 🎁 Gamma's Wishlist 🎁 https://thrn.co/u/gammainkk
[2023-01-06 13:03:14] VIEWERS: 282
[2023-01-06 13:03:34] [Points] purr_lude redeemed Sound Alert: LA-HEE (400)
[2023-01-06 13:04:49] <%$UwUUwUmi> inkkWigglBOI inkkWigglBOI inkkWigglBOI inkkWigglBOI
[2023-01-06 13:05:14] VIEWERS: 282
[2023-01-06 13:05:36] <kadzumi_senpai> rikkuRoll rikkuRoll rikkuRoll rikkuRoll
[2023-01-06 13:06:18] <%CPP_Engi> rikkuRoll rikkuRoll rikkuRoll rikkuRoll rikkuRoll
[2023-01-06 13:06:26] <AtrophyAtomic> siaHYPE siaHYPE siaHYPE siaHYPE siaHYPE
[2023-01-06 13:06:53] <%$UwUUwUmi> ironmouseWiggly ironmouseWiggly ironmouseWiggly ironmouseWiggly
[2023-01-06 13:07:14] VIEWERS: 282
[2023-01-06 13:07:19] <Bejong> rooRave cohhRave rooRave cohhRave
[2023-01-06 13:07:48] <Bejong> rooWaddle rooWaddle rooWaddle rooWaddle rooWaddle
[2023-01-06 13:08:05] <$FrostySilverwind77> laHEE
[2023-01-06 13:08:16] <%pzyko_ninja> wb gamma
[2023-01-06 13:08:20] <%$kiriosthanatos> LAHEE!! welcom back cute gamgam
[2023-01-06 13:08:38] [Points] Amigo_Cat redeemed Sound Alert: lAheEe (200)
[2023-01-06 13:08:41] <%quontox> what do the numbers say and we'll tell you if its expired
[2023-01-06 13:09:03] <$Shaionara_> Cute sneeze
[2023-01-06 13:09:04] <%pzyko_ninja> blessed sneeze
[2023-01-06 13:09:14] Viewerstats (12:41-13:09): avg:297 min:279 max:313 [15/284+22+0+6+0+0−23+0+24−6+0−25+0+0−3]
[2023-01-06 13:09:14] VIEWERS: 279
[2023-01-06 13:09:24] <%silvermac41> bless you
[2023-01-06 13:09:41] [Points] XFoxNikosX redeemed Sound Alert: LA-HEE (400)
[2023-01-06 13:10:07] <@^Nightbot> 🛒 GammaInkk x UWU Market Merch 🛒https://uwumarket.us/collections/gammainkk
[2023-01-06 13:11:14] VIEWERS: 279
[2023-01-06 13:12:21] <%Between_the_voids> uuuuu swaord
[2023-01-06 13:13:14] VIEWERS: 279
[2023-01-06 13:15:14] VIEWERS: 266
[2023-01-06 13:17:14] VIEWERS: 291
[2023-01-06 13:17:35] [Points] Snazzypikachu55 redeemed Sound Alert: lAheEe (200)
[2023-01-06 13:18:03] [Points] SemiTallJawa redeemed 🌼 Headpats 🌼 (2 000)
[2023-01-06 13:19:02] <%+Flaeb> Ohhhh snap! Fableee
[2023-01-06 13:19:04] <$Shaionara_> LOL
[2023-01-06 13:19:08] <@%$Scotty_ManOfCulture> Your character has a dump truck
[2023-01-06 13:19:14] VIEWERS: 291
[2023-01-06 13:19:51] <@%$Scotty_ManOfCulture> Not too shabbyyyyy, how about you
[2023-01-06 13:19:53] <AtrophyAtomic> caked up on a friday
[2023-01-06 13:20:08] [Announcement] <Nightbot> ✦ Check out our NEW Twitch Vtuber team, VIISYN ✦ https://twitter.com/VIISYN
[2023-01-06 13:20:12] <%+Flaeb> "I'm going to a gay town!"
[2023-01-06 13:20:25] <@%$Scotty_ManOfCulture> Yus yus
[2023-01-06 13:20:29] <AtrophyAtomic> "Why is everyone in this town gay?!" - Gamma, 2023
[2023-01-06 13:20:59] <%$kniterider666> BEST FOX!!!!!
[2023-01-06 13:21:00] <%+Flaeb> Blacksmithing is so easy! Just smack it with a hammer! Wow!
[2023-01-06 13:21:05] <@^Nightbot> 🛒 GammaInkk x UWU Market Merch 🛒https://uwumarket.us/collections/gammainkk
[2023-01-06 13:21:12] <%$UwUUwUmi> ayakazBonk
[2023-01-06 13:21:14] VIEWERS: 279
[2023-01-06 13:21:22] <%$kniterider666> I love the model it's so freaking cute
[2023-01-06 13:21:30] <XDUSK777> hiiiii
[2023-01-06 13:22:13] <@%^StreamElements> ★▬▬▬▬▬▬▬▬▬▬▬▬▬▬▬▬▬▬▬▬▬★ ⠀⠀⠀ ⠀⛩️GammaInkk's social media⛩️ ⠀⠀⠀⠀⠀⠀⠀⠀twitter.com/gammainkk ⠀ ⠀⠀⠀⠀⠀⠀⠀ ⠀⠀⠀⠀⠀⠀⠀ instagram.com/gammainkk ⠀⠀⠀⠀⠀⠀⠀youtube.com/c/GammaInkk⠀⠀⠀⠀⠀ ⠀⠀⠀⠀ ⠀⠀⠀ tiktok.com/@gammainkk ⠀⠀⠀⠀⠀ ⠀⠀⠀⠀⠀⠀ ⠀ discord.gg/kitsunecove ★▬▬▬▬▬▬▬▬▬▬▬▬▬▬▬▬▬▬▬▬▬★
[2023-01-06 13:22:46] <%+uselfps> hey gamma hey chat inkkFlower
[2023-01-06 13:23:14] VIEWERS: 279
[2023-01-06 13:23:31] <%$kniterider666> I have to go to work have fun Gammi and chat
[2023-01-06 13:24:09] <%+uselfps> @kniterider666 have a nice day inkkHeart
[2023-01-06 13:25:02] <+T33L0W> good night xhelxWave
[2023-01-06 13:25:06] <@^Nightbot> 🔻Code 'GammaInkk' for 10% OFF🔻 https://gamersupps.gg/?ref=GammaInkk
[2023-01-06 13:25:14] VIEWERS: 307
[2023-01-06 13:26:34] <%Klinkout> hewwo, how you doing?
[2023-01-06 13:26:38] <%Klinkout> hi chat
[2023-01-06 13:26:55] <batmanisjokers> Hello fox gamma
[2023-01-06 13:27:05] <%+uselfps> @Klinkout inkkWaveAni
[2023-01-06 13:27:13] [Raid] 7 raiders from silverspell09 have joined!
[2023-01-06 13:27:17] VIEWERS: 307
[2023-01-06 13:27:27] <silverspell09> GAMMA
[2023-01-06 13:27:51] <silverspell09> was good played some OW2
[2023-01-06 13:27:54] <silverspell09> was doing the new event
[2023-01-06 13:28:04] <japausssie> hey im lukes cousin thx for the games this morning
[2023-01-06 13:28:09] <%blisssttv> Hi gamma how have you been
[2023-01-06 13:28:30] <silverspell09> nah final fantasy is gonna be tomorrow
[2023-01-06 13:28:36] <%Klinkout> !discord
[2023-01-06 13:28:36] <@^Nightbot> join the ★KITSUNE COVE★ discord.gg/kitsunecove
[2023-01-06 13:28:55] <silverspell09> the greek god thing yeah
[2023-01-06 13:28:59] <silverspell09> i wanted the mercy skin
[2023-01-06 13:29:18] VIEWERS: 307
[2023-01-06 13:29:30] <silverspell09> its the greek mercy skin from 1 you get it by doin the challenges
[2023-01-06 13:29:38] <%Between_the_voids> I back. what happened
[2023-01-06 13:30:10] <@^Nightbot> 🛒 GammaInkk x UWU Market Merch 🛒https://uwumarket.us/collections/gammainkk
[2023-01-06 13:30:30] <%$kniterider666> !lurk
[2023-01-06 13:30:30] <@^Nightbot> comfy time activated~! inkkComfy
[2023-01-06 13:30:40] <%+uselfps> Salleeey inkkPANIC
[2023-01-06 13:31:07] <@^Nightbot> 🎁 Gamma's Wishlist 🎁 https://thrn.co/u/gammainkk
[2023-01-06 13:31:19] VIEWERS: 307
[2023-01-06 13:33:05] [Notification] Snazzypikachu55 subscribed with Prime. They've subscribed for 2 months!
[2023-01-06 13:33:19] VIEWERS: 307
[2023-01-06 13:33:30] <%+Snazzypikachu55> inkkRAVE inkkRAVE
[2023-01-06 13:34:29] <silverspell09> its cause its evil isnt it
[2023-01-06 13:34:35] <silverspell09> gives you a worse reputation?
[2023-01-06 13:34:44] <silverspell09> its been for ever since i played fable
[2023-01-06 13:35:18] <silverspell09> i could be wrong
[2023-01-06 13:35:19] VIEWERS: 321
[2023-01-06 13:35:23] <silverspell09> as i said its been a while
[2023-01-06 13:35:35] <silverspell09> but i swear clothing had rep attached to it
[2023-01-06 13:36:05] [Points] Between_the_voids redeemed Sound Alert: lAheEe (200)
[2023-01-06 13:37:09] <%Between_the_voids> inkkRAVE
[2023-01-06 13:37:19] VIEWERS: 321
[2023-01-06 13:37:30] <%+uselfps> welcome back inkkHeart
[2023-01-06 13:37:41] [Notification] FlintErra subscribed at Tier 1. They've subscribed for 9 months, currently on a 2 month streak! [Oh no, gift sub expired. what a tragedy. inkkCool]
[2023-01-06 13:37:46] <shironeko8973> inkkPat inkkPat inkkPat
[2023-01-06 13:37:47] <silverspell09> i feel that
[2023-01-06 13:37:47] [Notification] Dahniik subscribed at Tier 1. They've subscribed for 23 months! [damn almost 2 years]
[2023-01-06 13:38:03] <%$kiriosthanatos> all good gamgamm, thanks for the stream, enjoy ur food and have a good rest inkkHeart
[2023-01-06 13:38:04] <o0papaspizza0o> こんにちは
[2023-01-06 13:38:06] <silverspell09> that was literally why i came and raided you tonight haha
[2023-01-06 13:38:14] <%Klinkout> what time is it for you now?
[2023-01-06 13:38:58] <silverspell09> also realizing what state your in cause of time zones xD yay for aussie time zones haha
[2023-01-06 13:39:02] <%+uselfps> thank you for the stream tho gamma inkkComfy hope you find some sleep today inkkHeart
[2023-01-06 13:39:10] <AtrophyAtomic> XBox Off
[2023-01-06 13:39:19] Viewerstats (13:11-13:39): avg:296 min:266 max:321 [15/279+0−13+25+0−12+0+28+0+0+0+0+14+0−8]
[2023-01-06 13:39:19] VIEWERS: 313
[2023-01-06 13:39:31] <%+skracher34> La-Hee
[2023-01-06 13:39:38] <%Between_the_voids> lahee
[2023-01-06 13:39:49] [Points] suddengamer88 redeemed Sound Alert: lAheEe (200)
[2023-01-06 13:39:50] <%+hawkblack103> ok what your time now?
[2023-01-06 13:40:07] [Points] SemiTallJawa redeemed Sound Alert: LA-HEE (400)
[2023-01-06 13:40:08] [Announcement] <Nightbot> ✦ Check out our NEW Twitch Vtuber team, VIISYN ✦ https://twitter.com/VIISYN
[2023-01-06 13:40:21] <XDUSK777> go to bed get your rest !!
[2023-01-06 13:40:26] [Points] Between_the_voids redeemed Sound Alert: LA-HEE (400)
[2023-01-06 13:40:27] <%+hawkblack103> wow
[2023-01-06 13:40:34] <suddengamer88> just got back from food shoping thanks for mini stream  and  yep tired too
[2023-01-06 13:40:38] <%$DEMAN192> vividlyVIVI is on also she a cool aussie vtuber
[2023-01-06 13:40:42] [Points] daha8901 redeemed Sound Alert: lAheEe (200)
[2023-01-06 13:40:49] <o0papaspizza0o> sory i wrote in japanich i wanted to say hello was gent
[2023-01-06 13:40:56] <XDUSK777> yes you need breaks
[2023-01-06 13:40:56] <%Between_the_voids> have a good seep seep
[2023-01-06 13:41:00] [Points] skracher34 redeemed Sound Alert: lAheEe (200)
[2023-01-06 13:41:05] <among_us_is_sus_af> hey
[2023-01-06 13:41:05] <%+hawkblack103> i got it thanks for stream <3
[2023-01-06 13:41:06] <@^Nightbot> 🛒 GammaInkk x UWU Market Merch 🛒https://uwumarket.us/collections/gammainkk
[2023-01-06 13:41:08] <%$UwUUwUmi> inkkPat
[2023-01-06 13:41:19] VIEWERS: 313
[2023-01-06 13:41:22] <%+hawkblack103> headpat
[2023-01-06 13:41:35] <%+hawkblack103> sure
[2023-01-06 13:41:36] <o0papaspizza0o> ごめんなさい、ジャパニッチで書きました
[2023-01-06 13:41:37] <AtrophyAtomic> yeyeye
[2023-01-06 13:41:38] <+DevXC> Thanks for the stream rest well fuyumi2Heart candyv4Hug
[2023-01-06 13:41:43] <%Between_the_voids> okiii
[2023-01-06 13:41:45] <%Klinkout> go take a rest
[2023-01-06 13:41:49] <%Between_the_voids> inkkComfy
[2023-01-06 13:41:52] <%Klinkout> I arrived to the end but no worries
[2023-01-06 13:42:00] <~%GammaInkk> !discord
[2023-01-06 13:42:01] <@^Nightbot> join the ★KITSUNE COVE★ discord.gg/kitsunecove
[2023-01-06 13:42:01] <%+hawkblack103> go rest take care
[2023-01-06 13:42:09] <%+hawkblack103> ily
[2023-01-06 13:42:14] <@%^StreamElements> ★▬▬▬▬▬▬▬▬▬▬▬▬▬▬▬▬▬▬▬▬▬★ ⠀⠀⠀ ⠀⛩️GammaInkk's social media⛩️ ⠀⠀⠀⠀⠀⠀⠀⠀twitter.com/gammainkk ⠀ ⠀⠀⠀⠀⠀⠀⠀ ⠀⠀⠀⠀⠀⠀⠀ instagram.com/gammainkk ⠀⠀⠀⠀⠀⠀⠀youtube.com/c/GammaInkk⠀⠀⠀⠀⠀ ⠀⠀⠀⠀ ⠀⠀⠀ tiktok.com/@gammainkk ⠀⠀⠀⠀⠀ ⠀⠀⠀⠀⠀⠀ ⠀ discord.gg/kitsunecove ★▬▬▬▬▬▬▬▬▬▬▬▬▬▬▬▬▬▬▬▬▬★
[2023-01-06 13:42:16] <~%GammaInkk> !twitter
[2023-01-06 13:42:16] <@^Nightbot> 🐦 Twitter here! https://twitter.com/GammaInkk
[2023-01-06 13:42:22] <%+hawkblack103> take your time
[2023-01-06 13:42:30] <%$flamemasterdragon> thank for the stream eat well hope are able to sleep today take care inkkHeart
[2023-01-06 13:42:36] <%Prent___> PauseChamp
[2023-01-06 13:42:54] [Notification] AtrophyAtomic subscribed at Tier 1.
[2023-01-06 13:43:12] <~%GammaInkk> !raid1
[2023-01-06 13:43:12] <@^Nightbot> inkkRAVE FOX RAID inkkRAVE FOX RAID inkkRAVE FOX RAID inkkRAVE FOX RAID inkkRAVE FOX RAID
[2023-01-06 13:43:19] VIEWERS: 278
[2023-01-06 13:43:24] <%$UwUUwUmi> rest well gamma GammaPat inkkTail
[2023-01-06 13:43:26] <%Prent___> inkkRAVE FOX RAID inkkRAVE FOX RAID inkkRAVE FOX RAID inkkRAVE FOX RAID inkkRAVE FOX RAID
[2023-01-06 13:43:30] <%$UwUUwUmi> inkkRAVE FOX RAID inkkRAVE FOX RAID inkkRAVE FOX RAID inkkRAVE FOX RAID inkkRAVE FOX RAID
[2023-01-06 13:43:31] [Notification] GammaInkk gifted a Tier 1 sub to Nightbot! Nightbot has subscribed for 20 months!
[2023-01-06 13:43:35] <%$kiriosthanatos> inkkRAVE inkkTail gamgam inkkWaveAni inkkTail cutie inkkRAVE inkkTail gamgam inkkWaveAni inkkTail cutie inkkRAVE inkkTail gamgam inkkWaveAni inkkTail cutie inkkRAVE inkkTail gamgam inkkWaveAni inkkTail cutie
[2023-01-06 13:43:42] <~%GammaInkk> !raid1
[2023-01-06 13:43:42] <@%^Nightbot> inkkRAVE FOX RAID inkkRAVE FOX RAID inkkRAVE FOX RAID inkkRAVE FOX RAID inkkRAVE FOX RAID
[2023-01-06 13:43:45] <~%GammaInkk> !raid2
[2023-01-06 13:43:45] <@%^Nightbot> ⭐🦊⛩️ FOX RAID ⭐🦊⛩️ FOX RAID⭐🦊⛩️  FOX RAID ⭐🦊⛩️ FOX RAID
[2023-01-06 13:43:48] <%$kiriosthanatos> inkkRAVE  FOX RAID  inkkRAVE  FOX RAID  inkkRAVE  FOX RAID  inkkRAVE  FOX RAID  inkkRAVE  FOX RAID
[2023-01-06 13:43:51] <+DevXC> ⭐ 🦊 ⛩️ FOX RAID ⭐ 🦊 ⛩️ FOX RAID⭐ 🦊 ⛩️ FOX RAID ⭐ 🦊 ⛩️ FOX RAID
[2023-01-06 13:43:53] <%$flamemasterdragon> inkkRAVE FOX RAID inkkRAVE FOX RAID inkkRAVE FOX RAID inkkRAVE FOX RAID inkkRAVE FOX RAID
[2023-01-06 13:43:53] <%Zihrune> inkkRAVE FOX RAID inkkRAVE FOX RAID inkkRAVE FOX RAID inkkRAVE FOX RAID inkkRAVE FOX RAID
[2023-01-06 13:43:57] <%AtrophyAtomic> inkkRAVE FOX RAID inkkRAVE FOX RAID inkkRAVE FOX RAID inkkRAVE FOX RAID inkkRAVE FOX RAID
[2023-01-06 13:44:02] <%Between_the_voids> inkkRAVE FOX RAID inkkRAVE FOX RAID inkkRAVE FOX RAID inkkRAVE FOX RAID inkkRAVE FOX RAID
[2023-01-06 13:44:02] <alf_eduardo_999> ⭐🦊⛩️ FOX RAID ⭐🦊⛩️ FOX RAID⭐🦊⛩️ FOX RAID ⭐🦊⛩️ FOX RAID
[2023-01-06 13:44:03] <%Prent___> Canuuuurr
[2023-01-06 13:44:05] <%+skracher34> ⭐🦊⛩️ FOX RAID ⭐🦊⛩️ FOX RAID⭐🦊⛩️ FOX RAID ⭐🦊⛩️ FOX RAID
[2023-01-06 13:44:11] <daha8901> ⭐🦊⛩️ FOX RAID ⭐🦊⛩️ FOX RAID⭐🦊⛩️ FOX RAID ⭐🦊⛩️ FOX RAID
[2023-01-06 13:44:16] <alf_eduardo_999> bye bye
[2023-01-06 13:44:21] <~%GammaInkk> NIGHT NIGHTTT
[2023-01-06 13:44:22] <~%GammaInkk> inkkRAVE  FOX RAID  inkkRAVE  FOX RAID  inkkRAVE  FOX RAID  inkkRAVE  FOX RAID  inkkRAVE  FOX RAID
[2023-01-06 13:44:23] <%$FlintErra> ⭐🦊⛩️ FOX RAID ⭐🦊⛩️ FOX RAID⭐🦊⛩️ FOX RAID ⭐🦊⛩️ FOX RAID
[2023-01-06 13:44:26] <+DevXC> candyv4Greenheart candyv4Love
[2023-01-06 13:44:26] <daha8901> bye bye
[2023-01-06 13:44:28] <%$FlintErra> NINI
[2023-01-06 13:44:31] <shuchrat> только зашёл
[2023-01-06 13:45:08] <@%^Nightbot> 🎁 Gamma's Wishlist 🎁 https://thrn.co/u/gammainkk
[2023-01-06 13:45:19] VIEWERS: 278
[2023-01-06 13:45:59] ~Stream offline~
[2023-01-06 13:49:48] [Info] This room is now in emote-only mode.
[2023-01-06 13:49:48] [Info] This room is now in subscribers-only mode.
[2023-01-06 14:09:25] Viewerstats (13:41-13:43): avg:295 min:278 max:313 [2/313−35_]
