# Log started: 2023-01-09 00:22:06 +0100
[2023-01-09 00:22:06] <itsbxnjy> !r6sens
[2023-01-09 00:22:06] <@%^Streamlabs> itsbxnjy - 800 DPI | 5 - 5 | ADS’s : 58 | 98 | 100 | 102 | 103 | 104 | Opacity 100% | Green | Multiplier; Default
[2023-01-09 02:39:46] <Winamese> !settings
[2023-01-09 02:39:46] <@%^Streamlabs> Winamese - Pick a game :) | !VSettings / !Asettings / !Ssettings ( Valorant / Apex / Siege )
[2023-01-09 02:39:50] <Winamese> !settings Siege
[2023-01-09 02:39:58] <Winamese> !ssettings siege
[2023-01-09 02:39:58] <@%^Streamlabs> Winamese - December 10th: bit.ly/3n8E3Ab -- ( Playing on Vulkan ) ( Graphic settings don't change, only !Ssens / !Res tend to )
[2023-01-09 02:40:07] <jhdr6> !mouse
[2023-01-09 02:40:07] <@%^Streamlabs> jhdr6 - Fnatic Bolt
[2023-01-09 06:06:27] <Benetoor> !charm
[2023-01-09 06:06:27] <@%^Streamlabs> Benetoor - Pengu's charm is still available ! To get it, Subscribe & link Twitch to your platform of choice ( drops-register.ubi.com ) NOTE: It can take up to 48 hours to receive your charm penguH
[2023-01-09 06:06:42] [Notification] Benetoor subscribed with Prime.
[2023-01-09 08:19:12] <+Roadrunner2613> !Sens
[2023-01-09 08:19:12] <@%^Streamlabs> Roadrunner2613 - Pick a game :) | !VSens / !Asens / !Ssens. ( Valorant / Apex / Siege )
[2023-01-09 08:19:29] <+Roadrunner2613> !Ssens
[2023-01-09 08:19:29] <@%^Streamlabs> Roadrunner2613 - 800 DPI | 5 - 5 | ADS’s : 58 | 98 | 100 | 102 | 103 | 104 | Opacity 100% | Green | Multiplier; Default
[2023-01-09 09:08:05] <c0vidman> !binds
[2023-01-09 09:08:05] <@%^Streamlabs> Pengu uses default keybinds. ( Q & E for Leaning, C for crouching, toggle on both ) ) (( Aim-Down-Sights is on HOLD ))
[2023-01-09 11:19:07] <streufff> !mouse
[2023-01-09 11:19:08] <@%^Streamlabs> streufff - Fnatic Bolt
[2023-01-09 12:25:50] <Greippuli> !res
[2023-01-09 12:25:50] <@%^Streamlabs> 1080p | 16:9 | 90 FOV
[2023-01-09 12:26:16] <Greippuli> !mouse
[2023-01-09 12:26:16] <@%^Streamlabs> Greippuli - Fnatic Bolt
[2023-01-09 12:29:03] <!%+DearlyDie> !dearly
[2023-01-09 12:29:03] <@%^Streamlabs> https://clips.twitch.tv/StupidStormyLatteSoBayed-KAl0HC9L-WTd5U_O
[2023-01-09 13:16:27] <JavaHeroo> !MOUSE
[2023-01-09 13:16:27] <@%^Streamlabs> JavaHeroo - Fnatic Bolt
[2023-01-09 13:16:35] <JavaHeroo> !gamingmouse
[2023-01-09 13:48:32] <lylelmao> !display
[2023-01-09 13:48:32] <@%^Streamlabs> 1080p | 16:9 | 90 FOV
[2023-01-09 13:49:41] [Notification] Hak3_Maasko subscribed at Tier 1.
[2023-01-09 14:47:39] <+arsh1ax> !charm
[2023-01-09 14:47:39] <@%^Streamlabs> arsh1ax - Pengu's charm is still available ! To get it, Subscribe & link Twitch to your platform of choice ( drops-register.ubi.com ) NOTE: It can take up to 48 hours to receive your charm penguH
[2023-01-09 15:46:17] [Notification] ykeevin subscribed with Prime.
[2023-01-09 15:57:50] [Notification] levinite_ subscribed at Tier 1.
[2023-01-09 16:29:33] <+SaikouR6> !sens
[2023-01-09 16:29:33] <@%^Streamlabs> SaikouR6 - Pick a game :) | !VSens / !Asens / !Ssens. ( Valorant / Apex / Siege )
[2023-01-09 16:29:36] <+SaikouR6> !vsens
[2023-01-09 16:29:36] <@%^Streamlabs> SaikouR6 - 800 DPI | 0.27 ADS
[2023-01-09 16:29:44] <+SaikouR6> !ssens
[2023-01-09 16:29:45] <@%^Streamlabs> SaikouR6 - 800 DPI | 5 - 5 | ADS’s : 58 | 98 | 100 | 102 | 103 | 104 | Opacity 100% | Green | Multiplier; Default
[2023-01-09 16:31:51] <+SaikouR6> !res
[2023-01-09 16:31:51] <@%^Streamlabs> 1080p | 16:9 | 90 FOV
[2023-01-09 16:31:57] <+SaikouR6> !43
[2023-01-09 16:31:59] <+SaikouR6> !4"3
[2023-01-09 16:32:01] <+SaikouR6> !4:3
[2023-01-09 17:40:48] <Gr33dyWasTaken> !settings
[2023-01-09 17:40:48] <@%^Streamlabs> Gr33dyWasTaken - Pick a game :) | !VSettings / !Asettings / !Ssettings ( Valorant / Apex / Siege )
[2023-01-09 17:40:57] <Gr33dyWasTaken> !Ssettings
[2023-01-09 17:40:57] <@%^Streamlabs> Gr33dyWasTaken - December 10th: bit.ly/3n8E3Ab -- ( Playing on Vulkan ) ( Graphic settings don't change, only !Ssens / !Res tend to )
[2023-01-09 18:23:43] [Notification] klemiss_ua subscribed at Tier 1.
[2023-01-09 18:49:38] <+Xeplez_> !charm
[2023-01-09 18:49:39] <@%^Streamlabs> Xeplez_ - Pengu's charm is still available ! To get it, Subscribe & link Twitch to your platform of choice ( drops-register.ubi.com ) NOTE: It can take up to 48 hours to receive your charm penguH
[2023-01-09 20:39:04] <+daleonardoo> !sens
[2023-01-09 20:39:04] <@%^Streamlabs> daleonardoo - Pick a game :) | !VSens / !Asens / !Ssens. ( Valorant / Apex / Siege )
[2023-01-09 20:39:19] <+daleonardoo> !Ssens
[2023-01-09 20:39:19] <@%^Streamlabs> daleonardoo - 800 DPI | 5 - 5 | ADS’s : 58 | 98 | 100 | 102 | 103 | 104 | Opacity 100% | Green | Multiplier; Default
[2023-01-09 21:34:06] <+ReceBrrrr> !charm
[2023-01-09 21:34:06] <@%^Streamlabs> ReceBrrrr - Pengu's charm is still available ! To get it, Subscribe & link Twitch to your platform of choice ( drops-register.ubi.com ) NOTE: It can take up to 48 hours to receive your charm penguH
[2023-01-09 21:35:09] [Notification] ze_penguln subscribed with Prime.
[2023-01-09 22:06:24] <+Valgor23> !settings
[2023-01-09 22:06:25] <@%^Streamlabs> Valgor23 - Pick a game :) | !VSettings / !Asettings / !Ssettings ( Valorant / Apex / Siege )
[2023-01-09 22:06:34] <+Valgor23> !ssettings
[2023-01-09 22:06:34] <@%^Streamlabs> Valgor23 - December 10th: bit.ly/3n8E3Ab -- ( Playing on Vulkan ) ( Graphic settings don't change, only !Ssens / !Res tend to )
[2023-01-09 22:10:33] [Notification] Byssumaour subscribed at Tier 1.
[2023-01-09 22:12:08] [Notification] Byssumaour gifted a Tier 1 sub to Nacht989! This is their first Gift Sub in the channel!
[2023-01-09 22:14:40] <%Nacht989> !followage
[2023-01-09 22:14:40] <@%^Streamlabs> Nacht989 has been following pengu for 2 years 7 months.
[2023-01-09 22:14:49] <%Byssumaour> !followage
[2023-01-09 22:15:22] <%Byssumaour> !followage
[2023-01-09 22:15:22] <@%^Streamlabs> Byssumaour has been following pengu for 4 years 10 months.
[2023-01-09 22:59:29] <+daleonardoo> !sens
[2023-01-09 22:59:29] <@%^Streamlabs> daleonardoo - Pick a game :) | !VSens / !Asens / !Ssens. ( Valorant / Apex / Siege )
[2023-01-09 22:59:34] <+daleonardoo> !ssens
[2023-01-09 22:59:34] <@%^Streamlabs> daleonardoo - 800 DPI | 5 - 5 | ADS’s : 58 | 98 | 100 | 102 | 103 | 104 | Opacity 100% | Green | Multiplier; Default
